Computing Integrals
Basis Set                                            = def2-qzvp
Auxiliary Basis Set                                  = def2-universal-jkfit
Gaussian Type                                        = Spherical
Elapsed time:    4.55 Seconds

Number of basis functions                   (NBF)    = 318
Number of auxiliary basis functions         (NBFAUX) = 362
Inactive Doubly occupied orbitals up to     (NO1)    = 0
No. considered Strongly Doubly occupied MOs (NDOC)   = 16
No. considered Strongly Singly occupied MOs (NSOC)   = 0
NO. of Weakly occ. per St. Doubly occ.  MOs (NCWO)   = 1
Dimension of the Nat. Orb. subspace         (NBF5)   = 32
No. of electrons                                     = 32
    No. of alpha electrons                           = 16
    No. of beta electrons                            = 16
Multiplicity                                         = 1

Geometry
========
 N       0.3636181       1.9287268      -1.7850500
 N       0.8221764       2.4066504      -2.7896666
 N      -0.0945684       1.4516948      -0.7768230
 N      -1.1064134      -0.0990907       1.6387093
 H      -0.6233827      -0.9878050       1.5736419
 H      -0.6305271       0.4109773       2.3741657
 H      -0.8678242       0.4021602       0.7758618

No violations of the orthonormality
No violations of the orthonormality
 
PNOF8/ADABelief Calculation
==================
 
  Nitext  Nit_orb  Time   Nit_occ  Time         Eelec          Etot           Ediff      maxdiff    MaxGrad_orb  Grad_occ
     1      10    1.1e+01    8    1.2e+01  -314.15756884  -220.12407348 -10313.15756884   0.020241   8.1e-02   2.9e-04 0.06
     2      20    3.1e+00   12    2.6e-02  -314.22495427  -220.19145891    -0.06738543   0.360008   1.4e+00   2.0e-04 0.06
     3      20    3.7e+00   10    2.8e-02  -314.25239458  -220.21889922    -0.02744031   0.021100   8.4e-02   1.6e-04 0.06
     4      20    3.0e+00    0    2.9e-02  -314.25520693  -220.22171157    -0.00281235   0.021100   8.4e-02   1.6e-04 0.06
     5      40    7.3e+00    8    2.3e-02  -314.26591976  -220.23242440    -0.01071283   0.002710   1.1e-02   9.6e-05 0.06
     6      40    6.7e+00    7    4.2e-02  -314.27030212  -220.23680676    -0.00438236   0.040859   1.6e-01   2.0e-04 0.06
     7      40    6.3e+00    5    2.6e-02  -314.27346932  -220.23997396    -0.00316720   0.007507   3.0e-02   2.0e-04 0.06
     8      40    6.2e+00    5    2.3e-02  -314.27553034  -220.24203497    -0.00206101   0.006760   2.7e-02   1.9e-04 0.06
     9      40    7.7e+00    4    4.0e-02  -314.27707716  -220.24358180    -0.00154682   0.006647   2.7e-02   2.1e-04 0.06
    10      40    8.1e+00    4    2.5e-02  -314.27812212  -220.24462676    -0.00104496   0.007314   2.9e-02   2.0e-04 0.06
    11      40    6.1e+00    5    2.1e-02  -314.27886224  -220.24536688    -0.00074012   0.004876   2.0e-02   9.9e-05 0.06
    12      40    6.2e+00    3    2.3e-02  -314.27932008  -220.24582472    -0.00045784   0.005039   2.0e-02   2.6e-04 0.06
    13      40    6.8e+00    3    2.3e-02  -314.27965774  -220.24616237    -0.00033766   0.004841   1.9e-02   1.9e-04 0.06
    14      40    7.4e+00    1    2.7e-02  -314.27989600  -220.24640064    -0.00023826   0.004945   2.0e-02   2.2e-04 0.06
    15      40    6.0e+00    2    2.5e-02  -314.28006364  -220.24656828    -0.00016765   0.004910   2.0e-02   2.5e-04 0.06
    16      40    7.3e+00    2    2.2e-02  -314.28026908  -220.24677372    -0.00020543   0.004988   2.0e-02   2.2e-04 0.06
    17      40    7.4e+00    3    2.3e-02  -314.28043569  -220.24694032    -0.00016661   0.005218   2.1e-02   1.2e-04 0.06
    18      40    1.0e+01    3    2.4e-02  -314.28068911  -220.24719375    -0.00025343   0.005221   2.1e-02   1.1e-04 0.06
    19      40    6.9e+00    3    2.6e-02  -314.28107357  -220.24757821    -0.00038446   0.004668   1.9e-02   9.7e-05 0.06
    20      40    6.4e+00    3    2.4e-02  -314.28151079  -220.24801543    -0.00043722   0.005699   2.3e-02   9.1e-05 0.06
    21      40    6.6e+00    3    3.8e-02  -314.28187239  -220.24837703    -0.00036160   0.005312   2.1e-02   8.9e-05 0.06
    22      40    6.1e+00    2    3.4e-02  -314.28225705  -220.24876169    -0.00038466   0.006311   2.5e-02   1.7e-04 0.06
    23      40    6.5e+00    2    2.1e-02  -314.28256081  -220.24906545    -0.00030376   0.005995   2.4e-02   1.9e-04 0.06
    24      40    6.8e+00    2    2.1e-02  -314.28281693  -220.24932156    -0.00025612   0.006259   2.5e-02   2.3e-04 0.06
    25      40    6.4e+00    3    2.5e-02  -314.28295889  -220.24946353    -0.00014196   0.006411   2.6e-02   8.1e-05 0.06
    26      40    5.6e+00    0    3.6e-02  -314.28306621  -220.24957085    -0.00010732   0.006124   2.4e-02   3.0e-04 0.06
    27      50    8.4e+00    2    4.8e-02  -314.28333247  -220.24983710    -0.00026626   0.004224   1.7e-02   1.8e-04 0.06
    28      50    8.6e+00    0    3.0e-02  -314.28333378  -220.24983842    -0.00000131   0.004224   1.7e-02   1.8e-04 0.06
    29      70    1.0e+01    0    3.3e-02  -314.28359608  -220.25010071    -0.00026230   0.000500   2.0e-03   2.6e-04 0.06
 
RESULTS OF THE OCCUPATION OPTIMIZATION
========================================
   1    1.9996886  -15.46036733
   2    1.9996935  -15.39725583
   3    1.9997364  -15.36742170
   4    1.9997299  -15.35987847
   5    1.9922190  -1.20183476
   6    1.9909385  -0.98041434
   7    1.9871933  -0.93211322
   8    1.9842517  -0.45785049
   9    1.9671363  -0.45674482
  10    1.9670336  -0.45664357
  11    1.9684254  -0.44091764
  12    1.9829323  -0.43109876
  13    1.9763075  -0.42581031
  14    1.9655208  -0.41704629
  15    1.9453889  -0.14091446
  16    1.9441802  -0.13846582
  17    0.0558198  -0.05407171
  18    0.0546111  -0.05441634
  19    0.0344792  -0.04546583
  20    0.0236925  -0.02917116
  21    0.0170677  -0.01974871
  22    0.0315746  -0.02978448
  23    0.0329664  -0.02975209
  24    0.0328637  -0.02972704
  25    0.0157483  -0.01909980
  26    0.0128067  -0.01790479
  27    0.0090615  -0.01324874
  28    0.0077810  -0.01326210
  29    0.0002701  -0.00677684
  30    0.0002636  -0.00670543
  31    0.0003065  -0.00745310
  32    0.0003114  -0.00746485
 
----------------
 Final Energies 
----------------
Final NOF Total Energy =    -220.2501007
 
Total Orbital Internal Iterations = 1120
Total Occupation Internal Iterations = 105
 
Elapsed time:  225.65 Seconds

---------------------------------
   Lowdin Population Analysis    
---------------------------------
 Idx  Atom   Population   Charge 
---------------------------------
  1     N     7.235      -0.235
  2     N     7.338      -0.338
  3     N     7.310      -0.310
  4     N     6.453       0.547
  5     H     1.213      -0.213
  6     H     1.212      -0.212
  7     H     1.238      -0.238

---------------------------------
   M Diagnostic: 0.06
---------------------------------

