Computing Integrals
Basis Set                                            = def2-qzvp
Auxiliary Basis Set                                  = def2-universal-jkfit
Gaussian Type                                        = Spherical
Elapsed time:   15.82 Seconds

Number of basis functions                   (NBF)    = 560
Number of auxiliary basis functions         (NBFAUX) = 1024
Inactive Doubly occupied orbitals up to     (NO1)    = 0
No. considered Strongly Doubly occupied MOs (NDOC)   = 64
No. considered Strongly Singly occupied MOs (NSOC)   = 0
NO. of Weakly occ. per St. Doubly occ.  MOs (NCWO)   = 1
Dimension of the Nat. Orb. subspace         (NBF5)   = 128
No. of electrons                                     = 128
    No. of alpha electrons                           = 64
    No. of beta electrons                            = 64
Multiplicity                                         = 1

Geometry
========
Al       0.0000000       0.0000000      -1.5954390
Al       0.0000000       0.0000000       1.5954390
Cl       0.0000000       1.6230790       0.0000000
Cl       0.0000000      -1.6230790       0.0000000
Cl       1.8212280       0.0000000      -2.6042940
Cl      -1.8212280       0.0000000      -2.6042940
Cl      -1.8212280       0.0000000       2.6042940
Cl       1.8212280       0.0000000       2.6042940

No violations of the orthonormality
No violations of the orthonormality
 
PNOF8/ADABelief Calculation
==================
 
  Nitext  Nit_orb  Time   Nit_occ  Time         Eelec          Etot           Ediff      maxdiff    MaxGrad_orb  Grad_occ
     1      10    2.7e+01   10    1.3e+01 -4384.51696230 -3243.28771295 -14383.51696230   0.026677   1.1e-01   2.0e-04 0.03
     2      20    3.7e+01    0    9.4e-01 -4384.60353733 -3243.37428798    -0.08657502   0.026677   1.1e-01   2.0e-04 0.03
     3      40    7.0e+01   32    1.3e+00 -4384.80542522 -3243.57617587    -0.20188789   0.487252   1.9e+00   1.6e-04 0.03
     4      40    6.9e+01   12    1.2e+00 -4384.94190471 -3243.71265536    -0.13647949   0.035620   1.4e-01   1.8e-04 0.03
     5      40    6.8e+01   10    1.2e+00 -4384.97285146 -3243.74360211    -0.03094675   0.023583   9.4e-02   2.1e-04 0.03
     6      40    6.8e+01    7    1.1e+00 -4384.99791394 -3243.76866459    -0.02506248   0.020682   8.3e-02   3.2e-04 0.03
     7      40    7.1e+01    7    1.1e+00 -4385.00934167 -3243.78009232    -0.01142773   0.021116   8.4e-02   1.7e-04 0.03
     8      40    6.8e+01    6    1.0e+00 -4385.01942170 -3243.79017235    -0.01008003   0.023228   9.3e-02   2.6e-04 0.03
     9      40    7.2e+01    6    1.1e+00 -4385.02511748 -3243.79586813    -0.00569578   0.020438   8.2e-02   1.9e-04 0.03
    10      40    7.0e+01    6    1.1e+00 -4385.03068779 -3243.80143844    -0.00557031   0.025475   1.0e-01   1.5e-04 0.03
    11      40    6.7e+01    5    1.0e+00 -4385.03375447 -3243.80450512    -0.00306668   0.111719   4.5e-01   2.4e-04 0.03
    12      40    6.9e+01    5    1.0e+00 -4385.03679729 -3243.80754794    -0.00304282   0.026349   1.1e-01   2.0e-04 0.03
    13      40    7.0e+01    5    1.1e+00 -4385.03944609 -3243.81019674    -0.00264880   0.029043   1.2e-01   1.4e-04 0.03
    14      40    7.0e+01    3    1.0e+00 -4385.04114507 -3243.81189572    -0.00169898   0.027682   1.1e-01   2.4e-04 0.03
    15      40    7.0e+01    3    1.0e+00 -4385.04337811 -3243.81412876    -0.00223303   0.027122   1.1e-01   2.0e-04 0.03
    16      40    7.1e+01    3    1.0e+00 -4385.04524122 -3243.81599187    -0.00186312   0.025843   1.0e-01   2.2e-04 0.03
    17      40    6.8e+01    3    1.1e+00 -4385.04616888 -3243.81691953    -0.00092765   0.025863   1.0e-01   1.6e-04 0.03
    18      40    7.1e+01    3    1.0e+00 -4385.04727909 -3243.81802974    -0.00111021   0.025024   1.0e-01   1.6e-04 0.03
    19      40    7.1e+01    3    1.0e+00 -4385.04794514 -3243.81869579    -0.00066606   0.024191   9.7e-02   1.4e-04 0.03
    20      40    7.0e+01    3    1.0e+00 -4385.04888448 -3243.81963513    -0.00093933   0.024500   9.8e-02   1.5e-04 0.03
    21      40    7.0e+01    2    1.0e+00 -4385.05001953 -3243.82077018    -0.00113505   0.024237   9.7e-02   3.5e-04 0.03
    22      40    7.1e+01    2    1.0e+00 -4385.05039358 -3243.82114424    -0.00037406   0.024535   9.8e-02   3.4e-04 0.03
    23      40    7.0e+01    2    1.0e+00 -4385.05181148 -3243.82256213    -0.00141790   0.024410   9.8e-02   3.5e-04 0.03
    24      40    7.0e+01    2    1.0e+00 -4385.05244823 -3243.82319888    -0.00063675   0.025108   1.0e-01   3.4e-04 0.03
    25      40    7.2e+01    3    1.0e+00 -4385.05398268 -3243.82473333    -0.00153444   0.024823   9.9e-02   2.3e-04 0.03
    26      40    6.9e+01    0    9.7e-01 -4385.05401021 -3243.82476087    -0.00002754   0.024823   9.9e-02   2.3e-04 0.03
    27      60    1.0e+02    2    1.0e+00 -4385.07373503 -3243.84448569    -0.01972482   0.004253   1.7e-02   3.1e-04 0.03
    28      60    1.0e+02    2    1.0e+00 -4385.07384493 -3243.84459558    -0.00010990   0.003306   1.3e-02   3.3e-04 0.03
    29      60    1.0e+02    2    1.1e+00 -4385.07436462 -3243.84511527    -0.00051969   0.004198   1.7e-02   3.5e-04 0.03
    30      60    1.0e+02    3    1.0e+00 -4385.07469532 -3243.84544597    -0.00033070   0.003918   1.6e-02   2.0e-04 0.03
    31      60    1.1e+02    3    1.0e+00 -4385.07504377 -3243.84579442    -0.00034845   0.004356   1.7e-02   1.9e-04 0.03
    32      60    1.0e+02    2    1.0e+00 -4385.07531181 -3243.84606246    -0.00026804   0.004364   1.7e-02   2.2e-04 0.03
    33      60    1.0e+02    3    1.0e+00 -4385.07560012 -3243.84635078    -0.00028832   0.004136   1.7e-02   1.7e-04 0.03
    34      60    1.0e+02    1    9.9e-01 -4385.07584417 -3243.84659482    -0.00024404   0.004381   1.8e-02   2.7e-04 0.03
    35      60    1.1e+02    1    9.7e-01 -4385.07605860 -3243.84680925    -0.00021443   0.004060   1.6e-02   2.8e-04 0.03
    36      60    1.1e+02    1    9.6e-01 -4385.07625549 -3243.84700614    -0.00019689   0.004864   1.9e-02   3.0e-04 0.03
    37      60    1.0e+02    1    9.8e-01 -4385.07642160 -3243.84717225    -0.00016611   0.004608   1.8e-02   2.9e-04 0.03
    38      60    1.0e+02    1    9.7e-01 -4385.07657410 -3243.84732475    -0.00015250   0.004804   1.9e-02   2.9e-04 0.03
    39      60    1.0e+02    1    9.9e-01 -4385.07671674 -3243.84746739    -0.00014264   0.004751   1.9e-02   2.9e-04 0.03
    40      60    1.1e+02    1    1.0e+00 -4385.07684169 -3243.84759234    -0.00012495   0.004432   1.8e-02   2.7e-04 0.03
 
RESULTS OF THE OCCUPATION OPTIMIZATION
========================================
   1    1.9999693  -104.93490303
   2    1.9999704  -104.92799528
   3    1.9999672  -104.89406498
   4    1.9999693  -104.89387129
   5    1.9999704  -104.89055666
   6    1.9999689  -104.89050175
   7    1.9999444  -58.61232591
   8    1.9999436  -58.61171576
   9    1.9993259  -10.62838285
  10    1.9992695  -10.62358441
  11    1.9992829  -10.57109112
  12    1.9993009  -10.56912547
  13    1.9993037  -10.56785749
  14    1.9992997  -10.56639644
  15    1.9989864  -8.09689547
  16    1.9990887  -8.09439070
  17    1.9989925  -8.08848809
  18    1.9990192  -8.08826096
  19    1.9990227  -8.04531535
  20    1.9990039  -8.04426230
  21    1.9990143  -8.04280820
  22    1.9989998  -8.04180084
  23    1.9989994  -8.04104850
  24    1.9990167  -8.04099644
  25    1.9989482  -8.04043894
  26    1.9990158  -8.04007733
  27    1.9984313  -8.00707925
  28    1.9983182  -8.00218627
  29    1.9983186  -7.98046669
  30    1.9982523  -7.83558703
  31    1.9983738  -7.70391324
  32    1.9980463  -7.43402636
  33    1.9979169  -6.09017445
  34    1.9975454  -5.25596188
  35    1.9960645  -3.29820204
  36    1.9960350  -3.29690217
  37    1.9960473  -3.29675575
  38    1.9958440  -3.29668792
  39    1.9958311  -3.29601917
  40    1.9960321  -3.29393596
  41    1.9868466  -1.16435762
  42    1.9874976  -1.16274669
  43    1.9885676  -1.10830901
  44    1.9873849  -1.10607349
  45    1.9867021  -1.10449808
  46    1.9884525  -1.10449752
  47    1.9687523  -0.58306521
  48    1.9741414  -0.57893461
  49    1.9676016  -0.57250468
  50    1.9736112  -0.56744427
  51    1.9671019  -0.55713414
  52    1.9725419  -0.55489907
  53    1.9699205  -0.54468081
  54    1.9703171  -0.53844805
  55    1.9702865  -0.53830113
  56    1.9703667  -0.53430547
  57    1.9702348  -0.53061540
  58    1.9687251  -0.52887303
  59    1.9722071  -0.52747541
  60    1.9712672  -0.52707790
  61    1.9702254  -0.52040693
  62    1.9715382  -0.51445994
  63    1.9718123  -0.50848203
  64    1.9748256  -0.49766185
  65    0.0251744  -0.02654840
  66    0.0281877  -0.03074443
  67    0.0284618  -0.03163505
  68    0.0297746  -0.03434217
  69    0.0287328  -0.03294351
  70    0.0277929  -0.03186010
  71    0.0312749  -0.03891894
  72    0.0297652  -0.03483604
  73    0.0296333  -0.03499762
  74    0.0297135  -0.03547078
  75    0.0296829  -0.03525760
  76    0.0300795  -0.03674346
  77    0.0274581  -0.02910653
  78    0.0328981  -0.04290837
  79    0.0263888  -0.02956801
  80    0.0323984  -0.03937516
  81    0.0258586  -0.02925364
  82    0.0312477  -0.03841629
  83    0.0115475  -0.02781011
  84    0.0132979  -0.02533439
  85    0.0126151  -0.02627198
  86    0.0114324  -0.02792065
  87    0.0125024  -0.02709727
  88    0.0131534  -0.02785105
  89    0.0039679  -0.02097269
  90    0.0041689  -0.02118841
  91    0.0041560  -0.02118598
  92    0.0039527  -0.02906309
  93    0.0039650  -0.02100962
  94    0.0039355  -0.02916547
  95    0.0024546  -0.01851471
  96    0.0020831  -0.01881946
  97    0.0019537  -0.02811638
  98    0.0016262  -0.02134166
  99    0.0017477  -0.02584222
 100    0.0016814  -0.02529234
 101    0.0016818  -0.02552413
 102    0.0015687  -0.02293511
 103    0.0009842  -0.01796737
 104    0.0010518  -0.01865733
 105    0.0009833  -0.01789670
 106    0.0010006  -0.01809737
 107    0.0010002  -0.01812626
 108    0.0009857  -0.01789977
 109    0.0009961  -0.01795073
 110    0.0009773  -0.01780529
 111    0.0009808  -0.01794723
 112    0.0010075  -0.01825081
 113    0.0009113  -0.01722360
 114    0.0010136  -0.01826366
 115    0.0007003  -0.01565490
 116    0.0006963  -0.01564552
 117    0.0006991  -0.01562593
 118    0.0007171  -0.01581085
 119    0.0007305  -0.01620661
 120    0.0006741  -0.01559759
 121    0.0000564  -0.00608255
 122    0.0000556  -0.00587847
 123    0.0000311  -0.00570211
 124    0.0000296  -0.00560662
 125    0.0000307  -0.00569707
 126    0.0000328  -0.00599094
 127    0.0000296  -0.00554499
 128    0.0000307  -0.00565602
 
----------------
 Final Energies 
----------------
Final NOF Total Energy =   -3243.8475923
 
Total Orbital Internal Iterations = 1830
Total Occupation Internal Iterations = 167
 
Elapsed time: 3429.20 Seconds

---------------------------------
   Lowdin Population Analysis    
---------------------------------
 Idx  Atom   Population   Charge 
---------------------------------
  1    Al    15.109      -2.109
  2    Al    15.102      -2.102
  3    Cl    16.073       0.927
  4    Cl    16.058       0.942
  5    Cl    16.412       0.588
  6    Cl    16.414       0.586
  7    Cl    16.422       0.578
  8    Cl    16.411       0.589

---------------------------------
   M Diagnostic: 0.03
---------------------------------

