Computing Integrals
Basis Set                                            = def2-qzvp
Auxiliary Basis Set                                  = def2-universal-jkfit
Gaussian Type                                        = Spherical
Elapsed time:    3.14 Seconds

Number of basis functions                   (NBF)    = 217
Number of auxiliary basis functions         (NBFAUX) = 257
Inactive Doubly occupied orbitals up to     (NO1)    = 0
No. considered Strongly Doubly occupied MOs (NDOC)   = 13
No. considered Strongly Singly occupied MOs (NSOC)   = 0
NO. of Weakly occ. per St. Doubly occ.  MOs (NCWO)   = 1
Dimension of the Nat. Orb. subspace         (NBF5)   = 26
No. of electrons                                     = 26
    No. of alpha electrons                           = 13
    No. of beta electrons                            = 13
Multiplicity                                         = 1

Geometry
========
 C       0.0000000       0.0000000      -0.1499170
Cl       0.0000000       0.0000000       1.6328018
 H      -0.5139978      -0.8902703      -0.4942949
 H      -0.5139978       0.8902703      -0.4942949
 H       1.0279956       0.0000000      -0.4942949

No violations of the orthonormality
No violations of the orthonormality
 
PNOF8/ADABelief Calculation
==================
 
  Nitext  Nit_orb  Time   Nit_occ  Time         Eelec          Etot           Ediff      maxdiff    MaxGrad_orb  Grad_occ
     1      10    1.1e+01    7    1.2e+01  -550.92273850  -499.54435234 -10549.92273850   0.027483   1.1e-01   2.3e-04 0.04
     2      20    2.1e+00    0    3.1e-02  -550.94194819  -499.56356203    -0.01920969   0.027483   1.1e-01   2.3e-04 0.04
     3      40    3.3e+00   20    1.4e-02  -550.96745497  -499.58906881    -0.02550678   0.041062   1.6e-01   2.3e-04 0.04
     4      40    3.8e+00    9    2.2e-02  -550.98359317  -499.60520701    -0.01613820   0.004494   1.8e-02   1.2e-04 0.04
     5      40    4.4e+00    8    4.3e-02  -550.99304763  -499.61466147    -0.00945446   0.005729   2.3e-02   1.6e-04 0.04
     6      40    4.0e+00    7    6.8e-02  -550.99927522  -499.62088906    -0.00622759   0.008641   3.5e-02   2.4e-04 0.04
     7      40    5.0e+00    7    1.1e-02  -551.00334808  -499.62496192    -0.00407286   0.012392   5.0e-02   1.2e-04 0.04
     8      40    4.1e+00    6    5.2e-02  -551.00618126  -499.62779510    -0.00283318   0.012498   5.0e-02   2.0e-04 0.04
     9      40    4.2e+00    5    5.0e-02  -551.00824050  -499.62985434    -0.00205924   0.012907   5.2e-02   2.3e-04 0.04
    10      40    4.0e+00    5    3.8e-02  -551.00967670  -499.63129055    -0.00143620   0.010204   4.1e-02   1.4e-04 0.04
    11      40    4.1e+00    5    3.0e-02  -551.01063800  -499.63225184    -0.00096130   0.011075   4.4e-02   8.0e-05 0.04
    12      40    5.2e+00    5    5.7e-02  -551.01127785  -499.63289169    -0.00063985   0.010485   4.2e-02   4.5e-05 0.04
    13      40    4.6e+00    4    1.5e-02  -551.01166946  -499.63328330    -0.00039161   0.011197   4.5e-02   1.6e-04 0.04
    14      40    4.6e+00    2    2.8e-02  -551.01194841  -499.63356226    -0.00027896   0.012226   4.9e-02   1.8e-04 0.04
    15      40    4.4e+00    2    2.5e-02  -551.01216545  -499.63377930    -0.00021704   0.010818   4.3e-02   1.4e-04 0.04
    16      40    3.9e+00    2    3.2e-02  -551.01235191  -499.63396575    -0.00018645   0.011447   4.6e-02   1.2e-04 0.04
    17      40    4.8e+00    3    8.7e-03  -551.01252276  -499.63413660    -0.00017085   0.010486   4.2e-02   6.9e-05 0.04
    18      40    3.6e+00    2    3.0e-02  -551.01265627  -499.63427011    -0.00013351   0.011069   4.4e-02   7.2e-05 0.04
    19      40    3.6e+00    2    4.2e-02  -551.01278035  -499.63439420    -0.00012408   0.010417   4.2e-02   1.0e-04 0.04
    20      40    4.8e+00    2    4.2e-02  -551.01289027  -499.63450411    -0.00010992   0.010935   4.4e-02   9.3e-05 0.04
    21      40    4.7e+00    2    5.0e-02  -551.01298174  -499.63459558    -0.00009147   0.010568   4.2e-02   7.2e-05 0.04
    22      40    5.2e+00    1    2.4e-02  -551.01305959  -499.63467343    -0.00007785   0.010692   4.3e-02   1.2e-04 0.04
    23      40    5.1e+00    1    2.1e-02  -551.01313822  -499.63475206    -0.00007863   0.010404   4.2e-02   1.3e-04 0.04
    24      40    4.0e+00    1    3.0e-02  -551.01319699  -499.63481084    -0.00005878   0.010566   4.2e-02   9.6e-05 0.04
    25      40    5.2e+00    0    3.4e-02  -551.01325112  -499.63486497    -0.00005413   0.010515   4.2e-02   2.0e-04 0.04
    26      50    4.6e+00    2    3.6e-02  -551.01355846  -499.63517231    -0.00030734   0.008427   3.4e-02   5.1e-05 0.04
    27      50    5.4e+00    0    5.4e-03  -551.01355941  -499.63517326    -0.00000095   0.008427   3.4e-02   5.1e-05 0.04
    28      70    6.2e+00    0    3.6e-02  -551.01408222  -499.63569606    -0.00052281   0.000699   2.8e-03   1.8e-04 0.04
 
RESULTS OF THE OCCUPATION OPTIMIZATION
========================================
   1    1.9999639  -104.86986980
   2    1.9993302  -10.68894918
   3    1.9991039  -9.09353485
   4    1.9990842  -9.04564765
   5    1.9988330  -8.62775083
   6    1.9987223  -8.45755491
   7    1.9910724  -1.12802887
   8    1.9820974  -0.91317112
   9    1.9736738  -0.62211967
  10    1.9710118  -0.57086671
  11    1.9588556  -0.56635878
  12    1.9765679  -0.51375052
  13    1.9749256  -0.45648025
  14    0.0250744  -0.02519920
  15    0.0234321  -0.02472218
  16    0.0411444  -0.05129683
  17    0.0289882  -0.02781200
  18    0.0263262  -0.02736570
  19    0.0179026  -0.02510637
  20    0.0089276  -0.02999140
  21    0.0012777  -0.01767010
  22    0.0011670  -0.01635111
  23    0.0009158  -0.01618212
  24    0.0008961  -0.01663244
  25    0.0006698  -0.01520829
  26    0.0000361  -0.00651606
 
----------------
 Final Energies 
----------------
Final NOF Total Energy =    -499.6356961
 
Total Orbital Internal Iterations = 1120
Total Occupation Internal Iterations = 110
 
Elapsed time:  155.11 Seconds

---------------------------------
   Lowdin Population Analysis    
---------------------------------
 Idx  Atom   Population   Charge 
---------------------------------
  1     C     6.084      -0.084
  2    Cl    16.633       0.367
  3     H     1.097      -0.097
  4     H     1.091      -0.091
  5     H     1.096      -0.096

---------------------------------
   M Diagnostic: 0.04
---------------------------------

