Computing Integrals
Basis Set                                            = def2-qzvp
Auxiliary Basis Set                                  = def2-universal-jkfit
Gaussian Type                                        = Spherical
Elapsed time:    3.13 Seconds

Number of basis functions                   (NBF)    = 171
Number of auxiliary basis functions         (NBFAUX) = 231
Inactive Doubly occupied orbitals up to     (NO1)    = 0
No. considered Strongly Doubly occupied MOs (NDOC)   = 11
No. considered Strongly Singly occupied MOs (NSOC)   = 0
NO. of Weakly occ. per St. Doubly occ.  MOs (NCWO)   = 1
Dimension of the Nat. Orb. subspace         (NBF5)   = 22
No. of electrons                                     = 22
    No. of alpha electrons                           = 11
    No. of beta electrons                            = 11
Multiplicity                                         = 1

Geometry
========
 N       0.0000000       0.0000000      -1.1427267
 N       0.0000000       0.0000000      -0.0221616
 O       0.0000000       0.0000000       1.1648883

No violations of the orthonormality
No violations of the orthonormality
 
PNOF8/ADABelief Calculation
==================
 
  Nitext  Nit_orb  Time   Nit_occ  Time         Eelec          Etot           Ediff      maxdiff    MaxGrad_orb  Grad_occ
     1      10    1.0e+01    7    1.2e+01  -245.18070894  -184.23486276 -10244.18070894   0.018122   7.2e-02   1.4e-04 0.05
     2      20    1.8e+00    0    3.3e-02  -245.19072861  -184.24488244    -0.01001968   0.018122   7.2e-02   1.4e-04 0.05
     3      40    3.1e+00   11    1.2e-02  -245.19902853  -184.25318235    -0.00829992   0.087574   3.5e-01   1.1e-04 0.05
     4      40    3.9e+00   10    2.9e-02  -245.20630062  -184.26045445    -0.00727210   0.002480   9.9e-03   4.9e-05 0.05
     5      40    3.9e+00    8    4.3e-03  -245.21221197  -184.26636579    -0.00591134   0.004760   1.9e-02   1.3e-04 0.05
     6      40    2.5e+00    6    2.8e-02  -245.21715898  -184.27131281    -0.00494702   0.004489   1.8e-02   2.3e-04 0.05
     7      40    4.6e+00    4    8.4e-03  -245.22061924  -184.27477307    -0.00346026   0.004395   1.8e-02   2.6e-04 0.05
     8      40    3.1e+00    5    3.2e-02  -245.22303360  -184.27718743    -0.00241436   0.005205   2.1e-02   1.4e-04 0.05
     9      40    3.4e+00    4    2.7e-02  -245.22452118  -184.27867500    -0.00148758   0.003966   1.6e-02   2.4e-04 0.05
    10      40    3.2e+00    5    4.7e-02  -245.22528699  -184.27944082    -0.00076581   0.006797   2.7e-02   5.7e-05 0.05
    11      40    3.6e+00    4    1.3e-02  -245.22575882  -184.27991264    -0.00047182   0.005014   2.0e-02   1.4e-04 0.05
    12      40    4.6e+00    4    4.5e-03  -245.22599913  -184.28015295    -0.00024031   0.004038   1.6e-02   1.1e-04 0.05
    13      40    4.7e+00    2    2.6e-02  -245.22607525  -184.28022907    -0.00007612   0.004838   1.9e-02   1.5e-04 0.05
    14      40    2.7e+00    2    2.2e-02  -245.22615413  -184.28030795    -0.00007888   0.004115   1.6e-02   1.3e-04 0.05
    15      40    3.1e+00    0    5.3e-02  -245.22616001  -184.28031383    -0.00000588   0.004115   1.6e-02   1.3e-04 0.05
    16      60    4.9e+00    2    3.0e-02  -245.22644463  -184.28059845    -0.00028462   0.000737   2.9e-03   1.2e-04 0.05
 
RESULTS OF THE OCCUPATION OPTIMIZATION
========================================
   1    1.9998227  -20.39620753
   2    1.9996931  -15.89889235
   3    1.9996167  -15.85398623
   4    1.9909553  -1.45700654
   5    1.9900072  -1.20295241
   6    1.9804705  -1.19069344
   7    1.9846017  -0.75369769
   8    1.9864496  -0.75332843
   9    1.9639313  -0.74198025
  10    1.9467731  -0.53814082
  11    1.9465649  -0.53716981
  12    0.0534351  -0.06552707
  13    0.0532269  -0.06546918
  14    0.0360687  -0.05688049
  15    0.0135504  -0.01761899
  16    0.0153983  -0.02145189
  17    0.0195295  -0.03345894
  18    0.0099928  -0.01574097
  19    0.0090447  -0.02147099
  20    0.0003833  -0.00915593
  21    0.0003069  -0.00757659
  22    0.0001773  -0.00604812
 
----------------
 Final Energies 
----------------
Final NOF Total Energy =    -184.2805985
 
Total Orbital Internal Iterations = 610
Total Occupation Internal Iterations = 74
 
Elapsed time:   85.98 Seconds

---------------------------------
   Lowdin Population Analysis    
---------------------------------
 Idx  Atom   Population   Charge 
---------------------------------
  1     N     6.949       0.051
  2     N     7.153      -0.153
  3     O     7.899       0.101

---------------------------------
   M Diagnostic: 0.05
---------------------------------

