Computing Integrals
Basis Set                                            = def2-qzvp
Auxiliary Basis Set                                  = def2-universal-jkfit
Gaussian Type                                        = Spherical
Elapsed time:    2.06 Seconds

Number of basis functions                   (NBF)    = 160
Number of auxiliary basis functions         (NBFAUX) = 182
Inactive Doubly occupied orbitals up to     (NO1)    = 0
No. considered Strongly Doubly occupied MOs (NDOC)   = 9
No. considered Strongly Singly occupied MOs (NSOC)   = 0
NO. of Weakly occ. per St. Doubly occ.  MOs (NCWO)   = 1
Dimension of the Nat. Orb. subspace         (NBF5)   = 18
No. of electrons                                     = 18
    No. of alpha electrons                           = 9
    No. of beta electrons                            = 9
Multiplicity                                         = 1

Geometry
========
 P       0.0000000       0.0000000       0.5688491
 H       0.5956710       1.0317325      -0.1896164
 H       0.5956710      -1.0317325      -0.1896164
 H      -1.1913420       0.0000000      -0.1896164

No violations of the orthonormality
No violations of the orthonormality
 
PNOF8/ADABelief Calculation
==================
 
  Nitext  Nit_orb  Time   Nit_occ  Time         Eelec          Etot           Ediff      maxdiff    MaxGrad_orb  Grad_occ
     1      10    1.0e+01    7    1.2e+01  -360.39515873  -342.76460426 -10359.39515873   0.015090   6.0e-02   5.1e-05 0.03
     2      20    1.5e+00   13    2.3e-02  -360.41662581  -342.78607134    -0.02146708   0.666897   2.7e+00   6.8e-05 0.03
     3      20    1.3e+00    8    1.5e-02  -360.43683583  -342.80628137    -0.02021002   0.037768   1.5e-01   7.7e-05 0.03
     4      20    1.6e+00    0    4.8e-02  -360.43778847  -342.80723400    -0.00095264   0.037768   1.5e-01   7.7e-05 0.03
     5      40    3.0e+00    6    2.1e-02  -360.44365108  -342.81309661    -0.00586261   0.006073   2.4e-02   7.4e-05 0.03
     6      40    3.2e+00    6    3.7e-02  -360.44600372  -342.81544925    -0.00235264   0.008195   3.3e-02   3.8e-05 0.03
     7      40    3.4e+00    5    1.6e-02  -360.44745528  -342.81690082    -0.00145157   0.006060   2.4e-02   1.2e-04 0.03
     8      40    5.2e+00    4    1.4e-02  -360.44830025  -342.81774578    -0.00084497   0.006760   2.7e-02   1.3e-04 0.03
     9      40    4.1e+00    4    1.9e-02  -360.44869520  -342.81814073    -0.00039495   0.006235   2.5e-02   1.1e-04 0.03
    10      40    5.2e+00    2    1.5e-02  -360.44890685  -342.81835239    -0.00021166   0.006396   2.6e-02   1.5e-04 0.03
    11      40    3.2e+00    2    2.1e-02  -360.44899855  -342.81844408    -0.00009169   0.006398   2.6e-02   2.1e-04 0.03
    12      40    2.8e+00    2    2.0e-02  -360.44904950  -342.81849504    -0.00005095   0.006036   2.4e-02   1.9e-04 0.03
    13      40    2.3e+00    2    4.7e-03  -360.44907685  -342.81852239    -0.00002735   0.006215   2.5e-02   1.7e-04 0.03
    14      40    3.0e+00    1    4.5e-02  -360.44909597  -342.81854150    -0.00001912   0.005850   2.3e-02   2.0e-04 0.03
    15      40    3.2e+00    2    4.1e-02  -360.44910954  -342.81855507    -0.00001357   0.006189   2.5e-02   1.5e-04 0.03
    16      40    3.4e+00    0    5.2e-02  -360.44911251  -342.81855804    -0.00000297   0.006027   2.4e-02   1.9e-04 0.03
    17      50    3.8e+00    0    1.3e-02  -360.44921181  -342.81865734    -0.00009930   0.003849   1.5e-02   2.3e-04 0.03
    18      60    3.2e+00    1    2.1e-03  -360.44924378  -342.81868932    -0.00003197   0.002939   1.2e-02   1.4e-04 0.03
    19      60    3.9e+00    0    5.2e-02  -360.44924483  -342.81869036    -0.00000104   0.002939   1.2e-02   1.4e-04 0.03
    20      71    4.8e+00    0    7.9e-03  -360.44934338  -342.81878892    -0.00009856   0.000490   2.0e-03   1.5e-04 0.03
 
RESULTS OF THE OCCUPATION OPTIMIZATION
========================================
   1    1.9999665  -79.98776541
   2    1.9988228  -7.44883559
   3    1.9981680  -5.40432632
   4    1.9982669  -5.39377949
   5    1.9982419  -5.38772399
   6    1.9916104  -0.88139013
   7    1.9655871  -0.48845834
   8    1.9658830  -0.48845402
   9    1.9657153  -0.48832188
  10    0.0342847  -0.03474920
  11    0.0341170  -0.03473432
  12    0.0344129  -0.03475007
  13    0.0083896  -0.02525488
  14    0.0017581  -0.01746881
  15    0.0017331  -0.01667989
  16    0.0018320  -0.01682977
  17    0.0011772  -0.01782641
  18    0.0000335  -0.00507704
 
----------------
 Final Energies 
----------------
Final NOF Total Energy =    -342.8187889
 
Total Orbital Internal Iterations = 791
Total Occupation Internal Iterations = 65
 
Elapsed time:   93.45 Seconds

---------------------------------
   Lowdin Population Analysis    
---------------------------------
 Idx  Atom   Population   Charge 
---------------------------------
  1     P    14.500       0.500
  2     H     1.167      -0.167
  3     H     1.167      -0.167
  4     H     1.167      -0.167

---------------------------------
   M Diagnostic: 0.03
---------------------------------

