Computing Integrals
Basis Set                                            = def2-qzvp
Auxiliary Basis Set                                  = def2-universal-jkfit
Gaussian Type                                        = Spherical
Elapsed time:   13.29 Seconds

Number of basis functions                   (NBF)    = 481
Number of auxiliary basis functions         (NBFAUX) = 497
Inactive Doubly occupied orbitals up to     (NO1)    = 0
No. considered Strongly Doubly occupied MOs (NDOC)   = 20
No. considered Strongly Singly occupied MOs (NSOC)   = 0
NO. of Weakly occ. per St. Doubly occ.  MOs (NCWO)   = 1
Dimension of the Nat. Orb. subspace         (NBF5)   = 40
No. of electrons                                     = 40
    No. of alpha electrons                           = 20
    No. of beta electrons                            = 20
Multiplicity                                         = 1

Geometry
========
Si      -1.1765062      -0.5821294      -0.1324952
 C       1.0137683      -0.7003580      -0.3098433
 C       1.2267200       0.6148820       0.1018528
 H       1.7178327      -1.2464475      -0.9348581
 H       0.6784305      -1.3363752       0.5160948
 C      -0.0074293       1.2478232       0.3619010
 H       2.2059209       1.0823935       0.2074074
 H      -0.4892151       1.5790776      -0.5541432
 H      -0.0851766       2.0274100       1.1206472
 H      -2.3300220       0.1921644      -0.6534259
 H      -1.4658618      -1.0617275       1.2372811
 H      -1.2884613      -1.8167132      -0.9604186

No violations of the orthonormality
No violations of the orthonormality
 
PNOF8/ADABelief Calculation
==================
 
  Nitext  Nit_orb  Time   Nit_occ  Time         Eelec          Etot           Ediff      maxdiff    MaxGrad_orb  Grad_occ
     1      10    1.3e+01   11    1.3e+01  -569.94072168  -407.72137774 -10568.94072168   0.012162   4.9e-02   2.5e-04 0.05
     2      20    6.4e+00    0    8.4e-02  -569.96655718  -407.74721324    -0.02583550   0.012162   4.9e-02   2.5e-04 0.05
     3      40    1.1e+01   22    9.0e-02  -569.99682464  -407.77748069    -0.03026745   0.009527   3.8e-02   1.5e-04 0.05
     4      40    1.0e+01    8    1.0e-01  -570.01413512  -407.79479117    -0.01731048   0.007491   3.0e-02   2.7e-04 0.05
     5      40    1.3e+01    7    8.4e-02  -570.02463680  -407.80529286    -0.01050169   0.004928   2.0e-02   2.5e-04 0.05
     6      40    1.5e+01    6    1.1e-01  -570.03107080  -407.81172686    -0.00643400   0.005834   2.3e-02   2.4e-04 0.05
     7      40    1.2e+01    5    7.7e-02  -570.03462293  -407.81527899    -0.00355213   0.005600   2.2e-02   2.1e-04 0.05
     8      40    1.3e+01    6    8.6e-02  -570.03645488  -407.81711094    -0.00183195   0.006157   2.5e-02   1.1e-04 0.05
     9      40    1.2e+01    3    1.0e-01  -570.03740399  -407.81806004    -0.00094910   0.004842   1.9e-02   2.6e-04 0.05
    10      40    1.1e+01    3    1.1e-01  -570.03803300  -407.81868906    -0.00062901   0.006170   2.5e-02   1.6e-04 0.05
    11      40    1.1e+01    3    9.8e-02  -570.03843906  -407.81909512    -0.00040606   0.005110   2.0e-02   1.5e-04 0.05
    12      40    1.2e+01    3    8.7e-02  -570.03865252  -407.81930857    -0.00021346   0.005940   2.4e-02   1.0e-04 0.05
    13      40    1.5e+01    3    8.8e-02  -570.03877031  -407.81942636    -0.00011779   0.005199   2.1e-02   8.4e-05 0.05
    14      40    1.4e+01    2    8.3e-02  -570.03889265  -407.81954871    -0.00012234   0.005697   2.3e-02   1.4e-04 0.05
    15      40    1.3e+01    0    7.6e-02  -570.03889868  -407.81955473    -0.00000603   0.005697   2.3e-02   1.4e-04 0.05
    16      60    1.7e+01    2    8.3e-02  -570.03992375  -407.82057980    -0.00102507   0.000515   2.1e-03   1.1e-04 0.05
 
RESULTS OF THE OCCUPATION OPTIMIZATION
========================================
   1    1.9999690  -68.81455186
   2    1.9995605  -11.25998045
   3    1.9995195  -11.23867958
   4    1.9995364  -11.22603622
   5    1.9986353  -6.05618523
   6    1.9977646  -4.28235440
   7    1.9975470  -4.22759820
   8    1.9976694  -4.22517595
   9    1.9787679  -1.06585337
  10    1.9755207  -0.90258551
  11    1.9774959  -0.71585395
  12    1.9726924  -0.67659860
  13    1.9736470  -0.67543463
  14    1.9736265  -0.65772750
  15    1.9707465  -0.60624812
  16    1.9708893  -0.60201315
  17    1.9711307  -0.51058582
  18    1.9698203  -0.48089775
  19    1.9495030  -0.39132839
  20    1.9569520  -0.38666478
  21    0.0430480  -0.04114764
  22    0.0504970  -0.04445471
  23    0.0301797  -0.02856046
  24    0.0288693  -0.02974805
  25    0.0291107  -0.02668537
  26    0.0292535  -0.02720880
  27    0.0263735  -0.02531629
  28    0.0263530  -0.02577624
  29    0.0273076  -0.02703106
  30    0.0225041  -0.02857619
  31    0.0244793  -0.03202271
  32    0.0212321  -0.02998051
  33    0.0023306  -0.01702770
  34    0.0024530  -0.01800936
  35    0.0022354  -0.02076938
  36    0.0013647  -0.01507568
  37    0.0004636  -0.00810803
  38    0.0004805  -0.00833491
  39    0.0004395  -0.00779411
  40    0.0000310  -0.00431727
 
----------------
 Final Energies 
----------------
Final NOF Total Energy =    -407.8205798
 
Total Orbital Internal Iterations = 610
Total Occupation Internal Iterations = 84
 
Elapsed time:  227.16 Seconds

---------------------------------
   Lowdin Population Analysis    
---------------------------------
 Idx  Atom   Population   Charge 
---------------------------------
  1    Si    13.736       0.264
  2     C     5.835       0.165
  3     C     5.911       0.089
  4     H     1.081      -0.081
  5     H     1.047      -0.047
  6     C     5.852       0.148
  7     H     1.066      -0.066
  8     H     1.066      -0.066
  9     H     1.087      -0.087
 10     H     1.113      -0.113
 11     H     1.097      -0.097
 12     H     1.109      -0.109

---------------------------------
   M Diagnostic: 0.05
---------------------------------

