Computing Integrals
Basis Set                                            = def2-qzvp
Auxiliary Basis Set                                  = def2-universal-jkfit
Gaussian Type                                        = Spherical
Elapsed time:    3.48 Seconds

Number of basis functions                   (NBF)    = 231
Number of auxiliary basis functions         (NBFAUX) = 265
Inactive Doubly occupied orbitals up to     (NO1)    = 0
No. considered Strongly Doubly occupied MOs (NDOC)   = 11
No. considered Strongly Singly occupied MOs (NSOC)   = 0
NO. of Weakly occ. per St. Doubly occ.  MOs (NCWO)   = 1
Dimension of the Nat. Orb. subspace         (NBF5)   = 22
No. of electrons                                     = 22
    No. of alpha electrons                           = 11
    No. of beta electrons                            = 11
Multiplicity                                         = 1

Geometry
========
 N       0.0000000       0.0000000      -1.8849400
 N       0.0000000       0.0000000      -0.7510000
 C       0.0000000       0.0000000       0.5411838
 H      -0.9508515       0.0000000       1.0473781
 H       0.9508515       0.0000000       1.0473781

No violations of the orthonormality
No violations of the orthonormality
 
PNOF8/ADABelief Calculation
==================
 
  Nitext  Nit_orb  Time   Nit_occ  Time         Eelec          Etot           Ediff      maxdiff    MaxGrad_orb  Grad_occ
     1      10    1.0e+01    6    1.2e+01  -209.78185523  -148.33585440 -10208.78185523   0.013626   5.5e-02   2.4e-04 0.05
     2      20    3.2e+00    9    4.2e-02  -209.79551551  -148.34951468    -0.01366028   0.122516   4.9e-01   2.1e-04 0.05
     3      20    2.1e+00    9    2.2e-02  -209.80883320  -148.36283237    -0.01331769   0.016232   6.5e-02   7.2e-05 0.05
     4      20    2.0e+00    8    3.4e-02  -209.81055191  -148.36455108    -0.00171872   0.020126   8.1e-02   2.0e-04 0.05
     5      20    2.2e+00    6    5.5e-02  -209.81610380  -148.37010297    -0.00555189   0.025034   1.0e-01   2.6e-04 0.05
     6      20    2.6e+00    5    3.6e-02  -209.81695085  -148.37095002    -0.00084705   0.024312   9.7e-02   1.5e-04 0.05
     7      20    2.0e+00    5    3.5e-02  -209.81926653  -148.37326570    -0.00231567   0.020055   8.0e-02   8.7e-05 0.05
     8      20    2.6e+00    5    7.6e-02  -209.82002971  -148.37402887    -0.00076318   0.018986   7.6e-02   6.4e-05 0.05
     9      20    2.1e+00    0    5.3e-02  -209.82006610  -148.37406527    -0.00003640   0.018986   7.6e-02   6.4e-05 0.05
    10      40    4.1e+00    4    5.0e-02  -209.82725277  -148.38125194    -0.00718667   0.001761   7.0e-03   1.5e-04 0.05
    11      40    4.6e+00    0    9.0e-03  -209.82726550  -148.38126467    -0.00001273   0.001761   7.0e-03   1.5e-04 0.05
    12      60    7.8e+00    2    6.0e-02  -209.82740653  -148.38140570    -0.00014103   0.000650   2.6e-03   1.3e-04 0.05
 
RESULTS OF THE OCCUPATION OPTIMIZATION
========================================
   1    1.9997720  -15.66455142
   2    1.9996853  -15.20288632
   3    1.9995713  -11.75683202
   4    1.9892165  -1.16192412
   5    1.9891345  -1.11727946
   6    1.9798115  -1.03750657
   7    1.9759145  -0.71723422
   8    1.9748460  -0.67158172
   9    1.9669041  -0.59644475
  10    1.9470463  -0.55440264
  11    1.9469604  -0.46570074
  12    0.0530396  -0.05761100
  13    0.0529537  -0.05855163
  14    0.0330959  -0.04401012
  15    0.0251540  -0.02476672
  16    0.0240855  -0.02484842
  17    0.0201885  -0.03157108
  18    0.0108655  -0.01698118
  19    0.0107835  -0.01925838
  20    0.0004287  -0.00794451
  21    0.0003147  -0.00747425
  22    0.0002280  -0.00600202
 
----------------
 Final Energies 
----------------
Final NOF Total Energy =    -148.3814057
 
Total Orbital Internal Iterations = 310
Total Occupation Internal Iterations = 59
 
Elapsed time:   66.04 Seconds

---------------------------------
   Lowdin Population Analysis    
---------------------------------
 Idx  Atom   Population   Charge 
---------------------------------
  1     N     6.914       0.086
  2     N     6.830       0.170
  3     C     5.998       0.002
  4     H     1.128      -0.128
  5     H     1.129      -0.129

---------------------------------
   M Diagnostic: 0.05
---------------------------------

