Computing Integrals
Basis Set                                            = def2-qzvp
Auxiliary Basis Set                                  = def2-universal-jkfit
Gaussian Type                                        = Spherical
Elapsed time:    3.98 Seconds

Number of basis functions                   (NBF)    = 284
Number of auxiliary basis functions         (NBFAUX) = 508
Inactive Doubly occupied orbitals up to     (NO1)    = 0
No. considered Strongly Doubly occupied MOs (NDOC)   = 54
No. considered Strongly Singly occupied MOs (NSOC)   = 0
NO. of Weakly occ. per St. Doubly occ.  MOs (NCWO)   = 1
Dimension of the Nat. Orb. subspace         (NBF5)   = 108
No. of electrons                                     = 108
    No. of alpha electrons                           = 54
    No. of beta electrons                            = 54
Multiplicity                                         = 1

Geometry
========
Te       0.2176020      -3.0437958       0.0000000
 H       0.2663870      -1.4103368       0.0000000
 H      -1.4149840      -2.9924458       0.0000000
Te       0.2176020       1.7195212       0.0000000
 H       1.5056690       2.7238402       0.0000000
 H      -0.7922760       3.0032172       0.0000000

No violations of the orthonormality
No violations of the orthonormality
 
PNOF8/ADABelief Calculation
==================
 
  Nitext  Nit_orb  Time   Nit_occ  Time         Eelec          Etot           Ediff      maxdiff    MaxGrad_orb  Grad_occ
     1      10    1.2e+01    5    1.2e+01 -4976.82795791 -4584.72932611 -14975.82795791   0.009990   4.0e-02   3.4e-04 0.44
     2      20    5.6e+00   84    7.1e-01 -4976.93316818 -4584.83453638    -0.10521027   0.010975   4.4e-02   3.1e-04 0.44
     3      20    5.2e+00    8    2.6e-01 -4976.99511547 -4584.89648366    -0.06194729   0.002922   1.2e-02   2.8e-04 0.45
     4      20    5.6e+00    6    1.9e-01 -4977.00640924 -4584.90777743    -0.01129377   0.001975   7.9e-03   3.5e-04 0.45
     5      20    5.3e+00    5    2.2e-01 -4977.00956304 -4584.91093124    -0.00315381   0.001445   5.8e-03   2.5e-04 0.45
     6      20    5.2e+00    3    2.1e-01 -4977.01032912 -4584.91169732    -0.00076608   0.001346   5.4e-03   2.5e-04 0.45
     7      20    5.1e+00    3    1.6e-01 -4977.01040112 -4584.91176931    -0.00007200   0.001686   6.7e-03   2.7e-04 0.45
     8      20    5.1e+00    1    1.4e-01 -4977.01054588 -4584.91191407    -0.00014476   0.001820   7.3e-03   1.9e-04 0.45
     9      20    5.9e+00    1    1.4e-01 -4977.01057480 -4584.91194300    -0.00002893   0.004901   2.0e-02   2.0e-04 0.45
    10      20    5.3e+00    1    1.5e-01 -4977.01062482 -4584.91199301    -0.00005001   0.001634   6.5e-03   2.4e-04 0.45
    11      20    5.5e+00    1    1.4e-01 -4977.01066721 -4584.91203541    -0.00004239   0.001305   5.2e-03   2.6e-04 0.45
    12      20    4.9e+00    0    1.4e-01 -4977.01066845 -4584.91203665    -0.00000124   0.001305   5.2e-03   2.6e-04 0.45
    13      39    9.4e+00    3    1.6e-01 -4977.01103384 -4584.91240204    -0.00036539   0.000369   1.5e-03   1.5e-04 0.45
 
RESULTS OF THE OCCUPATION OPTIMIZATION
========================================
   1    1.9999999  -141.10053187
   2    1.9999999  -141.06870320
   3    1.9999963  -61.90902260
   4    1.9999973  -61.89790500
   5    1.9999971  -61.87703749
   6    1.9999965  -61.87232207
   7    1.9999964  -61.86388506
   8    1.9999963  -61.83843087
   9    1.9999680  -24.95853251
  10    1.9999705  -24.95089605
  11    1.9998144  -9.93712175
  12    1.9998311  -9.92735989
  13    1.9997907  -9.75772729
  14    1.9998235  -9.72861891
  15    1.9997733  -9.70790720
  16    1.9997721  -9.69939570
  17    1.9997827  -9.68482495
  18    1.9997653  -9.66577609
  19    1.9997687  -9.66467381
  20    1.9997819  -9.66408793
  21    1.9998046  -9.65289888
  22    1.9997835  -9.64917746
  23    1.9995636  -9.63958428
  24    1.9995635  -9.63561194
  25    1.9995219  -9.63266003
  26    1.9995134  -9.63214197
  27    1.9984495  -4.95666604
  28    1.9984321  -4.95161897
  29    1.9977536  -3.81586416
  30    1.9977404  -3.81562265
  31    1.9977519  -3.81495724
  32    1.9977229  -3.81437971
  33    1.9978123  -3.81398400
  34    1.9977300  -3.81395957
  35    1.9978327  -3.81385222
  36    1.9977313  -3.81174403
  37    1.9977386  -3.81114038
  38    1.9977519  -3.81060085
  39    1.9977264  -3.81039643
  40    1.9978786  -3.81030644
  41    1.9977771  -3.80990077
  42    1.9977288  -3.80965611
  43    1.9841654  -0.92315823
  44    1.9639323  -0.90809026
  45    1.9821387  -0.89565264
  46    1.9624843  -0.87982472
  47    1.9623403  -0.87877441
  48    1.9600303  -0.85749804
  49    1.9634945  -0.67455545
  50    1.9632976  -0.67292823
  51    1.9583080  -0.54531301
  52    1.9579723  -0.53008425
  53    1.5492376  -0.24002918
  54    1.5610672  -0.23910546
  55    0.4389328  -0.06611754
  56    0.4507624  -0.06886862
  57    0.0420277  -0.03675477
  58    0.0416920  -0.03639264
  59    0.0367024  -0.03520010
  60    0.0365055  -0.03520499
  61    0.0399697  -0.03817324
  62    0.0376597  -0.03792285
  63    0.0375157  -0.03786383
  64    0.0178613  -0.02201932
  65    0.0360677  -0.03660148
  66    0.0158346  -0.02112105
  67    0.0022712  -0.01150116
  68    0.0022229  -0.01136307
  69    0.0021214  -0.01109290
  70    0.0022736  -0.01150154
  71    0.0022481  -0.01143116
  72    0.0022614  -0.01147954
  73    0.0022687  -0.01150070
  74    0.0021673  -0.01119929
  75    0.0022700  -0.01146555
  76    0.0021877  -0.01133276
  77    0.0022771  -0.01151461
  78    0.0022481  -0.01147418
  79    0.0022596  -0.01147015
  80    0.0022464  -0.01144546
  81    0.0015679  -0.00740566
  82    0.0015505  -0.00736065
  83    0.0004866  -0.00433428
  84    0.0004781  -0.00423165
  85    0.0004365  -0.00389064
  86    0.0004364  -0.00388404
  87    0.0002165  -0.00194987
  88    0.0001954  -0.00174441
  89    0.0002181  -0.00195786
  90    0.0002313  -0.00211847
  91    0.0002347  -0.00214666
  92    0.0002173  -0.00198071
  93    0.0002279  -0.00209648
  94    0.0002267  -0.00206759
  95    0.0001765  -0.00153622
  96    0.0002093  -0.00190948
  97    0.0001689  -0.00150202
  98    0.0001856  -0.00168532
  99    0.0000295  -0.00064215
 100    0.0000320  -0.00066673
 101    0.0000037  -0.00020002
 102    0.0000036  -0.00018551
 103    0.0000035  -0.00017724
 104    0.0000029  -0.00015914
 105    0.0000027  -0.00015470
 106    0.0000037  -0.00020515
 107    0.0000001  -0.00002017
 108    0.0000001  -0.00002207
 
----------------
 Final Energies 
----------------
Final NOF Total Energy =   -4584.9124020
 
Total Orbital Internal Iterations = 269
Total Occupation Internal Iterations = 121
 
Elapsed time:  108.85 Seconds

---------------------------------
   Lowdin Population Analysis    
---------------------------------
 Idx  Atom   Population   Charge 
---------------------------------
  1    Te    51.381       0.619
  2     H     1.297      -0.297
  3     H     1.299      -0.299
  4    Te    51.422       0.578
  5     H     1.299      -0.299
  6     H     1.301      -0.301

---------------------------------
   M Diagnostic: 0.45
---------------------------------

