Computing Integrals
Basis Set                                            = def2-qzvp
Auxiliary Basis Set                                  = def2-universal-jkfit
Gaussian Type                                        = Spherical
Elapsed time:   14.00 Seconds

Number of basis functions                   (NBF)    = 622
Number of auxiliary basis functions         (NBFAUX) = 708
Inactive Doubly occupied orbitals up to     (NO1)    = 0
No. considered Strongly Doubly occupied MOs (NDOC)   = 31
No. considered Strongly Singly occupied MOs (NSOC)   = 0
NO. of Weakly occ. per St. Doubly occ.  MOs (NCWO)   = 1
Dimension of the Nat. Orb. subspace         (NBF5)   = 62
No. of electrons                                     = 62
    No. of alpha electrons                           = 31
    No. of beta electrons                            = 31
Multiplicity                                         = 1

Geometry
========
 C       1.0537200      -0.0134000      -0.3877600
 N      -0.1845900      -0.0133800       0.2519100
 C       0.0332600      -0.0133700       1.5874600
 N       1.3470500      -0.0133800       1.8079400
 C       2.0090500      -0.0133800       0.5989800
 C      -1.5057600      -0.0133800      -0.3968700
 H       1.6647400      -0.0133800       2.7742700
 H      -0.7073700      -0.0133700       2.3775500
 H       3.0882500      -0.0133700       0.5359600
 H       1.1370000      -0.0134100      -1.4662200
 H      -1.3655200      -0.0133600      -1.4808500
 H      -2.0656700      -0.9090000      -0.1060900
 H      -2.0656900       0.8822200      -0.1060700
Cl       1.5375100      -0.0133800       4.6330600

No violations of the orthonormality
No violations of the orthonormality
 
PNOF8/ADABelief Calculation
==================
 
  Nitext  Nit_orb  Time   Nit_occ  Time         Eelec          Etot           Ediff      maxdiff    MaxGrad_orb  Grad_occ
     1      10    1.6e+01   12    1.2e+01 -1060.84068378  -725.10105124 -11059.84068378   0.036133   1.4e-01   2.3e-04 0.05
     2      20    1.4e+01    0    3.2e-01 -1060.88104353  -725.14141098    -0.04035975   0.036133   1.4e-01   2.3e-04 0.05
     3      40    2.6e+01   26    2.9e-01 -1060.92664857  -725.18701602    -0.04560504   0.491783   2.0e+00   2.1e-04 0.05
     4      40    2.6e+01   12    2.5e-01 -1060.97312181  -725.23348926    -0.04647324   0.008999   3.6e-02   2.5e-04 0.05
     5      40    2.7e+01    9    2.6e-01 -1060.99251717  -725.25288462    -0.01939536   0.012547   5.0e-02   2.2e-04 0.05
     6      40    2.5e+01    6    2.5e-01 -1061.00634758  -725.26671503    -0.01383041   0.012590   5.0e-02   2.1e-04 0.05
     7      40    2.8e+01    6    2.6e-01 -1061.01296074  -725.27332819    -0.00661316   0.010229   4.1e-02   2.2e-04 0.05
     8      40    2.4e+01    7    3.3e-01 -1061.01632410  -725.27669156    -0.00336337   0.012453   5.0e-02   2.4e-04 0.05
     9      40    2.8e+01    7    2.7e-01 -1061.01822558  -725.27859303    -0.00190148   0.013625   5.4e-02   2.0e-04 0.05
    10      40    2.5e+01    7    2.5e-01 -1061.01978476  -725.28015221    -0.00155918   0.014068   5.6e-02   1.3e-04 0.05
    11      40    2.7e+01    6    2.5e-01 -1061.02059632  -725.28096377    -0.00081156   0.015911   6.4e-02   9.7e-05 0.05
    12      40    2.9e+01    6    2.5e-01 -1061.02157458  -725.28194203    -0.00097826   0.014220   5.7e-02   7.2e-05 0.05
    13      40    2.7e+01    4    2.5e-01 -1061.02187677  -725.28224422    -0.00030219   0.014181   5.7e-02   2.3e-04 0.05
    14      40    2.8e+01    4    2.5e-01 -1061.02260347  -725.28297092    -0.00072669   0.013615   5.4e-02   2.7e-04 0.05
    15      40    2.6e+01    3    2.4e-01 -1061.02268680  -725.28305425    -0.00008333   0.013731   5.5e-02   2.4e-04 0.05
    16      40    3.0e+01    3    2.7e-01 -1061.02309289  -725.28346034    -0.00040609   0.012942   5.2e-02   2.5e-04 0.05
    17      40    2.8e+01    3    2.6e-01 -1061.02316701  -725.28353446    -0.00007412   0.013018   5.2e-02   2.4e-04 0.05
    18      40    2.7e+01    3    2.5e-01 -1061.02344732  -725.28381477    -0.00028031   0.012609   5.0e-02   2.2e-04 0.05
    19      40    2.8e+01    3    2.5e-01 -1061.02352379  -725.28389124    -0.00007647   0.012860   5.1e-02   2.0e-04 0.05
    20      40    2.6e+01    3    2.8e-01 -1061.02373513  -725.28410258    -0.00021134   0.012688   5.1e-02   1.8e-04 0.05
    21      40    2.6e+01    3    2.5e-01 -1061.02387718  -725.28424463    -0.00014205   0.013050   5.2e-02   1.6e-04 0.05
    22      40    2.7e+01    3    2.6e-01 -1061.02401725  -725.28438470    -0.00014007   0.012079   4.8e-02   1.6e-04 0.05
    23      40    2.7e+01    0    2.5e-01 -1061.02402415  -725.28439160    -0.00000690   0.012079   4.8e-02   1.6e-04 0.05
    24      60    4.0e+01    2    2.5e-01 -1061.02778554  -725.28815299    -0.00376138   0.001305   5.2e-03   2.0e-04 0.05
    25      60    4.2e+01    0    2.4e-01 -1061.02778941  -725.28815686    -0.00000388   0.001305   5.2e-03   2.0e-04 0.05
    26      80    5.5e+01    2    2.4e-01 -1061.02791537  -725.28828282    -0.00012596   0.000759   3.0e-03   2.0e-04 0.05
 
RESULTS OF THE OCCUPATION OPTIMIZATION
========================================
   1    1.9999678  -104.73447897
   2    1.9996155  -14.93295411
   3    1.9996018  -14.10469944
   4    1.9995813  -12.32560788
   5    1.9994609  -11.68240625
   6    1.9995522  -11.38512125
   7    1.9994188  -11.31875032
   8    1.9991586  -9.55074089
   9    1.9987502  -8.59042710
  10    1.9987231  -8.43177980
  11    1.9987140  -8.41978752
  12    1.9940093  -1.38316996
  13    1.9886059  -1.07367925
  14    1.9880846  -1.05399427
  15    1.9788210  -1.05176207
  16    1.9802266  -0.97603464
  17    1.9767337  -0.79274691
  18    1.9761757  -0.77488951
  19    1.9664205  -0.73965278
  20    1.9753405  -0.73854398
  21    1.9637871  -0.73255866
  22    1.9677912  -0.71894868
  23    1.9662625  -0.70662569
  24    1.9674467  -0.69282053
  25    1.9719254  -0.67517654
  26    1.9714031  -0.66232050
  27    1.9704597  -0.62153180
  28    1.9510785  -0.49727401
  29    1.9493936  -0.42915912
  30    1.9746254  -0.35522511
  31    1.9744565  -0.34960589
  32    0.0255435  -0.02441112
  33    0.0253746  -0.02417705
  34    0.0506064  -0.04750315
  35    0.0489215  -0.05238796
  36    0.0295403  -0.03686482
  37    0.0285969  -0.02751786
  38    0.0280746  -0.02705885
  39    0.0325533  -0.04033920
  40    0.0337375  -0.04113397
  41    0.0322088  -0.03981182
  42    0.0362129  -0.04353457
  43    0.0246595  -0.02601179
  44    0.0335795  -0.04159661
  45    0.0238243  -0.02550163
  46    0.0232663  -0.02554139
  47    0.0197734  -0.02444648
  48    0.0211790  -0.03028080
  49    0.0119154  -0.02197250
  50    0.0113941  -0.02274365
  51    0.0059907  -0.02665631
  52    0.0012860  -0.01514837
  53    0.0012769  -0.01508171
  54    0.0012498  -0.01375586
  55    0.0008414  -0.01488619
  56    0.0005812  -0.00997582
  57    0.0004478  -0.01146009
  58    0.0005391  -0.00977985
  59    0.0004187  -0.01088278
  60    0.0003982  -0.00957391
  61    0.0003845  -0.00942984
  62    0.0000322  -0.00600273
 
----------------
 Final Energies 
----------------
Final NOF Total Energy =    -725.2882828
 
Total Orbital Internal Iterations = 1070
Total Occupation Internal Iterations = 140
 
Elapsed time:  799.28 Seconds

---------------------------------
   Lowdin Population Analysis    
---------------------------------
 Idx  Atom   Population   Charge 
---------------------------------
  1     C     6.002      -0.002
  2     N     6.605       0.395
  3     C     6.007      -0.007
  4     N     6.381       0.619
  5     C     5.978       0.022
  6     C     5.785       0.215
  7     H     1.403      -0.403
  8     H     1.057      -0.057
  9     H     1.068      -0.068
 10     H     1.076      -0.076
 11     H     1.045      -0.045
 12     H     1.049      -0.049
 13     H     1.049      -0.049
 14    Cl    17.496      -0.496

---------------------------------
   M Diagnostic: 0.05
---------------------------------

