Computing Integrals
Basis Set                                            = def2-qzvp
Auxiliary Basis Set                                  = def2-universal-jkfit
Gaussian Type                                        = Spherical
Elapsed time:    9.42 Seconds

Number of basis functions                   (NBF)    = 552
Number of auxiliary basis functions         (NBFAUX) = 580
Inactive Doubly occupied orbitals up to     (NO1)    = 0
No. considered Strongly Doubly occupied MOs (NDOC)   = 22
No. considered Strongly Singly occupied MOs (NSOC)   = 0
NO. of Weakly occ. per St. Doubly occ.  MOs (NCWO)   = 1
Dimension of the Nat. Orb. subspace         (NBF5)   = 44
No. of electrons                                     = 44
    No. of alpha electrons                           = 22
    No. of beta electrons                            = 22
Multiplicity                                         = 1

Geometry
========
 C       1.0537200      -0.0134000      -0.3877600
 N      -0.1845900      -0.0133800       0.2519100
 C       0.0332600      -0.0133700       1.5874600
 N       1.3470500      -0.0133800       1.8079400
 C       2.0090500      -0.0133800       0.5989800
 C      -1.5057600      -0.0133800      -0.3968700
 H       1.6647400      -0.0133800       2.7742700
 H      -0.7073700      -0.0133700       2.3775500
 H       3.0882500      -0.0133700       0.5359600
 H       1.1370000      -0.0134100      -1.4662200
 H      -1.3655200      -0.0133600      -1.4808500
 H      -2.0656700      -0.9090000      -0.1060900
 H      -2.0656900       0.8822200      -0.1060700

No violations of the orthonormality
No violations of the orthonormality
 
PNOF8/ADABelief Calculation
==================
 
  Nitext  Nit_orb  Time   Nit_occ  Time         Eelec          Etot           Ediff      maxdiff    MaxGrad_orb  Grad_occ
     1      10    1.2e+01   12    1.2e+01  -500.66015327  -265.09719594 -10499.66015327   0.014433   5.8e-02   1.4e-04 0.05
     2      20    6.2e+00    0    1.3e-01  -500.68687647  -265.12391914    -0.02672320   0.014433   5.8e-02   1.4e-04 0.05
     3      40    1.3e+01   10    1.3e-01  -500.71218565  -265.14922831    -0.02530917   0.037471   1.5e-01   2.5e-04 0.05
     4      40    1.3e+01    9    1.3e-01  -500.73779527  -265.17483794    -0.02560962   0.002589   1.0e-02   2.2e-04 0.05
     5      40    1.4e+01    8    1.3e-01  -500.75402407  -265.19106674    -0.01622880   0.006388   2.6e-02   1.6e-04 0.05
     6      40    1.4e+01    5    1.3e-01  -500.76401037  -265.20105303    -0.00998630   0.005852   2.3e-02   2.6e-04 0.05
     7      40    1.4e+01    5    1.4e-01  -500.76956987  -265.20661253    -0.00555950   0.004424   1.8e-02   1.6e-04 0.05
     8      40    1.3e+01    5    1.3e-01  -500.77278946  -265.20983213    -0.00321960   0.004282   1.7e-02   7.6e-05 0.05
     9      40    1.2e+01    5    1.4e-01  -500.77482935  -265.21187201    -0.00203988   0.004167   1.7e-02   5.1e-05 0.05
    10      40    1.3e+01    4    1.3e-01  -500.77655900  -265.21360167    -0.00172966   0.004139   1.7e-02   2.1e-04 0.05
    11      40    1.2e+01    3    1.4e-01  -500.77781026  -265.21485293    -0.00125126   0.004271   1.7e-02   2.0e-04 0.05
    12      40    1.5e+01    3    1.3e-01  -500.77876660  -265.21580926    -0.00095633   0.004438   1.8e-02   1.8e-04 0.05
    13      40    1.2e+01    2    1.4e-01  -500.77941460  -265.21645726    -0.00064800   0.004177   1.7e-02   1.8e-04 0.05
    14      40    1.3e+01    2    1.4e-01  -500.77988933  -265.21693200    -0.00047473   0.004476   1.8e-02   1.5e-04 0.05
    15      40    1.3e+01    1    1.3e-01  -500.78010434  -265.21714701    -0.00021501   0.004051   1.6e-02   2.3e-04 0.05
    16      40    1.3e+01    2    1.3e-01  -500.78022611  -265.21726877    -0.00012176   0.003900   1.6e-02   1.1e-04 0.05
    17      40    1.5e+01    2    1.4e-01  -500.78025736  -265.21730002    -0.00003125   0.004465   1.8e-02   9.4e-05 0.05
    18      40    1.3e+01    0    1.2e-01  -500.78026631  -265.21730897    -0.00000895   0.004233   1.7e-02   1.9e-04 0.05
    19      50    1.6e+01    0    1.2e-01  -500.78067873  -265.21772139    -0.00041242   0.003251   1.3e-02   1.9e-04 0.05
    20      60    2.0e+01    1    1.3e-01  -500.78082798  -265.21787064    -0.00014925   0.003000   1.2e-02   1.7e-04 0.05
    21      60    1.9e+01    0    1.5e-01  -500.78082909  -265.21787176    -0.00000112   0.003000   1.2e-02   1.7e-04 0.05
    22      60    1.8e+01    0    1.3e-01  -500.78116674  -265.21820941    -0.00033765   0.000499   2.0e-03   1.9e-04 0.05
 
RESULTS OF THE OCCUPATION OPTIMIZATION
========================================
   1    1.9996667  -15.68531738
   2    1.9996268  -15.18952694
   3    1.9995834  -11.95341992
   4    1.9994662  -11.64382994
   5    1.9994912  -11.55067692
   6    1.9994890  -11.53491716
   7    1.9898250  -1.54638435
   8    1.9798450  -1.28973697
   9    1.9800887  -1.13226272
  10    1.9804133  -1.09249200
  11    1.9767176  -1.09249107
  12    1.9690980  -0.96367020
  13    1.9757287  -0.95022192
  14    1.9670668  -0.93469800
  15    1.9667520  -0.90908956
  16    1.9643254  -0.89075686
  17    1.9741982  -0.88085275
  18    1.9669543  -0.85515780
  19    1.9716983  -0.79456354
  20    1.9712150  -0.78295607
  21    1.9529082  -0.67059262
  22    1.9485797  -0.57675329
  23    0.0514203  -0.05102160
  24    0.0470918  -0.05582218
  25    0.0287850  -0.02919916
  26    0.0283017  -0.02893935
  27    0.0330457  -0.04370339
  28    0.0258018  -0.02873875
  29    0.0356746  -0.04580080
  30    0.0332480  -0.04424408
  31    0.0329332  -0.04505870
  32    0.0242713  -0.02804357
  33    0.0309020  -0.04290164
  34    0.0232824  -0.03241691
  35    0.0195867  -0.02433495
  36    0.0199113  -0.02536687
  37    0.0201550  -0.02945170
  38    0.0101750  -0.01551612
  39    0.0005110  -0.00879876
  40    0.0005088  -0.00874180
  41    0.0005338  -0.00922871
  42    0.0004166  -0.00751804
  43    0.0003732  -0.00862896
  44    0.0003333  -0.00805902
 
----------------
 Final Energies 
----------------
Final NOF Total Energy =    -265.2182094
 
Total Orbital Internal Iterations = 900
Total Occupation Internal Iterations = 79
 
Elapsed time:  340.68 Seconds

---------------------------------
   Lowdin Population Analysis    
---------------------------------
 Idx  Atom   Population   Charge 
---------------------------------
  1     C     5.950       0.050
  2     N     6.583       0.417
  3     C     5.992       0.008
  4     N     6.393       0.607
  5     C     5.959       0.041
  6     C     5.757       0.243
  7     H     1.078      -0.078
  8     H     1.051      -0.051
  9     H     1.061      -0.061
 10     H     1.056      -0.056
 11     H     1.036      -0.036
 12     H     1.042      -0.042
 13     H     1.042      -0.042

---------------------------------
   M Diagnostic: 0.05
---------------------------------

