Computing Integrals
Basis Set                                            = def2-qzvp
Auxiliary Basis Set                                  = def2-universal-jkfit
Gaussian Type                                        = Spherical
Elapsed time:   15.64 Seconds

Number of basis functions                   (NBF)    = 676
Number of auxiliary basis functions         (NBFAUX) = 814
Inactive Doubly occupied orbitals up to     (NO1)    = 0
No. considered Strongly Doubly occupied MOs (NDOC)   = 37
No. considered Strongly Singly occupied MOs (NSOC)   = 0
NO. of Weakly occ. per St. Doubly occ.  MOs (NCWO)   = 1
Dimension of the Nat. Orb. subspace         (NBF5)   = 74
No. of electrons                                     = 74
    No. of alpha electrons                           = 37
    No. of beta electrons                            = 37
Multiplicity                                         = 1

Geometry
========
Li       1.0928625       0.0434901      -1.7557828
Cl      -1.2279159      -2.8929292      -2.1392631
 F       1.1962299      -1.6035034      -2.4561761
 H      -0.0785287      -0.2311005       2.8911575
 H       0.6641532       1.9698902       1.6534759
Na      -1.9625666      -0.9045698      -0.7644044
 B      -0.2687685      -0.0458454       1.7215938
 H       1.0366035      -0.3681109       0.7926051
 C      -0.0720207       1.3963775       1.0657223
 H      -1.0776781      -0.8145733       1.2448115
 H       0.5383462       2.3844644      -0.7480454
 F      -0.6422696       0.7680864      -1.3017912
 C       0.5289643       1.3698399      -0.3235856
 H       0.9670991      -0.8939463       1.3865146
 H      -1.0080309       1.9829484       1.1201133
 H       0.3135203      -2.1605181      -2.3869455

No violations of the orthonormality
No violations of the orthonormality
 
PNOF8/ADABelief Calculation
==================
 
  Nitext  Nit_orb  Time   Nit_occ  Time         Eelec          Etot           Ediff      maxdiff    MaxGrad_orb  Grad_occ
     1      10    2.2e+01    8    1.2e+01 -1356.42417220  -934.04911950 -11355.42417220   0.034965   1.4e-01   3.0e-04 0.04
     2      20    2.2e+01    0    4.9e-01 -1356.46057178  -934.08551908    -0.03639958   0.034965   1.4e-01   3.0e-04 0.04
     3      40    4.3e+01   30    5.6e-01 -1356.49774057  -934.12268787    -0.03716879   0.326621   1.3e+00   2.6e-04 0.04
     4      40    4.0e+01   12    5.2e-01 -1356.56902395  -934.19397125    -0.07128338   0.017854   7.1e-02   2.6e-04 0.04
     5      40    4.2e+01    9    5.0e-01 -1356.58615508  -934.21110239    -0.01713113   0.012683   5.1e-02   2.5e-04 0.05
     6      40    4.2e+01    7    5.1e-01 -1356.60114369  -934.22609100    -0.01498861   0.013067   5.2e-02   3.2e-04 0.05
     7      40    4.1e+01    6    5.3e-01 -1356.60870907  -934.23365638    -0.00756538   0.017484   7.0e-02   2.7e-04 0.05
     8      40    4.3e+01    6    4.8e-01 -1356.61534897  -934.24029628    -0.00663990   0.013082   5.2e-02   2.7e-04 0.05
     9      40    4.2e+01    7    5.2e-01 -1356.61951677  -934.24446407    -0.00416779   0.014479   5.8e-02   2.0e-04 0.05
    10      40    4.0e+01    7    5.0e-01 -1356.62309141  -934.24803871    -0.00357464   0.012291   4.9e-02   1.5e-04 0.05
    11      40    4.2e+01    7    5.1e-01 -1356.62491454  -934.24986184    -0.00182313   0.014517   5.8e-02   1.3e-04 0.05
    12      40    4.4e+01    5    5.0e-01 -1356.62641827  -934.25136558    -0.00150374   0.015311   6.1e-02   2.5e-04 0.05
    13      40    4.2e+01    6    5.5e-01 -1356.62743889  -934.25238619    -0.00102061   0.014175   5.7e-02   2.0e-04 0.05
    14      40    4.2e+01    4    5.0e-01 -1356.62828151  -934.25322881    -0.00084262   0.015514   6.2e-02   2.9e-04 0.05
    15      40    4.2e+01    5    5.9e-01 -1356.62881343  -934.25376074    -0.00053192   0.017161   6.9e-02   1.9e-04 0.05
    16      40    4.4e+01    4    5.9e-01 -1356.62924370  -934.25419100    -0.00043027   0.017578   7.0e-02   2.2e-04 0.05
    17      40    4.5e+01    3    5.0e-01 -1356.62967720  -934.25462451    -0.00043351   0.018120   7.2e-02   2.5e-04 0.05
    18      40    4.1e+01    3    5.0e-01 -1356.63007852  -934.25502582    -0.00040131   0.018756   7.5e-02   2.6e-04 0.05
    19      40    4.3e+01    3    5.1e-01 -1356.63042513  -934.25537244    -0.00034662   0.018702   7.5e-02   2.4e-04 0.05
    20      40    4.4e+01    3    4.9e-01 -1356.63069812  -934.25564542    -0.00027299   0.016762   6.7e-02   2.1e-04 0.05
    21      40    4.2e+01    3    5.3e-01 -1356.63090084  -934.25584814    -0.00020272   0.016000   6.4e-02   2.0e-04 0.05
    22      40    4.2e+01    0    4.9e-01 -1356.63092268  -934.25586999    -0.00002184   0.016000   6.4e-02   2.0e-04 0.05
    23      60    6.3e+01    3    5.0e-01 -1356.63863463  -934.26358194    -0.00771195   0.001458   5.8e-03   1.5e-04 0.05
    24      60    6.3e+01    0    5.5e-01 -1356.63864384  -934.26359115    -0.00000921   0.001458   5.8e-03   1.5e-04 0.05
    25      80    8.4e+01    1    5.1e-01 -1356.63882820  -934.26377551    -0.00018436   0.000714   2.9e-03   2.5e-04 0.05
 
RESULTS OF THE OCCUPATION OPTIMIZATION
========================================
   1    1.9999772  -104.80722255
   2    1.9999206  -40.51185697
   3    1.9998240  -26.31942186
   4    1.9998341  -26.28356744
   5    1.9995375  -10.71162931
   6    1.9995508  -10.60139731
   7    1.9995368  -10.57200661
   8    1.9993177  -8.46432915
   9    1.9990922  -8.14486437
  10    1.9989777  -8.00932002
  11    1.9982024  -5.55837770
  12    1.9978777  -4.81331940
  13    1.9972734  -2.67105102
  14    1.9966480  -1.68323542
  15    1.9926456  -1.52837470
  16    1.9913007  -1.46267410
  17    1.9921553  -1.43362840
  18    1.9889012  -1.37918961
  19    1.9871556  -1.05133137
  20    1.9872413  -1.04448009
  21    1.9894530  -0.99074744
  22    1.9775117  -0.80052998
  23    1.9656316  -0.75162215
  24    1.9788416  -0.71416007
  25    1.9772292  -0.70231535
  26    1.9781926  -0.70074355
  27    1.9802562  -0.69036509
  28    1.9697309  -0.59192873
  29    1.9697435  -0.56814530
  30    1.9546848  -0.54866809
  31    1.9730848  -0.53021935
  32    1.9692135  -0.51693320
  33    1.9683588  -0.51180416
  34    1.9637854  -0.49898407
  35    1.9743215  -0.46441133
  36    1.9732723  -0.44098183
  37    1.9723362  -0.42699704
  38    0.0276638  -0.02480023
  39    0.0267277  -0.02502439
  40    0.0256785  -0.02836069
  41    0.0362146  -0.03578694
  42    0.0316412  -0.02675679
  43    0.0307865  -0.03023205
  44    0.0269152  -0.02204026
  45    0.0453152  -0.05231703
  46    0.0302565  -0.02669117
  47    0.0302691  -0.02371052
  48    0.0197438  -0.02593220
  49    0.0218074  -0.02809141
  50    0.0227708  -0.02890022
  51    0.0211584  -0.02847442
  52    0.0343684  -0.04813534
  53    0.0224883  -0.02406194
  54    0.0105470  -0.01895558
  55    0.0127587  -0.02275438
  56    0.0128444  -0.02260929
  57    0.0110988  -0.02519765
  58    0.0078447  -0.02351216
  59    0.0086993  -0.02574799
  60    0.0073544  -0.02960070
  61    0.0033520  -0.01454535
  62    0.0027266  -0.01400050
  63    0.0021223  -0.01452880
  64    0.0017976  -0.01618367
  65    0.0010223  -0.01172833
  66    0.0009078  -0.01280065
  67    0.0006823  -0.01421157
  68    0.0004632  -0.00971164
  69    0.0004492  -0.01138127
  70    0.0004625  -0.01023557
  71    0.0001659  -0.00716252
  72    0.0001760  -0.00719701
  73    0.0000794  -0.00601505
  74    0.0000228  -0.00449862
 
----------------
 Final Energies 
----------------
Final NOF Total Energy =    -934.2637755
 
Total Orbital Internal Iterations = 1030
Total Occupation Internal Iterations = 142
 
Elapsed time: 1191.82 Seconds

---------------------------------
   Lowdin Population Analysis    
---------------------------------
 Idx  Atom   Population   Charge 
---------------------------------
  1    Li     3.365      -0.365
  2    Cl    16.773       0.227
  3     F     8.508       0.492
  4     H     1.029      -0.029
  5     H     1.014      -0.014
  6    Na    11.269      -0.269
  7     B     5.250      -0.250
  8     H     0.815       0.185
  9     C     5.911       0.089
 10     H     0.969       0.031
 11     H     1.082      -0.082
 12     F     8.676       0.324
 13     C     5.997       0.003
 14     H     0.798       0.202
 15     H     1.028      -0.028
 16     H     1.516      -0.516

---------------------------------
   M Diagnostic: 0.05
---------------------------------

