Computing Integrals
Basis Set                                            = def2-qzvp
Auxiliary Basis Set                                  = def2-universal-jkfit
Gaussian Type                                        = Spherical
Elapsed time:    5.68 Seconds

Number of basis functions                   (NBF)    = 468
Number of auxiliary basis functions         (NBFAUX) = 444
Inactive Doubly occupied orbitals up to     (NO1)    = 0
No. considered Strongly Doubly occupied MOs (NDOC)   = 15
No. considered Strongly Singly occupied MOs (NSOC)   = 1
NO. of Weakly occ. per St. Doubly occ.  MOs (NCWO)   = 1
Dimension of the Nat. Orb. subspace         (NBF5)   = 31
No. of electrons                                     = 31
    No. of alpha electrons                           = 16
    No. of beta electrons                            = 15
Multiplicity                                         = 2

Geometry
========
 C      -1.1749477      -1.4068773       0.3175658
 C      -0.7659036      -0.3227538      -0.4626731
 C      -0.1967892       0.8809241       0.0836802
 C       1.3564052       0.5574290      -0.0549606
 H      -1.7522913      -2.2172517      -0.1164398
 H      -0.9467165      -1.4491353       1.3789599
 H      -0.8225376      -0.4190947      -1.5462710
 H      -0.4307775       1.0492675       1.1339727
 H      -0.4005826       1.7620852      -0.5241407
 H       1.6495484      -0.3042033       0.5418829
 H       1.8394388       1.4543585       0.3431209
 H       1.6451535       0.4152518      -1.0946972

No violations of the orthonormality
No violations of the orthonormality
 
PNOF8/ADABelief Calculation
==================
 
  Nitext  Nit_orb  Time   Nit_occ  Time         Eelec          Etot           Ediff      maxdiff    MaxGrad_orb  Grad_occ
     1      10    1.1e+01    5    1.2e+01  -274.72957214  -156.33574656 -10273.72957214   0.011628   4.7e-02   2.6e-04 0.04
     2      20    4.2e+00    9    6.4e-02  -274.76327524  -156.36944965    -0.03370310   0.094496   3.8e-01   2.7e-04 0.04
     3      20    3.6e+00    6    6.9e-02  -274.77891406  -156.38508848    -0.01563883   0.027113   1.1e-01   1.7e-04 0.04
     4      20    4.4e+00    6    7.0e-02  -274.78335019  -156.38952461    -0.00443613   0.024652   9.9e-02   1.3e-04 0.04
     5      20    3.8e+00    4    6.4e-02  -274.78704262  -156.39321704    -0.00369243   0.022488   9.0e-02   1.8e-04 0.04
     6      20    4.3e+00    4    5.5e-02  -274.78823150  -156.39440591    -0.00118888   0.022748   9.1e-02   7.6e-05 0.04
     7      20    3.5e+00    4    7.8e-02  -274.78855172  -156.39472614    -0.00032023   0.021680   8.7e-02   3.8e-05 0.04
     8      20    4.3e+00    0    6.1e-02  -274.78861460  -156.39478902    -0.00006288   0.021680   8.7e-02   3.8e-05 0.04
     9      40    6.8e+00    3    5.5e-02  -274.79902023  -156.40519464    -0.01040562   0.001973   7.9e-03   1.0e-04 0.04
    10      40    6.8e+00    0    6.5e-02  -274.79904269  -156.40521711    -0.00002246   0.001973   7.9e-03   1.0e-04 0.04
    11      60    1.4e+01    2    6.0e-02  -274.79916889  -156.40534331    -0.00012620   0.000653   2.6e-03   1.6e-04 0.04
 
RESULTS OF THE OCCUPATION OPTIMIZATION
========================================
   1    1.9994955  -11.51640590
   2    1.9995493  -11.50881125
   3    1.9995196  -11.46141440
   4    1.9995801  -11.43051336
   5    1.9759692  -1.21842398
   6    1.9795564  -1.11442723
   7    1.9767636  -1.09264913
   8    1.9653629  -0.98541975
   9    1.9684467  -0.93443663
  10    1.9716529  -0.86023070
  11    1.9710460  -0.85662437
  12    1.9719525  -0.81149937
  13    1.9712618  -0.79963149
  14    1.9710920  -0.78192638
  15    1.9593521  -0.74382772
  16    1.0000000  -0.34485899
  17    0.0406479  -0.04226880
  18    0.0289080  -0.02881524
  19    0.0287382  -0.03012206
  20    0.0280475  -0.02837645
  21    0.0289540  -0.02937068
  22    0.0283471  -0.03031886
  23    0.0315533  -0.03864791
  24    0.0346371  -0.03590013
  25    0.0232364  -0.02703443
  26    0.0204436  -0.02578784
  27    0.0240308  -0.03490534
  28    0.0004199  -0.00749416
  29    0.0004804  -0.00828710
  30    0.0004507  -0.00790075
  31    0.0005045  -0.00868641
 
----------------
 Final Energies 
----------------
Final NOF Total Energy =    -156.4053433
 
Total Orbital Internal Iterations = 290
Total Occupation Internal Iterations = 43
 
Elapsed time:   90.11 Seconds

---------------------------------
   Lowdin Population Analysis    
---------------------------------
 Idx  Atom   Population   Charge 
---------------------------------
  1     C     5.491       0.509
  2     C     5.739       0.261
  3     C     5.843       0.157
  4     C     5.683       0.317
  5     H     1.043      -0.043
  6     H     1.039      -0.039
  7     H     1.007      -0.007
  8     H     1.022      -0.022
  9     H     1.007      -0.007
 10     H     1.050      -0.050
 11     H     1.028      -0.028
 12     H     1.046      -0.046

---------------------------------
   M Diagnostic: 0.04
---------------------------------

