Computing Integrals
Basis Set                                            = def2-qzvp
Auxiliary Basis Set                                  = def2-universal-jkfit
Gaussian Type                                        = Spherical
Elapsed time:   10.52 Seconds

Number of basis functions                   (NBF)    = 549
Number of auxiliary basis functions         (NBFAUX) = 619
Inactive Doubly occupied orbitals up to     (NO1)    = 0
No. considered Strongly Doubly occupied MOs (NDOC)   = 25
No. considered Strongly Singly occupied MOs (NSOC)   = 0
NO. of Weakly occ. per St. Doubly occ.  MOs (NCWO)   = 1
Dimension of the Nat. Orb. subspace         (NBF5)   = 50
No. of electrons                                     = 50
    No. of alpha electrons                           = 25
    No. of beta electrons                            = 25
Multiplicity                                         = 1

Geometry
========
 C      -0.6671715      -1.0356794       0.0000000
 C      -1.4128978       0.1284770       0.0000000
 C      -0.7561957       1.3592932       0.0000000
 C       0.6277846       1.3635102       0.0000000
 N       1.3675269       0.2435038       0.0000000
 C       0.7235096      -0.9125017       0.0000000
 O       1.4670679      -2.0428951       0.0000000
 H      -2.4924505       0.0798456       0.0000000
 H      -1.3038158       2.2891341       0.0000000
 H       1.1813209       2.2927083       0.0000000
 H      -1.1216351      -2.0142041       0.0000000
 H       2.3869565      -1.7511918       0.0000000

No violations of the orthonormality
No violations of the orthonormality
 
PNOF8/ADABelief Calculation
==================
 
  Nitext  Nit_orb  Time   Nit_occ  Time         Eelec          Etot           Ediff      maxdiff    MaxGrad_orb  Grad_occ
     1      10    1.3e+01   11    1.2e+01  -598.81888737  -322.59116234 -10597.81888737   0.015979   6.4e-02   2.0e-04 0.05
     2      20    8.2e+00    0    1.5e-01  -598.84925619  -322.62153117    -0.03036882   0.015979   6.4e-02   2.0e-04 0.05
     3      40    1.7e+01   11    1.5e-01  -598.87162056  -322.64389553    -0.02236437   0.079982   3.2e-01   3.2e-04 0.05
     4      40    1.7e+01   12    1.8e-01  -598.89754571  -322.66982069    -0.02592515   0.007607   3.0e-02   8.4e-05 0.05
     5      40    1.5e+01    8    1.8e-01  -598.91674456  -322.68901953    -0.01919884   0.008607   3.4e-02   2.0e-04 0.05
     6      40    1.6e+01    7    1.5e-01  -598.92914324  -322.70141821    -0.01239868   0.006777   2.7e-02   1.7e-04 0.05
     7      40    1.9e+01    5    1.5e-01  -598.93523480  -322.70750977    -0.00609156   0.015104   6.0e-02   2.8e-04 0.05
     8      40    1.8e+01    4    1.5e-01  -598.93806533  -322.71034031    -0.00283053   0.012827   5.1e-02   2.5e-04 0.05
     9      40    1.6e+01    4    1.4e-01  -598.93920665  -322.71148163    -0.00114132   0.016556   6.6e-02   1.3e-04 0.05
    10      40    1.6e+01    4    1.6e-01  -598.93976267  -322.71203764    -0.00055601   0.017012   6.8e-02   1.0e-04 0.05
    11      40    1.5e+01    3    1.7e-01  -598.94000719  -322.71228217    -0.00024453   0.016381   6.6e-02   2.2e-04 0.05
    12      40    1.6e+01    3    1.6e-01  -598.94011504  -322.71239002    -0.00010785   0.017347   6.9e-02   1.6e-04 0.05
    13      40    1.8e+01    3    1.5e-01  -598.94029302  -322.71256800    -0.00017798   0.017478   7.0e-02   1.2e-04 0.05
    14      40    1.6e+01    3    1.7e-01  -598.94033855  -322.71261353    -0.00004553   0.016877   6.8e-02   1.3e-04 0.05
    15      40    1.6e+01    3    1.4e-01  -598.94042823  -322.71270320    -0.00008967   0.017143   6.9e-02   1.8e-04 0.05
    16      40    1.6e+01    3    1.5e-01  -598.94053627  -322.71281125    -0.00010805   0.016354   6.5e-02   2.1e-04 0.05
    17      40    1.7e+01    3    1.5e-01  -598.94057102  -322.71284599    -0.00003474   0.016416   6.6e-02   2.4e-04 0.05
    18      40    2.0e+01    3    1.6e-01  -598.94062537  -322.71290035    -0.00005436   0.015821   6.3e-02   1.3e-04 0.05
    19      40    1.7e+01    0    1.6e-01  -598.94063414  -322.71290911    -0.00000876   0.015821   6.3e-02   1.3e-04 0.05
    20      60    2.2e+01    3    1.5e-01  -598.94291377  -322.71518875    -0.00227964   0.001320   5.3e-03   1.2e-04 0.05
    21      60    2.4e+01    0    1.5e-01  -598.94291767  -322.71519265    -0.00000390   0.001320   5.3e-03   1.2e-04 0.05
    22      74    3.0e+01    0    1.5e-01  -598.94294156  -322.71521654    -0.00002389   0.000492   2.0e-03   2.3e-04 0.05
 
RESULTS OF THE OCCUPATION OPTIMIZATION
========================================
   1    1.9997735  -20.07619626
   2    1.9996945  -15.70398854
   3    1.9995918  -11.60748103
   4    1.9994652  -11.29389904
   5    1.9994932  -11.27856920
   6    1.9995321  -11.25709689
   7    1.9994725  -11.24590130
   8    1.9894463  -1.32164109
   9    1.9890684  -1.23013055
  10    1.9796439  -1.06648642
  11    1.9781213  -1.00366546
  12    1.9750964  -0.85319342
  13    1.9671223  -0.73015616
  14    1.9620529  -0.70140510
  15    1.9742507  -0.69721227
  16    1.9746088  -0.69662461
  17    1.9741460  -0.67156479
  18    1.9832122  -0.66319566
  19    1.9670277  -0.66182586
  20    1.9723466  -0.65352969
  21    1.9701774  -0.64251787
  22    1.9661806  -0.61290561
  23    1.9517001  -0.45224723
  24    1.9527315  -0.42559208
  25    1.9519483  -0.42373551
  26    0.0480517  -0.04329620
  27    0.0472685  -0.04130552
  28    0.0482999  -0.05056244
  29    0.0338194  -0.04067233
  30    0.0298226  -0.03447864
  31    0.0276534  -0.02736838
  32    0.0329723  -0.04061221
  33    0.0167878  -0.01923941
  34    0.0258540  -0.02601893
  35    0.0253912  -0.02564781
  36    0.0257493  -0.02670630
  37    0.0379471  -0.05072108
  38    0.0328777  -0.03864302
  39    0.0249036  -0.03210776
  40    0.0218787  -0.03005430
  41    0.0203561  -0.02872105
  42    0.0109316  -0.01802036
  43    0.0105537  -0.02107808
  44    0.0005275  -0.00886165
  45    0.0004679  -0.00809042
  46    0.0005068  -0.00862270
  47    0.0005348  -0.00894400
  48    0.0004082  -0.00738347
  49    0.0003055  -0.00740331
  50    0.0002265  -0.00726830
 
----------------
 Final Energies 
----------------
Final NOF Total Energy =    -322.7152165
 
Total Orbital Internal Iterations = 904
Total Occupation Internal Iterations = 93
 
Elapsed time:  426.72 Seconds

---------------------------------
   Lowdin Population Analysis    
---------------------------------
 Idx  Atom   Population   Charge 
---------------------------------
  1     C     5.937       0.063
  2     C     5.923       0.077
  3     C     5.959       0.041
  4     C     6.075      -0.075
  5     N     6.703       0.297
  6     C     6.488      -0.488
  7     O     7.347       0.653
  8     H     1.059      -0.059
  9     H     1.070      -0.070
 10     H     1.071      -0.071
 11     H     1.065      -0.065
 12     H     1.303      -0.303

---------------------------------
   M Diagnostic: 0.05
---------------------------------

