Computing Integrals
Basis Set                                            = def2-qzvp
Auxiliary Basis Set                                  = def2-universal-jkfit
Gaussian Type                                        = Spherical
Elapsed time:    3.33 Seconds

Number of basis functions                   (NBF)    = 241
Number of auxiliary basis functions         (NBFAUX) = 359
Inactive Doubly occupied orbitals up to     (NO1)    = 0
No. considered Strongly Doubly occupied MOs (NDOC)   = 21
No. considered Strongly Singly occupied MOs (NSOC)   = 0
NO. of Weakly occ. per St. Doubly occ.  MOs (NCWO)   = 1
Dimension of the Nat. Orb. subspace         (NBF5)   = 42
No. of electrons                                     = 42
    No. of alpha electrons                           = 21
    No. of beta electrons                            = 21
Multiplicity                                         = 1

Geometry
========
 P       0.0000000       0.0000000       0.5053380
 F       0.0000000       1.3729200      -0.2807430
 F      -1.1889840      -0.6864600      -0.2807430
 F       1.1889840      -0.6864600      -0.2807430

No violations of the orthonormality
No violations of the orthonormality
 
PNOF8/ADABelief Calculation
==================
 
  Nitext  Nit_orb  Time   Nit_occ  Time         Eelec          Etot           Ediff      maxdiff    MaxGrad_orb  Grad_occ
     1      10    1.0e+01    7    1.2e+01  -829.60948104  -640.06517012 -10828.60948104   0.020505   8.2e-02   1.7e-04 0.04
     2      20    2.5e+00   30    5.2e-02  -829.63087832  -640.08656741    -0.02139729   0.519565   2.1e+00   1.1e-04 0.04
     3      20    2.9e+00   11    2.0e-02  -829.68773758  -640.14342667    -0.05685926   0.052511   2.1e-01   2.3e-04 0.04
     4      20    2.5e+00    0    4.5e-02  -829.69282359  -640.14851267    -0.00508600   0.052511   2.1e-01   2.3e-04 0.04
     5      40    5.7e+00    8    2.2e-02  -829.72289672  -640.17858581    -0.03007313   0.008239   3.3e-02   1.2e-04 0.04
     6      40    5.0e+00    6    1.6e-02  -829.73029411  -640.18598319    -0.00739739   0.010324   4.1e-02   2.3e-04 0.04
     7      40    6.1e+00    6    4.7e-02  -829.73438076  -640.19006985    -0.00408665   0.008129   3.3e-02   1.4e-04 0.04
     8      40    5.5e+00    6    2.4e-02  -829.73634009  -640.19202918    -0.00195933   0.007496   3.0e-02   7.8e-05 0.04
     9      40    6.3e+00    5    4.2e-02  -829.73746128  -640.19315037    -0.00112119   0.008530   3.4e-02   1.6e-04 0.04
    10      40    5.1e+00    4    1.8e-02  -829.73834935  -640.19403844    -0.00088807   0.007712   3.1e-02   2.3e-04 0.04
    11      40    6.1e+00    5    2.4e-02  -829.73968289  -640.19537198    -0.00133354   0.009054   3.6e-02   1.6e-04 0.04
    12      40    6.5e+00    4    4.7e-02  -829.74072128  -640.19641036    -0.00103838   0.008122   3.2e-02   1.2e-04 0.04
    13      40    5.8e+00    3    2.6e-02  -829.74164457  -640.19733366    -0.00092330   0.009043   3.6e-02   1.3e-04 0.04
    14      40    5.6e+00    3    2.5e-02  -829.74244942  -640.19813850    -0.00080484   0.008938   3.6e-02   1.1e-04 0.04
    15      40    5.9e+00    3    2.0e-02  -829.74311665  -640.19880573    -0.00066723   0.008521   3.4e-02   1.2e-04 0.04
    16      40    6.7e+00    3    1.8e-02  -829.74363246  -640.19932155    -0.00051581   0.008160   3.3e-02   1.2e-04 0.04
    17      40    5.7e+00    3    5.2e-02  -829.74393961  -640.19962869    -0.00030715   0.008866   3.5e-02   1.3e-04 0.04
    18      40    6.4e+00    3    2.7e-02  -829.74415956  -640.19984864    -0.00021995   0.008447   3.4e-02   1.2e-04 0.04
    19      40    5.5e+00    3    1.6e-02  -829.74433232  -640.20002140    -0.00017276   0.008981   3.6e-02   1.2e-04 0.04
    20      40    5.3e+00    2    1.9e-02  -829.74444929  -640.20013838    -0.00011698   0.008474   3.4e-02   2.3e-04 0.04
    21      40    7.7e+00    2    4.7e-02  -829.74457205  -640.20026114    -0.00012276   0.009195   3.7e-02   2.7e-04 0.04
    22      40    5.7e+00    2    1.7e-02  -829.74464574  -640.20033483    -0.00007369   0.008980   3.6e-02   2.1e-04 0.04
    23      40    6.2e+00    2    1.8e-02  -829.74473272  -640.20042181    -0.00008698   0.009380   3.8e-02   2.1e-04 0.04
    24      40    5.2e+00    2    3.9e-02  -829.74477311  -640.20046219    -0.00004038   0.008863   3.5e-02   1.9e-04 0.04
    25      40    5.6e+00    2    1.8e-02  -829.74490143  -640.20059051    -0.00012832   0.009963   4.0e-02   1.7e-04 0.04
    26      40    5.3e+00    2    1.8e-02  -829.74497998  -640.20066906    -0.00007855   0.008811   3.5e-02   1.9e-04 0.04
    27      40    5.6e+00    2    3.7e-02  -829.74512096  -640.20081005    -0.00014099   0.009958   4.0e-02   2.0e-04 0.04
    28      40    5.5e+00    3    1.5e-02  -829.74518862  -640.20087771    -0.00006766   0.008942   3.6e-02   1.8e-04 0.04
    29      40    5.9e+00    2    1.8e-02  -829.74531753  -640.20100661    -0.00012890   0.009551   3.8e-02   1.8e-04 0.04
    30      40    5.6e+00    2    4.5e-02  -829.74533966  -640.20102874    -0.00002213   0.009026   3.6e-02   1.9e-04 0.04
    31      40    5.4e+00    2    1.8e-02  -829.74537012  -640.20105920    -0.00003046   0.008854   3.5e-02   1.8e-04 0.04
    32      40    5.8e+00    0    6.0e-02  -829.74537472  -640.20106381    -0.00000460   0.008854   3.5e-02   1.8e-04 0.04
    33      60    8.8e+00    2    3.8e-02  -829.74666151  -640.20235059    -0.00128678   0.000708   2.8e-03   1.9e-04 0.04
 
RESULTS OF THE OCCUPATION OPTIMIZATION
========================================
   1    1.9999604  -80.13999080
   2    1.9998479  -26.38742744
   3    1.9998390  -26.38560640
   4    1.9998305  -26.38424332
   5    1.9987770  -7.57548616
   6    1.9980139  -5.56442335
   7    1.9980304  -5.52357287
   8    1.9980749  -5.51987283
   9    1.9935381  -1.67524619
  10    1.9927533  -1.63051889
  11    1.9907646  -1.62172487
  12    1.9875801  -0.95838399
  13    1.9835587  -0.79940356
  14    1.9860749  -0.79019188
  15    1.9831372  -0.78197695
  16    1.9775977  -0.73608747
  17    1.9778914  -0.73257878
  18    1.9770989  -0.72808135
  19    1.9620632  -0.69691412
  20    1.9612951  -0.69425895
  21    1.9614103  -0.67292848
  22    0.0385897  -0.05765180
  23    0.0387049  -0.05896377
  24    0.0379368  -0.05816031
  25    0.0229011  -0.02991443
  26    0.0221086  -0.02883129
  27    0.0224023  -0.02964682
  28    0.0168628  -0.02384793
  29    0.0139251  -0.02721811
  30    0.0164413  -0.02336551
  31    0.0124199  -0.02743762
  32    0.0092354  -0.02548796
  33    0.0072467  -0.01960849
  34    0.0064619  -0.02216683
  35    0.0019251  -0.01905385
  36    0.0019696  -0.01915699
  37    0.0019861  -0.02181754
  38    0.0012230  -0.01301574
  39    0.0001695  -0.00708382
  40    0.0001610  -0.00689144
  41    0.0001521  -0.00637217
  42    0.0000396  -0.00571217
 
----------------
 Final Energies 
----------------
Final NOF Total Energy =    -640.2023506
 
Total Orbital Internal Iterations = 1250
Total Occupation Internal Iterations = 140
 
Elapsed time:  216.62 Seconds

---------------------------------
   Lowdin Population Analysis    
---------------------------------
 Idx  Atom   Population   Charge 
---------------------------------
  1     P    15.502      -0.502
  2     F     8.835       0.165
  3     F     8.830       0.170
  4     F     8.833       0.167

---------------------------------
   M Diagnostic: 0.04
---------------------------------

