Computing Integrals
Basis Set                                            = def2-qzvp
Auxiliary Basis Set                                  = def2-universal-jkfit
Gaussian Type                                        = Spherical
Elapsed time:    1.76 Seconds

Number of basis functions                   (NBF)    = 70
Number of auxiliary basis functions         (NBFAUX) = 128
Inactive Doubly occupied orbitals up to     (NO1)    = 0
No. considered Strongly Doubly occupied MOs (NDOC)   = 9
No. considered Strongly Singly occupied MOs (NSOC)   = 0
NO. of Weakly occ. per St. Doubly occ.  MOs (NCWO)   = 6
Dimension of the Nat. Orb. subspace         (NBF5)   = 63
No. of electrons                                     = 18
    No. of alpha electrons                           = 9
    No. of beta electrons                            = 9
Multiplicity                                         = 1

Geometry
========
Cl      -0.0526998       1.4342122      -1.1479971

No violations of the orthonormality
No violations of the orthonormality
 
PNOF8/ADABelief Calculation
==================
 
  Nitext  Nit_orb  Time   Nit_occ  Time         Eelec          Etot           Ediff      maxdiff    MaxGrad_orb  Grad_occ
     1      10    8.9e+00   32    1.2e+01  -459.78701294  -459.78701294 -10458.78701294   0.016205   6.5e-02   2.2e-04 0.02
     2      20    6.2e-02   49    4.4e-02  -459.98354537  -459.98354537    -0.19653243   0.620619   2.5e+00   2.2e-04 0.02
     3      20    7.0e-02   23    2.1e-02  -460.04520508  -460.04520508    -0.06165971   0.278054   1.1e+00   2.1e-04 0.02
     4      20    5.6e-02   18    1.6e-02  -460.06587423  -460.06587423    -0.02066915   0.065258   2.6e-01   2.7e-04 0.02
     5      20    6.6e-02   16    1.4e-02  -460.08117487  -460.08117487    -0.01530064   0.049773   2.0e-01   2.3e-04 0.02
     6      20    5.7e-02   27    8.9e-02  -460.09226896  -460.09226896    -0.01109408   0.058184   2.3e-01   2.2e-04 0.02
     7      20    5.0e-02   15    1.3e-02  -460.09791306  -460.09791306    -0.00564410   0.042074   1.7e-01   2.5e-04 0.02
     8      20    6.0e-02   20    1.9e-02  -460.10277439  -460.10277439    -0.00486133   0.048718   1.9e-01   2.0e-04 0.02
     9      20    5.3e-02   15    1.5e-02  -460.10540590  -460.10540590    -0.00263150   0.045382   1.8e-01   1.9e-04 0.02
    10      20    5.2e-02    5    6.7e-03  -460.10756948  -460.10756948    -0.00216359   0.046173   1.8e-01   2.2e-04 0.02
    11      20    4.9e-02    5    6.8e-03  -460.10787962  -460.10787962    -0.00031014   0.045652   1.8e-01   2.3e-04 0.02
    12      20    5.0e-02    6    7.2e-03  -460.10817653  -460.10817653    -0.00029690   0.038086   1.5e-01   1.7e-04 0.02
    13      20    7.2e-02    6    7.4e-03  -460.10909277  -460.10909277    -0.00091624   0.038750   1.5e-01   2.0e-04 0.02
    14      20    6.4e-02    3    3.9e-03  -460.11020202  -460.11020202    -0.00110926   0.036851   1.5e-01   1.7e-04 0.02
    15      20    6.1e-02    3    5.1e-03  -460.11072065  -460.11072065    -0.00051863   0.035145   1.4e-01   1.9e-04 0.02
    16      20    5.6e-02    0    3.3e-03  -460.11074095  -460.11074095    -0.00002029   0.035145   1.4e-01   1.9e-04 0.02
    17      40    1.2e-01    3    5.3e-03  -460.11417687  -460.11417687    -0.00343593   0.006336   2.5e-02   1.9e-04 0.02
    18      40    1.0e-01    1    3.0e-03  -460.11428774  -460.11428774    -0.00011087   0.005078   2.0e-02   1.8e-04 0.02
    19      40    1.3e-01    3    5.2e-03  -460.11435499  -460.11435499    -0.00006725   0.007521   3.0e-02   1.9e-04 0.02
    20      40    1.2e-01    1    2.3e-03  -460.11441582  -460.11441582    -0.00006082   0.006370   2.5e-02   1.6e-04 0.02
    21      40    1.0e-01    0    1.7e-03  -460.11442090  -460.11442090    -0.00000509   0.007454   3.0e-02   1.8e-04 0.02
    22      50    1.3e-01    0    3.4e-03  -460.11446429  -460.11446429    -0.00004339   0.004204   1.7e-02   2.1e-04 0.02
    23      60    1.5e-01    2    4.6e-03  -460.11449702  -460.11449702    -0.00003272   0.003342   1.3e-02   1.8e-04 0.02
    24      60    1.5e-01    0    1.8e-03  -460.11450142  -460.11450142    -0.00000440   0.002737   1.1e-02   1.8e-04 0.02
    25      70    1.8e-01    1    3.8e-03  -460.11452029  -460.11452029    -0.00001887   0.002542   1.0e-02   1.7e-04 0.02
    26      70    1.6e-01    0    1.6e-03  -460.11452109  -460.11452109    -0.00000080   0.002361   9.4e-03   1.7e-04 0.02
    27      80    1.9e-01    0    1.7e-03  -460.11453208  -460.11453208    -0.00001099   0.002239   9.0e-03   1.5e-04 0.02
    28      90    2.2e-01    0    3.3e-03  -460.11453941  -460.11453941    -0.00000733   0.001875   7.5e-03   1.7e-04 0.02
    29     100    2.1e-01    0    3.4e-03  -460.11454506  -460.11454506    -0.00000565   0.001702   6.8e-03   1.6e-04 0.02
    30     110    2.6e-01    0    1.6e-03  -460.11454850  -460.11454850    -0.00000344   0.001546   6.2e-03   1.7e-04 0.02
    31     120    2.4e-01    0    3.3e-03  -460.11455194  -460.11455194    -0.00000344   0.001400   5.6e-03   1.6e-04 0.02
    32     130    2.8e-01    0    1.7e-03  -460.11455187  -460.11455187     0.00000006   0.001254   5.0e-03   1.7e-04 0.02
    33      87    1.9e-01    0    1.7e-03  -460.11456032  -460.11456032    -0.00000845   0.000497   2.0e-03   1.6e-04 0.02
 
RESULTS OF THE OCCUPATION OPTIMIZATION
========================================
   1    1.9999975  -104.55167185
   2    1.9994950  -10.24847894
   3    1.9993422  -7.71532977
   4    1.9991751  -7.71454661
   5    1.9992671  -7.71367006
   6    1.9851208  -0.74891352
   7    1.9793706  -0.17058004
   8    1.9693383  -0.16891619
   9    1.9713382  -0.16891370
  10    0.0092766  -0.01538902
  11    0.0099456  -0.01538054
  12    0.0080420  -0.02056248
  13    0.0077393  -0.03013762
  14    0.0005256  -0.01126122
  15    0.0006041  -0.01343072
  16    0.0004996  -0.01093487
  17    0.0004116  -0.01043343
  18    0.0000012  -0.00014608
  19    0.0090462  -0.01499739
  20    0.0096295  -0.01504776
  21    0.0073315  -0.01988693
  22    0.0021353  -0.01029495
  23    0.0000918  -0.00092016
  24    0.0000955  -0.00128224
  25    0.0001061  -0.00146063
  26    0.0000654  -0.00169510
  27    0.0000007  -0.00002714
  28    0.0084373  -0.01907157
  29    0.0095491  -0.01491212
  30    0.0022174  -0.00933697
  31    0.0020714  -0.01019912
  32    0.0000789  -0.00264103
  33    0.0000836  -0.00099890
  34    0.0000161  -0.00014335
  35    0.0000102  -0.00011759
  36    0.0000003  -0.00001663
  37    0.0006360  -0.00144512
  38    0.0006305  -0.00137489
  39    0.0021243  -0.00938491
  40    0.0020565  -0.01022097
  41    0.0000139  -0.00014830
  42    0.0000148  -0.00013749
  43    0.0000140  -0.00096926
  44    0.0000085  -0.00008862
  45    0.0000001  -0.00001123
  46    0.0006350  -0.00144335
  47    0.0006274  -0.00137219
  48    0.0006419  -0.00157104
  49    0.0005662  -0.00156277
  50    0.0000138  -0.00013446
  51    0.0000140  -0.00013437
  52    0.0000113  -0.00012264
  53    0.0000056  -0.00007192
  54    0.0000001  -0.00000962
  55    0.0006307  -0.00140584
  56    0.0002797  -0.00101539
  57    0.0002724  -0.00117971
  58    0.0003105  -0.00149351
  59    0.0000089  -0.00010164
  60    0.0000128  -0.00012897
  61    0.0000108  -0.00011966
  62    0.0000039  -0.00055837
  63    0.0000001  -0.00000915
 
----------------
 Final Energies 
----------------
Final NOF Total Energy =    -460.1145603
 
Total Orbital Internal Iterations = 1537
Total Occupation Internal Iterations = 254
 
Elapsed time:   31.16 Seconds

---------------------------------
   Lowdin Population Analysis    
---------------------------------
 Idx  Atom   Population   Charge 
---------------------------------
  1    Cl    18.000      -1.000

---------------------------------
   M Diagnostic: 0.02
---------------------------------

