Computing Integrals
Basis Set                                            = def2-qzvp
Auxiliary Basis Set                                  = def2-universal-jkfit
Gaussian Type                                        = Spherical
Elapsed time:    5.95 Seconds

Number of basis functions                   (NBF)    = 258
Number of auxiliary basis functions         (NBFAUX) = 326
Inactive Doubly occupied orbitals up to     (NO1)    = 0
No. considered Strongly Doubly occupied MOs (NDOC)   = 16
No. considered Strongly Singly occupied MOs (NSOC)   = 0
NO. of Weakly occ. per St. Doubly occ.  MOs (NCWO)   = 15
Dimension of the Nat. Orb. subspace         (NBF5)   = 256
No. of electrons                                     = 32
    No. of alpha electrons                           = 16
    No. of beta electrons                            = 16
Multiplicity                                         = 1

Geometry
========
 N      -6.0621076       1.0771483       0.1240269
 N      -4.9480154       1.4388084       0.4093913
 N      -7.1816965       0.7579418      -0.1486349
 F      -2.7901934       0.0821206       0.3920122
 H      -3.6339477       0.5853423       0.3904000

No violations of the orthonormality
No violations of the orthonormality
 
PNOF8/ADABelief Calculation
==================
 
  Nitext  Nit_orb  Time   Nit_occ  Time         Eelec          Etot           Ediff      maxdiff    MaxGrad_orb  Grad_occ
     1      10    1.3e+01   91    2.1e+01  -357.91947274  -263.95062110 -10356.91947274   0.023881   9.6e-02   2.0e-04 0.04
     2      20    7.8e+00   51    5.3e+00  -358.20586564  -264.23701400    -0.28639290   0.735021   2.9e+00   2.5e-04 0.03
     3      20    7.8e+00   32    3.5e+00  -358.28835755  -264.31950592    -0.08249192   0.457066   1.8e+00   2.4e-04 0.03
     4      20    7.8e+00   39    4.2e+00  -358.34234240  -264.37349076    -0.05398484   0.301289   1.2e+00   2.3e-04 0.03
     5      20    8.1e+00   21    2.4e+00  -358.35803555  -264.38918391    -0.01569315   0.034093   1.4e-01   2.5e-04 0.04
     6      20    8.9e+00   14    1.8e+00  -358.37293417  -264.40408253    -0.01489862   0.035880   1.4e-01   2.5e-04 0.04
     7      20    7.9e+00   21    2.4e+00  -358.38125078  -264.41239915    -0.00831661   0.057490   2.3e-01   2.2e-04 0.04
     8      20    8.1e+00   20    2.4e+00  -358.38654300  -264.41769136    -0.00529221   0.028490   1.1e-01   2.3e-04 0.04
     9      20    7.9e+00   13    1.7e+00  -358.38725673  -264.41840509    -0.00071373   0.034968   1.4e-01   2.5e-04 0.04
    10      20    7.7e+00    7    1.0e+00  -358.38896227  -264.42011064    -0.00170555   0.030415   1.2e-01   2.9e-04 0.04
    11      20    7.7e+00   16    1.9e+00  -358.39426097  -264.42540933    -0.00529870   0.028935   1.2e-01   1.6e-04 0.04
    12      20    8.0e+00    7    1.0e+00  -358.39476895  -264.42591731    -0.00050798   0.033155   1.3e-01   2.6e-04 0.04
    13      20    8.1e+00    0    3.7e-01  -358.39486332  -264.42601168    -0.00009437   0.033155   1.3e-01   2.6e-04 0.04
    14      40    1.6e+01   10    1.4e+00  -358.40913145  -264.44027981    -0.01426813   0.004700   1.9e-02   2.0e-04 0.04
    15      40    1.5e+01   10    1.4e+00  -358.40939033  -264.44053869    -0.00025888   0.004669   1.9e-02   2.1e-04 0.04
    16      40    1.6e+01    7    1.0e+00  -358.40965493  -264.44080329    -0.00026461   0.006085   2.4e-02   2.6e-04 0.04
    17      40    1.6e+01    7    1.0e+00  -358.40999106  -264.44113943    -0.00033613   0.004258   1.7e-02   2.6e-04 0.04
    18      40    1.5e+01    7    1.1e+00  -358.41015410  -264.44130246    -0.00016304   0.003999   1.6e-02   2.6e-04 0.04
    19      40    1.5e+01    4    7.6e-01  -358.41031921  -264.44146757    -0.00016511   0.004260   1.7e-02   2.9e-04 0.04
    20      40    1.5e+01    7    1.1e+00  -358.41039749  -264.44154585    -0.00007828   0.004498   1.8e-02   2.2e-04 0.04
    21      40    1.7e+01    7    1.1e+00  -358.41057766  -264.44172602    -0.00018017   0.004194   1.7e-02   2.6e-04 0.04
    22      40    1.6e+01    1    4.5e-01  -358.41063312  -264.44178148    -0.00005546   0.003570   1.4e-02   3.0e-04 0.04
    23      40    1.6e+01    3    6.3e-01  -358.41072536  -264.44187373    -0.00009225   0.003237   1.3e-02   2.8e-04 0.04
    24      40    1.6e+01    0    3.8e-01  -358.41073614  -264.44188450    -0.00001078   0.003237   1.3e-02   2.8e-04 0.04
    25      60    2.3e+01    0    3.6e-01  -358.41115812  -264.44230648    -0.00042198   0.000520   2.1e-03   2.7e-04 0.04
 
RESULTS OF THE OCCUPATION OPTIMIZATION
========================================
   1    1.9999899  -26.11291338
   2    1.9999703  -15.50017475
   3    1.9999615  -15.42423292
   4    1.9999714  -15.39561103
   5    1.9880189  -1.34134542
   6    1.9864589  -0.96394563
   7    1.9849867  -0.90124229
   8    1.9766992  -0.69533492
   9    1.9764091  -0.65292003
  10    1.9746821  -0.63819494
  11    1.9787214  -0.47670485
  12    1.9786459  -0.47653338
  13    1.9830732  -0.46875351
  14    1.9789299  -0.39975191
  15    1.9625861  -0.25473918
  16    1.9629402  -0.17507355
  17    0.0340751  -0.04817212
  18    0.0323362  -0.04772196
  19    0.0052026  -0.00981978
  20    0.0053472  -0.01082707
  21    0.0105501  -0.02007059
  22    0.0110936  -0.02040816
  23    0.0206858  -0.03669526
  24    0.0198523  -0.03535266
  25    0.0192663  -0.03478178
  26    0.0066374  -0.01666359
  27    0.0062656  -0.01644860
  28    0.0070610  -0.02258846
  29    0.0000181  -0.00045688
  30    0.0000262  -0.00070818
  31    0.0000188  -0.00052669
  32    0.0000089  -0.00040028
  33    0.0022153  -0.00465625
  34    0.0023667  -0.00490883
  35    0.0045935  -0.00855961
  36    0.0052931  -0.01052541
  37    0.0040592  -0.00948869
  38    0.0042217  -0.00958382
  39    0.0033749  -0.00860768
  40    0.0022184  -0.00558580
  41    0.0026062  -0.00598802
  42    0.0038318  -0.00807465
  43    0.0029490  -0.00643351
  44    0.0029746  -0.00931884
  45    0.0000037  -0.00008955
  46    0.0000034  -0.00006829
  47    0.0000028  -0.00004250
  48    0.0000003  -0.00001555
  49    0.0001817  -0.00054898
  50    0.0022728  -0.00471015
  51    0.0045679  -0.00831387
  52    0.0021519  -0.00754590
  53    0.0038869  -0.00948803
  54    0.0039573  -0.00948856
  55    0.0002825  -0.00109276
  56    0.0006600  -0.00191347
  57    0.0003685  -0.00114248
  58    0.0013429  -0.00491386
  59    0.0014092  -0.00514321
  60    0.0005492  -0.00491497
  61    0.0000014  -0.00003052
  62    0.0000025  -0.00006810
  63    0.0000018  -0.00003556
  64    0.0000001  -0.00000310
  65    0.0001684  -0.00048602
  66    0.0001549  -0.00045735
  67    0.0039145  -0.00698617
  68    0.0014204  -0.00321881
  69    0.0010053  -0.00384067
  70    0.0008447  -0.00299539
  71    0.0002802  -0.00108388
  72    0.0002408  -0.00076319
  73    0.0003323  -0.00107142
  74    0.0009447  -0.00303800
  75    0.0012156  -0.00348451
  76    0.0003981  -0.00177807
  77    0.0000012  -0.00002436
  78    0.0000016  -0.00003236
  79    0.0000014  -0.00003073
  80    0.0000001  -0.00000215
  81    0.0001668  -0.00048126
  82    0.0001097  -0.00039714
  83    0.0009716  -0.00275489
  84    0.0006103  -0.00285052
  85    0.0008310  -0.00300970
  86    0.0004399  -0.00141724
  87    0.0002594  -0.00099173
  88    0.0002027  -0.00067498
  89    0.0002117  -0.00068682
  90    0.0005857  -0.00191426
  91    0.0005258  -0.00364053
  92    0.0002629  -0.00114103
  93    0.0000009  -0.00002428
  94    0.0000009  -0.00001859
  95    0.0000010  -0.00003100
  96    0.0000001  -0.00000149
  97    0.0001084  -0.00032428
  98    0.0000578  -0.00018548
  99    0.0007229  -0.00200766
 100    0.0005726  -0.00290588
 101    0.0004702  -0.00166600
 102    0.0002942  -0.00107551
 103    0.0002274  -0.00087522
 104    0.0001317  -0.00046182
 105    0.0002041  -0.00066057
 106    0.0005392  -0.00282933
 107    0.0004120  -0.00268712
 108    0.0002532  -0.00113481
 109    0.0000008  -0.00001902
 110    0.0000008  -0.00001876
 111    0.0000009  -0.00002086
 112    0.0000001  -0.00000133
 113    0.0000587  -0.00016158
 114    0.0000368  -0.00012470
 115    0.0003022  -0.00081338
 116    0.0004832  -0.00144434
 117    0.0002704  -0.00098193
 118    0.0002814  -0.00102670
 119    0.0000795  -0.00032800
 120    0.0001199  -0.00047261
 121    0.0001351  -0.00048732
 122    0.0004037  -0.00220264
 123    0.0002493  -0.00095630
 124    0.0002492  -0.00110081
 125    0.0000005  -0.00001868
 126    0.0000006  -0.00002048
 127    0.0000007  -0.00003794
 128    0.0000001  -0.00000096
 129    0.0000203  -0.00007839
 130    0.0000156  -0.00007104
 131    0.0002816  -0.00078285
 132    0.0003440  -0.00154332
 133    0.0000865  -0.00039701
 134    0.0000266  -0.00014469
 135    0.0000413  -0.00015607
 136    0.0000461  -0.00021180
 137    0.0000701  -0.00031508
 138    0.0002408  -0.00071330
 139    0.0002203  -0.00074344
 140    0.0000775  -0.00107270
 141    0.0000004  -0.00001606
 142    0.0000005  -0.00002573
 143    0.0000005  -0.00003106
 144    0.0000001  -0.00000103
 145    0.0000149  -0.00007057
 146    0.0000139  -0.00006376
 147    0.0001566  -0.00066590
 148    0.0002657  -0.00080224
 149    0.0000693  -0.00032270
 150    0.0000199  -0.00012414
 151    0.0000176  -0.00013620
 152    0.0000344  -0.00014990
 153    0.0000187  -0.00010485
 154    0.0002309  -0.00070999
 155    0.0000981  -0.00095755
 156    0.0000425  -0.00030220
 157    0.0000004  -0.00001889
 158    0.0000005  -0.00001515
 159    0.0000004  -0.00002197
 160    0.0000001  -0.00000083
 161    0.0000113  -0.00004666
 162    0.0000135  -0.00006103
 163    0.0001444  -0.00076528
 164    0.0001576  -0.00058580
 165    0.0000353  -0.00016980
 166    0.0000192  -0.00012212
 167    0.0000159  -0.00010532
 168    0.0000167  -0.00009283
 169    0.0000181  -0.00010649
 170    0.0001283  -0.00064487
 171    0.0000874  -0.00067265
 172    0.0000284  -0.00017494
 173    0.0000003  -0.00001645
 174    0.0000003  -0.00001434
 175    0.0000004  -0.00001090
 176    0.0000001  -0.00000057
 177    0.0000107  -0.00005455
 178    0.0000110  -0.00005042
 179    0.0000950  -0.00040380
 180    0.0000915  -0.00051581
 181    0.0000254  -0.00014303
 182    0.0000179  -0.00010987
 183    0.0000157  -0.00010554
 184    0.0000159  -0.00009304
 185    0.0000163  -0.00009933
 186    0.0000356  -0.00019266
 187    0.0000320  -0.00017309
 188    0.0000205  -0.00015420
 189    0.0000002  -0.00000397
 190    0.0000003  -0.00000498
 191    0.0000003  -0.00000439
 192    0.0000001  -0.00000050
 193    0.0000102  -0.00005298
 194    0.0000087  -0.00004533
 195    0.0000450  -0.00022400
 196    0.0000682  -0.00031862
 197    0.0000174  -0.00011300
 198    0.0000176  -0.00010704
 199    0.0000152  -0.00010034
 200    0.0000154  -0.00009167
 201    0.0000154  -0.00008690
 202    0.0000275  -0.00015396
 203    0.0000234  -0.00016185
 204    0.0000181  -0.00012280
 205    0.0000002  -0.00000318
 206    0.0000003  -0.00000384
 207    0.0000003  -0.00000443
 208    0.0000001  -0.00000055
 209    0.0000073  -0.00004295
 210    0.0000071  -0.00004202
 211    0.0000337  -0.00016589
 212    0.0000505  -0.00027510
 213    0.0000168  -0.00010866
 214    0.0000170  -0.00010080
 215    0.0000094  -0.00005997
 216    0.0000143  -0.00008647
 217    0.0000140  -0.00008290
 218    0.0000253  -0.00016155
 219    0.0000197  -0.00013950
 220    0.0000173  -0.00012273
 221    0.0000002  -0.00000308
 222    0.0000002  -0.00000390
 223    0.0000002  -0.00000399
 224    0.0000000  -0.00000040
 225    0.0000068  -0.00004239
 226    0.0000060  -0.00003987
 227    0.0000258  -0.00014639
 228    0.0000419  -0.00021547
 229    0.0000161  -0.00010613
 230    0.0000162  -0.00010723
 231    0.0000081  -0.00004894
 232    0.0000119  -0.00007595
 233    0.0000131  -0.00008496
 234    0.0000209  -0.00013469
 235    0.0000173  -0.00012463
 236    0.0000152  -0.00012071
 237    0.0000002  -0.00000245
 238    0.0000002  -0.00000321
 239    0.0000002  -0.00000339
 240    0.0000000  -0.00000037
 241    0.0000039  -0.00003420
 242    0.0000030  -0.00003118
 243    0.0000129  -0.00009387
 244    0.0000288  -0.00016280
 245    0.0000145  -0.00010834
 246    0.0000113  -0.00007854
 247    0.0000050  -0.00004149
 248    0.0000106  -0.00007276
 249    0.0000109  -0.00006278
 250    0.0000187  -0.00012739
 251    0.0000164  -0.00012166
 252    0.0000133  -0.00010730
 253    0.0000002  -0.00000246
 254    0.0000002  -0.00000296
 255    0.0000001  -0.00000101
 256    0.0000000  -0.00000036
 
----------------
 Final Energies 
----------------
Final NOF Total Energy =    -264.4423065
 
Total Orbital Internal Iterations = 750
Total Occupation Internal Iterations = 395
 
Elapsed time:  398.65 Seconds

---------------------------------
   Lowdin Population Analysis    
---------------------------------
 Idx  Atom   Population   Charge 
---------------------------------
  1     N     7.173      -0.173
  2     N     7.187      -0.187
  3     N     7.280      -0.280
  4     F     8.722       0.278
  5     H     1.639      -0.639

---------------------------------
   M Diagnostic: 0.04
---------------------------------

