Computing Integrals
Basis Set                                            = def2-qzvp
Auxiliary Basis Set                                  = def2-universal-jkfit
Gaussian Type                                        = Spherical
Elapsed time:    1.79 Seconds

Number of basis functions                   (NBF)    = 147
Number of auxiliary basis functions         (NBFAUX) = 131
Inactive Doubly occupied orbitals up to     (NO1)    = 0
No. considered Strongly Doubly occupied MOs (NDOC)   = 5
No. considered Strongly Singly occupied MOs (NSOC)   = 0
NO. of Weakly occ. per St. Doubly occ.  MOs (NCWO)   = 28
Dimension of the Nat. Orb. subspace         (NBF5)   = 145
No. of electrons                                     = 10
    No. of alpha electrons                           = 5
    No. of beta electrons                            = 5
Multiplicity                                         = 1

Geometry
========
 N      -1.0714682      -0.0091258       1.5027946
 H      -0.6175728      -0.9169838       1.4741486
 H      -0.6009001       0.4868762       2.2535558
 H      -0.7630722       0.4831850       0.6081727

No violations of the orthonormality
No violations of the orthonormality
 
PNOF8/ADABelief Calculation
==================
 
  Nitext  Nit_orb  Time   Nit_occ  Time         Eelec          Etot           Ediff      maxdiff    MaxGrad_orb  Grad_occ
     1      10    1.0e+01   38    1.2e+01   -68.19685166   -56.45843909 -10067.19685166   0.018567   7.4e-02   2.1e-04 0.03
     2      20    2.1e+00   11    2.0e-01   -68.22648416   -56.48807160    -0.02963250   0.083174   3.3e-01   2.1e-04 0.03
     3      20    2.5e+00   11    1.5e-01   -68.23034291   -56.49193034    -0.00385875   0.032028   1.3e-01   2.0e-04 0.02
     4      20    2.6e+00   10    2.1e-01   -68.23223154   -56.49381897    -0.00188863   0.018926   7.6e-02   2.1e-04 0.02
     5      20    2.3e+00   10    2.0e-01   -68.23382704   -56.49541448    -0.00159551   0.017262   6.9e-02   1.7e-04 0.02
     6      20    2.6e+00   10    1.8e-01   -68.23634196   -56.49792940    -0.00251492   0.013572   5.4e-02   2.0e-04 0.02
     7      20    2.6e+00   10    1.8e-01   -68.23791526   -56.49950270    -0.00157331   0.014616   5.8e-02   1.6e-04 0.02
     8      20    2.4e+00    7    1.7e-01   -68.23885916   -56.50044659    -0.00094389   0.012773   5.1e-02   2.1e-04 0.02
     9      20    2.1e+00    0    4.8e-02   -68.23899036   -56.50057779    -0.00013120   0.012773   5.1e-02   2.1e-04 0.02
    10      40    4.8e+00    3    1.3e-01   -68.23987913   -56.50146656    -0.00088877   0.001623   6.5e-03   1.4e-04 0.02
    11      40    5.3e+00    3    1.1e-01   -68.24003952   -56.50162696    -0.00016040   0.001292   5.2e-03   1.2e-04 0.02
    12      40    4.7e+00    3    6.8e-02   -68.24012927   -56.50171671    -0.00008975   0.001214   4.9e-03   1.2e-04 0.02
    13      40    5.1e+00    3    6.6e-02   -68.24018756   -56.50177499    -0.00005829   0.000988   4.0e-03   1.6e-04 0.02
 
RESULTS OF THE OCCUPATION OPTIMIZATION
========================================
   1    1.9999437  -15.56515244
   2    1.9860237  -1.02158737
   3    1.9721208  -0.63547780
   4    1.9720364  -0.63343686
   5    1.9727849  -0.63091415
   6    0.0200718  -0.02706989
   7    0.0175950  -0.02479252
   8    0.0173449  -0.02472390
   9    0.0077343  -0.01604460
  10    0.0000552  -0.00157598
  11    0.0044404  -0.00768817
  12    0.0045532  -0.00780473
  13    0.0044773  -0.00785724
  14    0.0012097  -0.00532502
  15    0.0000007  -0.00006250
  16    0.0008866  -0.00201029
  17    0.0042273  -0.00760845
  18    0.0042044  -0.00749491
  19    0.0011352  -0.00377580
  20    0.0000001  -0.00000222
  21    0.0006545  -0.00151379
  22    0.0006327  -0.00146324
  23    0.0009183  -0.00202584
  24    0.0009827  -0.00300870
  25    0.0000000  -0.00000079
  26    0.0006233  -0.00183213
  27    0.0002670  -0.00075013
  28    0.0003075  -0.00087584
  29    0.0006629  -0.00264638
  30    0.0000000  -0.00000053
  31    0.0000958  -0.00032402
  32    0.0001729  -0.00051102
  33    0.0001684  -0.00049041
  34    0.0006218  -0.00161246
  35    0.0000000  -0.00000044
  36    0.0000957  -0.00033319
  37    0.0001443  -0.00046123
  38    0.0001089  -0.00034225
  39    0.0003814  -0.00105341
  40    0.0000000  -0.00000045
  41    0.0000821  -0.00028083
  42    0.0000885  -0.00031195
  43    0.0000797  -0.00027835
  44    0.0003340  -0.00096726
  45    0.0000000  -0.00000038
  46    0.0000534  -0.00019169
  47    0.0000634  -0.00020985
  48    0.0000531  -0.00018001
  49    0.0003037  -0.00088821
  50    0.0000000  -0.00000040
  51    0.0000526  -0.00016899
  52    0.0000492  -0.00017912
  53    0.0000517  -0.00016625
  54    0.0002816  -0.00081519
  55    0.0000000  -0.00000042
  56    0.0000412  -0.00014552
  57    0.0000461  -0.00016302
  58    0.0000406  -0.00014740
  59    0.0000658  -0.00025332
  60    0.0000000  -0.00000038
  61    0.0000302  -0.00011863
  62    0.0000274  -0.00010844
  63    0.0000252  -0.00010087
  64    0.0000374  -0.00014322
  65    0.0000000  -0.00000035
  66    0.0000192  -0.00007544
  67    0.0000157  -0.00006481
  68    0.0000221  -0.00007954
  69    0.0000342  -0.00013996
  70    0.0000000  -0.00000030
  71    0.0000119  -0.00005007
  72    0.0000138  -0.00004787
  73    0.0000122  -0.00005141
  74    0.0000296  -0.00013099
  75    0.0000000  -0.00000026
  76    0.0000100  -0.00004402
  77    0.0000117  -0.00005073
  78    0.0000112  -0.00004712
  79    0.0000240  -0.00010639
  80    0.0000000  -0.00000026
  81    0.0000087  -0.00003662
  82    0.0000102  -0.00003911
  83    0.0000103  -0.00004429
  84    0.0000237  -0.00010497
  85    0.0000000  -0.00000029
  86    0.0000084  -0.00003294
  87    0.0000088  -0.00003620
  88    0.0000090  -0.00003697
  89    0.0000189  -0.00008314
  90    0.0000000  -0.00000031
  91    0.0000064  -0.00002245
  92    0.0000076  -0.00002639
  93    0.0000082  -0.00003309
  94    0.0000183  -0.00008473
  95    0.0000000  -0.00000022
  96    0.0000040  -0.00001553
  97    0.0000066  -0.00002361
  98    0.0000043  -0.00001127
  99    0.0000151  -0.00006814
 100    0.0000000  -0.00000030
 101    0.0000034  -0.00001298
 102    0.0000047  -0.00001823
 103    0.0000036  -0.00001147
 104    0.0000133  -0.00006359
 105    0.0000000  -0.00000030
 106    0.0000028  -0.00000842
 107    0.0000032  -0.00001039
 108    0.0000031  -0.00000863
 109    0.0000103  -0.00005491
 110    0.0000000  -0.00000027
 111    0.0000025  -0.00000589
 112    0.0000029  -0.00000710
 113    0.0000029  -0.00000899
 114    0.0000089  -0.00006501
 115    0.0000000  -0.00000020
 116    0.0000021  -0.00000400
 117    0.0000025  -0.00000594
 118    0.0000026  -0.00000651
 119    0.0000074  -0.00008501
 120    0.0000000  -0.00000025
 121    0.0000020  -0.00000259
 122    0.0000023  -0.00000513
 123    0.0000023  -0.00000495
 124    0.0000059  -0.00003253
 125    0.0000000  -0.00000024
 126    0.0000018  -0.00000314
 127    0.0000018  -0.00000269
 128    0.0000021  -0.00000353
 129    0.0000051  -0.00002683
 130    0.0000000  -0.00000024
 131    0.0000016  -0.00000266
 132    0.0000018  -0.00000301
 133    0.0000020  -0.00000336
 134    0.0000047  -0.00002409
 135    0.0000000  -0.00000025
 136    0.0000015  -0.00000290
 137    0.0000017  -0.00000313
 138    0.0000019  -0.00000290
 139    0.0000032  -0.00001785
 140    0.0000000  -0.00000022
 141    0.0000013  -0.00000086
 142    0.0000012  -0.00000086
 143    0.0000014  -0.00000165
 144    0.0000031  -0.00001670
 145    0.0000000  -0.00000016
 
----------------
 Final Energies 
----------------
Final NOF Total Energy =     -56.5017750
 
Total Orbital Internal Iterations = 330
Total Occupation Internal Iterations = 119
 
Elapsed time:   71.20 Seconds

---------------------------------
   Lowdin Population Analysis    
---------------------------------
 Idx  Atom   Population   Charge 
---------------------------------
  1     N     6.471       0.529
  2     H     1.198      -0.198
  3     H     1.198      -0.198
  4     H     1.132      -0.132

---------------------------------
   M Diagnostic: 0.02
---------------------------------

