Computing Integrals
Basis Set                                            = def2-qzvp
Auxiliary Basis Set                                  = def2-universal-jkfit
Gaussian Type                                        = Spherical
Elapsed time:    1.75 Seconds

Number of basis functions                   (NBF)    = 177
Number of auxiliary basis functions         (NBFAUX) = 147
Inactive Doubly occupied orbitals up to     (NO1)    = 0
No. considered Strongly Doubly occupied MOs (NDOC)   = 5
No. considered Strongly Singly occupied MOs (NSOC)   = 0
NO. of Weakly occ. per St. Doubly occ.  MOs (NCWO)   = 34
Dimension of the Nat. Orb. subspace         (NBF5)   = 175
No. of electrons                                     = 10
    No. of alpha electrons                           = 5
    No. of beta electrons                            = 5
Multiplicity                                         = 1

Geometry
========
 C       0.0000000       0.0000000       0.0000000
 H       0.6278371      -0.6278371       0.6278371
 H      -0.6278371       0.6278371       0.6278371
 H      -0.6278371      -0.6278371      -0.6278371
 H       0.6278371       0.6278371      -0.6278371

No violations of the orthonormality
No violations of the orthonormality
 
PNOF8/ADABelief Calculation
==================
 
  Nitext  Nit_orb  Time   Nit_occ  Time         Eelec          Etot           Ediff      maxdiff    MaxGrad_orb  Grad_occ
     1      10    1.0e+01   12    1.2e+01   -53.90083304   -40.43391265 -10052.90083304   0.015996   6.4e-02   1.2e-04 0.02
     2      20    3.0e+00   16    5.6e-01   -53.92279965   -40.45587927    -0.02196662   0.003946   1.6e-02   1.4e-04 0.02
     3      20    3.3e+00    8    3.5e-01   -53.92794132   -40.46102094    -0.00514167   0.014116   5.6e-02   2.4e-04 0.02
     4      20    2.7e+00   11    4.6e-01   -53.92960882   -40.46268843    -0.00166749   0.018214   7.3e-02   1.8e-04 0.02
     5      20    3.2e+00   11    4.3e-01   -53.93054206   -40.46362167    -0.00093324   0.028780   1.2e-01   1.4e-04 0.02
     6      20    2.9e+00    6    2.3e-01   -53.93097655   -40.46405616    -0.00043449   0.019725   7.9e-02   1.7e-04 0.02
     7      20    2.8e+00    7    2.8e-01   -53.93114998   -40.46422960    -0.00017343   0.013239   5.3e-02   2.6e-04 0.02
     8      20    2.9e+00    8    3.3e-01   -53.93181612   -40.46489573    -0.00066614   0.016088   6.4e-02   1.9e-04 0.02
     9      20    2.9e+00    0    1.1e-01   -53.93188903   -40.46496864    -0.00007291   0.016090   6.4e-02   1.9e-04 0.02
    10      40    5.8e+00    2    1.6e-01   -53.93293277   -40.46601239    -0.00104374   0.001431   5.7e-03   2.0e-04 0.02
    11      40    6.2e+00    2    1.6e-01   -53.93296259   -40.46604221    -0.00002982   0.002250   9.0e-03   1.5e-04 0.02
    12      40    5.9e+00    0    4.9e-02   -53.93298079   -40.46606040    -0.00001820   0.002217   8.9e-03   2.3e-04 0.02
    13      50    7.5e+00    2    1.7e-01   -53.93300380   -40.46608342    -0.00002301   0.001334   5.3e-03   1.4e-04 0.02
    14      50    7.9e+00    6    2.8e-01   -53.93301776   -40.46609738    -0.00001396   0.001717   6.9e-03   1.7e-04 0.02
    15      50    7.4e+00    2    1.6e-01   -53.93306468   -40.46614429    -0.00004691   0.001769   7.1e-03   8.9e-05 0.02
    16      50    7.4e+00    2    1.7e-01   -53.93312236   -40.46620197    -0.00005768   0.001525   6.1e-03   1.5e-04 0.02
    17      50    7.3e+00   13    4.7e-01   -53.93337295   -40.46645257    -0.00025060   0.001764   7.1e-03   1.5e-04 0.02
    18      50    7.8e+00    6    2.6e-01   -53.93400437   -40.46708398    -0.00063142   0.001696   6.8e-03   1.4e-04 0.02
    19      50    7.1e+00    2    1.6e-01   -53.93444833   -40.46752794    -0.00044396   0.001436   5.7e-03   2.2e-04 0.02
    20      50    7.3e+00    2    1.6e-01   -53.93462768   -40.46770730    -0.00017936   0.002211   8.8e-03   1.7e-04 0.02
    21      50    7.6e+00    2    1.6e-01   -53.93472530   -40.46780492    -0.00009762   0.002949   1.2e-02   1.7e-04 0.02
    22      50    7.4e+00    4    1.9e-01   -53.93477424   -40.46785385    -0.00004893   0.002316   9.3e-03   1.6e-04 0.02
    23      50    7.2e+00    1    1.2e-01   -53.93480892   -40.46788854    -0.00003468   0.002082   8.3e-03   1.7e-04 0.02
    24      50    7.3e+00    0    6.2e-02   -53.93481798   -40.46789759    -0.00000905   0.002111   8.4e-03   1.9e-04 0.02
    25      60    8.6e+00    2    1.6e-01   -53.93483286   -40.46791248    -0.00001489   0.001125   4.5e-03   1.2e-04 0.02
    26      60    8.9e+00    0    6.0e-02   -53.93483945   -40.46791906    -0.00000658   0.001084   4.3e-03   1.7e-04 0.02
    27      70    1.0e+01    0    5.9e-02   -53.93484343   -40.46792305    -0.00000399   0.000720   2.9e-03   1.9e-04 0.02
 
RESULTS OF THE OCCUPATION OPTIMIZATION
========================================
   1    1.9999061  -11.21567442
   2    1.9764983  -0.69309756
   3    1.9747539  -0.66957718
   4    1.9744405  -0.66443839
   5    1.9723142  -0.64800388
   6    0.0157094  -0.02054472
   7    0.0165761  -0.02133048
   8    0.0163067  -0.02134637
   9    0.0146153  -0.02038439
  10    0.0000880  -0.00184835
  11    0.0048412  -0.00713147
  12    0.0049501  -0.00724295
  13    0.0046128  -0.00695172
  14    0.0041665  -0.00673937
  15    0.0000017  -0.00006467
  16    0.0043672  -0.00664469
  17    0.0011989  -0.00259645
  18    0.0015262  -0.00337175
  19    0.0014697  -0.00311486
  20    0.0000013  -0.00000487
  21    0.0011083  -0.00233641
  22    0.0011049  -0.00226166
  23    0.0011339  -0.00234083
  24    0.0011109  -0.00489955
  25    0.0000012  -0.00000541
  26    0.0005530  -0.00117919
  27    0.0005750  -0.00123928
  28    0.0005777  -0.00123783
  29    0.0010776  -0.00235999
  30    0.0000012  -0.00003408
  31    0.0003053  -0.00076803
  32    0.0003327  -0.00080546
  33    0.0002994  -0.00071582
  34    0.0002884  -0.00071926
  35    0.0000001  -0.00000075
  36    0.0002499  -0.00058295
  37    0.0002584  -0.00058965
  38    0.0002614  -0.00060459
  39    0.0002519  -0.00066995
  40    0.0000001  -0.00000069
  41    0.0000997  -0.00027977
  42    0.0001080  -0.00028517
  43    0.0001044  -0.00027255
  44    0.0001012  -0.00028313
  45    0.0000000  -0.00000059
  46    0.0000973  -0.00026910
  47    0.0001020  -0.00027816
  48    0.0001036  -0.00028599
  49    0.0001002  -0.00027940
  50    0.0000000  -0.00000043
  51    0.0000914  -0.00026382
  52    0.0000670  -0.00017929
  53    0.0000649  -0.00017864
  54    0.0000636  -0.00018113
  55    0.0000000  -0.00000038
  56    0.0000517  -0.00015998
  57    0.0000548  -0.00016734
  58    0.0000520  -0.00015721
  59    0.0000537  -0.00017207
  60    0.0000000  -0.00000036
  61    0.0000433  -0.00013691
  62    0.0000466  -0.00014789
  63    0.0000417  -0.00014336
  64    0.0000475  -0.00015689
  65    0.0000000  -0.00000036
  66    0.0000374  -0.00012200
  67    0.0000325  -0.00010694
  68    0.0000318  -0.00010930
  69    0.0000340  -0.00011104
  70    0.0000000  -0.00000036
  71    0.0000224  -0.00008751
  72    0.0000311  -0.00010755
  73    0.0000247  -0.00009810
  74    0.0000292  -0.00010945
  75    0.0000000  -0.00000032
  76    0.0000199  -0.00007541
  77    0.0000249  -0.00009430
  78    0.0000165  -0.00007803
  79    0.0000224  -0.00008826
  80    0.0000000  -0.00000029
  81    0.0000125  -0.00004420
  82    0.0000187  -0.00007728
  83    0.0000108  -0.00004704
  84    0.0000093  -0.00004091
  85    0.0000000  -0.00000027
  86    0.0000107  -0.00003953
  87    0.0000131  -0.00005060
  88    0.0000106  -0.00004105
  89    0.0000078  -0.00003819
  90    0.0000000  -0.00000024
  91    0.0000101  -0.00003819
  92    0.0000111  -0.00004210
  93    0.0000089  -0.00003917
  94    0.0000071  -0.00002886
  95    0.0000000  -0.00000021
  96    0.0000088  -0.00003654
  97    0.0000105  -0.00004142
  98    0.0000085  -0.00003940
  99    0.0000063  -0.00002797
 100    0.0000000  -0.00000021
 101    0.0000076  -0.00003332
 102    0.0000071  -0.00004501
 103    0.0000078  -0.00005502
 104    0.0000061  -0.00003011
 105    0.0000000  -0.00000018
 106    0.0000070  -0.00003116
 107    0.0000050  -0.00002743
 108    0.0000069  -0.00003035
 109    0.0000046  -0.00002241
 110    0.0000000  -0.00000011
 111    0.0000050  -0.00001944
 112    0.0000044  -0.00002002
 113    0.0000059  -0.00002901
 114    0.0000039  -0.00001567
 115    0.0000000  -0.00000012
 116    0.0000040  -0.00001423
 117    0.0000043  -0.00001683
 118    0.0000048  -0.00002285
 119    0.0000036  -0.00001171
 120    0.0000000  -0.00000011
 121    0.0000030  -0.00000835
 122    0.0000034  -0.00001061
 123    0.0000035  -0.00001061
 124    0.0000033  -0.00001144
 125    0.0000000  -0.00000012
 126    0.0000029  -0.00000555
 127    0.0000032  -0.00000993
 128    0.0000032  -0.00000988
 129    0.0000028  -0.00001067
 130    0.0000000  -0.00000012
 131    0.0000027  -0.00000548
 132    0.0000024  -0.00000668
 133    0.0000026  -0.00000634
 134    0.0000024  -0.00000737
 135    0.0000000  -0.00000010
 136    0.0000024  -0.00000541
 137    0.0000023  -0.00000651
 138    0.0000026  -0.00000548
 139    0.0000024  -0.00000687
 140    0.0000000  -0.00000011
 141    0.0000021  -0.00000423
 142    0.0000019  -0.00000390
 143    0.0000022  -0.00000630
 144    0.0000019  -0.00000636
 145    0.0000000  -0.00000009
 146    0.0000018  -0.00000133
 147    0.0000017  -0.00000111
 148    0.0000019  -0.00000543
 149    0.0000016  -0.00000131
 150    0.0000000  -0.00000009
 151    0.0000018  -0.00000061
 152    0.0000017  -0.00000162
 153    0.0000019  -0.00000255
 154    0.0000016  -0.00000171
 155    0.0000000  -0.00000008
 156    0.0000017  -0.00000123
 157    0.0000015  -0.00000119
 158    0.0000017  -0.00000178
 159    0.0000015  -0.00000127
 160    0.0000000  -0.00000005
 161    0.0000015  -0.00000053
 162    0.0000015  -0.00000122
 163    0.0000016  -0.00000191
 164    0.0000014  -0.00000102
 165    0.0000000  -0.00000006
 166    0.0000015  -0.00000050
 167    0.0000014  -0.00000049
 168    0.0000015  -0.00000125
 169    0.0000013  -0.00000082
 170    0.0000000  -0.00000005
 171    0.0000014  -0.00000075
 172    0.0000012  -0.00000045
 173    0.0000013  -0.00000087
 174    0.0000010  -0.00000117
 175    0.0000000  -0.00000005
 
----------------
 Final Energies 
----------------
Final NOF Total Energy =     -40.4679230
 
Total Orbital Internal Iterations = 1080
Total Occupation Internal Iterations = 127
 
Elapsed time:  200.52 Seconds

---------------------------------
   Lowdin Population Analysis    
---------------------------------
 Idx  Atom   Population   Charge 
---------------------------------
  1     C     5.695       0.305
  2     H     1.076      -0.076
  3     H     1.076      -0.076
  4     H     1.076      -0.076
  5     H     1.076      -0.076

---------------------------------
   M Diagnostic: 0.02
---------------------------------

