Computing Integrals
Basis Set                                            = def2-qzvp
Auxiliary Basis Set                                  = def2-universal-jkfit
Gaussian Type                                        = Spherical
Elapsed time:    2.96 Seconds

Number of basis functions                   (NBF)    = 157
Number of auxiliary basis functions         (NBFAUX) = 223
Inactive Doubly occupied orbitals up to     (NO1)    = 0
No. considered Strongly Doubly occupied MOs (NDOC)   = 12
No. considered Strongly Singly occupied MOs (NSOC)   = 2
NO. of Weakly occ. per St. Doubly occ.  MOs (NCWO)   = 11
Dimension of the Nat. Orb. subspace         (NBF5)   = 146
No. of electrons                                     = 26
    No. of alpha electrons                           = 14
    No. of beta electrons                            = 12
Multiplicity                                         = 3

Geometry
========
Cl       0.1631028      -1.2898889       0.0000000
 H      -0.3262056       0.0968941       0.0000000
 O       0.1631028       1.1929948       0.0000000

No violations of the orthonormality
No violations of the orthonormality
 
PNOF8/ADABelief Calculation
==================
 
  Nitext  Nit_orb  Time   Nit_occ  Time         Eelec          Etot           Ediff      maxdiff    MaxGrad_orb  Grad_occ
     1      10    1.0e+01    0    1.2e+01  -574.25721330  -535.62746138 -10573.25721330   0.000875   3.5e-03   1.7e-04 0.03
 
RESULTS OF THE OCCUPATION OPTIMIZATION
========================================
   1    1.9999992  -104.87420311
   2    1.9999875  -20.78843274
   3    1.9999092  -10.57312954
   4    1.9994026  -8.03895649
   5    1.9994374  -8.03836413
   6    1.9990538  -8.03816872
   7    1.9828931  -1.36766311
   8    1.9830736  -1.05646047
   9    1.9745116  -0.73458047
  10    1.9730069  -0.64290896
  11    1.9723461  -0.47823027
  12    1.9695210  -0.47663474
  13    1.0000000  -0.40202443
  14    1.0000000  -0.38555094
  15    0.0097935  -0.01712418
  16    0.0094764  -0.01781839
  17    0.0210793  -0.03877649
  18    0.0088043  -0.01769494
  19    0.0059724  -0.02685821
  20    0.0055438  -0.01806979
  21    0.0005069  -0.01198309
  22    0.0004187  -0.00993420
  23    0.0004794  -0.01087024
  24    0.0000228  -0.00018259
  25    0.0000091  -0.00017881
  26    0.0000002  -0.00001800
  27    0.0096967  -0.01692519
  28    0.0087792  -0.01738208
  29    0.0021412  -0.00752893
  30    0.0041855  -0.00970056
  31    0.0053149  -0.01986418
  32    0.0031651  -0.01001948
  33    0.0003596  -0.00878538
  34    0.0000695  -0.00250885
  35    0.0000658  -0.00179001
  36    0.0000139  -0.00079716
  37    0.0000015  -0.00003833
  38    0.0000001  -0.00000530
  39    0.0095371  -0.01704957
  40    0.0074547  -0.01888700
  41    0.0021164  -0.00753233
  42    0.0037826  -0.00829519
  43    0.0018764  -0.01002739
  44    0.0020241  -0.00767365
  45    0.0000318  -0.00062906
  46    0.0000113  -0.00011130
  47    0.0000145  -0.00022776
  48    0.0000110  -0.00012117
  49    0.0000008  -0.00002539
  50    0.0000001  -0.00000422
  51    0.0006184  -0.00146431
  52    0.0006587  -0.00159186
  53    0.0006586  -0.00164116
  54    0.0034539  -0.00836892
  55    0.0018725  -0.01002540
  56    0.0018160  -0.00642702
  57    0.0000095  -0.00009404
  58    0.0000105  -0.00013075
  59    0.0000126  -0.00011816
  60    0.0000100  -0.00009775
  61    0.0000006  -0.00001554
  62    0.0000001  -0.00000357
  63    0.0002366  -0.00085835
  64    0.0006582  -0.00158923
  65    0.0003871  -0.00119874
  66    0.0032286  -0.00723032
  67    0.0006716  -0.00255442
  68    0.0017039  -0.00794227
  69    0.0000063  -0.00007646
  70    0.0000089  -0.00011303
  71    0.0000054  -0.00007072
  72    0.0000079  -0.00008283
  73    0.0000005  -0.00003467
  74    0.0000001  -0.00000328
  75    0.0002032  -0.00079007
  76    0.0001984  -0.00080018
  77    0.0001921  -0.00077440
  78    0.0006102  -0.00192079
  79    0.0004896  -0.00269941
  80    0.0012170  -0.00639433
  81    0.0000061  -0.00007436
  82    0.0000083  -0.00008936
  83    0.0000039  -0.00006989
  84    0.0000063  -0.00007471
  85    0.0000000  -0.00000078
  86    0.0000001  -0.00000278
  87    0.0001237  -0.00046244
  88    0.0001438  -0.00051937
  89    0.0001626  -0.00066789
  90    0.0004407  -0.00158156
  91    0.0002291  -0.00117125
  92    0.0006071  -0.00343966
  93    0.0000059  -0.00007348
  94    0.0000080  -0.00008597
  95    0.0000037  -0.00008915
  96    0.0000059  -0.00008908
  97    0.0000000  -0.00000070
  98    0.0000001  -0.00000250
  99    0.0001180  -0.00045371
 100    0.0001054  -0.00041748
 101    0.0000739  -0.00022618
 102    0.0003383  -0.00101864
 103    0.0001842  -0.00096577
 104    0.0003726  -0.00147693
 105    0.0000055  -0.00006899
 106    0.0000076  -0.00008421
 107    0.0000036  -0.00005218
 108    0.0000051  -0.00007807
 109    0.0000000  -0.00000061
 110    0.0000001  -0.00000231
 111    0.0000566  -0.00020268
 112    0.0000743  -0.00034338
 113    0.0000656  -0.00021230
 114    0.0002921  -0.00088854
 115    0.0001370  -0.00105806
 116    0.0002267  -0.00086357
 117    0.0000051  -0.00006516
 118    0.0000072  -0.00008770
 119    0.0000033  -0.00005997
 120    0.0000044  -0.00011500
 121    0.0000000  -0.00000060
 122    0.0000001  -0.00000215
 123    0.0000521  -0.00019004
 124    0.0000575  -0.00020916
 125    0.0000596  -0.00019259
 126    0.0001780  -0.00059608
 127    0.0001271  -0.00096472
 128    0.0002216  -0.00087057
 129    0.0000050  -0.00006468
 130    0.0000069  -0.00008062
 131    0.0000028  -0.00024845
 132    0.0000030  -0.00026230
 133    0.0000000  -0.00000052
 134    0.0000000  -0.00000183
 135    0.0000430  -0.00014980
 136    0.0000472  -0.00017150
 137    0.0000567  -0.00018755
 138    0.0001741  -0.00059392
 139    0.0000514  -0.00021431
 140    0.0002089  -0.00084649
 141    0.0000045  -0.00005981
 142    0.0000057  -0.00007043
 143    0.0000026  -0.00004822
 144    0.0000006  -0.00001640
 145    0.0000000  -0.00000045
 146    0.0000000  -0.00000161
 
----------------
 Final Energies 
----------------
Final NOF Total Energy =    -535.6274614
 
Total Orbital Internal Iterations = 10
Total Occupation Internal Iterations = 0
 
Elapsed time:   28.63 Seconds

---------------------------------
   Lowdin Population Analysis    
---------------------------------
 Idx  Atom   Population   Charge 
---------------------------------
  1    Cl    16.871       0.129
  2     H     1.645      -0.645
  3     O     7.485       0.515

---------------------------------
   M Diagnostic: 0.03
---------------------------------

