Computing Integrals
Basis Set                                            = def2-qzvp
Auxiliary Basis Set                                  = def2-universal-jkfit
Gaussian Type                                        = Spherical
Elapsed time:    1.57 Seconds

Number of basis functions                   (NBF)    = 56
Number of auxiliary basis functions         (NBFAUX) = 160
Inactive Doubly occupied orbitals up to     (NO1)    = 0
No. considered Strongly Doubly occupied MOs (NDOC)   = 9
No. considered Strongly Singly occupied MOs (NSOC)   = 0
NO. of Weakly occ. per St. Doubly occ.  MOs (NCWO)   = 5
Dimension of the Nat. Orb. subspace         (NBF5)   = 54
No. of electrons                                     = 18
    No. of alpha electrons                           = 9
    No. of beta electrons                            = 9
Multiplicity                                         = 1

Geometry
========
 K      -0.5225579      -0.6958071      -0.0876240

No violations of the orthonormality
No violations of the orthonormality
 
PNOF8/ADABelief Calculation
==================
 
  Nitext  Nit_orb  Time   Nit_occ  Time         Eelec          Etot           Ediff      maxdiff    MaxGrad_orb  Grad_occ
     1      10    8.9e+00   42    1.2e+01  -599.17548441  -599.17548441 -10598.17548441   0.005686   2.3e-02   2.5e-04 0.02
     2      20    5.2e-02   28    1.6e-02  -599.22693926  -599.22693926    -0.05145485   0.223330   8.9e-01   1.6e-04 0.02
     3      20    4.1e-02   19    1.2e-02  -599.27083783  -599.27083783    -0.04389857   0.012995   5.2e-02   2.8e-04 0.02
     4      20    3.7e-02   41    2.2e-02  -599.29407781  -599.29407781    -0.02323998   0.032506   1.3e-01   2.1e-04 0.02
     5      20    3.4e-02   25    1.5e-02  -599.31073498  -599.31073498    -0.01665718   0.042680   1.7e-01   1.0e-04 0.02
     6      20    3.4e-02   21    1.3e-02  -599.32006421  -599.32006421    -0.00932923   0.028013   1.1e-01   1.8e-04 0.02
     7      20    3.3e-02   19    1.1e-02  -599.32403930  -599.32403930    -0.00397509   0.032454   1.3e-01   2.6e-04 0.02
     8      20    3.2e-02   10    6.1e-03  -599.32744943  -599.32744943    -0.00341012   0.028978   1.2e-01   2.1e-04 0.02
     9      20    3.2e-02   12    6.9e-03  -599.32891061  -599.32891061    -0.00146119   0.030678   1.2e-01   1.9e-04 0.02
    10      20    3.5e-02   10    7.1e-03  -599.33064422  -599.33064422    -0.00173360   0.031277   1.3e-01   1.8e-04 0.02
    11      20    3.3e-02    5    3.0e-03  -599.33168203  -599.33168203    -0.00103782   0.032262   1.3e-01   1.7e-04 0.02
    12      20    3.1e-02    6    5.1e-03  -599.33260884  -599.33260884    -0.00092681   0.031320   1.3e-01   2.0e-04 0.02
    13      20    3.2e-02    7    3.8e-03  -599.33331574  -599.33331574    -0.00070690   0.031918   1.3e-01   1.2e-04 0.02
    14      20    3.2e-02    7    5.6e-03  -599.33375696  -599.33375696    -0.00044121   0.026289   1.1e-01   1.3e-04 0.02
    15      20    3.1e-02    1    1.4e-03  -599.33400846  -599.33400846    -0.00025151   0.026585   1.1e-01   2.1e-04 0.02
    16      20    2.9e-02    2    3.7e-03  -599.33421248  -599.33421248    -0.00020402   0.023243   9.3e-02   2.1e-04 0.02
    17      20    3.0e-02    0    1.1e-03  -599.33421731  -599.33421731    -0.00000483   0.023243   9.3e-02   2.1e-04 0.02
    18      40    6.4e-02    4    2.6e-03  -599.33513225  -599.33513225    -0.00091494   0.002479   9.9e-03   1.7e-04 0.02
    19      40    6.1e-02    0    1.1e-03  -599.33514436  -599.33514436    -0.00001211   0.002479   9.9e-03   1.7e-04 0.02
    20      60    8.9e-02    0    3.0e-03  -599.33518113  -599.33518113    -0.00003677   0.000687   2.7e-03   1.7e-04 0.02
 
RESULTS OF THE OCCUPATION OPTIMIZATION
========================================
   1    1.9999997  -133.67869131
   2    1.9999894  -14.84755240
   3    1.9999833  -11.75409337
   4    1.9999874  -11.75398910
   5    1.9999134  -11.75366414
   6    1.9904427  -1.98979857
   7    1.9778480  -1.19468275
   8    1.9712734  -1.19251151
   9    1.9712390  -1.19135020
  10    0.0130287  -0.02594064
  11    0.0130891  -0.02595651
  12    0.0162992  -0.02917034
  13    0.0075878  -0.03500355
  14    0.0000787  -0.00465759
  15    0.0000117  -0.00076020
  16    0.0000157  -0.00076236
  17    0.0000105  -0.00038358
  18    0.0000002  -0.00000142
  19    0.0127245  -0.02542951
  20    0.0126604  -0.02517366
  21    0.0037549  -0.00700062
  22    0.0007722  -0.01151658
  23    0.0000045  -0.00013103
  24    0.0000003  -0.00000363
  25    0.0000004  -0.00000521
  26    0.0000000  -0.00000001
  27    0.0000000  -0.00000001
  28    0.0028479  -0.00590038
  29    0.0028716  -0.00592578
  30    0.0007199  -0.00197711
  31    0.0005711  -0.00192016
  32    0.0000019  -0.00001236
  33    0.0000002  -0.00000011
  34    0.0000003  -0.00000285
  35    0.0000000  -0.00000001
  36    0.0000000  -0.00000001
  37    0.0000883  -0.00018052
  38    0.0000805  -0.00017422
  39    0.0007047  -0.00193456
  40    0.0005664  -0.00190211
  41    0.0000009  -0.00000851
  42    0.0000002  -0.00000004
  43    0.0000002  -0.00000103
  44    0.0000000  -0.00000001
  45    0.0000000  -0.00000000
  46    0.0000716  -0.00016364
  47    0.0000249  -0.00010079
  48    0.0006733  -0.00187271
  49    0.0000598  -0.00016268
  50    0.0000005  -0.00000649
  51    0.0000002  -0.00000003
  52    0.0000002  -0.00000125
  53    0.0000000  -0.00000000
  54    0.0000000  -0.00000001
 
----------------
 Final Energies 
----------------
Final NOF Total Energy =    -599.3351811
 
Total Orbital Internal Iterations = 470
Total Occupation Internal Iterations = 259
 
Elapsed time:   27.53 Seconds

---------------------------------
   Lowdin Population Analysis    
---------------------------------
 Idx  Atom   Population   Charge 
---------------------------------
  1     K    18.000       1.000

---------------------------------
   M Diagnostic: 0.02
---------------------------------

