Computing Integrals
Basis Set                                            = def2-qzvp
Auxiliary Basis Set                                  = def2-universal-jkfit
Gaussian Type                                        = Spherical
Elapsed time:    1.71 Seconds

Number of basis functions                   (NBF)    = 70
Number of auxiliary basis functions         (NBFAUX) = 128
Inactive Doubly occupied orbitals up to     (NO1)    = 0
No. considered Strongly Doubly occupied MOs (NDOC)   = 8
No. considered Strongly Singly occupied MOs (NSOC)   = 1
NO. of Weakly occ. per St. Doubly occ.  MOs (NCWO)   = 7
Dimension of the Nat. Orb. subspace         (NBF5)   = 65
No. of electrons                                     = 17
    No. of alpha electrons                           = 9
    No. of beta electrons                            = 8
Multiplicity                                         = 2

Geometry
========
 S       0.0000000       0.0000000       0.0000000

No violations of the orthonormality
No violations of the orthonormality
 
PNOF8/ADABelief Calculation
==================
 
  Nitext  Nit_orb  Time   Nit_occ  Time         Eelec          Etot           Ediff      maxdiff    MaxGrad_orb  Grad_occ
     1      10    9.0e+00   33    1.2e+01  -397.81932485  -397.81932485 -10396.81932485   0.015028   6.0e-02   2.2e-04 0.03
     2      20    6.0e-02   19    2.8e-02  -397.92904937  -397.92904937    -0.10972453   0.886849   3.5e+00   2.0e-04 0.03
     3      20    1.1e-01   18    1.8e-02  -397.96286217  -397.96286217    -0.03381279   0.220480   8.8e-01   2.2e-04 0.02
     4      20    7.9e-02   11    1.8e-02  -397.97149856  -397.97149856    -0.00863639   0.033241   1.3e-01   2.2e-04 0.02
     5      20    7.3e-02   14    2.3e-02  -397.97664651  -397.97664651    -0.00514795   0.058393   2.3e-01   2.6e-04 0.02
     6      20    7.6e-02   14    2.4e-02  -397.97941318  -397.97941318    -0.00276667   0.036804   1.5e-01   1.5e-04 0.02
     7      20    9.5e-02   11    4.7e-02  -397.98271443  -397.98271443    -0.00330125   0.083049   3.3e-01   1.5e-04 0.02
     8      20    4.5e-02    7    1.6e-02  -397.98333353  -397.98333353    -0.00061909   0.042965   1.7e-01   2.4e-04 0.02
     9      20    5.7e-02   14    1.4e-02  -397.98452442  -397.98452442    -0.00119089   0.041720   1.7e-01   1.6e-04 0.02
    10      20    5.1e-02    0    3.5e-03  -397.98459262  -397.98459262    -0.00006820   0.041720   1.7e-01   1.6e-04 0.02
    11      40    1.2e-01    7    8.0e-03  -397.98843841  -397.98843841    -0.00384579   0.002971   1.2e-02   1.7e-04 0.02
    12      40    1.2e-01    7    8.8e-03  -397.98856723  -397.98856723    -0.00012881   0.006308   2.5e-02   1.6e-04 0.02
    13      40    1.3e-01    5    6.5e-03  -397.98881298  -397.98881298    -0.00024575   0.005496   2.2e-02   2.2e-04 0.02
    14      40    1.3e-01    4    6.2e-03  -397.98893245  -397.98893245    -0.00011947   0.005585   2.2e-02   2.2e-04 0.02
    15      40    1.2e-01    4    6.3e-03  -397.98905785  -397.98905785    -0.00012540   0.004600   1.8e-02   2.0e-04 0.02
    16      40    1.4e-01    4    4.5e-03  -397.98913924  -397.98913924    -0.00008139   0.005274   2.1e-02   1.6e-04 0.02
    17      40    1.3e-01    0    3.9e-03  -397.98914619  -397.98914619    -0.00000695   0.005274   2.1e-02   1.6e-04 0.02
    18      60    1.6e-01    2    4.7e-03  -397.98924734  -397.98924734    -0.00010115   0.000917   3.7e-03   2.0e-04 0.02
 
RESULTS OF THE OCCUPATION OPTIMIZATION
========================================
   1    1.9999971  -91.72259373
   2    1.9999077  -8.69347831
   3    1.9982112  -6.36896445
   4    1.9974629  -6.36744855
   5    1.9968292  -6.36476724
   6    1.9812655  -0.59154065
   7    1.9713986  -0.11157592
   8    1.9689734  -0.11118063
   9    1.0000000  -0.09052898
  10    0.0089120  -0.01822465
  11    0.0103516  -0.01945082
  12    0.0090257  -0.02631207
  13    0.0008882  -0.00915492
  14    0.0008427  -0.01067538
  15    0.0007968  -0.01027035
  16    0.0000845  -0.00196890
  17    0.0000009  -0.00004767
  18    0.0076098  -0.01179215
  19    0.0089330  -0.01314992
  20    0.0069556  -0.01914721
  21    0.0008687  -0.00919377
  22    0.0008412  -0.00977262
  23    0.0007756  -0.01048905
  24    0.0000041  -0.00058641
  25    0.0000004  -0.00001775
  26    0.0073237  -0.01170904
  27    0.0078621  -0.01148509
  28    0.0006226  -0.00134509
  29    0.0007454  -0.01015371
  30    0.0008011  -0.01041981
  31    0.0000920  -0.00188656
  32    0.0000029  -0.00007734
  33    0.0000004  -0.00001654
  34    0.0066841  -0.01066482
  35    0.0005142  -0.00096252
  36    0.0006188  -0.00133774
  37    0.0005643  -0.00986159
  38    0.0000155  -0.00063064
  39    0.0000905  -0.00097797
  40    0.0000003  -0.00001355
  41    0.0000003  -0.00001500
  42    0.0001763  -0.00047480
  43    0.0005104  -0.00095592
  44    0.0005265  -0.00113863
  45    0.0000824  -0.00170072
  46    0.0000139  -0.00028336
  47    0.0000128  -0.00017107
  48    0.0000002  -0.00001038
  49    0.0000003  -0.00001400
  50    0.0001655  -0.00044178
  51    0.0002364  -0.00055581
  52    0.0005112  -0.00111039
  53    0.0000135  -0.00014057
  54    0.0000122  -0.00010035
  55    0.0000124  -0.00012871
  56    0.0000002  -0.00000984
  57    0.0000003  -0.00001389
  58    0.0001551  -0.00040685
  59    0.0001937  -0.00047999
  60    0.0004741  -0.00103201
  61    0.0000084  -0.00007868
  62    0.0000104  -0.00009160
  63    0.0000088  -0.00010467
  64    0.0000002  -0.00000922
  65    0.0000003  -0.00001332
 
----------------
 Final Energies 
----------------
Final NOF Total Energy =    -397.9892473
 
Total Orbital Internal Iterations = 530
Total Occupation Internal Iterations = 174
 
Elapsed time:   28.81 Seconds

---------------------------------
   Lowdin Population Analysis    
---------------------------------
 Idx  Atom   Population   Charge 
---------------------------------
  1     S    17.000      -1.000

---------------------------------
   M Diagnostic: 0.02
---------------------------------

