Computing Integrals
Basis Set                                            = def2-qzvp
Auxiliary Basis Set                                  = def2-universal-jkfit
Gaussian Type                                        = Spherical
Elapsed time:    2.71 Seconds

Number of basis functions                   (NBF)    = 140
Number of auxiliary basis functions         (NBFAUX) = 256
Inactive Doubly occupied orbitals up to     (NO1)    = 0
No. considered Strongly Doubly occupied MOs (NDOC)   = 14
No. considered Strongly Singly occupied MOs (NSOC)   = 1
NO. of Weakly occ. per St. Doubly occ.  MOs (NCWO)   = 8
Dimension of the Nat. Orb. subspace         (NBF5)   = 127
No. of electrons                                     = 29
    No. of alpha electrons                           = 15
    No. of beta electrons                            = 14
Multiplicity                                         = 2

Geometry
========
 P       0.0000000       0.0000000       0.9476855
 P       0.0000000       0.0000000      -0.9476855

No violations of the orthonormality
No violations of the orthonormality
 
PNOF8/ADABelief Calculation
==================
 
  Nitext  Nit_orb  Time   Nit_occ  Time         Eelec          Etot           Ediff      maxdiff    MaxGrad_orb  Grad_occ
     1      10    1.1e+01    0    1.2e+01  -744.75422122  -681.93558333 -10743.75422122   0.000498   2.0e-03   2.1e-04 0.03
 
RESULTS OF THE OCCUPATION OPTIMIZATION
========================================
   1    1.9999986  -80.32100998
   2    1.9999984  -80.32099367
   3    1.9999139  -7.83932077
   4    1.9999147  -7.83673344
   5    1.9972819  -5.72424770
   6    1.9976658  -5.72395521
   7    1.9980220  -5.72381633
   8    1.9970680  -5.72315264
   9    1.9979582  -5.72287241
  10    1.9967373  -5.71991218
  11    1.9802388  -1.04460854
  12    1.9760946  -0.95696966
  13    1.9680110  -0.75245471
  14    1.9632135  -0.65229806
  15    1.0000000  -0.35543498
  16    0.0253070  -0.04117335
  17    0.0140349  -0.03438936
  18    0.0113628  -0.03073233
  19    0.0050547  -0.02527240
  20    0.0019796  -0.01856391
  21    0.0010883  -0.00891720
  22    0.0015651  -0.01386784
  23    0.0013336  -0.01199087
  24    0.0011002  -0.01059628
  25    0.0018765  -0.01686643
  26    0.0000802  -0.00245668
  27    0.0000811  -0.00239620
  28    0.0000003  -0.00001267
  29    0.0000002  -0.00000923
  30    0.0052113  -0.00931321
  31    0.0053549  -0.01240841
  32    0.0057825  -0.02544204
  33    0.0040205  -0.01892183
  34    0.0011045  -0.01007585
  35    0.0003987  -0.00460495
  36    0.0010947  -0.01074373
  37    0.0005180  -0.00932967
  38    0.0010933  -0.01119055
  39    0.0005556  -0.00986975
  40    0.0000042  -0.00056069
  41    0.0000040  -0.00052128
  42    0.0000003  -0.00001174
  43    0.0000002  -0.00000911
  44    0.0045733  -0.00813634
  45    0.0047346  -0.01070312
  46    0.0029666  -0.01141413
  47    0.0035027  -0.01726594
  48    0.0000616  -0.00059832
  49    0.0003028  -0.00376877
  50    0.0001568  -0.00164463
  51    0.0000382  -0.00028781
  52    0.0000569  -0.00063427
  53    0.0001107  -0.00108374
  54    0.0000003  -0.00001248
  55    0.0000003  -0.00001068
  56    0.0000002  -0.00000977
  57    0.0000002  -0.00000785
  58    0.0006568  -0.00144674
  59    0.0043440  -0.00991066
  60    0.0017352  -0.00807746
  61    0.0027435  -0.01130071
  62    0.0000444  -0.00044212
  63    0.0001826  -0.00189587
  64    0.0000468  -0.00039203
  65    0.0000324  -0.00022193
  66    0.0000317  -0.00023199
  67    0.0000994  -0.00128262
  68    0.0000002  -0.00000588
  69    0.0000002  -0.00000782
  70    0.0000002  -0.00000646
  71    0.0000002  -0.00000781
  72    0.0003546  -0.00081816
  73    0.0029118  -0.00893202
  74    0.0009305  -0.00383571
  75    0.0026583  -0.01125786
  76    0.0000382  -0.00031006
  77    0.0000263  -0.00019777
  78    0.0000217  -0.00016912
  79    0.0000234  -0.00017481
  80    0.0000238  -0.00017955
  81    0.0000381  -0.00026212
  82    0.0000002  -0.00000564
  83    0.0000002  -0.00000693
  84    0.0000002  -0.00000630
  85    0.0000001  -0.00000417
  86    0.0002534  -0.00054950
  87    0.0003253  -0.00084608
  88    0.0005121  -0.00168328
  89    0.0006557  -0.00262530
  90    0.0000155  -0.00022801
  91    0.0000205  -0.00019224
  92    0.0000193  -0.00018241
  93    0.0000122  -0.00009204
  94    0.0000111  -0.00027877
  95    0.0000186  -0.00015560
  96    0.0000001  -0.00000298
  97    0.0000001  -0.00000369
  98    0.0000002  -0.00000591
  99    0.0000001  -0.00000425
 100    0.0002388  -0.00051099
 101    0.0001444  -0.00043267
 102    0.0003306  -0.00108915
 103    0.0006184  -0.00244776
 104    0.0000122  -0.00024939
 105    0.0000151  -0.00057448
 106    0.0000144  -0.00058532
 107    0.0000114  -0.00008595
 108    0.0000099  -0.00007673
 109    0.0000132  -0.00009790
 110    0.0000001  -0.00000259
 111    0.0000001  -0.00000193
 112    0.0000001  -0.00000465
 113    0.0000001  -0.00000392
 114    0.0001911  -0.00045628
 115    0.0001390  -0.00042055
 116    0.0002851  -0.00083021
 117    0.0005074  -0.00217605
 118    0.0000065  -0.00005573
 119    0.0000075  -0.00007245
 120    0.0000131  -0.00010702
 121    0.0000089  -0.00007369
 122    0.0000073  -0.00007939
 123    0.0000060  -0.00005026
 124    0.0000001  -0.00000241
 125    0.0000001  -0.00000185
 126    0.0000001  -0.00000366
 127    0.0000001  -0.00000338
 
----------------
 Final Energies 
----------------
Final NOF Total Energy =    -681.9355833
 
Total Orbital Internal Iterations = 10
Total Occupation Internal Iterations = 0
 
Elapsed time:   28.68 Seconds

---------------------------------
   Lowdin Population Analysis    
---------------------------------
 Idx  Atom   Population   Charge 
---------------------------------
  1     P    14.497       0.503
  2     P    14.503       0.497

---------------------------------
   M Diagnostic: 0.03
---------------------------------

