Computing Integrals
Basis Set                                            = def2-qzvp
Auxiliary Basis Set                                  = def2-universal-jkfit
Gaussian Type                                        = Spherical
Elapsed time:    2.17 Seconds

Number of basis functions                   (NBF)    = 171
Number of auxiliary basis functions         (NBFAUX) = 229
Inactive Doubly occupied orbitals up to     (NO1)    = 0
No. considered Strongly Doubly occupied MOs (NDOC)   = 11
No. considered Strongly Singly occupied MOs (NSOC)   = 0
NO. of Weakly occ. per St. Doubly occ.  MOs (NCWO)   = 14
Dimension of the Nat. Orb. subspace         (NBF5)   = 165
No. of electrons                                     = 22
    No. of alpha electrons                           = 11
    No. of beta electrons                            = 11
Multiplicity                                         = 1

Geometry
========
 C       0.0000000       0.0000000       0.0000000
 O       0.0000000       0.0000000       1.1605465
 O       0.0000000       0.0000000      -1.1605465

No violations of the orthonormality
No violations of the orthonormality
 
PNOF8/ADABelief Calculation
==================
 
  Nitext  Nit_orb  Time   Nit_occ  Time         Eelec          Etot           Ediff      maxdiff    MaxGrad_orb  Grad_occ
     1      10    1.0e+01   51    1.3e+01  -246.63123675  -188.26688555 -10245.63123675   0.022612   9.0e-02   2.1e-04 0.03
     2      20    3.3e+00   28    8.0e-01  -246.71686454  -188.35251335    -0.08562779   0.050707   2.0e-01   2.7e-04 0.03
     3      20    3.0e+00   30    8.0e-01  -246.74209923  -188.37774803    -0.02523469   0.072409   2.9e-01   2.4e-04 0.03
     4      20    3.0e+00    0    6.0e-02  -246.74554636  -188.38119516    -0.00344713   0.072411   2.9e-01   2.4e-04 0.03
     5      40    6.1e+00   15    4.3e-01  -246.75538818  -188.39103698    -0.00984182   0.006748   2.7e-02   2.0e-04 0.03
     6      40    6.1e+00    7    2.4e-01  -246.76077746  -188.39642626    -0.00538928   0.003425   1.4e-02   2.9e-04 0.03
     7      40    6.2e+00    7    2.7e-01  -246.76398220  -188.39963100    -0.00320474   0.004817   1.9e-02   3.4e-04 0.03
     8      40    6.3e+00   15    4.7e-01  -246.76628243  -188.40193123    -0.00230023   0.003638   1.5e-02   1.7e-04 0.03
     9      40    6.2e+00    7    2.1e-01  -246.76772467  -188.40337347    -0.00144224   0.003279   1.3e-02   2.2e-04 0.03
    10      40    6.3e+00    7    2.6e-01  -246.76868335  -188.40433216    -0.00095868   0.003422   1.4e-02   2.8e-04 0.03
    11      40    6.1e+00    9    3.3e-01  -246.76934638  -188.40499518    -0.00066303   0.004160   1.7e-02   2.7e-04 0.03
    12      40    6.1e+00    7    2.6e-01  -246.76988148  -188.40553028    -0.00053510   0.003792   1.5e-02   2.8e-04 0.03
    13      40    5.9e+00   12    3.8e-01  -246.77032971  -188.40597852    -0.00044824   0.004084   1.6e-02   2.2e-04 0.03
    14      40    5.9e+00    7    2.1e-01  -246.77075653  -188.40640533    -0.00042682   0.004273   1.7e-02   1.9e-04 0.03
    15      40    6.1e+00    9    3.2e-01  -246.77106951  -188.40671831    -0.00031298   0.004693   1.9e-02   2.2e-04 0.03
    16      40    6.3e+00    4    2.1e-01  -246.77138095  -188.40702975    -0.00031144   0.004751   1.9e-02   3.0e-04 0.03
    17      40    6.6e+00    7    2.8e-01  -246.77162395  -188.40727275    -0.00024300   0.004835   1.9e-02   2.4e-04 0.03
    18      40    6.0e+00    7    2.2e-01  -246.77181829  -188.40746709    -0.00019434   0.004836   1.9e-02   1.9e-04 0.03
    19      40    6.2e+00    4    1.4e-01  -246.77201289  -188.40766169    -0.00019460   0.005107   2.0e-02   2.4e-04 0.03
    20      40    6.2e+00    7    2.7e-01  -246.77216774  -188.40781654    -0.00015485   0.003411   1.4e-02   1.9e-04 0.03
    21      40    6.1e+00    7    2.8e-01  -246.77231611  -188.40796491    -0.00014837   0.003922   1.6e-02   1.8e-04 0.03
    22      40    6.4e+00    7    3.1e-01  -246.77249457  -188.40814337    -0.00017846   0.004549   1.8e-02   2.1e-04 0.03
    23      40    6.1e+00    7    2.8e-01  -246.77261760  -188.40826641    -0.00012304   0.004782   1.9e-02   1.8e-04 0.03
    24      40    5.9e+00    4    1.6e-01  -246.77275001  -188.40839881    -0.00013240   0.003192   1.3e-02   2.0e-04 0.03
    25      40    6.1e+00    7    2.7e-01  -246.77284729  -188.40849609    -0.00009728   0.003907   1.6e-02   2.1e-04 0.03
    26      40    6.4e+00    4    2.0e-01  -246.77291112  -188.40855993    -0.00006384   0.003447   1.4e-02   2.0e-04 0.03
    27      40    6.3e+00    1    8.9e-02  -246.77295641  -188.40860521    -0.00004528   0.003577   1.4e-02   2.2e-04 0.03
    28      40    6.1e+00    6    1.9e-01  -246.77296260  -188.40861140    -0.00000619   0.004314   1.7e-02   1.6e-04 0.03
    29      40    6.3e+00    3    1.8e-01  -246.77299181  -188.40864061    -0.00002921   0.015630   6.3e-02   1.7e-04 0.03
    30      40    5.9e+00    1    9.5e-02  -246.77301983  -188.40866863    -0.00002802   0.003590   1.4e-02   2.1e-04 0.03
    31      40    6.2e+00    6    2.5e-01  -246.77304062  -188.40868943    -0.00002080   0.003590   1.4e-02   1.5e-04 0.03
    32      40    6.5e+00    3    1.3e-01  -246.77308115  -188.40872996    -0.00004053   0.003669   1.5e-02   1.9e-04 0.03
    33      40    5.8e+00    4    2.1e-01  -246.77309946  -188.40874827    -0.00001831   0.003427   1.4e-02   2.3e-04 0.03
    34      40    6.0e+00    3    1.6e-01  -246.77312316  -188.40877197    -0.00002370   0.003699   1.5e-02   2.0e-04 0.03
    35      40    6.3e+00    0    7.9e-02  -246.77312904  -188.40877785    -0.00000588   0.003699   1.5e-02   2.0e-04 0.03
    36      42    6.1e+00    0    6.7e-02  -246.77326010  -188.40890891    -0.00013106   0.000489   2.0e-03   2.4e-04 0.03
 
RESULTS OF THE OCCUPATION OPTIMIZATION
========================================
   1    1.9999842  -20.67703886
   2    1.9999844  -20.67684628
   3    1.9999337  -11.44834152
   4    1.9870766  -1.41828205
   5    1.9859215  -1.38797181
   6    1.9762617  -0.94202839
   7    1.9762998  -0.89086423
   8    1.9804458  -0.69398096
   9    1.9801481  -0.67145187
  10    1.9681988  -0.65292616
  11    1.9682588  -0.65021360
  12    0.0274922  -0.04643705
  13    0.0275681  -0.04657716
  14    0.0071391  -0.01480618
  15    0.0078469  -0.01814675
  16    0.0167070  -0.03467263
  17    0.0187914  -0.03847728
  18    0.0061686  -0.01942284
  19    0.0055602  -0.01576400
  20    0.0000398  -0.00092090
  21    0.0000113  -0.00042098
  22    0.0000103  -0.00037848
  23    0.0032589  -0.00752900
  24    0.0033085  -0.00764340
  25    0.0047856  -0.01045121
  26    0.0044800  -0.00962746
  27    0.0036905  -0.00970739
  28    0.0032360  -0.00804850
  29    0.0027992  -0.00771084
  30    0.0032581  -0.00879190
  31    0.0000074  -0.00010143
  32    0.0000012  -0.00002768
  33    0.0000020  -0.00003805
  34    0.0002466  -0.00081087
  35    0.0002538  -0.00083476
  36    0.0045839  -0.00958182
  37    0.0038252  -0.00825524
  38    0.0019968  -0.00578054
  39    0.0006749  -0.00196704
  40    0.0019431  -0.00606674
  41    0.0015155  -0.00727355
  42    0.0000067  -0.00013553
  43    0.0000012  -0.00005609
  44    0.0000016  -0.00004263
  45    0.0002169  -0.00074334
  46    0.0002170  -0.00074426
  47    0.0010285  -0.00329863
  48    0.0009821  -0.00309997
  49    0.0004300  -0.00148553
  50    0.0005032  -0.00188013
  51    0.0012846  -0.00590046
  52    0.0011849  -0.00548356
  53    0.0000052  -0.00006017
  54    0.0000010  -0.00002443
  55    0.0000006  -0.00001949
  56    0.0002122  -0.00073669
  57    0.0002065  -0.00071627
  58    0.0006768  -0.00353215
  59    0.0005999  -0.00222257
  60    0.0003615  -0.00127316
  61    0.0002357  -0.00085966
  62    0.0005236  -0.00209310
  63    0.0005664  -0.00414286
  64    0.0000047  -0.00005736
  65    0.0000004  -0.00002734
  66    0.0000004  -0.00003523
  67    0.0000799  -0.00031115
  68    0.0001376  -0.00052209
  69    0.0005622  -0.00175527
  70    0.0005119  -0.00182976
  71    0.0002319  -0.00082410
  72    0.0000866  -0.00035079
  73    0.0004567  -0.00226235
  74    0.0002445  -0.00098659
  75    0.0000007  -0.00001859
  76    0.0000001  -0.00000378
  77    0.0000002  -0.00001047
  78    0.0000713  -0.00026996
  79    0.0000198  -0.00009809
  80    0.0004620  -0.00166963
  81    0.0004968  -0.00183450
  82    0.0001447  -0.00058645
  83    0.0000586  -0.00029492
  84    0.0002950  -0.00196133
  85    0.0002240  -0.00088990
  86    0.0000006  -0.00002124
  87    0.0000001  -0.00000235
  88    0.0000002  -0.00001172
  89    0.0000661  -0.00023566
  90    0.0000166  -0.00009569
  91    0.0003039  -0.00120054
  92    0.0002733  -0.00110432
  93    0.0000345  -0.00015876
  94    0.0000311  -0.00015683
  95    0.0002213  -0.00088870
  96    0.0001405  -0.00163660
  97    0.0000004  -0.00001677
  98    0.0000001  -0.00000165
  99    0.0000002  -0.00000679
 100    0.0000282  -0.00015033
 101    0.0000147  -0.00009422
 102    0.0001082  -0.00050266
 103    0.0002567  -0.00094185
 104    0.0000306  -0.00015688
 105    0.0000294  -0.00016319
 106    0.0002070  -0.00082719
 107    0.0000744  -0.00040372
 108    0.0000002  -0.00001672
 109    0.0000001  -0.00000149
 110    0.0000001  -0.00000376
 111    0.0000156  -0.00009483
 112    0.0000143  -0.00009251
 113    0.0001032  -0.00044507
 114    0.0001000  -0.00043528
 115    0.0000167  -0.00011209
 116    0.0000271  -0.00015023
 117    0.0000875  -0.00119402
 118    0.0000648  -0.00032238
 119    0.0000002  -0.00001811
 120    0.0000000  -0.00000139
 121    0.0000001  -0.00000249
 122    0.0000149  -0.00009305
 123    0.0000136  -0.00009043
 124    0.0000329  -0.00020043
 125    0.0000848  -0.00035432
 126    0.0000156  -0.00010120
 127    0.0000203  -0.00013033
 128    0.0000366  -0.00030844
 129    0.0000314  -0.00018943
 130    0.0000002  -0.00000750
 131    0.0000000  -0.00000092
 132    0.0000001  -0.00000210
 133    0.0000141  -0.00009216
 134    0.0000122  -0.00008265
 135    0.0000278  -0.00014059
 136    0.0000456  -0.00025983
 137    0.0000155  -0.00010130
 138    0.0000154  -0.00009882
 139    0.0000195  -0.00014126
 140    0.0000223  -0.00015434
 141    0.0000002  -0.00000535
 142    0.0000000  -0.00000075
 143    0.0000001  -0.00000190
 144    0.0000140  -0.00009033
 145    0.0000107  -0.00007169
 146    0.0000193  -0.00011142
 147    0.0000285  -0.00014548
 148    0.0000143  -0.00009580
 149    0.0000148  -0.00009738
 150    0.0000181  -0.00012992
 151    0.0000188  -0.00011822
 152    0.0000001  -0.00000380
 153    0.0000000  -0.00000069
 154    0.0000001  -0.00000151
 155    0.0000105  -0.00006846
 156    0.0000080  -0.00004708
 157    0.0000187  -0.00010882
 158    0.0000226  -0.00013729
 159    0.0000107  -0.00008584
 160    0.0000138  -0.00009348
 161    0.0000177  -0.00012125
 162    0.0000178  -0.00011444
 163    0.0000001  -0.00000326
 164    0.0000000  -0.00000053
 165    0.0000001  -0.00000095
 
----------------
 Final Energies 
----------------
Final NOF Total Energy =    -188.4089089
 
Total Orbital Internal Iterations = 1352
Total Occupation Internal Iterations = 303
 
Elapsed time:  256.09 Seconds

---------------------------------
   Lowdin Population Analysis    
---------------------------------
 Idx  Atom   Population   Charge 
---------------------------------
  1     C     6.619      -0.619
  2     O     7.690       0.310
  3     O     7.690       0.310

---------------------------------
   M Diagnostic: 0.03
---------------------------------

