Computing Integrals
Basis Set                                            = def2-qzvp
Auxiliary Basis Set                                  = def2-universal-jkfit
Gaussian Type                                        = Spherical
Elapsed time:    3.68 Seconds

Number of basis functions                   (NBF)    = 267
Number of auxiliary basis functions         (NBFAUX) = 459
Inactive Doubly occupied orbitals up to     (NO1)    = 0
No. considered Strongly Doubly occupied MOs (NDOC)   = 28
No. considered Strongly Singly occupied MOs (NSOC)   = 0
NO. of Weakly occ. per St. Doubly occ.  MOs (NCWO)   = 8
Dimension of the Nat. Orb. subspace         (NBF5)   = 252
No. of electrons                                     = 56
    No. of alpha electrons                           = 28
    No. of beta electrons                            = 28
Multiplicity                                         = 1

Geometry
========
 B       0.0000000       0.0000000       0.0000000
Cl       0.8752793       1.5160282       0.0000000
Cl       0.8752793      -1.5160282       0.0000000
Cl      -1.7505585       0.0000000       0.0000000

No violations of the orthonormality
No violations of the orthonormality
 
PNOF8/ADABelief Calculation
==================
 
  Nitext  Nit_orb  Time   Nit_occ  Time         Eelec          Etot           Ediff      maxdiff    MaxGrad_orb  Grad_occ
     1      10    1.4e+01    0    1.2e+01 -1633.49823729 -1405.09928533 -11632.49823729   0.000497   2.0e-03   2.3e-04 0.02
 
RESULTS OF THE OCCUPATION OPTIMIZATION
========================================
   1    1.9999991  -104.91576508
   2    1.9999993  -104.91533188
   3    1.9999991  -104.91299595
   4    1.9999357  -10.49846749
   5    1.9998919  -10.25378200
   6    1.9998982  -9.73588644
   7    1.9998606  -9.13924488
   8    1.9992900  -8.08998961
   9    1.9993701  -8.08431408
  10    1.9993018  -8.08338731
  11    1.9993694  -8.08262886
  12    1.9991368  -8.08215941
  13    1.9989490  -8.08202300
  14    1.9994599  -8.08116599
  15    1.9991528  -8.08115907
  16    1.9994642  -8.08110999
  17    1.9828327  -1.11997351
  18    1.9831886  -1.11531435
  19    1.9832929  -1.11501351
  20    1.9763546  -0.68293029
  21    1.9763846  -0.68204209
  22    1.9764180  -0.68066809
  23    1.9713580  -0.52729328
  24    1.9726381  -0.52665148
  25    1.9727326  -0.52646266
  26    1.9705718  -0.52003782
  27    1.9711522  -0.51925660
  28    1.9698792  -0.51918654
  29    0.0098301  -0.01800879
  30    0.0089118  -0.01767034
  31    0.0079387  -0.01719497
  32    0.0100206  -0.01952368
  33    0.0100339  -0.01960200
  34    0.0156884  -0.02665242
  35    0.0150801  -0.03501008
  36    0.0150686  -0.03507853
  37    0.0151983  -0.03519777
  38    0.0054522  -0.02622484
  39    0.0054876  -0.02663501
  40    0.0054439  -0.02569519
  41    0.0003934  -0.00926694
  42    0.0003948  -0.00962286
  43    0.0004070  -0.00970012
  44    0.0005161  -0.01203045
  45    0.0004039  -0.00945306
  46    0.0004530  -0.01058832
  47    0.0005432  -0.01233279
  48    0.0004566  -0.01065296
  49    0.0005778  -0.01265477
  50    0.0000584  -0.00078941
  51    0.0000194  -0.00021120
  52    0.0000691  -0.00266023
  53    0.0000297  -0.00033110
  54    0.0000002  -0.00000815
  55    0.0000005  -0.00002193
  56    0.0000002  -0.00001073
  57    0.0095073  -0.01714553
  58    0.0087069  -0.01679639
  59    0.0077399  -0.01589546
  60    0.0085768  -0.01784218
  61    0.0086049  -0.01791065
  62    0.0099659  -0.01820136
  63    0.0026351  -0.01022358
  64    0.0021274  -0.00957071
  65    0.0021205  -0.00929101
  66    0.0046612  -0.01986443
  67    0.0046607  -0.01977385
  68    0.0046515  -0.01828367
  69    0.0000675  -0.00195335
  70    0.0003817  -0.00913145
  71    0.0000733  -0.00212435
  72    0.0004412  -0.01048933
  73    0.0003937  -0.00963809
  74    0.0000740  -0.00311951
  75    0.0000620  -0.00073394
  76    0.0000957  -0.00181310
  77    0.0000677  -0.00084986
  78    0.0000218  -0.00018965
  79    0.0000187  -0.00022476
  80    0.0000113  -0.00011049
  81    0.0000146  -0.00039146
  82    0.0000001  -0.00000726
  83    0.0000002  -0.00000843
  84    0.0000001  -0.00000707
  85    0.0094248  -0.01729022
  86    0.0084587  -0.01680686
  87    0.0074429  -0.01588907
  88    0.0068909  -0.01812336
  89    0.0069207  -0.01812781
  90    0.0007158  -0.00164446
  91    0.0020319  -0.00877269
  92    0.0021043  -0.00969834
  93    0.0019999  -0.00942063
  94    0.0023456  -0.01203810
  95    0.0023758  -0.01227862
  96    0.0022808  -0.01185429
  97    0.0000165  -0.00015821
  98    0.0000155  -0.00014595
  99    0.0000160  -0.00014782
 100    0.0000560  -0.00063869
 101    0.0000221  -0.00017911
 102    0.0000560  -0.00082321
 103    0.0000526  -0.00059753
 104    0.0000446  -0.00059145
 105    0.0000154  -0.00014319
 106    0.0000166  -0.00020799
 107    0.0000171  -0.00017091
 108    0.0000104  -0.00010319
 109    0.0000089  -0.00012917
 110    0.0000001  -0.00000660
 111    0.0000000  -0.00000075
 112    0.0000001  -0.00000630
 113    0.0007275  -0.00173174
 114    0.0015448  -0.00586789
 115    0.0059196  -0.01800764
 116    0.0006258  -0.00156410
 117    0.0006275  -0.00156880
 118    0.0006815  -0.00160695
 119    0.0017678  -0.00893657
 120    0.0017695  -0.00854052
 121    0.0017231  -0.00831169
 122    0.0017892  -0.01002510
 123    0.0018125  -0.01011788
 124    0.0018114  -0.01007555
 125    0.0000162  -0.00026976
 126    0.0000144  -0.00077765
 127    0.0000149  -0.00035519
 128    0.0000195  -0.00017409
 129    0.0000136  -0.00051485
 130    0.0000173  -0.00015031
 131    0.0000127  -0.00011663
 132    0.0000138  -0.00049114
 133    0.0000128  -0.00013007
 134    0.0000158  -0.00014869
 135    0.0000143  -0.00020504
 136    0.0000090  -0.00009927
 137    0.0000075  -0.00008638
 138    0.0000001  -0.00000621
 139    0.0000000  -0.00000038
 140    0.0000001  -0.00000518
 141    0.0002250  -0.00088340
 142    0.0006403  -0.00161759
 143    0.0001319  -0.00046886
 144    0.0006257  -0.00156174
 145    0.0006257  -0.00156160
 146    0.0006669  -0.00155923
 147    0.0006505  -0.00188678
 148    0.0007081  -0.00214627
 149    0.0007283  -0.00221579
 150    0.0017875  -0.01003946
 151    0.0017243  -0.00973950
 152    0.0017790  -0.00989899
 153    0.0000123  -0.00015804
 154    0.0000139  -0.00015415
 155    0.0000116  -0.00012773
 156    0.0000059  -0.00006353
 157    0.0000132  -0.00020337
 158    0.0000145  -0.00013740
 159    0.0000111  -0.00010256
 160    0.0000080  -0.00008162
 161    0.0000105  -0.00010388
 162    0.0000146  -0.00015108
 163    0.0000142  -0.00014025
 164    0.0000080  -0.00009366
 165    0.0000033  -0.00043739
 166    0.0000001  -0.00000558
 167    0.0000000  -0.00000028
 168    0.0000001  -0.00000450
 169    0.0001608  -0.00053642
 170    0.0002140  -0.00088481
 171    0.0000970  -0.00035230
 172    0.0002336  -0.00088926
 173    0.0003270  -0.00115817
 174    0.0003938  -0.00128679
 175    0.0006390  -0.00185476
 176    0.0006577  -0.00191020
 177    0.0006871  -0.00198968
 178    0.0002700  -0.00169719
 179    0.0002816  -0.00138401
 180    0.0007670  -0.00340517
 181    0.0000110  -0.00011964
 182    0.0000096  -0.00008725
 183    0.0000078  -0.00007885
 184    0.0000052  -0.00006284
 185    0.0000080  -0.00007675
 186    0.0000073  -0.00007362
 187    0.0000068  -0.00008408
 188    0.0000046  -0.00005669
 189    0.0000094  -0.00008992
 190    0.0000052  -0.00006284
 191    0.0000116  -0.00011864
 192    0.0000001  -0.00000553
 193    0.0000001  -0.00000268
 194    0.0000001  -0.00000402
 195    0.0000000  -0.00000031
 196    0.0000001  -0.00000336
 197    0.0001413  -0.00048379
 198    0.0002105  -0.00086729
 199    0.0000829  -0.00029286
 200    0.0001673  -0.00060910
 201    0.0001145  -0.00037120
 202    0.0002898  -0.00091747
 203    0.0005747  -0.00163802
 204    0.0006021  -0.00180441
 205    0.0006024  -0.00175366
 206    0.0002616  -0.00169733
 207    0.0002767  -0.00138214
 208    0.0002248  -0.00126109
 209    0.0000103  -0.00009107
 210    0.0000089  -0.00008504
 211    0.0000052  -0.00008165
 212    0.0000037  -0.00004370
 213    0.0000048  -0.00006997
 214    0.0000047  -0.00005421
 215    0.0000053  -0.00006458
 216    0.0000039  -0.00006319
 217    0.0000084  -0.00008200
 218    0.0000048  -0.00025009
 219    0.0000040  -0.00011956
 220    0.0000001  -0.00000392
 221    0.0000001  -0.00000218
 222    0.0000001  -0.00000340
 223    0.0000000  -0.00000029
 224    0.0000001  -0.00000307
 225    0.0001039  -0.00033589
 226    0.0001609  -0.00060775
 227    0.0000754  -0.00026531
 228    0.0001267  -0.00047824
 229    0.0001077  -0.00039237
 230    0.0002399  -0.00092712
 231    0.0002029  -0.00087630
 232    0.0005776  -0.00165839
 233    0.0005859  -0.00168404
 234    0.0001398  -0.00094690
 235    0.0001921  -0.00109934
 236    0.0002090  -0.00115106
 237    0.0000086  -0.00008601
 238    0.0000084  -0.00008945
 239    0.0000042  -0.00006388
 240    0.0000033  -0.00013094
 241    0.0000040  -0.00015424
 242    0.0000039  -0.00007281
 243    0.0000045  -0.00005167
 244    0.0000026  -0.00033432
 245    0.0000078  -0.00008064
 246    0.0000021  -0.00021200
 247    0.0000026  -0.00040950
 248    0.0000001  -0.00000374
 249    0.0000001  -0.00000204
 250    0.0000001  -0.00000320
 251    0.0000000  -0.00000024
 252    0.0000001  -0.00000252
 
----------------
 Final Energies 
----------------
Final NOF Total Energy =   -1405.0992853
 
Total Orbital Internal Iterations = 10
Total Occupation Internal Iterations = 0
 
Elapsed time:   33.80 Seconds

---------------------------------
   Lowdin Population Analysis    
---------------------------------
 Idx  Atom   Population   Charge 
---------------------------------
  1     B     7.095      -2.095
  2    Cl    16.298       0.702
  3    Cl    16.303       0.697
  4    Cl    16.304       0.696

---------------------------------
   M Diagnostic: 0.02
---------------------------------

