Computing Integrals
Basis Set                                            = def2-qzvp
Auxiliary Basis Set                                  = def2-universal-jkfit
Gaussian Type                                        = Spherical
Elapsed time:    4.84 Seconds

Number of basis functions                   (NBF)    = 276
Number of auxiliary basis functions         (NBFAUX) = 513
Inactive Doubly occupied orbitals up to     (NO1)    = 0
No. considered Strongly Doubly occupied MOs (NDOC)   = 29
No. considered Strongly Singly occupied MOs (NSOC)   = 0
NO. of Weakly occ. per St. Doubly occ.  MOs (NCWO)   = 8
Dimension of the Nat. Orb. subspace         (NBF5)   = 261
No. of electrons                                     = 58
    No. of alpha electrons                           = 29
    No. of beta electrons                            = 29
Multiplicity                                         = 1

Geometry
========
 N       0.0000000       0.0000000      -2.0383930
 C       0.0000000       0.0000000      -3.1782660
 H       0.0000000       0.0000000      -4.2462030
Br       0.0000000       0.0000000       0.4901520
 F       0.0000000       0.0000000       2.2699130

No violations of the orthonormality
No violations of the orthonormality
 
PNOF8/ADABelief Calculation
==================
 
  Nitext  Nit_orb  Time   Nit_occ  Time         Eelec          Etot           Ediff      maxdiff    MaxGrad_orb  Grad_occ
     1      10    1.5e+01  100    2.1e+01 -2982.68515440 -2765.68615657 -12981.68515440   0.024017   9.6e-02   2.6e-04 0.04
     2      20    1.2e+01    0    5.5e-01 -2982.95487897 -2765.95588115    -0.26972457   0.024026   9.6e-02   2.6e-04 0.04
     3      40    2.2e+01   27    2.8e+00 -2983.03055103 -2766.03155320    -0.07567206   0.513244   2.1e+00   2.2e-04 0.04
     4      40    2.2e+01   33    3.3e+00 -2983.09338791 -2766.09439008    -0.06283688   0.303043   1.2e+00   3.3e-04 0.04
     5      40    2.3e+01   47    4.4e+00 -2983.15530247 -2766.15630465    -0.06191456   0.073339   2.9e-01   2.2e-04 0.03
     6      40    2.2e+01   35    3.4e+00 -2983.18417642 -2766.18517860    -0.02887395   0.074253   3.0e-01   2.2e-04 0.03
     7      40    2.3e+01   28    2.8e+00 -2983.20388860 -2766.20489078    -0.01971218   0.055079   2.2e-01   3.5e-04 0.03
     8      40    2.3e+01   34    3.3e+00 -2983.21775600 -2766.21875818    -0.01386740   0.071463   2.9e-01   3.0e-04 0.03
     9      40    2.2e+01   20    2.3e+00 -2983.23189173 -2766.23289390    -0.01413572   0.036119   1.4e-01   3.0e-04 0.03
    10      40    2.4e+01   34    3.4e+00 -2983.24128181 -2766.24228399    -0.00939008   0.023256   9.3e-02   2.8e-04 0.03
    11      40    2.3e+01   19    2.1e+00 -2983.24891836 -2766.24992053    -0.00763655   0.030442   1.2e-01   2.6e-04 0.03
    12      40    2.3e+01   23    2.5e+00 -2983.25445244 -2766.25545461    -0.00553408   0.028641   1.1e-01   2.8e-04 0.03
    13      40    2.2e+01   13    1.6e+00 -2983.25775167 -2766.25875385    -0.00329923   0.026645   1.1e-01   3.2e-04 0.03
    14      40    2.2e+01   33    3.3e+00 -2983.25955920 -2766.26056137    -0.00180753   0.027183   1.1e-01   2.0e-04 0.03
    15      40    2.3e+01   13    1.6e+00 -2983.26172012 -2766.26272230    -0.00216093   0.023310   9.3e-02   2.4e-04 0.03
    16      40    2.2e+01   16    1.9e+00 -2983.26310791 -2766.26411008    -0.00138778   0.026606   1.1e-01   3.0e-04 0.03
    17      40    2.2e+01   16    1.9e+00 -2983.26491926 -2766.26592144    -0.00181135   0.026132   1.0e-01   3.0e-04 0.03
    18      40    2.4e+01   20    2.3e+00 -2983.26606344 -2766.26706562    -0.00114418   0.028179   1.1e-01   2.5e-04 0.03
    19      40    2.2e+01   15    1.7e+00 -2983.26716753 -2766.26816970    -0.00110409   0.023964   9.6e-02   2.6e-04 0.03
    20      40    2.3e+01   17    1.9e+00 -2983.26858848 -2766.26959065    -0.00142095   0.028847   1.2e-01   2.7e-04 0.03
    21      40    2.2e+01    9    1.3e+00 -2983.26954972 -2766.27055190    -0.00096124   0.026655   1.1e-01   2.6e-04 0.03
    22      40    2.3e+01    8    1.2e+00 -2983.27042513 -2766.27142731    -0.00087541   0.029158   1.2e-01   3.1e-04 0.03
    23      40    2.2e+01   16    1.8e+00 -2983.27102770 -2766.27202988    -0.00060257   0.031421   1.3e-01   2.9e-04 0.03
    24      40    2.3e+01    6    1.0e+00 -2983.27205390 -2766.27305607    -0.00102619   0.024409   9.8e-02   3.4e-04 0.03
    25      40    2.2e+01   22    2.4e+00 -2983.27242017 -2766.27342234    -0.00036627   0.024589   9.8e-02   2.4e-04 0.03
    26      40    2.2e+01    8    1.2e+00 -2983.27289081 -2766.27389299    -0.00047064   0.028445   1.1e-01   2.1e-04 0.03
    27      40    2.3e+01    9    1.3e+00 -2983.27329180 -2766.27429397    -0.00040099   0.027135   1.1e-01   2.3e-04 0.03
    28      40    2.3e+01    6    1.0e+00 -2983.27342548 -2766.27442765    -0.00013368   0.025938   1.0e-01   2.8e-04 0.03
    29      40    2.3e+01   11    1.5e+00 -2983.27353344 -2766.27453561    -0.00010796   0.026774   1.1e-01   2.9e-04 0.03
    30      40    2.3e+01    0    4.9e-01 -2983.27356230 -2766.27456447    -0.00002886   0.026774   1.1e-01   2.9e-04 0.03
    31      60    3.3e+01    3    7.6e-01 -2983.27759627 -2766.27859844    -0.00403397   0.009864   3.9e-02   2.3e-04 0.03
    32      60    3.4e+01    0    4.8e-01 -2983.27760244 -2766.27860462    -0.00000618   0.009864   3.9e-02   2.3e-04 0.03
    33      80    4.5e+01    0    4.9e-01 -2983.27773177 -2766.27873395    -0.00012933   0.006024   2.4e-02   3.1e-04 0.03
    34      90    5.0e+01    3    7.6e-01 -2983.27777339 -2766.27877556    -0.00004161   0.003407   1.4e-02   2.2e-04 0.03
    35      90    5.0e+01    0    5.0e-01 -2983.27781373 -2766.27881591    -0.00004035   0.002020   8.1e-03   2.6e-04 0.03
    36     100    5.6e+01    3    7.7e-01 -2983.27784401 -2766.27884618    -0.00003027   0.001164   4.7e-03   2.0e-04 0.03
    37     100    5.6e+01    0    4.7e-01 -2983.27787871 -2766.27888088    -0.00003470   0.000997   4.0e-03   2.7e-04 0.03
 
RESULTS OF THE OCCUPATION OPTIMIZATION
========================================
   1    2.0000000  -489.77887322
   2    1.9999995  -65.66454264
   3    1.9999986  -58.63934867
   4    1.9999992  -58.63174621
   5    1.9999990  -58.63150849
   6    1.9999888  -26.33190912
   7    1.9999734  -15.60827877
   8    1.9999296  -10.65865176
   9    1.9999415  -10.60623168
  10    1.9997128  -7.52509584
  11    1.9997600  -7.51091353
  12    1.9997867  -7.50984381
  13    1.9972729  -3.26153726
  14    1.9980011  -3.25812217
  15    1.9983127  -3.25773741
  16    1.9983638  -3.24556993
  17    1.9928633  -3.23907195
  18    1.9868097  -1.56491116
  19    1.9842406  -1.09540077
  20    1.9804251  -1.01652828
  21    1.9776288  -0.86083468
  22    1.9761192  -0.85572508
  23    1.9667841  -0.70175973
  24    1.9777217  -0.68296576
  25    1.9779191  -0.68243937
  26    1.9646895  -0.56256803
  27    1.9646383  -0.56249461
  28    1.9754861  -0.46014227
  29    1.9725486  -0.45607830
  30    0.0102074  -0.03065051
  31    0.0118056  -0.03320847
  32    0.0311062  -0.03972407
  33    0.0310937  -0.03973805
  34    0.0113546  -0.02585789
  35    0.0121629  -0.02724084
  36    0.0325730  -0.07100895
  37    0.0138783  -0.02159889
  38    0.0120392  -0.02607103
  39    0.0089025  -0.04160448
  40    0.0062387  -0.01936982
  41    0.0061424  -0.02514781
  42    0.0069191  -0.04409742
  43    0.0013401  -0.01026201
  44    0.0013927  -0.01583644
  45    0.0013731  -0.01517277
  46    0.0023622  -0.01697583
  47    0.0001512  -0.00408852
  48    0.0001703  -0.00540710
  49    0.0002323  -0.00626230
  50    0.0000295  -0.00036297
  51    0.0000391  -0.00052554
  52    0.0000126  -0.00032088
  53    0.0000050  -0.00019453
  54    0.0000004  -0.00001340
  55    0.0000003  -0.00001996
  56    0.0000004  -0.00001333
  57    0.0000003  -0.00001272
  58    0.0000000  -0.00000097
  59    0.0096898  -0.03029001
  60    0.0095826  -0.03364546
  61    0.0031884  -0.00564965
  62    0.0031509  -0.00556095
  63    0.0049570  -0.01588238
  64    0.0039523  -0.01109005
  65    0.0002089  -0.00088787
  66    0.0048837  -0.01019921
  67    0.0035588  -0.00784597
  68    0.0073067  -0.02673649
  69    0.0032408  -0.00774118
  70    0.0027442  -0.00909754
  71    0.0000722  -0.00046568
  72    0.0000990  -0.00065771
  73    0.0000966  -0.00077688
  74    0.0003749  -0.00471543
  75    0.0001833  -0.00179928
  76    0.0000174  -0.00017334
  77    0.0000250  -0.00039601
  78    0.0000145  -0.00016099
  79    0.0000076  -0.00013391
  80    0.0000079  -0.00016973
  81    0.0000034  -0.00005004
  82    0.0000015  -0.00031521
  83    0.0000001  -0.00000461
  84    0.0000001  -0.00000377
  85    0.0000002  -0.00001041
  86    0.0000002  -0.00000812
  87    0.0000000  -0.00000030
  88    0.0058325  -0.02094180
  89    0.0008754  -0.00253010
  90    0.0002564  -0.00065981
  91    0.0002507  -0.00065028
  92    0.0033903  -0.00932174
  93    0.0034785  -0.00941662
  94    0.0000881  -0.00026257
  95    0.0019811  -0.00425104
  96    0.0024675  -0.00611091
  97    0.0008832  -0.00282553
  98    0.0020723  -0.00609180
  99    0.0026982  -0.00883857
 100    0.0000515  -0.00033606
 101    0.0000476  -0.00191852
 102    0.0000658  -0.00046304
 103    0.0000724  -0.00040733
 104    0.0000795  -0.00054616
 105    0.0000093  -0.00029928
 106    0.0000090  -0.00058831
 107    0.0000098  -0.00066858
 108    0.0000072  -0.00008935
 109    0.0000052  -0.00007009
 110    0.0000032  -0.00004880
 111    0.0000012  -0.00021996
 112    0.0000001  -0.00000408
 113    0.0000001  -0.00000205
 114    0.0000001  -0.00000651
 115    0.0000000  -0.00000021
 116    0.0000000  -0.00000028
 117    0.0013450  -0.00509597
 118    0.0008643  -0.00238980
 119    0.0002343  -0.00060258
 120    0.0002347  -0.00059798
 121    0.0010457  -0.00378805
 122    0.0010667  -0.00381694
 123    0.0000812  -0.00025851
 124    0.0018602  -0.00403740
 125    0.0024427  -0.00606218
 126    0.0008490  -0.00274668
 127    0.0012335  -0.00605988
 128    0.0005317  -0.00247424
 129    0.0000406  -0.00025616
 130    0.0000419  -0.00043189
 131    0.0000440  -0.00086749
 132    0.0000616  -0.00037466
 133    0.0000357  -0.00119873
 134    0.0000086  -0.00054370
 135    0.0000078  -0.00010260
 136    0.0000073  -0.00009325
 137    0.0000059  -0.00007980
 138    0.0000047  -0.00008077
 139    0.0000031  -0.00004827
 140    0.0000010  -0.00005459
 141    0.0000001  -0.00000333
 142    0.0000001  -0.00000191
 143    0.0000001  -0.00000735
 144    0.0000000  -0.00000012
 145    0.0000000  -0.00000025
 146    0.0001039  -0.00036234
 147    0.0008324  -0.00237576
 148    0.0001964  -0.00055603
 149    0.0001936  -0.00055236
 150    0.0005384  -0.00203065
 151    0.0006966  -0.00297259
 152    0.0000731  -0.00024938
 153    0.0005973  -0.00174990
 154    0.0008217  -0.00322797
 155    0.0007235  -0.00256258
 156    0.0008155  -0.00306692
 157    0.0003146  -0.00150313
 158    0.0000166  -0.00014035
 159    0.0000353  -0.00043017
 160    0.0000320  -0.00025786
 161    0.0000444  -0.00041011
 162    0.0000188  -0.00016139
 163    0.0000078  -0.00010178
 164    0.0000077  -0.00009911
 165    0.0000072  -0.00009418
 166    0.0000046  -0.00006499
 167    0.0000039  -0.00006110
 168    0.0000025  -0.00005137
 169    0.0000008  -0.00001907
 170    0.0000001  -0.00000334
 171    0.0000001  -0.00000165
 172    0.0000001  -0.00000499
 173    0.0000000  -0.00000012
 174    0.0000000  -0.00000024
 175    0.0000953  -0.00028955
 176    0.0002496  -0.00098259
 177    0.0001708  -0.00048364
 178    0.0001740  -0.00049308
 179    0.0002906  -0.00114053
 180    0.0003987  -0.00167997
 181    0.0000704  -0.00024685
 182    0.0002485  -0.00068140
 183    0.0005385  -0.00179336
 184    0.0006551  -0.00327028
 185    0.0007602  -0.00339398
 186    0.0002706  -0.00131771
 187    0.0000130  -0.00011612
 188    0.0000303  -0.00021799
 189    0.0000249  -0.00019335
 190    0.0000389  -0.00057021
 191    0.0000175  -0.00014689
 192    0.0000074  -0.00009775
 193    0.0000075  -0.00009664
 194    0.0000060  -0.00007726
 195    0.0000016  -0.00012332
 196    0.0000035  -0.00004917
 197    0.0000009  -0.00003657
 198    0.0000007  -0.00001950
 199    0.0000001  -0.00000300
 200    0.0000001  -0.00000155
 201    0.0000001  -0.00000502
 202    0.0000000  -0.00000011
 203    0.0000000  -0.00000023
 204    0.0000915  -0.00032224
 205    0.0001534  -0.00049510
 206    0.0001080  -0.00030009
 207    0.0001101  -0.00032290
 208    0.0002623  -0.00105586
 209    0.0002737  -0.00106804
 210    0.0000675  -0.00024240
 211    0.0002448  -0.00067246
 212    0.0004109  -0.00124204
 213    0.0001460  -0.00071305
 214    0.0007477  -0.00211564
 215    0.0002482  -0.00116067
 216    0.0000121  -0.00011794
 217    0.0000243  -0.00018362
 218    0.0000158  -0.00015426
 219    0.0000169  -0.00015981
 220    0.0000153  -0.00013391
 221    0.0000064  -0.00008742
 222    0.0000068  -0.00008922
 223    0.0000052  -0.00014261
 224    0.0000015  -0.00051391
 225    0.0000033  -0.00006092
 226    0.0000007  -0.00004329
 227    0.0000006  -0.00001825
 228    0.0000001  -0.00000197
 229    0.0000001  -0.00000157
 230    0.0000001  -0.00000421
 231    0.0000000  -0.00000010
 232    0.0000000  -0.00000024
 233    0.0000861  -0.00029391
 234    0.0001506  -0.00046935
 235    0.0001012  -0.00031699
 236    0.0001028  -0.00030960
 237    0.0002420  -0.00100483
 238    0.0002489  -0.00097616
 239    0.0000538  -0.00018274
 240    0.0001869  -0.00065296
 241    0.0000920  -0.00030939
 242    0.0001089  -0.00044678
 243    0.0006508  -0.00215110
 244    0.0002404  -0.00112929
 245    0.0000117  -0.00011378
 246    0.0000177  -0.00015753
 247    0.0000154  -0.00013282
 248    0.0000167  -0.00018754
 249    0.0000148  -0.00014023
 250    0.0000052  -0.00007723
 251    0.0000059  -0.00007681
 252    0.0000049  -0.00007385
 253    0.0000006  -0.00001576
 254    0.0000028  -0.00006316
 255    0.0000003  -0.00001049
 256    0.0000004  -0.00004382
 257    0.0000001  -0.00000176
 258    0.0000000  -0.00000142
 259    0.0000001  -0.00000402
 260    0.0000000  -0.00000010
 261    0.0000000  -0.00000026
 
----------------
 Final Energies 
----------------
Final NOF Total Energy =   -2766.2788809
 
Total Orbital Internal Iterations = 1730
Total Occupation Internal Iterations = 647
 
Elapsed time: 1135.80 Seconds

---------------------------------
   Lowdin Population Analysis    
---------------------------------
 Idx  Atom   Population   Charge 
---------------------------------
  1     N     6.934       0.066
  2     C     5.914       0.086
  3     H     1.124      -0.124
  4    Br    34.772       0.228
  5     F     9.256      -0.256

---------------------------------
   M Diagnostic: 0.03
---------------------------------

