Computing Integrals
Basis Set                                            = def2-qzvp
Auxiliary Basis Set                                  = def2-universal-jkfit
Gaussian Type                                        = Spherical
Elapsed time:    4.07 Seconds

Number of basis functions                   (NBF)    = 271
Number of auxiliary basis functions         (NBFAUX) = 375
Inactive Doubly occupied orbitals up to     (NO1)    = 0
No. considered Strongly Doubly occupied MOs (NDOC)   = 20
No. considered Strongly Singly occupied MOs (NSOC)   = 0
NO. of Weakly occ. per St. Doubly occ.  MOs (NCWO)   = 12
Dimension of the Nat. Orb. subspace         (NBF5)   = 260
No. of electrons                                     = 40
    No. of alpha electrons                           = 20
    No. of beta electrons                            = 20
Multiplicity                                         = 1

Geometry
========
 N       0.0000000       0.0000000      -1.8411300
 C       0.0000000       0.0000000      -2.9821430
 H       0.0000000       0.0000000      -4.0497700
Cl       0.0000000       0.0000000       0.7715990
 F       0.0000000       0.0000000       2.4125940

No violations of the orthonormality
No violations of the orthonormality
 
PNOF8/ADABelief Calculation
==================
 
  Nitext  Nit_orb  Time   Nit_occ  Time         Eelec          Etot           Ediff      maxdiff    MaxGrad_orb  Grad_occ
     1      10    1.4e+01  112    2.2e+01  -780.10597815  -652.41952967 -10779.10597815   0.026423   1.1e-01   2.4e-04 0.04
     2      20    9.2e+00   89    7.7e+00  -780.39324457  -652.70679610    -0.28726642   0.883971   3.5e+00   2.0e-04 0.03
     3      20    9.4e+00   45    4.1e+00  -780.59120400  -652.90475552    -0.19795943   0.047366   1.9e-01   2.7e-04 0.03
     4      20    9.3e+00   51    4.6e+00  -780.60377430  -652.91732583    -0.01257031   0.069560   2.8e-01   2.1e-04 0.03
     5      20    9.5e+00   35    3.4e+00  -780.65807558  -652.97162710    -0.05430127   0.082252   3.3e-01   2.0e-04 0.03
     6      20    9.3e+00   23    2.3e+00  -780.67479456  -652.98834609    -0.01671898   0.071129   2.8e-01   2.3e-04 0.03
     7      20    9.3e+00   31    3.1e+00  -780.69063936  -653.00419089    -0.01584480   0.082471   3.3e-01   2.6e-04 0.03
     8      20    9.4e+00   22    2.3e+00  -780.69843034  -653.01198186    -0.00779098   0.092081   3.7e-01   2.5e-04 0.03
     9      20    9.1e+00    0    4.3e-01  -780.69934440  -653.01289592    -0.00091406   0.092081   3.7e-01   2.5e-04 0.03
    10      40    1.9e+01   11    1.4e+00  -780.75369061  -653.06724213    -0.05434621   0.012571   5.0e-02   2.9e-04 0.03
    11      40    1.8e+01   22    2.3e+00  -780.75700944  -653.07056096    -0.00331883   0.012168   4.9e-02   2.5e-04 0.03
    12      40    1.9e+01   13    1.5e+00  -780.75945354  -653.07300506    -0.00244410   0.009868   3.9e-02   2.6e-04 0.03
    13      40    1.9e+01   13    1.5e+00  -780.76126634  -653.07481787    -0.00181281   0.009655   3.9e-02   2.9e-04 0.03
    14      40    1.8e+01   13    1.5e+00  -780.76282158  -653.07637310    -0.00155524   0.009863   3.9e-02   2.9e-04 0.03
    15      40    1.8e+01   13    1.5e+00  -780.76382256  -653.07737408    -0.00100098   0.011303   4.5e-02   3.0e-04 0.03
    16      40    1.8e+01   14    1.6e+00  -780.76460008  -653.07815161    -0.00077753   0.010799   4.3e-02   3.3e-04 0.03
    17      40    1.9e+01   16    1.8e+00  -780.76528280  -653.07883432    -0.00068272   0.011618   4.6e-02   2.4e-04 0.03
    18      40    1.9e+01    6    9.6e-01  -780.76562154  -653.07917306    -0.00033874   0.011737   4.7e-02   2.4e-04 0.03
    19      40    1.8e+01    6    1.0e+00  -780.76591149  -653.07946301    -0.00028995   0.015587   6.2e-02   2.8e-04 0.03
    20      40    1.9e+01   11    1.3e+00  -780.76610047  -653.07965199    -0.00018898   0.010548   4.2e-02   2.1e-04 0.03
    21      40    1.8e+01    3    6.9e-01  -780.76626430  -653.07981582    -0.00016383   0.009806   3.9e-02   2.2e-04 0.03
    22      40    1.9e+01    6    9.4e-01  -780.76642219  -653.07997371    -0.00015789   0.010247   4.1e-02   2.6e-04 0.03
    23      40    1.9e+01    3    6.9e-01  -780.76656467  -653.08011620    -0.00014248   0.009302   3.7e-02   2.2e-04 0.03
    24      40    1.8e+01    6    9.4e-01  -780.76667773  -653.08022926    -0.00011306   0.010592   4.2e-02   2.8e-04 0.03
    25      40    1.8e+01    2    5.5e-01  -780.76672962  -653.08028115    -0.00005189   0.009398   3.8e-02   2.3e-04 0.03
    26      40    1.8e+01    0    4.3e-01  -780.76678905  -653.08034057    -0.00005942   0.009986   4.0e-02   2.7e-04 0.03
    27      50    2.3e+01    9    1.1e+00  -780.76721605  -653.08076758    -0.00042701   0.006991   2.8e-02   2.5e-04 0.03
    28      50    2.2e+01    0    4.1e-01  -780.76724830  -653.08079982    -0.00003225   0.006991   2.8e-02   2.5e-04 0.03
    29      70    3.3e+01    0    4.0e-01  -780.76777501  -653.08132653    -0.00052671   0.000730   2.9e-03   2.2e-04 0.03
 
RESULTS OF THE OCCUPATION OPTIMIZATION
========================================
   1    1.9999994  -104.95610036
   2    1.9999901  -26.36466432
   3    1.9999735  -15.62319851
   4    1.9999507  -11.31855128
   5    1.9997361  -10.63166602
   6    1.9994284  -8.13024853
   7    1.9994616  -8.11233775
   8    1.9994279  -8.11201721
   9    1.9883773  -1.60236184
  10    1.9839368  -1.09154694
  11    1.9840454  -1.08656207
  12    1.9763388  -0.84611643
  13    1.9776653  -0.83568722
  14    1.9649807  -0.75000196
  15    1.9790809  -0.71290580
  16    1.9785666  -0.71139491
  17    1.9646318  -0.55051230
  18    1.9639898  -0.55028099
  19    1.9766801  -0.50833085
  20    1.9743295  -0.50711809
  21    0.0102322  -0.01927376
  22    0.0100745  -0.01905874
  23    0.0291145  -0.03802196
  24    0.0298189  -0.03854016
  25    0.0102944  -0.02273781
  26    0.0099965  -0.02238414
  27    0.0325704  -0.06617063
  28    0.0108218  -0.02353378
  29    0.0155027  -0.02397881
  30    0.0062646  -0.01771868
  31    0.0062758  -0.02634290
  32    0.0068174  -0.02547963
  33    0.0004504  -0.01041927
  34    0.0004625  -0.01062752
  35    0.0005084  -0.01180432
  36    0.0002286  -0.00559373
  37    0.0000326  -0.00070524
  38    0.0000216  -0.00063085
  39    0.0000087  -0.00039162
  40    0.0000006  -0.00002223
  41    0.0074660  -0.01822916
  42    0.0073064  -0.01987455
  43    0.0030514  -0.00547996
  44    0.0042437  -0.00748216
  45    0.0043488  -0.01287393
  46    0.0046643  -0.01454258
  47    0.0020986  -0.00634578
  48    0.0049671  -0.01267074
  49    0.0033683  -0.00756512
  50    0.0028935  -0.01029366
  51    0.0043034  -0.01468018
  52    0.0026903  -0.00937316
  53    0.0000677  -0.00312008
  54    0.0000137  -0.00094018
  55    0.0000122  -0.00019042
  56    0.0000061  -0.00008267
  57    0.0000035  -0.00005489
  58    0.0000010  -0.00001856
  59    0.0000002  -0.00000318
  60    0.0000000  -0.00000052
  61    0.0060438  -0.01502160
  62    0.0021686  -0.00878001
  63    0.0029787  -0.00532791
  64    0.0004576  -0.00124905
  65    0.0032616  -0.00895253
  66    0.0036534  -0.01008171
  67    0.0001425  -0.00057840
  68    0.0024667  -0.00628776
  69    0.0024245  -0.00542295
  70    0.0023019  -0.00723357
  71    0.0019459  -0.00995081
  72    0.0006807  -0.00570772
  73    0.0000098  -0.00012862
  74    0.0000093  -0.00012405
  75    0.0000106  -0.00013582
  76    0.0000056  -0.00007558
  77    0.0000027  -0.00004681
  78    0.0000007  -0.00001307
  79    0.0000002  -0.00000358
  80    0.0000000  -0.00000048
  81    0.0006468  -0.00164346
  82    0.0015479  -0.00616358
  83    0.0002430  -0.00065690
  84    0.0002380  -0.00060547
  85    0.0017335  -0.00715356
  86    0.0006196  -0.00245207
  87    0.0000510  -0.00017991
  88    0.0019635  -0.00522489
  89    0.0008286  -0.00224838
  90    0.0013903  -0.00439581
  91    0.0015228  -0.00786841
  92    0.0004468  -0.00430174
  93    0.0000092  -0.00012344
  94    0.0000088  -0.00011939
  95    0.0000088  -0.00011586
  96    0.0000053  -0.00006606
  97    0.0000023  -0.00008092
  98    0.0000006  -0.00001458
  99    0.0000002  -0.00000355
 100    0.0000000  -0.00000033
 101    0.0005852  -0.00145923
 102    0.0006708  -0.00174470
 103    0.0002268  -0.00059035
 104    0.0002374  -0.00060407
 105    0.0006495  -0.00260080
 106    0.0005123  -0.00344285
 107    0.0000363  -0.00012676
 108    0.0007491  -0.00201180
 109    0.0007194  -0.00177661
 110    0.0012044  -0.00606877
 111    0.0010799  -0.00576407
 112    0.0002633  -0.00129614
 113    0.0000085  -0.00011007
 114    0.0000077  -0.00009626
 115    0.0000074  -0.00009437
 116    0.0000039  -0.00005646
 117    0.0000017  -0.00002470
 118    0.0000006  -0.00002152
 119    0.0000002  -0.00000322
 120    0.0000000  -0.00000027
 121    0.0002543  -0.00100650
 122    0.0005905  -0.00150459
 123    0.0001590  -0.00047509
 124    0.0000954  -0.00027043
 125    0.0002700  -0.00111943
 126    0.0004833  -0.00175144
 127    0.0000285  -0.00011229
 128    0.0006365  -0.00198285
 129    0.0002615  -0.00070054
 130    0.0007434  -0.00331399
 131    0.0002889  -0.00146095
 132    0.0002546  -0.00153128
 133    0.0000072  -0.00009161
 134    0.0000076  -0.00009568
 135    0.0000065  -0.00008688
 136    0.0000037  -0.00034870
 137    0.0000017  -0.00002484
 138    0.0000005  -0.00001028
 139    0.0000001  -0.00000270
 140    0.0000000  -0.00000028
 141    0.0002240  -0.00091142
 142    0.0005559  -0.00152185
 143    0.0001181  -0.00032479
 144    0.0000910  -0.00026598
 145    0.0002651  -0.00115352
 146    0.0002614  -0.00108140
 147    0.0000239  -0.00010292
 148    0.0004697  -0.00163499
 149    0.0001503  -0.00048909
 150    0.0004179  -0.00146397
 151    0.0002332  -0.00141844
 152    0.0002371  -0.00116717
 153    0.0000067  -0.00008931
 154    0.0000067  -0.00009048
 155    0.0000053  -0.00006814
 156    0.0000024  -0.00010637
 157    0.0000013  -0.00002053
 158    0.0000004  -0.00001930
 159    0.0000001  -0.00000198
 160    0.0000000  -0.00000020
 161    0.0000750  -0.00028307
 162    0.0001349  -0.00056688
 163    0.0000384  -0.00012299
 164    0.0000743  -0.00026683
 165    0.0002429  -0.00100035
 166    0.0002490  -0.00103670
 167    0.0000228  -0.00008817
 168    0.0001273  -0.00049108
 169    0.0001414  -0.00046866
 170    0.0002520  -0.00091527
 171    0.0001338  -0.00115865
 172    0.0000948  -0.00114475
 173    0.0000042  -0.00005543
 174    0.0000062  -0.00008132
 175    0.0000042  -0.00005336
 176    0.0000024  -0.00003652
 177    0.0000010  -0.00001680
 178    0.0000004  -0.00002146
 179    0.0000001  -0.00000194
 180    0.0000000  -0.00000023
 181    0.0000588  -0.00023595
 182    0.0001234  -0.00052839
 183    0.0000268  -0.00010879
 184    0.0000493  -0.00018486
 185    0.0001993  -0.00088747
 186    0.0002196  -0.00089791
 187    0.0000125  -0.00006551
 188    0.0000404  -0.00016281
 189    0.0001253  -0.00035971
 190    0.0002259  -0.00092354
 191    0.0001269  -0.00093876
 192    0.0000501  -0.00027012
 193    0.0000039  -0.00005025
 194    0.0000056  -0.00008157
 195    0.0000031  -0.00004386
 196    0.0000021  -0.00007483
 197    0.0000008  -0.00001237
 198    0.0000002  -0.00000399
 199    0.0000001  -0.00000135
 200    0.0000000  -0.00000018
 201    0.0000391  -0.00014383
 202    0.0000751  -0.00032276
 203    0.0000212  -0.00008604
 204    0.0000243  -0.00009769
 205    0.0000866  -0.00048529
 206    0.0001726  -0.00076895
 207    0.0000118  -0.00008969
 208    0.0000368  -0.00015189
 209    0.0000619  -0.00026293
 210    0.0001349  -0.00083861
 211    0.0000584  -0.00038825
 212    0.0000451  -0.00025228
 213    0.0000024  -0.00008458
 214    0.0000049  -0.00006007
 215    0.0000026  -0.00006116
 216    0.0000018  -0.00004668
 217    0.0000008  -0.00001438
 218    0.0000002  -0.00000324
 219    0.0000000  -0.00000106
 220    0.0000000  -0.00000016
 221    0.0000333  -0.00013202
 222    0.0000520  -0.00022748
 223    0.0000176  -0.00007853
 224    0.0000209  -0.00009354
 225    0.0000471  -0.00019332
 226    0.0000660  -0.00026749
 227    0.0000107  -0.00008430
 228    0.0000319  -0.00013494
 229    0.0000537  -0.00021376
 230    0.0000937  -0.00038271
 231    0.0000488  -0.00023120
 232    0.0000239  -0.00016141
 233    0.0000017  -0.00003393
 234    0.0000047  -0.00010073
 235    0.0000020  -0.00005474
 236    0.0000018  -0.00002653
 237    0.0000005  -0.00000829
 238    0.0000002  -0.00000305
 239    0.0000000  -0.00000100
 240    0.0000000  -0.00000015
 241    0.0000120  -0.00009135
 242    0.0000199  -0.00011659
 243    0.0000150  -0.00007313
 244    0.0000174  -0.00008011
 245    0.0000346  -0.00016514
 246    0.0000212  -0.00012345
 247    0.0000104  -0.00007771
 248    0.0000239  -0.00010293
 249    0.0000234  -0.00012015
 250    0.0000321  -0.00018189
 251    0.0000455  -0.00025709
 252    0.0000186  -0.00014668
 253    0.0000004  -0.00001458
 254    0.0000008  -0.00002500
 255    0.0000004  -0.00001681
 256    0.0000003  -0.00002056
 257    0.0000004  -0.00001263
 258    0.0000000  -0.00000101
 259    0.0000000  -0.00000057
 260    0.0000000  -0.00000012
 
----------------
 Final Energies 
----------------
Final NOF Total Energy =    -653.0813265
 
Total Orbital Internal Iterations = 1020
Total Occupation Internal Iterations = 575
 
Elapsed time:  596.54 Seconds

---------------------------------
   Lowdin Population Analysis    
---------------------------------
 Idx  Atom   Population   Charge 
---------------------------------
  1     N     6.912       0.088
  2     C     5.929       0.071
  3     H     1.130      -0.130
  4    Cl    16.888       0.112
  5     F     9.141      -0.141

---------------------------------
   M Diagnostic: 0.03
---------------------------------

