Computing Integrals
Basis Set                                            = def2-qzvp
Auxiliary Basis Set                                  = def2-universal-jkfit
Gaussian Type                                        = Spherical
Elapsed time:    2.71 Seconds

Number of basis functions                   (NBF)    = 140
Number of auxiliary basis functions         (NBFAUX) = 256
Inactive Doubly occupied orbitals up to     (NO1)    = 0
No. considered Strongly Doubly occupied MOs (NDOC)   = 17
No. considered Strongly Singly occupied MOs (NSOC)   = 0
NO. of Weakly occ. per St. Doubly occ.  MOs (NCWO)   = 7
Dimension of the Nat. Orb. subspace         (NBF5)   = 136
No. of electrons                                     = 34
    No. of alpha electrons                           = 17
    No. of beta electrons                            = 17
Multiplicity                                         = 1

Geometry
========
Cl       0.0000000       0.0000000      -0.9913164
Cl       0.0000000       0.0000000       0.9913164

No violations of the orthonormality
No violations of the orthonormality
 
PNOF8/ADABelief Calculation
==================
 
  Nitext  Nit_orb  Time   Nit_occ  Time         Eelec          Etot           Ediff      maxdiff    MaxGrad_orb  Grad_occ
     1      10    1.0e+01   82    1.3e+01  -996.54451953  -919.40875167 -10995.54451953   0.025614   1.0e-01   2.5e-04 0.03
     2      20    2.5e+00   43    4.2e-01  -996.90870505  -919.77293719    -0.36418552   0.480338   1.9e+00   2.7e-04 0.03
     3      20    2.5e+00   48    4.9e-01  -997.03234122  -919.89657336    -0.12363617   0.478657   1.9e+00   2.2e-04 0.03
     4      20    2.9e+00   30    3.5e-01  -997.07966877  -919.94390091    -0.04732755   0.050142   2.0e-01   2.0e-04 0.03
     5      20    2.8e+00   23    3.0e-01  -997.09931831  -919.96355045    -0.01964954   0.064446   2.6e-01   2.0e-04 0.03
     6      20    2.7e+00   33    3.0e-01  -997.12378987  -919.98802201    -0.02447156   0.078746   3.1e-01   1.9e-04 0.03
     7      20    3.2e+00   27    3.8e-01  -997.13820315  -920.00243530    -0.01441328   0.077251   3.1e-01   2.5e-04 0.03
     8      20    2.6e+00   27    3.2e-01  -997.15484338  -920.01907552    -0.01664022   0.059674   2.4e-01   2.4e-04 0.03
     9      20    2.7e+00   34    3.9e-01  -997.16436992  -920.02860206    -0.00952654   0.057653   2.3e-01   1.5e-04 0.03
    10      20    2.8e+00   17    2.3e-01  -997.17107884  -920.03531098    -0.00670892   0.070581   2.8e-01   2.3e-04 0.03
    11      20    2.7e+00   12    1.6e-01  -997.17642479  -920.04065694    -0.00534596   0.079804   3.2e-01   2.9e-04 0.03
    12      20    2.7e+00   11    1.1e-01  -997.18220509  -920.04643723    -0.00578029   0.070080   2.8e-01   2.6e-04 0.03
    13      20    2.6e+00   13    1.9e-01  -997.18644320  -920.05067534    -0.00423811   0.082800   3.3e-01   1.8e-04 0.03
    14      20    2.6e+00   10    1.3e-01  -997.18741380  -920.05164595    -0.00097061   0.072710   2.9e-01   2.6e-04 0.03
    15      20    2.6e+00    8    1.4e-01  -997.18803157  -920.05226372    -0.00061777   0.092409   3.7e-01   2.5e-04 0.03
    16      20    2.8e+00   13    1.9e-01  -997.19047174  -920.05470388    -0.00244017   0.090336   3.6e-01   1.7e-04 0.03
    17      20    2.7e+00    8    1.0e-01  -997.19208345  -920.05631559    -0.00161171   0.072712   2.9e-01   2.8e-04 0.03
    18      20    2.5e+00    0    3.2e-02  -997.19222558  -920.05645772    -0.00014213   0.072712   2.9e-01   2.8e-04 0.03
    19      40    5.2e+00   10    1.6e-01  -997.20799457  -920.07222671    -0.01576899   0.005014   2.0e-02   2.6e-04 0.03
    20      40    5.6e+00    4    7.9e-02  -997.20839648  -920.07262862    -0.00040191   0.009169   3.7e-02   2.0e-04 0.03
    21      40    5.0e+00    4    1.0e-01  -997.20864032  -920.07287246    -0.00024384   0.011641   4.7e-02   2.0e-04 0.03
    22      40    5.5e+00    4    1.1e-01  -997.20887866  -920.07311081    -0.00023834   0.013199   5.3e-02   2.8e-04 0.03
    23      40    5.5e+00    2    4.5e-02  -997.20904222  -920.07327437    -0.00016356   0.010697   4.3e-02   2.5e-04 0.03
    24      40    5.3e+00   12    1.2e-01  -997.20915758  -920.07338972    -0.00011536   0.012043   4.8e-02   2.0e-04 0.03
    25      40    5.4e+00    2    4.0e-02  -997.20927086  -920.07350300    -0.00011328   0.011537   4.6e-02   1.5e-04 0.03
    26      40    5.1e+00    5    6.9e-02  -997.20933737  -920.07356951    -0.00006651   0.010095   4.0e-02   2.6e-04 0.03
    27      40    5.3e+00    2    4.3e-02  -997.20935786  -920.07359000    -0.00002049   0.010811   4.3e-02   2.0e-04 0.03
    28      40    5.1e+00    8    8.5e-02  -997.20940862  -920.07364076    -0.00005076   0.010498   4.2e-02   1.7e-04 0.03
    29      40    5.3e+00    0    5.1e-02  -997.20943038  -920.07366252    -0.00002176   0.010498   4.2e-02   1.7e-04 0.03
    30      60    8.0e+00    0    3.1e-02  -997.20983725  -920.07406939    -0.00040686   0.000617   2.5e-03   1.9e-04 0.03
 
RESULTS OF THE OCCUPATION OPTIMIZATION
========================================
   1    1.9999990  -104.95124278
   2    1.9999991  -104.95123197
   3    1.9997631  -10.63743118
   4    1.9995694  -10.56887496
   5    1.9994289  -8.15743927
   6    1.9991400  -8.13024142
   7    1.9992161  -8.11942480
   8    1.9991512  -8.11548058
   9    1.9990427  -8.11137720
  10    1.9994200  -8.10997726
  11    1.9838099  -1.12874215
  12    1.9836798  -1.11630458
  13    1.9671111  -0.64910909
  14    1.9738414  -0.52666127
  15    1.9725490  -0.52655764
  16    1.9713197  -0.52461334
  17    1.9719142  -0.52421128
  18    0.0086990  -0.01727731
  19    0.0081757  -0.01682635
  20    0.0100000  -0.02033182
  21    0.0086711  -0.01905308
  22    0.0309666  -0.05818934
  23    0.0061774  -0.03023767
  24    0.0051965  -0.02755011
  25    0.0004887  -0.01156061
  26    0.0004499  -0.01076447
  27    0.0006662  -0.01137749
  28    0.0006648  -0.00857759
  29    0.0004488  -0.01074564
  30    0.0004448  -0.01053187
  31    0.0003800  -0.01007289
  32    0.0001593  -0.00322762
  33    0.0000006  -0.00001897
  34    0.0000006  -0.00001792
  35    0.0082294  -0.01684823
  36    0.0078361  -0.01686575
  37    0.0090254  -0.01794540
  38    0.0074472  -0.01692849
  39    0.0005986  -0.00158427
  40    0.0044574  -0.01856734
  41    0.0035115  -0.01739268
  42    0.0000402  -0.00042486
  43    0.0003868  -0.00957649
  44    0.0000702  -0.00083936
  45    0.0000662  -0.00110978
  46    0.0003242  -0.00842148
  47    0.0000665  -0.00267449
  48    0.0000234  -0.00028604
  49    0.0000505  -0.00111622
  50    0.0000001  -0.00000677
  51    0.0000001  -0.00000825
  52    0.0073705  -0.01572746
  53    0.0064631  -0.01595391
  54    0.0069475  -0.01855608
  55    0.0062474  -0.01856023
  56    0.0005914  -0.00159227
  57    0.0018446  -0.01053447
  58    0.0018440  -0.01035000
  59    0.0000180  -0.00016122
  60    0.0000661  -0.00247418
  61    0.0000586  -0.00077792
  62    0.0000178  -0.00017454
  63    0.0000368  -0.00040095
  64    0.0000203  -0.00017361
  65    0.0000099  -0.00038009
  66    0.0000089  -0.00023827
  67    0.0000001  -0.00000503
  68    0.0000001  -0.00000740
  69    0.0020255  -0.00874770
  70    0.0053197  -0.01586052
  71    0.0006629  -0.00167536
  72    0.0020187  -0.00926645
  73    0.0003159  -0.00094739
  74    0.0018204  -0.01010357
  75    0.0018113  -0.01017192
  76    0.0000111  -0.00026532
  77    0.0000173  -0.00015926
  78    0.0000159  -0.00017497
  79    0.0000152  -0.00053260
  80    0.0000159  -0.00015803
  81    0.0000140  -0.00013201
  82    0.0000060  -0.00009330
  83    0.0000061  -0.00007225
  84    0.0000000  -0.00000360
  85    0.0000001  -0.00000480
  86    0.0005951  -0.00162308
  87    0.0004042  -0.00118758
  88    0.0003888  -0.00113052
  89    0.0006057  -0.00162839
  90    0.0001713  -0.00077493
  91    0.0015246  -0.00876673
  92    0.0017691  -0.01022852
  93    0.0000100  -0.00009790
  94    0.0000160  -0.00015154
  95    0.0000152  -0.00034984
  96    0.0000101  -0.00009764
  97    0.0000157  -0.00015656
  98    0.0000100  -0.00013875
  99    0.0000046  -0.00005470
 100    0.0000048  -0.00013379
 101    0.0000000  -0.00000185
 102    0.0000000  -0.00000243
 103    0.0005857  -0.00152481
 104    0.0003131  -0.00100419
 105    0.0002323  -0.00096697
 106    0.0006030  -0.00162452
 107    0.0001458  -0.00069178
 108    0.0002804  -0.00157395
 109    0.0017412  -0.00998457
 110    0.0000082  -0.00008231
 111    0.0000136  -0.00013325
 112    0.0000135  -0.00050156
 113    0.0000071  -0.00010423
 114    0.0000106  -0.00013087
 115    0.0000086  -0.00008462
 116    0.0000040  -0.00004891
 117    0.0000041  -0.00005366
 118    0.0000000  -0.00000098
 119    0.0000000  -0.00000170
 120    0.0005806  -0.00151027
 121    0.0001685  -0.00077244
 122    0.0001942  -0.00085083
 123    0.0005654  -0.00152127
 124    0.0000992  -0.00037959
 125    0.0002155  -0.00117868
 126    0.0003164  -0.00124528
 127    0.0000038  -0.00004977
 128    0.0000076  -0.00008035
 129    0.0000092  -0.00010137
 130    0.0000028  -0.00048833
 131    0.0000079  -0.00008265
 132    0.0000070  -0.00007940
 133    0.0000027  -0.00043899
 134    0.0000032  -0.00016864
 135    0.0000000  -0.00000076
 136    0.0000000  -0.00000106
 
----------------
 Final Energies 
----------------
Final NOF Total Energy =    -920.0740694
 
Total Orbital Internal Iterations = 850
Total Occupation Internal Iterations = 492
 
Elapsed time:  151.55 Seconds

---------------------------------
   Lowdin Population Analysis    
---------------------------------
 Idx  Atom   Population   Charge 
---------------------------------
  1    Cl    17.002      -0.002
  2    Cl    16.998       0.002

---------------------------------
   M Diagnostic: 0.03
---------------------------------

