Computing Integrals
Basis Set                                            = def2-qzvp
Auxiliary Basis Set                                  = def2-universal-jkfit
Gaussian Type                                        = Spherical
Elapsed time:    1.69 Seconds

Number of basis functions                   (NBF)    = 70
Number of auxiliary basis functions         (NBFAUX) = 128
Inactive Doubly occupied orbitals up to     (NO1)    = 0
No. considered Strongly Doubly occupied MOs (NDOC)   = 8
No. considered Strongly Singly occupied MOs (NSOC)   = 1
NO. of Weakly occ. per St. Doubly occ.  MOs (NCWO)   = 7
Dimension of the Nat. Orb. subspace         (NBF5)   = 65
No. of electrons                                     = 17
    No. of alpha electrons                           = 9
    No. of beta electrons                            = 8
Multiplicity                                         = 2

Geometry
========
Cl       0.0000000       0.0000000       0.0000000

No violations of the orthonormality
No violations of the orthonormality
 
PNOF8/ADABelief Calculation
==================
 
  Nitext  Nit_orb  Time   Nit_occ  Time         Eelec          Etot           Ediff      maxdiff    MaxGrad_orb  Grad_occ
     1      10    8.9e+00   38    1.2e+01  -459.79279328  -459.79279328 -10458.79279328   0.015773   6.3e-02   1.4e-04 0.02
     2      20    6.3e-02   19    2.6e-02  -459.90570512  -459.90570512    -0.11291184   0.322800   1.3e+00   1.7e-04 0.02
     3      20    5.9e-02   18    6.2e-02  -459.93996822  -459.93996822    -0.03426310   0.073580   2.9e-01   1.1e-04 0.02
     4      20    8.6e-02   19    1.9e-02  -459.94944868  -459.94944868    -0.00948046   0.056993   2.3e-01   1.4e-04 0.02
     5      20    1.1e-01   18    1.9e-02  -459.95414789  -459.95414789    -0.00469921   0.075605   3.0e-01   1.8e-04 0.02
     6      20    8.5e-02   15    2.6e-02  -459.95661471  -459.95661471    -0.00246682   0.050247   2.0e-01   1.6e-04 0.02
     7      20    4.5e-02   10    1.5e-02  -459.95950445  -459.95950445    -0.00288975   0.047685   1.9e-01   2.1e-04 0.02
     8      20    6.4e-02    4    5.8e-03  -459.96015094  -459.96015094    -0.00064649   0.058092   2.3e-01   2.2e-04 0.02
     9      20    7.4e-02    9    1.7e-02  -459.96137039  -459.96137039    -0.00121945   0.053150   2.1e-01   2.4e-04 0.02
    10      20    5.7e-02    4    6.1e-03  -459.96234805  -459.96234805    -0.00097766   0.029615   1.2e-01   2.6e-04 0.02
    11      20    6.8e-02    9    1.1e-02  -459.96270453  -459.96270453    -0.00035647   0.030593   1.2e-01   2.5e-04 0.02
    12      20    6.6e-02    4    7.7e-03  -459.96330018  -459.96330018    -0.00059565   0.035379   1.4e-01   2.1e-04 0.02
    13      20    7.8e-02    0    2.1e-03  -459.96331448  -459.96331448    -0.00001430   0.035379   1.4e-01   2.1e-04 0.02
    14      40    1.3e-01    9    9.6e-03  -459.96512938  -459.96512938    -0.00181490   0.002160   8.6e-03   1.9e-04 0.02
    15      40    1.2e-01    2    6.2e-03  -459.96516340  -459.96516340    -0.00003402   0.002677   1.1e-02   1.3e-04 0.02
    16      40    1.3e-01    0    1.8e-03  -459.96516508  -459.96516508    -0.00000168   0.002677   1.1e-02   1.3e-04 0.02
    17      60    1.7e-01    0    1.8e-03  -459.96521340  -459.96521340    -0.00004831   0.000743   3.0e-03   1.9e-04 0.02
 
RESULTS OF THE OCCUPATION OPTIMIZATION
========================================
   1    1.9999979  -104.94351204
   2    1.9999423  -10.64388043
   3    1.9978573  -8.09963153
   4    1.9981232  -8.09633931
   5    1.9978661  -8.09604866
   6    1.9832437  -1.09250419
   7    1.9721711  -0.51403259
   8    1.9692642  -0.51288618
   9    1.0000000  -0.30187116
  10    0.0084415  -0.01675681
  11    0.0098272  -0.01819605
  12    0.0080534  -0.02956980
  13    0.0008464  -0.00964324
  14    0.0007953  -0.00901684
  15    0.0008078  -0.00928050
  16    0.0000538  -0.00064028
  17    0.0000006  -0.00002701
  18    0.0079205  -0.01621242
  19    0.0089963  -0.01646346
  20    0.0057368  -0.01879727
  21    0.0008099  -0.00978651
  22    0.0005512  -0.01224353
  23    0.0007994  -0.00964941
  24    0.0000031  -0.00058946
  25    0.0000004  -0.00001817
  26    0.0074135  -0.01501707
  27    0.0076683  -0.01989975
  28    0.0006708  -0.00178050
  29    0.0003773  -0.00967159
  30    0.0004394  -0.01091468
  31    0.0004406  -0.01088208
  32    0.0000003  -0.00001356
  33    0.0000003  -0.00001631
  34    0.0065663  -0.01850656
  35    0.0005099  -0.00124469
  36    0.0006686  -0.00177330
  37    0.0000661  -0.00228698
  38    0.0000588  -0.00076902
  39    0.0000646  -0.00175863
  40    0.0000002  -0.00000994
  41    0.0000003  -0.00001352
  42    0.0001440  -0.00054288
  43    0.0005029  -0.00123048
  44    0.0005624  -0.00148762
  45    0.0000137  -0.00014759
  46    0.0000139  -0.00013999
  47    0.0000116  -0.00056567
  48    0.0000002  -0.00000875
  49    0.0000002  -0.00001191
  50    0.0001293  -0.00048317
  51    0.0001764  -0.00061447
  52    0.0005516  -0.00145915
  53    0.0000121  -0.00044479
  54    0.0000096  -0.00010876
  55    0.0000095  -0.00010222
  56    0.0000001  -0.00000823
  57    0.0000002  -0.00001120
  58    0.0001207  -0.00044146
  59    0.0001478  -0.00051654
  60    0.0005127  -0.00135705
  61    0.0000085  -0.00009514
  62    0.0000084  -0.00009320
  63    0.0000093  -0.00009885
  64    0.0000001  -0.00000772
  65    0.0000002  -0.00001019
 
----------------
 Final Energies 
----------------
Final NOF Total Energy =    -459.9652134
 
Total Orbital Internal Iterations = 430
Total Occupation Internal Iterations = 178
 
Elapsed time:   28.60 Seconds

---------------------------------
   Lowdin Population Analysis    
---------------------------------
 Idx  Atom   Population   Charge 
---------------------------------
  1    Cl    17.000      -0.000

---------------------------------
   M Diagnostic: 0.02
---------------------------------

