Computing Integrals
Basis Set                                            = def2-qzvp
Auxiliary Basis Set                                  = def2-universal-jkfit
Gaussian Type                                        = Spherical
Elapsed time:    1.61 Seconds

Number of basis functions                   (NBF)    = 100
Number of auxiliary basis functions         (NBFAUX) = 146
Inactive Doubly occupied orbitals up to     (NO1)    = 0
No. considered Strongly Doubly occupied MOs (NDOC)   = 9
No. considered Strongly Singly occupied MOs (NSOC)   = 0
NO. of Weakly occ. per St. Doubly occ.  MOs (NCWO)   = 10
Dimension of the Nat. Orb. subspace         (NBF5)   = 99
No. of electrons                                     = 18
    No. of alpha electrons                           = 9
    No. of beta electrons                            = 9
Multiplicity                                         = 1

Geometry
========
 H       0.0000000       0.0000000      -0.6357120
Cl       0.0000000       0.0000000       0.6357120

No violations of the orthonormality
No violations of the orthonormality
 
PNOF8/ADABelief Calculation
==================
 
  Nitext  Nit_orb  Time   Nit_occ  Time         Eelec          Etot           Ediff      maxdiff    MaxGrad_orb  Grad_occ
     1      10    9.7e+00    0    1.1e+01  -467.74117831  -460.66565186 -10466.74117831   0.000719   2.9e-03   1.2e-04 0.02
 
RESULTS OF THE OCCUPATION OPTIMIZATION
========================================
   1    1.9999995  -104.89729280
   2    1.9998996  -10.60454255
   3    1.9992157  -8.07280566
   4    1.9994857  -8.06780350
   5    1.9994395  -8.06748125
   6    1.9832111  -1.10388446
   7    1.9772482  -0.68378416
   8    1.9727755  -0.49878758
   9    1.9699932  -0.49786917
  10    0.0094523  -0.01713109
  11    0.0089198  -0.01755212
  12    0.0153225  -0.03323172
  13    0.0055077  -0.02578488
  14    0.0005001  -0.01154731
  15    0.0004791  -0.01095693
  16    0.0004065  -0.00980122
  17    0.0000699  -0.00278916
  18    0.0000004  -0.00000586
  19    0.0093353  -0.01705110
  20    0.0085784  -0.01782575
  21    0.0020902  -0.00905536
  22    0.0049460  -0.01961196
  23    0.0000239  -0.00024935
  24    0.0000141  -0.00094287
  25    0.0002739  -0.00675691
  26    0.0000124  -0.00010195
  27    0.0000000  -0.00000063
  28    0.0092910  -0.01730421
  29    0.0071096  -0.01881071
  30    0.0020452  -0.00900203
  31    0.0018156  -0.00992434
  32    0.0000149  -0.00015962
  33    0.0000119  -0.00009791
  34    0.0000754  -0.00126631
  35    0.0000107  -0.00009130
  36    0.0000000  -0.00000013
  37    0.0007556  -0.00193711
  38    0.0006471  -0.00161593
  39    0.0020407  -0.00899944
  40    0.0018076  -0.00997232
  41    0.0000068  -0.00006949
  42    0.0000048  -0.00005619
  43    0.0000090  -0.00008424
  44    0.0000029  -0.00024436
  45    0.0000000  -0.00000015
  46    0.0006518  -0.00160338
  47    0.0006398  -0.00159247
  48    0.0007150  -0.00203130
  49    0.0015016  -0.01024265
  50    0.0000059  -0.00006720
  51    0.0000022  -0.00006504
  52    0.0000075  -0.00007593
  53    0.0000027  -0.00003767
  54    0.0000000  -0.00000010
  55    0.0002281  -0.00088359
  56    0.0005867  -0.00144645
  57    0.0002218  -0.00097217
  58    0.0006918  -0.00286198
  59    0.0000043  -0.00005393
  60    0.0000011  -0.00004258
  61    0.0000051  -0.00006023
  62    0.0000007  -0.00000827
  63    0.0000000  -0.00000008
  64    0.0001321  -0.00044755
  65    0.0002774  -0.00088753
  66    0.0001229  -0.00071505
  67    0.0002618  -0.00131878
  68    0.0000030  -0.00006695
  69    0.0000004  -0.00000467
  70    0.0000034  -0.00035201
  71    0.0000004  -0.00000625
  72    0.0000000  -0.00000008
  73    0.0000640  -0.00022275
  74    0.0002738  -0.00094664
  75    0.0000701  -0.00023147
  76    0.0001588  -0.00085144
  77    0.0000008  -0.00001228
  78    0.0000003  -0.00000273
  79    0.0000018  -0.00002811
  80    0.0000003  -0.00000270
  81    0.0000000  -0.00000006
  82    0.0000567  -0.00017784
  83    0.0001352  -0.00043592
  84    0.0000649  -0.00022685
  85    0.0000490  -0.00019327
  86    0.0000004  -0.00000539
  87    0.0000003  -0.00000258
  88    0.0000012  -0.00002301
  89    0.0000002  -0.00000148
  90    0.0000000  -0.00000007
  91    0.0000400  -0.00013407
  92    0.0000566  -0.00019323
  93    0.0000585  -0.00020011
  94    0.0000490  -0.00019337
  95    0.0000003  -0.00000375
  96    0.0000002  -0.00000174
  97    0.0000005  -0.00000648
  98    0.0000002  -0.00000137
  99    0.0000000  -0.00000007
 
----------------
 Final Energies 
----------------
Final NOF Total Energy =    -460.6656519
 
Total Orbital Internal Iterations = 10
Total Occupation Internal Iterations = 0
 
Elapsed time:   27.46 Seconds

---------------------------------
   Lowdin Population Analysis    
---------------------------------
 Idx  Atom   Population   Charge 
---------------------------------
  1     H     1.381      -0.381
  2    Cl    16.619       0.381

---------------------------------
   M Diagnostic: 0.02
---------------------------------

