Computing Integrals
Basis Set                                            = def2-qzvp
Auxiliary Basis Set                                  = def2-universal-jkfit
Gaussian Type                                        = Spherical
Elapsed time:    2.92 Seconds

Number of basis functions                   (NBF)    = 171
Number of auxiliary basis functions         (NBFAUX) = 231
Inactive Doubly occupied orbitals up to     (NO1)    = 0
No. considered Strongly Doubly occupied MOs (NDOC)   = 11
No. considered Strongly Singly occupied MOs (NSOC)   = 0
NO. of Weakly occ. per St. Doubly occ.  MOs (NCWO)   = 1
Dimension of the Nat. Orb. subspace         (NBF5)   = 22
No. of electrons                                     = 22
    No. of alpha electrons                           = 11
    No. of beta electrons                            = 11
Multiplicity                                         = 1

Geometry
========
 N       0.3636181       1.9287268      -1.7850500
 N       0.8221764       2.4066504      -2.7896666
 N      -0.0945684       1.4516948      -0.7768230

No violations of the orthonormality
No violations of the orthonormality
 
PNOF8/ADABelief Calculation
==================
 
  Nitext  Nit_orb  Time   Nit_occ  Time         Eelec          Etot           Ediff      maxdiff    MaxGrad_orb  Grad_occ
     1      10    9.6e+00    8    1.2e+01  -217.44926434  -163.63387390 -10216.44926434   0.015297   6.1e-02   2.1e-04 0.05
     2      20    1.4e+00   12    1.1e-02  -217.57548570  -163.76009526    -0.12622136   0.029822   1.2e-01   1.5e-04 0.04
     3      20    1.5e+00   10    4.6e-02  -217.58402216  -163.76863172    -0.00853646   0.023364   9.3e-02   1.3e-04 0.04
     4      20    1.5e+00    8    4.0e-03  -217.58948507  -163.77409464    -0.00546291   0.036763   1.5e-01   1.8e-04 0.04
     5      20    1.6e+00    7    3.2e-02  -217.59419980  -163.77880936    -0.00471473   0.022148   8.9e-02   1.5e-04 0.04
     6      20    1.6e+00    5    3.6e-02  -217.59597118  -163.78058075    -0.00177138   0.021899   8.8e-02   1.5e-04 0.04
     7      20    3.1e+00    0    3.0e-02  -217.59617957  -163.78078913    -0.00020839   0.021899   8.8e-02   1.5e-04 0.04
     8      40    4.3e+00    5    3.8e-03  -217.60083081  -163.78544038    -0.00465124   0.001606   6.4e-03   9.8e-05 0.04
     9      40    3.6e+00    3    3.0e-02  -217.60121475  -163.78582431    -0.00038393   0.003110   1.2e-02   1.9e-04 0.04
    10      40    4.0e+00    3    4.1e-02  -217.60154947  -163.78615903    -0.00033472   0.002767   1.1e-02   1.3e-04 0.04
    11      40    3.5e+00    3    3.0e-02  -217.60175377  -163.78636333    -0.00020430   0.002416   9.7e-03   8.4e-05 0.04
    12      40    3.7e+00    2    2.2e-02  -217.60190346  -163.78651302    -0.00014969   0.002704   1.1e-02   1.8e-04 0.04
    13      40    3.1e+00    2    1.6e-02  -217.60201464  -163.78662420    -0.00011117   0.002901   1.2e-02   1.4e-04 0.04
    14      40    3.9e+00    2    3.5e-03  -217.60208050  -163.78669006    -0.00006587   0.003213   1.3e-02   9.6e-05 0.04
    15      40    3.1e+00    2    2.8e-02  -217.60213571  -163.78674527    -0.00005521   0.003166   1.3e-02   8.2e-05 0.04
    16      40    3.6e+00    0    3.5e-02  -217.60216658  -163.78677614    -0.00003087   0.002890   1.2e-02   1.9e-04 0.04
    17      50    4.6e+00    2    1.7e-02  -217.60224178  -163.78685134    -0.00007520   0.002259   9.0e-03   7.2e-05 0.04
    18      50    3.7e+00    0    8.0e-02  -217.60224299  -163.78685255    -0.00000121   0.002259   9.0e-03   7.2e-05 0.04
    19      38    3.5e+00    0    2.0e-02  -217.60232642  -163.78693598    -0.00008343   0.000488   2.0e-03   1.5e-04 0.04
 
RESULTS OF THE OCCUPATION OPTIMIZATION
========================================
   1    1.9997048  -15.45823886
   2    1.9997899  -15.34972895
   3    1.9997969  -15.34419110
   4    1.9912412  -0.90408837
   5    1.9909217  -0.88979384
   6    1.9757571  -0.58917901
   7    1.9758338  -0.58700140
   8    1.9900780  -0.40823659
   9    1.9866140  -0.40465878
  10    1.9576899  -0.12057645
  11    1.9567633  -0.11786064
  12    0.0432367  -0.04777032
  13    0.0423101  -0.04778509
  14    0.0133860  -0.01583155
  15    0.0099220  -0.01112884
  16    0.0241662  -0.03568595
  17    0.0242429  -0.03580161
  18    0.0090783  -0.01722955
  19    0.0087588  -0.01698449
  20    0.0002031  -0.00552233
  21    0.0002101  -0.00560959
  22    0.0002952  -0.00746153
 
----------------
 Final Energies 
----------------
Final NOF Total Energy =    -163.7869360
 
Total Orbital Internal Iterations = 628
Total Occupation Internal Iterations = 74
 
Elapsed time:   86.54 Seconds

---------------------------------
   Lowdin Population Analysis    
---------------------------------
 Idx  Atom   Population   Charge 
---------------------------------
  1     N     7.253      -0.253
  2     N     7.371      -0.371
  3     N     7.375      -0.375

---------------------------------
   M Diagnostic: 0.04
---------------------------------

