Computing Integrals
Basis Set                                            = def2-qzvp
Auxiliary Basis Set                                  = def2-universal-jkfit
Gaussian Type                                        = Spherical
Elapsed time:    1.68 Seconds

Number of basis functions                   (NBF)    = 130
Number of auxiliary basis functions         (NBFAUX) = 164
Inactive Doubly occupied orbitals up to     (NO1)    = 0
No. considered Strongly Doubly occupied MOs (NDOC)   = 9
No. considered Strongly Singly occupied MOs (NSOC)   = 1
NO. of Weakly occ. per St. Doubly occ.  MOs (NCWO)   = 1
Dimension of the Nat. Orb. subspace         (NBF5)   = 19
No. of electrons                                     = 19
    No. of alpha electrons                           = 10
    No. of beta electrons                            = 9
Multiplicity                                         = 2

Geometry
========
 H       0.0000000       0.0000000      -0.2566159
Cl       0.0000000       0.0000000       1.2872646
 H       0.0000000       0.0000000      -1.0306487

No violations of the orthonormality
No violations of the orthonormality
 
PNOF8/ADABelief Calculation
==================
 
  Nitext  Nit_orb  Time   Nit_occ  Time         Eelec          Etot           Ediff      maxdiff    MaxGrad_orb  Grad_occ
     1      10    9.7e+00    4    1.2e+01  -471.22073507  -460.82912726 -10470.22073507   0.029150   1.2e-01   1.9e-04 0.03
     2      20    9.5e-01    0    2.1e-02  -471.23593743  -460.84432962    -0.01520236   0.029150   1.2e-01   1.9e-04 0.03
     3      40    1.7e+00   11    2.6e-02  -471.25096631  -460.85935850    -0.01502888   0.035139   1.4e-01   7.7e-05 0.03
     4      40    1.9e+00    6    9.3e-03  -471.26106345  -460.86945564    -0.01009714   0.020777   8.3e-02   5.7e-05 0.03
     5      40    1.6e+00    5    6.2e-02  -471.26670655  -460.87509874    -0.00564309   0.008303   3.3e-02   9.9e-05 0.03
     6      40    2.4e+00    5    1.6e-02  -471.27107274  -460.87946493    -0.00436620   0.009940   4.0e-02   6.8e-05 0.03
     7      40    3.1e+00    5    1.7e-02  -471.27424090  -460.88263309    -0.00316816   0.008159   3.3e-02   4.5e-05 0.03
     8      40    1.8e+00    4    1.7e-02  -471.27645115  -460.88484334    -0.00221024   0.009206   3.7e-02   1.5e-04 0.03
     9      40    1.8e+00    4    9.8e-03  -471.27790438  -460.88629657    -0.00145323   0.007722   3.1e-02   1.4e-04 0.03
    10      40    2.4e+00    4    7.1e-02  -471.27898721  -460.88737940    -0.00108284   0.008610   3.4e-02   1.3e-04 0.03
    11      40    1.9e+00    3    4.5e-03  -471.27972801  -460.88812020    -0.00074080   0.007862   3.1e-02   2.0e-04 0.03
    12      40    1.9e+00    3    3.2e-02  -471.28020225  -460.88859444    -0.00047424   0.008933   3.6e-02   1.6e-04 0.03
    13      40    2.4e+00    2    3.1e-02  -471.28052051  -460.88891270    -0.00031826   0.007950   3.2e-02   1.2e-04 0.03
    14      40    1.8e+00    2    1.1e-02  -471.28080213  -460.88919432    -0.00028162   0.008431   3.4e-02   9.9e-05 0.03
    15      40    2.0e+00    2    4.8e-02  -471.28096705  -460.88935924    -0.00016492   0.008420   3.4e-02   7.2e-05 0.03
    16      40    1.8e+00    1    9.0e-03  -471.28116808  -460.88956027    -0.00020103   0.009095   3.6e-02   2.2e-04 0.03
    17      40    2.2e+00    1    1.0e-02  -471.28130351  -460.88969570    -0.00013543   0.008451   3.4e-02   2.1e-04 0.03
    18      40    1.7e+00    1    1.7e-02  -471.28145961  -460.88985180    -0.00015610   0.008762   3.5e-02   1.8e-04 0.03
    19      40    2.0e+00    1    2.7e-02  -471.28157386  -460.88996605    -0.00011424   0.008813   3.5e-02   1.6e-04 0.03
    20      40    2.3e+00    1    1.7e-02  -471.28171879  -460.89011098    -0.00014494   0.008119   3.2e-02   1.4e-04 0.03
    21      40    2.5e+00    1    4.7e-02  -471.28181516  -460.89020735    -0.00009636   0.009228   3.7e-02   1.5e-04 0.03
    22      40    2.4e+00    1    2.5e-02  -471.28194331  -460.89033550    -0.00012816   0.008723   3.5e-02   1.3e-04 0.03
    23      40    2.0e+00    1    9.3e-03  -471.28203181  -460.89042400    -0.00008850   0.008910   3.6e-02   1.3e-04 0.03
    24      40    2.1e+00    1    2.6e-02  -471.28214999  -460.89054218    -0.00011818   0.008902   3.6e-02   1.2e-04 0.03
    25      40    2.0e+00    1    4.9e-02  -471.28224326  -460.89063545    -0.00009327   0.008809   3.5e-02   1.2e-04 0.03
    26      40    2.2e+00    1    1.4e-02  -471.28235488  -460.89074707    -0.00011162   0.008812   3.5e-02   1.0e-04 0.03
    27      40    2.1e+00    1    1.8e-02  -471.28245198  -460.89084417    -0.00009710   0.008823   3.5e-02   1.1e-04 0.03
    28      40    2.4e+00    1    4.8e-02  -471.28256115  -460.89095334    -0.00010917   0.008942   3.6e-02   9.1e-05 0.03
    29      40    1.7e+00    1    4.7e-02  -471.28266370  -460.89105589    -0.00010255   0.008740   3.5e-02   1.0e-04 0.03
    30      40    2.0e+00    1    6.6e-03  -471.28276254  -460.89115473    -0.00009884   0.009206   3.7e-02   8.8e-05 0.03
    31      40    2.1e+00    1    2.0e-02  -471.28288127  -460.89127346    -0.00011873   0.008740   3.5e-02   1.1e-04 0.03
    32      40    2.5e+00    1    1.7e-02  -471.28299284  -460.89138503    -0.00011157   0.008897   3.6e-02   8.8e-05 0.03
    33      40    1.9e+00    1    4.0e-02  -471.28311567  -460.89150786    -0.00012283   0.009034   3.6e-02   1.2e-04 0.03
    34      40    2.8e+00    1    8.3e-03  -471.28323635  -460.89162854    -0.00012068   0.008873   3.5e-02   9.7e-05 0.03
    35      40    2.1e+00    0    1.2e-02  -471.28334053  -460.89173272    -0.00010418   0.008901   3.6e-02   2.8e-04 0.03
    36      50    2.8e+00    1    2.6e-02  -471.28356168  -460.89195387    -0.00022114   0.006152   2.5e-02   1.4e-04 0.03
    37      50    2.2e+00    1    5.5e-02  -471.28363572  -460.89202791    -0.00007405   0.006763   2.7e-02   1.2e-04 0.03
    38      50    2.5e+00    1    1.2e-02  -471.28371848  -460.89211067    -0.00008276   0.006524   2.6e-02   9.7e-05 0.03
    39      50    2.6e+00    0    3.9e-02  -471.28379548  -460.89218767    -0.00007699   0.006671   2.7e-02   2.2e-04 0.03
    40      60    3.7e+00    1    1.9e-02  -471.28395121  -460.89234340    -0.00015574   0.004725   1.9e-02   1.2e-04 0.03
 
RESULTS OF THE OCCUPATION OPTIMIZATION
========================================
   1    1.9999676  -104.90397413
   2    1.9992979  -10.58147267
   3    1.9986519  -8.06207808
   4    1.9989900  -8.05683410
   5    1.9990000  -8.05614257
   6    1.9911094  -1.09805702
   7    1.9737583  -0.66247566
   8    1.9801155  -0.50509707
   9    1.9788968  -0.48990163
  10    1.0000000  -0.24436365
  11    0.0211032  -0.02394288
  12    0.0198845  -0.02324984
  13    0.0262417  -0.02658373
  14    0.0088906  -0.02844598
  15    0.0010000  -0.01858912
  16    0.0010100  -0.01869907
  17    0.0013481  -0.02000803
  18    0.0007021  -0.01599368
  19    0.0000324  -0.00614645
 
----------------
 Final Energies 
----------------
Final NOF Total Energy =    -460.8923434
 
Total Orbital Internal Iterations = 1610
Total Occupation Internal Iterations = 83
 
Elapsed time:  116.38 Seconds

---------------------------------
   Lowdin Population Analysis    
---------------------------------
 Idx  Atom   Population   Charge 
---------------------------------
  1     H     1.320      -0.320
  2    Cl    16.785       0.215
  3     H     0.895       0.105

---------------------------------
   M Diagnostic: 0.03
---------------------------------

