Computing Integrals
Basis Set                                            = def2-qzvp
Auxiliary Basis Set                                  = def2-universal-jkfit
Gaussian Type                                        = Spherical
Elapsed time:    1.67 Seconds

Number of basis functions                   (NBF)    = 100
Number of auxiliary basis functions         (NBFAUX) = 146
Inactive Doubly occupied orbitals up to     (NO1)    = 0
No. considered Strongly Doubly occupied MOs (NDOC)   = 9
No. considered Strongly Singly occupied MOs (NSOC)   = 0
NO. of Weakly occ. per St. Doubly occ.  MOs (NCWO)   = 1
Dimension of the Nat. Orb. subspace         (NBF5)   = 18
No. of electrons                                     = 18
    No. of alpha electrons                           = 9
    No. of beta electrons                            = 9
Multiplicity                                         = 1

Geometry
========
Cl       0.0000000       0.0000000       0.6372241
 H       0.0000000       0.0000000      -0.6372241

No violations of the orthonormality
No violations of the orthonormality
 
PNOF8/ADABelief Calculation
==================
 
  Nitext  Nit_orb  Time   Nit_occ  Time         Eelec          Etot           Ediff      maxdiff    MaxGrad_orb  Grad_occ
     1      10    9.3e+00    5    1.2e+01  -467.41926612  -460.36052987 -10466.41926612   0.032521   1.3e-01   1.5e-04 0.03
     2      20    6.2e-01    9    2.1e-02  -467.44705545  -460.38831919    -0.02778932   0.428906   1.7e+00   2.0e-04 0.03
     3      20    6.1e-01    6    8.9e-03  -467.46790728  -460.40917103    -0.02085184   0.033451   1.3e-01   1.1e-04 0.03
     4      20    1.2e+00    6    3.2e-02  -467.47267790  -460.41394165    -0.00477062   0.082451   3.3e-01   1.7e-04 0.03
     5      20    5.2e-01    6    1.3e-03  -467.47628181  -460.41754555    -0.00360390   0.047194   1.9e-01   1.3e-04 0.03
     6      20    5.8e-01    0    1.0e-02  -467.47687075  -460.41813450    -0.00058895   0.047194   1.9e-01   1.3e-04 0.03
     7      40    1.6e+00    5    4.2e-02  -467.48497215  -460.42623589    -0.00810139   0.008447   3.4e-02   1.4e-04 0.03
     8      40    2.1e+00    5    2.3e-03  -467.48659443  -460.42785817    -0.00162228   0.008296   3.3e-02   2.9e-05 0.03
     9      40    1.6e+00    4    4.6e-02  -467.48757124  -460.42883498    -0.00097681   0.006798   2.7e-02   1.6e-04 0.03
    10      40    1.5e+00    4    9.9e-03  -467.48809365  -460.42935740    -0.00052242   0.008202   3.3e-02   8.6e-05 0.03
    11      40    1.7e+00    2    5.2e-02  -467.48838812  -460.42965187    -0.00029447   0.006777   2.7e-02   1.5e-04 0.03
    12      40    1.7e+00    2    4.2e-03  -467.48854440  -460.42980815    -0.00015628   0.007947   3.2e-02   1.7e-04 0.03
    13      40    1.3e+00    2    2.6e-03  -467.48863760  -460.42990135    -0.00009320   0.006573   2.6e-02   1.1e-04 0.03
    14      40    1.6e+00    2    6.5e-03  -467.48874545  -460.43000920    -0.00010785   0.006573   2.6e-02   9.9e-05 0.03
    15      40    1.3e+00    1    1.5e-02  -467.48875683  -460.43002058    -0.00001138   0.007628   3.1e-02   1.1e-04 0.03
    16      40    1.5e+00    2    2.2e-02  -467.48882750  -460.43009125    -0.00007067   0.007302   2.9e-02   4.1e-05 0.03
    17      40    1.3e+00    1    3.1e-03  -467.48885556  -460.43011930    -0.00002805   0.006923   2.8e-02   1.3e-04 0.03
    18      40    2.0e+00    1    1.1e-02  -467.48888517  -460.43014892    -0.00002962   0.005939   2.4e-02   1.5e-04 0.03
    19      40    1.5e+00    1    1.9e-03  -467.48890009  -460.43016384    -0.00001492   0.007177   2.9e-02   1.4e-04 0.03
    20      40    1.3e+00    1    1.9e-03  -467.48891224  -460.43017599    -0.00001215   0.006920   2.8e-02   1.2e-04 0.03
    21      40    1.1e+00    0    9.0e-03  -467.48892354  -460.43018729    -0.00001130   0.007918   3.2e-02   2.2e-04 0.03
    22      50    1.2e+00    1    1.0e-02  -467.48906318  -460.43032693    -0.00013964   0.004137   1.7e-02   5.4e-05 0.03
    23      50    1.7e+00    0    4.1e-02  -467.48906362  -460.43032737    -0.00000044   0.004137   1.7e-02   5.4e-05 0.03
    24      70    1.7e+00    0    2.4e-02  -467.48923126  -460.43049501    -0.00016764   0.000675   2.7e-03   9.8e-05 0.03
 
RESULTS OF THE OCCUPATION OPTIMIZATION
========================================
   1    1.9999685  -104.89301280
   2    1.9993813  -10.57584696
   3    1.9989859  -8.04881222
   4    1.9986327  -8.04781394
   5    1.9990221  -8.04668742
   6    1.9918353  -1.12568677
   7    1.9709895  -0.62701054
   8    1.9803697  -0.50006940
   9    1.9801687  -0.48497074
  10    0.0198313  -0.02338015
  11    0.0196303  -0.02356416
  12    0.0290105  -0.03910269
  13    0.0081647  -0.02835215
  14    0.0009779  -0.01827907
  15    0.0013673  -0.02060245
  16    0.0010141  -0.01879665
  17    0.0006187  -0.01481230
  18    0.0000315  -0.00597995
 
----------------
 Final Energies 
----------------
Final NOF Total Energy =    -460.4304950
 
Total Orbital Internal Iterations = 880
Total Occupation Internal Iterations = 66
 
Elapsed time:   60.62 Seconds

---------------------------------
   Lowdin Population Analysis    
---------------------------------
 Idx  Atom   Population   Charge 
---------------------------------
  1    Cl    16.615       0.385
  2     H     1.385      -0.385

---------------------------------
   M Diagnostic: 0.03
---------------------------------

