Computing Integrals
Basis Set                                            = def2-qzvp
Auxiliary Basis Set                                  = def2-universal-jkfit
Gaussian Type                                        = Spherical
Elapsed time:    9.13 Seconds

Number of basis functions                   (NBF)    = 525
Number of auxiliary basis functions         (NBFAUX) = 523
Inactive Doubly occupied orbitals up to     (NO1)    = 0
No. considered Strongly Doubly occupied MOs (NDOC)   = 20
No. considered Strongly Singly occupied MOs (NSOC)   = 0
NO. of Weakly occ. per St. Doubly occ.  MOs (NCWO)   = 1
Dimension of the Nat. Orb. subspace         (NBF5)   = 40
No. of electrons                                     = 40
    No. of alpha electrons                           = 20
    No. of beta electrons                            = 20
Multiplicity                                         = 1

Geometry
========
 C      -1.2305794       0.5008610       0.1067649
 C      -1.2131399      -0.8768975       0.0796620
 N       1.0474773      -1.3394378      -0.0969583
 N       1.4193091      -0.1394987       0.3148126
 C       0.9411304       1.0218896      -0.1666075
 H      -1.5568740       1.0598524      -0.7631546
 H      -1.3311087       1.0258797       1.0498055
 H      -1.4642439      -1.4174608      -0.8254654
 H      -1.2416596      -1.4588403       0.9900861
 H       0.8556798      -1.2524569      -1.0954130
 H       1.6985779      -0.1368188       1.2895607
 H       1.2461565       1.9209778       0.3570906
 H       0.8292746       1.0919502      -1.2401835

No violations of the orthonormality
No violations of the orthonormality
 
PNOF8/ADABelief Calculation
==================
 
  Nitext  Nit_orb  Time   Nit_occ  Time         Eelec          Etot           Ediff      maxdiff    MaxGrad_orb  Grad_occ
     1      10    1.4e+01    7    1.2e+01  -406.74618317  -227.68633535 -10405.74618317   0.011709   4.7e-02   2.2e-04 0.29
     2      20    6.6e+00    0    1.1e-01  -406.77134424  -227.71149642    -0.02516107   0.011709   4.7e-02   2.2e-04 0.29
     3      40    1.2e+01   10    1.1e-01  -406.78559137  -227.72574355    -0.01424713   0.086553   3.5e-01   1.0e-04 0.28
     4      40    1.1e+01    7    1.1e-01  -406.79911863  -227.73927081    -0.01352727   0.003193   1.3e-02   2.4e-04 0.28
     5      40    1.4e+01    6    1.2e-01  -406.80965640  -227.74980858    -0.01053777   0.006740   2.7e-02   2.3e-04 0.28
     6      40    1.3e+01    6    1.3e-01  -406.81702575  -227.75717793    -0.00736935   0.003385   1.4e-02   1.6e-04 0.28
     7      40    1.1e+01    4    1.1e-01  -406.82146259  -227.76161477    -0.00443684   0.003036   1.2e-02   1.8e-04 0.28
     8      40    1.2e+01    4    1.1e-01  -406.82388217  -227.76403434    -0.00241957   0.002521   1.0e-02   1.3e-04 0.28
     9      40    1.2e+01    4    1.1e-01  -406.82508644  -227.76523862    -0.00120427   0.002539   1.0e-02   8.9e-05 0.28
    10      40    1.2e+01    3    1.2e-01  -406.82566926  -227.76582143    -0.00058282   0.002513   1.0e-02   1.6e-04 0.28
    11      40    1.1e+01    3    1.0e-01  -406.82586131  -227.76601348    -0.00019205   0.002531   1.0e-02   9.5e-05 0.28
    12      40    1.1e+01    1    1.1e-01  -406.82594270  -227.76609488    -0.00008139   0.002310   9.2e-03   2.1e-04 0.28
    13      40    1.2e+01    0    1.0e-01  -406.82594739  -227.76609956    -0.00000469   0.002310   9.2e-03   2.1e-04 0.28
    14      38    1.1e+01    1    9.6e-02  -406.82631139  -227.76646357    -0.00036401   0.000489   2.0e-03   2.3e-04 0.28
 
RESULTS OF THE OCCUPATION OPTIMIZATION
========================================
   1    1.9996897  -15.61754958
   2    1.9997215  -15.58290794
   3    1.9995686  -11.25535338
   4    1.9995767  -11.21504573
   5    1.9995878  -11.21377158
   6    1.9910704  -1.20447170
   7    1.9883690  -0.98397932
   8    1.9813078  -0.97725385
   9    1.9778592  -0.75936683
  10    1.9742171  -0.70486505
  11    1.9735838  -0.68824031
  12    1.9759120  -0.66730706
  13    1.9683092  -0.66055795
  14    1.9769046  -0.64600328
  15    1.9766388  -0.64536996
  16    1.9707650  -0.63468707
  17    1.9760505  -0.62734324
  18    1.9759797  -0.62477788
  19    1.9542042  -0.37752153
  20    1.7185131  -0.31274597
  21    0.2814869  -0.07290163
  22    0.0457958  -0.03818826
  23    0.0240203  -0.02461888
  24    0.0239495  -0.02462289
  25    0.0292350  -0.03060031
  26    0.0233612  -0.02442513
  27    0.0230954  -0.02428347
  28    0.0316908  -0.04300398
  29    0.0240880  -0.02467169
  30    0.0264162  -0.03418395
  31    0.0257829  -0.02986624
  32    0.0221408  -0.02432970
  33    0.0186922  -0.02786527
  34    0.0116310  -0.01802189
  35    0.0089296  -0.01475746
  36    0.0004122  -0.00761001
  37    0.0004233  -0.00770584
  38    0.0004314  -0.00785652
  39    0.0002785  -0.00711477
  40    0.0003103  -0.00774518
 
----------------
 Final Energies 
----------------
Final NOF Total Energy =    -227.7664636
 
Total Orbital Internal Iterations = 508
Total Occupation Internal Iterations = 56
 
Elapsed time:  190.42 Seconds

---------------------------------
   Lowdin Population Analysis    
---------------------------------
 Idx  Atom   Population   Charge 
---------------------------------
  1     C     5.874       0.126
  2     C     5.850       0.150
  3     N     6.721       0.279
  4     N     6.699       0.301
  5     C     5.904       0.096
  6     H     1.088      -0.088
  7     H     1.089      -0.089
  8     H     1.094      -0.094
  9     H     1.095      -0.095
 10     H     1.245      -0.245
 11     H     1.143      -0.143
 12     H     1.102      -0.102
 13     H     1.098      -0.098

---------------------------------
   M Diagnostic: 0.28
---------------------------------

