Computing Integrals
Basis Set                                            = def2-qzvp
Auxiliary Basis Set                                  = def2-universal-jkfit
Gaussian Type                                        = Spherical
Elapsed time:    1.56 Seconds

Number of basis functions                   (NBF)    = 36
Number of auxiliary basis functions         (NBFAUX) = 51
Inactive Doubly occupied orbitals up to     (NO1)    = 0
No. considered Strongly Doubly occupied MOs (NDOC)   = 2
No. considered Strongly Singly occupied MOs (NSOC)   = 0
NO. of Weakly occ. per St. Doubly occ.  MOs (NCWO)   = 1
Dimension of the Nat. Orb. subspace         (NBF5)   = 4
No. of electrons                                     = 4
    No. of alpha electrons                           = 2
    No. of beta electrons                            = 2
Multiplicity                                         = 1

Geometry
========
Be       0.0000000       0.0000000       0.0000000

No violations of the orthonormality
No violations of the orthonormality
 
PNOF8/ADABelief Calculation
==================
 
  Nitext  Nit_orb  Time   Nit_occ  Time         Eelec          Etot           Ediff      maxdiff    MaxGrad_orb  Grad_occ
     1      10    9.0e+00    1    1.2e+01   -14.60498199   -14.60498199 -10013.60498199   0.079667   3.2e-01   6.1e-05 0.07
     2      10    1.1e-03    0    1.1e-04   -14.60498794   -14.60498794    -0.00000596   0.079667   3.2e-01   6.1e-05 0.07
     3      30    2.5e-03    0    6.1e-05   -14.60610295   -14.60610295    -0.00111501   0.000685   2.7e-03   1.5e-04 0.07
 
RESULTS OF THE OCCUPATION OPTIMIZATION
========================================
   1    1.9986215  -4.73419662
   2    1.9347951  -0.31241157
   3    0.0652049  -0.01892244
   4    0.0013785  -0.01028241
 
----------------
 Final Energies 
----------------
Final NOF Total Energy =     -14.6061030
 
Total Orbital Internal Iterations = 50
Total Occupation Internal Iterations = 1
 
Elapsed time:   27.04 Seconds

---------------------------------
   Lowdin Population Analysis    
---------------------------------
 Idx  Atom   Population   Charge 
---------------------------------
  1    Be     4.000       0.000

---------------------------------
   M Diagnostic: 0.07
---------------------------------

