Computing Integrals
Basis Set                                            = def2-qzvp
Auxiliary Basis Set                                  = def2-universal-jkfit
Gaussian Type                                        = Spherical
Elapsed time:    4.11 Seconds

Number of basis functions                   (NBF)    = 344
Number of auxiliary basis functions         (NBFAUX) = 577
Inactive Doubly occupied orbitals up to     (NO1)    = 0
No. considered Strongly Doubly occupied MOs (NDOC)   = 70
No. considered Strongly Singly occupied MOs (NSOC)   = 0
NO. of Weakly occ. per St. Doubly occ.  MOs (NCWO)   = 1
Dimension of the Nat. Orb. subspace         (NBF5)   = 140
No. of electrons                                     = 140
    No. of alpha electrons                           = 70
    No. of beta electrons                            = 70
Multiplicity                                         = 1

Geometry
========
Pb       0.0032145      -2.1514754       0.0000000
 H      -0.0545265      -0.4291394       0.0000000
 H      -0.7883945      -2.7523824       1.4068570
 H      -0.7883945      -2.7523824      -1.4068570
 H       1.6466505      -2.6678534       0.0000000
Te       0.0032145       2.8132216       0.0000000
 H       1.1435395       3.9841326       0.0000000
 H      -1.1653035       3.9558786       0.0000000

No violations of the orthonormality
No violations of the orthonormality
 
PNOF8/ADABelief Calculation
==================
 
  Nitext  Nit_orb  Time   Nit_occ  Time         Eelec          Etot           Ediff      maxdiff    MaxGrad_orb  Grad_occ
     1      10    2.4e+01    9    2.6e+01 -7165.27621155 -6537.59240066 -17164.27621155   0.008132   3.3e-02   2.6e-04 0.99
     2      20    5.3e+00   62    9.1e-01 -7165.37997942 -6537.69616853    -0.10376787   0.012963   5.2e-02   3.0e-04 0.99
     3      20    5.1e+00   20    3.5e-01 -7165.43979770 -6537.75598682    -0.05981828   0.003281   1.3e-02   2.7e-04 1.00
     4      20    7.1e+00    6    2.2e-01 -7165.44715991 -6537.76334902    -0.00736221   0.002900   1.2e-02   2.6e-04 1.00
     5      20    4.8e+00    6    2.4e-01 -7165.44913652 -6537.76532563    -0.00197661   0.002621   1.0e-02   2.1e-04 1.00
     6      20    5.0e+00    3    1.5e-01 -7165.45012435 -6537.76631347    -0.00098783   0.002327   9.3e-03   2.7e-04 1.00
     7      20    5.4e+00    4    3.2e-01 -7165.45050657 -6537.76669569    -0.00038222   0.003942   1.6e-02   2.0e-04 1.00
     8      20    4.9e+00    1    1.5e-01 -7165.45064290 -6537.76683202    -0.00013633   0.006775   2.7e-02   2.6e-04 1.00
     9      20    4.8e+00    1    1.1e-01 -7165.45087205 -6537.76706116    -0.00022915   0.001975   7.9e-03   2.8e-04 1.00
    10      20    5.1e+00    0    1.1e-01 -7165.45087868 -6537.76706779    -0.00000663   0.001975   7.9e-03   2.8e-04 1.00
    11      23    5.2e+00    1    1.2e-01 -7165.45149506 -6537.76768417    -0.00061638   0.000458   1.8e-03   2.7e-04 1.00
 
RESULTS OF THE OCCUPATION OPTIMIZATION
========================================
   1    2.0000000  -231.23789652
   2    2.0000000  -124.46173670
   3    1.9999999  -120.20707033
   4    1.9999999  -114.31557224
   5    1.9999999  -111.57880914
   6    1.9999989  -61.84934447
   7    1.9999991  -61.69517848
   8    1.9999992  -61.59357214
   9    1.9999996  -61.09616823
  10    1.9999903  -26.58202733
  11    1.9999895  -26.55603185
  12    1.9999899  -26.54264697
  13    1.9999870  -23.59284723
  14    1.9999869  -23.52509620
  15    1.9999856  -23.34070362
  16    1.9999837  -23.31104560
  17    1.9999812  -23.29924604
  18    1.9999810  -23.29745686
  19    1.9999826  -23.29335474
  20    1.9999703  -22.07227688
  21    1.9999696  -21.85581295
  22    1.9999744  -21.56582466
  23    1.9999669  -21.54586514
  24    1.9999665  -20.99573864
  25    1.9999672  -20.76172440
  26    1.9999662  -20.41462519
  27    1.9998475  -9.84002447
  28    1.9998357  -9.77796213
  29    1.9998308  -9.69961751
  30    1.9998085  -9.68544568
  31    1.9997991  -9.68041992
  32    1.9997978  -9.65641485
  33    1.9998223  -9.64393676
  34    1.9998104  -9.64140702
  35    1.9988773  -5.33126476
  36    1.9988875  -4.92354125
  37    1.9992542  -4.86517266
  38    1.9992642  -4.84575610
  39    1.9986242  -4.81189023
  40    1.9980180  -3.74244258
  41    1.9979926  -3.74234684
  42    1.9979969  -3.73276771
  43    1.9979965  -3.73187810
  44    1.9979776  -3.72814142
  45    1.9978286  -3.71712128
  46    1.9977974  -3.71308832
  47    1.9981682  -3.68391055
  48    1.9981468  -3.66476401
  49    1.9977529  -3.47044519
  50    1.9977576  -3.46834245
  51    1.9977661  -3.46447656
  52    1.9977242  -3.46397207
  53    1.9974691  -3.45388711
  54    1.9938272  -2.05276477
  55    1.9938221  -2.04795553
  56    1.9930917  -2.04549228
  57    1.9919978  -1.84468120
  58    1.9924882  -1.84412872
  59    1.9711305  -0.87674285
  60    1.9710972  -0.87647830
  61    1.9802817  -0.86857524
  62    1.9846674  -0.86627290
  63    1.9779986  -0.75650262
  64    1.9775826  -0.72780117
  65    1.9773276  -0.69585034
  66    1.9681732  -0.61135562
  67    1.9681266  -0.61065553
  68    1.2180507  -0.17538398
  69    1.0015797  -0.14933790
  70    1.1604486  -0.14266034
  71    0.8395514  -0.11010179
  72    0.9984203  -0.14895600
  73    0.7819493  -0.11020145
  74    0.0318734  -0.03199444
  75    0.0318268  -0.03197003
  76    0.0226724  -0.02118170
  77    0.0224174  -0.02143569
  78    0.0220014  -0.02155034
  79    0.0153326  -0.02070086
  80    0.0197183  -0.02112782
  81    0.0289028  -0.03241727
  82    0.0288695  -0.03242183
  83    0.0075118  -0.01467033
  84    0.0080022  -0.01562325
  85    0.0069083  -0.01466827
  86    0.0061779  -0.01337681
  87    0.0061728  -0.01334609
  88    0.0025309  -0.00916526
  89    0.0022758  -0.00801493
  90    0.0022339  -0.00777757
  91    0.0022424  -0.00795198
  92    0.0022471  -0.00794996
  93    0.0018532  -0.00747442
  94    0.0018318  -0.00740791
  95    0.0022026  -0.01111627
  96    0.0021714  -0.01109601
  97    0.0020224  -0.01070665
  98    0.0020035  -0.01063906
  99    0.0020031  -0.01066126
 100    0.0020074  -0.01063110
 101    0.0019820  -0.01063249
 102    0.0013758  -0.00631953
 103    0.0007358  -0.00322871
 104    0.0007458  -0.00331178
 105    0.0011125  -0.00564218
 106    0.0011227  -0.00588301
 107    0.0001896  -0.00182194
 108    0.0001777  -0.00161666
 109    0.0002022  -0.00190758
 110    0.0002009  -0.00189807
 111    0.0001915  -0.00184153
 112    0.0001692  -0.00157479
 113    0.0001643  -0.00152732
 114    0.0001525  -0.00146636
 115    0.0000338  -0.00068071
 116    0.0000328  -0.00068414
 117    0.0000335  -0.00069889
 118    0.0000331  -0.00069122
 119    0.0000256  -0.00053764
 120    0.0000304  -0.00065204
 121    0.0000297  -0.00060798
 122    0.0000174  -0.00042495
 123    0.0000190  -0.00045089
 124    0.0000188  -0.00043922
 125    0.0000163  -0.00039338
 126    0.0000144  -0.00034773
 127    0.0000131  -0.00032663
 128    0.0000130  -0.00032491
 129    0.0000101  -0.00026862
 130    0.0000105  -0.00028808
 131    0.0000097  -0.00026127
 132    0.0000004  -0.00004953
 133    0.0000008  -0.00006643
 134    0.0000009  -0.00007497
 135    0.0000011  -0.00008540
 136    0.0000001  -0.00001860
 137    0.0000001  -0.00001799
 138    0.0000001  -0.00001652
 139    0.0000000  -0.00001576
 140    0.0000000  -0.00000818
 
----------------
 Final Energies 
----------------
Final NOF Total Energy =   -6537.7676842
 
Total Orbital Internal Iterations = 213
Total Occupation Internal Iterations = 113
 
Elapsed time:  125.38 Seconds

---------------------------------
   Lowdin Population Analysis    
---------------------------------
 Idx  Atom   Population   Charge 
---------------------------------
  1    Pb    78.445       3.555
  2     H     1.893      -0.893
  3     H     1.882      -0.882
  4     H     1.885      -0.885
  5     H     1.885      -0.885
  6    Te    51.417       0.583
  7     H     1.297      -0.297
  8     H     1.297      -0.297

---------------------------------
   M Diagnostic: 1.00
---------------------------------

