Computing Integrals
Basis Set                                            = def2-qzvp
Auxiliary Basis Set                                  = def2-universal-jkfit
Gaussian Type                                        = Spherical
Elapsed time:    5.09 Seconds

Number of basis functions                   (NBF)    = 284
Number of auxiliary basis functions         (NBFAUX) = 508
Inactive Doubly occupied orbitals up to     (NO1)    = 0
No. considered Strongly Doubly occupied MOs (NDOC)   = 54
No. considered Strongly Singly occupied MOs (NSOC)   = 0
NO. of Weakly occ. per St. Doubly occ.  MOs (NCWO)   = 1
Dimension of the Nat. Orb. subspace         (NBF5)   = 108
No. of electrons                                     = 108
    No. of alpha electrons                           = 54
    No. of beta electrons                            = 54
Multiplicity                                         = 1

Geometry
========
Te       0.2176020      -3.0437958       0.0000000
 H       0.2663870      -1.4103368       0.0000000
 H      -1.4149840      -2.9924458       0.0000000
Te       0.2176020       1.7195212       0.0000000
 H       1.5056690       2.7238402       0.0000000
 H      -0.7922760       3.0032172       0.0000000

No violations of the orthonormality
No violations of the orthonormality
 
PNOF8/ADABelief Calculation
==================
 
  Nitext  Nit_orb  Time   Nit_occ  Time         Eelec          Etot           Ediff      maxdiff    MaxGrad_orb  Grad_occ
     1      10    1.2e+01   11    1.2e+01 -4976.74488743 -4584.64625563 -14975.74488743   0.010899   4.4e-02   2.4e-04 0.04
     2      20    5.1e+00   78    6.4e-01 -4976.95179203 -4584.85316023    -0.20690460   0.012303   4.9e-02   3.8e-04 0.04
     3      20    4.9e+00    8    2.5e-01 -4977.02157280 -4584.92294100    -0.06978077   0.003970   1.6e-02   3.3e-04 0.03
     4      20    5.1e+00    6    2.2e-01 -4977.03431611 -4584.93568431    -0.01274331   0.001656   6.6e-03   3.0e-04 0.03
     5      20    4.9e+00    6    2.3e-01 -4977.03823326 -4584.93960145    -0.00391715   0.003309   1.3e-02   1.9e-04 0.04
     6      20    5.3e+00    4    2.1e-01 -4977.04018028 -4584.94154848    -0.00194703   0.001507   6.0e-03   2.8e-04 0.04
     7      20    5.1e+00    1    1.5e-01 -4977.04129881 -4584.94266701    -0.00111852   0.002381   9.5e-03   3.0e-04 0.04
     8      20    5.2e+00    4    1.9e-01 -4977.04204677 -4584.94341497    -0.00074796   0.001678   6.7e-03   3.1e-04 0.04
     9      20    5.2e+00    1    1.5e-01 -4977.04234552 -4584.94371372    -0.00029875   0.009214   3.7e-02   2.1e-04 0.04
    10      20    5.5e+00    1    1.2e-01 -4977.04252330 -4584.94389150    -0.00017778   0.001403   5.6e-03   2.6e-04 0.04
    11      20    5.2e+00    5    1.9e-01 -4977.04256848 -4584.94393668    -0.00004518   0.002021   8.1e-03   1.8e-04 0.04
    12      20    5.5e+00    1    1.9e-01 -4977.04262439 -4584.94399259    -0.00005590   0.001319   5.3e-03   1.8e-04 0.04
    13      20    5.1e+00    0    1.5e-01 -4977.04262631 -4584.94399450    -0.00000192   0.001319   5.3e-03   1.8e-04 0.04
    14      19    4.5e+00    0    1.3e-01 -4977.04307703 -4584.94444523    -0.00045072   0.000380   1.5e-03   2.5e-04 0.04
 
RESULTS OF THE OCCUPATION OPTIMIZATION
========================================
   1    2.0000000  -141.10209939
   2    1.9999999  -141.07069084
   3    1.9999975  -61.91910215
   4    1.9999973  -61.91741026
   5    1.9999968  -61.88047051
   6    1.9999970  -61.87856723
   7    1.9999967  -61.85710700
   8    1.9999966  -61.83735003
   9    1.9999788  -24.96381542
  10    1.9999747  -24.95413400
  11    1.9998479  -9.93652927
  12    1.9998391  -9.80354458
  13    1.9998380  -9.78570528
  14    1.9998421  -9.76856520
  15    1.9998374  -9.75453772
  16    1.9998356  -9.70759574
  17    1.9998146  -9.69465416
  18    1.9998062  -9.66903366
  19    1.9998046  -9.66891189
  20    1.9998129  -9.66471885
  21    1.9998029  -9.66445883
  22    1.9998026  -9.66414558
  23    1.9995827  -9.63837835
  24    1.9995652  -9.63250820
  25    1.9995807  -9.63175595
  26    1.9995753  -9.62844083
  27    1.9985910  -4.96428220
  28    1.9986019  -4.95409305
  29    1.9979647  -3.82177928
  30    1.9979647  -3.82108778
  31    1.9979558  -3.82090417
  32    1.9979668  -3.82004802
  33    1.9979629  -3.81927638
  34    1.9979118  -3.81874339
  35    1.9979216  -3.81829537
  36    1.9979319  -3.81204379
  37    1.9979821  -3.81010152
  38    1.9979474  -3.81000184
  39    1.9979936  -3.80999809
  40    1.9979725  -3.80926678
  41    1.9978956  -3.80883656
  42    1.9979470  -3.80883019
  43    1.9762449  -0.92613512
  44    1.9869750  -0.91604961
  45    1.9867622  -0.90754606
  46    1.9752933  -0.90210892
  47    1.9750464  -0.88702069
  48    1.9749935  -0.88683486
  49    1.9728410  -0.70050486
  50    1.9726801  -0.69037690
  51    1.9635404  -0.40470599
  52    1.9634861  -0.38965962
  53    1.9633240  -0.38950302
  54    1.9632951  -0.38899855
  55    0.0367049  -0.03473657
  56    0.0366760  -0.03451186
  57    0.0365139  -0.03452195
  58    0.0364596  -0.03465864
  59    0.0273199  -0.02996521
  60    0.0271590  -0.02993057
  61    0.0250065  -0.03051957
  62    0.0249536  -0.03048435
  63    0.0247067  -0.03051195
  64    0.0132378  -0.02075948
  65    0.0130250  -0.02056827
  66    0.0237551  -0.02971472
  67    0.0020530  -0.01098389
  68    0.0021044  -0.01112881
  69    0.0020275  -0.01089420
  70    0.0020064  -0.01086458
  71    0.0020526  -0.01097415
  72    0.0020179  -0.01088424
  73    0.0020681  -0.01104783
  74    0.0020784  -0.01108634
  75    0.0020882  -0.01111626
  76    0.0020371  -0.01095028
  77    0.0020332  -0.01092044
  78    0.0020442  -0.01097616
  79    0.0020353  -0.01095861
  80    0.0020353  -0.01095856
  81    0.0013981  -0.00702209
  82    0.0014090  -0.00709092
  83    0.0004247  -0.00395605
  84    0.0004193  -0.00388408
  85    0.0004348  -0.00403375
  86    0.0004173  -0.00387019
  87    0.0001974  -0.00187988
  88    0.0001971  -0.00187301
  89    0.0001871  -0.00177174
  90    0.0001954  -0.00186601
  91    0.0001938  -0.00184500
  92    0.0001854  -0.00176849
  93    0.0001644  -0.00152052
  94    0.0001626  -0.00152131
  95    0.0001579  -0.00146340
  96    0.0001620  -0.00151577
  97    0.0001609  -0.00151096
  98    0.0001521  -0.00144713
  99    0.0000253  -0.00051105
 100    0.0000212  -0.00046987
 101    0.0000034  -0.00017791
 102    0.0000033  -0.00017528
 103    0.0000030  -0.00016048
 104    0.0000032  -0.00016957
 105    0.0000027  -0.00015340
 106    0.0000025  -0.00014664
 107    0.0000001  -0.00001872
 108    0.0000000  -0.00001690
 
----------------
 Final Energies 
----------------
Final NOF Total Energy =   -4584.9444452
 
Total Orbital Internal Iterations = 269
Total Occupation Internal Iterations = 126
 
Elapsed time:  108.22 Seconds

---------------------------------
   Lowdin Population Analysis    
---------------------------------
 Idx  Atom   Population   Charge 
---------------------------------
  1    Te    51.343       0.657
  2     H     1.312      -0.312
  3     H     1.315      -0.315
  4    Te    51.392       0.608
  5     H     1.319      -0.319
  6     H     1.319      -0.319

---------------------------------
   M Diagnostic: 0.04
---------------------------------

