Computing Integrals
Basis Set                                            = def2-qzvp
Auxiliary Basis Set                                  = def2-universal-jkfit
Gaussian Type                                        = Spherical
Elapsed time:    1.81 Seconds

Number of basis functions                   (NBF)    = 147
Number of auxiliary basis functions         (NBFAUX) = 131
Inactive Doubly occupied orbitals up to     (NO1)    = 0
No. considered Strongly Doubly occupied MOs (NDOC)   = 5
No. considered Strongly Singly occupied MOs (NSOC)   = 0
NO. of Weakly occ. per St. Doubly occ.  MOs (NCWO)   = 1
Dimension of the Nat. Orb. subspace         (NBF5)   = 10
No. of electrons                                     = 10
    No. of alpha electrons                           = 5
    No. of beta electrons                            = 5
Multiplicity                                         = 1

Geometry
========
 N      -0.0000002       0.2832465       0.0000000
 H       0.9362327      -0.0944155       0.0000000
 H      -0.4681163      -0.0944155       0.8108010
 H      -0.4681163      -0.0944155      -0.8108010

No violations of the orthonormality
No violations of the orthonormality
 
PNOF8/ADABelief Calculation
==================
 
  Nitext  Nit_orb  Time   Nit_occ  Time         Eelec          Etot           Ediff      maxdiff    MaxGrad_orb  Grad_occ
     1      10    9.5e+00    3    1.2e+01   -68.36707836   -56.38034550 -10067.36707836   0.013023   5.2e-02   9.0e-05 0.03
     2      20    6.4e-01    6    1.5e-03   -68.37729116   -56.39055830    -0.01021281   0.012481   5.0e-02   1.2e-04 0.03
     3      20    5.5e-01    3    5.4e-03   -68.37890728   -56.39217442    -0.00161612   0.016933   6.8e-02   1.6e-04 0.03
     4      20    6.9e-01    3    3.0e-02   -68.37966104   -56.39292819    -0.00075376   0.018818   7.5e-02   7.5e-05 0.03
     5      20    6.5e-01    2    4.4e-03   -68.38086989   -56.39413703    -0.00120885   0.019806   7.9e-02   1.3e-04 0.03
     6      20    1.5e+00    0    3.1e-02   -68.38093414   -56.39420128    -0.00006425   0.019806   7.9e-02   1.3e-04 0.03
     7      40    2.2e+00    3    1.2e-02   -68.38230625   -56.39557339    -0.00137211   0.001509   6.0e-03   1.2e-05 0.03
     8      40    2.3e+00    3    1.8e-03   -68.38255301   -56.39582015    -0.00024675   0.005226   2.1e-02   4.0e-06 0.03
     9      40    2.1e+00    2    5.3e-03   -68.38277723   -56.39604437    -0.00022422   0.002813   1.1e-02   7.1e-05 0.03
    10      40    2.2e+00    2    1.6e-02   -68.38289883   -56.39616597    -0.00012160   0.003712   1.5e-02   9.2e-05 0.03
    11      40    2.6e+00    1    3.8e-02   -68.38295814   -56.39622528    -0.00005931   0.003404   1.4e-02   2.1e-04 0.03
    12      40    1.9e+00    2    2.6e-02   -68.38297691   -56.39624405    -0.00001877   0.003282   1.3e-02   8.0e-05 0.03
    13      40    1.9e+00    0    7.1e-02   -68.38297938   -56.39624652    -0.00000247   0.003282   1.3e-02   8.0e-05 0.03
    14      56    3.2e+00    0    3.4e-02   -68.38302015   -56.39628729    -0.00004077   0.000490   2.0e-03   1.1e-04 0.03
 
RESULTS OF THE OCCUPATION OPTIMIZATION
========================================
   1    1.9997293  -15.54776992
   2    1.9891220  -1.03634511
   3    1.9730243  -0.62169013
   4    1.9730254  -0.62167226
   5    1.9730172  -0.62167116
   6    0.0269828  -0.02913232
   7    0.0269746  -0.02913013
   8    0.0269757  -0.02913062
   9    0.0108780  -0.01798105
  10    0.0002707  -0.00710829
 
----------------
 Final Energies 
----------------
Final NOF Total Energy =     -56.3962873
 
Total Orbital Internal Iterations = 446
Total Occupation Internal Iterations = 30
 
Elapsed time:   51.19 Seconds

---------------------------------
   Lowdin Population Analysis    
---------------------------------
 Idx  Atom   Population   Charge 
---------------------------------
  1     N     6.412       0.588
  2     H     1.196      -0.196
  3     H     1.196      -0.196
  4     H     1.196      -0.196

---------------------------------
   M Diagnostic: 0.03
---------------------------------

