Computing Integrals
Basis Set                                            = def2-qzvp
Auxiliary Basis Set                                  = def2-universal-jkfit
Gaussian Type                                        = Spherical
Elapsed time:    1.73 Seconds

Number of basis functions                   (NBF)    = 111
Number of auxiliary basis functions         (NBFAUX) = 148
Inactive Doubly occupied orbitals up to     (NO1)    = 0
No. considered Strongly Doubly occupied MOs (NDOC)   = 7
No. considered Strongly Singly occupied MOs (NSOC)   = 0
NO. of Weakly occ. per St. Doubly occ.  MOs (NCWO)   = 1
Dimension of the Nat. Orb. subspace         (NBF5)   = 14
No. of electrons                                     = 14
    No. of alpha electrons                           = 7
    No. of beta electrons                            = 7
Multiplicity                                         = 1

Geometry
========
Mg       0.0000000       0.0000000       0.0000000
 H      -0.0000000      -0.0000000      -1.7069341
 H      -0.0000000       0.0000000       1.7069341

No violations of the orthonormality
No violations of the orthonormality
 
PNOF8/ADABelief Calculation
==================
 
  Nitext  Nit_orb  Time   Nit_occ  Time         Eelec          Etot           Ediff      maxdiff    MaxGrad_orb  Grad_occ
     1      10    9.4e+00    5    1.2e+01  -208.48897009  -200.89358894 -10207.48897009   0.017122   6.8e-02   6.6e-05 0.03
     2      20    3.9e-01    0    8.2e-03  -208.49418327  -200.89880213    -0.00521318   0.017122   6.8e-02   6.6e-05 0.03
     3      40    1.8e+00   11    3.4e-02  -208.49950815  -200.90412700    -0.00532488   0.006605   2.6e-02   1.2e-04 0.03
     4      40    1.1e+00    4    5.5e-03  -208.50486704  -200.90948589    -0.00535889   0.002492   1.0e-02   5.9e-05 0.03
     5      40    1.4e+00    3    1.1e-02  -208.50592938  -200.91054823    -0.00106234   0.001872   7.5e-03   1.1e-04 0.03
     6      40    1.1e+00    3    5.1e-02  -208.50663024  -200.91124910    -0.00070087   0.002049   8.2e-03   1.2e-04 0.03
     7      40    1.1e+00    3    1.7e-03  -208.50707720  -200.91169605    -0.00044696   0.002036   8.1e-03   5.8e-05 0.03
     8      40    1.3e+00    2    1.8e-03  -208.50739729  -200.91201614    -0.00032009   0.002412   9.6e-03   1.2e-04 0.03
     9      40    1.4e+00    2    2.3e-02  -208.50768285  -200.91230171    -0.00028556   0.001984   7.9e-03   1.6e-04 0.03
    10      40    2.5e+00    2    6.2e-03  -208.50795134  -200.91257020    -0.00026849   0.002266   9.1e-03   1.6e-04 0.03
    11      40    2.4e+00    2    5.0e-03  -208.50820978  -200.91282864    -0.00025844   0.002858   1.1e-02   1.4e-04 0.03
    12      40    1.6e+00    1    4.7e-03  -208.50848570  -200.91310455    -0.00027592   0.002193   8.8e-03   1.2e-04 0.03
    13      40    1.4e+00    1    1.3e-03  -208.50875395  -200.91337281    -0.00026825   0.002459   9.8e-03   1.1e-04 0.03
    14      40    1.3e+00    1    6.8e-03  -208.50903421  -200.91365307    -0.00028026   0.002160   8.6e-03   1.2e-04 0.03
    15      40    1.4e+00    1    5.9e-03  -208.50928473  -200.91390358    -0.00025052   0.002612   1.0e-02   1.1e-04 0.03
    16      40    1.6e+00    1    3.2e-02  -208.50954627  -200.91416513    -0.00026154   0.002153   8.6e-03   1.1e-04 0.03
    17      40    1.4e+00    1    3.2e-02  -208.50977463  -200.91439348    -0.00022836   0.002617   1.0e-02   1.2e-04 0.03
    18      40    1.7e+00    1    3.9e-02  -208.50999654  -200.91461539    -0.00022191   0.002290   9.2e-03   8.0e-05 0.02
    19      40    1.3e+00    1    1.4e-02  -208.51016159  -200.91478045    -0.00016505   0.002537   1.0e-02   9.1e-05 0.02
    20      40    1.4e+00    1    9.8e-03  -208.51029646  -200.91491531    -0.00013487   0.003130   1.3e-02   3.6e-05 0.02
    21      40    1.9e+00    1    4.4e-02  -208.51039796  -200.91501681    -0.00010150   0.002411   9.6e-03   6.2e-05 0.02
    22      40    2.2e+00    1    4.4e-03  -208.51045588  -200.91507473    -0.00005792   0.002717   1.1e-02   3.2e-05 0.02
    23      40    1.3e+00    1    1.4e-02  -208.51050782  -200.91512667    -0.00005194   0.002394   9.6e-03   5.9e-05 0.02
    24      40    2.1e+00    1    5.5e-03  -208.51053201  -200.91515086    -0.00002419   0.002638   1.1e-02   4.1e-05 0.02
    25      40    1.3e+00    1    1.6e-02  -208.51056386  -200.91518272    -0.00003186   0.002378   9.5e-03   6.0e-05 0.02
    26      40    2.5e+00    0    1.5e-02  -208.51057270  -200.91519156    -0.00000884   0.002782   1.1e-02   1.8e-04 0.02
    27      50    2.0e+00    1    3.0e-02  -208.51062113  -200.91523999    -0.00004843   0.001648   6.6e-03   1.3e-04 0.02
    28      50    1.8e+00    1    2.3e-03  -208.51063289  -200.91525175    -0.00001176   0.001773   7.1e-03   1.6e-04 0.02
    29      50    2.5e+00    2    4.4e-03  -208.51066166  -200.91528052    -0.00002877   0.001714   6.9e-03   1.3e-04 0.02
    30      50    1.7e+00    2    1.4e-02  -208.51067984  -200.91529869    -0.00001817   0.001843   7.4e-03   3.6e-05 0.02
    31      50    1.8e+00    2    4.6e-03  -208.51072176  -200.91534061    -0.00004192   0.001753   7.0e-03   1.5e-04 0.02
    32      50    1.7e+00    2    8.0e-02  -208.51075373  -200.91537258    -0.00003197   0.001901   7.6e-03   6.6e-05 0.02
    33      50    1.3e+00    2    8.0e-03  -208.51082429  -200.91544315    -0.00007056   0.001719   6.9e-03   2.0e-04 0.02
    34      50    2.8e+00    2    1.4e-02  -208.51089138  -200.91551024    -0.00006709   0.001924   7.7e-03   1.4e-04 0.02
    35      50    1.7e+00    3    1.9e-03  -208.51102111  -200.91563997    -0.00012973   0.001955   7.8e-03   7.5e-05 0.02
    36      50    2.9e+00    3    1.7e-03  -208.51115540  -200.91577425    -0.00013429   0.001960   7.8e-03   3.3e-05 0.02
    37      50    4.0e+00    3    1.1e-02  -208.51141708  -200.91603593    -0.00026168   0.001936   7.7e-03   5.1e-05 0.02
    38      50    2.1e+00    3    1.8e-03  -208.51173412  -200.91635298    -0.00031704   0.001872   7.5e-03   2.5e-05 0.02
    39      50    3.0e+00    3    1.8e-02  -208.51221193  -200.91683078    -0.00047781   0.001979   7.9e-03   3.1e-05 0.02
    40      50    1.5e+00    3    2.5e-02  -208.51273213  -200.91735098    -0.00052020   0.001907   7.6e-03   4.0e-05 0.02
 
RESULTS OF THE OCCUPATION OPTIMIZATION
========================================
   1    1.9999054  -49.04813307
   2    1.9977677  -3.77452013
   3    1.9970137  -2.30345811
   4    1.9970061  -2.30334659
   5    1.9968766  -2.25455353
   6    1.9852626  -0.45014714
   7    1.9832994  -0.41743855
   8    0.0167006  -0.02111199
   9    0.0147374  -0.02182703
  10    0.0031234  -0.01430777
  11    0.0029939  -0.01502866
  12    0.0029863  -0.01514109
  13    0.0022323  -0.01326310
  14    0.0000946  -0.00795932
 
----------------
 Final Energies 
----------------
Final NOF Total Energy =    -200.9173510
 
Total Orbital Internal Iterations = 1690
Total Occupation Internal Iterations = 83
 
Elapsed time:  101.00 Seconds

---------------------------------
   Lowdin Population Analysis    
---------------------------------
 Idx  Atom   Population   Charge 
---------------------------------
  1    Mg    11.617       0.383
  2     H     1.191      -0.191
  3     H     1.192      -0.192

---------------------------------
   M Diagnostic: 0.02
---------------------------------

