Computing Integrals
Basis Set                                            = def2-qzvp
Auxiliary Basis Set                                  = def2-universal-jkfit
Gaussian Type                                        = Spherical
Elapsed time:    2.18 Seconds

Number of basis functions                   (NBF)    = 140
Number of auxiliary basis functions         (NBFAUX) = 256
Inactive Doubly occupied orbitals up to     (NO1)    = 0
No. considered Strongly Doubly occupied MOs (NDOC)   = 15
No. considered Strongly Singly occupied MOs (NSOC)   = 0
NO. of Weakly occ. per St. Doubly occ.  MOs (NCWO)   = 1
Dimension of the Nat. Orb. subspace         (NBF5)   = 30
No. of electrons                                     = 30
    No. of alpha electrons                           = 15
    No. of beta electrons                            = 15
Multiplicity                                         = 1

Geometry
========
 P       0.0000000       0.0000000      -0.9491313
 P       0.0000000       0.0000000       0.9491313

No violations of the orthonormality
No violations of the orthonormality
 
PNOF8/ADABelief Calculation
==================
 
  Nitext  Nit_orb  Time   Nit_occ  Time         Eelec          Etot           Ediff      maxdiff    MaxGrad_orb  Grad_occ
     1      10    9.8e+00    6    1.2e+01  -744.66323039  -681.94028138 -10743.66323039   0.021107   8.4e-02   1.5e-04 0.04
     2      20    2.0e+00   13    3.9e-02  -744.71031654  -681.98736752    -0.04708614   0.431590   1.7e+00   1.3e-04 0.04
     3      20    1.1e+00    8    8.6e-02  -744.75074739  -682.02779837    -0.04043085   0.029646   1.2e-01   9.5e-05 0.04
     4      20    1.6e+00    0    3.8e-02  -744.75229600  -682.02934699    -0.00154861   0.029646   1.2e-01   9.5e-05 0.04
     5      40    3.4e+00    6    3.2e-02  -744.76092528  -682.03797627    -0.00862928   0.008500   3.4e-02   1.3e-04 0.04
     6      40    3.4e+00    5    1.7e-02  -744.76343986  -682.04049084    -0.00251458   0.007064   2.8e-02   2.9e-04 0.04
     7      40    3.3e+00    5    4.1e-02  -744.76474209  -682.04179308    -0.00130223   0.007121   2.8e-02   1.8e-04 0.04
     8      40    3.6e+00    5    3.0e-02  -744.76566613  -682.04271711    -0.00092403   0.006562   2.6e-02   1.4e-04 0.04
     9      40    3.1e+00    3    1.8e-02  -744.76618874  -682.04323972    -0.00052261   0.006130   2.5e-02   2.3e-04 0.04
    10      40    3.1e+00    3    2.6e-02  -744.76661993  -682.04367091    -0.00043119   0.006073   2.4e-02   2.2e-04 0.04
    11      40    3.6e+00    3    3.4e-03  -744.76689187  -682.04394286    -0.00027195   0.006000   2.4e-02   1.8e-04 0.04
    12      40    3.6e+00    3    1.2e-02  -744.76710292  -682.04415391    -0.00021105   0.006187   2.5e-02   1.4e-04 0.04
    13      40    3.3e+00    3    4.8e-02  -744.76722351  -682.04427450    -0.00012059   0.006686   2.7e-02   1.2e-04 0.04
    14      40    3.2e+00    3    1.5e-02  -744.76728729  -682.04433827    -0.00006378   0.006167   2.5e-02   9.8e-05 0.04
    15      40    3.0e+00    2    1.7e-02  -744.76733704  -682.04438802    -0.00004975   0.006105   2.4e-02   1.8e-04 0.04
    16      40    3.5e+00    1    2.8e-02  -744.76736264  -682.04441362    -0.00002560   0.008216   3.3e-02   1.8e-04 0.04
    17      40    4.3e+00    0    2.6e-02  -744.76738882  -682.04443980    -0.00002618   0.006421   2.6e-02   2.6e-04 0.04
    18      50    4.3e+00    1    2.7e-02  -744.76758479  -682.04463577    -0.00019597   0.004089   1.6e-02   1.6e-04 0.04
    19      50    3.6e+00    0    6.2e-02  -744.76758592  -682.04463690    -0.00000113   0.004089   1.6e-02   1.6e-04 0.04
    20      69    5.4e+00    0    3.2e-02  -744.76781869  -682.04486968    -0.00023277   0.000485   1.9e-03   1.8e-04 0.04
 
RESULTS OF THE OCCUPATION OPTIMIZATION
========================================
   1    1.9999588  -80.01686164
   2    1.9999602  -80.01632799
   3    1.9990026  -7.49852954
   4    1.9989191  -7.49269295
   5    1.9981283  -5.42188678
   6    1.9981067  -5.41601087
   7    1.9981029  -5.41567193
   8    1.9980681  -5.41425150
   9    1.9981195  -5.41238753
  10    1.9980740  -5.41231758
  11    1.9921896  -0.76369623
  12    1.9915232  -0.75629481
  13    1.9716100  -0.45437490
  14    1.9616128  -0.37694865
  15    1.9615964  -0.37690352
  16    0.0384036  -0.04222991
  17    0.0383872  -0.04222015
  18    0.0283900  -0.04001618
  19    0.0084768  -0.02843576
  20    0.0078104  -0.02745100
  21    0.0019260  -0.01924152
  22    0.0018805  -0.01800595
  23    0.0019319  -0.01932552
  24    0.0018971  -0.01862519
  25    0.0018933  -0.01858301
  26    0.0018717  -0.01832359
  27    0.0010809  -0.01315012
  28    0.0009974  -0.01415762
  29    0.0000398  -0.00578739
  30    0.0000412  -0.00601183
 
----------------
 Final Energies 
----------------
Final NOF Total Energy =    -682.0448697
 
Total Orbital Internal Iterations = 759
Total Occupation Internal Iterations = 70
 
Elapsed time:   92.90 Seconds

---------------------------------
   Lowdin Population Analysis    
---------------------------------
 Idx  Atom   Population   Charge 
---------------------------------
  1     P    15.000      -0.000
  2     P    15.000       0.000

---------------------------------
   M Diagnostic: 0.04
---------------------------------

