Computing Integrals
Basis Set                                            = def2-qzvp
Auxiliary Basis Set                                  = def2-universal-jkfit
Gaussian Type                                        = Spherical
Elapsed time:   17.43 Seconds

Number of basis functions                   (NBF)    = 723
Number of auxiliary basis functions         (NBFAUX) = 809
Inactive Doubly occupied orbitals up to     (NO1)    = 0
No. considered Strongly Doubly occupied MOs (NDOC)   = 33
No. considered Strongly Singly occupied MOs (NSOC)   = 0
NO. of Weakly occ. per St. Doubly occ.  MOs (NCWO)   = 1
Dimension of the Nat. Orb. subspace         (NBF5)   = 66
No. of electrons                                     = 66
    No. of alpha electrons                           = 33
    No. of beta electrons                            = 33
Multiplicity                                         = 1

Geometry
========
 N      -0.5051208       1.8498924       0.0000000
 N       1.4874685       0.7096193       0.0000000
 C      -0.5479987      -0.5234560       0.0000000
 C       0.8575212      -0.4695473       0.0000000
 C      -1.1741190       0.6844660       0.0000000
 C       0.8598543       1.9499812       0.0000000
 C      -1.2725894      -1.8315311       0.0000000
 O       1.5184607      -1.5775330       0.0000000
 O       1.4717139       2.9837351       0.0000000
 H      -1.0267202       2.7187353       0.0000000
 H       2.5044406       0.7417125       0.0000000
 H      -2.2527067       0.7675815       0.0000000
 H      -1.0277755      -2.4241065      -0.8820455
 H      -1.0277755      -2.4241065       0.8820455
 H      -2.3480988      -1.6639340       0.0000000
 H       2.4834454      -1.4915089       0.0000000

No violations of the orthonormality
No violations of the orthonormality
 
PNOF8/ADABelief Calculation
==================
 
  Nitext  Nit_orb  Time   Nit_occ  Time         Eelec          Etot           Ediff      maxdiff    MaxGrad_orb  Grad_occ
     1      10    2.0e+01    8    1.3e+01  -909.76677525  -453.15183488 -10908.76677525   0.013005   5.2e-02   2.2e-04 0.04
     2      20    2.1e+01    0    4.9e-01  -909.80728819  -453.19234783    -0.04051295   0.013005   5.2e-02   2.2e-04 0.04
     3      40    4.2e+01   14    5.2e-01  -909.83128154  -453.21634118    -0.02399334   0.259459   1.0e+00   3.5e-04 0.04
     4      40    4.0e+01   10    5.1e-01  -909.88040913  -453.26546877    -0.04912760   0.005702   2.3e-02   2.9e-04 0.04
     5      40    4.1e+01    8    5.2e-01  -909.89647461  -453.28153425    -0.01606547   0.008226   3.3e-02   1.7e-04 0.04
     6      40    4.3e+01    7    5.2e-01  -909.90538439  -453.29044403    -0.00890978   0.005954   2.4e-02   1.8e-04 0.04
     7      40    4.3e+01    4    6.4e-01  -909.90873436  -453.29379400    -0.00334997   0.009095   3.6e-02   2.9e-04 0.04
     8      40    4.2e+01    4    5.1e-01  -909.91062584  -453.29568548    -0.00189148   0.007557   3.0e-02   1.4e-04 0.04
     9      40    4.2e+01    4    5.0e-01  -909.91137267  -453.29643231    -0.00074683   0.013358   5.3e-02   1.1e-04 0.04
    10      40    4.0e+01    3    5.1e-01  -909.91197785  -453.29703749    -0.00060518   0.014972   6.0e-02   1.7e-04 0.04
    11      40    4.3e+01    3    5.0e-01  -909.91251703  -453.29757667    -0.00053918   0.016520   6.6e-02   1.7e-04 0.04
    12      40    4.2e+01    3    5.2e-01  -909.91286482  -453.29792445    -0.00034778   0.014804   5.9e-02   1.6e-04 0.04
    13      40    4.5e+01    3    5.2e-01  -909.91302078  -453.29808042    -0.00015596   0.015582   6.2e-02   1.9e-04 0.04
    14      40    4.2e+01    3    5.1e-01  -909.91316760  -453.29822724    -0.00014682   0.014529   5.8e-02   1.6e-04 0.04
    15      40    4.3e+01    0    5.1e-01  -909.91317557  -453.29823521    -0.00000797   0.014529   5.8e-02   1.6e-04 0.04
    16      60    6.6e+01    2    5.1e-01  -909.91660864  -453.30166828    -0.00343307   0.001566   6.3e-03   1.8e-04 0.04
    17      60    6.4e+01    0    5.1e-01  -909.91661119  -453.30167082    -0.00000254   0.001566   6.3e-03   1.8e-04 0.04
    18      65    6.7e+01    0    5.2e-01  -909.91663881  -453.30169845    -0.00002763   0.000494   2.0e-03   2.2e-04 0.04
 
RESULTS OF THE OCCUPATION OPTIMIZATION
========================================
   1    1.9998266  -20.75711541
   2    1.9997923  -20.65460247
   3    1.9996909  -16.01205745
   4    1.9996657  -15.71351440
   5    1.9995067  -11.56033220
   6    1.9994890  -11.54968332
   7    1.9996204  -11.52715995
   8    1.9995397  -11.49673393
   9    1.9995325  -11.44514375
  10    1.9917899  -1.54637245
  11    1.9909277  -1.48933154
  12    1.9908766  -1.35240415
  13    1.9908210  -1.33795316
  14    1.9818168  -1.16658439
  15    1.9761521  -1.05851649
  16    1.9823053  -1.04233967
  17    1.9752833  -1.00820707
  18    1.9773166  -1.00420772
  19    1.9715648  -0.99950193
  20    1.9776779  -0.99719985
  21    1.9734466  -0.98473920
  22    1.9774002  -0.97469575
  23    1.9741478  -0.96133891
  24    1.9876518  -0.96025624
  25    1.9780087  -0.90725966
  26    1.9728635  -0.87034649
  27    1.9733541  -0.85265935
  28    1.9729538  -0.80678791
  29    1.9757435  -0.75852317
  30    1.9749086  -0.74932763
  31    1.9654620  -0.69689437
  32    1.9650368  -0.68047331
  33    1.9594285  -0.66772774
  34    0.0405715  -0.05520668
  35    0.0349632  -0.04063155
  36    0.0345380  -0.04562113
  37    0.0250914  -0.02688038
  38    0.0242565  -0.02629073
  39    0.0270462  -0.03566805
  40    0.0266459  -0.04042030
  41    0.0271365  -0.04136392
  42    0.0219913  -0.02699985
  43    0.0123482  -0.01997025
  44    0.0258522  -0.04301162
  45    0.0225998  -0.03052324
  46    0.0265534  -0.03753104
  47    0.0223221  -0.03383413
  48    0.0284352  -0.04686827
  49    0.0226834  -0.03078664
  50    0.0247167  -0.03849298
  51    0.0176947  -0.02375136
  52    0.0238479  -0.03787377
  53    0.0181832  -0.02961249
  54    0.0091790  -0.01871486
  55    0.0091234  -0.01874601
  56    0.0090723  -0.01514438
  57    0.0082101  -0.01847388
  58    0.0004675  -0.00840968
  59    0.0004603  -0.00823310
  60    0.0003796  -0.00710711
  61    0.0005110  -0.00902629
  62    0.0004933  -0.00873769
  63    0.0003343  -0.00827200
  64    0.0003091  -0.00793089
  65    0.0002077  -0.00689205
  66    0.0001734  -0.00605229
 
----------------
 Final Energies 
----------------
Final NOF Total Energy =    -453.3016985
 
Total Orbital Internal Iterations = 735
Total Occupation Internal Iterations = 76
 
Elapsed time:  860.90 Seconds

---------------------------------
   Lowdin Population Analysis    
---------------------------------
 Idx  Atom   Population   Charge 
---------------------------------
  1     N     6.411       0.589
  2     N     6.396       0.604
  3     C     6.120      -0.120
  4     C     6.357      -0.357
  5     C     5.917       0.083
  6     C     6.636      -0.636
  7     C     5.739       0.261
  8     O     7.216       0.784
  9     O     7.672       0.328
 10     H     1.082      -0.082
 11     H     1.081      -0.081
 12     H     1.022      -0.022
 13     H     1.038      -0.038
 14     H     1.036      -0.036
 15     H     1.038      -0.038
 16     H     1.238      -0.238

---------------------------------
   M Diagnostic: 0.04
---------------------------------

