Computing Integrals
Basis Set                                            = def2-qzvp
Auxiliary Basis Set                                  = def2-universal-jkfit
Gaussian Type                                        = Spherical
Elapsed time:    3.08 Seconds

Number of basis functions                   (NBF)    = 234
Number of auxiliary basis functions         (NBFAUX) = 226
Inactive Doubly occupied orbitals up to     (NO1)    = 0
No. considered Strongly Doubly occupied MOs (NDOC)   = 10
No. considered Strongly Singly occupied MOs (NSOC)   = 0
NO. of Weakly occ. per St. Doubly occ.  MOs (NCWO)   = 1
Dimension of the Nat. Orb. subspace         (NBF5)   = 20
No. of electrons                                     = 20
    No. of alpha electrons                           = 10
    No. of beta electrons                            = 10
Multiplicity                                         = 1

Geometry
========
 O       0.0000000       1.0981080       0.0000000
 H       0.0000000       0.0000000       0.5964950
 H       0.0000000       0.0000000      -0.5964950
 O       0.0000000      -1.0981080       0.0000000
 H       0.8673110       1.5174870       0.0000000
 H      -0.8673110      -1.5174870       0.0000000

No violations of the orthonormality
No violations of the orthonormality
 
PNOF8/ADABelief Calculation
==================
 
  Nitext  Nit_orb  Time   Nit_occ  Time         Eelec          Etot           Ediff      maxdiff    MaxGrad_orb  Grad_occ
     1      10    1.0e+01    6    1.2e+01  -194.95541683  -152.38182889 -10193.95541683   0.012594   5.0e-02   7.7e-05 0.03
     2      20    1.5e+00   10    3.9e-02  -194.97153593  -152.39794799    -0.01611909   0.350151   1.4e+00   3.2e-05 0.03
     3      20    1.7e+00    8    3.8e-02  -194.97891567  -152.40532773    -0.00737974   0.060198   2.4e-01   1.3e-04 0.03
     4      20    1.9e+00    5    1.6e-02  -194.98038467  -152.40679673    -0.00146901   0.032065   1.3e-01   1.0e-04 0.03
     5      20    2.2e+00    4    2.9e-02  -194.98184213  -152.40825419    -0.00145746   0.026929   1.1e-01   1.6e-04 0.03
     6      20    1.7e+00    4    2.8e-02  -194.98234855  -152.40876062    -0.00050642   0.027145   1.1e-01   1.4e-04 0.03
     7      20    2.0e+00    4    2.7e-02  -194.98282369  -152.40923576    -0.00047514   0.025746   1.0e-01   1.0e-04 0.03
     8      20    1.9e+00    3    2.3e-02  -194.98287113  -152.40928319    -0.00004743   0.027113   1.1e-01   2.1e-04 0.03
     9      20    1.8e+00    4    3.1e-02  -194.98366697  -152.41007903    -0.00079584   0.028082   1.1e-01   6.4e-05 0.03
    10      20    1.7e+00    0    3.0e-02  -194.98369290  -152.41010496    -0.00002593   0.028082   1.1e-01   6.4e-05 0.03
    11      40    3.9e+00    2    3.9e-02  -194.98937646  -152.41578852    -0.00568356   0.002399   9.6e-03   1.5e-04 0.03
    12      40    4.3e+00    0    2.1e-02  -194.98940390  -152.41581596    -0.00002744   0.002399   9.6e-03   1.5e-04 0.03
    13      60    5.7e+00    2    4.3e-02  -194.98951245  -152.41592451    -0.00010855   0.000828   3.3e-03   2.1e-04 0.03
 
RESULTS OF THE OCCUPATION OPTIMIZATION
========================================
   1    1.9998203  -20.59246778
   2    1.9998303  -20.58671790
   3    1.9935123  -1.32441848
   4    1.9905864  -1.20409274
   5    1.9858470  -0.77830500
   6    1.9724811  -0.72590672
   7    1.9718997  -0.71975569
   8    1.9836809  -0.60014202
   9    1.9678088  -0.54782487
  10    1.9696829  -0.53934146
  11    0.0303171  -0.03594861
  12    0.0321912  -0.04529562
  13    0.0163191  -0.02032752
  14    0.0281003  -0.03482827
  15    0.0275189  -0.03454690
  16    0.0141530  -0.02079862
  17    0.0094136  -0.02037936
  18    0.0064877  -0.01618788
  19    0.0001697  -0.00596350
  20    0.0001797  -0.00627758
 
----------------
 Final Energies 
----------------
Final NOF Total Energy =    -152.4159245
 
Total Orbital Internal Iterations = 330
Total Occupation Internal Iterations = 52
 
Elapsed time:   60.65 Seconds

---------------------------------
   Lowdin Population Analysis    
---------------------------------
 Idx  Atom   Population   Charge 
---------------------------------
  1     O     7.344       0.656
  2     H     1.297      -0.297
  3     H     1.297      -0.297
  4     O     7.359       0.641
  5     H     1.348      -0.348
  6     H     1.355      -0.355

---------------------------------
   M Diagnostic: 0.03
---------------------------------

