Computing Integrals
Basis Set                                            = def2-qzvp
Auxiliary Basis Set                                  = def2-universal-jkfit
Gaussian Type                                        = Spherical
Elapsed time:    5.13 Seconds

Number of basis functions                   (NBF)    = 364
Number of auxiliary basis functions         (NBFAUX) = 386
Inactive Doubly occupied orbitals up to     (NO1)    = 0
No. considered Strongly Doubly occupied MOs (NDOC)   = 18
No. considered Strongly Singly occupied MOs (NSOC)   = 0
NO. of Weakly occ. per St. Doubly occ.  MOs (NCWO)   = 1
Dimension of the Nat. Orb. subspace         (NBF5)   = 36
No. of electrons                                     = 36
    No. of alpha electrons                           = 18
    No. of beta electrons                            = 18
Multiplicity                                         = 1

Geometry
========
 C       0.7632579       0.0000000      -0.4409810
 C      -0.7632579       0.0000000      -0.4409810
 H       1.1578429       1.0169279      -0.4409257
 H       1.1578429      -0.5085118       0.4396773
 H       1.1578429      -0.5084161      -1.3216946
 H      -1.1578429      -1.0169279      -0.4409257
 H      -1.1578429       0.5085118       0.4396773
 H      -1.1578429       0.5084161      -1.3216946
Ar       0.0000000      -0.0000000       3.5278481

No violations of the orthonormality
No violations of the orthonormality
 
PNOF8/ADABelief Calculation
==================
 
  Nitext  Nit_orb  Time   Nit_occ  Time         Eelec          Etot           Ediff      maxdiff    MaxGrad_orb  Grad_occ
     1      10    1.1e+01    5    1.2e+01  -691.14060493  -606.59293207 -10690.14060493   0.034890   1.4e-01   1.2e-04 0.03
     2      20    4.1e+00    0    3.7e-02  -691.16941982  -606.62174695    -0.02881489   0.034890   1.4e-01   1.2e-04 0.03
     3      40    6.8e+00   21    4.3e-02  -691.18933383  -606.64166097    -0.01991401   0.494407   2.0e+00   2.1e-04 0.03
     4      40    6.5e+00    9    3.4e-02  -691.21124054  -606.66356768    -0.02190671   0.010864   4.3e-02   1.3e-04 0.03
     5      40    6.4e+00    8    3.6e-02  -691.22091892  -606.67324606    -0.00967838   0.014407   5.8e-02   1.2e-04 0.03
     6      40    6.5e+00    6    3.5e-02  -691.22796401  -606.68029115    -0.00704509   0.010949   4.4e-02   1.9e-04 0.03
     7      40    7.2e+00    6    3.5e-02  -691.23211164  -606.68443878    -0.00414763   0.011230   4.5e-02   7.6e-05 0.03
     8      40    9.3e+00    6    3.9e-02  -691.23473297  -606.68706011    -0.00262133   0.013263   5.3e-02   5.2e-05 0.03
     9      40    6.9e+00    4    4.9e-02  -691.23629215  -606.68861928    -0.00155917   0.011931   4.8e-02   2.3e-04 0.03
    10      40    6.8e+00    4    2.9e-02  -691.23716800  -606.68949514    -0.00087585   0.011301   4.5e-02   1.4e-04 0.03
    11      40    6.9e+00    3    3.4e-02  -691.23766016  -606.68998730    -0.00049217   0.010853   4.3e-02   2.0e-04 0.03
    12      40    6.5e+00    3    3.4e-02  -691.23832968  -606.69065682    -0.00066952   0.019128   7.7e-02   2.0e-04 0.03
    13      40    6.6e+00    3    3.7e-02  -691.23878900  -606.69111614    -0.00045931   0.010158   4.1e-02   1.9e-04 0.03
    14      40    6.0e+00    3    3.6e-02  -691.23924295  -606.69157009    -0.00045395   0.011001   4.4e-02   1.5e-04 0.03
    15      40    6.2e+00    3    3.8e-02  -691.23945053  -606.69177767    -0.00020758   0.011310   4.5e-02   1.4e-04 0.03
    16      40    7.4e+00    3    2.9e-02  -691.23983693  -606.69216407    -0.00038641   0.011631   4.7e-02   1.3e-04 0.03
    17      40    6.7e+00    3    3.7e-02  -691.23993899  -606.69226613    -0.00010206   0.013339   5.3e-02   1.4e-04 0.03
    18      40    6.7e+00    2    3.7e-02  -691.24035552  -606.69268266    -0.00041653   0.011085   4.4e-02   2.3e-04 0.03
    19      40    6.8e+00    2    3.3e-02  -691.24053227  -606.69285941    -0.00017675   0.011005   4.4e-02   1.8e-04 0.03
    20      40    6.2e+00    2    3.0e-02  -691.24084307  -606.69317021    -0.00031080   0.010416   4.2e-02   1.6e-04 0.03
    21      40    7.0e+00    2    3.4e-02  -691.24103448  -606.69336162    -0.00019141   0.010350   4.1e-02   1.5e-04 0.03
    22      40    7.5e+00    2    3.5e-02  -691.24124468  -606.69357182    -0.00021020   0.010028   4.0e-02   1.3e-04 0.03
    23      40    5.6e+00    2    3.9e-02  -691.24142245  -606.69374959    -0.00017777   0.010379   4.2e-02   1.5e-04 0.03
    24      40    7.2e+00    2    3.8e-02  -691.24158694  -606.69391408    -0.00016449   0.009821   3.9e-02   1.4e-04 0.03
    25      40    6.5e+00    2    4.7e-02  -691.24166447  -606.69399161    -0.00007753   0.010156   4.1e-02   1.2e-04 0.03
    26      40    5.9e+00    1    3.2e-02  -691.24168807  -606.69401520    -0.00002360   0.009623   3.8e-02   2.3e-04 0.03
    27      40    6.6e+00    1    3.0e-02  -691.24172997  -606.69405711    -0.00004190   0.011191   4.5e-02   2.5e-04 0.03
    28      40    7.3e+00    0    3.6e-02  -691.24173252  -606.69405966    -0.00000255   0.011191   4.5e-02   2.5e-04 0.03
    29      60    1.1e+01    1    6.8e-02  -691.24284092  -606.69516806    -0.00110841   0.001182   4.7e-03   2.5e-04 0.03
    30      60    9.9e+00    0    3.4e-02  -691.24284274  -606.69516988    -0.00000181   0.001182   4.7e-03   2.5e-04 0.03
    31      80    1.3e+01    1    3.7e-02  -691.24287942  -606.69520656    -0.00003668   0.000523   2.1e-03   2.3e-04 0.03
 
RESULTS OF THE OCCUPATION OPTIMIZATION
========================================
   1    1.9999784  -118.64285502
   2    1.9993970  -11.97483541
   3    1.9995656  -11.54157132
   4    1.9992446  -10.04345392
   5    1.9992756  -10.00780303
   6    1.9992736  -10.00548801
   7    1.9988820  -9.87583301
   8    1.9884203  -1.16635136
   9    1.9922429  -1.08657557
  10    1.9822692  -0.79999833
  11    1.9800251  -0.60151714
  12    1.9797700  -0.59844671
  13    1.9775237  -0.59693944
  14    1.9753660  -0.57640738
  15    1.9753241  -0.57638509
  16    1.9755040  -0.56970959
  17    1.9758300  -0.56754787
  18    1.9714356  -0.54912383
  19    0.0285644  -0.03260121
  20    0.0241700  -0.02454141
  21    0.0244960  -0.02462063
  22    0.0246759  -0.02458548
  23    0.0246340  -0.02455091
  24    0.0224763  -0.02847924
  25    0.0202300  -0.02768538
  26    0.0199749  -0.02756589
  27    0.0177308  -0.02237779
  28    0.0077571  -0.03119027
  29    0.0115797  -0.02217351
  30    0.0011180  -0.01396926
  31    0.0007264  -0.01554486
  32    0.0007244  -0.01551399
  33    0.0007554  -0.01450259
  34    0.0004344  -0.01268245
  35    0.0006030  -0.01357822
  36    0.0000216  -0.00470758
 
----------------
 Final Energies 
----------------
Final NOF Total Energy =    -606.6952066
 
Total Orbital Internal Iterations = 1270
Total Occupation Internal Iterations = 110
 
Elapsed time:  253.36 Seconds

---------------------------------
   Lowdin Population Analysis    
---------------------------------
 Idx  Atom   Population   Charge 
---------------------------------
  1     C     5.806       0.194
  2     C     5.799       0.201
  3     H     1.064      -0.064
  4     H     1.070      -0.070
  5     H     1.067      -0.067
  6     H     1.058      -0.058
  7     H     1.070      -0.070
  8     H     1.068      -0.068
  9    Ar    17.999       0.001

---------------------------------
   M Diagnostic: 0.03
---------------------------------

