Computing Integrals
Basis Set                                            = def2-qzvp
Auxiliary Basis Set                                  = def2-universal-jkfit
Gaussian Type                                        = Spherical
Elapsed time:   12.59 Seconds

Number of basis functions                   (NBF)    = 576
Number of auxiliary basis functions         (NBFAUX) = 680
Inactive Doubly occupied orbitals up to     (NO1)    = 0
No. considered Strongly Doubly occupied MOs (NDOC)   = 29
No. considered Strongly Singly occupied MOs (NSOC)   = 0
NO. of Weakly occ. per St. Doubly occ.  MOs (NCWO)   = 1
Dimension of the Nat. Orb. subspace         (NBF5)   = 58
No. of electrons                                     = 58
    No. of alpha electrons                           = 29
    No. of beta electrons                            = 29
Multiplicity                                         = 1

Geometry
========
 N       0.0004417      -1.3050820      -0.0441152
 H      -0.0014208      -2.3148044       0.0009274
 C      -1.2580644      -0.6922361      -0.1187117
 O      -2.2730013      -1.3649919      -0.1772282
 C      -1.1924635       0.7589608      -0.1206341
 H      -2.1084541       1.3182419      -0.2012279
 C       0.0028152       1.3743364      -0.0199301
 H       0.1040059       2.4493388      -0.0107058
 N       1.1718216       0.6705000       0.0810434
 H       2.0525505       1.1401887       0.2074948
 C       1.2312423      -0.7108958       0.1220406
 O       2.2705268      -1.3235565       0.2810470

No violations of the orthonormality
No violations of the orthonormality
 
PNOF8/ADABelief Calculation
==================
 
  Nitext  Nit_orb  Time   Nit_occ  Time         Eelec          Etot           Ediff      maxdiff    MaxGrad_orb  Grad_occ
     1      10    1.6e+01    9    1.2e+01  -770.80894874  -413.55972941 -10769.80894874   0.025319   1.0e-01   8.8e-05 0.04
     2      20    9.9e+00    5    2.0e-01  -770.98612177  -413.73690245    -0.17717303   0.023055   9.2e-02   2.6e-04 0.04
     3      20    1.1e+01    6    2.2e-01  -770.99415476  -413.74493543    -0.00803298   0.031030   1.2e-01   1.3e-04 0.04
     4      20    9.7e+00    5    2.4e-01  -770.99608814  -413.74686882    -0.00193339   0.054082   2.2e-01   2.8e-04 0.04
     5      20    1.0e+01    4    2.0e-01  -770.99870790  -413.74948857    -0.00261976   0.038242   1.5e-01   2.9e-04 0.04
     6      20    9.8e+00    0    2.0e-01  -770.99894556  -413.74972623    -0.00023766   0.038242   1.5e-01   2.9e-04 0.04
     7      40    2.0e+01    4    2.0e-01  -771.01270417  -413.76348485    -0.01375861   0.002076   8.3e-03   2.3e-04 0.04
     8      40    2.1e+01    2    2.0e-01  -771.01306134  -413.76384201    -0.00035717   0.005724   2.3e-02   2.3e-04 0.04
     9      40    2.2e+01    2    2.1e-01  -771.01318504  -413.76396571    -0.00012370   0.006490   2.6e-02   1.9e-04 0.04
    10      40    2.0e+01    2    2.0e-01  -771.01323384  -413.76401452    -0.00004881   0.006832   2.7e-02   1.5e-04 0.04
    11      40    2.2e+01    1    1.9e-01  -771.01325658  -413.76403725    -0.00002273   0.006931   2.8e-02   2.8e-04 0.04
    12      40    2.1e+01    0    1.9e-01  -771.01326349  -413.76404417    -0.00000692   0.006931   2.8e-02   2.8e-04 0.04
    13      58    3.0e+01    2    2.1e-01  -771.01365290  -413.76443357    -0.00038940   0.000485   1.9e-03   1.0e-04 0.04
 
RESULTS OF THE OCCUPATION OPTIMIZATION
========================================
   1    1.9998179  -20.57246306
   2    1.9998182  -20.57031108
   3    1.9996709  -15.63922266
   4    1.9996703  -15.62721294
   5    1.9994907  -11.37236532
   6    1.9995030  -11.34515325
   7    1.9995439  -11.31659108
   8    1.9995544  -11.26179840
   9    1.9921159  -1.28829791
  10    1.9906486  -1.21508554
  11    1.9906025  -1.20890155
  12    1.9907139  -1.18129174
  13    1.9820804  -1.00054858
  14    1.9739554  -0.79009322
  15    1.9770732  -0.78006686
  16    1.9737187  -0.77962923
  17    1.9740235  -0.76575856
  18    1.9779540  -0.73942931
  19    1.9767287  -0.73826966
  20    1.9867302  -0.72313721
  21    1.9735363  -0.72281819
  22    1.9753117  -0.71944182
  23    1.9733277  -0.70769597
  24    1.9864118  -0.70701754
  25    1.9777536  -0.68631713
  26    1.9726851  -0.67019073
  27    1.9599636  -0.52681647
  28    1.9617653  -0.51854895
  29    1.9603529  -0.42428887
  30    0.0396471  -0.03920777
  31    0.0382347  -0.04957255
  32    0.0400364  -0.05041305
  33    0.0273149  -0.03854618
  34    0.0222464  -0.02435488
  35    0.0135882  -0.02014730
  36    0.0266723  -0.03838544
  37    0.0246883  -0.03334030
  38    0.0264637  -0.03817525
  39    0.0132698  -0.02000292
  40    0.0232713  -0.02871559
  41    0.0220460  -0.02492289
  42    0.0259765  -0.03711358
  43    0.0262813  -0.04096482
  44    0.0229268  -0.02901480
  45    0.0260446  -0.04099111
  46    0.0179196  -0.02762706
  47    0.0092861  -0.01397540
  48    0.0093975  -0.01955607
  49    0.0093514  -0.01974611
  50    0.0078841  -0.01349936
  51    0.0004456  -0.00798051
  52    0.0004561  -0.00817402
  53    0.0004970  -0.00876934
  54    0.0005093  -0.00898324
  55    0.0003297  -0.00817064
  56    0.0003291  -0.00821523
  57    0.0001818  -0.00626874
  58    0.0001821  -0.00627333
 
----------------
 Final Energies 
----------------
Final NOF Total Energy =    -413.7644336
 
Total Orbital Internal Iterations = 408
Total Occupation Internal Iterations = 42
 
Elapsed time:  258.73 Seconds

---------------------------------
   Lowdin Population Analysis    
---------------------------------
 Idx  Atom   Population   Charge 
---------------------------------
  1     N     6.460       0.540
  2     H     1.121      -0.121
  3     C     6.575      -0.575
  4     O     7.731       0.269
  5     C     5.956       0.044
  6     H     1.067      -0.067
  7     C     6.008      -0.008
  8     H     1.055      -0.055
  9     N     6.459       0.541
 10     H     1.129      -0.129
 11     C     6.682      -0.682
 12     O     7.758       0.242

---------------------------------
   M Diagnostic: 0.04
---------------------------------

