Computing Integrals
Basis Set                                            = def2-qzvp
Auxiliary Basis Set                                  = def2-universal-jkfit
Gaussian Type                                        = Spherical
Elapsed time:    5.10 Seconds

Number of basis functions                   (NBF)    = 408
Number of auxiliary basis functions         (NBFAUX) = 412
Inactive Doubly occupied orbitals up to     (NO1)    = 0
No. considered Strongly Doubly occupied MOs (NDOC)   = 17
No. considered Strongly Singly occupied MOs (NSOC)   = 0
NO. of Weakly occ. per St. Doubly occ.  MOs (NCWO)   = 1
Dimension of the Nat. Orb. subspace         (NBF5)   = 34
No. of electrons                                     = 34
    No. of alpha electrons                           = 17
    No. of beta electrons                            = 17
Multiplicity                                         = 1

Geometry
========
 C      -1.0529390      -0.2515810      -0.1577480
 H      -1.9231670      -0.5216960      -0.7663770
 O      -0.2800520      -1.2090020       0.1713900
 C      -0.7553570       1.0975430       0.0840370
 H      -0.3808930       1.3513300       1.0730890
 H       0.6651450       0.8930730      -0.2351140
 H      -1.4182290       1.8371300      -0.3434510
 H       0.8752770      -0.6412440       0.1970110
 O       1.6425420       0.2085150      -0.0052370
 H       2.1317240       0.0095310      -0.8121200

No violations of the orthonormality
No violations of the orthonormality
 
PNOF8/ADABelief Calculation
==================
 
  Nitext  Nit_orb  Time   Nit_occ  Time         Eelec          Etot           Ediff      maxdiff    MaxGrad_orb  Grad_occ
     1      10    1.1e+01    7    1.2e+01  -359.25580941  -229.51965444 -10358.25580941   0.014850   5.9e-02   1.3e-04 0.04
     2      20    4.5e+00    0    5.1e-02  -359.27578341  -229.53962844    -0.01997400   0.014850   5.9e-02   1.3e-04 0.04
     3      40    7.3e+00   10    4.9e-02  -359.28895190  -229.55279694    -0.01316849   0.059617   2.4e-01   2.1e-04 0.04
     4      40    6.4e+00   11    5.5e-02  -359.30062601  -229.56447105    -0.01167411   0.005361   2.1e-02   1.5e-04 0.04
     5      40    6.7e+00    7    4.3e-02  -359.30982999  -229.57367502    -0.00920397   0.006096   2.4e-02   2.6e-04 0.04
     6      40    8.5e+00    6    4.6e-02  -359.31600287  -229.57984791    -0.00617288   0.007069   2.8e-02   2.7e-04 0.04
     7      40    8.6e+00    6    4.7e-02  -359.31947343  -229.58331847    -0.00347056   0.005854   2.3e-02   1.4e-04 0.04
     8      40    6.9e+00    4    4.3e-02  -359.32117453  -229.58501957    -0.00170110   0.006711   2.7e-02   1.3e-04 0.04
     9      40    6.0e+00    3    4.9e-02  -359.32210826  -229.58595329    -0.00093373   0.005638   2.3e-02   2.0e-04 0.04
    10      40    6.2e+00    4    4.8e-02  -359.32261117  -229.58645620    -0.00050291   0.007613   3.0e-02   7.5e-05 0.04
    11      40    6.4e+00    3    4.4e-02  -359.32299029  -229.58683532    -0.00037912   0.006668   2.7e-02   1.5e-04 0.04
    12      40    7.2e+00    2    4.9e-02  -359.32322305  -229.58706808    -0.00023276   0.005792   2.3e-02   2.6e-04 0.04
    13      40    6.2e+00    3    4.7e-02  -359.32330281  -229.58714784    -0.00007976   0.006557   2.6e-02   1.3e-04 0.04
    14      40    9.5e+00    1    5.1e-02  -359.32338614  -229.58723118    -0.00008334   0.005431   2.2e-02   1.8e-04 0.04
    15      40    7.0e+00    2    4.5e-02  -359.32341423  -229.58725927    -0.00002809   0.005862   2.3e-02   1.0e-04 0.04
    16      40    7.0e+00    1    4.7e-02  -359.32347289  -229.58731793    -0.00005866   0.006081   2.4e-02   1.8e-04 0.04
    17      40    6.9e+00    2    4.4e-02  -359.32351981  -229.58736485    -0.00004692   0.005756   2.3e-02   8.1e-05 0.04
    18      40    6.7e+00    1    4.4e-02  -359.32355963  -229.58740466    -0.00003981   0.006729   2.7e-02   1.9e-04 0.04
    19      40    6.6e+00    2    6.8e-02  -359.32359262  -229.58743765    -0.00003299   0.005922   2.4e-02   7.3e-05 0.04
    20      40    6.6e+00    1    4.6e-02  -359.32361875  -229.58746379    -0.00002613   0.006965   2.8e-02   1.7e-04 0.04
    21      40    7.0e+00    2    5.1e-02  -359.32363504  -229.58748008    -0.00001629   0.006685   2.7e-02   6.6e-05 0.04
    22      40    7.3e+00    0    4.1e-02  -359.32363999  -229.58748503    -0.00000495   0.006685   2.7e-02   6.6e-05 0.04
    23      55    1.1e+01    1    4.7e-02  -359.32423863  -229.58808367    -0.00059864   0.000491   2.0e-03   7.6e-05 0.04
 
RESULTS OF THE OCCUPATION OPTIMIZATION
========================================
   1    1.9997920  -20.61441421
   2    1.9998207  -20.59054110
   3    1.9995545  -11.30156155
   4    1.9995580  -11.20561225
   5    1.9928642  -1.19916798
   6    1.9896063  -1.19692788
   7    1.9921011  -1.08513892
   8    1.9875947  -0.78369767
   9    1.9722223  -0.75122379
  10    1.9720279  -0.74981240
  11    1.9775814  -0.70261275
  12    1.9763022  -0.63113270
  13    1.9773228  -0.62560174
  14    1.9768615  -0.60151457
  15    1.9700014  -0.59482751
  16    1.9700123  -0.54820571
  17    1.9634163  -0.51035197
  18    0.0365837  -0.04489311
  19    0.0299877  -0.03703574
  20    0.0299986  -0.04084999
  21    0.0231385  -0.02357256
  22    0.0226772  -0.02370067
  23    0.0236978  -0.02994748
  24    0.0224186  -0.02539555
  25    0.0279721  -0.03514635
  26    0.0277777  -0.04182506
  27    0.0124053  -0.01987293
  28    0.0078989  -0.01561261
  29    0.0103937  -0.02091226
  30    0.0071358  -0.01160677
  31    0.0004420  -0.00799246
  32    0.0004455  -0.00809162
  33    0.0001793  -0.00620621
  34    0.0002080  -0.00698787
 
----------------
 Final Energies 
----------------
Final NOF Total Energy =    -229.5880837
 
Total Orbital Internal Iterations = 885
Total Occupation Internal Iterations = 79
 
Elapsed time:  193.21 Seconds

---------------------------------
   Lowdin Population Analysis    
---------------------------------
 Idx  Atom   Population   Charge 
---------------------------------
  1     C     6.222      -0.222
  2     H     1.069      -0.069
  3     O     7.572       0.428
  4     C     5.889       0.111
  5     H     1.075      -0.075
  6     H     1.193      -0.193
  7     H     1.106      -0.106
  8     H     1.377      -0.377
  9     O     7.194       0.806
 10     H     1.303      -0.303

---------------------------------
   M Diagnostic: 0.04
---------------------------------

