Computing Integrals
Basis Set                                            = def2-qzvp
Auxiliary Basis Set                                  = def2-universal-jkfit
Gaussian Type                                        = Spherical
Elapsed time:    2.47 Seconds

Number of basis functions                   (NBF)    = 184
Number of auxiliary basis functions         (NBFAUX) = 282
Inactive Doubly occupied orbitals up to     (NO1)    = 0
No. considered Strongly Doubly occupied MOs (NDOC)   = 17
No. considered Strongly Singly occupied MOs (NSOC)   = 0
NO. of Weakly occ. per St. Doubly occ.  MOs (NCWO)   = 1
Dimension of the Nat. Orb. subspace         (NBF5)   = 34
No. of electrons                                     = 34
    No. of alpha electrons                           = 17
    No. of beta electrons                            = 17
Multiplicity                                         = 1

Geometry
========
 S       0.0000000       0.0000000       0.5566340
 F       0.0000000       1.2128210      -0.4947860
 F       0.0000000      -1.2128210      -0.4947860

No violations of the orthonormality
No violations of the orthonormality
 
PNOF8/ADABelief Calculation
==================
 
  Nitext  Nit_orb  Time   Nit_occ  Time         Eelec          Etot           Ediff      maxdiff    MaxGrad_orb  Grad_occ
     1      10    1.0e+01    5    1.2e+01  -709.65196543  -597.03335863 -10708.65196543   0.031880   1.3e-01   2.0e-04 0.03
     2      20    2.1e+00   28    4.5e-02  -709.69342742  -597.07482063    -0.04146200   0.212624   8.5e-01   1.7e-04 0.03
     3      20    2.1e+00   11    4.5e-02  -709.71578093  -597.09717414    -0.02235351   0.038296   1.5e-01   4.4e-05 0.03
     4      20    2.4e+00    0    6.0e-02  -709.71853807  -597.09993128    -0.00275714   0.038296   1.5e-01   4.4e-05 0.03
     5      40    4.9e+00    6    2.8e-02  -709.74333214  -597.12472535    -0.02479407   0.009780   3.9e-02   2.5e-04 0.03
     6      40    4.5e+00    6    4.2e-02  -709.74894416  -597.13033736    -0.00561202   0.015919   6.4e-02   2.4e-04 0.04
     7      40    4.4e+00    6    3.3e-02  -709.75208865  -597.13348185    -0.00314449   0.010899   4.4e-02   2.5e-04 0.04
     8      40    4.5e+00    7    4.0e-02  -709.75414040  -597.13553361    -0.00205176   0.009761   3.9e-02   5.1e-05 0.04
     9      40    4.5e+00    6    6.4e-03  -709.75552153  -597.13691473    -0.00138112   0.010374   4.1e-02   1.4e-04 0.04
    10      40    4.5e+00    6    3.3e-02  -709.75638774  -597.13778094    -0.00086621   0.009664   3.9e-02   1.1e-04 0.04
    11      40    4.8e+00    4    5.3e-02  -709.75695055  -597.13834376    -0.00056282   0.010951   4.4e-02   2.3e-04 0.04
    12      40    4.6e+00    4    5.9e-03  -709.75724086  -597.13863407    -0.00029031   0.011465   4.6e-02   2.0e-04 0.04
    13      40    4.5e+00    4    5.2e-02  -709.75738433  -597.13877754    -0.00014347   0.012235   4.9e-02   1.4e-04 0.04
    14      40    4.7e+00    3    2.4e-02  -709.75748362  -597.13887683    -0.00009929   0.012250   4.9e-02   1.6e-04 0.04
    15      40    4.3e+00    3    2.4e-02  -709.75755122  -597.13894442    -0.00006759   0.012684   5.1e-02   1.9e-04 0.04
    16      40    4.6e+00    2    1.0e-02  -709.75759628  -597.13898948    -0.00004506   0.012364   4.9e-02   2.2e-04 0.04
    17      40    3.9e+00    3    8.5e-03  -709.75765076  -597.13904397    -0.00005449   0.012723   5.1e-02   1.9e-04 0.04
    18      40    4.4e+00    0    3.8e-02  -709.75765818  -597.13905139    -0.00000742   0.012723   5.1e-02   1.9e-04 0.04
    19      60    7.3e+00    2    5.0e-02  -709.75862796  -597.14002117    -0.00096978   0.001635   6.5e-03   1.5e-04 0.04
    20      60    6.6e+00    0    5.6e-02  -709.75863043  -597.14002364    -0.00000247   0.001635   6.5e-03   1.5e-04 0.04
    21      65    7.2e+00    2    2.7e-02  -709.75864864  -597.14004185    -0.00001821   0.000491   2.0e-03   1.4e-04 0.04
 
RESULTS OF THE OCCUPATION OPTIMIZATION
========================================
   1    1.9999628  -92.14259594
   2    1.9998585  -26.39151811
   3    1.9998565  -26.39144715
   4    1.9990612  -9.01955313
   5    1.9987174  -6.81297363
   6    1.9984928  -6.78580263
   7    1.9987477  -6.77347335
   8    1.9921194  -1.57744801
   9    1.9919645  -1.57342229
  10    1.9931295  -1.12419967
  11    1.9822543  -0.75512877
  12    1.9833942  -0.75437447
  13    1.9649506  -0.74576786
  14    1.9822288  -0.74575039
  15    1.9649695  -0.74546574
  16    1.9827981  -0.73733597
  17    1.9802906  -0.40853310
  18    0.0197094  -0.02099362
  19    0.0172019  -0.02604947
  20    0.0350305  -0.06050124
  21    0.0177712  -0.02700444
  22    0.0350494  -0.06050188
  23    0.0166058  -0.02547033
  24    0.0177457  -0.02710435
  25    0.0068705  -0.02839898
  26    0.0080355  -0.02493483
  27    0.0078806  -0.02468396
  28    0.0012523  -0.01773296
  29    0.0015072  -0.02040769
  30    0.0012826  -0.01809084
  31    0.0009388  -0.01456117
  32    0.0001435  -0.00648726
  33    0.0001415  -0.00604768
  34    0.0000372  -0.00612087
 
----------------
 Final Energies 
----------------
Final NOF Total Energy =    -597.1400419
 
Total Orbital Internal Iterations = 815
Total Occupation Internal Iterations = 108
 
Elapsed time:  122.89 Seconds

---------------------------------
   Lowdin Population Analysis    
---------------------------------
 Idx  Atom   Population   Charge 
---------------------------------
  1     S    16.042      -0.042
  2     F     8.979       0.021
  3     F     8.979       0.021

---------------------------------
   M Diagnostic: 0.04
---------------------------------

