Computing Integrals
Basis Set                                            = def2-qzvp
Auxiliary Basis Set                                  = def2-universal-jkfit
Gaussian Type                                        = Spherical
Elapsed time:    8.04 Seconds

Number of basis functions                   (NBF)    = 475
Number of auxiliary basis functions         (NBFAUX) = 579
Inactive Doubly occupied orbitals up to     (NO1)    = 0
No. considered Strongly Doubly occupied MOs (NDOC)   = 27
No. considered Strongly Singly occupied MOs (NSOC)   = 0
NO. of Weakly occ. per St. Doubly occ.  MOs (NCWO)   = 1
Dimension of the Nat. Orb. subspace         (NBF5)   = 54
No. of electrons                                     = 54
    No. of alpha electrons                           = 27
    No. of beta electrons                            = 27
Multiplicity                                         = 1

Geometry
========
 C      -0.1499300      -1.0366670       0.0000000
 S       0.5689550       0.4243550       0.0000000
 F      -0.1499300       1.3095180       1.1445480
 F      -0.1499300       1.3095180      -1.1445480
 B      -1.6788000      -1.2010680       0.0000000
 H      -2.1250400      -2.3021090       0.0000000
 H      -2.3960060      -0.2526020       0.0000000
 B       0.9394340      -2.1060630       0.0000000
 H       0.6194520      -3.2503040       0.0000000
 H       2.0934610      -1.8003310       0.0000000

No violations of the orthonormality
No violations of the orthonormality
 
PNOF8/ADABelief Calculation
==================
 
  Nitext  Nit_orb  Time   Nit_occ  Time         Eelec          Etot           Ediff      maxdiff    MaxGrad_orb  Grad_occ
     1      10    1.2e+01    7    1.2e+01  -976.75216924  -686.84129776 -10975.75216924   0.011762   4.7e-02   1.9e-04 0.03
     2      20    6.7e+00    0    1.1e-01  -976.78335558  -686.87248410    -0.03118634   0.011762   4.7e-02   1.9e-04 0.03
     3      40    1.2e+01   31    1.3e-01  -976.83533952  -686.92446804    -0.05198395   0.213607   8.5e-01   2.0e-04 0.03
     4      40    1.3e+01   12    1.1e-01  -976.86664330  -686.95577182    -0.03130378   0.280400   1.1e+00   2.7e-04 0.03
     5      40    1.2e+01   12    1.2e-01  -976.88407937  -686.97320790    -0.01743607   0.030909   1.2e-01   1.7e-04 0.03
     6      40    1.4e+01   11    1.4e-01  -976.89505207  -686.98418060    -0.01097270   0.012050   4.8e-02   1.0e-04 0.03
     7      40    1.4e+01    8    1.3e-01  -976.90195738  -686.99108590    -0.00690531   0.016490   6.6e-02   1.8e-04 0.03
     8      40    1.1e+01    8    1.1e-01  -976.90697944  -686.99610796    -0.00502206   0.012555   5.0e-02   1.5e-04 0.03
     9      40    1.2e+01    6    1.2e-01  -976.91047332  -686.99960184    -0.00349388   0.013166   5.3e-02   2.5e-04 0.03
    10      40    1.4e+01    7    1.2e-01  -976.91307974  -687.00220826    -0.00260642   0.011440   4.6e-02   1.8e-04 0.03
    11      40    1.2e+01    7    1.2e-01  -976.91490945  -687.00403797    -0.00182971   0.013196   5.3e-02   1.0e-04 0.03
    12      40    1.2e+01    6    1.1e-01  -976.91644065  -687.00556917    -0.00153120   0.011979   4.8e-02   7.7e-05 0.03
    13      40    1.2e+01    5    1.1e-01  -976.91742240  -687.00655092    -0.00098175   0.012981   5.2e-02   2.0e-04 0.03
    14      40    1.3e+01    4    1.1e-01  -976.91837889  -687.00750741    -0.00095649   0.011440   4.6e-02   2.1e-04 0.03
    15      40    1.2e+01    3    1.1e-01  -976.91870879  -687.00783731    -0.00032990   0.012422   5.0e-02   2.7e-04 0.03
    16      40    1.2e+01    3    1.2e-01  -976.91906717  -687.00819569    -0.00035838   0.012468   5.0e-02   2.5e-04 0.03
    17      40    1.1e+01    3    1.1e-01  -976.91916616  -687.00829468    -0.00009899   0.013064   5.2e-02   2.5e-04 0.03
    18      40    1.3e+01    3    1.1e-01  -976.91923392  -687.00836244    -0.00006776   0.011942   4.8e-02   2.0e-04 0.04
    19      40    1.2e+01    2    1.1e-01  -976.91929358  -687.00842210    -0.00005966   0.014573   5.8e-02   2.0e-04 0.03
    20      40    1.3e+01    1    1.2e-01  -976.91943565  -687.00856417    -0.00014207   0.012667   5.1e-02   2.5e-04 0.03
    21      40    1.4e+01    0    1.2e-01  -976.91943854  -687.00856706    -0.00000289   0.012667   5.1e-02   2.5e-04 0.03
    22      60    2.0e+01    2    1.1e-01  -976.92322052  -687.01234904    -0.00378198   0.001780   7.1e-03   1.8e-04 0.03
    23      60    1.8e+01    0    1.2e-01  -976.92322282  -687.01235134    -0.00000230   0.001780   7.1e-03   1.8e-04 0.03
    24      75    2.4e+01    0    1.2e-01  -976.92331051  -687.01243903    -0.00008769   0.000498   2.0e-03   3.0e-04 0.03
 
RESULTS OF THE OCCUPATION OPTIMIZATION
========================================
   1    1.9999709  -92.21919548
   2    1.9998543  -26.39669262
   3    1.9998594  -26.39648074
   4    1.9995138  -10.88212872
   5    1.9990709  -8.51054646
   6    1.9991204  -8.50831890
   7    1.9988425  -7.09453335
   8    1.9987625  -7.05186108
   9    1.9986889  -7.04645159
  10    1.9987320  -7.03539100
  11    1.9950147  -1.67071512
  12    1.9939787  -1.60495543
  13    1.9913193  -1.09719984
  14    1.9876803  -0.79712156
  15    1.9855277  -0.78011691
  16    1.9879483  -0.71556721
  17    1.9812574  -0.70114123
  18    1.9651164  -0.69422684
  19    1.9817372  -0.69058997
  20    1.9650142  -0.68354157
  21    1.9811477  -0.67391830
  22    1.9839007  -0.66633399
  23    1.9834354  -0.65434617
  24    1.9784241  -0.64295856
  25    1.9774155  -0.59487911
  26    1.9724230  -0.56890123
  27    1.9735524  -0.47003510
  28    0.0264476  -0.02050637
  29    0.0275770  -0.03975938
  30    0.0225845  -0.02636227
  31    0.0215759  -0.02598217
  32    0.0165646  -0.01905862
  33    0.0160993  -0.01911961
  34    0.0188523  -0.02640637
  35    0.0349858  -0.05930789
  36    0.0182628  -0.02632587
  37    0.0348836  -0.05972568
  38    0.0187426  -0.02672510
  39    0.0120517  -0.02487489
  40    0.0144723  -0.02448625
  41    0.0123197  -0.02125501
  42    0.0086807  -0.02063325
  43    0.0060213  -0.02012380
  44    0.0049853  -0.02065956
  45    0.0012680  -0.01502682
  46    0.0013111  -0.01598390
  47    0.0012375  -0.01438490
  48    0.0011575  -0.01518461
  49    0.0008796  -0.01311821
  50    0.0009291  -0.01279285
  51    0.0004862  -0.00874347
  52    0.0001406  -0.00633126
  53    0.0001457  -0.00689732
  54    0.0000291  -0.00493579
 
----------------
 Final Energies 
----------------
Final NOF Total Energy =    -687.0124390
 
Total Orbital Internal Iterations = 985
Total Occupation Internal Iterations = 141
 
Elapsed time:  357.79 Seconds

---------------------------------
   Lowdin Population Analysis    
---------------------------------
 Idx  Atom   Population   Charge 
---------------------------------
  1     C     6.263      -0.263
  2     S    15.512       0.488
  3     F     8.909       0.091
  4     F     8.908       0.092
  5     B     5.038      -0.038
  6     H     1.046      -0.046
  7     H     1.057      -0.057
  8     B     5.159      -0.159
  9     H     1.051      -0.051
 10     H     1.057      -0.057

---------------------------------
   M Diagnostic: 0.03
---------------------------------

