Computing Integrals
Basis Set                                            = def2-qzvp
Auxiliary Basis Set                                  = def2-universal-jkfit
Gaussian Type                                        = Spherical
Elapsed time:    1.52 Seconds

Number of basis functions                   (NBF)    = 57
Number of auxiliary basis functions         (NBFAUX) = 77
Inactive Doubly occupied orbitals up to     (NO1)    = 0
No. considered Strongly Doubly occupied MOs (NDOC)   = 5
No. considered Strongly Singly occupied MOs (NSOC)   = 0
NO. of Weakly occ. per St. Doubly occ.  MOs (NCWO)   = 10
Dimension of the Nat. Orb. subspace         (NBF5)   = 55
No. of electrons                                     = 10
    No. of alpha electrons                           = 5
    No. of beta electrons                            = 5
Multiplicity                                         = 1

Geometry
========
 F      -0.2051159       1.1919457      -0.6962901

No violations of the orthonormality
No violations of the orthonormality
 
PNOF5/ADABelief Calculation
==================
 
  Nitext  Nit_orb  Time   Nit_occ  Time         Eelec          Etot           Ediff      maxdiff    MaxGrad_orb  Grad_occ
     1      10    9.0e+00    5    1.2e+01   -99.54918958   -99.54918958 -10098.54918958   0.001611   6.4e-03   1.1e-04 0.01
     2      20    3.3e-02    0    2.4e-03   -99.55350277   -99.55350277    -0.00431319   0.001611   6.4e-03   1.1e-04 0.01
     3      40    3.9e-02    4    3.5e-03   -99.55471775   -99.55471775    -0.00121498   0.053345   2.1e-01   1.1e-04 0.01
     4      37    3.8e-02    1    2.8e-03   -99.55501525   -99.55501525    -0.00029750   0.000470   1.9e-03   2.3e-04 0.01
 
RESULTS OF THE OCCUPATION OPTIMIZATION
========================================
   1    1.9998668  -25.81026220
   2    1.9889784  -0.42965124
   3    1.9890639  -0.42854683
   4    1.9889691  -0.42422883
   5    1.9885983  -0.42039580
   6    0.0095490  -0.01001205
   7    0.0094841  -0.00999120
   8    0.0094188  -0.00998532
   9    0.0093444  -0.00993798
  10    0.0001315  -0.00629318
  11    0.0006554  -0.00125696
  12    0.0007603  -0.00145024
  13    0.0008305  -0.00155677
  14    0.0007338  -0.00144730
  15    0.0000002  -0.00004043
  16    0.0005923  -0.00120164
  17    0.0004325  -0.00098739
  18    0.0003497  -0.00087820
  19    0.0005030  -0.00105695
  20    0.0000002  -0.00002624
  21    0.0005156  -0.00116284
  22    0.0002223  -0.00070213
  23    0.0002029  -0.00065481
  24    0.0002419  -0.00072290
  25    0.0000002  -0.00001482
  26    0.0000416  -0.00013791
  27    0.0000500  -0.00015657
  28    0.0000500  -0.00015191
  29    0.0000533  -0.00016292
  30    0.0000002  -0.00000402
  31    0.0000159  -0.00009122
  32    0.0000478  -0.00015120
  33    0.0000305  -0.00013051
  34    0.0000495  -0.00015872
  35    0.0000002  -0.00000354
  36    0.0000097  -0.00007029
  37    0.0000111  -0.00006988
  38    0.0000253  -0.00012223
  39    0.0000402  -0.00013562
  40    0.0000002  0.00000006
  41    0.0000082  -0.00005585
  42    0.0000099  -0.00006115
  43    0.0000134  -0.00007487
  44    0.0000274  -0.00011210
  45    0.0000002  0.00000008
  46    0.0000074  -0.00004918
  47    0.0000076  -0.00005447
  48    0.0000080  -0.00005441
  49    0.0000178  -0.00007585
  50    0.0000001  -0.00000694
  51    0.0000067  -0.00004393
  52    0.0000055  -0.00002864
  53    0.0000071  -0.00004486
  54    0.0000101  -0.00006530
  55    0.0000001  0.00000023
 
----------------
 Final Energies 
----------------
Final NOF Total Energy =     -99.5550152
 
Total Orbital Internal Iterations = 107
Total Occupation Internal Iterations = 10
 
Elapsed time:   26.95 Seconds

---------------------------------
   Lowdin Population Analysis    
---------------------------------
 Idx  Atom   Population   Charge 
---------------------------------
  1     F    10.000      -1.000

---------------------------------
   M Diagnostic: 0.01
---------------------------------

