Computing Integrals
Basis Set                                            = def2-qzvp
Auxiliary Basis Set                                  = def2-universal-jkfit
Gaussian Type                                        = Spherical
Elapsed time:    1.97 Seconds

Number of basis functions                   (NBF)    = 174
Number of auxiliary basis functions         (NBFAUX) = 190
Inactive Doubly occupied orbitals up to     (NO1)    = 0
No. considered Strongly Doubly occupied MOs (NDOC)   = 10
No. considered Strongly Singly occupied MOs (NSOC)   = 0
NO. of Weakly occ. per St. Doubly occ.  MOs (NCWO)   = 16
Dimension of the Nat. Orb. subspace         (NBF5)   = 170
No. of electrons                                     = 20
    No. of alpha electrons                           = 10
    No. of beta electrons                            = 10
Multiplicity                                         = 1

Geometry
========
 F      -1.2363890       0.0122390       0.0000000
 O       1.1975660      -0.1080870       0.0000000
 H       1.4153970       0.8270140       0.0000000
 H       0.1348300      -0.0843780       0.0000000

No violations of the orthonormality
No violations of the orthonormality
 
PNOF5/ADABelief Calculation
==================
 
  Nitext  Nit_orb  Time   Nit_occ  Time         Eelec          Etot           Ediff      maxdiff    MaxGrad_orb  Grad_occ
     1      10    1.1e+01   11    1.2e+01  -205.29883545  -175.75432146 -10204.29883545   0.001766   7.1e-03   2.4e-04 0.02
     2      20    3.0e+00    0    6.8e-02  -205.30851979  -175.76400580    -0.00968434   0.001766   7.1e-03   2.4e-04 0.02
     3      40    6.2e+00    5    1.6e-01  -205.31191925  -175.76740526    -0.00339946   0.005351   2.1e-02   2.7e-04 0.02
     4      40    5.6e+00    1    8.0e-02  -205.31243375  -175.76791976    -0.00051450   0.003785   1.5e-02   3.2e-04 0.02
     5      40    6.2e+00    6    2.1e-01  -205.31246921  -175.76795522    -0.00003546   0.003861   1.5e-02   2.2e-04 0.02
     6      40    6.2e+00    0    5.7e-02  -205.31262760  -175.76811361    -0.00015839   0.003698   1.5e-02   2.8e-04 0.02
     7      50    7.5e+00    3    1.7e-01  -205.31265610  -175.76814211    -0.00002850   0.003268   1.3e-02   1.9e-04 0.02
     8      50    7.4e+00    1    1.1e-01  -205.31270714  -175.76819314    -0.00005103   0.002861   1.1e-02   1.8e-04 0.02
     9      50    7.5e+00    0    5.4e-02  -205.31271004  -175.76819605    -0.00000290   0.002861   1.1e-02   1.8e-04 0.02
    10      52    7.9e+00    0    8.1e-02  -205.31275706  -175.76824307    -0.00004702   0.000495   2.0e-03   1.7e-04 0.02
 
RESULTS OF THE OCCUPATION OPTIMIZATION
========================================
   1    1.9998669  -25.88229636
   2    1.9997814  -20.30006234
   3    1.9784612  -0.64661547
   4    1.9865571  -0.62093326
   5    1.9912607  -0.56106593
   6    1.9897359  -0.50908129
   7    1.9896742  -0.50557447
   8    1.9895490  -0.50077514
   9    1.9880398  -0.47252964
  10    1.9880408  -0.47244730
  11    0.0098353  -0.00936584
  12    0.0098635  -0.00938555
  13    0.0087662  -0.00985722
  14    0.0086874  -0.00984106
  15    0.0088186  -0.00993609
  16    0.0066579  -0.00853163
  17    0.0100232  -0.01049041
  18    0.0175460  -0.01541655
  19    0.0001848  -0.00681742
  20    0.0001308  -0.00627821
  21    0.0008177  -0.00139512
  22    0.0008228  -0.00140404
  23    0.0006606  -0.00139957
  24    0.0006766  -0.00142031
  25    0.0006705  -0.00140152
  26    0.0008502  -0.00167121
  27    0.0016542  -0.00240208
  28    0.0021058  -0.00283016
  29    0.0000180  -0.00047822
  30    0.0000012  -0.00011780
  31    0.0005257  -0.00096467
  32    0.0005235  -0.00096792
  33    0.0005292  -0.00112262
  34    0.0004712  -0.00105458
  35    0.0003068  -0.00082511
  36    0.0005524  -0.00113228
  37    0.0007788  -0.00130278
  38    0.0008596  -0.00133842
  39    0.0000108  -0.00030423
  40    0.0000003  0.00000079
  41    0.0004485  -0.00088008
  42    0.0004518  -0.00088633
  43    0.0003337  -0.00087313
  44    0.0003227  -0.00086330
  45    0.0002741  -0.00079851
  46    0.0005309  -0.00110027
  47    0.0007737  -0.00128384
  48    0.0007790  -0.00125725
  49    0.0000023  -0.00016273
  50    0.0000001  0.00000028
  51    0.0000771  -0.00018603
  52    0.0000722  -0.00018681
  53    0.0000535  -0.00015996
  54    0.0000503  -0.00016058
  55    0.0000535  -0.00015847
  56    0.0000488  -0.00015165
  57    0.0000529  -0.00017958
  58    0.0000684  -0.00017625
  59    0.0000005  -0.00000759
  60    0.0000001  0.00000036
  61    0.0000656  -0.00018761
  62    0.0000674  -0.00018541
  63    0.0000411  -0.00013888
  64    0.0000377  -0.00013274
  65    0.0000489  -0.00015594
  66    0.0000409  -0.00014476
  67    0.0000416  -0.00013597
  68    0.0000472  -0.00014442
  69    0.0000004  -0.00000254
  70    0.0000001  0.00000026
  71    0.0000627  -0.00017713
  72    0.0000604  -0.00017043
  73    0.0000312  -0.00011097
  74    0.0000274  -0.00011236
  75    0.0000442  -0.00014701
  76    0.0000230  -0.00010803
  77    0.0000300  -0.00011477
  78    0.0000347  -0.00009997
  79    0.0000002  -0.00000172
  80    0.0000001  -0.00000341
  81    0.0000493  -0.00014384
  82    0.0000407  -0.00014136
  83    0.0000087  -0.00006148
  84    0.0000181  -0.00008530
  85    0.0000170  -0.00008344
  86    0.0000090  -0.00006361
  87    0.0000295  -0.00010774
  88    0.0000245  -0.00008639
  89    0.0000002  0.00000026
  90    0.0000001  0.00000028
  91    0.0000399  -0.00013377
  92    0.0000252  -0.00010616
  93    0.0000071  -0.00005239
  94    0.0000136  -0.00006657
  95    0.0000081  -0.00005736
  96    0.0000061  -0.00004846
  97    0.0000160  -0.00006157
  98    0.0000212  -0.00007387
  99    0.0000002  0.00000024
 100    0.0000001  0.00000026
 101    0.0000163  -0.00006919
 102    0.0000089  -0.00004247
 103    0.0000057  -0.00004798
 104    0.0000062  -0.00005110
 105    0.0000066  -0.00005344
 106    0.0000055  -0.00004408
 107    0.0000135  -0.00005935
 108    0.0000167  -0.00007269
 109    0.0000002  0.00000053
 110    0.0000001  -0.00000043
 111    0.0000044  -0.00001840
 112    0.0000055  -0.00001527
 113    0.0000033  -0.00001034
 114    0.0000032  -0.00001163
 115    0.0000035  -0.00001264
 116    0.0000034  -0.00001329
 117    0.0000109  -0.00004995
 118    0.0000143  -0.00005899
 119    0.0000002  0.00000058
 120    0.0000001  0.00000019
 121    0.0000038  -0.00001317
 122    0.0000053  -0.00001813
 123    0.0000030  -0.00001279
 124    0.0000030  -0.00001136
 125    0.0000034  -0.00001228
 126    0.0000029  -0.00001270
 127    0.0000057  -0.00002147
 128    0.0000063  -0.00002843
 129    0.0000002  0.00000041
 130    0.0000001  0.00000023
 131    0.0000038  -0.00001471
 132    0.0000039  -0.00001420
 133    0.0000024  -0.00000620
 134    0.0000028  -0.00000712
 135    0.0000026  -0.00000632
 136    0.0000028  -0.00001104
 137    0.0000043  -0.00001999
 138    0.0000048  -0.00002022
 139    0.0000002  0.00000049
 140    0.0000001  0.00000015
 141    0.0000034  -0.00001291
 142    0.0000033  -0.00001294
 143    0.0000022  -0.00000285
 144    0.0000024  -0.00000942
 145    0.0000025  -0.00000650
 146    0.0000024  -0.00000428
 147    0.0000030  -0.00001642
 148    0.0000042  -0.00002679
 149    0.0000002  0.00000046
 150    0.0000001  -0.00000009
 151    0.0000033  -0.00001095
 152    0.0000030  -0.00000889
 153    0.0000018  0.00000154
 154    0.0000019  0.00000278
 155    0.0000023  -0.00000880
 156    0.0000018  -0.00000045
 157    0.0000028  -0.00001621
 158    0.0000034  -0.00001696
 159    0.0000001  0.00000039
 160    0.0000001  0.00000022
 161    0.0000023  -0.00000801
 162    0.0000027  -0.00000931
 163    0.0000013  0.00000204
 164    0.0000014  0.00000115
 165    0.0000014  0.00000170
 166    0.0000013  -0.00000315
 167    0.0000027  -0.00001459
 168    0.0000027  -0.00001480
 169    0.0000001  -0.00000819
 170    0.0000001  0.00000023
 
----------------
 Final Energies 
----------------
Final NOF Total Energy =    -175.7682431
 
Total Orbital Internal Iterations = 392
Total Occupation Internal Iterations = 27
 
Elapsed time:   91.36 Seconds

---------------------------------
   Lowdin Population Analysis    
---------------------------------
 Idx  Atom   Population   Charge 
---------------------------------
  1     F     9.501      -0.501
  2     O     7.565       0.435
  3     H     1.410      -0.410
  4     H     1.523      -0.523

---------------------------------
   M Diagnostic: 0.02
---------------------------------

