Computing Integrals
Basis Set                                            = def2-qzvp
Auxiliary Basis Set                                  = def2-universal-jkfit
Gaussian Type                                        = Spherical
Elapsed time:    1.59 Seconds

Number of basis functions                   (NBF)    = 56
Number of auxiliary basis functions         (NBFAUX) = 160
Inactive Doubly occupied orbitals up to     (NO1)    = 0
No. considered Strongly Doubly occupied MOs (NDOC)   = 9
No. considered Strongly Singly occupied MOs (NSOC)   = 1
NO. of Weakly occ. per St. Doubly occ.  MOs (NCWO)   = 5
Dimension of the Nat. Orb. subspace         (NBF5)   = 55
No. of electrons                                     = 19
    No. of alpha electrons                           = 10
    No. of beta electrons                            = 9
Multiplicity                                         = 2

Geometry
========
 K       0.0000000       0.0000000       0.0000000

No violations of the orthonormality
No violations of the orthonormality
 
PNOF5/ADABelief Calculation
==================
 
  Nitext  Nit_orb  Time   Nit_occ  Time         Eelec          Etot           Ediff      maxdiff    MaxGrad_orb  Grad_occ
     1      10    8.9e+00    8    1.1e+01  -599.19618869  -599.19618869 -10598.19618869   0.002026   8.1e-03   1.6e-04 0.01
     2      20    4.9e-02    0    1.0e-03  -599.20087910  -599.20087910    -0.00469041   0.002026   8.1e-03   1.6e-04 0.01
     3      40    6.3e-02    8    7.4e-03  -599.20222352  -599.20222352    -0.00134442   0.003605   1.4e-02   2.2e-04 0.01
     4      40    6.7e-02    6    5.6e-03  -599.20559450  -599.20559450    -0.00337098   0.001447   5.8e-03   1.3e-04 0.01
     5      40    6.7e-02    3    5.0e-03  -599.20733313  -599.20733313    -0.00173863   0.001713   6.9e-03   2.0e-04 0.01
     6      40    7.3e-02    7    4.7e-03  -599.20894625  -599.20894625    -0.00161313   0.001665   6.7e-03   1.4e-04 0.01
     7      40    7.1e-02    7    6.5e-03  -599.21075269  -599.21075269    -0.00180644   0.001660   6.6e-03   1.6e-04 0.01
     8      40    7.8e-02    2    1.7e-03  -599.21242701  -599.21242701    -0.00167432   0.001427   5.7e-03   2.4e-04 0.01
     9      40    6.9e-02    7    5.0e-03  -599.21361402  -599.21361402    -0.00118700   0.000926   3.7e-03   1.8e-04 0.01
 
RESULTS OF THE OCCUPATION OPTIMIZATION
========================================
   1    1.9999607  -118.41527965
   2    1.9999984  -18.72797617
   3    1.9999982  -18.25222689
   4    1.9999984  -15.57804929
   5    1.9999984  -11.51018899
   6    1.9988748  -1.64986375
   7    1.9929927  -1.07886332
   8    1.9912430  -1.03946318
   9    1.9891652  -0.99899215
  10    1.0000000  -0.07375781
  11    0.0056125  -0.00612298
  12    0.0058864  -0.00665478
  13    0.0052708  -0.00629448
  14    0.0010226  -0.00201722
  15    0.0000010  -0.00000492
  16    0.0000012  -0.00001355
  17    0.0000013  -0.00002654
  18    0.0000009  -0.00001989
  19    0.0000390  -0.00834208
  20    0.0037721  -0.00417252
  21    0.0017832  -0.00223301
  22    0.0015717  -0.00206948
  23    0.0000907  -0.00021851
  24    0.0000002  -0.00000051
  25    0.0000001  -0.00000069
  26    0.0000001  -0.00000047
  27    0.0000002  -0.00000098
  28    0.0000003  -0.00009701
  29    0.0012541  -0.00158041
  30    0.0009259  -0.00119437
  31    0.0000893  -0.00015264
  32    0.0000048  -0.00001567
  33    0.0000001  -0.00000050
  34    0.0000001  -0.00000002
  35    0.0000001  -0.00000000
  36    0.0000002  -0.00000005
  37    0.0000000  0.00000001
  38    0.0001699  -0.00027728
  39    0.0001108  -0.00019894
  40    0.0000535  -0.00011298
  41    0.0000040  -0.00001614
  42    0.0000001  -0.00000038
  43    0.0000001  -0.00000001
  44    0.0000001  -0.00000010
  45    0.0000002  -0.00000003
  46    0.0000000  0.00000001
  47    0.0000261  -0.00004167
  48    0.0000506  -0.00008956
  49    0.0000221  -0.00004373
  50    0.0000031  -0.00001269
  51    0.0000001  -0.00000010
  52    0.0000001  -0.00000003
  53    0.0000001  -0.00000001
  54    0.0000002  -0.00000000
  55    0.0000000  0.00000000
 
----------------
 Final Energies 
----------------
Final NOF Total Energy =    -599.2136140
 
Total Orbital Internal Iterations = 310
Total Occupation Internal Iterations = 48
 
Elapsed time:   26.98 Seconds

---------------------------------
   Lowdin Population Analysis    
---------------------------------
 Idx  Atom   Population   Charge 
---------------------------------
  1     K    19.000      -0.000

---------------------------------
   M Diagnostic: 0.01
---------------------------------

