Computing Integrals
Basis Set                                            = def2-qzvp
Auxiliary Basis Set                                  = def2-universal-jkfit
Gaussian Type                                        = Spherical
Elapsed time:    1.54 Seconds

Number of basis functions                   (NBF)    = 57
Number of auxiliary basis functions         (NBFAUX) = 77
Inactive Doubly occupied orbitals up to     (NO1)    = 0
No. considered Strongly Doubly occupied MOs (NDOC)   = 3
No. considered Strongly Singly occupied MOs (NSOC)   = 2
NO. of Weakly occ. per St. Doubly occ.  MOs (NCWO)   = 17
Dimension of the Nat. Orb. subspace         (NBF5)   = 56
No. of electrons                                     = 8
    No. of alpha electrons                           = 5
    No. of beta electrons                            = 3
Multiplicity                                         = 3

Geometry
========
 O       0.0000000       0.0000000       0.0000000

No violations of the orthonormality
No violations of the orthonormality
 
PNOF5/ADABelief Calculation
==================
 
  Nitext  Nit_orb  Time   Nit_occ  Time         Eelec          Etot           Ediff      maxdiff    MaxGrad_orb  Grad_occ
     1      10    8.8e+00   20    1.1e+01   -74.82321021   -74.82321021 -10073.82321021   0.006618   2.7e-02   1.6e-04 0.01
     2      20    3.0e-02    9    5.4e-03   -74.86397528   -74.86397528    -0.04076507   0.017968   7.2e-02   1.2e-04 0.01
     3      20    1.9e-02   10    5.6e-03   -74.86460760   -74.86460760    -0.00063233   0.031112   1.2e-01   1.5e-04 0.01
     4      20    1.9e-02    2    2.9e-03   -74.86520991   -74.86520991    -0.00060231   0.019192   7.7e-02   1.8e-04 0.01
     5      20    2.0e-02    5    3.8e-03   -74.86541436   -74.86541436    -0.00020445   0.019285   7.7e-02   1.5e-04 0.01
     6      20    1.8e-02    1    2.6e-03   -74.86590815   -74.86590815    -0.00049379   0.017066   6.8e-02   1.2e-04 0.01
     7      20    1.8e-02    0    2.2e-03   -74.86591110   -74.86591110    -0.00000295   0.017066   6.8e-02   1.2e-04 0.01
     8      40    3.8e-02    0    8.6e-04   -74.86622397   -74.86622397    -0.00031286   0.001298   5.2e-03   1.3e-04 0.01
     9      50    4.6e-02    0    8.9e-04   -74.86622656   -74.86622656    -0.00000260   0.001019   4.1e-03   1.3e-04 0.01
    10      54    4.8e-02    0    8.7e-04   -74.86623302   -74.86623302    -0.00000646   0.000489   2.0e-03   1.3e-04 0.01
 
RESULTS OF THE OCCUPATION OPTIMIZATION
========================================
   1    1.9997769  -20.65503889
   2    1.9912709  -0.94140775
   3    1.9911961  -0.93932668
   4    1.0000000  -0.35248614
   5    1.0000000  -0.35246806
   6    0.0058891  -0.00819419
   7    0.0059060  -0.00819140
   8    0.0001796  -0.00671796
   9    0.0007912  -0.00168624
  10    0.0007179  -0.00149255
  11    0.0000218  -0.00052340
  12    0.0007520  -0.00151971
  13    0.0007166  -0.00161037
  14    0.0000166  -0.00044452
  15    0.0007245  -0.00150137
  16    0.0007069  -0.00148649
  17    0.0000022  -0.00016066
  18    0.0001977  -0.00047274
  19    0.0001899  -0.00046972
  20    0.0000003  -0.00000356
  21    0.0001742  -0.00045722
  22    0.0001612  -0.00044799
  23    0.0000003  -0.00000361
  24    0.0000737  -0.00020087
  25    0.0001063  -0.00022776
  26    0.0000003  -0.00000344
  27    0.0000581  -0.00019676
  28    0.0000760  -0.00019828
  29    0.0000003  -0.00000327
  30    0.0000496  -0.00019483
  31    0.0000612  -0.00022004
  32    0.0000002  -0.00000152
  33    0.0000223  -0.00007306
  34    0.0000190  -0.00006624
  35    0.0000002  0.00000049
  36    0.0000187  -0.00005273
  37    0.0000172  -0.00006236
  38    0.0000002  0.00000068
  39    0.0000185  -0.00005184
  40    0.0000158  -0.00005519
  41    0.0000002  0.00000067
  42    0.0000157  -0.00004935
  43    0.0000138  -0.00004893
  44    0.0000002  0.00000076
  45    0.0000060  -0.00004033
  46    0.0000070  -0.00004150
  47    0.0000002  0.00000073
  48    0.0000048  -0.00003692
  49    0.0000068  -0.00003906
  50    0.0000002  0.00000034
  51    0.0000046  -0.00003559
  52    0.0000047  -0.00003355
  53    0.0000002  0.00000075
  54    0.0000032  -0.00001781
  55    0.0000029  -0.00001689
  56    0.0000002  -0.00000894
 
----------------
 Final Energies 
----------------
Final NOF Total Energy =     -74.8662330
 
Total Orbital Internal Iterations = 274
Total Occupation Internal Iterations = 47
 
Elapsed time:   26.68 Seconds

---------------------------------
   Lowdin Population Analysis    
---------------------------------
 Idx  Atom   Population   Charge 
---------------------------------
  1     O     8.000      -0.000

---------------------------------
   M Diagnostic: 0.01
---------------------------------

