Computing Integrals
Basis Set                                            = def2-qzvp
Auxiliary Basis Set                                  = def2-universal-jkfit
Gaussian Type                                        = Spherical
Elapsed time:    2.12 Seconds

Number of basis functions                   (NBF)    = 140
Number of auxiliary basis functions         (NBFAUX) = 256
Inactive Doubly occupied orbitals up to     (NO1)    = 0
No. considered Strongly Doubly occupied MOs (NDOC)   = 14
No. considered Strongly Singly occupied MOs (NSOC)   = 1
NO. of Weakly occ. per St. Doubly occ.  MOs (NCWO)   = 8
Dimension of the Nat. Orb. subspace         (NBF5)   = 127
No. of electrons                                     = 29
    No. of alpha electrons                           = 15
    No. of beta electrons                            = 14
Multiplicity                                         = 2

Geometry
========
 P       0.0000000       0.0000000       0.9476855
 P       0.0000000       0.0000000      -0.9476855

No violations of the orthonormality
No violations of the orthonormality
 
PNOF5/ADABelief Calculation
==================
 
  Nitext  Nit_orb  Time   Nit_occ  Time         Eelec          Etot           Ediff      maxdiff    MaxGrad_orb  Grad_occ
     1      10    1.0e+01   31    1.2e+01  -744.03753476  -681.21889687 -10743.03753476   0.008298   3.3e-02   1.8e-04 0.10
     2      20    3.0e+00   15    1.5e-01  -744.13942664  -681.32078875    -0.10189188   0.033830   1.4e-01   2.0e-04 0.09
     3      20    2.8e+00    6    1.1e-01  -744.14300853  -681.32437065    -0.00358189   0.051360   2.1e-01   2.6e-04 0.09
     4      20    2.6e+00   10    1.6e-01  -744.14419811  -681.32556022    -0.00118958   0.010142   4.1e-02   2.1e-04 0.09
     5      20    2.6e+00    4    1.0e-01  -744.14466357  -681.32602569    -0.00046546   0.012089   4.8e-02   2.2e-04 0.09
     6      20    2.6e+00    4    1.0e-01  -744.14528726  -681.32664938    -0.00062369   0.009493   3.8e-02   2.1e-04 0.09
     7      20    2.6e+00    4    1.1e-01  -744.14539213  -681.32675424    -0.00010486   0.007369   2.9e-02   1.8e-04 0.09
     8      20    2.7e+00    1    5.0e-02  -744.14554013  -681.32690225    -0.00014800   0.007589   3.0e-02   1.7e-04 0.09
     9      20    2.7e+00    0    6.5e-02  -744.14554424  -681.32690636    -0.00000411   0.007589   3.0e-02   1.7e-04 0.09
    10      40    5.1e+00    2    5.5e-02  -744.14598230  -681.32734441    -0.00043805   0.000498   2.0e-03   1.8e-04 0.09
 
RESULTS OF THE OCCUPATION OPTIMIZATION
========================================
   1    1.9999326  -72.04948993
   2    1.9999325  -72.04098700
   3    1.9999993  -16.03142581
   4    1.9999993  -16.01768213
   5    1.9989869  -5.70608695
   6    1.9989859  -5.70584190
   7    1.9991480  -5.70553990
   8    1.9992957  -5.70369952
   9    1.9993520  -5.69887188
  10    1.9992035  -5.69306491
  11    1.9941438  -1.13659984
  12    1.9706188  -0.82890662
  13    1.9699939  -0.82863764
  14    1.9102542  -0.63548360
  15    1.0000000  -0.34211110
  16    0.0813666  -0.03621120
  17    0.0170134  -0.01187827
  18    0.0160959  -0.01130471
  19    0.0018459  -0.00261774
  20    0.0004193  -0.00402921
  21    0.0004248  -0.00407997
  22    0.0005200  -0.00464157
  23    0.0005315  -0.00470700
  24    0.0005187  -0.00461833
  25    0.0005017  -0.00451872
  26    0.0000001  -0.00000383
  27    0.0000001  -0.00000461
  28    0.0000654  -0.00838257
  29    0.0000653  -0.00837895
  30    0.0052654  -0.00319364
  31    0.0070449  -0.00568429
  32    0.0071305  -0.00578451
  33    0.0015825  -0.00227431
  34    0.0002113  -0.00173442
  35    0.0002099  -0.00173632
  36    0.0001670  -0.00139179
  37    0.0001547  -0.00127072
  38    0.0001642  -0.00136642
  39    0.0001830  -0.00151207
  40    0.0000001  -0.00000024
  41    0.0000001  -0.00000008
  42    0.0000018  -0.00042384
  43    0.0000018  -0.00042428
  44    0.0029664  -0.00181838
  45    0.0027253  -0.00250227
  46    0.0027921  -0.00256123
  47    0.0012590  -0.00177621
  48    0.0001521  -0.00125270
  49    0.0000090  -0.00011368
  50    0.0000132  -0.00016466
  51    0.0001479  -0.00124762
  52    0.0001612  -0.00131169
  53    0.0001620  -0.00131556
  54    0.0000001  -0.00000003
  55    0.0000001  -0.00000010
  56    0.0000001  -0.00000036
  57    0.0000001  -0.00000034
  58    0.0000458  -0.00006596
  59    0.0020445  -0.00188077
  60    0.0020728  -0.00191136
  61    0.0008218  -0.00122154
  62    0.0000091  -0.00011299
  63    0.0000017  -0.00001627
  64    0.0000013  -0.00001163
  65    0.0000136  -0.00016666
  66    0.0001526  -0.00125532
  67    0.0001501  -0.00124304
  68    0.0000001  -0.00000008
  69    0.0000001  -0.00000003
  70    0.0000000  -0.00000014
  71    0.0000000  -0.00000013
  72    0.0000361  -0.00005833
  73    0.0004983  -0.00056860
  74    0.0005867  -0.00062427
  75    0.0001924  -0.00035320
  76    0.0000018  -0.00001654
  77    0.0000009  -0.00000072
  78    0.0000009  -0.00000284
  79    0.0000012  -0.00000920
  80    0.0000134  -0.00016403
  81    0.0000123  -0.00015197
  82    0.0000001  0.00000002
  83    0.0000001  -0.00000001
  84    0.0000000  -0.00000015
  85    0.0000000  -0.00000002
  86    0.0000293  -0.00004941
  87    0.0004227  -0.00053083
  88    0.0005486  -0.00060324
  89    0.0000633  -0.00012737
  90    0.0000013  -0.00000295
  91    0.0000006  -0.00000058
  92    0.0000007  -0.00000078
  93    0.0000012  -0.00000602
  94    0.0000016  -0.00001218
  95    0.0000018  -0.00001346
  96    0.0000001  0.00000000
  97    0.0000001  -0.00000001
  98    0.0000000  0.00000000
  99    0.0000000  0.00000002
 100    0.0000259  -0.00004274
 101    0.0001562  -0.00018839
 102    0.0000892  -0.00015266
 103    0.0000492  -0.00013151
 104    0.0000008  -0.00000008
 105    0.0000006  -0.00000034
 106    0.0000006  -0.00000041
 107    0.0000010  -0.00000291
 108    0.0000014  -0.00000463
 109    0.0000013  -0.00000247
 110    0.0000001  0.00000002
 111    0.0000001  -0.00000001
 112    0.0000000  0.00000002
 113    0.0000000  0.00000002
 114    0.0000104  -0.00002878
 115    0.0001007  -0.00011550
 116    0.0000654  -0.00009514
 117    0.0000420  -0.00010107
 118    0.0000007  -0.00000049
 119    0.0000005  -0.00000026
 120    0.0000006  -0.00000052
 121    0.0000009  -0.00000072
 122    0.0000009  -0.00000062
 123    0.0000009  -0.00000075
 124    0.0000001  0.00000002
 125    0.0000001  0.00000001
 126    0.0000000  0.00000002
 127    0.0000000  -0.00000001
 
----------------
 Final Energies 
----------------
Final NOF Total Energy =    -681.3273444
 
Total Orbital Internal Iterations = 210
Total Occupation Internal Iterations = 77
 
Elapsed time:   57.68 Seconds

---------------------------------
   Lowdin Population Analysis    
---------------------------------
 Idx  Atom   Population   Charge 
---------------------------------
  1     P    14.499       0.501
  2     P    14.501       0.499

---------------------------------
   M Diagnostic: 0.09
---------------------------------

