Computing Integrals
Basis Set                                            = def2-qzvp
Auxiliary Basis Set                                  = def2-universal-jkfit
Gaussian Type                                        = Spherical
Elapsed time:    7.33 Seconds

Number of basis functions                   (NBF)    = 257
Number of auxiliary basis functions         (NBFAUX) = 367
Inactive Doubly occupied orbitals up to     (NO1)    = 0
No. considered Strongly Doubly occupied MOs (NDOC)   = 21
No. considered Strongly Singly occupied MOs (NSOC)   = 0
NO. of Weakly occ. per St. Doubly occ.  MOs (NCWO)   = 11
Dimension of the Nat. Orb. subspace         (NBF5)   = 252
No. of electrons                                     = 42
    No. of alpha electrons                           = 21
    No. of beta electrons                            = 21
Multiplicity                                         = 1

Geometry
========
Cl       0.0000000       1.4939925       0.8346445
 C       0.0000000       0.0000000      -0.1555982
Cl       0.0000000      -1.4939925       0.8346445
 H       0.8986495       0.0000000      -0.7568453
 H      -0.8986495       0.0000000      -0.7568453

No violations of the orthonormality
No violations of the orthonormality
 
PNOF5/ADABelief Calculation
==================
 
  Nitext  Nit_orb  Time   Nit_occ  Time         Eelec          Etot           Ediff      maxdiff    MaxGrad_orb  Grad_occ
     1      10    1.4e+01   23    1.4e+01 -1091.15258145  -958.33070917 -11090.15258145   0.003630   1.5e-02   3.0e-04 0.03
     2      20    9.1e+00   12    1.2e+00 -1091.19693155  -958.37505927    -0.04435010   0.011097   4.4e-02   2.8e-04 0.02
     3      20    9.0e+00   14    1.3e+00 -1091.19956611  -958.37769383    -0.00263456   0.013918   5.6e-02   2.2e-04 0.02
     4      20    8.8e+00    4    6.3e-01 -1091.20079055  -958.37891827    -0.00122444   0.014169   5.7e-02   1.6e-04 0.02
     5      20    9.4e+00    3    6.4e-01 -1091.20112810  -958.37925582    -0.00033755   0.014037   5.6e-02   2.1e-04 0.02
     6      20    9.3e+00    6    8.1e-01 -1091.20128794  -958.37941566    -0.00015983   0.015308   6.1e-02   1.8e-04 0.02
     7      20    8.9e+00    3    5.9e-01 -1091.20141897  -958.37954669    -0.00013104   0.013015   5.2e-02   2.0e-04 0.02
     8      20    9.2e+00    1    4.3e-01 -1091.20188926  -958.38001698    -0.00047029   0.011330   4.5e-02   2.6e-04 0.02
     9      20    9.0e+00    0    3.4e-01 -1091.20190177  -958.38002948    -0.00001251   0.011330   4.5e-02   2.6e-04 0.02
    10      40    2.0e+01    3    6.1e-01 -1091.20396927  -958.38209699    -0.00206751   0.000626   2.5e-03   2.0e-04 0.02
 
RESULTS OF THE OCCUPATION OPTIMIZATION
========================================
   1    1.9999303  -95.36665103
   2    1.9999320  -94.44920556
   3    1.9999996  -20.97574846
   4    1.9999953  -19.71777138
   5    1.9994549  -11.35480875
   6    1.9997930  -8.39086916
   7    1.9996974  -8.05189016
   8    1.9994287  -8.03187601
   9    1.9995672  -8.03113804
  10    1.9995397  -8.02874526
  11    1.9994533  -8.02819906
  12    1.9863312  -0.81667915
  13    1.9854624  -0.81248816
  14    1.9785025  -0.75554016
  15    1.9785800  -0.75550951
  16    1.9875855  -0.68187040
  17    1.9878701  -0.68083639
  18    1.9875594  -0.67886479
  19    1.9874380  -0.67743305
  20    1.9829557  -0.65515400
  21    1.9824018  -0.64668483
  22    0.0070495  -0.00594407
  23    0.0066607  -0.00578938
  24    0.0058597  -0.00538678
  25    0.0058928  -0.00539856
  26    0.0057452  -0.00532284
  27    0.0059500  -0.00544492
  28    0.0141466  -0.01235986
  29    0.0142206  -0.01237788
  30    0.0122347  -0.01101630
  31    0.0114324  -0.01053943
  32    0.0001647  -0.00221496
  33    0.0001933  -0.00234998
  34    0.0001737  -0.00216057
  35    0.0001854  -0.00223603
  36    0.0001994  -0.00261436
  37    0.0002059  -0.00268003
  38    0.0003878  -0.00767450
  39    0.0000044  -0.00013274
  40    0.0000001  -0.00000276
  41    0.0000483  -0.00818033
  42    0.0000486  -0.00821766
  43    0.0054556  -0.00459925
  44    0.0049660  -0.00428804
  45    0.0049085  -0.00441333
  46    0.0048693  -0.00439227
  47    0.0047264  -0.00428337
  48    0.0047954  -0.00436912
  49    0.0028556  -0.00349403
  50    0.0028893  -0.00351485
  51    0.0008851  -0.00126254
  52    0.0008207  -0.00120790
  53    0.0001575  -0.00189060
  54    0.0001492  -0.00204608
  55    0.0001406  -0.00188593
  56    0.0001602  -0.00215562
  57    0.0001012  -0.00127306
  58    0.0000004  -0.00000114
  59    0.0000523  -0.00077099
  60    0.0000001  -0.00000410
  61    0.0000000  -0.00000031
  62    0.0000065  -0.00074087
  63    0.0000079  -0.00094506
  64    0.0030444  -0.00287697
  65    0.0034716  -0.00325511
  66    0.0009482  -0.00125604
  67    0.0008439  -0.00115313
  68    0.0008271  -0.00114182
  69    0.0008252  -0.00113572
  70    0.0019624  -0.00249931
  71    0.0019356  -0.00247235
  72    0.0006562  -0.00101896
  73    0.0006859  -0.00105306
  74    0.0001169  -0.00139547
  75    0.0001156  -0.00140133
  76    0.0001161  -0.00140789
  77    0.0001163  -0.00139113
  78    0.0000006  -0.00000716
  79    0.0000002  0.00000009
  80    0.0000480  -0.00068652
  81    0.0000000  -0.00000001
  82    0.0000000  0.00000012
  83    0.0000059  -0.00066934
  84    0.0000059  -0.00068030
  85    0.0018803  -0.00193223
  86    0.0016381  -0.00175570
  87    0.0004892  -0.00065053
  88    0.0003967  -0.00058185
  89    0.0004130  -0.00056514
  90    0.0004033  -0.00059651
  91    0.0019285  -0.00243544
  92    0.0019188  -0.00242045
  93    0.0006250  -0.00096115
  94    0.0005554  -0.00088914
  95    0.0001050  -0.00131571
  96    0.0000007  -0.00000421
  97    0.0000007  -0.00000797
  98    0.0001069  -0.00134078
  99    0.0000002  -0.00000006
 100    0.0000001  0.00000013
 101    0.0000480  -0.00068625
 102    0.0000000  0.00000011
 103    0.0000000  0.00000012
 104    0.0000058  -0.00066567
 105    0.0000059  -0.00067458
 106    0.0000510  -0.00011205
 107    0.0001082  -0.00019079
 108    0.0001071  -0.00022004
 109    0.0001647  -0.00027392
 110    0.0001550  -0.00026427
 111    0.0001576  -0.00026730
 112    0.0001132  -0.00022050
 113    0.0001135  -0.00022053
 114    0.0000391  -0.00010163
 115    0.0000528  -0.00010924
 116    0.0000008  -0.00000870
 117    0.0000003  -0.00000027
 118    0.0000005  -0.00000130
 119    0.0000007  -0.00000359
 120    0.0000002  0.00000011
 121    0.0000001  0.00000016
 122    0.0000060  -0.00028946
 123    0.0000000  0.00000010
 124    0.0000000  0.00000012
 125    0.0000014  -0.00042422
 126    0.0000013  -0.00040358
 127    0.0000360  -0.00009385
 128    0.0000800  -0.00014454
 129    0.0000882  -0.00017157
 130    0.0000993  -0.00018328
 131    0.0001060  -0.00019061
 132    0.0001117  -0.00020146
 133    0.0000958  -0.00020256
 134    0.0001024  -0.00020791
 135    0.0000378  -0.00009838
 136    0.0000384  -0.00008785
 137    0.0000006  -0.00000102
 138    0.0000003  -0.00000014
 139    0.0000003  -0.00000018
 140    0.0000005  -0.00000018
 141    0.0000002  0.00000014
 142    0.0000001  0.00000018
 143    0.0000006  -0.00000538
 144    0.0000000  0.00000010
 145    0.0000000  0.00000011
 146    0.0000001  0.00000015
 147    0.0000000  0.00000014
 148    0.0000312  -0.00009243
 149    0.0000464  -0.00009542
 150    0.0000619  -0.00010918
 151    0.0000628  -0.00011107
 152    0.0000589  -0.00010810
 153    0.0000578  -0.00010978
 154    0.0000892  -0.00018113
 155    0.0000846  -0.00017617
 156    0.0000157  -0.00005079
 157    0.0000315  -0.00008403
 158    0.0000003  0.00000007
 159    0.0000002  0.00000015
 160    0.0000002  0.00000017
 161    0.0000004  -0.00000001
 162    0.0000002  0.00000017
 163    0.0000001  0.00000017
 164    0.0000006  -0.00000494
 165    0.0000000  0.00000010
 166    0.0000000  0.00000012
 167    0.0000000  0.00000012
 168    0.0000000  0.00000013
 169    0.0000176  -0.00005758
 170    0.0000328  -0.00007715
 171    0.0000512  -0.00009120
 172    0.0000503  -0.00009344
 173    0.0000435  -0.00008712
 174    0.0000480  -0.00008884
 175    0.0000830  -0.00017430
 176    0.0000838  -0.00017586
 177    0.0000136  -0.00004503
 178    0.0000233  -0.00006689
 179    0.0000003  0.00000011
 180    0.0000002  0.00000015
 181    0.0000002  0.00000024
 182    0.0000003  0.00000002
 183    0.0000002  0.00000027
 184    0.0000001  0.00000017
 185    0.0000005  -0.00000426
 186    0.0000000  0.00000009
 187    0.0000000  0.00000010
 188    0.0000000  0.00000011
 189    0.0000000  0.00000012
 190    0.0000153  -0.00005223
 191    0.0000257  -0.00005982
 192    0.0000295  -0.00007019
 193    0.0000353  -0.00007656
 194    0.0000301  -0.00007068
 195    0.0000399  -0.00008008
 196    0.0000733  -0.00016950
 197    0.0000739  -0.00016814
 198    0.0000127  -0.00003177
 199    0.0000106  -0.00003467
 200    0.0000002  0.00000016
 201    0.0000002  0.00000014
 202    0.0000002  0.00000020
 203    0.0000003  0.00000008
 204    0.0000001  0.00000024
 205    0.0000001  0.00000018
 206    0.0000004  -0.00000425
 207    0.0000000  0.00000009
 208    0.0000000  0.00000012
 209    0.0000000  0.00000010
 210    0.0000000  0.00000011
 211    0.0000104  -0.00002342
 212    0.0000077  -0.00001779
 213    0.0000102  -0.00002150
 214    0.0000143  -0.00002199
 215    0.0000141  -0.00002325
 216    0.0000135  -0.00002130
 217    0.0000419  -0.00013152
 218    0.0000489  -0.00013723
 219    0.0000100  -0.00003104
 220    0.0000093  -0.00002603
 221    0.0000002  0.00000020
 222    0.0000002  0.00000025
 223    0.0000002  0.00000015
 224    0.0000003  0.00000007
 225    0.0000001  0.00000028
 226    0.0000001  0.00000018
 227    0.0000004  -0.00000362
 228    0.0000000  0.00000008
 229    0.0000000  0.00000012
 230    0.0000000  0.00000009
 231    0.0000000  0.00000010
 232    0.0000068  -0.00001620
 233    0.0000070  -0.00001652
 234    0.0000083  -0.00001786
 235    0.0000113  -0.00002254
 236    0.0000107  -0.00001909
 237    0.0000123  -0.00002003
 238    0.0000305  -0.00008062
 239    0.0000261  -0.00007979
 240    0.0000077  -0.00002209
 241    0.0000084  -0.00002306
 242    0.0000002  0.00000021
 243    0.0000002  0.00000023
 244    0.0000001  0.00000027
 245    0.0000002  0.00000017
 246    0.0000001  0.00000022
 247    0.0000001  0.00000019
 248    0.0000004  -0.00001736
 249    0.0000000  0.00000008
 250    0.0000000  0.00000011
 251    0.0000000  0.00000010
 252    0.0000000  0.00000011
 
----------------
 Final Energies 
----------------
Final NOF Total Energy =    -958.3820970
 
Total Orbital Internal Iterations = 210
Total Occupation Internal Iterations = 69
 
Elapsed time:  145.99 Seconds

---------------------------------
   Lowdin Population Analysis    
---------------------------------
 Idx  Atom   Population   Charge 
---------------------------------
  1    Cl    16.622       0.378
  2     C     6.517      -0.517
  3    Cl    16.623       0.377
  4     H     1.119      -0.119
  5     H     1.119      -0.119

---------------------------------
   M Diagnostic: 0.02
---------------------------------

