Computing Integrals
Basis Set                                            = def2-qzvp
Auxiliary Basis Set                                  = def2-universal-jkfit
Gaussian Type                                        = Spherical
Elapsed time:    2.02 Seconds

Number of basis functions                   (NBF)    = 127
Number of auxiliary basis functions         (NBFAUX) = 205
Inactive Doubly occupied orbitals up to     (NO1)    = 0
No. considered Strongly Doubly occupied MOs (NDOC)   = 11
No. considered Strongly Singly occupied MOs (NSOC)   = 0
NO. of Weakly occ. per St. Doubly occ.  MOs (NCWO)   = 10
Dimension of the Nat. Orb. subspace         (NBF5)   = 121
No. of electrons                                     = 22
    No. of alpha electrons                           = 11
    No. of beta electrons                            = 11
Multiplicity                                         = 1

Geometry
========
Si       0.0000000       0.0000000      -0.7614683
 O       0.0000000       0.0000000       0.7614683

No violations of the orthonormality
No violations of the orthonormality
 
PNOF5/ADABelief Calculation
==================
 
  Nitext  Nit_orb  Time   Nit_occ  Time         Eelec          Etot           Ediff      maxdiff    MaxGrad_orb  Grad_occ
     1      10    1.0e+01   30    1.2e+01  -402.90209982  -363.98535935 -10401.90209982   0.009185   3.7e-02   2.7e-04 0.07
     2      20    2.4e+00   11    1.2e-01  -402.93538522  -364.01864475    -0.03328540   0.019557   7.8e-02   2.3e-04 0.06
     3      20    2.4e+00   14    1.5e-01  -402.93871757  -364.02197710    -0.00333235   0.011595   4.6e-02   2.0e-04 0.05
     4      20    2.5e+00   14    1.2e-01  -402.93992734  -364.02318687    -0.00120977   0.010859   4.3e-02   1.2e-04 0.05
     5      20    2.3e+00    5    4.2e-02  -402.94053649  -364.02379602    -0.00060915   0.011922   4.8e-02   2.2e-04 0.05
     6      20    2.6e+00    3    3.0e-02  -402.94070096  -364.02396049    -0.00016447   0.013219   5.3e-02   1.8e-04 0.04
     7      20    2.6e+00    3    4.6e-02  -402.94078176  -364.02404130    -0.00008080   0.015076   6.0e-02   2.2e-04 0.04
     8      20    2.3e+00    1    6.7e-02  -402.94100160  -364.02426113    -0.00021983   0.014359   5.7e-02   2.2e-04 0.04
     9      20    2.4e+00    4    8.9e-02  -402.94123606  -364.02449559    -0.00023446   0.013454   5.4e-02   2.3e-04 0.04
    10      20    2.4e+00    6    6.8e-02  -402.94142652  -364.02468605    -0.00019046   0.015629   6.3e-02   2.1e-04 0.04
    11      20    2.5e+00    5    1.3e-01  -402.94180483  -364.02506436    -0.00037831   0.016897   6.8e-02   2.7e-04 0.04
    12      20    2.4e+00    3    8.1e-02  -402.94201567  -364.02527520    -0.00021085   0.016514   6.6e-02   1.8e-04 0.04
    13      20    2.2e+00    8    1.2e-01  -402.94212816  -364.02538769    -0.00011249   0.016081   6.4e-02   2.4e-04 0.04
    14      20    2.3e+00    7    1.1e-01  -402.94237427  -364.02563380    -0.00024611   0.015548   6.2e-02   1.8e-04 0.04
    15      20    2.6e+00    0    3.2e-02  -402.94246058  -364.02572012    -0.00008631   0.015548   6.2e-02   1.8e-04 0.04
    16      40    4.9e+00    1    2.7e-02  -402.94338219  -364.02664172    -0.00092160   0.000568   2.3e-03   1.8e-04 0.04
 
RESULTS OF THE OCCUPATION OPTIMIZATION
========================================
   1    1.9999580  -68.45648487
   2    1.9997946  -20.51690700
   3    1.9994045  -5.09699956
   4    1.9993315  -5.06120462
   5    1.9989112  -4.66428338
   6    1.9987186  -4.56181560
   7    1.9839897  -0.73671825
   8    1.9837325  -0.73192714
   9    1.9902485  -0.72507663
  10    1.9804882  -0.67049858
  11    1.9418374  -0.50048905
  12    0.0265356  -0.01185896
  13    0.0175535  -0.01480551
  14    0.0077654  -0.00897005
  15    0.0139321  -0.01323670
  16    0.0137630  -0.01317951
  17    0.0007269  -0.00513644
  18    0.0007172  -0.00512878
  19    0.0006547  -0.00495728
  20    0.0005681  -0.00447099
  21    0.0001845  -0.00682889
  22    0.0000408  -0.00564234
  23    0.0226907  -0.01047506
  24    0.0012285  -0.00168114
  25    0.0006945  -0.00135767
  26    0.0009483  -0.00146292
  27    0.0008083  -0.00129783
  28    0.0002421  -0.00163300
  29    0.0002164  -0.00149768
  30    0.0000114  -0.00012824
  31    0.0000217  -0.00020248
  32    0.0000067  -0.00016427
  33    0.0000011  -0.00019574
  34    0.0059247  -0.00339261
  35    0.0005455  -0.00087550
  36    0.0005610  -0.00113073
  37    0.0007539  -0.00118128
  38    0.0007577  -0.00118527
  39    0.0001551  -0.00105579
  40    0.0001452  -0.00101489
  41    0.0000006  -0.00000106
  42    0.0000045  -0.00002370
  43    0.0000058  -0.00014513
  44    0.0000001  -0.00000028
  45    0.0014576  -0.00097891
  46    0.0001136  -0.00036431
  47    0.0003991  -0.00087909
  48    0.0004743  -0.00088974
  49    0.0004972  -0.00093030
  50    0.0001481  -0.00102103
  51    0.0000067  -0.00006547
  52    0.0000004  -0.00000065
  53    0.0000003  -0.00000049
  54    0.0000052  -0.00012682
  55    0.0000000  0.00000002
  56    0.0006205  -0.00042768
  57    0.0000264  -0.00011478
  58    0.0001002  -0.00026942
  59    0.0000552  -0.00014863
  60    0.0000494  -0.00014743
  61    0.0000060  -0.00006304
  62    0.0000010  -0.00000310
  63    0.0000003  -0.00000024
  64    0.0000002  -0.00000032
  65    0.0000023  -0.00017363
  66    0.0000000  0.00000004
  67    0.0006014  -0.00041883
  68    0.0000146  -0.00006811
  69    0.0000885  -0.00026348
  70    0.0000466  -0.00013926
  71    0.0000407  -0.00013058
  72    0.0000011  -0.00000250
  73    0.0000008  -0.00000228
  74    0.0000003  -0.00000009
  75    0.0000002  -0.00000026
  76    0.0000003  -0.00000369
  77    0.0000000  0.00000003
  78    0.0001106  -0.00011986
  79    0.0000116  -0.00005293
  80    0.0000519  -0.00016499
  81    0.0000255  -0.00009777
  82    0.0000387  -0.00011609
  83    0.0000007  -0.00000090
  84    0.0000005  -0.00000002
  85    0.0000002  -0.00000005
  86    0.0000002  -0.00000001
  87    0.0000002  -0.00000344
  88    0.0000000  0.00000007
  89    0.0001019  -0.00011405
  90    0.0000091  -0.00003421
  91    0.0000500  -0.00017047
  92    0.0000128  -0.00004415
  93    0.0000266  -0.00009087
  94    0.0000005  -0.00000000
  95    0.0000005  -0.00000016
  96    0.0000002  0.00000002
  97    0.0000001  0.00000006
  98    0.0000002  -0.00000356
  99    0.0000000  0.00000004
 100    0.0000667  -0.00006815
 101    0.0000052  -0.00002399
 102    0.0000313  -0.00013968
 103    0.0000124  -0.00004661
 104    0.0000194  -0.00005116
 105    0.0000004  -0.00000004
 106    0.0000003  -0.00000003
 107    0.0000002  -0.00000000
 108    0.0000001  0.00000000
 109    0.0000002  -0.00000298
 110    0.0000000  0.00000003
 111    0.0000530  -0.00006106
 112    0.0000039  -0.00002127
 113    0.0000096  -0.00003002
 114    0.0000065  -0.00002923
 115    0.0000093  -0.00003028
 116    0.0000004  0.00000007
 117    0.0000003  0.00000006
 118    0.0000002  -0.00000002
 119    0.0000001  0.00000006
 120    0.0000001  -0.00000767
 121    0.0000000  0.00000004
 
----------------
 Final Energies 
----------------
Final NOF Total Energy =    -364.0266417
 
Total Orbital Internal Iterations = 330
Total Occupation Internal Iterations = 115
 
Elapsed time:   70.12 Seconds

---------------------------------
   Lowdin Population Analysis    
---------------------------------
 Idx  Atom   Population   Charge 
---------------------------------
  1    Si    13.942       0.058
  2     O     8.058      -0.058

---------------------------------
   M Diagnostic: 0.04
---------------------------------

