Computing Integrals
Basis Set                                            = def2-qzvp
Auxiliary Basis Set                                  = def2-universal-jkfit
Gaussian Type                                        = Spherical
Elapsed time:    1.77 Seconds

Number of basis functions                   (NBF)    = 147
Number of auxiliary basis functions         (NBFAUX) = 131
Inactive Doubly occupied orbitals up to     (NO1)    = 0
No. considered Strongly Doubly occupied MOs (NDOC)   = 5
No. considered Strongly Singly occupied MOs (NSOC)   = 0
NO. of Weakly occ. per St. Doubly occ.  MOs (NCWO)   = 28
Dimension of the Nat. Orb. subspace         (NBF5)   = 145
No. of electrons                                     = 10
    No. of alpha electrons                           = 5
    No. of beta electrons                            = 5
Multiplicity                                         = 1

Geometry
========
 N       0.0000000       0.0000000       0.2812366
 H      -0.4708398       0.8155184      -0.0937455
 H      -0.4708398      -0.8155184      -0.0937455
 H       0.9416795       0.0000000      -0.0937455

No violations of the orthonormality
No violations of the orthonormality
 
PNOF5/ADABelief Calculation
==================
 
  Nitext  Nit_orb  Time   Nit_occ  Time         Eelec          Etot           Ediff      maxdiff    MaxGrad_orb  Grad_occ
     1      10    9.9e+00   12    1.2e+01   -68.27739122   -56.34040319 -10067.27739122   0.001249   5.0e-03   1.5e-04 0.02
     2      20    2.8e+00    4    5.1e-02   -68.28442568   -56.34743765    -0.00703446   0.013933   5.6e-02   2.0e-04 0.02
     3      20    2.6e+00    1    3.0e-02   -68.28472620   -56.34773818    -0.00030052   0.007561   3.0e-02   1.9e-04 0.02
     4      20    2.5e+00    0    1.6e-02   -68.28473123   -56.34774321    -0.00000503   0.007561   3.0e-02   1.9e-04 0.02
     5      39    4.6e+00    0    2.5e-02   -68.28480659   -56.34781857    -0.00007536   0.000453   1.8e-03   1.8e-04 0.02
 
RESULTS OF THE OCCUPATION OPTIMIZATION
========================================
   1    1.9996410  -15.53957657
   2    1.9796831  -0.79264842
   3    1.9796261  -0.79226627
   4    1.9796186  -0.79224269
   5    1.9852798  -0.55321765
   6    0.0116275  -0.00970896
   7    0.0149386  -0.01389282
   8    0.0149186  -0.01388447
   9    0.0148826  -0.01386483
  10    0.0002635  -0.00725223
  11    0.0012415  -0.00155655
  12    0.0027147  -0.00345601
  13    0.0027075  -0.00345192
  14    0.0027124  -0.00345023
  15    0.0000338  -0.00069468
  16    0.0006471  -0.00100452
  17    0.0012156  -0.00178034
  18    0.0012377  -0.00179215
  19    0.0012155  -0.00177717
  20    0.0000337  -0.00069460
  21    0.0006232  -0.00099230
  22    0.0011153  -0.00164436
  23    0.0011111  -0.00164190
  24    0.0010638  -0.00160828
  25    0.0000210  -0.00043179
  26    0.0001288  -0.00024013
  27    0.0000646  -0.00017975
  28    0.0000770  -0.00019046
  29    0.0000788  -0.00017693
  30    0.0000043  -0.00022573
  31    0.0001279  -0.00024169
  32    0.0000623  -0.00016751
  33    0.0000609  -0.00016580
  34    0.0000753  -0.00018824
  35    0.0000004  -0.00000228
  36    0.0001072  -0.00019882
  37    0.0000607  -0.00016611
  38    0.0000570  -0.00016439
  39    0.0000597  -0.00016453
  40    0.0000002  -0.00001238
  41    0.0000986  -0.00019390
  42    0.0000545  -0.00013526
  43    0.0000506  -0.00013294
  44    0.0000492  -0.00013515
  45    0.0000001  -0.00000021
  46    0.0000507  -0.00016519
  47    0.0000321  -0.00010401
  48    0.0000384  -0.00010964
  49    0.0000426  -0.00011719
  50    0.0000001  -0.00000041
  51    0.0000141  -0.00002816
  52    0.0000318  -0.00010400
  53    0.0000312  -0.00010445
  54    0.0000410  -0.00011304
  55    0.0000001  0.00000029
  56    0.0000080  -0.00002666
  57    0.0000184  -0.00006827
  58    0.0000215  -0.00007119
  59    0.0000193  -0.00006821
  60    0.0000001  0.00000033
  61    0.0000066  -0.00002405
  62    0.0000155  -0.00004849
  63    0.0000133  -0.00004612
  64    0.0000166  -0.00004959
  65    0.0000001  0.00000039
  66    0.0000049  -0.00002030
  67    0.0000110  -0.00004201
  68    0.0000099  -0.00004175
  69    0.0000134  -0.00004340
  70    0.0000001  0.00000033
  71    0.0000048  -0.00001802
  72    0.0000081  -0.00002958
  73    0.0000062  -0.00002638
  74    0.0000099  -0.00002959
  75    0.0000001  0.00000036
  76    0.0000045  -0.00001720
  77    0.0000072  -0.00002721
  78    0.0000059  -0.00002639
  79    0.0000053  -0.00002593
  80    0.0000001  0.00000036
  81    0.0000034  -0.00001086
  82    0.0000051  -0.00001889
  83    0.0000042  -0.00001812
  84    0.0000051  -0.00001920
  85    0.0000001  0.00000035
  86    0.0000032  -0.00000621
  87    0.0000047  -0.00001792
  88    0.0000040  -0.00001771
  89    0.0000047  -0.00001743
  90    0.0000001  0.00000037
  91    0.0000028  -0.00000725
  92    0.0000039  -0.00001485
  93    0.0000029  -0.00001294
  94    0.0000037  -0.00001230
  95    0.0000001  0.00000035
  96    0.0000027  -0.00000477
  97    0.0000029  -0.00000767
  98    0.0000026  -0.00000745
  99    0.0000028  -0.00000997
 100    0.0000001  0.00000036
 101    0.0000022  -0.00000473
 102    0.0000027  -0.00000777
 103    0.0000022  -0.00000719
 104    0.0000027  -0.00000722
 105    0.0000001  0.00000036
 106    0.0000021  -0.00000294
 107    0.0000019  -0.00000679
 108    0.0000022  -0.00000685
 109    0.0000027  -0.00000816
 110    0.0000001  0.00000032
 111    0.0000016  -0.00000244
 112    0.0000018  -0.00000518
 113    0.0000018  -0.00000490
 114    0.0000021  -0.00000548
 115    0.0000001  0.00000033
 116    0.0000014  -0.00000143
 117    0.0000017  -0.00000392
 118    0.0000015  -0.00000398
 119    0.0000018  -0.00000375
 120    0.0000001  0.00000035
 121    0.0000014  -0.00000131
 122    0.0000015  -0.00000237
 123    0.0000013  -0.00000232
 124    0.0000015  -0.00000356
 125    0.0000001  0.00000031
 126    0.0000011  -0.00000023
 127    0.0000014  -0.00000098
 128    0.0000013  -0.00000121
 129    0.0000013  -0.00000177
 130    0.0000001  0.00000034
 131    0.0000010  -0.00000002
 132    0.0000012  -0.00000060
 133    0.0000011  0.00000048
 134    0.0000012  -0.00000045
 135    0.0000001  0.00000031
 136    0.0000009  0.00000054
 137    0.0000012  0.00000037
 138    0.0000010  0.00000070
 139    0.0000011  0.00000066
 140    0.0000001  0.00000029
 141    0.0000009  0.00000077
 142    0.0000010  0.00000056
 143    0.0000009  0.00000034
 144    0.0000010  0.00000025
 145    0.0000001  0.00000033
 
----------------
 Final Energies 
----------------
Final NOF Total Energy =     -56.3478186
 
Total Orbital Internal Iterations = 109
Total Occupation Internal Iterations = 17
 
Elapsed time:   41.25 Seconds

---------------------------------
   Lowdin Population Analysis    
---------------------------------
 Idx  Atom   Population   Charge 
---------------------------------
  1     N     6.428       0.572
  2     H     1.191      -0.191
  3     H     1.191      -0.191
  4     H     1.191      -0.191

---------------------------------
   M Diagnostic: 0.02
---------------------------------

