Computing Integrals
Basis Set                                            = def2-qzvp
Auxiliary Basis Set                                  = def2-universal-jkfit
Gaussian Type                                        = Spherical
Elapsed time:    1.78 Seconds

Number of basis functions                   (NBF)    = 174
Number of auxiliary basis functions         (NBFAUX) = 186
Inactive Doubly occupied orbitals up to     (NO1)    = 0
No. considered Strongly Doubly occupied MOs (NDOC)   = 7
No. considered Strongly Singly occupied MOs (NSOC)   = 0
NO. of Weakly occ. per St. Doubly occ.  MOs (NCWO)   = 23
Dimension of the Nat. Orb. subspace         (NBF5)   = 168
No. of electrons                                     = 14
    No. of alpha electrons                           = 7
    No. of beta electrons                            = 7
Multiplicity                                         = 1

Geometry
========
 C       0.0000000       0.0000000       0.5987244
 H       0.0000000       0.0000000       1.6617470
 C       0.0000000       0.0000000      -0.5987244
 H       0.0000000       0.0000000      -1.6617470

No violations of the orthonormality
No violations of the orthonormality
 
PNOF5/ADABelief Calculation
==================
 
  Nitext  Nit_orb  Time   Nit_occ  Time         Eelec          Etot           Ediff      maxdiff    MaxGrad_orb  Grad_occ
     1      10    1.0e+01   22    1.2e+01  -101.82326052   -76.97209315 -10100.82326052   0.005748   2.3e-02   1.7e-04 0.06
     2      20    3.4e+00    6    2.0e-01  -101.85811976   -77.00695238    -0.03485924   0.011895   4.8e-02   2.6e-04 0.06
     3      20    3.0e+00    9    2.5e-01  -101.85882492   -77.00765754    -0.00070516   0.012873   5.1e-02   1.6e-04 0.06
     4      20    3.0e+00    8    2.3e-01  -101.85926844   -77.00810106    -0.00044352   0.012677   5.1e-02   1.5e-04 0.06
     5      20    3.0e+00    8    2.4e-01  -101.85959657   -77.00842919    -0.00032812   0.010579   4.2e-02   1.6e-04 0.06
     6      20    3.1e+00    7    2.3e-01  -101.86013793   -77.00897055    -0.00054137   0.009500   3.8e-02   1.8e-04 0.06
     7      20    3.2e+00    6    2.0e-01  -101.86034963   -77.00918225    -0.00021170   0.010506   4.2e-02   2.4e-04 0.05
     8      20    3.0e+00    7    2.0e-01  -101.86062227   -77.00945489    -0.00027264   0.011997   4.8e-02   1.3e-04 0.05
     9      20    3.2e+00    4    1.8e-01  -101.86086954   -77.00970216    -0.00024727   0.010420   4.2e-02   2.0e-04 0.05
    10      20    3.3e+00    4    1.7e-01  -101.86096484   -77.00979746    -0.00009530   0.011395   4.6e-02   1.9e-04 0.05
    11      20    3.4e+00    2    8.1e-02  -101.86116617   -77.00999879    -0.00020133   0.011216   4.5e-02   1.6e-04 0.05
    12      20    3.0e+00    0    5.5e-02  -101.86119999   -77.01003261    -0.00003382   0.011216   4.5e-02   1.6e-04 0.05
    13      40    5.6e+00    4    1.7e-01  -101.86161044   -77.01044306    -0.00041045   0.000493   2.0e-03   1.7e-04 0.04
 
RESULTS OF THE OCCUPATION OPTIMIZATION
========================================
   1    1.9994585  -11.22563984
   2    1.9994581  -11.22559949
   3    1.9908482  -0.83640735
   4    1.9809991  -0.76534069
   5    1.9809854  -0.76532851
   6    1.9656012  -0.55136687
   7    1.9527875  -0.47936482
   8    0.0417921  -0.01981413
   9    0.0292995  -0.01693049
  10    0.0117695  -0.01059655
  11    0.0117415  -0.01058596
  12    0.0058183  -0.00672380
  13    0.0003854  -0.00763600
  14    0.0003852  -0.00763519
  15    0.0034467  -0.00234902
  16    0.0033041  -0.00263131
  17    0.0031398  -0.00366718
  18    0.0031475  -0.00366975
  19    0.0021313  -0.00285066
  20    0.0000727  -0.00109075
  21    0.0000728  -0.00109142
  22    0.0018388  -0.00145667
  23    0.0010478  -0.00106240
  24    0.0017645  -0.00223219
  25    0.0017687  -0.00223349
  26    0.0005093  -0.00089976
  27    0.0000414  -0.00056937
  28    0.0000413  -0.00056761
  29    0.0000481  -0.00010371
  30    0.0005126  -0.00062694
  31    0.0015641  -0.00201963
  32    0.0015653  -0.00201820
  33    0.0003167  -0.00062689
  34    0.0000341  -0.00047263
  35    0.0000343  -0.00047423
  36    0.0000344  -0.00007542
  37    0.0000673  -0.00011510
  38    0.0001515  -0.00025352
  39    0.0001520  -0.00025391
  40    0.0000930  -0.00019975
  41    0.0000057  -0.00028649
  42    0.0000057  -0.00028638
  43    0.0000154  -0.00005571
  44    0.0000553  -0.00010501
  45    0.0001322  -0.00023763
  46    0.0001315  -0.00023806
  47    0.0000683  -0.00014453
  48    0.0000005  -0.00000322
  49    0.0000003  -0.00001445
  50    0.0000101  -0.00002051
  51    0.0000305  -0.00008451
  52    0.0001007  -0.00019885
  53    0.0000998  -0.00019876
  54    0.0000517  -0.00015374
  55    0.0000003  -0.00001319
  56    0.0000002  -0.00000122
  57    0.0000058  -0.00001913
  58    0.0000263  -0.00004537
  59    0.0000975  -0.00019653
  60    0.0000974  -0.00019602
  61    0.0000400  -0.00010875
  62    0.0000002  -0.00000086
  63    0.0000001  -0.00000079
  64    0.0000043  -0.00001313
  65    0.0000128  -0.00003273
  66    0.0000801  -0.00017815
  67    0.0000809  -0.00017862
  68    0.0000357  -0.00009682
  69    0.0000002  -0.00000080
  70    0.0000001  -0.00000146
  71    0.0000027  -0.00000772
  72    0.0000062  -0.00001950
  73    0.0000627  -0.00015228
  74    0.0000630  -0.00015229
  75    0.0000181  -0.00007070
  76    0.0000002  -0.00000128
  77    0.0000001  0.00000006
  78    0.0000024  -0.00000587
  79    0.0000050  -0.00001731
  80    0.0000367  -0.00010032
  81    0.0000385  -0.00010117
  82    0.0000157  -0.00003361
  83    0.0000001  0.00000012
  84    0.0000001  -0.00000004
  85    0.0000017  -0.00000438
  86    0.0000040  -0.00000909
  87    0.0000248  -0.00007335
  88    0.0000247  -0.00007194
  89    0.0000139  -0.00003290
  90    0.0000001  0.00000012
  91    0.0000001  0.00000025
  92    0.0000015  -0.00000486
  93    0.0000037  -0.00000907
  94    0.0000236  -0.00007277
  95    0.0000242  -0.00007263
  96    0.0000082  -0.00002948
  97    0.0000001  0.00000024
  98    0.0000001  0.00000029
  99    0.0000014  -0.00000374
 100    0.0000036  -0.00000758
 101    0.0000123  -0.00003380
 102    0.0000122  -0.00003390
 103    0.0000064  -0.00001125
 104    0.0000001  0.00000021
 105    0.0000001  0.00000028
 106    0.0000013  -0.00000292
 107    0.0000031  -0.00000726
 108    0.0000115  -0.00003274
 109    0.0000105  -0.00003277
 110    0.0000049  -0.00001237
 111    0.0000001  0.00000026
 112    0.0000001  0.00000029
 113    0.0000009  -0.00000213
 114    0.0000026  -0.00000441
 115    0.0000086  -0.00002745
 116    0.0000085  -0.00002751
 117    0.0000041  -0.00000643
 118    0.0000001  0.00000027
 119    0.0000001  0.00000032
 120    0.0000008  -0.00000186
 121    0.0000025  -0.00000203
 122    0.0000069  -0.00002622
 123    0.0000080  -0.00002688
 124    0.0000030  -0.00000798
 125    0.0000001  0.00000033
 126    0.0000001  0.00000032
 127    0.0000008  -0.00000132
 128    0.0000024  -0.00000181
 129    0.0000064  -0.00002240
 130    0.0000061  -0.00002226
 131    0.0000028  -0.00000801
 132    0.0000001  0.00000030
 133    0.0000001  0.00000029
 134    0.0000007  -0.00000139
 135    0.0000021  -0.00000107
 136    0.0000053  -0.00001328
 137    0.0000048  -0.00001286
 138    0.0000024  -0.00000347
 139    0.0000001  0.00000034
 140    0.0000001  0.00000029
 141    0.0000007  -0.00000110
 142    0.0000020  -0.00000214
 143    0.0000049  -0.00001203
 144    0.0000046  -0.00001185
 145    0.0000023  -0.00000375
 146    0.0000001  0.00000035
 147    0.0000001  0.00000030
 148    0.0000007  -0.00000048
 149    0.0000019  -0.00000152
 150    0.0000041  -0.00001406
 151    0.0000040  -0.00001426
 152    0.0000022  -0.00000247
 153    0.0000001  0.00000031
 154    0.0000001  0.00000030
 155    0.0000006  -0.00000088
 156    0.0000018  -0.00000185
 157    0.0000037  -0.00000984
 158    0.0000037  -0.00000957
 159    0.0000019  -0.00000205
 160    0.0000001  0.00000031
 161    0.0000001  0.00000031
 162    0.0000005  -0.00000014
 163    0.0000017  -0.00000057
 164    0.0000033  -0.00000813
 165    0.0000033  -0.00000794
 166    0.0000016  -0.00000157
 167    0.0000001  0.00000025
 168    0.0000001  0.00000029
 
----------------
 Final Energies 
----------------
Final NOF Total Energy =     -77.0104431
 
Total Orbital Internal Iterations = 270
Total Occupation Internal Iterations = 87
 
Elapsed time:   74.29 Seconds

---------------------------------
   Lowdin Population Analysis    
---------------------------------
 Idx  Atom   Population   Charge 
---------------------------------
  1     C     5.865       0.135
  2     H     1.135      -0.135
  3     C     5.865       0.135
  4     H     1.135      -0.135

---------------------------------
   M Diagnostic: 0.04
---------------------------------

