Computing Integrals
Basis Set                                            = def2-qzvp
Auxiliary Basis Set                                  = def2-universal-jkfit
Gaussian Type                                        = Spherical
Elapsed time:    2.97 Seconds

Number of basis functions                   (NBF)    = 231
Number of auxiliary basis functions         (NBFAUX) = 263
Inactive Doubly occupied orbitals up to     (NO1)    = 0
No. considered Strongly Doubly occupied MOs (NDOC)   = 12
No. considered Strongly Singly occupied MOs (NSOC)   = 0
NO. of Weakly occ. per St. Doubly occ.  MOs (NCWO)   = 18
Dimension of the Nat. Orb. subspace         (NBF5)   = 228
No. of electrons                                     = 24
    No. of alpha electrons                           = 12
    No. of beta electrons                            = 12
Multiplicity                                         = 1

Geometry
========
 H      -1.6666499       0.0000000      -0.7302645
 C      -0.6032500       0.0000000      -0.7302645
 C       0.6032500       0.0000000      -0.7302645
 H       1.6666499       0.0000000      -0.7302645
Ne       0.0000000       0.0000000       2.9210582

No violations of the orthonormality
No violations of the orthonormality
 
PNOF5/ADABelief Calculation
==================
 
  Nitext  Nit_orb  Time   Nit_occ  Time         Eelec          Etot           Ediff      maxdiff    MaxGrad_orb  Grad_occ
     1      10    1.1e+01   34    1.4e+01  -250.12061248  -205.60754363 -10249.12061248   0.005893   2.4e-02   2.3e-04 0.06
     2      20    4.8e+00    7    5.3e-01  -250.15333565  -205.64026681    -0.03272318   0.025566   1.0e-01   2.4e-04 0.06
     3      20    5.3e+00    4    3.9e-01  -250.15723464  -205.64416580    -0.00389899   0.020126   8.1e-02   2.2e-04 0.06
     4      20    4.5e+00    0    1.8e-01  -250.15728854  -205.64421970    -0.00005390   0.020126   8.1e-02   2.2e-04 0.06
     5      40    9.4e+00    2    2.8e-01  -250.15964501  -205.64657617    -0.00235647   0.003305   1.3e-02   2.4e-04 0.06
     6      40    9.1e+00    0    2.2e-01  -250.15965773  -205.64658889    -0.00001272   0.003305   1.3e-02   2.4e-04 0.06
     7      60    1.4e+01    1    2.5e-01  -250.15979749  -205.64672865    -0.00013976   0.001322   5.3e-03   2.0e-04 0.06
     8      60    1.4e+01    8    6.2e-01  -250.15991175  -205.64684290    -0.00011425   0.001309   5.2e-03   2.5e-04 0.06
     9      60    1.5e+01    2    3.1e-01  -250.16011439  -205.64704554    -0.00020264   0.001245   5.0e-03   1.5e-04 0.06
    10      60    1.3e+01    4    4.1e-01  -250.16024429  -205.64717544    -0.00012990   0.001101   4.4e-03   1.7e-04 0.05
    11      60    1.4e+01    2    3.0e-01  -250.16037110  -205.64730225    -0.00012681   0.001012   4.0e-03   1.3e-04 0.05
    12      60    1.4e+01    2    3.0e-01  -250.16047935  -205.64741051    -0.00010825   0.001057   4.2e-03   1.6e-04 0.05
    13      60    1.4e+01    8    6.5e-01  -250.16056906  -205.64750022    -0.00008971   0.001150   4.6e-03   1.8e-04 0.05
    14      60    1.4e+01    2    2.9e-01  -250.16072982  -205.64766098    -0.00016076   0.001086   4.3e-03   1.3e-04 0.05
    15      60    1.4e+01    2    3.1e-01  -250.16081847  -205.64774963    -0.00008865   0.000539   2.2e-03   1.6e-04 0.05
 
RESULTS OF THE OCCUPATION OPTIMIZATION
========================================
   1    1.9999000  -32.73410069
   2    1.9994484  -11.22264768
   3    1.9994482  -11.22259703
   4    1.9939925  -1.15608036
   5    1.9939256  -1.14958242
   6    1.9939201  -1.14779458
   7    1.9938476  -1.14588109
   8    1.9928672  -0.91104958
   9    1.9806102  -0.76634531
  10    1.9806089  -0.76633249
  11    1.9518168  -0.48424424
  12    1.9504129  -0.46746979
  13    0.0457191  -0.02083728
  14    0.0414781  -0.01979739
  15    0.0122332  -0.01088642
  16    0.0122356  -0.01088663
  17    0.0043011  -0.00552838
  18    0.0048281  -0.00942088
  19    0.0047995  -0.00939570
  20    0.0048366  -0.00944005
  21    0.0048112  -0.00942087
  22    0.0003886  -0.00768822
  23    0.0003884  -0.00768668
  24    0.0000989  -0.00602427
  25    0.0035357  -0.00234100
  26    0.0034091  -0.00236346
  27    0.0033174  -0.00382599
  28    0.0033162  -0.00382560
  29    0.0019299  -0.00279009
  30    0.0005395  -0.00168480
  31    0.0005334  -0.00167686
  32    0.0005194  -0.00164742
  33    0.0004991  -0.00161004
  34    0.0000732  -0.00108666
  35    0.0000731  -0.00108633
  36    0.0000008  -0.00011022
  37    0.0001627  -0.00024036
  38    0.0019313  -0.00157734
  39    0.0015640  -0.00204891
  40    0.0015711  -0.00205734
  41    0.0002972  -0.00063384
  42    0.0003488  -0.00116705
  43    0.0003470  -0.00117463
  44    0.0003322  -0.00114410
  45    0.0002891  -0.00105073
  46    0.0000427  -0.00058817
  47    0.0000426  -0.00058673
  48    0.0000000  -0.00000274
  49    0.0000971  -0.00013757
  50    0.0013054  -0.00108508
  51    0.0015309  -0.00201006
  52    0.0015235  -0.00200164
  53    0.0002395  -0.00053686
  54    0.0003446  -0.00116743
  55    0.0003080  -0.00108689
  56    0.0002942  -0.00105677
  57    0.0002836  -0.00103062
  58    0.0000395  -0.00054537
  59    0.0000395  -0.00054572
  60    0.0000000  0.00000009
  61    0.0000271  -0.00006365
  62    0.0000294  -0.00007391
  63    0.0001380  -0.00024892
  64    0.0001366  -0.00024780
  65    0.0000758  -0.00016791
  66    0.0000303  -0.00014635
  67    0.0000284  -0.00013125
  68    0.0000307  -0.00014852
  69    0.0000304  -0.00016103
  70    0.0000060  -0.00028977
  71    0.0000059  -0.00029000
  72    0.0000000  0.00000007
  73    0.0000187  -0.00005816
  74    0.0000088  -0.00003965
  75    0.0001343  -0.00024410
  76    0.0001324  -0.00024238
  77    0.0000647  -0.00015416
  78    0.0000218  -0.00011765
  79    0.0000281  -0.00014562
  80    0.0000263  -0.00013508
  81    0.0000298  -0.00015072
  82    0.0000004  -0.00001517
  83    0.0000003  -0.00001338
  84    0.0000000  0.00000009
  85    0.0000065  -0.00002001
  86    0.0000058  -0.00002956
  87    0.0001002  -0.00020094
  88    0.0000985  -0.00019752
  89    0.0000595  -0.00015433
  90    0.0000144  -0.00009728
  91    0.0000081  -0.00007314
  92    0.0000083  -0.00007542
  93    0.0000271  -0.00013888
  94    0.0000002  -0.00000256
  95    0.0000003  -0.00000393
  96    0.0000000  0.00000008
  97    0.0000041  -0.00002038
  98    0.0000038  -0.00001535
  99    0.0000892  -0.00018968
 100    0.0000924  -0.00019492
 101    0.0000427  -0.00013006
 102    0.0000068  -0.00006394
 103    0.0000077  -0.00007084
 104    0.0000073  -0.00006838
 105    0.0000163  -0.00011255
 106    0.0000002  -0.00000277
 107    0.0000002  -0.00000237
 108    0.0000000  0.00000008
 109    0.0000025  -0.00000789
 110    0.0000019  -0.00000768
 111    0.0000775  -0.00018660
 112    0.0000785  -0.00018589
 113    0.0000316  -0.00009037
 114    0.0000058  -0.00006177
 115    0.0000068  -0.00006341
 116    0.0000065  -0.00006318
 117    0.0000067  -0.00006222
 118    0.0000001  -0.00000130
 119    0.0000002  -0.00000152
 120    0.0000000  0.00000008
 121    0.0000022  -0.00000471
 122    0.0000015  -0.00000657
 123    0.0000657  -0.00015134
 124    0.0000640  -0.00015055
 125    0.0000215  -0.00008570
 126    0.0000046  -0.00004252
 127    0.0000050  -0.00004327
 128    0.0000045  -0.00003708
 129    0.0000048  -0.00003778
 130    0.0000001  -0.00000103
 131    0.0000001  -0.00000115
 132    0.0000000  0.00000007
 133    0.0000021  -0.00000696
 134    0.0000013  -0.00000548
 135    0.0000382  -0.00010479
 136    0.0000378  -0.00010451
 137    0.0000158  -0.00004184
 138    0.0000016  -0.00001327
 139    0.0000015  -0.00001183
 140    0.0000018  -0.00001285
 141    0.0000015  -0.00001264
 142    0.0000001  0.00000027
 143    0.0000001  0.00000002
 144    0.0000000  0.00000008
 145    0.0000017  -0.00000636
 146    0.0000013  -0.00000664
 147    0.0000266  -0.00007419
 148    0.0000261  -0.00007315
 149    0.0000152  -0.00003960
 150    0.0000014  -0.00001022
 151    0.0000014  -0.00001145
 152    0.0000014  -0.00001151
 153    0.0000013  -0.00001141
 154    0.0000001  -0.00000023
 155    0.0000001  0.00000029
 156    0.0000000  0.00000008
 157    0.0000015  -0.00000445
 158    0.0000011  -0.00000498
 159    0.0000254  -0.00007218
 160    0.0000260  -0.00007374
 161    0.0000124  -0.00003272
 162    0.0000011  -0.00000611
 163    0.0000013  -0.00000533
 164    0.0000013  -0.00000566
 165    0.0000013  -0.00000589
 166    0.0000001  0.00000031
 167    0.0000001  0.00000007
 168    0.0000000  0.00000008
 169    0.0000015  -0.00000583
 170    0.0000010  -0.00000375
 171    0.0000137  -0.00003602
 172    0.0000138  -0.00003625
 173    0.0000101  -0.00002704
 174    0.0000009  0.00000064
 175    0.0000010  0.00000056
 176    0.0000010  -0.00000143
 177    0.0000013  -0.00000866
 178    0.0000001  0.00000028
 179    0.0000001  0.00000023
 180    0.0000000  0.00000008
 181    0.0000013  -0.00000548
 182    0.0000010  -0.00000399
 183    0.0000133  -0.00003592
 184    0.0000130  -0.00003542
 185    0.0000051  -0.00001109
 186    0.0000008  0.00000079
 187    0.0000007  0.00000096
 188    0.0000009  0.00000073
 189    0.0000011  -0.00000107
 190    0.0000001  0.00000019
 191    0.0000001  0.00000029
 192    0.0000000  0.00000008
 193    0.0000012  -0.00000343
 194    0.0000008  -0.00000327
 195    0.0000089  -0.00002771
 196    0.0000096  -0.00002830
 197    0.0000046  -0.00001049
 198    0.0000007  0.00000098
 199    0.0000007  0.00000137
 200    0.0000008  0.00000080
 201    0.0000009  0.00000051
 202    0.0000001  0.00000030
 203    0.0000001  0.00000031
 204    0.0000000  0.00000007
 205    0.0000011  -0.00000311
 206    0.0000008  -0.00000310
 207    0.0000076  -0.00002697
 208    0.0000074  -0.00002574
 209    0.0000034  -0.00001049
 210    0.0000007  0.00000129
 211    0.0000007  0.00000109
 212    0.0000007  0.00000131
 213    0.0000009  0.00000042
 214    0.0000001  0.00000027
 215    0.0000001  0.00000030
 216    0.0000000  0.00000008
 217    0.0000010  -0.00000270
 218    0.0000007  -0.00000251
 219    0.0000071  -0.00002423
 220    0.0000073  -0.00002511
 221    0.0000026  -0.00000799
 222    0.0000006  0.00000146
 223    0.0000006  0.00000131
 224    0.0000006  0.00000148
 225    0.0000009  0.00000070
 226    0.0000001  0.00000026
 227    0.0000001  0.00000029
 228    0.0000000  0.00000008
 
----------------
 Final Energies 
----------------
Final NOF Total Energy =    -205.6477496
 
Total Orbital Internal Iterations = 690
Total Occupation Internal Iterations = 78
 
Elapsed time:  201.57 Seconds

---------------------------------
   Lowdin Population Analysis    
---------------------------------
 Idx  Atom   Population   Charge 
---------------------------------
  1     H     1.138      -0.138
  2     C     5.864       0.136
  3     C     5.864       0.136
  4     H     1.138      -0.138
  5    Ne     9.997       0.003

---------------------------------
   M Diagnostic: 0.05
---------------------------------

