Computing Integrals
Basis Set                                            = def2-qzvp
Auxiliary Basis Set                                  = def2-universal-jkfit
Gaussian Type                                        = Spherical
Elapsed time:    1.84 Seconds

Number of basis functions                   (NBF)    = 127
Number of auxiliary basis functions         (NBFAUX) = 205
Inactive Doubly occupied orbitals up to     (NO1)    = 0
No. considered Strongly Doubly occupied MOs (NDOC)   = 13
No. considered Strongly Singly occupied MOs (NSOC)   = 0
NO. of Weakly occ. per St. Doubly occ.  MOs (NCWO)   = 8
Dimension of the Nat. Orb. subspace         (NBF5)   = 117
No. of electrons                                     = 26
    No. of alpha electrons                           = 13
    No. of beta electrons                            = 13
Multiplicity                                         = 1

Geometry
========
Cl       0.0000000       0.0000000       0.5648620
 F       0.0000000       0.0000000      -1.0669610

No violations of the orthonormality
No violations of the orthonormality
 
PNOF5/ADABelief Calculation
==================
 
  Nitext  Nit_orb  Time   Nit_occ  Time         Eelec          Etot           Ediff      maxdiff    MaxGrad_orb  Grad_occ
     1      10    1.0e+01   13    1.2e+01  -608.64932711  -559.03368422 -10607.64932711   0.002911   1.2e-02   2.5e-04 0.06
     2      20    2.3e+00    0    1.2e-02  -608.65999130  -559.04434841    -0.01066419   0.002911   1.2e-02   2.5e-04 0.06
     3      40    5.1e+00   48    3.6e-01  -608.67056274  -559.05491985    -0.01057144   0.207661   8.3e-01   2.1e-04 0.05
     4      40    4.8e+00   16    1.4e-01  -608.70607815  -559.09043526    -0.03551541   0.002764   1.1e-02   2.5e-04 0.04
     5      40    4.9e+00   24    1.8e-01  -608.71689153  -559.10124864    -0.01081338   0.004799   1.9e-02   2.5e-04 0.04
     6      40    4.9e+00   10    1.0e-01  -608.72220724  -559.10656435    -0.00531571   0.003018   1.2e-02   2.2e-04 0.04
     7      40    4.9e+00    9    1.2e-01  -608.72449391  -559.10885101    -0.00228666   0.005209   2.1e-02   2.2e-04 0.04
     8      40    5.1e+00    9    1.1e-01  -608.72568704  -559.11004415    -0.00119313   0.005929   2.4e-02   2.1e-04 0.04
     9      40    4.5e+00    3    4.8e-02  -608.72642292  -559.11078003    -0.00073589   0.004564   1.8e-02   2.0e-04 0.03
    10      40    4.8e+00    3    2.9e-02  -608.72677832  -559.11113543    -0.00035539   0.003732   1.5e-02   2.0e-04 0.03
    11      40    4.7e+00    9    1.3e-01  -608.72705009  -559.11140719    -0.00027177   0.002739   1.1e-02   1.5e-04 0.03
    12      40    5.5e+00    3    1.0e-01  -608.72731679  -559.11167390    -0.00026671   0.002362   9.4e-03   1.5e-04 0.03
    13      40    5.1e+00    3    8.8e-02  -608.72745946  -559.11181657    -0.00014267   0.002482   9.9e-03   1.6e-04 0.03
    14      40    4.9e+00    3    2.7e-02  -608.72758219  -559.11193929    -0.00012273   0.002225   8.9e-03   1.6e-04 0.03
    15      40    4.4e+00    3    7.3e-02  -608.72769210  -559.11204921    -0.00010991   0.001714   6.9e-03   1.8e-04 0.03
    16      40    4.9e+00    1    2.2e-02  -608.72777604  -559.11213315    -0.00008394   0.002410   9.6e-03   2.1e-04 0.03
    17      40    4.9e+00    0    1.6e-02  -608.72781756  -559.11217467    -0.00004152   0.002406   9.6e-03   2.2e-04 0.03
    18      50    5.8e+00    2    5.4e-02  -608.72785087  -559.11220798    -0.00003331   0.001118   4.5e-03   1.8e-04 0.03
    19      50    5.6e+00    3    7.4e-02  -608.72790478  -559.11226189    -0.00005390   0.001201   4.8e-03   1.6e-04 0.03
    20      50    6.8e+00    1    7.8e-02  -608.72794410  -559.11230121    -0.00003932   0.001202   4.8e-03   1.4e-04 0.03
    21      50    6.1e+00    0    4.3e-02  -608.72795142  -559.11230853    -0.00000732   0.001607   6.4e-03   1.5e-04 0.03
    22      60    7.1e+00    0    4.4e-02  -608.72796827  -559.11232538    -0.00001684   0.001173   4.7e-03   1.6e-04 0.03
    23      70    8.2e+00    0    4.8e-02  -608.72797607  -559.11233317    -0.00000780   0.000889   3.6e-03   1.8e-04 0.03
 
RESULTS OF THE OCCUPATION OPTIMIZATION
========================================
   1    1.9999703  -103.87912284
   2    1.9998571  -26.33041788
   3    1.9997262  -9.61608080
   4    1.9997266  -9.24534604
   5    1.9995911  -8.60642345
   6    1.9997143  -8.54895267
   7    1.9928369  -0.99930255
   8    1.9928343  -0.99813018
   9    1.9928135  -0.99600750
  10    1.9666064  -0.91877447
  11    1.9873173  -0.73648115
  12    1.9872299  -0.73571544
  13    1.9859847  -0.72618518
  14    0.0061966  -0.00584320
  15    0.0059750  -0.00572991
  16    0.0059787  -0.00573087
  17    0.0321942  -0.02942788
  18    0.0055940  -0.00909462
  19    0.0055865  -0.00908866
  20    0.0055728  -0.00908169
  21    0.0001596  -0.00224639
  22    0.0001610  -0.00206607
  23    0.0001416  -0.00200122
  24    0.0001851  -0.00261145
  25    0.0001339  -0.00636446
  26    0.0000286  -0.00592153
  27    0.0042260  -0.00419819
  28    0.0042176  -0.00421654
  29    0.0042501  -0.00423820
  30    0.0007530  -0.00131534
  31    0.0006250  -0.00168038
  32    0.0005947  -0.00165427
  33    0.0006337  -0.00169596
  34    0.0001106  -0.00160774
  35    0.0001427  -0.00222404
  36    0.0001224  -0.00187156
  37    0.0000818  -0.00119996
  38    0.0000059  -0.00021341
  39    0.0000008  -0.00026540
  40    0.0025065  -0.00269836
  41    0.0016886  -0.00206460
  42    0.0015498  -0.00196134
  43    0.0002202  -0.00045867
  44    0.0004579  -0.00124182
  45    0.0004382  -0.00120201
  46    0.0004275  -0.00118960
  47    0.0000132  -0.00029844
  48    0.0000950  -0.00124019
  49    0.0000076  -0.00017252
  50    0.0000046  -0.00007942
  51    0.0000013  -0.00013419
  52    0.0000001  -0.00000194
  53    0.0008114  -0.00104866
  54    0.0004946  -0.00076156
  55    0.0005244  -0.00076561
  56    0.0001923  -0.00042504
  57    0.0003704  -0.00108981
  58    0.0003982  -0.00112888
  59    0.0003711  -0.00109477
  60    0.0000006  -0.00000114
  61    0.0000081  -0.00019586
  62    0.0000007  -0.00000152
  63    0.0000010  -0.00000977
  64    0.0000006  -0.00002352
  65    0.0000000  0.00000017
  66    0.0000969  -0.00021271
  67    0.0001787  -0.00029691
  68    0.0001600  -0.00028532
  69    0.0000161  -0.00007352
  70    0.0000481  -0.00019594
  71    0.0000507  -0.00019898
  72    0.0000548  -0.00021196
  73    0.0000006  -0.00000081
  74    0.0000008  -0.00000245
  75    0.0000004  -0.00000041
  76    0.0000006  -0.00000341
  77    0.0000004  -0.00001802
  78    0.0000000  0.00000017
  79    0.0000861  -0.00018151
  80    0.0001087  -0.00020492
  81    0.0001183  -0.00021450
  82    0.0000098  -0.00002711
  83    0.0000346  -0.00016957
  84    0.0000384  -0.00018025
  85    0.0000428  -0.00019162
  86    0.0000005  -0.00000033
  87    0.0000005  -0.00000092
  88    0.0000003  -0.00000044
  89    0.0000004  -0.00000047
  90    0.0000003  -0.00000457
  91    0.0000000  0.00000015
  92    0.0000515  -0.00010626
  93    0.0000611  -0.00011448
  94    0.0000522  -0.00010923
  95    0.0000055  -0.00002568
  96    0.0000319  -0.00015159
  97    0.0000364  -0.00017151
  98    0.0000382  -0.00017215
  99    0.0000003  0.00000018
 100    0.0000004  -0.00000025
 101    0.0000002  0.00000020
 102    0.0000002  -0.00000117
 103    0.0000002  -0.00000425
 104    0.0000000  0.00000013
 105    0.0000404  -0.00008801
 106    0.0000458  -0.00009278
 107    0.0000491  -0.00009790
 108    0.0000025  -0.00001473
 109    0.0000245  -0.00014427
 110    0.0000225  -0.00013627
 111    0.0000221  -0.00013855
 112    0.0000003  0.00000021
 113    0.0000004  0.00000010
 114    0.0000002  0.00000016
 115    0.0000002  0.00000001
 116    0.0000002  -0.00000396
 117    0.0000000  0.00000015
 
----------------
 Final Energies 
----------------
Final NOF Total Energy =    -559.1123332
 
Total Orbital Internal Iterations = 960
Total Occupation Internal Iterations = 163
 
Elapsed time:  148.05 Seconds

---------------------------------
   Lowdin Population Analysis    
---------------------------------
 Idx  Atom   Population   Charge 
---------------------------------
  1    Cl    16.875       0.125
  2     F     9.125      -0.125

---------------------------------
   M Diagnostic: 0.03
---------------------------------

