Computing Integrals
Basis Set                                            = def2-qzvp
Auxiliary Basis Set                                  = def2-universal-jkfit
Gaussian Type                                        = Spherical
Elapsed time:    1.73 Seconds

Number of basis functions                   (NBF)    = 70
Number of auxiliary basis functions         (NBFAUX) = 128
Inactive Doubly occupied orbitals up to     (NO1)    = 0
No. considered Strongly Doubly occupied MOs (NDOC)   = 8
No. considered Strongly Singly occupied MOs (NSOC)   = 1
NO. of Weakly occ. per St. Doubly occ.  MOs (NCWO)   = 7
Dimension of the Nat. Orb. subspace         (NBF5)   = 65
No. of electrons                                     = 17
    No. of alpha electrons                           = 9
    No. of beta electrons                            = 8
Multiplicity                                         = 2

Geometry
========
Cl       0.0000000       0.0000000       0.0000000

No violations of the orthonormality
No violations of the orthonormality
 
PNOF5/ADABelief Calculation
==================
 
  Nitext  Nit_orb  Time   Nit_occ  Time         Eelec          Etot           Ediff      maxdiff    MaxGrad_orb  Grad_occ
     1      10    8.9e+00   18    1.2e+01  -459.53340734  -459.53340734 -10458.53340734   0.004783   1.9e-02   2.3e-04 0.02
     2      20    6.2e-02    8    8.5e-03  -459.56935246  -459.56935246    -0.03594512   0.008362   3.3e-02   1.7e-04 0.01
     3      20    8.3e-02    8    1.2e-02  -459.57040497  -459.57040497    -0.00105250   0.012861   5.1e-02   2.3e-04 0.01
     4      20    7.4e-02    3    5.9e-03  -459.57078546  -459.57078546    -0.00038049   0.012536   5.0e-02   1.6e-04 0.01
     5      20    8.5e-02    3    8.8e-03  -459.57129594  -459.57129594    -0.00051048   0.010739   4.3e-02   1.8e-04 0.01
     6      20    1.1e-01    5    6.8e-03  -459.57149982  -459.57149982    -0.00020388   0.009710   3.9e-02   1.9e-04 0.01
     7      20    6.5e-02    1    2.5e-03  -459.57156159  -459.57156159    -0.00006177   0.011587   4.6e-02   2.1e-04 0.01
     8      20    9.1e-02    2    5.1e-03  -459.57174859  -459.57174859    -0.00018700   0.008707   3.5e-02   1.8e-04 0.01
     9      20    7.4e-02    0    3.4e-03  -459.57176027  -459.57176027    -0.00001168   0.008707   3.5e-02   1.8e-04 0.01
    10      32    1.2e-01    5    7.5e-03  -459.57198841  -459.57198841    -0.00022814   0.000459   1.8e-03   1.8e-04 0.01
 
RESULTS OF THE OCCUPATION OPTIMIZATION
========================================
   1    1.9999499  -93.62186720
   2    1.9999994  -21.87533540
   3    1.9995743  -8.08177872
   4    1.9995754  -8.06144777
   5    1.9995804  -8.05788899
   6    1.9892216  -0.74024264
   7    1.9870938  -0.71570369
   8    1.9846837  -0.69709643
   9    1.0000000  -0.28411228
  10    0.0064180  -0.00587041
  11    0.0061904  -0.00578682
  12    0.0059053  -0.00565976
  13    0.0001612  -0.00187853
  14    0.0001730  -0.00205449
  15    0.0001851  -0.00259741
  16    0.0000003  -0.00000648
  17    0.0000485  -0.00818088
  18    0.0033791  -0.00325898
  19    0.0031904  -0.00315288
  20    0.0027703  -0.00292234
  21    0.0001431  -0.00207775
  22    0.0001220  -0.00195590
  23    0.0001158  -0.00139989
  24    0.0000001  -0.00000038
  25    0.0000013  -0.00042114
  26    0.0029497  -0.00295541
  27    0.0023800  -0.00250253
  28    0.0008902  -0.00123363
  29    0.0001023  -0.00140108
  30    0.0001170  -0.00139915
  31    0.0001108  -0.00134259
  32    0.0000001  -0.00000027
  33    0.0000001  -0.00000002
  34    0.0023277  -0.00236507
  35    0.0007354  -0.00097310
  36    0.0007175  -0.00093872
  37    0.0000093  -0.00021545
  38    0.0000093  -0.00021337
  39    0.0000110  -0.00027309
  40    0.0000000  -0.00000016
  41    0.0000000  -0.00000001
  42    0.0001223  -0.00021112
  43    0.0001973  -0.00033236
  44    0.0002080  -0.00036744
  45    0.0000016  -0.00001559
  46    0.0000014  -0.00001529
  47    0.0000013  -0.00001275
  48    0.0000000  -0.00000014
  49    0.0000000  -0.00000004
  50    0.0000682  -0.00015443
  51    0.0001402  -0.00024364
  52    0.0001963  -0.00033772
  53    0.0000011  -0.00000296
  54    0.0000010  -0.00000309
  55    0.0000009  -0.00000092
  56    0.0000000  0.00000001
  57    0.0000000  -0.00000003
  58    0.0000513  -0.00011467
  59    0.0000725  -0.00012075
  60    0.0000907  -0.00014054
  61    0.0000009  -0.00000014
  62    0.0000009  -0.00000322
  63    0.0000009  -0.00000056
  64    0.0000000  0.00000000
  65    0.0000000  0.00000003
 
----------------
 Final Energies 
----------------
Final NOF Total Energy =    -459.5719884
 
Total Orbital Internal Iterations = 202
Total Occupation Internal Iterations = 53
 
Elapsed time:   27.62 Seconds

---------------------------------
   Lowdin Population Analysis    
---------------------------------
 Idx  Atom   Population   Charge 
---------------------------------
  1    Cl    17.000      -0.000

---------------------------------
   M Diagnostic: 0.01
---------------------------------

