Computing Integrals
Basis Set                                            = def2-qzvp
Auxiliary Basis Set                                  = def2-universal-jkfit
Gaussian Type                                        = Spherical
Elapsed time:    2.58 Seconds

Number of basis functions                   (NBF)    = 201
Number of auxiliary basis functions         (NBFAUX) = 249
Inactive Doubly occupied orbitals up to     (NO1)    = 0
No. considered Strongly Doubly occupied MOs (NDOC)   = 11
No. considered Strongly Singly occupied MOs (NSOC)   = 0
NO. of Weakly occ. per St. Doubly occ.  MOs (NCWO)   = 17
Dimension of the Nat. Orb. subspace         (NBF5)   = 198
No. of electrons                                     = 22
    No. of alpha electrons                           = 11
    No. of beta electrons                            = 11
Multiplicity                                         = 1

Geometry
========
 H       1.0789720      -1.3818100       0.0000000
 N       0.0937700      -1.1298800       0.0000000
 N       0.0000000       0.1110980       0.0000000
 N      -0.2479090       1.2161830       0.0000000

No violations of the orthonormality
No violations of the orthonormality
 
PNOF5/ADABelief Calculation
==================
 
  Nitext  Nit_orb  Time   Nit_occ  Time         Eelec          Etot           Ediff      maxdiff    MaxGrad_orb  Grad_occ
     1      10    1.1e+01   35    1.3e+01  -225.62915692  -164.03870152 -10224.62915692   0.016473   6.6e-02   2.4e-04 0.10
     2      20    3.5e+00    7    3.8e-01  -225.70920151  -164.11874611    -0.08004459   0.017451   7.0e-02   2.6e-04 0.09
     3      20    3.7e+00   13    6.6e-01  -225.71329814  -164.12284274    -0.00409663   0.020583   8.2e-02   1.4e-04 0.08
     4      20    3.6e+00    0    1.2e-01  -225.71346450  -164.12300910    -0.00016636   0.020583   8.2e-02   1.4e-04 0.08
     5      40    7.3e+00    1    2.0e-01  -225.71710716  -164.12665176    -0.00364266   0.004116   1.6e-02   2.4e-04 0.08
     6      40    7.9e+00    5    3.4e-01  -225.71721547  -164.12676007    -0.00010831   0.002567   1.0e-02   1.7e-04 0.08
     7      40    7.1e+00    1    1.3e-01  -225.71738102  -164.12692562    -0.00016555   0.002479   9.9e-03   1.8e-04 0.08
     8      40    7.3e+00    0    1.1e-01  -225.71738307  -164.12692767    -0.00000205   0.002479   9.9e-03   1.8e-04 0.08
     9      56    9.8e+00    0    1.4e-01  -225.71746628  -164.12701088    -0.00008321   0.000489   2.0e-03   1.8e-04 0.08
 
RESULTS OF THE OCCUPATION OPTIMIZATION
========================================
   1    1.9996451  -15.73939213
   2    1.9996432  -15.64345762
   3    1.9996335  -15.60570783
   4    1.9935509  -1.33907615
   5    1.9902708  -1.19911522
   6    1.9809396  -0.87448377
   7    1.9957540  -0.79197718
   8    1.9905386  -0.77630339
   9    1.9896676  -0.68276719
  10    1.9388309  -0.64409778
  11    1.9192979  -0.41524751
  12    0.0806906  -0.03147365
  13    0.0595121  -0.03390067
  14    0.0072822  -0.00724821
  15    0.0061117  -0.00664609
  16    0.0025595  -0.00282938
  17    0.0140688  -0.01387521
  18    0.0073340  -0.01038309
  19    0.0044911  -0.00767056
  20    0.0002652  -0.00730851
  21    0.0002618  -0.00727735
  22    0.0002621  -0.00730412
  23    0.0000023  -0.00001541
  24    0.0015682  -0.00145870
  25    0.0009300  -0.00138551
  26    0.0009151  -0.00146414
  27    0.0009034  -0.00108489
  28    0.0021703  -0.00308692
  29    0.0011625  -0.00238161
  30    0.0010764  -0.00245135
  31    0.0000382  -0.00076033
  32    0.0000314  -0.00060303
  33    0.0000400  -0.00081672
  34    0.0000014  -0.00000974
  35    0.0000348  -0.00009621
  36    0.0007220  -0.00114093
  37    0.0008012  -0.00129429
  38    0.0006297  -0.00080481
  39    0.0011912  -0.00184928
  40    0.0005231  -0.00122238
  41    0.0004452  -0.00118796
  42    0.0000325  -0.00062044
  43    0.0000294  -0.00055336
  44    0.0000287  -0.00054691
  45    0.0000009  -0.00000628
  46    0.0000326  -0.00007424
  47    0.0007180  -0.00118778
  48    0.0005957  -0.00102985
  49    0.0000854  -0.00020573
  50    0.0011195  -0.00171714
  51    0.0005025  -0.00118813
  52    0.0001861  -0.00059543
  53    0.0000249  -0.00049205
  54    0.0000279  -0.00056384
  55    0.0000186  -0.00035711
  56    0.0000008  -0.00000568
  57    0.0000066  -0.00003154
  58    0.0001870  -0.00036536
  59    0.0003299  -0.00056382
  60    0.0000320  -0.00006666
  61    0.0000926  -0.00023057
  62    0.0000500  -0.00016658
  63    0.0000636  -0.00020309
  64    0.0000039  -0.00022609
  65    0.0000039  -0.00022586
  66    0.0000037  -0.00022687
  67    0.0000008  -0.00000481
  68    0.0000046  -0.00001614
  69    0.0001772  -0.00035113
  70    0.0003225  -0.00055785
  71    0.0000184  -0.00006174
  72    0.0000873  -0.00020940
  73    0.0000479  -0.00015899
  74    0.0000628  -0.00019955
  75    0.0000004  -0.00000398
  76    0.0000005  -0.00000463
  77    0.0000003  -0.00000388
  78    0.0000007  -0.00000432
  79    0.0000025  -0.00001245
  80    0.0000930  -0.00018492
  81    0.0001094  -0.00020461
  82    0.0000048  -0.00002626
  83    0.0000712  -0.00018485
  84    0.0000309  -0.00013012
  85    0.0000289  -0.00012482
  86    0.0000002  -0.00000296
  87    0.0000004  -0.00000341
  88    0.0000003  -0.00000188
  89    0.0000006  -0.00000460
  90    0.0000017  -0.00000901
  91    0.0000819  -0.00018529
  92    0.0000789  -0.00016032
  93    0.0000024  -0.00001506
  94    0.0000687  -0.00017290
  95    0.0000205  -0.00008766
  96    0.0000241  -0.00011002
  97    0.0000002  -0.00000303
  98    0.0000003  -0.00000309
  99    0.0000002  -0.00000565
 100    0.0000006  -0.00000359
 101    0.0000013  -0.00000669
 102    0.0000606  -0.00016255
 103    0.0000643  -0.00016202
 104    0.0000023  -0.00001749
 105    0.0000648  -0.00017008
 106    0.0000154  -0.00007940
 107    0.0000198  -0.00008768
 108    0.0000002  -0.00001038
 109    0.0000002  -0.00000292
 110    0.0000002  -0.00000168
 111    0.0000005  -0.00000297
 112    0.0000010  -0.00000499
 113    0.0000180  -0.00004791
 114    0.0000211  -0.00006418
 115    0.0000014  -0.00000761
 116    0.0000364  -0.00011430
 117    0.0000109  -0.00004213
 118    0.0000141  -0.00007034
 119    0.0000001  -0.00000316
 120    0.0000002  -0.00000658
 121    0.0000001  -0.00000081
 122    0.0000005  -0.00000332
 123    0.0000009  -0.00000494
 124    0.0000135  -0.00004700
 125    0.0000203  -0.00006247
 126    0.0000012  -0.00000776
 127    0.0000252  -0.00008088
 128    0.0000078  -0.00003624
 129    0.0000128  -0.00004717
 130    0.0000001  -0.00000031
 131    0.0000002  -0.00000369
 132    0.0000001  -0.00000095
 133    0.0000004  -0.00000242
 134    0.0000006  -0.00000397
 135    0.0000122  -0.00004356
 136    0.0000199  -0.00005531
 137    0.0000011  -0.00000389
 138    0.0000231  -0.00005563
 139    0.0000073  -0.00003554
 140    0.0000066  -0.00003697
 141    0.0000001  0.00000026
 142    0.0000001  0.00000022
 143    0.0000001  0.00000015
 144    0.0000004  -0.00000207
 145    0.0000006  -0.00000270
 146    0.0000105  -0.00004003
 147    0.0000192  -0.00005710
 148    0.0000009  -0.00000249
 149    0.0000159  -0.00005040
 150    0.0000049  -0.00002175
 151    0.0000055  -0.00002789
 152    0.0000001  0.00000030
 153    0.0000001  -0.00000101
 154    0.0000001  0.00000003
 155    0.0000004  -0.00000171
 156    0.0000005  -0.00000259
 157    0.0000094  -0.00003303
 158    0.0000190  -0.00005667
 159    0.0000009  -0.00000347
 160    0.0000082  -0.00003187
 161    0.0000038  -0.00001799
 162    0.0000049  -0.00002088
 163    0.0000001  0.00000035
 164    0.0000001  0.00000016
 165    0.0000001  0.00000026
 166    0.0000004  -0.00000133
 167    0.0000004  -0.00000216
 168    0.0000065  -0.00003268
 169    0.0000149  -0.00005296
 170    0.0000009  -0.00000510
 171    0.0000064  -0.00003008
 172    0.0000030  -0.00001427
 173    0.0000028  -0.00001162
 174    0.0000001  0.00000032
 175    0.0000001  0.00000004
 176    0.0000001  0.00000029
 177    0.0000003  -0.00000061
 178    0.0000004  -0.00000131
 179    0.0000060  -0.00002225
 180    0.0000102  -0.00004305
 181    0.0000008  -0.00000274
 182    0.0000057  -0.00002501
 183    0.0000026  -0.00001254
 184    0.0000023  -0.00000845
 185    0.0000001  0.00000028
 186    0.0000001  0.00000031
 187    0.0000001  0.00000030
 188    0.0000003  -0.00000075
 189    0.0000003  -0.00000141
 190    0.0000042  -0.00001817
 191    0.0000082  -0.00003928
 192    0.0000007  -0.00000183
 193    0.0000050  -0.00002337
 194    0.0000023  -0.00001300
 195    0.0000019  -0.00000954
 196    0.0000001  0.00000030
 197    0.0000001  0.00000031
 198    0.0000001  0.00000030
 
----------------
 Final Energies 
----------------
Final NOF Total Energy =    -164.1270109
 
Total Orbital Internal Iterations = 286
Total Occupation Internal Iterations = 62
 
Elapsed time:   86.60 Seconds

---------------------------------
   Lowdin Population Analysis    
---------------------------------
 Idx  Atom   Population   Charge 
---------------------------------
  1     H     1.248      -0.248
  2     N     6.830       0.170
  3     N     6.983       0.017
  4     N     6.939       0.061

---------------------------------
   M Diagnostic: 0.08
---------------------------------

