Computing Integrals
Basis Set                                            = def2-qzvp
Auxiliary Basis Set                                  = def2-universal-jkfit
Gaussian Type                                        = Spherical
Elapsed time:    3.62 Seconds

Number of basis functions                   (NBF)    = 231
Number of auxiliary basis functions         (NBFAUX) = 265
Inactive Doubly occupied orbitals up to     (NO1)    = 0
No. considered Strongly Doubly occupied MOs (NDOC)   = 12
No. considered Strongly Singly occupied MOs (NSOC)   = 0
NO. of Weakly occ. per St. Doubly occ.  MOs (NCWO)   = 18
Dimension of the Nat. Orb. subspace         (NBF5)   = 228
No. of electrons                                     = 24
    No. of alpha electrons                           = 12
    No. of beta electrons                            = 12
Multiplicity                                         = 1

Geometry
========
 C       0.0000000       0.4219440       0.0000000
 H      -0.3743040       1.4496730       0.0000000
 O       1.1579540       0.1088220       0.0000000
 O      -1.0303490      -0.4404950       0.0000000
 H      -0.6465310      -1.3279500       0.0000000

No violations of the orthonormality
No violations of the orthonormality
 
PNOF5/ADABelief Calculation
==================
 
  Nitext  Nit_orb  Time   Nit_occ  Time         Eelec          Etot           Ediff      maxdiff    MaxGrad_orb  Grad_occ
     1      10    1.2e+01   19    1.3e+01  -259.37121159  -189.07820437 -10258.37121159   0.008229   3.3e-02   2.5e-04 0.06
     2      20    4.5e+00    9    6.5e-01  -259.39866656  -189.10565934    -0.02745497   0.026420   1.1e-01   2.4e-04 0.06
     3      20    5.1e+00   10    7.6e-01  -259.40144402  -189.10843680    -0.00277745   0.033102   1.3e-01   2.2e-04 0.05
     4      20    4.5e+00    0    2.2e-01  -259.40155688  -189.10854966    -0.00011287   0.033102   1.3e-01   2.2e-04 0.05
     5      40    9.7e+00    1    2.4e-01  -259.40489511  -189.11188789    -0.00333823   0.001730   6.9e-03   1.8e-04 0.05
     6      40    9.5e+00    0    2.1e-01  -259.40489885  -189.11189163    -0.00000374   0.001730   6.9e-03   1.8e-04 0.05
     7      60    1.4e+01    0    1.6e-01  -259.40491631  -189.11190909    -0.00001746   0.000512   2.0e-03   1.8e-04 0.05
 
RESULTS OF THE OCCUPATION OPTIMIZATION
========================================
   1    1.9997827  -20.60342217
   2    1.9998011  -20.55897767
   3    1.9994411  -11.37678339
   4    1.9908435  -1.17305337
   5    1.9862024  -1.03874078
   6    1.9808127  -0.95300940
   7    1.9908511  -0.79036922
   8    1.9908611  -0.79013134
   9    1.9902989  -0.78370518
  10    1.9905497  -0.78289129
  11    1.9782282  -0.77492855
  12    1.9472592  -0.56793907
  13    0.0509658  -0.02822047
  14    0.0139483  -0.01234718
  15    0.0071594  -0.00877446
  16    0.0073384  -0.00896156
  17    0.0072261  -0.00877914
  18    0.0072053  -0.00876769
  19    0.0155232  -0.01678382
  20    0.0114577  -0.01412179
  21    0.0070691  -0.01068737
  22    0.0003834  -0.00763666
  23    0.0001821  -0.00677704
  24    0.0001845  -0.00684267
  25    0.0015716  -0.00145681
  26    0.0028814  -0.00349238
  27    0.0009144  -0.00171483
  28    0.0009918  -0.00177433
  29    0.0007269  -0.00143959
  30    0.0007438  -0.00145426
  31    0.0016852  -0.00277035
  32    0.0011457  -0.00217687
  33    0.0012350  -0.00257987
  34    0.0000606  -0.00091042
  35    0.0000133  -0.00036160
  36    0.0000178  -0.00047223
  37    0.0001031  -0.00023410
  38    0.0022468  -0.00274920
  39    0.0005945  -0.00120940
  40    0.0005632  -0.00115082
  41    0.0004611  -0.00098517
  42    0.0004651  -0.00098730
  43    0.0008621  -0.00153228
  44    0.0005836  -0.00120283
  45    0.0004272  -0.00109212
  46    0.0000586  -0.00086305
  47    0.0000022  -0.00016113
  48    0.0000106  -0.00029263
  49    0.0000767  -0.00010213
  50    0.0019755  -0.00253653
  51    0.0004270  -0.00097058
  52    0.0004502  -0.00097887
  53    0.0004261  -0.00093812
  54    0.0004318  -0.00094562
  55    0.0008541  -0.00151190
  56    0.0004878  -0.00109294
  57    0.0002573  -0.00069917
  58    0.0000469  -0.00064740
  59    0.0000002  -0.00000305
  60    0.0000022  -0.00015943
  61    0.0000100  -0.00003563
  62    0.0001287  -0.00023796
  63    0.0000937  -0.00026606
  64    0.0000892  -0.00025857
  65    0.0000711  -0.00020896
  66    0.0000703  -0.00020911
  67    0.0000512  -0.00017064
  68    0.0000321  -0.00010946
  69    0.0000488  -0.00015899
  70    0.0000062  -0.00028732
  71    0.0000001  -0.00000191
  72    0.0000003  -0.00000179
  73    0.0000022  -0.00001259
  74    0.0001276  -0.00023953
  75    0.0000801  -0.00025363
  76    0.0000760  -0.00024309
  77    0.0000592  -0.00018369
  78    0.0000607  -0.00018459
  79    0.0000490  -0.00016594
  80    0.0000240  -0.00009986
  81    0.0000287  -0.00012026
  82    0.0000005  -0.00000839
  83    0.0000001  -0.00000636
  84    0.0000002  -0.00000116
  85    0.0000019  -0.00001157
  86    0.0001067  -0.00020628
  87    0.0000515  -0.00016787
  88    0.0000561  -0.00016913
  89    0.0000481  -0.00015812
  90    0.0000521  -0.00016928
  91    0.0000451  -0.00014331
  92    0.0000162  -0.00008544
  93    0.0000213  -0.00008598
  94    0.0000004  -0.00000874
  95    0.0000001  0.00000027
  96    0.0000002  -0.00000047
  97    0.0000014  -0.00000664
  98    0.0000816  -0.00018825
  99    0.0000438  -0.00015058
 100    0.0000482  -0.00015850
 101    0.0000448  -0.00015367
 102    0.0000470  -0.00015519
 103    0.0000320  -0.00009735
 104    0.0000115  -0.00005237
 105    0.0000201  -0.00009173
 106    0.0000003  -0.00000592
 107    0.0000001  0.00000003
 108    0.0000002  -0.00000003
 109    0.0000012  -0.00000179
 110    0.0000763  -0.00017309
 111    0.0000374  -0.00012573
 112    0.0000343  -0.00011948
 113    0.0000366  -0.00012300
 114    0.0000318  -0.00011282
 115    0.0000234  -0.00008371
 116    0.0000091  -0.00005117
 117    0.0000126  -0.00005927
 118    0.0000003  -0.00000262
 119    0.0000001  -0.00000061
 120    0.0000002  0.00000031
 121    0.0000011  -0.00000313
 122    0.0000609  -0.00015596
 123    0.0000161  -0.00005829
 124    0.0000211  -0.00007168
 125    0.0000127  -0.00005305
 126    0.0000155  -0.00006124
 127    0.0000178  -0.00006262
 128    0.0000075  -0.00003224
 129    0.0000098  -0.00006173
 130    0.0000002  -0.00000023
 131    0.0000001  0.00000029
 132    0.0000001  0.00000030
 133    0.0000010  -0.00000179
 134    0.0000341  -0.00009275
 135    0.0000061  -0.00002379
 136    0.0000068  -0.00002746
 137    0.0000050  -0.00002091
 138    0.0000046  -0.00002072
 139    0.0000148  -0.00006426
 140    0.0000047  -0.00002341
 141    0.0000054  -0.00001752
 142    0.0000002  -0.00000003
 143    0.0000001  -0.00000022
 144    0.0000001  0.00000033
 145    0.0000009  -0.00000082
 146    0.0000309  -0.00009339
 147    0.0000059  -0.00002566
 148    0.0000050  -0.00002299
 149    0.0000039  -0.00001389
 150    0.0000042  -0.00001456
 151    0.0000075  -0.00003338
 152    0.0000033  -0.00001637
 153    0.0000044  -0.00001707
 154    0.0000002  0.00000028
 155    0.0000001  0.00000028
 156    0.0000001  0.00000038
 157    0.0000008  -0.00000091
 158    0.0000254  -0.00007701
 159    0.0000042  -0.00002039
 160    0.0000045  -0.00002009
 161    0.0000034  -0.00001236
 162    0.0000036  -0.00001278
 163    0.0000054  -0.00002736
 164    0.0000032  -0.00001196
 165    0.0000038  -0.00001921
 166    0.0000002  0.00000038
 167    0.0000001  0.00000025
 168    0.0000001  0.00000031
 169    0.0000008  -0.00000165
 170    0.0000126  -0.00003149
 171    0.0000040  -0.00002114
 172    0.0000040  -0.00001835
 173    0.0000033  -0.00001054
 174    0.0000032  -0.00001129
 175    0.0000049  -0.00001950
 176    0.0000030  -0.00001273
 177    0.0000035  -0.00001608
 178    0.0000002  0.00000039
 179    0.0000001  0.00000024
 180    0.0000001  0.00000037
 181    0.0000007  -0.00000045
 182    0.0000107  -0.00003231
 183    0.0000035  -0.00001580
 184    0.0000039  -0.00001385
 185    0.0000032  -0.00001078
 186    0.0000028  -0.00001230
 187    0.0000037  -0.00001972
 188    0.0000025  -0.00001018
 189    0.0000032  -0.00000901
 190    0.0000001  0.00000038
 191    0.0000001  0.00000023
 192    0.0000001  0.00000034
 193    0.0000006  -0.00000034
 194    0.0000091  -0.00003089
 195    0.0000032  -0.00001395
 196    0.0000031  -0.00000965
 197    0.0000026  -0.00000780
 198    0.0000027  -0.00000755
 199    0.0000033  -0.00001703
 200    0.0000021  -0.00000489
 201    0.0000025  -0.00000649
 202    0.0000001  0.00000036
 203    0.0000001  0.00000026
 204    0.0000001  -0.00000235
 205    0.0000006  -0.00000054
 206    0.0000086  -0.00002997
 207    0.0000028  -0.00000848
 208    0.0000028  -0.00000971
 209    0.0000024  -0.00000514
 210    0.0000022  -0.00000625
 211    0.0000024  -0.00001106
 212    0.0000018  -0.00000393
 213    0.0000020  -0.00000501
 214    0.0000001  0.00000039
 215    0.0000001  0.00000025
 216    0.0000001  -0.00000451
 217    0.0000005  -0.00000056
 218    0.0000067  -0.00002160
 219    0.0000027  -0.00001265
 220    0.0000026  -0.00000903
 221    0.0000023  -0.00000555
 222    0.0000022  -0.00000330
 223    0.0000023  -0.00001018
 224    0.0000017  -0.00000497
 225    0.0000017  -0.00000057
 226    0.0000001  0.00000041
 227    0.0000001  0.00000026
 228    0.0000001  -0.00000023
 
----------------
 Final Energies 
----------------
Final NOF Total Energy =    -189.1119091
 
Total Orbital Internal Iterations = 210
Total Occupation Internal Iterations = 39
 
Elapsed time:   84.38 Seconds

---------------------------------
   Lowdin Population Analysis    
---------------------------------
 Idx  Atom   Population   Charge 
---------------------------------
  1     C     6.482      -0.482
  2     H     1.089      -0.089
  3     O     7.741       0.259
  4     O     7.393       0.607
  5     H     1.295      -0.295

---------------------------------
   M Diagnostic: 0.05
---------------------------------

