Computing Integrals
Basis Set                                            = def2-qzvp
Auxiliary Basis Set                                  = def2-universal-jkfit
Gaussian Type                                        = Spherical
Elapsed time:    1.67 Seconds

Number of basis functions                   (NBF)    = 70
Number of auxiliary basis functions         (NBFAUX) = 128
Inactive Doubly occupied orbitals up to     (NO1)    = 0
No. considered Strongly Doubly occupied MOs (NDOC)   = 6
No. considered Strongly Singly occupied MOs (NSOC)   = 2
NO. of Weakly occ. per St. Doubly occ.  MOs (NCWO)   = 10
Dimension of the Nat. Orb. subspace         (NBF5)   = 68
No. of electrons                                     = 14
    No. of alpha electrons                           = 8
    No. of beta electrons                            = 6
Multiplicity                                         = 3

Geometry
========
Si       0.0000000       0.0000000       0.0000000

No violations of the orthonormality
No violations of the orthonormality
 
PNOF5/ADABelief Calculation
==================
 
  Nitext  Nit_orb  Time   Nit_occ  Time         Eelec          Etot           Ediff      maxdiff    MaxGrad_orb  Grad_occ
     1      10    9.0e+00   11    1.2e+01  -288.88499660  -288.88499660 -10287.88499660   0.004177   1.7e-02   2.3e-04 0.04
     2      20    6.2e-02   25    4.2e-02  -288.90526720  -288.90526720    -0.02027060   0.132324   5.3e-01   1.7e-04 0.04
     3      20    1.1e-01   12    1.5e-02  -288.91344880  -288.91344880    -0.00818160   0.007800   3.1e-02   1.7e-04 0.04
     4      20    9.2e-02    3    5.8e-03  -288.91522539  -288.91522539    -0.00177659   0.005497   2.2e-02   1.4e-04 0.04
     5      20    7.2e-02    3    5.0e-03  -288.91548877  -288.91548877    -0.00026338   0.016415   6.6e-02   2.0e-04 0.04
     6      20    7.9e-02    6    7.5e-03  -288.91566576  -288.91566576    -0.00017698   0.015103   6.0e-02   1.0e-04 0.04
     7      20    9.9e-02    0    4.4e-03  -288.91662813  -288.91662813    -0.00096237   0.004564   1.8e-02   2.1e-04 0.04
     8      30    1.1e-01    6    9.9e-03  -288.91670560  -288.91670560    -0.00007747   0.001646   6.6e-03   1.3e-04 0.04
     9      30    9.7e-02    0    1.8e-03  -288.91681833  -288.91681833    -0.00011273   0.001380   5.5e-03   1.5e-04 0.04
    10      35    1.2e-01    0    1.6e-03  -288.91684102  -288.91684102    -0.00002269   0.000493   2.0e-03   1.6e-04 0.04
 
RESULTS OF THE OCCUPATION OPTIMIZATION
========================================
   1    1.9999589  -68.57917997
   2    1.9991157  -4.82155453
   3    1.9990183  -4.81507988
   4    1.9990580  -4.80164951
   5    1.9989317  -4.77251011
   6    1.9601377  -0.54981209
   7    1.0000000  -0.14821671
   8    1.0000000  -0.14817219
   9    0.0349284  -0.01528160
  10    0.0007216  -0.00519024
  11    0.0007555  -0.00536266
  12    0.0007518  -0.00535386
  13    0.0007066  -0.00513463
  14    0.0000396  -0.00553222
  15    0.0011505  -0.00078184
  16    0.0002166  -0.00156030
  17    0.0001560  -0.00112315
  18    0.0002078  -0.00149880
  19    0.0001513  -0.00110460
  20    0.0000010  -0.00019011
  21    0.0010988  -0.00075652
  22    0.0001226  -0.00092166
  23    0.0000223  -0.00017936
  24    0.0000172  -0.00013693
  25    0.0000172  -0.00015050
  26    0.0000002  -0.00000070
  27    0.0007468  -0.00051499
  28    0.0000025  -0.00002761
  29    0.0000060  -0.00001992
  30    0.0000017  -0.00000658
  31    0.0000053  -0.00001821
  32    0.0000001  0.00000004
  33    0.0007119  -0.00049838
  34    0.0000015  -0.00000215
  35    0.0000006  -0.00000146
  36    0.0000007  -0.00000118
  37    0.0000015  -0.00000374
  38    0.0000001  0.00000003
  39    0.0006620  -0.00045479
  40    0.0000009  -0.00000052
  41    0.0000004  -0.00000050
  42    0.0000006  -0.00000065
  43    0.0000007  -0.00000109
  44    0.0000000  0.00000002
  45    0.0002460  -0.00023393
  46    0.0000008  -0.00000010
  47    0.0000004  -0.00000029
  48    0.0000006  -0.00000038
  49    0.0000005  -0.00000058
  50    0.0000000  0.00000003
  51    0.0001284  -0.00012852
  52    0.0000007  -0.00000033
  53    0.0000003  0.00000003
  54    0.0000005  -0.00000007
  55    0.0000005  -0.00000017
  56    0.0000000  0.00000002
  57    0.0001050  -0.00011762
  58    0.0000006  -0.00000006
  59    0.0000003  0.00000005
  60    0.0000004  -0.00000010
  61    0.0000005  -0.00000007
  62    0.0000000  0.00000003
  63    0.0000845  -0.00008289
  64    0.0000006  -0.00000002
  65    0.0000003  -0.00000000
  66    0.0000004  0.00000004
  67    0.0000004  -0.00000001
  68    0.0000000  0.00000003
 
----------------
 Final Energies 
----------------
Final NOF Total Energy =    -288.9168410
 
Total Orbital Internal Iterations = 225
Total Occupation Internal Iterations = 66
 
Elapsed time:   27.91 Seconds

---------------------------------
   Lowdin Population Analysis    
---------------------------------
 Idx  Atom   Population   Charge 
---------------------------------
  1    Si    14.000      -0.000

---------------------------------
   M Diagnostic: 0.04
---------------------------------

