Computing Integrals
Basis Set                                            = def2-qzvp
Auxiliary Basis Set                                  = def2-universal-jkfit
Gaussian Type                                        = Spherical
Elapsed time:    4.17 Seconds

Number of basis functions                   (NBF)    = 231
Number of auxiliary basis functions         (NBFAUX) = 265
Inactive Doubly occupied orbitals up to     (NO1)    = 0
No. considered Strongly Doubly occupied MOs (NDOC)   = 12
No. considered Strongly Singly occupied MOs (NSOC)   = 0
NO. of Weakly occ. per St. Doubly occ.  MOs (NCWO)   = 18
Dimension of the Nat. Orb. subspace         (NBF5)   = 228
No. of electrons                                     = 24
    No. of alpha electrons                           = 12
    No. of beta electrons                            = 12
Multiplicity                                         = 1

Geometry
========
 C       0.0000000       0.4210350       0.0000000
 H      -0.3830630       1.4480420       0.0000000
 H      -0.6595560      -1.3436440       0.0000000
 O       1.1585180       0.1170880       0.0000000
 O      -1.0281910      -0.4459140       0.0000000

No violations of the orthonormality
No violations of the orthonormality
 
PNOF5/ADABelief Calculation
==================
 
  Nitext  Nit_orb  Time   Nit_occ  Time         Eelec          Etot           Ediff      maxdiff    MaxGrad_orb  Grad_occ
     1      10    1.1e+01   19    1.3e+01  -259.31335028  -189.07857393 -10258.31335028   0.009098   3.6e-02   2.3e-04 0.06
     2      20    4.3e+00    0    2.2e-01  -259.33769480  -189.10291845    -0.02434452   0.009098   3.6e-02   2.3e-04 0.06
     3      40    9.4e+00    9    7.1e-01  -259.34530711  -189.11053077    -0.00761231   0.003824   1.5e-02   2.2e-04 0.06
     4      40    9.5e+00    8    6.6e-01  -259.34636942  -189.11159308    -0.00106231   0.002825   1.1e-02   2.5e-04 0.05
     5      40    9.3e+00    3    3.5e-01  -259.34656351  -189.11178717    -0.00019409   0.002850   1.1e-02   2.0e-04 0.05
     6      40    9.8e+00    0    2.1e-01  -259.34661526  -189.11183892    -0.00005175   0.003079   1.2e-02   2.2e-04 0.05
     7      50    1.2e+01    0    2.1e-01  -259.34666814  -189.11189180    -0.00005288   0.003452   1.4e-02   2.2e-04 0.05
     8      60    1.4e+01    0    2.1e-01  -259.34670567  -189.11192932    -0.00003753   0.001627   6.5e-03   2.2e-04 0.05
     9      70    1.6e+01    0    2.2e-01  -259.34672337  -189.11194702    -0.00001770   0.001238   5.0e-03   2.3e-04 0.05
    10      80    1.9e+01    0    1.6e-01  -259.34673467  -189.11195833    -0.00001130   0.000920   3.7e-03   2.3e-04 0.05
 
RESULTS OF THE OCCUPATION OPTIMIZATION
========================================
   1    1.9997818  -20.60303347
   2    1.9997997  -20.55860171
   3    1.9994422  -11.37673450
   4    1.9907985  -1.17317018
   5    1.9861923  -1.03793822
   6    1.9804957  -0.95000392
   7    1.9908766  -0.79021062
   8    1.9907992  -0.78838587
   9    1.9902944  -0.78429581
  10    1.9905921  -0.78315315
  11    1.9782116  -0.77360767
  12    1.9473378  -0.56872835
  13    0.0509525  -0.02820084
  14    0.0138796  -0.01232391
  15    0.0071472  -0.00876724
  16    0.0074216  -0.00899861
  17    0.0072569  -0.00879070
  18    0.0072120  -0.00877867
  19    0.0158191  -0.01695490
  20    0.0114896  -0.01413431
  21    0.0071245  -0.01070916
  22    0.0003836  -0.00763834
  23    0.0001832  -0.00679036
  24    0.0001857  -0.00685750
  25    0.0014691  -0.00138774
  26    0.0028701  -0.00347933
  27    0.0008964  -0.00170687
  28    0.0009363  -0.00173887
  29    0.0007302  -0.00144516
  30    0.0007051  -0.00142266
  31    0.0017024  -0.00277322
  32    0.0011321  -0.00215921
  33    0.0012122  -0.00256412
  34    0.0000609  -0.00090922
  35    0.0000131  -0.00035888
  36    0.0000181  -0.00047848
  37    0.0000778  -0.00019115
  38    0.0022770  -0.00275547
  39    0.0005807  -0.00119790
  40    0.0005606  -0.00114926
  41    0.0004653  -0.00098772
  42    0.0004630  -0.00098481
  43    0.0008654  -0.00153160
  44    0.0005695  -0.00118927
  45    0.0004367  -0.00110829
  46    0.0000579  -0.00086182
  47    0.0000022  -0.00016201
  48    0.0000101  -0.00028371
  49    0.0000702  -0.00011099
  50    0.0020285  -0.00255879
  51    0.0004279  -0.00097728
  52    0.0004334  -0.00096732
  53    0.0004557  -0.00097175
  54    0.0004310  -0.00094564
  55    0.0008518  -0.00149733
  56    0.0004909  -0.00109624
  57    0.0003009  -0.00077919
  58    0.0000457  -0.00063851
  59    0.0000004  -0.00000719
  60    0.0000023  -0.00016108
  61    0.0000630  -0.00009539
  62    0.0001357  -0.00024451
  63    0.0000913  -0.00026520
  64    0.0000873  -0.00025844
  65    0.0000709  -0.00020773
  66    0.0000742  -0.00021178
  67    0.0000521  -0.00018379
  68    0.0000358  -0.00011410
  69    0.0000280  -0.00011628
  70    0.0000064  -0.00028801
  71    0.0000002  -0.00000167
  72    0.0000002  -0.00000176
  73    0.0000094  -0.00002434
  74    0.0001256  -0.00023511
  75    0.0000813  -0.00025602
  76    0.0000727  -0.00024123
  77    0.0000573  -0.00018110
  78    0.0000610  -0.00018449
  79    0.0000508  -0.00014178
  80    0.0000208  -0.00009430
  81    0.0000214  -0.00009805
  82    0.0000009  -0.00000681
  83    0.0000001  -0.00000013
  84    0.0000002  -0.00000101
  85    0.0000046  -0.00001962
  86    0.0001100  -0.00020675
  87    0.0000521  -0.00016477
  88    0.0000564  -0.00016847
  89    0.0000477  -0.00015558
  90    0.0000563  -0.00017412
  91    0.0000478  -0.00016080
  92    0.0000161  -0.00008653
  93    0.0000194  -0.00010285
  94    0.0000004  -0.00001705
  95    0.0000001  -0.00000354
  96    0.0000002  -0.00000079
  97    0.0000032  -0.00001436
  98    0.0000864  -0.00019437
  99    0.0000451  -0.00014972
 100    0.0000476  -0.00015451
 101    0.0000428  -0.00015170
 102    0.0000474  -0.00015190
 103    0.0000297  -0.00009415
 104    0.0000136  -0.00006026
 105    0.0000170  -0.00008851
 106    0.0000003  -0.00000184
 107    0.0000001  -0.00000369
 108    0.0000002  0.00000036
 109    0.0000020  -0.00000509
 110    0.0000741  -0.00016773
 111    0.0000380  -0.00013438
 112    0.0000392  -0.00013095
 113    0.0000330  -0.00011530
 114    0.0000337  -0.00011999
 115    0.0000281  -0.00008943
 116    0.0000092  -0.00005167
 117    0.0000104  -0.00006670
 118    0.0000003  -0.00000058
 119    0.0000001  -0.00000000
 120    0.0000002  0.00000036
 121    0.0000019  -0.00000827
 122    0.0000590  -0.00015534
 123    0.0000167  -0.00005849
 124    0.0000205  -0.00006673
 125    0.0000166  -0.00006569
 126    0.0000110  -0.00004682
 127    0.0000168  -0.00006680
 128    0.0000078  -0.00002836
 129    0.0000079  -0.00002811
 130    0.0000002  -0.00000016
 131    0.0000001  0.00000029
 132    0.0000001  0.00000035
 133    0.0000014  -0.00000205
 134    0.0000361  -0.00009407
 135    0.0000064  -0.00002552
 136    0.0000053  -0.00002289
 137    0.0000053  -0.00001964
 138    0.0000072  -0.00002123
 139    0.0000139  -0.00005697
 140    0.0000049  -0.00002419
 141    0.0000043  -0.00001827
 142    0.0000002  -0.00000017
 143    0.0000001  0.00000027
 144    0.0000001  0.00000037
 145    0.0000013  -0.00000208
 146    0.0000342  -0.00009460
 147    0.0000051  -0.00002288
 148    0.0000049  -0.00002204
 149    0.0000038  -0.00001467
 150    0.0000048  -0.00001617
 151    0.0000068  -0.00003254
 152    0.0000036  -0.00001747
 153    0.0000042  -0.00001876
 154    0.0000002  0.00000011
 155    0.0000001  0.00000027
 156    0.0000001  -0.00000006
 157    0.0000012  -0.00000085
 158    0.0000270  -0.00007867
 159    0.0000044  -0.00001808
 160    0.0000041  -0.00001733
 161    0.0000034  -0.00001327
 162    0.0000034  -0.00001229
 163    0.0000047  -0.00002635
 164    0.0000029  -0.00001368
 165    0.0000034  -0.00001525
 166    0.0000002  0.00000027
 167    0.0000001  0.00000027
 168    0.0000001  -0.00000074
 169    0.0000010  -0.00000101
 170    0.0000117  -0.00003303
 171    0.0000042  -0.00001686
 172    0.0000037  -0.00001795
 173    0.0000029  -0.00000992
 174    0.0000033  -0.00001365
 175    0.0000036  -0.00002079
 176    0.0000028  -0.00001145
 177    0.0000032  -0.00001637
 178    0.0000002  0.00000025
 179    0.0000001  0.00000024
 180    0.0000001  -0.00000382
 181    0.0000009  -0.00000054
 182    0.0000101  -0.00003174
 183    0.0000032  -0.00001300
 184    0.0000035  -0.00001252
 185    0.0000026  -0.00001018
 186    0.0000028  -0.00001188
 187    0.0000032  -0.00001647
 188    0.0000024  -0.00001199
 189    0.0000028  -0.00000628
 190    0.0000002  0.00000033
 191    0.0000001  0.00000024
 192    0.0000001  0.00000016
 193    0.0000009  -0.00000087
 194    0.0000084  -0.00002968
 195    0.0000030  -0.00001267
 196    0.0000031  -0.00001296
 197    0.0000023  -0.00000747
 198    0.0000026  -0.00000749
 199    0.0000029  -0.00001597
 200    0.0000022  -0.00000423
 201    0.0000022  -0.00000687
 202    0.0000001  0.00000036
 203    0.0000001  0.00000023
 204    0.0000001  -0.00000144
 205    0.0000009  -0.00000024
 206    0.0000080  -0.00002697
 207    0.0000027  -0.00001115
 208    0.0000027  -0.00001182
 209    0.0000022  -0.00000629
 210    0.0000025  -0.00000681
 211    0.0000026  -0.00001301
 212    0.0000019  -0.00000357
 213    0.0000019  -0.00000436
 214    0.0000001  0.00000038
 215    0.0000001  0.00000023
 216    0.0000001  -0.00000057
 217    0.0000008  -0.00000048
 218    0.0000071  -0.00002404
 219    0.0000022  -0.00000853
 220    0.0000027  -0.00000778
 221    0.0000020  -0.00000200
 222    0.0000021  -0.00000330
 223    0.0000024  -0.00000892
 224    0.0000015  -0.00000285
 225    0.0000012  -0.00000338
 226    0.0000001  0.00000037
 227    0.0000001  0.00000024
 228    0.0000001  0.00000024
 
----------------
 Final Energies 
----------------
Final NOF Total Energy =    -189.1119583
 
Total Orbital Internal Iterations = 450
Total Occupation Internal Iterations = 39
 
Elapsed time:  143.10 Seconds

---------------------------------
   Lowdin Population Analysis    
---------------------------------
 Idx  Atom   Population   Charge 
---------------------------------
  1     C     6.484      -0.484
  2     H     1.088      -0.088
  3     H     1.289      -0.289
  4     O     7.740       0.260
  5     O     7.399       0.601

---------------------------------
   M Diagnostic: 0.05
---------------------------------

