Computing Integrals
Basis Set                                            = def2-qzvp
Auxiliary Basis Set                                  = def2-universal-jkfit
Gaussian Type                                        = Spherical
Elapsed time:   20.45 Seconds

Number of basis functions                   (NBF)    = 560
Number of auxiliary basis functions         (NBFAUX) = 1024
Inactive Doubly occupied orbitals up to     (NO1)    = 0
No. considered Strongly Doubly occupied MOs (NDOC)   = 64
No. considered Strongly Singly occupied MOs (NSOC)   = 0
NO. of Weakly occ. per St. Doubly occ.  MOs (NCWO)   = 7
Dimension of the Nat. Orb. subspace         (NBF5)   = 512
No. of electrons                                     = 128
    No. of alpha electrons                           = 64
    No. of beta electrons                            = 64
Multiplicity                                         = 1

Geometry
========
Al       0.0000000       0.0000000      -1.5954390
Al       0.0000000       0.0000000       1.5954390
Cl       0.0000000       1.6230790       0.0000000
Cl       0.0000000      -1.6230790       0.0000000
Cl       1.8212280       0.0000000      -2.6042940
Cl      -1.8212280       0.0000000      -2.6042940
Cl      -1.8212280       0.0000000       2.6042940
Cl       1.8212280       0.0000000       2.6042940

No violations of the orthonormality
No violations of the orthonormality
 
PNOF7/ADABelief Calculation
==================
 
  Nitext  Nit_orb  Time   Nit_occ  Time         Eelec          Etot           Ediff      maxdiff    MaxGrad_orb  Grad_occ
     1      10    6.2e+01   60    4.5e+01 -4380.58700689 -3239.35775754 -14379.58700689   0.002237   9.0e-03   2.9e-04 0.02
     2      20    7.0e+01    0    2.3e+00 -4383.21921612 -3241.98996677    -2.63220924   0.002238   9.0e-03   2.9e-04 0.02
     3      40    1.3e+02   42    1.4e+01 -4383.23882494 -3242.00957559    -0.01960882   0.424471   1.7e+00   3.5e-04 0.03
     4      40    1.4e+02   25    8.0e+00 -4383.43034405 -3242.20109470    -0.19151911   0.006481   2.6e-02   3.0e-04 0.03
     5      40    1.3e+02   18    6.5e+00 -4383.47720594 -3242.24795659    -0.04686189   0.006516   2.6e-02   3.3e-04 0.03
     6      40    1.3e+02   18    6.6e+00 -4383.50422886 -3242.27497951    -0.02702292   0.006588   2.6e-02   2.9e-04 0.03
     7      40    1.4e+02   16    6.1e+00 -4383.52244536 -3242.29319601    -0.01821650   0.010364   4.1e-02   3.5e-04 0.04
     8      40    1.4e+02   13    5.3e+00 -4383.53573305 -3242.30648370    -0.01328769   0.005031   2.0e-02   3.5e-04 0.04
     9      40    1.4e+02   11    5.0e+00 -4383.54578393 -3242.31653458    -0.01005088   0.005708   2.3e-02   4.0e-04 0.04
    10      40    1.3e+02   14    5.7e+00 -4383.55400790 -3242.32475855    -0.00822397   0.003556   1.4e-02   3.3e-04 0.04
    11      40    1.4e+02    8    4.2e+00 -4383.56044644 -3242.33119709    -0.00643854   0.005558   2.2e-02   3.9e-04 0.04
    12      40    1.5e+02    8    4.5e+00 -4383.56515600 -3242.33590665    -0.00470956   0.002683   1.1e-02   3.6e-04 0.04
    13      40    1.3e+02    8    4.2e+00 -4383.56865611 -3242.33940676    -0.00350011   0.003267   1.3e-02   3.7e-04 0.04
    14      40    1.4e+02    9    4.5e+00 -4383.57148079 -3242.34223144    -0.00282469   0.003386   1.4e-02   3.1e-04 0.04
    15      40    1.3e+02    7    4.0e+00 -4383.57380461 -3242.34455526    -0.00232382   0.002430   9.7e-03   4.3e-04 0.04
    16      40    1.3e+02    9    4.4e+00 -4383.57571994 -3242.34647060    -0.00191533   0.001901   7.6e-03   3.2e-04 0.04
    17      40    1.4e+02   11    4.8e+00 -4383.57735913 -3242.34810978    -0.00163919   0.003931   1.6e-02   2.8e-04 0.04
    18      40    1.4e+02    6    3.7e+00 -4383.57869302 -3242.34944367    -0.00133389   0.002447   9.8e-03   2.6e-04 0.04
    19      40    1.6e+02    6    3.7e+00 -4383.57969305 -3242.35044370    -0.00100002   0.002474   9.9e-03   2.8e-04 0.04
    20      40    1.3e+02    6    3.8e+00 -4383.58067384 -3242.35142449    -0.00098079   0.002658   1.1e-02   2.8e-04 0.04
    21      40    1.3e+02    6    3.8e+00 -4383.58163958 -3242.35239023    -0.00096574   0.008187   3.3e-02   2.7e-04 0.04
    22      40    1.6e+02    6    3.8e+00 -4383.58261139 -3242.35336204    -0.00097181   0.002511   1.0e-02   2.7e-04 0.04
    23      40    1.4e+02    8    4.1e+00 -4383.58349052 -3242.35424117    -0.00087913   0.002210   8.8e-03   2.1e-04 0.04
    24      40    1.3e+02    8    4.2e+00 -4383.58431304 -3242.35506369    -0.00082252   0.002345   9.4e-03   2.0e-04 0.04
    25      40    1.3e+02    6    3.7e+00 -4383.58478937 -3242.35554002    -0.00047634   0.003546   1.4e-02   2.5e-04 0.04
    26      40    1.4e+02    3    3.1e+00 -4383.58515917 -3242.35590982    -0.00036980   0.002570   1.0e-02   2.4e-04 0.04
    27      40    1.5e+02    3    2.9e+00 -4383.58528933 -3242.35603998    -0.00013016   0.002011   8.0e-03   3.4e-04 0.04
    28      40    1.5e+02    6    3.7e+00 -4383.58553440 -3242.35628505    -0.00024507   0.002939   1.2e-02   2.1e-04 0.04
    29      40    1.3e+02    5    3.5e+00 -4383.58575924 -3242.35650989    -0.00022484   0.001892   7.6e-03   3.0e-04 0.04
    30      40    1.4e+02    6    3.8e+00 -4383.58608301 -3242.35683366    -0.00032377   0.004071   1.6e-02   2.7e-04 0.04
    31      40    1.4e+02    7    3.9e+00 -4383.58636548 -3242.35711613    -0.00028247   0.002361   9.4e-03   1.9e-04 0.04
    32      40    1.3e+02    7    3.9e+00 -4383.58673076 -3242.35748141    -0.00036528   0.010069   4.0e-02   2.1e-04 0.04
    33      40    1.5e+02    2    2.8e+00 -4383.58698854 -3242.35773919    -0.00025778   0.002547   1.0e-02   3.4e-04 0.04
    34      40    1.5e+02    5    3.6e+00 -4383.58722417 -3242.35797482    -0.00023563   0.002350   9.4e-03   2.8e-04 0.04
    35      40    1.3e+02    5    3.5e+00 -4383.58736706 -3242.35811771    -0.00014289   0.002700   1.1e-02   2.0e-04 0.04
    36      40    1.7e+02    2    2.9e+00 -4383.58764294 -3242.35839359    -0.00027587   0.002112   8.4e-03   2.0e-04 0.04
    37      40    1.4e+02    0    2.3e+00 -4383.58765677 -3242.35840742    -0.00001383   0.002112   8.4e-03   2.0e-04 0.04
    38      42    1.6e+02    1    2.7e+00 -4383.58793072 -3242.35868137    -0.00027395   0.000474   1.9e-03   2.7e-04 0.04
 
RESULTS OF THE OCCUPATION OPTIMIZATION
========================================
   1    1.9999468  -95.23704774
   2    1.9999480  -94.27302316
   3    1.9999480  -94.20991980
   4    1.9999479  -94.04328740
   5    1.9999479  -94.04314952
   6    1.9999479  -94.04178750
   7    1.9999453  -58.47073343
   8    1.9999453  -58.46518812
   9    1.9999942  -21.37358319
  10    1.9999941  -21.37322788
  11    1.9999941  -21.37211317
  12    1.9999931  -21.33026921
  13    1.9999921  -21.26407186
  14    1.9999829  -20.13477434
  15    1.9994744  -8.10038166
  16    1.9994505  -8.09825459
  17    1.9994450  -8.09753391
  18    1.9994404  -8.09688072
  19    1.9994391  -8.09684412
  20    1.9994386  -8.09595773
  21    1.9995645  -8.05602738
  22    1.9995661  -8.05506856
  23    1.9992878  -8.03913313
  24    1.9993181  -8.03799263
  25    1.9994361  -8.03612180
  26    1.9994437  -8.03591393
  27    1.9993253  -8.03526573
  28    1.9994407  -8.03487835
  29    1.9995647  -8.03480454
  30    1.9994317  -8.03449535
  31    1.9994465  -8.03394131
  32    1.9995635  -8.03358038
  33    1.9986119  -3.85827512
  34    1.9984508  -3.81897398
  35    1.9984088  -3.79779890
  36    1.9983707  -3.79702871
  37    1.9984103  -3.79382976
  38    1.9982114  -3.70195977
  39    1.9981707  -3.69993509
  40    1.9982404  -3.68119595
  41    1.9843767  -0.85773114
  42    1.9840634  -0.85472599
  43    1.9837624  -0.85423086
  44    1.9830206  -0.84323838
  45    1.9824373  -0.82697583
  46    1.9791318  -0.82625879
  47    1.9784181  -0.80824926
  48    1.9780851  -0.80807845
  49    1.9720282  -0.73676418
  50    1.9635582  -0.68887130
  51    1.9725783  -0.67787343
  52    1.9721404  -0.67323905
  53    1.9721813  -0.67132779
  54    1.9714042  -0.66733226
  55    1.9703775  -0.63877736
  56    1.9700780  -0.63667579
  57    1.9575433  -0.63524661
  58    1.9621072  -0.62464661
  59    1.9573918  -0.61437378
  60    1.9620858  -0.61371057
  61    1.9604759  -0.61113356
  62    1.9568106  -0.56995375
  63    1.9562452  -0.56578364
  64    1.9449399  -0.52909216
  65    0.0200263  -0.01082145
  66    0.0202640  -0.01138116
  67    0.0193653  -0.01104564
  68    0.0168661  -0.01033700
  69    0.0147990  -0.00928059
  70    0.0207199  -0.01224218
  71    0.0153721  -0.00971873
  72    0.0191540  -0.01176042
  73    0.0167603  -0.01041115
  74    0.0158676  -0.01012042
  75    0.0156467  -0.00997775
  76    0.0146407  -0.00943945
  77    0.0150309  -0.00968062
  78    0.0141860  -0.00922159
  79    0.0147854  -0.00991657
  80    0.0162977  -0.01097076
  81    0.0103765  -0.00841798
  82    0.0107689  -0.00855715
  83    0.0107016  -0.00870650
  84    0.0108829  -0.00881596
  85    0.0133382  -0.01019567
  86    0.0126791  -0.00986967
  87    0.0122700  -0.00962342
  88    0.0116345  -0.00923736
  89    0.0012723  -0.00650368
  90    0.0012810  -0.00655812
  91    0.0012503  -0.00644556
  92    0.0012653  -0.00655876
  93    0.0012993  -0.00668874
  94    0.0012688  -0.00657700
  95    0.0012647  -0.00657196
  96    0.0013079  -0.00673131
  97    0.0002202  -0.00254799
  98    0.0002092  -0.00263907
  99    0.0002150  -0.00269461
 100    0.0002241  -0.00258991
 101    0.0002177  -0.00260751
 102    0.0002021  -0.00248940
 103    0.0002089  -0.00252089
 104    0.0002034  -0.00264532
 105    0.0001992  -0.00262154
 106    0.0002158  -0.00240012
 107    0.0002141  -0.00260100
 108    0.0002117  -0.00252644
 109    0.0002184  -0.00254922
 110    0.0002093  -0.00263801
 111    0.0002156  -0.00262255
 112    0.0002150  -0.00263303
 113    0.0002013  -0.00243761
 114    0.0002063  -0.00249472
 115    0.0000137  -0.00025058
 116    0.0000057  -0.00005073
 117    0.0000048  -0.00004317
 118    0.0000042  -0.00003443
 119    0.0000043  -0.00004060
 120    0.0000041  -0.00003622
 121    0.0000528  -0.00589430
 122    0.0000529  -0.00589827
 123    0.0000505  -0.00833189
 124    0.0000505  -0.00832496
 125    0.0000505  -0.00832482
 126    0.0000503  -0.00832208
 127    0.0000503  -0.00832253
 128    0.0000515  -0.00848314
 129    0.0161596  -0.00858160
 130    0.0155479  -0.00871446
 131    0.0159137  -0.00893354
 132    0.0135691  -0.00845040
 133    0.0136630  -0.00862583
 134    0.0148109  -0.00886020
 135    0.0134202  -0.00851643
 136    0.0167880  -0.01003309
 137    0.0111393  -0.00736773
 138    0.0110600  -0.00723560
 139    0.0108704  -0.00743951
 140    0.0110298  -0.00760957
 141    0.0108819  -0.00749057
 142    0.0111290  -0.00776485
 143    0.0122176  -0.00845450
 144    0.0097464  -0.00745419
 145    0.0088385  -0.00701617
 146    0.0086659  -0.00682145
 147    0.0080675  -0.00653577
 148    0.0041636  -0.00371909
 149    0.0011386  -0.00137967
 150    0.0010626  -0.00133754
 151    0.0010831  -0.00134334
 152    0.0014457  -0.00171763
 153    0.0002242  -0.00114457
 154    0.0003051  -0.00158257
 155    0.0003039  -0.00158590
 156    0.0002872  -0.00150762
 157    0.0002853  -0.00150315
 158    0.0002938  -0.00154193
 159    0.0002394  -0.00126197
 160    0.0000569  -0.00036944
 161    0.0001921  -0.00233005
 162    0.0001876  -0.00213275
 163    0.0001913  -0.00216990
 164    0.0001856  -0.00223124
 165    0.0001765  -0.00215344
 166    0.0001821  -0.00219008
 167    0.0001841  -0.00218740
 168    0.0001944  -0.00212098
 169    0.0001864  -0.00205369
 170    0.0001950  -0.00256311
 171    0.0001950  -0.00225510
 172    0.0001969  -0.00233067
 173    0.0001807  -0.00227110
 174    0.0001867  -0.00216290
 175    0.0001859  -0.00220311
 176    0.0001747  -0.00210562
 177    0.0001866  -0.00225322
 178    0.0001612  -0.00193885
 179    0.0000014  -0.00001605
 180    0.0000010  -0.00001183
 181    0.0000010  -0.00001246
 182    0.0000007  -0.00001082
 183    0.0000006  -0.00000883
 184    0.0000007  -0.00000982
 185    0.0000016  -0.00023066
 186    0.0000015  -0.00022838
 187    0.0000014  -0.00044504
 188    0.0000014  -0.00044545
 189    0.0000014  -0.00044589
 190    0.0000014  -0.00044423
 191    0.0000014  -0.00044349
 192    0.0000015  -0.00045533
 193    0.0126192  -0.00702758
 194    0.0069756  -0.00459392
 195    0.0069095  -0.00458258
 196    0.0081883  -0.00559748
 197    0.0087389  -0.00592812
 198    0.0060618  -0.00434156
 199    0.0083196  -0.00579621
 200    0.0056539  -0.00417030
 201    0.0009175  -0.00110466
 202    0.0015450  -0.00161200
 203    0.0008416  -0.00103326
 204    0.0009302  -0.00112796
 205    0.0008614  -0.00105948
 206    0.0009295  -0.00113477
 207    0.0088585  -0.00666893
 208    0.0009633  -0.00120667
 209    0.0014796  -0.00172801
 210    0.0008837  -0.00114643
 211    0.0008833  -0.00116370
 212    0.0009557  -0.00121604
 213    0.0008790  -0.00115010
 214    0.0008023  -0.00104771
 215    0.0008308  -0.00108220
 216    0.0008349  -0.00110189
 217    0.0002190  -0.00113117
 218    0.0002144  -0.00110473
 219    0.0002048  -0.00106618
 220    0.0000230  -0.00015360
 221    0.0000261  -0.00016635
 222    0.0000120  -0.00010327
 223    0.0000293  -0.00020041
 224    0.0000092  -0.00004741
 225    0.0000157  -0.00037283
 226    0.0001347  -0.00154184
 227    0.0001399  -0.00157506
 228    0.0000161  -0.00038194
 229    0.0001428  -0.00158675
 230    0.0001386  -0.00155959
 231    0.0001399  -0.00157989
 232    0.0001429  -0.00158725
 233    0.0001399  -0.00156750
 234    0.0001416  -0.00157702
 235    0.0000169  -0.00040524
 236    0.0000168  -0.00040302
 237    0.0001404  -0.00157620
 238    0.0001434  -0.00159452
 239    0.0001367  -0.00156029
 240    0.0001449  -0.00161964
 241    0.0001392  -0.00156140
 242    0.0001420  -0.00173021
 243    0.0000010  -0.00001455
 244    0.0000005  -0.00000879
 245    0.0000004  -0.00000695
 246    0.0000003  -0.00000740
 247    0.0000002  -0.00000750
 248    0.0000003  -0.00000872
 249    0.0000001  -0.00000336
 250    0.0000001  -0.00000313
 251    0.0000001  -0.00000292
 252    0.0000001  -0.00000254
 253    0.0000001  -0.00000235
 254    0.0000001  -0.00000218
 255    0.0000001  -0.00000280
 256    0.0000001  -0.00000227
 257    0.0061212  -0.00402824
 258    0.0005728  -0.00064731
 259    0.0005694  -0.00065145
 260    0.0005807  -0.00068432
 261    0.0005289  -0.00062276
 262    0.0006487  -0.00074653
 263    0.0005817  -0.00069353
 264    0.0005588  -0.00068791
 265    0.0005665  -0.00069808
 266    0.0005598  -0.00066767
 267    0.0006611  -0.00085454
 268    0.0006352  -0.00083244
 269    0.0006856  -0.00087679
 270    0.0006896  -0.00087371
 271    0.0003857  -0.00053624
 272    0.0006351  -0.00086805
 273    0.0006794  -0.00090059
 274    0.0006786  -0.00092520
 275    0.0007087  -0.00095371
 276    0.0007228  -0.00098050
 277    0.0007252  -0.00097224
 278    0.0007220  -0.00097309
 279    0.0007367  -0.00098595
 280    0.0007155  -0.00097128
 281    0.0000319  -0.00021844
 282    0.0000173  -0.00011715
 283    0.0000188  -0.00012546
 284    0.0000051  -0.00002752
 285    0.0000107  -0.00005308
 286    0.0000066  -0.00003134
 287    0.0000060  -0.00003142
 288    0.0000045  -0.00002495
 289    0.0000036  -0.00004124
 290    0.0000152  -0.00036403
 291    0.0000155  -0.00037064
 292    0.0000039  -0.00004534
 293    0.0000153  -0.00036548
 294    0.0001313  -0.00151792
 295    0.0000153  -0.00036614
 296    0.0000156  -0.00037163
 297    0.0001354  -0.00153941
 298    0.0001393  -0.00156538
 299    0.0000032  -0.00003622
 300    0.0000034  -0.00004038
 301    0.0000152  -0.00036255
 302    0.0000153  -0.00036721
 303    0.0000152  -0.00036586
 304    0.0000137  -0.00034785
 305    0.0000155  -0.00036922
 306    0.0000092  -0.00027339
 307    0.0000005  -0.00000822
 308    0.0000004  -0.00000710
 309    0.0000004  -0.00000701
 310    0.0000002  -0.00000721
 311    0.0000002  -0.00000689
 312    0.0000002  -0.00000633
 313    0.0000001  -0.00000220
 314    0.0000001  -0.00000205
 315    0.0000000  -0.00000153
 316    0.0000000  -0.00000162
 317    0.0000000  -0.00000145
 318    0.0000000  -0.00000161
 319    0.0000001  -0.00000250
 320    0.0000000  -0.00000180
 321    0.0000560  -0.00009862
 322    0.0002726  -0.00033478
 323    0.0003027  -0.00037620
 324    0.0002106  -0.00027352
 325    0.0000782  -0.00012903
 326    0.0002542  -0.00034285
 327    0.0000961  -0.00017882
 328    0.0001780  -0.00027024
 329    0.0002270  -0.00030923
 330    0.0003582  -0.00045908
 331    0.0002854  -0.00039901
 332    0.0003198  -0.00042924
 333    0.0002049  -0.00030062
 334    0.0002720  -0.00038383
 335    0.0000813  -0.00013984
 336    0.0001459  -0.00025207
 337    0.0002630  -0.00036583
 338    0.0002247  -0.00034496
 339    0.0001949  -0.00031235
 340    0.0004155  -0.00058029
 341    0.0003171  -0.00046065
 342    0.0004176  -0.00059623
 343    0.0004421  -0.00061877
 344    0.0004304  -0.00061549
 345    0.0000054  -0.00002707
 346    0.0000042  -0.00002451
 347    0.0000041  -0.00002409
 348    0.0000035  -0.00002278
 349    0.0000030  -0.00002015
 350    0.0000041  -0.00002379
 351    0.0000040  -0.00002352
 352    0.0000037  -0.00002276
 353    0.0000021  -0.00002132
 354    0.0000032  -0.00003631
 355    0.0000030  -0.00003600
 356    0.0000024  -0.00002593
 357    0.0000029  -0.00003356
 358    0.0000148  -0.00035568
 359    0.0000033  -0.00004097
 360    0.0000041  -0.00004603
 361    0.0000154  -0.00036675
 362    0.0000155  -0.00037024
 363    0.0000020  -0.00002513
 364    0.0000028  -0.00003133
 365    0.0000025  -0.00003045
 366    0.0000031  -0.00003523
 367    0.0000026  -0.00003232
 368    0.0000031  -0.00003167
 369    0.0000031  -0.00003626
 370    0.0000029  -0.00003189
 371    0.0000002  -0.00000832
 372    0.0000002  -0.00000905
 373    0.0000002  -0.00000854
 374    0.0000002  -0.00000410
 375    0.0000002  -0.00000507
 376    0.0000002  -0.00000430
 377    0.0000001  -0.00000208
 378    0.0000001  -0.00000183
 379    0.0000000  -0.00000091
 380    0.0000000  -0.00000098
 381    0.0000000  -0.00000116
 382    0.0000000  -0.00000168
 383    0.0000000  -0.00000175
 384    0.0000000  -0.00000132
 385    0.0000469  -0.00008243
 386    0.0000677  -0.00012257
 387    0.0000741  -0.00013010
 388    0.0000633  -0.00011568
 389    0.0000667  -0.00012017
 390    0.0000624  -0.00010921
 391    0.0000596  -0.00010716
 392    0.0000700  -0.00012281
 393    0.0001858  -0.00023772
 394    0.0001323  -0.00021845
 395    0.0001994  -0.00029784
 396    0.0001625  -0.00025875
 397    0.0001134  -0.00019392
 398    0.0001493  -0.00024619
 399    0.0000572  -0.00011503
 400    0.0001075  -0.00020441
 401    0.0002056  -0.00031920
 402    0.0001998  -0.00031106
 403    0.0001843  -0.00031089
 404    0.0002891  -0.00043487
 405    0.0003113  -0.00046335
 406    0.0003684  -0.00053672
 407    0.0003545  -0.00051886
 408    0.0003518  -0.00050557
 409    0.0000038  -0.00002273
 410    0.0000037  -0.00002285
 411    0.0000039  -0.00002337
 412    0.0000031  -0.00002010
 413    0.0000025  -0.00001801
 414    0.0000031  -0.00001972
 415    0.0000033  -0.00002129
 416    0.0000035  -0.00002114
 417    0.0000015  -0.00001654
 418    0.0000021  -0.00002139
 419    0.0000020  -0.00002165
 420    0.0000017  -0.00001662
 421    0.0000023  -0.00002336
 422    0.0000031  -0.00003780
 423    0.0000026  -0.00002679
 424    0.0000020  -0.00002149
 425    0.0000034  -0.00004299
 426    0.0000030  -0.00003898
 427    0.0000014  -0.00001539
 428    0.0000021  -0.00001986
 429    0.0000025  -0.00002807
 430    0.0000016  -0.00001982
 431    0.0000020  -0.00001876
 432    0.0000020  -0.00002285
 433    0.0000021  -0.00002462
 434    0.0000023  -0.00002513
 435    0.0000001  -0.00000351
 436    0.0000001  -0.00000270
 437    0.0000001  -0.00000236
 438    0.0000002  -0.00000373
 439    0.0000002  -0.00000412
 440    0.0000002  -0.00000397
 441    0.0000001  -0.00000171
 442    0.0000001  -0.00000184
 443    0.0000000  -0.00000089
 444    0.0000000  -0.00000090
 445    0.0000000  -0.00000088
 446    0.0000000  -0.00000120
 447    0.0000000  -0.00000129
 448    0.0000000  -0.00000124
 449    0.0000307  -0.00006027
 450    0.0000543  -0.00009670
 451    0.0000546  -0.00009866
 452    0.0000461  -0.00009288
 453    0.0000395  -0.00008185
 454    0.0000503  -0.00009343
 455    0.0000436  -0.00008842
 456    0.0000539  -0.00010249
 457    0.0001255  -0.00019913
 458    0.0000994  -0.00017629
 459    0.0000913  -0.00015788
 460    0.0001004  -0.00015838
 461    0.0000815  -0.00015758
 462    0.0000662  -0.00013351
 463    0.0000560  -0.00011461
 464    0.0000760  -0.00015526
 465    0.0000723  -0.00014753
 466    0.0001603  -0.00026316
 467    0.0001280  -0.00022749
 468    0.0001330  -0.00023964
 469    0.0002700  -0.00039885
 470    0.0001856  -0.00030347
 471    0.0002194  -0.00034328
 472    0.0002105  -0.00031819
 473    0.0000030  -0.00001976
 474    0.0000036  -0.00002201
 475    0.0000029  -0.00001909
 476    0.0000024  -0.00001715
 477    0.0000024  -0.00001725
 478    0.0000028  -0.00001899
 479    0.0000025  -0.00001830
 480    0.0000023  -0.00001715
 481    0.0000012  -0.00001389
 482    0.0000017  -0.00001648
 483    0.0000016  -0.00001543
 484    0.0000015  -0.00001568
 485    0.0000018  -0.00001712
 486    0.0000026  -0.00002374
 487    0.0000022  -0.00001856
 488    0.0000015  -0.00001563
 489    0.0000023  -0.00002136
 490    0.0000019  -0.00001752
 491    0.0000012  -0.00001334
 492    0.0000018  -0.00001642
 493    0.0000016  -0.00001818
 494    0.0000015  -0.00001607
 495    0.0000014  -0.00001544
 496    0.0000017  -0.00001594
 497    0.0000016  -0.00001737
 498    0.0000017  -0.00001721
 499    0.0000001  -0.00000249
 500    0.0000001  -0.00000208
 501    0.0000001  -0.00000219
 502    0.0000002  -0.00000341
 503    0.0000002  -0.00000416
 504    0.0000002  -0.00000397
 505    0.0000001  -0.00000150
 506    0.0000001  -0.00000137
 507    0.0000000  -0.00000089
 508    0.0000000  -0.00000085
 509    0.0000000  -0.00000088
 510    0.0000000  -0.00000117
 511    0.0000000  -0.00000122
 512    0.0000000  -0.00000106
 
----------------
 Final Energies 
----------------
Final NOF Total Energy =   -3242.3586814
 
Total Orbital Internal Iterations = 1472
Total Occupation Internal Iterations = 381
 
Elapsed time: 5726.53 Seconds

---------------------------------
   Lowdin Population Analysis    
---------------------------------
 Idx  Atom   Population   Charge 
---------------------------------
  1    Al    15.055      -2.055
  2    Al    15.061      -2.061
  3    Cl    16.070       0.930
  4    Cl    16.074       0.926
  5    Cl    16.435       0.565
  6    Cl    16.435       0.565
  7    Cl    16.435       0.565
  8    Cl    16.434       0.566

---------------------------------
   M Diagnostic: 0.04
---------------------------------

