Computing Integrals
Basis Set                                            = def2-qzvp
Auxiliary Basis Set                                  = def2-universal-jkfit
Gaussian Type                                        = Spherical
Elapsed time:    4.00 Seconds

Number of basis functions                   (NBF)    = 266
Number of auxiliary basis functions         (NBFAUX) = 314
Inactive Doubly occupied orbitals up to     (NO1)    = 0
No. considered Strongly Doubly occupied MOs (NDOC)   = 12
No. considered Strongly Singly occupied MOs (NSOC)   = 0
NO. of Weakly occ. per St. Doubly occ.  MOs (NCWO)   = 21
Dimension of the Nat. Orb. subspace         (NBF5)   = 264
No. of electrons                                     = 24
    No. of alpha electrons                           = 12
    No. of beta electrons                            = 12
Multiplicity                                         = 1

Geometry
========
 C      -0.0873021      -0.5756259       0.4272794
 H       0.7239084      -0.9798726       1.0202452
 C       0.0023041       0.7585438       0.0826803
 H      -1.0679668      -0.9409131       0.7065507
Li       0.2893331       0.0164861      -1.6539172
 N       0.1397233       1.7213818      -0.5828383

No violations of the orthonormality
No violations of the orthonormality
 
PNOF7/ADABelief Calculation
==================
 
  Nitext  Nit_orb  Time   Nit_occ  Time         Eelec          Etot           Ediff      maxdiff    MaxGrad_orb  Grad_occ
     1      10    2.5e+01  134    3.7e+01  -207.60170649  -138.70587728 -10206.60170649   0.000678   2.7e-03   2.2e-04 0.11
 
RESULTS OF THE OCCUPATION OPTIMIZATION
========================================
   1    1.9996774  -15.51162921
   2    1.9995251  -11.24076675
   3    1.9995277  -11.18419857
   4    1.9973036  -2.47161860
   5    1.9885344  -1.07934108
   6    1.9827014  -0.82491817
   7    1.9768529  -0.67471818
   8    1.9768607  -0.67438911
   9    1.9652380  -0.55731456
  10    1.9740710  -0.54739785
  11    1.8873762  -0.47005189
  12    1.9414680  -0.46441073
  13    0.0580643  -0.02399886
  14    0.1121656  -0.04412410
  15    0.0253338  -0.01474985
  16    0.0342982  -0.01831925
  17    0.0228176  -0.01618209
  18    0.0227645  -0.01615646
  19    0.0167899  -0.01329242
  20    0.0111138  -0.01252050
  21    0.0026328  -0.01060456
  22    0.0004418  -0.00834048
  23    0.0004601  -0.00863904
  24    0.0003075  -0.00802635
  25    0.0001402  -0.00024868
  26    0.0002122  -0.00031644
  27    0.0002834  -0.00039179
  28    0.0001380  -0.00017290
  29    0.0000855  -0.00017055
  30    0.0001237  -0.00023265
  31    0.0002262  -0.00039672
  32    0.0001285  -0.00023562
  33    0.0000198  -0.00008463
  34    0.0000118  -0.00014491
  35    0.0000046  -0.00005925
  36    0.0000096  -0.00017311
  37    0.0001314  -0.00015616
  38    0.0000898  -0.00015304
  39    0.0001207  -0.00017621
  40    0.0001177  -0.00022783
  41    0.0000754  -0.00014400
  42    0.0000686  -0.00012209
  43    0.0001365  -0.00022443
  44    0.0000816  -0.00016126
  45    0.0000105  -0.00005226
  46    0.0000063  -0.00007762
  47    0.0000016  -0.00002461
  48    0.0000018  -0.00003893
  49    0.0000485  -0.00007911
  50    0.0000349  -0.00005173
  51    0.0000403  -0.00008176
  52    0.0000425  -0.00008326
  53    0.0000313  -0.00007282
  54    0.0000467  -0.00009437
  55    0.0000331  -0.00008009
  56    0.0000328  -0.00007405
  57    0.0000083  -0.00004144
  58    0.0000043  -0.00005737
  59    0.0000014  -0.00002199
  60    0.0000008  -0.00001938
  61    0.0000340  -0.00005452
  62    0.0000285  -0.00005376
  63    0.0000389  -0.00007069
  64    0.0000415  -0.00007468
  65    0.0000244  -0.00005186
  66    0.0000348  -0.00006737
  67    0.0000286  -0.00006698
  68    0.0000243  -0.00004642
  69    0.0000045  -0.00002677
  70    0.0000022  -0.00004972
  71    0.0000007  -0.00001014
  72    0.0000004  -0.00000918
  73    0.0000337  -0.00005365
  74    0.0000235  -0.00003776
  75    0.0000365  -0.00006334
  76    0.0000373  -0.00007160
  77    0.0000239  -0.00004648
  78    0.0000315  -0.00006329
  79    0.0000220  -0.00005045
  80    0.0000227  -0.00005153
  81    0.0000042  -0.00002400
  82    0.0000009  -0.00001495
  83    0.0000007  -0.00000989
  84    0.0000003  -0.00000558
  85    0.0000274  -0.00003991
  86    0.0000193  -0.00002660
  87    0.0000162  -0.00002771
  88    0.0000319  -0.00004390
  89    0.0000216  -0.00004849
  90    0.0000175  -0.00003346
  91    0.0000147  -0.00002986
  92    0.0000135  -0.00002880
  93    0.0000020  -0.00001281
  94    0.0000007  -0.00001206
  95    0.0000006  -0.00000903
  96    0.0000002  -0.00000397
  97    0.0000107  -0.00002136
  98    0.0000115  -0.00001649
  99    0.0000114  -0.00001810
 100    0.0000080  -0.00001636
 101    0.0000163  -0.00003558
 102    0.0000105  -0.00002098
 103    0.0000110  -0.00001890
 104    0.0000124  -0.00002792
 105    0.0000020  -0.00001106
 106    0.0000005  -0.00000846
 107    0.0000005  -0.00000655
 108    0.0000002  -0.00000388
 109    0.0000095  -0.00001936
 110    0.0000068  -0.00001273
 111    0.0000084  -0.00001562
 112    0.0000068  -0.00001505
 113    0.0000103  -0.00002420
 114    0.0000102  -0.00002174
 115    0.0000079  -0.00001847
 116    0.0000081  -0.00001761
 117    0.0000019  -0.00000942
 118    0.0000004  -0.00000512
 119    0.0000005  -0.00000698
 120    0.0000002  -0.00000325
 121    0.0000070  -0.00001430
 122    0.0000067  -0.00001244
 123    0.0000080  -0.00001548
 124    0.0000066  -0.00001179
 125    0.0000072  -0.00001559
 126    0.0000080  -0.00001498
 127    0.0000060  -0.00001409
 128    0.0000058  -0.00001267
 129    0.0000016  -0.00000819
 130    0.0000003  -0.00000468
 131    0.0000005  -0.00000763
 132    0.0000002  -0.00000409
 133    0.0000053  -0.00001084
 134    0.0000054  -0.00000697
 135    0.0000067  -0.00001401
 136    0.0000058  -0.00002341
 137    0.0000069  -0.00001613
 138    0.0000072  -0.00001556
 139    0.0000044  -0.00000917
 140    0.0000045  -0.00001005
 141    0.0000014  -0.00000602
 142    0.0000003  -0.00000406
 143    0.0000004  -0.00000448
 144    0.0000002  -0.00000292
 145    0.0000047  -0.00001026
 146    0.0000044  -0.00000815
 147    0.0000064  -0.00001096
 148    0.0000053  -0.00000963
 149    0.0000046  -0.00001258
 150    0.0000052  -0.00001056
 151    0.0000044  -0.00001214
 152    0.0000043  -0.00001128
 153    0.0000014  -0.00000711
 154    0.0000003  -0.00000382
 155    0.0000004  -0.00000464
 156    0.0000002  -0.00000233
 157    0.0000040  -0.00000906
 158    0.0000034  -0.00000738
 159    0.0000044  -0.00000861
 160    0.0000052  -0.00001874
 161    0.0000046  -0.00001458
 162    0.0000047  -0.00001169
 163    0.0000038  -0.00001028
 164    0.0000032  -0.00000549
 165    0.0000013  -0.00000604
 166    0.0000003  -0.00000555
 167    0.0000004  -0.00000390
 168    0.0000002  -0.00000215
 169    0.0000025  -0.00000690
 170    0.0000034  -0.00000627
 171    0.0000038  -0.00000899
 172    0.0000037  -0.00000905
 173    0.0000025  -0.00000641
 174    0.0000034  -0.00000709
 175    0.0000028  -0.00000859
 176    0.0000021  -0.00000569
 177    0.0000009  -0.00000464
 178    0.0000003  -0.00000347
 179    0.0000004  -0.00000376
 180    0.0000002  -0.00000210
 181    0.0000023  -0.00000404
 182    0.0000029  -0.00000401
 183    0.0000027  -0.00000509
 184    0.0000034  -0.00000625
 185    0.0000015  -0.00000770
 186    0.0000033  -0.00001038
 187    0.0000024  -0.00001098
 188    0.0000019  -0.00000962
 189    0.0000009  -0.00000444
 190    0.0000003  -0.00000344
 191    0.0000004  -0.00000463
 192    0.0000002  -0.00000214
 193    0.0000018  -0.00000708
 194    0.0000017  -0.00000688
 195    0.0000026  -0.00001168
 196    0.0000033  -0.00001547
 197    0.0000014  -0.00000686
 198    0.0000016  -0.00000787
 199    0.0000016  -0.00000596
 200    0.0000019  -0.00000625
 201    0.0000007  -0.00000489
 202    0.0000003  -0.00000324
 203    0.0000004  -0.00000481
 204    0.0000002  -0.00000229
 205    0.0000015  -0.00000678
 206    0.0000013  -0.00000522
 207    0.0000018  -0.00000904
 208    0.0000027  -0.00000841
 209    0.0000011  -0.00000537
 210    0.0000015  -0.00000701
 211    0.0000013  -0.00000727
 212    0.0000016  -0.00000826
 213    0.0000007  -0.00000411
 214    0.0000003  -0.00000418
 215    0.0000003  -0.00000333
 216    0.0000002  -0.00000271
 217    0.0000011  -0.00000361
 218    0.0000010  -0.00000381
 219    0.0000014  -0.00000509
 220    0.0000022  -0.00000799
 221    0.0000011  -0.00000559
 222    0.0000014  -0.00000740
 223    0.0000006  -0.00000241
 224    0.0000010  -0.00000510
 225    0.0000004  -0.00000256
 226    0.0000003  -0.00000492
 227    0.0000003  -0.00000287
 228    0.0000002  -0.00000292
 229    0.0000010  -0.00000451
 230    0.0000006  -0.00000131
 231    0.0000006  -0.00000171
 232    0.0000007  -0.00000239
 233    0.0000011  -0.00000496
 234    0.0000013  -0.00000586
 235    0.0000005  -0.00000128
 236    0.0000008  -0.00000288
 237    0.0000004  -0.00000105
 238    0.0000003  -0.00000386
 239    0.0000003  -0.00000625
 240    0.0000001  -0.00000117
 241    0.0000006  -0.00000111
 242    0.0000006  -0.00000085
 243    0.0000005  -0.00000045
 244    0.0000006  -0.00000129
 245    0.0000007  -0.00000114
 246    0.0000008  -0.00000465
 247    0.0000005  -0.00000053
 248    0.0000005  -0.00000150
 249    0.0000004  -0.00000003
 250    0.0000002  -0.00000160
 251    0.0000002  -0.00000163
 252    0.0000001  -0.00000060
 253    0.0000005  -0.00000042
 254    0.0000004  -0.00000027
 255    0.0000004  -0.00000031
 256    0.0000005  -0.00000094
 257    0.0000004  -0.00000097
 258    0.0000006  -0.00000272
 259    0.0000003  -0.00000081
 260    0.0000004  -0.00000130
 261    0.0000004  -0.00000534
 262    0.0000002  -0.00000142
 263    0.0000002  -0.00000114
 264    0.0000000  -0.00000069
 
----------------
 Final Energies 
----------------
Final NOF Total Energy =    -138.7058773
 
Total Orbital Internal Iterations = 10
Total Occupation Internal Iterations = 134
 
Elapsed time:   78.29 Seconds

---------------------------------
   Lowdin Population Analysis    
---------------------------------
 Idx  Atom   Population   Charge 
---------------------------------
  1     C     5.880       0.120
  2     H     1.077      -0.077
  3     C     6.202      -0.202
  4     H     1.077      -0.077
  5    Li     2.990       0.010
  6     N     6.775       0.225

---------------------------------
   M Diagnostic: 0.11
---------------------------------

