Computing Integrals
Basis Set                                            = def2-qzvp
Auxiliary Basis Set                                  = def2-universal-jkfit
Gaussian Type                                        = Spherical
Elapsed time:   37.05 Seconds

Number of basis functions                   (NBF)    = 287
Number of auxiliary basis functions         (NBFAUX) = 385
Inactive Doubly occupied orbitals up to     (NO1)    = 0
No. considered Strongly Doubly occupied MOs (NDOC)   = 22
No. considered Strongly Singly occupied MOs (NSOC)   = 0
NO. of Weakly occ. per St. Doubly occ.  MOs (NCWO)   = 12
Dimension of the Nat. Orb. subspace         (NBF5)   = 286
No. of electrons                                     = 44
    No. of alpha electrons                           = 22
    No. of beta electrons                            = 22
Multiplicity                                         = 1

Geometry
========
Cl      -0.0002746       0.0192429       2.3225374
 C       0.0002134       0.0002029      -0.0000524
 H       0.7609800      -0.7510163       0.0064136
 H      -1.0307506      -0.2830071       0.0021836
 H       0.2704285       1.0346447      -0.0086604
Cl      -0.0005966      -0.0200671      -2.3224218

No violations of the orthonormality
No violations of the orthonormality
 
PNOF7/ADABelief Calculation
==================
 
  Nitext  Nit_orb  Time   Nit_occ  Time         Eelec          Etot           Ediff      maxdiff    MaxGrad_orb  Grad_occ
     1      10    1.3e+02   87    3.0e+01 -1068.20256448  -957.92322652 -11067.20256448   0.001332   5.3e-03   2.5e-04 0.06
     2      20    1.9e+02    0    4.2e-01 -1069.20045023  -958.92111226    -0.99788574   0.001332   5.3e-03   2.5e-04 0.06
     3      40    3.6e+02   68    4.8e+00 -1069.22308473  -958.94374677    -0.02263451   0.072816   2.9e-01   2.4e-04 0.08
     4      40    3.8e+02   27    1.9e+00 -1069.31016299  -959.03082503    -0.08707826   0.011900   4.8e-02   2.3e-04 0.09
     5      40    3.6e+02   40    2.7e+00 -1069.33555741  -959.05621944    -0.02539441   0.005148   2.1e-02   2.3e-04 0.10
     6      40    3.6e+02   19    1.6e+00 -1069.34829470  -959.06895673    -0.01273729   0.004656   1.9e-02   2.7e-04 0.10
     7      40    3.7e+02   24    1.7e+00 -1069.35540373  -959.07606576    -0.00710903   0.004331   1.7e-02   2.4e-04 0.11
     8      40    3.3e+02   11    1.0e+00 -1069.35964351  -959.08030555    -0.00423978   0.003053   1.2e-02   2.6e-04 0.12
     9      40    3.2e+02   11    1.0e+00 -1069.36206053  -959.08272256    -0.00241702   0.003272   1.3e-02   3.0e-04 0.12
    10      40    3.2e+02   17    1.4e+00 -1069.36345682  -959.08411886    -0.00139629   0.002247   9.0e-03   2.4e-04 0.12
    11      40    3.3e+02   10    9.8e-01 -1069.36436058  -959.08502261    -0.00090376   0.003185   1.3e-02   2.6e-04 0.12
    12      40    3.2e+02    3    5.0e-01 -1069.36484167  -959.08550370    -0.00048109   0.001917   7.7e-03   3.0e-04 0.12
    13      40    3.5e+02    8    8.4e-01 -1069.36511024  -959.08577227    -0.00026857   0.001819   7.3e-03   2.9e-04 0.12
    14      40    3.4e+02    5    6.3e-01 -1069.36542579  -959.08608783    -0.00031555   0.001961   7.8e-03   2.7e-04 0.12
    15      40    3.5e+02    5    6.1e-01 -1069.36562745  -959.08628949    -0.00020166   0.001940   7.8e-03   3.0e-04 0.12
    16      40    3.2e+02   15    1.2e+00 -1069.36583401  -959.08649604    -0.00020656   0.002211   8.8e-03   2.2e-04 0.12
    17      40    3.4e+02    4    5.6e-01 -1069.36613488  -959.08679692    -0.00030087   0.001838   7.4e-03   2.6e-04 0.12
    18      40    3.2e+02    7    7.2e-01 -1069.36635071  -959.08701274    -0.00021582   0.002241   9.0e-03   2.4e-04 0.12
    19      40    3.4e+02    6    6.6e-01 -1069.36664058  -959.08730261    -0.00028987   0.001988   8.0e-03   2.3e-04 0.12
    20      40    3.3e+02    6    6.8e-01 -1069.36690459  -959.08756662    -0.00026401   0.002239   9.0e-03   1.7e-04 0.12
    21      40    3.4e+02    6    7.6e-01 -1069.36711091  -959.08777294    -0.00020632   0.001874   7.5e-03   1.6e-04 0.12
    22      40    3.4e+02    6    6.8e-01 -1069.36722943  -959.08789147    -0.00011852   0.002360   9.4e-03   1.7e-04 0.12
    23      40    3.5e+02    1    4.5e-01 -1069.36731070  -959.08797273    -0.00008127   0.002466   9.9e-03   2.2e-04 0.12
    24      40    3.5e+02    3    5.8e-01 -1069.36731663  -959.08797866    -0.00000593   0.002436   9.7e-03   1.8e-04 0.12
    25      40    3.4e+02    1    4.0e-01 -1069.36737885  -959.08804088    -0.00006222   0.001804   7.2e-03   2.4e-04 0.12
    26      40    3.4e+02    3    5.6e-01 -1069.36738938  -959.08805142    -0.00001053   0.001826   7.3e-03   1.5e-04 0.12
    27      40    3.5e+02    0    4.0e-01 -1069.36745332  -959.08811535    -0.00006393   0.001239   5.0e-03   2.2e-04 0.12
    28      50    4.3e+02    0    3.6e-01 -1069.36747256  -959.08813460    -0.00001925   0.001289   5.2e-03   2.3e-04 0.12
    29      60    5.1e+02    0    3.0e-01 -1069.36750850  -959.08817053    -0.00003594   0.000829   3.3e-03   2.6e-04 0.12
 
RESULTS OF THE OCCUPATION OPTIMIZATION
========================================
   1    1.9999474  -95.11747284
   2    1.9999481  -93.76892562
   3    1.9999954  -21.09902740
   4    1.9999840  -19.73766834
   5    1.9993052  -11.13449116
   6    1.9995354  -7.97443189
   7    1.9994235  -7.82519751
   8    1.9994186  -7.82446731
   9    1.9993333  -7.76257004
  10    1.9994432  -7.76215673
  11    1.9995695  -7.76048215
  12    1.9696005  -0.58892027
  13    1.9696342  -0.58859402
  14    1.9696244  -0.58842977
  15    1.9705889  -0.51372138
  16    1.9675859  -0.47974595
  17    1.9671320  -0.47410327
  18    1.9796615  -0.45516617
  19    1.9707922  -0.39552999
  20    1.9641796  -0.37019128
  21    1.9601569  -0.33862875
  22    1.8749505  -0.29851937
  23    0.1236038  -0.03239908
  24    0.0193893  -0.00784638
  25    0.0149014  -0.00757337
  26    0.0160711  -0.00801997
  27    0.0162759  -0.00839754
  28    0.0141653  -0.00839061
  29    0.0141561  -0.00843003
  30    0.0133548  -0.00823430
  31    0.0216540  -0.01484306
  32    0.0215964  -0.01482262
  33    0.0216462  -0.01484191
  34    0.0002243  -0.00256677
  35    0.0002020  -0.00262924
  36    0.0002033  -0.00253934
  37    0.0002318  -0.00253218
  38    0.0002315  -0.00251804
  39    0.0002790  -0.00322790
  40    0.0004394  -0.00811350
  41    0.0000139  -0.00024019
  42    0.0000043  -0.00005821
  43    0.0000503  -0.00831473
  44    0.0000510  -0.00840939
  45    0.0007756  -0.00070716
  46    0.0135246  -0.00554983
  47    0.0103633  -0.00547019
  48    0.0106541  -0.00556764
  49    0.0009542  -0.00104622
  50    0.0091623  -0.00567099
  51    0.0087211  -0.00545630
  52    0.0080326  -0.00509054
  53    0.0036196  -0.00377135
  54    0.0037284  -0.00384319
  55    0.0036494  -0.00380340
  56    0.0001855  -0.00224152
  57    0.0001945  -0.00209789
  58    0.0001742  -0.00204258
  59    0.0001862  -0.00245797
  60    0.0001864  -0.00246077
  61    0.0001509  -0.00162101
  62    0.0000852  -0.00117100
  63    0.0000012  -0.00001124
  64    0.0000001  -0.00000645
  65    0.0000014  -0.00044000
  66    0.0000014  -0.00045484
  67    0.0004328  -0.00036957
  68    0.0060642  -0.00328115
  69    0.0094947  -0.00524866
  70    0.0008710  -0.00093472
  71    0.0008442  -0.00092049
  72    0.0080649  -0.00508286
  73    0.0079989  -0.00506100
  74    0.0061819  -0.00432771
  75    0.0023002  -0.00258505
  76    0.0022248  -0.00252904
  77    0.0022946  -0.00257236
  78    0.0000154  -0.00037075
  79    0.0001395  -0.00155160
  80    0.0001371  -0.00152962
  81    0.0001432  -0.00157747
  82    0.0001379  -0.00154686
  83    0.0000283  -0.00067873
  84    0.0000850  -0.00116779
  85    0.0000006  -0.00001451
  86    0.0000001  -0.00000071
  87    0.0000001  -0.00000078
  88    0.0000000  -0.00000031
  89    0.0000675  -0.00008567
  90    0.0006821  -0.00061507
  91    0.0007073  -0.00065713
  92    0.0006759  -0.00070615
  93    0.0006799  -0.00073359
  94    0.0006981  -0.00080605
  95    0.0006619  -0.00076678
  96    0.0006950  -0.00084441
  97    0.0018437  -0.00214348
  98    0.0018557  -0.00215218
  99    0.0018491  -0.00214557
 100    0.0000025  -0.00001555
 101    0.0000150  -0.00036234
 102    0.0001317  -0.00151055
 103    0.0000153  -0.00036437
 104    0.0000153  -0.00036211
 105    0.0000022  -0.00002349
 106    0.0000679  -0.00088212
 107    0.0000001  -0.00000105
 108    0.0000000  -0.00000051
 109    0.0000000  -0.00000029
 110    0.0000000  -0.00000027
 111    0.0000421  -0.00007471
 112    0.0000410  -0.00008484
 113    0.0001396  -0.00015236
 114    0.0003765  -0.00042151
 115    0.0005228  -0.00059584
 116    0.0004239  -0.00050590
 117    0.0004450  -0.00056325
 118    0.0004916  -0.00063610
 119    0.0002299  -0.00038427
 120    0.0002234  -0.00037829
 121    0.0002211  -0.00037352
 122    0.0000006  -0.00000534
 123    0.0000020  -0.00001331
 124    0.0000151  -0.00035667
 125    0.0000016  -0.00001683
 126    0.0000018  -0.00001910
 127    0.0000011  -0.00000844
 128    0.0000092  -0.00035711
 129    0.0000000  -0.00000063
 130    0.0000000  -0.00000048
 131    0.0000000  -0.00000026
 132    0.0000000  -0.00000025
 133    0.0000311  -0.00005463
 134    0.0000374  -0.00006819
 135    0.0000495  -0.00008823
 136    0.0002043  -0.00025357
 137    0.0004842  -0.00057733
 138    0.0001024  -0.00016205
 139    0.0001526  -0.00022200
 140    0.0003591  -0.00046972
 141    0.0001854  -0.00031969
 142    0.0002097  -0.00034166
 143    0.0001995  -0.00033155
 144    0.0000005  -0.00000501
 145    0.0000008  -0.00000690
 146    0.0000011  -0.00000863
 147    0.0000010  -0.00000775
 148    0.0000012  -0.00000852
 149    0.0000010  -0.00000755
 150    0.0000021  -0.00002525
 151    0.0000000  -0.00000055
 152    0.0000000  -0.00000048
 153    0.0000000  -0.00000023
 154    0.0000000  -0.00000021
 155    0.0000286  -0.00004879
 156    0.0000256  -0.00005264
 157    0.0000437  -0.00007956
 158    0.0001864  -0.00022409
 159    0.0002290  -0.00025937
 160    0.0000832  -0.00015148
 161    0.0001050  -0.00016264
 162    0.0001152  -0.00016478
 163    0.0001551  -0.00028427
 164    0.0001500  -0.00027955
 165    0.0001557  -0.00029192
 166    0.0000004  -0.00000275
 167    0.0000007  -0.00000606
 168    0.0000011  -0.00000831
 169    0.0000006  -0.00000577
 170    0.0000006  -0.00000481
 171    0.0000005  -0.00000430
 172    0.0000017  -0.00002265
 173    0.0000000  -0.00000056
 174    0.0000000  -0.00000039
 175    0.0000000  -0.00000024
 176    0.0000000  -0.00000021
 177    0.0000278  -0.00004931
 178    0.0000231  -0.00005476
 179    0.0000380  -0.00006904
 180    0.0000578  -0.00010429
 181    0.0001897  -0.00022712
 182    0.0000593  -0.00010434
 183    0.0000542  -0.00010564
 184    0.0000675  -0.00011900
 185    0.0001483  -0.00026657
 186    0.0001429  -0.00026295
 187    0.0001473  -0.00026520
 188    0.0000003  -0.00000248
 189    0.0000006  -0.00000503
 190    0.0000008  -0.00000698
 191    0.0000005  -0.00000384
 192    0.0000005  -0.00000467
 193    0.0000004  -0.00000298
 194    0.0000016  -0.00002225
 195    0.0000000  -0.00000049
 196    0.0000000  -0.00000042
 197    0.0000000  -0.00000026
 198    0.0000000  -0.00000020
 199    0.0000195  -0.00003137
 200    0.0000183  -0.00004285
 201    0.0000351  -0.00006765
 202    0.0000375  -0.00007674
 203    0.0000750  -0.00012659
 204    0.0000390  -0.00007676
 205    0.0000428  -0.00008357
 206    0.0000393  -0.00008642
 207    0.0000994  -0.00021321
 208    0.0000976  -0.00021321
 209    0.0000994  -0.00021416
 210    0.0000003  -0.00000235
 211    0.0000005  -0.00000429
 212    0.0000007  -0.00000537
 213    0.0000004  -0.00000278
 214    0.0000004  -0.00000309
 215    0.0000003  -0.00000234
 216    0.0000010  -0.00001893
 217    0.0000000  -0.00000049
 218    0.0000000  -0.00000036
 219    0.0000000  -0.00000023
 220    0.0000000  -0.00000018
 221    0.0000097  -0.00002235
 222    0.0000166  -0.00003414
 223    0.0000221  -0.00004227
 224    0.0000282  -0.00006304
 225    0.0000374  -0.00008138
 226    0.0000296  -0.00006730
 227    0.0000333  -0.00006752
 228    0.0000312  -0.00007077
 229    0.0000538  -0.00012781
 230    0.0000543  -0.00012791
 231    0.0000557  -0.00012904
 232    0.0000003  -0.00000165
 233    0.0000004  -0.00000293
 234    0.0000007  -0.00000538
 235    0.0000004  -0.00000267
 236    0.0000004  -0.00000267
 237    0.0000003  -0.00000229
 238    0.0000009  -0.00001416
 239    0.0000000  -0.00000035
 240    0.0000000  -0.00000031
 241    0.0000000  -0.00000022
 242    0.0000000  -0.00000015
 243    0.0000069  -0.00001946
 244    0.0000117  -0.00002974
 245    0.0000146  -0.00003519
 246    0.0000242  -0.00005194
 247    0.0000267  -0.00006166
 248    0.0000237  -0.00005483
 249    0.0000243  -0.00005512
 250    0.0000239  -0.00005944
 251    0.0000467  -0.00012163
 252    0.0000491  -0.00012448
 253    0.0000460  -0.00012010
 254    0.0000002  -0.00000127
 255    0.0000004  -0.00000317
 256    0.0000005  -0.00000415
 257    0.0000003  -0.00000159
 258    0.0000003  -0.00000155
 259    0.0000003  -0.00000145
 260    0.0000007  -0.00003473
 261    0.0000000  -0.00000034
 262    0.0000000  -0.00000030
 263    0.0000000  -0.00000018
 264    0.0000000  -0.00000019
 265    0.0000040  -0.00001524
 266    0.0000092  -0.00002382
 267    0.0000110  -0.00003558
 268    0.0000207  -0.00004496
 269    0.0000197  -0.00005366
 270    0.0000162  -0.00004505
 271    0.0000188  -0.00004846
 272    0.0000192  -0.00005136
 273    0.0000394  -0.00010373
 274    0.0000334  -0.00009687
 275    0.0000355  -0.00010066
 276    0.0000002  -0.00000113
 277    0.0000003  -0.00000242
 278    0.0000005  -0.00000328
 279    0.0000003  -0.00000160
 280    0.0000003  -0.00000148
 281    0.0000002  -0.00000114
 282    0.0000003  -0.00000668
 283    0.0000000  -0.00000029
 284    0.0000000  -0.00000013
 285    0.0000000  -0.00000006
 286    0.0000000  -0.00000016
 
----------------
 Final Energies 
----------------
Final NOF Total Energy =    -959.0881705
 
Total Orbital Internal Iterations = 1140
Total Occupation Internal Iterations = 393
 
Elapsed time: 10027.16 Seconds

---------------------------------
   Lowdin Population Analysis    
---------------------------------
 Idx  Atom   Population   Charge 
---------------------------------
  1    Cl    17.267      -0.267
  2     C     5.901       0.099
  3     H     1.118      -0.118
  4     H     1.118      -0.118
  5     H     1.118      -0.118
  6    Cl    17.477      -0.477

---------------------------------
   M Diagnostic: 0.12
---------------------------------

