Computing Integrals
Basis Set                                            = def2-qzvp
Auxiliary Basis Set                                  = def2-universal-jkfit
Gaussian Type                                        = Spherical
Elapsed time:    2.66 Seconds

Number of basis functions                   (NBF)    = 130
Number of auxiliary basis functions         (NBFAUX) = 164
Inactive Doubly occupied orbitals up to     (NO1)    = 0
No. considered Strongly Doubly occupied MOs (NDOC)   = 8
No. considered Strongly Singly occupied MOs (NSOC)   = 1
NO. of Weakly occ. per St. Doubly occ.  MOs (NCWO)   = 15
Dimension of the Nat. Orb. subspace         (NBF5)   = 129
No. of electrons                                     = 17
    No. of alpha electrons                           = 9
    No. of beta electrons                            = 8
Multiplicity                                         = 2

Geometry
========
 P       0.0000000       0.0000000       0.6553895
 H      -1.0201320       0.0000000      -0.3276948
 H       1.0201320       0.0000000      -0.3276948

No violations of the orthonormality
No violations of the orthonormality
 
PNOF7/ADABelief Calculation
==================
 
  Nitext  Nit_orb  Time   Nit_occ  Time         Eelec          Etot           Ediff      maxdiff    MaxGrad_orb  Grad_occ
     1      10    2.2e+01   63    2.7e+01  -353.13772194  -341.67277442 -10352.13772194   0.000484   1.9e-03   1.8e-04 0.06
 
RESULTS OF THE OCCUPATION OPTIMIZATION
========================================
   1    1.9999642  -79.51417039
   2    1.9993490  -6.06181260
   3    1.9992944  -6.05913180
   4    1.9991904  -5.99116012
   5    1.9991337  -5.97812020
   6    1.9830911  -0.75141734
   7    1.9552534  -0.53029241
   8    1.9409859  -0.50039148
   9    1.0000000  -0.19960775
  10    0.0586559  -0.02184151
  11    0.0443192  -0.02204304
  12    0.0163488  -0.00975531
  13    0.0007906  -0.00637837
  14    0.0007311  -0.00602786
  15    0.0006288  -0.00541106
  16    0.0005903  -0.00520491
  17    0.0000353  -0.00571673
  18    0.0001001  -0.00019206
  19    0.0001176  -0.00021601
  20    0.0001618  -0.00026498
  21    0.0000295  -0.00020884
  22    0.0000439  -0.00032376
  23    0.0000452  -0.00033387
  24    0.0000186  -0.00012946
  25    0.0000000  -0.00001083
  26    0.0000755  -0.00009367
  27    0.0000749  -0.00011846
  28    0.0001132  -0.00018897
  29    0.0000120  -0.00009384
  30    0.0000130  -0.00010275
  31    0.0000088  -0.00007460
  32    0.0000141  -0.00010408
  33    0.0000000  -0.00000407
  34    0.0000592  -0.00008028
  35    0.0000628  -0.00012974
  36    0.0000867  -0.00012946
  37    0.0000090  -0.00010640
  38    0.0000047  -0.00004425
  39    0.0000052  -0.00004934
  40    0.0000077  -0.00006390
  41    0.0000000  -0.00000335
  42    0.0000322  -0.00005758
  43    0.0000567  -0.00007406
  44    0.0000684  -0.00008690
  45    0.0000081  -0.00007049
  46    0.0000039  -0.00003617
  47    0.0000035  -0.00004481
  48    0.0000042  -0.00003442
  49    0.0000000  -0.00000330
  50    0.0000258  -0.00005935
  51    0.0000519  -0.00009415
  52    0.0000636  -0.00012944
  53    0.0000039  -0.00003542
  54    0.0000027  -0.00002237
  55    0.0000025  -0.00002141
  56    0.0000039  -0.00003150
  57    0.0000000  -0.00000271
  58    0.0000252  -0.00004852
  59    0.0000195  -0.00004429
  60    0.0000224  -0.00004770
  61    0.0000031  -0.00002490
  62    0.0000019  -0.00001549
  63    0.0000024  -0.00002115
  64    0.0000023  -0.00001543
  65    0.0000000  -0.00000231
  66    0.0000132  -0.00002618
  67    0.0000161  -0.00003398
  68    0.0000207  -0.00004252
  69    0.0000021  -0.00001459
  70    0.0000016  -0.00001928
  71    0.0000019  -0.00001536
  72    0.0000021  -0.00001293
  73    0.0000000  -0.00000132
  74    0.0000119  -0.00001860
  75    0.0000113  -0.00002463
  76    0.0000092  -0.00001482
  77    0.0000019  -0.00001317
  78    0.0000016  -0.00001057
  79    0.0000016  -0.00001139
  80    0.0000020  -0.00001178
  81    0.0000000  -0.00000117
  82    0.0000065  -0.00000656
  83    0.0000075  -0.00001232
  84    0.0000052  -0.00000812
  85    0.0000018  -0.00001200
  86    0.0000014  -0.00000754
  87    0.0000014  -0.00000813
  88    0.0000016  -0.00000799
  89    0.0000000  -0.00000116
  90    0.0000042  -0.00000697
  91    0.0000043  -0.00000931
  92    0.0000045  -0.00001100
  93    0.0000015  -0.00000791
  94    0.0000013  -0.00000714
  95    0.0000014  -0.00000934
  96    0.0000008  -0.00000034
  97    0.0000000  -0.00000105
  98    0.0000011  -0.00000163
  99    0.0000013  -0.00000405
 100    0.0000014  -0.00000353
 101    0.0000008  -0.00000306
 102    0.0000008  -0.00000494
 103    0.0000008  -0.00000608
 104    0.0000008  0.00000024
 105    0.0000000  -0.00000083
 106    0.0000011  0.00000177
 107    0.0000013  -0.00000138
 108    0.0000012  -0.00000420
 109    0.0000007  -0.00000188
 110    0.0000006  -0.00000256
 111    0.0000006  -0.00000166
 112    0.0000008  -0.00000135
 113    0.0000000  -0.00000059
 114    0.0000011  0.00000115
 115    0.0000012  -0.00000341
 116    0.0000011  0.00000092
 117    0.0000006  0.00000056
 118    0.0000006  -0.00000028
 119    0.0000006  -0.00000023
 120    0.0000008  -0.00000135
 121    0.0000000  -0.00000078
 122    0.0000010  -0.00000139
 123    0.0000011  0.00000132
 124    0.0000008  -0.00000588
 125    0.0000006  -0.00000120
 126    0.0000006  -0.00000188
 127    0.0000006  -0.00000150
 128    0.0000008  -0.00000399
 129    0.0000000  -0.00000018
 
----------------
 Final Energies 
----------------
Final NOF Total Energy =    -341.6727744
 
Total Orbital Internal Iterations = 10
Total Occupation Internal Iterations = 63
 
Elapsed time:   62.73 Seconds

---------------------------------
   Lowdin Population Analysis    
---------------------------------
 Idx  Atom   Population   Charge 
---------------------------------
  1     P    14.581       0.419
  2     H     1.216      -0.216
  3     H     1.203      -0.203

---------------------------------
   M Diagnostic: 0.06
---------------------------------

