Computing Integrals
Basis Set                                            = def2-qzvp
Auxiliary Basis Set                                  = def2-universal-jkfit
Gaussian Type                                        = Spherical
Elapsed time:   59.14 Seconds

Number of basis functions                   (NBF)    = 495
Number of auxiliary basis functions         (NBFAUX) = 503
Inactive Doubly occupied orbitals up to     (NO1)    = 0
No. considered Strongly Doubly occupied MOs (NDOC)   = 19
No. considered Strongly Singly occupied MOs (NSOC)   = 0
NO. of Weakly occ. per St. Doubly occ.  MOs (NCWO)   = 25
Dimension of the Nat. Orb. subspace         (NBF5)   = 494
No. of electrons                                     = 38
    No. of alpha electrons                           = 19
    No. of beta electrons                            = 19
Multiplicity                                         = 1

Geometry
========
 C       1.2760904      -0.7732734       0.0000000
 C       1.2313472       0.5890534       0.0000000
 C      -1.1819238       1.0732497       0.0000000
 N      -1.4943519      -0.1990555       0.0000000
 C      -1.0663852      -1.3384017       0.0000000
 H       1.4201582      -1.3308488      -0.9170894
 H       1.4201582      -1.3308488       0.9170894
 H       1.3453620       1.1502202      -0.9195679
 H       1.3453620       1.1502202       0.9195679
 H      -1.3003145       1.6193243       0.9290035
 H      -1.3003145       1.6193243      -0.9290035
 H      -1.6951880      -2.2289638       0.0000000

No violations of the orthonormality
No violations of the orthonormality
 
PNOF7/ADABelief Calculation
==================
 
  Nitext  Nit_orb  Time   Nit_occ  Time         Eelec          Etot           Ediff      maxdiff    MaxGrad_orb  Grad_occ
     1      10    2.0e+02   94    5.5e+01  -367.60170725  -209.61576317 -10366.60170725   0.000754   3.0e-03   2.8e-04 0.34
 
RESULTS OF THE OCCUPATION OPTIMIZATION
========================================
   1    1.9996867  -15.58028638
   2    1.9995268  -11.24614624
   3    1.9995382  -11.23816056
   4    1.9995505  -11.19107881
   5    1.9995501  -11.18764004
   6    1.9842413  -1.06939389
   7    1.9789101  -0.98067454
   8    1.9814280  -0.82143873
   9    1.9725146  -0.74760862
  10    1.9731385  -0.71626623
  11    1.9730640  -0.71626914
  12    1.9741367  -0.67499202
  13    1.9741017  -0.67488842
  14    1.9740824  -0.67388487
  15    1.9740930  -0.67378641
  16    1.9755589  -0.65963031
  17    1.8588492  -0.48909153
  18    1.8257947  -0.36984052
  19    1.6554417  -0.31102457
  20    0.3442089  -0.08628285
  21    0.1736407  -0.05075311
  22    0.1407184  -0.05539996
  23    0.0237057  -0.01196085
  24    0.0255152  -0.01777572
  25    0.0254495  -0.01774299
  26    0.0254279  -0.01774918
  27    0.0255521  -0.01779572
  28    0.0266577  -0.01865359
  29    0.0265033  -0.01862187
  30    0.0271919  -0.01870098
  31    0.0181139  -0.01504588
  32    0.0206883  -0.01928652
  33    0.0153216  -0.01527545
  34    0.0004496  -0.00842804
  35    0.0004494  -0.00842496
  36    0.0004615  -0.00855069
  37    0.0004731  -0.00876662
  38    0.0003132  -0.00811628
  39    0.0000881  -0.00011452
  40    0.0003062  -0.00040105
  41    0.0001076  -0.00018591
  42    0.0002735  -0.00037385
  43    0.0001183  -0.00024206
  44    0.0002180  -0.00038459
  45    0.0001694  -0.00026252
  46    0.0000761  -0.00018866
  47    0.0000688  -0.00015612
  48    0.0001124  -0.00023980
  49    0.0000774  -0.00019454
  50    0.0001746  -0.00028738
  51    0.0001207  -0.00027038
  52    0.0001807  -0.00037589
  53    0.0000000  -0.00000322
  54    0.0000000  -0.00000219
  55    0.0000000  -0.00002409
  56    0.0000000  -0.00000140
  57    0.0000000  -0.00000248
  58    0.0000802  -0.00012390
  59    0.0000965  -0.00016280
  60    0.0000997  -0.00018465
  61    0.0001936  -0.00030791
  62    0.0000827  -0.00015343
  63    0.0000662  -0.00011708
  64    0.0000880  -0.00017741
  65    0.0000659  -0.00011611
  66    0.0000557  -0.00014307
  67    0.0000713  -0.00013349
  68    0.0000559  -0.00011802
  69    0.0001087  -0.00021654
  70    0.0000818  -0.00014914
  71    0.0000777  -0.00018812
  72    0.0000000  -0.00000258
  73    0.0000000  -0.00000189
  74    0.0000000  -0.00000303
  75    0.0000000  -0.00000165
  76    0.0000000  -0.00000170
  77    0.0000487  -0.00007777
  78    0.0000423  -0.00008238
  79    0.0000636  -0.00009796
  80    0.0001133  -0.00020383
  81    0.0000466  -0.00009363
  82    0.0000449  -0.00008415
  83    0.0000617  -0.00011191
  84    0.0000364  -0.00007974
  85    0.0000445  -0.00010536
  86    0.0000375  -0.00008313
  87    0.0000293  -0.00007556
  88    0.0000528  -0.00009557
  89    0.0000753  -0.00015981
  90    0.0000606  -0.00012849
  91    0.0000000  -0.00000196
  92    0.0000000  -0.00000157
  93    0.0000000  -0.00000413
  94    0.0000000  -0.00000126
  95    0.0000000  -0.00000135
  96    0.0000322  -0.00006116
  97    0.0000322  -0.00006496
  98    0.0000464  -0.00008314
  99    0.0000418  -0.00007456
 100    0.0000348  -0.00007593
 101    0.0000357  -0.00008097
 102    0.0000444  -0.00008610
 103    0.0000337  -0.00007865
 104    0.0000267  -0.00006934
 105    0.0000305  -0.00006873
 106    0.0000272  -0.00006427
 107    0.0000331  -0.00006930
 108    0.0000292  -0.00007085
 109    0.0000339  -0.00008239
 110    0.0000000  -0.00000247
 111    0.0000000  -0.00000149
 112    0.0000000  -0.00000279
 113    0.0000000  -0.00000119
 114    0.0000000  -0.00000129
 115    0.0000264  -0.00005374
 116    0.0000238  -0.00005211
 117    0.0000432  -0.00007817
 118    0.0000340  -0.00006384
 119    0.0000257  -0.00006033
 120    0.0000266  -0.00006190
 121    0.0000304  -0.00006675
 122    0.0000172  -0.00004616
 123    0.0000203  -0.00005729
 124    0.0000236  -0.00005500
 125    0.0000215  -0.00005387
 126    0.0000193  -0.00005038
 127    0.0000262  -0.00006510
 128    0.0000218  -0.00005667
 129    0.0000000  -0.00000195
 130    0.0000000  -0.00000082
 131    0.0000000  -0.00000301
 132    0.0000000  -0.00000132
 133    0.0000000  -0.00000129
 134    0.0000160  -0.00003721
 135    0.0000105  -0.00002646
 136    0.0000135  -0.00003322
 137    0.0000156  -0.00003892
 138    0.0000137  -0.00003630
 139    0.0000115  -0.00003209
 140    0.0000142  -0.00003635
 141    0.0000165  -0.00004633
 142    0.0000163  -0.00004639
 143    0.0000210  -0.00005375
 144    0.0000192  -0.00005250
 145    0.0000131  -0.00003595
 146    0.0000175  -0.00004926
 147    0.0000149  -0.00004590
 148    0.0000000  -0.00000148
 149    0.0000000  -0.00000110
 150    0.0000000  -0.00000193
 151    0.0000000  -0.00000092
 152    0.0000000  -0.00000093
 153    0.0000094  -0.00002209
 154    0.0000101  -0.00002620
 155    0.0000126  -0.00003140
 156    0.0000123  -0.00003268
 157    0.0000113  -0.00003037
 158    0.0000090  -0.00002416
 159    0.0000115  -0.00003136
 160    0.0000109  -0.00003121
 161    0.0000066  -0.00002201
 162    0.0000114  -0.00003178
 163    0.0000117  -0.00003362
 164    0.0000094  -0.00002709
 165    0.0000084  -0.00002586
 166    0.0000077  -0.00002420
 167    0.0000000  -0.00000136
 168    0.0000000  -0.00000089
 169    0.0000000  -0.00000157
 170    0.0000000  -0.00000061
 171    0.0000000  -0.00000088
 172    0.0000073  -0.00001707
 173    0.0000067  -0.00001771
 174    0.0000068  -0.00001690
 175    0.0000103  -0.00002856
 176    0.0000104  -0.00002606
 177    0.0000089  -0.00002528
 178    0.0000068  -0.00001838
 179    0.0000080  -0.00002315
 180    0.0000057  -0.00001882
 181    0.0000084  -0.00002448
 182    0.0000093  -0.00002529
 183    0.0000073  -0.00002153
 184    0.0000062  -0.00002042
 185    0.0000062  -0.00002186
 186    0.0000000  -0.00000134
 187    0.0000000  -0.00000081
 188    0.0000000  -0.00000160
 189    0.0000000  -0.00000073
 190    0.0000000  -0.00000059
 191    0.0000051  -0.00001346
 192    0.0000054  -0.00001652
 193    0.0000066  -0.00001706
 194    0.0000065  -0.00001937
 195    0.0000071  -0.00002084
 196    0.0000074  -0.00002117
 197    0.0000067  -0.00001802
 198    0.0000075  -0.00002079
 199    0.0000050  -0.00001669
 200    0.0000065  -0.00001924
 201    0.0000077  -0.00002357
 202    0.0000070  -0.00002139
 203    0.0000053  -0.00001497
 204    0.0000060  -0.00002119
 205    0.0000000  -0.00000121
 206    0.0000000  -0.00000051
 207    0.0000000  -0.00000150
 208    0.0000000  -0.00000062
 209    0.0000000  -0.00000066
 210    0.0000046  -0.00001041
 211    0.0000043  -0.00001270
 212    0.0000042  -0.00001067
 213    0.0000062  -0.00001827
 214    0.0000064  -0.00001764
 215    0.0000069  -0.00001866
 216    0.0000064  -0.00001955
 217    0.0000071  -0.00002246
 218    0.0000048  -0.00001535
 219    0.0000055  -0.00001672
 220    0.0000048  -0.00001266
 221    0.0000051  -0.00001304
 222    0.0000040  -0.00001286
 223    0.0000037  -0.00001329
 224    0.0000000  -0.00000118
 225    0.0000000  -0.00000063
 226    0.0000000  -0.00000117
 227    0.0000000  -0.00000061
 228    0.0000000  -0.00000065
 229    0.0000040  -0.00000702
 230    0.0000039  -0.00000894
 231    0.0000036  -0.00001092
 232    0.0000054  -0.00001431
 233    0.0000060  -0.00001629
 234    0.0000054  -0.00001416
 235    0.0000043  -0.00001194
 236    0.0000057  -0.00001709
 237    0.0000030  -0.00000887
 238    0.0000049  -0.00001364
 239    0.0000039  -0.00001056
 240    0.0000043  -0.00001105
 241    0.0000040  -0.00001131
 242    0.0000035  -0.00001285
 243    0.0000000  -0.00000094
 244    0.0000000  -0.00000057
 245    0.0000000  -0.00000105
 246    0.0000000  -0.00000046
 247    0.0000000  -0.00000056
 248    0.0000040  -0.00000783
 249    0.0000033  -0.00000807
 250    0.0000035  -0.00000894
 251    0.0000039  -0.00001087
 252    0.0000050  -0.00001388
 253    0.0000050  -0.00001356
 254    0.0000042  -0.00001180
 255    0.0000051  -0.00001573
 256    0.0000028  -0.00000860
 257    0.0000048  -0.00001170
 258    0.0000036  -0.00001089
 259    0.0000041  -0.00001210
 260    0.0000034  -0.00000916
 261    0.0000033  -0.00000971
 262    0.0000000  -0.00000080
 263    0.0000000  -0.00000053
 264    0.0000000  -0.00000105
 265    0.0000000  -0.00000048
 266    0.0000000  -0.00000049
 267    0.0000036  -0.00000678
 268    0.0000031  -0.00000668
 269    0.0000034  -0.00000896
 270    0.0000036  -0.00001034
 271    0.0000038  -0.00001048
 272    0.0000040  -0.00000985
 273    0.0000037  -0.00000944
 274    0.0000035  -0.00001014
 275    0.0000027  -0.00000756
 276    0.0000039  -0.00000916
 277    0.0000034  -0.00001091
 278    0.0000032  -0.00000894
 279    0.0000031  -0.00000904
 280    0.0000031  -0.00000895
 281    0.0000000  -0.00000068
 282    0.0000000  -0.00000052
 283    0.0000000  -0.00000071
 284    0.0000000  -0.00000054
 285    0.0000000  -0.00000053
 286    0.0000035  -0.00000802
 287    0.0000028  -0.00000738
 288    0.0000027  -0.00000587
 289    0.0000033  -0.00000961
 290    0.0000034  -0.00000784
 291    0.0000036  -0.00000950
 292    0.0000031  -0.00000821
 293    0.0000033  -0.00000969
 294    0.0000027  -0.00000829
 295    0.0000028  -0.00000648
 296    0.0000034  -0.00000975
 297    0.0000030  -0.00000858
 298    0.0000029  -0.00000849
 299    0.0000029  -0.00000893
 300    0.0000000  -0.00000088
 301    0.0000000  -0.00000048
 302    0.0000000  -0.00000080
 303    0.0000000  -0.00000047
 304    0.0000000  -0.00000048
 305    0.0000030  -0.00000637
 306    0.0000024  -0.00000576
 307    0.0000026  -0.00000671
 308    0.0000026  -0.00000724
 309    0.0000031  -0.00000872
 310    0.0000030  -0.00000696
 311    0.0000029  -0.00000701
 312    0.0000030  -0.00000651
 313    0.0000026  -0.00000840
 314    0.0000027  -0.00000668
 315    0.0000030  -0.00000810
 316    0.0000022  -0.00000487
 317    0.0000029  -0.00000618
 318    0.0000024  -0.00000592
 319    0.0000000  -0.00000076
 320    0.0000000  -0.00000052
 321    0.0000000  -0.00000066
 322    0.0000000  -0.00000046
 323    0.0000000  -0.00000044
 324    0.0000030  -0.00000337
 325    0.0000023  -0.00000464
 326    0.0000025  -0.00000534
 327    0.0000020  -0.00000585
 328    0.0000026  -0.00000516
 329    0.0000024  -0.00000546
 330    0.0000024  -0.00000698
 331    0.0000020  -0.00000429
 332    0.0000020  -0.00000437
 333    0.0000020  -0.00000486
 334    0.0000026  -0.00000703
 335    0.0000019  -0.00000352
 336    0.0000020  -0.00000591
 337    0.0000016  -0.00000524
 338    0.0000000  -0.00000071
 339    0.0000000  -0.00000053
 340    0.0000000  -0.00000083
 341    0.0000000  -0.00000041
 342    0.0000000  -0.00000037
 343    0.0000023  -0.00000636
 344    0.0000019  -0.00000478
 345    0.0000024  -0.00000821
 346    0.0000018  -0.00000526
 347    0.0000021  -0.00000377
 348    0.0000018  -0.00000524
 349    0.0000018  -0.00000406
 350    0.0000017  -0.00000462
 351    0.0000014  -0.00000368
 352    0.0000016  -0.00000240
 353    0.0000020  -0.00000596
 354    0.0000016  -0.00000394
 355    0.0000018  -0.00000513
 356    0.0000014  -0.00000288
 357    0.0000000  -0.00000070
 358    0.0000000  -0.00000048
 359    0.0000000  -0.00000120
 360    0.0000000  -0.00000012
 361    0.0000000  -0.00000034
 362    0.0000018  -0.00000248
 363    0.0000013  -0.00000301
 364    0.0000019  -0.00000583
 365    0.0000013  -0.00000270
 366    0.0000018  -0.00000614
 367    0.0000013  -0.00000286
 368    0.0000017  -0.00000563
 369    0.0000013  -0.00000416
 370    0.0000012  -0.00000423
 371    0.0000013  -0.00000292
 372    0.0000015  -0.00000431
 373    0.0000012  0.00000053
 374    0.0000011  -0.00000173
 375    0.0000009  -0.00000068
 376    0.0000000  -0.00000055
 377    0.0000000  -0.00000012
 378    0.0000000  -0.00000072
 379    0.0000000  -0.00000040
 380    0.0000000  -0.00000042
 381    0.0000012  0.00000019
 382    0.0000010  -0.00000186
 383    0.0000011  -0.00000121
 384    0.0000008  -0.00000093
 385    0.0000015  -0.00000540
 386    0.0000012  0.00000098
 387    0.0000013  -0.00000249
 388    0.0000013  -0.00000145
 389    0.0000011  -0.00000445
 390    0.0000013  -0.00000267
 391    0.0000010  -0.00000047
 392    0.0000012  -0.00000140
 393    0.0000011  -0.00000102
 394    0.0000009  -0.00000133
 395    0.0000000  -0.00000032
 396    0.0000000  -0.00000026
 397    0.0000000  -0.00000047
 398    0.0000000  -0.00000021
 399    0.0000000  -0.00000019
 400    0.0000011  -0.00000093
 401    0.0000010  -0.00000371
 402    0.0000010  0.00000097
 403    0.0000008  0.00000035
 404    0.0000014  -0.00000268
 405    0.0000012  -0.00000149
 406    0.0000013  -0.00000285
 407    0.0000011  0.00000111
 408    0.0000011  -0.00000138
 409    0.0000011  0.00000128
 410    0.0000010  -0.00001287
 411    0.0000011  -0.00000048
 412    0.0000010  0.00000110
 413    0.0000008  0.00000110
 414    0.0000000  -0.00000057
 415    0.0000000  -0.00000024
 416    0.0000000  -0.00000031
 417    0.0000000  -0.00000029
 418    0.0000000  -0.00000028
 419    0.0000011  0.00000011
 420    0.0000010  -0.00000024
 421    0.0000010  -0.00000001
 422    0.0000008  -0.00000091
 423    0.0000012  -0.00000222
 424    0.0000012  -0.00000042
 425    0.0000012  -0.00000043
 426    0.0000011  -0.00000159
 427    0.0000010  -0.00000144
 428    0.0000011  -0.00000015
 429    0.0000010  -0.00000045
 430    0.0000011  -0.00001199
 431    0.0000010  -0.00000090
 432    0.0000008  -0.00000095
 433    0.0000000  -0.00000041
 434    0.0000000  -0.00000029
 435    0.0000000  -0.00000063
 436    0.0000000  -0.00000025
 437    0.0000000  -0.00000013
 438    0.0000010  -0.00000017
 439    0.0000010  -0.00000075
 440    0.0000009  -0.00000054
 441    0.0000007  0.00000033
 442    0.0000011  -0.00000108
 443    0.0000011  0.00000089
 444    0.0000012  -0.00000324
 445    0.0000010  -0.00000063
 446    0.0000009  -0.00000119
 447    0.0000010  -0.00000082
 448    0.0000010  -0.00000092
 449    0.0000010  -0.00000051
 450    0.0000009  -0.00000063
 451    0.0000008  -0.00000076
 452    0.0000000  -0.00000036
 453    0.0000000  -0.00000025
 454    0.0000000  -0.00000050
 455    0.0000000  -0.00000022
 456    0.0000000  -0.00000025
 457    0.0000009  0.00000049
 458    0.0000008  -0.00000005
 459    0.0000008  0.00000003
 460    0.0000007  -0.00000056
 461    0.0000011  -0.00000062
 462    0.0000010  -0.00000082
 463    0.0000011  -0.00000119
 464    0.0000009  -0.00000043
 465    0.0000009  -0.00000173
 466    0.0000008  0.00000043
 467    0.0000010  -0.00000079
 468    0.0000009  0.00000024
 469    0.0000009  -0.00000999
 470    0.0000007  -0.00000079
 471    0.0000000  -0.00000038
 472    0.0000000  -0.00000022
 473    0.0000000  -0.00000044
 474    0.0000000  -0.00000020
 475    0.0000000  -0.00000024
 476    0.0000008  0.00000085
 477    0.0000007  0.00000030
 478    0.0000006  0.00000065
 479    0.0000006  -0.00000069
 480    0.0000007  0.00000010
 481    0.0000009  -0.00000172
 482    0.0000008  -0.00000123
 483    0.0000008  -0.00000140
 484    0.0000005  0.00000005
 485    0.0000007  -0.00000038
 486    0.0000008  -0.00000022
 487    0.0000009  0.00000018
 488    0.0000007  0.00000050
 489    0.0000006  -0.00000681
 490    0.0000000  -0.00000139
 491    0.0000000  -0.00000035
 492    0.0000000  -0.00000038
 493    0.0000000  -0.00000044
 494    0.0000000  -0.00000036
 
----------------
 Final Energies 
----------------
Final NOF Total Energy =    -209.6157632
 
Total Orbital Internal Iterations = 10
Total Occupation Internal Iterations = 94
 
Elapsed time:  290.12 Seconds

---------------------------------
   Lowdin Population Analysis    
---------------------------------
 Idx  Atom   Population   Charge 
---------------------------------
  1     C     5.850       0.150
  2     C     5.835       0.165
  3     C     5.909       0.091
  4     N     6.717       0.283
  5     C     5.956       0.044
  6     H     1.093      -0.093
  7     H     1.093      -0.093
  8     H     1.096      -0.096
  9     H     1.096      -0.096
 10     H     1.106      -0.106
 11     H     1.106      -0.106
 12     H     1.142      -0.142

---------------------------------
   M Diagnostic: 0.34
---------------------------------

