Computing Integrals
Basis Set                                            = def2-qzvp
Auxiliary Basis Set                                  = def2-universal-jkfit
Gaussian Type                                        = Spherical
Elapsed time:   16.50 Seconds

Number of basis functions                   (NBF)    = 642
Number of auxiliary basis functions         (NBFAUX) = 634
Inactive Doubly occupied orbitals up to     (NO1)    = 0
No. considered Strongly Doubly occupied MOs (NDOC)   = 25
No. considered Strongly Singly occupied MOs (NSOC)   = 0
NO. of Weakly occ. per St. Doubly occ.  MOs (NCWO)   = 24
Dimension of the Nat. Orb. subspace         (NBF5)   = 625
No. of electrons                                     = 50
    No. of alpha electrons                           = 25
    No. of beta electrons                            = 25
Multiplicity                                         = 1

Geometry
========
 C       1.2868180      -0.3674320       0.2962650
 H       0.7856760      -1.2739980      -0.0400400
 O       2.6645800      -0.3656580      -0.0832590
 C       0.5626100       0.8772730      -0.2084730
 H       1.1636470       1.7406340       0.0832110
 H       0.5407350       0.8656280      -1.3035380
 C      -0.8629860       1.0534570       0.3257110
 H      -1.1844770       2.0800600       0.1347760
 H      -0.8763610       0.9149410       1.4096740
 H       2.6964930      -0.4774670      -1.0367960
 H       1.2856220      -0.3747360       1.3860380
 C      -1.9047000       0.1368940      -0.2919860
 H      -2.9003280       0.4446700       0.0410660
 H      -1.8711480       0.2246330      -1.3835990
 O      -1.6403840      -1.2066130       0.1135440
 H      -2.3238780      -1.7673390      -0.2621790

No violations of the orthonormality
No violations of the orthonormality
 
PNOF7/ADABelief Calculation
==================
 
  Nitext  Nit_orb  Time   Nit_occ  Time         Eelec          Etot           Ediff      maxdiff    MaxGrad_orb  Grad_occ
     1      10    5.8e+01   56    6.2e+01  -561.20472601  -306.81430800 -10560.20472601   0.000472   1.9e-03   2.9e-04 0.03
 
RESULTS OF THE OCCUPATION OPTIMIZATION
========================================
   1    1.9997805  -20.55080491
   2    1.9997805  -20.53454385
   3    1.9995602  -11.25849532
   4    1.9995599  -11.23711887
   5    1.9995639  -11.20519494
   6    1.9995635  -11.19827861
   7    1.9738354  -0.86347108
   8    1.9738219  -0.84482415
   9    1.9661097  -0.81378714
  10    1.9660322  -0.79773125
  11    1.9880347  -0.79041598
  12    1.9874050  -0.77581946
  13    1.9877449  -0.76473589
  14    1.9875234  -0.76105333
  15    1.9734685  -0.71428362
  16    1.9731641  -0.69863004
  17    1.9730996  -0.69222515
  18    1.9764826  -0.69174772
  19    1.9763476  -0.69148835
  20    1.9769153  -0.67279307
  21    1.9764141  -0.67036334
  22    1.9760547  -0.66996683
  23    1.9764777  -0.66753853
  24    1.9760405  -0.66491038
  25    1.9764825  -0.66074384
  26    0.0233181  -0.01677730
  27    0.0237478  -0.01698395
  28    0.0233589  -0.01686222
  29    0.0237804  -0.01732231
  30    0.0233804  -0.01687958
  31    0.0228765  -0.01684805
  32    0.0235111  -0.01738879
  33    0.0233653  -0.01734207
  34    0.0266597  -0.01904465
  35    0.0266868  -0.01927816
  36    0.0263813  -0.01940877
  37    0.0123033  -0.01225040
  38    0.0120677  -0.01209570
  39    0.0123929  -0.01239594
  40    0.0117911  -0.01206115
  41    0.0337851  -0.02713814
  42    0.0336670  -0.02736224
  43    0.0260200  -0.02298718
  44    0.0260316  -0.02319933
  45    0.0004364  -0.00826620
  46    0.0004361  -0.00826276
  47    0.0004401  -0.00832144
  48    0.0004398  -0.00832013
  49    0.0002195  -0.00764412
  50    0.0002195  -0.00764687
  51    0.0000734  -0.00012369
  52    0.0000927  -0.00016159
  53    0.0000507  -0.00009186
  54    0.0000561  -0.00010387
  55    0.0000757  -0.00013436
  56    0.0000763  -0.00014591
  57    0.0000480  -0.00011087
  58    0.0000443  -0.00008754
  59    0.0001010  -0.00021481
  60    0.0000471  -0.00010403
  61    0.0000457  -0.00010713
  62    0.0000623  -0.00009382
  63    0.0000875  -0.00011316
  64    0.0000757  -0.00011313
  65    0.0000833  -0.00011676
  66    0.0000814  -0.00013740
  67    0.0001217  -0.00021346
  68    0.0000885  -0.00015962
  69    0.0000468  -0.00008512
  70    0.0000000  -0.00000085
  71    0.0000000  -0.00000072
  72    0.0000000  -0.00000081
  73    0.0000000  -0.00000073
  74    0.0000000  -0.00000061
  75    0.0000000  -0.00000073
  76    0.0000410  -0.00008398
  77    0.0000391  -0.00007975
  78    0.0000373  -0.00007964
  79    0.0000364  -0.00007752
  80    0.0000602  -0.00013218
  81    0.0000559  -0.00010590
  82    0.0000214  -0.00005626
  83    0.0000227  -0.00005649
  84    0.0000362  -0.00006713
  85    0.0000317  -0.00007820
  86    0.0000353  -0.00008537
  87    0.0000399  -0.00007493
  88    0.0000263  -0.00006123
  89    0.0000373  -0.00007563
  90    0.0000193  -0.00005041
  91    0.0000288  -0.00007131
  92    0.0000370  -0.00007834
  93    0.0000246  -0.00006607
  94    0.0000150  -0.00004310
  95    0.0000000  -0.00000079
  96    0.0000000  -0.00000075
  97    0.0000000  -0.00000058
  98    0.0000000  -0.00000056
  99    0.0000000  -0.00000044
 100    0.0000000  -0.00000050
 101    0.0000223  -0.00005571
 102    0.0000196  -0.00005102
 103    0.0000163  -0.00004515
 104    0.0000177  -0.00004830
 105    0.0000156  -0.00004291
 106    0.0000235  -0.00006049
 107    0.0000190  -0.00005018
 108    0.0000204  -0.00005096
 109    0.0000312  -0.00006089
 110    0.0000236  -0.00006448
 111    0.0000217  -0.00006347
 112    0.0000159  -0.00004372
 113    0.0000153  -0.00004255
 114    0.0000326  -0.00007022
 115    0.0000183  -0.00004822
 116    0.0000287  -0.00006853
 117    0.0000138  -0.00004255
 118    0.0000078  -0.00003104
 119    0.0000148  -0.00004215
 120    0.0000000  -0.00000061
 121    0.0000000  -0.00000038
 122    0.0000000  -0.00000054
 123    0.0000000  -0.00000054
 124    0.0000000  -0.00000036
 125    0.0000000  -0.00000038
 126    0.0000141  -0.00004203
 127    0.0000155  -0.00004463
 128    0.0000107  -0.00003237
 129    0.0000097  -0.00003132
 130    0.0000103  -0.00003321
 131    0.0000108  -0.00003499
 132    0.0000095  -0.00002958
 133    0.0000153  -0.00004348
 134    0.0000159  -0.00003822
 135    0.0000088  -0.00003032
 136    0.0000098  -0.00003212
 137    0.0000092  -0.00002949
 138    0.0000148  -0.00004271
 139    0.0000191  -0.00005070
 140    0.0000115  -0.00003578
 141    0.0000103  -0.00003579
 142    0.0000129  -0.00004158
 143    0.0000067  -0.00002775
 144    0.0000142  -0.00004100
 145    0.0000000  -0.00000047
 146    0.0000000  -0.00000043
 147    0.0000000  -0.00000049
 148    0.0000000  -0.00000043
 149    0.0000000  -0.00000037
 150    0.0000000  -0.00000040
 151    0.0000097  -0.00003193
 152    0.0000089  -0.00002940
 153    0.0000092  -0.00002913
 154    0.0000082  -0.00002758
 155    0.0000068  -0.00002375
 156    0.0000101  -0.00003336
 157    0.0000077  -0.00002590
 158    0.0000073  -0.00002364
 159    0.0000130  -0.00003300
 160    0.0000082  -0.00002800
 161    0.0000065  -0.00002324
 162    0.0000088  -0.00002773
 163    0.0000072  -0.00002471
 164    0.0000064  -0.00002309
 165    0.0000079  -0.00002794
 166    0.0000060  -0.00002380
 167    0.0000077  -0.00002815
 168    0.0000062  -0.00002690
 169    0.0000081  -0.00002809
 170    0.0000000  -0.00000038
 171    0.0000000  -0.00000048
 172    0.0000000  -0.00000031
 173    0.0000000  -0.00000038
 174    0.0000000  -0.00000045
 175    0.0000000  -0.00000035
 176    0.0000066  -0.00002331
 177    0.0000058  -0.00002030
 178    0.0000074  -0.00002327
 179    0.0000069  -0.00002328
 180    0.0000066  -0.00002293
 181    0.0000044  -0.00001783
 182    0.0000066  -0.00002385
 183    0.0000069  -0.00002287
 184    0.0000075  -0.00002133
 185    0.0000043  -0.00001584
 186    0.0000060  -0.00002178
 187    0.0000062  -0.00002113
 188    0.0000066  -0.00002344
 189    0.0000056  -0.00001966
 190    0.0000055  -0.00002073
 191    0.0000045  -0.00001830
 192    0.0000052  -0.00002018
 193    0.0000035  -0.00001558
 194    0.0000067  -0.00002402
 195    0.0000000  -0.00000019
 196    0.0000000  -0.00000043
 197    0.0000000  -0.00000042
 198    0.0000000  -0.00000033
 199    0.0000000  -0.00000036
 200    0.0000000  -0.00000023
 201    0.0000055  -0.00002038
 202    0.0000046  -0.00001656
 203    0.0000048  -0.00001670
 204    0.0000047  -0.00001649
 205    0.0000060  -0.00002086
 206    0.0000043  -0.00001682
 207    0.0000043  -0.00001514
 208    0.0000064  -0.00002078
 209    0.0000047  -0.00001372
 210    0.0000038  -0.00001396
 211    0.0000039  -0.00001463
 212    0.0000044  -0.00001466
 213    0.0000040  -0.00001453
 214    0.0000038  -0.00001362
 215    0.0000039  -0.00001384
 216    0.0000036  -0.00001501
 217    0.0000039  -0.00001524
 218    0.0000034  -0.00001578
 219    0.0000033  -0.00001133
 220    0.0000000  -0.00000032
 221    0.0000000  -0.00000027
 222    0.0000000  -0.00000033
 223    0.0000000  -0.00000030
 224    0.0000000  -0.00000024
 225    0.0000000  -0.00000026
 226    0.0000049  -0.00001657
 227    0.0000043  -0.00001622
 228    0.0000038  -0.00001220
 229    0.0000034  -0.00001251
 230    0.0000036  -0.00001260
 231    0.0000035  -0.00001278
 232    0.0000036  -0.00001281
 233    0.0000040  -0.00001282
 234    0.0000045  -0.00001287
 235    0.0000029  -0.00000997
 236    0.0000029  -0.00000970
 237    0.0000039  -0.00001334
 238    0.0000032  -0.00001057
 239    0.0000030  -0.00001081
 240    0.0000031  -0.00001096
 241    0.0000030  -0.00001115
 242    0.0000026  -0.00000935
 243    0.0000024  -0.00001087
 244    0.0000033  -0.00001097
 245    0.0000000  -0.00000036
 246    0.0000000  -0.00000028
 247    0.0000000  -0.00000027
 248    0.0000000  -0.00000024
 249    0.0000000  -0.00000028
 250    0.0000000  -0.00000028
 251    0.0000030  -0.00001019
 252    0.0000036  -0.00001380
 253    0.0000032  -0.00001038
 254    0.0000032  -0.00001075
 255    0.0000030  -0.00001047
 256    0.0000032  -0.00001181
 257    0.0000027  -0.00000825
 258    0.0000040  -0.00001325
 259    0.0000044  -0.00001293
 260    0.0000024  -0.00000827
 261    0.0000027  -0.00000918
 262    0.0000034  -0.00001118
 263    0.0000028  -0.00000891
 264    0.0000024  -0.00000837
 265    0.0000029  -0.00001044
 266    0.0000021  -0.00000712
 267    0.0000024  -0.00000788
 268    0.0000020  -0.00000837
 269    0.0000027  -0.00000832
 270    0.0000000  -0.00000024
 271    0.0000000  -0.00000021
 272    0.0000000  -0.00000025
 273    0.0000000  -0.00000022
 274    0.0000000  -0.00000022
 275    0.0000000  -0.00000020
 276    0.0000029  -0.00001061
 277    0.0000024  -0.00000782
 278    0.0000026  -0.00000709
 279    0.0000026  -0.00000805
 280    0.0000027  -0.00000913
 281    0.0000026  -0.00000926
 282    0.0000027  -0.00000865
 283    0.0000032  -0.00000974
 284    0.0000034  -0.00000957
 285    0.0000023  -0.00000720
 286    0.0000022  -0.00000647
 287    0.0000026  -0.00000759
 288    0.0000027  -0.00000901
 289    0.0000023  -0.00000739
 290    0.0000024  -0.00000733
 291    0.0000021  -0.00000717
 292    0.0000022  -0.00000671
 293    0.0000017  -0.00000662
 294    0.0000026  -0.00000840
 295    0.0000000  -0.00000022
 296    0.0000000  -0.00000021
 297    0.0000000  -0.00000018
 298    0.0000000  -0.00000022
 299    0.0000000  -0.00000024
 300    0.0000000  -0.00000014
 301    0.0000027  -0.00000822
 302    0.0000024  -0.00000770
 303    0.0000026  -0.00000745
 304    0.0000023  -0.00000697
 305    0.0000023  -0.00000732
 306    0.0000020  -0.00000603
 307    0.0000026  -0.00000823
 308    0.0000027  -0.00000765
 309    0.0000030  -0.00000725
 310    0.0000023  -0.00000686
 311    0.0000021  -0.00000608
 312    0.0000022  -0.00000661
 313    0.0000023  -0.00000706
 314    0.0000020  -0.00000617
 315    0.0000023  -0.00000739
 316    0.0000017  -0.00000457
 317    0.0000019  -0.00000556
 318    0.0000017  -0.00000653
 319    0.0000022  -0.00000622
 320    0.0000000  -0.00000024
 321    0.0000000  -0.00000024
 322    0.0000000  -0.00000016
 323    0.0000000  -0.00000026
 324    0.0000000  -0.00000017
 325    0.0000000  -0.00000016
 326    0.0000023  -0.00000683
 327    0.0000019  -0.00000504
 328    0.0000022  -0.00000672
 329    0.0000022  -0.00000564
 330    0.0000020  -0.00000585
 331    0.0000017  -0.00000430
 332    0.0000020  -0.00000540
 333    0.0000024  -0.00000597
 334    0.0000025  -0.00000525
 335    0.0000017  -0.00000487
 336    0.0000018  -0.00000506
 337    0.0000019  -0.00000445
 338    0.0000020  -0.00000587
 339    0.0000017  -0.00000417
 340    0.0000020  -0.00000548
 341    0.0000016  -0.00000481
 342    0.0000017  -0.00000434
 343    0.0000014  -0.00000460
 344    0.0000022  -0.00000700
 345    0.0000000  -0.00000024
 346    0.0000000  -0.00000025
 347    0.0000000  -0.00000015
 348    0.0000000  -0.00000022
 349    0.0000000  -0.00000015
 350    0.0000000  -0.00000014
 351    0.0000019  -0.00000440
 352    0.0000018  -0.00000557
 353    0.0000019  -0.00000463
 354    0.0000018  -0.00000394
 355    0.0000018  -0.00000456
 356    0.0000017  -0.00000540
 357    0.0000016  -0.00000371
 358    0.0000023  -0.00000596
 359    0.0000025  -0.00000531
 360    0.0000016  -0.00000363
 361    0.0000016  -0.00000410
 362    0.0000019  -0.00000483
 363    0.0000020  -0.00000486
 364    0.0000016  -0.00000371
 365    0.0000018  -0.00000474
 366    0.0000014  -0.00000376
 367    0.0000017  -0.00000461
 368    0.0000014  -0.00000489
 369    0.0000017  -0.00000384
 370    0.0000000  -0.00000017
 371    0.0000000  -0.00000015
 372    0.0000000  -0.00000020
 373    0.0000000  -0.00000019
 374    0.0000000  -0.00000014
 375    0.0000000  -0.00000018
 376    0.0000016  -0.00000383
 377    0.0000017  -0.00000439
 378    0.0000018  -0.00000416
 379    0.0000018  -0.00000409
 380    0.0000017  -0.00000364
 381    0.0000015  -0.00000394
 382    0.0000016  -0.00000367
 383    0.0000019  -0.00000389
 384    0.0000022  -0.00000473
 385    0.0000015  -0.00000377
 386    0.0000013  -0.00000389
 387    0.0000016  -0.00000223
 388    0.0000017  -0.00000439
 389    0.0000013  -0.00000280
 390    0.0000016  -0.00000964
 391    0.0000012  -0.00000322
 392    0.0000014  -0.00000300
 393    0.0000013  -0.00000331
 394    0.0000017  -0.00000363
 395    0.0000000  -0.00000016
 396    0.0000000  -0.00000018
 397    0.0000000  -0.00000018
 398    0.0000000  -0.00000012
 399    0.0000000  -0.00000013
 400    0.0000000  -0.00000014
 401    0.0000016  -0.00000371
 402    0.0000016  -0.00000360
 403    0.0000017  -0.00000328
 404    0.0000015  -0.00000334
 405    0.0000013  -0.00000300
 406    0.0000012  -0.00000259
 407    0.0000015  -0.00000311
 408    0.0000016  -0.00000280
 409    0.0000018  -0.00000274
 410    0.0000014  -0.00000309
 411    0.0000013  -0.00000251
 412    0.0000014  -0.00000626
 413    0.0000014  -0.00000244
 414    0.0000012  -0.00000233
 415    0.0000014  -0.00000300
 416    0.0000010  -0.00000204
 417    0.0000012  -0.00000451
 418    0.0000011  -0.00000318
 419    0.0000013  -0.00000263
 420    0.0000000  -0.00000014
 421    0.0000000  -0.00000020
 422    0.0000000  -0.00000016
 423    0.0000000  -0.00000015
 424    0.0000000  -0.00000012
 425    0.0000000  -0.00000012
 426    0.0000009  -0.00000221
 427    0.0000012  -0.00000213
 428    0.0000015  -0.00000289
 429    0.0000010  -0.00000105
 430    0.0000010  -0.00000481
 431    0.0000008  -0.00000169
 432    0.0000010  -0.00000341
 433    0.0000011  -0.00000233
 434    0.0000010  -0.00000030
 435    0.0000009  -0.00000222
 436    0.0000008  -0.00000183
 437    0.0000013  -0.00000385
 438    0.0000012  -0.00000584
 439    0.0000009  -0.00000138
 440    0.0000013  -0.00000255
 441    0.0000008  -0.00000259
 442    0.0000010  -0.00000117
 443    0.0000006  -0.00000074
 444    0.0000011  -0.00000277
 445    0.0000000  -0.00000015
 446    0.0000000  -0.00000010
 447    0.0000000  -0.00000009
 448    0.0000000  -0.00000022
 449    0.0000000  -0.00000012
 450    0.0000000  -0.00000009
 451    0.0000008  -0.00000272
 452    0.0000007  -0.00000287
 453    0.0000009  -0.00000109
 454    0.0000009  -0.00000334
 455    0.0000009  -0.00000163
 456    0.0000008  -0.00000225
 457    0.0000009  -0.00000293
 458    0.0000009  -0.00000137
 459    0.0000009  -0.00000154
 460    0.0000008  -0.00000229
 461    0.0000007  -0.00000261
 462    0.0000010  -0.00000239
 463    0.0000012  -0.00000305
 464    0.0000008  -0.00000274
 465    0.0000013  -0.00000370
 466    0.0000008  -0.00000337
 467    0.0000008  -0.00000294
 468    0.0000006  -0.00000190
 469    0.0000009  -0.00000164
 470    0.0000000  -0.00000012
 471    0.0000000  -0.00000012
 472    0.0000000  -0.00000015
 473    0.0000000  -0.00000011
 474    0.0000000  -0.00000011
 475    0.0000000  -0.00000009
 476    0.0000008  -0.00000106
 477    0.0000007  -0.00000115
 478    0.0000009  -0.00000263
 479    0.0000008  -0.00000133
 480    0.0000008  -0.00000207
 481    0.0000007  -0.00000159
 482    0.0000009  -0.00000262
 483    0.0000009  -0.00000327
 484    0.0000009  -0.00000092
 485    0.0000007  -0.00000117
 486    0.0000007  -0.00000042
 487    0.0000010  -0.00000423
 488    0.0000011  -0.00000392
 489    0.0000008  -0.00000185
 490    0.0000009  -0.00000335
 491    0.0000007  -0.00000169
 492    0.0000008  -0.00000301
 493    0.0000006  -0.00000195
 494    0.0000009  -0.00000244
 495    0.0000000  -0.00000018
 496    0.0000000  -0.00000014
 497    0.0000000  -0.00000018
 498    0.0000000  -0.00000016
 499    0.0000000  -0.00000015
 500    0.0000000  -0.00000018
 501    0.0000008  -0.00000207
 502    0.0000007  0.00000002
 503    0.0000008  -0.00000125
 504    0.0000008  -0.00000204
 505    0.0000007  -0.00000059
 506    0.0000007  -0.00000154
 507    0.0000008  -0.00000135
 508    0.0000009  -0.00000177
 509    0.0000009  -0.00000032
 510    0.0000007  -0.00000084
 511    0.0000007  -0.00000095
 512    0.0000010  -0.00000069
 513    0.0000009  -0.00000301
 514    0.0000008  -0.00000233
 515    0.0000008  -0.00000111
 516    0.0000007  -0.00000044
 517    0.0000007  -0.00000125
 518    0.0000006  -0.00000053
 519    0.0000008  -0.00000106
 520    0.0000000  -0.00000014
 521    0.0000000  -0.00000013
 522    0.0000000  -0.00000012
 523    0.0000000  -0.00000014
 524    0.0000000  -0.00000026
 525    0.0000000  -0.00000015
 526    0.0000007  -0.00000053
 527    0.0000007  -0.00000165
 528    0.0000008  -0.00000139
 529    0.0000008  -0.00000037
 530    0.0000007  -0.00000132
 531    0.0000006  -0.00000172
 532    0.0000008  0.00000007
 533    0.0000008  -0.00000091
 534    0.0000009  -0.00000124
 535    0.0000007  -0.00000161
 536    0.0000007  -0.00000183
 537    0.0000009  -0.00000277
 538    0.0000009  -0.00000262
 539    0.0000008  -0.00000107
 540    0.0000007  -0.00000216
 541    0.0000006  -0.00000180
 542    0.0000007  -0.00000148
 543    0.0000006  -0.00000193
 544    0.0000008  -0.00000169
 545    0.0000000  -0.00000016
 546    0.0000000  -0.00000016
 547    0.0000000  -0.00000013
 548    0.0000000  -0.00000012
 549    0.0000000  -0.00000013
 550    0.0000000  -0.00000011
 551    0.0000007  -0.00000175
 552    0.0000006  -0.00000064
 553    0.0000008  -0.00000154
 554    0.0000007  -0.00000238
 555    0.0000007  -0.00000257
 556    0.0000006  -0.00000173
 557    0.0000008  -0.00000214
 558    0.0000008  -0.00000195
 559    0.0000009  -0.00000138
 560    0.0000006  -0.00000110
 561    0.0000007  -0.00000138
 562    0.0000008  -0.00000141
 563    0.0000008  -0.00000225
 564    0.0000007  -0.00000080
 565    0.0000007  -0.00000081
 566    0.0000006  -0.00000148
 567    0.0000007  -0.00000196
 568    0.0000005  -0.00000133
 569    0.0000007  -0.00000090
 570    0.0000000  -0.00000012
 571    0.0000000  -0.00000014
 572    0.0000000  -0.00000012
 573    0.0000000  -0.00000013
 574    0.0000000  -0.00000014
 575    0.0000000  -0.00000017
 576    0.0000007  -0.00000172
 577    0.0000006  -0.00000140
 578    0.0000007  -0.00000151
 579    0.0000007  -0.00000138
 580    0.0000006  -0.00000169
 581    0.0000006  -0.00000077
 582    0.0000008  -0.00000205
 583    0.0000007  -0.00000111
 584    0.0000008  -0.00000095
 585    0.0000006  -0.00000083
 586    0.0000006  -0.00000072
 587    0.0000008  -0.00000152
 588    0.0000008  -0.00000228
 589    0.0000006  -0.00000035
 590    0.0000007  -0.00000044
 591    0.0000005  -0.00000048
 592    0.0000007  -0.00000101
 593    0.0000005  -0.00000075
 594    0.0000007  -0.00000050
 595    0.0000000  -0.00000017
 596    0.0000000  -0.00000012
 597    0.0000000  -0.00000010
 598    0.0000000  -0.00000009
 599    0.0000000  -0.00000016
 600    0.0000000  -0.00000008
 601    0.0000006  -0.00000055
 602    0.0000006  -0.00000100
 603    0.0000007  -0.00000046
 604    0.0000006  -0.00000023
 605    0.0000006  -0.00000115
 606    0.0000005  -0.00000081
 607    0.0000007  -0.00000190
 608    0.0000007  -0.00000027
 609    0.0000007  0.00000001
 610    0.0000006  -0.00000034
 611    0.0000006  -0.00000088
 612    0.0000006  0.00000068
 613    0.0000006  -0.00000011
 614    0.0000005  0.00000054
 615    0.0000005  -0.00000053
 616    0.0000005  -0.00000151
 617    0.0000005  -0.00000188
 618    0.0000004  -0.00000064
 619    0.0000005  -0.00000042
 620    0.0000000  -0.00000012
 621    0.0000000  -0.00000019
 622    0.0000000  -0.00000012
 623    0.0000000  -0.00000013
 624    0.0000000  -0.00000008
 625    0.0000000  -0.00000011
 
----------------
 Final Energies 
----------------
Final NOF Total Energy =    -306.8143080
 
Total Orbital Internal Iterations = 10
Total Occupation Internal Iterations = 56
 
Elapsed time:  146.79 Seconds

---------------------------------
   Lowdin Population Analysis    
---------------------------------
 Idx  Atom   Population   Charge 
---------------------------------
  1     C     6.089      -0.089
  2     H     1.074      -0.074
  3     O     7.435       0.565
  4     C     5.911       0.089
  5     H     1.050      -0.050
  6     H     1.054      -0.054
  7     C     5.910       0.090
  8     H     1.046      -0.046
  9     H     1.045      -0.045
 10     H     1.344      -0.344
 11     H     1.059      -0.059
 12     C     6.095      -0.095
 13     H     1.065      -0.065
 14     H     1.064      -0.064
 15     O     7.418       0.582
 16     H     1.341      -0.341

---------------------------------
   M Diagnostic: 0.03
---------------------------------

