Computing Integrals
Basis Set                                            = def2-qzvp
Auxiliary Basis Set                                  = def2-universal-jkfit
Gaussian Type                                        = Spherical
Elapsed time:    9.46 Seconds

Number of basis functions                   (NBF)    = 465
Number of auxiliary basis functions         (NBFAUX) = 487
Inactive Doubly occupied orbitals up to     (NO1)    = 0
No. considered Strongly Doubly occupied MOs (NDOC)   = 19
No. considered Strongly Singly occupied MOs (NSOC)   = 0
NO. of Weakly occ. per St. Doubly occ.  MOs (NCWO)   = 23
Dimension of the Nat. Orb. subspace         (NBF5)   = 456
No. of electrons                                     = 38
    No. of alpha electrons                           = 19
    No. of beta electrons                            = 19
Multiplicity                                         = 1

Geometry
========
 C       0.0000000       1.1955475       0.1591536
 C       0.0000000       0.0000000      -0.8095231
 C       0.0000000      -1.1955475       0.1591536
 N       0.0000000      -0.6147607       1.5357795
 N       0.0000000       0.6147607       1.5357795
 H      -0.8790141       1.8382622       0.0805604
 H       0.8790141       1.8382622       0.0805604
 H      -0.8801214       0.0000000      -1.4512923
 H       0.8801214       0.0000000      -1.4512923
 H       0.8790141      -1.8382622       0.0805604
 H      -0.8790141      -1.8382622       0.0805604

No violations of the orthonormality
No violations of the orthonormality
 
PNOF7/ADABelief Calculation
==================
 
  Nitext  Nit_orb  Time   Nit_occ  Time         Eelec          Etot           Ediff      maxdiff    MaxGrad_orb  Grad_occ
     1      10    4.4e+01   83    4.6e+01  -399.99268508  -225.79957558 -10398.99268508   0.000526   2.1e-03   2.4e-04 0.18
 
RESULTS OF THE OCCUPATION OPTIMIZATION
========================================
   1    1.9996911  -15.58909932
   2    1.9996917  -15.58908201
   3    1.9995609  -11.24329637
   4    1.9995581  -11.24326919
   5    1.9995580  -11.22195846
   6    1.9805783  -1.12131527
   7    1.9625364  -0.76754903
   8    1.9623904  -0.76751966
   9    1.9722357  -0.71976027
  10    1.9722136  -0.71970385
  11    1.9759880  -0.70225091
  12    1.9760081  -0.70222507
  13    1.9759886  -0.70219917
  14    1.9759833  -0.70215485
  15    1.9765918  -0.68811688
  16    1.9765571  -0.68803322
  17    1.9831987  -0.67418006
  18    1.9832345  -0.67418219
  19    1.8227541  -0.51541398
  20    0.1769881  -0.07123566
  21    0.0163495  -0.01200092
  22    0.0163439  -0.01199464
  23    0.0231659  -0.01704296
  24    0.0230456  -0.01698859
  25    0.0237854  -0.01741708
  26    0.0237185  -0.01739978
  27    0.0237044  -0.01739271
  28    0.0237490  -0.01740068
  29    0.0275253  -0.01986375
  30    0.0274884  -0.01985803
  31    0.0373881  -0.02751149
  32    0.0371800  -0.02739690
  33    0.0192234  -0.02095449
  34    0.0004419  -0.00830462
  35    0.0004418  -0.00833482
  36    0.0004390  -0.00832103
  37    0.0003083  -0.00802895
  38    0.0003089  -0.00803523
  39    0.0000858  -0.00015958
  40    0.0001376  -0.00027183
  41    0.0002211  -0.00035792
  42    0.0000696  -0.00017275
  43    0.0001005  -0.00019479
  44    0.0000594  -0.00014393
  45    0.0000930  -0.00022887
  46    0.0001074  -0.00022986
  47    0.0000891  -0.00019354
  48    0.0000791  -0.00019735
  49    0.0000868  -0.00017662
  50    0.0001030  -0.00018892
  51    0.0001142  -0.00023070
  52    0.0000517  -0.00013479
  53    0.0000000  -0.00000119
  54    0.0000000  -0.00000184
  55    0.0000000  -0.00000163
  56    0.0000000  -0.00000174
  57    0.0000000  -0.00000156
  58    0.0000503  -0.00008708
  59    0.0000991  -0.00018872
  60    0.0000668  -0.00017088
  61    0.0000477  -0.00007985
  62    0.0000852  -0.00017033
  63    0.0000581  -0.00013213
  64    0.0000724  -0.00014396
  65    0.0000393  -0.00007168
  66    0.0000590  -0.00008865
  67    0.0000407  -0.00008705
  68    0.0000613  -0.00010397
  69    0.0000287  -0.00006137
  70    0.0000739  -0.00015366
  71    0.0000446  -0.00013086
  72    0.0000000  -0.00000099
  73    0.0000000  -0.00000180
  74    0.0000000  -0.00000191
  75    0.0000000  -0.00000076
  76    0.0000000  -0.00000109
  77    0.0000356  -0.00007258
  78    0.0000658  -0.00013227
  79    0.0000469  -0.00007830
  80    0.0000423  -0.00008886
  81    0.0000572  -0.00010238
  82    0.0000282  -0.00006098
  83    0.0000301  -0.00005938
  84    0.0000271  -0.00005294
  85    0.0000298  -0.00007037
  86    0.0000393  -0.00007153
  87    0.0000408  -0.00008665
  88    0.0000250  -0.00005913
  89    0.0000267  -0.00006298
  90    0.0000390  -0.00009222
  91    0.0000000  -0.00000097
  92    0.0000000  -0.00000107
  93    0.0000000  -0.00000096
  94    0.0000000  -0.00000098
  95    0.0000000  -0.00000076
  96    0.0000273  -0.00005663
  97    0.0000357  -0.00006864
  98    0.0000396  -0.00007031
  99    0.0000312  -0.00006450
 100    0.0000286  -0.00005622
 101    0.0000256  -0.00006112
 102    0.0000253  -0.00005520
 103    0.0000265  -0.00005941
 104    0.0000154  -0.00004294
 105    0.0000330  -0.00007181
 106    0.0000267  -0.00006196
 107    0.0000235  -0.00005465
 108    0.0000189  -0.00004729
 109    0.0000218  -0.00006150
 110    0.0000000  -0.00000040
 111    0.0000000  -0.00000106
 112    0.0000000  -0.00000093
 113    0.0000000  -0.00000071
 114    0.0000000  -0.00000076
 115    0.0000162  -0.00003809
 116    0.0000269  -0.00005146
 117    0.0000213  -0.00004664
 118    0.0000247  -0.00006161
 119    0.0000262  -0.00005688
 120    0.0000162  -0.00004748
 121    0.0000159  -0.00004004
 122    0.0000260  -0.00005602
 123    0.0000150  -0.00004080
 124    0.0000258  -0.00005650
 125    0.0000132  -0.00003818
 126    0.0000063  -0.00002139
 127    0.0000090  -0.00002537
 128    0.0000099  -0.00003430
 129    0.0000000  -0.00000081
 130    0.0000000  -0.00000050
 131    0.0000000  -0.00000091
 132    0.0000000  -0.00000067
 133    0.0000000  -0.00000057
 134    0.0000078  -0.00002128
 135    0.0000088  -0.00002345
 136    0.0000101  -0.00002497
 137    0.0000158  -0.00003999
 138    0.0000223  -0.00005178
 139    0.0000094  -0.00002789
 140    0.0000157  -0.00003999
 141    0.0000236  -0.00005306
 142    0.0000126  -0.00003525
 143    0.0000073  -0.00002275
 144    0.0000118  -0.00003429
 145    0.0000052  -0.00001705
 146    0.0000056  -0.00001632
 147    0.0000055  -0.00002078
 148    0.0000000  -0.00000080
 149    0.0000000  -0.00000061
 150    0.0000000  -0.00000073
 151    0.0000000  -0.00000060
 152    0.0000000  -0.00000052
 153    0.0000063  -0.00001634
 154    0.0000066  -0.00002205
 155    0.0000087  -0.00002375
 156    0.0000084  -0.00002719
 157    0.0000061  -0.00001893
 158    0.0000050  -0.00001710
 159    0.0000056  -0.00002036
 160    0.0000049  -0.00001430
 161    0.0000120  -0.00003552
 162    0.0000063  -0.00001915
 163    0.0000064  -0.00002209
 164    0.0000048  -0.00001797
 165    0.0000047  -0.00001571
 166    0.0000043  -0.00001922
 167    0.0000000  -0.00000055
 168    0.0000000  -0.00000054
 169    0.0000000  -0.00000048
 170    0.0000000  -0.00000047
 171    0.0000000  -0.00000035
 172    0.0000041  -0.00001234
 173    0.0000065  -0.00001912
 174    0.0000066  -0.00001590
 175    0.0000080  -0.00002319
 176    0.0000058  -0.00001752
 177    0.0000039  -0.00001305
 178    0.0000050  -0.00001359
 179    0.0000044  -0.00001320
 180    0.0000043  -0.00001263
 181    0.0000055  -0.00001661
 182    0.0000053  -0.00001543
 183    0.0000039  -0.00001353
 184    0.0000043  -0.00001274
 185    0.0000040  -0.00001718
 186    0.0000000  -0.00000078
 187    0.0000000  -0.00000046
 188    0.0000000  -0.00000057
 189    0.0000000  -0.00000034
 190    0.0000000  -0.00000047
 191    0.0000040  -0.00001145
 192    0.0000046  -0.00001496
 193    0.0000063  -0.00001593
 194    0.0000039  -0.00001248
 195    0.0000052  -0.00001622
 196    0.0000036  -0.00001130
 197    0.0000043  -0.00001159
 198    0.0000041  -0.00001323
 199    0.0000036  -0.00000972
 200    0.0000033  -0.00001128
 201    0.0000031  -0.00001016
 202    0.0000036  -0.00001142
 203    0.0000042  -0.00001167
 204    0.0000025  -0.00000992
 205    0.0000000  -0.00000044
 206    0.0000000  -0.00000038
 207    0.0000000  -0.00000047
 208    0.0000000  -0.00000033
 209    0.0000000  -0.00000038
 210    0.0000033  -0.00000803
 211    0.0000036  -0.00000945
 212    0.0000060  -0.00001981
 213    0.0000035  -0.00000781
 214    0.0000050  -0.00001445
 215    0.0000035  -0.00001132
 216    0.0000043  -0.00001249
 217    0.0000033  -0.00001063
 218    0.0000035  -0.00001150
 219    0.0000026  -0.00000610
 220    0.0000029  -0.00001026
 221    0.0000024  -0.00000639
 222    0.0000041  -0.00001322
 223    0.0000021  -0.00000851
 224    0.0000000  -0.00000044
 225    0.0000000  -0.00000044
 226    0.0000000  -0.00000032
 227    0.0000000  -0.00000034
 228    0.0000000  -0.00000028
 229    0.0000025  -0.00000687
 230    0.0000030  -0.00000925
 231    0.0000046  -0.00001406
 232    0.0000033  -0.00000911
 233    0.0000034  -0.00000969
 234    0.0000031  -0.00001158
 235    0.0000041  -0.00001073
 236    0.0000032  -0.00000792
 237    0.0000031  -0.00000853
 238    0.0000026  -0.00000565
 239    0.0000029  -0.00000901
 240    0.0000022  -0.00000897
 241    0.0000027  -0.00000916
 242    0.0000020  -0.00000763
 243    0.0000000  -0.00000046
 244    0.0000000  -0.00000039
 245    0.0000000  -0.00000029
 246    0.0000000  -0.00000028
 247    0.0000000  -0.00000030
 248    0.0000024  -0.00000646
 249    0.0000029  -0.00000702
 250    0.0000040  -0.00000969
 251    0.0000031  -0.00000903
 252    0.0000028  -0.00000714
 253    0.0000023  -0.00000815
 254    0.0000031  -0.00000868
 255    0.0000028  -0.00000674
 256    0.0000030  -0.00001089
 257    0.0000026  -0.00000745
 258    0.0000029  -0.00000946
 259    0.0000021  -0.00000686
 260    0.0000026  -0.00000749
 261    0.0000019  -0.00000576
 262    0.0000000  -0.00000037
 263    0.0000000  -0.00000023
 264    0.0000000  -0.00000037
 265    0.0000000  -0.00000032
 266    0.0000000  -0.00000030
 267    0.0000022  -0.00000568
 268    0.0000025  -0.00000764
 269    0.0000028  -0.00000860
 270    0.0000028  -0.00000766
 271    0.0000026  -0.00000606
 272    0.0000022  -0.00000796
 273    0.0000026  -0.00000712
 274    0.0000023  -0.00000678
 275    0.0000022  -0.00000620
 276    0.0000025  -0.00000710
 277    0.0000025  -0.00000643
 278    0.0000020  -0.00000685
 279    0.0000024  -0.00000825
 280    0.0000017  -0.00000614
 281    0.0000000  -0.00000031
 282    0.0000000  -0.00000034
 283    0.0000000  -0.00000043
 284    0.0000000  -0.00000031
 285    0.0000000  -0.00000033
 286    0.0000019  -0.00000464
 287    0.0000022  -0.00000520
 288    0.0000026  -0.00000719
 289    0.0000027  -0.00000648
 290    0.0000025  -0.00000655
 291    0.0000021  -0.00000663
 292    0.0000024  -0.00000585
 293    0.0000023  -0.00000531
 294    0.0000019  -0.00000498
 295    0.0000023  -0.00000756
 296    0.0000023  -0.00000596
 297    0.0000016  -0.00000696
 298    0.0000024  -0.00000643
 299    0.0000015  -0.00000596
 300    0.0000000  -0.00000034
 301    0.0000000  -0.00000037
 302    0.0000000  -0.00000026
 303    0.0000000  -0.00000040
 304    0.0000000  -0.00000044
 305    0.0000015  -0.00000398
 306    0.0000020  -0.00000602
 307    0.0000026  -0.00000410
 308    0.0000024  -0.00000639
 309    0.0000017  -0.00000532
 310    0.0000017  -0.00000467
 311    0.0000021  -0.00000601
 312    0.0000023  -0.00000518
 313    0.0000017  -0.00000456
 314    0.0000017  -0.00000530
 315    0.0000014  -0.00000335
 316    0.0000013  -0.00000409
 317    0.0000022  -0.00000702
 318    0.0000012  -0.00000458
 319    0.0000000  -0.00000030
 320    0.0000000  -0.00000037
 321    0.0000000  -0.00000045
 322    0.0000000  -0.00000030
 323    0.0000000  -0.00000029
 324    0.0000013  -0.00000358
 325    0.0000019  -0.00000537
 326    0.0000017  -0.00000362
 327    0.0000016  -0.00000556
 328    0.0000015  -0.00000483
 329    0.0000015  -0.00000566
 330    0.0000014  -0.00000455
 331    0.0000019  -0.00000518
 332    0.0000013  -0.00000305
 333    0.0000015  -0.00000367
 334    0.0000013  -0.00000386
 335    0.0000013  -0.00000316
 336    0.0000013  -0.00000534
 337    0.0000011  -0.00000391
 338    0.0000000  -0.00000007
 339    0.0000000  -0.00000012
 340    0.0000000  -0.00000044
 341    0.0000000  -0.00000026
 342    0.0000000  -0.00000037
 343    0.0000011  -0.00000347
 344    0.0000018  -0.00000695
 345    0.0000015  -0.00000474
 346    0.0000015  -0.00000444
 347    0.0000014  -0.00000558
 348    0.0000012  -0.00000497
 349    0.0000011  -0.00000269
 350    0.0000015  -0.00000417
 351    0.0000011  -0.00000385
 352    0.0000013  -0.00000373
 353    0.0000009  -0.00000382
 354    0.0000011  -0.00000432
 355    0.0000009  -0.00000172
 356    0.0000006  -0.00000106
 357    0.0000000  -0.00000031
 358    0.0000000  -0.00000036
 359    0.0000000  -0.00000008
 360    0.0000000  -0.00000031
 361    0.0000000  -0.00000009
 362    0.0000011  -0.00000275
 363    0.0000013  -0.00000983
 364    0.0000010  -0.00000150
 365    0.0000011  -0.00000270
 366    0.0000011  -0.00000188
 367    0.0000009  -0.00000295
 368    0.0000011  -0.00000289
 369    0.0000010  -0.00000201
 370    0.0000010  -0.00000284
 371    0.0000010  -0.00000193
 372    0.0000008  -0.00000105
 373    0.0000008  -0.00000116
 374    0.0000008  0.00000006
 375    0.0000006  0.00000089
 376    0.0000000  -0.00000014
 377    0.0000000  -0.00000009
 378    0.0000000  -0.00000019
 379    0.0000000  -0.00000032
 380    0.0000000  -0.00000016
 381    0.0000008  0.00000020
 382    0.0000008  0.00000045
 383    0.0000009  0.00000051
 384    0.0000010  -0.00000247
 385    0.0000010  -0.00000189
 386    0.0000009  -0.00000207
 387    0.0000011  -0.00000295
 388    0.0000009  -0.00000145
 389    0.0000010  -0.00000250
 390    0.0000008  -0.00000108
 391    0.0000008  -0.00000348
 392    0.0000007  0.00000101
 393    0.0000008  -0.00000103
 394    0.0000006  -0.00000113
 395    0.0000000  -0.00000018
 396    0.0000000  -0.00000018
 397    0.0000000  -0.00000018
 398    0.0000000  -0.00000013
 399    0.0000000  -0.00000015
 400    0.0000008  -0.00000064
 401    0.0000008  -0.00000099
 402    0.0000009  0.00000012
 403    0.0000009  -0.00000156
 404    0.0000010  0.00000017
 405    0.0000008  -0.00000143
 406    0.0000009  0.00000076
 407    0.0000009  -0.00000053
 408    0.0000009  -0.00000111
 409    0.0000008  -0.00000011
 410    0.0000007  0.00000000
 411    0.0000007  -0.00000012
 412    0.0000008  -0.00000027
 413    0.0000006  0.00000043
 414    0.0000000  -0.00000019
 415    0.0000000  -0.00000019
 416    0.0000000  -0.00000021
 417    0.0000000  -0.00000017
 418    0.0000000  -0.00000017
 419    0.0000007  -0.00000039
 420    0.0000008  0.00000057
 421    0.0000008  -0.00000004
 422    0.0000009  0.00000017
 423    0.0000009  -0.00000114
 424    0.0000008  -0.00000222
 425    0.0000008  -0.00000092
 426    0.0000009  -0.00000027
 427    0.0000009  0.00000002
 428    0.0000006  0.00000053
 429    0.0000007  -0.00000054
 430    0.0000007  -0.00000049
 431    0.0000006  0.00000033
 432    0.0000006  0.00000012
 433    0.0000000  -0.00000021
 434    0.0000000  -0.00000014
 435    0.0000000  -0.00000019
 436    0.0000000  -0.00000014
 437    0.0000000  -0.00000015
 438    0.0000007  0.00000052
 439    0.0000007  -0.00000031
 440    0.0000007  0.00000015
 441    0.0000006  0.00000027
 442    0.0000007  -0.00000059
 443    0.0000008  0.00000028
 444    0.0000007  0.00000026
 445    0.0000007  -0.00000027
 446    0.0000006  0.00000032
 447    0.0000006  0.00000059
 448    0.0000006  -0.00000009
 449    0.0000005  -0.00000038
 450    0.0000006  0.00000070
 451    0.0000004  -0.00000036
 452    0.0000000  -0.00000026
 453    0.0000000  -0.00000027
 454    0.0000000  -0.00000021
 455    0.0000000  -0.00000018
 456    0.0000000  -0.00000049
 
----------------
 Final Energies 
----------------
Final NOF Total Energy =    -225.7995756
 
Total Orbital Internal Iterations = 10
Total Occupation Internal Iterations = 83
 
Elapsed time:  109.08 Seconds

---------------------------------
   Lowdin Population Analysis    
---------------------------------
 Idx  Atom   Population   Charge 
---------------------------------
  1     C     6.004      -0.004
  2     C     5.896       0.104
  3     C     6.004      -0.004
  4     N     6.862       0.138
  5     N     6.862       0.138
  6     H     1.063      -0.063
  7     H     1.063      -0.063
  8     H     1.060      -0.060
  9     H     1.060      -0.060
 10     H     1.063      -0.063
 11     H     1.063      -0.063

---------------------------------
   M Diagnostic: 0.18
---------------------------------

