Computing Integrals
Basis Set                                            = def2-qzvp
Auxiliary Basis Set                                  = def2-universal-jkfit
Gaussian Type                                        = Spherical
Elapsed time:    2.61 Seconds

Number of basis functions                   (NBF)    = 100
Number of auxiliary basis functions         (NBFAUX) = 146
Inactive Doubly occupied orbitals up to     (NO1)    = 0
No. considered Strongly Doubly occupied MOs (NDOC)   = 9
No. considered Strongly Singly occupied MOs (NSOC)   = 0
NO. of Weakly occ. per St. Doubly occ.  MOs (NCWO)   = 10
Dimension of the Nat. Orb. subspace         (NBF5)   = 99
No. of electrons                                     = 18
    No. of alpha electrons                           = 9
    No. of beta electrons                            = 9
Multiplicity                                         = 1

Geometry
========
Cl       0.0000000       0.0000000      -0.6375721
 H       0.0000000       0.0000000       0.6375721

No violations of the orthonormality
No violations of the orthonormality
 
PNOF7/ADABelief Calculation
==================
 
  Nitext  Nit_orb  Time   Nit_occ  Time         Eelec          Etot           Ediff      maxdiff    MaxGrad_orb  Grad_occ
     1      10    2.2e+01   27    2.5e+01  -466.83555821  -459.78067443 -10465.83555821   0.777561   3.1e+00   1.8e-04 0.00
     2      10    1.5e+00    0    3.0e-02  -467.11613464  -460.06125086    -0.28057643   0.777557   3.1e+00   1.8e-04 0.00
     3      30    4.6e+00   34    2.6e-01  -467.24202960  -460.18714582    -0.12589495   0.251519   1.0e+00   1.5e-04 0.01
     4      30    3.7e+00   31    2.8e-01  -467.27988600  -460.22500222    -0.03785640   0.023981   9.6e-02   1.7e-04 0.02
     5      30    3.8e+00   19    1.9e-01  -467.29156039  -460.23667660    -0.01167439   0.045816   1.8e-01   2.3e-04 0.03
     6      30    4.5e+00   13    1.2e-01  -467.29663088  -460.24174710    -0.00507049   0.019372   7.7e-02   2.1e-04 0.03
     7      30    3.1e+00    6    4.7e-02  -467.29863083  -460.24374705    -0.00199995   0.008272   3.3e-02   1.8e-04 0.03
     8      30    3.3e+00    6    9.9e-02  -467.30002681  -460.24514303    -0.00139598   0.003545   1.4e-02   1.9e-04 0.03
     9      30    3.1e+00    6    1.4e-01  -467.30111218  -460.24622839    -0.00108537   0.010476   4.2e-02   2.0e-04 0.03
    10      30    4.0e+00    8    8.7e-02  -467.30203280  -460.24714902    -0.00092062   0.008427   3.4e-02   2.1e-04 0.03
    11      30    4.6e+00    8    1.7e-01  -467.30271226  -460.24782848    -0.00067946   0.011069   4.4e-02   1.7e-04 0.03
    12      30    3.6e+00    3    4.2e-02  -467.30312224  -460.24823846    -0.00040998   0.004713   1.9e-02   1.7e-04 0.03
    13      30    2.8e+00    0    2.1e-02  -467.30318727  -460.24830349    -0.00006503   0.004713   1.9e-02   1.7e-04 0.03
    14      50    6.1e+00    1    4.2e-02  -467.30347641  -460.24859263    -0.00028914   0.000474   1.9e-03   2.2e-04 0.03
 
RESULTS OF THE OCCUPATION OPTIMIZATION
========================================
   1    1.9999430  -104.18643773
   2    1.9995860  -9.14391454
   3    1.9995854  -8.88863792
   4    1.9994582  -8.70040805
   5    1.9996001  -8.66526632
   6    1.9777823  -0.84078582
   7    1.9745151  -0.69839079
   8    1.9656943  -0.65134316
   9    1.9617174  -0.60001388
  10    0.0156650  -0.01002390
  11    0.0141694  -0.00946935
  12    0.0120500  -0.00860646
  13    0.0170752  -0.01361662
  14    0.0002527  -0.00297497
  15    0.0002408  -0.00291584
  16    0.0002554  -0.00302558
  17    0.0002589  -0.00313620
  18    0.0000293  -0.00587095
  19    0.0146244  -0.00899725
  20    0.0110370  -0.00791321
  21    0.0111691  -0.00808463
  22    0.0021686  -0.00257202
  23    0.0001374  -0.00161843
  24    0.0001795  -0.00216573
  25    0.0001540  -0.00185510
  26    0.0001505  -0.00188479
  27    0.0000092  -0.00113541
  28    0.0067942  -0.00476714
  29    0.0082100  -0.00601590
  30    0.0007972  -0.00105261
  31    0.0014347  -0.00186125
  32    0.0000053  -0.00003922
  33    0.0001154  -0.00138654
  34    0.0000021  -0.00002185
  35    0.0000015  -0.00001566
  36    0.0000087  -0.00106893
  37    0.0005000  -0.00062500
  38    0.0004704  -0.00060389
  39    0.0006024  -0.00081150
  40    0.0011470  -0.00154685
  41    0.0000015  -0.00001814
  42    0.0000027  -0.00002289
  43    0.0000007  -0.00000748
  44    0.0000009  -0.00001133
  45    0.0000085  -0.00105223
  46    0.0003138  -0.00042097
  47    0.0001670  -0.00025037
  48    0.0003346  -0.00043300
  49    0.0000971  -0.00023475
  50    0.0000011  -0.00001048
  51    0.0000008  -0.00000960
  52    0.0000005  -0.00000699
  53    0.0000005  -0.00000641
  54    0.0000009  -0.00028105
  55    0.0001717  -0.00021953
  56    0.0000836  -0.00014717
  57    0.0002338  -0.00037577
  58    0.0000887  -0.00018591
  59    0.0000007  -0.00000844
  60    0.0000008  -0.00000972
  61    0.0000005  -0.00000767
  62    0.0000004  -0.00000386
  63    0.0000002  -0.00000066
  64    0.0000901  -0.00013908
  65    0.0000708  -0.00012143
  66    0.0001364  -0.00018705
  67    0.0000626  -0.00015145
  68    0.0000003  -0.00000180
  69    0.0000005  -0.00000716
  70    0.0000004  -0.00000299
  71    0.0000004  -0.00000379
  72    0.0000001  -0.00000050
  73    0.0000596  -0.00010363
  74    0.0000375  -0.00008980
  75    0.0000845  -0.00015034
  76    0.0000574  -0.00013850
  77    0.0000003  -0.00000116
  78    0.0000004  -0.00000254
  79    0.0000003  -0.00000136
  80    0.0000003  -0.00000134
  81    0.0000001  -0.00000032
  82    0.0000436  -0.00007035
  83    0.0000362  -0.00007749
  84    0.0000495  -0.00011058
  85    0.0000522  -0.00014420
  86    0.0000003  -0.00000065
  87    0.0000004  -0.00000209
  88    0.0000003  -0.00000098
  89    0.0000003  -0.00000113
  90    0.0000001  -0.00000029
  91    0.0000202  -0.00005025
  92    0.0000237  -0.00005593
  93    0.0000275  -0.00006019
  94    0.0000343  -0.00011539
  95    0.0000003  -0.00000097
  96    0.0000003  -0.00000099
  97    0.0000003  -0.00000085
  98    0.0000003  -0.00000084
  99    0.0000001  -0.00000026
 
----------------
 Final Energies 
----------------
Final NOF Total Energy =    -460.2485926
 
Total Orbital Internal Iterations = 400
Total Occupation Internal Iterations = 162
 
Elapsed time:  113.45 Seconds

---------------------------------
   Lowdin Population Analysis    
---------------------------------
 Idx  Atom   Population   Charge 
---------------------------------
  1    Cl    16.621       0.379
  2     H     1.379      -0.379

---------------------------------
   M Diagnostic: 0.03
---------------------------------

