Computing Integrals
Basis Set                                            = def2-qzvp
Auxiliary Basis Set                                  = def2-universal-jkfit
Gaussian Type                                        = Spherical
Elapsed time:    2.39 Seconds

Number of basis functions                   (NBF)    = 36
Number of auxiliary basis functions         (NBFAUX) = 51
Inactive Doubly occupied orbitals up to     (NO1)    = 0
No. considered Strongly Doubly occupied MOs (NDOC)   = 2
No. considered Strongly Singly occupied MOs (NSOC)   = 0
NO. of Weakly occ. per St. Doubly occ.  MOs (NCWO)   = 17
Dimension of the Nat. Orb. subspace         (NBF5)   = 36
No. of electrons                                     = 4
    No. of alpha electrons                           = 2
    No. of beta electrons                            = 2
Multiplicity                                         = 1

Geometry
========
Be       0.0000000       0.0000000       0.0000000

No violations of the orthonormality
No violations of the orthonormality
 
PNOF7/ADABelief Calculation
==================
 
  Nitext  Nit_orb  Time   Nit_occ  Time         Eelec          Etot           Ediff      maxdiff    MaxGrad_orb  Grad_occ
     1      10    2.0e+01   21    2.5e+01   -14.57957764   -14.57957764 -10013.57957764   0.088891   3.6e-01   1.0e-04 0.02
     2      10    4.5e-03   20    2.0e-02   -14.62077632   -14.62077632    -0.04119868   0.039293   1.6e-01   1.3e-04 0.09
     3      10    4.1e-03   11    1.0e-02   -14.64038397   -14.64038397    -0.01960765   0.017125   6.8e-02   1.2e-04 0.12
     4      10    4.1e-03    3    1.3e-03   -14.64568891   -14.64568891    -0.00530494   0.018047   7.2e-02   1.1e-04 0.13
     5      10    4.1e-03    0    5.3e-04   -14.64584810   -14.64584810    -0.00015919   0.018047   7.2e-02   1.1e-04 0.13
     6      30    1.5e-02    1    7.9e-04   -14.64677543   -14.64677543    -0.00092733   0.000969   3.9e-03   1.6e-04 0.13
 
RESULTS OF THE OCCUPATION OPTIMIZATION
========================================
   1    1.9972905  -4.73558735
   2    1.8030493  -0.31832809
   3    0.0659156  -0.01600105
   4    0.0013726  -0.00999541
   5    0.0654430  -0.01593923
   6    0.0004302  -0.00348543
   7    0.0641218  -0.01570672
   8    0.0004236  -0.00347094
   9    0.0002747  -0.00015626
  10    0.0004229  -0.00346966
  11    0.0002383  -0.00013330
  12    0.0000150  -0.00022221
  13    0.0002185  -0.00006442
  14    0.0000078  -0.00007504
  15    0.0001936  -0.00006015
  16    0.0000056  -0.00006081
  17    0.0001464  -0.00005429
  18    0.0000046  -0.00005349
  19    0.0000985  -0.00004479
  20    0.0000044  -0.00003032
  21    0.0000486  -0.00002008
  22    0.0000034  -0.00002111
  23    0.0000478  -0.00002193
  24    0.0000033  -0.00002267
  25    0.0000467  -0.00002282
  26    0.0000032  -0.00002133
  27    0.0000433  -0.00002279
  28    0.0000032  -0.00001538
  29    0.0000410  -0.00002072
  30    0.0000032  -0.00000850
  31    0.0000383  -0.00002218
  32    0.0000032  -0.00001483
  33    0.0000257  -0.00001680
  34    0.0000027  -0.00000784
  35    0.0000091  -0.00000423
  36    0.0000005  -0.00000576
 
----------------
 Final Energies 
----------------
Final NOF Total Energy =     -14.6467754
 
Total Orbital Internal Iterations = 80
Total Occupation Internal Iterations = 56
 
Elapsed time:   58.32 Seconds

---------------------------------
   Lowdin Population Analysis    
---------------------------------
 Idx  Atom   Population   Charge 
---------------------------------
  1    Be     4.000      -0.000

---------------------------------
   M Diagnostic: 0.13
---------------------------------

