Computing Integrals
Basis Set                                            = def2-qzvp
Auxiliary Basis Set                                  = def2-universal-jkfit
Gaussian Type                                        = Spherical
Elapsed time:    2.51 Seconds

Number of basis functions                   (NBF)    = 87
Number of auxiliary basis functions         (NBFAUX) = 93
Inactive Doubly occupied orbitals up to     (NO1)    = 0
No. considered Strongly Doubly occupied MOs (NDOC)   = 3
No. considered Strongly Singly occupied MOs (NSOC)   = 2
NO. of Weakly occ. per St. Doubly occ.  MOs (NCWO)   = 27
Dimension of the Nat. Orb. subspace         (NBF5)   = 86
No. of electrons                                     = 8
    No. of alpha electrons                           = 5
    No. of beta electrons                            = 3
Multiplicity                                         = 3

Geometry
========
 C       0.0000000       0.0000000       0.5714638
 H       0.0000000       0.0000000      -0.5714638

No violations of the orthonormality
No violations of the orthonormality
 
PNOF7/ADABelief Calculation
==================
 
  Nitext  Nit_orb  Time   Nit_occ  Time         Eelec          Etot           Ediff      maxdiff    MaxGrad_orb  Grad_occ
     1      10    2.0e+01   30    2.4e+01   -41.07361669   -38.29561315 -10040.07361669   0.127133   5.1e-01   1.7e-04 0.01
     2      10    5.6e-02    0    7.1e-03   -41.12221000   -38.34420646    -0.04859331   0.127121   5.1e-01   1.7e-04 0.01
     3      30    1.6e-01   35    1.5e-01   -41.16030957   -38.38230602    -0.03809956   0.009175   3.7e-02   2.0e-04 0.04
     4      30    1.6e-01   35    1.9e-01   -41.20393622   -38.42593267    -0.04362665   0.008900   3.6e-02   1.6e-04 0.05
     5      30    1.4e-01   14    5.7e-02   -41.21191974   -38.43391620    -0.00798353   0.007381   3.0e-02   1.6e-04 0.06
     6      30    1.4e-01    8    3.7e-02   -41.21415031   -38.43614677    -0.00223057   0.005683   2.3e-02   2.2e-04 0.06
     7      30    1.4e-01    8    3.3e-02   -41.21517725   -38.43717371    -0.00102694   0.015117   6.0e-02   2.4e-04 0.06
     8      30    1.4e-01   12    4.6e-02   -41.21576469   -38.43776115    -0.00058744   0.007335   2.9e-02   1.7e-04 0.06
     9      30    1.8e-01    6    2.8e-02   -41.21614513   -38.43814158    -0.00038044   0.007023   2.8e-02   1.4e-04 0.06
    10      30    1.3e-01    4    1.8e-02   -41.21620920   -38.43820566    -0.00006408   0.007270   2.9e-02   1.6e-04 0.06
    11      30    1.5e-01    0    4.9e-03   -41.21622184   -38.43821830    -0.00001264   0.007270   2.9e-02   1.6e-04 0.06
    12      43    1.9e-01    0    7.0e-03   -41.21641336   -38.43840982    -0.00019152   0.000492   2.0e-03   2.0e-04 0.06
 
RESULTS OF THE OCCUPATION OPTIMIZATION
========================================
   1    1.9992399  -10.94402883
   2    1.9402201  -0.40942234
   3    1.9126231  -0.27118764
   4    1.0000000  -0.06158108
   5    1.0000000  -0.06154445
   6    0.0352380  -0.01036517
   7    0.0367270  -0.01772751
   8    0.0004955  -0.00873126
   9    0.0173981  -0.00567074
  10    0.0101310  -0.00655994
  11    0.0000833  -0.00104402
  12    0.0173174  -0.00566171
  13    0.0054468  -0.00400063
  14    0.0000812  -0.00105237
  15    0.0052763  -0.00291516
  16    0.0053018  -0.00390801
  17    0.0000756  -0.00097796
  18    0.0052520  -0.00293872
  19    0.0004187  -0.00049629
  20    0.0000124  -0.00042596
  21    0.0019533  -0.00136965
  22    0.0002940  -0.00038955
  23    0.0000009  -0.00003515
  24    0.0017698  -0.00120489
  25    0.0002750  -0.00035182
  26    0.0000009  -0.00001580
  27    0.0014213  -0.00108493
  28    0.0002524  -0.00032142
  29    0.0000009  -0.00001335
  30    0.0003468  -0.00026611
  31    0.0002398  -0.00031805
  32    0.0000008  -0.00001682
  33    0.0002259  -0.00028313
  34    0.0001702  -0.00026447
  35    0.0000007  -0.00000780
  36    0.0002221  -0.00028374
  37    0.0001194  -0.00021155
  38    0.0000007  -0.00000713
  39    0.0001964  -0.00021144
  40    0.0000967  -0.00016894
  41    0.0000006  -0.00001000
  42    0.0001799  -0.00019119
  43    0.0000716  -0.00014304
  44    0.0000006  -0.00000634
  45    0.0001457  -0.00014975
  46    0.0000495  -0.00010656
  47    0.0000006  -0.00000566
  48    0.0001189  -0.00013161
  49    0.0000297  -0.00007300
  50    0.0000005  -0.00000337
  51    0.0000867  -0.00011680
  52    0.0000246  -0.00006910
  53    0.0000005  -0.00000299
  54    0.0000591  -0.00007927
  55    0.0000188  -0.00004711
  56    0.0000004  -0.00000203
  57    0.0000442  -0.00005631
  58    0.0000156  -0.00004329
  59    0.0000004  -0.00000249
  60    0.0000276  -0.00004661
  61    0.0000153  -0.00004138
  62    0.0000004  -0.00000129
  63    0.0000194  -0.00003225
  64    0.0000139  -0.00004019
  65    0.0000004  -0.00000130
  66    0.0000133  -0.00003371
  67    0.0000128  -0.00003611
  68    0.0000004  -0.00000139
  69    0.0000131  -0.00003362
  70    0.0000123  -0.00003078
  71    0.0000004  -0.00000132
  72    0.0000117  -0.00003206
  73    0.0000106  -0.00002780
  74    0.0000004  -0.00000137
  75    0.0000114  -0.00003198
  76    0.0000095  -0.00002422
  77    0.0000004  -0.00000131
  78    0.0000103  -0.00002499
  79    0.0000093  -0.00002438
  80    0.0000004  -0.00000127
  81    0.0000100  -0.00002350
  82    0.0000069  -0.00002350
  83    0.0000004  -0.00000091
  84    0.0000080  -0.00002519
  85    0.0000066  -0.00001929
  86    0.0000004  -0.00000086
 
----------------
 Final Energies 
----------------
Final NOF Total Energy =     -38.4384098
 
Total Orbital Internal Iterations = 333
Total Occupation Internal Iterations = 152
 
Elapsed time:   58.59 Seconds

---------------------------------
   Lowdin Population Analysis    
---------------------------------
 Idx  Atom   Population   Charge 
---------------------------------
  1     C     6.656      -0.656
  2     H     1.344      -0.344

---------------------------------
   M Diagnostic: 0.06
---------------------------------

