Computing Integrals
Basis Set                                            = def2-qzvp
Auxiliary Basis Set                                  = def2-universal-jkfit
Gaussian Type                                        = Spherical
Elapsed time:    4.65 Seconds

Number of basis functions                   (NBF)    = 204
Number of auxiliary basis functions         (NBFAUX) = 206
Inactive Doubly occupied orbitals up to     (NO1)    = 0
No. considered Strongly Doubly occupied MOs (NDOC)   = 9
No. considered Strongly Singly occupied MOs (NSOC)   = 0
NO. of Weakly occ. per St. Doubly occ.  MOs (NCWO)   = 21
Dimension of the Nat. Orb. subspace         (NBF5)   = 198
No. of electrons                                     = 18
    No. of alpha electrons                           = 9
    No. of beta electrons                            = 9
Multiplicity                                         = 1

Geometry
========
 F       0.0000000       0.0000000       0.7507480
 C       0.0000000       0.0000000      -0.6335550
 H       0.0000000       1.0313900      -0.9851350
 H      -0.8932100      -0.5156950      -0.9851350
 H       0.8932100      -0.5156950      -0.9851350

No violations of the orthonormality
No violations of the orthonormality
 
PNOF7/ADABelief Calculation
==================
 
  Nitext  Nit_orb  Time   Nit_occ  Time         Eelec          Etot           Ediff      maxdiff    MaxGrad_orb  Grad_occ
     1      10    2.7e+01   34    3.0e+01  -176.35136740  -139.00276972 -10175.35136740   0.270431   1.1e+00   2.3e-04 0.00
     2      10    4.6e+00    0    1.7e-01  -176.48424859  -139.13565091    -0.13288119   0.270431   1.1e+00   2.3e-04 0.00
     3      30    1.2e+01   38    1.8e+00  -176.59974417  -139.25114649    -0.11549558   0.210741   8.4e-01   2.3e-04 0.02
     4      30    1.0e+01   36    1.6e+00  -176.67819013  -139.32959244    -0.07844596   0.012149   4.9e-02   2.1e-04 0.03
     5      30    9.2e+00   17    9.1e-01  -176.69329015  -139.34469246    -0.01510002   0.019045   7.6e-02   2.4e-04 0.03
     6      30    1.4e+01   11    5.3e-01  -176.69637467  -139.34777699    -0.00308452   0.018533   7.4e-02   2.7e-04 0.04
     7      30    1.8e+01    8    4.9e-01  -176.69727597  -139.34867829    -0.00090130   0.016455   6.6e-02   2.3e-04 0.04
     8      30    1.2e+01    0    7.9e-02  -176.69734752  -139.34874983    -0.00007155   0.016455   6.6e-02   2.3e-04 0.04
     9      50    1.9e+01    3    2.2e-01  -176.69822738  -139.34962969    -0.00087986   0.001837   7.3e-03   1.8e-04 0.04
    10      50    3.5e+01    3    2.2e-01  -176.69825989  -139.34966221    -0.00003252   0.002630   1.1e-02   2.4e-04 0.04
    11      50    2.4e+01    0    1.3e-01  -176.69829657  -139.34969888    -0.00003667   0.002796   1.1e-02   1.9e-04 0.04
    12      60    2.9e+01    0    9.0e-02  -176.69831632  -139.34971864    -0.00001976   0.001732   6.9e-03   1.9e-04 0.04
    13      70    3.6e+01    0    9.1e-02  -176.69832892  -139.34973124    -0.00001260   0.001072   4.3e-03   1.9e-04 0.04
    14      80    2.2e+01    0    9.2e-02  -176.69833563  -139.34973795    -0.00000671   0.000722   2.9e-03   1.9e-04 0.04
 
RESULTS OF THE OCCUPATION OPTIMIZATION
========================================
   1    1.9998366  -26.28011185
   2    1.9992967  -11.29791553
   3    1.9878485  -0.94880246
   4    1.9878676  -0.94734043
   5    1.9878640  -0.94549823
   6    1.9593166  -0.90456363
   7    1.9693504  -0.71491975
   8    1.9692817  -0.71489196
   9    1.9692716  -0.71467972
  10    0.0212203  -0.01615905
  11    0.0212358  -0.01616397
  12    0.0212431  -0.01618054
  13    0.0379472  -0.03333954
  14    0.0095436  -0.01214554
  15    0.0095596  -0.01215714
  16    0.0094924  -0.01212346
  17    0.0004460  -0.00825249
  18    0.0001598  -0.00706207
  19    0.0043289  -0.00449271
  20    0.0042834  -0.00447004
  21    0.0042465  -0.00445620
  22    0.0019861  -0.00291303
  23    0.0009922  -0.00207312
  24    0.0009960  -0.00213972
  25    0.0010079  -0.00223575
  26    0.0000892  -0.00122270
  27    0.0000013  -0.00016008
  28    0.0023387  -0.00272867
  29    0.0023117  -0.00271268
  30    0.0023145  -0.00272287
  31    0.0003560  -0.00071383
  32    0.0007584  -0.00178622
  33    0.0007442  -0.00170850
  34    0.0007015  -0.00157595
  35    0.0000774  -0.00107448
  36    0.0000006  -0.00000967
  37    0.0019818  -0.00235252
  38    0.0019725  -0.00234522
  39    0.0019680  -0.00234252
  40    0.0002797  -0.00061707
  41    0.0004878  -0.00123412
  42    0.0004764  -0.00121927
  43    0.0005996  -0.00142973
  44    0.0000772  -0.00107248
  45    0.0000002  -0.00000085
  46    0.0001579  -0.00029667
  47    0.0002004  -0.00033256
  48    0.0002031  -0.00033578
  49    0.0000406  -0.00018211
  50    0.0000908  -0.00031969
  51    0.0000925  -0.00031376
  52    0.0000884  -0.00030716
  53    0.0000082  -0.00035588
  54    0.0000001  -0.00000068
  55    0.0001431  -0.00025726
  56    0.0001651  -0.00027667
  57    0.0001411  -0.00024533
  58    0.0000212  -0.00005895
  59    0.0000809  -0.00029883
  60    0.0000800  -0.00030191
  61    0.0000816  -0.00029363
  62    0.0000009  -0.00000921
  63    0.0000001  -0.00000070
  64    0.0001239  -0.00022903
  65    0.0001250  -0.00024029
  66    0.0001194  -0.00023361
  67    0.0000117  -0.00003687
  68    0.0000643  -0.00021611
  69    0.0000568  -0.00023466
  70    0.0000501  -0.00021913
  71    0.0000004  -0.00002775
  72    0.0000001  -0.00000123
  73    0.0001065  -0.00021378
  74    0.0001109  -0.00021613
  75    0.0001145  -0.00022335
  76    0.0000067  -0.00003031
  77    0.0000355  -0.00017222
  78    0.0000465  -0.00019220
  79    0.0000336  -0.00013558
  80    0.0000004  -0.00000381
  81    0.0000001  -0.00000360
  82    0.0000834  -0.00019516
  83    0.0001026  -0.00020832
  84    0.0000823  -0.00019194
  85    0.0000052  -0.00002672
  86    0.0000247  -0.00011606
  87    0.0000260  -0.00010255
  88    0.0000296  -0.00012185
  89    0.0000003  -0.00000231
  90    0.0000001  -0.00000233
  91    0.0000610  -0.00015187
  92    0.0000542  -0.00014699
  93    0.0000507  -0.00014541
  94    0.0000048  -0.00001837
  95    0.0000118  -0.00006945
  96    0.0000098  -0.00007187
  97    0.0000171  -0.00008296
  98    0.0000003  -0.00000183
  99    0.0000001  -0.00000118
 100    0.0000443  -0.00010131
 101    0.0000381  -0.00009779
 102    0.0000348  -0.00009498
 103    0.0000038  -0.00001356
 104    0.0000080  -0.00003148
 105    0.0000070  -0.00003373
 106    0.0000096  -0.00003392
 107    0.0000003  -0.00000160
 108    0.0000001  -0.00000105
 109    0.0000368  -0.00009050
 110    0.0000290  -0.00008203
 111    0.0000321  -0.00008551
 112    0.0000037  -0.00000958
 113    0.0000055  -0.00002939
 114    0.0000059  -0.00003138
 115    0.0000084  -0.00003304
 116    0.0000003  -0.00000132
 117    0.0000001  -0.00000053
 118    0.0000257  -0.00007431
 119    0.0000248  -0.00007179
 120    0.0000241  -0.00006917
 121    0.0000030  -0.00000771
 122    0.0000054  -0.00002511
 123    0.0000053  -0.00002599
 124    0.0000055  -0.00002674
 125    0.0000003  -0.00000130
 126    0.0000001  -0.00000061
 127    0.0000154  -0.00004063
 128    0.0000166  -0.00004050
 129    0.0000213  -0.00004459
 130    0.0000026  -0.00000782
 131    0.0000050  -0.00002540
 132    0.0000048  -0.00002558
 133    0.0000046  -0.00002531
 134    0.0000003  -0.00000132
 135    0.0000001  -0.00000050
 136    0.0000124  -0.00003765
 137    0.0000089  -0.00003160
 138    0.0000120  -0.00003544
 139    0.0000025  -0.00000482
 140    0.0000039  -0.00001837
 141    0.0000039  -0.00002186
 142    0.0000039  -0.00002167
 143    0.0000003  -0.00000107
 144    0.0000001  -0.00000051
 145    0.0000119  -0.00003366
 146    0.0000084  -0.00002882
 147    0.0000092  -0.00003092
 148    0.0000021  -0.00000214
 149    0.0000037  -0.00001485
 150    0.0000038  -0.00001321
 151    0.0000038  -0.00001747
 152    0.0000003  -0.00000110
 153    0.0000001  -0.00000047
 154    0.0000106  -0.00003085
 155    0.0000077  -0.00002669
 156    0.0000083  -0.00001918
 157    0.0000016  -0.00000145
 158    0.0000035  -0.00001232
 159    0.0000036  -0.00001148
 160    0.0000034  -0.00001041
 161    0.0000003  -0.00000084
 162    0.0000001  -0.00000051
 163    0.0000086  -0.00001854
 164    0.0000071  -0.00001805
 165    0.0000082  -0.00002757
 166    0.0000015  -0.00000080
 167    0.0000034  -0.00001258
 168    0.0000033  -0.00001038
 169    0.0000034  -0.00001124
 170    0.0000002  -0.00000096
 171    0.0000001  -0.00000047
 172    0.0000072  -0.00002060
 173    0.0000059  -0.00001919
 174    0.0000061  -0.00001956
 175    0.0000013  -0.00000101
 176    0.0000026  -0.00000357
 177    0.0000026  -0.00000458
 178    0.0000027  -0.00000524
 179    0.0000002  -0.00000099
 180    0.0000001  -0.00000045
 181    0.0000053  -0.00001557
 182    0.0000050  -0.00001486
 183    0.0000054  -0.00001639
 184    0.0000012  -0.00000095
 185    0.0000025  -0.00000441
 186    0.0000024  -0.00000369
 187    0.0000024  -0.00000396
 188    0.0000002  -0.00000099
 189    0.0000001  -0.00000046
 190    0.0000050  -0.00001396
 191    0.0000049  -0.00001446
 192    0.0000050  -0.00001504
 193    0.0000010  -0.00000102
 194    0.0000024  -0.00000286
 195    0.0000021  -0.00000313
 196    0.0000019  -0.00000204
 197    0.0000002  -0.00000088
 198    0.0000001  -0.00000041
 
----------------
 Final Energies 
----------------
Final NOF Total Energy =    -139.3497379
 
Total Orbital Internal Iterations = 560
Total Occupation Internal Iterations = 150
 
Elapsed time:  329.54 Seconds

---------------------------------
   Lowdin Population Analysis    
---------------------------------
 Idx  Atom   Population   Charge 
---------------------------------
  1     F     8.736       0.264
  2     C     6.014      -0.014
  3     H     1.083      -0.083
  4     H     1.084      -0.084
  5     H     1.083      -0.083

---------------------------------
   M Diagnostic: 0.04
---------------------------------

