Computing Integrals
Basis Set                                            = def2-qzvp
Auxiliary Basis Set                                  = def2-universal-jkfit
Gaussian Type                                        = Spherical
Elapsed time:   26.95 Seconds

Number of basis functions                   (NBF)    = 685
Number of auxiliary basis functions         (NBFAUX) = 955
Inactive Doubly occupied orbitals up to     (NO1)    = 0
No. considered Strongly Doubly occupied MOs (NDOC)   = 58
No. considered Strongly Singly occupied MOs (NSOC)   = 0
NO. of Weakly occ. per St. Doubly occ.  MOs (NCWO)   = 10
Dimension of the Nat. Orb. subspace         (NBF5)   = 638
No. of electrons                                     = 116
    No. of alpha electrons                           = 58
    No. of beta electrons                            = 58
Multiplicity                                         = 1

Geometry
========
 N       0.0000000       0.0000000       3.7165030
 C       0.0000000       0.0000000       4.8572580
 H       0.0000000       0.0000000       5.9251570
 N       0.0000000       0.0000000      -1.1772320
 O       0.0000000       2.2804630      -1.5832080
 O       0.0000000      -2.2804630      -1.5832080
 C       0.0000000      -1.1447450      -1.9704770
 C       0.0000000      -0.6615120      -3.3922010
 C       0.0000000       0.6615120      -3.3922010
 H       0.0000000       1.3506670      -4.2223800
 H       0.0000000      -1.3506670      -4.2223800
 C       0.0000000       1.1447450      -1.9704770
 I       0.0000000       0.0000000       0.8544270

No violations of the orthonormality
No violations of the orthonormality
 
PNOF7/ADABelief Calculation
==================
 
  Nitext  Nit_orb  Time   Nit_occ  Time         Eelec          Etot           Ediff      maxdiff    MaxGrad_orb  Grad_occ
     1      10    1.3e+02  169    1.4e+02 -3778.60637642 -2889.99476073 -13777.60637642   0.000493   2.0e-03   2.6e-04 0.98
 
RESULTS OF THE OCCUPATION OPTIMIZATION
========================================
   1    1.9999999  -150.17266783
   2    1.9999992  -64.55079702
   3    1.9999991  -64.50305902
   4    1.9999989  -64.48545129
   5    1.9999926  -26.19881493
   6    1.9997808  -20.55704103
   7    1.9997810  -20.55702573
   8    1.9996638  -15.57864274
   9    1.9997039  -15.56887891
  10    1.9995492  -11.33849789
  11    1.9995491  -11.33801354
  12    1.9995332  -11.26533614
  13    1.9995508  -11.24081474
  14    1.9995493  -11.24075984
  15    1.9999717  -10.67668766
  16    1.9999702  -10.58531686
  17    1.9999698  -10.53104371
  18    1.9999538  -9.93275014
  19    1.9999376  -9.83219253
  20    1.9999383  -9.78379922
  21    1.9999478  -9.60525702
  22    1.9999148  -8.65600829
  23    1.9999170  -8.54682646
  24    1.9996964  -4.64590560
  25    1.9997050  -4.60982865
  26    1.9996712  -4.58902394
  27    1.9996880  -4.55895930
  28    1.9996784  -4.52086828
  29    1.9996796  -4.51193124
  30    1.9995939  -4.07517066
  31    1.9889535  -1.19320603
  32    1.9840818  -1.12974706
  33    1.9841168  -1.12950813
  34    1.9866653  -0.96159867
  35    1.9782232  -0.94813057
  36    1.9778261  -0.94032506
  37    1.9852622  -0.91676061
  38    1.9244310  -0.88931604
  39    1.9276398  -0.87756206
  40    1.9746901  -0.81775955
  41    1.9766145  -0.81593080
  42    1.9741206  -0.80262613
  43    1.9740874  -0.80207871
  44    1.9868282  -0.77895955
  45    1.9867581  -0.77829173
  46    1.9867479  -0.77668972
  47    1.9867858  -0.77654321
  48    1.9764156  -0.73254388
  49    1.9764535  -0.73245085
  50    1.9835291  -0.69522691
  51    1.9844313  -0.65102435
  52    1.9016111  -0.54916355
  53    1.9014329  -0.54915183
  54    1.8918329  -0.52324857
  55    1.8913930  -0.52316392
  56    1.8405316  -0.47198959
  57    1.8557425  -0.43595544
  58    1.0249635  -0.17624603
  59    0.9749652  -0.17108009
  60    0.1441682  -0.04810257
  61    0.1593753  -0.05597128
  62    0.1085351  -0.04641834
  63    0.1080935  -0.04626970
  64    0.0984813  -0.04698520
  65    0.0983137  -0.04692753
  66    0.0154291  -0.00911760
  67    0.0163609  -0.01166920
  68    0.0234687  -0.01746947
  69    0.0234990  -0.01747829
  70    0.0131415  -0.01251131
  71    0.0131799  -0.01253359
  72    0.0131788  -0.01256012
  73    0.0130873  -0.01250649
  74    0.0258356  -0.01995843
  75    0.0258079  -0.01993852
  76    0.0233232  -0.01094497
  77    0.0252174  -0.01905614
  78    0.0722993  -0.03952774
  79    0.0755136  -0.04015875
  80    0.0146653  -0.01351834
  81    0.0220466  -0.01983467
  82    0.0216324  -0.01956401
  83    0.0132208  -0.00675742
  84    0.0158064  -0.01857152
  85    0.0158644  -0.01861168
  86    0.0109969  -0.01264861
  87    0.0003857  -0.00185333
  88    0.0002955  -0.00156960
  89    0.0002968  -0.00158135
  90    0.0002938  -0.00155979
  91    0.0003107  -0.00161606
  92    0.0002719  -0.00145598
  93    0.0002836  -0.00153279
  94    0.0000718  -0.00065559
  95    0.0000755  -0.00066852
  96    0.0000433  -0.00045130
  97    0.0000531  -0.00049955
  98    0.0000495  -0.00048137
  99    0.0000396  -0.00038318
 100    0.0000216  -0.00023408
 101    0.0000237  -0.00023599
 102    0.0000210  -0.00023193
 103    0.0004447  -0.00838082
 104    0.0004444  -0.00837706
 105    0.0004611  -0.00861307
 106    0.0004445  -0.00841081
 107    0.0004448  -0.00841412
 108    0.0002927  -0.00775328
 109    0.0003312  -0.00844918
 110    0.0002167  -0.00755252
 111    0.0002165  -0.00754786
 112    0.0000054  -0.00011673
 113    0.0000004  -0.00003000
 114    0.0000003  -0.00002917
 115    0.0000003  -0.00002896
 116    0.0000000  -0.00000788
 117    0.0000245  -0.00004740
 118    0.0000256  -0.00004277
 119    0.0000213  -0.00004355
 120    0.0000218  -0.00004895
 121    0.0000206  -0.00005034
 122    0.0000243  -0.00005526
 123    0.0000235  -0.00004951
 124    0.0000450  -0.00008422
 125    0.0000337  -0.00007034
 126    0.0000209  -0.00004476
 127    0.0000265  -0.00006530
 128    0.0000151  -0.00004301
 129    0.0000203  -0.00005416
 130    0.0000144  -0.00003393
 131    0.0000167  -0.00004441
 132    0.0000230  -0.00005532
 133    0.0000130  -0.00003949
 134    0.0000125  -0.00003347
 135    0.0000182  -0.00005138
 136    0.0000183  -0.00004862
 137    0.0000163  -0.00003984
 138    0.0000218  -0.00004879
 139    0.0000435  -0.00009895
 140    0.0000444  -0.00010567
 141    0.0000325  -0.00006878
 142    0.0000268  -0.00007350
 143    0.0000189  -0.00005245
 144    0.0000156  -0.00004474
 145    0.0000034  -0.00002053
 146    0.0000053  -0.00003389
 147    0.0000063  -0.00004269
 148    0.0000052  -0.00003046
 149    0.0000042  -0.00002586
 150    0.0000052  -0.00003367
 151    0.0000054  -0.00003165
 152    0.0000047  -0.00004317
 153    0.0000026  -0.00002669
 154    0.0000022  -0.00002535
 155    0.0000027  -0.00003068
 156    0.0000040  -0.00003978
 157    0.0000013  -0.00001656
 158    0.0000024  -0.00002717
 159    0.0000012  -0.00001701
 160    0.0000019  -0.00002298
 161    0.0000011  -0.00001720
 162    0.0000009  -0.00001572
 163    0.0000010  -0.00001643
 164    0.0000012  -0.00001727
 165    0.0000017  -0.00002617
 166    0.0000007  -0.00001476
 167    0.0000011  -0.00002136
 168    0.0000004  -0.00001281
 169    0.0000005  -0.00001400
 170    0.0000003  -0.00001035
 171    0.0000001  -0.00000587
 172    0.0000001  -0.00000463
 173    0.0000001  -0.00000371
 174    0.0000000  -0.00000167
 175    0.0000133  -0.00003296
 176    0.0000181  -0.00003972
 177    0.0000185  -0.00003793
 178    0.0000114  -0.00003033
 179    0.0000117  -0.00003064
 180    0.0000175  -0.00004431
 181    0.0000143  -0.00003756
 182    0.0000371  -0.00006016
 183    0.0000265  -0.00005295
 184    0.0000161  -0.00004953
 185    0.0000206  -0.00003699
 186    0.0000139  -0.00003699
 187    0.0000123  -0.00003789
 188    0.0000126  -0.00004064
 189    0.0000152  -0.00003979
 190    0.0000150  -0.00004695
 191    0.0000127  -0.00003740
 192    0.0000122  -0.00003662
 193    0.0000143  -0.00004095
 194    0.0000156  -0.00004440
 195    0.0000122  -0.00003442
 196    0.0000164  -0.00004692
 197    0.0000310  -0.00006657
 198    0.0000360  -0.00008282
 199    0.0000201  -0.00003308
 200    0.0000098  -0.00003366
 201    0.0000083  -0.00002918
 202    0.0000089  -0.00003052
 203    0.0000030  -0.00001864
 204    0.0000052  -0.00003316
 205    0.0000043  -0.00002911
 206    0.0000030  -0.00001991
 207    0.0000032  -0.00002106
 208    0.0000043  -0.00002727
 209    0.0000042  -0.00002657
 210    0.0000016  -0.00001796
 211    0.0000017  -0.00001939
 212    0.0000018  -0.00002227
 213    0.0000013  -0.00001651
 214    0.0000032  -0.00003253
 215    0.0000011  -0.00001445
 216    0.0000018  -0.00002263
 217    0.0000012  -0.00001543
 218    0.0000012  -0.00001656
 219    0.0000009  -0.00001395
 220    0.0000007  -0.00001148
 221    0.0000008  -0.00001363
 222    0.0000009  -0.00001484
 223    0.0000009  -0.00001353
 224    0.0000005  -0.00001128
 225    0.0000009  -0.00001920
 226    0.0000003  -0.00000759
 227    0.0000004  -0.00001203
 228    0.0000003  -0.00000925
 229    0.0000001  -0.00000532
 230    0.0000001  -0.00000418
 231    0.0000001  -0.00000309
 232    0.0000000  -0.00000144
 233    0.0000101  -0.00002758
 234    0.0000160  -0.00003702
 235    0.0000184  -0.00004414
 236    0.0000087  -0.00002735
 237    0.0000092  -0.00002784
 238    0.0000139  -0.00003826
 239    0.0000084  -0.00002394
 240    0.0000226  -0.00004552
 241    0.0000159  -0.00003869
 242    0.0000116  -0.00003543
 243    0.0000113  -0.00003316
 244    0.0000123  -0.00003926
 245    0.0000114  -0.00003397
 246    0.0000099  -0.00003137
 247    0.0000138  -0.00004000
 248    0.0000114  -0.00003617
 249    0.0000112  -0.00003688
 250    0.0000089  -0.00002499
 251    0.0000126  -0.00003151
 252    0.0000069  -0.00002245
 253    0.0000064  -0.00002122
 254    0.0000091  -0.00003002
 255    0.0000240  -0.00006522
 256    0.0000317  -0.00007155
 257    0.0000188  -0.00004027
 258    0.0000086  -0.00003381
 259    0.0000066  -0.00002562
 260    0.0000059  -0.00002150
 261    0.0000025  -0.00001496
 262    0.0000051  -0.00003203
 263    0.0000042  -0.00002769
 264    0.0000026  -0.00001736
 265    0.0000031  -0.00002139
 266    0.0000041  -0.00002561
 267    0.0000031  -0.00002097
 268    0.0000015  -0.00001736
 269    0.0000012  -0.00001397
 270    0.0000013  -0.00001634
 271    0.0000010  -0.00001395
 272    0.0000019  -0.00002149
 273    0.0000010  -0.00001357
 274    0.0000008  -0.00001000
 275    0.0000008  -0.00001058
 276    0.0000011  -0.00001504
 277    0.0000008  -0.00001227
 278    0.0000006  -0.00000936
 279    0.0000007  -0.00001105
 280    0.0000008  -0.00001193
 281    0.0000008  -0.00001277
 282    0.0000004  -0.00000831
 283    0.0000008  -0.00001519
 284    0.0000003  -0.00000694
 285    0.0000004  -0.00001016
 286    0.0000003  -0.00000841
 287    0.0000001  -0.00000496
 288    0.0000001  -0.00000375
 289    0.0000001  -0.00000304
 290    0.0000000  -0.00000137
 291    0.0000060  -0.00001492
 292    0.0000086  -0.00002459
 293    0.0000097  -0.00002776
 294    0.0000076  -0.00001800
 295    0.0000068  -0.00002006
 296    0.0000090  -0.00002640
 297    0.0000074  -0.00002410
 298    0.0000109  -0.00002839
 299    0.0000076  -0.00002353
 300    0.0000080  -0.00002576
 301    0.0000064  -0.00002340
 302    0.0000097  -0.00002359
 303    0.0000070  -0.00002627
 304    0.0000080  -0.00002420
 305    0.0000130  -0.00003683
 306    0.0000111  -0.00003031
 307    0.0000089  -0.00002555
 308    0.0000089  -0.00002480
 309    0.0000113  -0.00003161
 310    0.0000067  -0.00002196
 311    0.0000060  -0.00002121
 312    0.0000091  -0.00002778
 313    0.0000149  -0.00004513
 314    0.0000112  -0.00003378
 315    0.0000144  -0.00003203
 316    0.0000081  -0.00002367
 317    0.0000054  -0.00001941
 318    0.0000050  -0.00001823
 319    0.0000023  -0.00001421
 320    0.0000029  -0.00001923
 321    0.0000035  -0.00002608
 322    0.0000022  -0.00001444
 323    0.0000025  -0.00001692
 324    0.0000035  -0.00002196
 325    0.0000024  -0.00001642
 326    0.0000009  -0.00000983
 327    0.0000010  -0.00001177
 328    0.0000008  -0.00000992
 329    0.0000009  -0.00001173
 330    0.0000011  -0.00001238
 331    0.0000007  -0.00000931
 332    0.0000007  -0.00000904
 333    0.0000007  -0.00000919
 334    0.0000008  -0.00001083
 335    0.0000007  -0.00000993
 336    0.0000006  -0.00000836
 337    0.0000007  -0.00001107
 338    0.0000008  -0.00001105
 339    0.0000007  -0.00000973
 340    0.0000004  -0.00000784
 341    0.0000007  -0.00001451
 342    0.0000003  -0.00000694
 343    0.0000003  -0.00000900
 344    0.0000003  -0.00000719
 345    0.0000001  -0.00000455
 346    0.0000001  -0.00000297
 347    0.0000001  -0.00000284
 348    0.0000000  -0.00000131
 349    0.0000048  -0.00001150
 350    0.0000064  -0.00001974
 351    0.0000089  -0.00002434
 352    0.0000061  -0.00001916
 353    0.0000063  -0.00002161
 354    0.0000085  -0.00001965
 355    0.0000059  -0.00001663
 356    0.0000094  -0.00002642
 357    0.0000069  -0.00002398
 358    0.0000072  -0.00002106
 359    0.0000059  -0.00001614
 360    0.0000069  -0.00002623
 361    0.0000067  -0.00002034
 362    0.0000071  -0.00002667
 363    0.0000098  -0.00002748
 364    0.0000068  -0.00001917
 365    0.0000069  -0.00002248
 366    0.0000089  -0.00002548
 367    0.0000099  -0.00003339
 368    0.0000039  -0.00001508
 369    0.0000047  -0.00001483
 370    0.0000072  -0.00002483
 371    0.0000050  -0.00001766
 372    0.0000079  -0.00002561
 373    0.0000095  -0.00002372
 374    0.0000073  -0.00002714
 375    0.0000051  -0.00001855
 376    0.0000047  -0.00001242
 377    0.0000023  -0.00001275
 378    0.0000023  -0.00001569
 379    0.0000024  -0.00001832
 380    0.0000016  -0.00000982
 381    0.0000019  -0.00001237
 382    0.0000018  -0.00001073
 383    0.0000015  -0.00000935
 384    0.0000007  -0.00000770
 385    0.0000009  -0.00000982
 386    0.0000007  -0.00000866
 387    0.0000008  -0.00001066
 388    0.0000009  -0.00001030
 389    0.0000007  -0.00000864
 390    0.0000006  -0.00000799
 391    0.0000007  -0.00000894
 392    0.0000007  -0.00000897
 393    0.0000007  -0.00000954
 394    0.0000005  -0.00000742
 395    0.0000006  -0.00000909
 396    0.0000007  -0.00001109
 397    0.0000006  -0.00000849
 398    0.0000004  -0.00000681
 399    0.0000004  -0.00000682
 400    0.0000003  -0.00000667
 401    0.0000002  -0.00000522
 402    0.0000002  -0.00000592
 403    0.0000001  -0.00000419
 404    0.0000001  -0.00000244
 405    0.0000001  -0.00000263
 406    0.0000000  -0.00000120
 407    0.0000040  -0.00001283
 408    0.0000050  -0.00001667
 409    0.0000085  -0.00001936
 410    0.0000054  -0.00001764
 411    0.0000055  -0.00001552
 412    0.0000040  -0.00001300
 413    0.0000046  -0.00001456
 414    0.0000053  -0.00000999
 415    0.0000066  -0.00002449
 416    0.0000045  -0.00001135
 417    0.0000054  -0.00001934
 418    0.0000065  -0.00002567
 419    0.0000056  -0.00001835
 420    0.0000048  -0.00001299
 421    0.0000057  -0.00001877
 422    0.0000043  -0.00001410
 423    0.0000061  -0.00001394
 424    0.0000034  -0.00001080
 425    0.0000078  -0.00002451
 426    0.0000037  -0.00001251
 427    0.0000030  -0.00000755
 428    0.0000044  -0.00001749
 429    0.0000041  -0.00001575
 430    0.0000052  -0.00001815
 431    0.0000079  -0.00001404
 432    0.0000060  -0.00002006
 433    0.0000035  -0.00001550
 434    0.0000036  -0.00001516
 435    0.0000021  -0.00001002
 436    0.0000017  -0.00001091
 437    0.0000015  -0.00000801
 438    0.0000012  -0.00000784
 439    0.0000010  -0.00000506
 440    0.0000017  -0.00001062
 441    0.0000010  -0.00000895
 442    0.0000005  -0.00000492
 443    0.0000007  -0.00000794
 444    0.0000006  -0.00000578
 445    0.0000006  -0.00000706
 446    0.0000006  -0.00000593
 447    0.0000005  -0.00000687
 448    0.0000006  -0.00000816
 449    0.0000005  -0.00000813
 450    0.0000006  -0.00000860
 451    0.0000006  -0.00000883
 452    0.0000004  -0.00000490
 453    0.0000006  -0.00000909
 454    0.0000006  -0.00000867
 455    0.0000004  -0.00000574
 456    0.0000003  -0.00000488
 457    0.0000003  -0.00000458
 458    0.0000002  -0.00000520
 459    0.0000002  -0.00000464
 460    0.0000002  -0.00000516
 461    0.0000001  -0.00000337
 462    0.0000001  -0.00000189
 463    0.0000001  -0.00000181
 464    0.0000000  -0.00000113
 465    0.0000036  -0.00000694
 466    0.0000042  -0.00001196
 467    0.0000030  -0.00001125
 468    0.0000043  -0.00001481
 469    0.0000049  -0.00001571
 470    0.0000037  -0.00001066
 471    0.0000046  -0.00001941
 472    0.0000050  -0.00001295
 473    0.0000060  -0.00001465
 474    0.0000045  -0.00001560
 475    0.0000043  -0.00001590
 476    0.0000030  -0.00000878
 477    0.0000048  -0.00001263
 478    0.0000022  -0.00000961
 479    0.0000055  -0.00001510
 480    0.0000021  -0.00000724
 481    0.0000053  -0.00001359
 482    0.0000032  -0.00001158
 483    0.0000077  -0.00002705
 484    0.0000036  -0.00001248
 485    0.0000029  -0.00001126
 486    0.0000021  -0.00000807
 487    0.0000029  -0.00000966
 488    0.0000045  -0.00001638
 489    0.0000039  -0.00001180
 490    0.0000043  -0.00001058
 491    0.0000023  -0.00000883
 492    0.0000034  -0.00001241
 493    0.0000020  -0.00001197
 494    0.0000009  -0.00000561
 495    0.0000012  -0.00000852
 496    0.0000010  -0.00000554
 497    0.0000008  -0.00000505
 498    0.0000010  -0.00000864
 499    0.0000009  -0.00000396
 500    0.0000005  -0.00000555
 501    0.0000006  -0.00000499
 502    0.0000005  -0.00000499
 503    0.0000005  -0.00000488
 504    0.0000005  -0.00000687
 505    0.0000005  -0.00000672
 506    0.0000006  -0.00000794
 507    0.0000004  -0.00000562
 508    0.0000005  -0.00000609
 509    0.0000004  -0.00000464
 510    0.0000004  -0.00000562
 511    0.0000004  -0.00000450
 512    0.0000006  -0.00000683
 513    0.0000004  -0.00000360
 514    0.0000003  -0.00000359
 515    0.0000003  -0.00000347
 516    0.0000002  -0.00000559
 517    0.0000002  -0.00000445
 518    0.0000001  -0.00000241
 519    0.0000001  -0.00000225
 520    0.0000001  -0.00000167
 521    0.0000001  -0.00000183
 522    0.0000000  -0.00000106
 523    0.0000035  -0.00000831
 524    0.0000034  -0.00001187
 525    0.0000026  -0.00000927
 526    0.0000036  -0.00001129
 527    0.0000047  -0.00001019
 528    0.0000027  -0.00001030
 529    0.0000040  -0.00001211
 530    0.0000025  -0.00000870
 531    0.0000045  -0.00001171
 532    0.0000038  -0.00001236
 533    0.0000025  -0.00000879
 534    0.0000030  -0.00001921
 535    0.0000024  -0.00001578
 536    0.0000022  -0.00000630
 537    0.0000026  -0.00000790
 538    0.0000018  -0.00000679
 539    0.0000049  -0.00001463
 540    0.0000028  -0.00001011
 541    0.0000060  -0.00002184
 542    0.0000017  -0.00000697
 543    0.0000020  -0.00000686
 544    0.0000013  -0.00000653
 545    0.0000012  -0.00000583
 546    0.0000027  -0.00001317
 547    0.0000036  -0.00001037
 548    0.0000035  -0.00001526
 549    0.0000022  -0.00000758
 550    0.0000014  -0.00000539
 551    0.0000016  -0.00000882
 552    0.0000009  -0.00000702
 553    0.0000007  -0.00000441
 554    0.0000009  -0.00000548
 555    0.0000007  -0.00000365
 556    0.0000008  -0.00000306
 557    0.0000008  -0.00000377
 558    0.0000004  -0.00000273
 559    0.0000006  -0.00000504
 560    0.0000005  -0.00000681
 561    0.0000004  -0.00000374
 562    0.0000005  -0.00000381
 563    0.0000005  -0.00000521
 564    0.0000006  -0.00000696
 565    0.0000003  -0.00000315
 566    0.0000003  -0.00000375
 567    0.0000004  -0.00000467
 568    0.0000003  -0.00000382
 569    0.0000004  -0.00000418
 570    0.0000005  -0.00000763
 571    0.0000003  -0.00000387
 572    0.0000003  -0.00000413
 573    0.0000003  -0.00000392
 574    0.0000002  -0.00000299
 575    0.0000002  -0.00000191
 576    0.0000001  -0.00000272
 577    0.0000001  -0.00000208
 578    0.0000001  -0.00000139
 579    0.0000001  -0.00000182
 580    0.0000000  -0.00000102
 581    0.0000014  -0.00000417
 582    0.0000020  -0.00000487
 583    0.0000023  -0.00000783
 584    0.0000029  -0.00000952
 585    0.0000040  -0.00001120
 586    0.0000023  -0.00000915
 587    0.0000024  -0.00000952
 588    0.0000018  -0.00000655
 589    0.0000022  -0.00000642
 590    0.0000012  -0.00000673
 591    0.0000024  -0.00000976
 592    0.0000021  -0.00001111
 593    0.0000018  -0.00000659
 594    0.0000018  -0.00000523
 595    0.0000021  -0.00001121
 596    0.0000014  -0.00000593
 597    0.0000026  -0.00000830
 598    0.0000015  -0.00000505
 599    0.0000045  -0.00001683
 600    0.0000007  0.00000051
 601    0.0000020  -0.00000782
 602    0.0000011  -0.00000137
 603    0.0000007  0.00000037
 604    0.0000008  0.00000014
 605    0.0000032  -0.00001268
 606    0.0000023  -0.00000583
 607    0.0000016  -0.00000929
 608    0.0000012  -0.00000517
 609    0.0000013  -0.00000685
 610    0.0000005  -0.00000027
 611    0.0000007  -0.00000449
 612    0.0000005  -0.00000115
 613    0.0000006  -0.00000124
 614    0.0000007  -0.00000391
 615    0.0000007  -0.00000407
 616    0.0000003  -0.00000078
 617    0.0000004  -0.00000358
 618    0.0000004  -0.00000312
 619    0.0000003  -0.00000100
 620    0.0000003  -0.00000069
 621    0.0000002  -0.00000057
 622    0.0000005  -0.00000466
 623    0.0000002  -0.00000162
 624    0.0000002  -0.00000081
 625    0.0000004  -0.00000423
 626    0.0000003  -0.00000273
 627    0.0000003  -0.00000346
 628    0.0000002  -0.00000101
 629    0.0000003  -0.00000239
 630    0.0000002  -0.00000363
 631    0.0000002  -0.00000204
 632    0.0000001  -0.00000132
 633    0.0000001  -0.00000136
 634    0.0000001  -0.00000140
 635    0.0000001  -0.00000110
 636    0.0000000  -0.00000108
 637    0.0000001  -0.00000163
 638    0.0000000  -0.00000046
 
----------------
 Final Energies 
----------------
Final NOF Total Energy =   -2889.9947607
 
Total Orbital Internal Iterations = 10
Total Occupation Internal Iterations = 169
 
Elapsed time:  318.08 Seconds

---------------------------------
   Lowdin Population Analysis    
---------------------------------
 Idx  Atom   Population   Charge 
---------------------------------
  1     N     6.883       0.117
  2     C     5.936       0.064
  3     H     1.145      -0.145
  4     N     6.992       0.008
  5     O     7.687       0.313
  6     O     7.688       0.312
  7     C     6.608      -0.608
  8     C     5.885       0.115
  9     C     5.885       0.115
 10     H     1.074      -0.074
 11     H     1.074      -0.074
 12     C     6.608      -0.608
 13     I    52.535       0.465

---------------------------------
   M Diagnostic: 0.98
---------------------------------

