Computing Integrals
Basis Set                                            = def2-qzvp
Auxiliary Basis Set                                  = def2-universal-jkfit
Gaussian Type                                        = Spherical
Elapsed time:    6.78 Seconds

Number of basis functions                   (NBF)    = 284
Number of auxiliary basis functions         (NBFAUX) = 541
Inactive Doubly occupied orbitals up to     (NO1)    = 0
No. considered Strongly Doubly occupied MOs (NDOC)   = 70
No. considered Strongly Singly occupied MOs (NSOC)   = 0
NO. of Weakly occ. per St. Doubly occ.  MOs (NCWO)   = 3
Dimension of the Nat. Orb. subspace         (NBF5)   = 280
No. of electrons                                     = 140
    No. of alpha electrons                           = 70
    No. of beta electrons                            = 70
Multiplicity                                         = 1

Geometry
========
Bi       0.0000000       0.0000000       1.0565898
 H      -0.7197064       1.2465680       2.0703279
 H      -0.7197064      -1.2465680       2.0703279
 H       1.4394128       0.0000000       2.0703279
 I       0.0000000       0.0000000      -2.8369122
 H       0.0000000       0.0000000      -4.4306612

No violations of the orthonormality
No violations of the orthonormality
 
PNOF7/ADABelief Calculation
==================
 
  Nitext  Nit_orb  Time   Nit_occ  Time         Eelec          Etot           Ediff      maxdiff    MaxGrad_orb  Grad_occ
     1      10    2.8e+01   82    3.4e+01 -7623.79296665 -6908.14082168 -17622.79296665   0.000726   2.9e-03   2.1e-04 1.00
 
RESULTS OF THE OCCUPATION OPTIMIZATION
========================================
   1    2.0000000  -236.92587164
   2    1.9999999  -129.76000823
   3    1.9999999  -127.31026725
   4    1.9999999  -116.23579258
   5    1.9999999  -113.66260147
   6    1.9999997  -64.63521653
   7    1.9999997  -64.62425270
   8    1.9999997  -64.57872251
   9    1.9999998  -60.49557016
  10    1.9999994  -27.48528906
  11    1.9999994  -27.27942795
  12    1.9999992  -26.85667423
  13    1.9999959  -26.47638385
  14    1.9999992  -24.15456250
  15    1.9999992  -24.04336136
  16    1.9999992  -23.91854477
  17    1.9999991  -23.89830719
  18    1.9999991  -23.87872643
  19    1.9999990  -23.82881040
  20    1.9999990  -23.76328089
  21    1.9999987  -22.86167422
  22    1.9999987  -22.69546778
  23    1.9999986  -22.53028551
  24    1.9999986  -22.19294472
  25    1.9999984  -22.04513681
  26    1.9999983  -21.48002578
  27    1.9999614  -10.36758226
  28    1.9999648  -10.34727807
  29    1.9999629  -10.31801445
  30    1.9999633  -10.11769117
  31    1.9999639  -10.00606622
  32    1.9999570  -9.81055132
  33    1.9999558  -9.70359539
  34    1.9999503  -9.64666470
  35    1.9999447  -9.32170092
  36    1.9996473  -4.42108910
  37    1.9999281  -4.32825085
  38    1.9996540  -4.31961815
  39    1.9996739  -4.31961129
  40    1.9996363  -4.30320346
  41    1.9996353  -4.23008234
  42    1.9996345  -4.20185766
  43    1.9996359  -4.14566076
  44    1.9999395  -4.03030885
  45    1.9999195  -3.98704533
  46    1.9998964  -3.93459646
  47    1.9998957  -3.84697090
  48    1.9998910  -3.82651753
  49    1.9998724  -3.68499018
  50    1.9998659  -3.58970479
  51    1.9998705  -3.55478759
  52    1.9999171  -3.53839156
  53    1.9998304  -3.39916793
  54    1.9997699  -3.16284372
  55    1.9997945  -3.15723633
  56    1.9997442  -3.04936793
  57    1.9997382  -3.02880799
  58    1.9997207  -2.82186976
  59    1.9152117  -0.90027082
  60    1.9760439  -0.88995762
  61    1.9592867  -0.88465894
  62    1.9789309  -0.82593976
  63    1.9885777  -0.68530297
  64    1.9884964  -0.68199383
  65    1.9826607  -0.62151995
  66    1.9823107  -0.50093993
  67    1.9810179  -0.47323201
  68    1.9794794  -0.46248622
  69    1.7198492  -0.42356381
  70    1.0004123  -0.17688150
  71    0.9995847  -0.17813202
  72    0.2801430  -0.06870888
  73    0.0204969  -0.00905943
  74    0.0189626  -0.00859892
  75    0.0176721  -0.00822052
  76    0.0173305  -0.01183731
  77    0.0114814  -0.00914545
  78    0.0114111  -0.00904385
  79    0.0210647  -0.01020174
  80    0.0407094  -0.02634637
  81    0.0239498  -0.00968778
  82    0.0847830  -0.04675035
  83    0.0002758  -0.00080177
  84    0.0002584  -0.00082311
  85    0.0002530  -0.00080630
  86    0.0002014  -0.00065528
  87    0.0002269  -0.00075514
  88    0.0001650  -0.00059198
  89    0.0000802  -0.00028185
  90    0.0001267  -0.00048153
  91    0.0001313  -0.00050083
  92    0.0001251  -0.00049085
  93    0.0001048  -0.00041004
  94    0.0001006  -0.00039670
  95    0.0001002  -0.00039584
  96    0.0000780  -0.00031728
  97    0.0000569  -0.00023146
  98    0.0003618  -0.00172252
  99    0.0003637  -0.00177365
 100    0.0003630  -0.00174375
 101    0.0003621  -0.00179183
 102    0.0003228  -0.00162006
 103    0.0003426  -0.00169553
 104    0.0000694  -0.00030475
 105    0.0003506  -0.00175113
 106    0.0000543  -0.00050505
 107    0.0000484  -0.00046227
 108    0.0000427  -0.00040776
 109    0.0000420  -0.00038043
 110    0.0000351  -0.00033410
 111    0.0000356  -0.00033061
 112    0.0000359  -0.00033810
 113    0.0000337  -0.00031368
 114    0.0000372  -0.00034645
 115    0.0000011  -0.00003215
 116    0.0000010  -0.00003254
 117    0.0000009  -0.00002844
 118    0.0000008  -0.00002631
 119    0.0000007  -0.00002389
 120    0.0000008  -0.00002743
 121    0.0000005  -0.00002013
 122    0.0000006  -0.00002265
 123    0.0000005  -0.00001985
 124    0.0000006  -0.00002100
 125    0.0000005  -0.00001644
 126    0.0000004  -0.00001524
 127    0.0000004  -0.00001373
 128    0.0000030  -0.00006482
 129    0.0000004  -0.00001411
 130    0.0000003  -0.00001054
 131    0.0000003  -0.00001067
 132    0.0000001  -0.00000438
 133    0.0000002  -0.00001537
 134    0.0000001  -0.00001112
 135    0.0000002  -0.00001462
 136    0.0000000  -0.00000274
 137    0.0000000  -0.00000291
 138    0.0000000  -0.00000290
 139    0.0000000  -0.00000293
 140    0.0000000  -0.00000186
 141    0.0000016  -0.00000527
 142    0.0000043  -0.00000663
 143    0.0000147  -0.00002229
 144    0.0000120  -0.00001820
 145    0.0000104  -0.00002228
 146    0.0000046  -0.00001064
 147    0.0000163  -0.00003855
 148    0.0000082  -0.00001933
 149    0.0000024  -0.00000294
 150    0.0000024  -0.00000396
 151    0.0000047  -0.00000749
 152    0.0000040  -0.00000764
 153    0.0000025  -0.00001032
 154    0.0000023  -0.00000898
 155    0.0000019  -0.00000673
 156    0.0000026  -0.00000922
 157    0.0000023  -0.00000870
 158    0.0000035  -0.00001708
 159    0.0000017  -0.00000628
 160    0.0000018  -0.00000731
 161    0.0000018  -0.00000750
 162    0.0000016  -0.00000662
 163    0.0000026  -0.00001266
 164    0.0000021  -0.00001117
 165    0.0000019  -0.00000955
 166    0.0000014  -0.00000502
 167    0.0000024  -0.00001202
 168    0.0000014  -0.00000748
 169    0.0000010  -0.00000404
 170    0.0000010  -0.00000392
 171    0.0000009  -0.00000321
 172    0.0000022  -0.00001213
 173    0.0000022  -0.00001147
 174    0.0000013  -0.00000568
 175    0.0000011  -0.00000517
 176    0.0000006  -0.00000283
 177    0.0000008  -0.00000501
 178    0.0000009  -0.00000638
 179    0.0000006  -0.00000216
 180    0.0000006  -0.00000244
 181    0.0000006  -0.00000249
 182    0.0000007  -0.00000330
 183    0.0000008  -0.00000526
 184    0.0000007  -0.00000453
 185    0.0000003  -0.00000288
 186    0.0000003  -0.00000291
 187    0.0000003  -0.00000276
 188    0.0000003  -0.00000366
 189    0.0000003  -0.00000430
 190    0.0000002  -0.00000080
 191    0.0000002  -0.00000189
 192    0.0000002  -0.00000174
 193    0.0000002  -0.00000084
 194    0.0000002  -0.00000091
 195    0.0000002  -0.00000215
 196    0.0000002  -0.00000175
 197    0.0000002  -0.00000211
 198    0.0000006  -0.00000578
 199    0.0000002  -0.00000329
 200    0.0000002  -0.00000186
 201    0.0000002  -0.00000170
 202    0.0000001  -0.00000109
 203    0.0000001  -0.00000120
 204    0.0000001  -0.00000165
 205    0.0000001  -0.00000167
 206    0.0000000  -0.00000046
 207    0.0000000  -0.00000082
 208    0.0000000  -0.00000056
 209    0.0000000  -0.00000057
 210    0.0000000  -0.00000065
 211    0.0000013  -0.00000201
 212    0.0000035  -0.00000484
 213    0.0000091  -0.00001304
 214    0.0000075  -0.00001129
 215    0.0000069  -0.00001074
 216    0.0000042  -0.00000577
 217    0.0000059  -0.00000986
 218    0.0000030  -0.00000617
 219    0.0000020  -0.00000218
 220    0.0000016  -0.00000154
 221    0.0000016  -0.00000069
 222    0.0000014  -0.00000097
 223    0.0000011  -0.00000126
 224    0.0000011  -0.00000141
 225    0.0000010  -0.00000115
 226    0.0000014  -0.00000254
 227    0.0000009  -0.00000132
 228    0.0000011  -0.00000193
 229    0.0000010  -0.00000151
 230    0.0000009  -0.00000146
 231    0.0000009  -0.00000112
 232    0.0000009  -0.00000149
 233    0.0000016  -0.00000465
 234    0.0000016  -0.00000806
 235    0.0000014  -0.00000449
 236    0.0000011  -0.00000224
 237    0.0000011  -0.00000188
 238    0.0000009  -0.00000171
 239    0.0000008  -0.00000190
 240    0.0000007  -0.00000105
 241    0.0000007  -0.00000120
 242    0.0000011  -0.00000195
 243    0.0000013  -0.00000581
 244    0.0000012  -0.00000437
 245    0.0000009  -0.00000331
 246    0.0000004  -0.00000126
 247    0.0000005  -0.00000126
 248    0.0000005  -0.00000153
 249    0.0000004  -0.00000101
 250    0.0000004  -0.00000074
 251    0.0000005  -0.00000089
 252    0.0000006  -0.00000201
 253    0.0000006  -0.00000212
 254    0.0000007  -0.00000434
 255    0.0000003  -0.00000195
 256    0.0000003  -0.00000021
 257    0.0000002  -0.00000014
 258    0.0000003  -0.00000120
 259    0.0000003  -0.00000187
 260    0.0000002  -0.00000047
 261    0.0000002  -0.00000045
 262    0.0000002  -0.00000033
 263    0.0000002  -0.00000028
 264    0.0000002  -0.00000033
 265    0.0000002  -0.00000043
 266    0.0000002  -0.00000142
 267    0.0000002  -0.00000156
 268    0.0000005  -0.00000235
 269    0.0000002  -0.00000158
 270    0.0000002  -0.00000165
 271    0.0000002  -0.00000190
 272    0.0000001  -0.00000101
 273    0.0000001  -0.00000090
 274    0.0000001  -0.00000082
 275    0.0000001  -0.00000057
 276    0.0000000  -0.00000036
 277    0.0000000  -0.00000080
 278    0.0000000  -0.00000046
 279    0.0000000  -0.00000050
 280    0.0000000  -0.00000052
 
----------------
 Final Energies 
----------------
Final NOF Total Energy =   -6908.1408217
 
Total Orbital Internal Iterations = 10
Total Occupation Internal Iterations = 82
 
Elapsed time:   80.83 Seconds

---------------------------------
   Lowdin Population Analysis    
---------------------------------
 Idx  Atom   Population   Charge 
---------------------------------
  1    Bi    80.835       2.165
  2     H     1.700      -0.700
  3     H     1.698      -0.698
  4     H     1.701      -0.701
  5     I    52.701       0.299
  6     H     1.364      -0.364

---------------------------------
   M Diagnostic: 1.00
---------------------------------

