Computing Integrals
Basis Set                                            = def2-qzvp
Auxiliary Basis Set                                  = def2-universal-jkfit
Gaussian Type                                        = Spherical
Elapsed time:    3.34 Seconds

Number of basis functions                   (NBF)    = 140
Number of auxiliary basis functions         (NBFAUX) = 256
Inactive Doubly occupied orbitals up to     (NO1)    = 0
No. considered Strongly Doubly occupied MOs (NDOC)   = 15
No. considered Strongly Singly occupied MOs (NSOC)   = 0
NO. of Weakly occ. per St. Doubly occ.  MOs (NCWO)   = 8
Dimension of the Nat. Orb. subspace         (NBF5)   = 135
No. of electrons                                     = 30
    No. of alpha electrons                           = 15
    No. of beta electrons                            = 15
Multiplicity                                         = 1

Geometry
========
 P       0.0000000       0.0000000      -0.9491313
 P       0.0000000       0.0000000       0.9491313

No violations of the orthonormality
No violations of the orthonormality
 
PNOF7/ADABelief Calculation
==================
 
  Nitext  Nit_orb  Time   Nit_occ  Time         Eelec          Etot           Ediff      maxdiff    MaxGrad_orb  Grad_occ
     1      10    2.4e+01   78    2.8e+01  -743.79964296  -681.07669395 -10742.79964296   0.005682   2.3e-02   1.8e-04 0.25
     2      20    5.4e+00    0    1.3e-01  -744.40530413  -681.68235511    -0.60566117   0.005681   2.3e-02   1.8e-04 0.25
     3      40    8.4e+00   42    8.2e-01  -744.42086192  -681.69791290    -0.01555779   0.010416   4.2e-02   3.2e-04 0.27
     4      40    9.4e+00   25    5.8e-01  -744.45608727  -681.73313825    -0.03522535   0.003049   1.2e-02   2.4e-04 0.29
     5      40    1.3e+01   26    5.9e-01  -744.47461273  -681.75166372    -0.01852547   0.003071   1.2e-02   2.1e-04 0.31
     6      40    9.2e+00   22    5.2e-01  -744.48579096  -681.76284195    -0.01117823   0.002743   1.1e-02   1.7e-04 0.32
     7      40    8.8e+00   16    3.6e-01  -744.49163137  -681.76868235    -0.00584041   0.003008   1.2e-02   1.6e-04 0.33
     8      40    1.2e+01   15    4.2e-01  -744.49451842  -681.77156940    -0.00288704   0.003009   1.2e-02   2.0e-04 0.33
     9      40    1.1e+01    9    2.6e-01  -744.49616828  -681.77321926    -0.00164986   0.000947   3.8e-03   2.3e-04 0.33
 
RESULTS OF THE OCCUPATION OPTIMIZATION
========================================
   1    1.9999621  -79.77001322
   2    1.9999620  -79.76022062
   3    1.9990700  -6.03497697
   4    1.9990756  -6.02354783
   5    1.9990648  -6.02336323
   6    1.9990938  -5.99796012
   7    1.9990789  -5.98995738
   8    1.9989686  -5.96535814
   9    1.9989194  -5.90429016
  10    1.9988854  -5.83369839
  11    1.9659091  -0.83514238
  12    1.9272830  -0.56032373
  13    1.9246042  -0.55794410
  14    1.6719383  -0.36297492
  15    1.6646097  -0.36088749
  16    0.3326377  -0.08782439
  17    0.3122036  -0.08324123
  18    0.0389933  -0.01677769
  19    0.0372831  -0.01620351
  20    0.0137217  -0.00941480
  21    0.0007116  -0.00574488
  22    0.0006963  -0.00565724
  23    0.0007050  -0.00577951
  24    0.0006588  -0.00547316
  25    0.0005983  -0.00514225
  26    0.0006541  -0.00544670
  27    0.0006614  -0.00551906
  28    0.0006451  -0.00539970
  29    0.0000362  -0.00558090
  30    0.0000361  -0.00556254
  31    0.0007797  -0.00052876
  32    0.0147747  -0.00614277
  33    0.0115920  -0.00608619
  34    0.0108016  -0.00581475
  35    0.0113928  -0.00806745
  36    0.0001712  -0.00133756
  37    0.0001451  -0.00119710
  38    0.0002247  -0.00180684
  39    0.0002271  -0.00182590
  40    0.0002383  -0.00197916
  41    0.0002251  -0.00183062
  42    0.0001971  -0.00165648
  43    0.0002286  -0.00184852
  44    0.0000011  -0.00025387
  45    0.0000012  -0.00025407
  46    0.0006400  -0.00050585
  47    0.0003722  -0.00030488
  48    0.0067261  -0.00407788
  49    0.0101421  -0.00549466
  50    0.0042979  -0.00387582
  51    0.0001664  -0.00131836
  52    0.0001377  -0.00116388
  53    0.0000547  -0.00047803
  54    0.0000176  -0.00016545
  55    0.0000386  -0.00032550
  56    0.0000329  -0.00028085
  57    0.0000426  -0.00038947
  58    0.0000206  -0.00018550
  59    0.0000002  -0.00000591
  60    0.0000002  -0.00000882
  61    0.0004018  -0.00031845
  62    0.0002613  -0.00023334
  63    0.0061427  -0.00364985
  64    0.0076112  -0.00441415
  65    0.0021150  -0.00216275
  66    0.0000423  -0.00045128
  67    0.0000838  -0.00077876
  68    0.0000274  -0.00029250
  69    0.0000060  -0.00004907
  70    0.0000112  -0.00011934
  71    0.0000069  -0.00005885
  72    0.0000071  -0.00005450
  73    0.0000196  -0.00017820
  74    0.0000001  -0.00000375
  75    0.0000001  -0.00000346
  76    0.0003565  -0.00033144
  77    0.0001635  -0.00020381
  78    0.0058960  -0.00358728
  79    0.0045464  -0.00294631
  80    0.0011933  -0.00124860
  81    0.0000086  -0.00005653
  82    0.0000056  -0.00004275
  83    0.0000082  -0.00006744
  84    0.0000038  -0.00002930
  85    0.0000092  -0.00007202
  86    0.0000058  -0.00004711
  87    0.0000060  -0.00005700
  88    0.0000071  -0.00005423
  89    0.0000001  -0.00000244
  90    0.0000001  -0.00000379
  91    0.0002566  -0.00022350
  92    0.0001287  -0.00016098
  93    0.0047437  -0.00292623
  94    0.0010992  -0.00092677
  95    0.0006362  -0.00077180
  96    0.0000066  -0.00004523
  97    0.0000052  -0.00004610
  98    0.0000040  -0.00003335
  99    0.0000028  -0.00002337
 100    0.0000046  -0.00003935
 101    0.0000049  -0.00003949
 102    0.0000043  -0.00003924
 103    0.0000034  -0.00002870
 104    0.0000001  -0.00000341
 105    0.0000001  -0.00000276
 106    0.0002322  -0.00024656
 107    0.0000975  -0.00012715
 108    0.0008751  -0.00065498
 109    0.0006662  -0.00061477
 110    0.0004047  -0.00054069
 111    0.0000049  -0.00003534
 112    0.0000042  -0.00003149
 113    0.0000037  -0.00002795
 114    0.0000025  -0.00002104
 115    0.0000031  -0.00002598
 116    0.0000032  -0.00002603
 117    0.0000037  -0.00002890
 118    0.0000033  -0.00002912
 119    0.0000001  -0.00000284
 120    0.0000001  -0.00000239
 121    0.0000859  -0.00011254
 122    0.0000602  -0.00008827
 123    0.0004268  -0.00042680
 124    0.0005672  -0.00051135
 125    0.0003294  -0.00046388
 126    0.0000030  -0.00002358
 127    0.0000026  -0.00002157
 128    0.0000037  -0.00002853
 129    0.0000024  -0.00002086
 130    0.0000030  -0.00002480
 131    0.0000024  -0.00002147
 132    0.0000023  -0.00001905
 133    0.0000024  -0.00001941
 134    0.0000001  -0.00000203
 135    0.0000001  -0.00000210
 
----------------
 Final Energies 
----------------
Final NOF Total Energy =    -681.7732193
 
Total Orbital Internal Iterations = 310
Total Occupation Internal Iterations = 233
 
Elapsed time:  149.68 Seconds

---------------------------------
   Lowdin Population Analysis    
---------------------------------
 Idx  Atom   Population   Charge 
---------------------------------
  1     P    14.999       0.001
  2     P    15.001      -0.001

---------------------------------
   M Diagnostic: 0.33
---------------------------------

