Computing Integrals
Basis Set                                            = def2-qzvp
Auxiliary Basis Set                                  = def2-universal-jkfit
Gaussian Type                                        = Spherical
Elapsed time:   20.65 Seconds

Number of basis functions                   (NBF)    = 723
Number of auxiliary basis functions         (NBFAUX) = 809
Inactive Doubly occupied orbitals up to     (NO1)    = 0
No. considered Strongly Doubly occupied MOs (NDOC)   = 33
No. considered Strongly Singly occupied MOs (NSOC)   = 0
NO. of Weakly occ. per St. Doubly occ.  MOs (NCWO)   = 20
Dimension of the Nat. Orb. subspace         (NBF5)   = 693
No. of electrons                                     = 66
    No. of alpha electrons                           = 33
    No. of beta electrons                            = 33
Multiplicity                                         = 1

Geometry
========
 N      -0.5051208       1.8498924       0.0000000
 N       1.4874685       0.7096193       0.0000000
 C      -0.5479987      -0.5234560       0.0000000
 C       0.8575212      -0.4695473       0.0000000
 C      -1.1741190       0.6844660       0.0000000
 C       0.8598543       1.9499812       0.0000000
 C      -1.2725894      -1.8315311       0.0000000
 O       1.5184607      -1.5775330       0.0000000
 O       1.4717139       2.9837351       0.0000000
 H      -1.0267202       2.7187353       0.0000000
 H       2.5044406       0.7417125       0.0000000
 H      -2.2527067       0.7675815       0.0000000
 H      -1.0277755      -2.4241065      -0.8820455
 H      -1.0277755      -2.4241065       0.8820455
 H      -2.3480988      -1.6639340       0.0000000
 H       2.4834454      -1.4915089       0.0000000

No violations of the orthonormality
No violations of the orthonormality
 
PNOF7/ADABelief Calculation
==================
 
  Nitext  Nit_orb  Time   Nit_occ  Time         Eelec          Etot           Ediff      maxdiff    MaxGrad_orb  Grad_occ
     1      10    1.2e+02  149    1.6e+02  -908.20830822  -451.59336786 -10907.20830822   0.000986   3.9e-03   2.4e-04 0.10
 
RESULTS OF THE OCCUPATION OPTIMIZATION
========================================
   1    1.9997769  -20.79086846
   2    1.9997773  -20.73068113
   3    1.9996863  -15.84447395
   4    1.9996877  -15.80819378
   5    1.9995486  -11.56497558
   6    1.9995509  -11.55262151
   7    1.9995550  -11.50454890
   8    1.9995486  -11.40422835
   9    1.9995590  -11.36191171
  10    1.9831775  -1.30841084
  11    1.9794867  -1.22603357
  12    1.9805481  -1.22017573
  13    1.9802672  -1.21786112
  14    1.9828760  -1.20997236
  15    1.9803809  -1.16538841
  16    1.9764829  -1.11006848
  17    1.9778981  -1.10406403
  18    1.9840900  -1.08976800
  19    1.9785376  -1.06978328
  20    1.9811568  -1.06087201
  21    1.9888680  -0.99947937
  22    1.9887390  -0.99335698
  23    1.9869843  -0.95323164
  24    1.9869309  -0.95084958
  25    1.9775653  -0.94271441
  26    1.9754186  -0.91130031
  27    1.9852373  -0.82456153
  28    1.9773213  -0.81963336
  29    1.9774365  -0.81814685
  30    1.9773923  -0.81807168
  31    1.9116904  -0.74214902
  32    1.8965224  -0.71212262
  33    1.9086154  -0.58501298
  34    0.0911708  -0.03574416
  35    0.1032977  -0.05907535
  36    0.0881393  -0.04782214
  37    0.0224577  -0.01800308
  38    0.0224174  -0.01798759
  39    0.0225284  -0.01815573
  40    0.0145934  -0.01021661
  41    0.0244163  -0.02034088
  42    0.0222909  -0.01951430
  43    0.0129194  -0.01345268
  44    0.0128678  -0.01343019
  45    0.0111251  -0.01230537
  46    0.0109855  -0.01223389
  47    0.0186926  -0.01805403
  48    0.0213159  -0.02102510
  49    0.0157527  -0.01587305
  50    0.0219633  -0.02202262
  51    0.0233764  -0.02440839
  52    0.0194730  -0.02071464
  53    0.0169686  -0.01895383
  54    0.0195998  -0.02138235
  55    0.0193270  -0.02113451
  56    0.0203826  -0.02359491
  57    0.0167049  -0.02079372
  58    0.0004290  -0.00821847
  59    0.0004401  -0.00837501
  60    0.0004343  -0.00832483
  61    0.0004382  -0.00838284
  62    0.0004409  -0.00845104
  63    0.0003059  -0.00807492
  64    0.0003079  -0.00810179
  65    0.0002176  -0.00757893
  66    0.0002192  -0.00764377
  67    0.0000574  -0.00013475
  68    0.0000857  -0.00015155
  69    0.0000508  -0.00010201
  70    0.0000536  -0.00011884
  71    0.0000431  -0.00009949
  72    0.0000584  -0.00012889
  73    0.0000543  -0.00011312
  74    0.0000652  -0.00014091
  75    0.0000455  -0.00010393
  76    0.0000610  -0.00012839
  77    0.0000471  -0.00010245
  78    0.0000307  -0.00008027
  79    0.0000531  -0.00013161
  80    0.0000595  -0.00014204
  81    0.0000605  -0.00013981
  82    0.0000672  -0.00016290
  83    0.0000470  -0.00011647
  84    0.0000296  -0.00007596
  85    0.0000689  -0.00016017
  86    0.0000764  -0.00017693
  87    0.0000586  -0.00014664
  88    0.0000279  -0.00007951
  89    0.0000512  -0.00012568
  90    0.0000458  -0.00013269
  91    0.0000031  -0.00004391
  92    0.0000027  -0.00003909
  93    0.0000016  -0.00002565
  94    0.0000019  -0.00002970
  95    0.0000018  -0.00002881
  96    0.0000009  -0.00001920
  97    0.0000006  -0.00001460
  98    0.0000013  -0.00003314
  99    0.0000004  -0.00001218
 100    0.0000345  -0.00004663
 101    0.0000214  -0.00006311
 102    0.0000288  -0.00007435
 103    0.0000230  -0.00006880
 104    0.0000192  -0.00004799
 105    0.0000197  -0.00006115
 106    0.0000328  -0.00008512
 107    0.0000234  -0.00007200
 108    0.0000234  -0.00006687
 109    0.0000183  -0.00005620
 110    0.0000210  -0.00005845
 111    0.0000272  -0.00007169
 112    0.0000266  -0.00007788
 113    0.0000251  -0.00008222
 114    0.0000171  -0.00005968
 115    0.0000262  -0.00008990
 116    0.0000253  -0.00007986
 117    0.0000288  -0.00007495
 118    0.0000175  -0.00006117
 119    0.0000156  -0.00006181
 120    0.0000208  -0.00007514
 121    0.0000242  -0.00006751
 122    0.0000190  -0.00005697
 123    0.0000148  -0.00005642
 124    0.0000011  -0.00001801
 125    0.0000011  -0.00001695
 126    0.0000015  -0.00002368
 127    0.0000012  -0.00001962
 128    0.0000015  -0.00002527
 129    0.0000008  -0.00001846
 130    0.0000005  -0.00001212
 131    0.0000006  -0.00001809
 132    0.0000004  -0.00001081
 133    0.0000338  -0.00007564
 134    0.0000197  -0.00005390
 135    0.0000272  -0.00006689
 136    0.0000137  -0.00003900
 137    0.0000172  -0.00004784
 138    0.0000185  -0.00005403
 139    0.0000177  -0.00004848
 140    0.0000220  -0.00006804
 141    0.0000159  -0.00004344
 142    0.0000161  -0.00004387
 143    0.0000167  -0.00004183
 144    0.0000168  -0.00004248
 145    0.0000163  -0.00004182
 146    0.0000167  -0.00004936
 147    0.0000133  -0.00003959
 148    0.0000159  -0.00004596
 149    0.0000163  -0.00004625
 150    0.0000186  -0.00004737
 151    0.0000151  -0.00005234
 152    0.0000148  -0.00004646
 153    0.0000147  -0.00003704
 154    0.0000204  -0.00004791
 155    0.0000173  -0.00005533
 156    0.0000136  -0.00003928
 157    0.0000009  -0.00001491
 158    0.0000010  -0.00001607
 159    0.0000011  -0.00001793
 160    0.0000011  -0.00001772
 161    0.0000010  -0.00001590
 162    0.0000005  -0.00001130
 163    0.0000005  -0.00001063
 164    0.0000004  -0.00000990
 165    0.0000003  -0.00000936
 166    0.0000286  -0.00003716
 167    0.0000160  -0.00004220
 168    0.0000190  -0.00004432
 169    0.0000136  -0.00003560
 170    0.0000161  -0.00004583
 171    0.0000113  -0.00002954
 172    0.0000174  -0.00004626
 173    0.0000172  -0.00004791
 174    0.0000133  -0.00003478
 175    0.0000150  -0.00005134
 176    0.0000138  -0.00003587
 177    0.0000161  -0.00003714
 178    0.0000122  -0.00003563
 179    0.0000138  -0.00003905
 180    0.0000126  -0.00003947
 181    0.0000130  -0.00003391
 182    0.0000133  -0.00003909
 183    0.0000159  -0.00004232
 184    0.0000120  -0.00003363
 185    0.0000136  -0.00004051
 186    0.0000089  -0.00002564
 187    0.0000106  -0.00002634
 188    0.0000095  -0.00002936
 189    0.0000126  -0.00004289
 190    0.0000008  -0.00001367
 191    0.0000008  -0.00001210
 192    0.0000007  -0.00001058
 193    0.0000008  -0.00001223
 194    0.0000006  -0.00000968
 195    0.0000004  -0.00000848
 196    0.0000004  -0.00000853
 197    0.0000003  -0.00000655
 198    0.0000003  -0.00000906
 199    0.0000163  -0.00002741
 200    0.0000086  -0.00002155
 201    0.0000104  -0.00002359
 202    0.0000083  -0.00002253
 203    0.0000106  -0.00002730
 204    0.0000082  -0.00002377
 205    0.0000120  -0.00002848
 206    0.0000095  -0.00002641
 207    0.0000088  -0.00002359
 208    0.0000082  -0.00002424
 209    0.0000085  -0.00002448
 210    0.0000127  -0.00003164
 211    0.0000120  -0.00003237
 212    0.0000073  -0.00002241
 213    0.0000125  -0.00004053
 214    0.0000096  -0.00002588
 215    0.0000065  -0.00001912
 216    0.0000143  -0.00003772
 217    0.0000060  -0.00002008
 218    0.0000087  -0.00002566
 219    0.0000078  -0.00002292
 220    0.0000096  -0.00002448
 221    0.0000091  -0.00002673
 222    0.0000052  -0.00001782
 223    0.0000007  -0.00001031
 224    0.0000006  -0.00000842
 225    0.0000006  -0.00000961
 226    0.0000007  -0.00001121
 227    0.0000006  -0.00000902
 228    0.0000004  -0.00000792
 229    0.0000004  -0.00000844
 230    0.0000002  -0.00000528
 231    0.0000002  -0.00000585
 232    0.0000104  -0.00002121
 233    0.0000066  -0.00001885
 234    0.0000082  -0.00002008
 235    0.0000079  -0.00002327
 236    0.0000075  -0.00002024
 237    0.0000073  -0.00002049
 238    0.0000094  -0.00002379
 239    0.0000079  -0.00002315
 240    0.0000076  -0.00002176
 241    0.0000075  -0.00002197
 242    0.0000080  -0.00002185
 243    0.0000051  -0.00001599
 244    0.0000077  -0.00002257
 245    0.0000070  -0.00002109
 246    0.0000077  -0.00002399
 247    0.0000050  -0.00001583
 248    0.0000062  -0.00001961
 249    0.0000056  -0.00001781
 250    0.0000043  -0.00001566
 251    0.0000052  -0.00001746
 252    0.0000045  -0.00001574
 253    0.0000084  -0.00002344
 254    0.0000050  -0.00001791
 255    0.0000049  -0.00001737
 256    0.0000007  -0.00000987
 257    0.0000005  -0.00000716
 258    0.0000006  -0.00000802
 259    0.0000005  -0.00000705
 260    0.0000005  -0.00000675
 261    0.0000003  -0.00000639
 262    0.0000003  -0.00000661
 263    0.0000002  -0.00000498
 264    0.0000002  -0.00000554
 265    0.0000084  -0.00001800
 266    0.0000061  -0.00001861
 267    0.0000059  -0.00001696
 268    0.0000060  -0.00001883
 269    0.0000074  -0.00002162
 270    0.0000064  -0.00001995
 271    0.0000043  -0.00001303
 272    0.0000036  -0.00001303
 273    0.0000060  -0.00001619
 274    0.0000050  -0.00002417
 275    0.0000074  -0.00002190
 276    0.0000051  -0.00001454
 277    0.0000032  -0.00001192
 278    0.0000062  -0.00001974
 279    0.0000064  -0.00002202
 280    0.0000043  -0.00001495
 281    0.0000057  -0.00001866
 282    0.0000053  -0.00001735
 283    0.0000043  -0.00001397
 284    0.0000042  -0.00001453
 285    0.0000027  -0.00001029
 286    0.0000046  -0.00001430
 287    0.0000041  -0.00001567
 288    0.0000042  -0.00001609
 289    0.0000005  -0.00000750
 290    0.0000005  -0.00000670
 291    0.0000005  -0.00000751
 292    0.0000005  -0.00000611
 293    0.0000005  -0.00000657
 294    0.0000003  -0.00000536
 295    0.0000003  -0.00000505
 296    0.0000002  -0.00000430
 297    0.0000002  -0.00000448
 298    0.0000053  -0.00001283
 299    0.0000031  -0.00001090
 300    0.0000051  -0.00001429
 301    0.0000053  -0.00001713
 302    0.0000039  -0.00001231
 303    0.0000035  -0.00001300
 304    0.0000041  -0.00001210
 305    0.0000029  -0.00001090
 306    0.0000039  -0.00001252
 307    0.0000045  -0.00001517
 308    0.0000055  -0.00001797
 309    0.0000050  -0.00001575
 310    0.0000023  -0.00000947
 311    0.0000030  -0.00001187
 312    0.0000045  -0.00001639
 313    0.0000037  -0.00001346
 314    0.0000042  -0.00001422
 315    0.0000038  -0.00001349
 316    0.0000042  -0.00001493
 317    0.0000037  -0.00001319
 318    0.0000024  -0.00000946
 319    0.0000040  -0.00001308
 320    0.0000029  -0.00001069
 321    0.0000035  -0.00001347
 322    0.0000005  -0.00000655
 323    0.0000005  -0.00000562
 324    0.0000005  -0.00000662
 325    0.0000005  -0.00000530
 326    0.0000005  -0.00000593
 327    0.0000003  -0.00000481
 328    0.0000003  -0.00000478
 329    0.0000002  -0.00000361
 330    0.0000002  -0.00000462
 331    0.0000031  -0.00000855
 332    0.0000028  -0.00000926
 333    0.0000028  -0.00000884
 334    0.0000037  -0.00001262
 335    0.0000039  -0.00001300
 336    0.0000033  -0.00001130
 337    0.0000034  -0.00001028
 338    0.0000026  -0.00000979
 339    0.0000037  -0.00001153
 340    0.0000029  -0.00001089
 341    0.0000040  -0.00001464
 342    0.0000028  -0.00000886
 343    0.0000022  -0.00000700
 344    0.0000024  -0.00001023
 345    0.0000025  -0.00001035
 346    0.0000033  -0.00001200
 347    0.0000028  -0.00001055
 348    0.0000035  -0.00001317
 349    0.0000037  -0.00001281
 350    0.0000029  -0.00001160
 351    0.0000020  -0.00000792
 352    0.0000027  -0.00000922
 353    0.0000025  -0.00000920
 354    0.0000033  -0.00001246
 355    0.0000004  -0.00000478
 356    0.0000005  -0.00000574
 357    0.0000004  -0.00000431
 358    0.0000004  -0.00000446
 359    0.0000004  -0.00000463
 360    0.0000003  -0.00000434
 361    0.0000003  -0.00000408
 362    0.0000002  -0.00000325
 363    0.0000002  -0.00000409
 364    0.0000029  -0.00000767
 365    0.0000023  -0.00000675
 366    0.0000018  -0.00000627
 367    0.0000035  -0.00001028
 368    0.0000038  -0.00001243
 369    0.0000030  -0.00001096
 370    0.0000033  -0.00001101
 371    0.0000022  -0.00000948
 372    0.0000034  -0.00001172
 373    0.0000020  -0.00000753
 374    0.0000029  -0.00001339
 375    0.0000026  -0.00000748
 376    0.0000019  -0.00000795
 377    0.0000021  -0.00000800
 378    0.0000023  -0.00000927
 379    0.0000025  -0.00001038
 380    0.0000026  -0.00000983
 381    0.0000033  -0.00000955
 382    0.0000031  -0.00001154
 383    0.0000024  -0.00001025
 384    0.0000019  -0.00000721
 385    0.0000023  -0.00000995
 386    0.0000022  -0.00000727
 387    0.0000023  -0.00000914
 388    0.0000004  -0.00000426
 389    0.0000004  -0.00000432
 390    0.0000004  -0.00000438
 391    0.0000004  -0.00000611
 392    0.0000004  -0.00000337
 393    0.0000003  -0.00000516
 394    0.0000003  -0.00000341
 395    0.0000002  -0.00000333
 396    0.0000002  -0.00000337
 397    0.0000028  -0.00000639
 398    0.0000017  -0.00000616
 399    0.0000018  -0.00000624
 400    0.0000032  -0.00001075
 401    0.0000031  -0.00001084
 402    0.0000029  -0.00001036
 403    0.0000026  -0.00000872
 404    0.0000016  -0.00000583
 405    0.0000032  -0.00001099
 406    0.0000019  -0.00000681
 407    0.0000026  -0.00001006
 408    0.0000025  -0.00000816
 409    0.0000019  -0.00000683
 410    0.0000016  -0.00000595
 411    0.0000017  -0.00000685
 412    0.0000014  -0.00000517
 413    0.0000017  -0.00000692
 414    0.0000026  -0.00000971
 415    0.0000014  -0.00000556
 416    0.0000018  -0.00000638
 417    0.0000019  -0.00000770
 418    0.0000019  -0.00000688
 419    0.0000015  -0.00000619
 420    0.0000015  -0.00001031
 421    0.0000004  -0.00000361
 422    0.0000004  -0.00000377
 423    0.0000004  -0.00000352
 424    0.0000004  -0.00000367
 425    0.0000004  -0.00000375
 426    0.0000003  -0.00000315
 427    0.0000003  -0.00000354
 428    0.0000002  -0.00000313
 429    0.0000002  -0.00000296
 430    0.0000027  -0.00000621
 431    0.0000012  -0.00000490
 432    0.0000018  -0.00000488
 433    0.0000023  -0.00000884
 434    0.0000029  -0.00000767
 435    0.0000021  -0.00000832
 436    0.0000023  -0.00000787
 437    0.0000016  -0.00000634
 438    0.0000032  -0.00001079
 439    0.0000019  -0.00000749
 440    0.0000025  -0.00000856
 441    0.0000023  -0.00000798
 442    0.0000016  -0.00000654
 443    0.0000014  -0.00000542
 444    0.0000014  -0.00000476
 445    0.0000011  -0.00000474
 446    0.0000016  -0.00000647
 447    0.0000022  -0.00001143
 448    0.0000013  -0.00000529
 449    0.0000016  -0.00000659
 450    0.0000017  -0.00000533
 451    0.0000016  -0.00000488
 452    0.0000013  -0.00000556
 453    0.0000015  -0.00000598
 454    0.0000004  -0.00000383
 455    0.0000004  -0.00000323
 456    0.0000004  -0.00000357
 457    0.0000004  -0.00000345
 458    0.0000004  -0.00000309
 459    0.0000003  -0.00000305
 460    0.0000002  -0.00000415
 461    0.0000002  -0.00000278
 462    0.0000002  -0.00000250
 463    0.0000024  -0.00000728
 464    0.0000012  -0.00000360
 465    0.0000018  -0.00000631
 466    0.0000016  -0.00000535
 467    0.0000018  -0.00000666
 468    0.0000015  -0.00000627
 469    0.0000015  -0.00000526
 470    0.0000015  -0.00000488
 471    0.0000012  -0.00000451
 472    0.0000018  -0.00000804
 473    0.0000024  -0.00000706
 474    0.0000021  -0.00000760
 475    0.0000014  -0.00000454
 476    0.0000012  -0.00000532
 477    0.0000012  -0.00000578
 478    0.0000011  -0.00000400
 479    0.0000014  -0.00000588
 480    0.0000018  -0.00000573
 481    0.0000010  -0.00000448
 482    0.0000013  -0.00000548
 483    0.0000013  -0.00000446
 484    0.0000015  -0.00000450
 485    0.0000012  -0.00000643
 486    0.0000009  -0.00000364
 487    0.0000004  -0.00000318
 488    0.0000004  -0.00000291
 489    0.0000003  -0.00000313
 490    0.0000004  -0.00000356
 491    0.0000003  -0.00000288
 492    0.0000002  -0.00000334
 493    0.0000002  -0.00000294
 494    0.0000002  -0.00000230
 495    0.0000002  -0.00000231
 496    0.0000015  -0.00000360
 497    0.0000011  -0.00000371
 498    0.0000016  -0.00000559
 499    0.0000015  -0.00000536
 500    0.0000017  -0.00000590
 501    0.0000014  -0.00000514
 502    0.0000014  -0.00000515
 503    0.0000012  -0.00000505
 504    0.0000011  -0.00000544
 505    0.0000012  -0.00000424
 506    0.0000018  -0.00000609
 507    0.0000018  -0.00000607
 508    0.0000013  -0.00000487
 509    0.0000009  -0.00000336
 510    0.0000008  -0.00000298
 511    0.0000011  -0.00000494
 512    0.0000013  -0.00000496
 513    0.0000014  -0.00000498
 514    0.0000008  -0.00000302
 515    0.0000009  -0.00000344
 516    0.0000009  -0.00000370
 517    0.0000013  -0.00000458
 518    0.0000011  -0.00000447
 519    0.0000009  -0.00000405
 520    0.0000004  -0.00000308
 521    0.0000003  -0.00000258
 522    0.0000003  -0.00000270
 523    0.0000003  -0.00000295
 524    0.0000003  -0.00000287
 525    0.0000002  -0.00000261
 526    0.0000002  -0.00000247
 527    0.0000002  -0.00000254
 528    0.0000002  -0.00000223
 529    0.0000014  -0.00000285
 530    0.0000008  -0.00000375
 531    0.0000011  -0.00000392
 532    0.0000013  -0.00000393
 533    0.0000013  -0.00000392
 534    0.0000013  -0.00000509
 535    0.0000008  -0.00000330
 536    0.0000011  -0.00000429
 537    0.0000010  -0.00000370
 538    0.0000007  -0.00000316
 539    0.0000013  -0.00000374
 540    0.0000013  -0.00000565
 541    0.0000011  -0.00000490
 542    0.0000008  -0.00000312
 543    0.0000005  -0.00000393
 544    0.0000006  -0.00000358
 545    0.0000012  -0.00000402
 546    0.0000013  -0.00000422
 547    0.0000008  -0.00000357
 548    0.0000008  -0.00000280
 549    0.0000008  -0.00000403
 550    0.0000013  -0.00000510
 551    0.0000007  -0.00000454
 552    0.0000009  -0.00000301
 553    0.0000003  -0.00000314
 554    0.0000003  -0.00000329
 555    0.0000003  -0.00000255
 556    0.0000003  -0.00000229
 557    0.0000003  -0.00000263
 558    0.0000002  -0.00000202
 559    0.0000002  -0.00000263
 560    0.0000002  -0.00000181
 561    0.0000002  -0.00000223
 562    0.0000009  -0.00000162
 563    0.0000005  -0.00000402
 564    0.0000011  -0.00000360
 565    0.0000004  -0.00000041
 566    0.0000012  -0.00000405
 567    0.0000005  -0.00000193
 568    0.0000006  -0.00000437
 569    0.0000007  -0.00000226
 570    0.0000009  -0.00000262
 571    0.0000005  -0.00000177
 572    0.0000010  -0.00000464
 573    0.0000005  -0.00000230
 574    0.0000006  -0.00000309
 575    0.0000005  -0.00000279
 576    0.0000005  -0.00000277
 577    0.0000004  -0.00000268
 578    0.0000005  -0.00000298
 579    0.0000010  -0.00000354
 580    0.0000007  -0.00000305
 581    0.0000005  -0.00000394
 582    0.0000008  -0.00000313
 583    0.0000013  -0.00000365
 584    0.0000006  -0.00000514
 585    0.0000006  -0.00000395
 586    0.0000003  -0.00000305
 587    0.0000003  -0.00000274
 588    0.0000003  -0.00000252
 589    0.0000003  -0.00000229
 590    0.0000003  -0.00000219
 591    0.0000002  -0.00000158
 592    0.0000002  -0.00000164
 593    0.0000001  -0.00000154
 594    0.0000001  -0.00000274
 595    0.0000005  -0.00000222
 596    0.0000005  -0.00000214
 597    0.0000005  -0.00000251
 598    0.0000004  -0.00000175
 599    0.0000006  -0.00000371
 600    0.0000004  -0.00000126
 601    0.0000004  -0.00000169
 602    0.0000005  -0.00000366
 603    0.0000006  -0.00000341
 604    0.0000003  -0.00000069
 605    0.0000006  -0.00000266
 606    0.0000004  -0.00000034
 607    0.0000004  -0.00000165
 608    0.0000003  -0.00000051
 609    0.0000004  -0.00000222
 610    0.0000003  -0.00000034
 611    0.0000003  -0.00000085
 612    0.0000008  -0.00000409
 613    0.0000004  -0.00000145
 614    0.0000004  -0.00000216
 615    0.0000006  -0.00000445
 616    0.0000006  -0.00000343
 617    0.0000006  -0.00000251
 618    0.0000004  -0.00000118
 619    0.0000003  -0.00000293
 620    0.0000003  -0.00000283
 621    0.0000003  -0.00000183
 622    0.0000003  -0.00000312
 623    0.0000002  -0.00000071
 624    0.0000002  -0.00000161
 625    0.0000002  -0.00000222
 626    0.0000001  -0.00000109
 627    0.0000001  -0.00000146
 628    0.0000005  -0.00000099
 629    0.0000004  -0.00000156
 630    0.0000003  -0.00000064
 631    0.0000004  -0.00000038
 632    0.0000004  -0.00000138
 633    0.0000004  -0.00000085
 634    0.0000004  -0.00000154
 635    0.0000003  -0.00000094
 636    0.0000005  -0.00000271
 637    0.0000003  -0.00000132
 638    0.0000005  -0.00000275
 639    0.0000004  -0.00000062
 640    0.0000004  -0.00000274
 641    0.0000003  -0.00000120
 642    0.0000003  -0.00000116
 643    0.0000003  -0.00000088
 644    0.0000003  -0.00000113
 645    0.0000005  -0.00000144
 646    0.0000003  -0.00000118
 647    0.0000003  -0.00000138
 648    0.0000004  -0.00000110
 649    0.0000004  -0.00000094
 650    0.0000004  -0.00000091
 651    0.0000003  -0.00000075
 652    0.0000003  -0.00000153
 653    0.0000003  -0.00000118
 654    0.0000003  -0.00000164
 655    0.0000003  -0.00000223
 656    0.0000002  -0.00000080
 657    0.0000002  -0.00000081
 658    0.0000002  -0.00000078
 659    0.0000001  -0.00000052
 660    0.0000001  -0.00000103
 661    0.0000005  -0.00000103
 662    0.0000003  -0.00000084
 663    0.0000003  -0.00000061
 664    0.0000003  -0.00000046
 665    0.0000003  -0.00000095
 666    0.0000003  -0.00000050
 667    0.0000003  -0.00000108
 668    0.0000003  -0.00000066
 669    0.0000005  0.00000000
 670    0.0000003  -0.00000003
 671    0.0000003  -0.00000038
 672    0.0000004  -0.00000107
 673    0.0000003  -0.00000109
 674    0.0000003  -0.00000089
 675    0.0000003  -0.00000075
 676    0.0000003  -0.00000108
 677    0.0000003  -0.00000024
 678    0.0000004  -0.00000120
 679    0.0000003  -0.00000098
 680    0.0000003  -0.00000083
 681    0.0000003  -0.00000077
 682    0.0000004  -0.00000080
 683    0.0000004  -0.00000172
 684    0.0000003  -0.00000037
 685    0.0000002  -0.00000141
 686    0.0000002  -0.00000070
 687    0.0000002  -0.00000084
 688    0.0000002  -0.00000093
 689    0.0000002  -0.00000069
 690    0.0000002  -0.00000082
 691    0.0000002  -0.00000086
 692    0.0000001  -0.00000051
 693    0.0000001  -0.00000083
 
----------------
 Final Energies 
----------------
Final NOF Total Energy =    -451.5933679
 
Total Orbital Internal Iterations = 10
Total Occupation Internal Iterations = 149
 
Elapsed time:  329.59 Seconds

---------------------------------
   Lowdin Population Analysis    
---------------------------------
 Idx  Atom   Population   Charge 
---------------------------------
  1     N     6.368       0.632
  2     N     6.430       0.570
  3     C     6.119      -0.119
  4     C     6.381      -0.381
  5     C     5.886       0.114
  6     C     6.623      -0.623
  7     C     5.737       0.263
  8     O     7.245       0.755
  9     O     7.653       0.347
 10     H     1.074      -0.074
 11     H     1.095      -0.095
 12     H     1.021      -0.021
 13     H     1.039      -0.039
 14     H     1.039      -0.039
 15     H     1.043      -0.043
 16     H     1.247      -0.247

---------------------------------
   M Diagnostic: 0.10
---------------------------------

