Computing Integrals
Basis Set                                            = def2-qzvp
Auxiliary Basis Set                                  = def2-universal-jkfit
Gaussian Type                                        = Spherical
Elapsed time:   10.87 Seconds

Number of basis functions                   (NBF)    = 522
Number of auxiliary basis functions         (NBFAUX) = 570
Inactive Doubly occupied orbitals up to     (NO1)    = 0
No. considered Strongly Doubly occupied MOs (NDOC)   = 30
No. considered Strongly Singly occupied MOs (NSOC)   = 0
NO. of Weakly occ. per St. Doubly occ.  MOs (NCWO)   = 16
Dimension of the Nat. Orb. subspace         (NBF5)   = 510
No. of electrons                                     = 60
    No. of alpha electrons                           = 30
    No. of beta electrons                            = 30
Multiplicity                                         = 1

Geometry
========
 H      -0.8290280       1.9479720       0.0637390
 H      -2.1015070       0.2560270      -0.0637390
 H       0.8290280      -1.9479720      -0.0637390
 H       1.2724790       1.6919450      -0.0637390
 H      -1.2724790      -1.6919450       0.0637390
 H       2.1015070      -0.2560270       0.0637390
 F       2.0771760       1.1992580      -0.2751730
 F       0.0000000       2.3985170       0.2751730
 F       0.0000000      -2.3985170      -0.2751730
 F      -2.0771760       1.1992580      -0.2751730
 F      -2.0771760      -1.1992580       0.2751730
 F       2.0771760      -1.1992580       0.2751730

No violations of the orthonormality
No violations of the orthonormality
 
PNOF7/ADABelief Calculation
==================
 
  Nitext  Nit_orb  Time   Nit_occ  Time         Eelec          Etot           Ediff      maxdiff    MaxGrad_orb  Grad_occ
     1      10    5.0e+01   54    5.7e+01  -875.31323682  -599.86887482 -10874.31323682   0.000691   2.8e-03   3.6e-04 0.02
 
RESULTS OF THE OCCUPATION OPTIMIZATION
========================================
   1    1.9998412  -26.30916081
   2    1.9998410  -26.30893657
   3    1.9998413  -26.30889856
   4    1.9998415  -26.30883181
   5    1.9998413  -26.30877926
   6    1.9998410  -26.30875008
   7    1.9919279  -1.01952711
   8    1.9917527  -1.01868966
   9    1.9813655  -1.01678777
  10    1.9812681  -1.01666634
  11    1.9811420  -1.01617022
  12    1.9812023  -1.01615357
  13    1.9813252  -1.01583715
  14    1.9812175  -1.01580804
  15    1.9917221  -1.01531024
  16    1.9916938  -1.01426987
  17    1.9917579  -1.01243742
  18    1.9914404  -1.00216750
  19    1.9907486  -0.96444500
  20    1.9904650  -0.95427709
  21    1.9905443  -0.95346215
  22    1.9904319  -0.95255458
  23    1.9903855  -0.94979894
  24    1.9904398  -0.94858352
  25    1.9904660  -0.94392922
  26    1.9904025  -0.94380063
  27    1.9904018  -0.94296618
  28    1.9903284  -0.94251546
  29    1.9903683  -0.94223947
  30    1.9903425  -0.94209373
  31    0.0095341  -0.01235673
  32    0.0095235  -0.01234624
  33    0.0095576  -0.01238639
  34    0.0094680  -0.01234150
  35    0.0094288  -0.01225208
  36    0.0094155  -0.01228891
  37    0.0094697  -0.01237250
  38    0.0095340  -0.01240843
  39    0.0094671  -0.01236917
  40    0.0093967  -0.01231628
  41    0.0094364  -0.01234715
  42    0.0091602  -0.01215758
  43    0.0084791  -0.01163207
  44    0.0081752  -0.01142363
  45    0.0082268  -0.01140705
  46    0.0082014  -0.01139521
  47    0.0187143  -0.02100704
  48    0.0186016  -0.02093566
  49    0.0187290  -0.02102644
  50    0.0187878  -0.02104742
  51    0.0186602  -0.02097682
  52    0.0185603  -0.02092045
  53    0.0081450  -0.01136019
  54    0.0080033  -0.01128923
  55    0.0001590  -0.00713573
  56    0.0001586  -0.00713292
  57    0.0001585  -0.00713097
  58    0.0001586  -0.00713305
  59    0.0001590  -0.00713628
  60    0.0001588  -0.00713389
  61    0.0000716  -0.00012422
  62    0.0000404  -0.00008138
  63    0.0000653  -0.00012485
  64    0.0000720  -0.00012834
  65    0.0001041  -0.00021721
  66    0.0000751  -0.00015356
  67    0.0000543  -0.00011952
  68    0.0000351  -0.00007324
  69    0.0000396  -0.00008246
  70    0.0000145  -0.00003857
  71    0.0000598  -0.00012439
  72    0.0000439  -0.00009405
  73    0.0000560  -0.00014258
  74    0.0000256  -0.00006020
  75    0.0000391  -0.00007674
  76    0.0000336  -0.00007186
  77    0.0000302  -0.00006897
  78    0.0000385  -0.00008366
  79    0.0000329  -0.00007373
  80    0.0000417  -0.00009113
  81    0.0000427  -0.00009403
  82    0.0000451  -0.00009607
  83    0.0000842  -0.00018858
  84    0.0000412  -0.00009239
  85    0.0000000  -0.00000090
  86    0.0000000  -0.00000085
  87    0.0000000  -0.00000087
  88    0.0000000  -0.00000087
  89    0.0000000  -0.00000071
  90    0.0000000  -0.00000092
  91    0.0000290  -0.00007976
  92    0.0000382  -0.00008452
  93    0.0000255  -0.00006809
  94    0.0000366  -0.00009022
  95    0.0000532  -0.00013352
  96    0.0000211  -0.00006120
  97    0.0000159  -0.00004811
  98    0.0000185  -0.00004809
  99    0.0000352  -0.00007277
 100    0.0000138  -0.00003719
 101    0.0000168  -0.00005045
 102    0.0000194  -0.00005180
 103    0.0000091  -0.00003643
 104    0.0000102  -0.00003212
 105    0.0000108  -0.00003505
 106    0.0000107  -0.00003827
 107    0.0000126  -0.00003902
 108    0.0000117  -0.00004043
 109    0.0000093  -0.00003258
 110    0.0000077  -0.00002691
 111    0.0000069  -0.00002621
 112    0.0000069  -0.00002559
 113    0.0000042  -0.00002145
 114    0.0000065  -0.00002392
 115    0.0000000  -0.00000050
 116    0.0000000  -0.00000057
 117    0.0000000  -0.00000053
 118    0.0000000  -0.00000056
 119    0.0000000  -0.00000060
 120    0.0000000  -0.00000053
 121    0.0000052  -0.00002768
 122    0.0000066  -0.00002905
 123    0.0000064  -0.00003157
 124    0.0000054  -0.00002990
 125    0.0000029  -0.00002071
 126    0.0000093  -0.00004076
 127    0.0000052  -0.00002426
 128    0.0000058  -0.00002215
 129    0.0000066  -0.00002824
 130    0.0000077  -0.00002699
 131    0.0000081  -0.00003471
 132    0.0000087  -0.00003341
 133    0.0000037  -0.00001984
 134    0.0000067  -0.00002412
 135    0.0000073  -0.00002728
 136    0.0000107  -0.00003513
 137    0.0000059  -0.00002244
 138    0.0000063  -0.00002554
 139    0.0000081  -0.00002666
 140    0.0000056  -0.00002470
 141    0.0000057  -0.00002614
 142    0.0000051  -0.00002026
 143    0.0000035  -0.00002138
 144    0.0000054  -0.00002102
 145    0.0000000  -0.00000053
 146    0.0000000  -0.00000051
 147    0.0000000  -0.00000050
 148    0.0000000  -0.00000043
 149    0.0000000  -0.00000056
 150    0.0000000  -0.00000032
 151    0.0000051  -0.00002876
 152    0.0000053  -0.00002342
 153    0.0000046  -0.00002161
 154    0.0000046  -0.00002367
 155    0.0000021  -0.00001928
 156    0.0000034  -0.00001813
 157    0.0000038  -0.00002078
 158    0.0000046  -0.00001812
 159    0.0000054  -0.00002362
 160    0.0000064  -0.00002374
 161    0.0000033  -0.00001823
 162    0.0000052  -0.00002240
 163    0.0000026  -0.00001530
 164    0.0000059  -0.00002354
 165    0.0000063  -0.00002435
 166    0.0000063  -0.00002352
 167    0.0000054  -0.00002258
 168    0.0000039  -0.00001712
 169    0.0000054  -0.00002263
 170    0.0000037  -0.00001649
 171    0.0000051  -0.00002451
 172    0.0000048  -0.00002084
 173    0.0000030  -0.00002021
 174    0.0000035  -0.00001645
 175    0.0000000  -0.00000058
 176    0.0000000  -0.00000041
 177    0.0000000  -0.00000049
 178    0.0000000  -0.00000046
 179    0.0000000  -0.00000046
 180    0.0000000  -0.00000053
 181    0.0000032  -0.00001705
 182    0.0000051  -0.00002151
 183    0.0000033  -0.00001951
 184    0.0000037  -0.00002168
 185    0.0000019  -0.00001682
 186    0.0000029  -0.00001922
 187    0.0000034  -0.00001666
 188    0.0000043  -0.00001776
 189    0.0000050  -0.00002162
 190    0.0000040  -0.00001556
 191    0.0000033  -0.00001830
 192    0.0000049  -0.00002364
 193    0.0000025  -0.00001597
 194    0.0000056  -0.00002303
 195    0.0000052  -0.00002209
 196    0.0000043  -0.00001868
 197    0.0000039  -0.00001665
 198    0.0000032  -0.00001360
 199    0.0000039  -0.00001569
 200    0.0000032  -0.00001606
 201    0.0000040  -0.00001905
 202    0.0000044  -0.00002082
 203    0.0000027  -0.00001573
 204    0.0000032  -0.00001442
 205    0.0000000  -0.00000045
 206    0.0000000  -0.00000039
 207    0.0000000  -0.00000044
 208    0.0000000  -0.00000053
 209    0.0000000  -0.00000039
 210    0.0000000  -0.00000051
 211    0.0000031  -0.00001895
 212    0.0000038  -0.00001471
 213    0.0000024  -0.00001084
 214    0.0000024  -0.00001597
 215    0.0000013  -0.00001275
 216    0.0000018  -0.00001138
 217    0.0000028  -0.00001444
 218    0.0000042  -0.00001619
 219    0.0000028  -0.00001393
 220    0.0000039  -0.00001488
 221    0.0000025  -0.00001413
 222    0.0000034  -0.00001648
 223    0.0000024  -0.00001460
 224    0.0000054  -0.00002169
 225    0.0000036  -0.00001590
 226    0.0000036  -0.00001527
 227    0.0000030  -0.00001230
 228    0.0000029  -0.00001416
 229    0.0000021  -0.00000730
 230    0.0000024  -0.00001194
 231    0.0000016  -0.00000736
 232    0.0000021  -0.00000935
 233    0.0000012  -0.00000843
 234    0.0000022  -0.00000882
 235    0.0000000  -0.00000031
 236    0.0000000  -0.00000030
 237    0.0000000  -0.00000029
 238    0.0000000  -0.00000045
 239    0.0000000  -0.00000041
 240    0.0000000  -0.00000040
 241    0.0000023  -0.00001161
 242    0.0000034  -0.00001704
 243    0.0000024  -0.00001377
 244    0.0000018  -0.00001033
 245    0.0000011  -0.00000930
 246    0.0000013  -0.00000722
 247    0.0000015  -0.00000853
 248    0.0000023  -0.00000848
 249    0.0000019  -0.00000850
 250    0.0000023  -0.00000955
 251    0.0000012  -0.00000583
 252    0.0000015  -0.00000607
 253    0.0000011  -0.00000471
 254    0.0000018  -0.00000718
 255    0.0000017  -0.00000747
 256    0.0000020  -0.00000788
 257    0.0000022  -0.00000887
 258    0.0000016  -0.00000595
 259    0.0000017  -0.00000777
 260    0.0000013  -0.00000667
 261    0.0000013  -0.00000715
 262    0.0000013  -0.00000547
 263    0.0000010  -0.00000652
 264    0.0000021  -0.00000857
 265    0.0000000  -0.00000026
 266    0.0000000  -0.00000037
 267    0.0000000  -0.00000037
 268    0.0000000  -0.00000022
 269    0.0000000  -0.00000028
 270    0.0000000  -0.00000038
 271    0.0000012  -0.00000933
 272    0.0000019  -0.00000982
 273    0.0000015  -0.00000859
 274    0.0000011  -0.00000650
 275    0.0000007  -0.00000477
 276    0.0000012  -0.00000710
 277    0.0000006  -0.00000267
 278    0.0000008  -0.00000204
 279    0.0000007  -0.00000218
 280    0.0000009  -0.00000201
 281    0.0000007  -0.00000236
 282    0.0000007  -0.00000231
 283    0.0000005  -0.00000285
 284    0.0000009  -0.00000233
 285    0.0000009  -0.00001027
 286    0.0000008  -0.00000839
 287    0.0000009  -0.00000307
 288    0.0000012  -0.00000399
 289    0.0000010  -0.00000312
 290    0.0000007  -0.00000322
 291    0.0000007  -0.00000261
 292    0.0000007  -0.00000222
 293    0.0000004  -0.00000172
 294    0.0000008  -0.00000210
 295    0.0000000  -0.00000021
 296    0.0000000  -0.00000020
 297    0.0000000  -0.00000020
 298    0.0000000  -0.00000020
 299    0.0000000  -0.00000021
 300    0.0000000  -0.00000016
 301    0.0000005  -0.00000219
 302    0.0000007  -0.00000251
 303    0.0000005  -0.00000228
 304    0.0000005  -0.00000240
 305    0.0000003  -0.00000259
 306    0.0000004  -0.00000654
 307    0.0000005  -0.00000056
 308    0.0000008  -0.00000718
 309    0.0000006  -0.00000016
 310    0.0000009  -0.00000752
 311    0.0000006  -0.00000252
 312    0.0000006  -0.00000695
 313    0.0000004  -0.00000047
 314    0.0000008  -0.00000205
 315    0.0000008  -0.00000232
 316    0.0000008  -0.00000232
 317    0.0000007  0.00000009
 318    0.0000008  -0.00000325
 319    0.0000009  -0.00000316
 320    0.0000007  -0.00000226
 321    0.0000007  -0.00000344
 322    0.0000007  -0.00000343
 323    0.0000003  -0.00000181
 324    0.0000007  -0.00000203
 325    0.0000000  -0.00000025
 326    0.0000000  -0.00000023
 327    0.0000000  -0.00000016
 328    0.0000000  -0.00000019
 329    0.0000000  -0.00000021
 330    0.0000000  -0.00000022
 331    0.0000004  -0.00000752
 332    0.0000006  -0.00000805
 333    0.0000004  -0.00000139
 334    0.0000004  -0.00000159
 335    0.0000002  -0.00000141
 336    0.0000004  -0.00000051
 337    0.0000005  -0.00000139
 338    0.0000008  -0.00000002
 339    0.0000006  -0.00000138
 340    0.0000008  0.00000021
 341    0.0000005  -0.00000164
 342    0.0000006  -0.00000157
 343    0.0000004  -0.00000200
 344    0.0000008  -0.00000732
 345    0.0000007  -0.00000762
 346    0.0000007  -0.00000057
 347    0.0000007  -0.00000145
 348    0.0000006  -0.00000129
 349    0.0000007  -0.00000235
 350    0.0000006  -0.00000656
 351    0.0000006  -0.00000673
 352    0.0000007  -0.00000297
 353    0.0000003  -0.00000227
 354    0.0000007  -0.00000687
 355    0.0000000  -0.00000016
 356    0.0000000  -0.00000016
 357    0.0000000  -0.00000017
 358    0.0000000  -0.00000019
 359    0.0000000  -0.00000019
 360    0.0000000  -0.00000017
 361    0.0000004  -0.00000181
 362    0.0000005  -0.00000168
 363    0.0000004  -0.00000203
 364    0.0000004  -0.00000580
 365    0.0000002  -0.00000180
 366    0.0000004  -0.00000143
 367    0.0000005  -0.00000580
 368    0.0000007  -0.00000190
 369    0.0000006  -0.00000595
 370    0.0000008  -0.00000130
 371    0.0000004  -0.00000166
 372    0.0000006  -0.00000005
 373    0.0000004  -0.00000561
 374    0.0000008  -0.00000003
 375    0.0000007  -0.00000040
 376    0.0000007  -0.00000208
 377    0.0000006  -0.00000510
 378    0.0000005  -0.00000558
 379    0.0000007  -0.00000563
 380    0.0000006  -0.00000202
 381    0.0000006  -0.00000287
 382    0.0000005  -0.00000420
 383    0.0000003  -0.00000364
 384    0.0000006  -0.00000190
 385    0.0000000  -0.00000022
 386    0.0000000  -0.00000021
 387    0.0000000  -0.00000039
 388    0.0000000  -0.00000022
 389    0.0000000  -0.00000022
 390    0.0000000  -0.00000020
 391    0.0000004  -0.00000504
 392    0.0000005  -0.00000544
 393    0.0000004  -0.00000433
 394    0.0000004  -0.00000222
 395    0.0000002  -0.00000367
 396    0.0000003  -0.00000158
 397    0.0000005  -0.00000180
 398    0.0000007  -0.00000132
 399    0.0000006  -0.00000206
 400    0.0000008  -0.00000496
 401    0.0000004  -0.00000506
 402    0.0000005  -0.00000186
 403    0.0000004  -0.00000596
 404    0.0000007  -0.00000554
 405    0.0000007  -0.00000193
 406    0.0000006  -0.00000613
 407    0.0000006  -0.00000513
 408    0.0000005  -0.00000472
 409    0.0000006  -0.00000553
 410    0.0000005  -0.00000603
 411    0.0000005  -0.00000529
 412    0.0000005  -0.00000532
 413    0.0000003  -0.00000447
 414    0.0000005  -0.00000409
 415    0.0000000  -0.00000034
 416    0.0000000  -0.00000035
 417    0.0000000  -0.00000022
 418    0.0000000  -0.00000038
 419    0.0000000  -0.00000031
 420    0.0000000  -0.00000033
 421    0.0000004  -0.00000153
 422    0.0000005  -0.00000146
 423    0.0000004  -0.00000476
 424    0.0000003  -0.00000445
 425    0.0000002  -0.00000422
 426    0.0000003  -0.00000388
 427    0.0000004  -0.00000453
 428    0.0000007  -0.00000371
 429    0.0000006  -0.00000528
 430    0.0000008  -0.00000135
 431    0.0000004  -0.00000351
 432    0.0000005  -0.00000374
 433    0.0000003  -0.00000279
 434    0.0000007  -0.00000316
 435    0.0000006  -0.00000273
 436    0.0000006  -0.00000329
 437    0.0000006  -0.00000302
 438    0.0000005  -0.00000283
 439    0.0000006  -0.00000549
 440    0.0000005  -0.00000568
 441    0.0000004  -0.00000479
 442    0.0000005  -0.00000460
 443    0.0000003  -0.00000466
 444    0.0000005  -0.00000280
 445    0.0000000  -0.00000033
 446    0.0000000  -0.00000033
 447    0.0000000  -0.00000033
 448    0.0000000  -0.00000036
 449    0.0000000  -0.00000034
 450    0.0000000  -0.00000033
 451    0.0000003  -0.00000488
 452    0.0000004  -0.00000394
 453    0.0000003  -0.00000380
 454    0.0000003  -0.00000368
 455    0.0000002  -0.00000204
 456    0.0000003  -0.00000235
 457    0.0000004  -0.00000289
 458    0.0000007  -0.00000470
 459    0.0000005  -0.00000299
 460    0.0000007  -0.00000307
 461    0.0000004  -0.00000420
 462    0.0000005  -0.00000407
 463    0.0000003  -0.00000270
 464    0.0000006  -0.00000316
 465    0.0000005  -0.00000247
 466    0.0000005  -0.00000256
 467    0.0000005  -0.00000118
 468    0.0000004  -0.00000133
 469    0.0000005  -0.00000146
 470    0.0000004  -0.00000329
 471    0.0000004  -0.00000390
 472    0.0000004  -0.00000140
 473    0.0000003  -0.00000443
 474    0.0000005  -0.00000499
 475    0.0000000  -0.00000033
 476    0.0000000  -0.00000032
 477    0.0000000  -0.00000033
 478    0.0000000  -0.00000044
 479    0.0000000  -0.00000033
 480    0.0000000  -0.00000032
 481    0.0000003  -0.00000293
 482    0.0000004  -0.00000174
 483    0.0000003  -0.00000135
 484    0.0000003  -0.00000200
 485    0.0000001  -0.00000265
 486    0.0000003  -0.00000359
 487    0.0000003  -0.00000354
 488    0.0000005  -0.00000312
 489    0.0000004  -0.00000405
 490    0.0000006  -0.00000343
 491    0.0000003  -0.00000310
 492    0.0000004  -0.00000323
 493    0.0000003  -0.00000259
 494    0.0000005  -0.00000250
 495    0.0000005  -0.00000382
 496    0.0000004  -0.00000301
 497    0.0000005  -0.00000304
 498    0.0000004  -0.00000302
 499    0.0000004  -0.00000239
 500    0.0000004  -0.00000114
 501    0.0000004  -0.00000139
 502    0.0000004  -0.00000365
 503    0.0000002  -0.00000237
 504    0.0000004  -0.00000373
 505    0.0000000  -0.00000039
 506    0.0000000  -0.00000033
 507    0.0000000  -0.00000039
 508    0.0000000  -0.00000032
 509    0.0000000  -0.00000035
 510    0.0000000  -0.00000025
 
----------------
 Final Energies 
----------------
Final NOF Total Energy =    -599.8688748
 
Total Orbital Internal Iterations = 10
Total Occupation Internal Iterations = 54
 
Elapsed time:  131.12 Seconds

---------------------------------
   Lowdin Population Analysis    
---------------------------------
 Idx  Atom   Population   Charge 
---------------------------------
  1     H     1.559      -0.559
  2     H     1.559      -0.559
  3     H     1.559      -0.559
  4     H     1.559      -0.559
  5     H     1.559      -0.559
  6     H     1.559      -0.559
  7     F     8.441       0.559
  8     F     8.441       0.559
  9     F     8.441       0.559
 10     F     8.441       0.559
 11     F     8.441       0.559
 12     F     8.441       0.559

---------------------------------
   M Diagnostic: 0.02
---------------------------------

