Computing Integrals
Basis Set                                            = def2-qzvp
Auxiliary Basis Set                                  = def2-universal-jkfit
Gaussian Type                                        = Spherical
Elapsed time:    7.83 Seconds

Number of basis functions                   (NBF)    = 528
Number of auxiliary basis functions         (NBFAUX) = 484
Inactive Doubly occupied orbitals up to     (NO1)    = 0
No. considered Strongly Doubly occupied MOs (NDOC)   = 18
No. considered Strongly Singly occupied MOs (NSOC)   = 0
NO. of Weakly occ. per St. Doubly occ.  MOs (NCWO)   = 28
Dimension of the Nat. Orb. subspace         (NBF5)   = 522
No. of electrons                                     = 36
    No. of alpha electrons                           = 18
    No. of beta electrons                            = 18
Multiplicity                                         = 1

Geometry
========
 N      -1.4539341       0.1999443      -0.7577151
 H      -0.6253384      -0.3849092      -0.8080572
 H      -2.1157617      -0.1897152      -1.4159521
 C      -2.0139516       0.1204265       0.5896630
 H      -2.9080305       0.7382727       0.6508839
 H      -2.2780383      -0.8868157       0.9271686
 H      -1.2955683       0.5277029       1.2988037
 N       1.5836007      -0.7264932      -0.6052391
 H       1.8798694      -0.4519555      -1.5332243
 H       2.2071504      -1.4741835      -0.3300442
 C       1.7438307       0.4087174       0.3084362
 H       1.4736404       0.0940216       1.3140894
 H       2.7512410       0.8304940       0.3454080
 H       1.0512903       1.1944929       0.0157790

No violations of the orthonormality
No violations of the orthonormality
 
PNOF7/ADABelief Calculation
==================
 
  Nitext  Nit_orb  Time   Nit_occ  Time         Eelec          Etot           Ediff      maxdiff    MaxGrad_orb  Grad_occ
     1      10    4.6e+01   84    8.2e+01  -322.01566804  -190.29876009 -10321.01566804   0.000497   2.0e-03   2.6e-04 0.03
 
RESULTS OF THE OCCUPATION OPTIMIZATION
========================================
   1    1.9996936  -15.53350488
   2    1.9996935  -15.50752643
   3    1.9995644  -11.22328065
   4    1.9995621  -11.21064850
   5    1.9756937  -0.78283568
   6    1.9756440  -0.78264045
   7    1.9700749  -0.77108656
   8    1.9779579  -0.76451253
   9    1.9757946  -0.76244605
  10    1.9704495  -0.75223964
  11    1.9765928  -0.67268585
  12    1.9763861  -0.67173726
  13    1.9766511  -0.66954016
  14    1.9765133  -0.65806477
  15    1.9764161  -0.65761652
  16    1.9766132  -0.65726340
  17    1.9829074  -0.58722286
  18    1.9810641  -0.54146264
  19    0.0186128  -0.01287768
  20    0.0166803  -0.01228693
  21    0.0231382  -0.01674500
  22    0.0232208  -0.01679422
  23    0.0232396  -0.01674129
  24    0.0229690  -0.01675851
  25    0.0232677  -0.01695443
  26    0.0231538  -0.01688286
  27    0.0293315  -0.02248304
  28    0.0239360  -0.01947014
  29    0.0217860  -0.01824687
  30    0.0296999  -0.02295851
  31    0.0241372  -0.01984277
  32    0.0241161  -0.01985006
  33    0.0004379  -0.00827797
  34    0.0004356  -0.00826889
  35    0.0003065  -0.00801545
  36    0.0003064  -0.00802437
  37    0.0001337  -0.00019672
  38    0.0002485  -0.00038370
  39    0.0000611  -0.00010494
  40    0.0001667  -0.00024075
  41    0.0000928  -0.00017358
  42    0.0002153  -0.00035324
  43    0.0001377  -0.00021799
  44    0.0000649  -0.00012150
  45    0.0000737  -0.00014905
  46    0.0001200  -0.00021533
  47    0.0000637  -0.00013190
  48    0.0000679  -0.00013841
  49    0.0000700  -0.00013391
  50    0.0000522  -0.00010025
  51    0.0000000  -0.00000027
  52    0.0000000  -0.00000029
  53    0.0000000  -0.00000024
  54    0.0000000  -0.00000019
  55    0.0000517  -0.00009750
  56    0.0000367  -0.00009676
  57    0.0000587  -0.00010885
  58    0.0000435  -0.00007328
  59    0.0000282  -0.00006247
  60    0.0000337  -0.00006827
  61    0.0000552  -0.00010783
  62    0.0000617  -0.00012037
  63    0.0000310  -0.00006387
  64    0.0000329  -0.00008438
  65    0.0000479  -0.00010845
  66    0.0000342  -0.00006150
  67    0.0000436  -0.00008143
  68    0.0000348  -0.00006492
  69    0.0000000  -0.00000019
  70    0.0000000  -0.00000017
  71    0.0000000  -0.00000027
  72    0.0000000  -0.00000018
  73    0.0000317  -0.00006189
  74    0.0000280  -0.00004753
  75    0.0000294  -0.00005768
  76    0.0000396  -0.00008933
  77    0.0000279  -0.00005593
  78    0.0000232  -0.00005485
  79    0.0000452  -0.00009153
  80    0.0000310  -0.00005981
  81    0.0000227  -0.00004291
  82    0.0000299  -0.00007652
  83    0.0000426  -0.00007948
  84    0.0000337  -0.00007071
  85    0.0000291  -0.00005898
  86    0.0000283  -0.00005669
  87    0.0000000  -0.00000019
  88    0.0000000  -0.00000019
  89    0.0000000  -0.00000020
  90    0.0000000  -0.00000019
  91    0.0000237  -0.00004665
  92    0.0000257  -0.00009196
  93    0.0000276  -0.00005740
  94    0.0000377  -0.00007178
  95    0.0000264  -0.00005417
  96    0.0000220  -0.00004906
  97    0.0000309  -0.00005953
  98    0.0000269  -0.00005831
  99    0.0000183  -0.00003879
 100    0.0000198  -0.00004478
 101    0.0000273  -0.00005268
 102    0.0000322  -0.00006363
 103    0.0000157  -0.00003610
 104    0.0000169  -0.00003828
 105    0.0000000  -0.00000012
 106    0.0000000  -0.00000013
 107    0.0000000  -0.00000015
 108    0.0000000  -0.00000023
 109    0.0000237  -0.00004427
 110    0.0000215  -0.00004206
 111    0.0000204  -0.00004391
 112    0.0000160  -0.00003199
 113    0.0000177  -0.00004177
 114    0.0000219  -0.00005218
 115    0.0000180  -0.00003628
 116    0.0000151  -0.00003397
 117    0.0000177  -0.00003688
 118    0.0000178  -0.00003926
 119    0.0000214  -0.00004243
 120    0.0000126  -0.00002954
 121    0.0000140  -0.00003272
 122    0.0000117  -0.00002775
 123    0.0000000  -0.00000013
 124    0.0000000  -0.00000012
 125    0.0000000  -0.00000011
 126    0.0000000  -0.00000013
 127    0.0000156  -0.00003302
 128    0.0000105  -0.00002503
 129    0.0000100  -0.00002477
 130    0.0000113  -0.00002511
 131    0.0000140  -0.00003251
 132    0.0000188  -0.00004144
 133    0.0000103  -0.00002397
 134    0.0000108  -0.00002755
 135    0.0000138  -0.00003009
 136    0.0000081  -0.00002158
 137    0.0000099  -0.00002401
 138    0.0000079  -0.00002159
 139    0.0000085  -0.00002259
 140    0.0000089  -0.00002267
 141    0.0000000  -0.00000014
 142    0.0000000  -0.00000017
 143    0.0000000  -0.00000009
 144    0.0000000  -0.00000013
 145    0.0000080  -0.00001891
 146    0.0000104  -0.00002518
 147    0.0000083  -0.00002137
 148    0.0000092  -0.00002099
 149    0.0000069  -0.00001867
 150    0.0000089  -0.00002229
 151    0.0000077  -0.00001876
 152    0.0000076  -0.00001988
 153    0.0000062  -0.00001629
 154    0.0000077  -0.00002136
 155    0.0000070  -0.00001789
 156    0.0000054  -0.00001476
 157    0.0000058  -0.00001586
 158    0.0000061  -0.00001668
 159    0.0000000  -0.00000010
 160    0.0000000  -0.00000010
 161    0.0000000  -0.00000013
 162    0.0000000  -0.00000009
 163    0.0000047  -0.00001243
 164    0.0000052  -0.00001490
 165    0.0000047  -0.00001231
 166    0.0000073  -0.00001756
 167    0.0000053  -0.00001433
 168    0.0000071  -0.00001866
 169    0.0000067  -0.00001637
 170    0.0000054  -0.00001443
 171    0.0000053  -0.00001378
 172    0.0000060  -0.00001638
 173    0.0000060  -0.00001518
 174    0.0000053  -0.00001427
 175    0.0000051  -0.00001407
 176    0.0000058  -0.00001624
 177    0.0000000  -0.00000010
 178    0.0000000  -0.00000009
 179    0.0000000  -0.00000009
 180    0.0000000  -0.00000008
 181    0.0000042  -0.00001093
 182    0.0000045  -0.00001273
 183    0.0000043  -0.00001216
 184    0.0000046  -0.00001177
 185    0.0000044  -0.00001275
 186    0.0000063  -0.00001657
 187    0.0000067  -0.00001659
 188    0.0000044  -0.00001260
 189    0.0000050  -0.00001282
 190    0.0000047  -0.00001400
 191    0.0000054  -0.00001461
 192    0.0000042  -0.00001164
 193    0.0000043  -0.00001219
 194    0.0000035  -0.00000993
 195    0.0000000  -0.00000009
 196    0.0000000  -0.00000009
 197    0.0000000  -0.00000006
 198    0.0000000  -0.00000010
 199    0.0000041  -0.00000966
 200    0.0000034  -0.00000969
 201    0.0000035  -0.00000971
 202    0.0000046  -0.00001126
 203    0.0000039  -0.00001084
 204    0.0000034  -0.00000946
 205    0.0000047  -0.00001190
 206    0.0000041  -0.00001139
 207    0.0000039  -0.00001052
 208    0.0000041  -0.00001183
 209    0.0000032  -0.00000951
 210    0.0000026  -0.00000750
 211    0.0000033  -0.00000873
 212    0.0000028  -0.00000717
 213    0.0000000  -0.00000006
 214    0.0000000  -0.00000007
 215    0.0000000  -0.00000008
 216    0.0000000  -0.00000007
 217    0.0000033  -0.00000879
 218    0.0000026  -0.00000735
 219    0.0000030  -0.00000889
 220    0.0000038  -0.00000952
 221    0.0000030  -0.00000821
 222    0.0000031  -0.00000845
 223    0.0000045  -0.00001121
 224    0.0000033  -0.00000946
 225    0.0000036  -0.00001007
 226    0.0000028  -0.00000793
 227    0.0000029  -0.00000741
 228    0.0000025  -0.00000728
 229    0.0000026  -0.00000748
 230    0.0000028  -0.00000738
 231    0.0000000  -0.00000008
 232    0.0000000  -0.00000008
 233    0.0000000  -0.00000008
 234    0.0000000  -0.00000007
 235    0.0000026  -0.00000699
 236    0.0000026  -0.00000778
 237    0.0000028  -0.00000723
 238    0.0000024  -0.00000637
 239    0.0000027  -0.00000806
 240    0.0000024  -0.00000671
 241    0.0000037  -0.00001063
 242    0.0000031  -0.00000874
 243    0.0000025  -0.00000683
 244    0.0000019  -0.00000548
 245    0.0000028  -0.00000731
 246    0.0000025  -0.00000656
 247    0.0000023  -0.00000658
 248    0.0000025  -0.00000749
 249    0.0000000  -0.00000006
 250    0.0000000  -0.00000008
 251    0.0000000  -0.00000008
 252    0.0000000  -0.00000007
 253    0.0000023  -0.00000653
 254    0.0000020  -0.00000650
 255    0.0000025  -0.00000774
 256    0.0000023  -0.00000596
 257    0.0000022  -0.00000655
 258    0.0000022  -0.00000588
 259    0.0000026  -0.00000703
 260    0.0000023  -0.00000644
 261    0.0000022  -0.00000642
 262    0.0000019  -0.00000544
 263    0.0000025  -0.00000684
 264    0.0000023  -0.00000551
 265    0.0000021  -0.00000618
 266    0.0000019  -0.00000591
 267    0.0000000  -0.00000006
 268    0.0000000  -0.00000007
 269    0.0000000  -0.00000006
 270    0.0000000  -0.00000006
 271    0.0000023  -0.00000615
 272    0.0000018  -0.00000605
 273    0.0000023  -0.00000679
 274    0.0000022  -0.00000514
 275    0.0000020  -0.00000543
 276    0.0000017  -0.00000468
 277    0.0000021  -0.00000596
 278    0.0000018  -0.00000491
 279    0.0000022  -0.00000561
 280    0.0000018  -0.00000598
 281    0.0000017  -0.00000460
 282    0.0000019  -0.00000783
 283    0.0000016  -0.00000473
 284    0.0000018  -0.00000456
 285    0.0000000  -0.00000009
 286    0.0000000  -0.00000007
 287    0.0000000  -0.00000007
 288    0.0000000  -0.00000007
 289    0.0000018  -0.00000580
 290    0.0000011  -0.00000472
 291    0.0000017  -0.00000645
 292    0.0000014  -0.00000365
 293    0.0000014  -0.00000407
 294    0.0000016  -0.00000450
 295    0.0000014  -0.00000366
 296    0.0000015  -0.00000476
 297    0.0000015  -0.00000397
 298    0.0000014  -0.00000478
 299    0.0000014  -0.00000418
 300    0.0000015  -0.00000406
 301    0.0000015  -0.00000544
 302    0.0000013  -0.00000452
 303    0.0000000  -0.00000007
 304    0.0000000  -0.00000006
 305    0.0000000  -0.00000007
 306    0.0000000  -0.00000007
 307    0.0000017  -0.00000683
 308    0.0000011  -0.00000355
 309    0.0000012  -0.00000430
 310    0.0000014  -0.00000673
 311    0.0000011  -0.00000432
 312    0.0000011  -0.00000404
 313    0.0000012  -0.00000379
 314    0.0000011  -0.00000359
 315    0.0000012  -0.00000441
 316    0.0000012  -0.00000479
 317    0.0000013  -0.00000411
 318    0.0000013  -0.00000492
 319    0.0000012  -0.00000429
 320    0.0000012  -0.00000345
 321    0.0000000  -0.00000008
 322    0.0000000  -0.00000007
 323    0.0000000  -0.00000005
 324    0.0000000  -0.00000005
 325    0.0000014  -0.00000590
 326    0.0000010  -0.00000441
 327    0.0000010  -0.00000296
 328    0.0000012  -0.00000376
 329    0.0000010  -0.00000386
 330    0.0000009  -0.00000258
 331    0.0000010  -0.00000268
 332    0.0000010  -0.00000597
 333    0.0000011  -0.00000328
 334    0.0000010  -0.00000451
 335    0.0000012  -0.00000505
 336    0.0000011  -0.00000418
 337    0.0000010  -0.00000369
 338    0.0000011  -0.00000387
 339    0.0000000  -0.00000006
 340    0.0000000  -0.00000005
 341    0.0000000  -0.00000006
 342    0.0000000  -0.00000007
 343    0.0000011  -0.00000333
 344    0.0000009  -0.00000323
 345    0.0000008  -0.00000168
 346    0.0000012  -0.00000361
 347    0.0000010  -0.00000277
 348    0.0000009  -0.00000321
 349    0.0000009  -0.00000216
 350    0.0000010  -0.00000369
 351    0.0000011  -0.00000349
 352    0.0000009  -0.00000386
 353    0.0000012  -0.00000441
 354    0.0000008  -0.00000202
 355    0.0000010  -0.00000333
 356    0.0000008  -0.00000279
 357    0.0000000  -0.00000005
 358    0.0000000  -0.00000004
 359    0.0000000  -0.00000005
 360    0.0000000  -0.00000006
 361    0.0000008  -0.00000262
 362    0.0000007  -0.00000202
 363    0.0000008  -0.00000174
 364    0.0000010  -0.00000277
 365    0.0000007  -0.00000158
 366    0.0000008  -0.00000312
 367    0.0000008  -0.00000162
 368    0.0000010  -0.00000336
 369    0.0000009  -0.00000233
 370    0.0000008  -0.00000235
 371    0.0000010  -0.00000298
 372    0.0000007  -0.00000083
 373    0.0000009  -0.00000314
 374    0.0000008  -0.00000198
 375    0.0000000  -0.00000004
 376    0.0000000  -0.00000007
 377    0.0000000  -0.00000006
 378    0.0000000  -0.00000006
 379    0.0000007  -0.00000167
 380    0.0000006  -0.00000161
 381    0.0000007  -0.00000205
 382    0.0000009  -0.00000247
 383    0.0000006  -0.00000105
 384    0.0000007  -0.00000228
 385    0.0000008  -0.00000129
 386    0.0000008  -0.00000223
 387    0.0000008  -0.00000213
 388    0.0000007  -0.00000168
 389    0.0000009  -0.00000220
 390    0.0000007  -0.00000117
 391    0.0000008  -0.00000234
 392    0.0000008  -0.00000497
 393    0.0000000  -0.00000005
 394    0.0000000  -0.00000005
 395    0.0000000  -0.00000005
 396    0.0000000  -0.00000005
 397    0.0000007  -0.00000092
 398    0.0000005  -0.00000060
 399    0.0000007  -0.00000143
 400    0.0000008  -0.00000227
 401    0.0000006  -0.00000221
 402    0.0000007  -0.00000181
 403    0.0000007  -0.00000165
 404    0.0000007  -0.00000190
 405    0.0000008  -0.00000169
 406    0.0000007  -0.00000208
 407    0.0000008  -0.00000198
 408    0.0000006  -0.00000109
 409    0.0000008  -0.00000224
 410    0.0000007  -0.00000160
 411    0.0000000  -0.00000005
 412    0.0000000  -0.00000004
 413    0.0000000  -0.00000004
 414    0.0000000  -0.00000006
 415    0.0000007  -0.00000151
 416    0.0000005  -0.00000116
 417    0.0000006  -0.00000143
 418    0.0000008  -0.00000165
 419    0.0000006  -0.00000132
 420    0.0000007  -0.00000166
 421    0.0000007  -0.00000104
 422    0.0000007  -0.00000157
 423    0.0000007  -0.00000085
 424    0.0000006  -0.00000121
 425    0.0000008  -0.00000513
 426    0.0000006  -0.00000101
 427    0.0000007  -0.00000157
 428    0.0000007  -0.00000166
 429    0.0000000  -0.00000004
 430    0.0000000  -0.00000004
 431    0.0000000  -0.00000005
 432    0.0000000  -0.00000007
 433    0.0000006  -0.00000075
 434    0.0000005  -0.00000063
 435    0.0000006  -0.00000073
 436    0.0000008  -0.00000075
 437    0.0000006  -0.00000117
 438    0.0000006  -0.00000091
 439    0.0000006  -0.00000082
 440    0.0000007  -0.00000211
 441    0.0000006  -0.00000043
 442    0.0000006  -0.00000143
 443    0.0000007  -0.00000209
 444    0.0000006  -0.00000105
 445    0.0000006  -0.00000053
 446    0.0000007  -0.00000100
 447    0.0000000  -0.00000004
 448    0.0000000  -0.00000004
 449    0.0000000  -0.00000004
 450    0.0000000  -0.00000004
 451    0.0000006  -0.00000098
 452    0.0000005  -0.00000076
 453    0.0000006  -0.00000055
 454    0.0000007  -0.00000117
 455    0.0000006  -0.00000094
 456    0.0000006  -0.00000086
 457    0.0000006  -0.00000095
 458    0.0000007  -0.00000144
 459    0.0000006  -0.00000080
 460    0.0000006  -0.00000134
 461    0.0000006  -0.00000071
 462    0.0000006  -0.00000082
 463    0.0000006  -0.00000096
 464    0.0000006  -0.00000043
 465    0.0000000  -0.00000005
 466    0.0000000  -0.00000004
 467    0.0000000  -0.00000004
 468    0.0000000  -0.00000004
 469    0.0000005  -0.00000093
 470    0.0000005  -0.00000163
 471    0.0000005  -0.00000069
 472    0.0000007  -0.00000097
 473    0.0000006  -0.00000061
 474    0.0000005  -0.00000067
 475    0.0000006  -0.00000131
 476    0.0000006  -0.00000125
 477    0.0000006  -0.00000102
 478    0.0000006  -0.00000126
 479    0.0000006  -0.00000066
 480    0.0000005  -0.00000048
 481    0.0000006  -0.00000103
 482    0.0000006  -0.00000056
 483    0.0000000  -0.00000004
 484    0.0000000  -0.00000004
 485    0.0000000  -0.00000003
 486    0.0000000  -0.00000004
 487    0.0000005  -0.00000068
 488    0.0000004  -0.00000061
 489    0.0000005  -0.00000076
 490    0.0000005  -0.00000010
 491    0.0000005  -0.00000071
 492    0.0000005  -0.00000068
 493    0.0000006  -0.00000106
 494    0.0000006  -0.00000081
 495    0.0000005  -0.00000015
 496    0.0000005  -0.00000059
 497    0.0000006  -0.00000065
 498    0.0000005  -0.00000036
 499    0.0000005  -0.00000041
 500    0.0000005  -0.00000044
 501    0.0000000  -0.00000003
 502    0.0000000  -0.00000003
 503    0.0000000  -0.00000005
 504    0.0000000  -0.00000004
 505    0.0000004  -0.00000017
 506    0.0000004  -0.00000069
 507    0.0000005  -0.00000062
 508    0.0000004  -0.00000010
 509    0.0000004  -0.00000011
 510    0.0000004  -0.00000045
 511    0.0000005  -0.00000085
 512    0.0000004  -0.00000033
 513    0.0000004  -0.00000031
 514    0.0000004  -0.00000045
 515    0.0000005  -0.00000036
 516    0.0000005  -0.00000108
 517    0.0000004  -0.00000073
 518    0.0000005  -0.00000015
 519    0.0000000  -0.00000004
 520    0.0000000  -0.00000004
 521    0.0000000  -0.00000011
 522    0.0000000  -0.00000010
 
----------------
 Final Energies 
----------------
Final NOF Total Energy =    -190.2987601
 
Total Orbital Internal Iterations = 10
Total Occupation Internal Iterations = 84
 
Elapsed time:  152.10 Seconds

---------------------------------
   Lowdin Population Analysis    
---------------------------------
 Idx  Atom   Population   Charge 
---------------------------------
  1     N     6.490       0.510
  2     H     1.212      -0.212
  3     H     1.200      -0.200
  4     C     5.901       0.099
  5     H     1.076      -0.076
  6     H     1.084      -0.084
  7     H     1.075      -0.075
  8     N     6.463       0.537
  9     H     1.191      -0.191
 10     H     1.195      -0.195
 11     C     5.886       0.114
 12     H     1.074      -0.074
 13     H     1.084      -0.084
 14     H     1.070      -0.070

---------------------------------
   M Diagnostic: 0.03
---------------------------------

