Computing Integrals
Basis Set                                            = def2-qzvp
Auxiliary Basis Set                                  = def2-universal-jkfit
Gaussian Type                                        = Spherical
Elapsed time:   15.05 Seconds

Number of basis functions                   (NBF)    = 522
Number of auxiliary basis functions         (NBFAUX) = 562
Inactive Doubly occupied orbitals up to     (NO1)    = 0
No. considered Strongly Doubly occupied MOs (NDOC)   = 22
No. considered Strongly Singly occupied MOs (NSOC)   = 0
NO. of Weakly occ. per St. Doubly occ.  MOs (NCWO)   = 22
Dimension of the Nat. Orb. subspace         (NBF5)   = 506
No. of electrons                                     = 44
    No. of alpha electrons                           = 22
    No. of beta electrons                            = 22
Multiplicity                                         = 1

Geometry
========
 C      -0.8091684      -1.6261509       0.0000000
 N      -1.6578875      -0.5651124       0.0000000
 C      -0.8894537       0.5726724       0.0000000
 C       0.4145516       0.1382977       0.0000000
 N       0.4494608      -1.2375817       0.0000000
 C       1.6639361       0.9487679       0.0000000
 H      -2.6609377      -0.6065884       0.0000000
 H      -1.3208577       1.5568000       0.0000000
 H      -1.1568107      -2.6442826       0.0000000
 H       2.2659378       0.7255635       0.8783136
 H       2.2659378       0.7255635      -0.8783136
 H       1.4352916       2.0120509       0.0000000

No violations of the orthonormality
No violations of the orthonormality
 
PNOF7/ADABelief Calculation
==================
 
  Nitext  Nit_orb  Time   Nit_occ  Time         Eelec          Etot           Ediff      maxdiff    MaxGrad_orb  Grad_occ
     1      10    5.3e+01  127    8.4e+01  -488.36547791  -263.69673157 -10487.36547791   0.000519   2.1e-03   2.5e-04 0.16
 
RESULTS OF THE OCCUPATION OPTIMIZATION
========================================
   1    1.9996814  -15.58644717
   2    1.9996858  -15.52833460
   3    1.9995375  -11.26548715
   4    1.9995379  -11.22814218
   5    1.9995303  -11.21917663
   6    1.9995505  -11.19629505
   7    1.9798645  -0.94755938
   8    1.9806251  -0.94315726
   9    1.9790535  -0.91359371
  10    1.9779230  -0.87009374
  11    1.9744948  -0.86648261
  12    1.9815904  -0.85000456
  13    1.9765352  -0.73405434
  14    1.9739941  -0.73399314
  15    1.9762240  -0.72109154
  16    1.9769043  -0.66384926
  17    1.9770554  -0.66371345
  18    1.9768543  -0.66272236
  19    1.9805514  -0.59817013
  20    1.9819255  -0.59775312
  21    1.8559179  -0.42972273
  22    1.8383008  -0.36250072
  23    0.1614617  -0.04617311
  24    0.1437421  -0.04960457
  25    0.0176885  -0.00943778
  26    0.0191910  -0.01305008
  27    0.0229407  -0.01654699
  28    0.0227430  -0.01635426
  29    0.0228912  -0.01638085
  30    0.0235770  -0.01736496
  31    0.0257761  -0.01901016
  32    0.0232769  -0.01750610
  33    0.0182030  -0.01545022
  34    0.0252268  -0.02154298
  35    0.0218756  -0.01921631
  36    0.0206535  -0.01903658
  37    0.0191473  -0.01824587
  38    0.0199312  -0.01888598
  39    0.0004309  -0.00820602
  40    0.0004514  -0.00845041
  41    0.0004473  -0.00842493
  42    0.0004458  -0.00841934
  43    0.0003046  -0.00797979
  44    0.0003090  -0.00807811
  45    0.0000750  -0.00012927
  46    0.0001593  -0.00024614
  47    0.0001358  -0.00020934
  48    0.0000857  -0.00013375
  49    0.0000846  -0.00017640
  50    0.0000515  -0.00011344
  51    0.0000416  -0.00009976
  52    0.0000688  -0.00015118
  53    0.0000869  -0.00019078
  54    0.0000790  -0.00017590
  55    0.0000667  -0.00015886
  56    0.0001376  -0.00027184
  57    0.0000738  -0.00015778
  58    0.0001380  -0.00027783
  59    0.0001066  -0.00023230
  60    0.0000659  -0.00015604
  61    0.0000066  -0.00008430
  62    0.0000052  -0.00007280
  63    0.0000023  -0.00003860
  64    0.0000032  -0.00004800
  65    0.0000010  -0.00002410
  66    0.0000019  -0.00004413
  67    0.0000424  -0.00008617
  68    0.0000491  -0.00010575
  69    0.0001135  -0.00018777
  70    0.0000426  -0.00008682
  71    0.0000236  -0.00007343
  72    0.0000390  -0.00009905
  73    0.0000414  -0.00010383
  74    0.0000228  -0.00005694
  75    0.0000399  -0.00011647
  76    0.0000185  -0.00005716
  77    0.0000405  -0.00011279
  78    0.0000359  -0.00010683
  79    0.0000256  -0.00007218
  80    0.0000380  -0.00011734
  81    0.0000254  -0.00006016
  82    0.0000370  -0.00010483
  83    0.0000014  -0.00002332
  84    0.0000018  -0.00002787
  85    0.0000014  -0.00002481
  86    0.0000017  -0.00002699
  87    0.0000010  -0.00002099
  88    0.0000008  -0.00001922
  89    0.0000283  -0.00005147
  90    0.0000381  -0.00007726
  91    0.0000323  -0.00008454
  92    0.0000409  -0.00008956
  93    0.0000211  -0.00006631
  94    0.0000248  -0.00005118
  95    0.0000271  -0.00006354
  96    0.0000207  -0.00005509
  97    0.0000257  -0.00007893
  98    0.0000168  -0.00005092
  99    0.0000229  -0.00006076
 100    0.0000255  -0.00006480
 101    0.0000221  -0.00005320
 102    0.0000312  -0.00006964
 103    0.0000234  -0.00008714
 104    0.0000304  -0.00009510
 105    0.0000011  -0.00001679
 106    0.0000011  -0.00001614
 107    0.0000013  -0.00002090
 108    0.0000015  -0.00002340
 109    0.0000009  -0.00001876
 110    0.0000007  -0.00001511
 111    0.0000266  -0.00005655
 112    0.0000301  -0.00004789
 113    0.0000288  -0.00004918
 114    0.0000256  -0.00005509
 115    0.0000160  -0.00003936
 116    0.0000199  -0.00003705
 117    0.0000245  -0.00006335
 118    0.0000200  -0.00005165
 119    0.0000186  -0.00004131
 120    0.0000127  -0.00003579
 121    0.0000207  -0.00005441
 122    0.0000193  -0.00004466
 123    0.0000167  -0.00004738
 124    0.0000202  -0.00004385
 125    0.0000192  -0.00005152
 126    0.0000263  -0.00007618
 127    0.0000010  -0.00001637
 128    0.0000010  -0.00001447
 129    0.0000011  -0.00001730
 130    0.0000014  -0.00002281
 131    0.0000008  -0.00001713
 132    0.0000006  -0.00001390
 133    0.0000160  -0.00003026
 134    0.0000187  -0.00003221
 135    0.0000179  -0.00003492
 136    0.0000128  -0.00002743
 137    0.0000133  -0.00003470
 138    0.0000157  -0.00003291
 139    0.0000234  -0.00005755
 140    0.0000141  -0.00003511
 141    0.0000151  -0.00003313
 142    0.0000120  -0.00003212
 143    0.0000163  -0.00003959
 144    0.0000181  -0.00004017
 145    0.0000124  -0.00003091
 146    0.0000181  -0.00003790
 147    0.0000103  -0.00002491
 148    0.0000181  -0.00004232
 149    0.0000008  -0.00001069
 150    0.0000008  -0.00000973
 151    0.0000009  -0.00001263
 152    0.0000012  -0.00001885
 153    0.0000005  -0.00000831
 154    0.0000004  -0.00000820
 155    0.0000151  -0.00003192
 156    0.0000150  -0.00002936
 157    0.0000173  -0.00003397
 158    0.0000090  -0.00002259
 159    0.0000119  -0.00003088
 160    0.0000083  -0.00002017
 161    0.0000090  -0.00002428
 162    0.0000129  -0.00003220
 163    0.0000115  -0.00002943
 164    0.0000098  -0.00002607
 165    0.0000102  -0.00002921
 166    0.0000103  -0.00002515
 167    0.0000106  -0.00002632
 168    0.0000131  -0.00002963
 169    0.0000089  -0.00002444
 170    0.0000053  -0.00001834
 171    0.0000007  -0.00000993
 172    0.0000007  -0.00000929
 173    0.0000008  -0.00001090
 174    0.0000007  -0.00000954
 175    0.0000004  -0.00000745
 176    0.0000004  -0.00000722
 177    0.0000077  -0.00001881
 178    0.0000052  -0.00001398
 179    0.0000090  -0.00002182
 180    0.0000090  -0.00002165
 181    0.0000070  -0.00002138
 182    0.0000075  -0.00001940
 183    0.0000063  -0.00001805
 184    0.0000085  -0.00002414
 185    0.0000063  -0.00001823
 186    0.0000088  -0.00002559
 187    0.0000069  -0.00002129
 188    0.0000061  -0.00001854
 189    0.0000077  -0.00002263
 190    0.0000073  -0.00002113
 191    0.0000073  -0.00002144
 192    0.0000034  -0.00001397
 193    0.0000007  -0.00000908
 194    0.0000007  -0.00000851
 195    0.0000007  -0.00000974
 196    0.0000007  -0.00000870
 197    0.0000004  -0.00000734
 198    0.0000004  -0.00000690
 199    0.0000046  -0.00001305
 200    0.0000047  -0.00001470
 201    0.0000063  -0.00001352
 202    0.0000069  -0.00001838
 203    0.0000049  -0.00001563
 204    0.0000057  -0.00001573
 205    0.0000060  -0.00001773
 206    0.0000082  -0.00002269
 207    0.0000054  -0.00001515
 208    0.0000062  -0.00001876
 209    0.0000053  -0.00001471
 210    0.0000044  -0.00001348
 211    0.0000063  -0.00001836
 212    0.0000043  -0.00001384
 213    0.0000058  -0.00001780
 214    0.0000032  -0.00001280
 215    0.0000006  -0.00000639
 216    0.0000007  -0.00000808
 217    0.0000006  -0.00000762
 218    0.0000006  -0.00000699
 219    0.0000004  -0.00000728
 220    0.0000004  -0.00000524
 221    0.0000042  -0.00001165
 222    0.0000038  -0.00001124
 223    0.0000047  -0.00001295
 224    0.0000059  -0.00001616
 225    0.0000038  -0.00001270
 226    0.0000053  -0.00001373
 227    0.0000055  -0.00001705
 228    0.0000047  -0.00001421
 229    0.0000032  -0.00001123
 230    0.0000052  -0.00001668
 231    0.0000032  -0.00001190
 232    0.0000042  -0.00001267
 233    0.0000053  -0.00001556
 234    0.0000042  -0.00001273
 235    0.0000033  -0.00001108
 236    0.0000025  -0.00000991
 237    0.0000006  -0.00000622
 238    0.0000007  -0.00000776
 239    0.0000006  -0.00000691
 240    0.0000006  -0.00000615
 241    0.0000004  -0.00000734
 242    0.0000004  -0.00000461
 243    0.0000031  -0.00000838
 244    0.0000030  -0.00000896
 245    0.0000041  -0.00000945
 246    0.0000031  -0.00001481
 247    0.0000033  -0.00001049
 248    0.0000048  -0.00001254
 249    0.0000032  -0.00001145
 250    0.0000046  -0.00001500
 251    0.0000031  -0.00000933
 252    0.0000044  -0.00001336
 253    0.0000031  -0.00001085
 254    0.0000032  -0.00001158
 255    0.0000045  -0.00001288
 256    0.0000035  -0.00001146
 257    0.0000030  -0.00000935
 258    0.0000022  -0.00000899
 259    0.0000005  -0.00000645
 260    0.0000006  -0.00000675
 261    0.0000006  -0.00000569
 262    0.0000005  -0.00000515
 263    0.0000004  -0.00000569
 264    0.0000003  -0.00000481
 265    0.0000029  -0.00000836
 266    0.0000029  -0.00000782
 267    0.0000035  -0.00000984
 268    0.0000029  -0.00000768
 269    0.0000032  -0.00001277
 270    0.0000039  -0.00001158
 271    0.0000029  -0.00000968
 272    0.0000028  -0.00001058
 273    0.0000027  -0.00001095
 274    0.0000030  -0.00001028
 275    0.0000024  -0.00000907
 276    0.0000026  -0.00000885
 277    0.0000033  -0.00000937
 278    0.0000031  -0.00001067
 279    0.0000028  -0.00000937
 280    0.0000021  -0.00000896
 281    0.0000005  -0.00000494
 282    0.0000006  -0.00000514
 283    0.0000005  -0.00000466
 284    0.0000005  -0.00000473
 285    0.0000004  -0.00000481
 286    0.0000003  -0.00000499
 287    0.0000025  -0.00000713
 288    0.0000021  -0.00000508
 289    0.0000027  -0.00000730
 290    0.0000026  -0.00000901
 291    0.0000023  -0.00000817
 292    0.0000035  -0.00000953
 293    0.0000024  -0.00000719
 294    0.0000019  -0.00000613
 295    0.0000024  -0.00000599
 296    0.0000022  -0.00000711
 297    0.0000017  -0.00000618
 298    0.0000022  -0.00000719
 299    0.0000032  -0.00001059
 300    0.0000025  -0.00000901
 301    0.0000027  -0.00000902
 302    0.0000014  -0.00000689
 303    0.0000005  -0.00000529
 304    0.0000005  -0.00000483
 305    0.0000005  -0.00000352
 306    0.0000005  -0.00000334
 307    0.0000004  -0.00000428
 308    0.0000003  -0.00000403
 309    0.0000020  -0.00000649
 310    0.0000017  -0.00000513
 311    0.0000024  -0.00000591
 312    0.0000021  -0.00000633
 313    0.0000023  -0.00000787
 314    0.0000027  -0.00000721
 315    0.0000019  -0.00000531
 316    0.0000016  -0.00000591
 317    0.0000023  -0.00000933
 318    0.0000022  -0.00000765
 319    0.0000016  -0.00000630
 320    0.0000022  -0.00000589
 321    0.0000029  -0.00000920
 322    0.0000020  -0.00000705
 323    0.0000024  -0.00000817
 324    0.0000014  -0.00000557
 325    0.0000005  -0.00000511
 326    0.0000005  -0.00000508
 327    0.0000005  -0.00000352
 328    0.0000005  -0.00000359
 329    0.0000004  -0.00000426
 330    0.0000003  -0.00000371
 331    0.0000020  -0.00000458
 332    0.0000016  -0.00000532
 333    0.0000019  -0.00000785
 334    0.0000021  -0.00000627
 335    0.0000021  -0.00000730
 336    0.0000025  -0.00000880
 337    0.0000019  -0.00000633
 338    0.0000015  -0.00000676
 339    0.0000016  -0.00000624
 340    0.0000018  -0.00000718
 341    0.0000011  -0.00000433
 342    0.0000022  -0.00000675
 343    0.0000019  -0.00000736
 344    0.0000017  -0.00000508
 345    0.0000018  -0.00000515
 346    0.0000014  -0.00000622
 347    0.0000005  -0.00000419
 348    0.0000005  -0.00000398
 349    0.0000005  -0.00000372
 350    0.0000005  -0.00000355
 351    0.0000004  -0.00000460
 352    0.0000003  -0.00000339
 353    0.0000015  -0.00000332
 354    0.0000014  -0.00000373
 355    0.0000019  -0.00000414
 356    0.0000019  -0.00000657
 357    0.0000019  -0.00000613
 358    0.0000017  -0.00000491
 359    0.0000018  -0.00000668
 360    0.0000012  -0.00000538
 361    0.0000014  -0.00000433
 362    0.0000017  -0.00000481
 363    0.0000011  -0.00000644
 364    0.0000016  -0.00000473
 365    0.0000015  -0.00000474
 366    0.0000016  -0.00000491
 367    0.0000013  -0.00000445
 368    0.0000012  -0.00000423
 369    0.0000005  -0.00000435
 370    0.0000005  -0.00000389
 371    0.0000004  -0.00000274
 372    0.0000004  -0.00000380
 373    0.0000003  -0.00000367
 374    0.0000003  -0.00000304
 375    0.0000012  -0.00000344
 376    0.0000008  -0.00000351
 377    0.0000012  -0.00000370
 378    0.0000019  -0.00000664
 379    0.0000011  -0.00000475
 380    0.0000017  -0.00000370
 381    0.0000018  -0.00000572
 382    0.0000012  -0.00000606
 383    0.0000011  -0.00000387
 384    0.0000009  -0.00000328
 385    0.0000009  -0.00000372
 386    0.0000008  -0.00000453
 387    0.0000011  -0.00000341
 388    0.0000015  -0.00000458
 389    0.0000010  -0.00000389
 390    0.0000006  -0.00000329
 391    0.0000004  -0.00000369
 392    0.0000005  -0.00000346
 393    0.0000004  -0.00000296
 394    0.0000004  -0.00000265
 395    0.0000003  -0.00000283
 396    0.0000003  -0.00000277
 397    0.0000007  -0.00000290
 398    0.0000007  -0.00000308
 399    0.0000008  -0.00000139
 400    0.0000008  -0.00000151
 401    0.0000008  -0.00000407
 402    0.0000010  -0.00000324
 403    0.0000010  -0.00000560
 404    0.0000010  -0.00000290
 405    0.0000009  -0.00000376
 406    0.0000008  -0.00000405
 407    0.0000005  -0.00000136
 408    0.0000007  -0.00000383
 409    0.0000008  -0.00000364
 410    0.0000011  -0.00000568
 411    0.0000010  -0.00000410
 412    0.0000004  -0.00000124
 413    0.0000004  -0.00000351
 414    0.0000004  -0.00000311
 415    0.0000004  -0.00000170
 416    0.0000004  -0.00000121
 417    0.0000003  -0.00000325
 418    0.0000003  -0.00000247
 419    0.0000005  -0.00000125
 420    0.0000004  -0.00000055
 421    0.0000005  -0.00000024
 422    0.0000005  0.00000036
 423    0.0000006  -0.00000092
 424    0.0000006  -0.00000094
 425    0.0000010  -0.00000367
 426    0.0000009  -0.00000421
 427    0.0000004  -0.00000078
 428    0.0000004  -0.00000072
 429    0.0000004  -0.00000069
 430    0.0000005  -0.00000119
 431    0.0000005  -0.00000111
 432    0.0000005  -0.00000120
 433    0.0000005  -0.00000116
 434    0.0000004  -0.00000124
 435    0.0000004  -0.00000337
 436    0.0000004  -0.00000128
 437    0.0000004  -0.00000128
 438    0.0000004  -0.00000170
 439    0.0000002  -0.00000117
 440    0.0000002  -0.00000101
 441    0.0000005  -0.00000106
 442    0.0000004  -0.00000092
 443    0.0000005  0.00000088
 444    0.0000005  -0.00000119
 445    0.0000005  -0.00000164
 446    0.0000006  0.00000007
 447    0.0000008  -0.00000461
 448    0.0000008  -0.00000325
 449    0.0000004  0.00000001
 450    0.0000004  -0.00000110
 451    0.0000004  0.00000032
 452    0.0000005  -0.00000115
 453    0.0000005  -0.00000105
 454    0.0000004  -0.00000113
 455    0.0000005  -0.00000061
 456    0.0000004  -0.00000134
 457    0.0000004  -0.00000244
 458    0.0000004  -0.00000071
 459    0.0000003  -0.00000089
 460    0.0000004  -0.00000130
 461    0.0000002  -0.00000079
 462    0.0000002  -0.00000076
 463    0.0000004  -0.00000069
 464    0.0000004  -0.00000033
 465    0.0000005  -0.00000037
 466    0.0000005  -0.00000052
 467    0.0000004  -0.00000112
 468    0.0000005  -0.00000083
 469    0.0000007  -0.00000226
 470    0.0000005  -0.00000131
 471    0.0000004  -0.00000128
 472    0.0000004  -0.00000067
 473    0.0000003  -0.00000057
 474    0.0000004  0.00000019
 475    0.0000005  -0.00000016
 476    0.0000004  -0.00000011
 477    0.0000004  -0.00000105
 478    0.0000003  0.00000030
 479    0.0000003  -0.00000142
 480    0.0000004  -0.00000099
 481    0.0000003  -0.00000004
 482    0.0000003  -0.00000065
 483    0.0000002  -0.00000074
 484    0.0000002  -0.00000070
 485    0.0000004  0.00000062
 486    0.0000004  -0.00000077
 487    0.0000005  -0.00000095
 488    0.0000004  -0.00000079
 489    0.0000004  -0.00000086
 490    0.0000005  -0.00000062
 491    0.0000005  -0.00000020
 492    0.0000004  -0.00000035
 493    0.0000003  -0.00000052
 494    0.0000004  -0.00000115
 495    0.0000003  -0.00000048
 496    0.0000003  -0.00000036
 497    0.0000003  -0.00000031
 498    0.0000003  -0.00000057
 499    0.0000003  -0.00000050
 500    0.0000003  -0.00000105
 501    0.0000003  -0.00000139
 502    0.0000003  -0.00000008
 503    0.0000003  -0.00000004
 504    0.0000003  -0.00000008
 505    0.0000002  -0.00000119
 506    0.0000002  -0.00000124
 
----------------
 Final Energies 
----------------
Final NOF Total Energy =    -263.6967316
 
Total Orbital Internal Iterations = 10
Total Occupation Internal Iterations = 127
 
Elapsed time:  163.77 Seconds

---------------------------------
   Lowdin Population Analysis    
---------------------------------
 Idx  Atom   Population   Charge 
---------------------------------
  1     C     6.173      -0.173
  2     N     6.489       0.511
  3     C     6.029      -0.029
  4     C     6.288      -0.288
  5     N     6.712       0.288
  6     C     5.783       0.217
  7     H     1.158      -0.158
  8     H     1.098      -0.098
  9     H     1.098      -0.098
 10     H     1.057      -0.057
 11     H     1.057      -0.057
 12     H     1.057      -0.057

---------------------------------
   M Diagnostic: 0.16
---------------------------------

