Computing Integrals
Basis Set                                            = def2-qzvp
Auxiliary Basis Set                                  = def2-universal-jkfit
Gaussian Type                                        = Spherical
Elapsed time:   15.55 Seconds

Number of basis functions                   (NBF)    = 655
Number of auxiliary basis functions         (NBFAUX) = 683
Inactive Doubly occupied orbitals up to     (NO1)    = 0
No. considered Strongly Doubly occupied MOs (NDOC)   = 27
No. considered Strongly Singly occupied MOs (NSOC)   = 0
NO. of Weakly occ. per St. Doubly occ.  MOs (NCWO)   = 23
Dimension of the Nat. Orb. subspace         (NBF5)   = 648
No. of electrons                                     = 54
    No. of alpha electrons                           = 27
    No. of beta electrons                            = 27
Multiplicity                                         = 1

Geometry
========
 C      -0.1346740      -1.1363360       0.0000000
 S       0.6210510       0.4396630       0.0000000
 C      -0.1346740       1.3530500       1.3574320
 C      -0.1346740       1.3530500      -1.3574320
 H      -1.2159790       1.2813100       1.2634180
 H       0.2039780       2.3869910       1.3206390
 H       0.1994450       0.8749620       2.2745340
 H      -1.2159790       1.2813100      -1.2634180
 H       0.1994450       0.8749620      -2.2745340
 H       0.2039780       2.3869910      -1.3206390
 B       0.8543330      -2.2672300       0.0000000
 H       2.0366860      -2.0650610       0.0000000
 H       0.4468000      -3.3891100       0.0000000
 B      -1.6309300      -1.2340520       0.0000000
 H      -2.3479210      -0.2668430       0.0000000
 H      -2.1401550      -2.3122930       0.0000000

No violations of the orthonormality
No violations of the orthonormality
 
PNOF7/ADABelief Calculation
==================
 
  Nitext  Nit_orb  Time   Nit_occ  Time         Eelec          Etot           Ediff      maxdiff    MaxGrad_orb  Grad_occ
     1      10    8.8e+01  136    1.4e+02  -846.41659261  -565.87269831 -10845.41659261   0.000912   3.6e-03   2.6e-04 0.05
 
RESULTS OF THE OCCUPATION OPTIMIZATION
========================================
   1    1.9999696  -91.24682569
   2    1.9995564  -11.26295513
   3    1.9995569  -11.26256182
   4    1.9995577  -11.15627892
   5    1.9993245  -7.54413028
   6    1.9993248  -7.53402793
   7    1.9996056  -7.52741883
   8    1.9996042  -7.50205179
   9    1.9995975  -7.49651355
  10    1.9995594  -7.46856709
  11    1.9921532  -0.95659409
  12    1.9773899  -0.72589357
  13    1.9778852  -0.72586308
  14    1.9773223  -0.72473571
  15    1.9777700  -0.72374979
  16    1.9775262  -0.72226601
  17    1.9774937  -0.72101045
  18    1.9840522  -0.65075954
  19    1.9579581  -0.65058469
  20    1.9840503  -0.64354404
  21    1.9645233  -0.63417684
  22    1.9531686  -0.61909512
  23    1.9799761  -0.54326384
  24    1.9802725  -0.52865618
  25    1.9802100  -0.52783452
  26    1.9802296  -0.52045865
  27    1.9583023  -0.40093824
  28    0.0415036  -0.01578292
  29    0.0196508  -0.01237133
  30    0.0196888  -0.01245471
  31    0.0196109  -0.01240205
  32    0.0199113  -0.01268892
  33    0.0467090  -0.02480588
  34    0.0353433  -0.01988212
  35    0.0158168  -0.01133525
  36    0.0419132  -0.02407600
  37    0.0158264  -0.01140723
  38    0.0223958  -0.01689831
  39    0.0223546  -0.01688312
  40    0.0221427  -0.01680058
  41    0.0225849  -0.01705711
  42    0.0219917  -0.01674443
  43    0.0224913  -0.01700655
  44    0.0077819  -0.00515688
  45    0.0004242  -0.00462498
  46    0.0003858  -0.00425884
  47    0.0003803  -0.00422954
  48    0.0003770  -0.00420107
  49    0.0006645  -0.00857030
  50    0.0006669  -0.00858261
  51    0.0004365  -0.00826660
  52    0.0004363  -0.00829489
  53    0.0004364  -0.00828224
  54    0.0000303  -0.00567670
  55    0.0000465  -0.00006546
  56    0.0000213  -0.00004200
  57    0.0000189  -0.00003681
  58    0.0000305  -0.00005375
  59    0.0000248  -0.00004441
  60    0.0000307  -0.00005392
  61    0.0000301  -0.00005659
  62    0.0000258  -0.00004985
  63    0.0000336  -0.00005176
  64    0.0000257  -0.00005493
  65    0.0000264  -0.00005803
  66    0.0000286  -0.00006164
  67    0.0000139  -0.00002609
  68    0.0000242  -0.00004874
  69    0.0000303  -0.00006354
  70    0.0000269  -0.00005751
  71    0.0000206  -0.00004277
  72    0.0000049  -0.00003927
  73    0.0000028  -0.00002385
  74    0.0000031  -0.00002554
  75    0.0000044  -0.00003532
  76    0.0000018  -0.00002030
  77    0.0000013  -0.00002500
  78    0.0000006  -0.00000989
  79    0.0000008  -0.00001237
  80    0.0000011  -0.00001762
  81    0.0000000  -0.00000140
  82    0.0000388  -0.00007405
  83    0.0000205  -0.00003971
  84    0.0000185  -0.00003406
  85    0.0000208  -0.00003516
  86    0.0000206  -0.00003870
  87    0.0000270  -0.00004355
  88    0.0000294  -0.00005640
  89    0.0000248  -0.00004028
  90    0.0000323  -0.00006029
  91    0.0000239  -0.00004668
  92    0.0000206  -0.00003790
  93    0.0000227  -0.00004709
  94    0.0000132  -0.00002699
  95    0.0000238  -0.00004892
  96    0.0000206  -0.00004082
  97    0.0000182  -0.00003981
  98    0.0000151  -0.00005417
  99    0.0000028  -0.00002494
 100    0.0000028  -0.00002368
 101    0.0000020  -0.00001859
 102    0.0000033  -0.00002825
 103    0.0000014  -0.00001711
 104    0.0000011  -0.00001529
 105    0.0000005  -0.00000896
 106    0.0000007  -0.00001227
 107    0.0000009  -0.00001421
 108    0.0000000  -0.00000122
 109    0.0000272  -0.00004631
 110    0.0000144  -0.00002757
 111    0.0000118  -0.00002412
 112    0.0000155  -0.00002480
 113    0.0000155  -0.00002911
 114    0.0000236  -0.00003882
 115    0.0000268  -0.00004523
 116    0.0000224  -0.00004624
 117    0.0000191  -0.00003004
 118    0.0000184  -0.00003955
 119    0.0000185  -0.00004054
 120    0.0000216  -0.00004622
 121    0.0000129  -0.00003013
 122    0.0000143  -0.00002849
 123    0.0000203  -0.00003696
 124    0.0000181  -0.00003876
 125    0.0000126  -0.00002994
 126    0.0000012  -0.00001214
 127    0.0000020  -0.00001819
 128    0.0000019  -0.00001772
 129    0.0000017  -0.00001681
 130    0.0000013  -0.00001536
 131    0.0000009  -0.00001244
 132    0.0000005  -0.00000812
 133    0.0000007  -0.00001166
 134    0.0000007  -0.00001250
 135    0.0000000  -0.00000088
 136    0.0000148  -0.00003051
 137    0.0000106  -0.00002125
 138    0.0000116  -0.00002405
 139    0.0000093  -0.00001851
 140    0.0000129  -0.00002467
 141    0.0000109  -0.00002331
 142    0.0000151  -0.00002782
 143    0.0000188  -0.00003630
 144    0.0000104  -0.00002231
 145    0.0000178  -0.00003307
 146    0.0000165  -0.00003177
 147    0.0000174  -0.00003628
 148    0.0000124  -0.00002806
 149    0.0000074  -0.00001887
 150    0.0000202  -0.00003941
 151    0.0000150  -0.00003152
 152    0.0000041  -0.00001669
 153    0.0000011  -0.00001196
 154    0.0000013  -0.00001300
 155    0.0000017  -0.00001632
 156    0.0000017  -0.00001648
 157    0.0000009  -0.00001112
 158    0.0000007  -0.00000953
 159    0.0000004  -0.00000581
 160    0.0000007  -0.00001174
 161    0.0000006  -0.00001362
 162    0.0000000  -0.00000082
 163    0.0000141  -0.00002952
 164    0.0000093  -0.00002051
 165    0.0000087  -0.00001995
 166    0.0000089  -0.00001846
 167    0.0000102  -0.00002169
 168    0.0000087  -0.00002002
 169    0.0000075  -0.00001878
 170    0.0000132  -0.00002684
 171    0.0000081  -0.00001856
 172    0.0000103  -0.00002226
 173    0.0000060  -0.00001700
 174    0.0000089  -0.00002092
 175    0.0000064  -0.00001678
 176    0.0000047  -0.00001458
 177    0.0000120  -0.00002579
 178    0.0000138  -0.00002927
 179    0.0000030  -0.00001347
 180    0.0000009  -0.00000974
 181    0.0000013  -0.00001300
 182    0.0000009  -0.00000913
 183    0.0000007  -0.00000746
 184    0.0000006  -0.00000758
 185    0.0000007  -0.00000973
 186    0.0000003  -0.00000512
 187    0.0000003  -0.00000513
 188    0.0000004  -0.00000732
 189    0.0000000  -0.00000080
 190    0.0000108  -0.00002335
 191    0.0000074  -0.00001741
 192    0.0000056  -0.00001463
 193    0.0000073  -0.00001728
 194    0.0000056  -0.00001498
 195    0.0000057  -0.00001519
 196    0.0000062  -0.00001713
 197    0.0000118  -0.00002585
 198    0.0000061  -0.00001585
 199    0.0000081  -0.00002020
 200    0.0000040  -0.00001287
 201    0.0000039  -0.00001315
 202    0.0000060  -0.00001669
 203    0.0000039  -0.00001269
 204    0.0000049  -0.00001610
 205    0.0000104  -0.00002478
 206    0.0000028  -0.00001296
 207    0.0000008  -0.00000860
 208    0.0000009  -0.00000895
 209    0.0000007  -0.00000685
 210    0.0000006  -0.00000663
 211    0.0000005  -0.00000617
 212    0.0000004  -0.00000604
 213    0.0000003  -0.00000507
 214    0.0000003  -0.00000398
 215    0.0000004  -0.00000572
 216    0.0000000  -0.00000073
 217    0.0000063  -0.00001450
 218    0.0000070  -0.00001601
 219    0.0000048  -0.00001364
 220    0.0000038  -0.00001183
 221    0.0000043  -0.00001284
 222    0.0000044  -0.00001359
 223    0.0000052  -0.00001544
 224    0.0000033  -0.00001186
 225    0.0000054  -0.00001504
 226    0.0000033  -0.00001087
 227    0.0000038  -0.00001264
 228    0.0000029  -0.00001110
 229    0.0000056  -0.00001585
 230    0.0000031  -0.00001106
 231    0.0000031  -0.00001063
 232    0.0000043  -0.00001429
 233    0.0000012  -0.00000682
 234    0.0000007  -0.00000784
 235    0.0000007  -0.00000706
 236    0.0000007  -0.00000657
 237    0.0000006  -0.00000718
 238    0.0000005  -0.00000554
 239    0.0000004  -0.00000630
 240    0.0000003  -0.00000397
 241    0.0000003  -0.00000372
 242    0.0000003  -0.00000514
 243    0.0000000  -0.00000067
 244    0.0000046  -0.00000950
 245    0.0000062  -0.00001558
 246    0.0000044  -0.00001292
 247    0.0000033  -0.00000990
 248    0.0000041  -0.00001235
 249    0.0000024  -0.00000822
 250    0.0000030  -0.00000978
 251    0.0000023  -0.00000841
 252    0.0000022  -0.00000812
 253    0.0000023  -0.00000821
 254    0.0000026  -0.00000990
 255    0.0000029  -0.00001052
 256    0.0000042  -0.00001190
 257    0.0000017  -0.00000653
 258    0.0000024  -0.00000946
 259    0.0000029  -0.00001086
 260    0.0000010  -0.00000660
 261    0.0000005  -0.00000552
 262    0.0000006  -0.00000614
 263    0.0000006  -0.00000639
 264    0.0000005  -0.00000519
 265    0.0000004  -0.00000461
 266    0.0000004  -0.00000511
 267    0.0000003  -0.00000336
 268    0.0000003  -0.00000334
 269    0.0000003  -0.00000424
 270    0.0000000  -0.00000060
 271    0.0000041  -0.00000732
 272    0.0000057  -0.00001466
 273    0.0000041  -0.00001150
 274    0.0000031  -0.00000837
 275    0.0000037  -0.00001111
 276    0.0000015  -0.00000567
 277    0.0000018  -0.00000712
 278    0.0000016  -0.00000625
 279    0.0000021  -0.00000687
 280    0.0000020  -0.00000755
 281    0.0000025  -0.00000913
 282    0.0000022  -0.00000888
 283    0.0000020  -0.00000723
 284    0.0000017  -0.00000657
 285    0.0000020  -0.00000813
 286    0.0000025  -0.00000972
 287    0.0000008  -0.00000520
 288    0.0000004  -0.00000469
 289    0.0000006  -0.00000598
 290    0.0000005  -0.00000468
 291    0.0000005  -0.00000464
 292    0.0000003  -0.00000332
 293    0.0000003  -0.00000453
 294    0.0000003  -0.00000317
 295    0.0000003  -0.00000329
 296    0.0000003  -0.00000378
 297    0.0000000  -0.00000086
 298    0.0000040  -0.00000885
 299    0.0000053  -0.00001452
 300    0.0000032  -0.00000951
 301    0.0000029  -0.00000820
 302    0.0000030  -0.00000914
 303    0.0000013  -0.00000485
 304    0.0000015  -0.00000568
 305    0.0000016  -0.00000629
 306    0.0000020  -0.00000692
 307    0.0000018  -0.00000664
 308    0.0000022  -0.00000852
 309    0.0000017  -0.00000697
 310    0.0000019  -0.00000676
 311    0.0000014  -0.00000543
 312    0.0000014  -0.00000582
 313    0.0000014  -0.00000636
 314    0.0000006  -0.00000296
 315    0.0000004  -0.00000417
 316    0.0000004  -0.00000387
 317    0.0000004  -0.00000332
 318    0.0000005  -0.00000480
 319    0.0000003  -0.00000311
 320    0.0000003  -0.00000410
 321    0.0000002  -0.00000301
 322    0.0000003  -0.00000297
 323    0.0000002  -0.00000269
 324    0.0000000  -0.00000058
 325    0.0000038  -0.00000662
 326    0.0000024  -0.00000828
 327    0.0000019  -0.00000631
 328    0.0000026  -0.00000860
 329    0.0000021  -0.00000693
 330    0.0000012  -0.00000450
 331    0.0000014  -0.00000515
 332    0.0000014  -0.00000581
 333    0.0000014  -0.00000528
 334    0.0000018  -0.00000428
 335    0.0000017  -0.00000671
 336    0.0000017  -0.00000714
 337    0.0000018  -0.00000623
 338    0.0000013  -0.00000492
 339    0.0000014  -0.00000590
 340    0.0000012  -0.00000439
 341    0.0000006  -0.00000365
 342    0.0000004  -0.00000340
 343    0.0000004  -0.00000358
 344    0.0000004  -0.00000344
 345    0.0000004  -0.00000457
 346    0.0000003  -0.00000227
 347    0.0000002  -0.00000283
 348    0.0000002  -0.00000241
 349    0.0000002  -0.00000257
 350    0.0000002  -0.00000271
 351    0.0000000  -0.00000051
 352    0.0000036  -0.00000588
 353    0.0000024  -0.00000827
 354    0.0000014  -0.00000528
 355    0.0000015  -0.00000503
 356    0.0000019  -0.00000705
 357    0.0000012  -0.00000414
 358    0.0000012  -0.00000530
 359    0.0000013  -0.00000494
 360    0.0000014  -0.00000532
 361    0.0000014  -0.00000567
 362    0.0000013  -0.00000521
 363    0.0000010  -0.00000433
 364    0.0000016  -0.00000513
 365    0.0000012  -0.00000470
 366    0.0000009  -0.00000408
 367    0.0000010  -0.00000422
 368    0.0000006  -0.00000377
 369    0.0000003  -0.00000265
 370    0.0000003  -0.00000272
 371    0.0000004  -0.00000326
 372    0.0000004  -0.00000446
 373    0.0000003  -0.00000247
 374    0.0000002  -0.00000273
 375    0.0000002  -0.00000232
 376    0.0000002  -0.00000254
 377    0.0000002  -0.00000227
 378    0.0000000  -0.00000051
 379    0.0000033  -0.00000404
 380    0.0000020  -0.00000690
 381    0.0000014  -0.00000458
 382    0.0000015  -0.00000565
 383    0.0000010  -0.00000329
 384    0.0000010  -0.00000410
 385    0.0000011  -0.00000428
 386    0.0000011  -0.00000431
 387    0.0000010  -0.00000350
 388    0.0000012  -0.00000372
 389    0.0000010  -0.00000341
 390    0.0000009  -0.00000397
 391    0.0000013  -0.00000482
 392    0.0000011  -0.00000458
 393    0.0000009  -0.00000331
 394    0.0000009  -0.00000372
 395    0.0000004  -0.00000263
 396    0.0000003  -0.00000254
 397    0.0000003  -0.00000269
 398    0.0000003  -0.00000245
 399    0.0000004  -0.00000340
 400    0.0000003  -0.00000243
 401    0.0000002  -0.00000270
 402    0.0000002  -0.00000207
 403    0.0000002  -0.00000439
 404    0.0000002  -0.00000208
 405    0.0000000  -0.00000048
 406    0.0000026  -0.00000416
 407    0.0000016  -0.00000652
 408    0.0000013  -0.00000463
 409    0.0000014  -0.00000910
 410    0.0000008  -0.00000283
 411    0.0000007  -0.00000222
 412    0.0000009  -0.00000413
 413    0.0000011  -0.00000440
 414    0.0000007  -0.00000241
 415    0.0000012  -0.00000441
 416    0.0000010  -0.00000394
 417    0.0000007  -0.00000323
 418    0.0000011  -0.00000418
 419    0.0000007  -0.00000295
 420    0.0000008  -0.00000308
 421    0.0000005  -0.00000230
 422    0.0000004  -0.00000280
 423    0.0000003  -0.00000261
 424    0.0000003  -0.00000299
 425    0.0000003  -0.00000246
 426    0.0000003  -0.00000251
 427    0.0000003  -0.00000190
 428    0.0000002  -0.00000200
 429    0.0000002  -0.00000183
 430    0.0000002  -0.00000180
 431    0.0000002  -0.00000171
 432    0.0000000  -0.00000044
 433    0.0000021  -0.00000181
 434    0.0000011  -0.00000411
 435    0.0000012  -0.00000398
 436    0.0000011  -0.00000398
 437    0.0000005  -0.00000189
 438    0.0000006  -0.00000239
 439    0.0000009  -0.00000321
 440    0.0000010  -0.00000409
 441    0.0000007  -0.00000283
 442    0.0000007  -0.00000298
 443    0.0000008  -0.00000289
 444    0.0000006  -0.00000252
 445    0.0000011  -0.00000386
 446    0.0000007  -0.00000257
 447    0.0000006  -0.00000275
 448    0.0000005  -0.00000172
 449    0.0000004  -0.00000216
 450    0.0000003  -0.00000219
 451    0.0000003  -0.00000267
 452    0.0000003  -0.00000204
 453    0.0000003  -0.00000260
 454    0.0000002  -0.00000116
 455    0.0000002  -0.00000211
 456    0.0000002  -0.00000307
 457    0.0000002  -0.00000159
 458    0.0000002  -0.00000155
 459    0.0000000  -0.00000045
 460    0.0000021  -0.00000204
 461    0.0000009  -0.00000312
 462    0.0000010  -0.00000284
 463    0.0000011  -0.00000379
 464    0.0000003  -0.00000084
 465    0.0000004  -0.00000121
 466    0.0000005  -0.00000275
 467    0.0000007  -0.00000253
 468    0.0000007  -0.00000289
 469    0.0000006  -0.00000233
 470    0.0000006  -0.00000248
 471    0.0000005  -0.00000198
 472    0.0000005  -0.00000157
 473    0.0000003  -0.00000155
 474    0.0000004  -0.00000161
 475    0.0000003  -0.00000228
 476    0.0000001  -0.00000095
 477    0.0000002  -0.00000121
 478    0.0000003  -0.00000194
 479    0.0000002  -0.00000166
 480    0.0000003  -0.00000232
 481    0.0000002  -0.00000158
 482    0.0000002  -0.00000181
 483    0.0000002  -0.00000155
 484    0.0000002  -0.00000155
 485    0.0000002  -0.00000156
 486    0.0000000  -0.00000040
 487    0.0000011  0.00000039
 488    0.0000007  -0.00000339
 489    0.0000003  -0.00000197
 490    0.0000008  -0.00000498
 491    0.0000002  -0.00000080
 492    0.0000002  -0.00000040
 493    0.0000002  -0.00000087
 494    0.0000002  -0.00000142
 495    0.0000004  -0.00000189
 496    0.0000002  -0.00000148
 497    0.0000003  -0.00000203
 498    0.0000002  -0.00000118
 499    0.0000003  -0.00000178
 500    0.0000003  -0.00000240
 501    0.0000002  -0.00000140
 502    0.0000002  -0.00000065
 503    0.0000001  -0.00000090
 504    0.0000002  -0.00000177
 505    0.0000002  -0.00000114
 506    0.0000002  -0.00000104
 507    0.0000002  -0.00000099
 508    0.0000002  -0.00000124
 509    0.0000001  -0.00000050
 510    0.0000002  -0.00000122
 511    0.0000002  -0.00000106
 512    0.0000002  -0.00000132
 513    0.0000000  -0.00000037
 514    0.0000010  0.00000049
 515    0.0000002  -0.00000163
 516    0.0000003  -0.00000110
 517    0.0000003  -0.00000159
 518    0.0000002  -0.00000068
 519    0.0000002  -0.00000090
 520    0.0000001  -0.00000046
 521    0.0000002  -0.00000119
 522    0.0000002  -0.00000100
 523    0.0000002  -0.00000125
 524    0.0000002  -0.00000086
 525    0.0000002  -0.00000098
 526    0.0000003  -0.00000132
 527    0.0000003  -0.00000197
 528    0.0000002  -0.00000143
 529    0.0000002  -0.00000203
 530    0.0000001  -0.00000084
 531    0.0000002  -0.00000143
 532    0.0000002  -0.00000125
 533    0.0000002  -0.00000121
 534    0.0000002  -0.00000084
 535    0.0000002  -0.00000119
 536    0.0000001  -0.00000097
 537    0.0000001  -0.00000101
 538    0.0000002  -0.00000129
 539    0.0000001  -0.00000101
 540    0.0000000  -0.00000030
 541    0.0000009  0.00000102
 542    0.0000002  -0.00000111
 543    0.0000002  -0.00000067
 544    0.0000003  -0.00000115
 545    0.0000002  -0.00000077
 546    0.0000002  -0.00000093
 547    0.0000001  -0.00000077
 548    0.0000001  -0.00000089
 549    0.0000002  -0.00000053
 550    0.0000002  -0.00000040
 551    0.0000002  -0.00000094
 552    0.0000002  -0.00000078
 553    0.0000003  -0.00000172
 554    0.0000002  -0.00000085
 555    0.0000002  -0.00000159
 556    0.0000002  -0.00000083
 557    0.0000001  -0.00000042
 558    0.0000002  -0.00000119
 559    0.0000002  -0.00000105
 560    0.0000002  -0.00000123
 561    0.0000002  -0.00000088
 562    0.0000002  -0.00000093
 563    0.0000001  -0.00000098
 564    0.0000001  -0.00000096
 565    0.0000001  -0.00000103
 566    0.0000001  -0.00000092
 567    0.0000000  -0.00000029
 568    0.0000009  -0.00000006
 569    0.0000002  -0.00000097
 570    0.0000002  -0.00000065
 571    0.0000002  -0.00000126
 572    0.0000002  -0.00000111
 573    0.0000002  -0.00000078
 574    0.0000001  -0.00000082
 575    0.0000001  -0.00000000
 576    0.0000002  -0.00000006
 577    0.0000001  -0.00000109
 578    0.0000002  -0.00000088
 579    0.0000001  -0.00000109
 580    0.0000002  -0.00000086
 581    0.0000002  -0.00000108
 582    0.0000002  -0.00000083
 583    0.0000001  -0.00000059
 584    0.0000001  -0.00000056
 585    0.0000002  -0.00000122
 586    0.0000002  -0.00000117
 587    0.0000002  -0.00000107
 588    0.0000002  -0.00000105
 589    0.0000002  -0.00000086
 590    0.0000001  -0.00000083
 591    0.0000001  -0.00000088
 592    0.0000001  -0.00000099
 593    0.0000001  -0.00000099
 594    0.0000000  -0.00000022
 595    0.0000008  -0.00000041
 596    0.0000002  -0.00000084
 597    0.0000002  -0.00000050
 598    0.0000002  -0.00000056
 599    0.0000002  -0.00000046
 600    0.0000002  -0.00000089
 601    0.0000001  -0.00000088
 602    0.0000001  -0.00000066
 603    0.0000002  -0.00000092
 604    0.0000001  -0.00000038
 605    0.0000001  -0.00000087
 606    0.0000001  -0.00000092
 607    0.0000002  -0.00000003
 608    0.0000002  -0.00000074
 609    0.0000001  -0.00000095
 610    0.0000001  -0.00000077
 611    0.0000001  -0.00000070
 612    0.0000001  -0.00000055
 613    0.0000002  -0.00000086
 614    0.0000002  -0.00000131
 615    0.0000001  -0.00000122
 616    0.0000002  -0.00000051
 617    0.0000001  -0.00000057
 618    0.0000001  -0.00000093
 619    0.0000001  -0.00000093
 620    0.0000001  -0.00000088
 621    0.0000000  -0.00000020
 622    0.0000008  0.00000014
 623    0.0000001  -0.00000063
 624    0.0000002  -0.00000058
 625    0.0000002  -0.00000073
 626    0.0000002  -0.00000090
 627    0.0000001  -0.00000096
 628    0.0000001  -0.00000007
 629    0.0000001  -0.00000091
 630    0.0000002  -0.00000067
 631    0.0000001  -0.00000082
 632    0.0000001  -0.00000002
 633    0.0000001  -0.00000089
 634    0.0000002  -0.00000082
 635    0.0000002  -0.00000089
 636    0.0000001  -0.00000084
 637    0.0000001  -0.00000028
 638    0.0000001  -0.00000078
 639    0.0000001  -0.00000083
 640    0.0000002  -0.00000127
 641    0.0000002  -0.00000089
 642    0.0000001  -0.00000083
 643    0.0000002  -0.00000071
 644    0.0000001  -0.00000019
 645    0.0000001  -0.00000056
 646    0.0000001  -0.00000065
 647    0.0000001  -0.00000046
 648    0.0000000  -0.00000016
 
----------------
 Final Energies 
----------------
Final NOF Total Energy =    -565.8726983
 
Total Orbital Internal Iterations = 10
Total Occupation Internal Iterations = 136
 
Elapsed time:  267.06 Seconds

---------------------------------
   Lowdin Population Analysis    
---------------------------------
 Idx  Atom   Population   Charge 
---------------------------------
  1     C     6.243      -0.243
  2     S    14.936       1.064
  3     C     5.874       0.126
  4     C     5.875       0.125
  5     H     1.069      -0.069
  6     H     1.078      -0.078
  7     H     1.070      -0.070
  8     H     1.069      -0.069
  9     H     1.070      -0.070
 10     H     1.078      -0.078
 11     B     5.203      -0.203
 12     H     1.069      -0.069
 13     H     1.056      -0.056
 14     B     5.190      -0.190
 15     H     1.066      -0.066
 16     H     1.054      -0.054

---------------------------------
   M Diagnostic: 0.05
---------------------------------

