Computing Integrals
Basis Set                                            = def2-qzvp
Auxiliary Basis Set                                  = def2-universal-jkfit
Gaussian Type                                        = Spherical
Elapsed time:    2.75 Seconds

Number of basis functions                   (NBF)    = 130
Number of auxiliary basis functions         (NBFAUX) = 164
Inactive Doubly occupied orbitals up to     (NO1)    = 0
No. considered Strongly Doubly occupied MOs (NDOC)   = 9
No. considered Strongly Singly occupied MOs (NSOC)   = 0
NO. of Weakly occ. per St. Doubly occ.  MOs (NCWO)   = 13
Dimension of the Nat. Orb. subspace         (NBF5)   = 126
No. of electrons                                     = 18
    No. of alpha electrons                           = 9
    No. of beta electrons                            = 9
Multiplicity                                         = 1

Geometry
========
 S       0.0000000       0.0000000       0.1028430
 H       0.0000000       0.9636270      -0.8227440
 H       0.0000000      -0.9636270      -0.8227440

No violations of the orthonormality
No violations of the orthonormality
 
PNOF7/ADABelief Calculation
==================
 
  Nitext  Nit_orb  Time   Nit_occ  Time         Eelec          Etot           Ediff      maxdiff    MaxGrad_orb  Grad_occ
     1      10    2.3e+01   49    2.7e+01  -411.40837533  -398.46031551 -10410.40837533   0.000464   1.9e-03   1.3e-04 0.04
 
RESULTS OF THE OCCUPATION OPTIMIZATION
========================================
   1    1.9999667  -91.21405905
   2    1.9996301  -7.46054382
   3    1.9995763  -7.42460319
   4    1.9996022  -7.38961986
   5    1.9995784  -7.38228430
   6    1.9850864  -0.74888917
   7    1.9849632  -0.74708147
   8    1.9684089  -0.60779453
   9    1.9641352  -0.39587794
  10    0.0356560  -0.01377235
  11    0.0313572  -0.01631084
  12    0.0148499  -0.01141177
  13    0.0147249  -0.01130982
  14    0.0004005  -0.00439456
  15    0.0003827  -0.00426819
  16    0.0004099  -0.00448860
  17    0.0003582  -0.00409579
  18    0.0000297  -0.00563060
  19    0.0000997  -0.00014724
  20    0.0001170  -0.00023876
  21    0.0000535  -0.00012112
  22    0.0000696  -0.00012998
  23    0.0000053  -0.00005888
  24    0.0000028  -0.00003688
  25    0.0000023  -0.00003136
  26    0.0000021  -0.00003010
  27    0.0000020  -0.00019883
  28    0.0000296  -0.00005706
  29    0.0000543  -0.00010109
  30    0.0000495  -0.00009876
  31    0.0000338  -0.00008644
  32    0.0000034  -0.00003841
  33    0.0000021  -0.00002349
  34    0.0000018  -0.00002243
  35    0.0000014  -0.00001726
  36    0.0000007  -0.00009234
  37    0.0000190  -0.00004402
  38    0.0000197  -0.00005338
  39    0.0000278  -0.00005734
  40    0.0000245  -0.00005539
  41    0.0000025  -0.00002550
  42    0.0000018  -0.00002119
  43    0.0000014  -0.00001560
  44    0.0000011  -0.00001122
  45    0.0000001  -0.00000469
  46    0.0000153  -0.00004431
  47    0.0000149  -0.00005144
  48    0.0000130  -0.00003640
  49    0.0000230  -0.00006153
  50    0.0000022  -0.00002443
  51    0.0000013  -0.00001355
  52    0.0000013  -0.00001309
  53    0.0000011  -0.00001262
  54    0.0000001  -0.00000347
  55    0.0000137  -0.00002711
  56    0.0000097  -0.00002679
  57    0.0000123  -0.00003265
  58    0.0000103  -0.00002825
  59    0.0000017  -0.00001661
  60    0.0000013  -0.00001205
  61    0.0000013  -0.00002210
  62    0.0000011  -0.00001101
  63    0.0000001  -0.00000315
  64    0.0000105  -0.00001895
  65    0.0000066  -0.00001668
  66    0.0000110  -0.00002679
  67    0.0000088  -0.00001822
  68    0.0000013  -0.00000984
  69    0.0000013  -0.00001124
  70    0.0000011  -0.00000933
  71    0.0000010  -0.00000999
  72    0.0000001  -0.00000303
  73    0.0000079  -0.00001640
  74    0.0000040  -0.00000832
  75    0.0000099  -0.00002412
  76    0.0000075  -0.00001803
  77    0.0000012  -0.00000798
  78    0.0000012  -0.00001100
  79    0.0000011  -0.00000890
  80    0.0000010  -0.00000907
  81    0.0000001  -0.00000239
  82    0.0000071  -0.00001433
  83    0.0000031  -0.00000379
  84    0.0000047  -0.00000782
  85    0.0000060  -0.00001412
  86    0.0000010  -0.00000585
  87    0.0000011  -0.00000909
  88    0.0000009  -0.00000605
  89    0.0000008  -0.00000488
  90    0.0000001  -0.00000217
  91    0.0000032  -0.00000394
  92    0.0000024  -0.00000409
  93    0.0000014  -0.00000113
  94    0.0000014  -0.00000469
  95    0.0000006  -0.00000210
  96    0.0000005  -0.00000060
  97    0.0000008  -0.00000431
  98    0.0000006  -0.00000256
  99    0.0000001  -0.00000189
 100    0.0000011  0.00000037
 101    0.0000008  0.00000088
 102    0.0000014  -0.00000385
 103    0.0000013  -0.00000061
 104    0.0000006  0.00000048
 105    0.0000005  0.00000012
 106    0.0000006  -0.00000208
 107    0.0000005  -0.00000133
 108    0.0000001  -0.00000178
 109    0.0000009  0.00000033
 110    0.0000007  -0.00000090
 111    0.0000014  -0.00000140
 112    0.0000012  -0.00000336
 113    0.0000006  0.00000036
 114    0.0000005  -0.00000185
 115    0.0000005  0.00000056
 116    0.0000005  -0.00000211
 117    0.0000001  -0.00000120
 118    0.0000008  -0.00000162
 119    0.0000006  -0.00000184
 120    0.0000011  -0.00000450
 121    0.0000012  0.00000085
 122    0.0000006  -0.00000070
 123    0.0000005  -0.00000096
 124    0.0000005  -0.00000096
 125    0.0000004  -0.00000092
 126    0.0000001  -0.00000168
 
----------------
 Final Energies 
----------------
Final NOF Total Energy =    -398.4603155
 
Total Orbital Internal Iterations = 10
Total Occupation Internal Iterations = 49
 
Elapsed time:   64.72 Seconds

---------------------------------
   Lowdin Population Analysis    
---------------------------------
 Idx  Atom   Population   Charge 
---------------------------------
  1     S    15.489       0.511
  2     H     1.255      -0.255
  3     H     1.255      -0.255

---------------------------------
   M Diagnostic: 0.04
---------------------------------

