AHB21-4A
/software/eb2024/easybuild/software/common/software/Julia/1.11.3-linux-x86_64/bin/julia
Job runing on na10
Choosing scratch ...
Automatic scratch folder selection
/scratch/pobleyef/285078
/scratch/pobleyef/285078 directory
cp AHB21-4A.jl AHB21-4A.jld2 to  /scratch/pobleyef/285078/.
AHB21-4A_C.jld2 not found
AHB21-4A_n.jld2 not found
Computing Integrals
Basis Set                                            = def2-qzvp
Auxiliary Basis Set                                  = def2-universal-jkfit
Gaussian Type                                        = Spherical
Elapsed time:    3.03 Seconds

Number of basis functions                   (NBF)    = 70
Number of auxiliary basis functions         (NBFAUX) = 128
Inactive Doubly occupied orbitals up to     (NO1)    = 0
No. considered Strongly Doubly occupied MOs (NDOC)   = 9
No. considered Strongly Singly occupied MOs (NSOC)   = 0
NO. of Weakly occ. per St. Doubly occ.  MOs (NCWO)   = 1
Dimension of the Nat. Orb. subspace         (NBF5)   = 18
No. of electrons                                     = 18
    No. of alpha electrons                           = 9
    No. of beta electrons                            = 9
Multiplicity                                         = 1

Geometry
========
Cl      -0.0526998       1.4342122      -1.1479971

No violations of the orthonormality
No violations of the orthonormality
 
PNOF7/ADABelief Calculation
==================
 
  Nitext  Nit_orb  Time   Nit_occ  Time         Eelec          Etot           Ediff      maxdiff    MaxGrad_orb  Grad_occ
     1      10    1.8e+01    8    2.2e+01  -447.20439628  -447.20439628 -10446.20439628   1.869682   7.5e+00   1.4e-04 0.00
     2      10    4.6e-02   18    2.4e-03  -453.13774312  -453.13774312    -5.93334684   1.412170   5.6e+00   1.6e-04 0.01
     3      10    2.4e-02   13    1.4e-03  -455.97976185  -455.97976185    -2.84201873   0.348304   1.4e+00   5.0e-05 0.04
     4      10    2.1e-02    7    1.0e-03  -457.87310169  -457.87310169    -1.89333984   0.322432   1.3e+00   1.4e-04 0.08
     5      10    1.8e-02    4    8.6e-04  -458.71056379  -458.71056379    -0.83746210   0.436918   1.7e+00   7.9e-05 0.06
     6      10    1.7e-02    4    7.7e-04  -459.13577095  -459.13577095    -0.42520716   0.342675   1.4e+00   1.0e-04 0.03
     7      10    1.7e-02    3    4.0e-03  -459.30987968  -459.30987968    -0.17410873   0.427496   1.7e+00   8.8e-05 0.02
     8      10    1.8e-02    3    9.4e-04  -459.44658352  -459.44658352    -0.13670385   0.464083   1.9e+00   7.8e-05 0.02
     9      10    2.1e-02    1    6.8e-04  -459.50026935  -459.50026935    -0.05368583   0.455173   1.8e+00   2.1e-04 0.02
    10      10    1.7e-02    1    5.4e-04  -459.51591604  -459.51591604    -0.01564669   0.668875   2.7e+00   2.1e-04 0.02
    11      10    1.7e-02    2    6.0e-04  -459.51651106  -459.51651106    -0.00059502   0.620193   2.5e+00   1.4e-04 0.02
    12      10    1.8e-02    0    6.5e-04  -459.51687111  -459.51687111    -0.00036005   0.620193   2.5e+00   1.4e-04 0.02
    13      30    6.0e-02    1    6.3e-04  -459.62772165  -459.62772165    -0.11085054   0.057891   2.3e-01   1.2e-04 0.02
    14      30    5.1e-02    1    5.2e-04  -459.63569176  -459.63569176    -0.00797011   0.030822   1.2e-01   1.8e-04 0.02
    15      30    5.2e-02    1    7.1e-04  -459.63694029  -459.63694029    -0.00124853   0.034902   1.4e-01   1.7e-04 0.02
    16      30    5.2e-02    1    9.5e-04  -459.63750470  -459.63750470    -0.00056442   0.032243   1.3e-01   1.5e-04 0.02
    17      30    7.6e-02    1    6.2e-04  -459.63803689  -459.63803689    -0.00053218   0.027939   1.1e-01   1.4e-04 0.02
    18      30    4.8e-02    1    5.7e-04  -459.63806213  -459.63806213    -0.00002525   0.028938   1.2e-01   1.1e-04 0.02
    19      30    1.1e-01    0    5.9e-04  -459.63839458  -459.63839458    -0.00033245   0.026306   1.1e-01   2.5e-04 0.02
    20      40    1.1e-01    1    5.5e-04  -459.63920606  -459.63920606    -0.00081148   0.018986   7.6e-02   1.2e-04 0.01
    21      40    6.4e-02    0    3.6e-03  -459.63921451  -459.63921451    -0.00000845   0.018986   7.6e-02   1.2e-04 0.01
    22      60    9.6e-02    0    9.4e-04  -459.63997853  -459.63997853    -0.00076402   0.001566   6.3e-03   2.1e-04 0.01
    23      70    1.1e-01    1    7.2e-04  -459.63999443  -459.63999443    -0.00001590   0.002880   1.2e-02   1.0e-04 0.01
    24      70    1.1e-01    0    6.1e-04  -459.64003542  -459.64003542    -0.00004099   0.002186   8.7e-03   1.5e-04 0.01
    25      80    1.3e-01    0    5.3e-04  -459.64004941  -459.64004941    -0.00001398   0.002169   8.7e-03   2.1e-04 0.01
    26      90    1.4e-01    0    6.0e-04  -459.64006549  -459.64006549    -0.00001609   0.001953   7.8e-03   2.2e-04 0.01
    27     100    1.6e-01    1    6.3e-04  -459.64006529  -459.64006529     0.00000020   0.002245   9.0e-03   8.0e-05 0.01
    28      73    1.4e-01    0    6.8e-04  -459.64009282  -459.64009282    -0.00002753   0.000497   2.0e-03   1.1e-04 0.01
 
RESULTS OF THE OCCUPATION OPTIMIZATION
========================================
   1    1.9999738  -103.45508663
   2    1.9997586  -8.59499363
   3    1.9997574  -8.58530875
   4    1.9997559  -8.58404725
   5    1.9997471  -8.57593162
   6    1.9862705  -0.31346080
   7    1.9862097  -0.31176810
   8    1.9859497  -0.30675300
   9    1.9858756  -0.30542334
  10    0.0141244  -0.00695598
  11    0.0140503  -0.00695091
  12    0.0137903  -0.00693746
  13    0.0137295  -0.00693566
  14    0.0002529  -0.00328787
  15    0.0002441  -0.00323911
  16    0.0002426  -0.00322825
  17    0.0002414  -0.00323524
  18    0.0000262  -0.00565703
 
----------------
 Final Energies 
----------------
Final NOF Total Energy =    -459.6400928
 
Total Orbital Internal Iterations = 953
Total Occupation Internal Iterations = 73
 
Elapsed time:   54.38 Seconds

---------------------------------
   Lowdin Population Analysis    
---------------------------------
 Idx  Atom   Population   Charge 
---------------------------------
  1    Cl    18.000      -1.000

---------------------------------
   M Diagnostic: 0.01
---------------------------------

Recovering execution output...
Moving from /scratch/pobleyef/285078 to /home-nas/pobleyef/Slim-NOF/ncwo1/Slim05/PNOF7/arina.285078
mkdir -p /home-nas/pobleyef/Slim-NOF/ncwo1/Slim05/PNOF7/arina.285078
mv /scratch/pobleyef/285078/* /home-nas/pobleyef/Slim-NOF/ncwo1/Slim05/PNOF7/arina.285078
