AHB21-5B
/software/eb2024/easybuild/software/common/software/Julia/1.11.3-linux-x86_64/bin/julia
Job runing on na16
Choosing scratch ...
Automatic scratch folder selection
/scratch/pobleyef/285082
/scratch/pobleyef/285082 directory
cp AHB21-5B.jl AHB21-5B.jld2 to  /scratch/pobleyef/285082/.
AHB21-5B_C.jld2 not found
AHB21-5B_n.jld2 not found
Computing Integrals
Basis Set                                            = def2-qzvp
Auxiliary Basis Set                                  = def2-universal-jkfit
Gaussian Type                                        = Spherical
Elapsed time:    2.39 Seconds

Number of basis functions                   (NBF)    = 117
Number of auxiliary basis functions         (NBFAUX) = 113
Inactive Doubly occupied orbitals up to     (NO1)    = 0
No. considered Strongly Doubly occupied MOs (NDOC)   = 5
No. considered Strongly Singly occupied MOs (NSOC)   = 0
NO. of Weakly occ. per St. Doubly occ.  MOs (NCWO)   = 1
Dimension of the Nat. Orb. subspace         (NBF5)   = 10
No. of electrons                                     = 10
    No. of alpha electrons                           = 5
    No. of beta electrons                            = 5
Multiplicity                                         = 1

Geometry
========
 O       1.7413540      -0.0865720       0.0000000
 H       1.8290900       0.8701300       0.0000000
 H       0.7549300      -0.1794000       0.0000000

No violations of the orthonormality
No violations of the orthonormality
 
PNOF7/ADABelief Calculation
==================
 
  Nitext  Nit_orb  Time   Nit_occ  Time         Eelec          Etot           Ediff      maxdiff    MaxGrad_orb  Grad_occ
     1      10    2.7e+01    8    2.1e+01   -81.48429375   -72.45262027 -10080.48429375   0.623421   2.5e+00   4.5e-05 0.01
     2      10    9.2e+00    5    1.7e-03   -84.17895826   -75.14728477    -2.69466451   0.411204   1.6e+00   1.1e-04 0.03
     3      10    9.3e+00    3    1.2e-02   -85.00461248   -75.97293899    -0.82565422   0.198794   8.0e-01   1.2e-04 0.03
     4      10    8.6e+00    2    1.6e-03   -85.15564988   -76.12397640    -0.15103740   0.219543   8.8e-01   1.4e-04 0.03
     5      10    8.4e+00    2    7.6e-04   -85.17239335   -76.14071986    -0.01674347   0.181642   7.3e-01   7.0e-05 0.03
     6      10    8.0e+00    1    1.1e-03   -85.17452350   -76.14285001    -0.00213015   0.204848   8.2e-01   4.9e-05 0.03
     7      10    8.6e+00    0    1.0e-03   -85.17452899   -76.14285550    -0.00000549   0.204848   8.2e-01   4.9e-05 0.03
     8      30    2.7e+01    2    3.1e-03   -85.18519153   -76.15351805    -0.01066254   0.000479   1.9e-03   3.5e-05 0.03
 
RESULTS OF THE OCCUPATION OPTIMIZATION
========================================
   1    1.9997807  -20.56088001
   2    1.9741309  -0.83843881
   3    1.9722697  -0.83732149
   4    1.9878583  -0.78527144
   5    1.9878001  -0.77711574
   6    0.0121999  -0.01228772
   7    0.0121417  -0.01230151
   8    0.0277303  -0.02393074
   9    0.0258691  -0.02264071
  10    0.0002193  -0.00761719
 
----------------
 Final Energies 
----------------
Final NOF Total Energy =     -76.1535180
 
Total Orbital Internal Iterations = 100
Total Occupation Internal Iterations = 23
 
Elapsed time:  140.61 Seconds

---------------------------------
   Lowdin Population Analysis    
---------------------------------
 Idx  Atom   Population   Charge 
---------------------------------
  1     O     7.384       0.616
  2     H     1.336      -0.336
  3     H     1.280      -0.280

---------------------------------
   M Diagnostic: 0.03
---------------------------------

Recovering execution output...
Moving from /scratch/pobleyef/285082 to /home-nas/pobleyef/Slim-NOF/ncwo1/Slim05/PNOF7/arina.285082
mkdir -p /home-nas/pobleyef/Slim-NOF/ncwo1/Slim05/PNOF7/arina.285082
mv /scratch/pobleyef/285082/* /home-nas/pobleyef/Slim-NOF/ncwo1/Slim05/PNOF7/arina.285082
