ALKBDE10-mgs
/software/eb2024/easybuild/software/common/software/Julia/1.11.3-linux-x86_64/bin/julia
Job runing on na17
Choosing scratch ...
Automatic scratch folder selection
/scratch/pobleyef/285096
/scratch/pobleyef/285096 directory
cp ALKBDE10-mgs.jl ALKBDE10-mgs.jld2 to  /scratch/pobleyef/285096/.
ALKBDE10-mgs_C.jld2 not found
ALKBDE10-mgs_n.jld2 not found
Computing Integrals
Basis Set                                            = def2-qzvp
Auxiliary Basis Set                                  = def2-universal-jkfit
Gaussian Type                                        = Spherical
Elapsed time:    8.85 Seconds

Number of basis functions                   (NBF)    = 121
Number of auxiliary basis functions         (NBFAUX) = 240
Inactive Doubly occupied orbitals up to     (NO1)    = 0
No. considered Strongly Doubly occupied MOs (NDOC)   = 14
No. considered Strongly Singly occupied MOs (NSOC)   = 0
NO. of Weakly occ. per St. Doubly occ.  MOs (NCWO)   = 1
Dimension of the Nat. Orb. subspace         (NBF5)   = 28
No. of electrons                                     = 28
    No. of alpha electrons                           = 14
    No. of beta electrons                            = 14
Multiplicity                                         = 1

Geometry
========
Mg       0.0000000       0.0000000      -1.0662361
 S       0.0000000       0.0000000       1.0662361

No violations of the orthonormality
No violations of the orthonormality
 
PNOF7/ADABelief Calculation
==================
 
  Nitext  Nit_orb  Time   Nit_occ  Time         Eelec          Etot           Ediff      maxdiff    MaxGrad_orb  Grad_occ
     1      10    3.1e+01    9    2.0e+01  -632.95723205  -585.31214850 -10631.95723205   1.483863   5.9e+00   6.1e-05 0.00
     2      10    1.5e+01   15    1.8e-02  -641.15502072  -593.50993717    -8.19778867   0.514561   2.1e+00   1.6e-04 0.00
     3      10    2.1e+01    6    3.5e-03  -643.83919872  -596.19411517    -2.68417800   0.286172   1.1e+00   1.6e-04 0.02
     4      10    1.8e+01    7    3.6e-03  -644.35991406  -596.71483051    -0.52071534   0.333230   1.3e+00   1.1e-04 0.13
     5      10    1.7e+01    5    2.4e-02  -644.39441687  -596.74933332    -0.03450281   0.863578   3.5e+00   6.3e-05 0.17
     6      10    1.8e+01    3    5.7e-03  -644.49051631  -596.84543277    -0.09609945   0.436165   1.7e+00   1.9e-04 0.14
     7      10    1.9e+01    3    1.6e-02  -644.50479966  -596.85971611    -0.01428334   0.586192   2.3e+00   2.5e-04 0.06
     8      10    1.9e+01    3    1.3e-02  -644.52372843  -596.87864488    -0.01892877   0.533884   2.1e+00   1.3e-04 0.04
     9      10    1.4e+01    2    2.5e-02  -644.56490989  -596.91982634    -0.04118146   1.089007   4.4e+00   1.0e-04 0.04
    10      10    2.0e+01    0    1.4e-02  -644.56497766  -596.91989411    -0.00006776   1.089007   4.4e+00   1.0e-04 0.04
    11      30    5.2e+01    2    1.9e-03  -644.83828690  -597.19320335    -0.27330924   0.067332   2.7e-01   1.0e-04 0.04
    12      30    5.1e+01    3    1.3e-02  -644.87393074  -597.22884719    -0.03564384   0.031396   1.3e-01   8.1e-05 0.05
    13      30    5.2e+01    3    2.5e-03  -644.88894816  -597.24386461    -0.01501742   0.028345   1.1e-01   2.5e-04 0.10
    14      30    5.3e+01    4    2.5e-03  -644.89988747  -597.25480393    -0.01093931   0.030263   1.2e-01   1.5e-04 0.17
    15      30    5.7e+01    4    3.0e-03  -644.90915369  -597.26407014    -0.00926622   0.028500   1.1e-01   1.7e-04 0.26
    16      30    5.7e+01    3    2.1e-03  -644.91719954  -597.27211600    -0.00804585   0.026985   1.1e-01   2.5e-04 0.33
    17      30    5.7e+01    4    2.7e-03  -644.92073196  -597.27564841    -0.00353241   0.029085   1.2e-01   1.1e-04 0.38
    18      30    5.9e+01    2    2.5e-03  -644.92303351  -597.27794996    -0.00230155   0.030379   1.2e-01   1.9e-04 0.40
    19      30    5.9e+01    4    1.2e-02  -644.92330215  -597.27821861    -0.00026864   0.030744   1.2e-01   8.0e-05 0.42
    20      30    5.2e+01    2    2.8e-03  -644.92406465  -597.27898111    -0.00076250   0.029313   1.2e-01   7.7e-05 0.42
    21      30    5.3e+01    0    2.5e-03  -644.92411585  -597.27903230    -0.00005120   0.029313   1.2e-01   7.7e-05 0.42
    22      50    1.0e+02    2    2.4e-03  -644.92759999  -597.28251645    -0.00348414   0.002848   1.1e-02   1.1e-04 0.43
    23      50    8.2e+01    2    3.0e-03  -644.92775951  -597.28267597    -0.00015952   0.004908   2.0e-02   1.3e-04 0.44
    24      50    1.0e+02    2    2.1e-03  -644.92789367  -597.28281012    -0.00013415   0.004871   1.9e-02   1.2e-04 0.45
    25      50    9.6e+01    2    3.3e-03  -644.92802349  -597.28293994    -0.00012982   0.005228   2.1e-02   1.2e-04 0.47
    26      50    1.0e+02    2    1.4e-02  -644.92812306  -597.28303951    -0.00009957   0.005271   2.1e-02   1.1e-04 0.48
    27      50    9.9e+01    1    6.3e-02  -644.92822313  -597.28313958    -0.00010007   0.005245   2.1e-02   2.1e-04 0.49
    28      50    9.6e+01    1    4.3e-02  -644.92831352  -597.28322997    -0.00009039   0.005614   2.2e-02   2.2e-04 0.50
    29      50    9.1e+01    2    5.7e-03  -644.92840540  -597.28332185    -0.00009188   0.005361   2.1e-02   1.5e-04 0.51
    30      50    9.2e+01    1    2.5e-02  -644.92846159  -597.28337804    -0.00005619   0.005508   2.2e-02   1.6e-04 0.52
    31      50    8.1e+01    1    2.7e-02  -644.92855338  -597.28346983    -0.00009179   0.005265   2.1e-02   2.3e-04 0.54
    32      50    9.7e+01    1    1.2e-02  -644.92861726  -597.28353371    -0.00006388   0.005522   2.2e-02   2.3e-04 0.55
    33      50    9.9e+01    1    6.5e-03  -644.92870870  -597.28362515    -0.00009144   0.005401   2.2e-02   2.9e-04 0.56
    34      50    9.2e+01    2    1.5e-02  -644.92876909  -597.28368554    -0.00006039   0.005554   2.2e-02   1.8e-04 0.57
    35      50    8.8e+01    1    2.1e-03  -644.92887461  -597.28379106    -0.00010552   0.005442   2.2e-02   2.4e-04 0.59
    36      50    9.5e+01    2    2.2e-03  -644.92895866  -597.28387511    -0.00008405   0.005195   2.1e-02   1.7e-04 0.60
    37      50    9.9e+01    2    2.5e-03  -644.92908941  -597.28400586    -0.00013075   0.005239   2.1e-02   1.6e-04 0.61
    38      50    9.2e+01    2    5.9e-03  -644.92920192  -597.28411837    -0.00011251   0.005168   2.1e-02   1.3e-04 0.63
    39      50    9.8e+01    2    1.5e-02  -644.92938118  -597.28429763    -0.00017926   0.005165   2.1e-02   1.4e-04 0.64
    40      50    9.6e+01    2    2.9e-03  -644.92953597  -597.28445242    -0.00015479   0.005233   2.1e-02   1.3e-04 0.66
 
RESULTS OF THE OCCUPATION OPTIMIZATION
========================================
   1    1.9999696  -91.29872134
   2    1.9999294  -48.83537750
   3    1.9995591  -7.35417585
   4    1.9995649  -7.35266848
   5    1.9994830  -7.34323841
   6    1.9995280  -7.33696468
   7    1.9984096  -2.77346783
   8    1.9986031  -2.74978771
   9    1.9985892  -2.74728737
  10    1.9984771  -2.74152889
  11    1.9836094  -0.80736413
  12    1.9603840  -0.43019368
  13    1.9583954  -0.41250213
  14    1.3393403  -0.24337659
  15    0.6606597  -0.13270141
  16    0.0416046  -0.01565403
  17    0.0396160  -0.01544666
  18    0.0163906  -0.00880029
  19    0.0015229  -0.00557746
  20    0.0014108  -0.00533881
  21    0.0013969  -0.00532042
  22    0.0015904  -0.00579035
  23    0.0004720  -0.00490501
  24    0.0005170  -0.00518550
  25    0.0004351  -0.00468042
  26    0.0004409  -0.00471202
  27    0.0000706  -0.00667131
  28    0.0000304  -0.00567381
 
----------------
 Final Energies 
----------------
Final NOF Total Energy =    -597.2844524
 
Total Orbital Internal Iterations = 1380
Total Occupation Internal Iterations = 115
 
Elapsed time: 2627.09 Seconds

---------------------------------
   Lowdin Population Analysis    
---------------------------------
 Idx  Atom   Population   Charge 
---------------------------------
  1    Mg    12.265      -0.265
  2     S    15.735       0.265

---------------------------------
   M Diagnostic: 0.66
---------------------------------

Recovering execution output...
Moving from /scratch/pobleyef/285096 to /home-nas/pobleyef/Slim-NOF/ncwo1/Slim05/PNOF7/arina.285096
mkdir -p /home-nas/pobleyef/Slim-NOF/ncwo1/Slim05/PNOF7/arina.285096
mv /scratch/pobleyef/285096/* /home-nas/pobleyef/Slim-NOF/ncwo1/Slim05/PNOF7/arina.285096
