ALKBDE10-k
/software/eb2024/easybuild/software/common/software/Julia/1.11.3-linux-x86_64/bin/julia
Job runing on nh014
Choosing scratch ...
Automatic scratch folder selection
/scratch/pobleyef/285094
/scratch/pobleyef/285094 directory
cp ALKBDE10-k.jl ALKBDE10-k.jld2 to  /scratch/pobleyef/285094/.
ALKBDE10-k_C.jld2 not found
ALKBDE10-k_n.jld2 not found
Computing Integrals
Basis Set                                            = def2-qzvp
Auxiliary Basis Set                                  = def2-universal-jkfit
Gaussian Type                                        = Spherical
Elapsed time:    3.57 Seconds

Number of basis functions                   (NBF)    = 56
Number of auxiliary basis functions         (NBFAUX) = 160
Inactive Doubly occupied orbitals up to     (NO1)    = 0
No. considered Strongly Doubly occupied MOs (NDOC)   = 9
No. considered Strongly Singly occupied MOs (NSOC)   = 1
NO. of Weakly occ. per St. Doubly occ.  MOs (NCWO)   = 1
Dimension of the Nat. Orb. subspace         (NBF5)   = 19
No. of electrons                                     = 19
    No. of alpha electrons                           = 10
    No. of beta electrons                            = 9
Multiplicity                                         = 2

Geometry
========
 K       0.0000000       0.0000000       0.0000000

No violations of the orthonormality
No violations of the orthonormality
 
PNOF7/ADABelief Calculation
==================
 
  Nitext  Nit_orb  Time   Nit_occ  Time         Eelec          Etot           Ediff      maxdiff    MaxGrad_orb  Grad_occ
     1      10    2.8e+01   10    3.4e+01  -594.94042801  -594.94042801 -10593.94042801   1.299901   5.2e+00   1.5e-04 0.00
     2      10    5.6e-02    7    2.7e-03  -597.89235914  -597.89235914    -2.95193112   2.590761   1.0e+01   9.5e-05 0.01
     3      10    2.3e-02    4    1.7e-03  -598.88420412  -598.88420412    -0.99184499   0.406357   1.6e+00   1.3e-04 0.01
     4      10    2.2e-02    3    5.9e-03  -599.00591803  -599.00591803    -0.12171391   0.414755   1.7e+00   1.4e-04 0.01
     5      10    2.3e-02    2    9.8e-04  -599.01334932  -599.01334932    -0.00743129   0.487795   2.0e+00   1.7e-04 0.01
     6      10    2.2e-02    0    8.8e-04  -599.01344814  -599.01344814    -0.00009882   0.487795   2.0e+00   1.7e-04 0.01
     7      30    6.9e-02    1    1.0e-03  -599.11554270  -599.11554270    -0.10209456   0.031529   1.3e-01   2.1e-04 0.01
     8      30    6.9e-02    1    8.5e-04  -599.13863715  -599.13863715    -0.02309445   0.016993   6.8e-02   1.5e-04 0.01
     9      30    6.7e-02    1    1.0e-03  -599.14641580  -599.14641580    -0.00777865   0.013929   5.6e-02   1.7e-04 0.01
    10      30    6.3e-02    0    5.0e-03  -599.15249569  -599.15249569    -0.00607989   0.010575   4.2e-02   1.5e-04 0.01
    11      40    8.6e-02    1    1.1e-03  -599.15598008  -599.15598008    -0.00348439   0.009973   4.0e-02   1.5e-04 0.01
    12      40    8.6e-02    0    1.0e-03  -599.15741925  -599.15741925    -0.00143917   0.011282   4.5e-02   2.0e-04 0.01
    13      50    1.1e-01    1    9.4e-04  -599.15880558  -599.15880558    -0.00138633   0.007801   3.1e-02   1.5e-04 0.01
    14      50    1.1e-01    0    9.6e-04  -599.15988497  -599.15988497    -0.00107939   0.006839   2.7e-02   1.8e-04 0.01
    15      60    1.3e-01    0    9.7e-04  -599.16167330  -599.16167330    -0.00178833   0.007804   3.1e-02   2.4e-04 0.01
    16      70    1.5e-01    1    5.1e-03  -599.16460070  -599.16460070    -0.00292740   0.006509   2.6e-02   1.4e-04 0.01
    17      70    1.5e-01    0    8.8e-04  -599.16719428  -599.16719428    -0.00259358   0.007766   3.1e-02   1.3e-04 0.01
    18      80    1.7e-01    0    7.5e-04  -599.17094012  -599.17094012    -0.00374584   0.008237   3.3e-02   1.3e-04 0.01
    19      90    1.9e-01    0    8.3e-04  -599.17620350  -599.17620350    -0.00526338   0.009070   3.6e-02   1.3e-04 0.01
    20     100    2.1e-01    0    8.6e-04  -599.18229784  -599.18229784    -0.00609434   0.008354   3.3e-02   1.4e-04 0.01
    21     110    2.2e-01    0    5.2e-03  -599.18903949  -599.18903949    -0.00674165   0.008096   3.2e-02   1.6e-04 0.01
    22     120    2.4e-01    0    9.3e-04  -599.19496754  -599.19496754    -0.00592805   0.006317   2.5e-02   1.9e-04 0.01
    23     130    2.5e-01    0    1.1e-03  -599.20033892  -599.20033892    -0.00537138   0.005237   2.1e-02   2.2e-04 0.01
    24     140    2.8e-01    1    1.0e-03  -599.20398061  -599.20398061    -0.00364169   0.004425   1.8e-02   2.0e-04 0.01
    25     140    2.8e-01    0    1.2e-03  -599.20653922  -599.20653922    -0.00255861   0.003680   1.5e-02   1.6e-04 0.01
    26     150    3.0e-01    0    1.1e-03  -599.20814056  -599.20814056    -0.00160135   0.003348   1.3e-02   1.6e-04 0.01
    27     160    3.1e-01    0    1.1e-03  -599.20922470  -599.20922470    -0.00108413   0.002924   1.2e-02   1.5e-04 0.01
    28     170    3.3e-01    0    8.4e-04  -599.20977494  -599.20977494    -0.00055024   0.002823   1.1e-02   1.6e-04 0.01
    29     180    3.6e-01    0    8.3e-04  -599.21018903  -599.21018903    -0.00041409   0.002371   9.5e-03   1.6e-04 0.01
    30     190    3.7e-01    0    8.8e-04  -599.21028915  -599.21028915    -0.00010013   0.002175   8.7e-03   1.6e-04 0.01
    31     200    3.9e-01    0    9.7e-04  -599.21030797  -599.21030797    -0.00001882   0.002142   8.6e-03   1.6e-04 0.01
    32     210    4.1e-01    0    8.5e-04  -599.21032188  -599.21032188    -0.00001390   0.001840   7.4e-03   1.6e-04 0.01
    33     220    4.3e-01    0    7.7e-04  -599.21032769  -599.21032769    -0.00000581   0.001701   6.8e-03   1.6e-04 0.01
    34     230    4.4e-01    0    5.6e-03  -599.21032849  -599.21032849    -0.00000080   0.001884   7.5e-03   1.6e-04 0.01
    35     240    4.6e-01    0    7.6e-04  -599.21033795  -599.21033795    -0.00000946   0.001426   5.7e-03   1.6e-04 0.01
    36     250    4.8e-01    0    9.6e-04  -599.21033534  -599.21033534     0.00000261   0.001495   6.0e-03   1.6e-04 0.01
    37     207    4.0e-01    0    8.1e-04  -599.21036148  -599.21036148    -0.00002614   0.000499   2.0e-03   1.6e-04 0.01
 
RESULTS OF THE OCCUPATION OPTIMIZATION
========================================
   1    1.9999610  -118.75839344
   2    1.9999972  -18.25466166
   3    1.9999961  -17.68963047
   4    1.9999997  -16.29017902
   5    1.9999961  -11.50779659
   6    1.9970585  -1.78464970
   7    1.9883651  -0.96844126
   8    1.9885172  -0.96836246
   9    1.9885826  -0.96831697
  10    1.0000000  -0.07440245
  11    0.0114174  -0.01015859
  12    0.0114828  -0.01019053
  13    0.0116349  -0.01025865
  14    0.0029415  -0.00353184
  15    0.0000039  -0.00009570
  16    0.0000003  -0.00004073
  17    0.0000039  -0.00013485
  18    0.0000028  -0.00011821
  19    0.0000390  -0.00847454
 
----------------
 Final Energies 
----------------
Final NOF Total Energy =    -599.2103615
 
Total Orbital Internal Iterations = 3877
Total Occupation Internal Iterations = 33
 
Elapsed time:   89.04 Seconds

---------------------------------
   Lowdin Population Analysis    
---------------------------------
 Idx  Atom   Population   Charge 
---------------------------------
  1     K    19.000      -0.000

---------------------------------
   M Diagnostic: 0.01
---------------------------------

Recovering execution output...
Moving from /scratch/pobleyef/285094 to /home-nas/pobleyef/Slim-NOF/ncwo1/Slim05/PNOF7/arina.285094
mkdir -p /home-nas/pobleyef/Slim-NOF/ncwo1/Slim05/PNOF7/arina.285094
mv /scratch/pobleyef/285094/* /home-nas/pobleyef/Slim-NOF/ncwo1/Slim05/PNOF7/arina.285094
