BH76-hco_C.jld2 not found
BH76-hco_n.jld2 not found
Computing Integrals
Basis Set                                            = def2-qzvp
Auxiliary Basis Set                                  = def2-universal-jkfit
Gaussian Type                                        = Spherical
Elapsed time:    1.72 Seconds

Number of basis functions                   (NBF)    = 144
Number of auxiliary basis functions         (NBFAUX) = 170
Inactive Doubly occupied orbitals up to     (NO1)    = 0
No. considered Strongly Doubly occupied MOs (NDOC)   = 7
No. considered Strongly Singly occupied MOs (NSOC)   = 1
NO. of Weakly occ. per St. Doubly occ.  MOs (NCWO)   = 1
Dimension of the Nat. Orb. subspace         (NBF5)   = 15
No. of electrons                                     = 15
    No. of alpha electrons                           = 8
    No. of beta electrons                            = 7
Multiplicity                                         = 2

Geometry
========
 H      -0.6086106       0.8210344       0.0000000
 C       0.3043053       0.1777983       0.0000000
 O       0.3043053      -0.9988326       0.0000000

No violations of the orthonormality
No violations of the orthonormality
 
PNOF7/ADABelief Calculation
==================
 
  Nitext  Nit_orb  Time   Nit_occ  Time         Eelec          Etot           Ediff      maxdiff    MaxGrad_orb  Grad_occ
     1      10    9.5e+00   10    1.2e+01  -135.40066547  -108.89087326 -10134.40066547   0.595652   2.4e+00   2.1e-04 0.05
     2      10    2.8e-01    8    8.1e-03  -138.52950980  -112.01971759    -3.12884433   0.244889   9.8e-01   7.0e-05 0.26
     3      10    2.4e-01    5    2.0e-02  -139.29134804  -112.78155583    -0.76183824   0.167138   6.7e-01   1.9e-04 0.56
     4      10    2.9e-01    4    6.4e-03  -139.53979614  -113.03000393    -0.24844810   0.187072   7.5e-01   2.6e-04 0.41
     5      10    4.0e-01    5    2.1e-02  -139.66175338  -113.15196118    -0.12195725   0.215605   8.6e-01   1.1e-04 0.19
     6      10    2.8e-01    3    3.9e-02  -139.77062498  -113.26083278    -0.10887160   0.208528   8.3e-01   2.0e-04 0.13
     7      10    5.4e-01    3    1.1e-02  -139.81918947  -113.30939726    -0.04856448   0.216279   8.7e-01   1.0e-04 0.11
     8      10    8.7e-01    2    5.5e-03  -139.84695489  -113.33716268    -0.02776542   0.240257   9.6e-01   1.8e-04 0.10
     9      10    5.8e-01    2    7.5e-03  -139.86976773  -113.35997552    -0.02281283   0.200439   8.0e-01   8.8e-05 0.09
    10      10    3.1e-01    2    3.2e-02  -139.89321732  -113.38342512    -0.02344960   0.212317   8.5e-01   1.5e-04 0.09
    11      10    8.3e-01    3    1.1e-02  -139.91994700  -113.41015479    -0.02672968   0.239057   9.6e-01   6.5e-05 0.10
    12      10    3.6e-01    2    1.7e-03  -139.92703161  -113.41723940    -0.00708461   0.230971   9.2e-01   1.6e-04 0.11
    13      10    4.8e-01    2    3.5e-02  -139.93072358  -113.42093137    -0.00369197   0.220711   8.8e-01   5.0e-05 0.11
    14      10    7.5e-01    2    1.3e-02  -139.93134849  -113.42155628    -0.00062491   0.237695   9.5e-01   4.7e-05 0.11
    15      10    1.4e+00    2    8.1e-03  -139.93277037  -113.42297817    -0.00142188   0.233518   9.3e-01   3.4e-05 0.11
    16      10    4.7e-01    2    3.6e-02  -139.93357674  -113.42378454    -0.00080637   0.220574   8.8e-01   3.4e-05 0.11
    17      10    4.2e-01    2    1.3e-02  -139.93460288  -113.42481067    -0.00102614   0.184010   7.4e-01   2.8e-05 0.11
    18      10    1.3e+00    0    4.0e-03  -139.93461242  -113.42482022    -0.00000954   0.184010   7.4e-01   2.8e-05 0.11
    19      30    2.0e+00    2    8.1e-03  -139.95823703  -113.44844482    -0.02362461   0.001758   7.0e-03   1.1e-04 0.12
    20      30    2.0e+00    0    3.0e-02  -139.95828343  -113.44849122    -0.00004640   0.001758   7.0e-03   1.1e-04 0.12
    21      39    1.8e+00    1    2.2e-02  -139.95834755  -113.44855534    -0.00006412   0.000460   1.8e-03   1.9e-04 0.12
 
RESULTS OF THE OCCUPATION OPTIMIZATION
========================================
   1    1.9997761  -20.61540973
   2    1.9995181  -11.31267972
   3    1.9844266  -1.19571359
   4    1.9855065  -0.84438781
   5    1.9833358  -0.80904178
   6    1.9708981  -0.78427385
   7    1.8790916  -0.58934195
   8    1.0000000  -0.21993221
   9    0.1209084  -0.05894545
  10    0.0291019  -0.01961109
  11    0.0166642  -0.01256140
  12    0.0144935  -0.01183046
  13    0.0155734  -0.01891798
  14    0.0004819  -0.00887062
  15    0.0002239  -0.00768374
 
----------------
 Final Energies 
----------------
Final NOF Total Energy =    -113.4485553
 
Total Orbital Internal Iterations = 279
Total Occupation Internal Iterations = 62
 
Elapsed time:   45.42 Seconds

---------------------------------
   Lowdin Population Analysis    
---------------------------------
 Idx  Atom   Population   Charge 
---------------------------------
  1     H     1.159      -0.159
  2     C     6.150      -0.150
  3     O     7.691       0.309

---------------------------------
   M Diagnostic: 0.12
---------------------------------

