G21EA-EA_20_C.jld2 not found
G21EA-EA_20_n.jld2 not found
Computing Integrals
Elapsed time:    1.68 Seconds

Number of basis functions                   (NBF)    = 96
Number of auxiliary basis functions         (NBFAUX) = 154
Inactive Doubly occupied orbitals up to     (NO1)    = 0
No. considered Strongly Doubly occupied MOs (NDOC)   = 8
No. considered Strongly Singly occupied MOs (NSOC)   = 1
NO. of Weakly occ. per St. Doubly occ.  MOs (NCWO)   = 1
Dimension of the Nat. Orb. subspace         (NBF5)   = 17
No. of electrons                                     = 17
    No. of alpha electrons                           = 9
    No. of beta electrons                            = 8
Multiplicity                                         = 2

Geometry
========
 O       0.0000000       0.0000000       0.6774772
 O       0.0000000       0.0000000      -0.6774772

No violations of the orthonormality
No violations of the orthonormality
 
PNOF7/ADABelief Calculation
==================
 
  Nitext  Nit_orb  Time   Nit_occ  Time         Eelec          Etot           Ediff      maxdiff    MaxGrad_orb  Grad_occ
     1      10    9.3e+00    8    1.2e+01  -169.78331707  -144.78817883 -10168.78331707   0.595115   2.4e+00   1.1e-04 0.01
     2      10    4.2e-02    6    7.9e-04  -173.57685133  -148.58171309    -3.79353426   0.282090   1.1e+00   1.9e-04 0.03
     3      10    4.8e-02    4    5.6e-04  -174.46404028  -149.46890203    -0.88718894   0.260963   1.0e+00   2.1e-04 0.03
     4      10    4.1e-02    3    4.9e-03  -174.61548912  -149.62035087    -0.15144884   0.268662   1.1e+00   1.1e-04 0.03
     5      10    2.7e-02    3    6.6e-04  -174.69994678  -149.70480854    -0.08445767   0.283672   1.1e+00   1.3e-04 0.04
     6      10    5.4e-02    4    6.5e-04  -174.73086057  -149.73572233    -0.03091379   0.259373   1.0e+00   4.5e-05 0.05
     7      10    2.5e-02    3    5.6e-04  -174.75410782  -149.75896958    -0.02324725   0.282162   1.1e+00   1.1e-04 0.06
     8      10    6.2e-02    3    5.5e-04  -174.77327644  -149.77813819    -0.01916862   0.239767   9.6e-01   8.2e-05 0.08
     9      10    3.7e-02    0    4.7e-04  -174.77410802  -149.77896977    -0.00083158   0.239767   9.6e-01   8.2e-05 0.08
    10      30    7.3e-02    2    2.2e-03  -174.81045816  -149.81531991    -0.03635014   0.007609   3.0e-02   1.2e-04 0.08
    11      30    1.2e-01    2    3.5e-03  -174.81243205  -149.81729381    -0.00197389   0.005773   2.3e-02   1.6e-04 0.08
    12      30    1.3e-01    2    2.5e-03  -174.81266513  -149.81752689    -0.00023308   0.007396   3.0e-02   7.9e-05 0.08
    13      30    8.1e-02    2    8.9e-04  -174.81286886  -149.81773062    -0.00020373   0.007331   2.9e-02   8.8e-05 0.08
    14      30    8.0e-02    2    2.2e-03  -174.81349458  -149.81835634    -0.00062572   0.006499   2.6e-02   3.8e-05 0.08
    15      30    1.3e-01    3    5.2e-04  -174.81422356  -149.81908531    -0.00072898   0.006723   2.7e-02   3.9e-05 0.08
    16      30    8.0e-02    2    5.2e-04  -174.81526982  -149.82013158    -0.00104627   0.006293   2.5e-02   8.6e-05 0.08
    17      30    7.9e-02    1    6.5e-04  -174.81581503  -149.82067679    -0.00054521   0.006301   2.5e-02   1.9e-04 0.08
    18      30    1.0e-01    1    5.4e-04  -174.81590964  -149.82077139    -0.00009461   0.006299   2.5e-02   9.3e-05 0.08
    19      30    7.1e-02    0    4.8e-04  -174.81591038  -149.82077213    -0.00000074   0.006299   2.5e-02   9.3e-05 0.08
    20      48    1.2e-01    1    3.1e-03  -174.81612330  -149.82098505    -0.00021292   0.000478   1.9e-03   7.4e-05 0.08
 
RESULTS OF THE OCCUPATION OPTIMIZATION
========================================
   1    1.9997713  -20.29310724
   2    1.9997707  -20.29160676
   3    1.9843836  -0.57805722
   4    1.9842796  -0.57716106
   5    1.9842543  -0.57650483
   6    1.9842313  -0.57449466
   7    1.9176762  -0.45391729
   8    1.9543956  -0.28187236
   9    1.0000000  -0.11976311
  10    0.0456044  -0.00802420
  11    0.0823238  -0.04054609
  12    0.0157687  -0.01192119
  13    0.0157457  -0.01191348
  14    0.0157204  -0.01190401
  15    0.0156164  -0.01187083
  16    0.0002293  -0.00775199
  17    0.0002287  -0.00774728
 
----------------
 Final Energies 
----------------
Final NOF Total Energy =    -149.8209851
 
Total Orbital Internal Iterations = 438
Total Occupation Internal Iterations = 52
 
Elapsed time:   29.14 Seconds

---------------------------------
   Lowdin Population Analysis    
---------------------------------
 Idx  Atom   Population   Charge 
---------------------------------
  1     O     8.503      -0.503
  2     O     8.497      -0.497

---------------------------------
   M Diagnostic: 0.08
---------------------------------

