G21EA-EA_21_C.jld2 not found
G21EA-EA_21_n.jld2 not found
Computing Integrals
Elapsed time:    1.62 Seconds

Number of basis functions                   (NBF)    = 105
Number of auxiliary basis functions         (NBFAUX) = 154
Inactive Doubly occupied orbitals up to     (NO1)    = 0
No. considered Strongly Doubly occupied MOs (NDOC)   = 7
No. considered Strongly Singly occupied MOs (NSOC)   = 2
NO. of Weakly occ. per St. Doubly occ.  MOs (NCWO)   = 1
Dimension of the Nat. Orb. subspace         (NBF5)   = 16
No. of electrons                                     = 16
    No. of alpha electrons                           = 9
    No. of beta electrons                            = 7
Multiplicity                                         = 3

Geometry
========
 N       0.0000000       0.0000000       0.6348700
 O       0.0000000       0.0000000      -0.6348700

No violations of the orthonormality
No violations of the orthonormality
 
PNOF7/ADABelief Calculation
==================
 
  Nitext  Nit_orb  Time   Nit_occ  Time         Eelec          Etot           Ediff      maxdiff    MaxGrad_orb  Grad_occ
     1      10    9.2e+00    9    1.1e+01  -148.07034928  -124.73181942 -10147.07034928   0.664200   2.7e+00   1.5e-04 0.02
     2      10    2.1e-01    6    4.1e-03  -151.38398970  -128.04545984    -3.31364042   0.317537   1.3e+00   1.2e-04 0.09
     3      10    3.2e-01    5    3.5e-02  -152.21803189  -128.87950203    -0.83404219   0.209815   8.4e-01   8.1e-05 0.13
     4      10    3.4e-01    4    2.4e-03  -152.46103697  -129.12250711    -0.24300508   0.188836   7.6e-01   1.9e-04 0.11
     5      10    2.0e-01    4    2.3e-02  -152.59430539  -129.25577553    -0.13326843   0.218815   8.8e-01   7.0e-05 0.07
     6      10    3.4e-01    3    8.5e-03  -152.68489361  -129.34636375    -0.09058821   0.209585   8.4e-01   1.1e-04 0.05
     7      10    2.4e-01    3    8.8e-04  -152.72447453  -129.38594467    -0.03958093   0.199716   8.0e-01   7.1e-05 0.04
     8      10    1.8e-01    3    2.9e-02  -152.72846722  -129.38993736    -0.00399269   0.212152   8.5e-01   6.7e-05 0.04
     9      10    4.5e-01    2    3.6e-02  -152.72929615  -129.39076629    -0.00082893   0.211447   8.5e-01   1.2e-04 0.04
    10      10    4.8e-01    2    8.5e-02  -152.72962756  -129.39109770    -0.00033142   0.207573   8.3e-01   7.9e-05 0.04
    11      10    1.8e-01    2    3.2e-02  -152.73118429  -129.39265442    -0.00155672   0.191644   7.7e-01   5.6e-05 0.04
    12      10    2.0e-01    2    5.8e-02  -152.73660206  -129.39807220    -0.00541777   0.194233   7.8e-01   8.4e-05 0.04
    13      10    3.0e-01    2    3.0e-02  -152.73695874  -129.39842888    -0.00035669   0.208291   8.3e-01   4.6e-05 0.04
    14      10    3.6e-01    2    2.8e-02  -152.73900557  -129.40047571    -0.00204683   0.205812   8.2e-01   3.2e-05 0.04
    15      10    2.6e-01    2    3.2e-02  -152.74182256  -129.40329270    -0.00281699   0.218715   8.7e-01   5.6e-05 0.03
    16      10    2.9e-01    0    1.4e-02  -152.74199017  -129.40346031    -0.00016761   0.218715   8.7e-01   5.6e-05 0.03
    17      30    2.0e+00    2    1.3e-03  -152.77120876  -129.43267890    -0.02921859   0.001151   4.6e-03   4.6e-05 0.03
    18      30    1.1e+00    2    4.7e-03  -152.77181531  -129.43328545    -0.00060654   0.001400   5.6e-03   5.1e-05 0.03
    19      30    9.0e-01    2    1.2e-02  -152.77216015  -129.43363029    -0.00034484   0.001491   6.0e-03   4.2e-05 0.03
    20      30    1.8e+00    1    9.9e-03  -152.77233825  -129.43380839    -0.00017811   0.002083   8.3e-03   8.0e-05 0.03
    21      30    1.5e+00    1    2.4e-03  -152.77240860  -129.43387873    -0.00007034   0.001468   5.9e-03   6.6e-05 0.03
    22      30    1.0e+00    0    3.2e-03  -152.77243586  -129.43390600    -0.00002726   0.001468   5.9e-03   6.6e-05 0.03
    23      33    1.4e+00    1    7.3e-03  -152.77251662  -129.43398675    -0.00008076   0.000499   2.0e-03   3.3e-05 0.03
 
RESULTS OF THE OCCUPATION OPTIMIZATION
========================================
   1    1.9997646  -20.27357330
   2    1.9996646  -15.30286132
   3    1.9658321  -0.70342324
   4    1.9787446  -0.48751355
   5    1.9784119  -0.48077485
   6    1.9667851  -0.47698784
   7    1.9770701  -0.45567639
   8    1.0000000  -0.07060691
   9    1.0000000  -0.07048404
  10    0.0229299  -0.01088871
  11    0.0332149  -0.01304718
  12    0.0215881  -0.01090180
  13    0.0212554  -0.01091274
  14    0.0341679  -0.02696693
  15    0.0003354  -0.00838048
  16    0.0002354  -0.00791509
 
----------------
 Final Energies 
----------------
Final NOF Total Energy =    -129.4339868
 
Total Orbital Internal Iterations = 373
Total Occupation Internal Iterations = 60
 
Elapsed time:   43.13 Seconds

---------------------------------
   Lowdin Population Analysis    
---------------------------------
 Idx  Atom   Population   Charge 
---------------------------------
  1     N     7.592      -0.592
  2     O     8.408      -0.408

---------------------------------
   M Diagnostic: 0.03
---------------------------------

