G21EA-EA_14_C.jld2 not found
G21EA-EA_14_n.jld2 not found
Computing Integrals
Elapsed time:    1.59 Seconds

Number of basis functions                   (NBF)    = 100
Number of auxiliary basis functions         (NBFAUX) = 146
Inactive Doubly occupied orbitals up to     (NO1)    = 0
No. considered Strongly Doubly occupied MOs (NDOC)   = 7
No. considered Strongly Singly occupied MOs (NSOC)   = 2
NO. of Weakly occ. per St. Doubly occ.  MOs (NCWO)   = 1
Dimension of the Nat. Orb. subspace         (NBF5)   = 16
No. of electrons                                     = 16
    No. of alpha electrons                           = 9
    No. of beta electrons                            = 7
Multiplicity                                         = 3

Geometry
========
Si       0.0000000       0.0000000       0.7829904
 H       0.0000000       0.0000000      -0.7829904

No violations of the orthonormality
No violations of the orthonormality
 
PNOF7/ADABelief Calculation
==================
 
  Nitext  Nit_orb  Time   Nit_occ  Time         Eelec          Etot           Ediff      maxdiff    MaxGrad_orb  Grad_occ
     1      10    9.3e+00    8    1.1e+01  -288.10459775  -283.37371870 -10287.10459775   0.675941   2.7e+00   1.8e-04 0.00
     2      10    3.1e-01    9    1.1e-02  -292.44495338  -287.71407433    -4.34035563   0.618467   2.5e+00   4.5e-05 0.01
     3      10    2.8e-01    4    9.7e-04  -293.53399598  -288.80311693    -1.08904260   0.241403   9.7e-01   5.6e-05 0.03
     4      10    3.7e-01    3    2.6e-02  -293.83336432  -289.10248527    -0.29936833   0.467933   1.9e+00   8.0e-05 0.05
     5      10    1.7e-01    2    6.0e-03  -293.99481982  -289.26394077    -0.16145550   0.241666   9.7e-01   8.2e-05 0.06
     6      10    3.0e-01    2    8.2e-04  -294.04139870  -289.31051965    -0.04657888   0.230929   9.2e-01   1.1e-04 0.06
     7      10    2.7e-01    2    1.9e-02  -294.05467942  -289.32380037    -0.01328073   0.507063   2.0e+00   9.3e-05 0.07
     8      10    1.7e-01    0    6.1e-04  -294.05480304  -289.32392399    -0.00012362   0.507063   2.0e+00   9.3e-05 0.07
     9      30    6.4e-01    2    8.7e-04  -294.21540533  -289.48452628    -0.16060228   0.077009   3.1e-01   4.7e-05 0.08
    10      30    9.4e-01    2    9.6e-04  -294.25753917  -289.52666012    -0.04213384   0.027881   1.1e-01   6.8e-05 0.08
    11      30    7.0e-01    2    1.4e-02  -294.27062216  -289.53974311    -0.01308299   0.022600   9.0e-02   6.9e-05 0.08
    12      30    6.8e-01    1    3.2e-03  -294.27595327  -289.54507421    -0.00533110   0.019129   7.7e-02   1.5e-04 0.09
    13      30    5.0e-01    2    2.4e-02  -294.27813721  -289.54725816    -0.00218394   0.020302   8.1e-02   5.5e-05 0.09
    14      30    6.5e-01    2    1.1e-02  -294.27903180  -289.54815275    -0.00089460   0.020783   8.3e-02   3.6e-05 0.09
    15      30    5.6e-01    1    3.2e-03  -294.27947934  -289.54860029    -0.00044754   0.017506   7.0e-02   9.6e-05 0.09
    16      30    8.1e-01    1    4.9e-03  -294.27960059  -289.54872154    -0.00012125   0.018451   7.4e-02   1.3e-04 0.09
    17      30    7.6e-01    1    2.2e-02  -294.27978242  -289.54890337    -0.00018183   0.018660   7.5e-02   1.0e-04 0.09
    18      30    8.2e-01    0    3.4e-02  -294.27978582  -289.54890677    -0.00000340   0.018660   7.5e-02   1.0e-04 0.09
    19      50    1.8e+00    1    3.8e-02  -294.28090979  -289.55003074    -0.00112397   0.000848   3.4e-03   1.4e-04 0.09
 
RESULTS OF THE OCCUPATION OPTIMIZATION
========================================
   1    1.9999571  -68.27434993
   2    1.9990394  -4.55038063
   3    1.9988775  -4.51403909
   4    1.9989361  -4.51215554
   5    1.9988595  -4.49940602
   6    1.9751631  -0.36647205
   7    1.9069045  -0.16449484
   8    1.0000000  -0.03335507
   9    1.0000000  -0.03292095
  10    0.0930955  -0.01359879
  11    0.0248369  -0.00772012
  12    0.0011405  -0.00697753
  13    0.0010639  -0.00665193
  14    0.0011225  -0.00692364
  15    0.0009606  -0.00612951
  16    0.0000429  -0.00584707
 
----------------
 Final Energies 
----------------
Final NOF Total Energy =    -289.5500307
 
Total Orbital Internal Iterations = 430
Total Occupation Internal Iterations = 45
 
Elapsed time:   39.12 Seconds

---------------------------------
   Lowdin Population Analysis    
---------------------------------
 Idx  Atom   Population   Charge 
---------------------------------
  1    Si    14.714      -0.714
  2     H     1.286      -0.286

---------------------------------
   M Diagnostic: 0.09
---------------------------------

