G21EA-EA_12n_C.jld2 not found
G21EA-EA_12n_n.jld2 not found
Computing Integrals
Elapsed time:    1.70 Seconds

Number of basis functions                   (NBF)    = 117
Number of auxiliary basis functions         (NBFAUX) = 113
Inactive Doubly occupied orbitals up to     (NO1)    = 0
No. considered Strongly Doubly occupied MOs (NDOC)   = 4
No. considered Strongly Singly occupied MOs (NSOC)   = 1
NO. of Weakly occ. per St. Doubly occ.  MOs (NCWO)   = 1
Dimension of the Nat. Orb. subspace         (NBF5)   = 9
No. of electrons                                     = 9
    No. of alpha electrons                           = 5
    No. of beta electrons                            = 4
Multiplicity                                         = 2

Geometry
========
 N       0.0000000       0.0000000       0.4263240
 H       0.8041359       0.0000000      -0.2131620
 H      -0.8041359       0.0000000      -0.2131620

No violations of the orthonormality
No violations of the orthonormality
 
PNOF7/ADABelief Calculation
==================
 
  Nitext  Nit_orb  Time   Nit_occ  Time         Eelec          Etot           Ediff      maxdiff    MaxGrad_orb  Grad_occ
     1      10    9.3e+00    7    1.2e+01   -60.74910794   -53.20927541 -10059.74910794   0.409124   1.6e+00   5.3e-05 0.02
     2      10    2.7e-01    6    1.8e-03   -62.51607493   -54.97624240    -1.76696699   0.173387   6.9e-01   1.4e-04 0.13
     3      10    2.2e-01    4    8.7e-04   -62.97249754   -55.43266501    -0.45642261   0.156890   6.3e-01   1.7e-04 0.13
     4      10    4.0e-01    4    1.2e-01   -63.08929601   -55.54946348    -0.11679847   0.134392   5.4e-01   3.4e-05 0.06
     5      10    8.1e-01    2    1.8e-03   -63.13917631   -55.59934378    -0.04988030   0.164438   6.6e-01   2.3e-04 0.04
     6      10    2.0e-01    2    4.8e-03   -63.15663252   -55.61679999    -0.01745620   0.171733   6.9e-01   1.1e-04 0.03
     7      10    2.0e-01    2    8.9e-04   -63.16424619   -55.62441365    -0.00761367   0.130157   5.2e-01   6.3e-05 0.03
     8      10    1.4e-01    1    2.2e-03   -63.16666320   -55.62683067    -0.00241702   0.146378   5.9e-01   1.1e-04 0.03
     9      10    2.7e-01    1    2.2e-03   -63.16856564   -55.62873311    -0.00190244   0.192712   7.7e-01   7.6e-05 0.03
    10      10    2.2e-01    0    3.2e-03   -63.17182684   -55.63199431    -0.00326120   0.104219   4.2e-01   1.3e-04 0.03
    11      20    5.8e-01    1    6.9e-03   -63.19108553   -55.65125300    -0.01925869   0.015118   6.0e-02   1.1e-04 0.03
    12      20    7.2e-01    1    7.7e-03   -63.20963599   -55.66980346    -0.01855046   0.012773   5.1e-02   1.8e-04 0.03
    13      20    2.9e-01    2    1.3e-02   -63.21347671   -55.67364417    -0.00384072   0.019339   7.7e-02   7.4e-05 0.03
    14      20    5.0e-01    0    3.4e-03   -63.21350152   -55.67366899    -0.00002481   0.019339   7.7e-02   7.4e-05 0.03
    15      40    8.0e-01    1    7.1e-03   -63.21490613   -55.67507360    -0.00140461   0.001094   4.4e-03   7.1e-05 0.03
    16      40    7.1e-01    0    1.3e-03   -63.21491858   -55.67508605    -0.00001245   0.001109   4.4e-03   1.0e-04 0.03
    17      50    1.8e+00    1    1.7e-03   -63.21492133   -55.67508880    -0.00000275   0.000712   2.8e-03   2.6e-05 0.03
 
RESULTS OF THE OCCUPATION OPTIMIZATION
========================================
   1    1.9996804  -15.57195126
   2    1.9699188  -0.81294711
   3    1.9699187  -0.81287778
   4    1.9777688  -0.64777294
   5    1.0000000  -0.26988404
   6    0.0222312  -0.01417083
   7    0.0300813  -0.02353477
   8    0.0300812  -0.02353436
   9    0.0003196  -0.00817926
 
----------------
 Final Energies 
----------------
Final NOF Total Energy =     -55.6750888
 
Total Orbital Internal Iterations = 310
Total Occupation Internal Iterations = 35
 
Elapsed time:   36.39 Seconds

---------------------------------
   Lowdin Population Analysis    
---------------------------------
 Idx  Atom   Population   Charge 
---------------------------------
  1     N     6.516       0.484
  2     H     1.242      -0.242
  3     H     1.242      -0.242

---------------------------------
   M Diagnostic: 0.03
---------------------------------

