G21EA-EA_20n_C.jld2 not found
G21EA-EA_20n_n.jld2 not found
Computing Integrals
Elapsed time:    1.65 Seconds

Number of basis functions                   (NBF)    = 96
Number of auxiliary basis functions         (NBFAUX) = 154
Inactive Doubly occupied orbitals up to     (NO1)    = 0
No. considered Strongly Doubly occupied MOs (NDOC)   = 7
No. considered Strongly Singly occupied MOs (NSOC)   = 2
NO. of Weakly occ. per St. Doubly occ.  MOs (NCWO)   = 1
Dimension of the Nat. Orb. subspace         (NBF5)   = 16
No. of electrons                                     = 16
    No. of alpha electrons                           = 9
    No. of beta electrons                            = 7
Multiplicity                                         = 3

Geometry
========
 O       0.0000000       0.0000000       0.6044902
 O       0.0000000       0.0000000      -0.6044902

No violations of the orthonormality
No violations of the orthonormality
 
PNOF7/ADABelief Calculation
==================
 
  Nitext  Nit_orb  Time   Nit_occ  Time         Eelec          Etot           Ediff      maxdiff    MaxGrad_orb  Grad_occ
     1      10    9.0e+00    9    1.1e+01  -172.05769289  -144.04460586 -10171.05769289   0.708519   2.8e+00   1.1e-04 0.02
     2      10    3.3e-02    8    8.5e-04  -175.80294458  -147.78985755    -3.74525169   0.299388   1.2e+00   1.5e-04 0.24
     3      10    2.9e-02    5    6.3e-04  -177.17998533  -149.16689830    -1.37704075   0.228586   9.1e-01   8.9e-05 0.09
     4      10    3.0e-02    5    5.6e-04  -177.49373682  -149.48064979    -0.31375149   0.268001   1.1e+00   6.2e-05 0.04
     5      10    3.4e-02    3    5.4e-04  -177.63852782  -149.62544079    -0.14479100   0.264987   1.1e+00   1.5e-04 0.03
     6      10    5.3e-02    3    6.8e-04  -177.71785238  -149.70476535    -0.07932456   0.245355   9.8e-01   6.6e-05 0.03
     7      10    2.5e-02    3    5.2e-04  -177.76595760  -149.75287057    -0.04810522   0.254343   1.0e+00   4.4e-05 0.03
     8      10    4.1e-02    2    8.2e-04  -177.78874865  -149.77566162    -0.02279105   0.264358   1.1e+00   1.7e-04 0.04
     9      10    5.8e-02    3    6.8e-04  -177.80768492  -149.79459789    -0.01893627   0.230228   9.2e-01   6.5e-05 0.04
    10      10    2.8e-02    2    4.6e-04  -177.81121373  -149.79812670    -0.00352881   0.272515   1.1e+00   2.0e-04 0.05
    11      10    1.7e-02    2    4.8e-04  -177.81410993  -149.80102290    -0.00289620   0.261235   1.0e+00   8.6e-05 0.05
    12      10    2.7e-02    0    5.4e-04  -177.81418678  -149.80109975    -0.00007685   0.261235   1.0e+00   8.6e-05 0.05
    13      30    9.9e-02    2    2.2e-03  -177.84389593  -149.83080890    -0.02970915   0.004220   1.7e-02   1.3e-04 0.05
    14      30    9.3e-02    2    4.5e-04  -177.84410542  -149.83101838    -0.00020948   0.002824   1.1e-02   6.3e-05 0.05
    15      30    8.4e-02    0    1.2e-02  -177.84413088  -149.83104385    -0.00002547   0.002824   1.1e-02   6.3e-05 0.05
    16      41    1.1e-01    1    4.6e-04  -177.84421159  -149.83112456    -0.00008071   0.000488   2.0e-03   1.4e-04 0.05
 
RESULTS OF THE OCCUPATION OPTIMIZATION
========================================
   1    1.9997632  -20.71213619
   2    1.9997655  -20.71179456
   3    1.9534732  -1.02060402
   4    1.9827929  -1.00464535
   5    1.9826713  -0.99966027
   6    1.9823475  -0.99038164
   7    1.9820886  -0.98396040
   8    1.0000000  -0.30365465
   9    1.0000000  -0.30362643
  10    0.0179114  -0.01197858
  11    0.0176525  -0.01193151
  12    0.0173287  -0.01186563
  13    0.0172071  -0.01184930
  14    0.0465268  -0.04269933
  15    0.0002345  -0.00790802
  16    0.0002368  -0.00793404
 
----------------
 Final Energies 
----------------
Final NOF Total Energy =    -149.8311246
 
Total Orbital Internal Iterations = 251
Total Occupation Internal Iterations = 50
 
Elapsed time:   27.55 Seconds

---------------------------------
   Lowdin Population Analysis    
---------------------------------
 Idx  Atom   Population   Charge 
---------------------------------
  1     O     8.000      -0.000
  2     O     8.000       0.000

---------------------------------
   M Diagnostic: 0.05
---------------------------------

