G2RC-22_C.jld2 not found
G2RC-22_n.jld2 not found
Computing Integrals
Elapsed time:    1.83 Seconds

Number of basis functions                   (NBF)    = 100
Number of auxiliary basis functions         (NBFAUX) = 146
Inactive Doubly occupied orbitals up to     (NO1)    = 0
No. considered Strongly Doubly occupied MOs (NDOC)   = 9
No. considered Strongly Singly occupied MOs (NSOC)   = 0
NO. of Weakly occ. per St. Doubly occ.  MOs (NCWO)   = 1
Dimension of the Nat. Orb. subspace         (NBF5)   = 18
No. of electrons                                     = 18
    No. of alpha electrons                           = 9
    No. of beta electrons                            = 9
Multiplicity                                         = 1

Geometry
========
Cl       0.0000000       0.0000000      -0.6414757
 H       0.0000000       0.0000000       0.6414757

No violations of the orthonormality
No violations of the orthonormality
 
PNOF7/ADABelief Calculation
==================
 
  Nitext  Nit_orb  Time   Nit_occ  Time         Eelec          Etot           Ediff      maxdiff    MaxGrad_orb  Grad_occ
     1      10    1.0e+01    8    1.2e+01  -455.11564621  -448.10369426 -10454.11564621   1.626654   6.5e+00   7.9e-05 0.00
     2      10    1.6e-01   10    5.3e-03  -461.78826430  -454.77631235    -6.67261809   0.808886   3.2e+00   1.5e-04 0.01
     3      10    1.5e-01    8    3.5e-03  -464.83258968  -457.82063773    -3.04432538   0.406125   1.6e+00   1.8e-04 0.05
     4      10    1.6e-01    5    3.9e-02  -466.02669273  -459.01474078    -1.19410305   1.127249   4.5e+00   7.4e-05 0.09
     5      10    2.2e-01    4    3.3e-02  -466.46637312  -459.45442117    -0.43968039   1.247634   5.0e+00   1.0e-04 0.07
     6      10    3.8e-01    4    1.4e-02  -466.84401178  -459.83205983    -0.37763866   0.637045   2.5e+00   5.8e-05 0.05
     7      10    2.0e-01    3    1.2e-03  -466.98136423  -459.96941227    -0.13735245   0.578743   2.3e+00   1.2e-04 0.04
     8      10    5.1e-01    2    9.5e-03  -467.04192818  -460.02997623    -0.06056395   0.621190   2.5e+00   1.4e-04 0.03
     9      10    3.8e-01    0    1.7e-02  -467.04207019  -460.03011824    -0.00014201   0.621190   2.5e+00   1.4e-04 0.03
    10      30    1.0e+00    2    1.8e-02  -467.17905081  -460.16709885    -0.13698062   0.068825   2.8e-01   1.5e-04 0.03
    11      30    9.1e-01    2    7.6e-03  -467.18911152  -460.17715956    -0.01006071   0.032158   1.3e-01   1.1e-04 0.03
    12      30    8.9e-01    2    9.2e-03  -467.19003205  -460.17808010    -0.00092053   0.034463   1.4e-01   7.0e-05 0.03
    13      30    9.8e-01    2    5.0e-03  -467.19080259  -460.17885063    -0.00077053   0.029777   1.2e-01   4.2e-05 0.03
    14      30    8.2e-01    1    1.5e-03  -467.19102378  -460.17907183    -0.00022120   0.033275   1.3e-01   1.5e-04 0.03
    15      30    1.5e+00    2    1.5e-03  -467.19126433  -460.17931238    -0.00024055   0.027851   1.1e-01   7.0e-05 0.02
    16      30    9.4e-01    2    5.9e-02  -467.19183538  -460.17988343    -0.00057105   0.031324   1.3e-01   4.0e-05 0.02
    17      30    1.2e+00    2    1.1e-02  -467.19204698  -460.18009502    -0.00021159   0.026647   1.1e-01   3.9e-05 0.02
    18      30    2.0e+00    0    1.2e-02  -467.19213849  -460.18018654    -0.00009152   0.026647   1.1e-01   3.9e-05 0.02
    19      50    1.9e+00    1    2.2e-03  -467.19391748  -460.18196553    -0.00177899   0.001711   6.8e-03   8.5e-05 0.02
    20      50    1.4e+00    1    4.2e-03  -467.19399244  -460.18204049    -0.00007496   0.004000   1.6e-02   7.5e-05 0.02
    21      50    1.6e+00    1    6.9e-02  -467.19410759  -460.18215564    -0.00011515   0.003727   1.5e-02   7.0e-05 0.02
    22      50    1.7e+00    1    1.5e-02  -467.19419611  -460.18224416    -0.00008852   0.003564   1.4e-02   7.1e-05 0.02
    23      50    1.5e+00    1    3.4e-03  -467.19430583  -460.18235387    -0.00010972   0.003663   1.5e-02   7.0e-05 0.02
    24      50    1.6e+00    1    1.9e-02  -467.19444171  -460.18248975    -0.00013588   0.003476   1.4e-02   7.7e-05 0.02
    25      50    1.3e+00    1    8.2e-03  -467.19457568  -460.18262372    -0.00013397   0.003561   1.4e-02   8.6e-05 0.02
    26      50    2.0e+00    1    1.4e-03  -467.19473972  -460.18278776    -0.00016404   0.003665   1.5e-02   9.4e-05 0.02
    27      50    1.8e+00    1    1.7e-03  -467.19491541  -460.18296345    -0.00017569   0.003752   1.5e-02   1.0e-04 0.02
    28      50    1.6e+00    1    2.2e-03  -467.19514440  -460.18319245    -0.00022899   0.003580   1.4e-02   9.7e-05 0.02
    29      50    1.7e+00    1    1.9e-02  -467.19530607  -460.18335412    -0.00016167   0.003653   1.5e-02   9.3e-05 0.02
    30      50    1.3e+00    1    1.9e-03  -467.19541874  -460.18346679    -0.00011267   0.003625   1.5e-02   8.8e-05 0.02
    31      50    1.9e+00    1    1.5e-03  -467.19550157  -460.18354961    -0.00008282   0.003332   1.3e-02   9.1e-05 0.02
    32      50    1.2e+00    1    1.4e-03  -467.19556486  -460.18361291    -0.00006329   0.003847   1.5e-02   9.2e-05 0.02
    33      50    1.7e+00    1    1.2e-03  -467.19563215  -460.18368019    -0.00006729   0.003440   1.4e-02   9.8e-05 0.02
    34      50    1.4e+00    1    2.0e-03  -467.19569904  -460.18374709    -0.00006689   0.003689   1.5e-02   1.0e-04 0.02
    35      50    1.6e+00    1    1.7e-02  -467.19578291  -460.18383095    -0.00008387   0.003408   1.4e-02   1.2e-04 0.02
    36      50    1.8e+00    1    1.0e-02  -467.19586881  -460.18391686    -0.00008590   0.003456   1.4e-02   1.4e-04 0.02
    37      50    2.1e+00    1    7.2e-03  -467.19596538  -460.18401343    -0.00009657   0.003437   1.4e-02   1.6e-04 0.02
    38      50    1.3e+00    1    2.2e-03  -467.19604237  -460.18409041    -0.00007698   0.003550   1.4e-02   1.6e-04 0.02
    39      50    1.7e+00    1    4.4e-02  -467.19612143  -460.18416948    -0.00007907   0.003435   1.4e-02   1.7e-04 0.02
    40      50    1.3e+00    1    4.4e-03  -467.19617953  -460.18422758    -0.00005810   0.003644   1.5e-02   1.5e-04 0.02
 
RESULTS OF THE OCCUPATION OPTIMIZATION
========================================
   1    1.9999734  -103.70805415
   2    1.9997475  -8.95986047
   3    1.9997273  -8.95702876
   4    1.9997494  -8.94850180
   5    1.9997307  -8.94659660
   6    1.9775057  -0.76694052
   7    1.9891433  -0.71552578
   8    1.9870935  -0.64292787
   9    1.9870781  -0.64265203
  10    0.0129219  -0.00895886
  11    0.0129065  -0.00895324
  12    0.0108567  -0.00829550
  13    0.0224943  -0.01659240
  14    0.0002693  -0.00350879
  15    0.0002506  -0.00337301
  16    0.0002727  -0.00353836
  17    0.0002525  -0.00340963
  18    0.0000266  -0.00572139
 
----------------
 Final Energies 
----------------
Final NOF Total Energy =    -460.1842276
 
Total Orbital Internal Iterations = 1460
Total Occupation Internal Iterations = 81
 
Elapsed time:   79.61 Seconds

---------------------------------
   Lowdin Population Analysis    
---------------------------------
 Idx  Atom   Population   Charge 
---------------------------------
  1    Cl    16.631       0.369
  2     H     1.369      -0.369

---------------------------------
   M Diagnostic: 0.02
---------------------------------

