G2RC-60_C.jld2 not found
G2RC-60_n.jld2 not found
Computing Integrals
Elapsed time:    5.16 Seconds

Number of basis functions                   (NBF)    = 280
Number of auxiliary basis functions         (NBFAUX) = 512
Inactive Doubly occupied orbitals up to     (NO1)    = 0
No. considered Strongly Doubly occupied MOs (NDOC)   = 32
No. considered Strongly Singly occupied MOs (NSOC)   = 0
NO. of Weakly occ. per St. Doubly occ.  MOs (NCWO)   = 1
Dimension of the Nat. Orb. subspace         (NBF5)   = 64
No. of electrons                                     = 64
    No. of alpha electrons                           = 32
    No. of beta electrons                            = 32
Multiplicity                                         = 1

Geometry
========
Al       0.0000000       0.0000000       0.0000000
Cl       1.0455398       1.8109280       0.0000000
Cl       1.0455398      -1.8109280       0.0000000
Cl      -2.0910795       0.0000000       0.0000000

No violations of the orthonormality
No violations of the orthonormality
 
PNOF7/ADABelief Calculation
==================
 
  Nitext  Nit_orb  Time   Nit_occ  Time         Eelec          Etot           Ediff      maxdiff    MaxGrad_orb  Grad_occ
     1      10    1.1e+01    6    1.1e+01 -1872.93665627 -1578.48128931 -11871.93665627   1.719366   6.9e+00   5.7e-04 0.00
     2      10    2.2e+00   24    1.6e-01 -1899.67053206 -1605.21516509   -26.73387578   1.344161   5.4e+00   3.2e-04 0.02
     3      10    1.8e+00   16    9.9e-02 -1908.29055418 -1613.83518722    -8.62002212   0.629540   2.5e+00   2.0e-04 0.08
     4      10    1.8e+00    8    1.1e-01 -1910.03398617 -1615.57861921    -1.74343200   0.654777   2.6e+00   2.2e-04 0.09
     5      10    1.8e+00    4    7.0e-02 -1910.39073123 -1615.93536427    -0.35674506   0.985220   3.9e+00   2.8e-04 0.08
     6      10    2.0e+00    4    1.1e-01 -1910.40045623 -1615.94508927    -0.00972500   0.967842   3.9e+00   2.6e-04 0.09
     7      10    1.8e+00    9    8.9e-02 -1910.55614413 -1616.10077717    -0.15568790   1.849796   7.4e+00   1.9e-04 0.07
     8      10    1.8e+00    0    5.7e-02 -1910.55884044 -1616.10347347    -0.00269631   1.849796   7.4e+00   1.9e-04 0.07
     9      30    5.4e+00    4    6.1e-02 -1914.75667099 -1620.30130403    -4.19783056   0.155354   6.2e-01   1.8e-04 0.03
    10      30    5.5e+00    3    7.3e-02 -1915.26691664 -1620.81154968    -0.51024565   0.079396   3.2e-01   1.7e-04 0.02
    11      30    5.6e+00    2    5.9e-02 -1915.37313017 -1620.91776321    -0.10621352   0.065652   2.6e-01   1.6e-04 0.02
    12      30    6.0e+00    2    7.3e-02 -1915.38680281 -1620.93143585    -0.01367264   0.065030   2.6e-01   7.2e-05 0.02
    13      30    5.2e+00    2    7.8e-02 -1915.38744078 -1620.93207381    -0.00063796   0.064731   2.6e-01   9.6e-05 0.02
    14      30    5.4e+00    1    7.1e-02 -1915.40089142 -1620.94552446    -0.01345064   0.050986   2.0e-01   1.7e-04 0.02
    15      30    7.0e+00    0    7.6e-02 -1915.40093665 -1620.94556969    -0.00004523   0.050986   2.0e-01   1.7e-04 0.02
    16      50    8.9e+00    1    5.7e-02 -1915.43043385 -1620.97506689    -0.02949720   0.009108   3.6e-02   2.2e-04 0.02
    17      50    9.3e+00    1    6.9e-02 -1915.43105163 -1620.97568467    -0.00061778   0.011386   4.6e-02   2.2e-04 0.02
    18      50    9.9e+00    1    8.0e-02 -1915.43138485 -1620.97601789    -0.00033322   0.012144   4.9e-02   2.0e-04 0.02
    19      50    9.7e+00    1    8.1e-02 -1915.43175681 -1620.97638985    -0.00037196   0.013743   5.5e-02   2.0e-04 0.02
    20      50    9.7e+00    1    7.2e-02 -1915.43199795 -1620.97663099    -0.00024114   0.013430   5.4e-02   2.0e-04 0.02
    21      50    9.0e+00    1    6.8e-02 -1915.43221658 -1620.97684961    -0.00021863   0.013182   5.3e-02   1.9e-04 0.02
    22      50    1.1e+01    1    7.5e-02 -1915.43237473 -1620.97700777    -0.00015815   0.014463   5.8e-02   2.0e-04 0.02
    23      50    8.8e+00    1    7.4e-02 -1915.43250442 -1620.97713745    -0.00012969   0.012820   5.1e-02   1.7e-04 0.02
    24      50    9.6e+00    1    6.5e-02 -1915.43264294 -1620.97727598    -0.00013852   0.013096   5.2e-02   1.9e-04 0.02
    25      50    8.8e+00    1    7.2e-02 -1915.43269573 -1620.97732877    -0.00005279   0.012682   5.1e-02   1.7e-04 0.02
    26      50    9.1e+00    1    6.9e-02 -1915.43283305 -1620.97746609    -0.00013732   0.012944   5.2e-02   2.0e-04 0.02
    27      50    9.4e+00    1    6.7e-02 -1915.43292972 -1620.97756276    -0.00009667   0.012518   5.0e-02   1.6e-04 0.02
    28      50    1.0e+01    0    6.3e-02 -1915.43298574 -1620.97761878    -0.00005602   0.012805   5.1e-02   2.2e-04 0.02
    29      60    1.1e+01    0    6.2e-02 -1915.43349084 -1620.97812388    -0.00050510   0.008815   3.5e-02   2.8e-04 0.02
    30      70    1.3e+01    1    7.1e-02 -1915.43379972 -1620.97843276    -0.00030888   0.006913   2.8e-02   1.5e-04 0.02
    31      70    1.3e+01    1    6.8e-02 -1915.43384069 -1620.97847373    -0.00004097   0.007183   2.9e-02   1.5e-04 0.02
    32      70    1.3e+01    1    6.6e-02 -1915.43398937 -1620.97862241    -0.00014867   0.007740   3.1e-02   1.5e-04 0.02
    33      70    1.4e+01    1    7.2e-02 -1915.43405361 -1620.97868665    -0.00006424   0.007081   2.8e-02   1.4e-04 0.02
    34      70    1.3e+01    1    6.2e-02 -1915.43418787 -1620.97882091    -0.00013426   0.007799   3.1e-02   1.3e-04 0.02
    35      70    1.2e+01    1    8.4e-02 -1915.43424935 -1620.97888238    -0.00006147   0.006954   2.8e-02   1.3e-04 0.02
    36      70    1.3e+01    1    8.9e-02 -1915.43436524 -1620.97899828    -0.00011590   0.007949   3.2e-02   1.3e-04 0.02
    37      70    1.3e+01    0    7.8e-02 -1915.43437392 -1620.97900695    -0.00000867   0.007075   2.8e-02   2.3e-04 0.02
    38      80    1.4e+01    1    6.6e-02 -1915.43463668 -1620.97926971    -0.00026276   0.005901   2.4e-02   1.2e-04 0.02
    39      80    1.5e+01    0    7.1e-02 -1915.43464120 -1620.97927423    -0.00000452   0.005901   2.4e-02   1.2e-04 0.02
    40     100    1.9e+01    0    6.9e-02 -1915.43505647 -1620.97968951    -0.00041528   0.000712   2.8e-03   2.0e-04 0.02
 
RESULTS OF THE OCCUPATION OPTIMIZATION
========================================
   1    1.9999735  -103.72227132
   2    1.9999609  -101.88503033
   3    1.9999547  -98.63174692
   4    1.9999492  -58.37754218
   5    1.9999589  -16.07202340
   6    1.9998992  -11.62762397
   7    1.9997206  -8.96630255
   8    1.9997496  -8.95658871
   9    1.9997506  -8.93706011
  10    1.9997571  -8.92621160
  11    1.9997418  -8.76557893
  12    1.9997404  -8.68487490
  13    1.9997602  -8.55428561
  14    1.9997573  -8.54267241
  15    1.9997581  -8.16435117
  16    1.9997636  -8.08224969
  17    1.9987773  -3.78607146
  18    1.9987790  -3.78571392
  19    1.9987772  -3.78506900
  20    1.9985957  -3.75864869
  21    1.9888295  -0.80146130
  22    1.9886874  -0.79707641
  23    1.9883628  -0.79630819
  24    1.9864129  -0.66391272
  25    1.9852635  -0.65005403
  26    1.9849665  -0.64335067
  27    1.9844023  -0.64271823
  28    1.9853565  -0.63932575
  29    1.9838988  -0.62978382
  30    1.9851181  -0.62412656
  31    1.9849450  -0.61216753
  32    1.9845470  -0.60653463
  33    0.0154530  -0.00971324
  34    0.0150550  -0.00961166
  35    0.0148819  -0.00963490
  36    0.0161012  -0.01020202
  37    0.0146435  -0.00964487
  38    0.0155977  -0.01011738
  39    0.0150335  -0.00984437
  40    0.0147365  -0.00978069
  41    0.0135871  -0.00935147
  42    0.0116372  -0.00918662
  43    0.0113126  -0.00899338
  44    0.0111705  -0.00894936
  45    0.0014043  -0.00712010
  46    0.0012228  -0.00643733
  47    0.0012210  -0.00643345
  48    0.0012227  -0.00643870
  49    0.0002364  -0.00321269
  50    0.0002419  -0.00325721
  51    0.0002427  -0.00331416
  52    0.0002398  -0.00331117
  53    0.0002596  -0.00346179
  54    0.0002582  -0.00346135
  55    0.0002429  -0.00329873
  56    0.0002494  -0.00335267
  57    0.0002504  -0.00337774
  58    0.0002794  -0.00362437
  59    0.0001008  -0.00148087
  60    0.0000411  -0.00080388
  61    0.0000508  -0.00592230
  62    0.0000453  -0.00813890
  63    0.0000391  -0.00739436
  64    0.0000265  -0.00569991
 
----------------
 Final Energies 
----------------
Final NOF Total Energy =   -1620.9796895
 
Total Orbital Internal Iterations = 1820
Total Occupation Internal Iterations = 105
 
Elapsed time:  385.90 Seconds

---------------------------------
   Lowdin Population Analysis    
---------------------------------
 Idx  Atom   Population   Charge 
---------------------------------
  1    Al    14.630      -1.630
  2    Cl    16.457       0.543
  3    Cl    16.457       0.543
  4    Cl    16.456       0.544

---------------------------------
   M Diagnostic: 0.02
---------------------------------

