G2RC-8_C.jld2 not found
G2RC-8_n.jld2 not found
Computing Integrals
Elapsed time:    1.71 Seconds

Number of basis functions                   (NBF)    = 177
Number of auxiliary basis functions         (NBFAUX) = 147
Inactive Doubly occupied orbitals up to     (NO1)    = 0
No. considered Strongly Doubly occupied MOs (NDOC)   = 5
No. considered Strongly Singly occupied MOs (NSOC)   = 0
NO. of Weakly occ. per St. Doubly occ.  MOs (NCWO)   = 1
Dimension of the Nat. Orb. subspace         (NBF5)   = 10
No. of electrons                                     = 10
    No. of alpha electrons                           = 5
    No. of beta electrons                            = 5
Multiplicity                                         = 1

Geometry
========
 C       0.0000000       0.0000000       0.0000000
 H       0.6285100      -0.6285100       0.6285100
 H      -0.6285100       0.6285100       0.6285100
 H      -0.6285100      -0.6285100      -0.6285100
 H       0.6285100       0.6285100      -0.6285100

No violations of the orthonormality
No violations of the orthonormality
 
PNOF7/ADABelief Calculation
==================
 
  Nitext  Nit_orb  Time   Nit_occ  Time         Eelec          Etot           Ediff      maxdiff    MaxGrad_orb  Grad_occ
     1      10    9.1e+00    8    1.1e+01   -50.10295962   -36.65045751 -10049.10295962   0.399374   1.6e+00   2.9e-05 0.02
     2      10    4.9e-01    3    2.3e-02   -53.35572282   -39.90322071    -3.25276320   0.202830   8.1e-01   1.2e-04 0.02
     3      10    6.0e-01    3    8.5e-03   -53.70947427   -40.25697215    -0.35375145   0.112706   4.5e-01   1.0e-04 0.02
     4      10    4.0e-01    2    1.9e-02   -53.73274805   -40.28024593    -0.02327378   0.114789   4.6e-01   6.0e-05 0.02
     5      10    3.0e-01    1    7.0e-03   -53.73843937   -40.28593725    -0.00569132   0.143811   5.8e-01   8.7e-05 0.02
     6      10    5.0e-01    1    2.6e-02   -53.74037749   -40.28787538    -0.00193813   0.131556   5.3e-01   6.5e-05 0.02
     7      10    4.4e-01    1    5.1e-03   -53.74085058   -40.28834846    -0.00047308   0.130377   5.2e-01   4.0e-05 0.02
     8      10    5.4e-01    0    2.5e-02   -53.74086381   -40.28836169    -0.00001323   0.130377   5.2e-01   4.0e-05 0.02
     9      22    1.1e+00    0    5.9e-02   -53.75000408   -40.29750196    -0.00914027   0.000402   1.6e-03   1.9e-04 0.02
 
RESULTS OF THE OCCUPATION OPTIMIZATION
========================================
   1    1.9995693  -11.19033359
   2    1.9785843  -0.65450956
   3    1.9783933  -0.65408183
   4    1.9783795  -0.65398729
   5    1.9781298  -0.65345855
   6    0.0218702  -0.01582444
   7    0.0216205  -0.01574916
   8    0.0216067  -0.01574559
   9    0.0214157  -0.01568796
  10    0.0004307  -0.00817092
 
----------------
 Final Energies 
----------------
Final NOF Total Energy =     -40.2975020
 
Total Orbital Internal Iterations = 102
Total Occupation Internal Iterations = 19
 
Elapsed time:   32.63 Seconds

---------------------------------
   Lowdin Population Analysis    
---------------------------------
 Idx  Atom   Population   Charge 
---------------------------------
  1     C     5.689       0.311
  2     H     1.078      -0.078
  3     H     1.078      -0.078
  4     H     1.078      -0.078
  5     H     1.078      -0.078

---------------------------------
   M Diagnostic: 0.02
---------------------------------

