HAL59-PCH_FCl
/software/eb2024/easybuild/software/common/software/Julia/1.11.3-linux-x86_64/bin/julia
Job runing on na16
Choosing scratch ...
Automatic scratch folder selection
/scratch/pobleyef/285127
/scratch/pobleyef/285127 directory
cp HAL59-PCH_FCl.jl HAL59-PCH_FCl.jld2 to  /scratch/pobleyef/285127/.
HAL59-PCH_FCl_C.jld2 not found
HAL59-PCH_FCl_n.jld2 not found
Computing Integrals
Basis Set                                            = def2-qzvp
Auxiliary Basis Set                                  = def2-universal-jkfit
Gaussian Type                                        = Spherical
Elapsed time:    8.68 Seconds

Number of basis functions                   (NBF)    = 284
Number of auxiliary basis functions         (NBFAUX) = 426
Inactive Doubly occupied orbitals up to     (NO1)    = 0
No. considered Strongly Doubly occupied MOs (NDOC)   = 24
No. considered Strongly Singly occupied MOs (NSOC)   = 0
NO. of Weakly occ. per St. Doubly occ.  MOs (NCWO)   = 1
Dimension of the Nat. Orb. subspace         (NBF5)   = 48
No. of electrons                                     = 48
    No. of alpha electrons                           = 24
    No. of beta electrons                            = 24
Multiplicity                                         = 1

Geometry
========
 P       0.0000000       0.0000000      -1.7744620
 C       0.0000000       0.0000000      -3.2980170
 H       0.0000000       0.0000000      -4.3695590
Cl       0.0000000       0.0000000       1.3885410
 F       0.0000000       0.0000000       3.0188210

No violations of the orthonormality
No violations of the orthonormality
 
PNOF7/ADABelief Calculation
==================
 
  Nitext  Nit_orb  Time   Nit_occ  Time         Eelec          Etot           Ediff      maxdiff    MaxGrad_orb  Grad_occ
     1      10    6.5e+01    9    2.1e+01 -1070.03811456  -907.28033350 -11069.03811456   1.698130   6.8e+00   1.9e-04 0.00
     2      10    3.5e+01   21    6.2e-02 -1089.61869571  -926.86091464   -19.58058115   0.851318   3.4e+00   2.5e-04 0.06
     3      10    4.2e+01   11    8.4e-02 -1095.68216597  -932.92438491    -6.06347026   0.572873   2.3e+00   1.9e-04 0.21
     4      10    4.3e+01    9    4.2e-02 -1097.66200954  -934.90422848    -1.97984357   0.658414   2.6e+00   9.6e-05 0.32
     5      10    4.4e+01    6    6.8e-02 -1097.96692315  -935.20914209    -0.30491361   0.559162   2.2e+00   2.6e-04 0.67
     6      10    4.2e+01    6    7.0e-02 -1098.27871224  -935.52093118    -0.31178909   0.966325   3.9e+00   2.2e-04 0.85
     7      10    3.7e+01    6    5.1e-02 -1098.46744142  -935.70966036    -0.18872919   0.970430   3.9e+00   3.0e-04 0.69
     8      10    4.3e+01    0    1.8e-02 -1098.48749947  -935.72971841    -0.02005805   0.970183   3.9e+00   3.0e-04 0.69
     9      30    1.1e+02    6    2.1e-02 -1100.48311955  -937.72533849    -1.99562009   0.134542   5.4e-01   2.1e-04 0.32
    10      30    9.9e+01    6    2.6e-02 -1100.86667945  -938.10889838    -0.38355989   0.094552   3.8e-01   1.4e-04 0.14
    11      30    1.2e+02    4    2.1e-02 -1101.03320534  -938.27542428    -0.16652589   0.054180   2.2e-01   2.8e-04 0.13
    12      30    1.1e+02    3    5.0e-02 -1101.09765974  -938.33987867    -0.06445440   0.057699   2.3e-01   2.8e-04 0.16
    13      30    1.1e+02    3    6.6e-02 -1101.10727643  -938.34949537    -0.00961669   0.058164   2.3e-01   2.3e-04 0.17
    14      30    1.3e+02    3    1.9e-02 -1101.11701585  -938.35923479    -0.00973943   0.053951   2.2e-01   2.4e-04 0.17
    15      30    1.3e+02    0    4.9e-02 -1101.11915780  -938.36137674    -0.00214195   0.053951   2.2e-01   2.4e-04 0.17
    16      50    1.9e+02    4    3.7e-02 -1101.13690506  -938.37912399    -0.01774725   0.007339   2.9e-02   9.6e-05 0.17
    17      50    1.8e+02    3    7.4e-02 -1101.14033509  -938.38255403    -0.00343004   0.009576   3.8e-02   1.9e-04 0.17
    18      50    1.8e+02    3    9.1e-02 -1101.14268560  -938.38490454    -0.00235050   0.011073   4.4e-02   1.6e-04 0.17
    19      50    1.8e+02    3    1.2e-01 -1101.14385580  -938.38607474    -0.00117020   0.009908   4.0e-02   1.5e-04 0.18
    20      50    1.9e+02    2    2.6e-02 -1101.14427956  -938.38649850    -0.00042376   0.011349   4.5e-02   1.5e-04 0.18
    21      50    2.0e+02    2    4.0e-02 -1101.14457711  -938.38679605    -0.00029755   0.009568   3.8e-02   1.3e-04 0.18
    22      50    2.1e+02    2    6.3e-02 -1101.14471133  -938.38693027    -0.00013422   0.010479   4.2e-02   1.1e-04 0.18
    23      50    2.1e+02    2    6.3e-02 -1101.14486272  -938.38708166    -0.00015139   0.009614   3.8e-02   9.9e-05 0.18
    24      50    1.9e+02    0    1.8e-02 -1101.14488194  -938.38710087    -0.00001922   0.009614   3.8e-02   9.9e-05 0.18
    25      70    2.9e+02    1    6.6e-02 -1101.14541067  -938.38762960    -0.00052873   0.000878   3.5e-03   1.7e-04 0.18
 
RESULTS OF THE OCCUPATION OPTIMIZATION
========================================
   1    1.9999573  -100.56360371
   2    1.9999647  -79.52703772
   3    1.9998404  -26.33950165
   4    1.9999279  -13.70911426
   5    1.9995207  -11.25149967
   6    1.9997315  -8.53572408
   7    1.9997574  -8.50561711
   8    1.9997578  -8.48690123
   9    1.9993208  -6.03391565
  10    1.9993007  -6.01445324
  11    1.9992883  -6.00699990
  12    1.9992888  -6.00588913
  13    1.9908818  -1.02049836
  14    1.9908730  -1.02020370
  15    1.9908736  -1.02019152
  16    1.9868777  -0.90060306
  17    1.9151183  -0.76753027
  18    1.9727358  -0.75748458
  19    1.9883540  -0.73459228
  20    1.9883683  -0.73387825
  21    1.9883304  -0.73242257
  22    1.9566039  -0.57334792
  23    1.8221624  -0.39749253
  24    1.8222068  -0.39745297
  25    0.1777932  -0.05373831
  26    0.1778376  -0.05376951
  27    0.0433961  -0.01829871
  28    0.0116696  -0.00876615
  29    0.0116317  -0.00875767
  30    0.0116460  -0.00876299
  31    0.0272642  -0.01960094
  32    0.0848817  -0.05470044
  33    0.0131223  -0.00576101
  34    0.0091264  -0.01213336
  35    0.0091270  -0.01213295
  36    0.0091182  -0.01212966
  37    0.0007112  -0.00592669
  38    0.0007117  -0.00592833
  39    0.0006993  -0.00587591
  40    0.0006792  -0.00576440
  41    0.0002422  -0.00332606
  42    0.0002426  -0.00332956
  43    0.0002685  -0.00351762
  44    0.0004793  -0.00883201
  45    0.0000721  -0.00117009
  46    0.0001596  -0.00713141
  47    0.0000353  -0.00571257
  48    0.0000427  -0.00785862
 
----------------
 Final Energies 
----------------
Final NOF Total Energy =    -938.3876296
 
Total Orbital Internal Iterations = 810
Total Occupation Internal Iterations = 115
 
Elapsed time: 3265.20 Seconds

---------------------------------
   Lowdin Population Analysis    
---------------------------------
 Idx  Atom   Population   Charge 
---------------------------------
  1     P    14.648       0.352
  2     C     6.149      -0.149
  3     H     1.188      -0.188
  4    Cl    16.918       0.082
  5     F     9.097      -0.097

---------------------------------
   M Diagnostic: 0.18
---------------------------------

Recovering execution output...
Moving from /scratch/pobleyef/285127 to /home-nas/pobleyef/Slim-NOF/ncwo1/Slim05/PNOF7/arina.285127
mkdir -p /home-nas/pobleyef/Slim-NOF/ncwo1/Slim05/PNOF7/arina.285127
mv /scratch/pobleyef/285127/* /home-nas/pobleyef/Slim-NOF/ncwo1/Slim05/PNOF7/arina.285127
