HEAVY28-teh2_hcl
/software/eb2024/easybuild/software/common/software/Julia/1.11.3-linux-x86_64/bin/julia
Job runing on nagpu01
Choosing scratch ...
Automatic scratch folder selection
/scratch/pobleyef/285131
/scratch/pobleyef/285131 directory
cp HEAVY28-teh2_hcl.jl HEAVY28-teh2_hcl.jld2 to  /scratch/pobleyef/285131/.
HEAVY28-teh2_hcl_C.jld2 not found
HEAVY28-teh2_hcl_n.jld2 not found
Computing Integrals
Basis Set                                            = def2-qzvp
Auxiliary Basis Set                                  = def2-universal-jkfit
Gaussian Type                                        = Spherical
Elapsed time:    6.60 Seconds

Number of basis functions                   (NBF)    = 242
Number of auxiliary basis functions         (NBFAUX) = 400
Inactive Doubly occupied orbitals up to     (NO1)    = 0
No. considered Strongly Doubly occupied MOs (NDOC)   = 36
No. considered Strongly Singly occupied MOs (NSOC)   = 0
NO. of Weakly occ. per St. Doubly occ.  MOs (NCWO)   = 1
Dimension of the Nat. Orb. subspace         (NBF5)   = 72
No. of electrons                                     = 72
    No. of alpha electrons                           = 36
    No. of beta electrons                            = 36
Multiplicity                                         = 1

Geometry
========
Te       0.1548430      -1.2451794       0.0000000
 H      -1.4004440      -0.7519904       0.0000000
 H      -0.3277040      -2.8073024       0.0000000
 H       1.4184620       2.3282376       0.0000000
Cl       0.1548430       2.4762346       0.0000000

No violations of the orthonormality
No violations of the orthonormality
 
PNOF7/ADABelief Calculation
==================
 
  Nitext  Nit_orb  Time   Nit_occ  Time         Eelec          Etot           Ediff      maxdiff    MaxGrad_orb  Grad_occ
     1      10    4.3e+01   30    2.1e+01 -2893.34668332 -2714.95895219 -12892.34668332   2.969642   1.2e+01   2.1e-04 0.05
     2      10    3.1e+01   76    3.7e-01 -2916.15398495 -2737.76625383   -22.80730164   3.712432   1.5e+01   2.8e-04 0.14
     3      10    3.1e+01   57    3.3e-01 -2924.39351914 -2746.00578802    -8.23953419   1.215560   4.9e+00   3.3e-04 0.59
     4      10    3.0e+01   30    1.5e-01 -2925.30161385 -2746.91388273    -0.90809471   0.750097   3.0e+00   2.2e-04 0.75
     5      10    2.2e+01   13    1.3e-01 -2925.85196867 -2747.46423755    -0.55035482   0.913279   3.7e+00   2.4e-04 0.65
     6      10    2.8e+01   13    9.3e-02 -2926.70142395 -2748.31369282    -0.84945527   0.509516   2.0e+00   2.6e-04 0.72
     7      10    3.0e+01   11    2.7e-01 -2927.07738561 -2748.68965449    -0.37596167   0.874346   3.5e+00   2.6e-04 0.66
     8      10    3.4e+01    0    1.7e-01 -2927.08112546 -2748.69339434    -0.00373985   0.874346   3.5e+00   2.6e-04 0.66
     9      30    8.3e+01   16    8.7e-02 -2929.67519878 -2751.28746766    -2.59407332   0.134671   5.4e-01   2.6e-04 0.23
    10      30    7.9e+01   10    1.4e-01 -2930.30223958 -2751.91450846    -0.62704080   0.093711   3.7e-01   2.5e-04 0.11
    11      30    7.7e+01    3    1.1e-01 -2930.51448780 -2752.12675668    -0.21224822   0.083027   3.3e-01   2.8e-04 0.11
    12      30    6.6e+01    8    1.3e-01 -2930.59450052 -2752.20676940    -0.08001272   0.083821   3.4e-01   2.0e-04 0.12
    13      30    6.6e+01    5    7.9e-02 -2930.64481032 -2752.25707920    -0.05030980   0.069167   2.8e-01   3.2e-04 0.15
    14      30    5.5e+01    6    4.8e-02 -2930.66951849 -2752.28178737    -0.02470817   0.068424   2.7e-01   2.3e-04 0.18
    15      30    6.0e+01    8    3.7e-02 -2930.68070328 -2752.29297216    -0.01118479   0.065208   2.6e-01   2.2e-04 0.20
    16      30    7.4e+01    3    3.6e-02 -2930.68854627 -2752.30081514    -0.00784299   0.060440   2.4e-01   2.0e-04 0.22
    17      30    6.4e+01    3    2.7e-02 -2930.68979871 -2752.30206759    -0.00125245   0.058695   2.3e-01   1.9e-04 0.23
    18      30    6.8e+01    2    7.1e-02 -2930.69437831 -2752.30664719    -0.00457960   0.057800   2.3e-01   2.8e-04 0.25
    19      30    7.5e+01    0    3.3e-02 -2930.69451170 -2752.30678058    -0.00013339   0.057800   2.3e-01   2.8e-04 0.25
    20      50    1.1e+02    2    7.5e-02 -2930.70619901 -2752.31846789    -0.01168731   0.006501   2.6e-02   2.7e-04 0.26
    21      50    1.1e+02    2    3.7e-02 -2930.70643783 -2752.31870671    -0.00023882   0.010068   4.0e-02   2.5e-04 0.26
    22      50    1.1e+02    5    6.2e-02 -2930.70661194 -2752.31888082    -0.00017411   0.012233   4.9e-02   2.3e-04 0.27
    23      50    1.1e+02    1    6.5e-02 -2930.70683935 -2752.31910823    -0.00022741   0.010117   4.0e-02   2.4e-04 0.27
    24      50    1.0e+02    1    2.9e-02 -2930.70686221 -2752.31913108    -0.00002286   0.011387   4.6e-02   2.3e-04 0.27
    25      50    9.5e+01    1    7.9e-02 -2930.70697262 -2752.31924150    -0.00011042   0.010923   4.4e-02   2.0e-04 0.27
    26      50    9.4e+01    1    9.6e-02 -2930.70698950 -2752.31925838    -0.00001688   0.011280   4.5e-02   2.0e-04 0.26
    27      50    9.6e+01    1    2.5e-02 -2930.70710387 -2752.31937275    -0.00011437   0.010770   4.3e-02   1.9e-04 0.26
    28      50    8.8e+01    0    2.3e-02 -2930.70711124 -2752.31938012    -0.00000736   0.010770   4.3e-02   1.9e-04 0.26
    29      70    1.3e+02    1    4.3e-02 -2930.70761647 -2752.31988535    -0.00050524   0.000768   3.1e-03   1.9e-04 0.26
 
RESULTS OF THE OCCUPATION OPTIMIZATION
========================================
   1    1.9999999  -141.04959146
   2    1.9999730  -103.62429470
   3    1.9999996  -61.65854108
   4    1.9999996  -61.57871139
   5    1.9999995  -61.57089919
   6    1.9999968  -24.50934456
   7    1.9999742  -9.60067596
   8    1.9999737  -9.48168709
   9    1.9999686  -9.42251230
  10    1.9999743  -9.08245708
  11    1.9997578  -9.01035726
  12    1.9997266  -9.00252692
  13    1.9999775  -8.98796781
  14    1.9997295  -8.96906010
  15    1.9997489  -8.92517904
  16    1.9999645  -8.61885082
  17    1.9999395  -8.28515334
  18    1.9999469  -8.10387452
  19    1.9999341  -7.98604305
  20    1.9998212  -4.62577945
  21    1.9998103  -4.45059378
  22    1.9997970  -4.44810781
  23    1.9998013  -4.35916716
  24    1.9997962  -4.34899514
  25    1.9997947  -4.32595521
  26    1.9998054  -4.29876396
  27    1.9658284  -0.83829930
  28    1.9713327  -0.83289110
  29    1.9641787  -0.82887513
  30    1.9773533  -0.76821590
  31    1.9887285  -0.69320889
  32    1.9882873  -0.67309245
  33    1.9879766  -0.66392728
  34    1.9627110  -0.65896702
  35    1.9616092  -0.64852559
  36    1.7352109  -0.27008918
  37    0.2647891  -0.04259111
  38    0.0383908  -0.02088742
  39    0.0372890  -0.02063225
  40    0.0120234  -0.00863344
  41    0.0117127  -0.00853473
  42    0.0112715  -0.00844260
  43    0.0226467  -0.01677509
  44    0.0358213  -0.02169225
  45    0.0286673  -0.01653859
  46    0.0341716  -0.01985601
  47    0.0001946  -0.00100902
  48    0.0002053  -0.00105579
  49    0.0002038  -0.00104612
  50    0.0001987  -0.00104488
  51    0.0002030  -0.00104702
  52    0.0001897  -0.00100378
  53    0.0001788  -0.00098865
  54    0.0000659  -0.00057299
  55    0.0000531  -0.00047426
  56    0.0000605  -0.00052165
  57    0.0000355  -0.00035018
  58    0.0002511  -0.00338457
  59    0.0002705  -0.00352287
  60    0.0000225  -0.00024144
  61    0.0002734  -0.00356323
  62    0.0002422  -0.00329190
  63    0.0000257  -0.00024696
  64    0.0000314  -0.00024586
  65    0.0000263  -0.00023278
  66    0.0000258  -0.00021798
  67    0.0000032  -0.00005160
  68    0.0000005  -0.00002026
  69    0.0000004  -0.00001889
  70    0.0000004  -0.00001740
  71    0.0000270  -0.00577084
  72    0.0000001  -0.00000769
 
----------------
 Final Energies 
----------------
Final NOF Total Energy =   -2752.3198854
 
Total Orbital Internal Iterations = 930
Total Occupation Internal Iterations = 309
 
Elapsed time: 2183.20 Seconds

---------------------------------
   Lowdin Population Analysis    
---------------------------------
 Idx  Atom   Population   Charge 
---------------------------------
  1    Te    51.425       0.575
  2     H     1.301      -0.301
  3     H     1.301      -0.301
  4     H     1.383      -0.383
  5    Cl    16.589       0.411

---------------------------------
   M Diagnostic: 0.26
---------------------------------

Recovering execution output...
Moving from /scratch/pobleyef/285131 to /home-nas/pobleyef/Slim-NOF/ncwo1/Slim05/PNOF7/arina.285131
mkdir -p /home-nas/pobleyef/Slim-NOF/ncwo1/Slim05/PNOF7/arina.285131
mv /scratch/pobleyef/285131/* /home-nas/pobleyef/Slim-NOF/ncwo1/Slim05/PNOF7/arina.285131
