RG18-kr3
/software/eb2024/easybuild/software/common/software/Julia/1.11.3-linux-x86_64/bin/julia
Job runing on na17
Choosing scratch ...
Automatic scratch folder selection
/scratch/pobleyef/285152
/scratch/pobleyef/285152 directory
cp RG18-kr3.jl RG18-kr3.jld2 to  /scratch/pobleyef/285152/.
RG18-kr3_C.jld2 not found
RG18-kr3_n.jld2 not found
Computing Integrals
Basis Set                                            = def2-qzvp
Auxiliary Basis Set                                  = def2-universal-jkfit
Gaussian Type                                        = Spherical
Elapsed time:   21.15 Seconds

Number of basis functions                   (NBF)    = 225
Number of auxiliary basis functions         (NBFAUX) = 798
Inactive Doubly occupied orbitals up to     (NO1)    = 0
No. considered Strongly Doubly occupied MOs (NDOC)   = 54
No. considered Strongly Singly occupied MOs (NSOC)   = 0
NO. of Weakly occ. per St. Doubly occ.  MOs (NCWO)   = 1
Dimension of the Nat. Orb. subspace         (NBF5)   = 108
No. of electrons                                     = 108
    No. of alpha electrons                           = 54
    No. of beta electrons                            = 54
Multiplicity                                         = 1

Geometry
========
Kr       1.2055357       2.0880491       0.0000000
Kr       1.2055357      -2.0880491       0.0000000
Kr      -2.4110714       0.0000000       0.0000000

No violations of the orthonormality
No violations of the orthonormality
 
PNOF7/ADABelief Calculation
==================
 
  Nitext  Nit_orb  Time   Nit_occ  Time         Eelec          Etot           Ediff      maxdiff    MaxGrad_orb  Grad_occ
     1      10    3.6e+01    7    2.0e+01 -8562.42244389 -8069.75280667 -18561.42244389   6.227814   2.5e+01   7.1e-04 0.00
     2      10    1.8e+01   25    3.3e-01 -8677.51691119 -8184.84727397  -115.09446730   3.984217   1.6e+01   2.4e-04 0.01
     3      10    2.2e+01   35    2.9e-01 -8713.66827443 -8220.99863721   -36.15136324  13.251529   5.3e+01   2.5e-04 0.06
     4      10    1.9e+01   27    2.1e-01 -8716.74417635 -8224.07453913    -3.07590191   3.525977   1.4e+01   1.3e-04 0.12
     5      10    2.0e+01    0    3.4e-02 -8716.76609559 -8224.09645837    -0.02191924   3.525977   1.4e+01   1.3e-04 0.12
     6      30    6.3e+01   11    1.4e-01 -8743.13807844 -8250.46844122   -26.37198286   0.283499   1.1e+00   2.7e-04 0.12
     7      30    5.3e+01   11    2.0e-01 -8746.80955503 -8254.13991781    -3.67147659   0.174698   7.0e-01   2.3e-04 0.03
     8      30    5.7e+01    6    8.5e-02 -8748.15158402 -8255.48194680    -1.34202899   0.407482   1.6e+00   1.3e-04 0.01
     9      30    6.0e+01    4    8.0e-02 -8748.63911519 -8255.96947798    -0.48753117   0.139838   5.6e-01   8.8e-05 0.01
    10      30    6.0e+01    3    1.3e-01 -8748.78967284 -8256.12003562    -0.15055764   0.130601   5.2e-01   1.5e-04 0.01
    11      30    6.2e+01    2    7.0e-02 -8748.89544573 -8256.22580851    -0.10577289   0.430255   1.7e+00   2.2e-04 0.01
    12      30    6.0e+01    0    8.1e-02 -8748.89594559 -8256.22630837    -0.00049986   0.430255   1.7e+00   2.2e-04 0.01
    13      50    9.8e+01    2    6.6e-02 -8749.04504438 -8256.37540717    -0.14909880   0.076148   3.0e-01   1.2e-04 0.01
    14      50    9.4e+01    2    4.4e-02 -8749.06692745 -8256.39729023    -0.02188306   0.072171   2.9e-01   7.0e-05 0.01
    15      50    1.0e+02    1    6.2e-02 -8749.08067231 -8256.41103509    -0.01374486   0.065174   2.6e-01   1.6e-04 0.01
    16      50    1.0e+02    1    1.1e-01 -8749.09104239 -8256.42140517    -0.01037008   0.051707   2.1e-01   1.1e-04 0.01
    17      50    1.0e+02    1    5.9e-02 -8749.09705230 -8256.42741508    -0.00600991   0.044096   1.8e-01   1.3e-04 0.01
    18      50    9.6e+01    1    9.5e-02 -8749.10166185 -8256.43202463    -0.00460954   0.057486   2.3e-01   9.0e-05 0.01
    19      50    9.7e+01    1    3.9e-02 -8749.10427513 -8256.43463791    -0.00261328   0.032939   1.3e-01   8.2e-05 0.01
    20      50    1.0e+02    2    6.2e-02 -8749.10630491 -8256.43666769    -0.00202978   0.029154   1.2e-01   6.2e-05 0.01
    21      50    1.0e+02    1    6.0e-02 -8749.10759104 -8256.43795382    -0.00128613   0.029146   1.2e-01   6.9e-05 0.01
    22      50    9.9e+01    1    5.9e-02 -8749.10839144 -8256.43875422    -0.00080040   0.068532   2.7e-01   7.6e-05 0.01
    23      50    9.8e+01    0    6.8e-02 -8749.10885655 -8256.43921934    -0.00046512   0.152292   6.1e-01   2.2e-04 0.01
    24      60    1.2e+02    1    6.0e-02 -8749.11113669 -8256.44149947    -0.00228013   0.043806   1.8e-01   9.0e-05 0.01
    25      60    1.2e+02    0    3.6e-02 -8749.11114264 -8256.44150542    -0.00000595   0.043806   1.8e-01   9.0e-05 0.01
    26      80    1.6e+02    0    3.6e-02 -8749.11477271 -8256.44513549    -0.00363007   0.005632   2.3e-02   2.1e-04 0.01
    27      90    1.8e+02    1    8.2e-02 -8749.11487413 -8256.44523691    -0.00010142   0.049931   2.0e-01   9.7e-05 0.01
    28      90    1.7e+02    0    3.6e-02 -8749.11497458 -8256.44533736    -0.00010045   0.017424   7.0e-02   2.0e-04 0.01
    29     100    1.9e+02    0    5.9e-02 -8749.11505675 -8256.44541953    -0.00008217   0.010157   4.1e-02   2.8e-04 0.01
    30     110    2.2e+02    0    1.0e-01 -8749.11509353 -8256.44545631    -0.00003678   0.003227   1.3e-02   3.2e-04 0.01
    31     120    2.3e+02    1    6.9e-02 -8749.11513191 -8256.44549469    -0.00003838   0.002582   1.0e-02   1.6e-04 0.01
    32     120    2.4e+02    0    6.1e-02 -8749.11514468 -8256.44550746    -0.00001278   0.002831   1.1e-02   9.8e-05 0.01
    33     130    2.5e+02    0    8.6e-02 -8749.11517487 -8256.44553765    -0.00003018   0.030122   1.2e-01   1.6e-04 0.01
    34     140    2.8e+02    0    9.5e-02 -8749.11519181 -8256.44555459    -0.00001694   0.002348   9.4e-03   1.8e-04 0.01
    35     150    3.0e+02    0    4.5e-02 -8749.11520565 -8256.44556843    -0.00001385   0.002246   9.0e-03   2.2e-04 0.01
    36     160    3.2e+02    0    6.3e-02 -8749.11521038 -8256.44557316    -0.00000473   0.002322   9.3e-03   2.2e-04 0.01
    37     170    3.3e+02    0    7.0e-02 -8749.11522102 -8256.44558381    -0.00001064   0.002347   9.4e-03   2.4e-04 0.01
    38     180    3.6e+02    0    6.4e-02 -8749.11522311 -8256.44558589    -0.00000209   0.001896   7.6e-03   2.4e-04 0.01
    39     190    3.8e+02    0    6.4e-02 -8749.11523163 -8256.44559441    -0.00000851   0.001694   6.8e-03   2.5e-04 0.01
    40     200    3.9e+02    0    6.8e-02 -8749.11523476 -8256.44559754    -0.00000313   0.001593   6.4e-03   2.4e-04 0.01
 
RESULTS OF THE OCCUPATION OPTIMIZATION
========================================
   1    1.9999913  -457.06816221
   2    1.9999912  -456.45392557
   3    1.9999912  -456.39231611
   4    1.9999998  -88.50559110
   5    1.9999998  -87.40140806
   6    1.9999994  -82.07589621
   7    1.9999994  -81.84829412
   8    1.9999992  -81.39181563
   9    1.9999992  -81.19035688
  10    1.9999992  -80.21597007
  11    1.9999991  -78.39665665
  12    1.9999990  -76.86170050
  13    1.9999990  -76.34254929
  14    1.9999990  -76.11973178
  15    1.9999989  -75.49969066
  16    1.9994836  -6.42723409
  17    1.9995013  -6.42659503
  18    1.9994986  -6.42632159
  19    1.9995140  -6.41050008
  20    1.9994814  -6.36559813
  21    1.9994570  -6.34479497
  22    1.9994269  -6.33295533
  23    1.9994433  -6.33206348
  24    1.9994408  -6.32283742
  25    1.9994400  -6.32240222
  26    1.9994229  -6.31397877
  27    1.9993553  -6.28806546
  28    1.9993977  -6.28068430
  29    1.9993587  -6.27882273
  30    1.9993608  -6.27809892
  31    1.9993542  -6.27252983
  32    1.9993495  -6.27064117
  33    1.9994038  -6.26832509
  34    1.9993720  -5.91259823
  35    1.9993754  -5.91162747
  36    1.9993841  -5.90121903
  37    1.9993207  -5.88691168
  38    1.9993639  -5.86591853
  39    1.9993513  -5.86028018
  40    1.9993566  -5.84946745
  41    1.9993525  -5.84799401
  42    1.9993452  -5.80124410
  43    1.9915416  -0.74390756
  44    1.9915539  -0.74272951
  45    1.9914943  -0.74178457
  46    1.9914762  -0.74160817
  47    1.9915391  -0.74146355
  48    1.9914001  -0.73868667
  49    1.9908912  -0.66962265
  50    1.9905718  -0.66409395
  51    1.9906481  -0.65883793
  52    1.9900061  -0.63776150
  53    1.9900271  -0.62983303
  54    1.9899605  -0.62844030
  55    0.0100395  -0.00668207
  56    0.0099729  -0.00666541
  57    0.0099939  -0.00672200
  58    0.0093519  -0.00655308
  59    0.0094282  -0.00661630
  60    0.0091088  -0.00651420
  61    0.0085999  -0.00682082
  62    0.0084609  -0.00676298
  63    0.0085238  -0.00679652
  64    0.0085057  -0.00678260
  65    0.0084461  -0.00675886
  66    0.0084584  -0.00676728
  67    0.0006548  -0.00502208
  68    0.0006475  -0.00500735
  69    0.0006434  -0.00499036
  70    0.0006487  -0.00502037
  71    0.0006361  -0.00497389
  72    0.0006793  -0.00527772
  73    0.0006159  -0.00484584
  74    0.0006246  -0.00491398
  75    0.0006280  -0.00492911
  76    0.0005962  -0.00496759
  77    0.0006505  -0.00536666
  78    0.0006458  -0.00534720
  79    0.0006392  -0.00532305
  80    0.0006413  -0.00533509
  81    0.0006023  -0.00505458
  82    0.0006447  -0.00533093
  83    0.0005771  -0.00486517
  84    0.0005600  -0.00473914
  85    0.0005592  -0.00473544
  86    0.0005567  -0.00478619
  87    0.0005731  -0.00488828
  88    0.0005430  -0.00467742
  89    0.0005186  -0.00457373
  90    0.0004860  -0.00428465
  91    0.0005014  -0.00441551
  92    0.0004987  -0.00440064
  93    0.0005164  -0.00452462
  94    0.0000011  -0.00008000
  95    0.0000010  -0.00007724
  96    0.0000010  -0.00007884
  97    0.0000010  -0.00007878
  98    0.0000009  -0.00007627
  99    0.0000008  -0.00007255
 100    0.0000008  -0.00007256
 101    0.0000008  -0.00007450
 102    0.0000006  -0.00006540
 103    0.0000006  -0.00006694
 104    0.0000002  -0.00004190
 105    0.0000002  -0.00004420
 106    0.0000088  -0.00765573
 107    0.0000088  -0.00765536
 108    0.0000087  -0.00765170
 
----------------
 Final Energies 
----------------
Final NOF Total Energy =   -8256.4455975
 
Total Orbital Internal Iterations = 2960
Total Occupation Internal Iterations = 147
 
Elapsed time: 6025.14 Seconds

---------------------------------
   Lowdin Population Analysis    
---------------------------------
 Idx  Atom   Population   Charge 
---------------------------------
  1    Kr    36.000      -0.000
  2    Kr    36.000       0.000
  3    Kr    36.000      -0.000

---------------------------------
   M Diagnostic: 0.01
---------------------------------

Recovering execution output...
Moving from /scratch/pobleyef/285152 to /home-nas/pobleyef/Slim-NOF/ncwo1/Slim05/PNOF7/arina.285152
mkdir -p /home-nas/pobleyef/Slim-NOF/ncwo1/Slim05/PNOF7/arina.285152
mv /scratch/pobleyef/285152/* /home-nas/pobleyef/Slim-NOF/ncwo1/Slim05/PNOF7/arina.285152
