Computing Integrals
Basis Set                                            = def2-qzvp
Auxiliary Basis Set                                  = def2-universal-jkfit
Gaussian Type                                        = Spherical
Elapsed time:    9.68 Seconds

Number of basis functions                   (NBF)    = 298
Number of auxiliary basis functions         (NBFAUX) = 436
Inactive Doubly occupied orbitals up to     (NO1)    = 0
No. considered Strongly Doubly occupied MOs (NDOC)   = 25
No. considered Strongly Singly occupied MOs (NSOC)   = 0
NO. of Weakly occ. per St. Doubly occ.  MOs (NCWO)   = 1
Dimension of the Nat. Orb. subspace         (NBF5)   = 50
No. of electrons                                     = 50
    No. of alpha electrons                           = 25
    No. of beta electrons                            = 25
Multiplicity                                         = 1

Geometry
========
 F       0.9009150       0.9009150       0.9009150
Si       0.0000000       0.0000000       0.0000000
 F      -0.9009150      -0.9009150       0.9009150
 F      -0.9009150       0.9009150      -0.9009150
 F       0.9009150      -0.9009150      -0.9009150

No violations of the orthonormality
No violations of the orthonormality
 
PNOF7/ADABelief Calculation
==================
 
  Nitext  Nit_orb  Time   Nit_occ  Time         Eelec          Etot           Ediff      maxdiff    MaxGrad_orb  Grad_occ
     1      10    2.2e+01    0    2.5e+01  -959.39140896  -687.54690891 -10958.39140896   0.002009   8.0e-03   2.9e-04 0.01
     2      30    5.6e+00    0    4.0e-02  -959.39140896  -687.54690891     0.00000000   0.002009   8.0e-03   2.9e-04 0.01
     3      50    9.2e+00    0    5.7e-02  -959.39140896  -687.54690891     0.00000000   0.002009   8.0e-03   2.9e-04 0.01
     4      70    1.3e+01    0    1.4e-01  -959.39145005  -687.54695000    -0.00004109   0.001617   6.5e-03   3.1e-04 0.01
     5      80    2.1e+01    0    6.0e-02  -959.39145029  -687.54695024    -0.00000024   0.001295   5.2e-03   3.2e-04 0.01
     6      90    1.7e+01    1    8.6e-02  -959.39145586  -687.54695581    -0.00000557   0.001023   4.1e-03   4.7e-05 0.01
     7      90    1.7e+01    0    5.4e-02  -959.39146267  -687.54696262    -0.00000681   0.001072   4.3e-03   1.6e-04 0.01
     8     100    6.2e+01    0    1.0e-01  -959.39146582  -687.54696577    -0.00000315   0.000841   3.4e-03   1.7e-04 0.01
 
RESULTS OF THE OCCUPATION OPTIMIZATION
========================================
   1    1.9999588  -68.62049636
   2    1.9998415  -26.32478545
   3    1.9998415  -26.32402831
   4    1.9998415  -26.32384352
   5    1.9998415  -26.32323896
   6    1.9991687  -4.92585111
   7    1.9991716  -4.92112982
   8    1.9991708  -4.92056216
   9    1.9991708  -4.91966910
  10    1.9879851  -1.10717329
  11    1.9878446  -1.09827712
  12    1.9878959  -1.09376705
  13    1.9885706  -1.03224846
  14    1.9886554  -1.02580483
  15    1.9897525  -0.96803747
  16    1.9898677  -0.96030591
  17    1.9904263  -0.95979730
  18    1.9900808  -0.95662445
  19    1.9901807  -0.95482303
  20    1.9900569  -0.95451075
  21    1.9902715  -0.95388543
  22    1.9904926  -0.95053250
  23    1.9904472  -0.94964997
  24    1.9905192  -0.94961104
  25    1.9903043  -0.94775596
  26    0.0096957  -0.01252088
  27    0.0094808  -0.01227682
  28    0.0095528  -0.01239678
  29    0.0095074  -0.01236450
  30    0.0097285  -0.01257623
  31    0.0099431  -0.01275713
  32    0.0098193  -0.01268866
  33    0.0099192  -0.01275966
  34    0.0095737  -0.01246715
  35    0.0101323  -0.01295431
  36    0.0102475  -0.01310028
  37    0.0113446  -0.01445639
  38    0.0114294  -0.01458725
  39    0.0121041  -0.01570503
  40    0.0121554  -0.01579759
  41    0.0120149  -0.01573585
  42    0.0008292  -0.00577835
  43    0.0008292  -0.00577751
  44    0.0008284  -0.00577286
  45    0.0008313  -0.00578367
  46    0.0001585  -0.00712405
  47    0.0001585  -0.00712346
  48    0.0001585  -0.00712472
  49    0.0001585  -0.00712618
  50    0.0000412  -0.00572259
 
----------------
 Final Energies 
----------------
Final NOF Total Energy =    -687.5469658
 
Total Orbital Internal Iterations = 520
Total Occupation Internal Iterations = 1
 
Elapsed time:  217.64 Seconds

---------------------------------
   Lowdin Population Analysis    
---------------------------------
 Idx  Atom   Population   Charge 
---------------------------------
  1     F     8.683       0.317
  2    Si    15.265      -1.265
  3     F     8.685       0.315
  4     F     8.684       0.316
  5     F     8.684       0.316

---------------------------------
   M Diagnostic: 0.01
---------------------------------

