Computing Integrals
Basis Set                                            = def2-qzvp
Auxiliary Basis Set                                  = def2-universal-jkfit
Gaussian Type                                        = Spherical
Elapsed time:    4.31 Seconds

Number of basis functions                   (NBF)    = 187
Number of auxiliary basis functions         (NBFAUX) = 241
Inactive Doubly occupied orbitals up to     (NO1)    = 0
No. considered Strongly Doubly occupied MOs (NDOC)   = 14
No. considered Strongly Singly occupied MOs (NSOC)   = 0
NO. of Weakly occ. per St. Doubly occ.  MOs (NCWO)   = 12
Dimension of the Nat. Orb. subspace         (NBF5)   = 182
No. of electrons                                     = 28
    No. of alpha electrons                           = 14
    No. of beta electrons                            = 14
Multiplicity                                         = 1

Geometry
========
Cl      -1.3510430       0.0352940       0.0000000
 O       1.7413540      -0.0865720       0.0000000
 H       1.8290900       0.8701300       0.0000000
 H       0.7549300      -0.1794000       0.0000000

No violations of the orthonormality
No violations of the orthonormality
 
PNOF8/ADABelief Calculation
==================
 
  Nitext  Nit_orb  Time   Nit_occ  Time         Eelec          Etot           Ediff      maxdiff    MaxGrad_orb  Grad_occ
     1      10    1.1e+01    0    1.2e+01  -575.77429340  -536.50239001 -10574.77429340   0.000570   2.3e-03   1.9e-04 0.02
 
RESULTS OF THE OCCUPATION OPTIMIZATION
========================================
   1    1.9999994  -104.58406589
   2    1.9999854  -20.40134089
   3    1.9996285  -10.26775796
   4    1.9993462  -7.74973834
   5    1.9994548  -7.74364592
   6    1.9994161  -7.74278750
   7    1.9858612  -1.10673296
   8    1.9800642  -0.78261898
   9    1.9748575  -0.54836593
  10    1.9736496  -0.53027460
  11    1.9741339  -0.36119423
  12    1.9763414  -0.20997983
  13    1.9771329  -0.20180802
  14    1.9769201  -0.20162259
  15    0.0088066  -0.01704370
  16    0.0100528  -0.01751452
  17    0.0088311  -0.01549355
  18    0.0111948  -0.01724788
  19    0.0205770  -0.03086679
  20    0.0226486  -0.03048487
  21    0.0067683  -0.02434904
  22    0.0070708  -0.01803286
  23    0.0004855  -0.01089046
  24    0.0005098  -0.01102380
  25    0.0006018  -0.01314510
  26    0.0003535  -0.00903542
  27    0.0000136  -0.00053212
  28    0.0000006  -0.00000740
  29    0.0080520  -0.01969610
  30    0.0090204  -0.02012537
  31    0.0087696  -0.01531713
  32    0.0046030  -0.00847372
  33    0.0039281  -0.00779705
  34    0.0007670  -0.00229402
  35    0.0062029  -0.01501581
  36    0.0034594  -0.00807083
  37    0.0000737  -0.00343113
  38    0.0000090  -0.00022823
  39    0.0000149  -0.00080440
  40    0.0000047  -0.00022236
  41    0.0000004  -0.00002760
  42    0.0000000  -0.00000043
  43    0.0020825  -0.00858268
  44    0.0021976  -0.00865657
  45    0.0021420  -0.00842549
  46    0.0044274  -0.00798139
  47    0.0007563  -0.00222375
  48    0.0004129  -0.00108182
  49    0.0053951  -0.01861233
  50    0.0011521  -0.00577993
  51    0.0000045  -0.00005250
  52    0.0000080  -0.00011496
  53    0.0000075  -0.00009150
  54    0.0000039  -0.00006267
  55    0.0000001  -0.00000274
  56    0.0000000  -0.00000021
  57    0.0019977  -0.00790453
  58    0.0007102  -0.00150447
  59    0.0020790  -0.00843324
  60    0.0041514  -0.00780560
  61    0.0003416  -0.00099148
  62    0.0003602  -0.00097599
  63    0.0005146  -0.00143380
  64    0.0009830  -0.00366712
  65    0.0000038  -0.00004600
  66    0.0000049  -0.00017728
  67    0.0000070  -0.00008392
  68    0.0000031  -0.00004427
  69    0.0000001  -0.00000152
  70    0.0000000  -0.00000020
  71    0.0006369  -0.00145355
  72    0.0003519  -0.00133202
  73    0.0007004  -0.00159312
  74    0.0005568  -0.00144779
  75    0.0002712  -0.00085275
  76    0.0003191  -0.00092509
  77    0.0005081  -0.00141915
  78    0.0005763  -0.00341187
  79    0.0000036  -0.00004292
  80    0.0000034  -0.00004062
  81    0.0000063  -0.00007838
  82    0.0000021  -0.00015378
  83    0.0000001  -0.00000151
  84    0.0000000  -0.00000016
  85    0.0006341  -0.00144768
  86    0.0001343  -0.00084036
  87    0.0003237  -0.00125260
  88    0.0003492  -0.00099677
  89    0.0002549  -0.00081751
  90    0.0003090  -0.00090195
  91    0.0002997  -0.00136857
  92    0.0003914  -0.00130167
  93    0.0000035  -0.00003986
  94    0.0000027  -0.00003620
  95    0.0000060  -0.00006886
  96    0.0000013  -0.00001553
  97    0.0000001  -0.00000119
  98    0.0000000  -0.00000014
  99    0.0006213  -0.00141188
 100    0.0001263  -0.00065849
 101    0.0003142  -0.00120398
 102    0.0002527  -0.00074684
 103    0.0000632  -0.00023996
 104    0.0001025  -0.00037027
 105    0.0000511  -0.00018382
 106    0.0001624  -0.00169299
 107    0.0000027  -0.00003259
 108    0.0000025  -0.00021572
 109    0.0000042  -0.00004834
 110    0.0000010  -0.00001041
 111    0.0000000  -0.00000082
 112    0.0000000  -0.00000010
 113    0.0000710  -0.00021754
 114    0.0000605  -0.00017904
 115    0.0003106  -0.00121492
 116    0.0001339  -0.00044828
 117    0.0000440  -0.00015449
 118    0.0000814  -0.00030781
 119    0.0000497  -0.00017934
 120    0.0001372  -0.00119574
 121    0.0000025  -0.00002966
 122    0.0000020  -0.00002884
 123    0.0000017  -0.00002078
 124    0.0000006  -0.00000645
 125    0.0000000  -0.00000077
 126    0.0000000  -0.00000012
 127    0.0000543  -0.00016991
 128    0.0000599  -0.00017849
 129    0.0000546  -0.00018196
 130    0.0000899  -0.00033114
 131    0.0000368  -0.00014630
 132    0.0000650  -0.00026981
 133    0.0000477  -0.00017591
 134    0.0000764  -0.00034905
 135    0.0000020  -0.00002208
 136    0.0000010  -0.00001004
 137    0.0000015  -0.00001869
 138    0.0000004  -0.00000361
 139    0.0000000  -0.00000075
 140    0.0000000  -0.00000012
 141    0.0000512  -0.00017826
 142    0.0000587  -0.00017814
 143    0.0000526  -0.00016708
 144    0.0000458  -0.00015164
 145    0.0000346  -0.00013586
 146    0.0000358  -0.00014354
 147    0.0000460  -0.00016903
 148    0.0000609  -0.00031494
 149    0.0000011  -0.00001161
 150    0.0000009  -0.00000913
 151    0.0000010  -0.00001053
 152    0.0000003  -0.00000336
 153    0.0000000  -0.00000066
 154    0.0000000  -0.00000009
 155    0.0000474  -0.00014585
 156    0.0000582  -0.00017883
 157    0.0000474  -0.00016141
 158    0.0000373  -0.00012505
 159    0.0000331  -0.00013491
 160    0.0000255  -0.00012324
 161    0.0000376  -0.00015394
 162    0.0000370  -0.00016839
 163    0.0000006  -0.00000869
 164    0.0000005  -0.00000508
 165    0.0000010  -0.00001009
 166    0.0000003  -0.00000327
 167    0.0000000  -0.00000061
 168    0.0000000  -0.00000009
 169    0.0000248  -0.00012040
 170    0.0000363  -0.00012072
 171    0.0000333  -0.00012286
 172    0.0000241  -0.00010856
 173    0.0000096  -0.00007869
 174    0.0000156  -0.00009396
 175    0.0000150  -0.00011203
 176    0.0000319  -0.00015395
 177    0.0000005  -0.00000392
 178    0.0000004  -0.00000487
 179    0.0000009  -0.00000863
 180    0.0000003  -0.00000863
 181    0.0000000  -0.00000049
 182    0.0000000  -0.00000009
 
----------------
 Final Energies 
----------------
Final NOF Total Energy =    -536.5023900
 
Total Orbital Internal Iterations = 10
Total Occupation Internal Iterations = 0
 
Elapsed time:   31.19 Seconds

---------------------------------
   Lowdin Population Analysis    
---------------------------------
 Idx  Atom   Population   Charge 
---------------------------------
  1    Cl    17.772      -0.772
  2     O     7.441       0.559
  3     H     1.362      -0.362
  4     H     1.426      -0.426

---------------------------------
   M Diagnostic: 0.02
---------------------------------

