Computing Integrals
Basis Set                                            = def2-qzvp
Auxiliary Basis Set                                  = def2-universal-jkfit
Gaussian Type                                        = Spherical
Elapsed time:    1.69 Seconds

Number of basis functions                   (NBF)    = 51
Number of auxiliary basis functions         (NBFAUX) = 112
Inactive Doubly occupied orbitals up to     (NO1)    = 0
No. considered Strongly Doubly occupied MOs (NDOC)   = 6
No. considered Strongly Singly occupied MOs (NSOC)   = 0
NO. of Weakly occ. per St. Doubly occ.  MOs (NCWO)   = 7
Dimension of the Nat. Orb. subspace         (NBF5)   = 48
No. of electrons                                     = 12
    No. of alpha electrons                           = 6
    No. of beta electrons                            = 6
Multiplicity                                         = 1

Geometry
========
Mg       0.0000000       0.0000000       0.0000000

No violations of the orthonormality
No violations of the orthonormality
 
PNOF8/ADABelief Calculation
==================
 
  Nitext  Nit_orb  Time   Nit_occ  Time         Eelec          Etot           Ediff      maxdiff    MaxGrad_orb  Grad_occ
     1      10    8.9e+00    0    1.2e+01  -199.86425118  -199.86425118 -10198.86425118   0.000780   3.1e-03   2.0e-04 0.02
 
RESULTS OF THE OCCUPATION OPTIMIZATION
========================================
   1    1.9999977  -49.07648587
   2    1.9972880  -3.79871668
   3    1.9957785  -2.31276988
   4    1.9936051  -2.31050241
   5    1.9911927  -2.30822617
   6    1.9675791  -0.26527958
   7    0.0096488  -0.01132054
   8    0.0059969  -0.03001389
   9    0.0029929  -0.01412747
  10    0.0032186  -0.01442538
  11    0.0024377  -0.01356213
  12    0.0000020  -0.00001003
  13    0.0096404  -0.01129005
  14    0.0027463  -0.01371144
  15    0.0029735  -0.01410958
  16    0.0004938  -0.00677715
  17    0.0001693  -0.00078735
  18    0.0000001  -0.00000096
  19    0.0095736  -0.01122711
  20    0.0000357  -0.00011606
  21    0.0002093  -0.00089946
  22    0.0002231  -0.00089523
  23    0.0000672  -0.00196241
  24    0.0000001  -0.00000059
  25    0.0011171  -0.00144705
  26    0.0000084  -0.00002326
  27    0.0001838  -0.00074329
  28    0.0001901  -0.00080945
  29    0.0000226  -0.00009512
  30    0.0000000  -0.00000049
  31    0.0011100  -0.00143985
  32    0.0000080  -0.00001896
  33    0.0000169  -0.00049265
  34    0.0000532  -0.00014298
  35    0.0000059  -0.00013449
  36    0.0000000  -0.00000040
  37    0.0011066  -0.00143431
  38    0.0000064  -0.00001709
  39    0.0000098  -0.00002845
  40    0.0000276  -0.00010308
  41    0.0000051  -0.00001561
  42    0.0000000  -0.00000038
  43    0.0002245  -0.00021813
  44    0.0000056  -0.00001600
  45    0.0000087  -0.00029718
  46    0.0000150  -0.00009817
  47    0.0000042  -0.00001391
  48    0.0000000  -0.00000024
 
----------------
 Final Energies 
----------------
Final NOF Total Energy =    -199.8642512
 
Total Orbital Internal Iterations = 10
Total Occupation Internal Iterations = 0
 
Elapsed time:   26.59 Seconds

---------------------------------
   Lowdin Population Analysis    
---------------------------------
 Idx  Atom   Population   Charge 
---------------------------------
  1    Mg    12.000      -0.000

---------------------------------
   M Diagnostic: 0.02
---------------------------------

