Computing Integrals
Basis Set                                            = def2-qzvp
Auxiliary Basis Set                                  = def2-universal-jkfit
Gaussian Type                                        = Spherical
Elapsed time:    1.79 Seconds

Number of basis functions                   (NBF)    = 144
Number of auxiliary basis functions         (NBFAUX) = 170
Inactive Doubly occupied orbitals up to     (NO1)    = 0
No. considered Strongly Doubly occupied MOs (NDOC)   = 7
No. considered Strongly Singly occupied MOs (NSOC)   = 1
NO. of Weakly occ. per St. Doubly occ.  MOs (NCWO)   = 19
Dimension of the Nat. Orb. subspace         (NBF5)   = 141
No. of electrons                                     = 15
    No. of alpha electrons                           = 8
    No. of beta electrons                            = 7
Multiplicity                                         = 2

Geometry
========
 H      -1.0863328       0.9379790       0.0000000
 C       0.5431664       0.0984764       0.0000000
 O       0.5431664      -1.0364554       0.0000000

No violations of the orthonormality
No violations of the orthonormality
 
PNOF8/ADABelief Calculation
==================
 
  Nitext  Nit_orb  Time   Nit_occ  Time         Eelec          Etot           Ediff      maxdiff    MaxGrad_orb  Grad_occ
     1      10    1.0e+01    0    1.2e+01  -139.46281642  -113.69642068 -10138.46281642   0.000924   3.7e-03   1.4e-04 0.03
 
RESULTS OF THE OCCUPATION OPTIMIZATION
========================================
   1    1.9999870  -20.69648568
   2    1.9999527  -11.36330764
   3    1.9859425  -1.41191410
   4    1.9790832  -0.97542349
   5    1.9668811  -0.67767463
   6    1.9671517  -0.66786281
   7    1.9790226  -0.61117043
   8    1.0000000  -0.23353372
   9    0.0063604  -0.01256502
  10    0.0288951  -0.04052958
  11    0.0253046  -0.03723374
  12    0.0155912  -0.03168556
  13    0.0062194  -0.01833953
  14    0.0000348  -0.00083103
  15    0.0000112  -0.00043192
  16    0.0046508  -0.00835967
  17    0.0030412  -0.00627991
  18    0.0036310  -0.00771115
  19    0.0028017  -0.00701533
  20    0.0032477  -0.00842471
  21    0.0000036  -0.00005212
  22    0.0000007  -0.00003450
  23    0.0035731  -0.00680966
  24    0.0003009  -0.00072498
  25    0.0031191  -0.00657251
  26    0.0011192  -0.00319535
  27    0.0012967  -0.00484163
  28    0.0000027  -0.00003828
  29    0.0000006  -0.00002680
  30    0.0015552  -0.00323594
  31    0.0002298  -0.00068060
  32    0.0003229  -0.00078305
  33    0.0005197  -0.00321723
  34    0.0012355  -0.00583150
  35    0.0000026  -0.00004412
  36    0.0000001  -0.00000211
  37    0.0009736  -0.00192126
  38    0.0002160  -0.00060965
  39    0.0002124  -0.00059459
  40    0.0002739  -0.00101637
  41    0.0004752  -0.00243866
  42    0.0000026  -0.00006528
  43    0.0000001  -0.00000176
  44    0.0009578  -0.00188973
  45    0.0000764  -0.00025793
  46    0.0001733  -0.00049262
  47    0.0002130  -0.00072901
  48    0.0004594  -0.00311230
  49    0.0000002  -0.00002547
  50    0.0000000  -0.00000075
  51    0.0006897  -0.00181766
  52    0.0000177  -0.00005963
  53    0.0000881  -0.00029944
  54    0.0000787  -0.00029189
  55    0.0002358  -0.00085573
  56    0.0000001  -0.00000338
  57    0.0000000  -0.00000046
  58    0.0005836  -0.00164748
  59    0.0000144  -0.00005649
  60    0.0000700  -0.00020031
  61    0.0000759  -0.00023731
  62    0.0002158  -0.00077637
  63    0.0000001  -0.00000221
  64    0.0000000  -0.00000028
  65    0.0004535  -0.00107323
  66    0.0000080  -0.00004138
  67    0.0000641  -0.00021070
  68    0.0000751  -0.00027923
  69    0.0001957  -0.00073559
  70    0.0000001  -0.00000207
  71    0.0000000  -0.00000029
  72    0.0003310  -0.00100640
  73    0.0000073  -0.00003438
  74    0.0000341  -0.00011716
  75    0.0000259  -0.00012351
  76    0.0001843  -0.00068354
  77    0.0000001  -0.00000170
  78    0.0000000  -0.00000027
  79    0.0002749  -0.00069028
  80    0.0000072  -0.00003285
  81    0.0000203  -0.00007673
  82    0.0000234  -0.00011636
  83    0.0000861  -0.00099417
  84    0.0000001  -0.00000166
  85    0.0000000  -0.00000024
  86    0.0002125  -0.00086986
  87    0.0000067  -0.00004114
  88    0.0000183  -0.00005657
  89    0.0000216  -0.00010583
  90    0.0000694  -0.00031820
  91    0.0000001  -0.00000163
  92    0.0000000  -0.00000012
  93    0.0001149  -0.00036441
  94    0.0000057  -0.00003374
  95    0.0000141  -0.00006180
  96    0.0000179  -0.00009915
  97    0.0000306  -0.00014391
  98    0.0000001  -0.00000134
  99    0.0000000  -0.00000015
 100    0.0000741  -0.00028456
 101    0.0000048  -0.00002740
 102    0.0000118  -0.00004569
 103    0.0000146  -0.00007935
 104    0.0000234  -0.00015387
 105    0.0000001  -0.00000139
 106    0.0000000  -0.00000014
 107    0.0000594  -0.00020347
 108    0.0000044  -0.00002514
 109    0.0000106  -0.00004539
 110    0.0000143  -0.00007855
 111    0.0000207  -0.00011340
 112    0.0000001  -0.00000125
 113    0.0000000  -0.00000006
 114    0.0000348  -0.00015762
 115    0.0000038  -0.00002379
 116    0.0000093  -0.00004265
 117    0.0000141  -0.00007492
 118    0.0000173  -0.00010164
 119    0.0000000  -0.00000120
 120    0.0000000  -0.00000004
 121    0.0000287  -0.00013087
 122    0.0000033  -0.00001689
 123    0.0000059  -0.00003086
 124    0.0000131  -0.00007930
 125    0.0000155  -0.00009966
 126    0.0000000  -0.00000110
 127    0.0000000  -0.00000008
 128    0.0000250  -0.00010461
 129    0.0000029  -0.00001631
 130    0.0000048  -0.00002861
 131    0.0000118  -0.00007359
 132    0.0000151  -0.00009725
 133    0.0000000  -0.00000103
 134    0.0000000  -0.00000001
 135    0.0000244  -0.00010921
 136    0.0000026  -0.00001651
 137    0.0000042  -0.00002768
 138    0.0000115  -0.00007128
 139    0.0000139  -0.00009265
 140    0.0000000  -0.00000014
 141    0.0000000  -0.00000001
 
----------------
 Final Energies 
----------------
Final NOF Total Energy =    -113.6964207
 
Total Orbital Internal Iterations = 10
Total Occupation Internal Iterations = 0
 
Elapsed time:   28.44 Seconds

---------------------------------
   Lowdin Population Analysis    
---------------------------------
 Idx  Atom   Population   Charge 
---------------------------------
  1     H     1.003      -0.003
  2     C     6.319      -0.319
  3     O     7.679       0.321

---------------------------------
   M Diagnostic: 0.03
---------------------------------

