Computing Integrals
Basis Set                                            = def2-qzvp
Auxiliary Basis Set                                  = def2-universal-jkfit
Gaussian Type                                        = Spherical
Elapsed time:    2.89 Seconds

Number of basis functions                   (NBF)    = 200
Number of auxiliary basis functions         (NBFAUX) = 292
Inactive Doubly occupied orbitals up to     (NO1)    = 0
No. considered Strongly Doubly occupied MOs (NDOC)   = 17
No. considered Strongly Singly occupied MOs (NSOC)   = 0
NO. of Weakly occ. per St. Doubly occ.  MOs (NCWO)   = 10
Dimension of the Nat. Orb. subspace         (NBF5)   = 187
No. of electrons                                     = 34
    No. of alpha electrons                           = 17
    No. of beta electrons                            = 17
Multiplicity                                         = 1

Geometry
========
 S      -0.0687310       1.0220312      -0.4834061
 S       0.0687310      -1.0220312      -0.4834061
 H       0.8386269       1.2863190       0.4675986
 H      -0.8386269      -1.2863190       0.4675986

No violations of the orthonormality
No violations of the orthonormality
 
PNOF8/ADABelief Calculation
==================
 
  Nitext  Nit_orb  Time   Nit_occ  Time         Eelec          Etot           Ediff      maxdiff    MaxGrad_orb  Grad_occ
     1      10    1.1e+01    0    1.4e+01  -882.67576826  -797.26666455 -10881.67576826   0.006139   2.5e-02   2.7e-04 0.03
     2      30    6.5e+00    0    1.4e-01  -882.67576826  -797.26666455     0.00000000   0.006139   2.5e-02   2.7e-04 0.03
     3      50    9.5e+00    0    2.2e-01  -882.67576826  -797.26666455     0.00000000   0.006139   2.5e-02   2.7e-04 0.03
     4      70    1.3e+01    7    6.1e-01  -882.67639513  -797.26729142    -0.00062687   0.000809   3.2e-03   2.1e-04 0.03
 
RESULTS OF THE OCCUPATION OPTIMIZATION
========================================
   1    1.9999994  -92.04533252
   2    1.9999993  -92.04513820
   3    1.9998775  -8.98337171
   4    1.9998899  -8.97962093
   5    1.9993507  -6.70942481
   6    1.9990469  -6.70935270
   7    1.9990174  -6.70698904
   8    1.9993276  -6.70166147
   9    1.9990238  -6.69246468
  10    1.9990034  -6.69245013
  11    1.9800022  -0.97275071
  12    1.9792805  -0.96967421
  13    1.9800759  -0.59760134
  14    1.9796854  -0.57223635
  15    1.9710738  -0.53865806
  16    1.9692834  -0.41397534
  17    1.9692234  -0.41346871
  18    0.0105109  -0.01718442
  19    0.0107955  -0.01757567
  20    0.0241280  -0.04422063
  21    0.0060228  -0.02417039
  22    0.0053889  -0.02205179
  23    0.0104691  -0.02806254
  24    0.0109491  -0.02851461
  25    0.0005382  -0.00913972
  26    0.0005416  -0.00913661
  27    0.0005755  -0.01021270
  28    0.0008671  -0.01351774
  29    0.0008500  -0.01328041
  30    0.0005752  -0.01009561
  31    0.0000974  -0.00327882
  32    0.0000982  -0.00315276
  33    0.0000002  -0.00000435
  34    0.0000003  -0.00000519
  35    0.0088604  -0.01424724
  36    0.0090109  -0.01437562
  37    0.0018375  -0.00665408
  38    0.0046186  -0.01688621
  39    0.0048332  -0.01712569
  40    0.0038094  -0.01280231
  41    0.0039844  -0.01265104
  42    0.0004071  -0.00713755
  43    0.0003724  -0.00661664
  44    0.0000319  -0.00023783
  45    0.0000608  -0.00097676
  46    0.0000515  -0.00068809
  47    0.0000207  -0.00021574
  48    0.0000102  -0.00007892
  49    0.0000170  -0.00017127
  50    0.0000001  -0.00000298
  51    0.0000001  -0.00000177
  52    0.0084530  -0.01320777
  53    0.0085277  -0.01326145
  54    0.0012083  -0.00422238
  55    0.0040660  -0.01559398
  56    0.0034449  -0.01163160
  57    0.0035140  -0.01259451
  58    0.0020497  -0.00944981
  59    0.0000189  -0.00079477
  60    0.0000169  -0.00052989
  61    0.0000126  -0.00020679
  62    0.0000158  -0.00015150
  63    0.0000151  -0.00011223
  64    0.0000189  -0.00050040
  65    0.0000022  -0.00012393
  66    0.0000037  -0.00014069
  67    0.0000001  -0.00000214
  68    0.0000001  -0.00000163
  69    0.0008937  -0.00197015
  70    0.0009127  -0.00189901
  71    0.0005460  -0.00129782
  72    0.0018478  -0.00870434
  73    0.0020208  -0.00975088
  74    0.0019429  -0.00882491
  75    0.0020314  -0.00944076
  76    0.0000111  -0.00009228
  77    0.0000138  -0.00011628
  78    0.0000112  -0.00011358
  79    0.0000097  -0.00008770
  80    0.0000106  -0.00009067
  81    0.0000121  -0.00008636
  82    0.0000001  -0.00000345
  83    0.0000031  -0.00006577
  84    0.0000001  -0.00000183
  85    0.0000000  -0.00000123
  86    0.0006927  -0.00146884
  87    0.0007712  -0.00158064
  88    0.0005139  -0.00120538
  89    0.0018090  -0.00850864
  90    0.0019300  -0.00894576
  91    0.0003773  -0.00120111
  92    0.0002940  -0.00113258
  93    0.0000062  -0.00008115
  94    0.0000087  -0.00006897
  95    0.0000101  -0.00011105
  96    0.0000067  -0.00006442
  97    0.0000083  -0.00006951
  98    0.0000073  -0.00008063
  99    0.0000001  -0.00000138
 100    0.0000002  -0.00000444
 101    0.0000001  -0.00000179
 102    0.0000000  -0.00000110
 103    0.0006477  -0.00136236
 104    0.0003316  -0.00080849
 105    0.0003173  -0.00083124
 106    0.0011951  -0.00513157
 107    0.0009215  -0.00418839
 108    0.0001899  -0.00076452
 109    0.0002102  -0.00083915
 110    0.0000047  -0.00005378
 111    0.0000073  -0.00006412
 112    0.0000089  -0.00007337
 113    0.0000059  -0.00005814
 114    0.0000068  -0.00007084
 115    0.0000054  -0.00005758
 116    0.0000000  -0.00000081
 117    0.0000001  -0.00000255
 118    0.0000001  -0.00000152
 119    0.0000000  -0.00000053
 120    0.0003110  -0.00077961
 121    0.0001448  -0.00045767
 122    0.0001344  -0.00042214
 123    0.0002622  -0.00114788
 124    0.0005809  -0.00174707
 125    0.0001717  -0.00073127
 126    0.0002071  -0.00085770
 127    0.0000041  -0.00017610
 128    0.0000068  -0.00009096
 129    0.0000079  -0.00007589
 130    0.0000055  -0.00006363
 131    0.0000040  -0.00019824
 132    0.0000039  -0.00008291
 133    0.0000000  -0.00000069
 134    0.0000001  -0.00000143
 135    0.0000000  -0.00000118
 136    0.0000000  -0.00000039
 137    0.0002057  -0.00062521
 138    0.0000832  -0.00026313
 139    0.0001114  -0.00037167
 140    0.0001953  -0.00071906
 141    0.0004448  -0.00136407
 142    0.0001197  -0.00060144
 143    0.0001250  -0.00060223
 144    0.0000031  -0.00003536
 145    0.0000046  -0.00018846
 146    0.0000072  -0.00006304
 147    0.0000044  -0.00007538
 148    0.0000033  -0.00003813
 149    0.0000025  -0.00006282
 150    0.0000000  -0.00000063
 151    0.0000000  -0.00000077
 152    0.0000000  -0.00000074
 153    0.0000000  -0.00000040
 154    0.0001395  -0.00042467
 155    0.0000756  -0.00024236
 156    0.0000680  -0.00020405
 157    0.0001759  -0.00070901
 158    0.0002203  -0.00086168
 159    0.0000682  -0.00023450
 160    0.0000849  -0.00034596
 161    0.0000025  -0.00003355
 162    0.0000032  -0.00006076
 163    0.0000047  -0.00013387
 164    0.0000038  -0.00011959
 165    0.0000020  -0.00003544
 166    0.0000019  -0.00001571
 167    0.0000000  -0.00000041
 168    0.0000000  -0.00000077
 169    0.0000000  -0.00000063
 170    0.0000000  -0.00000038
 171    0.0000620  -0.00017015
 172    0.0000634  -0.00017798
 173    0.0000615  -0.00018771
 174    0.0001220  -0.00051007
 175    0.0001387  -0.00056802
 176    0.0000573  -0.00019792
 177    0.0000621  -0.00019756
 178    0.0000006  -0.00000767
 179    0.0000009  -0.00000982
 180    0.0000025  -0.00010515
 181    0.0000029  -0.00003215
 182    0.0000014  -0.00001311
 183    0.0000014  -0.00001160
 184    0.0000000  -0.00000029
 185    0.0000000  -0.00000045
 186    0.0000000  -0.00000053
 187    0.0000000  -0.00000031
 
----------------
 Final Energies 
----------------
Final NOF Total Energy =    -797.2672914
 
Total Orbital Internal Iterations = 160
Total Occupation Internal Iterations = 7
 
Elapsed time:   68.32 Seconds

---------------------------------
   Lowdin Population Analysis    
---------------------------------
 Idx  Atom   Population   Charge 
---------------------------------
  1     S    15.733       0.267
  2     S    15.733       0.267
  3     H     1.267      -0.267
  4     H     1.267      -0.267

---------------------------------
   M Diagnostic: 0.03
---------------------------------

