Computing Integrals
Basis Set                                            = def2-qzvp
Auxiliary Basis Set                                  = def2-universal-jkfit
Gaussian Type                                        = Spherical
Elapsed time:    1.64 Seconds

Number of basis functions                   (NBF)    = 51
Number of auxiliary basis functions         (NBFAUX) = 112
Inactive Doubly occupied orbitals up to     (NO1)    = 0
No. considered Strongly Doubly occupied MOs (NDOC)   = 5
No. considered Strongly Singly occupied MOs (NSOC)   = 1
NO. of Weakly occ. per St. Doubly occ.  MOs (NCWO)   = 9
Dimension of the Nat. Orb. subspace         (NBF5)   = 51
No. of electrons                                     = 11
    No. of alpha electrons                           = 6
    No. of beta electrons                            = 5
Multiplicity                                         = 2

Geometry
========
Mg       0.0000000       0.0000000       0.0000000

No violations of the orthonormality
No violations of the orthonormality
 
PNOF8/ADABelief Calculation
==================
 
  Nitext  Nit_orb  Time   Nit_occ  Time         Eelec          Etot           Ediff      maxdiff    MaxGrad_orb  Grad_occ
     1      10    9.0e+00    0    1.2e+01  -199.57658928  -199.57658928 -10198.57658928   0.002642   1.1e-02   9.2e-05 0.01
     2      30    4.8e-02    0    8.4e-04  -199.57658928  -199.57658928     0.00000000   0.002642   1.1e-02   9.2e-05 0.01
     3      50    5.6e-02    0    8.3e-04  -199.57663538  -199.57663538    -0.00004610   0.001689   6.8e-03   1.5e-04 0.01
     4      60    5.8e-02    4    2.1e-02  -199.57666378  -199.57666378    -0.00002839   0.001407   5.6e-03   7.8e-05 0.01
     5      60    6.7e-02    0    2.2e-03  -199.57670458  -199.57670458    -0.00004081   0.001405   5.6e-03   1.3e-04 0.01
     6      70    6.9e-02    0    8.8e-04  -199.57671810  -199.57671810    -0.00001352   0.000927   3.7e-03   1.5e-04 0.01
 
RESULTS OF THE OCCUPATION OPTIMIZATION
========================================
   1    1.9999989  -49.41603481
   2    1.9995299  -4.13408824
   3    1.9914874  -2.64131251
   4    1.9911981  -2.64006543
   5    1.9891086  -2.63632994
   6    1.0000000  -0.27574864
   7    0.0027342  -0.01105157
   8    0.0028359  -0.01214078
   9    0.0052852  -0.02891536
  10    0.0004575  -0.00638413
  11    0.0000005  -0.00000248
  12    0.0027125  -0.01172535
  13    0.0028214  -0.01284707
  14    0.0027569  -0.01320014
  15    0.0000110  -0.00072231
  16    0.0000001  -0.00000021
  17    0.0026961  -0.01102569
  18    0.0027891  -0.01291600
  19    0.0001342  -0.00062816
  20    0.0000003  -0.00000190
  21    0.0000001  -0.00000020
  22    0.0026439  -0.01385135
  23    0.0001592  -0.00067865
  24    0.0001315  -0.00061764
  25    0.0000002  -0.00000166
  26    0.0000001  -0.00000016
  27    0.0000453  -0.00015420
  28    0.0001252  -0.00059734
  29    0.0001297  -0.00061299
  30    0.0000002  -0.00000162
  31    0.0000001  -0.00000009
  32    0.0000366  -0.00012455
  33    0.0000542  -0.00173295
  34    0.0000577  -0.00017103
  35    0.0000002  -0.00000121
  36    0.0000001  -0.00000012
  37    0.0000096  -0.00002854
  38    0.0000102  -0.00003033
  39    0.0000081  -0.00002652
  40    0.0000002  -0.00000116
  41    0.0000001  -0.00000005
  42    0.0000082  -0.00002645
  43    0.0000036  -0.00000619
  44    0.0000061  -0.00002282
  45    0.0000002  -0.00000109
  46    0.0000001  -0.00000004
  47    0.0000051  -0.00006913
  48    0.0000032  -0.00000590
  49    0.0000032  -0.00000577
  50    0.0000002  -0.00000029
  51    0.0000000  -0.00000002
 
----------------
 Final Energies 
----------------
Final NOF Total Energy =    -199.5767181
 
Total Orbital Internal Iterations = 280
Total Occupation Internal Iterations = 4
 
Elapsed time:   27.07 Seconds

---------------------------------
   Lowdin Population Analysis    
---------------------------------
 Idx  Atom   Population   Charge 
---------------------------------
  1    Mg    11.000       1.000

---------------------------------
   M Diagnostic: 0.01
---------------------------------

