Computing Integrals
Basis Set                                            = def2-qzvp
Auxiliary Basis Set                                  = def2-universal-jkfit
Gaussian Type                                        = Spherical
Elapsed time:    1.71 Seconds

Number of basis functions                   (NBF)    = 114
Number of auxiliary basis functions         (NBFAUX) = 154
Inactive Doubly occupied orbitals up to     (NO1)    = 0
No. considered Strongly Doubly occupied MOs (NDOC)   = 9
No. considered Strongly Singly occupied MOs (NSOC)   = 0
NO. of Weakly occ. per St. Doubly occ.  MOs (NCWO)   = 11
Dimension of the Nat. Orb. subspace         (NBF5)   = 108
No. of electrons                                     = 18
    No. of alpha electrons                           = 9
    No. of beta electrons                            = 9
Multiplicity                                         = 1

Geometry
========
 F       0.0000000       0.0000000      -0.7008938
 F       0.0000000       0.0000000       0.7008938

No violations of the orthonormality
No violations of the orthonormality
 
PNOF8/ADABelief Calculation
==================
 
  Nitext  Nit_orb  Time   Nit_occ  Time         Eelec          Etot           Ediff      maxdiff    MaxGrad_orb  Grad_occ
     1      10    9.8e+00    0    1.2e+01  -229.95956107  -199.38198556 -10228.95956107   0.000498   2.0e-03   1.3e-04 0.04
 
RESULTS OF THE OCCUPATION OPTIMIZATION
========================================
   1    1.9999630  -26.46014017
   2    1.9999614  -26.45970655
   3    1.9891776  -1.73416037
   4    1.9871044  -1.59268797
   5    1.9585797  -0.83382846
   6    1.9823485  -0.80883491
   7    1.9819753  -0.80532253
   8    1.9807817  -0.75537289
   9    1.9807224  -0.75222320
  10    0.0097545  -0.01956767
  11    0.0100379  -0.01993642
  12    0.0090408  -0.01885494
  13    0.0091738  -0.01902562
  14    0.0413170  -0.08402515
  15    0.0065665  -0.02213188
  16    0.0067991  -0.02265890
  17    0.0000214  -0.00102955
  18    0.0000205  -0.00094849
  19    0.0040060  -0.00953951
  20    0.0042179  -0.01026112
  21    0.0041946  -0.01045584
  22    0.0040618  -0.01033283
  23    0.0000127  -0.00010164
  24    0.0031458  -0.00982151
  25    0.0019188  -0.00637034
  26    0.0000031  -0.00007403
  27    0.0000031  -0.00008168
  28    0.0034763  -0.00819215
  29    0.0035328  -0.00824412
  30    0.0033402  -0.00810162
  31    0.0026907  -0.00689416
  32    0.0000122  -0.00009409
  33    0.0018439  -0.00621419
  34    0.0007699  -0.00442090
  35    0.0000030  -0.00007141
  36    0.0000031  -0.00008249
  37    0.0006639  -0.00240111
  38    0.0006668  -0.00241328
  39    0.0005096  -0.00434512
  40    0.0005201  -0.00425497
  41    0.0000119  -0.00009238
  42    0.0005519  -0.00291473
  43    0.0005556  -0.00291324
  44    0.0000022  -0.00006075
  45    0.0000021  -0.00006223
  46    0.0003400  -0.00120718
  47    0.0002950  -0.00113017
  48    0.0003235  -0.00123534
  49    0.0002914  -0.00115083
  50    0.0000104  -0.00007806
  51    0.0002195  -0.00102713
  52    0.0002669  -0.00117882
  53    0.0000021  -0.00005955
  54    0.0000018  -0.00005640
  55    0.0003133  -0.00118832
  56    0.0002074  -0.00092057
  57    0.0002977  -0.00114648
  58    0.0002835  -0.00111736
  59    0.0000102  -0.00007788
  60    0.0001739  -0.00090359
  61    0.0002190  -0.00115027
  62    0.0000019  -0.00005325
  63    0.0000017  -0.00005161
  64    0.0002927  -0.00112245
  65    0.0001906  -0.00073909
  66    0.0002461  -0.00095404
  67    0.0002382  -0.00095612
  68    0.0000095  -0.00007530
  69    0.0001536  -0.00095783
  70    0.0001640  -0.00080696
  71    0.0000015  -0.00004856
  72    0.0000016  -0.00004900
  73    0.0002120  -0.00089025
  74    0.0000187  -0.00014313
  75    0.0000210  -0.00017576
  76    0.0001979  -0.00088331
  77    0.0000094  -0.00007568
  78    0.0001313  -0.00083098
  79    0.0000761  -0.00055584
  80    0.0000014  -0.00004499
  81    0.0000012  -0.00006373
  82    0.0001818  -0.00071833
  83    0.0000176  -0.00012893
  84    0.0000178  -0.00013663
  85    0.0001570  -0.00080369
  86    0.0000091  -0.00007081
  87    0.0000753  -0.00046500
  88    0.0000190  -0.00015298
  89    0.0000010  -0.00003769
  90    0.0000009  -0.00002566
  91    0.0000198  -0.00015874
  92    0.0000174  -0.00012839
  93    0.0000172  -0.00013012
  94    0.0000199  -0.00016233
  95    0.0000090  -0.00006999
  96    0.0000177  -0.00014598
  97    0.0000172  -0.00014404
  98    0.0000008  -0.00002772
  99    0.0000006  -0.00000981
 100    0.0000172  -0.00013316
 101    0.0000162  -0.00012500
 102    0.0000162  -0.00013063
 103    0.0000170  -0.00012800
 104    0.0000090  -0.00006879
 105    0.0000162  -0.00013083
 106    0.0000169  -0.00013748
 107    0.0000003  -0.00003672
 108    0.0000003  -0.00003550
 
----------------
 Final Energies 
----------------
Final NOF Total Energy =    -199.3819856
 
Total Orbital Internal Iterations = 10
Total Occupation Internal Iterations = 0
 
Elapsed time:   27.89 Seconds

---------------------------------
   Lowdin Population Analysis    
---------------------------------
 Idx  Atom   Population   Charge 
---------------------------------
  1     F     8.999       0.001
  2     F     9.001      -0.001

---------------------------------
   M Diagnostic: 0.04
---------------------------------

