Computing Integrals
Basis Set                                            = def2-qzvp
Auxiliary Basis Set                                  = def2-universal-jkfit
Gaussian Type                                        = Spherical
Elapsed time:    1.81 Seconds

Number of basis functions                   (NBF)    = 127
Number of auxiliary basis functions         (NBFAUX) = 205
Inactive Doubly occupied orbitals up to     (NO1)    = 0
No. considered Strongly Doubly occupied MOs (NDOC)   = 13
No. considered Strongly Singly occupied MOs (NSOC)   = 0
NO. of Weakly occ. per St. Doubly occ.  MOs (NCWO)   = 8
Dimension of the Nat. Orb. subspace         (NBF5)   = 117
No. of electrons                                     = 26
    No. of alpha electrons                           = 13
    No. of beta electrons                            = 13
Multiplicity                                         = 1

Geometry
========
Cl       0.0000000       0.0000000       0.5629020
 F       0.0000000       0.0000000      -1.0632600

No violations of the orthonormality
No violations of the orthonormality
 
PNOF8/ADABelief Calculation
==================
 
  Nitext  Nit_orb  Time   Nit_occ  Time         Eelec          Etot           Ediff      maxdiff    MaxGrad_orb  Grad_occ
     1      10    9.9e+00    0    1.2e+01  -609.53960898  -559.75124397 -10608.53960898   0.000794   3.2e-03   1.7e-04 0.03
 
RESULTS OF THE OCCUPATION OPTIMIZATION
========================================
   1    1.9999986  -104.98885756
   2    1.9999827  -26.39960491
   3    1.9996511  -10.66132495
   4    1.9993864  -8.15415686
   5    1.9994435  -8.14141234
   6    1.9994376  -8.13872918
   7    1.9882902  -1.65858371
   8    1.9821139  -1.12379853
   9    1.9648940  -0.77193731
  10    1.9791057  -0.76184877
  11    1.9792091  -0.75849461
  12    1.9742678  -0.52690505
  13    1.9771530  -0.52493136
  14    0.0086539  -0.01777518
  15    0.0102735  -0.01874062
  16    0.0114614  -0.02290711
  17    0.0115595  -0.02309289
  18    0.0324316  -0.06400063
  19    0.0061053  -0.02575884
  20    0.0069075  -0.02408173
  21    0.0004366  -0.01034787
  22    0.0004518  -0.01059949
  23    0.0005001  -0.01182323
  24    0.0002873  -0.00766986
  25    0.0000051  -0.00013083
  26    0.0000010  -0.00005430
  27    0.0063698  -0.01905732
  28    0.0074272  -0.01794671
  29    0.0039500  -0.00998013
  30    0.0038794  -0.00990936
  31    0.0020952  -0.00636577
  32    0.0050582  -0.01676387
  33    0.0017282  -0.00838321
  34    0.0000654  -0.00296421
  35    0.0000421  -0.00098421
  36    0.0000563  -0.00070789
  37    0.0000293  -0.00066259
  38    0.0000025  -0.00036762
  39    0.0000001  -0.00002848
  40    0.0034650  -0.01349857
  41    0.0059517  -0.01443638
  42    0.0034452  -0.00901418
  43    0.0035075  -0.00895858
  44    0.0001759  -0.00076649
  45    0.0039954  -0.01373836
  46    0.0014162  -0.00747138
  47    0.0000151  -0.00015326
  48    0.0000147  -0.00014971
  49    0.0000139  -0.00016870
  50    0.0000061  -0.00012216
  51    0.0000020  -0.00007516
  52    0.0000001  -0.00000667
  53    0.0019490  -0.00870736
  54    0.0006353  -0.00156102
  55    0.0006398  -0.00245423
  56    0.0009996  -0.00492008
  57    0.0001671  -0.00073357
  58    0.0018080  -0.00932560
  59    0.0006040  -0.00264886
  60    0.0000140  -0.00017745
  61    0.0000126  -0.00040177
  62    0.0000108  -0.00013829
  63    0.0000057  -0.00008620
  64    0.0000018  -0.00006578
  65    0.0000001  -0.00000570
  66    0.0013832  -0.00594554
  67    0.0006218  -0.00154981
  68    0.0005603  -0.00294766
  69    0.0002742  -0.00108248
  70    0.0000915  -0.00043099
  71    0.0003961  -0.00134121
  72    0.0004522  -0.00433343
  73    0.0000089  -0.00010688
  74    0.0000118  -0.00063048
  75    0.0000100  -0.00013471
  76    0.0000054  -0.00009762
  77    0.0000017  -0.00005917
  78    0.0000001  -0.00000505
  79    0.0004982  -0.00135696
  80    0.0005538  -0.00135741
  81    0.0002592  -0.00102491
  82    0.0002523  -0.00102268
  83    0.0000779  -0.00035617
  84    0.0002275  -0.00116910
  85    0.0002528  -0.00113965
  86    0.0000083  -0.00012094
  87    0.0000085  -0.00010770
  88    0.0000084  -0.00011595
  89    0.0000053  -0.00008334
  90    0.0000016  -0.00004309
  91    0.0000000  -0.00000471
  92    0.0004702  -0.00137846
  93    0.0002070  -0.00088397
  94    0.0002438  -0.00097216
  95    0.0002264  -0.00089736
  96    0.0000343  -0.00014281
  97    0.0001749  -0.00090431
  98    0.0002417  -0.00112123
  99    0.0000077  -0.00010933
 100    0.0000081  -0.00011241
 101    0.0000075  -0.00010607
 102    0.0000051  -0.00008289
 103    0.0000014  -0.00003391
 104    0.0000000  -0.00000440
 105    0.0000578  -0.00019963
 106    0.0000618  -0.00023228
 107    0.0002312  -0.00095334
 108    0.0001955  -0.00079504
 109    0.0000325  -0.00013869
 110    0.0001209  -0.00074030
 111    0.0001072  -0.00069902
 112    0.0000063  -0.00008955
 113    0.0000069  -0.00009554
 114    0.0000066  -0.00009401
 115    0.0000046  -0.00020706
 116    0.0000012  -0.00004559
 117    0.0000000  -0.00000356
 
----------------
 Final Energies 
----------------
Final NOF Total Energy =    -559.7512440
 
Total Orbital Internal Iterations = 10
Total Occupation Internal Iterations = 0
 
Elapsed time:   27.95 Seconds

---------------------------------
   Lowdin Population Analysis    
---------------------------------
 Idx  Atom   Population   Charge 
---------------------------------
  1    Cl    16.888       0.112
  2     F     9.112      -0.112

---------------------------------
   M Diagnostic: 0.03
---------------------------------

