Computing Integrals
Basis Set                                            = def2-qzvp
Auxiliary Basis Set                                  = def2-universal-jkfit
Gaussian Type                                        = Spherical
Elapsed time:    1.80 Seconds

Number of basis functions                   (NBF)    = 144
Number of auxiliary basis functions         (NBFAUX) = 170
Inactive Doubly occupied orbitals up to     (NO1)    = 0
No. considered Strongly Doubly occupied MOs (NDOC)   = 7
No. considered Strongly Singly occupied MOs (NSOC)   = 0
NO. of Weakly occ. per St. Doubly occ.  MOs (NCWO)   = 19
Dimension of the Nat. Orb. subspace         (NBF5)   = 140
No. of electrons                                     = 14
    No. of alpha electrons                           = 7
    No. of beta electrons                            = 7
Multiplicity                                         = 1

Geometry
========
 N       0.0000000       0.0000000       0.6477730
 C       0.0000000       0.0000000      -0.4953480
 H       0.0000000       0.0000000      -1.5623240

No violations of the orthonormality
No violations of the orthonormality
 
PNOF8/ADABelief Calculation
==================
 
  Nitext  Nit_orb  Time   Nit_occ  Time         Eelec          Etot           Ediff      maxdiff    MaxGrad_orb  Grad_occ
     1      10    1.0e+01    0    1.2e+01  -117.41124437   -93.31670794 -10116.41124437   0.000904   3.6e-03   2.3e-04 0.03
 
RESULTS OF THE OCCUPATION OPTIMIZATION
========================================
   1    1.9999642  -14.49788541
   2    1.9999549  -12.40124789
   3    1.9840885  -1.23596962
   4    1.9757188  -0.76740637
   5    1.9816069  -0.69835948
   6    1.9643868  -0.53003901
   7    1.9629566  -0.52922498
   8    0.0274505  -0.03524970
   9    0.0307753  -0.03767136
  10    0.0077556  -0.01576599
  11    0.0167546  -0.02531361
  12    0.0083316  -0.01971487
  13    0.0000318  -0.00065364
  14    0.0000304  -0.00084650
  15    0.0038316  -0.00664661
  16    0.0042166  -0.00709747
  17    0.0028364  -0.00573253
  18    0.0027630  -0.00533713
  19    0.0038725  -0.01019726
  20    0.0000047  -0.00007902
  21    0.0000014  -0.00001842
  22    0.0029038  -0.00511940
  23    0.0002346  -0.00055445
  24    0.0018135  -0.00402088
  25    0.0019575  -0.00417955
  26    0.0007015  -0.00234293
  27    0.0000028  -0.00009585
  28    0.0000013  -0.00001691
  29    0.0027583  -0.00484817
  30    0.0002343  -0.00055187
  31    0.0013884  -0.00553773
  32    0.0016216  -0.00351724
  33    0.0006373  -0.00219152
  34    0.0000025  -0.00003488
  35    0.0000012  -0.00001615
  36    0.0000184  -0.00006734
  37    0.0000252  -0.00008434
  38    0.0008657  -0.00245053
  39    0.0002526  -0.00066702
  40    0.0005333  -0.00378843
  41    0.0000025  -0.00002574
  42    0.0000011  -0.00005523
  43    0.0000122  -0.00005704
  44    0.0000170  -0.00007509
  45    0.0008598  -0.00194557
  46    0.0002433  -0.00063026
  47    0.0004171  -0.00136620
  48    0.0000003  -0.00002901
  49    0.0000001  -0.00000275
  50    0.0000110  -0.00004804
  51    0.0000164  -0.00006588
  52    0.0008451  -0.00260481
  53    0.0001616  -0.00041364
  54    0.0004057  -0.00128194
  55    0.0000001  -0.00000379
  56    0.0000001  -0.00000202
  57    0.0000084  -0.00004285
  58    0.0000128  -0.00006090
  59    0.0006257  -0.00224956
  60    0.0001069  -0.00029348
  61    0.0002681  -0.00172951
  62    0.0000001  -0.00000191
  63    0.0000000  -0.00000117
  64    0.0000077  -0.00003386
  65    0.0000119  -0.00005689
  66    0.0002724  -0.00071974
  67    0.0000976  -0.00029184
  68    0.0002223  -0.00069257
  69    0.0000001  -0.00000160
  70    0.0000000  -0.00000099
  71    0.0000062  -0.00002898
  72    0.0000095  -0.00004896
  73    0.0002411  -0.00070247
  74    0.0000846  -0.00027724
  75    0.0001302  -0.00053464
  76    0.0000000  -0.00000153
  77    0.0000000  -0.00000080
  78    0.0000062  -0.00002879
  79    0.0000089  -0.00004718
  80    0.0001881  -0.00054692
  81    0.0000475  -0.00022596
  82    0.0001026  -0.00043566
  83    0.0000000  -0.00000106
  84    0.0000000  -0.00000046
  85    0.0000061  -0.00002770
  86    0.0000083  -0.00004611
  87    0.0001437  -0.00062659
  88    0.0000424  -0.00017564
  89    0.0000839  -0.00028703
  90    0.0000000  -0.00000094
  91    0.0000000  -0.00000046
  92    0.0000048  -0.00002154
  93    0.0000080  -0.00003795
  94    0.0001358  -0.00045090
  95    0.0000404  -0.00014307
  96    0.0000681  -0.00027324
  97    0.0000000  -0.00000071
  98    0.0000000  -0.00000019
  99    0.0000044  -0.00001960
 100    0.0000075  -0.00003200
 101    0.0001235  -0.00038758
 102    0.0000266  -0.00010218
 103    0.0000416  -0.00015890
 104    0.0000000  -0.00000088
 105    0.0000000  -0.00000018
 106    0.0000037  -0.00001163
 107    0.0000071  -0.00003053
 108    0.0000862  -0.00032108
 109    0.0000213  -0.00011240
 110    0.0000250  -0.00011990
 111    0.0000000  -0.00000052
 112    0.0000000  -0.00000011
 113    0.0000029  -0.00001544
 114    0.0000067  -0.00003190
 115    0.0000810  -0.00028112
 116    0.0000176  -0.00008620
 117    0.0000208  -0.00011086
 118    0.0000000  -0.00000021
 119    0.0000000  -0.00000012
 120    0.0000028  -0.00001411
 121    0.0000053  -0.00002927
 122    0.0000567  -0.00024699
 123    0.0000156  -0.00008282
 124    0.0000182  -0.00008863
 125    0.0000000  -0.00000024
 126    0.0000000  -0.00000010
 127    0.0000023  -0.00000982
 128    0.0000040  -0.00001882
 129    0.0000443  -0.00018896
 130    0.0000142  -0.00007489
 131    0.0000161  -0.00008772
 132    0.0000000  -0.00000024
 133    0.0000000  -0.00000010
 134    0.0000022  -0.00000940
 135    0.0000038  -0.00002042
 136    0.0000302  -0.00011770
 137    0.0000121  -0.00005490
 138    0.0000155  -0.00007447
 139    0.0000000  -0.00000024
 140    0.0000000  -0.00000008
 
----------------
 Final Energies 
----------------
Final NOF Total Energy =     -93.3167079
 
Total Orbital Internal Iterations = 10
Total Occupation Internal Iterations = 0
 
Elapsed time:   28.00 Seconds

---------------------------------
   Lowdin Population Analysis    
---------------------------------
 Idx  Atom   Population   Charge 
---------------------------------
  1     N     6.896       0.104
  2     C     5.961       0.039
  3     H     1.143      -0.143

---------------------------------
   M Diagnostic: 0.03
---------------------------------

