Computing Integrals
Basis Set                                            = def2-qzvp
Auxiliary Basis Set                                  = def2-universal-jkfit
Gaussian Type                                        = Spherical
Elapsed time:    2.14 Seconds

Number of basis functions                   (NBF)    = 140
Number of auxiliary basis functions         (NBFAUX) = 256
Inactive Doubly occupied orbitals up to     (NO1)    = 0
No. considered Strongly Doubly occupied MOs (NDOC)   = 17
No. considered Strongly Singly occupied MOs (NSOC)   = 0
NO. of Weakly occ. per St. Doubly occ.  MOs (NCWO)   = 7
Dimension of the Nat. Orb. subspace         (NBF5)   = 136
No. of electrons                                     = 34
    No. of alpha electrons                           = 17
    No. of beta electrons                            = 17
Multiplicity                                         = 1

Geometry
========
Cl       0.0000000       0.0000000      -0.9913164
Cl       0.0000000       0.0000000       0.9913164

No violations of the orthonormality
No violations of the orthonormality
 
PNOF8/ADABelief Calculation
==================
 
  Nitext  Nit_orb  Time   Nit_occ  Time         Eelec          Etot           Ediff      maxdiff    MaxGrad_orb  Grad_occ
     1      10    1.0e+01    0    1.2e+01  -997.20290389  -920.06713604 -10996.20290389   0.008015   3.2e-02   1.6e-04 0.03
     2      30    4.4e+00    0    5.9e-02  -997.20290389  -920.06713604     0.00000000   0.008015   3.2e-02   1.6e-04 0.03
     3      50    6.8e+00    2    1.3e-01  -997.20303421  -920.06726635    -0.00013031   0.005263   2.1e-02   1.9e-04 0.03
     4      50    6.8e+00    0    3.5e-02  -997.20303639  -920.06726853    -0.00000219   0.005263   2.1e-02   1.9e-04 0.03
     5      70    9.5e+00    0    7.3e-02  -997.20324207  -920.06747421    -0.00020568   0.000558   2.2e-03   2.2e-04 0.03
 
RESULTS OF THE OCCUPATION OPTIMIZATION
========================================
   1    1.9999991  -104.95476912
   2    1.9999989  -104.95466412
   3    1.9996136  -10.63296875
   4    1.9995709  -10.62252023
   5    1.9991551  -8.12128180
   6    1.9993845  -8.11462619
   7    1.9990398  -8.11325627
   8    1.9991106  -8.10836746
   9    1.9991928  -8.10803687
  10    1.9990566  -8.10768323
  11    1.9834602  -1.13293798
  12    1.9827599  -1.13251623
  13    1.9667083  -0.63706517
  14    1.9744292  -0.52982748
  15    1.9732889  -0.52792484
  16    1.9743495  -0.52781985
  17    1.9693704  -0.52366104
  18    0.0099791  -0.01772626
  19    0.0080959  -0.01819381
  20    0.0087344  -0.01717634
  21    0.0078506  -0.01699766
  22    0.0316637  -0.05669474
  23    0.0055297  -0.02713856
  24    0.0059425  -0.02860700
  25    0.0004525  -0.01086142
  26    0.0006476  -0.00742963
  27    0.0004347  -0.01032208
  28    0.0006751  -0.00926585
  29    0.0004845  -0.01125478
  30    0.0007084  -0.01050900
  31    0.0003501  -0.00897109
  32    0.0003008  -0.00818914
  33    0.0000004  -0.00001382
  34    0.0000006  -0.00001800
  35    0.0097963  -0.01729797
  36    0.0075045  -0.01609955
  37    0.0082629  -0.01684884
  38    0.0076233  -0.01651940
  39    0.0005712  -0.00145573
  40    0.0039910  -0.01565590
  41    0.0046520  -0.01833638
  42    0.0004274  -0.01029867
  43    0.0000667  -0.00190329
  44    0.0003917  -0.00903736
  45    0.0001743  -0.00326730
  46    0.0000695  -0.00077943
  47    0.0000662  -0.00172699
  48    0.0000567  -0.00194568
  49    0.0000571  -0.00188816
  50    0.0000004  -0.00001297
  51    0.0000001  -0.00000618
  52    0.0096521  -0.01711633
  53    0.0063944  -0.01813015
  54    0.0066687  -0.01701731
  55    0.0063866  -0.01863836
  56    0.0005656  -0.00144934
  57    0.0034502  -0.01659473
  58    0.0018914  -0.01026704
  59    0.0000151  -0.00013738
  60    0.0000403  -0.00041598
  61    0.0000159  -0.00014022
  62    0.0000557  -0.00060556
  63    0.0000334  -0.00029560
  64    0.0000324  -0.00029598
  65    0.0000064  -0.00006767
  66    0.0000080  -0.00007705
  67    0.0000002  -0.00001026
  68    0.0000001  -0.00000544
  69    0.0004669  -0.00116691
  70    0.0020202  -0.00904832
  71    0.0019745  -0.00865833
  72    0.0019776  -0.00878064
  73    0.0002249  -0.00074561
  74    0.0018038  -0.00978111
  75    0.0018262  -0.01017986
  76    0.0000147  -0.00014219
  77    0.0000279  -0.00020621
  78    0.0000147  -0.00013551
  79    0.0000162  -0.00014811
  80    0.0000105  -0.00009531
  81    0.0000144  -0.00025932
  82    0.0000050  -0.00005483
  83    0.0000067  -0.00006852
  84    0.0000000  -0.00000391
  85    0.0000001  -0.00000426
  86    0.0003508  -0.00092547
  87    0.0005881  -0.00153387
  88    0.0005547  -0.00140352
  89    0.0005936  -0.00154655
  90    0.0001295  -0.00058821
  91    0.0017686  -0.00982848
  92    0.0018051  -0.01005880
  93    0.0000141  -0.00013315
  94    0.0000109  -0.00042698
  95    0.0000139  -0.00025193
  96    0.0000150  -0.00014214
  97    0.0000085  -0.00008721
  98    0.0000097  -0.00010412
  99    0.0000046  -0.00005180
 100    0.0000052  -0.00012939
 101    0.0000000  -0.00000188
 102    0.0000000  -0.00000265
 103    0.0001953  -0.00080502
 104    0.0005872  -0.00153348
 105    0.0003004  -0.00089402
 106    0.0005931  -0.00154120
 107    0.0000730  -0.00030830
 108    0.0004600  -0.00167067
 109    0.0002307  -0.00123653
 110    0.0000135  -0.00014121
 111    0.0000075  -0.00012828
 112    0.0000113  -0.00055604
 113    0.0000132  -0.00055217
 114    0.0000064  -0.00006768
 115    0.0000073  -0.00007211
 116    0.0000036  -0.00004277
 117    0.0000047  -0.00005211
 118    0.0000000  -0.00000101
 119    0.0000000  -0.00000201
 120    0.0001891  -0.00079395
 121    0.0004603  -0.00124922
 122    0.0002155  -0.00088165
 123    0.0005459  -0.00140202
 124    0.0000637  -0.00020151
 125    0.0002369  -0.00126374
 126    0.0001920  -0.00100553
 127    0.0000062  -0.00010092
 128    0.0000064  -0.00006765
 129    0.0000072  -0.00007402
 130    0.0000107  -0.00009808
 131    0.0000027  -0.00050962
 132    0.0000066  -0.00010035
 133    0.0000027  -0.00051295
 134    0.0000040  -0.00005004
 135    0.0000000  -0.00000092
 136    0.0000000  -0.00000097
 
----------------
 Final Energies 
----------------
Final NOF Total Energy =    -920.0674742
 
Total Orbital Internal Iterations = 210
Total Occupation Internal Iterations = 2
 
Elapsed time:   57.07 Seconds

---------------------------------
   Lowdin Population Analysis    
---------------------------------
 Idx  Atom   Population   Charge 
---------------------------------
  1    Cl    17.001      -0.001
  2    Cl    16.999       0.001

---------------------------------
   M Diagnostic: 0.03
---------------------------------

