Computing Integrals
Basis Set                                            = def2-qzvp
Auxiliary Basis Set                                  = def2-universal-jkfit
Gaussian Type                                        = Spherical
Elapsed time:    3.71 Seconds

Number of basis functions                   (NBF)    = 228
Number of auxiliary basis functions         (NBFAUX) = 308
Inactive Doubly occupied orbitals up to     (NO1)    = 0
No. considered Strongly Doubly occupied MOs (NDOC)   = 20
No. considered Strongly Singly occupied MOs (NSOC)   = 0
NO. of Weakly occ. per St. Doubly occ.  MOs (NCWO)   = 10
Dimension of the Nat. Orb. subspace         (NBF5)   = 220
No. of electrons                                     = 40
    No. of alpha electrons                           = 20
    No. of beta electrons                            = 20
Multiplicity                                         = 1

Geometry
========
Ne       1.1071155      -1.1071155       1.1071155
Ne      -1.1071155       1.1071155       1.1071155
Ne      -1.1071155      -1.1071155      -1.1071155
Ne       1.1071155       1.1071155      -1.1071155

No violations of the orthonormality
No violations of the orthonormality
 
PNOF8/ADABelief Calculation
==================
 
  Nitext  Nit_orb  Time   Nit_occ  Time         Eelec          Etot           Ediff      maxdiff    MaxGrad_orb  Grad_occ
     1      10    1.1e+01    0    1.2e+01  -616.80389494  -515.40958868 -10615.80389494   0.000650   2.6e-03   2.0e-04 0.01
 
RESULTS OF THE OCCUPATION OPTIMIZATION
========================================
   1    1.9999653  -32.82953383
   2    1.9999648  -32.82933004
   3    1.9999782  -32.82915806
   4    1.9999609  -32.82907750
   5    1.9895705  -1.97795081
   6    1.9892381  -1.97533235
   7    1.9892584  -1.97330786
   8    1.9891340  -1.97022968
   9    1.9840428  -0.91214217
  10    1.9838776  -0.91036369
  11    1.9838402  -0.91004820
  12    1.9843517  -0.90800938
  13    1.9837392  -0.90663528
  14    1.9843768  -0.90578327
  15    1.9842150  -0.90527057
  16    1.9836796  -0.90523782
  17    1.9820098  -0.90516015
  18    1.9817964  -0.90507758
  19    1.9817106  -0.90489410
  20    1.9816786  -0.90468083
  21    0.0093174  -0.02137321
  22    0.0094443  -0.02147364
  23    0.0093197  -0.02122837
  24    0.0094573  -0.02146394
  25    0.0103219  -0.02200299
  26    0.0099960  -0.02176277
  27    0.0098846  -0.02174893
  28    0.0102857  -0.02199276
  29    0.0104387  -0.02186850
  30    0.0103723  -0.02219044
  31    0.0104691  -0.02228064
  32    0.0106633  -0.02244004
  33    0.0066473  -0.02579049
  34    0.0069707  -0.02641910
  35    0.0067126  -0.02591006
  36    0.0069958  -0.02608423
  37    0.0000199  -0.00121918
  38    0.0000090  -0.00044326
  39    0.0000194  -0.00117446
  40    0.0000200  -0.00120480
  41    0.0038238  -0.01117298
  42    0.0038659  -0.01125457
  43    0.0038151  -0.01114433
  44    0.0038330  -0.01117286
  45    0.0041230  -0.01142168
  46    0.0040432  -0.01137140
  47    0.0039538  -0.01130274
  48    0.0040950  -0.01138059
  49    0.0038917  -0.01110718
  50    0.0040650  -0.01136093
  51    0.0041291  -0.01141340
  52    0.0041623  -0.01145327
  53    0.0029008  -0.01076706
  54    0.0030168  -0.01091152
  55    0.0029185  -0.01069731
  56    0.0024700  -0.00970834
  57    0.0000029  -0.00009347
  58    0.0000021  -0.00008105
  59    0.0000025  -0.00008845
  60    0.0000023  -0.00008527
  61    0.0037854  -0.01111997
  62    0.0038162  -0.01114854
  63    0.0035689  -0.01084565
  64    0.0036526  -0.01100626
  65    0.0006462  -0.00237555
  66    0.0006420  -0.00233569
  67    0.0004554  -0.00610160
  68    0.0006629  -0.00250063
  69    0.0006437  -0.00222963
  70    0.0006346  -0.00222628
  71    0.0006625  -0.00234219
  72    0.0002722  -0.00125191
  73    0.0004255  -0.00640651
  74    0.0002272  -0.00125535
  75    0.0004049  -0.00634051
  76    0.0002261  -0.00123213
  77    0.0000027  -0.00009038
  78    0.0000020  -0.00008105
  79    0.0000023  -0.00008585
  80    0.0000022  -0.00008289
  81    0.0006073  -0.00224184
  82    0.0006165  -0.00226750
  83    0.0006080  -0.00225495
  84    0.0002519  -0.00119955
  85    0.0006349  -0.00233115
  86    0.0005114  -0.00570733
  87    0.0002674  -0.00125096
  88    0.0006256  -0.00220105
  89    0.0002690  -0.00124117
  90    0.0002644  -0.00124302
  91    0.0002662  -0.00124789
  92    0.0002672  -0.00124760
  93    0.0002225  -0.00124679
  94    0.0002264  -0.00124980
  95    0.0002235  -0.00125135
  96    0.0002257  -0.00122841
  97    0.0000025  -0.00008820
  98    0.0000020  -0.00008020
  99    0.0000022  -0.00008273
 100    0.0000021  -0.00008170
 101    0.0002553  -0.00122943
 102    0.0002506  -0.00122072
 103    0.0005812  -0.00213090
 104    0.0002507  -0.00120343
 105    0.0002674  -0.00127552
 106    0.0002661  -0.00124093
 107    0.0002641  -0.00124916
 108    0.0002653  -0.00123637
 109    0.0002647  -0.00121453
 110    0.0002635  -0.00124054
 111    0.0002661  -0.00123901
 112    0.0002667  -0.00123360
 113    0.0002216  -0.00124179
 114    0.0002245  -0.00123762
 115    0.0002230  -0.00129743
 116    0.0002256  -0.00122957
 117    0.0000025  -0.00008644
 118    0.0000019  -0.00007634
 119    0.0000022  -0.00008218
 120    0.0000021  -0.00008088
 121    0.0002473  -0.00119878
 122    0.0002358  -0.00113371
 123    0.0002500  -0.00119809
 124    0.0002497  -0.00120056
 125    0.0002628  -0.00124416
 126    0.0002632  -0.00124770
 127    0.0002631  -0.00125425
 128    0.0002646  -0.00124191
 129    0.0000770  -0.00141800
 130    0.0002607  -0.00123326
 131    0.0002660  -0.00124511
 132    0.0002620  -0.00120519
 133    0.0002195  -0.00122729
 134    0.0000182  -0.00018829
 135    0.0002226  -0.00126776
 136    0.0002247  -0.00122062
 137    0.0000023  -0.00008446
 138    0.0000016  -0.00007197
 139    0.0000020  -0.00007943
 140    0.0000019  -0.00007747
 141    0.0002401  -0.00114926
 142    0.0000163  -0.00013426
 143    0.0000161  -0.00013057
 144    0.0002470  -0.00117245
 145    0.0000179  -0.00016021
 146    0.0000178  -0.00017889
 147    0.0002546  -0.00122804
 148    0.0000176  -0.00014993
 149    0.0000176  -0.00018390
 150    0.0002517  -0.00119107
 151    0.0000175  -0.00018029
 152    0.0000182  -0.00018419
 153    0.0001820  -0.00112004
 154    0.0000166  -0.00018623
 155    0.0000160  -0.00018408
 156    0.0000170  -0.00018501
 157    0.0000020  -0.00007976
 158    0.0000013  -0.00006240
 159    0.0000018  -0.00007507
 160    0.0000016  -0.00007230
 161    0.0000152  -0.00013605
 162    0.0000148  -0.00012357
 163    0.0000149  -0.00012480
 164    0.0000168  -0.00014828
 165    0.0000156  -0.00013162
 166    0.0000153  -0.00012952
 167    0.0002461  -0.00115475
 168    0.0000149  -0.00012737
 169    0.0000155  -0.00013562
 170    0.0000168  -0.00017440
 171    0.0000160  -0.00014015
 172    0.0000154  -0.00012765
 173    0.0000162  -0.00018379
 174    0.0000158  -0.00018233
 175    0.0000142  -0.00013542
 176    0.0000159  -0.00018596
 177    0.0000018  -0.00007546
 178    0.0000011  -0.00004545
 179    0.0000014  -0.00006459
 180    0.0000010  -0.00001214
 181    0.0000149  -0.00012477
 182    0.0000145  -0.00012474
 183    0.0000148  -0.00012554
 184    0.0000165  -0.00016775
 185    0.0000155  -0.00012918
 186    0.0000152  -0.00013038
 187    0.0000171  -0.00017894
 188    0.0000148  -0.00012727
 189    0.0000154  -0.00013145
 190    0.0000154  -0.00013235
 191    0.0000150  -0.00013185
 192    0.0000151  -0.00012719
 193    0.0000155  -0.00016945
 194    0.0000129  -0.00013386
 195    0.0000135  -0.00013582
 196    0.0000149  -0.00016190
 197    0.0000013  -0.00006540
 198    0.0000005  -0.00005316
 199    0.0000008  -0.00000942
 200    0.0000008  -0.00000954
 201    0.0000146  -0.00012552
 202    0.0000144  -0.00012426
 203    0.0000148  -0.00012584
 204    0.0000147  -0.00012531
 205    0.0000152  -0.00013115
 206    0.0000150  -0.00013118
 207    0.0000169  -0.00017182
 208    0.0000144  -0.00012715
 209    0.0000151  -0.00013199
 210    0.0000154  -0.00012837
 211    0.0000149  -0.00012791
 212    0.0000149  -0.00013679
 213    0.0000151  -0.00015136
 214    0.0000124  -0.00013519
 215    0.0000131  -0.00013742
 216    0.0000139  -0.00013766
 217    0.0000011  -0.00002754
 218    0.0000004  -0.00005488
 219    0.0000005  -0.00005523
 220    0.0000005  -0.00006438
 
----------------
 Final Energies 
----------------
Final NOF Total Energy =    -515.4095887
 
Total Orbital Internal Iterations = 10
Total Occupation Internal Iterations = 0
 
Elapsed time:   30.18 Seconds

---------------------------------
   Lowdin Population Analysis    
---------------------------------
 Idx  Atom   Population   Charge 
---------------------------------
  1    Ne    10.002      -0.002
  2    Ne    10.000      -0.000
  3    Ne     9.998       0.002
  4    Ne    10.000       0.000

---------------------------------
   M Diagnostic: 0.01
---------------------------------

