Computing Integrals
Basis Set                                            = def2-qzvp
Auxiliary Basis Set                                  = def2-universal-jkfit
Gaussian Type                                        = Spherical
Elapsed time:    1.50 Seconds

Number of basis functions                   (NBF)    = 60
Number of auxiliary basis functions         (NBFAUX) = 36
Inactive Doubly occupied orbitals up to     (NO1)    = 0
No. considered Strongly Doubly occupied MOs (NDOC)   = 0
No. considered Strongly Singly occupied MOs (NSOC)   = 1
NO. of Weakly occ. per St. Doubly occ.  MOs (NCWO)   = 0
Dimension of the Nat. Orb. subspace         (NBF5)   = 1
No. of electrons                                     = 1
    No. of alpha electrons                           = 1
    No. of beta electrons                            = 0
Multiplicity                                         = 2

Geometry
========
 H       0.0000000       0.0000000      -0.6607965
 H       0.0000000       0.0000000       0.6607965

No violations of the orthonormality
No violations of the orthonormality
 
PNOF8/ADABelief Calculation
==================
 
  Nitext  Nit_orb  Time   Nit_occ  Time         Eelec          Etot           Ediff      maxdiff    MaxGrad_orb  Grad_occ
     1      10    8.9e+00    0    9.3e-01    -0.99423350    -0.59382570 -9999.99423350   0.000000   3.4e-08   0.0e+00 0.00
 
RESULTS OF THE OCCUPATION OPTIMIZATION
========================================
   1    1.0000000  -0.49711675
 
----------------
 Final Energies 
----------------
Final NOF Total Energy =      -0.5938257
 
Total Orbital Internal Iterations = 10
Total Occupation Internal Iterations = 0
 
Elapsed time:   25.74 Seconds

---------------------------------
   Lowdin Population Analysis    
---------------------------------
 Idx  Atom   Population   Charge 
---------------------------------
  1     H     0.500       0.500
  2     H     0.500       0.500

---------------------------------
   M Diagnostic: 0.00
---------------------------------

