Computing Integrals
Basis Set                                            = def2-qzvp
Auxiliary Basis Set                                  = def2-universal-jkfit
Gaussian Type                                        = Spherical
Elapsed time:    2.19 Seconds

Number of basis functions                   (NBF)    = 157
Number of auxiliary basis functions         (NBFAUX) = 223
Inactive Doubly occupied orbitals up to     (NO1)    = 0
No. considered Strongly Doubly occupied MOs (NDOC)   = 14
No. considered Strongly Singly occupied MOs (NSOC)   = 0
NO. of Weakly occ. per St. Doubly occ.  MOs (NCWO)   = 10
Dimension of the Nat. Orb. subspace         (NBF5)   = 154
No. of electrons                                     = 28
    No. of alpha electrons                           = 14
    No. of beta electrons                            = 14
Multiplicity                                         = 1

Geometry
========
Cl      -5.2176585       1.0335412       0.0166542
 F      -2.3479612       1.1089678      -0.0028093
 H      -3.3245012       1.0882224       0.0025440

No violations of the orthonormality
No violations of the orthonormality
 
PNOF8/ADABelief Calculation
==================
 
  Nitext  Nit_orb  Time   Nit_occ  Time         Eelec          Etot           Ediff      maxdiff    MaxGrad_orb  Grad_occ
     1      10    1.1e+01    0    1.2e+01  -598.39367489  -560.56509254 -10597.39367489   0.007908   3.2e-02   2.1e-04 0.03
     2      30    4.5e+00    0    6.9e-02  -598.39367489  -560.56509254     0.00000000   0.007908   3.2e-02   2.1e-04 0.03
     3      50    7.4e+00    0    5.7e-02  -598.39378175  -560.56519941    -0.00010687   0.006492   2.6e-02   2.3e-04 0.03
     4      60    8.4e+00    0    7.1e-02  -598.39386009  -560.56527774    -0.00007833   0.004152   1.7e-02   2.6e-04 0.03
     5      70    1.0e+01    8    2.3e-01  -598.39389336  -560.56531102    -0.00003327   0.004192   1.7e-02   2.2e-04 0.03
     6      70    1.0e+01    0    4.0e-02  -598.39391541  -560.56533307    -0.00002205   0.004192   1.7e-02   2.2e-04 0.03
     7      90    1.3e+01    0    6.9e-02  -598.39400421  -560.56542187    -0.00008880   0.000534   2.1e-03   2.2e-04 0.03
 
RESULTS OF THE OCCUPATION OPTIMIZATION
========================================
   1    1.9999995  -104.59819975
   2    1.9999904  -26.11279874
   3    1.9998516  -10.28478438
   4    1.9993857  -7.75721351
   5    1.9993568  -7.75677166
   6    1.9988942  -7.75507722
   7    1.9859101  -1.31665372
   8    1.9813850  -0.85840648
   9    1.9693221  -0.62119040
  10    1.9758156  -0.47832750
  11    1.9753549  -0.47798616
  12    1.9641233  -0.22595438
  13    1.9726810  -0.22212167
  14    1.9708326  -0.21775022
  15    0.0144161  -0.01791640
  16    0.0127173  -0.01719470
  17    0.0118722  -0.01622408
  18    0.0124016  -0.02044898
  19    0.0123144  -0.02036110
  20    0.0254493  -0.03930711
  21    0.0080493  -0.02796853
  22    0.0075826  -0.02177551
  23    0.0005776  -0.01302825
  24    0.0005104  -0.01116218
  25    0.0005418  -0.01140151
  26    0.0001021  -0.00141605
  27    0.0000063  -0.00023210
  28    0.0000005  -0.00000691
  29    0.0114177  -0.02061422
  30    0.0102453  -0.02041732
  31    0.0114479  -0.01579248
  32    0.0046195  -0.00967213
  33    0.0045841  -0.00970492
  34    0.0037782  -0.00873866
  35    0.0063482  -0.01940870
  36    0.0018194  -0.00926758
  37    0.0003964  -0.00954376
  38    0.0000763  -0.00321302
  39    0.0000232  -0.00069447
  40    0.0000131  -0.00046644
  41    0.0000009  -0.00001844
  42    0.0000000  -0.00000156
  43    0.0009200  -0.00165231
  44    0.0025772  -0.00911605
  45    0.0113029  -0.01588275
  46    0.0045556  -0.00946553
  47    0.0043659  -0.00954557
  48    0.0007487  -0.00276168
  49    0.0022642  -0.00995188
  50    0.0017943  -0.00930075
  51    0.0000852  -0.00118852
  52    0.0000304  -0.00050311
  53    0.0000103  -0.00029206
  54    0.0000110  -0.00016001
  55    0.0000008  -0.00001595
  56    0.0000000  -0.00000042
  57    0.0008863  -0.00159580
  58    0.0008749  -0.00167476
  59    0.0007031  -0.00138989
  60    0.0020208  -0.00764957
  61    0.0009049  -0.00314220
  62    0.0002763  -0.00098834
  63    0.0006499  -0.00211305
  64    0.0014363  -0.00770233
  65    0.0000120  -0.00014606
  66    0.0000090  -0.00014166
  67    0.0000078  -0.00011508
  68    0.0000080  -0.00011518
  69    0.0000004  -0.00000632
  70    0.0000000  -0.00000033
  71    0.0008576  -0.00156320
  72    0.0003237  -0.00108432
  73    0.0002944  -0.00089757
  74    0.0003020  -0.00108039
  75    0.0006623  -0.00401269
  76    0.0002757  -0.00099540
  77    0.0006414  -0.00161057
  78    0.0004505  -0.00161409
  79    0.0000075  -0.00010778
  80    0.0000067  -0.00009489
  81    0.0000074  -0.00010979
  82    0.0000078  -0.00010815
  83    0.0000004  -0.00004585
  84    0.0000000  -0.00000027
  85    0.0003596  -0.00114859
  86    0.0003181  -0.00111079
  87    0.0000565  -0.00017913
  88    0.0003005  -0.00107492
  89    0.0004446  -0.00136798
  90    0.0000374  -0.00012168
  91    0.0004052  -0.00176065
  92    0.0002873  -0.00117133
  93    0.0000068  -0.00009754
  94    0.0000043  -0.00006022
  95    0.0000070  -0.00009937
  96    0.0000041  -0.00042410
  97    0.0000003  -0.00000464
  98    0.0000000  -0.00000024
  99    0.0000965  -0.00026693
 100    0.0000686  -0.00018656
 101    0.0000530  -0.00016829
 102    0.0002774  -0.00099542
 103    0.0004143  -0.00134393
 104    0.0000327  -0.00011747
 105    0.0000777  -0.00068948
 106    0.0002571  -0.00109657
 107    0.0000067  -0.00009864
 108    0.0000040  -0.00009646
 109    0.0000067  -0.00009840
 110    0.0000010  -0.00002068
 111    0.0000002  -0.00000310
 112    0.0000000  -0.00000023
 113    0.0000846  -0.00025787
 114    0.0000656  -0.00018407
 115    0.0000524  -0.00016273
 116    0.0000724  -0.00031136
 117    0.0003187  -0.00114164
 118    0.0000302  -0.00012472
 119    0.0000606  -0.00019165
 120    0.0002545  -0.00108026
 121    0.0000066  -0.00009761
 122    0.0000008  -0.00001689
 123    0.0000065  -0.00009654
 124    0.0000006  -0.00000858
 125    0.0000002  -0.00000295
 126    0.0000000  -0.00000012
 127    0.0000661  -0.00020442
 128    0.0000646  -0.00017810
 129    0.0000493  -0.00016047
 130    0.0000527  -0.00024730
 131    0.0001153  -0.00048010
 132    0.0000261  -0.00010329
 133    0.0000597  -0.00018914
 134    0.0001789  -0.00205355
 135    0.0000049  -0.00007556
 136    0.0000008  -0.00000977
 137    0.0000020  -0.00023446
 138    0.0000003  -0.00000762
 139    0.0000001  -0.00000263
 140    0.0000000  -0.00000012
 141    0.0000629  -0.00017120
 142    0.0000637  -0.00018531
 143    0.0000450  -0.00011892
 144    0.0000425  -0.00014391
 145    0.0000600  -0.00022724
 146    0.0000232  -0.00013596
 147    0.0000587  -0.00020759
 148    0.0000291  -0.00016599
 149    0.0000021  -0.00003255
 150    0.0000006  -0.00000917
 151    0.0000017  -0.00002692
 152    0.0000003  -0.00000420
 153    0.0000001  -0.00000153
 154    0.0000000  -0.00000011
 
----------------
 Final Energies 
----------------
Final NOF Total Energy =    -560.5654219
 
Total Orbital Internal Iterations = 380
Total Occupation Internal Iterations = 8
 
Elapsed time:   84.12 Seconds

---------------------------------
   Lowdin Population Analysis    
---------------------------------
 Idx  Atom   Population   Charge 
---------------------------------
  1    Cl    17.630      -0.630
  2     F     8.712       0.288
  3     H     1.657      -0.657

---------------------------------
   M Diagnostic: 0.03
---------------------------------

