Computing Integrals
Basis Set                                            = def2-qzvp
Auxiliary Basis Set                                  = def2-universal-jkfit
Gaussian Type                                        = Spherical
Elapsed time:    1.74 Seconds

Number of basis functions                   (NBF)    = 147
Number of auxiliary basis functions         (NBFAUX) = 129
Inactive Doubly occupied orbitals up to     (NO1)    = 0
No. considered Strongly Doubly occupied MOs (NDOC)   = 4
No. considered Strongly Singly occupied MOs (NSOC)   = 1
NO. of Weakly occ. per St. Doubly occ.  MOs (NCWO)   = 35
Dimension of the Nat. Orb. subspace         (NBF5)   = 145
No. of electrons                                     = 9
    No. of alpha electrons                           = 5
    No. of beta electrons                            = 4
Multiplicity                                         = 2

Geometry
========
 C       0.0000000       0.0000000       0.0000000
 H       0.5386581       0.9329832       0.0000000
 H       0.5386581      -0.9329832       0.0000000
 H      -1.0773162       0.0000000       0.0000000

No violations of the orthonormality
No violations of the orthonormality
 
PNOF8/ADABelief Calculation
==================
 
  Nitext  Nit_orb  Time   Nit_occ  Time         Eelec          Etot           Ediff      maxdiff    MaxGrad_orb  Grad_occ
     1      10    1.0e+01    0    1.2e+01   -49.48508241   -39.79272855 -10048.48508241   0.000629   2.5e-03   1.5e-04 0.03
 
RESULTS OF THE OCCUPATION OPTIMIZATION
========================================
   1    1.9998971  -11.23657957
   2    1.9735815  -0.87954916
   3    1.9672432  -0.62555870
   4    1.9673216  -0.62493796
   5    1.0000000  -0.20281669
   6    0.0193954  -0.02106687
   7    0.0195887  -0.02119554
   8    0.0141614  -0.01885810
   9    0.0000866  -0.00182391
  10    0.0057677  -0.00720507
  11    0.0058495  -0.00727044
  12    0.0043837  -0.00672148
  13    0.0000066  -0.00016350
  14    0.0040678  -0.00537027
  15    0.0040951  -0.00534965
  16    0.0032978  -0.00519105
  17    0.0000045  -0.00003633
  18    0.0011900  -0.00224633
  19    0.0012201  -0.00223724
  20    0.0011777  -0.00526748
  21    0.0000024  -0.00002121
  22    0.0007085  -0.00142289
  23    0.0004380  -0.00082959
  24    0.0011195  -0.00267636
  25    0.0000021  -0.00005782
  26    0.0004574  -0.00083972
  27    0.0003815  -0.00079980
  28    0.0006453  -0.00131051
  29    0.0000001  -0.00000560
  30    0.0003009  -0.00060935
  31    0.0003199  -0.00062521
  32    0.0005973  -0.00135514
  33    0.0000000  -0.00000072
  34    0.0001503  -0.00035596
  35    0.0001809  -0.00038485
  36    0.0004072  -0.00083089
  37    0.0000000  -0.00000068
  38    0.0001213  -0.00027765
  39    0.0001743  -0.00038658
  40    0.0001630  -0.00039076
  41    0.0000000  -0.00000067
  42    0.0000847  -0.00021323
  43    0.0001289  -0.00035107
  44    0.0001039  -0.00026416
  45    0.0000000  -0.00000042
  46    0.0000689  -0.00016973
  47    0.0000709  -0.00017368
  48    0.0000669  -0.00018377
  49    0.0000000  -0.00000050
  50    0.0000668  -0.00017459
  51    0.0000693  -0.00016818
  52    0.0000596  -0.00016640
  53    0.0000000  -0.00000048
  54    0.0000554  -0.00015965
  55    0.0000471  -0.00015381
  56    0.0000573  -0.00017152
  57    0.0000000  -0.00000050
  58    0.0000465  -0.00014385
  59    0.0000274  -0.00009171
  60    0.0000299  -0.00009080
  61    0.0000000  -0.00000048
  62    0.0000407  -0.00010793
  63    0.0000262  -0.00009126
  64    0.0000246  -0.00008702
  65    0.0000000  -0.00000040
  66    0.0000313  -0.00009095
  67    0.0000194  -0.00007505
  68    0.0000193  -0.00008507
  69    0.0000000  -0.00000043
  70    0.0000205  -0.00008771
  71    0.0000160  -0.00004864
  72    0.0000139  -0.00005421
  73    0.0000000  -0.00000039
  74    0.0000146  -0.00004889
  75    0.0000136  -0.00004157
  76    0.0000124  -0.00004380
  77    0.0000000  -0.00000034
  78    0.0000135  -0.00003965
  79    0.0000129  -0.00003900
  80    0.0000109  -0.00003712
  81    0.0000000  -0.00000030
  82    0.0000120  -0.00003572
  83    0.0000112  -0.00003259
  84    0.0000102  -0.00003894
  85    0.0000000  -0.00000027
  86    0.0000102  -0.00003116
  87    0.0000097  -0.00002876
  88    0.0000098  -0.00003666
  89    0.0000000  -0.00000026
  90    0.0000084  -0.00003116
  91    0.0000081  -0.00002935
  92    0.0000073  -0.00002612
  93    0.0000000  -0.00000024
  94    0.0000081  -0.00002750
  95    0.0000076  -0.00002149
  96    0.0000063  -0.00002497
  97    0.0000000  -0.00000018
  98    0.0000073  -0.00002458
  99    0.0000063  -0.00001743
 100    0.0000058  -0.00002284
 101    0.0000000  -0.00000014
 102    0.0000047  -0.00001236
 103    0.0000057  -0.00002041
 104    0.0000055  -0.00002154
 105    0.0000000  -0.00000015
 106    0.0000041  -0.00000689
 107    0.0000053  -0.00001446
 108    0.0000049  -0.00002002
 109    0.0000000  -0.00000010
 110    0.0000040  -0.00000897
 111    0.0000044  -0.00001008
 112    0.0000030  -0.00001072
 113    0.0000000  -0.00000019
 114    0.0000034  -0.00000685
 115    0.0000039  -0.00000761
 116    0.0000024  -0.00000736
 117    0.0000000  -0.00000013
 118    0.0000032  -0.00000672
 119    0.0000032  -0.00000723
 120    0.0000022  -0.00000620
 121    0.0000000  -0.00000010
 122    0.0000030  -0.00000419
 123    0.0000030  -0.00000518
 124    0.0000021  -0.00000553
 125    0.0000000  -0.00000010
 126    0.0000022  -0.00000473
 127    0.0000022  -0.00000502
 128    0.0000020  -0.00000354
 129    0.0000000  -0.00000008
 130    0.0000018  -0.00000290
 131    0.0000020  -0.00000361
 132    0.0000017  -0.00000312
 133    0.0000000  -0.00000004
 134    0.0000014  -0.00000121
 135    0.0000017  -0.00000233
 136    0.0000014  -0.00000197
 137    0.0000000  -0.00000008
 138    0.0000013  -0.00000106
 139    0.0000014  -0.00000093
 140    0.0000012  -0.00000136
 141    0.0000000  -0.00000004
 142    0.0000012  -0.00000128
 143    0.0000014  -0.00000106
 144    0.0000011  -0.00001438
 145    0.0000000  -0.00000002
 
----------------
 Final Energies 
----------------
Final NOF Total Energy =     -39.7927286
 
Total Orbital Internal Iterations = 10
Total Occupation Internal Iterations = 0
 
Elapsed time:   28.68 Seconds

---------------------------------
   Lowdin Population Analysis    
---------------------------------
 Idx  Atom   Population   Charge 
---------------------------------
  1     C     5.579       0.421
  2     H     1.141      -0.141
  3     H     1.141      -0.141
  4     H     1.139      -0.139

---------------------------------
   M Diagnostic: 0.03
---------------------------------

