Computing Integrals
Basis Set                                            = def2-qzvp
Auxiliary Basis Set                                  = def2-universal-jkfit
Gaussian Type                                        = Spherical
Elapsed time:    1.72 Seconds

Number of basis functions                   (NBF)    = 130
Number of auxiliary basis functions         (NBFAUX) = 164
Inactive Doubly occupied orbitals up to     (NO1)    = 0
No. considered Strongly Doubly occupied MOs (NDOC)   = 8
No. considered Strongly Singly occupied MOs (NSOC)   = 0
NO. of Weakly occ. per St. Doubly occ.  MOs (NCWO)   = 15
Dimension of the Nat. Orb. subspace         (NBF5)   = 128
No. of electrons                                     = 16
    No. of alpha electrons                           = 8
    No. of beta electrons                            = 8
Multiplicity                                         = 1

Geometry
========
 S       0.0000000       0.0000000      -0.6478378
 H       1.0565968       0.0000000       0.3239189
 H      -1.0565968       0.0000000       0.3239189

No violations of the orthonormality
No violations of the orthonormality
 
PNOF8/ADABelief Calculation
==================
 
  Nitext  Nit_orb  Time   Nit_occ  Time         Eelec          Etot           Ediff      maxdiff    MaxGrad_orb  Grad_occ
     1      10    1.0e+01    0    1.2e+01  -410.14452802  -398.09791633 -10409.14452802   0.000491   2.0e-03   2.1e-04 0.02
 
RESULTS OF THE OCCUPATION OPTIMIZATION
========================================
   1    1.9999992  -92.88851424
   2    1.9996067  -9.82594002
   3    1.9989251  -7.51890641
   4    1.9987974  -7.51637472
   5    1.9975506  -7.50737480
   6    1.9696596  -1.65275003
   7    1.9711374  -1.24600932
   8    1.9698304  -1.23198473
   9    0.0151566  -0.03369557
  10    0.0161983  -0.03498449
  11    0.0172427  -0.03897630
  12    0.0023228  -0.02905361
  13    0.0009236  -0.01429624
  14    0.0009110  -0.01379289
  15    0.0003529  -0.00675002
  16    0.0000008  -0.00000590
  17    0.0050467  -0.01273205
  18    0.0051430  -0.01291152
  19    0.0062081  -0.01615960
  20    0.0001023  -0.00128216
  21    0.0002257  -0.00558997
  22    0.0001185  -0.00254026
  23    0.0000347  -0.00154749
  24    0.0000000  -0.00000002
  25    0.0041625  -0.01217488
  26    0.0024320  -0.01026237
  27    0.0050279  -0.01525874
  28    0.0000111  -0.00033020
  29    0.0000226  -0.00013104
  30    0.0000183  -0.00011963
  31    0.0000012  -0.00001470
  32    0.0000000  -0.00000002
  33    0.0021706  -0.00840356
  34    0.0016887  -0.00672540
  35    0.0005931  -0.00216941
  36    0.0000035  -0.00003082
  37    0.0000150  -0.00013842
  38    0.0000082  -0.00029024
  39    0.0000011  -0.00001483
  40    0.0000000  -0.00000002
  41    0.0015599  -0.00614666
  42    0.0014484  -0.00546115
  43    0.0003843  -0.00125803
  44    0.0000026  -0.00002772
  45    0.0000056  -0.00004297
  46    0.0000057  -0.00004275
  47    0.0000008  -0.00000548
  48    0.0000000  -0.00000002
  49    0.0012711  -0.00513544
  50    0.0008594  -0.00246926
  51    0.0003062  -0.00103858
  52    0.0000019  -0.00002246
  53    0.0000029  -0.00018087
  54    0.0000046  -0.00003353
  55    0.0000005  -0.00000287
  56    0.0000000  -0.00000001
  57    0.0003052  -0.00092884
  58    0.0003831  -0.00113160
  59    0.0002738  -0.00097428
  60    0.0000017  -0.00001884
  61    0.0000016  -0.00002455
  62    0.0000037  -0.00036374
  63    0.0000004  -0.00000260
  64    0.0000000  -0.00000001
  65    0.0001477  -0.00045152
  66    0.0002660  -0.00084707
  67    0.0001306  -0.00046735
  68    0.0000008  -0.00000658
  69    0.0000016  -0.00001957
  70    0.0000011  -0.00001263
  71    0.0000004  -0.00000217
  72    0.0000000  -0.00000001
  73    0.0001057  -0.00037892
  74    0.0001502  -0.00044681
  75    0.0000859  -0.00032917
  76    0.0000006  -0.00000358
  77    0.0000013  -0.00001563
  78    0.0000010  -0.00000859
  79    0.0000004  -0.00000217
  80    0.0000000  -0.00000001
  81    0.0000924  -0.00032068
  82    0.0001457  -0.00045803
  83    0.0000439  -0.00016861
  84    0.0000005  -0.00000320
  85    0.0000008  -0.00000644
  86    0.0000010  -0.00000789
  87    0.0000003  -0.00000151
  88    0.0000000  -0.00000001
  89    0.0000644  -0.00023873
  90    0.0000548  -0.00024735
  91    0.0000230  -0.00008987
  92    0.0000004  -0.00000206
  93    0.0000007  -0.00000379
  94    0.0000009  -0.00000715
  95    0.0000002  -0.00000119
  96    0.0000000  -0.00000001
  97    0.0000466  -0.00016592
  98    0.0000404  -0.00018070
  99    0.0000069  -0.00003958
 100    0.0000004  -0.00000163
 101    0.0000005  -0.00000298
 102    0.0000003  -0.00000136
 103    0.0000002  -0.00000062
 104    0.0000000  -0.00000001
 105    0.0000212  -0.00007924
 106    0.0000201  -0.00008958
 107    0.0000052  -0.00003167
 108    0.0000004  -0.00000175
 109    0.0000003  -0.00000149
 110    0.0000002  -0.00000092
 111    0.0000002  -0.00000060
 112    0.0000000  -0.00000001
 113    0.0000104  -0.00005121
 114    0.0000174  -0.00007345
 115    0.0000045  -0.00002939
 116    0.0000002  -0.00000049
 117    0.0000002  -0.00000067
 118    0.0000002  -0.00000045
 119    0.0000001  -0.00000022
 120    0.0000000  -0.00000001
 121    0.0000085  -0.00004373
 122    0.0000150  -0.00006341
 123    0.0000043  -0.00002941
 124    0.0000001  -0.00000038
 125    0.0000002  -0.00000038
 126    0.0000001  -0.00000033
 127    0.0000001  -0.00000020
 128    0.0000000  -0.00000001
 
----------------
 Final Energies 
----------------
Final NOF Total Energy =    -398.0979163
 
Total Orbital Internal Iterations = 10
Total Occupation Internal Iterations = 0
 
Elapsed time:   28.45 Seconds

---------------------------------
   Lowdin Population Analysis    
---------------------------------
 Idx  Atom   Population   Charge 
---------------------------------
  1     S    14.062       1.938
  2     H     0.969       0.031
  3     H     0.969       0.031

---------------------------------
   M Diagnostic: 0.02
---------------------------------

