Computing Integrals
Basis Set                                            = def2-qzvp
Auxiliary Basis Set                                  = def2-universal-jkfit
Gaussian Type                                        = Spherical
Elapsed time:    1.72 Seconds

Number of basis functions                   (NBF)    = 114
Number of auxiliary basis functions         (NBFAUX) = 154
Inactive Doubly occupied orbitals up to     (NO1)    = 0
No. considered Strongly Doubly occupied MOs (NDOC)   = 7
No. considered Strongly Singly occupied MOs (NSOC)   = 1
NO. of Weakly occ. per St. Doubly occ.  MOs (NCWO)   = 15
Dimension of the Nat. Orb. subspace         (NBF5)   = 113
No. of electrons                                     = 15
    No. of alpha electrons                           = 8
    No. of beta electrons                            = 7
Multiplicity                                         = 2

Geometry
========
 N       0.0000000       0.0000000       0.5729836
 O       0.0000000       0.0000000      -0.5729836

No violations of the orthonormality
No violations of the orthonormality
 
PNOF8/ADABelief Calculation
==================
 
  Nitext  Nit_orb  Time   Nit_occ  Time         Eelec          Etot           Ediff      maxdiff    MaxGrad_orb  Grad_occ
     1      10    1.0e+01    0    1.2e+01  -155.64372663  -129.78446817 -10154.64372663   0.000493   2.0e-03   2.1e-04 0.05
 
RESULTS OF THE OCCUPATION OPTIMIZATION
========================================
   1    1.9999717  -18.93474143
   2    1.9999624  -17.50715873
   3    1.9854111  -1.53883909
   4    1.9785704  -0.95415258
   5    1.9674350  -0.81299759
   6    1.9721165  -0.73385655
   7    1.9520842  -0.69442108
   8    1.0000000  -0.23366905
   9    0.0444508  -0.06022611
  10    0.0087451  -0.01379449
  11    0.0277969  -0.04543547
  12    0.0092283  -0.01823273
  13    0.0056830  -0.01667124
  14    0.0000256  -0.00071485
  15    0.0000147  -0.00046238
  16    0.0031392  -0.00637509
  17    0.0059725  -0.01020106
  18    0.0035424  -0.00782119
  19    0.0040760  -0.00756792
  20    0.0035219  -0.00799372
  21    0.0000032  -0.00005948
  22    0.0000036  -0.00005895
  23    0.0001816  -0.00057642
  24    0.0058178  -0.00971849
  25    0.0003257  -0.00103657
  26    0.0020204  -0.00489207
  27    0.0016734  -0.00703465
  28    0.0000026  -0.00004398
  29    0.0000028  -0.00004936
  30    0.0000191  -0.00008933
  31    0.0046130  -0.00758869
  32    0.0002725  -0.00083509
  33    0.0018042  -0.00409397
  34    0.0012242  -0.00357370
  35    0.0000022  -0.00004689
  36    0.0000018  -0.00005948
  37    0.0000175  -0.00008848
  38    0.0007510  -0.00211352
  39    0.0001905  -0.00056791
  40    0.0015842  -0.00331268
  41    0.0006529  -0.00219428
  42    0.0000021  -0.00003738
  43    0.0000010  -0.00003196
  44    0.0000140  -0.00007741
  45    0.0005349  -0.00140791
  46    0.0001233  -0.00040922
  47    0.0009763  -0.00266604
  48    0.0004798  -0.00445900
  49    0.0000005  -0.00002199
  50    0.0000009  -0.00002498
  51    0.0000128  -0.00007572
  52    0.0004427  -0.00117223
  53    0.0001198  -0.00041268
  54    0.0006466  -0.00405449
  55    0.0003039  -0.00103083
  56    0.0000004  -0.00001668
  57    0.0000008  -0.00002275
  58    0.0000121  -0.00006823
  59    0.0003478  -0.00111343
  60    0.0000659  -0.00028811
  61    0.0002982  -0.00131745
  62    0.0002819  -0.00110182
  63    0.0000003  -0.00002536
  64    0.0000006  -0.00002294
  65    0.0000119  -0.00007185
  66    0.0002398  -0.00064904
  67    0.0000266  -0.00013987
  68    0.0002596  -0.00076314
  69    0.0002459  -0.00081175
  70    0.0000002  -0.00000444
  71    0.0000005  -0.00002135
  72    0.0000109  -0.00006650
  73    0.0001710  -0.00052118
  74    0.0000242  -0.00012371
  75    0.0001507  -0.00043051
  76    0.0001586  -0.00065184
  77    0.0000002  -0.00000309
  78    0.0000005  -0.00001763
  79    0.0000108  -0.00006477
  80    0.0001321  -0.00042299
  81    0.0000207  -0.00011072
  82    0.0001262  -0.00045944
  83    0.0001226  -0.00051829
  84    0.0000001  -0.00000315
  85    0.0000003  -0.00003858
  86    0.0000099  -0.00006378
  87    0.0000369  -0.00020261
  88    0.0000157  -0.00010363
  89    0.0001114  -0.00039545
  90    0.0001055  -0.00113926
  91    0.0000001  -0.00000173
  92    0.0000003  -0.00000877
  93    0.0000091  -0.00005144
  94    0.0000347  -0.00017761
  95    0.0000139  -0.00008821
  96    0.0001021  -0.00042985
  97    0.0000771  -0.00061519
  98    0.0000001  -0.00000138
  99    0.0000002  -0.00000703
 100    0.0000084  -0.00005119
 101    0.0000255  -0.00013402
 102    0.0000137  -0.00008715
 103    0.0000244  -0.00012571
 104    0.0000342  -0.00022751
 105    0.0000001  -0.00000067
 106    0.0000002  -0.00000346
 107    0.0000077  -0.00004778
 108    0.0000187  -0.00011019
 109    0.0000132  -0.00008474
 110    0.0000210  -0.00011423
 111    0.0000239  -0.00013671
 112    0.0000001  -0.00000044
 113    0.0000001  -0.00000143
 
----------------
 Final Energies 
----------------
Final NOF Total Energy =    -129.7844682
 
Total Orbital Internal Iterations = 10
Total Occupation Internal Iterations = 0
 
Elapsed time:   28.40 Seconds

---------------------------------
   Lowdin Population Analysis    
---------------------------------
 Idx  Atom   Population   Charge 
---------------------------------
  1     N     7.131      -0.131
  2     O     7.869       0.131

---------------------------------
   M Diagnostic: 0.05
---------------------------------

