Computing Integrals
Basis Set                                            = def2-qzvp
Auxiliary Basis Set                                  = def2-universal-jkfit
Gaussian Type                                        = Spherical
Elapsed time:    2.23 Seconds

Number of basis functions                   (NBF)    = 140
Number of auxiliary basis functions         (NBFAUX) = 256
Inactive Doubly occupied orbitals up to     (NO1)    = 0
No. considered Strongly Doubly occupied MOs (NDOC)   = 17
No. considered Strongly Singly occupied MOs (NSOC)   = 1
NO. of Weakly occ. per St. Doubly occ.  MOs (NCWO)   = 7
Dimension of the Nat. Orb. subspace         (NBF5)   = 137
No. of electrons                                     = 35
    No. of alpha electrons                           = 18
    No. of beta electrons                            = 17
Multiplicity                                         = 2

Geometry
========
Cl       0.0000000       0.0000000       1.3665047
Cl       0.0000000       0.0000000      -1.3665047

No violations of the orthonormality
No violations of the orthonormality
 
PNOF8/ADABelief Calculation
==================
 
  Nitext  Nit_orb  Time   Nit_occ  Time         Eelec          Etot           Ediff      maxdiff    MaxGrad_orb  Grad_occ
     1      10    1.0e+01    0    1.2e+01  -976.11065841  -920.15333154 -10975.11065841   0.000807   3.2e-03   1.6e-04 0.03
 
RESULTS OF THE OCCUPATION OPTIMIZATION
========================================
   1    1.9999986  -104.66653991
   2    1.9999987  -104.66642554
   3    1.9998726  -10.35531946
   4    1.9998694  -10.34892736
   5    1.9986036  -7.82777901
   6    1.9988541  -7.82718662
   7    1.9987310  -7.82330060
   8    1.9988867  -7.82084984
   9    1.9988077  -7.81399373
  10    1.9988995  -7.81356491
  11    1.9809065  -0.84055698
  12    1.9793493  -0.82970335
  13    1.9761609  -0.28433728
  14    1.9658817  -0.26765006
  15    1.9622353  -0.26688922
  16    1.9718631  -0.25821266
  17    1.9619967  -0.25391293
  18    1.0000000  -0.12604563
  19    0.0101970  -0.01579106
  20    0.0125950  -0.01738921
  21    0.0101474  -0.01551125
  22    0.0115635  -0.01681013
  23    0.0136118  -0.02418001
  24    0.0087207  -0.02456190
  25    0.0081465  -0.02583365
  26    0.0004842  -0.01095594
  27    0.0006551  -0.01404484
  28    0.0008799  -0.00902143
  29    0.0008551  -0.00900695
  30    0.0005404  -0.01116103
  31    0.0008035  -0.01079952
  32    0.0000834  -0.00219050
  33    0.0000858  -0.00232572
  34    0.0000002  -0.00001435
  35    0.0000002  -0.00001302
  36    0.0101046  -0.01539928
  37    0.0102784  -0.02036901
  38    0.0098540  -0.01559872
  39    0.0109284  -0.01557806
  40    0.0026865  -0.00971154
  41    0.0076513  -0.01940830
  42    0.0046574  -0.01826231
  43    0.0004408  -0.01031495
  44    0.0004708  -0.01075647
  45    0.0000835  -0.00114976
  46    0.0003498  -0.00810998
  47    0.0004730  -0.01078230
  48    0.0004657  -0.01050390
  49    0.0000180  -0.00014713
  50    0.0000140  -0.00018403
  51    0.0000002  -0.00001276
  52    0.0000002  -0.00001314
  53    0.0092430  -0.01437448
  54    0.0025186  -0.00894783
  55    0.0090889  -0.01439786
  56    0.0092536  -0.01922671
  57    0.0026473  -0.00963440
  58    0.0023093  -0.01021100
  59    0.0023202  -0.01032609
  60    0.0000784  -0.00111115
  61    0.0000144  -0.00012933
  62    0.0000640  -0.00085029
  63    0.0000145  -0.00020856
  64    0.0000817  -0.00109683
  65    0.0000736  -0.00161546
  66    0.0000129  -0.00013733
  67    0.0000128  -0.00011346
  68    0.0000002  -0.00001160
  69    0.0000002  -0.00001261
  70    0.0080662  -0.01766231
  71    0.0008297  -0.00161620
  72    0.0078824  -0.01789838
  73    0.0007496  -0.00149607
  74    0.0026313  -0.00971811
  75    0.0006331  -0.00152458
  76    0.0022902  -0.01036177
  77    0.0000665  -0.00183757
  78    0.0000136  -0.00011992
  79    0.0000547  -0.00083822
  80    0.0000140  -0.00067091
  81    0.0000149  -0.00013167
  82    0.0000147  -0.00013225
  83    0.0000125  -0.00010492
  84    0.0000112  -0.00010442
  85    0.0000002  -0.00001100
  86    0.0000002  -0.00001243
  87    0.0002081  -0.00088497
  88    0.0008203  -0.00160144
  89    0.0004666  -0.00110512
  90    0.0007385  -0.00148271
  91    0.0009997  -0.00231732
  92    0.0006243  -0.00153840
  93    0.0005846  -0.00144073
  94    0.0000115  -0.00012071
  95    0.0000135  -0.00012000
  96    0.0000140  -0.00091485
  97    0.0000139  -0.00025817
  98    0.0000127  -0.00011353
  99    0.0000144  -0.00013055
 100    0.0000031  -0.00060630
 101    0.0000031  -0.00060800
 102    0.0000002  -0.00000823
 103    0.0000002  -0.00001108
 104    0.0001296  -0.00045988
 105    0.0007429  -0.00149655
 106    0.0002321  -0.00093717
 107    0.0006120  -0.00127004
 108    0.0008372  -0.00163490
 109    0.0003606  -0.00159327
 110    0.0005674  -0.00141025
 111    0.0000110  -0.00010017
 112    0.0000129  -0.00011578
 113    0.0000090  -0.00008302
 114    0.0000112  -0.00009889
 115    0.0000123  -0.00011356
 116    0.0000131  -0.00019562
 117    0.0000004  -0.00001848
 118    0.0000004  -0.00001724
 119    0.0000002  -0.00000435
 120    0.0000002  -0.00000705
 121    0.0000549  -0.00017135
 122    0.0003520  -0.00133099
 123    0.0000933  -0.00034143
 124    0.0002728  -0.00103413
 125    0.0004253  -0.00150941
 126    0.0003515  -0.00159081
 127    0.0005273  -0.00134922
 128    0.0000082  -0.00007899
 129    0.0000120  -0.00011117
 130    0.0000081  -0.00007954
 131    0.0000106  -0.00010885
 132    0.0000111  -0.00010059
 133    0.0000113  -0.00010434
 134    0.0000003  -0.00001365
 135    0.0000002  -0.00000900
 136    0.0000001  -0.00000294
 137    0.0000002  -0.00000385
 
----------------
 Final Energies 
----------------
Final NOF Total Energy =    -920.1533315
 
Total Orbital Internal Iterations = 10
Total Occupation Internal Iterations = 0
 
Elapsed time:   28.93 Seconds

---------------------------------
   Lowdin Population Analysis    
---------------------------------
 Idx  Atom   Population   Charge 
---------------------------------
  1    Cl    17.539      -0.539
  2    Cl    17.461      -0.461

---------------------------------
   M Diagnostic: 0.03
---------------------------------

