Computing Integrals
Basis Set                                            = def2-qzvp
Auxiliary Basis Set                                  = def2-universal-jkfit
Gaussian Type                                        = Spherical
Elapsed time:    1.81 Seconds

Number of basis functions                   (NBF)    = 160
Number of auxiliary basis functions         (NBFAUX) = 182
Inactive Doubly occupied orbitals up to     (NO1)    = 0
No. considered Strongly Doubly occupied MOs (NDOC)   = 9
No. considered Strongly Singly occupied MOs (NSOC)   = 0
NO. of Weakly occ. per St. Doubly occ.  MOs (NCWO)   = 16
Dimension of the Nat. Orb. subspace         (NBF5)   = 153
No. of electrons                                     = 18
    No. of alpha electrons                           = 9
    No. of beta electrons                            = 9
Multiplicity                                         = 1

Geometry
========
 P       0.0000000       0.0000000       0.5792136
 H      -0.5970897       1.0341896      -0.1930712
 H      -0.5970897      -1.0341896      -0.1930712
 H       1.1941793       0.0000000      -0.1930712

No violations of the orthonormality
No violations of the orthonormality
 
PNOF8/ADABelief Calculation
==================
 
  Nitext  Nit_orb  Time   Nit_occ  Time         Eelec          Etot           Ediff      maxdiff    MaxGrad_orb  Grad_occ
     1      10    1.1e+01    0    1.2e+01  -360.50797227  -342.99604214 -10359.50797227   0.005867   2.3e-02   1.4e-04 0.03
     2      30    4.2e+00    0    4.5e-02  -360.50797227  -342.99604214     0.00000000   0.005867   2.3e-02   1.4e-04 0.03
     3      50    7.0e+00    0    4.3e-02  -360.50801427  -342.99608414    -0.00004200   0.004600   1.8e-02   2.4e-04 0.03
     4      60    8.4e+00    3    1.5e-01  -360.50804883  -342.99611871    -0.00003456   0.003282   1.3e-02   1.8e-04 0.03
     5      60    8.0e+00    0    6.7e-02  -360.50805393  -342.99612380    -0.00000509   0.003282   1.3e-02   1.8e-04 0.03
     6      79    1.1e+01    3    1.4e-01  -360.50810296  -342.99617283    -0.00004903   0.000498   2.0e-03   2.1e-04 0.03
 
RESULTS OF THE OCCUPATION OPTIMIZATION
========================================
   1    1.9999993  -79.99098232
   2    1.9999261  -7.50385281
   3    1.9993562  -5.40430191
   4    1.9987082  -5.40242289
   5    1.9979508  -5.40107240
   6    1.9789979  -0.86057398
   7    1.9682623  -0.51024649
   8    1.9673119  -0.50417866
   9    1.9633097  -0.48776919
  10    0.0191529  -0.02699637
  11    0.0189311  -0.02788546
  12    0.0199364  -0.02855720
  13    0.0061295  -0.02152098
  14    0.0014220  -0.01587521
  15    0.0011816  -0.01183371
  16    0.0003922  -0.00430814
  17    0.0000675  -0.00112551
  18    0.0000004  -0.00000623
  19    0.0075364  -0.01061157
  20    0.0067557  -0.01024213
  21    0.0067875  -0.01173050
  22    0.0042317  -0.01306993
  23    0.0006076  -0.00892418
  24    0.0000683  -0.00123934
  25    0.0001703  -0.00320395
  26    0.0000060  -0.00048886
  27    0.0000001  -0.00000100
  28    0.0065053  -0.00927925
  29    0.0029096  -0.00717464
  30    0.0024970  -0.00630250
  31    0.0027369  -0.01096550
  32    0.0000117  -0.00005789
  33    0.0000153  -0.00051090
  34    0.0000377  -0.00021463
  35    0.0000002  -0.00000161
  36    0.0000001  -0.00000097
  37    0.0016201  -0.00317388
  38    0.0016817  -0.00368561
  39    0.0012432  -0.00215452
  40    0.0025360  -0.00991395
  41    0.0000030  -0.00006016
  42    0.0000108  -0.00005447
  43    0.0000231  -0.00017656
  44    0.0000000  -0.00000070
  45    0.0000000  -0.00000073
  46    0.0006716  -0.00132806
  47    0.0011088  -0.00208390
  48    0.0004466  -0.00078761
  49    0.0021745  -0.00840867
  50    0.0000008  -0.00001247
  51    0.0000060  -0.00004024
  52    0.0000159  -0.00027063
  53    0.0000000  -0.00000059
  54    0.0000000  -0.00000013
  55    0.0004170  -0.00085811
  56    0.0004268  -0.00093486
  57    0.0002073  -0.00045523
  58    0.0014848  -0.00537837
  59    0.0000007  -0.00001068
  60    0.0000027  -0.00018056
  61    0.0000013  -0.00002017
  62    0.0000000  -0.00000052
  63    0.0000000  -0.00000014
  64    0.0002611  -0.00055548
  65    0.0002542  -0.00056297
  66    0.0001515  -0.00039293
  67    0.0006170  -0.00182538
  68    0.0000005  -0.00000747
  69    0.0000018  -0.00002517
  70    0.0000009  -0.00001502
  71    0.0000000  -0.00000037
  72    0.0000000  -0.00000008
  73    0.0001756  -0.00039474
  74    0.0001684  -0.00039235
  75    0.0000925  -0.00025886
  76    0.0003754  -0.00122637
  77    0.0000004  -0.00000557
  78    0.0000012  -0.00001761
  79    0.0000005  -0.00000809
  80    0.0000000  -0.00000034
  81    0.0000000  -0.00000008
  82    0.0000905  -0.00020803
  83    0.0001365  -0.00035742
  84    0.0000874  -0.00020773
  85    0.0002610  -0.00116901
  86    0.0000004  -0.00000558
  87    0.0000009  -0.00001255
  88    0.0000004  -0.00000693
  89    0.0000000  -0.00000035
  90    0.0000000  -0.00000008
  91    0.0000672  -0.00015546
  92    0.0000904  -0.00022173
  93    0.0000694  -0.00018118
  94    0.0002028  -0.00059490
  95    0.0000004  -0.00000541
  96    0.0000007  -0.00001040
  97    0.0000004  -0.00000570
  98    0.0000000  -0.00000026
  99    0.0000000  -0.00000009
 100    0.0000529  -0.00013897
 101    0.0000738  -0.00019202
 102    0.0000614  -0.00015701
 103    0.0000886  -0.00029770
 104    0.0000004  -0.00000431
 105    0.0000007  -0.00000987
 106    0.0000003  -0.00000364
 107    0.0000000  -0.00000025
 108    0.0000000  -0.00000006
 109    0.0000459  -0.00012155
 110    0.0000576  -0.00014672
 111    0.0000563  -0.00014822
 112    0.0000504  -0.00015267
 113    0.0000003  -0.00000390
 114    0.0000006  -0.00000862
 115    0.0000002  -0.00000239
 116    0.0000000  -0.00000027
 117    0.0000000  -0.00000006
 118    0.0000311  -0.00009115
 119    0.0000293  -0.00008423
 120    0.0000369  -0.00011097
 121    0.0000377  -0.00013096
 122    0.0000003  -0.00000263
 123    0.0000004  -0.00000471
 124    0.0000002  -0.00000197
 125    0.0000000  -0.00000025
 126    0.0000000  -0.00000003
 127    0.0000246  -0.00006413
 128    0.0000242  -0.00006638
 129    0.0000249  -0.00006732
 130    0.0000307  -0.00010713
 131    0.0000003  -0.00000251
 132    0.0000004  -0.00000425
 133    0.0000002  -0.00000178
 134    0.0000000  -0.00000023
 135    0.0000000  -0.00000005
 136    0.0000199  -0.00005746
 137    0.0000207  -0.00005849
 138    0.0000210  -0.00006344
 139    0.0000247  -0.00007995
 140    0.0000003  -0.00000259
 141    0.0000003  -0.00000332
 142    0.0000002  -0.00000174
 143    0.0000000  -0.00000027
 144    0.0000000  -0.00000005
 145    0.0000180  -0.00005338
 146    0.0000193  -0.00005567
 147    0.0000184  -0.00005484
 148    0.0000204  -0.00006390
 149    0.0000002  -0.00000195
 150    0.0000003  -0.00000276
 151    0.0000001  -0.00000122
 152    0.0000000  -0.00000019
 153    0.0000000  -0.00000002
 
----------------
 Final Energies 
----------------
Final NOF Total Energy =    -342.9961728
 
Total Orbital Internal Iterations = 289
Total Occupation Internal Iterations = 6
 
Elapsed time:   68.85 Seconds

---------------------------------
   Lowdin Population Analysis    
---------------------------------
 Idx  Atom   Population   Charge 
---------------------------------
  1     P    14.520       0.480
  2     H     1.160      -0.160
  3     H     1.160      -0.160
  4     H     1.160      -0.160

---------------------------------
   M Diagnostic: 0.03
---------------------------------

