Computing Integrals
Basis Set                                            = def2-qzvp
Auxiliary Basis Set                                  = def2-universal-jkfit
Gaussian Type                                        = Spherical
Elapsed time:    2.47 Seconds

Number of basis functions                   (NBF)    = 171
Number of auxiliary basis functions         (NBFAUX) = 229
Inactive Doubly occupied orbitals up to     (NO1)    = 0
No. considered Strongly Doubly occupied MOs (NDOC)   = 11
No. considered Strongly Singly occupied MOs (NSOC)   = 0
NO. of Weakly occ. per St. Doubly occ.  MOs (NCWO)   = 14
Dimension of the Nat. Orb. subspace         (NBF5)   = 165
No. of electrons                                     = 22
    No. of alpha electrons                           = 11
    No. of beta electrons                            = 11
Multiplicity                                         = 1

Geometry
========
 C       0.0000000       0.0000000       0.0000000
 O       0.0000000       0.0000000       1.1605465
 O       0.0000000       0.0000000      -1.1605465

No violations of the orthonormality
No violations of the orthonormality
 
PNOF8/ADABelief Calculation
==================
 
  Nitext  Nit_orb  Time   Nit_occ  Time         Eelec          Etot           Ediff      maxdiff    MaxGrad_orb  Grad_occ
     1      10    1.1e+01    0    1.2e+01  -246.80471700  -188.44036581 -10245.80471700   0.000490   2.0e-03   1.9e-04 0.04
 
RESULTS OF THE OCCUPATION OPTIMIZATION
========================================
   1    1.9999848  -20.67825182
   2    1.9999804  -20.63743109
   3    1.9999380  -11.48305194
   4    1.9859882  -1.54217734
   5    1.9855310  -1.48141749
   6    1.9783105  -0.80847877
   7    1.9784746  -0.80435346
   8    1.9689140  -0.76504505
   9    1.9764465  -0.75797149
  10    1.9617725  -0.59258310
  11    1.9609318  -0.58670798
  12    0.0352478  -0.05022640
  13    0.0326046  -0.04854402
  14    0.0164292  -0.02874719
  15    0.0260213  -0.04408343
  16    0.0089167  -0.01897151
  17    0.0090239  -0.01915016
  18    0.0054559  -0.01278408
  19    0.0052620  -0.01260812
  20    0.0000377  -0.00089887
  21    0.0000137  -0.00042099
  22    0.0000100  -0.00036413
  23    0.0029832  -0.00652922
  24    0.0028496  -0.00647411
  25    0.0042580  -0.00801062
  26    0.0033926  -0.00733858
  27    0.0048504  -0.00966075
  28    0.0052342  -0.01089985
  29    0.0035704  -0.00865482
  30    0.0038268  -0.00911652
  31    0.0000070  -0.00008940
  32    0.0000023  -0.00004205
  33    0.0000016  -0.00002927
  34    0.0002225  -0.00070789
  35    0.0018454  -0.00477034
  36    0.0011256  -0.00332055
  37    0.0007533  -0.00198392
  38    0.0047095  -0.00923996
  39    0.0046584  -0.00918815
  40    0.0021828  -0.00582799
  41    0.0016696  -0.00749122
  42    0.0000059  -0.00008541
  43    0.0000016  -0.00004186
  44    0.0000014  -0.00004318
  45    0.0002095  -0.00068402
  46    0.0002202  -0.00070944
  47    0.0009830  -0.00225887
  48    0.0003692  -0.00116437
  49    0.0014698  -0.00516815
  50    0.0005847  -0.00169144
  51    0.0010180  -0.00337673
  52    0.0013759  -0.00597777
  53    0.0000049  -0.00010804
  54    0.0000006  -0.00001950
  55    0.0000012  -0.00004137
  56    0.0002087  -0.00068144
  57    0.0002049  -0.00069273
  58    0.0002642  -0.00081289
  59    0.0002334  -0.00076426
  60    0.0005828  -0.00168021
  61    0.0005079  -0.00148031
  62    0.0007012  -0.00590989
  63    0.0005917  -0.00447462
  64    0.0000043  -0.00005631
  65    0.0000004  -0.00001363
  66    0.0000004  -0.00002922
  67    0.0000890  -0.00030551
  68    0.0001995  -0.00065764
  69    0.0001678  -0.00059153
  70    0.0000772  -0.00027739
  71    0.0005011  -0.00151626
  72    0.0004792  -0.00164385
  73    0.0004632  -0.00190147
  74    0.0004656  -0.00177864
  75    0.0000005  -0.00002851
  76    0.0000002  -0.00002757
  77    0.0000001  -0.00000410
  78    0.0000236  -0.00010233
  79    0.0001923  -0.00065243
  80    0.0001036  -0.00040749
  81    0.0000769  -0.00027238
  82    0.0001660  -0.00060072
  83    0.0004396  -0.00131548
  84    0.0003271  -0.00232933
  85    0.0002573  -0.00106016
  86    0.0000005  -0.00001557
  87    0.0000002  -0.00001152
  88    0.0000001  -0.00000249
  89    0.0000161  -0.00008388
  90    0.0000295  -0.00013765
  91    0.0000671  -0.00028285
  92    0.0000612  -0.00026188
  93    0.0001043  -0.00042104
  94    0.0002847  -0.00100106
  95    0.0002557  -0.00086927
  96    0.0002330  -0.00085015
  97    0.0000004  -0.00001952
  98    0.0000002  -0.00001502
  99    0.0000001  -0.00000189
 100    0.0000136  -0.00008282
 101    0.0000222  -0.00007788
 102    0.0000382  -0.00019512
 103    0.0000313  -0.00014999
 104    0.0000798  -0.00027421
 105    0.0002750  -0.00086254
 106    0.0002541  -0.00094910
 107    0.0001473  -0.00142048
 108    0.0000002  -0.00000881
 109    0.0000001  -0.00000607
 110    0.0000001  -0.00000129
 111    0.0000130  -0.00008377
 112    0.0000138  -0.00008399
 113    0.0000328  -0.00015708
 114    0.0000156  -0.00011127
 115    0.0000476  -0.00026138
 116    0.0001085  -0.00048536
 117    0.0000899  -0.00096973
 118    0.0000886  -0.00044213
 119    0.0000002  -0.00000687
 120    0.0000001  -0.00000311
 121    0.0000001  -0.00000130
 122    0.0000124  -0.00008050
 123    0.0000131  -0.00008082
 124    0.0000316  -0.00015866
 125    0.0000150  -0.00009598
 126    0.0000339  -0.00016120
 127    0.0000326  -0.00017697
 128    0.0000851  -0.00067140
 129    0.0000341  -0.00028433
 130    0.0000001  -0.00000428
 131    0.0000001  -0.00000277
 132    0.0000000  -0.00000081
 133    0.0000114  -0.00007552
 134    0.0000129  -0.00008121
 135    0.0000186  -0.00011053
 136    0.0000141  -0.00008836
 137    0.0000266  -0.00014097
 138    0.0000245  -0.00012654
 139    0.0000272  -0.00015557
 140    0.0000217  -0.00013760
 141    0.0000001  -0.00000404
 142    0.0000001  -0.00000217
 143    0.0000000  -0.00000073
 144    0.0000095  -0.00006413
 145    0.0000115  -0.00007306
 146    0.0000172  -0.00010559
 147    0.0000131  -0.00008178
 148    0.0000190  -0.00010757
 149    0.0000183  -0.00010829
 150    0.0000197  -0.00012584
 151    0.0000205  -0.00014074
 152    0.0000001  -0.00000320
 153    0.0000001  -0.00000163
 154    0.0000000  -0.00000073
 155    0.0000078  -0.00005586
 156    0.0000082  -0.00004596
 157    0.0000166  -0.00010132
 158    0.0000119  -0.00007959
 159    0.0000179  -0.00009791
 160    0.0000178  -0.00010990
 161    0.0000187  -0.00011837
 162    0.0000177  -0.00011271
 163    0.0000001  -0.00000186
 164    0.0000001  -0.00000137
 165    0.0000000  -0.00000054
 
----------------
 Final Energies 
----------------
Final NOF Total Energy =    -188.4403658
 
Total Orbital Internal Iterations = 10
Total Occupation Internal Iterations = 0
 
Elapsed time:   30.01 Seconds

---------------------------------
   Lowdin Population Analysis    
---------------------------------
 Idx  Atom   Population   Charge 
---------------------------------
  1     C     6.627      -0.627
  2     O     7.687       0.313
  3     O     7.686       0.314

---------------------------------
   M Diagnostic: 0.04
---------------------------------

