Computing Integrals
Basis Set                                            = def2-qzvp
Auxiliary Basis Set                                  = def2-universal-jkfit
Gaussian Type                                        = Spherical
Elapsed time:    2.02 Seconds

Number of basis functions                   (NBF)    = 177
Number of auxiliary basis functions         (NBFAUX) = 147
Inactive Doubly occupied orbitals up to     (NO1)    = 0
No. considered Strongly Doubly occupied MOs (NDOC)   = 5
No. considered Strongly Singly occupied MOs (NSOC)   = 0
NO. of Weakly occ. per St. Doubly occ.  MOs (NCWO)   = 34
Dimension of the Nat. Orb. subspace         (NBF5)   = 175
No. of electrons                                     = 10
    No. of alpha electrons                           = 5
    No. of beta electrons                            = 5
Multiplicity                                         = 1

Geometry
========
 C       0.0000000       0.0000000       0.0000000
 H       0.6285100      -0.6285100       0.6285100
 H      -0.6285100       0.6285100       0.6285100
 H      -0.6285100      -0.6285100      -0.6285100
 H       0.6285100       0.6285100      -0.6285100

No violations of the orthonormality
No violations of the orthonormality
 
PNOF8/ADABelief Calculation
==================
 
  Nitext  Nit_orb  Time   Nit_occ  Time         Eelec          Etot           Ediff      maxdiff    MaxGrad_orb  Grad_occ
     1      10    1.1e+01    0    1.2e+01   -53.92859214   -40.47609002 -10052.92859214   0.000493   2.0e-03   1.2e-04 0.03
 
RESULTS OF THE OCCUPATION OPTIMIZATION
========================================
   1    1.9999157  -11.21682886
   2    1.9786154  -0.93876663
   3    1.9700721  -0.58233465
   4    1.9702273  -0.58209454
   5    1.9680032  -0.58120660
   6    0.0187750  -0.02083723
   7    0.0187272  -0.02101438
   8    0.0193721  -0.02120174
   9    0.0133130  -0.01909956
  10    0.0000767  -0.00167487
  11    0.0057799  -0.00742416
  12    0.0053502  -0.00704883
  13    0.0059084  -0.00748222
  14    0.0043132  -0.00680632
  15    0.0000020  -0.00007714
  16    0.0053096  -0.00698035
  17    0.0019041  -0.00313471
  18    0.0012442  -0.00237585
  19    0.0012224  -0.00572353
  20    0.0000019  -0.00002475
  21    0.0011426  -0.00211601
  22    0.0010287  -0.00205898
  23    0.0011296  -0.00213096
  24    0.0011134  -0.00267527
  25    0.0000018  -0.00001263
  26    0.0003071  -0.00064530
  27    0.0009930  -0.00193823
  28    0.0006245  -0.00114610
  29    0.0003114  -0.00080429
  30    0.0000015  -0.00001669
  31    0.0001094  -0.00027683
  32    0.0006555  -0.00120494
  33    0.0006021  -0.00111712
  34    0.0003029  -0.00074485
  35    0.0000001  -0.00000157
  36    0.0001062  -0.00026730
  37    0.0003140  -0.00065908
  38    0.0003072  -0.00063691
  39    0.0002621  -0.00067221
  40    0.0000000  -0.00000088
  41    0.0001053  -0.00025935
  42    0.0002876  -0.00060784
  43    0.0002843  -0.00059265
  44    0.0001027  -0.00028826
  45    0.0000000  -0.00000042
  46    0.0000936  -0.00024395
  47    0.0001121  -0.00025507
  48    0.0001093  -0.00026953
  49    0.0001025  -0.00028158
  50    0.0000000  -0.00000041
  51    0.0000643  -0.00016468
  52    0.0001045  -0.00026950
  53    0.0000639  -0.00016289
  54    0.0000686  -0.00018149
  55    0.0000000  -0.00000032
  56    0.0000425  -0.00012447
  57    0.0000573  -0.00015942
  58    0.0000526  -0.00014380
  59    0.0000557  -0.00017073
  60    0.0000000  -0.00000032
  61    0.0000323  -0.00009890
  62    0.0000520  -0.00015304
  63    0.0000489  -0.00014066
  64    0.0000511  -0.00016327
  65    0.0000000  -0.00000029
  66    0.0000287  -0.00009618
  67    0.0000434  -0.00012570
  68    0.0000334  -0.00009967
  69    0.0000478  -0.00015312
  70    0.0000000  -0.00000027
  71    0.0000219  -0.00008165
  72    0.0000275  -0.00009653
  73    0.0000252  -0.00009134
  74    0.0000258  -0.00010274
  75    0.0000000  -0.00000026
  76    0.0000145  -0.00006321
  77    0.0000232  -0.00008015
  78    0.0000218  -0.00007873
  79    0.0000214  -0.00009377
  80    0.0000000  -0.00000023
  81    0.0000111  -0.00003797
  82    0.0000129  -0.00004201
  83    0.0000165  -0.00006899
  84    0.0000125  -0.00005798
  85    0.0000000  -0.00000020
  86    0.0000096  -0.00003443
  87    0.0000111  -0.00003672
  88    0.0000115  -0.00004674
  89    0.0000109  -0.00004270
  90    0.0000000  -0.00000016
  91    0.0000085  -0.00002927
  92    0.0000108  -0.00003736
  93    0.0000105  -0.00003807
  94    0.0000098  -0.00004443
  95    0.0000000  -0.00000017
  96    0.0000062  -0.00002534
  97    0.0000086  -0.00003671
  98    0.0000093  -0.00003765
  99    0.0000055  -0.00002896
 100    0.0000000  -0.00000014
 101    0.0000057  -0.00002459
 102    0.0000081  -0.00003226
 103    0.0000088  -0.00003530
 104    0.0000051  -0.00002427
 105    0.0000000  -0.00000015
 106    0.0000034  -0.00001278
 107    0.0000077  -0.00003095
 108    0.0000077  -0.00002973
 109    0.0000043  -0.00002276
 110    0.0000000  -0.00000009
 111    0.0000030  -0.00000704
 112    0.0000052  -0.00002196
 113    0.0000057  -0.00002645
 114    0.0000039  -0.00002167
 115    0.0000000  -0.00000011
 116    0.0000023  -0.00000518
 117    0.0000038  -0.00001708
 118    0.0000054  -0.00002470
 119    0.0000027  -0.00001094
 120    0.0000000  -0.00000006
 121    0.0000022  -0.00000640
 122    0.0000036  -0.00001407
 123    0.0000049  -0.00002483
 124    0.0000024  -0.00000925
 125    0.0000000  -0.00000009
 126    0.0000018  -0.00000266
 127    0.0000029  -0.00000716
 128    0.0000027  -0.00000788
 129    0.0000020  -0.00000723
 130    0.0000000  -0.00000007
 131    0.0000016  -0.00000126
 132    0.0000029  -0.00000860
 133    0.0000027  -0.00000812
 134    0.0000019  -0.00000648
 135    0.0000000  -0.00000008
 136    0.0000013  -0.00000064
 137    0.0000025  -0.00000557
 138    0.0000024  -0.00000547
 139    0.0000015  -0.00000141
 140    0.0000000  -0.00000005
 141    0.0000012  -0.00000051
 142    0.0000024  -0.00000353
 143    0.0000023  -0.00000530
 144    0.0000014  -0.00000160
 145    0.0000000  -0.00000004
 146    0.0000011  -0.00000106
 147    0.0000024  -0.00000386
 148    0.0000021  -0.00000470
 149    0.0000013  -0.00000165
 150    0.0000000  -0.00000005
 151    0.0000011  -0.00000103
 152    0.0000021  -0.00000441
 153    0.0000019  -0.00000444
 154    0.0000012  -0.00000179
 155    0.0000000  -0.00000002
 156    0.0000010  -0.00000072
 157    0.0000017  -0.00000144
 158    0.0000016  -0.00000088
 159    0.0000012  -0.00000128
 160    0.0000000  -0.00000004
 161    0.0000009  -0.00000051
 162    0.0000016  -0.00000084
 163    0.0000016  -0.00000087
 164    0.0000010  -0.00000109
 165    0.0000000  -0.00000003
 166    0.0000009  -0.00000077
 167    0.0000013  -0.00000072
 168    0.0000015  -0.00000034
 169    0.0000009  -0.00000111
 170    0.0000000  -0.00000003
 171    0.0000009  -0.00000054
 172    0.0000012  -0.00000061
 173    0.0000014  -0.00000050
 174    0.0000009  -0.00001424
 175    0.0000000  -0.00000001
 
----------------
 Final Energies 
----------------
Final NOF Total Energy =     -40.4760900
 
Total Orbital Internal Iterations = 10
Total Occupation Internal Iterations = 0
 
Elapsed time:   30.24 Seconds

---------------------------------
   Lowdin Population Analysis    
---------------------------------
 Idx  Atom   Population   Charge 
---------------------------------
  1     C     5.696       0.304
  2     H     1.076      -0.076
  3     H     1.074      -0.074
  4     H     1.077      -0.077
  5     H     1.077      -0.077

---------------------------------
   M Diagnostic: 0.03
---------------------------------

