Computing Integrals
Basis Set                                            = def2-qzvp
Auxiliary Basis Set                                  = def2-universal-jkfit
Gaussian Type                                        = Spherical
Elapsed time:    2.60 Seconds

Number of basis functions                   (NBF)    = 187
Number of auxiliary basis functions         (NBFAUX) = 239
Inactive Doubly occupied orbitals up to     (NO1)    = 0
No. considered Strongly Doubly occupied MOs (NDOC)   = 12
No. considered Strongly Singly occupied MOs (NSOC)   = 0
NO. of Weakly occ. per St. Doubly occ.  MOs (NCWO)   = 14
Dimension of the Nat. Orb. subspace         (NBF5)   = 180
No. of electrons                                     = 24
    No. of alpha electrons                           = 12
    No. of beta electrons                            = 12
Multiplicity                                         = 1

Geometry
========
 S       0.0000000       0.0000000       1.4943318
 C       0.0000000       0.0000000      -0.1100613
 H      -0.9184864       0.0000000      -0.6921352
 H       0.9184864       0.0000000      -0.6921352

No violations of the orthonormality
No violations of the orthonormality
 
PNOF8/ADABelief Calculation
==================
 
  Nitext  Nit_orb  Time   Nit_occ  Time         Eelec          Etot           Ediff      maxdiff    MaxGrad_orb  Grad_occ
     1      10    1.1e+01    0    1.2e+01  -482.21663015  -437.28486066 -10481.21663015   0.007227   2.9e-02   2.1e-04 0.04
     2      30    5.0e+00    0    9.7e-02  -482.21663015  -437.28486066     0.00000000   0.007227   2.9e-02   2.1e-04 0.04
     3      50    8.7e+00    3    2.9e-01  -482.21677237  -437.28500287    -0.00014222   0.006183   2.5e-02   1.4e-04 0.04
     4      50    8.6e+00    0    1.5e-01  -482.21677561  -437.28500612    -0.00000325   0.006183   2.5e-02   1.4e-04 0.04
     5      70    1.2e+01    1    1.2e-01  -482.21696764  -437.28519815    -0.00019203   0.000886   3.5e-03   2.1e-04 0.04
 
RESULTS OF THE OCCUPATION OPTIMIZATION
========================================
   1    1.9999994  -92.01454294
   2    1.9999720  -11.31498594
   3    1.9996284  -8.94691723
   4    1.9993364  -6.69731785
   5    1.9994147  -6.66675361
   6    1.9992942  -6.66409611
   7    1.9821880  -1.04846391
   8    1.9792302  -0.82583519
   9    1.9664499  -0.62867652
  10    1.9669806  -0.61028336
  11    1.9556269  -0.44507314
  12    1.9677715  -0.40369169
  13    0.0088817  -0.01419857
  14    0.0361220  -0.04238282
  15    0.0226760  -0.03744017
  16    0.0143834  -0.01974556
  17    0.0062961  -0.01616390
  18    0.0070806  -0.02586982
  19    0.0006522  -0.01054386
  20    0.0004658  -0.00782543
  21    0.0006140  -0.01159018
  22    0.0003512  -0.00675142
  23    0.0000265  -0.00061376
  24    0.0000006  -0.00000667
  25    0.0083918  -0.01574664
  26    0.0070743  -0.01018220
  27    0.0064698  -0.01181335
  28    0.0127419  -0.01794332
  29    0.0039691  -0.01335668
  30    0.0039306  -0.01391721
  31    0.0000190  -0.00084337
  32    0.0000814  -0.00307481
  33    0.0000152  -0.00020348
  34    0.0000039  -0.00036892
  35    0.0000003  -0.00000368
  36    0.0000000  -0.00000018
  37    0.0081395  -0.01288920
  38    0.0005313  -0.00100825
  39    0.0018173  -0.00490194
  40    0.0030540  -0.00484693
  41    0.0030528  -0.00864489
  42    0.0026249  -0.00931278
  43    0.0000083  -0.00014796
  44    0.0000093  -0.00009703
  45    0.0000093  -0.00007411
  46    0.0000034  -0.00008015
  47    0.0000002  -0.00000302
  48    0.0000000  -0.00000019
  49    0.0028223  -0.00777673
  50    0.0002567  -0.00056728
  51    0.0006369  -0.00136834
  52    0.0010485  -0.00228502
  53    0.0023102  -0.00913286
  54    0.0019418  -0.00832959
  55    0.0000054  -0.00006704
  56    0.0000069  -0.00009159
  57    0.0000077  -0.00006621
  58    0.0000031  -0.00003168
  59    0.0000002  -0.00000216
  60    0.0000000  -0.00000013
  61    0.0016401  -0.00510002
  62    0.0000743  -0.00019334
  63    0.0005072  -0.00115222
  64    0.0007880  -0.00159492
  65    0.0019078  -0.00728810
  66    0.0009307  -0.00413955
  67    0.0000050  -0.00010349
  68    0.0000059  -0.00005648
  69    0.0000042  -0.00004063
  70    0.0000023  -0.00002467
  71    0.0000002  -0.00000199
  72    0.0000000  -0.00000010
  73    0.0012454  -0.00333095
  74    0.0000534  -0.00013477
  75    0.0002207  -0.00062893
  76    0.0006177  -0.00135511
  77    0.0009842  -0.00440907
  78    0.0003269  -0.00149808
  79    0.0000045  -0.00004243
  80    0.0000040  -0.00004292
  81    0.0000038  -0.00003732
  82    0.0000018  -0.00002022
  83    0.0000002  -0.00000177
  84    0.0000000  -0.00000010
  85    0.0003561  -0.00080916
  86    0.0000469  -0.00012497
  87    0.0002004  -0.00058245
  88    0.0003188  -0.00070774
  89    0.0008205  -0.00220276
  90    0.0002798  -0.00087380
  91    0.0000030  -0.00004392
  92    0.0000034  -0.00003127
  93    0.0000028  -0.00002819
  94    0.0000015  -0.00001699
  95    0.0000001  -0.00000117
  96    0.0000000  -0.00000009
  97    0.0002241  -0.00063995
  98    0.0000417  -0.00010650
  99    0.0001292  -0.00034784
 100    0.0001779  -0.00044054
 101    0.0005254  -0.00144896
 102    0.0002446  -0.00089039
 103    0.0000023  -0.00005731
 104    0.0000027  -0.00002948
 105    0.0000022  -0.00003911
 106    0.0000014  -0.00001347
 107    0.0000001  -0.00000111
 108    0.0000000  -0.00000007
 109    0.0002146  -0.00065762
 110    0.0000380  -0.00010041
 111    0.0001175  -0.00033883
 112    0.0001407  -0.00034584
 113    0.0004441  -0.00113823
 114    0.0001446  -0.00083545
 115    0.0000022  -0.00006874
 116    0.0000022  -0.00006455
 117    0.0000017  -0.00002063
 118    0.0000010  -0.00002062
 119    0.0000001  -0.00000083
 120    0.0000000  -0.00000006
 121    0.0001464  -0.00049563
 122    0.0000358  -0.00009418
 123    0.0000885  -0.00028360
 124    0.0001289  -0.00034662
 125    0.0001829  -0.00080382
 126    0.0001145  -0.00054525
 127    0.0000016  -0.00001742
 128    0.0000016  -0.00001563
 129    0.0000010  -0.00000837
 130    0.0000007  -0.00000777
 131    0.0000001  -0.00000088
 132    0.0000000  -0.00000006
 133    0.0000590  -0.00016541
 134    0.0000326  -0.00008708
 135    0.0000572  -0.00017967
 136    0.0000836  -0.00022378
 137    0.0001366  -0.00064377
 138    0.0000650  -0.00022657
 139    0.0000013  -0.00001290
 140    0.0000013  -0.00001042
 141    0.0000009  -0.00002874
 142    0.0000005  -0.00000580
 143    0.0000000  -0.00000039
 144    0.0000000  -0.00000007
 145    0.0000440  -0.00013823
 146    0.0000306  -0.00008144
 147    0.0000435  -0.00014376
 148    0.0000358  -0.00011120
 149    0.0000770  -0.00025933
 150    0.0000547  -0.00017797
 151    0.0000007  -0.00000833
 152    0.0000005  -0.00000441
 153    0.0000005  -0.00000452
 154    0.0000005  -0.00000574
 155    0.0000000  -0.00000042
 156    0.0000000  -0.00000005
 157    0.0000340  -0.00011231
 158    0.0000299  -0.00008032
 159    0.0000417  -0.00012780
 160    0.0000186  -0.00007730
 161    0.0000422  -0.00015663
 162    0.0000475  -0.00016740
 163    0.0000003  -0.00000309
 164    0.0000003  -0.00000296
 165    0.0000002  -0.00000250
 166    0.0000002  -0.00000203
 167    0.0000000  -0.00000037
 168    0.0000000  -0.00000005
 169    0.0000296  -0.00010892
 170    0.0000057  -0.00003380
 171    0.0000136  -0.00006731
 172    0.0000121  -0.00005506
 173    0.0000207  -0.00009125
 174    0.0000257  -0.00011664
 175    0.0000001  -0.00000101
 176    0.0000002  -0.00000155
 177    0.0000002  -0.00000189
 178    0.0000001  -0.00000076
 179    0.0000000  -0.00000032
 180    0.0000000  -0.00000004
 
----------------
 Final Energies 
----------------
Final NOF Total Energy =    -437.2851981
 
Total Orbital Internal Iterations = 210
Total Occupation Internal Iterations = 4
 
Elapsed time:   66.47 Seconds

---------------------------------
   Lowdin Population Analysis    
---------------------------------
 Idx  Atom   Population   Charge 
---------------------------------
  1     S    15.593       0.407
  2     C     6.176      -0.176
  3     H     1.115      -0.115
  4     H     1.115      -0.115

---------------------------------
   M Diagnostic: 0.04
---------------------------------

