Computing Integrals
Basis Set                                            = def2-qzvp
Auxiliary Basis Set                                  = def2-universal-jkfit
Gaussian Type                                        = Spherical
Elapsed time:    2.49 Seconds

Number of basis functions                   (NBF)    = 217
Number of auxiliary basis functions         (NBFAUX) = 257
Inactive Doubly occupied orbitals up to     (NO1)    = 0
No. considered Strongly Doubly occupied MOs (NDOC)   = 12
No. considered Strongly Singly occupied MOs (NSOC)   = 0
NO. of Weakly occ. per St. Doubly occ.  MOs (NCWO)   = 17
Dimension of the Nat. Orb. subspace         (NBF5)   = 216
No. of electrons                                     = 24
    No. of alpha electrons                           = 12
    No. of beta electrons                            = 12
Multiplicity                                         = 1

Geometry
========
 S       0.3082691      -1.1248975       0.0000000
 C       0.2332779       0.4820209       0.0000000
 H      -0.7041702       1.0234675       0.0000000
 H       1.1670468       1.0314181       0.0000000
 H      -1.0044235      -1.4120089       0.0000000

No violations of the orthonormality
No violations of the orthonormality
 
PNOF8/ADABelief Calculation
==================
 
  Nitext  Nit_orb  Time   Nit_occ  Time         Eelec          Etot           Ediff      maxdiff    MaxGrad_orb  Grad_occ
     1      10    1.1e+01    0    1.2e+01  -490.61731747  -437.59681123 -10489.61731747   0.000530   2.1e-03   1.8e-04 0.04
 
RESULTS OF THE OCCUPATION OPTIMIZATION
========================================
   1    1.9999992  -92.34794113
   2    1.9999534  -11.59528579
   3    1.9996215  -9.22071583
   4    1.9994055  -7.04437550
   5    1.9991421  -7.03755257
   6    1.9993810  -6.99705770
   7    1.9795519  -1.35512303
   8    1.9801248  -1.12455420
   9    1.9672990  -0.90619498
  10    1.9702660  -0.90537763
  11    1.9660300  -0.84449761
  12    1.9573347  -0.72774228
  13    0.0325619  -0.04385674
  14    0.0211079  -0.03438923
  15    0.0205918  -0.03954025
  16    0.0119514  -0.01909472
  17    0.0060670  -0.01608270
  18    0.0060157  -0.02309868
  19    0.0005162  -0.00882976
  20    0.0008202  -0.01236571
  21    0.0005524  -0.01034897
  22    0.0003627  -0.00712953
  23    0.0000454  -0.00093254
  24    0.0000008  -0.00001984
  25    0.0083010  -0.01338323
  26    0.0080439  -0.01365031
  27    0.0029562  -0.00887209
  28    0.0109969  -0.01867981
  29    0.0043270  -0.01439982
  30    0.0052862  -0.01422365
  31    0.0000759  -0.00307689
  32    0.0000178  -0.00067455
  33    0.0000149  -0.00012183
  34    0.0000108  -0.00042714
  35    0.0000003  -0.00000287
  36    0.0000000  -0.00000008
  37    0.0006659  -0.00136032
  38    0.0015765  -0.00438302
  39    0.0022316  -0.00678233
  40    0.0034395  -0.00681228
  41    0.0034295  -0.01301372
  42    0.0051965  -0.01399057
  43    0.0000115  -0.00007579
  44    0.0000059  -0.00005655
  45    0.0000055  -0.00005271
  46    0.0000012  -0.00001592
  47    0.0000002  -0.00000133
  48    0.0000000  -0.00000005
  49    0.0003486  -0.00081673
  50    0.0009524  -0.00203168
  51    0.0016917  -0.00539093
  52    0.0026181  -0.00476731
  53    0.0022736  -0.00970743
  54    0.0019262  -0.00882344
  55    0.0000037  -0.00012399
  56    0.0000038  -0.00021798
  57    0.0000040  -0.00006945
  58    0.0000009  -0.00001801
  59    0.0000001  -0.00000116
  60    0.0000000  -0.00000005
  61    0.0002684  -0.00064846
  62    0.0006724  -0.00154361
  63    0.0007179  -0.00188100
  64    0.0016831  -0.00418916
  65    0.0020214  -0.00877477
  66    0.0008029  -0.00385085
  67    0.0000033  -0.00003742
  68    0.0000023  -0.00003232
  69    0.0000034  -0.00023536
  70    0.0000006  -0.00000608
  71    0.0000001  -0.00000096
  72    0.0000000  -0.00000005
  73    0.0001749  -0.00044459
  74    0.0005962  -0.00131430
  75    0.0004928  -0.00140630
  76    0.0008203  -0.00216854
  77    0.0009204  -0.00427110
  78    0.0003686  -0.00182820
  79    0.0000016  -0.00002810
  80    0.0000022  -0.00002809
  81    0.0000026  -0.00003194
  82    0.0000004  -0.00000380
  83    0.0000001  -0.00000057
  84    0.0000000  -0.00000003
  85    0.0001004  -0.00027600
  86    0.0002365  -0.00064309
  87    0.0003043  -0.00088885
  88    0.0005320  -0.00131628
  89    0.0002958  -0.00099451
  90    0.0002875  -0.00152110
  91    0.0000015  -0.00001740
  92    0.0000018  -0.00002542
  93    0.0000024  -0.00002550
  94    0.0000003  -0.00000290
  95    0.0000001  -0.00000049
  96    0.0000000  -0.00000002
  97    0.0000449  -0.00012703
  98    0.0002108  -0.00060728
  99    0.0002556  -0.00071656
 100    0.0001798  -0.00048799
 101    0.0001757  -0.00080643
 102    0.0002155  -0.00085120
 103    0.0000015  -0.00001426
 104    0.0000008  -0.00000799
 105    0.0000020  -0.00003583
 106    0.0000003  -0.00000251
 107    0.0000001  -0.00000040
 108    0.0000000  -0.00000003
 109    0.0000411  -0.00010664
 110    0.0001660  -0.00051619
 111    0.0001068  -0.00034577
 112    0.0001305  -0.00038035
 113    0.0001023  -0.00049487
 114    0.0001135  -0.00052492
 115    0.0000012  -0.00001150
 116    0.0000006  -0.00000557
 117    0.0000018  -0.00003955
 118    0.0000002  -0.00000225
 119    0.0000001  -0.00000036
 120    0.0000000  -0.00000002
 121    0.0000316  -0.00008940
 122    0.0001373  -0.00040773
 123    0.0000920  -0.00029200
 124    0.0001260  -0.00035844
 125    0.0000662  -0.00026819
 126    0.0000711  -0.00030910
 127    0.0000009  -0.00001832
 128    0.0000005  -0.00000483
 129    0.0000018  -0.00002641
 130    0.0000002  -0.00000217
 131    0.0000000  -0.00000039
 132    0.0000000  -0.00000003
 133    0.0000307  -0.00008750
 134    0.0001278  -0.00043029
 135    0.0000818  -0.00027527
 136    0.0000932  -0.00028240
 137    0.0000596  -0.00022725
 138    0.0000467  -0.00016142
 139    0.0000004  -0.00000360
 140    0.0000005  -0.00000477
 141    0.0000011  -0.00001146
 142    0.0000002  -0.00000186
 143    0.0000000  -0.00000018
 144    0.0000000  -0.00000002
 145    0.0000273  -0.00007815
 146    0.0000516  -0.00015942
 147    0.0000630  -0.00021356
 148    0.0000587  -0.00017994
 149    0.0000480  -0.00015989
 150    0.0000387  -0.00015349
 151    0.0000004  -0.00000372
 152    0.0000004  -0.00000368
 153    0.0000010  -0.00001059
 154    0.0000002  -0.00000152
 155    0.0000000  -0.00000017
 156    0.0000000  -0.00000002
 157    0.0000219  -0.00006326
 158    0.0000335  -0.00011307
 159    0.0000536  -0.00017736
 160    0.0000354  -0.00012120
 161    0.0000251  -0.00011189
 162    0.0000326  -0.00012885
 163    0.0000002  -0.00000193
 164    0.0000004  -0.00000333
 165    0.0000006  -0.00000584
 166    0.0000002  -0.00000138
 167    0.0000000  -0.00000018
 168    0.0000000  -0.00000002
 169    0.0000187  -0.00005926
 170    0.0000279  -0.00010089
 171    0.0000438  -0.00015078
 172    0.0000179  -0.00006911
 173    0.0000226  -0.00009813
 174    0.0000266  -0.00011294
 175    0.0000002  -0.00000187
 176    0.0000003  -0.00000246
 177    0.0000004  -0.00000406
 178    0.0000001  -0.00000096
 179    0.0000000  -0.00000017
 180    0.0000000  -0.00000002
 181    0.0000154  -0.00005309
 182    0.0000218  -0.00007968
 183    0.0000321  -0.00012504
 184    0.0000091  -0.00004916
 185    0.0000206  -0.00008416
 186    0.0000074  -0.00004918
 187    0.0000002  -0.00000169
 188    0.0000002  -0.00000202
 189    0.0000001  -0.00000120
 190    0.0000001  -0.00000084
 191    0.0000000  -0.00000017
 192    0.0000000  -0.00000002
 193    0.0000110  -0.00004656
 194    0.0000053  -0.00002985
 195    0.0000157  -0.00006836
 196    0.0000055  -0.00003165
 197    0.0000138  -0.00007048
 198    0.0000068  -0.00004646
 199    0.0000001  -0.00000112
 200    0.0000001  -0.00000075
 201    0.0000001  -0.00000058
 202    0.0000001  -0.00000035
 203    0.0000000  -0.00000011
 204    0.0000000  -0.00000002
 205    0.0000015  -0.00000680
 206    0.0000020  -0.00001538
 207    0.0000034  -0.00002354
 208    0.0000036  -0.00002374
 209    0.0000066  -0.00004434
 210    0.0000055  -0.00003788
 211    0.0000001  -0.00000076
 212    0.0000001  -0.00000051
 213    0.0000001  -0.00000056
 214    0.0000000  -0.00000034
 215    0.0000000  -0.00000009
 216    0.0000000  -0.00000002
 
----------------
 Final Energies 
----------------
Final NOF Total Energy =    -437.5968112
 
Total Orbital Internal Iterations = 10
Total Occupation Internal Iterations = 0
 
Elapsed time:   30.48 Seconds

---------------------------------
   Lowdin Population Analysis    
---------------------------------
 Idx  Atom   Population   Charge 
---------------------------------
  1     S    14.921       1.079
  2     C     5.834       0.166
  3     H     1.058      -0.058
  4     H     1.057      -0.057
  5     H     1.131      -0.131

---------------------------------
   M Diagnostic: 0.04
---------------------------------

