Computing Integrals
Basis Set                                            = def2-qzvp
Auxiliary Basis Set                                  = def2-universal-jkfit
Gaussian Type                                        = Spherical
Elapsed time:    2.92 Seconds

Number of basis functions                   (NBF)    = 150
Number of auxiliary basis functions         (NBFAUX) = 532
Inactive Doubly occupied orbitals up to     (NO1)    = 0
No. considered Strongly Doubly occupied MOs (NDOC)   = 36
No. considered Strongly Singly occupied MOs (NSOC)   = 0
NO. of Weakly occ. per St. Doubly occ.  MOs (NCWO)   = 3
Dimension of the Nat. Orb. subspace         (NBF5)   = 144
No. of electrons                                     = 72
    No. of alpha electrons                           = 36
    No. of beta electrons                            = 36
Multiplicity                                         = 1

Geometry
========
Kr       0.0000000       0.0000000       2.0050000
Kr       0.0000000       0.0000000      -2.0050000

No violations of the orthonormality
No violations of the orthonormality
 
PNOF8/ADABelief Calculation
==================
 
  Nitext  Nit_orb  Time   Nit_occ  Time         Eelec          Etot           Ediff      maxdiff    MaxGrad_orb  Grad_occ
     1      10    1.1e+01    0    1.2e+01 -5676.77633064 -5505.75082967 -15675.77633064   0.000491   2.0e-03   2.1e-04 0.02
 
RESULTS OF THE OCCUPATION OPTIMIZATION
========================================
   1    1.9999999  -520.23051573
   2    1.9999999  -520.20517225
   3    1.9999988  -70.02951009
   4    1.9999977  -70.00465606
   5    1.9999939  -63.07843898
   6    1.9999965  -63.07644975
   7    1.9999963  -63.07617020
   8    1.9999936  -63.07615180
   9    1.9999971  -63.07574268
  10    1.9999971  -63.07559113
  11    1.9997762  -10.87673505
  12    1.9997677  -10.87325295
  13    1.9996283  -8.36314868
  14    1.9996325  -8.36296580
  15    1.9996298  -8.36291300
  16    1.9996291  -8.36253628
  17    1.9996192  -8.36243545
  18    1.9994683  -8.36064006
  19    1.9984371  -3.85452402
  20    1.9984624  -3.85418010
  21    1.9984925  -3.85397328
  22    1.9978550  -3.85363304
  23    1.9977946  -3.85354725
  24    1.9979379  -3.85312468
  25    1.9980642  -3.85307373
  26    1.9978355  -3.85234190
  27    1.9970236  -3.85107580
  28    1.9972061  -3.85043973
  29    1.9828012  -1.18116210
  30    1.9830438  -1.18041843
  31    1.9710454  -0.55330249
  32    1.9717730  -0.55282487
  33    1.9675889  -0.55204199
  34    1.9672603  -0.55166272
  35    1.9676344  -0.55082082
  36    1.9676095  -0.55050347
  37    0.0154240  -0.03651395
  38    0.0119754  -0.03421476
  39    0.0119632  -0.03347877
  40    0.0119310  -0.03388777
  41    0.0156103  -0.03777333
  42    0.0119014  -0.03452104
  43    0.0124050  -0.04686317
  44    0.0127462  -0.04595167
  45    0.0011029  -0.00942858
  46    0.0012264  -0.01091195
  47    0.0014110  -0.01269252
  48    0.0011720  -0.00980562
  49    0.0013082  -0.01291994
  50    0.0014597  -0.01587276
  51    0.0013878  -0.01372541
  52    0.0013071  -0.01063626
  53    0.0013359  -0.01091923
  54    0.0013676  -0.01460136
  55    0.0002672  -0.00202023
  56    0.0002875  -0.00209044
  57    0.0002883  -0.00208660
  58    0.0002881  -0.00208417
  59    0.0002854  -0.00210253
  60    0.0002869  -0.00208131
  61    0.0001679  -0.01050268
  62    0.0001659  -0.00870672
  63    0.0000014  -0.00005393
  64    0.0000015  -0.00005294
  65    0.0000053  -0.00185337
  66    0.0000017  -0.00005747
  67    0.0000017  -0.00005616
  68    0.0000052  -0.00181784
  69    0.0000014  -0.00005192
  70    0.0000009  -0.00004021
  71    0.0000000  -0.00000724
  72    0.0000000  -0.00000890
  73    0.0151928  -0.03618520
  74    0.0117275  -0.03364808
  75    0.0119562  -0.03398435
  76    0.0118350  -0.03380770
  77    0.0107682  -0.03568679
  78    0.0086398  -0.03465858
  79    0.0022873  -0.00846634
  80    0.0022445  -0.00825813
  81    0.0010663  -0.00909844
  82    0.0011349  -0.00976951
  83    0.0006477  -0.00290295
  84    0.0006652  -0.00291145
  85    0.0006557  -0.00288731
  86    0.0006483  -0.00288261
  87    0.0006590  -0.00289473
  88    0.0001016  -0.00048277
  89    0.0001022  -0.00048871
  90    0.0001011  -0.00047972
  91    0.0002185  -0.00382061
  92    0.0000479  -0.00040376
  93    0.0000464  -0.00043933
  94    0.0000480  -0.00038341
  95    0.0000470  -0.00042106
  96    0.0000475  -0.00037677
  97    0.0000336  -0.00031998
  98    0.0000290  -0.00096247
  99    0.0000008  -0.00003836
 100    0.0000007  -0.00003684
 101    0.0000011  -0.00005633
 102    0.0000011  -0.00087232
 103    0.0000011  -0.00088367
 104    0.0000009  -0.00004014
 105    0.0000005  -0.00003135
 106    0.0000002  -0.00001792
 107    0.0000000  -0.00000223
 108    0.0000000  -0.00000548
 109    0.0017736  -0.00644461
 110    0.0086627  -0.03340971
 111    0.0088204  -0.03301697
 112    0.0086451  -0.03345228
 113    0.0018485  -0.00671893
 114    0.0084134  -0.03432191
 115    0.0022638  -0.00836738
 116    0.0022082  -0.00808975
 117    0.0006247  -0.00284501
 118    0.0006151  -0.00281887
 119    0.0001058  -0.00048630
 120    0.0000987  -0.00047536
 121    0.0000982  -0.00047480
 122    0.0000974  -0.00047249
 123    0.0000982  -0.00047599
 124    0.0000988  -0.00064004
 125    0.0000995  -0.00063607
 126    0.0000943  -0.00048457
 127    0.0000460  -0.00039824
 128    0.0000454  -0.00038373
 129    0.0000362  -0.00183204
 130    0.0000341  -0.00250147
 131    0.0000351  -0.00222331
 132    0.0000373  -0.00161017
 133    0.0000308  -0.00035914
 134    0.0000289  -0.00067019
 135    0.0000007  -0.00003610
 136    0.0000007  -0.00003563
 137    0.0000001  -0.00001051
 138    0.0000009  -0.00004106
 139    0.0000007  -0.00003656
 140    0.0000000  -0.00000808
 141    0.0000004  -0.00002720
 142    0.0000001  -0.00001617
 143    0.0000000  -0.00000204
 144    0.0000000  -0.00000543
 
----------------
 Final Energies 
----------------
Final NOF Total Energy =   -5505.7508297
 
Total Orbital Internal Iterations = 10
Total Occupation Internal Iterations = 0
 
Elapsed time:   29.53 Seconds

---------------------------------
   Lowdin Population Analysis    
---------------------------------
 Idx  Atom   Population   Charge 
---------------------------------
  1    Kr    36.000       0.000
  2    Kr    36.000      -0.000

---------------------------------
   M Diagnostic: 0.02
---------------------------------

