Computing Integrals
Basis Set                                            = def2-qzvp
Auxiliary Basis Set                                  = def2-universal-jkfit
Gaussian Type                                        = Spherical
Elapsed time:    4.12 Seconds

Number of basis functions                   (NBF)    = 244
Number of auxiliary basis functions         (NBFAUX) = 316
Inactive Doubly occupied orbitals up to     (NO1)    = 0
No. considered Strongly Doubly occupied MOs (NDOC)   = 16
No. considered Strongly Singly occupied MOs (NSOC)   = 0
NO. of Weakly occ. per St. Doubly occ.  MOs (NCWO)   = 14
Dimension of the Nat. Orb. subspace         (NBF5)   = 240
No. of electrons                                     = 32
    No. of alpha electrons                           = 16
    No. of beta electrons                            = 16
Multiplicity                                         = 1

Geometry
========
 C      -0.3491274       0.2074589       0.0000000
 S      -1.1644281      -1.1841743       0.0000000
 O       0.9784894       0.3424245       0.0000000
 H      -0.8186600       1.1853724       0.0000000
 H       1.3537261      -0.5510815       0.0000000

No violations of the orthonormality
No violations of the orthonormality
 
PNOF8/ADABelief Calculation
==================
 
  Nitext  Nit_orb  Time   Nit_occ  Time         Eelec          Etot           Ediff      maxdiff    MaxGrad_orb  Grad_occ
     1      10    1.2e+01    0    1.2e+01  -606.87701273  -512.48361135 -10605.87701273   0.000942   3.8e-03   2.6e-04 0.04
 
RESULTS OF THE OCCUPATION OPTIMIZATION
========================================
   1    1.9999992  -92.00109613
   2    1.9999902  -20.66492255
   3    1.9999719  -11.37485906
   4    1.9996268  -8.92053584
   5    1.9993075  -6.69367338
   6    1.9992732  -6.65729528
   7    1.9993528  -6.65442738
   8    1.9835985  -1.41528117
   9    1.9802155  -0.95915946
  10    1.9767936  -0.89041912
  11    1.9692731  -0.78283061
  12    1.9665745  -0.77131151
  13    1.9766853  -0.66081813
  14    1.9672851  -0.60351362
  15    1.9572713  -0.41923359
  16    1.9655490  -0.40087055
  17    0.0084167  -0.01337684
  18    0.0399439  -0.04811039
  19    0.0220938  -0.03652370
  20    0.0072725  -0.01484173
  21    0.0281711  -0.04456456
  22    0.0243269  -0.03411007
  23    0.0120456  -0.02005455
  24    0.0076202  -0.02676594
  25    0.0064358  -0.01779049
  26    0.0005374  -0.00890054
  27    0.0006370  -0.01044852
  28    0.0006413  -0.01188598
  29    0.0003414  -0.00657151
  30    0.0000258  -0.00057879
  31    0.0000091  -0.00027684
  32    0.0000007  -0.00001580
  33    0.0079094  -0.01295519
  34    0.0007107  -0.00137287
  35    0.0064871  -0.01268906
  36    0.0050326  -0.01110398
  37    0.0038365  -0.00850338
  38    0.0044685  -0.00878914
  39    0.0036415  -0.01109134
  40    0.0057899  -0.01558277
  41    0.0032770  -0.01013085
  42    0.0000815  -0.00309864
  43    0.0000401  -0.00071036
  44    0.0000119  -0.00019833
  45    0.0000076  -0.00011865
  46    0.0000005  -0.00000563
  47    0.0000002  -0.00001046
  48    0.0000000  -0.00000028
  49    0.0078646  -0.01372535
  50    0.0006090  -0.00116164
  51    0.0022383  -0.00636038
  52    0.0044125  -0.00997656
  53    0.0004937  -0.00142163
  54    0.0005408  -0.00141973
  55    0.0021308  -0.00691363
  56    0.0021798  -0.00917348
  57    0.0030630  -0.00982022
  58    0.0000057  -0.00008837
  59    0.0000181  -0.00088399
  60    0.0000085  -0.00008569
  61    0.0000043  -0.00021376
  62    0.0000005  -0.00000552
  63    0.0000001  -0.00000127
  64    0.0000000  -0.00000022
  65    0.0072433  -0.01536181
  66    0.0005648  -0.00104920
  67    0.0007875  -0.00186751
  68    0.0024456  -0.00807865
  69    0.0003271  -0.00098321
  70    0.0004471  -0.00117901
  71    0.0019587  -0.00609855
  72    0.0021297  -0.00880726
  73    0.0012564  -0.00528854
  74    0.0000048  -0.00009507
  75    0.0000076  -0.00011155
  76    0.0000069  -0.00007094
  77    0.0000035  -0.00021165
  78    0.0000003  -0.00000790
  79    0.0000001  -0.00000128
  80    0.0000000  -0.00000016
  81    0.0017075  -0.00553036
  82    0.0005625  -0.00105380
  83    0.0003187  -0.00085324
  84    0.0016773  -0.00600354
  85    0.0002543  -0.00080099
  86    0.0003499  -0.00103799
  87    0.0015683  -0.00442669
  88    0.0009414  -0.00364124
  89    0.0009753  -0.00463719
  90    0.0000045  -0.00004904
  91    0.0000049  -0.00004992
  92    0.0000069  -0.00007131
  93    0.0000032  -0.00004366
  94    0.0000003  -0.00000359
  95    0.0000001  -0.00000090
  96    0.0000000  -0.00000015
  97    0.0006002  -0.00143458
  98    0.0001437  -0.00037266
  99    0.0002190  -0.00065609
 100    0.0007417  -0.00250484
 101    0.0001063  -0.00034594
 102    0.0002279  -0.00075252
 103    0.0008976  -0.00267129
 104    0.0002863  -0.00119643
 105    0.0005244  -0.00261281
 106    0.0000038  -0.00004652
 107    0.0000030  -0.00008717
 108    0.0000061  -0.00008387
 109    0.0000031  -0.00004257
 110    0.0000002  -0.00000237
 111    0.0000001  -0.00000080
 112    0.0000000  -0.00000014
 113    0.0002077  -0.00062526
 114    0.0000427  -0.00009976
 115    0.0001911  -0.00056203
 116    0.0006219  -0.00313807
 117    0.0000610  -0.00023297
 118    0.0001068  -0.00037880
 119    0.0003239  -0.00106282
 120    0.0002213  -0.00086938
 121    0.0003801  -0.00208619
 122    0.0000023  -0.00003224
 123    0.0000029  -0.00004040
 124    0.0000027  -0.00003195
 125    0.0000028  -0.00003410
 126    0.0000001  -0.00000189
 127    0.0000000  -0.00000068
 128    0.0000000  -0.00000014
 129    0.0002044  -0.00060354
 130    0.0000383  -0.00009758
 131    0.0001430  -0.00045357
 132    0.0002945  -0.00094401
 133    0.0000397  -0.00015240
 134    0.0000699  -0.00027918
 135    0.0003122  -0.00096611
 136    0.0001745  -0.00094090
 137    0.0001603  -0.00075925
 138    0.0000017  -0.00002203
 139    0.0000025  -0.00005956
 140    0.0000026  -0.00003067
 141    0.0000022  -0.00004373
 142    0.0000001  -0.00000174
 143    0.0000000  -0.00000054
 144    0.0000000  -0.00000011
 145    0.0001054  -0.00031683
 146    0.0000350  -0.00009188
 147    0.0000571  -0.00017888
 148    0.0002881  -0.00092030
 149    0.0000364  -0.00013719
 150    0.0000497  -0.00016864
 151    0.0000943  -0.00039002
 152    0.0001501  -0.00096274
 153    0.0001302  -0.00084294
 154    0.0000014  -0.00001503
 155    0.0000024  -0.00004296
 156    0.0000016  -0.00002751
 157    0.0000015  -0.00001601
 158    0.0000001  -0.00000144
 159    0.0000000  -0.00000058
 160    0.0000000  -0.00000009
 161    0.0000801  -0.00022782
 162    0.0000348  -0.00008695
 163    0.0000503  -0.00015686
 164    0.0002549  -0.00086401
 165    0.0000315  -0.00012449
 166    0.0000412  -0.00016245
 167    0.0000896  -0.00034879
 168    0.0001231  -0.00062388
 169    0.0001019  -0.00048595
 170    0.0000011  -0.00001280
 171    0.0000024  -0.00003983
 172    0.0000011  -0.00001133
 173    0.0000012  -0.00001205
 174    0.0000001  -0.00000113
 175    0.0000000  -0.00000056
 176    0.0000000  -0.00000008
 177    0.0000561  -0.00014927
 178    0.0000253  -0.00007250
 179    0.0000416  -0.00013367
 180    0.0001279  -0.00051519
 181    0.0000307  -0.00012183
 182    0.0000282  -0.00012237
 183    0.0000694  -0.00026403
 184    0.0000723  -0.00028467
 185    0.0000374  -0.00016790
 186    0.0000010  -0.00000927
 187    0.0000021  -0.00004079
 188    0.0000009  -0.00000941
 189    0.0000011  -0.00001721
 190    0.0000001  -0.00000094
 191    0.0000000  -0.00000043
 192    0.0000000  -0.00000007
 193    0.0000299  -0.00009456
 194    0.0000076  -0.00004617
 195    0.0000381  -0.00012134
 196    0.0000595  -0.00024794
 197    0.0000209  -0.00010127
 198    0.0000267  -0.00012349
 199    0.0000407  -0.00015953
 200    0.0000522  -0.00019157
 201    0.0000239  -0.00013245
 202    0.0000008  -0.00001708
 203    0.0000016  -0.00003713
 204    0.0000009  -0.00000929
 205    0.0000006  -0.00000554
 206    0.0000001  -0.00000072
 207    0.0000000  -0.00000042
 208    0.0000000  -0.00000008
 209    0.0000179  -0.00007586
 210    0.0000062  -0.00003637
 211    0.0000326  -0.00010915
 212    0.0000439  -0.00016490
 213    0.0000142  -0.00008515
 214    0.0000239  -0.00011699
 215    0.0000282  -0.00014224
 216    0.0000269  -0.00013794
 217    0.0000192  -0.00011313
 218    0.0000008  -0.00000737
 219    0.0000015  -0.00001716
 220    0.0000009  -0.00001445
 221    0.0000005  -0.00000801
 222    0.0000000  -0.00000050
 223    0.0000000  -0.00000029
 224    0.0000000  -0.00000006
 225    0.0000080  -0.00005159
 226    0.0000041  -0.00002648
 227    0.0000168  -0.00007912
 228    0.0000418  -0.00017007
 229    0.0000022  -0.00001866
 230    0.0000194  -0.00009565
 231    0.0000057  -0.00004918
 232    0.0000168  -0.00010256
 233    0.0000167  -0.00010421
 234    0.0000004  -0.00001211
 235    0.0000007  -0.00000627
 236    0.0000003  -0.00001081
 237    0.0000002  -0.00000247
 238    0.0000000  -0.00000045
 239    0.0000000  -0.00000027
 240    0.0000000  -0.00000007
 
----------------
 Final Energies 
----------------
Final NOF Total Energy =    -512.4836113
 
Total Orbital Internal Iterations = 10
Total Occupation Internal Iterations = 0
 
Elapsed time:   31.54 Seconds

---------------------------------
   Lowdin Population Analysis    
---------------------------------
 Idx  Atom   Population   Charge 
---------------------------------
  1     C     6.588      -0.588
  2     S    15.655       0.345
  3     O     7.358       0.642
  4     H     1.104      -0.104
  5     H     1.294      -0.294

---------------------------------
   M Diagnostic: 0.04
---------------------------------

