Computing Integrals
Basis Set                                            = def2-qzvp
Auxiliary Basis Set                                  = def2-universal-jkfit
Gaussian Type                                        = Spherical
Elapsed time:    3.35 Seconds

Number of basis functions                   (NBF)    = 204
Number of auxiliary basis functions         (NBFAUX) = 206
Inactive Doubly occupied orbitals up to     (NO1)    = 0
No. considered Strongly Doubly occupied MOs (NDOC)   = 9
No. considered Strongly Singly occupied MOs (NSOC)   = 0
NO. of Weakly occ. per St. Doubly occ.  MOs (NCWO)   = 21
Dimension of the Nat. Orb. subspace         (NBF5)   = 198
No. of electrons                                     = 18
    No. of alpha electrons                           = 9
    No. of beta electrons                            = 9
Multiplicity                                         = 1

Geometry
========
 F       0.0000000       0.0000000       0.7503860
 C       0.0000000       0.0000000      -0.6293630
 H       0.0000000       1.0269090      -0.9924300
 H       0.8893290      -0.5134540      -0.9924300
 H      -0.8893290      -0.5134540      -0.9924300

No violations of the orthonormality
No violations of the orthonormality
 
PNOF8/ADABelief Calculation
==================
 
  Nitext  Nit_orb  Time   Nit_occ  Time         Eelec          Etot           Ediff      maxdiff    MaxGrad_orb  Grad_occ
     1      10    1.1e+01    0    1.2e+01  -177.06894615  -139.65748910 -10176.06894615   0.001552   6.2e-03   2.2e-04 0.03
     2      30    5.6e+00    0    1.7e-01  -177.06894615  -139.65748910     0.00000000   0.001552   6.2e-03   2.2e-04 0.03
     3      50    8.9e+00    5    4.7e-01  -177.06897373  -139.65751668    -0.00002758   0.001484   5.9e-03   1.4e-04 0.03
     4      50    8.5e+00    0    1.4e-01  -177.06900618  -139.65754913    -0.00003245   0.001460   5.8e-03   2.1e-04 0.03
     5      60    1.0e+01    5    3.8e-01  -177.06904718  -139.65759014    -0.00004101   0.001054   4.2e-03   1.4e-04 0.03
     6      60    1.0e+01    0    1.7e-01  -177.06907539  -139.65761835    -0.00002821   0.001109   4.4e-03   2.1e-04 0.03
     7      70    1.2e+01    5    4.1e-01  -177.06909277  -139.65763572    -0.00001738   0.000976   3.9e-03   1.6e-04 0.03
 
RESULTS OF THE OCCUPATION OPTIMIZATION
========================================
   1    1.9999901  -26.32783040
   2    1.9999708  -11.30691046
   3    1.9858851  -1.59438656
   4    1.9781889  -0.94420318
   5    1.9649402  -0.76833224
   6    1.9769667  -0.72405532
   7    1.9771514  -0.72204136
   8    1.9697628  -0.59992883
   9    1.9695733  -0.59864235
  10    0.0203861  -0.02257038
  11    0.0199460  -0.02231810
  12    0.0110570  -0.02017265
  13    0.0113125  -0.02045768
  14    0.0340072  -0.05203068
  15    0.0137390  -0.01963598
  16    0.0076936  -0.02288850
  17    0.0000231  -0.00055788
  18    0.0000093  -0.00041757
  19    0.0054238  -0.00716551
  20    0.0054255  -0.00721748
  21    0.0045818  -0.00994157
  22    0.0046231  -0.00995909
  23    0.0004204  -0.00127140
  24    0.0034081  -0.00718022
  25    0.0034521  -0.00996639
  26    0.0000018  -0.00001275
  27    0.0000004  -0.00004958
  28    0.0022198  -0.00395709
  29    0.0021907  -0.00396965
  30    0.0044656  -0.00983859
  31    0.0045500  -0.00994146
  32    0.0002479  -0.00088862
  33    0.0019499  -0.00505099
  34    0.0011173  -0.00547323
  35    0.0000017  -0.00004546
  36    0.0000000  -0.00000045
  37    0.0011936  -0.00226298
  38    0.0011703  -0.00222420
  39    0.0009071  -0.00445178
  40    0.0006845  -0.00377651
  41    0.0002261  -0.00086460
  42    0.0011451  -0.00290431
  43    0.0006591  -0.00261882
  44    0.0000013  -0.00000816
  45    0.0000000  -0.00000042
  46    0.0003103  -0.00070114
  47    0.0005709  -0.00117007
  48    0.0007527  -0.00276135
  49    0.0005426  -0.00168970
  50    0.0001240  -0.00043801
  51    0.0005305  -0.00122580
  52    0.0003479  -0.00176482
  53    0.0000009  -0.00003501
  54    0.0000000  -0.00000033
  55    0.0002075  -0.00049864
  56    0.0002863  -0.00066644
  57    0.0003132  -0.00109336
  58    0.0004393  -0.00176946
  59    0.0000066  -0.00002914
  60    0.0002766  -0.00073266
  61    0.0002899  -0.00120434
  62    0.0000001  -0.00000158
  63    0.0000000  -0.00000028
  64    0.0001627  -0.00045072
  65    0.0002075  -0.00056370
  66    0.0003068  -0.00109740
  67    0.0003127  -0.00110294
  68    0.0000057  -0.00002857
  69    0.0002551  -0.00085726
  70    0.0002540  -0.00108083
  71    0.0000001  -0.00000119
  72    0.0000000  -0.00000029
  73    0.0001017  -0.00025148
  74    0.0001053  -0.00026741
  75    0.0002107  -0.00081338
  76    0.0002810  -0.00100747
  77    0.0000044  -0.00001383
  78    0.0001631  -0.00097071
  79    0.0001060  -0.00169058
  80    0.0000000  -0.00000096
  81    0.0000000  -0.00000028
  82    0.0000963  -0.00027208
  83    0.0000838  -0.00024046
  84    0.0000448  -0.00019518
  85    0.0000489  -0.00017524
  86    0.0000038  -0.00001066
  87    0.0000925  -0.00029932
  88    0.0000676  -0.00035730
  89    0.0000000  -0.00000059
  90    0.0000000  -0.00000017
  91    0.0000770  -0.00024119
  92    0.0000696  -0.00019592
  93    0.0000325  -0.00012355
  94    0.0000436  -0.00014903
  95    0.0000032  -0.00000863
  96    0.0000681  -0.00022501
  97    0.0000223  -0.00013138
  98    0.0000000  -0.00000059
  99    0.0000000  -0.00000016
 100    0.0000679  -0.00020565
 101    0.0000492  -0.00014106
 102    0.0000274  -0.00012129
 103    0.0000300  -0.00011392
 104    0.0000019  -0.00000627
 105    0.0000492  -0.00017258
 106    0.0000170  -0.00011786
 107    0.0000000  -0.00000055
 108    0.0000000  -0.00000017
 109    0.0000526  -0.00016086
 110    0.0000378  -0.00011867
 111    0.0000249  -0.00012556
 112    0.0000282  -0.00011773
 113    0.0000016  -0.00000667
 114    0.0000408  -0.00015012
 115    0.0000166  -0.00011117
 116    0.0000000  -0.00000042
 117    0.0000000  -0.00000016
 118    0.0000376  -0.00010896
 119    0.0000276  -0.00009056
 120    0.0000211  -0.00010831
 121    0.0000265  -0.00013958
 122    0.0000014  -0.00000547
 123    0.0000197  -0.00013750
 124    0.0000158  -0.00011602
 125    0.0000000  -0.00000041
 126    0.0000000  -0.00000008
 127    0.0000269  -0.00011054
 128    0.0000183  -0.00008628
 129    0.0000201  -0.00011217
 130    0.0000214  -0.00011767
 131    0.0000011  -0.00000455
 132    0.0000193  -0.00013744
 133    0.0000152  -0.00011104
 134    0.0000000  -0.00000038
 135    0.0000000  -0.00000008
 136    0.0000155  -0.00008782
 137    0.0000113  -0.00004806
 138    0.0000185  -0.00009729
 139    0.0000184  -0.00010070
 140    0.0000008  -0.00000430
 141    0.0000156  -0.00010793
 142    0.0000099  -0.00006059
 143    0.0000000  -0.00000036
 144    0.0000000  -0.00000009
 145    0.0000143  -0.00007169
 146    0.0000097  -0.00003846
 147    0.0000170  -0.00009840
 148    0.0000181  -0.00009787
 149    0.0000008  -0.00000347
 150    0.0000104  -0.00006217
 151    0.0000097  -0.00006439
 152    0.0000000  -0.00000031
 153    0.0000000  -0.00000008
 154    0.0000093  -0.00003998
 155    0.0000079  -0.00003266
 156    0.0000168  -0.00009756
 157    0.0000169  -0.00010169
 158    0.0000006  -0.00000315
 159    0.0000077  -0.00003963
 160    0.0000083  -0.00004964
 161    0.0000000  -0.00000031
 162    0.0000000  -0.00000007
 163    0.0000088  -0.00003103
 164    0.0000065  -0.00002691
 165    0.0000105  -0.00004639
 166    0.0000144  -0.00010008
 167    0.0000006  -0.00000283
 168    0.0000071  -0.00003874
 169    0.0000048  -0.00004143
 170    0.0000000  -0.00000026
 171    0.0000000  -0.00000009
 172    0.0000059  -0.00002425
 173    0.0000049  -0.00001926
 174    0.0000079  -0.00004240
 175    0.0000087  -0.00004207
 176    0.0000005  -0.00000279
 177    0.0000053  -0.00002965
 178    0.0000028  -0.00001258
 179    0.0000000  -0.00000031
 180    0.0000000  -0.00000008
 181    0.0000055  -0.00001571
 182    0.0000041  -0.00000931
 183    0.0000077  -0.00003628
 184    0.0000074  -0.00004080
 185    0.0000005  -0.00000229
 186    0.0000042  -0.00002024
 187    0.0000028  -0.00001252
 188    0.0000000  -0.00000020
 189    0.0000000  -0.00000008
 190    0.0000035  -0.00000808
 191    0.0000039  -0.00001086
 192    0.0000045  -0.00002472
 193    0.0000052  -0.00002802
 194    0.0000005  -0.00000224
 195    0.0000038  -0.00001939
 196    0.0000024  -0.00001045
 197    0.0000000  -0.00000020
 198    0.0000000  -0.00000007
 
----------------
 Final Energies 
----------------
Final NOF Total Energy =    -139.6576357
 
Total Orbital Internal Iterations = 330
Total Occupation Internal Iterations = 15
 
Elapsed time:   89.31 Seconds

---------------------------------
   Lowdin Population Analysis    
---------------------------------
 Idx  Atom   Population   Charge 
---------------------------------
  1     F     8.728       0.272
  2     C     6.029      -0.029
  3     H     1.082      -0.082
  4     H     1.079      -0.079
  5     H     1.082      -0.082

---------------------------------
   M Diagnostic: 0.03
---------------------------------

