Computing Integrals
Basis Set                                            = def2-qzvp
Auxiliary Basis Set                                  = def2-universal-jkfit
Gaussian Type                                        = Spherical
Elapsed time:    1.55 Seconds

Number of basis functions                   (NBF)    = 57
Number of auxiliary basis functions         (NBFAUX) = 77
Inactive Doubly occupied orbitals up to     (NO1)    = 0
No. considered Strongly Doubly occupied MOs (NDOC)   = 4
No. considered Strongly Singly occupied MOs (NSOC)   = 1
NO. of Weakly occ. per St. Doubly occ.  MOs (NCWO)   = 13
Dimension of the Nat. Orb. subspace         (NBF5)   = 57
No. of electrons                                     = 9
    No. of alpha electrons                           = 5
    No. of beta electrons                            = 4
Multiplicity                                         = 2

Geometry
========
 F       0.0000000       0.0000000       0.0000000

No violations of the orthonormality
No violations of the orthonormality
 
PNOF8/ADABelief Calculation
==================
 
  Nitext  Nit_orb  Time   Nit_occ  Time         Eelec          Etot           Ediff      maxdiff    MaxGrad_orb  Grad_occ
     1      10    9.1e+00    0    1.2e+01   -99.67155687   -99.67155687 -10098.67155687   0.000490   2.0e-03   1.5e-04 0.02
 
RESULTS OF THE OCCUPATION OPTIMIZATION
========================================
   1    1.9999552  -26.43202574
   2    1.9835282  -1.61828228
   3    1.9768531  -0.75658275
   4    1.9771414  -0.75636582
   5    1.0000000  -0.44799547
   6    0.0117194  -0.02046634
   7    0.0127068  -0.02097639
   8    0.0088661  -0.02394721
   9    0.0000313  -0.00145076
  10    0.0048628  -0.01021228
  11    0.0051413  -0.01028742
  12    0.0028220  -0.00720905
  13    0.0000031  -0.00008064
  14    0.0047316  -0.01061155
  15    0.0034939  -0.00740815
  16    0.0024386  -0.00625895
  17    0.0000016  -0.00005227
  18    0.0006111  -0.00565235
  19    0.0008307  -0.00281512
  20    0.0007931  -0.00296628
  21    0.0000013  -0.00004732
  22    0.0002441  -0.00089447
  23    0.0003181  -0.00112534
  24    0.0004276  -0.00172702
  25    0.0000013  -0.00004683
  26    0.0002188  -0.00081983
  27    0.0002351  -0.00080845
  28    0.0002884  -0.00127668
  29    0.0000011  -0.00005546
  30    0.0001956  -0.00074314
  31    0.0002001  -0.00072790
  32    0.0002815  -0.00114565
  33    0.0000010  -0.00003920
  34    0.0001849  -0.00069828
  35    0.0001406  -0.00059253
  36    0.0002722  -0.00111386
  37    0.0000009  -0.00004051
  38    0.0000307  -0.00008140
  39    0.0000184  -0.00012950
  40    0.0002130  -0.00084497
  41    0.0000009  -0.00003518
  42    0.0000185  -0.00015462
  43    0.0000178  -0.00012803
  44    0.0000203  -0.00015024
  45    0.0000008  -0.00003757
  46    0.0000154  -0.00010880
  47    0.0000154  -0.00010681
  48    0.0000177  -0.00012734
  49    0.0000007  -0.00001182
  50    0.0000133  -0.00010230
  51    0.0000142  -0.00009601
  52    0.0000170  -0.00012374
  53    0.0000006  -0.00000617
  54    0.0000123  -0.00009558
  55    0.0000142  -0.00009051
  56    0.0000142  -0.00010277
  57    0.0000002  -0.00003149
 
----------------
 Final Energies 
----------------
Final NOF Total Energy =     -99.6715569
 
Total Orbital Internal Iterations = 10
Total Occupation Internal Iterations = 0
 
Elapsed time:   27.25 Seconds

---------------------------------
   Lowdin Population Analysis    
---------------------------------
 Idx  Atom   Population   Charge 
---------------------------------
  1     F     9.000       0.000

---------------------------------
   M Diagnostic: 0.02
---------------------------------

