Computing Integrals
Basis Set                                            = def2-qzvp
Auxiliary Basis Set                                  = def2-universal-jkfit
Gaussian Type                                        = Spherical
Elapsed time:    1.65 Seconds

Number of basis functions                   (NBF)    = 87
Number of auxiliary basis functions         (NBFAUX) = 95
Inactive Doubly occupied orbitals up to     (NO1)    = 0
No. considered Strongly Doubly occupied MOs (NDOC)   = 5
No. considered Strongly Singly occupied MOs (NSOC)   = 0
NO. of Weakly occ. per St. Doubly occ.  MOs (NCWO)   = 16
Dimension of the Nat. Orb. subspace         (NBF5)   = 85
No. of electrons                                     = 10
    No. of alpha electrons                           = 5
    No. of beta electrons                            = 5
Multiplicity                                         = 1

Geometry
========
 O       0.0000000       0.0000000      -0.4822198
 H       0.0000000       0.0000000       0.4822198

No violations of the orthonormality
No violations of the orthonormality
 
PNOF8/ADABelief Calculation
==================
 
  Nitext  Nit_orb  Time   Nit_occ  Time         Eelec          Etot           Ediff      maxdiff    MaxGrad_orb  Grad_occ
     1      10    9.2e+00    0    1.2e+01   -80.10989573   -75.72039430 -10079.10989573   0.000951   3.8e-03   1.4e-04 0.03
 
RESULTS OF THE OCCUPATION OPTIMIZATION
========================================
   1    1.9999577  -20.19572318
   2    1.9839519  -0.89052464
   3    1.9642491  -0.32433707
   4    1.9720232  -0.14523603
   5    1.9717435  -0.14466021
   6    0.0192350  -0.02004866
   7    0.0190292  -0.02000856
   8    0.0258570  -0.02931328
   9    0.0096030  -0.02010121
  10    0.0000363  -0.00141125
  11    0.0050451  -0.00759142
  12    0.0053398  -0.00764766
  13    0.0046924  -0.00722877
  14    0.0039032  -0.00770986
  15    0.0000033  -0.00009584
  16    0.0016732  -0.00389061
  17    0.0012818  -0.00319988
  18    0.0041397  -0.00681693
  19    0.0007543  -0.00512974
  20    0.0000016  -0.00002349
  21    0.0009055  -0.00221087
  22    0.0008261  -0.00242452
  23    0.0007700  -0.00189578
  24    0.0005596  -0.00153783
  25    0.0000003  -0.00002487
  26    0.0003735  -0.00091210
  27    0.0003613  -0.00090333
  28    0.0000925  -0.00021787
  29    0.0003432  -0.00108516
  30    0.0000001  -0.00001064
  31    0.0003420  -0.00085593
  32    0.0003519  -0.00087702
  33    0.0000430  -0.00013442
  34    0.0003177  -0.00095580
  35    0.0000001  -0.00000237
  36    0.0003227  -0.00081516
  37    0.0003421  -0.00087184
  38    0.0000416  -0.00013930
  39    0.0003090  -0.00094265
  40    0.0000001  -0.00000220
  41    0.0001424  -0.00037396
  42    0.0002258  -0.00075557
  43    0.0000333  -0.00013796
  44    0.0001001  -0.00035151
  45    0.0000001  -0.00000122
  46    0.0001002  -0.00029318
  47    0.0001149  -0.00027268
  48    0.0000261  -0.00013445
  49    0.0000492  -0.00022060
  50    0.0000001  -0.00000107
  51    0.0000231  -0.00008274
  52    0.0000202  -0.00009782
  53    0.0000210  -0.00010857
  54    0.0000221  -0.00012756
  55    0.0000001  -0.00000101
  56    0.0000203  -0.00009662
  57    0.0000188  -0.00009794
  58    0.0000112  -0.00006473
  59    0.0000187  -0.00010633
  60    0.0000001  -0.00000088
  61    0.0000176  -0.00008795
  62    0.0000177  -0.00009128
  63    0.0000086  -0.00001988
  64    0.0000173  -0.00010606
  65    0.0000001  -0.00000097
  66    0.0000174  -0.00009003
  67    0.0000145  -0.00007321
  68    0.0000045  -0.00001259
  69    0.0000170  -0.00010095
  70    0.0000001  -0.00000072
  71    0.0000161  -0.00008875
  72    0.0000135  -0.00006122
  73    0.0000038  -0.00001859
  74    0.0000158  -0.00009875
  75    0.0000000  -0.00000075
  76    0.0000123  -0.00006462
  77    0.0000111  -0.00006053
  78    0.0000032  -0.00000890
  79    0.0000117  -0.00007285
  80    0.0000000  -0.00000071
  81    0.0000099  -0.00004499
  82    0.0000081  -0.00004058
  83    0.0000029  -0.00000710
  84    0.0000062  -0.00003020
  85    0.0000000  -0.00000070
 
----------------
 Final Energies 
----------------
Final NOF Total Energy =     -75.7203943
 
Total Orbital Internal Iterations = 10
Total Occupation Internal Iterations = 0
 
Elapsed time:   27.13 Seconds

---------------------------------
   Lowdin Population Analysis    
---------------------------------
 Idx  Atom   Population   Charge 
---------------------------------
  1     O     8.380      -0.380
  2     H     1.620      -0.620

---------------------------------
   M Diagnostic: 0.03
---------------------------------

