Computing Integrals
Basis Set                                            = def2-qzvp
Auxiliary Basis Set                                  = def2-universal-jkfit
Gaussian Type                                        = Spherical
Elapsed time:    2.60 Seconds

Number of basis functions                   (NBF)    = 204
Number of auxiliary basis functions         (NBFAUX) = 206
Inactive Doubly occupied orbitals up to     (NO1)    = 0
No. considered Strongly Doubly occupied MOs (NDOC)   = 9
No. considered Strongly Singly occupied MOs (NSOC)   = 0
NO. of Weakly occ. per St. Doubly occ.  MOs (NCWO)   = 21
Dimension of the Nat. Orb. subspace         (NBF5)   = 198
No. of electrons                                     = 18
    No. of alpha electrons                           = 9
    No. of beta electrons                            = 9
Multiplicity                                         = 1

Geometry
========
 C       0.0000000       0.0000000       0.0655664
 F       0.0000000       0.0000000      -1.3156286
 H       0.5149163      -0.8918613       0.4166874
 H       0.5149163       0.8918613       0.4166874
 H      -1.0298327       0.0000000       0.4166874

No violations of the orthonormality
No violations of the orthonormality
 
PNOF8/ADABelief Calculation
==================
 
  Nitext  Nit_orb  Time   Nit_occ  Time         Eelec          Etot           Ediff      maxdiff    MaxGrad_orb  Grad_occ
     1      10    1.1e+01    0    1.2e+01  -177.10514952  -139.68216455 -10176.10514952   0.000857   3.4e-03   2.4e-04 0.04
 
RESULTS OF THE OCCUPATION OPTIMIZATION
========================================
   1    1.9999860  -26.32683086
   2    1.9999189  -11.30589595
   3    1.9848618  -1.60197722
   4    1.9769992  -0.96898323
   5    1.9629549  -0.75940017
   6    1.9762711  -0.73899425
   7    1.9762029  -0.73698153
   8    1.9688516  -0.57969932
   9    1.9686587  -0.57862832
  10    0.0206627  -0.02331729
  11    0.0203017  -0.02337249
  12    0.0112024  -0.01970715
  13    0.0108362  -0.01935593
  14    0.0361158  -0.05425832
  15    0.0142665  -0.02120348
  16    0.0083331  -0.02373483
  17    0.0000669  -0.00137289
  18    0.0000126  -0.00050050
  19    0.0055070  -0.00751552
  20    0.0056924  -0.00764180
  21    0.0049779  -0.01029766
  22    0.0049310  -0.01025135
  23    0.0003296  -0.00104214
  24    0.0035826  -0.00789763
  25    0.0037884  -0.01054351
  26    0.0000048  -0.00012492
  27    0.0000007  -0.00003005
  28    0.0022897  -0.00433271
  29    0.0022820  -0.00440768
  30    0.0047760  -0.01017967
  31    0.0048285  -0.01012957
  32    0.0002600  -0.00090932
  33    0.0020639  -0.00513271
  34    0.0011839  -0.00572649
  35    0.0000037  -0.00002911
  36    0.0000004  -0.00005312
  37    0.0012348  -0.00236282
  38    0.0012462  -0.00227647
  39    0.0008044  -0.00295771
  40    0.0009773  -0.00487702
  41    0.0002468  -0.00087777
  42    0.0012083  -0.00305754
  43    0.0006197  -0.00275111
  44    0.0000036  -0.00001979
  45    0.0000000  -0.00000093
  46    0.0006338  -0.00132256
  47    0.0004788  -0.00121442
  48    0.0006612  -0.00278804
  49    0.0008098  -0.00269993
  50    0.0000259  -0.00011578
  51    0.0005996  -0.00183884
  52    0.0003419  -0.00135615
  53    0.0000013  -0.00003353
  54    0.0000000  -0.00000087
  55    0.0002973  -0.00081318
  56    0.0003252  -0.00084185
  57    0.0004772  -0.00178794
  58    0.0006013  -0.00174667
  59    0.0000174  -0.00009328
  60    0.0003094  -0.00091398
  61    0.0002900  -0.00118706
  62    0.0000002  -0.00000416
  63    0.0000000  -0.00000054
  64    0.0002412  -0.00062524
  65    0.0002301  -0.00067943
  66    0.0003386  -0.00118852
  67    0.0003343  -0.00113351
  68    0.0000134  -0.00005144
  69    0.0002973  -0.00113004
  70    0.0002730  -0.00109855
  71    0.0000002  -0.00000236
  72    0.0000000  -0.00000037
  73    0.0001095  -0.00029626
  74    0.0001849  -0.00050979
  75    0.0002082  -0.00078969
  76    0.0001206  -0.00042213
  77    0.0000082  -0.00003042
  78    0.0002164  -0.00072467
  79    0.0001083  -0.00154691
  80    0.0000001  -0.00000167
  81    0.0000000  -0.00000020
  82    0.0000917  -0.00025677
  83    0.0001139  -0.00032375
  84    0.0000958  -0.00029393
  85    0.0000551  -0.00021551
  86    0.0000077  -0.00003257
  87    0.0001179  -0.00042442
  88    0.0000429  -0.00018582
  89    0.0000001  -0.00000105
  90    0.0000000  -0.00000020
  91    0.0000675  -0.00021580
  92    0.0000742  -0.00022820
  93    0.0000706  -0.00025049
  94    0.0000527  -0.00020744
  95    0.0000054  -0.00001208
  96    0.0000942  -0.00031949
  97    0.0000270  -0.00018921
  98    0.0000000  -0.00000075
  99    0.0000000  -0.00000020
 100    0.0000494  -0.00016050
 101    0.0000571  -0.00016294
 102    0.0000384  -0.00016635
 103    0.0000340  -0.00013571
 104    0.0000024  -0.00000686
 105    0.0000677  -0.00021076
 106    0.0000210  -0.00014527
 107    0.0000000  -0.00000059
 108    0.0000000  -0.00000020
 109    0.0000473  -0.00012863
 110    0.0000344  -0.00011397
 111    0.0000287  -0.00013269
 112    0.0000290  -0.00013856
 113    0.0000020  -0.00000708
 114    0.0000486  -0.00019260
 115    0.0000194  -0.00013066
 116    0.0000000  -0.00000056
 117    0.0000000  -0.00000019
 118    0.0000306  -0.00012379
 119    0.0000298  -0.00012581
 120    0.0000260  -0.00014050
 121    0.0000246  -0.00011755
 122    0.0000019  -0.00000649
 123    0.0000349  -0.00014953
 124    0.0000186  -0.00012438
 125    0.0000000  -0.00000051
 126    0.0000000  -0.00000018
 127    0.0000174  -0.00010540
 128    0.0000200  -0.00010251
 129    0.0000214  -0.00010201
 130    0.0000218  -0.00011791
 131    0.0000015  -0.00000673
 132    0.0000214  -0.00016518
 133    0.0000172  -0.00011678
 134    0.0000000  -0.00000051
 135    0.0000000  -0.00000015
 136    0.0000132  -0.00007266
 137    0.0000180  -0.00010743
 138    0.0000185  -0.00010952
 139    0.0000197  -0.00011448
 140    0.0000013  -0.00000500
 141    0.0000186  -0.00012481
 142    0.0000122  -0.00007476
 143    0.0000000  -0.00000044
 144    0.0000000  -0.00000013
 145    0.0000114  -0.00005893
 146    0.0000160  -0.00010557
 147    0.0000142  -0.00006940
 148    0.0000162  -0.00011187
 149    0.0000012  -0.00000496
 150    0.0000149  -0.00012147
 151    0.0000105  -0.00005810
 152    0.0000000  -0.00000046
 153    0.0000000  -0.00000012
 154    0.0000094  -0.00004410
 155    0.0000139  -0.00007349
 156    0.0000112  -0.00004933
 157    0.0000144  -0.00009061
 158    0.0000011  -0.00000419
 159    0.0000109  -0.00006270
 160    0.0000092  -0.00004975
 161    0.0000000  -0.00000044
 162    0.0000000  -0.00000013
 163    0.0000087  -0.00003094
 164    0.0000110  -0.00005133
 165    0.0000083  -0.00003812
 166    0.0000088  -0.00004714
 167    0.0000010  -0.00000349
 168    0.0000094  -0.00004932
 169    0.0000084  -0.00004813
 170    0.0000000  -0.00000039
 171    0.0000000  -0.00000013
 172    0.0000077  -0.00003227
 173    0.0000080  -0.00003447
 174    0.0000066  -0.00003356
 175    0.0000052  -0.00001700
 176    0.0000009  -0.00000310
 177    0.0000066  -0.00002851
 178    0.0000059  -0.00003234
 179    0.0000000  -0.00000042
 180    0.0000000  -0.00000010
 181    0.0000059  -0.00001002
 182    0.0000059  -0.00001432
 183    0.0000057  -0.00002127
 184    0.0000049  -0.00001412
 185    0.0000008  -0.00000336
 186    0.0000062  -0.00002573
 187    0.0000044  -0.00001628
 188    0.0000000  -0.00000046
 189    0.0000000  -0.00000011
 190    0.0000051  -0.00000683
 191    0.0000049  -0.00000889
 192    0.0000056  -0.00002064
 193    0.0000036  -0.00001287
 194    0.0000006  -0.00000275
 195    0.0000054  -0.00001927
 196    0.0000030  -0.00001215
 197    0.0000000  -0.00000040
 198    0.0000000  -0.00000010
 
----------------
 Final Energies 
----------------
Final NOF Total Energy =    -139.6821646
 
Total Orbital Internal Iterations = 10
Total Occupation Internal Iterations = 0
 
Elapsed time:   29.41 Seconds

---------------------------------
   Lowdin Population Analysis    
---------------------------------
 Idx  Atom   Population   Charge 
---------------------------------
  1     C     6.027      -0.027
  2     F     8.727       0.273
  3     H     1.083      -0.083
  4     H     1.083      -0.083
  5     H     1.080      -0.080

---------------------------------
   M Diagnostic: 0.04
---------------------------------

