Computing Integrals
Basis Set                                            = def2-qzvp
Auxiliary Basis Set                                  = def2-universal-jkfit
Gaussian Type                                        = Spherical
Elapsed time:    1.88 Seconds

Number of basis functions                   (NBF)    = 174
Number of auxiliary basis functions         (NBFAUX) = 190
Inactive Doubly occupied orbitals up to     (NO1)    = 0
No. considered Strongly Doubly occupied MOs (NDOC)   = 9
No. considered Strongly Singly occupied MOs (NSOC)   = 0
NO. of Weakly occ. per St. Doubly occ.  MOs (NCWO)   = 18
Dimension of the Nat. Orb. subspace         (NBF5)   = 171
No. of electrons                                     = 18
    No. of alpha electrons                           = 9
    No. of beta electrons                            = 9
Multiplicity                                         = 1

Geometry
========
 O       0.0402907      -0.7150390      -0.2337508
 O      -0.0402907       0.7150390      -0.2337508
 H      -0.7702468      -0.9380581       0.2337569
 H       0.7702468       0.9380581       0.2337569

No violations of the orthonormality
No violations of the orthonormality
 
PNOF8/ADABelief Calculation
==================
 
  Nitext  Nit_orb  Time   Nit_occ  Time         Eelec          Etot           Ediff      maxdiff    MaxGrad_orb  Grad_occ
     1      10    1.1e+01    0    1.2e+01  -188.68570579  -151.48502365 -10187.68570579   0.000711   2.8e-03   2.1e-04 0.05
 
RESULTS OF THE OCCUPATION OPTIMIZATION
========================================
   1    1.9999803  -20.65298137
   2    1.9999824  -20.65286333
   3    1.9843166  -1.48228667
   4    1.9814805  -1.20555430
   5    1.9671625  -0.70469969
   6    1.9673028  -0.70458822
   7    1.9518769  -0.68526054
   8    1.9750305  -0.65645427
   9    1.9739469  -0.61369046
  10    0.0119185  -0.01920432
  11    0.0126032  -0.02005079
  12    0.0480793  -0.07281614
  13    0.0255335  -0.03409760
  14    0.0255583  -0.03416265
  15    0.0068974  -0.01658500
  16    0.0076479  -0.02021943
  17    0.0000137  -0.00045937
  18    0.0000151  -0.00053173
  19    0.0057700  -0.01067796
  20    0.0057462  -0.01032051
  21    0.0000082  -0.00003932
  22    0.0043542  -0.00810085
  23    0.0043752  -0.00821393
  24    0.0043325  -0.00938038
  25    0.0035055  -0.00898113
  26    0.0000018  -0.00002511
  27    0.0000026  -0.00003696
  28    0.0048925  -0.00920144
  29    0.0031901  -0.00680388
  30    0.0000060  -0.00003693
  31    0.0018543  -0.00467315
  32    0.0018686  -0.00467418
  33    0.0037450  -0.00843498
  34    0.0012827  -0.00502743
  35    0.0000012  -0.00001613
  36    0.0000013  -0.00001892
  37    0.0014254  -0.00432332
  38    0.0007996  -0.00296621
  39    0.0000054  -0.00003527
  40    0.0004325  -0.00122110
  41    0.0004739  -0.00129161
  42    0.0008814  -0.00444733
  43    0.0008303  -0.00305375
  44    0.0000005  -0.00004561
  45    0.0000004  -0.00004452
  46    0.0006038  -0.00185937
  47    0.0006330  -0.00211544
  48    0.0000036  -0.00002666
  49    0.0001176  -0.00050707
  50    0.0002145  -0.00076282
  51    0.0007585  -0.00295572
  52    0.0005833  -0.00275599
  53    0.0000001  -0.00000412
  54    0.0000001  -0.00000179
  55    0.0003446  -0.00100885
  56    0.0005687  -0.00159630
  57    0.0000029  -0.00002313
  58    0.0000836  -0.00032380
  59    0.0000887  -0.00036885
  60    0.0005724  -0.00244219
  61    0.0004831  -0.00171135
  62    0.0000001  -0.00000145
  63    0.0000001  -0.00000152
  64    0.0003123  -0.00094233
  65    0.0003489  -0.00099606
  66    0.0000026  -0.00001680
  67    0.0000773  -0.00033801
  68    0.0000687  -0.00021262
  69    0.0003463  -0.00117206
  70    0.0003644  -0.00131254
  71    0.0000000  -0.00000105
  72    0.0000000  -0.00000097
  73    0.0002977  -0.00092230
  74    0.0003120  -0.00093971
  75    0.0000023  -0.00001211
  76    0.0000576  -0.00020370
  77    0.0000395  -0.00016627
  78    0.0003071  -0.00116957
  79    0.0002958  -0.00111995
  80    0.0000000  -0.00000084
  81    0.0000000  -0.00000081
  82    0.0001953  -0.00074274
  83    0.0002119  -0.00071300
  84    0.0000022  -0.00001260
  85    0.0000400  -0.00017469
  86    0.0000352  -0.00015826
  87    0.0002378  -0.00085237
  88    0.0002689  -0.00107246
  89    0.0000000  -0.00000067
  90    0.0000000  -0.00000077
  91    0.0001017  -0.00044777
  92    0.0001875  -0.00073931
  93    0.0000019  -0.00001063
  94    0.0000353  -0.00015314
  95    0.0000247  -0.00013534
  96    0.0001817  -0.00111115
  97    0.0002065  -0.00101174
  98    0.0000000  -0.00000063
  99    0.0000000  -0.00000069
 100    0.0000431  -0.00017913
 101    0.0001093  -0.00059178
 102    0.0000017  -0.00000896
 103    0.0000266  -0.00013150
 104    0.0000194  -0.00010646
 105    0.0001073  -0.00064945
 106    0.0000761  -0.00082317
 107    0.0000000  -0.00000061
 108    0.0000000  -0.00000062
 109    0.0000341  -0.00015578
 110    0.0000829  -0.00035737
 111    0.0000015  -0.00000724
 112    0.0000193  -0.00010721
 113    0.0000182  -0.00009878
 114    0.0000428  -0.00019505
 115    0.0000284  -0.00016734
 116    0.0000000  -0.00000053
 117    0.0000000  -0.00000057
 118    0.0000259  -0.00014525
 119    0.0000465  -0.00022019
 120    0.0000013  -0.00000640
 121    0.0000150  -0.00008533
 122    0.0000113  -0.00007176
 123    0.0000268  -0.00014614
 124    0.0000230  -0.00013513
 125    0.0000000  -0.00000052
 126    0.0000000  -0.00000055
 127    0.0000223  -0.00011943
 128    0.0000363  -0.00017146
 129    0.0000011  -0.00000575
 130    0.0000139  -0.00007170
 131    0.0000101  -0.00005960
 132    0.0000211  -0.00012573
 133    0.0000214  -0.00012901
 134    0.0000000  -0.00000039
 135    0.0000000  -0.00000043
 136    0.0000189  -0.00010578
 137    0.0000264  -0.00013545
 138    0.0000011  -0.00000534
 139    0.0000106  -0.00006896
 140    0.0000092  -0.00005425
 141    0.0000188  -0.00011029
 142    0.0000186  -0.00010825
 143    0.0000000  -0.00000041
 144    0.0000000  -0.00000042
 145    0.0000179  -0.00009934
 146    0.0000263  -0.00013845
 147    0.0000009  -0.00000487
 148    0.0000096  -0.00004986
 149    0.0000089  -0.00004527
 150    0.0000165  -0.00009898
 151    0.0000184  -0.00010819
 152    0.0000000  -0.00000037
 153    0.0000000  -0.00000035
 154    0.0000152  -0.00007833
 155    0.0000214  -0.00012087
 156    0.0000006  -0.00000393
 157    0.0000090  -0.00004743
 158    0.0000074  -0.00004214
 159    0.0000145  -0.00007827
 160    0.0000155  -0.00009013
 161    0.0000000  -0.00000028
 162    0.0000000  -0.00000037
 163    0.0000139  -0.00007375
 164    0.0000193  -0.00010654
 165    0.0000006  -0.00000378
 166    0.0000073  -0.00004174
 167    0.0000058  -0.00004338
 168    0.0000117  -0.00006604
 169    0.0000135  -0.00007992
 170    0.0000000  -0.00000025
 171    0.0000000  -0.00000016
 
----------------
 Final Energies 
----------------
Final NOF Total Energy =    -151.4850237
 
Total Orbital Internal Iterations = 10
Total Occupation Internal Iterations = 0
 
Elapsed time:   28.90 Seconds

---------------------------------
   Lowdin Population Analysis    
---------------------------------
 Idx  Atom   Population   Charge 
---------------------------------
  1     O     7.619       0.381
  2     O     7.620       0.380
  3     H     1.381      -0.381
  4     H     1.381      -0.381

---------------------------------
   M Diagnostic: 0.05
---------------------------------

