Computing Integrals
Basis Set                                            = def2-qzvp
Auxiliary Basis Set                                  = def2-universal-jkfit
Gaussian Type                                        = Spherical
Elapsed time:    1.67 Seconds

Number of basis functions                   (NBF)    = 130
Number of auxiliary basis functions         (NBFAUX) = 164
Inactive Doubly occupied orbitals up to     (NO1)    = 0
No. considered Strongly Doubly occupied MOs (NDOC)   = 9
No. considered Strongly Singly occupied MOs (NSOC)   = 0
NO. of Weakly occ. per St. Doubly occ.  MOs (NCWO)   = 13
Dimension of the Nat. Orb. subspace         (NBF5)   = 126
No. of electrons                                     = 18
    No. of alpha electrons                           = 9
    No. of beta electrons                            = 9
Multiplicity                                         = 1

Geometry
========
 S       0.0000000       0.0000000      -0.6214606
 H       0.9696567       0.0000000       0.3107303
 H      -0.9696567       0.0000000       0.3107303

No violations of the orthonormality
No violations of the orthonormality
 
PNOF8/ADABelief Calculation
==================
 
  Nitext  Nit_orb  Time   Nit_occ  Time         Eelec          Etot           Ediff      maxdiff    MaxGrad_orb  Grad_occ
     1      10    9.9e+00    0    1.2e+01  -412.13900614  -399.27673216 -10411.13900614   0.003709   1.5e-02   2.0e-04 0.03
     2      30    3.6e+00    0    4.9e-02  -412.13900614  -399.27673216     0.00000000   0.003709   1.5e-02   2.0e-04 0.03
     3      50    5.4e+00    0    5.0e-02  -412.13900614  -399.27673216     0.00000000   0.003709   1.5e-02   2.0e-04 0.03
     4      70    9.0e+00    0    6.5e-02  -412.13909690  -399.27682293    -0.00009076   0.000847   3.4e-03   1.8e-04 0.03
 
RESULTS OF THE OCCUPATION OPTIMIZATION
========================================
   1    1.9999992  -92.02315689
   2    1.9996356  -8.95365540
   3    1.9992537  -6.70731824
   4    1.9994550  -6.67525784
   5    1.9991566  -6.67028213
   6    1.9783120  -0.99247278
   7    1.9627738  -0.54263280
   8    1.9607466  -0.50973958
   9    1.9749421  -0.50290072
  10    0.0076307  -0.02008706
  11    0.0197919  -0.02967173
  12    0.0233716  -0.03255121
  13    0.0073828  -0.02509934
  14    0.0007046  -0.01104888
  15    0.0004769  -0.00783062
  16    0.0006673  -0.01189576
  17    0.0003565  -0.00699085
  18    0.0000008  -0.00000677
  19    0.0062786  -0.01419522
  20    0.0087837  -0.01354562
  21    0.0099114  -0.01463658
  22    0.0062922  -0.01695309
  23    0.0000865  -0.00307230
  24    0.0000181  -0.00087914
  25    0.0000322  -0.00041136
  26    0.0000017  -0.00002236
  27    0.0000000  -0.00000031
  28    0.0030121  -0.01083499
  29    0.0082212  -0.01271073
  30    0.0012172  -0.00231709
  31    0.0027218  -0.01175398
  32    0.0000125  -0.00009004
  33    0.0000150  -0.00009981
  34    0.0000108  -0.00008671
  35    0.0000015  -0.00001293
  36    0.0000000  -0.00000026
  37    0.0023736  -0.00922344
  38    0.0008040  -0.00163560
  39    0.0010704  -0.00205974
  40    0.0023340  -0.00930877
  41    0.0000094  -0.00007679
  42    0.0000097  -0.00007262
  43    0.0000095  -0.00008277
  44    0.0000010  -0.00000859
  45    0.0000000  -0.00000018
  46    0.0022849  -0.00878827
  47    0.0006402  -0.00127690
  48    0.0007305  -0.00144537
  49    0.0015458  -0.00676244
  50    0.0000079  -0.00006183
  51    0.0000090  -0.00007205
  52    0.0000081  -0.00006571
  53    0.0000008  -0.00000637
  54    0.0000000  -0.00000016
  55    0.0017514  -0.00737924
  56    0.0003046  -0.00071855
  57    0.0002967  -0.00075138
  58    0.0005808  -0.00172628
  59    0.0000064  -0.00005471
  60    0.0000071  -0.00005877
  61    0.0000055  -0.00004700
  62    0.0000007  -0.00000608
  63    0.0000000  -0.00000012
  64    0.0008646  -0.00223634
  65    0.0002040  -0.00054520
  66    0.0002906  -0.00077442
  67    0.0003231  -0.00121479
  68    0.0000062  -0.00004980
  69    0.0000047  -0.00040588
  70    0.0000045  -0.00004025
  71    0.0000006  -0.00000507
  72    0.0000000  -0.00000012
  73    0.0003741  -0.00099474
  74    0.0001491  -0.00047116
  75    0.0000842  -0.00021567
  76    0.0002165  -0.00083833
  77    0.0000044  -0.00015852
  78    0.0000017  -0.00001560
  79    0.0000041  -0.00003450
  80    0.0000005  -0.00000451
  81    0.0000000  -0.00000011
  82    0.0001870  -0.00055325
  83    0.0001468  -0.00041202
  84    0.0000754  -0.00018961
  85    0.0001535  -0.00089071
  86    0.0000022  -0.00003761
  87    0.0000014  -0.00001232
  88    0.0000026  -0.00018158
  89    0.0000004  -0.00000340
  90    0.0000000  -0.00000010
  91    0.0001189  -0.00036823
  92    0.0000684  -0.00018414
  93    0.0000690  -0.00018688
  94    0.0000803  -0.00033022
  95    0.0000015  -0.00001267
  96    0.0000005  -0.00000414
  97    0.0000006  -0.00000462
  98    0.0000001  -0.00000145
  99    0.0000000  -0.00000007
 100    0.0000773  -0.00026378
 101    0.0000638  -0.00016942
 102    0.0000654  -0.00017157
 103    0.0000323  -0.00012784
 104    0.0000012  -0.00001117
 105    0.0000003  -0.00000242
 106    0.0000004  -0.00000347
 107    0.0000001  -0.00000119
 108    0.0000000  -0.00000006
 109    0.0000685  -0.00020781
 110    0.0000490  -0.00014189
 111    0.0000376  -0.00010588
 112    0.0000179  -0.00009626
 113    0.0000004  -0.00000273
 114    0.0000002  -0.00000174
 115    0.0000003  -0.00000229
 116    0.0000001  -0.00000078
 117    0.0000000  -0.00000007
 118    0.0000362  -0.00012083
 119    0.0000269  -0.00008831
 120    0.0000062  -0.00002075
 121    0.0000069  -0.00004559
 122    0.0000003  -0.00000194
 123    0.0000002  -0.00000142
 124    0.0000003  -0.00000181
 125    0.0000001  -0.00000085
 126    0.0000000  -0.00000005
 
----------------
 Final Energies 
----------------
Final NOF Total Energy =    -399.2768229
 
Total Orbital Internal Iterations = 160
Total Occupation Internal Iterations = 0
 
Elapsed time:   46.47 Seconds

---------------------------------
   Lowdin Population Analysis    
---------------------------------
 Idx  Atom   Population   Charge 
---------------------------------
  1     S    15.506       0.494
  2     H     1.248      -0.248
  3     H     1.246      -0.246

---------------------------------
   M Diagnostic: 0.03
---------------------------------

