Computing Integrals
Basis Set                                            = def2-qzvp
Auxiliary Basis Set                                  = def2-universal-jkfit
Gaussian Type                                        = Spherical
Elapsed time:    1.60 Seconds

Number of basis functions                   (NBF)    = 57
Number of auxiliary basis functions         (NBFAUX) = 77
Inactive Doubly occupied orbitals up to     (NO1)    = 0
No. considered Strongly Doubly occupied MOs (NDOC)   = 4
No. considered Strongly Singly occupied MOs (NSOC)   = 1
NO. of Weakly occ. per St. Doubly occ.  MOs (NCWO)   = 13
Dimension of the Nat. Orb. subspace         (NBF5)   = 57
No. of electrons                                     = 9
    No. of alpha electrons                           = 5
    No. of beta electrons                            = 4
Multiplicity                                         = 2

Geometry
========
 F       0.0000000       0.0000000       0.0000000

No violations of the orthonormality
No violations of the orthonormality
 
PNOF8/ADABelief Calculation
==================
 
  Nitext  Nit_orb  Time   Nit_occ  Time         Eelec          Etot           Ediff      maxdiff    MaxGrad_orb  Grad_occ
     1      10    9.0e+00    0    1.2e+01   -99.69337837   -99.69337837 -10098.69337837   0.000573   2.3e-03   1.7e-04 0.02
 
RESULTS OF THE OCCUPATION OPTIMIZATION
========================================
   1    1.9999442  -26.43158398
   2    1.9813909  -1.62183354
   3    1.9749311  -0.76013683
   4    1.9751581  -0.75914159
   5    1.0000000  -0.45747786
   6    0.0124065  -0.02133618
   7    0.0132477  -0.02182333
   8    0.0100128  -0.02526096
   9    0.0000364  -0.00162618
  10    0.0055759  -0.01139630
  11    0.0057635  -0.01139382
  12    0.0033020  -0.00819780
  13    0.0000038  -0.00010926
  14    0.0050696  -0.01112152
  15    0.0039183  -0.00829435
  16    0.0029101  -0.00727846
  17    0.0000033  -0.00009117
  18    0.0006990  -0.00523072
  19    0.0008923  -0.00303703
  20    0.0007773  -0.00394113
  21    0.0000022  -0.00006526
  22    0.0002715  -0.00099644
  23    0.0003390  -0.00121831
  24    0.0004930  -0.00179037
  25    0.0000016  -0.00005676
  26    0.0002485  -0.00090266
  27    0.0003319  -0.00118274
  28    0.0003256  -0.00131738
  29    0.0000016  -0.00005521
  30    0.0002400  -0.00089243
  31    0.0002513  -0.00092424
  32    0.0003205  -0.00127532
  33    0.0000014  -0.00004955
  34    0.0002329  -0.00086981
  35    0.0002361  -0.00084659
  36    0.0002452  -0.00094267
  37    0.0000013  -0.00004767
  38    0.0000347  -0.00009494
  39    0.0000204  -0.00015532
  40    0.0001415  -0.00076817
  41    0.0000012  -0.00004573
  42    0.0000170  -0.00012938
  43    0.0000191  -0.00013943
  44    0.0000220  -0.00014296
  45    0.0000011  -0.00005000
  46    0.0000163  -0.00013460
  47    0.0000173  -0.00011507
  48    0.0000218  -0.00015538
  49    0.0000007  -0.00001501
  50    0.0000158  -0.00011593
  51    0.0000167  -0.00012901
  52    0.0000199  -0.00013704
  53    0.0000006  -0.00000645
  54    0.0000141  -0.00010922
  55    0.0000153  -0.00010312
  56    0.0000173  -0.00011604
  57    0.0000004  -0.00004410
 
----------------
 Final Energies 
----------------
Final NOF Total Energy =     -99.6933784
 
Total Orbital Internal Iterations = 10
Total Occupation Internal Iterations = 0
 
Elapsed time:   26.66 Seconds

---------------------------------
   Lowdin Population Analysis    
---------------------------------
 Idx  Atom   Population   Charge 
---------------------------------
  1     F     9.000       0.000

---------------------------------
   M Diagnostic: 0.02
---------------------------------

