Computing Integrals
Basis Set                                            = def2-qzvp
Auxiliary Basis Set                                  = def2-universal-jkfit
Gaussian Type                                        = Spherical
Elapsed time:    1.62 Seconds

Number of basis functions                   (NBF)    = 57
Number of auxiliary basis functions         (NBFAUX) = 77
Inactive Doubly occupied orbitals up to     (NO1)    = 0
No. considered Strongly Doubly occupied MOs (NDOC)   = 3
No. considered Strongly Singly occupied MOs (NSOC)   = 2
NO. of Weakly occ. per St. Doubly occ.  MOs (NCWO)   = 17
Dimension of the Nat. Orb. subspace         (NBF5)   = 56
No. of electrons                                     = 8
    No. of alpha electrons                           = 5
    No. of beta electrons                            = 3
Multiplicity                                         = 3

Geometry
========
 F       0.0000000       0.0000000       0.0000000

No violations of the orthonormality
No violations of the orthonormality
 
PNOF8/ADABelief Calculation
==================
 
  Nitext  Nit_orb  Time   Nit_occ  Time         Eelec          Etot           Ediff      maxdiff    MaxGrad_orb  Grad_occ
     1      10    8.9e+00    0    1.2e+01   -99.07142794   -99.07142794 -10098.07142794   0.000497   2.0e-03   1.7e-04 0.02
 
RESULTS OF THE OCCUPATION OPTIMIZATION
========================================
   1    1.9999433  -27.18051270
   2    1.9774550  -2.24262569
   3    1.9763651  -1.40585529
   4    1.0000000  -0.80088818
   5    1.0000000  -0.80088358
   6    0.0093559  -0.02504557
   7    0.0080493  -0.01938746
   8    0.0000309  -0.00135837
   9    0.0041862  -0.01062789
  10    0.0041209  -0.01055412
  11    0.0000043  -0.00008406
  12    0.0039303  -0.00989709
  13    0.0040265  -0.01045710
  14    0.0000031  -0.00007459
  15    0.0038556  -0.00976194
  16    0.0023216  -0.00625341
  17    0.0000026  -0.00006487
  18    0.0005974  -0.00216898
  19    0.0023081  -0.00624141
  20    0.0000025  -0.00006446
  21    0.0003282  -0.00114335
  22    0.0005606  -0.00604939
  23    0.0000017  -0.00005214
  24    0.0002640  -0.00100261
  25    0.0002418  -0.00096435
  26    0.0000015  -0.00004917
  27    0.0001932  -0.00080590
  28    0.0002285  -0.00097162
  29    0.0000014  -0.00004680
  30    0.0001908  -0.00080122
  31    0.0002233  -0.00094553
  32    0.0000013  -0.00004293
  33    0.0001889  -0.00078989
  34    0.0002069  -0.00083462
  35    0.0000012  -0.00003844
  36    0.0001440  -0.00061244
  37    0.0001751  -0.00075706
  38    0.0000012  -0.00003757
  39    0.0001440  -0.00061250
  40    0.0000165  -0.00011627
  41    0.0000012  -0.00003880
  42    0.0001138  -0.00052432
  43    0.0000144  -0.00010603
  44    0.0000012  -0.00004081
  45    0.0000933  -0.00050135
  46    0.0000137  -0.00010197
  47    0.0000011  -0.00004424
  48    0.0000169  -0.00012182
  49    0.0000128  -0.00009839
  50    0.0000006  -0.00000545
  51    0.0000169  -0.00010920
  52    0.0000125  -0.00009671
  53    0.0000005  -0.00000297
  54    0.0000155  -0.00010534
  55    0.0000124  -0.00008979
  56    0.0000004  -0.00004206
 
----------------
 Final Energies 
----------------
Final NOF Total Energy =     -99.0714279
 
Total Orbital Internal Iterations = 10
Total Occupation Internal Iterations = 0
 
Elapsed time:   26.64 Seconds

---------------------------------
   Lowdin Population Analysis    
---------------------------------
 Idx  Atom   Population   Charge 
---------------------------------
  1     F     8.000       1.000

---------------------------------
   M Diagnostic: 0.02
---------------------------------

