Computing Integrals
Basis Set                                            = def2-qzvp
Auxiliary Basis Set                                  = def2-universal-jkfit
Gaussian Type                                        = Spherical
Elapsed time:    4.37 Seconds

Number of basis functions                   (NBF)    = 257
Number of auxiliary basis functions         (NBFAUX) = 367
Inactive Doubly occupied orbitals up to     (NO1)    = 0
No. considered Strongly Doubly occupied MOs (NDOC)   = 21
No. considered Strongly Singly occupied MOs (NSOC)   = 0
NO. of Weakly occ. per St. Doubly occ.  MOs (NCWO)   = 11
Dimension of the Nat. Orb. subspace         (NBF5)   = 252
No. of electrons                                     = 42
    No. of alpha electrons                           = 21
    No. of beta electrons                            = 21
Multiplicity                                         = 1

Geometry
========
Cl       0.0000000       1.4939925       0.8346445
 C       0.0000000       0.0000000      -0.1555982
Cl       0.0000000      -1.4939925       0.8346445
 H       0.8986495       0.0000000      -0.7568453
 H      -0.8986495       0.0000000      -0.7568453

No violations of the orthonormality
No violations of the orthonormality
 
PNOF8/ADABelief Calculation
==================
 
  Nitext  Nit_orb  Time   Nit_occ  Time         Eelec          Etot           Ediff      maxdiff    MaxGrad_orb  Grad_occ
     1      10    1.3e+01    0    1.2e+01 -1092.28753054  -959.46565826 -11091.28753054   0.011558   4.6e-02   2.0e-04 0.04
     2      30    1.3e+01    0    4.1e-01 -1092.28753054  -959.46565826     0.00000000   0.011558   4.6e-02   2.0e-04 0.04
     3      50    2.2e+01    3    6.7e-01 -1092.28797611  -959.46610383    -0.00044557   0.008690   3.5e-02   2.2e-04 0.04
     4      50    2.3e+01    0    4.0e-01 -1092.28798424  -959.46611196    -0.00000814   0.008690   3.5e-02   2.2e-04 0.04
     5      70    3.0e+01    1    4.8e-01 -1092.28879049  -959.46691821    -0.00080625   0.000870   3.5e-03   2.5e-04 0.04
 
RESULTS OF THE OCCUPATION OPTIMIZATION
========================================
   1    1.9999993  -104.91058262
   2    1.9999993  -104.90986855
   3    1.9999518  -11.11281080
   4    1.9999454  -10.85120183
   5    1.9998473  -10.59965046
   6    1.9990261  -8.07195609
   7    1.9989916  -8.07053799
   8    1.9993878  -8.06961838
   9    1.9993741  -8.06868827
  10    1.9994199  -8.06854647
  11    1.9993652  -8.06709258
  12    1.9803248  -1.17935305
  13    1.9801139  -1.07445065
  14    1.9778213  -0.96108971
  15    1.9719855  -0.65398678
  16    1.9603301  -0.60325677
  17    1.9604898  -0.59787821
  18    1.9721724  -0.54826307
  19    1.9674210  -0.52341530
  20    1.9607263  -0.49287150
  21    1.9613593  -0.49028877
  22    0.0103368  -0.01755036
  23    0.0106882  -0.01788791
  24    0.0137526  -0.02033344
  25    0.0114023  -0.01932882
  26    0.0367221  -0.05136084
  27    0.0368197  -0.05160875
  28    0.0125816  -0.01988525
  29    0.0074556  -0.02196540
  30    0.0074959  -0.02756792
  31    0.0067991  -0.02621839
  32    0.0004938  -0.01063714
  33    0.0003748  -0.00864802
  34    0.0003280  -0.00762900
  35    0.0005920  -0.01232585
  36    0.0005427  -0.01202246
  37    0.0004633  -0.01042169
  38    0.0000617  -0.00068281
  39    0.0000485  -0.00036452
  40    0.0000438  -0.00064974
  41    0.0000003  -0.00000304
  42    0.0000004  -0.00000398
  43    0.0098604  -0.01727706
  44    0.0106519  -0.01780168
  45    0.0124904  -0.01910105
  46    0.0083167  -0.02018864
  47    0.0008320  -0.00183030
  48    0.0007981  -0.00174190
  49    0.0044601  -0.01171914
  50    0.0066770  -0.01851410
  51    0.0033636  -0.01401978
  52    0.0058002  -0.01977374
  53    0.0000719  -0.00202743
  54    0.0000982  -0.00116471
  55    0.0000876  -0.00113343
  56    0.0000123  -0.00010068
  57    0.0004205  -0.00974860
  58    0.0004520  -0.01024232
  59    0.0000221  -0.00025761
  60    0.0000033  -0.00020767
  61    0.0000021  -0.00014814
  62    0.0000001  -0.00000197
  63    0.0000002  -0.00000245
  64    0.0098231  -0.01687801
  65    0.0098888  -0.01677870
  66    0.0036088  -0.00911650
  67    0.0030193  -0.00906149
  68    0.0007882  -0.00170723
  69    0.0007712  -0.00167625
  70    0.0035219  -0.00786670
  71    0.0020776  -0.00953726
  72    0.0025359  -0.01059729
  73    0.0021137  -0.01029177
  74    0.0000159  -0.00058580
  75    0.0000727  -0.00185754
  76    0.0000832  -0.00191989
  77    0.0000039  -0.00014240
  78    0.0000158  -0.00012453
  79    0.0000226  -0.00073244
  80    0.0000150  -0.00041800
  81    0.0000011  -0.00001469
  82    0.0000009  -0.00001292
  83    0.0000000  -0.00000116
  84    0.0000001  -0.00000126
  85    0.0073652  -0.01776003
  86    0.0077381  -0.01615270
  87    0.0008520  -0.00185788
  88    0.0021720  -0.00874155
  89    0.0007373  -0.00163058
  90    0.0007384  -0.00162599
  91    0.0030377  -0.00754447
  92    0.0018542  -0.00827405
  93    0.0021954  -0.01039577
  94    0.0021092  -0.01023571
  95    0.0000113  -0.00010376
  96    0.0000107  -0.00026713
  97    0.0000821  -0.00188963
  98    0.0000007  -0.00001252
  99    0.0000099  -0.00011924
 100    0.0000135  -0.00013849
 101    0.0000135  -0.00011284
 102    0.0000009  -0.00003157
 103    0.0000007  -0.00000728
 104    0.0000000  -0.00000105
 105    0.0000000  -0.00000039
 106    0.0006525  -0.00155324
 107    0.0000507  -0.00017966
 108    0.0008348  -0.00177679
 109    0.0008596  -0.00198210
 110    0.0000748  -0.00022263
 111    0.0001906  -0.00053034
 112    0.0013264  -0.00387281
 113    0.0016804  -0.00682422
 114    0.0021329  -0.01021608
 115    0.0017082  -0.00790914
 116    0.0000098  -0.00012410
 117    0.0000094  -0.00009514
 118    0.0000117  -0.00011175
 119    0.0000006  -0.00000591
 120    0.0000070  -0.00007282
 121    0.0000078  -0.00009800
 122    0.0000115  -0.00012614
 123    0.0000008  -0.00001317
 124    0.0000007  -0.00000697
 125    0.0000000  -0.00000103
 126    0.0000000  -0.00000035
 127    0.0003948  -0.00104753
 128    0.0000471  -0.00016172
 129    0.0003908  -0.00113308
 130    0.0008341  -0.00190431
 131    0.0000692  -0.00021303
 132    0.0000672  -0.00021000
 133    0.0008819  -0.00247519
 134    0.0013120  -0.00737961
 135    0.0008669  -0.00382117
 136    0.0003324  -0.00136681
 137    0.0000080  -0.00008728
 138    0.0000070  -0.00010326
 139    0.0000102  -0.00010867
 140    0.0000006  -0.00000584
 141    0.0000057  -0.00007016
 142    0.0000066  -0.00008173
 143    0.0000087  -0.00009229
 144    0.0000000  -0.00000035
 145    0.0000000  -0.00000017
 146    0.0000000  -0.00000096
 147    0.0000000  -0.00000026
 148    0.0000496  -0.00017831
 149    0.0000461  -0.00015650
 150    0.0003000  -0.00101409
 151    0.0004557  -0.00130895
 152    0.0000678  -0.00020673
 153    0.0000645  -0.00020173
 154    0.0008491  -0.00239759
 155    0.0002929  -0.00116557
 156    0.0004152  -0.00147131
 157    0.0002470  -0.00114240
 158    0.0000074  -0.00007311
 159    0.0000027  -0.00009408
 160    0.0000080  -0.00008897
 161    0.0000005  -0.00000557
 162    0.0000022  -0.00010794
 163    0.0000029  -0.00008891
 164    0.0000064  -0.00015000
 165    0.0000000  -0.00000018
 166    0.0000000  -0.00000013
 167    0.0000000  -0.00000081
 168    0.0000000  -0.00000028
 169    0.0000413  -0.00014192
 170    0.0000433  -0.00014315
 171    0.0001105  -0.00033684
 172    0.0002775  -0.00091198
 173    0.0000623  -0.00019483
 174    0.0000595  -0.00019002
 175    0.0006783  -0.00170245
 176    0.0002569  -0.00104885
 177    0.0003108  -0.00120658
 178    0.0002199  -0.00119699
 179    0.0000052  -0.00009865
 180    0.0000018  -0.00003933
 181    0.0000054  -0.00006284
 182    0.0000004  -0.00000478
 183    0.0000015  -0.00002173
 184    0.0000021  -0.00014527
 185    0.0000052  -0.00021121
 186    0.0000000  -0.00000014
 187    0.0000000  -0.00000012
 188    0.0000000  -0.00000088
 189    0.0000000  -0.00000023
 190    0.0000408  -0.00013659
 191    0.0000414  -0.00014081
 192    0.0000887  -0.00026745
 193    0.0002676  -0.00095508
 194    0.0000551  -0.00017517
 195    0.0000581  -0.00017748
 196    0.0004092  -0.00111335
 197    0.0002218  -0.00092639
 198    0.0002909  -0.00117941
 199    0.0002015  -0.00110020
 200    0.0000047  -0.00005403
 201    0.0000014  -0.00002139
 202    0.0000045  -0.00009644
 203    0.0000004  -0.00000513
 204    0.0000015  -0.00002152
 205    0.0000015  -0.00002669
 206    0.0000042  -0.00009345
 207    0.0000000  -0.00000010
 208    0.0000000  -0.00000008
 209    0.0000000  -0.00000080
 210    0.0000000  -0.00000020
 211    0.0000384  -0.00013630
 212    0.0000401  -0.00013319
 213    0.0000799  -0.00025442
 214    0.0001174  -0.00036711
 215    0.0000512  -0.00016012
 216    0.0000551  -0.00017510
 217    0.0001960  -0.00064559
 218    0.0001986  -0.00072326
 219    0.0001481  -0.00081497
 220    0.0000769  -0.00032769
 221    0.0000034  -0.00003768
 222    0.0000008  -0.00000757
 223    0.0000031  -0.00004217
 224    0.0000004  -0.00000404
 225    0.0000008  -0.00001014
 226    0.0000010  -0.00001380
 227    0.0000038  -0.00014433
 228    0.0000000  -0.00000011
 229    0.0000000  -0.00000008
 230    0.0000000  -0.00000062
 231    0.0000000  -0.00000020
 232    0.0000377  -0.00013072
 233    0.0000381  -0.00013036
 234    0.0000705  -0.00021380
 235    0.0001054  -0.00033848
 236    0.0000502  -0.00015937
 237    0.0000477  -0.00015374
 238    0.0000723  -0.00021848
 239    0.0001517  -0.00065494
 240    0.0001306  -0.00083574
 241    0.0000671  -0.00025280
 242    0.0000031  -0.00004484
 243    0.0000007  -0.00000684
 244    0.0000020  -0.00009160
 245    0.0000004  -0.00000406
 246    0.0000007  -0.00000822
 247    0.0000007  -0.00000745
 248    0.0000005  -0.00000539
 249    0.0000000  -0.00000009
 250    0.0000000  -0.00000008
 251    0.0000000  -0.00000056
 252    0.0000000  -0.00000019
 
----------------
 Final Energies 
----------------
Final NOF Total Energy =    -959.4669182
 
Total Orbital Internal Iterations = 210
Total Occupation Internal Iterations = 4
 
Elapsed time:  126.96 Seconds

---------------------------------
   Lowdin Population Analysis    
---------------------------------
 Idx  Atom   Population   Charge 
---------------------------------
  1    Cl    16.623       0.377
  2     C     6.529      -0.529
  3    Cl    16.620       0.380
  4     H     1.114      -0.114
  5     H     1.113      -0.113

---------------------------------
   M Diagnostic: 0.04
---------------------------------

