Computing Integrals
Basis Set                                            = def2-qzvp
Auxiliary Basis Set                                  = def2-universal-jkfit
Gaussian Type                                        = Spherical
Elapsed time:    1.74 Seconds

Number of basis functions                   (NBF)    = 114
Number of auxiliary basis functions         (NBFAUX) = 154
Inactive Doubly occupied orbitals up to     (NO1)    = 0
No. considered Strongly Doubly occupied MOs (NDOC)   = 9
No. considered Strongly Singly occupied MOs (NSOC)   = 0
NO. of Weakly occ. per St. Doubly occ.  MOs (NCWO)   = 11
Dimension of the Nat. Orb. subspace         (NBF5)   = 108
No. of electrons                                     = 18
    No. of alpha electrons                           = 9
    No. of beta electrons                            = 9
Multiplicity                                         = 1

Geometry
========
 F       0.0000000       0.0000000      -0.7008938
 F       0.0000000       0.0000000       0.7008938

No violations of the orthonormality
No violations of the orthonormality
 
PNOF8/ADABelief Calculation
==================
 
  Nitext  Nit_orb  Time   Nit_occ  Time         Eelec          Etot           Ediff      maxdiff    MaxGrad_orb  Grad_occ
     1      10    1.0e+01    0    1.2e+01  -230.01471739  -199.43714188 -10229.01471739   0.000495   2.0e-03   2.0e-04 0.05
 
RESULTS OF THE OCCUPATION OPTIMIZATION
========================================
   1    1.9999518  -26.46025586
   2    1.9999534  -26.46020397
   3    1.9875304  -1.79992198
   4    1.9854201  -1.54318984
   5    1.9799551  -0.85405504
   6    1.9777909  -0.84990806
   7    1.9466167  -0.83633543
   8    1.9782226  -0.72169701
   9    1.9757405  -0.71387563
  10    0.0135258  -0.02393525
  11    0.0091083  -0.01719586
  12    0.0532626  -0.09724318
  13    0.0125998  -0.02316587
  14    0.0115690  -0.02697868
  15    0.0069409  -0.02108670
  16    0.0061852  -0.01589503
  17    0.0000263  -0.00118006
  18    0.0000284  -0.00125225
  19    0.0045608  -0.00950828
  20    0.0053915  -0.01143815
  21    0.0000148  -0.00010994
  22    0.0047464  -0.01105972
  23    0.0043828  -0.00964523
  24    0.0036787  -0.00995998
  25    0.0038092  -0.00964082
  26    0.0000039  -0.00008904
  27    0.0000040  -0.00009150
  28    0.0044593  -0.01063579
  29    0.0051943  -0.01078168
  30    0.0000140  -0.00010877
  31    0.0024646  -0.00647802
  32    0.0023427  -0.00651653
  33    0.0020892  -0.00650699
  34    0.0009591  -0.00481335
  35    0.0000033  -0.00007871
  36    0.0000039  -0.00012070
  37    0.0008199  -0.00290981
  38    0.0006357  -0.00212647
  39    0.0000132  -0.00010165
  40    0.0008241  -0.00302015
  41    0.0007195  -0.00255859
  42    0.0006927  -0.00664943
  43    0.0005122  -0.00538349
  44    0.0000030  -0.00007545
  45    0.0000026  -0.00007184
  46    0.0003525  -0.00128318
  47    0.0003704  -0.00132444
  48    0.0000131  -0.00009706
  49    0.0004282  -0.00157492
  50    0.0003990  -0.00149875
  51    0.0003095  -0.00125190
  52    0.0003941  -0.00165064
  53    0.0000024  -0.00007135
  54    0.0000021  -0.00006031
  55    0.0002415  -0.00090351
  56    0.0002800  -0.00103925
  57    0.0000126  -0.00008961
  58    0.0003393  -0.00128712
  59    0.0003128  -0.00116556
  60    0.0002959  -0.00122541
  61    0.0003126  -0.00131716
  62    0.0000021  -0.00006265
  63    0.0000020  -0.00005873
  64    0.0002168  -0.00085481
  65    0.0002772  -0.00102106
  66    0.0000108  -0.00008634
  67    0.0002787  -0.00107691
  68    0.0002340  -0.00088993
  69    0.0002675  -0.00114372
  70    0.0002064  -0.00095750
  71    0.0000017  -0.00005572
  72    0.0000018  -0.00005598
  73    0.0000215  -0.00015183
  74    0.0002258  -0.00094107
  75    0.0000108  -0.00008677
  76    0.0002676  -0.00107117
  77    0.0000250  -0.00019461
  78    0.0001704  -0.00101265
  79    0.0000264  -0.00020306
  80    0.0000015  -0.00006525
  81    0.0000012  -0.00005502
  82    0.0000212  -0.00014123
  83    0.0001704  -0.00082511
  84    0.0000107  -0.00008609
  85    0.0002183  -0.00085100
  86    0.0000219  -0.00014870
  87    0.0000935  -0.00055113
  88    0.0000259  -0.00018883
  89    0.0000011  -0.00004804
  90    0.0000010  -0.00003095
  91    0.0000209  -0.00014468
  92    0.0001013  -0.00053708
  93    0.0000106  -0.00008438
  94    0.0000230  -0.00016227
  95    0.0000197  -0.00014982
  96    0.0000215  -0.00018273
  97    0.0000200  -0.00015856
  98    0.0000010  -0.00002363
  99    0.0000008  -0.00002026
 100    0.0000193  -0.00014018
 101    0.0000225  -0.00018218
 102    0.0000101  -0.00007895
 103    0.0000190  -0.00014949
 104    0.0000185  -0.00014956
 105    0.0000201  -0.00016312
 106    0.0000185  -0.00015168
 107    0.0000003  -0.00003796
 108    0.0000003  -0.00004199
 
----------------
 Final Energies 
----------------
Final NOF Total Energy =    -199.4371419
 
Total Orbital Internal Iterations = 10
Total Occupation Internal Iterations = 0
 
Elapsed time:   27.82 Seconds

---------------------------------
   Lowdin Population Analysis    
---------------------------------
 Idx  Atom   Population   Charge 
---------------------------------
  1     F     9.000      -0.000
  2     F     9.000       0.000

---------------------------------
   M Diagnostic: 0.05
---------------------------------

