Computing Integrals
Basis Set                                            = def2-qzvp
Auxiliary Basis Set                                  = def2-universal-jkfit
Gaussian Type                                        = Spherical
Elapsed time:    4.14 Seconds

Number of basis functions                   (NBF)    = 280
Number of auxiliary basis functions         (NBFAUX) = 512
Inactive Doubly occupied orbitals up to     (NO1)    = 0
No. considered Strongly Doubly occupied MOs (NDOC)   = 32
No. considered Strongly Singly occupied MOs (NSOC)   = 0
NO. of Weakly occ. per St. Doubly occ.  MOs (NCWO)   = 7
Dimension of the Nat. Orb. subspace         (NBF5)   = 256
No. of electrons                                     = 64
    No. of alpha electrons                           = 32
    No. of beta electrons                            = 32
Multiplicity                                         = 1

Geometry
========
Al       0.0000000       0.0000000       0.0000000
Cl       1.0455398       1.8109280       0.0000000
Cl       1.0455398      -1.8109280       0.0000000
Cl      -2.0910795       0.0000000       0.0000000

No violations of the orthonormality
No violations of the orthonormality
 
PNOF8/ADABelief Calculation
==================
 
  Nitext  Nit_orb  Time   Nit_occ  Time         Eelec          Etot           Ediff      maxdiff    MaxGrad_orb  Grad_occ
     1      10    1.5e+01    0    1.2e+01 -1917.18299120 -1622.72762424 -11916.18299120   0.010403   4.2e-02   2.4e-04 0.03
     2      30    1.6e+01    0    5.3e-01 -1917.18299120 -1622.72762424     0.00000000   0.010403   4.2e-02   2.4e-04 0.03
     3      50    2.7e+01    9    1.6e+00 -1917.18371627 -1622.72834930    -0.00072507   0.007735   3.1e-02   1.9e-04 0.03
     4      50    2.7e+01    9    1.6e+00 -1917.18376365 -1622.72839669    -0.00004739   0.008325   3.3e-02   2.4e-04 0.03
     5      50    2.7e+01   11    1.8e+00 -1917.18386840 -1622.72850144    -0.00010475   0.009347   3.7e-02   2.9e-04 0.03
     6      50    2.7e+01    4    9.9e-01 -1917.18395127 -1622.72858430    -0.00008287   0.010063   4.0e-02   3.0e-04 0.03
     7      50    2.8e+01    9    1.5e+00 -1917.18397187 -1622.72860491    -0.00002061   0.010386   4.2e-02   3.3e-04 0.03
     8      50    2.7e+01   10    1.7e+00 -1917.18413196 -1622.72876500    -0.00016009   0.011676   4.7e-02   2.0e-04 0.03
     9      50    2.8e+01    9    1.5e+00 -1917.18425675 -1622.72888979    -0.00012479   0.010967   4.4e-02   2.2e-04 0.03
    10      50    2.7e+01    6    1.2e+00 -1917.18444178 -1622.72907481    -0.00018503   0.010736   4.3e-02   2.6e-04 0.03
    11      50    2.8e+01    6    1.2e+00 -1917.18452671 -1622.72915974    -0.00008493   0.010457   4.2e-02   2.0e-04 0.03
    12      50    2.7e+01    5    1.1e+00 -1917.18462490 -1622.72925793    -0.00009819   0.009315   3.7e-02   3.1e-04 0.03
    13      50    2.7e+01    6    1.2e+00 -1917.18473986 -1622.72937290    -0.00011496   0.009191   3.7e-02   2.3e-04 0.03
    14      50    2.7e+01   10    1.7e+00 -1917.18487240 -1622.72950544    -0.00013254   0.009091   3.6e-02   3.0e-04 0.03
    15      50    2.8e+01    6    1.3e+00 -1917.18500167 -1622.72963471    -0.00012927   0.010303   4.1e-02   2.1e-04 0.03
    16      50    2.7e+01    6    1.3e+00 -1917.18511133 -1622.72974437    -0.00010966   0.010092   4.0e-02   2.5e-04 0.03
    17      50    2.7e+01    6    1.2e+00 -1917.18517360 -1622.72980664    -0.00006227   0.009020   3.6e-02   2.2e-04 0.03
    18      50    2.8e+01    6    1.2e+00 -1917.18531355 -1622.72994659    -0.00013995   0.020292   8.1e-02   2.3e-04 0.03
    19      50    2.8e+01    7    1.3e+00 -1917.18557040 -1622.73020344    -0.00025686   0.008835   3.5e-02   2.7e-04 0.03
    20      50    2.7e+01    7    1.3e+00 -1917.18578124 -1622.73041427    -0.00021083   0.009484   3.8e-02   2.4e-04 0.03
    21      50    2.8e+01    7    1.4e+00 -1917.18616259 -1622.73079563    -0.00038136   0.008532   3.4e-02   2.5e-04 0.03
    22      50    2.8e+01    7    1.4e+00 -1917.18634075 -1622.73097378    -0.00017815   0.009148   3.7e-02   2.6e-04 0.03
    23      50    2.7e+01    3    8.3e-01 -1917.18653315 -1622.73116618    -0.00019240   0.007878   3.2e-02   2.6e-04 0.03
    24      50    2.7e+01    3    8.5e-01 -1917.18662199 -1622.73125502    -0.00008884   0.008532   3.4e-02   3.0e-04 0.03
    25      50    2.8e+01    3    8.2e-01 -1917.18677409 -1622.73140713    -0.00015210   0.007584   3.0e-02   2.8e-04 0.03
    26      50    2.8e+01    0    4.9e-01 -1917.18678331 -1622.73141635    -0.00000922   0.007584   3.0e-02   2.8e-04 0.03
    27      70    3.9e+01   11    1.8e+00 -1917.18776459 -1622.73239763    -0.00098128   0.000649   2.6e-03   2.0e-04 0.03
 
RESULTS OF THE OCCUPATION OPTIMIZATION
========================================
   1    1.9999989  -104.90659764
   2    1.9999988  -104.90640828
   3    1.9999989  -104.90638289
   4    1.9999961  -58.64890031
   5    1.9998753  -10.59559095
   6    1.9998525  -10.59544153
   7    1.9998797  -10.59526532
   8    1.9996041  -8.06665620
   9    1.9993274  -8.06663913
  10    1.9994574  -8.06563540
  11    1.9993653  -8.06437867
  12    1.9993156  -8.05037923
  13    1.9994003  -8.04899844
  14    1.9992453  -8.00157113
  15    1.9988375  -7.46433935
  16    1.9985684  -6.93651852
  17    1.9985348  -6.84801635
  18    1.9928240  -3.32698810
  19    1.9926423  -3.32004888
  20    1.9928047  -3.31961228
  21    1.9799093  -1.12082204
  22    1.9792712  -1.12024813
  23    1.9791831  -1.11274714
  24    1.9703651  -0.62400555
  25    1.9668342  -0.57984478
  26    1.9670006  -0.57771156
  27    1.9707281  -0.51970452
  28    1.9678533  -0.51761561
  29    1.9641675  -0.51658367
  30    1.9642837  -0.51585800
  31    1.9611742  -0.51296646
  32    1.9612454  -0.51235573
  33    0.0129213  -0.01949052
  34    0.0132165  -0.01988524
  35    0.0133738  -0.02185566
  36    0.0139987  -0.02288479
  37    0.0139554  -0.02141540
  38    0.0129975  -0.02315146
  39    0.0196810  -0.03648899
  40    0.0194880  -0.03606900
  41    0.0182263  -0.03634770
  42    0.0064859  -0.02727013
  43    0.0072606  -0.02823974
  44    0.0077793  -0.02895806
  45    0.0034953  -0.01997363
  46    0.0034373  -0.01985320
  47    0.0040360  -0.02809164
  48    0.0007541  -0.01242861
  49    0.0006866  -0.01204749
  50    0.0006320  -0.01231255
  51    0.0005221  -0.01077927
  52    0.0002619  -0.00579493
  53    0.0005174  -0.01054713
  54    0.0004468  -0.00987083
  55    0.0004563  -0.00986000
  56    0.0005227  -0.01078178
  57    0.0001623  -0.00259250
  58    0.0000332  -0.00020393
  59    0.0001042  -0.00210613
  60    0.0000393  -0.00057827
  61    0.0000019  -0.00029729
  62    0.0000004  -0.00001373
  63    0.0000003  -0.00001100
  64    0.0000004  -0.00001615
  65    0.0123997  -0.01875496
  66    0.0123122  -0.01899021
  67    0.0114246  -0.01872462
  68    0.0111494  -0.01883742
  69    0.0126645  -0.01953127
  70    0.0084277  -0.01949721
  71    0.0082232  -0.01766321
  72    0.0081273  -0.01771408
  73    0.0062777  -0.01912900
  74    0.0056082  -0.02009649
  75    0.0061192  -0.02039238
  76    0.0066187  -0.02089383
  77    0.0017882  -0.00921915
  78    0.0017697  -0.00913964
  79    0.0016204  -0.00898794
  80    0.0005358  -0.01045173
  81    0.0005575  -0.01064482
  82    0.0004475  -0.00981229
  83    0.0000865  -0.00124380
  84    0.0001273  -0.00173174
  85    0.0001047  -0.00154485
  86    0.0001098  -0.00145262
  87    0.0000183  -0.00082031
  88    0.0000858  -0.00290415
  89    0.0000953  -0.00266376
  90    0.0000314  -0.00020500
  91    0.0000316  -0.00019271
  92    0.0000320  -0.00019870
  93    0.0000013  -0.00014365
  94    0.0000002  -0.00000764
  95    0.0000003  -0.00001063
  96    0.0000002  -0.00000899
  97    0.0120863  -0.01835304
  98    0.0119900  -0.01823434
  99    0.0088491  -0.01894707
 100    0.0089293  -0.01909247
 101    0.0028265  -0.00969224
 102    0.0026779  -0.01014858
 103    0.0025888  -0.00940206
 104    0.0025614  -0.00916116
 105    0.0025720  -0.00994219
 106    0.0021245  -0.01074933
 107    0.0022277  -0.01087774
 108    0.0022376  -0.01080009
 109    0.0015345  -0.00966553
 110    0.0015725  -0.00994276
 111    0.0012533  -0.01059823
 112    0.0000899  -0.00092251
 113    0.0001035  -0.00108042
 114    0.0000252  -0.00017428
 115    0.0000837  -0.00245984
 116    0.0000983  -0.00142211
 117    0.0000186  -0.00060844
 118    0.0000229  -0.00017406
 119    0.0000167  -0.00012698
 120    0.0000165  -0.00013323
 121    0.0000283  -0.00019604
 122    0.0000311  -0.00021811
 123    0.0000050  -0.00052481
 124    0.0000285  -0.00020648
 125    0.0000004  -0.00001418
 126    0.0000001  -0.00000548
 127    0.0000002  -0.00000680
 128    0.0000001  -0.00000443
 129    0.0007966  -0.00180842
 130    0.0007825  -0.00170816
 131    0.0007785  -0.00173522
 132    0.0007411  -0.00163932
 133    0.0011514  -0.00346942
 134    0.0025297  -0.01006056
 135    0.0007715  -0.00186501
 136    0.0007667  -0.00185489
 137    0.0007975  -0.00199973
 138    0.0021036  -0.01076789
 139    0.0021533  -0.01066772
 140    0.0022159  -0.01078230
 141    0.0002173  -0.00349691
 142    0.0002967  -0.00513502
 143    0.0001430  -0.00104636
 144    0.0000283  -0.00044273
 145    0.0000232  -0.00020957
 146    0.0000192  -0.00020657
 147    0.0000240  -0.00017668
 148    0.0000687  -0.00099384
 149    0.0000135  -0.00010243
 150    0.0000182  -0.00071319
 151    0.0000137  -0.00010643
 152    0.0000133  -0.00010984
 153    0.0000279  -0.00017994
 154    0.0000172  -0.00064445
 155    0.0000032  -0.00059688
 156    0.0000201  -0.00037458
 157    0.0000003  -0.00001152
 158    0.0000001  -0.00000531
 159    0.0000001  -0.00000523
 160    0.0000001  -0.00000287
 161    0.0002840  -0.00100148
 162    0.0002754  -0.00097058
 163    0.0007421  -0.00164138
 164    0.0007382  -0.00162952
 165    0.0008779  -0.00200758
 166    0.0010996  -0.00385022
 167    0.0007499  -0.00176886
 168    0.0007498  -0.00179183
 169    0.0007605  -0.00190126
 170    0.0020784  -0.01055995
 171    0.0021150  -0.01051937
 172    0.0004558  -0.00194654
 173    0.0000659  -0.00075622
 174    0.0001806  -0.00125580
 175    0.0000473  -0.00026728
 176    0.0000224  -0.00016793
 177    0.0000222  -0.00018024
 178    0.0000162  -0.00012874
 179    0.0000148  -0.00011637
 180    0.0000166  -0.00021100
 181    0.0000128  -0.00012105
 182    0.0000142  -0.00019411
 183    0.0000133  -0.00013888
 184    0.0000126  -0.00010038
 185    0.0000276  -0.00017781
 186    0.0000071  -0.00029053
 187    0.0000014  -0.00004016
 188    0.0000043  -0.00065684
 189    0.0000000  -0.00000083
 190    0.0000001  -0.00000382
 191    0.0000001  -0.00000423
 192    0.0000001  -0.00000277
 193    0.0001402  -0.00040520
 194    0.0001298  -0.00038258
 195    0.0002820  -0.00105508
 196    0.0001418  -0.00045320
 197    0.0003560  -0.00128556
 198    0.0007810  -0.00182486
 199    0.0007376  -0.00175172
 200    0.0007465  -0.00176535
 201    0.0007215  -0.00176088
 202    0.0020521  -0.01054777
 203    0.0004677  -0.00183306
 204    0.0003972  -0.00181547
 205    0.0000498  -0.00033950
 206    0.0000599  -0.00033322
 207    0.0000393  -0.00023518
 208    0.0000223  -0.00017794
 209    0.0000207  -0.00022438
 210    0.0000117  -0.00010110
 211    0.0000136  -0.00011924
 212    0.0000145  -0.00019676
 213    0.0000112  -0.00010745
 214    0.0000121  -0.00009812
 215    0.0000124  -0.00010125
 216    0.0000112  -0.00008958
 217    0.0000275  -0.00023712
 218    0.0000002  -0.00000722
 219    0.0000012  -0.00003072
 220    0.0000003  -0.00001193
 221    0.0000000  -0.00000079
 222    0.0000001  -0.00000337
 223    0.0000001  -0.00000359
 224    0.0000001  -0.00000250
 225    0.0001265  -0.00035140
 226    0.0001194  -0.00032048
 227    0.0002662  -0.00102680
 228    0.0001342  -0.00040420
 229    0.0003152  -0.00116608
 230    0.0007585  -0.00180803
 231    0.0002475  -0.00104196
 232    0.0007261  -0.00182187
 233    0.0002794  -0.00113284
 234    0.0003643  -0.00164424
 235    0.0003853  -0.00186797
 236    0.0003861  -0.00182986
 237    0.0000444  -0.00034323
 238    0.0000410  -0.00024895
 239    0.0000367  -0.00021131
 240    0.0000124  -0.00012428
 241    0.0000179  -0.00025403
 242    0.0000106  -0.00008732
 243    0.0000101  -0.00008210
 244    0.0000123  -0.00013374
 245    0.0000061  -0.00038633
 246    0.0000108  -0.00010493
 247    0.0000120  -0.00009507
 248    0.0000104  -0.00010085
 249    0.0000270  -0.00019144
 250    0.0000002  -0.00000546
 251    0.0000008  -0.00002958
 252    0.0000002  -0.00000848
 253    0.0000000  -0.00000075
 254    0.0000001  -0.00000326
 255    0.0000001  -0.00000328
 256    0.0000001  -0.00000240
 
----------------
 Final Energies 
----------------
Final NOF Total Energy =   -1622.7323976
 
Total Orbital Internal Iterations = 1310
Total Occupation Internal Iterations = 166
 
Elapsed time:  821.41 Seconds

---------------------------------
   Lowdin Population Analysis    
---------------------------------
 Idx  Atom   Population   Charge 
---------------------------------
  1    Al    14.599      -1.599
  2    Cl    16.465       0.535
  3    Cl    16.468       0.532
  4    Cl    16.469       0.531

---------------------------------
   M Diagnostic: 0.03
---------------------------------

