Computing Integrals
Basis Set                                            = def2-qzvp
Auxiliary Basis Set                                  = def2-universal-jkfit
Gaussian Type                                        = Spherical
Elapsed time:    1.64 Seconds

Number of basis functions                   (NBF)    = 100
Number of auxiliary basis functions         (NBFAUX) = 146
Inactive Doubly occupied orbitals up to     (NO1)    = 0
No. considered Strongly Doubly occupied MOs (NDOC)   = 9
No. considered Strongly Singly occupied MOs (NSOC)   = 0
NO. of Weakly occ. per St. Doubly occ.  MOs (NCWO)   = 10
Dimension of the Nat. Orb. subspace         (NBF5)   = 99
No. of electrons                                     = 18
    No. of alpha electrons                           = 9
    No. of beta electrons                            = 9
Multiplicity                                         = 1

Geometry
========
Cl       0.0000000       0.0000000      -0.6414757
 H       0.0000000       0.0000000       0.6414757

No violations of the orthonormality
No violations of the orthonormality
 
PNOF8/ADABelief Calculation
==================
 
  Nitext  Nit_orb  Time   Nit_occ  Time         Eelec          Etot           Ediff      maxdiff    MaxGrad_orb  Grad_occ
     1      10    9.9e+00    0    1.2e+01  -467.71118367  -460.69923172 -10466.71118367   0.007943   3.2e-02   1.8e-04 0.03
     2      30    2.2e+00    0    3.8e-02  -467.71118367  -460.69923172     0.00000000   0.007943   3.2e-02   1.8e-04 0.03
     3      50    3.8e+00    4    1.3e-01  -467.71152335  -460.69957139    -0.00033967   0.006185   2.5e-02   1.9e-04 0.03
     4      50    4.2e+00    4    4.1e-02  -467.71174413  -460.69979218    -0.00022079   0.006309   2.5e-02   1.9e-04 0.03
     5      50    4.4e+00    4    5.2e-02  -467.71193961  -460.69998766    -0.00019548   0.005741   2.3e-02   1.9e-04 0.03
     6      50    4.4e+00    4    1.5e-01  -467.71208236  -460.70013041    -0.00014275   0.006435   2.6e-02   1.9e-04 0.03
     7      50    4.6e+00    3    1.2e-01  -467.71220958  -460.70025763    -0.00012722   0.006872   2.7e-02   2.2e-04 0.03
     8      50    4.3e+00    5    1.4e-01  -467.71230542  -460.70035346    -0.00009583   0.006534   2.6e-02   1.7e-04 0.03
     9      50    4.9e+00    4    9.5e-02  -467.71237470  -460.70042274    -0.00006928   0.005828   2.3e-02   1.9e-04 0.03
    10      50    4.2e+00    3    2.7e-02  -467.71240923  -460.70045728    -0.00003453   0.006419   2.6e-02   2.2e-04 0.03
    11      50    4.4e+00    5    7.4e-02  -467.71242817  -460.70047621    -0.00001894   0.005832   2.3e-02   1.8e-04 0.03
    12      50    4.3e+00    2    4.6e-02  -467.71245390  -460.70050195    -0.00002573   0.005786   2.3e-02   1.4e-04 0.03
    13      50    4.1e+00    0    6.5e-02  -467.71245659  -460.70050464    -0.00000269   0.005786   2.3e-02   1.4e-04 0.03
    14      70    5.7e+00    4    8.3e-02  -467.71253706  -460.70058511    -0.00008047   0.004635   1.9e-02   1.4e-04 0.03
    15      70    6.5e+00    2    6.8e-02  -467.71255532  -460.70060337    -0.00001826   0.001141   4.6e-03   1.4e-04 0.03
    16      70    6.5e+00    4    7.7e-02  -467.71257700  -460.70062505    -0.00002168   0.001079   4.3e-03   1.5e-04 0.03
    17      70    6.3e+00    4    1.6e-01  -467.71262382  -460.70067187    -0.00004682   0.001083   4.3e-03   1.9e-04 0.03
    18      70    6.0e+00    5    1.3e-01  -467.71269241  -460.70074046    -0.00006859   0.001153   4.6e-03   1.8e-04 0.03
    19      70    6.3e+00    9    1.2e-01  -467.71278991  -460.70083796    -0.00009750   0.001134   4.5e-03   1.6e-04 0.03
    20      70    6.4e+00    4    1.9e-02  -467.71293512  -460.70098317    -0.00014521   0.001085   4.3e-03   1.9e-04 0.03
    21      70    5.9e+00    9    1.4e-01  -467.71308967  -460.70113772    -0.00015454   0.001118   4.5e-03   1.7e-04 0.03
    22      70    5.9e+00    4    1.4e-01  -467.71329882  -460.70134687    -0.00020915   0.001156   4.6e-03   2.1e-04 0.03
    23      70    5.9e+00    9    1.1e-01  -467.71350208  -460.70155012    -0.00020326   0.001166   4.7e-03   1.4e-04 0.03
    24      70    6.3e+00    4    9.7e-02  -467.71374234  -460.70179039    -0.00024027   0.001154   4.6e-03   1.8e-04 0.03
    25      70    6.2e+00    8    1.2e-01  -467.71394272  -460.70199076    -0.00020038   0.001138   4.6e-03   2.0e-04 0.03
    26      70    6.2e+00    4    8.4e-02  -467.71414237  -460.70219042    -0.00019965   0.001072   4.3e-03   1.8e-04 0.03
    27      70    5.7e+00    8    1.9e-01  -467.71428315  -460.70233119    -0.00014078   0.001083   4.3e-03   2.0e-04 0.03
    28      70    6.1e+00    2    7.9e-02  -467.71440305  -460.70245109    -0.00011990   0.001043   4.2e-03   1.9e-04 0.03
    29      70    6.4e+00    2    8.1e-02  -467.71446207  -460.70251012    -0.00005902   0.001022   4.1e-03   1.9e-04 0.03
    30      70    6.8e+00    7    8.7e-02  -467.71450335  -460.70255140    -0.00004128   0.001019   4.1e-03   1.5e-04 0.03
    31      70    6.0e+00    4    6.4e-02  -467.71455983  -460.70260788    -0.00005648   0.001139   4.6e-03   1.1e-04 0.03
    32      70    5.7e+00    2    8.7e-02  -467.71459362  -460.70264166    -0.00003379   0.001026   4.1e-03   1.5e-04 0.03
    33      70    5.6e+00    2    5.9e-02  -467.71462151  -460.70266956    -0.00002790   0.001046   4.2e-03   2.0e-04 0.03
    34      70    6.0e+00    2    8.8e-02  -467.71465002  -460.70269807    -0.00002851   0.001100   4.4e-03   2.3e-04 0.03
    35      70    5.6e+00    6    8.9e-02  -467.71467976  -460.70272781    -0.00002974   0.000907   3.6e-03   2.1e-04 0.03
 
RESULTS OF THE OCCUPATION OPTIMIZATION
========================================
   1    1.9999994  -104.90932242
   2    1.9998748  -10.59654175
   3    1.9991020  -8.06999695
   4    1.9992718  -8.06901531
   5    1.9993628  -8.06846622
   6    1.9809044  -1.13758378
   7    1.9644014  -0.64474480
   8    1.9652854  -0.51248513
   9    1.9670243  -0.50498323
  10    0.0110920  -0.01868506
  11    0.0116539  -0.01886003
  12    0.0234632  -0.03635603
  13    0.0073251  -0.02882450
  14    0.0004856  -0.01085870
  15    0.0005971  -0.01294717
  16    0.0005119  -0.01106051
  17    0.0001184  -0.00144947
  18    0.0000003  -0.00000309
  19    0.0109299  -0.01878603
  20    0.0114603  -0.01859956
  21    0.0086332  -0.01659752
  22    0.0025750  -0.01174026
  23    0.0000768  -0.00333192
  24    0.0000836  -0.00099654
  25    0.0003419  -0.00845895
  26    0.0000042  -0.00051533
  27    0.0000001  -0.00000151
  28    0.0081128  -0.01973436
  29    0.0085076  -0.01925889
  30    0.0008240  -0.00184410
  31    0.0022026  -0.01039696
  32    0.0000358  -0.00042357
  33    0.0000140  -0.00010833
  34    0.0000152  -0.00096609
  35    0.0000010  -0.00000934
  36    0.0000001  -0.00000138
  37    0.0020968  -0.00821250
  38    0.0009961  -0.00230984
  39    0.0007838  -0.00175120
  40    0.0021730  -0.01034850
  41    0.0000116  -0.00009902
  42    0.0000092  -0.00008309
  43    0.0000113  -0.00009808
  44    0.0000008  -0.00000830
  45    0.0000000  -0.00000078
  46    0.0003113  -0.00097685
  47    0.0008073  -0.00180352
  48    0.0006884  -0.00156674
  49    0.0020906  -0.01026171
  50    0.0000074  -0.00007487
  51    0.0000074  -0.00007194
  52    0.0000103  -0.00008794
  53    0.0000007  -0.00000506
  54    0.0000000  -0.00000065
  55    0.0001620  -0.00052087
  56    0.0007896  -0.00178950
  57    0.0006833  -0.00156827
  58    0.0018993  -0.00960253
  59    0.0000068  -0.00007174
  60    0.0000063  -0.00006543
  61    0.0000028  -0.00005108
  62    0.0000000  -0.00000060
  63    0.0000000  -0.00000055
  64    0.0000777  -0.00024203
  65    0.0003004  -0.00104361
  66    0.0002537  -0.00098981
  67    0.0003069  -0.00137858
  68    0.0000059  -0.00006242
  69    0.0000049  -0.00005829
  70    0.0000018  -0.00013122
  71    0.0000000  -0.00000021
  72    0.0000000  -0.00000063
  73    0.0000661  -0.00020231
  74    0.0000703  -0.00020956
  75    0.0001537  -0.00047335
  76    0.0002749  -0.00118141
  77    0.0000036  -0.00004265
  78    0.0000036  -0.00004406
  79    0.0000011  -0.00001340
  80    0.0000000  -0.00000020
  81    0.0000000  -0.00000051
  82    0.0000660  -0.00020301
  83    0.0000657  -0.00020645
  84    0.0000681  -0.00020185
  85    0.0001799  -0.00082253
  86    0.0000030  -0.00009406
  87    0.0000016  -0.00004663
  88    0.0000010  -0.00000947
  89    0.0000000  -0.00000017
  90    0.0000000  -0.00000025
  91    0.0000609  -0.00019634
  92    0.0000634  -0.00019392
  93    0.0000471  -0.00014226
  94    0.0000683  -0.00024422
  95    0.0000008  -0.00000801
  96    0.0000006  -0.00000473
  97    0.0000009  -0.00000865
  98    0.0000000  -0.00000017
  99    0.0000000  -0.00000022
 
----------------
 Final Energies 
----------------
Final NOF Total Energy =    -460.7027278
 
Total Orbital Internal Iterations = 2130
Total Occupation Internal Iterations = 143
 
Elapsed time:  216.98 Seconds

---------------------------------
   Lowdin Population Analysis    
---------------------------------
 Idx  Atom   Population   Charge 
---------------------------------
  1    Cl    16.634       0.366
  2     H     1.366      -0.366

---------------------------------
   M Diagnostic: 0.03
---------------------------------

