Computing Integrals
Basis Set                                            = def2-qzvp
Auxiliary Basis Set                                  = def2-universal-jkfit
Gaussian Type                                        = Spherical
Elapsed time:    1.73 Seconds

Number of basis functions                   (NBF)    = 87
Number of auxiliary basis functions         (NBFAUX) = 95
Inactive Doubly occupied orbitals up to     (NO1)    = 0
No. considered Strongly Doubly occupied MOs (NDOC)   = 5
No. considered Strongly Singly occupied MOs (NSOC)   = 0
NO. of Weakly occ. per St. Doubly occ.  MOs (NCWO)   = 16
Dimension of the Nat. Orb. subspace         (NBF5)   = 85
No. of electrons                                     = 10
    No. of alpha electrons                           = 5
    No. of beta electrons                            = 5
Multiplicity                                         = 1

Geometry
========
 F       0.0000000       0.0000000      -0.4614871
 H       0.0000000       0.0000000       0.4614871

No violations of the orthonormality
No violations of the orthonormality
 
PNOF8/ADABelief Calculation
==================
 
  Nitext  Nit_orb  Time   Nit_occ  Time         Eelec          Etot           Ediff      maxdiff    MaxGrad_orb  Grad_occ
     1      10    9.1e+00    0    1.2e+01  -105.56758244  -100.40754144 -10104.56758244   0.000844   3.4e-03   9.4e-05 0.03
 
RESULTS OF THE OCCUPATION OPTIMIZATION
========================================
   1    1.9999848  -26.34573131
   2    1.9869807  -1.61530002
   3    1.9682376  -0.85325486
   4    1.9754022  -0.70461095
   5    1.9750048  -0.70425809
   6    0.0128765  -0.02223266
   7    0.0127685  -0.02222251
   8    0.0268092  -0.04086388
   9    0.0090809  -0.02454984
  10    0.0000135  -0.00059124
  11    0.0048757  -0.01058622
  12    0.0048422  -0.01052913
  13    0.0041262  -0.00948807
  14    0.0008962  -0.00343941
  15    0.0000010  -0.00001442
  16    0.0046993  -0.01059412
  17    0.0047936  -0.01037348
  18    0.0003259  -0.00114296
  19    0.0008925  -0.00344003
  20    0.0000004  -0.00005430
  21    0.0014717  -0.00516182
  22    0.0007512  -0.00497880
  23    0.0003151  -0.00117769
  24    0.0005332  -0.00185813
  25    0.0000001  -0.00000241
  26    0.0004089  -0.00142423
  27    0.0005560  -0.00175782
  28    0.0000530  -0.00013686
  29    0.0003609  -0.00137615
  30    0.0000000  -0.00000117
  31    0.0003248  -0.00117512
  32    0.0003066  -0.00111393
  33    0.0000320  -0.00012019
  34    0.0003163  -0.00125085
  35    0.0000000  -0.00000106
  36    0.0001014  -0.00077601
  37    0.0002973  -0.00107248
  38    0.0000216  -0.00016492
  39    0.0003104  -0.00124011
  40    0.0000000  -0.00000089
  41    0.0000792  -0.00034744
  42    0.0000963  -0.00043469
  43    0.0000175  -0.00016066
  44    0.0002966  -0.00119551
  45    0.0000000  -0.00000068
  46    0.0000384  -0.00017615
  47    0.0000808  -0.00034191
  48    0.0000151  -0.00012798
  49    0.0001930  -0.00198399
  50    0.0000000  -0.00000066
  51    0.0000316  -0.00015831
  52    0.0000265  -0.00015260
  53    0.0000149  -0.00012655
  54    0.0000386  -0.00019469
  55    0.0000000  -0.00000065
  56    0.0000193  -0.00011910
  57    0.0000181  -0.00012275
  58    0.0000107  -0.00004353
  59    0.0000216  -0.00016088
  60    0.0000000  -0.00000063
  61    0.0000191  -0.00011987
  62    0.0000173  -0.00012270
  63    0.0000087  -0.00003884
  64    0.0000194  -0.00013842
  65    0.0000000  -0.00000047
  66    0.0000161  -0.00010030
  67    0.0000162  -0.00010828
  68    0.0000052  -0.00001006
  69    0.0000182  -0.00013225
  70    0.0000000  -0.00000045
  71    0.0000161  -0.00010152
  72    0.0000121  -0.00007531
  73    0.0000031  -0.00001573
  74    0.0000167  -0.00012974
  75    0.0000000  -0.00000059
  76    0.0000099  -0.00004947
  77    0.0000097  -0.00004717
  78    0.0000024  -0.00000742
  79    0.0000149  -0.00011452
  80    0.0000000  -0.00000045
  81    0.0000070  -0.00003989
  82    0.0000054  -0.00002088
  83    0.0000018  -0.00000515
  84    0.0000098  -0.00006043
  85    0.0000000  -0.00000034
 
----------------
 Final Energies 
----------------
Final NOF Total Energy =    -100.4075414
 
Total Orbital Internal Iterations = 10
Total Occupation Internal Iterations = 0
 
Elapsed time:   26.95 Seconds

---------------------------------
   Lowdin Population Analysis    
---------------------------------
 Idx  Atom   Population   Charge 
---------------------------------
  1     F     8.524       0.476
  2     H     1.476      -0.476

---------------------------------
   M Diagnostic: 0.03
---------------------------------

