Computing Integrals
Basis Set                                            = def2-qzvp
Auxiliary Basis Set                                  = def2-universal-jkfit
Gaussian Type                                        = Spherical
Elapsed time:    1.95 Seconds

Number of basis functions                   (NBF)    = 157
Number of auxiliary basis functions         (NBFAUX) = 221
Inactive Doubly occupied orbitals up to     (NO1)    = 0
No. considered Strongly Doubly occupied MOs (NDOC)   = 11
No. considered Strongly Singly occupied MOs (NSOC)   = 0
NO. of Weakly occ. per St. Doubly occ.  MOs (NCWO)   = 13
Dimension of the Nat. Orb. subspace         (NBF5)   = 154
No. of electrons                                     = 22
    No. of alpha electrons                           = 11
    No. of beta electrons                            = 11
Multiplicity                                         = 1

Geometry
========
 P       0.0000000       0.0000000       0.5341990
 C       0.0000000       0.0000000      -0.9915770
 H       0.0000000       0.0000000      -2.0635260

No violations of the orthonormality
No violations of the orthonormality
 
PNOF8/ADABelief Calculation
==================
 
  Nitext  Nit_orb  Time   Nit_occ  Time         Eelec          Etot           Ediff      maxdiff    MaxGrad_orb  Grad_occ
     1      10    1.0e+01    0    1.2e+01  -417.04015447  -379.80841101 -10416.04015447   0.000760   3.0e-03   2.0e-04 0.04
 
RESULTS OF THE OCCUPATION OPTIMIZATION
========================================
   1    1.9999979  -79.99695246
   2    1.9999527  -11.27192870
   3    1.9995020  -7.50741730
   4    1.9987655  -5.40583849
   5    1.9977857  -5.40379050
   6    1.9977933  -5.40332704
   7    1.9765580  -0.95935931
   8    1.9718601  -0.74774820
   9    1.9688661  -0.53848226
  10    1.9558522  -0.40867574
  11    1.9542575  -0.40790919
  12    0.0376684  -0.04019758
  13    0.0408163  -0.04218957
  14    0.0085057  -0.01768407
  15    0.0156616  -0.03127642
  16    0.0073579  -0.02165172
  17    0.0014740  -0.01261784
  18    0.0014853  -0.01290787
  19    0.0009422  -0.00931193
  20    0.0004357  -0.00498747
  21    0.0000335  -0.00065353
  22    0.0000020  -0.00014562
  23    0.0068144  -0.00872631
  24    0.0009235  -0.00171861
  25    0.0054808  -0.01252347
  26    0.0048340  -0.01381005
  27    0.0043851  -0.01390145
  28    0.0005541  -0.00620459
  29    0.0006849  -0.00935953
  30    0.0001768  -0.00239817
  31    0.0000314  -0.00021596
  32    0.0000047  -0.00022021
  33    0.0000001  -0.00000108
  34    0.0004412  -0.00080506
  35    0.0007190  -0.00133569
  36    0.0053887  -0.01271096
  37    0.0025847  -0.00775567
  38    0.0033581  -0.01112813
  39    0.0000921  -0.00246933
  40    0.0000163  -0.00009844
  41    0.0000761  -0.00117611
  42    0.0000174  -0.00087321
  43    0.0000026  -0.00004222
  44    0.0000000  -0.00000032
  45    0.0001991  -0.00041880
  46    0.0004226  -0.00069695
  47    0.0052037  -0.01161384
  48    0.0025247  -0.00715406
  49    0.0020538  -0.00648412
  50    0.0000555  -0.00040889
  51    0.0000132  -0.00011355
  52    0.0000110  -0.00007302
  53    0.0000039  -0.00004254
  54    0.0000025  -0.00004378
  55    0.0000000  -0.00000021
  56    0.0001867  -0.00040787
  57    0.0004127  -0.00068930
  58    0.0045376  -0.00991628
  59    0.0009497  -0.00291630
  60    0.0018908  -0.00638937
  61    0.0000075  -0.00008688
  62    0.0000032  -0.00003403
  63    0.0000074  -0.00014574
  64    0.0000036  -0.00005854
  65    0.0000025  -0.00003858
  66    0.0000000  -0.00000016
  67    0.0001480  -0.00035443
  68    0.0003280  -0.00070127
  69    0.0009556  -0.00207916
  70    0.0007111  -0.00201243
  71    0.0018245  -0.00642055
  72    0.0000048  -0.00014998
  73    0.0000030  -0.00003282
  74    0.0000058  -0.00013378
  75    0.0000024  -0.00002721
  76    0.0000004  -0.00000502
  77    0.0000000  -0.00000011
  78    0.0000647  -0.00018563
  79    0.0002125  -0.00047852
  80    0.0004532  -0.00159548
  81    0.0002044  -0.00056349
  82    0.0007916  -0.00291319
  83    0.0000045  -0.00005503
  84    0.0000024  -0.00002601
  85    0.0000043  -0.00007625
  86    0.0000011  -0.00001309
  87    0.0000003  -0.00000316
  88    0.0000000  -0.00000010
  89    0.0000476  -0.00011873
  90    0.0000787  -0.00018195
  91    0.0001699  -0.00046635
  92    0.0001956  -0.00056025
  93    0.0006814  -0.00215875
  94    0.0000039  -0.00004567
  95    0.0000014  -0.00001614
  96    0.0000034  -0.00003674
  97    0.0000006  -0.00002422
  98    0.0000002  -0.00000226
  99    0.0000000  -0.00000010
 100    0.0000451  -0.00011163
 101    0.0000652  -0.00015122
 102    0.0001443  -0.00041005
 103    0.0001518  -0.00042013
 104    0.0004653  -0.00161248
 105    0.0000033  -0.00003392
 106    0.0000013  -0.00001293
 107    0.0000024  -0.00002596
 108    0.0000005  -0.00000523
 109    0.0000002  -0.00000216
 110    0.0000000  -0.00000008
 111    0.0000385  -0.00010243
 112    0.0000523  -0.00011779
 113    0.0001434  -0.00041134
 114    0.0001348  -0.00041752
 115    0.0003388  -0.00086193
 116    0.0000026  -0.00002774
 117    0.0000012  -0.00001179
 118    0.0000018  -0.00001991
 119    0.0000005  -0.00000494
 120    0.0000001  -0.00000134
 121    0.0000000  -0.00000008
 122    0.0000362  -0.00009308
 123    0.0000472  -0.00010908
 124    0.0000633  -0.00021847
 125    0.0000993  -0.00034408
 126    0.0001517  -0.00046628
 127    0.0000024  -0.00002677
 128    0.0000010  -0.00001205
 129    0.0000015  -0.00001397
 130    0.0000004  -0.00000427
 131    0.0000001  -0.00000097
 132    0.0000000  -0.00000008
 133    0.0000290  -0.00008028
 134    0.0000378  -0.00009563
 135    0.0000534  -0.00016895
 136    0.0000478  -0.00016357
 137    0.0000749  -0.00026673
 138    0.0000010  -0.00001073
 139    0.0000006  -0.00000591
 140    0.0000008  -0.00001389
 141    0.0000002  -0.00000243
 142    0.0000001  -0.00000081
 143    0.0000000  -0.00000007
 144    0.0000235  -0.00006535
 145    0.0000320  -0.00008912
 146    0.0000342  -0.00012220
 147    0.0000402  -0.00012692
 148    0.0000680  -0.00025405
 149    0.0000010  -0.00001661
 150    0.0000004  -0.00000454
 151    0.0000008  -0.00000790
 152    0.0000002  -0.00000211
 153    0.0000001  -0.00000063
 154    0.0000000  -0.00000008
 
----------------
 Final Energies 
----------------
Final NOF Total Energy =    -379.8084110
 
Total Orbital Internal Iterations = 10
Total Occupation Internal Iterations = 0
 
Elapsed time:   28.83 Seconds

---------------------------------
   Lowdin Population Analysis    
---------------------------------
 Idx  Atom   Population   Charge 
---------------------------------
  1     P    14.612       0.388
  2     C     6.210      -0.210
  3     H     1.178      -0.178

---------------------------------
   M Diagnostic: 0.04
---------------------------------

