Computing Integrals
Basis Set                                            = def2-qzvp
Auxiliary Basis Set                                  = def2-universal-jkfit
Gaussian Type                                        = Spherical
Elapsed time:    3.51 Seconds

Number of basis functions                   (NBF)    = 210
Number of auxiliary basis functions         (NBFAUX) = 568
Inactive Doubly occupied orbitals up to     (NO1)    = 0
No. considered Strongly Doubly occupied MOs (NDOC)   = 35
No. considered Strongly Singly occupied MOs (NSOC)   = 0
NO. of Weakly occ. per St. Doubly occ.  MOs (NCWO)   = 5
Dimension of the Nat. Orb. subspace         (NBF5)   = 210
No. of electrons                                     = 70
    No. of alpha electrons                           = 35
    No. of beta electrons                            = 35
Multiplicity                                         = 1

Geometry
========
Se      -1.1627977      -0.0165054      -0.5167534
Se       1.1627977       0.0165054      -0.5167534
 H      -1.3441117       1.0168305       0.5167534
 H       1.3441117      -1.0168305       0.5167534

No violations of the orthonormality
No violations of the orthonormality
 
PNOF8/ADABelief Calculation
==================
 
  Nitext  Nit_orb  Time   Nit_occ  Time         Eelec          Etot           Ediff      maxdiff    MaxGrad_orb  Grad_occ
     1      10    1.2e+01    0    1.2e+01 -5102.65060723 -4802.59427453 -15101.65060723   0.000854   3.4e-03   2.3e-04 0.04
 
RESULTS OF THE OCCUPATION OPTIMIZATION
========================================
   1    1.9999999  -460.87537490
   2    1.9999999  -460.87530808
   3    1.9999993  -57.70431387
   4    1.9999988  -57.59438537
   5    1.9999987  -57.54660716
   6    1.9999990  -57.47047711
   7    1.9999976  -54.34624426
   8    1.9999976  -54.34288060
   9    1.9999981  -54.33740592
  10    1.9999981  -54.33636537
  11    1.9997470  -8.98851479
  12    1.9997339  -8.98789681
  13    1.9995143  -6.71399733
  14    1.9994129  -6.71163209
  15    1.9993918  -6.71045590
  16    1.9993156  -6.70385476
  17    1.9992201  -6.70284613
  18    1.9991297  -6.70175223
  19    1.9905272  -2.68087006
  20    1.9913770  -2.68069768
  21    1.9965622  -2.68012626
  22    1.9940193  -2.67953151
  23    1.9949853  -2.67945645
  24    1.9946544  -2.67917613
  25    1.9901249  -2.67596181
  26    1.9905129  -2.67302451
  27    1.9901263  -2.66880414
  28    1.9905244  -2.66863032
  29    1.9743951  -0.94359844
  30    1.9727851  -0.92998983
  31    1.9630256  -0.54604833
  32    1.9632536  -0.54404094
  33    1.9595397  -0.48340024
  34    1.9664131  -0.40316252
  35    1.9655894  -0.39951227
  36    0.0114985  -0.02950090
  37    0.0153145  -0.03208404
  38    0.0382887  -0.06369829
  39    0.0299483  -0.04625538
  40    0.0306052  -0.04630168
  41    0.0120969  -0.03219846
  42    0.0112501  -0.03091701
  43    0.0091731  -0.04530908
  44    0.0092488  -0.04461658
  45    0.0090636  -0.04689560
  46    0.0087315  -0.04087078
  47    0.0048861  -0.02642253
  48    0.0040550  -0.02483126
  49    0.0046534  -0.02672537
  50    0.0027620  -0.01003177
  51    0.0080508  -0.04141900
  52    0.0088544  -0.05303490
  53    0.0007978  -0.01771992
  54    0.0007041  -0.01001548
  55    0.0005848  -0.00434880
  56    0.0004277  -0.00268726
  57    0.0005170  -0.00410712
  58    0.0003715  -0.00250202
  59    0.0002215  -0.00451389
  60    0.0001791  -0.00508202
  61    0.0000018  -0.00096778
  62    0.0000017  -0.00092706
  63    0.0000014  -0.00019329
  64    0.0000015  -0.00019202
  65    0.0000009  -0.00001155
  66    0.0000011  -0.00001439
  67    0.0000010  -0.00001257
  68    0.0000005  -0.00000817
  69    0.0000000  -0.00000114
  70    0.0000000  -0.00000128
  71    0.0111659  -0.02950972
  72    0.0142239  -0.03217645
  73    0.0010621  -0.00227642
  74    0.0023808  -0.00528581
  75    0.0022954  -0.00517448
  76    0.0118792  -0.03160858
  77    0.0104904  -0.03067538
  78    0.0000914  -0.00035254
  79    0.0004314  -0.00276241
  80    0.0002479  -0.00099483
  81    0.0008846  -0.00550951
  82    0.0001544  -0.00125784
  83    0.0006138  -0.00234932
  84    0.0010593  -0.01170670
  85    0.0002457  -0.00300570
  86    0.0003068  -0.00135971
  87    0.0004000  -0.00208872
  88    0.0000381  -0.00023142
  89    0.0000328  -0.00027303
  90    0.0000486  -0.00318699
  91    0.0001164  -0.00227996
  92    0.0000472  -0.00156072
  93    0.0000590  -0.00281432
  94    0.0000245  -0.00035721
  95    0.0000318  -0.00038460
  96    0.0000000  -0.00000194
  97    0.0000000  -0.00000249
  98    0.0000009  -0.00001307
  99    0.0000010  -0.00001414
 100    0.0000000  -0.00000165
 101    0.0000001  -0.00000311
 102    0.0000001  -0.00000258
 103    0.0000000  -0.00000093
 104    0.0000000  -0.00000016
 105    0.0000000  -0.00000017
 106    0.0106547  -0.02839332
 107    0.0019271  -0.00529200
 108    0.0005746  -0.00142883
 109    0.0019492  -0.00414416
 110    0.0018795  -0.00372168
 111    0.0012510  -0.00387285
 112    0.0018698  -0.00606475
 113    0.0000839  -0.00033137
 114    0.0000805  -0.00031589
 115    0.0000897  -0.00034744
 116    0.0000959  -0.00037381
 117    0.0001248  -0.00055412
 118    0.0001574  -0.00091268
 119    0.0001027  -0.00044224
 120    0.0002013  -0.00168067
 121    0.0001126  -0.00039406
 122    0.0000815  -0.00032487
 123    0.0000155  -0.00011047
 124    0.0000191  -0.00012632
 125    0.0000276  -0.00021230
 126    0.0000274  -0.00025939
 127    0.0000125  -0.00088039
 128    0.0000259  -0.00013933
 129    0.0000127  -0.00062183
 130    0.0000210  -0.00021712
 131    0.0000000  -0.00000129
 132    0.0000000  -0.00000227
 133    0.0000000  -0.00000007
 134    0.0000000  -0.00000011
 135    0.0000000  -0.00000133
 136    0.0000001  -0.00000273
 137    0.0000000  -0.00000217
 138    0.0000000  -0.00000082
 139    0.0000000  -0.00000016
 140    0.0000000  -0.00000015
 141    0.0007212  -0.00190654
 142    0.0011401  -0.00267402
 143    0.0003298  -0.00082857
 144    0.0014762  -0.00305668
 145    0.0016700  -0.00342487
 146    0.0010684  -0.00293681
 147    0.0011126  -0.00301621
 148    0.0000659  -0.00027084
 149    0.0000694  -0.00027802
 150    0.0000629  -0.00022992
 151    0.0000845  -0.00031353
 152    0.0001176  -0.00040033
 153    0.0000992  -0.00042685
 154    0.0000993  -0.00038011
 155    0.0001801  -0.00092253
 156    0.0000838  -0.00030285
 157    0.0000765  -0.00031832
 158    0.0000119  -0.00026376
 159    0.0000139  -0.00030397
 160    0.0000143  -0.00016262
 161    0.0000257  -0.00014324
 162    0.0000062  -0.00014214
 163    0.0000206  -0.00015536
 164    0.0000049  -0.00032697
 165    0.0000152  -0.00025580
 166    0.0000000  -0.00000078
 167    0.0000000  -0.00000181
 168    0.0000000  -0.00000006
 169    0.0000000  -0.00000010
 170    0.0000000  -0.00000086
 171    0.0000000  -0.00000203
 172    0.0000000  -0.00000120
 173    0.0000000  -0.00000070
 174    0.0000000  -0.00000010
 175    0.0000000  -0.00000008
 176    0.0003704  -0.00107079
 177    0.0009813  -0.00235855
 178    0.0002051  -0.00046955
 179    0.0009919  -0.00206485
 180    0.0005243  -0.00127658
 181    0.0009195  -0.00236071
 182    0.0008820  -0.00233010
 183    0.0000614  -0.00026038
 184    0.0000434  -0.00019755
 185    0.0000230  -0.00011108
 186    0.0000787  -0.00031285
 187    0.0000626  -0.00023218
 188    0.0000892  -0.00030760
 189    0.0000660  -0.00024797
 190    0.0000486  -0.00019405
 191    0.0000690  -0.00025097
 192    0.0000603  -0.00022758
 193    0.0000070  -0.00006928
 194    0.0000100  -0.00046627
 195    0.0000091  -0.00010285
 196    0.0000110  -0.00101105
 197    0.0000043  -0.00004182
 198    0.0000087  -0.00034488
 199    0.0000024  -0.00004566
 200    0.0000059  -0.00030018
 201    0.0000000  -0.00000022
 202    0.0000000  -0.00000043
 203    0.0000000  -0.00000005
 204    0.0000000  -0.00000008
 205    0.0000000  -0.00000073
 206    0.0000000  -0.00000113
 207    0.0000000  -0.00000084
 208    0.0000000  -0.00000065
 209    0.0000000  -0.00000006
 210    0.0000000  -0.00000008
 
----------------
 Final Energies 
----------------
Final NOF Total Energy =   -4802.5942745
 
Total Orbital Internal Iterations = 10
Total Occupation Internal Iterations = 0
 
Elapsed time:   31.78 Seconds

---------------------------------
   Lowdin Population Analysis    
---------------------------------
 Idx  Atom   Population   Charge 
---------------------------------
  1    Se    33.727       0.273
  2    Se    33.721       0.279
  3     H     1.275      -0.275
  4     H     1.277      -0.277

---------------------------------
   M Diagnostic: 0.04
---------------------------------

