Computing Integrals
Basis Set                                            = def2-qzvp
Auxiliary Basis Set                                  = def2-universal-jkfit
Gaussian Type                                        = Spherical
Elapsed time:    2.58 Seconds

Number of basis functions                   (NBF)    = 187
Number of auxiliary basis functions         (NBFAUX) = 239
Inactive Doubly occupied orbitals up to     (NO1)    = 0
No. considered Strongly Doubly occupied MOs (NDOC)   = 12
No. considered Strongly Singly occupied MOs (NSOC)   = 0
NO. of Weakly occ. per St. Doubly occ.  MOs (NCWO)   = 14
Dimension of the Nat. Orb. subspace         (NBF5)   = 180
No. of electrons                                     = 24
    No. of alpha electrons                           = 12
    No. of beta electrons                            = 12
Multiplicity                                         = 1

Geometry
========
 S       0.0000000       0.0000000       1.4943318
 C       0.0000000       0.0000000      -0.1100613
 H      -0.9184864       0.0000000      -0.6921352
 H       0.9184864       0.0000000      -0.6921352

No violations of the orthonormality
No violations of the orthonormality
 
PNOF8/ADABelief Calculation
==================
 
  Nitext  Nit_orb  Time   Nit_occ  Time         Eelec          Etot           Ediff      maxdiff    MaxGrad_orb  Grad_occ
     1      10    1.1e+01    0    1.2e+01  -482.24027034  -437.30850085 -10481.24027034   0.008853   3.5e-02   2.8e-04 0.04
     2      30    5.3e+00    0    1.2e-01  -482.24027034  -437.30850085     0.00000000   0.008853   3.5e-02   2.8e-04 0.04
     3      50    8.4e+00    5    3.3e-01  -482.24049069  -437.30872120    -0.00022035   0.005658   2.3e-02   2.4e-04 0.04
     4      50    8.2e+00    5    2.9e-01  -482.24051219  -437.30874270    -0.00002150   0.006793   2.7e-02   2.4e-04 0.04
     5      50    8.4e+00    3    2.3e-01  -482.24057322  -437.30880373    -0.00006103   0.006191   2.5e-02   2.1e-04 0.04
     6      50    8.3e+00    1    1.8e-01  -482.24060111  -437.30883161    -0.00002789   0.007280   2.9e-02   1.9e-04 0.04
     7      50    8.5e+00    0    9.1e-02  -482.24061874  -437.30884925    -0.00001763   0.006418   2.6e-02   2.2e-04 0.04
     8      60    1.0e+01    3    2.4e-01  -482.24070825  -437.30893876    -0.00008951   0.004476   1.8e-02   2.7e-04 0.04
     9      60    1.0e+01    0    9.0e-02  -482.24071454  -437.30894505    -0.00000629   0.004476   1.8e-02   2.7e-04 0.04
    10      80    1.3e+01    7    4.1e-01  -482.24088643  -437.30911694    -0.00017189   0.000710   2.8e-03   1.9e-04 0.04
 
RESULTS OF THE OCCUPATION OPTIMIZATION
========================================
   1    1.9999993  -92.01478732
   2    1.9999641  -11.31452762
   3    1.9995554  -8.96994358
   4    1.9992437  -6.67428337
   5    1.9993259  -6.66634984
   6    1.9992748  -6.66357708
   7    1.9791763  -1.04644434
   8    1.9777024  -0.82120128
   9    1.9671835  -0.65115217
  10    1.9642219  -0.55727494
  11    1.9702124  -0.44732351
  12    1.9530757  -0.44620016
  13    0.0376658  -0.04420691
  14    0.0092352  -0.01831128
  15    0.0247869  -0.03877912
  16    0.0152238  -0.02152236
  17    0.0064324  -0.01789143
  18    0.0069211  -0.01559697
  19    0.0006510  -0.01030677
  20    0.0005362  -0.00879637
  21    0.0006996  -0.01250053
  22    0.0004159  -0.00762512
  23    0.0000338  -0.00073958
  24    0.0000007  -0.00000814
  25    0.0080209  -0.01129339
  26    0.0075557  -0.01284577
  27    0.0072547  -0.01201777
  28    0.0114716  -0.01843396
  29    0.0046698  -0.01487393
  30    0.0069119  -0.02163937
  31    0.0000219  -0.00092644
  32    0.0000942  -0.00342087
  33    0.0000174  -0.00014004
  34    0.0000063  -0.00018904
  35    0.0000004  -0.00000461
  36    0.0000000  -0.00000022
  37    0.0007051  -0.00134312
  38    0.0036364  -0.00870483
  39    0.0008960  -0.00191357
  40    0.0031485  -0.00575072
  41    0.0038048  -0.01243739
  42    0.0026951  -0.01007119
  43    0.0000118  -0.00027111
  44    0.0000111  -0.00008133
  45    0.0000117  -0.00009096
  46    0.0000052  -0.00004918
  47    0.0000003  -0.00000392
  48    0.0000000  -0.00000021
  49    0.0001260  -0.00031546
  50    0.0031208  -0.00818973
  51    0.0008507  -0.00178900
  52    0.0009963  -0.00223400
  53    0.0018963  -0.00748643
  54    0.0019347  -0.00755222
  55    0.0000103  -0.00009878
  56    0.0000073  -0.00006733
  57    0.0000086  -0.00008207
  58    0.0000039  -0.00032272
  59    0.0000003  -0.00000383
  60    0.0000000  -0.00000021
  61    0.0000660  -0.00015967
  62    0.0027351  -0.00797775
  63    0.0005368  -0.00119642
  64    0.0006724  -0.00157113
  65    0.0018392  -0.00738504
  66    0.0009221  -0.00367431
  67    0.0000072  -0.00005778
  68    0.0000065  -0.00005786
  69    0.0000041  -0.00004584
  70    0.0000035  -0.00003450
  71    0.0000002  -0.00000266
  72    0.0000000  -0.00000012
  73    0.0000569  -0.00014313
  74    0.0019936  -0.00594087
  75    0.0005304  -0.00112592
  76    0.0004584  -0.00105889
  77    0.0014734  -0.00535782
  78    0.0003769  -0.00143127
  79    0.0000061  -0.00005186
  80    0.0000046  -0.00007468
  81    0.0000035  -0.00003400
  82    0.0000023  -0.00007079
  83    0.0000002  -0.00000254
  84    0.0000000  -0.00000013
  85    0.0000516  -0.00013805
  86    0.0004216  -0.00099561
  87    0.0002809  -0.00071776
  88    0.0002660  -0.00064667
  89    0.0009579  -0.00377188
  90    0.0002921  -0.00094269
  91    0.0000048  -0.00007394
  92    0.0000040  -0.00003930
  93    0.0000033  -0.00003317
  94    0.0000021  -0.00002963
  95    0.0000001  -0.00000138
  96    0.0000000  -0.00000011
  97    0.0000431  -0.00012185
  98    0.0003154  -0.00081140
  99    0.0002212  -0.00063154
 100    0.0001900  -0.00048299
 101    0.0005619  -0.00156249
 102    0.0002206  -0.00113199
 103    0.0000037  -0.00006700
 104    0.0000030  -0.00006408
 105    0.0000031  -0.00003551
 106    0.0000014  -0.00001355
 107    0.0000001  -0.00000147
 108    0.0000000  -0.00000010
 109    0.0000417  -0.00011736
 110    0.0002478  -0.00077271
 111    0.0001338  -0.00036943
 112    0.0001463  -0.00041267
 113    0.0003044  -0.00090248
 114    0.0001508  -0.00081660
 115    0.0000029  -0.00004397
 116    0.0000027  -0.00004650
 117    0.0000020  -0.00002490
 118    0.0000011  -0.00001051
 119    0.0000001  -0.00000113
 120    0.0000000  -0.00000008
 121    0.0000393  -0.00011126
 122    0.0002311  -0.00076758
 123    0.0001063  -0.00031360
 124    0.0001227  -0.00036083
 125    0.0001519  -0.00063229
 126    0.0001272  -0.00057569
 127    0.0000023  -0.00008058
 128    0.0000019  -0.00001739
 129    0.0000009  -0.00001704
 130    0.0000009  -0.00002019
 131    0.0000001  -0.00000090
 132    0.0000000  -0.00000007
 133    0.0000361  -0.00010102
 134    0.0001468  -0.00051197
 135    0.0000686  -0.00019847
 136    0.0000577  -0.00016108
 137    0.0000856  -0.00026451
 138    0.0001008  -0.00039619
 139    0.0000017  -0.00001630
 140    0.0000015  -0.00001451
 141    0.0000009  -0.00001444
 142    0.0000007  -0.00000711
 143    0.0000000  -0.00000051
 144    0.0000000  -0.00000008
 145    0.0000346  -0.00009479
 146    0.0000578  -0.00017671
 147    0.0000491  -0.00015819
 148    0.0000341  -0.00011328
 149    0.0000624  -0.00020649
 150    0.0000804  -0.00028442
 151    0.0000009  -0.00002303
 152    0.0000006  -0.00000527
 153    0.0000006  -0.00000532
 154    0.0000006  -0.00000813
 155    0.0000000  -0.00000050
 156    0.0000000  -0.00000008
 157    0.0000325  -0.00009768
 158    0.0000483  -0.00016737
 159    0.0000457  -0.00014468
 160    0.0000178  -0.00007186
 161    0.0000427  -0.00015492
 162    0.0000616  -0.00019867
 163    0.0000004  -0.00000360
 164    0.0000003  -0.00000313
 165    0.0000002  -0.00000235
 166    0.0000003  -0.00000237
 167    0.0000000  -0.00000047
 168    0.0000000  -0.00000006
 169    0.0000047  -0.00002013
 170    0.0000419  -0.00013988
 171    0.0000171  -0.00007305
 172    0.0000110  -0.00005478
 173    0.0000149  -0.00008371
 174    0.0000285  -0.00012875
 175    0.0000001  -0.00000147
 176    0.0000002  -0.00000163
 177    0.0000002  -0.00000214
 178    0.0000001  -0.00000104
 179    0.0000000  -0.00000041
 180    0.0000000  -0.00000006
 
----------------
 Final Energies 
----------------
Final NOF Total Energy =    -437.3091169
 
Total Orbital Internal Iterations = 490
Total Occupation Internal Iterations = 24
 
Elapsed time:  114.37 Seconds

---------------------------------
   Lowdin Population Analysis    
---------------------------------
 Idx  Atom   Population   Charge 
---------------------------------
  1     S    15.593       0.407
  2     C     6.177      -0.177
  3     H     1.115      -0.115
  4     H     1.114      -0.114

---------------------------------
   M Diagnostic: 0.04
---------------------------------

