Computing Integrals
Basis Set                                            = def2-qzvp
Auxiliary Basis Set                                  = def2-universal-jkfit
Gaussian Type                                        = Spherical
Elapsed time:    4.54 Seconds

Number of basis functions                   (NBF)    = 280
Number of auxiliary basis functions         (NBFAUX) = 512
Inactive Doubly occupied orbitals up to     (NO1)    = 0
No. considered Strongly Doubly occupied MOs (NDOC)   = 36
No. considered Strongly Singly occupied MOs (NSOC)   = 0
NO. of Weakly occ. per St. Doubly occ.  MOs (NCWO)   = 6
Dimension of the Nat. Orb. subspace         (NBF5)   = 252
No. of electrons                                     = 72
    No. of alpha electrons                           = 36
    No. of beta electrons                            = 36
Multiplicity                                         = 1

Geometry
========
Ar       1.4011941      -1.4011941       1.4011941
Ar      -1.4011941       1.4011941       1.4011941
Ar      -1.4011941      -1.4011941      -1.4011941
Ar       1.4011941       1.4011941      -1.4011941

No violations of the orthonormality
No violations of the orthonormality
 
PNOF8/ADABelief Calculation
==================
 
  Nitext  Nit_orb  Time   Nit_occ  Time         Eelec          Etot           Ediff      maxdiff    MaxGrad_orb  Grad_occ
     1      10    1.4e+01    0    1.2e+01 -2369.25283839 -2109.68360801 -12368.25283839   0.000896   3.6e-03   2.3e-04 0.03
 
RESULTS OF THE OCCUPATION OPTIMIZATION
========================================
   1    1.9999990  -118.67463296
   2    1.9999968  -118.67459522
   3    1.9999948  -118.67444591
   4    1.9999989  -118.67430473
   5    1.9995830  -12.34934154
   6    1.9995787  -12.34898471
   7    1.9995867  -12.34859910
   8    1.9996362  -12.34818844
   9    1.9990967  -9.60322201
  10    1.9990762  -9.60278933
  11    1.9991576  -9.60237048
  12    1.9990951  -9.60216468
  13    1.9988285  -9.60158702
  14    1.9989448  -9.60140254
  15    1.9989083  -9.60127562
  16    1.9988407  -9.60095826
  17    1.9989426  -9.60077203
  18    1.9987822  -9.60058598
  19    1.9989156  -9.60046149
  20    1.9987959  -9.59990821
  21    1.9842789  -1.30640875
  22    1.9843419  -1.30625991
  23    1.9815889  -1.30440044
  24    1.9789256  -1.30279434
  25    1.9701275  -0.62215596
  26    1.9720122  -0.62212876
  27    1.9727108  -0.62206723
  28    1.9699053  -0.62174870
  29    1.9696077  -0.62112838
  30    1.9672829  -0.62057220
  31    1.9672143  -0.62044697
  32    1.9666379  -0.62042993
  33    1.9648843  -0.62014283
  34    1.9646253  -0.61986655
  35    1.9681772  -0.61984198
  36    1.9645865  -0.61982690
  37    0.0127173  -0.02298318
  38    0.0139188  -0.02431599
  39    0.0128164  -0.02296925
  40    0.0127947  -0.02310234
  41    0.0151585  -0.02472175
  42    0.0141083  -0.02411545
  43    0.0142482  -0.02439918
  44    0.0127735  -0.02349519
  45    0.0125304  -0.02329347
  46    0.0133627  -0.02447215
  47    0.0148825  -0.02489976
  48    0.0124853  -0.02332328
  49    0.0097229  -0.02298688
  50    0.0077944  -0.03236969
  51    0.0089329  -0.03378464
  52    0.0088776  -0.03374132
  53    0.0008938  -0.01047129
  54    0.0009140  -0.01071556
  55    0.0008974  -0.01060756
  56    0.0008697  -0.01014952
  57    0.0009023  -0.01060007
  58    0.0009086  -0.01056931
  59    0.0009178  -0.01059402
  60    0.0009030  -0.01056335
  61    0.0005455  -0.01329619
  62    0.0005623  -0.01377974
  63    0.0005753  -0.01383821
  64    0.0005772  -0.01405901
  65    0.0003124  -0.00966066
  66    0.0003223  -0.00998319
  67    0.0003260  -0.00998947
  68    0.0003276  -0.00997550
  69    0.0000011  -0.00003685
  70    0.0000015  -0.00041811
  71    0.0000016  -0.00044428
  72    0.0000010  -0.00003649
  73    0.0124439  -0.02241603
  74    0.0137496  -0.02415617
  75    0.0123895  -0.02236300
  76    0.0125854  -0.02264660
  77    0.0149231  -0.02455530
  78    0.0140532  -0.02410913
  79    0.0139140  -0.02395053
  80    0.0077226  -0.02104663
  81    0.0080894  -0.02129134
  82    0.0082470  -0.02192816
  83    0.0092061  -0.02222037
  84    0.0081646  -0.02125610
  85    0.0077894  -0.03226564
  86    0.0065177  -0.02198824
  87    0.0023972  -0.01200052
  88    0.0023767  -0.01198876
  89    0.0001940  -0.00594025
  90    0.0000678  -0.00248577
  91    0.0001991  -0.00611784
  92    0.0000697  -0.00213487
  93    0.0001975  -0.00602888
  94    0.0000711  -0.00321888
  95    0.0000718  -0.00261033
  96    0.0001970  -0.00597635
  97    0.0002040  -0.00620943
  98    0.0002092  -0.00643838
  99    0.0002353  -0.00774483
 100    0.0002023  -0.00615405
 101    0.0000159  -0.00016749
 102    0.0000554  -0.00076590
 103    0.0000530  -0.00097374
 104    0.0000512  -0.00060160
 105    0.0000000  -0.00000341
 106    0.0000014  -0.00040462
 107    0.0000007  -0.00002945
 108    0.0000000  -0.00000107
 109    0.0081478  -0.02027090
 110    0.0023257  -0.01021743
 111    0.0080741  -0.02031046
 112    0.0080470  -0.02036217
 113    0.0009450  -0.00400316
 114    0.0024039  -0.00985676
 115    0.0023016  -0.00974979
 116    0.0076163  -0.02078143
 117    0.0076527  -0.02067392
 118    0.0023221  -0.01070325
 119    0.0024304  -0.01071355
 120    0.0073890  -0.02076358
 121    0.0021519  -0.01138596
 122    0.0021722  -0.01164188
 123    0.0023827  -0.01204931
 124    0.0023554  -0.01197229
 125    0.0000647  -0.00166182
 126    0.0000607  -0.00065186
 127    0.0000672  -0.00224813
 128    0.0000683  -0.00227043
 129    0.0000190  -0.00017779
 130    0.0000629  -0.00070227
 131    0.0000182  -0.00017461
 132    0.0000193  -0.00017857
 133    0.0000650  -0.00087611
 134    0.0000190  -0.00017906
 135    0.0000630  -0.00065577
 136    0.0000699  -0.00099860
 137    0.0000101  -0.00085375
 138    0.0000137  -0.00021477
 139    0.0000151  -0.00016326
 140    0.0000119  -0.00045026
 141    0.0000000  -0.00000237
 142    0.0000013  -0.00033024
 143    0.0000004  -0.00002312
 144    0.0000000  -0.00000103
 145    0.0007241  -0.00188470
 146    0.0007931  -0.00200669
 147    0.0007331  -0.00191083
 148    0.0007349  -0.00194184
 149    0.0008200  -0.00200193
 150    0.0007803  -0.00197825
 151    0.0007753  -0.00197531
 152    0.0007801  -0.00207246
 153    0.0007928  -0.00209418
 154    0.0022793  -0.01072218
 155    0.0008776  -0.00216862
 156    0.0007908  -0.00209209
 157    0.0007783  -0.00559409
 158    0.0008114  -0.00618824
 159    0.0008588  -0.00669008
 160    0.0008889  -0.00678697
 161    0.0000194  -0.00017895
 162    0.0000171  -0.00017088
 163    0.0000187  -0.00017691
 164    0.0000167  -0.00016948
 165    0.0000166  -0.00016880
 166    0.0000170  -0.00017035
 167    0.0000175  -0.00017165
 168    0.0000193  -0.00017833
 169    0.0000626  -0.00078672
 170    0.0000187  -0.00017832
 171    0.0000179  -0.00017402
 172    0.0000191  -0.00017887
 173    0.0000094  -0.00018861
 174    0.0000086  -0.00040805
 175    0.0000105  -0.00036128
 176    0.0000104  -0.00039785
 177    0.0000000  -0.00000245
 178    0.0000006  -0.00002820
 179    0.0000003  -0.00001898
 180    0.0000000  -0.00000102
 181    0.0007071  -0.00187799
 182    0.0007867  -0.00200162
 183    0.0007073  -0.00188854
 184    0.0007301  -0.00190475
 185    0.0008129  -0.00199519
 186    0.0007752  -0.00197343
 187    0.0007401  -0.00193733
 188    0.0007790  -0.00207800
 189    0.0007793  -0.00208831
 190    0.0008089  -0.00212350
 191    0.0003379  -0.00185025
 192    0.0007851  -0.00209716
 193    0.0003315  -0.00200945
 194    0.0008017  -0.00621298
 195    0.0007957  -0.00655416
 196    0.0008194  -0.00643557
 197    0.0000192  -0.00017834
 198    0.0000141  -0.00015803
 199    0.0000179  -0.00017324
 200    0.0000165  -0.00016874
 201    0.0000125  -0.00025896
 202    0.0000169  -0.00016980
 203    0.0000152  -0.00016282
 204    0.0000171  -0.00017039
 205    0.0000168  -0.00016983
 206    0.0000185  -0.00017740
 207    0.0000164  -0.00016780
 208    0.0000186  -0.00017697
 209    0.0000088  -0.00009928
 210    0.0000076  -0.00009500
 211    0.0000090  -0.00013035
 212    0.0000085  -0.00013691
 213    0.0000000  -0.00000229
 214    0.0000003  -0.00002000
 215    0.0000002  -0.00001599
 216    0.0000000  -0.00000100
 217    0.0006733  -0.00188349
 218    0.0002489  -0.00134721
 219    0.0006543  -0.00184475
 220    0.0002236  -0.00122884
 221    0.0007026  -0.00188548
 222    0.0006647  -0.00186904
 223    0.0007379  -0.00193572
 224    0.0007208  -0.00195824
 225    0.0002501  -0.00135183
 226    0.0002691  -0.00143798
 227    0.0002532  -0.00141681
 228    0.0002577  -0.00138419
 229    0.0003005  -0.00178526
 230    0.0003137  -0.00193049
 231    0.0002908  -0.00169518
 232    0.0004031  -0.00243298
 233    0.0000130  -0.00047410
 234    0.0000106  -0.00023744
 235    0.0000175  -0.00017245
 236    0.0000165  -0.00016844
 237    0.0000114  -0.00055531
 238    0.0000151  -0.00016204
 239    0.0000147  -0.00017194
 240    0.0000159  -0.00023379
 241    0.0000109  -0.00015234
 242    0.0000147  -0.00016191
 243    0.0000159  -0.00016608
 244    0.0000161  -0.00016706
 245    0.0000071  -0.00029505
 246    0.0000056  -0.00053016
 247    0.0000078  -0.00031550
 248    0.0000074  -0.00034466
 249    0.0000000  -0.00000221
 250    0.0000001  -0.00001176
 251    0.0000001  -0.00001078
 252    0.0000000  -0.00000099
 
----------------
 Final Energies 
----------------
Final NOF Total Energy =   -2109.6836080
 
Total Orbital Internal Iterations = 10
Total Occupation Internal Iterations = 0
 
Elapsed time:   34.24 Seconds

---------------------------------
   Lowdin Population Analysis    
---------------------------------
 Idx  Atom   Population   Charge 
---------------------------------
  1    Ar    18.000       0.000
  2    Ar    18.001      -0.001
  3    Ar    18.000       0.000
  4    Ar    18.000       0.000

---------------------------------
   M Diagnostic: 0.03
---------------------------------

