Computing Integrals
Basis Set                                            = def2-qzvp
Auxiliary Basis Set                                  = def2-universal-jkfit
Gaussian Type                                        = Spherical
Elapsed time:    1.65 Seconds

Number of basis functions                   (NBF)    = 70
Number of auxiliary basis functions         (NBFAUX) = 128
Inactive Doubly occupied orbitals up to     (NO1)    = 0
No. considered Strongly Doubly occupied MOs (NDOC)   = 6
No. considered Strongly Singly occupied MOs (NSOC)   = 1
NO. of Weakly occ. per St. Doubly occ.  MOs (NCWO)   = 10
Dimension of the Nat. Orb. subspace         (NBF5)   = 67
No. of electrons                                     = 13
    No. of alpha electrons                           = 7
    No. of beta electrons                            = 6
Multiplicity                                         = 2

Geometry
========
Al       0.0000000       0.0000000       0.0000000

No violations of the orthonormality
No violations of the orthonormality
 
PNOF8/ADABelief Calculation
==================
 
  Nitext  Nit_orb  Time   Nit_occ  Time         Eelec          Etot           Ediff      maxdiff    MaxGrad_orb  Grad_occ
     1      10    9.0e+00    0    1.2e+01  -242.15410207  -242.15410207 -10241.15410207   0.000863   3.5e-03   2.1e-04 0.02
 
RESULTS OF THE OCCUPATION OPTIMIZATION
========================================
   1    1.9999957  -58.57030475
   2    1.9981134  -4.93449177
   3    1.9940743  -3.24722011
   4    1.9930361  -3.24544683
   5    1.9934902  -3.24436967
   6    1.9689184  -0.41343914
   7    1.0000000  -0.11307654
   8    0.0142700  -0.02145143
   9    0.0057927  -0.02560390
  10    0.0046414  -0.02235081
  11    0.0054140  -0.03228113
  12    0.0014357  -0.00866346
  13    0.0000042  -0.00035574
  14    0.0033077  -0.00719918
  15    0.0004324  -0.00420721
  16    0.0019839  -0.00920569
  17    0.0003251  -0.00172525
  18    0.0003602  -0.00455236
  19    0.0000000  -0.00000105
  20    0.0032726  -0.00737277
  21    0.0001018  -0.00048263
  22    0.0001808  -0.00099063
  23    0.0001096  -0.00043573
  24    0.0000487  -0.00048822
  25    0.0000000  -0.00000088
  26    0.0030901  -0.00711690
  27    0.0000800  -0.00137506
  28    0.0000433  -0.00044807
  29    0.0000256  -0.00012023
  30    0.0000122  -0.00038415
  31    0.0000000  -0.00000055
  32    0.0028620  -0.00721235
  33    0.0000332  -0.00014837
  34    0.0000279  -0.00013517
  35    0.0000156  -0.00007581
  36    0.0000088  -0.00003252
  37    0.0000000  -0.00000047
  38    0.0016222  -0.00277467
  39    0.0000298  -0.00013206
  40    0.0000260  -0.00012118
  41    0.0000098  -0.00003504
  42    0.0000049  -0.00002021
  43    0.0000000  -0.00000045
  44    0.0011386  -0.00212707
  45    0.0000139  -0.00007107
  46    0.0000208  -0.00009266
  47    0.0000081  -0.00002939
  48    0.0000046  -0.00001731
  49    0.0000000  -0.00000047
  50    0.0009444  -0.00168188
  51    0.0000122  -0.00005569
  52    0.0000190  -0.00034675
  53    0.0000072  -0.00002814
  54    0.0000041  -0.00001480
  55    0.0000000  -0.00000044
  56    0.0004009  -0.00070836
  57    0.0000071  -0.00002618
  58    0.0000111  -0.00012294
  59    0.0000065  -0.00002622
  60    0.0000038  -0.00001177
  61    0.0000000  -0.00000030
  62    0.0001731  -0.00027947
  63    0.0000068  -0.00002577
  64    0.0000097  -0.00004546
  65    0.0000042  -0.00001411
  66    0.0000038  -0.00001180
  67    0.0000000  -0.00000027
 
----------------
 Final Energies 
----------------
Final NOF Total Energy =    -242.1541021
 
Total Orbital Internal Iterations = 10
Total Occupation Internal Iterations = 0
 
Elapsed time:   26.93 Seconds

---------------------------------
   Lowdin Population Analysis    
---------------------------------
 Idx  Atom   Population   Charge 
---------------------------------
  1    Al    13.000      -0.000

---------------------------------
   M Diagnostic: 0.02
---------------------------------

