Computing Integrals
Basis Set                                            = def2-qzvp
Auxiliary Basis Set                                  = def2-universal-jkfit
Gaussian Type                                        = Spherical
Elapsed time:    2.67 Seconds

Number of basis functions                   (NBF)    = 171
Number of auxiliary basis functions         (NBFAUX) = 229
Inactive Doubly occupied orbitals up to     (NO1)    = 0
No. considered Strongly Doubly occupied MOs (NDOC)   = 12
No. considered Strongly Singly occupied MOs (NSOC)   = 0
NO. of Weakly occ. per St. Doubly occ.  MOs (NCWO)   = 13
Dimension of the Nat. Orb. subspace         (NBF5)   = 168
No. of electrons                                     = 24
    No. of alpha electrons                           = 12
    No. of beta electrons                            = 12
Multiplicity                                         = 1

Geometry
========
 C       0.0000000       0.0000000       0.5932620
 F       0.0000000       1.0279900      -0.1977540
 F       0.0000000      -1.0279900      -0.1977540

No violations of the orthonormality
No violations of the orthonormality
 
PNOF8/ADABelief Calculation
==================
 
  Nitext  Nit_orb  Time   Nit_occ  Time         Eelec          Etot           Ediff      maxdiff    MaxGrad_orb  Grad_occ
     1      10    1.0e+01    0    1.2e+01  -302.50901919  -237.60032850 -10301.50901919   0.000494   2.0e-03   1.8e-04 0.04
 
RESULTS OF THE OCCUPATION OPTIMIZATION
========================================
   1    1.9999815  -26.42620701
   2    1.9999823  -26.42595271
   3    1.9999435  -11.44556551
   4    1.9877813  -1.76110995
   5    1.9865961  -1.69713343
   6    1.9672780  -0.91982779
   7    1.9673845  -0.91205701
   8    1.9762014  -0.83208350
   9    1.9779859  -0.82503222
  10    1.9774264  -0.82496320
  11    1.9779668  -0.76135103
  12    1.9594360  -0.55336636
  13    0.0359874  -0.04764283
  14    0.0119282  -0.02391280
  15    0.0086448  -0.01681042
  16    0.0101229  -0.02298779
  17    0.0107240  -0.02077400
  18    0.0287983  -0.04997953
  19    0.0286416  -0.04935178
  20    0.0056163  -0.01325725
  21    0.0068946  -0.01765513
  22    0.0000241  -0.00054056
  23    0.0000109  -0.00045087
  24    0.0000110  -0.00045738
  25    0.0040281  -0.00824613
  26    0.0049490  -0.01029397
  27    0.0054166  -0.01209495
  28    0.0048626  -0.01084215
  29    0.0044123  -0.01033732
  30    0.0028210  -0.00807219
  31    0.0032954  -0.00852919
  32    0.0042522  -0.01096859
  33    0.0023898  -0.00863343
  34    0.0000074  -0.00009658
  35    0.0000023  -0.00004444
  36    0.0000024  -0.00004430
  37    0.0001350  -0.00043690
  38    0.0016410  -0.00444410
  39    0.0046233  -0.01023148
  40    0.0046060  -0.01062315
  41    0.0043104  -0.01002929
  42    0.0003339  -0.00122546
  43    0.0002646  -0.00103071
  44    0.0008954  -0.00400414
  45    0.0009456  -0.00333690
  46    0.0000067  -0.00008501
  47    0.0000014  -0.00003082
  48    0.0000011  -0.00003562
  49    0.0001094  -0.00031026
  50    0.0015144  -0.00342115
  51    0.0014572  -0.00397077
  52    0.0006963  -0.00237230
  53    0.0027094  -0.00841784
  54    0.0002649  -0.00103493
  55    0.0002582  -0.00103671
  56    0.0008366  -0.00544242
  57    0.0007544  -0.00598153
  58    0.0000058  -0.00008592
  59    0.0000008  -0.00002565
  60    0.0000010  -0.00002654
  61    0.0000867  -0.00031992
  62    0.0007145  -0.00239904
  63    0.0007802  -0.00224210
  64    0.0005094  -0.00199015
  65    0.0005747  -0.00181761
  66    0.0002442  -0.00097333
  67    0.0000866  -0.00030292
  68    0.0006311  -0.00421206
  69    0.0003237  -0.00129267
  70    0.0000052  -0.00007765
  71    0.0000006  -0.00002122
  72    0.0000007  -0.00002948
  73    0.0000689  -0.00022811
  74    0.0003542  -0.00127028
  75    0.0005906  -0.00206744
  76    0.0004483  -0.00165786
  77    0.0002934  -0.00108698
  78    0.0000384  -0.00016567
  79    0.0000649  -0.00027410
  80    0.0003773  -0.00164326
  81    0.0003038  -0.00125880
  82    0.0000024  -0.00006045
  83    0.0000004  -0.00004013
  84    0.0000006  -0.00002542
  85    0.0000456  -0.00020489
  86    0.0003515  -0.00124560
  87    0.0004192  -0.00167153
  88    0.0002925  -0.00107211
  89    0.0002837  -0.00108357
  90    0.0000267  -0.00014160
  91    0.0000173  -0.00012905
  92    0.0003223  -0.00129537
  93    0.0002979  -0.00121111
  94    0.0000012  -0.00002958
  95    0.0000003  -0.00000731
  96    0.0000004  -0.00001356
  97    0.0000251  -0.00008194
  98    0.0003289  -0.00118742
  99    0.0003133  -0.00114384
 100    0.0002876  -0.00107968
 101    0.0001759  -0.00069275
 102    0.0000154  -0.00012215
 103    0.0000162  -0.00012128
 104    0.0002755  -0.00124512
 105    0.0001247  -0.00186340
 106    0.0000012  -0.00003505
 107    0.0000002  -0.00000323
 108    0.0000004  -0.00002662
 109    0.0000240  -0.00008357
 110    0.0001234  -0.00054598
 111    0.0002174  -0.00105488
 112    0.0000815  -0.00033548
 113    0.0001480  -0.00058890
 114    0.0000153  -0.00011589
 115    0.0000162  -0.00012112
 116    0.0001010  -0.00153035
 117    0.0000984  -0.00086785
 118    0.0000009  -0.00002055
 119    0.0000002  -0.00000314
 120    0.0000003  -0.00000991
 121    0.0000153  -0.00010795
 122    0.0000480  -0.00028864
 123    0.0000468  -0.00025356
 124    0.0000378  -0.00021169
 125    0.0001063  -0.00036914
 126    0.0000153  -0.00011816
 127    0.0000156  -0.00011905
 128    0.0000305  -0.00018782
 129    0.0000251  -0.00018189
 130    0.0000006  -0.00001327
 131    0.0000002  -0.00000242
 132    0.0000002  -0.00000626
 133    0.0000141  -0.00010781
 134    0.0000364  -0.00018570
 135    0.0000238  -0.00016014
 136    0.0000258  -0.00015732
 137    0.0000221  -0.00014888
 138    0.0000148  -0.00011131
 139    0.0000154  -0.00012123
 140    0.0000245  -0.00017757
 141    0.0000230  -0.00017651
 142    0.0000005  -0.00001497
 143    0.0000002  -0.00000186
 144    0.0000002  -0.00000419
 145    0.0000134  -0.00010620
 146    0.0000229  -0.00015796
 147    0.0000223  -0.00014871
 148    0.0000228  -0.00015731
 149    0.0000204  -0.00014233
 150    0.0000144  -0.00011548
 151    0.0000152  -0.00011963
 152    0.0000218  -0.00016455
 153    0.0000189  -0.00014090
 154    0.0000004  -0.00001199
 155    0.0000001  -0.00000173
 156    0.0000002  -0.00000270
 157    0.0000112  -0.00008656
 158    0.0000207  -0.00013971
 159    0.0000180  -0.00013196
 160    0.0000206  -0.00015341
 161    0.0000181  -0.00012682
 162    0.0000129  -0.00010735
 163    0.0000148  -0.00011371
 164    0.0000195  -0.00015254
 165    0.0000188  -0.00014441
 166    0.0000003  -0.00001594
 167    0.0000001  -0.00000108
 168    0.0000001  -0.00000130
 
----------------
 Final Energies 
----------------
Final NOF Total Energy =    -237.6003285
 
Total Orbital Internal Iterations = 10
Total Occupation Internal Iterations = 0
 
Elapsed time:   28.84 Seconds

---------------------------------
   Lowdin Population Analysis    
---------------------------------
 Idx  Atom   Population   Charge 
---------------------------------
  1     C     6.752      -0.752
  2     F     8.625       0.375
  3     F     8.623       0.377

---------------------------------
   M Diagnostic: 0.04
---------------------------------

