Computing Integrals
Basis Set                                            = def2-qzvp
Auxiliary Basis Set                                  = def2-universal-jkfit
Gaussian Type                                        = Spherical
Elapsed time:    5.09 Seconds

Number of basis functions                   (NBF)    = 298
Number of auxiliary basis functions         (NBFAUX) = 436
Inactive Doubly occupied orbitals up to     (NO1)    = 0
No. considered Strongly Doubly occupied MOs (NDOC)   = 25
No. considered Strongly Singly occupied MOs (NSOC)   = 0
NO. of Weakly occ. per St. Doubly occ.  MOs (NCWO)   = 10
Dimension of the Nat. Orb. subspace         (NBF5)   = 275
No. of electrons                                     = 50
    No. of alpha electrons                           = 25
    No. of beta electrons                            = 25
Multiplicity                                         = 1

Geometry
========
 F       0.9009150       0.9009150       0.9009150
Si       0.0000000       0.0000000       0.0000000
 F      -0.9009150      -0.9009150       0.9009150
 F      -0.9009150       0.9009150      -0.9009150
 F       0.9009150      -0.9009150      -0.9009150

No violations of the orthonormality
No violations of the orthonormality
 
PNOF8/ADABelief Calculation
==================
 
  Nitext  Nit_orb  Time   Nit_occ  Time         Eelec          Etot           Ediff      maxdiff    MaxGrad_orb  Grad_occ
     1      10    1.5e+01    0    1.2e+01  -960.68907638  -688.84457633 -10959.68907638   0.000571   2.3e-03   1.6e-04 0.03
 
RESULTS OF THE OCCUPATION OPTIMIZATION
========================================
   1    1.9999967  -68.97162134
   2    1.9999700  -26.38332871
   3    1.9999716  -26.38331098
   4    1.9999699  -26.38330687
   5    1.9999711  -26.38330080
   6    1.9984721  -6.26911781
   7    1.9972644  -4.38197422
   8    1.9961797  -4.37848504
   9    1.9962307  -4.37810275
  10    1.9853365  -1.67592068
  11    1.9852341  -1.65425517
  12    1.9849175  -1.65353767
  13    1.9836457  -1.65265609
  14    1.9792056  -0.89364262
  15    1.9677999  -0.80099808
  16    1.9780132  -0.79757288
  17    1.9783106  -0.79496412
  18    1.9775235  -0.79422353
  19    1.9680989  -0.79416200
  20    1.9691245  -0.79197824
  21    1.9679829  -0.78791740
  22    1.9763020  -0.78513759
  23    1.9770121  -0.78404283
  24    1.9759155  -0.78219555
  25    1.9757864  -0.74339754
  26    0.0119396  -0.02126781
  27    0.0164031  -0.02645391
  28    0.0145175  -0.02444035
  29    0.0159116  -0.02529966
  30    0.0243236  -0.04518879
  31    0.0227852  -0.04256582
  32    0.0241426  -0.04523541
  33    0.0098324  -0.01878100
  34    0.0087502  -0.01760393
  35    0.0127909  -0.02205247
  36    0.0276038  -0.05027800
  37    0.0121241  -0.02272630
  38    0.0078389  -0.02315875
  39    0.0081436  -0.02329763
  40    0.0084835  -0.02365590
  41    0.0081568  -0.02330586
  42    0.0018434  -0.01138748
  43    0.0018652  -0.01203025
  44    0.0024732  -0.02020721
  45    0.0013689  -0.01022877
  46    0.0000060  -0.00018945
  47    0.0000058  -0.00016336
  48    0.0000063  -0.00022788
  49    0.0000063  -0.00025341
  50    0.0000026  -0.00026766
  51    0.0055805  -0.01233270
  52    0.0049486  -0.01082563
  53    0.0052491  -0.01160404
  54    0.0051129  -0.01104689
  55    0.0035808  -0.00915170
  56    0.0037673  -0.00971362
  57    0.0036521  -0.00944178
  58    0.0055639  -0.01244538
  59    0.0057834  -0.01397855
  60    0.0057557  -0.01269000
  61    0.0034516  -0.00916180
  62    0.0052950  -0.01310816
  63    0.0035576  -0.01067430
  64    0.0037260  -0.01089916
  65    0.0038782  -0.01080624
  66    0.0037186  -0.01087884
  67    0.0016869  -0.01116008
  68    0.0017005  -0.01118003
  69    0.0001032  -0.00155052
  70    0.0000656  -0.00162878
  71    0.0000047  -0.00009769
  72    0.0000046  -0.00009602
  73    0.0000048  -0.00009908
  74    0.0000047  -0.00009708
  75    0.0000003  -0.00001241
  76    0.0048056  -0.01060568
  77    0.0010309  -0.00372393
  78    0.0011775  -0.00439150
  79    0.0007709  -0.00345153
  80    0.0035188  -0.00919088
  81    0.0034862  -0.00955365
  82    0.0034695  -0.00932895
  83    0.0051633  -0.01102468
  84    0.0044891  -0.01120412
  85    0.0013028  -0.00490991
  86    0.0002768  -0.00106580
  87    0.0012061  -0.00492734
  88    0.0035017  -0.01108201
  89    0.0011706  -0.00636492
  90    0.0006862  -0.00441518
  91    0.0006807  -0.00507230
  92    0.0001303  -0.00292013
  93    0.0001598  -0.00408752
  94    0.0000715  -0.00164792
  95    0.0000166  -0.00059664
  96    0.0000047  -0.00009696
  97    0.0000043  -0.00009321
  98    0.0000041  -0.00008754
  99    0.0000044  -0.00009402
 100    0.0000001  -0.00000378
 101    0.0007173  -0.00258177
 102    0.0005156  -0.00168210
 103    0.0007498  -0.00340531
 104    0.0007398  -0.00292423
 105    0.0002547  -0.00103377
 106    0.0002621  -0.00104799
 107    0.0002580  -0.00104711
 108    0.0008851  -0.00331178
 109    0.0013177  -0.00505756
 110    0.0007753  -0.00390174
 111    0.0002655  -0.00107090
 112    0.0007341  -0.00376929
 113    0.0005905  -0.00318344
 114    0.0006640  -0.00414638
 115    0.0005383  -0.00289731
 116    0.0006233  -0.00432967
 117    0.0000361  -0.00087574
 118    0.0000147  -0.00044784
 119    0.0000134  -0.00015333
 120    0.0000115  -0.00057829
 121    0.0000035  -0.00007309
 122    0.0000041  -0.00008960
 123    0.0000033  -0.00007207
 124    0.0000039  -0.00008595
 125    0.0000001  -0.00000334
 126    0.0003618  -0.00125589
 127    0.0003435  -0.00119968
 128    0.0004905  -0.00170848
 129    0.0005143  -0.00173313
 130    0.0002406  -0.00102035
 131    0.0002617  -0.00104739
 132    0.0002451  -0.00101533
 133    0.0005059  -0.00174545
 134    0.0005677  -0.00191602
 135    0.0005049  -0.00173792
 136    0.0002603  -0.00103086
 137    0.0005113  -0.00202979
 138    0.0002750  -0.00116527
 139    0.0004696  -0.00207836
 140    0.0003937  -0.00172390
 141    0.0005020  -0.00259605
 142    0.0000127  -0.00022693
 143    0.0000141  -0.00016852
 144    0.0000128  -0.00014382
 145    0.0000109  -0.00013747
 146    0.0000032  -0.00006811
 147    0.0000038  -0.00008436
 148    0.0000030  -0.00006852
 149    0.0000037  -0.00008317
 150    0.0000001  -0.00000311
 151    0.0003415  -0.00121922
 152    0.0003368  -0.00117923
 153    0.0003386  -0.00119646
 154    0.0003415  -0.00117762
 155    0.0000311  -0.00016195
 156    0.0002417  -0.00100031
 157    0.0000540  -0.00018574
 158    0.0003330  -0.00119976
 159    0.0004786  -0.00166562
 160    0.0003432  -0.00120063
 161    0.0002449  -0.00102726
 162    0.0004156  -0.00153709
 163    0.0002741  -0.00117165
 164    0.0003401  -0.00137896
 165    0.0003064  -0.00122970
 166    0.0002991  -0.00122991
 167    0.0000121  -0.00013772
 168    0.0000136  -0.00015463
 169    0.0000124  -0.00013907
 170    0.0000109  -0.00012867
 171    0.0000021  -0.00004059
 172    0.0000025  -0.00005374
 173    0.0000026  -0.00005602
 174    0.0000027  -0.00005791
 175    0.0000000  -0.00000269
 176    0.0003226  -0.00116011
 177    0.0003154  -0.00113388
 178    0.0003320  -0.00119041
 179    0.0001201  -0.00049155
 180    0.0000179  -0.00014027
 181    0.0000194  -0.00015039
 182    0.0000304  -0.00016859
 183    0.0001201  -0.00050007
 184    0.0001186  -0.00048261
 185    0.0003361  -0.00119848
 186    0.0000471  -0.00016865
 187    0.0004038  -0.00145670
 188    0.0002007  -0.00112370
 189    0.0002968  -0.00121071
 190    0.0002892  -0.00120069
 191    0.0002985  -0.00122841
 192    0.0000121  -0.00013812
 193    0.0000132  -0.00015053
 194    0.0000124  -0.00013547
 195    0.0000109  -0.00012796
 196    0.0000018  -0.00004079
 197    0.0000019  -0.00003934
 198    0.0000018  -0.00003583
 199    0.0000019  -0.00003678
 200    0.0000000  -0.00000237
 201    0.0000945  -0.00042385
 202    0.0001179  -0.00047143
 203    0.0000676  -0.00030156
 204    0.0000892  -0.00039495
 205    0.0000168  -0.00013028
 206    0.0000177  -0.00013546
 207    0.0000172  -0.00013324
 208    0.0000254  -0.00018221
 209    0.0000936  -0.00041702
 210    0.0001173  -0.00048755
 211    0.0000185  -0.00014355
 212    0.0000408  -0.00021611
 213    0.0000576  -0.00031696
 214    0.0001986  -0.00111969
 215    0.0001424  -0.00125613
 216    0.0002803  -0.00119677
 217    0.0000120  -0.00013478
 218    0.0000131  -0.00014046
 219    0.0000123  -0.00013654
 220    0.0000109  -0.00012804
 221    0.0000014  -0.00002961
 222    0.0000015  -0.00003305
 223    0.0000012  -0.00002760
 224    0.0000011  -0.00002112
 225    0.0000000  -0.00000216
 226    0.0000276  -0.00018351
 227    0.0000490  -0.00020753
 228    0.0000394  -0.00022019
 229    0.0000662  -0.00027971
 230    0.0000166  -0.00012349
 231    0.0000173  -0.00013009
 232    0.0000162  -0.00012220
 233    0.0000240  -0.00017908
 234    0.0000662  -0.00030426
 235    0.0000377  -0.00020802
 236    0.0000160  -0.00012242
 237    0.0000374  -0.00022355
 238    0.0000364  -0.00022525
 239    0.0000487  -0.00027227
 240    0.0000248  -0.00019513
 241    0.0000821  -0.00043528
 242    0.0000119  -0.00013426
 243    0.0000130  -0.00014092
 244    0.0000123  -0.00013576
 245    0.0000109  -0.00013591
 246    0.0000011  -0.00002389
 247    0.0000011  -0.00002491
 248    0.0000010  -0.00001836
 249    0.0000009  -0.00001717
 250    0.0000000  -0.00000220
 251    0.0000227  -0.00017851
 252    0.0000237  -0.00017966
 253    0.0000261  -0.00018020
 254    0.0000314  -0.00020115
 255    0.0000163  -0.00012085
 256    0.0000170  -0.00012505
 257    0.0000161  -0.00012142
 258    0.0000234  -0.00018022
 259    0.0000245  -0.00017947
 260    0.0000228  -0.00017817
 261    0.0000157  -0.00012074
 262    0.0000261  -0.00019257
 263    0.0000218  -0.00018580
 264    0.0000246  -0.00019126
 265    0.0000233  -0.00018921
 266    0.0000221  -0.00018295
 267    0.0000118  -0.00014534
 268    0.0000130  -0.00014476
 269    0.0000122  -0.00013665
 270    0.0000108  -0.00013219
 271    0.0000004  -0.00005956
 272    0.0000004  -0.00005305
 273    0.0000004  -0.00005233
 274    0.0000004  -0.00005365
 275    0.0000000  -0.00000193
 
----------------
 Final Energies 
----------------
Final NOF Total Energy =    -688.8445763
 
Total Orbital Internal Iterations = 10
Total Occupation Internal Iterations = 0
 
Elapsed time:   35.31 Seconds

---------------------------------
   Lowdin Population Analysis    
---------------------------------
 Idx  Atom   Population   Charge 
---------------------------------
  1     F     8.681       0.319
  2    Si    15.282      -1.282
  3     F     8.678       0.322
  4     F     8.680       0.320
  5     F     8.679       0.321

---------------------------------
   M Diagnostic: 0.03
---------------------------------

