Computing Integrals
Basis Set                                            = def2-qzvp
Auxiliary Basis Set                                  = def2-universal-jkfit
Gaussian Type                                        = Spherical
Elapsed time:    1.52 Seconds

Number of basis functions                   (NBF)    = 57
Number of auxiliary basis functions         (NBFAUX) = 75
Inactive Doubly occupied orbitals up to     (NO1)    = 0
No. considered Strongly Doubly occupied MOs (NDOC)   = 2
No. considered Strongly Singly occupied MOs (NSOC)   = 2
NO. of Weakly occ. per St. Doubly occ.  MOs (NCWO)   = 26
Dimension of the Nat. Orb. subspace         (NBF5)   = 56
No. of electrons                                     = 6
    No. of alpha electrons                           = 4
    No. of beta electrons                            = 2
Multiplicity                                         = 3

Geometry
========
 C       0.0000000       0.0000000       0.0000000

No violations of the orthonormality
No violations of the orthonormality
 
PNOF8/ADABelief Calculation
==================
 
  Nitext  Nit_orb  Time   Nit_occ  Time         Eelec          Etot           Ediff      maxdiff    MaxGrad_orb  Grad_occ
     1      10    9.0e+00    0    1.2e+01   -37.82917040   -37.82917040 -10036.82917040   0.000477   1.9e-03   1.1e-04 0.07
 
RESULTS OF THE OCCUPATION OPTIMIZATION
========================================
   1    1.9994056  -11.31472224
   2    1.9173247  -0.73483498
   3    1.0000000  -0.23794550
   4    1.0000000  -0.23794243
   5    0.0565335  -0.03304617
   6    0.0003847  -0.00708304
   7    0.0075069  -0.00838248
   8    0.0000998  -0.00119509
   9    0.0040299  -0.00445324
  10    0.0000383  -0.00045179
  11    0.0040239  -0.00444913
  12    0.0000374  -0.00044142
  13    0.0029955  -0.00368894
  14    0.0000113  -0.00039117
  15    0.0029947  -0.00368864
  16    0.0000017  -0.00003186
  17    0.0012368  -0.00148239
  18    0.0000015  -0.00002411
  19    0.0012315  -0.00148127
  20    0.0000014  -0.00002220
  21    0.0008230  -0.00098770
  22    0.0000013  -0.00002210
  23    0.0002111  -0.00039133
  24    0.0000013  -0.00002179
  25    0.0002096  -0.00039076
  26    0.0000012  -0.00001663
  27    0.0001207  -0.00022743
  28    0.0000012  -0.00001785
  29    0.0001197  -0.00022702
  30    0.0000011  -0.00001636
  31    0.0000978  -0.00019384
  32    0.0000011  -0.00001679
  33    0.0000947  -0.00018861
  34    0.0000011  -0.00001531
  35    0.0000856  -0.00018064
  36    0.0000011  -0.00001566
  37    0.0000833  -0.00017722
  38    0.0000011  -0.00001700
  39    0.0000707  -0.00012789
  40    0.0000010  -0.00001870
  41    0.0000460  -0.00007436
  42    0.0000010  -0.00000973
  43    0.0000399  -0.00006939
  44    0.0000010  -0.00002335
  45    0.0000291  -0.00006541
  46    0.0000009  -0.00002263
  47    0.0000244  -0.00004562
  48    0.0000008  -0.00000788
  49    0.0000209  -0.00005275
  50    0.0000008  -0.00000553
  51    0.0000191  -0.00005248
  52    0.0000008  -0.00000356
  53    0.0000140  -0.00003729
  54    0.0000007  -0.00000275
  55    0.0000131  -0.00003710
  56    0.0000006  -0.00001640
 
----------------
 Final Energies 
----------------
Final NOF Total Energy =     -37.8291704
 
Total Orbital Internal Iterations = 10
Total Occupation Internal Iterations = 0
 
Elapsed time:   26.88 Seconds

---------------------------------
   Lowdin Population Analysis    
---------------------------------
 Idx  Atom   Population   Charge 
---------------------------------
  1     C     6.000      -0.000

---------------------------------
   M Diagnostic: 0.07
---------------------------------

