BH76-hco_C.jld2 not found
BH76-hco_n.jld2 not found
Computing Integrals
Basis Set                                            = def2-qzvp
Auxiliary Basis Set                                  = def2-universal-jkfit
Gaussian Type                                        = Spherical
Elapsed time:    2.75 Seconds

Number of basis functions                   (NBF)    = 144
Number of auxiliary basis functions         (NBFAUX) = 170
Inactive Doubly occupied orbitals up to     (NO1)    = 0
No. considered Strongly Doubly occupied MOs (NDOC)   = 7
No. considered Strongly Singly occupied MOs (NSOC)   = 1
NO. of Weakly occ. per St. Doubly occ.  MOs (NCWO)   = 1
Dimension of the Nat. Orb. subspace         (NBF5)   = 15
No. of electrons                                     = 15
    No. of alpha electrons                           = 8
    No. of beta electrons                            = 7
Multiplicity                                         = 2

Geometry
========
 H      -0.6086106       0.8210344       0.0000000
 C       0.3043053       0.1777983       0.0000000
 O       0.3043053      -0.9988326       0.0000000

No violations of the orthonormality
No violations of the orthonormality
 
PNOF8/ADABelief Calculation
==================
 
  Nitext  Nit_orb  Time   Nit_occ  Time         Eelec          Etot           Ediff      maxdiff    MaxGrad_orb  Grad_occ
     1      10    5.9e+01    4    2.4e+01  -134.99544121  -108.48564900 -10133.99544121   0.621054   2.5e+00   1.4e-04 0.01
     2      10    3.6e+01    6    4.4e-02  -138.52114962  -112.01135742    -3.52570841   0.341938   1.4e+00   7.8e-05 0.02
     3      10    3.9e+01    9    1.7e-02  -139.65514139  -113.14534919    -1.13399177   0.177675   7.1e-01   1.4e-04 0.03
     4      10    3.8e+01    7    5.6e-03  -139.95670474  -113.44691253    -0.30156334   0.184603   7.4e-01   8.5e-05 0.04
     5      10    3.4e+01    4    2.9e-02  -140.02320871  -113.51341650    -0.06650397   0.204959   8.2e-01   2.0e-04 0.04
     6      10    3.4e+01    4    4.0e-03  -140.04940165  -113.53960944    -0.02619294   0.220003   8.8e-01   1.7e-04 0.04
     7      10    3.9e+01    4    3.7e-03  -140.05578955  -113.54599734    -0.00638790   0.231585   9.3e-01   1.8e-04 0.05
     8      10    4.3e+01    3    1.5e-02  -140.05949102  -113.54969881    -0.00370147   0.172013   6.9e-01   1.5e-04 0.05
     9      10    4.1e+01    0    1.2e-02  -140.05970875  -113.54991654    -0.00021773   0.172013   6.9e-01   1.5e-04 0.05
    10      30    1.0e+02    3    4.6e-03  -140.08654276  -113.57675055    -0.02683401   0.003053   1.2e-02   1.4e-04 0.05
    11      30    1.1e+02    2    1.3e-02  -140.08754874  -113.57775653    -0.00100598   0.002350   9.4e-03   2.1e-04 0.05
    12      30    9.8e+01    2    2.6e-02  -140.08764797  -113.57785576    -0.00009923   0.003696   1.5e-02   1.1e-04 0.05
    13      30    1.0e+02    2    5.0e-03  -140.08777519  -113.57798299    -0.00012723   0.003863   1.5e-02   1.7e-04 0.05
    14      30    1.0e+02    3    1.6e-02  -140.08822194  -113.57842974    -0.00044675   0.005980   2.4e-02   1.1e-04 0.05
    15      30    1.1e+02    2    4.0e-03  -140.08851408  -113.57872187    -0.00029213   0.005371   2.1e-02   1.9e-04 0.05
    16      30    1.1e+02    2    3.9e-02  -140.08862579  -113.57883358    -0.00011171   0.005489   2.2e-02   1.8e-04 0.05
    17      30    1.1e+02    2    7.7e-02  -140.08866821  -113.57887600    -0.00004242   0.004825   1.9e-02   8.3e-05 0.05
    18      30    1.2e+02    0    1.5e-02  -140.08867051  -113.57887830    -0.00000230   0.004825   1.9e-02   8.3e-05 0.05
    19      43    1.6e+02    1    5.7e-03  -140.08887339  -113.57908118    -0.00020288   0.000491   2.0e-03   1.6e-04 0.05
 
RESULTS OF THE OCCUPATION OPTIMIZATION
========================================
   1    1.9997984  -20.64205192
   2    1.9995181  -11.32500448
   3    1.9925270  -1.44909607
   4    1.9853384  -0.80056197
   5    1.9726388  -0.74815550
   6    1.9697661  -0.63110728
   7    1.9472887  -0.59677666
   8    1.0000000  -0.20910697
   9    0.0527113  -0.05458199
  10    0.0302339  -0.03900780
  11    0.0273612  -0.02746592
  12    0.0146616  -0.02248415
  13    0.0074730  -0.01479726
  14    0.0004819  -0.00864499
  15    0.0002016  -0.00695544
 
----------------
 Final Energies 
----------------
Final NOF Total Energy =    -113.5790812
 
Total Orbital Internal Iterations = 403
Total Occupation Internal Iterations = 60
 
Elapsed time: 1520.88 Seconds

---------------------------------
   Lowdin Population Analysis    
---------------------------------
 Idx  Atom   Population   Charge 
---------------------------------
  1     H     1.157      -0.157
  2     C     6.144      -0.144
  3     O     7.698       0.302

---------------------------------
   M Diagnostic: 0.05
---------------------------------

