Computing Integrals
Basis Set                                            = def2-qzvp
Auxiliary Basis Set                                  = def2-universal-jkfit
Gaussian Type                                        = Spherical
Elapsed time:    2.81 Seconds

Number of basis functions                   (NBF)    = 87
Number of auxiliary basis functions         (NBFAUX) = 95
Inactive Doubly occupied orbitals up to     (NO1)    = 0
No. considered Strongly Doubly occupied MOs (NDOC)   = 5
No. considered Strongly Singly occupied MOs (NSOC)   = 0
NO. of Weakly occ. per St. Doubly occ.  MOs (NCWO)   = 1
Dimension of the Nat. Orb. subspace         (NBF5)   = 10
No. of electrons                                     = 10
    No. of alpha electrons                           = 5
    No. of beta electrons                            = 5
Multiplicity                                         = 1

Geometry
========
 F       0.0000000       0.0000000       0.4576912
 H       0.0000000       0.0000000      -0.4576912

No violations of the orthonormality
No violations of the orthonormality
 
PNOF8/ADABelief Calculation
==================
 
  Nitext  Nit_orb  Time   Nit_occ  Time         Eelec          Etot           Ediff      maxdiff    MaxGrad_orb  Grad_occ
     1      10    2.0e+01    3    2.6e+01  -105.46201138  -100.25917492 -10104.46201138   0.001683   6.7e-03   1.3e-04 0.03
     2      20    8.4e-02    0    7.7e-04  -105.46212276  -100.25928631    -0.00011138   0.001683   6.7e-03   1.3e-04 0.03
     3      40    5.1e-02    3    6.0e-04  -105.46218259  -100.25934613    -0.00005982   0.000911   3.6e-03   3.8e-05 0.03
 
RESULTS OF THE OCCUPATION OPTIMIZATION
========================================
   1    1.9998607  -26.34556990
   2    1.9915880  -1.58049710
   3    1.9680743  -0.84487040
   4    1.9832291  -0.69766262
   5    1.9828913  -0.68657622
   6    0.0171087  -0.02462744
   7    0.0167709  -0.02466330
   8    0.0319257  -0.04347424
   9    0.0084120  -0.02431487
  10    0.0001393  -0.00613865
 
----------------
 Final Energies 
----------------
Final NOF Total Energy =    -100.2593461
 
Total Orbital Internal Iterations = 70
Total Occupation Internal Iterations = 6
 
Elapsed time:   60.50 Seconds

---------------------------------
   Lowdin Population Analysis    
---------------------------------
 Idx  Atom   Population   Charge 
---------------------------------
  1     F     8.499       0.501
  2     H     1.501      -0.501

---------------------------------
   M Diagnostic: 0.03
---------------------------------

