Computing Integrals
Basis Set                                            = def2-qzvp
Auxiliary Basis Set                                  = def2-universal-jkfit
Gaussian Type                                        = Spherical
Elapsed time:    9.69 Seconds

Number of basis functions                   (NBF)    = 105
Number of auxiliary basis functions         (NBFAUX) = 284
Inactive Doubly occupied orbitals up to     (NO1)    = 0
No. considered Strongly Doubly occupied MOs (NDOC)   = 17
No. considered Strongly Singly occupied MOs (NSOC)   = 1
NO. of Weakly occ. per St. Doubly occ.  MOs (NCWO)   = 1
Dimension of the Nat. Orb. subspace         (NBF5)   = 35
No. of electrons                                     = 35
    No. of alpha electrons                           = 18
    No. of beta electrons                            = 17
Multiplicity                                         = 2

Geometry
========
Se       0.0000000       0.0000000       0.0581907
 H       0.0000000       0.0000000       1.5293410

No violations of the orthonormality
No violations of the orthonormality
 
PNOF8/ADABelief Calculation
==================
 
  Nitext  Nit_orb  Time   Nit_occ  Time         Eelec          Etot           Ediff      maxdiff    MaxGrad_orb  Grad_occ
     1      10    3.8e+01    7    2.6e+01 -2413.34560019 -2401.11572255 -12412.34560019   0.009241   3.7e-02   2.8e-04 0.03
     2      20    3.4e+01    0    1.9e-02 -2413.34625757 -2401.11637993    -0.00065738   0.009241   3.7e-02   2.8e-04 0.03
     3      40    6.3e+01    5    8.6e-02 -2413.34636765 -2401.11649002    -0.00011009   0.013732   5.5e-02   2.8e-04 0.03
     4      40    6.6e+01    2    1.8e-02 -2413.34648374 -2401.11660611    -0.00011609   0.011847   4.7e-02   2.6e-04 0.03
     5      40    6.6e+01    1    3.3e-02 -2413.34649900 -2401.11662137    -0.00001526   0.011074   4.4e-02   3.1e-04 0.03
     6      40    6.6e+01    3    1.8e-02 -2413.34650606 -2401.11662842    -0.00000706   0.011654   4.7e-02   2.5e-04 0.03
     7      40    6.5e+01    3    2.1e-02 -2413.34652196 -2401.11664432    -0.00001590   0.011600   4.6e-02   2.1e-04 0.03
     8      40    6.4e+01    1    3.0e-02 -2413.34653888 -2401.11666125    -0.00001692   0.011416   4.6e-02   1.9e-04 0.03
     9      40    7.1e+01    1    3.5e-02 -2413.34656622 -2401.11668858    -0.00002734   0.012378   5.0e-02   2.0e-04 0.03
    10      40    6.2e+01    0    4.5e-03 -2413.34656723 -2401.11668960    -0.00000102   0.012378   5.0e-02   2.0e-04 0.03
    11      60    9.0e+01    1    4.2e-02 -2413.34686594 -2401.11698830    -0.00029871   0.001135   4.5e-03   1.9e-04 0.03
    12      60    9.1e+01    0    2.9e-02 -2413.34686672 -2401.11698909    -0.00000078   0.001135   4.5e-03   1.9e-04 0.03
    13      80    1.2e+02    0    3.7e-02 -2413.34687188 -2401.11699425    -0.00000516   0.000645   2.6e-03   2.6e-04 0.03
 
RESULTS OF THE OCCUPATION OPTIMIZATION
========================================
   1    1.9999992  -460.94519634
   2    1.9999941  -60.78482074
   3    1.9999603  -54.35324813
   4    1.9999842  -54.35113937
   5    1.9999803  -54.35019065
   6    1.9994947  -8.96825000
   7    1.9991149  -6.69667944
   8    1.9982021  -6.69637658
   9    1.9966139  -6.68255213
  10    1.9919268  -2.68021448
  11    1.9918109  -2.67674878
  12    1.9918791  -2.67542343
  13    1.9914953  -2.64995822
  14    1.9884922  -2.03006592
  15    1.9857500  -1.58585391
  16    1.9664772  -0.52751610
  17    1.9748926  -0.38862815
  18    1.0000000  -0.22315127
  19    0.0251074  -0.03757112
  20    0.0335228  -0.04908498
  21    0.0142500  -0.03800540
  22    0.0115078  -0.03602367
  23    0.0085047  -0.04791634
  24    0.0081209  -0.04285169
  25    0.0081891  -0.04205984
  26    0.0080732  -0.04280638
  27    0.0033861  -0.02871871
  28    0.0017979  -0.01869755
  29    0.0008851  -0.00698921
  30    0.0005053  -0.01914176
  31    0.0000197  -0.00095562
  32    0.0000158  -0.00077229
  33    0.0000397  -0.00697601
  34    0.0000059  -0.00196946
  35    0.0000008  -0.00071600
 
----------------
 Final Energies 
----------------
Final NOF Total Energy =   -2401.1169942
 
Total Orbital Internal Iterations = 550
Total Occupation Internal Iterations = 24
 
Elapsed time:  938.18 Seconds

---------------------------------
   Lowdin Population Analysis    
---------------------------------
 Idx  Atom   Population   Charge 
---------------------------------
  1    Se    33.694       0.306
  2     H     1.306      -0.306

---------------------------------
   M Diagnostic: 0.03
---------------------------------

