Computing Integrals
Basis Set                                            = def2-qzvp
Auxiliary Basis Set                                  = def2-universal-jkfit
Gaussian Type                                        = Spherical
Elapsed time:    3.07 Seconds

Number of basis functions                   (NBF)    = 162
Number of auxiliary basis functions         (NBFAUX) = 361
Inactive Doubly occupied orbitals up to     (NO1)    = 0
No. considered Strongly Doubly occupied MOs (NDOC)   = 23
No. considered Strongly Singly occupied MOs (NSOC)   = 0
NO. of Weakly occ. per St. Doubly occ.  MOs (NCWO)   = 1
Dimension of the Nat. Orb. subspace         (NBF5)   = 46
No. of electrons                                     = 46
    No. of alpha electrons                           = 23
    No. of beta electrons                            = 23
Multiplicity                                         = 1

Geometry
========
 H       0.0000000       0.0000000      -0.5943542
 F       0.0000000       0.0000000      -1.5100954
Kr       0.0000000       0.0000000       2.1044496

No violations of the orthonormality
No violations of the orthonormality
 
PNOF8/ADABelief Calculation
==================
 
  Nitext  Nit_orb  Time   Nit_occ  Time         Eelec          Etot           Ediff      maxdiff    MaxGrad_orb  Grad_occ
     1      10    2.2e+01    0    2.6e+01 -2912.73127684 -2853.03746575 -12911.73127684   0.001040   4.2e-03   2.5e-04 0.03
     2      30    3.7e+00    0    1.5e-02 -2912.73127684 -2853.03746575     0.00000000   0.001040   4.2e-03   2.5e-04 0.03
     3      50    6.0e+00    0    1.4e-02 -2912.73127684 -2853.03746575     0.00000000   0.001040   4.2e-03   2.5e-04 0.03
     4      70    9.2e+00    0    1.3e-02 -2912.73127684 -2853.03746575     0.00000000   0.001040   4.2e-03   2.5e-04 0.03
     5      75    8.9e+00    3    1.4e-01 -2912.73128410 -2853.03747302    -0.00000726   0.000500   2.0e-03   1.6e-04 0.03
 
RESULTS OF THE OCCUPATION OPTIMIZATION
========================================
   1    1.9999988  -520.27463929
   2    1.9999800  -69.99800180
   3    1.9999754  -63.09670283
   4    1.9999809  -63.09666884
   5    1.9999735  -63.09585312
   6    1.9998934  -26.34141128
   7    1.9996107  -10.88866080
   8    1.9992577  -8.37617415
   9    1.9992555  -8.37612073
  10    1.9992510  -8.37563473
  11    1.9977687  -3.86584793
  12    1.9937827  -3.86302237
  13    1.9942411  -3.86183475
  14    1.9942110  -3.86170181
  15    1.9942202  -3.86154738
  16    1.9908464  -1.59721767
  17    1.9825891  -1.13851031
  18    1.9673494  -0.83170549
  19    1.9828018  -0.68527772
  20    1.9792403  -0.61221415
  21    1.9761284  -0.60482123
  22    1.9761715  -0.60358977
  23    1.9762084  -0.59967445
  24    0.0237916  -0.04227194
  25    0.0238285  -0.04224031
  26    0.0238716  -0.04213269
  27    0.0207597  -0.04155866
  28    0.0171982  -0.02472216
  29    0.0326506  -0.04458117
  30    0.0174109  -0.04225154
  31    0.0091536  -0.02084004
  32    0.0057798  -0.04373081
  33    0.0057890  -0.04374622
  34    0.0057589  -0.04356671
  35    0.0062173  -0.05706390
  36    0.0022313  -0.01629156
  37    0.0007490  -0.00774237
  38    0.0007445  -0.00725847
  39    0.0007423  -0.00717079
  40    0.0003893  -0.01968032
  41    0.0001066  -0.00375456
  42    0.0000265  -0.00422159
  43    0.0000191  -0.00149893
  44    0.0000246  -0.00351312
  45    0.0000200  -0.00163637
  46    0.0000012  -0.00154206
 
----------------
 Final Energies 
----------------
Final NOF Total Energy =   -2853.0374730
 
Total Orbital Internal Iterations = 235
Total Occupation Internal Iterations = 3
 
Elapsed time:   90.84 Seconds

---------------------------------
   Lowdin Population Analysis    
---------------------------------
 Idx  Atom   Population   Charge 
---------------------------------
  1     H     1.535      -0.535
  2     F     8.486       0.514
  3    Kr    35.979       0.021

---------------------------------
   M Diagnostic: 0.03
---------------------------------

