Computing Integrals
Basis Set                                            = def2-qzvp
Auxiliary Basis Set                                  = def2-universal-jkfit
Gaussian Type                                        = Spherical
Elapsed time:   37.90 Seconds

Number of basis functions                   (NBF)    = 280
Number of auxiliary basis functions         (NBFAUX) = 512
Inactive Doubly occupied orbitals up to     (NO1)    = 0
No. considered Strongly Doubly occupied MOs (NDOC)   = 32
No. considered Strongly Singly occupied MOs (NSOC)   = 0
NO. of Weakly occ. per St. Doubly occ.  MOs (NCWO)   = 1
Dimension of the Nat. Orb. subspace         (NBF5)   = 64
No. of electrons                                     = 64
    No. of alpha electrons                           = 32
    No. of beta electrons                            = 32
Multiplicity                                         = 1

Geometry
========
Al       0.0000000       0.0000000       0.0000000
Cl       0.0000000       2.0709710       0.0000000
Cl       1.7935130      -1.0354850       0.0000000
Cl      -1.7935130      -1.0354850       0.0000000

No violations of the orthonormality
No violations of the orthonormality
 
PNOF8/ADABelief Calculation
==================
 
  Nitext  Nit_orb  Time   Nit_occ  Time         Eelec          Etot           Ediff      maxdiff    MaxGrad_orb  Grad_occ
     1      10    6.7e+01    3    3.0e+01 -1919.18559276 -1621.87108301 -11918.18559276   0.013724   5.5e-02   3.2e-04 0.03
     2      20    8.2e+01    0    5.7e-02 -1919.18623031 -1621.87172056    -0.00063755   0.013724   5.5e-02   3.2e-04 0.03
     3      40    1.7e+02    2    5.9e-02 -1919.18747174 -1621.87296199    -0.00124143   0.013541   5.4e-02   3.0e-04 0.03
     4      40    1.6e+02    1    5.7e-02 -1919.18758836 -1621.87307861    -0.00011662   0.012706   5.1e-02   3.0e-04 0.03
     5      40    1.6e+02    1    5.7e-02 -1919.18777162 -1621.87326187    -0.00018326   0.013063   5.2e-02   3.1e-04 0.03
     6      40    1.6e+02    0    6.3e-02 -1919.18778182 -1621.87327207    -0.00001020   0.013063   5.2e-02   3.1e-04 0.03
     7      60    2.4e+02    1    5.5e-02 -1919.18959025 -1621.87508050    -0.00180843   0.000955   3.8e-03   2.2e-04 0.03
 
RESULTS OF THE OCCUPATION OPTIMIZATION
========================================
   1    1.9999718  -104.89102939
   2    1.9999724  -104.89015956
   3    1.9999733  -104.88943411
   4    1.9999468  -58.59982872
   5    1.9993196  -10.57351377
   6    1.9993235  -10.57257080
   7    1.9993222  -10.56793944
   8    1.9990765  -8.04461512
   9    1.9990501  -8.04439804
  10    1.9990505  -8.04309635
  11    1.9990537  -8.04257073
  12    1.9990783  -8.04154763
  13    1.9990762  -8.04086888
  14    1.9981147  -7.76195286
  15    1.9982047  -7.75197536
  16    1.9982386  -7.68062577
  17    1.9980450  -5.91290051
  18    1.9964312  -3.28892047
  19    1.9959380  -3.28533418
  20    1.9965518  -3.28442241
  21    1.9885430  -1.10908078
  22    1.9882196  -1.10845633
  23    1.9874622  -1.10713227
  24    1.9712880  -0.52985040
  25    1.9713708  -0.52722811
  26    1.9717143  -0.52544699
  27    1.9715637  -0.52506944
  28    1.9715388  -0.52416978
  29    1.9720797  -0.52106326
  30    1.9720549  -0.51919105
  31    1.9723387  -0.51556985
  32    1.9728175  -0.51279639
  33    0.0271825  -0.03063905
  34    0.0276613  -0.03159089
  35    0.0279451  -0.03222780
  36    0.0279203  -0.03285379
  37    0.0284612  -0.03392542
  38    0.0284363  -0.03403930
  39    0.0282857  -0.03383596
  40    0.0286292  -0.03463605
  41    0.0287120  -0.03514808
  42    0.0125378  -0.02257643
  43    0.0117804  -0.02407847
  44    0.0114570  -0.02485314
  45    0.0034482  -0.01971396
  46    0.0040620  -0.02110429
  47    0.0035688  -0.02821685
  48    0.0019550  -0.01605996
  49    0.0017614  -0.02662733
  50    0.0017953  -0.02777001
  51    0.0018853  -0.02959067
  52    0.0009238  -0.01762139
  53    0.0009217  -0.01758568
  54    0.0009463  -0.01782561
  55    0.0009495  -0.01792567
  56    0.0009499  -0.01787647
  57    0.0009235  -0.01753951
  58    0.0006778  -0.01549505
  59    0.0006765  -0.01542338
  60    0.0006804  -0.01542643
  61    0.0000532  -0.00568987
  62    0.0000267  -0.00527853
  63    0.0000276  -0.00539948
  64    0.0000282  -0.00548296
 
----------------
 Final Energies 
----------------
Final NOF Total Energy =   -1621.8750805
 
Total Orbital Internal Iterations = 250
Total Occupation Internal Iterations = 8
 
Elapsed time: 1117.60 Seconds

---------------------------------
   Lowdin Population Analysis    
---------------------------------
 Idx  Atom   Population   Charge 
---------------------------------
  1    Al    14.741      -1.741
  2    Cl    16.420       0.580
  3    Cl    16.418       0.582
  4    Cl    16.421       0.579

---------------------------------
   M Diagnostic: 0.03
---------------------------------

