AHB21-13
/software/eb2024/easybuild/software/common/software/Julia/1.11.3-linux-x86_64/bin/julia
Job runing on nh011
Choosing scratch ...
Automatic scratch folder selection
/scratch/pobleyef/286578
/scratch/pobleyef/286578 directory
cp AHB21-13.jl AHB21-13.jld2 to  /scratch/pobleyef/286578/.
Computing Integrals
Basis Set                                            = def2-qzvp
Auxiliary Basis Set                                  = def2-universal-jkfit
Gaussian Type                                        = Spherical
Elapsed time:    4.53 Seconds

Number of basis functions                   (NBF)    = 258
Number of auxiliary basis functions         (NBFAUX) = 326
Inactive Doubly occupied orbitals up to     (NO1)    = 0
No. considered Strongly Doubly occupied MOs (NDOC)   = 16
No. considered Strongly Singly occupied MOs (NSOC)   = 0
NO. of Weakly occ. per St. Doubly occ.  MOs (NCWO)   = 1
Dimension of the Nat. Orb. subspace         (NBF5)   = 32
No. of electrons                                     = 32
    No. of alpha electrons                           = 16
    No. of beta electrons                            = 16
Multiplicity                                         = 1

Geometry
========
 N      -6.0621076       1.0771483       0.1240269
 N      -4.9480154       1.4388084       0.4093913
 N      -7.1816965       0.7579418      -0.1486349
 F      -2.7901934       0.0821206       0.3920122
 H      -3.6339477       0.5853423       0.3904000

No violations of the orthonormality
No violations of the orthonormality
 
PNOF8/ADABelief Calculation
==================
 
  Nitext  Nit_orb  Time   Nit_occ  Time         Eelec          Etot           Ediff      maxdiff    MaxGrad_orb  Grad_occ
     1      10    2.9e+01   10    3.4e+01  -357.84146600  -263.87261436 -10356.84146600   0.024597   9.8e-02   4.2e-05 0.04
     2      20    3.1e+00    5    1.5e-02  -358.01549886  -264.04664722    -0.17403286   0.010122   4.0e-02   2.2e-04 0.04
     3      20    2.9e+00    6    1.7e-02  -358.02503546  -264.05618382    -0.00953660   0.014320   5.7e-02   1.5e-04 0.04
     4      20    2.9e+00    5    1.6e-02  -358.02854366  -264.05969203    -0.00350820   0.014426   5.8e-02   2.3e-04 0.04
     5      20    2.8e+00    6    1.9e-02  -358.02965781  -264.06080617    -0.00111414   0.017610   7.0e-02   8.9e-05 0.04
     6      20    2.9e+00    0    1.6e-02  -358.02990138  -264.06104974    -0.00024358   0.017610   7.0e-02   8.9e-05 0.04
     7      40    5.8e+00    4    1.7e-02  -358.03303408  -264.06418244    -0.00313270   0.001095   4.4e-03   2.1e-04 0.04
     8      40    6.0e+00    4    1.9e-02  -358.03341007  -264.06455843    -0.00037599   0.001251   5.0e-03   1.6e-04 0.04
     9      40    5.8e+00    3    1.2e-02  -358.03387866  -264.06502702    -0.00046859   0.001689   6.8e-03   1.9e-04 0.04
    10      40    5.7e+00    4    1.7e-02  -358.03439553  -264.06554390    -0.00051688   0.001806   7.2e-03   7.9e-05 0.04
    11      40    5.8e+00    3    1.3e-02  -358.03493108  -264.06607944    -0.00053555   0.001643   6.6e-03   2.4e-04 0.04
    12      40    5.7e+00    4    1.6e-02  -358.03541542  -264.06656378    -0.00048434   0.001618   6.5e-03   1.3e-04 0.04
    13      40    5.7e+00    4    1.3e-02  -358.03589271  -264.06704107    -0.00047729   0.002227   8.9e-03   1.5e-04 0.04
    14      40    5.8e+00    3    1.3e-02  -358.03628414  -264.06743250    -0.00039143   0.001886   7.5e-03   2.7e-04 0.04
    15      40    6.0e+00    4    1.2e-02  -358.03660012  -264.06774848    -0.00031599   0.001569   6.3e-03   2.0e-04 0.04
    16      40    5.7e+00    3    1.7e-02  -358.03682631  -264.06797467    -0.00022619   0.002046   8.2e-03   2.1e-04 0.04
    17      40    5.8e+00    2    1.7e-02  -358.03701135  -264.06815971    -0.00018504   0.001940   7.8e-03   2.5e-04 0.04
    18      40    5.6e+00    2    1.6e-02  -358.03711316  -264.06826152    -0.00010181   0.001964   7.9e-03   2.7e-04 0.04
    19      40    5.8e+00    2    1.5e-02  -358.03718575  -264.06833411    -0.00007259   0.001704   6.8e-03   2.5e-04 0.04
    20      40    5.8e+00    2    1.2e-02  -358.03721523  -264.06836359    -0.00002949   0.001595   6.4e-03   2.4e-04 0.04
    21      40    5.9e+00    3    2.0e-02  -358.03723942  -264.06838779    -0.00002419   0.001793   7.2e-03   1.5e-04 0.04
    22      40    5.8e+00    1    4.8e-02  -358.03724751  -264.06839587    -0.00000808   0.001620   6.5e-03   1.8e-04 0.04
    23      40    5.7e+00    0    1.5e-02  -358.03725299  -264.06840135    -0.00000548   0.001779   7.1e-03   2.4e-04 0.04
    24      50    7.3e+00    0    1.1e-02  -358.03729126  -264.06843963    -0.00003828   0.001050   4.2e-03   2.1e-04 0.04
    25      60    8.7e+00    0    5.0e-02  -358.03730476  -264.06845312    -0.00001349   0.001123   4.5e-03   2.5e-04 0.04
    26      69    1.0e+01    0    1.1e-02  -358.03731293  -264.06846130    -0.00000818   0.000491   2.0e-03   2.3e-04 0.04
 
RESULTS OF THE OCCUPATION OPTIMIZATION
========================================
   1    1.9998624  -26.11535531
   2    1.9997088  -15.52445593
   3    1.9997938  -15.38553153
   4    1.9997662  -15.36673777
   5    1.9924711  -1.33237750
   6    1.9942778  -1.16882671
   7    1.9922963  -0.87162133
   8    1.9777438  -0.62022448
   9    1.9729745  -0.61302692
  10    1.9893190  -0.50598392
  11    1.9840208  -0.46376645
  12    1.9838832  -0.46238114
  13    1.9880084  -0.44623479
  14    1.9748028  -0.37935401
  15    1.9587498  -0.23961165
  16    1.9578052  -0.15664968
  17    0.0421948  -0.04982588
  18    0.0412502  -0.05093209
  19    0.0251972  -0.03737949
  20    0.0119916  -0.01717489
  21    0.0161168  -0.02320595
  22    0.0159792  -0.02313070
  23    0.0106810  -0.01803991
  24    0.0270255  -0.04024630
  25    0.0222562  -0.03397764
  26    0.0077037  -0.01656537
  27    0.0057222  -0.01135782
  28    0.0075289  -0.02392204
  29    0.0002338  -0.00626393
  30    0.0002062  -0.00559686
  31    0.0002912  -0.00753156
  32    0.0001376  -0.00604939
 
----------------
 Final Energies 
----------------
Final NOF Total Energy =    -264.0684613
 
Total Orbital Internal Iterations = 969
Total Occupation Internal Iterations = 80
 
Elapsed time:  227.54 Seconds

---------------------------------
   Lowdin Population Analysis    
---------------------------------
 Idx  Atom   Population   Charge 
---------------------------------
  1     N     7.179      -0.179
  2     N     7.184      -0.184
  3     N     7.273      -0.273
  4     F     8.716       0.284
  5     H     1.648      -0.648

---------------------------------
   M Diagnostic: 0.04
---------------------------------

Recovering execution output...
Moving from /scratch/pobleyef/286578 to /home-nas/pobleyef/Slim-NOF/ncwo1/Slim05/GNOF/arina.286578
mkdir -p /home-nas/pobleyef/Slim-NOF/ncwo1/Slim05/GNOF/arina.286578
mv /scratch/pobleyef/286578/* /home-nas/pobleyef/Slim-NOF/ncwo1/Slim05/GNOF/arina.286578
