BHROT27-h2s2_cis
/software/eb2024/easybuild/software/common/software/Julia/1.11.3-linux-x86_64/bin/julia
Job runing on na22
Choosing scratch ...
Automatic scratch folder selection
/scratch/pobleyef/286632
/scratch/pobleyef/286632 directory
cp BHROT27-h2s2_cis.jl BHROT27-h2s2_cis.jld2 to  /scratch/pobleyef/286632/.
BHROT27-h2s2_cis_C.jld2 not found
BHROT27-h2s2_cis_n.jld2 not found
Computing Integrals
Basis Set                                            = def2-qzvp
Auxiliary Basis Set                                  = def2-universal-jkfit
Gaussian Type                                        = Spherical
Elapsed time:    7.53 Seconds

Number of basis functions                   (NBF)    = 200
Number of auxiliary basis functions         (NBFAUX) = 292
Inactive Doubly occupied orbitals up to     (NO1)    = 0
No. considered Strongly Doubly occupied MOs (NDOC)   = 17
No. considered Strongly Singly occupied MOs (NSOC)   = 0
NO. of Weakly occ. per St. Doubly occ.  MOs (NCWO)   = 1
Dimension of the Nat. Orb. subspace         (NBF5)   = 34
No. of electrons                                     = 34
    No. of alpha electrons                           = 17
    No. of beta electrons                            = 17
Multiplicity                                         = 1

Geometry
========
 S       1.0572291       0.0000000      -0.6622784
 S      -1.0572291       0.0000000      -0.6622784
 H       1.2093176       0.0000000       0.6627105
 H      -1.2093176       0.0000000       0.6627105

No violations of the orthonormality
No violations of the orthonormality
 
PNOF8/ADABelief Calculation
==================
 
  Nitext  Nit_orb  Time   Nit_occ  Time         Eelec          Etot           Ediff      maxdiff    MaxGrad_orb  Grad_occ
     1      10    5.4e+01    5    2.2e+01  -853.07263872  -769.63913998 -10852.07263872   1.692879   6.8e+00   9.2e-05 0.00
     2      10    3.5e+01    6    5.6e-02  -869.80405781  -786.37055906   -16.73141908   0.472304   1.9e+00   1.6e-04 0.00
     3      10    3.7e+01    7    1.1e-02  -877.06106141  -793.62756266    -7.25700360   0.421703   1.7e+00   2.5e-04 0.01
     4      10    3.8e+01    7    1.8e-02  -878.86083901  -795.42734027    -1.79977761   0.737583   3.0e+00   2.7e-04 0.02
     5      10    3.9e+01    8    1.5e-02  -879.28003992  -795.84654117    -0.41920091   0.579921   2.3e+00   1.9e-04 0.03
     6      10    3.7e+01    6    2.1e-02  -879.42817196  -795.99467322    -0.14813204   0.628943   2.5e+00   1.9e-04 0.03
     7      10    3.7e+01    0    9.5e-03  -879.43215662  -795.99865787    -0.00398466   0.628943   2.5e+00   1.9e-04 0.03
     8      30    1.1e+02    5    1.3e-02  -880.04593144  -796.61243269    -0.61377482   0.082701   3.3e-01   1.5e-04 0.03
     9      30    1.1e+02    5    3.5e-02  -880.22741860  -796.79391986    -0.18148716   0.047649   1.9e-01   1.2e-04 0.03
    10      30    1.1e+02    5    1.0e-02  -880.27844501  -796.84494627    -0.05102641   0.038307   1.5e-01   1.7e-04 0.03
    11      30    1.1e+02    6    3.4e-02  -880.29087698  -796.85737824    -0.01243197   0.034713   1.4e-01   1.2e-04 0.03
    12      30    1.0e+02    3    6.3e-03  -880.29523178  -796.86173304    -0.00435480   0.035337   1.4e-01   2.3e-04 0.03
    13      30    1.1e+02    3    1.7e-02  -880.29732263  -796.86382389    -0.00209085   0.037628   1.5e-01   2.5e-04 0.03
    14      30    1.1e+02    3    6.4e-03  -880.29956977  -796.86607103    -0.00224714   0.037110   1.5e-01   2.2e-04 0.03
    15      30    1.1e+02    3    9.6e-03  -880.30054747  -796.86704873    -0.00097770   0.042038   1.7e-01   2.4e-04 0.03
    16      30    1.1e+02    3    4.8e-02  -880.30236568  -796.86886694    -0.00181821   0.035861   1.4e-01   1.4e-04 0.03
    17      30    1.1e+02    0    4.6e-02  -880.30244193  -796.86894319    -0.00007625   0.035861   1.4e-01   1.4e-04 0.03
    18      50    1.8e+02    3    2.2e-02  -880.30792756  -796.87442882    -0.00548563   0.004010   1.6e-02   1.2e-04 0.03
    19      50    1.8e+02    3    2.0e-02  -880.30797716  -796.87447842    -0.00004960   0.006762   2.7e-02   8.5e-05 0.03
    20      50    1.8e+02    1    2.4e-02  -880.30815310  -796.87465436    -0.00017594   0.005891   2.4e-02   2.1e-04 0.03
    21      50    1.5e+02    2    8.2e-03  -880.30822558  -796.87472683    -0.00007248   0.005971   2.4e-02   1.5e-04 0.03
    22      50    1.5e+02    1    9.0e-03  -880.30827549  -796.87477675    -0.00004991   0.006251   2.5e-02   1.6e-04 0.03
    23      50    1.5e+02    2    2.3e-02  -880.30833457  -796.87483583    -0.00005908   0.006361   2.5e-02   1.2e-04 0.03
    24      50    1.5e+02    1    4.7e-02  -880.30835272  -796.87485397    -0.00001814   0.006024   2.4e-02   1.4e-04 0.03
    25      50    1.4e+02    2    4.3e-02  -880.30839622  -796.87489747    -0.00004350   0.006465   2.6e-02   7.9e-05 0.03
    26      50    1.4e+02    0    8.3e-03  -880.30839828  -796.87489954    -0.00000207   0.006465   2.6e-02   7.9e-05 0.03
    27      70    2.1e+02    1    3.5e-02  -880.30867020  -796.87517146    -0.00027192   0.000637   2.5e-03   1.0e-04 0.03
 
RESULTS OF THE OCCUPATION OPTIMIZATION
========================================
   1    1.9999629  -92.03689887
   2    1.9999647  -92.03341999
   3    1.9991913  -8.97972909
   4    1.9991800  -8.91323754
   5    1.9987497  -6.75282253
   6    1.9988853  -6.69088470
   7    1.9986529  -6.69071652
   8    1.9986692  -6.68176796
   9    1.9985487  -6.67910655
  10    1.9986158  -6.67909176
  11    1.9929018  -0.95797987
  12    1.9925032  -0.95740089
  13    1.9714571  -0.57143514
  14    1.9720772  -0.56010111
  15    1.9659060  -0.51955339
  16    1.9815347  -0.42040623
  17    1.9795576  -0.40125257
  18    0.0204424  -0.02515904
  19    0.0184653  -0.02145569
  20    0.0340940  -0.05060558
  21    0.0279228  -0.03606076
  22    0.0285429  -0.03646007
  23    0.0074968  -0.02995269
  24    0.0070982  -0.02768130
  25    0.0013842  -0.01991099
  26    0.0014513  -0.01824323
  27    0.0013308  -0.01876511
  28    0.0013471  -0.01869996
  29    0.0011147  -0.01760504
  30    0.0012503  -0.01772567
  31    0.0008200  -0.01528337
  32    0.0008087  -0.01521067
  33    0.0000353  -0.00593418
  34    0.0000371  -0.00611647
 
----------------
 Final Energies 
----------------
Final NOF Total Energy =    -796.8751715
 
Total Orbital Internal Iterations = 890
Total Occupation Internal Iterations = 91
 
Elapsed time: 3108.06 Seconds

---------------------------------
   Lowdin Population Analysis    
---------------------------------
 Idx  Atom   Population   Charge 
---------------------------------
  1     S    15.719       0.281
  2     S    15.714       0.286
  3     H     1.284      -0.284
  4     H     1.283      -0.283

---------------------------------
   M Diagnostic: 0.03
---------------------------------

Recovering execution output...
Moving from /scratch/pobleyef/286632 to /home-nas/pobleyef/Slim-NOF/ncwo1/Slim05/GNOF/arina.286632
mkdir -p /home-nas/pobleyef/Slim-NOF/ncwo1/Slim05/GNOF/arina.286632
mv /scratch/pobleyef/286632/* /home-nas/pobleyef/Slim-NOF/ncwo1/Slim05/GNOF/arina.286632
