BHROT27-h2o2_trans
/software/eb2024/easybuild/software/common/software/Julia/1.11.3-linux-x86_64/bin/julia
Job runing on nh007
Choosing scratch ...
Automatic scratch folder selection
/scratch/pobleyef/286631
/scratch/pobleyef/286631 directory
cp BHROT27-h2o2_trans.jl BHROT27-h2o2_trans.jld2 to  /scratch/pobleyef/286631/.
BHROT27-h2o2_trans_C.jld2 not found
BHROT27-h2o2_trans_n.jld2 not found
Computing Integrals
Basis Set                                            = def2-qzvp
Auxiliary Basis Set                                  = def2-universal-jkfit
Gaussian Type                                        = Spherical
Elapsed time:    3.87 Seconds

Number of basis functions                   (NBF)    = 174
Number of auxiliary basis functions         (NBFAUX) = 190
Inactive Doubly occupied orbitals up to     (NO1)    = 0
No. considered Strongly Doubly occupied MOs (NDOC)   = 9
No. considered Strongly Singly occupied MOs (NSOC)   = 0
NO. of Weakly occ. per St. Doubly occ.  MOs (NCWO)   = 1
Dimension of the Nat. Orb. subspace         (NBF5)   = 18
No. of electrons                                     = 18
    No. of alpha electrons                           = 9
    No. of beta electrons                            = 9
Multiplicity                                         = 1

Geometry
========
 O      -0.0044695      -0.7207736       0.0000000
 O       0.0044695       0.7207736       0.0000000
 H      -0.9535873      -0.8702773       0.0000000
 H       0.9535873       0.8702773       0.0000000

No violations of the orthonormality
No violations of the orthonormality
 
PNOF8/ADABelief Calculation
==================
 
  Nitext  Nit_orb  Time   Nit_occ  Time         Eelec          Etot           Ediff      maxdiff    MaxGrad_orb  Grad_occ
     1      10    2.9e+01    8    3.4e+01  -181.65478136  -144.58568594 -10180.65478136   0.616479   2.5e+00   2.0e-04 0.01
     2      10    1.1e+00   10    6.0e-02  -185.73288061  -148.66378519    -4.07809925   0.324024   1.3e+00   2.5e-04 0.03
     3      10    1.0e+00   10    2.8e-02  -187.24262228  -150.17352686    -1.50974167   0.232855   9.3e-01   1.5e-04 0.04
     4      10    1.4e+00    7    3.8e-03  -187.66748415  -150.59838873    -0.42486187   0.461714   1.8e+00   1.2e-04 0.04
     5      10    1.1e+00    6    7.6e-02  -187.94254823  -150.87345281    -0.27506409   0.235731   9.4e-01   1.7e-04 0.03
     6      10    1.1e+00    4    7.7e-03  -188.08483493  -151.01573951    -0.14228670   0.235541   9.4e-01   2.1e-04 0.03
     7      10    1.1e+00    6    5.6e-02  -188.16747568  -151.09838025    -0.08264075   0.233420   9.3e-01   1.1e-04 0.04
     8      10    1.2e+00    5    3.5e-03  -188.21510121  -151.14600579    -0.04762554   0.219175   8.8e-01   2.1e-04 0.04
     9      10    1.1e+00    0    2.3e-03  -188.21605926  -151.14696383    -0.00095804   0.219175   8.8e-01   2.1e-04 0.04
    10      30    3.0e+00    6    5.3e-02  -188.27626756  -151.20717214    -0.06020831   0.007456   3.0e-02   1.2e-04 0.04
    11      30    3.2e+00    6    6.8e-02  -188.28060086  -151.21150544    -0.00433329   0.007999   3.2e-02   1.0e-04 0.04
    12      30    3.1e+00    5    3.0e-02  -188.28176662  -151.21267120    -0.00116577   0.007953   3.2e-02   1.3e-04 0.04
    13      30    3.6e+00    5    4.2e-03  -188.28244667  -151.21335125    -0.00068005   0.006542   2.6e-02   8.4e-05 0.04
    14      30    3.6e+00    3    4.7e-02  -188.28261390  -151.21351848    -0.00016723   0.007177   2.9e-02   3.1e-05 0.04
    15      30    3.3e+00    3    7.3e-02  -188.28277963  -151.21368421    -0.00016572   0.006061   2.4e-02   1.2e-04 0.04
    16      30    3.7e+00    0    3.7e-03  -188.28279542  -151.21370000    -0.00001579   0.006061   2.4e-02   1.2e-04 0.04
    17      50    5.4e+00    2    3.7e-03  -188.28341995  -151.21432453    -0.00062453   0.000482   1.9e-03   1.0e-04 0.04
 
RESULTS OF THE OCCUPATION OPTIMIZATION
========================================
   1    1.9998167  -20.64715000
   2    1.9998091  -20.64678065
   3    1.9917971  -1.25096997
   4    1.9914510  -1.21297981
   5    1.9729562  -0.76541468
   6    1.9729797  -0.76501720
   7    1.9567429  -0.68433400
   8    1.9852012  -0.62981348
   9    1.9842845  -0.59364674
  10    0.0157155  -0.02216501
  11    0.0147988  -0.02206704
  12    0.0432571  -0.06693678
  13    0.0270203  -0.03583495
  14    0.0270438  -0.03585705
  15    0.0085490  -0.02073180
  16    0.0082029  -0.02104359
  17    0.0001909  -0.00657963
  18    0.0001833  -0.00638721
 
----------------
 Final Energies 
----------------
Final NOF Total Energy =    -151.2143245
 
Total Orbital Internal Iterations = 350
Total Occupation Internal Iterations = 86
 
Elapsed time:  124.21 Seconds

---------------------------------
   Lowdin Population Analysis    
---------------------------------
 Idx  Atom   Population   Charge 
---------------------------------
  1     O     7.616       0.384
  2     O     7.616       0.384
  3     H     1.385      -0.385
  4     H     1.384      -0.384

---------------------------------
   M Diagnostic: 0.04
---------------------------------

Recovering execution output...
Moving from /scratch/pobleyef/286631 to /home-nas/pobleyef/Slim-NOF/ncwo1/Slim05/GNOF/arina.286631
mkdir -p /home-nas/pobleyef/Slim-NOF/ncwo1/Slim05/GNOF/arina.286631
mv /scratch/pobleyef/286631/* /home-nas/pobleyef/Slim-NOF/ncwo1/Slim05/GNOF/arina.286631
