G21EA-EA_s-
/software/eb2024/easybuild/software/common/software/Julia/1.11.3-linux-x86_64/bin/julia
Job runing on nh037
Choosing scratch ...
Automatic scratch folder selection
/scratch/pobleyef/286653
/scratch/pobleyef/286653 directory
cp G21EA-EA_s-.jl G21EA-EA_s-.jld2 to  /scratch/pobleyef/286653/.
G21EA-EA_s-_C.jld2 not found
G21EA-EA_s-_n.jld2 not found
Computing Integrals
Basis Set                                            = def2-qzvp
Auxiliary Basis Set                                  = def2-universal-jkfit
Gaussian Type                                        = Spherical
Elapsed time:    3.81 Seconds

Number of basis functions                   (NBF)    = 70
Number of auxiliary basis functions         (NBFAUX) = 128
Inactive Doubly occupied orbitals up to     (NO1)    = 0
No. considered Strongly Doubly occupied MOs (NDOC)   = 8
No. considered Strongly Singly occupied MOs (NSOC)   = 1
NO. of Weakly occ. per St. Doubly occ.  MOs (NCWO)   = 1
Dimension of the Nat. Orb. subspace         (NBF5)   = 17
No. of electrons                                     = 17
    No. of alpha electrons                           = 9
    No. of beta electrons                            = 8
Multiplicity                                         = 2

Geometry
========
 S       0.0000000       0.0000000       0.0000000

No violations of the orthonormality
No violations of the orthonormality
 
PNOF8/ADABelief Calculation
==================
 
  Nitext  Nit_orb  Time   Nit_occ  Time         Eelec          Etot           Ediff      maxdiff    MaxGrad_orb  Grad_occ
     1      10    2.8e+01    5    3.6e+01  -386.92521536  -386.92521536 -10385.92521536   1.515559   6.1e+00   2.2e-04 0.00
     2      10    8.7e-02    5    3.5e-03  -393.65241124  -393.65241124    -6.72719588   0.343407   1.4e+00   1.5e-04 0.00
     3      10    2.7e-02    6    1.7e-03  -396.24812893  -396.24812893    -2.59571768   0.209834   8.4e-01   2.1e-04 0.00
     4      10    3.9e-02    5    2.0e-03  -397.09641758  -397.09641758    -0.84828865   0.353806   1.4e+00   8.2e-05 0.01
     5      10    3.9e-02    3    1.4e-03  -397.35804046  -397.35804046    -0.26162288   0.241782   9.7e-01   1.7e-04 0.01
     6      10    2.6e-02    3    5.3e-03  -397.50615169  -397.50615169    -0.14811123   0.315917   1.3e+00   2.4e-04 0.01
     7      10    2.5e-02    4    2.0e-03  -397.58425625  -397.58425625    -0.07810456   0.473384   1.9e+00   1.8e-04 0.01
     8      10    3.0e-02    4    1.6e-03  -397.62848794  -397.62848794    -0.04423169   0.264528   1.1e+00   1.8e-04 0.02
     9      10    2.5e-02    4    1.5e-03  -397.64186461  -397.64186461    -0.01337668   0.737585   3.0e+00   1.3e-04 0.02
    10      10    2.6e-02    3    1.5e-03  -397.65102010  -397.65102010    -0.00915549   0.576368   2.3e+00   1.2e-04 0.02
    11      10    3.7e-02    2    5.3e-03  -397.66378910  -397.66378910    -0.01276900   0.440404   1.8e+00   2.1e-04 0.02
    12      10    2.6e-02    3    1.7e-03  -397.67878538  -397.67878538    -0.01499628   0.511637   2.0e+00   5.0e-05 0.02
    13      10    3.2e-02    0    1.1e-03  -397.67893687  -397.67893687    -0.00015149   0.511637   2.0e+00   5.0e-05 0.02
    14      30    8.5e-02    2    1.4e-03  -397.78774451  -397.78774451    -0.10880765   0.030169   1.2e-01   1.7e-04 0.02
    15      30    7.5e-02    3    1.5e-03  -397.79385978  -397.79385978    -0.00611527   0.026237   1.0e-01   9.0e-05 0.02
    16      30    7.3e-02    2    1.5e-03  -397.79467284  -397.79467284    -0.00081306   0.040113   1.6e-01   1.8e-04 0.02
    17      30    7.9e-02    2    1.3e-03  -397.79540589  -397.79540589    -0.00073305   0.026541   1.1e-01   1.5e-04 0.02
    18      30    7.7e-02    2    1.5e-03  -397.79558200  -397.79558200    -0.00017611   0.030293   1.2e-01   9.4e-05 0.02
    19      30    7.4e-02    2    1.5e-03  -397.79563421  -397.79563421    -0.00005221   0.031247   1.2e-01   6.8e-05 0.02
    20      30    7.5e-02    1    1.1e-03  -397.79582773  -397.79582773    -0.00019352   0.029542   1.2e-01   1.7e-04 0.02
    21      30    7.5e-02    0    9.9e-04  -397.79583194  -397.79583194    -0.00000421   0.029542   1.2e-01   1.7e-04 0.02
    22      50    1.3e-01    1    1.3e-03  -397.79747491  -397.79747491    -0.00164297   0.001967   7.9e-03   2.0e-04 0.02
    23      50    1.3e-01    1    1.1e-03  -397.79748388  -397.79748388    -0.00000897   0.005417   2.2e-02   1.7e-04 0.02
    24      50    1.4e-01    1    9.8e-04  -397.79753882  -397.79753882    -0.00005494   0.004755   1.9e-02   1.1e-04 0.02
    25      50    1.2e-01    0    1.1e-03  -397.79756428  -397.79756428    -0.00002547   0.004761   1.9e-02   2.0e-04 0.02
    26      60    1.7e-01    0    1.0e-03  -397.79759818  -397.79759818    -0.00003390   0.003878   1.6e-02   2.5e-04 0.02
    27      70    1.7e-01    1    1.2e-03  -397.79763395  -397.79763395    -0.00003577   0.003268   1.3e-02   6.1e-05 0.02
    28      70    1.9e-01    1    1.4e-03  -397.79764263  -397.79764263    -0.00000868   0.003718   1.5e-02   6.3e-05 0.02
    29      70    1.8e-01    0    1.4e-03  -397.79764617  -397.79764617    -0.00000355   0.004729   1.9e-02   1.4e-04 0.02
    30      80    1.9e-01    1    1.3e-03  -397.79766527  -397.79766527    -0.00001910   0.003464   1.4e-02   3.9e-05 0.02
    31      80    2.0e-01    0    6.3e-03  -397.79767775  -397.79767775    -0.00001248   0.003413   1.4e-02   1.6e-04 0.02
    32      90    2.3e-01    0    1.1e-03  -397.79768880  -397.79768880    -0.00001104   0.002936   1.2e-02   1.7e-04 0.02
    33     100    2.4e-01    0    1.2e-03  -397.79770031  -397.79770031    -0.00001152   0.002498   1.0e-02   2.0e-04 0.02
    34     110    2.8e-01    1    1.1e-03  -397.79770473  -397.79770473    -0.00000442   0.002350   9.4e-03   6.1e-05 0.02
    35     110    3.1e-01    0    1.0e-03  -397.79770950  -397.79770950    -0.00000477   0.002367   9.5e-03   1.8e-04 0.02
    36     120    2.9e-01    0    1.1e-03  -397.79771262  -397.79771262    -0.00000311   0.002079   8.3e-03   1.7e-04 0.02
    37     130    3.1e-01    1    1.3e-03  -397.79771759  -397.79771759    -0.00000497   0.001919   7.7e-03   9.1e-05 0.02
    38     130    3.1e-01    0    1.1e-03  -397.79771889  -397.79771889    -0.00000130   0.001968   7.9e-03   1.5e-04 0.02
    39     140    3.3e-01    0    1.1e-03  -397.79772273  -397.79772273    -0.00000384   0.001780   7.1e-03   1.8e-04 0.02
    40     150    3.7e-01    0    1.1e-03  -397.79772107  -397.79772107     0.00000166   0.001624   6.5e-03   1.6e-04 0.02
 
RESULTS OF THE OCCUPATION OPTIMIZATION
========================================
   1    1.9999578  -91.73156337
   2    1.9993760  -8.69258339
   3    1.9985470  -6.37636690
   4    1.9985496  -6.37338335
   5    1.9989511  -6.36987427
   6    1.9905703  -0.53617123
   7    1.9819054  -0.14515198
   8    1.9811919  -0.11768790
   9    1.0000000  -0.08431187
  10    0.0188081  -0.02340399
  11    0.0180946  -0.02172975
  12    0.0094297  -0.02877410
  13    0.0010489  -0.01592865
  14    0.0014504  -0.01912414
  15    0.0014530  -0.01814349
  16    0.0006240  -0.01263571
  17    0.0000422  -0.00674573
 
----------------
 Final Energies 
----------------
Final NOF Total Energy =    -397.7977211
 
Total Orbital Internal Iterations = 2080
Total Occupation Internal Iterations = 69
 
Elapsed time:   90.33 Seconds

---------------------------------
   Lowdin Population Analysis    
---------------------------------
 Idx  Atom   Population   Charge 
---------------------------------
  1     S    17.000      -1.000

---------------------------------
   M Diagnostic: 0.02
---------------------------------

Recovering execution output...
Moving from /scratch/pobleyef/286653 to /home-nas/pobleyef/Slim-NOF/ncwo1/Slim05/GNOF/arina.286653
mkdir -p /home-nas/pobleyef/Slim-NOF/ncwo1/Slim05/GNOF/arina.286653
mv /scratch/pobleyef/286653/* /home-nas/pobleyef/Slim-NOF/ncwo1/Slim05/GNOF/arina.286653
