HAL59-NCH_FCl
/software/eb2024/easybuild/software/common/software/Julia/1.11.3-linux-x86_64/bin/julia
Job runing on nh013
Choosing scratch ...
Automatic scratch folder selection
/scratch/pobleyef/286702
/scratch/pobleyef/286702 directory
cp HAL59-NCH_FCl.jl HAL59-NCH_FCl.jld2 to  /scratch/pobleyef/286702/.
Computing Integrals
Basis Set                                            = def2-qzvp
Auxiliary Basis Set                                  = def2-universal-jkfit
Gaussian Type                                        = Spherical
Elapsed time:    4.70 Seconds

Number of basis functions                   (NBF)    = 271
Number of auxiliary basis functions         (NBFAUX) = 375
Inactive Doubly occupied orbitals up to     (NO1)    = 0
No. considered Strongly Doubly occupied MOs (NDOC)   = 20
No. considered Strongly Singly occupied MOs (NSOC)   = 0
NO. of Weakly occ. per St. Doubly occ.  MOs (NCWO)   = 1
Dimension of the Nat. Orb. subspace         (NBF5)   = 40
No. of electrons                                     = 40
    No. of alpha electrons                           = 20
    No. of beta electrons                            = 20
Multiplicity                                         = 1

Geometry
========
 N       0.0000000       0.0000000      -1.8411300
 C       0.0000000       0.0000000      -2.9821430
 H       0.0000000       0.0000000      -4.0497700
Cl       0.0000000       0.0000000       0.7715990
 F       0.0000000       0.0000000       2.4125940

No violations of the orthonormality
No violations of the orthonormality
 
PNOF8/ADABelief Calculation
==================
 
  Nitext  Nit_orb  Time   Nit_occ  Time         Eelec          Etot           Ediff      maxdiff    MaxGrad_orb  Grad_occ
     1      10    3.0e+01    9    3.6e+01  -780.05449651  -652.36804803 -10779.05449651   0.026934   1.1e-01   2.3e-04 0.04
     2      20    3.0e+00    5    2.5e-02  -780.23721835  -652.55076987    -0.18272184   0.069086   2.8e-01   2.3e-04 0.04
     3      20    3.0e+00    7    2.7e-02  -780.25982566  -652.57337719    -0.02260732   0.067806   2.7e-01   1.3e-04 0.04
     4      20    3.0e+00    6    2.6e-02  -780.26595265  -652.57950418    -0.00612699   0.088879   3.6e-01   1.7e-04 0.04
     5      20    3.1e+00    5    3.0e-02  -780.27222424  -652.58577577    -0.00627159   0.062051   2.5e-01   2.5e-04 0.04
     6      20    3.1e+00    0    5.1e-02  -780.27274410  -652.58629562    -0.00051986   0.062051   2.5e-01   2.5e-04 0.04
     7      40    6.0e+00    4    2.4e-02  -780.28699082  -652.60054234    -0.01424672   0.009673   3.9e-02   2.1e-04 0.04
     8      40    6.0e+00    5    2.5e-02  -780.28814519  -652.60169671    -0.00115437   0.013397   5.4e-02   1.0e-04 0.04
     9      40    6.0e+00    4    1.8e-02  -780.28917023  -652.60272175    -0.00102504   0.011288   4.5e-02   2.0e-04 0.04
    10      40    6.1e+00    4    2.5e-02  -780.28990708  -652.60345861    -0.00073685   0.012342   4.9e-02   2.3e-04 0.04
    11      40    5.9e+00    4    2.4e-02  -780.29056122  -652.60411274    -0.00065414   0.011585   4.6e-02   2.2e-04 0.04
    12      40    6.0e+00    4    3.5e-02  -780.29115632  -652.60470784    -0.00059510   0.013667   5.5e-02   2.1e-04 0.04
    13      40    6.0e+00    4    2.0e-02  -780.29155734  -652.60510886    -0.00040102   0.012549   5.0e-02   1.7e-04 0.04
    14      40    6.0e+00    4    2.3e-02  -780.29184626  -652.60539779    -0.00028893   0.014139   5.7e-02   1.5e-04 0.04
    15      40    6.0e+00    3    2.1e-02  -780.29205704  -652.60560857    -0.00021078   0.011902   4.8e-02   2.1e-04 0.04
    16      40    6.2e+00    2    5.8e-02  -780.29221235  -652.60576387    -0.00015531   0.015141   6.1e-02   2.5e-04 0.04
    17      40    6.1e+00    4    2.4e-02  -780.29233241  -652.60588393    -0.00012006   0.012718   5.1e-02   8.3e-05 0.04
    18      40    6.0e+00    2    6.8e-02  -780.29246296  -652.60601449    -0.00013055   0.015403   6.2e-02   1.3e-04 0.04
    19      40    6.1e+00    0    1.5e-02  -780.29246880  -652.60602032    -0.00000584   0.015403   6.2e-02   1.3e-04 0.04
    20      60    9.0e+00    1    1.9e-02  -780.29334000  -652.60689152    -0.00087120   0.000838   3.4e-03   1.6e-04 0.04
 
RESULTS OF THE OCCUPATION OPTIMIZATION
========================================
   1    1.9999718  -104.93407846
   2    1.9998695  -26.36342576
   3    1.9995489  -14.58390354
   4    1.9994268  -11.69985772
   5    1.9993498  -11.19565583
   6    1.9988765  -8.10586770
   7    1.9987727  -8.10562141
   8    1.9989881  -8.08762605
   9    1.9927767  -1.57571144
  10    1.9930455  -1.10366247
  11    1.9927595  -1.05793106
  12    1.9826101  -0.83501307
  13    1.9800095  -0.82980267
  14    1.9611046  -0.72127926
  15    1.9829753  -0.69809926
  16    1.9829454  -0.69659410
  17    1.9585164  -0.53284295
  18    1.9584798  -0.53280408
  19    1.9803772  -0.49050863
  20    1.9803768  -0.49044886
  21    0.0196232  -0.02467855
  22    0.0196228  -0.02467621
  23    0.0415202  -0.04356655
  24    0.0414836  -0.04356637
  25    0.0170546  -0.02819901
  26    0.0170247  -0.02820001
  27    0.0388954  -0.06948181
  28    0.0199905  -0.02561019
  29    0.0173899  -0.02997525
  30    0.0072405  -0.02011316
  31    0.0069545  -0.02992882
  32    0.0072233  -0.02611083
  33    0.0010119  -0.01678669
  34    0.0012273  -0.01689640
  35    0.0011235  -0.01688534
  36    0.0006502  -0.01429178
  37    0.0005732  -0.01336646
  38    0.0004511  -0.01067428
  39    0.0001305  -0.00736527
  40    0.0000282  -0.00493078
 
----------------
 Final Energies 
----------------
Final NOF Total Energy =    -652.6068915
 
Total Orbital Internal Iterations = 690
Total Occupation Internal Iterations = 77
 
Elapsed time:  193.37 Seconds

---------------------------------
   Lowdin Population Analysis    
---------------------------------
 Idx  Atom   Population   Charge 
---------------------------------
  1     N     6.904       0.096
  2     C     5.932       0.068
  3     H     1.134      -0.134
  4    Cl    16.904       0.096
  5     F     9.125      -0.125

---------------------------------
   M Diagnostic: 0.04
---------------------------------

Recovering execution output...
Moving from /scratch/pobleyef/286702 to /home-nas/pobleyef/Slim-NOF/ncwo1/Slim05/GNOF/arina.286702
mkdir -p /home-nas/pobleyef/Slim-NOF/ncwo1/Slim05/GNOF/arina.286702
mv /scratch/pobleyef/286702/* /home-nas/pobleyef/Slim-NOF/ncwo1/Slim05/GNOF/arina.286702
