HEAVY28-hcl
/software/eb2024/easybuild/software/common/software/Julia/1.11.3-linux-x86_64/bin/julia
Job runing on nh008
Choosing scratch ...
Automatic scratch folder selection
/scratch/pobleyef/286706
/scratch/pobleyef/286706 directory
cp HEAVY28-hcl.jl HEAVY28-hcl.jld2 to  /scratch/pobleyef/286706/.
Computing Integrals
Basis Set                                            = def2-qzvp
Auxiliary Basis Set                                  = def2-universal-jkfit
Gaussian Type                                        = Spherical
Elapsed time:    3.73 Seconds

Number of basis functions                   (NBF)    = 100
Number of auxiliary basis functions         (NBFAUX) = 146
Inactive Doubly occupied orbitals up to     (NO1)    = 0
No. considered Strongly Doubly occupied MOs (NDOC)   = 9
No. considered Strongly Singly occupied MOs (NSOC)   = 0
NO. of Weakly occ. per St. Doubly occ.  MOs (NCWO)   = 1
Dimension of the Nat. Orb. subspace         (NBF5)   = 18
No. of electrons                                     = 18
    No. of alpha electrons                           = 9
    No. of beta electrons                            = 9
Multiplicity                                         = 1

Geometry
========
 H       0.0000000       0.0000000      -0.6357120
Cl       0.0000000       0.0000000       0.6357120

No violations of the orthonormality
No violations of the orthonormality
 
PNOF8/ADABelief Calculation
==================
 
  Nitext  Nit_orb  Time   Nit_occ  Time         Eelec          Etot           Ediff      maxdiff    MaxGrad_orb  Grad_occ
     1      10    2.8e+01    5    3.5e+01  -467.38419250  -460.30866605 -10466.38419250   0.017151   6.9e-02   2.3e-04 0.03
     2      20    5.5e-01    3    8.6e-03  -467.47286252  -460.39733607    -0.08867002   0.041613   1.7e-01   1.5e-04 0.03
     3      20    5.1e-01    5    3.3e-03  -467.48631656  -460.41079011    -0.01345404   0.042873   1.7e-01   1.5e-04 0.03
     4      20    3.8e-01    5    3.1e-03  -467.49141037  -460.41588393    -0.00509382   0.051060   2.0e-01   3.9e-05 0.03
     5      20    3.2e-01    3    9.2e-03  -467.49507377  -460.41954732    -0.00366340   0.043486   1.7e-01   1.4e-04 0.03
     6      20    4.3e-01    3    2.6e-03  -467.49606792  -460.42054147    -0.00099415   0.046415   1.9e-01   1.1e-04 0.03
     7      20    2.9e-01    3    2.5e-03  -467.49739968  -460.42187324    -0.00133176   0.042993   1.7e-01   9.4e-05 0.03
     8      20    2.5e-01    0    1.9e-03  -467.49747446  -460.42194801    -0.00007478   0.042993   1.7e-01   9.4e-05 0.03
     9      40    7.1e-01    1    2.2e-03  -467.50117350  -460.42564705    -0.00369904   0.003330   1.3e-02   1.9e-04 0.03
    10      40    6.5e-01    1    1.5e-01  -467.50139360  -460.42586715    -0.00022010   0.006232   2.5e-02   1.3e-04 0.03
    11      40    6.0e-01    1    1.8e-03  -467.50160491  -460.42607846    -0.00021131   0.006540   2.6e-02   1.1e-04 0.03
    12      40    4.6e-01    1    1.8e-03  -467.50173429  -460.42620784    -0.00012938   0.005331   2.1e-02   8.3e-05 0.03
    13      40    1.2e+00    1    3.9e-02  -467.50183440  -460.42630795    -0.00010011   0.006039   2.4e-02   8.8e-05 0.03
    14      40    8.8e-01    1    1.6e-02  -467.50190913  -460.42638269    -0.00007473   0.005300   2.1e-02   8.0e-05 0.03
    15      40    5.6e-01    1    2.4e-03  -467.50196073  -460.42643429    -0.00005160   0.006081   2.4e-02   5.8e-05 0.03
    16      40    1.0e+00    1    5.2e-02  -467.50200278  -460.42647633    -0.00004205   0.005233   2.1e-02   5.5e-05 0.03
    17      40    7.1e-01    0    2.2e-03  -467.50203409  -460.42650765    -0.00003131   0.006093   2.4e-02   1.7e-04 0.03
    18      50    9.2e-01    1    1.8e-03  -467.50211180  -460.42658536    -0.00007771   0.004125   1.6e-02   5.2e-05 0.03
    19      50    1.0e+00    0    1.7e-03  -467.50213244  -460.42660599    -0.00002063   0.004442   1.8e-02   1.3e-04 0.03
    20      60    8.3e-01    1    4.2e-02  -467.50219526  -460.42666881    -0.00006282   0.003426   1.4e-02   4.2e-05 0.03
    21      60    1.2e+00    0    1.9e-03  -467.50222132  -460.42669488    -0.00002607   0.003544   1.4e-02   1.1e-04 0.03
    22      70    1.1e+00    1    1.1e-01  -467.50227592  -460.42674947    -0.00005460   0.003072   1.2e-02   6.3e-05 0.03
    23      70    1.2e+00    1    1.8e-03  -467.50232107  -460.42679462    -0.00004515   0.003242   1.3e-02   7.7e-05 0.03
    24      70    2.6e+00    1    3.7e-02  -467.50237928  -460.42685283    -0.00005821   0.003156   1.3e-02   1.1e-04 0.03
    25      70    1.3e+00    1    1.5e-02  -467.50244303  -460.42691658    -0.00006374   0.003104   1.2e-02   1.3e-04 0.03
    26      70    2.0e+00    3    1.5e-02  -467.50250476  -460.42697832    -0.00006174   0.003264   1.3e-02   6.6e-05 0.03
    27      70    1.2e+00    1    2.3e-02  -467.50258192  -460.42705547    -0.00007716   0.003266   1.3e-02   1.2e-04 0.03
    28      70    2.2e+00    3    1.4e-02  -467.50265572  -460.42712928    -0.00007381   0.003418   1.4e-02   1.0e-04 0.03
    29      70    1.5e+00    1    2.3e-03  -467.50273827  -460.42721182    -0.00008254   0.003200   1.3e-02   1.5e-04 0.03
    30      70    1.5e+00    3    2.2e-03  -467.50281267  -460.42728622    -0.00007440   0.003582   1.4e-02   1.8e-04 0.03
    31      70    1.1e+00    2    1.2e-02  -467.50290009  -460.42737364    -0.00008742   0.003236   1.3e-02   1.4e-04 0.03
    32      70    1.5e+00    2    2.0e-03  -467.50296761  -460.42744117    -0.00006753   0.003572   1.4e-02   2.1e-04 0.03
    33      70    1.0e+00    3    2.4e-03  -467.50303289  -460.42750644    -0.00006527   0.003313   1.3e-02   1.8e-04 0.03
    34      70    2.0e+00    3    3.3e-02  -467.50308485  -460.42755840    -0.00005196   0.003688   1.5e-02   1.9e-04 0.03
    35      70    1.6e+00    2    1.4e-02  -467.50312427  -460.42759782    -0.00003942   0.003512   1.4e-02   1.3e-04 0.03
    36      70    9.6e-01    2    2.0e-03  -467.50314956  -460.42762312    -0.00002529   0.003770   1.5e-02   1.6e-04 0.03
    37      70    1.4e+00    1    1.8e-03  -467.50317062  -460.42764417    -0.00002106   0.003494   1.4e-02   1.7e-04 0.03
    38      70    1.3e+00    2    2.0e-03  -467.50318023  -460.42765379    -0.00000961   0.003670   1.5e-02   1.6e-04 0.03
    39      70    2.5e+00    1    1.4e-02  -467.50318351  -460.42765706    -0.00000328   0.003821   1.5e-02   1.2e-04 0.03
    40      70    1.2e+00    1    2.1e-03  -467.50319690  -460.42767045    -0.00001339   0.003681   1.5e-02   1.7e-04 0.03
 
RESULTS OF THE OCCUPATION OPTIMIZATION
========================================
   1    1.9999680  -104.88710495
   2    1.9993973  -10.57601773
   3    1.9986841  -8.05539161
   4    1.9989856  -8.04922479
   5    1.9990000  -8.04365223
   6    1.9928469  -1.11748890
   7    1.9711650  -0.63630721
   8    1.9809593  -0.48888199
   9    1.9810731  -0.48534210
  10    0.0189269  -0.02355982
  11    0.0190407  -0.02366559
  12    0.0288350  -0.03993360
  13    0.0071531  -0.02942787
  14    0.0010000  -0.01885283
  15    0.0010144  -0.01897590
  16    0.0013159  -0.01925311
  17    0.0006027  -0.01490142
  18    0.0000320  -0.00616127
 
----------------
 Final Energies 
----------------
Final NOF Total Energy =    -460.4276705
 
Total Orbital Internal Iterations = 2060
Total Occupation Internal Iterations = 71
 
Elapsed time:  128.13 Seconds

---------------------------------
   Lowdin Population Analysis    
---------------------------------
 Idx  Atom   Population   Charge 
---------------------------------
  1     H     1.388      -0.388
  2    Cl    16.612       0.388

---------------------------------
   M Diagnostic: 0.03
---------------------------------

Recovering execution output...
Moving from /scratch/pobleyef/286706 to /home-nas/pobleyef/Slim-NOF/ncwo1/Slim05/GNOF/arina.286706
mkdir -p /home-nas/pobleyef/Slim-NOF/ncwo1/Slim05/GNOF/arina.286706
mv /scratch/pobleyef/286706/* /home-nas/pobleyef/Slim-NOF/ncwo1/Slim05/GNOF/arina.286706
