HEAVYSB11-cl2
/software/eb2024/easybuild/software/common/software/Julia/1.11.3-linux-x86_64/bin/julia
Job runing on nh038
Choosing scratch ...
Automatic scratch folder selection
/scratch/pobleyef/286711
/scratch/pobleyef/286711 directory
cp HEAVYSB11-cl2.jl HEAVYSB11-cl2.jld2 to  /scratch/pobleyef/286711/.
Computing Integrals
Basis Set                                            = def2-qzvp
Auxiliary Basis Set                                  = def2-universal-jkfit
Gaussian Type                                        = Spherical
Elapsed time:    3.79 Seconds

Number of basis functions                   (NBF)    = 140
Number of auxiliary basis functions         (NBFAUX) = 256
Inactive Doubly occupied orbitals up to     (NO1)    = 0
No. considered Strongly Doubly occupied MOs (NDOC)   = 17
No. considered Strongly Singly occupied MOs (NSOC)   = 0
NO. of Weakly occ. per St. Doubly occ.  MOs (NCWO)   = 1
Dimension of the Nat. Orb. subspace         (NBF5)   = 34
No. of electrons                                     = 34
    No. of alpha electrons                           = 17
    No. of beta electrons                            = 17
Multiplicity                                         = 1

Geometry
========
Cl       0.0000000       0.0000000      -0.9913164
Cl       0.0000000       0.0000000       0.9913164

No violations of the orthonormality
No violations of the orthonormality
 
PNOF8/ADABelief Calculation
==================
 
  Nitext  Nit_orb  Time   Nit_occ  Time         Eelec          Etot           Ediff      maxdiff    MaxGrad_orb  Grad_occ
     1      10    2.9e+01    8    3.4e+01  -996.50617716  -919.37040930 -10995.50617716   0.026315   1.1e-01   7.2e-05 0.04
     2      20    2.6e+00    3    2.2e-02  -996.70610894  -919.57034108    -0.19993178   0.053642   2.1e-01   1.2e-04 0.04
     3      20    2.5e+00    8    1.0e-02  -996.72771331  -919.59194546    -0.02160437   0.068040   2.7e-01   1.4e-04 0.04
     4      20    2.5e+00    6    1.3e-02  -996.73974536  -919.60397750    -0.01203205   0.057483   2.3e-01   2.0e-04 0.04
     5      20    2.6e+00    6    1.8e-02  -996.74611143  -919.61034357    -0.00636606   0.050331   2.0e-01   1.0e-04 0.04
     6      20    2.6e+00    0    3.1e-02  -996.74654495  -919.61077710    -0.00043353   0.050331   2.0e-01   1.0e-04 0.04
     7      40    4.9e+00    3    6.2e-03  -996.75828567  -919.62251781    -0.01174071   0.007929   3.2e-02   1.4e-04 0.04
     8      40    5.4e+00    3    1.2e-02  -996.75922530  -919.62345744    -0.00093964   0.010440   4.2e-02   1.2e-04 0.04
     9      40    5.0e+00    3    1.9e-02  -996.75970818  -919.62394032    -0.00048288   0.010037   4.0e-02   1.6e-04 0.04
    10      40    5.1e+00    1    3.2e-02  -996.76007289  -919.62430503    -0.00036471   0.011379   4.6e-02   2.6e-04 0.04
    11      40    4.7e+00    3    4.3e-02  -996.76028023  -919.62451237    -0.00020734   0.010085   4.0e-02   2.1e-04 0.04
    12      40    5.1e+00    1    9.9e-03  -996.76042959  -919.62466173    -0.00014936   0.010414   4.2e-02   2.0e-04 0.04
    13      40    5.1e+00    1    5.8e-02  -996.76064389  -919.62487603    -0.00021430   0.010180   4.1e-02   2.2e-04 0.04
    14      40    4.9e+00    3    6.1e-03  -996.76072452  -919.62495666    -0.00008063   0.010330   4.1e-02   1.4e-04 0.04
    15      40    5.0e+00    1    1.1e-02  -996.76083687  -919.62506901    -0.00011235   0.010066   4.0e-02   1.3e-04 0.04
    16      40    5.1e+00    1    1.1e-02  -996.76094395  -919.62517609    -0.00010708   0.010565   4.2e-02   1.6e-04 0.04
    17      40    5.1e+00    3    1.2e-02  -996.76102509  -919.62525723    -0.00008114   0.010449   4.2e-02   1.4e-04 0.04
    18      40    5.1e+00    1    5.7e-03  -996.76106350  -919.62529564    -0.00003841   0.010754   4.3e-02   1.1e-04 0.04
    19      40    5.3e+00    1    5.0e-03  -996.76116754  -919.62539968    -0.00010404   0.010263   4.1e-02   1.5e-04 0.04
    20      40    5.5e+00    2    5.4e-03  -996.76121755  -919.62544969    -0.00005001   0.010591   4.2e-02   1.9e-04 0.04
    21      40    5.4e+00    2    4.4e-02  -996.76127090  -919.62550304    -0.00005335   0.010572   4.2e-02   1.8e-04 0.04
    22      40    5.4e+00    2    5.1e-03  -996.76136935  -919.62560149    -0.00009845   0.009629   3.9e-02   2.0e-04 0.04
    23      40    5.0e+00    3    1.3e-02  -996.76139586  -919.62562800    -0.00002651   0.010960   4.4e-02   1.7e-04 0.04
    24      40    5.1e+00    2    5.5e-03  -996.76145505  -919.62568719    -0.00005919   0.011303   4.5e-02   1.9e-04 0.04
    25      40    5.1e+00    3    2.2e-02  -996.76149762  -919.62572976    -0.00004256   0.010828   4.3e-02   1.5e-04 0.04
    26      40    5.2e+00    1    1.0e-02  -996.76152417  -919.62575631    -0.00002655   0.057572   2.3e-01   1.7e-04 0.04
    27      40    5.4e+00    3    6.4e-03  -996.76156182  -919.62579396    -0.00003765   0.011674   4.7e-02   1.5e-04 0.04
    28      40    5.1e+00    1    5.3e-03  -996.76163731  -919.62586945    -0.00007549   0.010407   4.2e-02   1.9e-04 0.04
    29      40    5.2e+00    2    5.3e-03  -996.76164837  -919.62588051    -0.00001107   0.010893   4.4e-02   1.5e-04 0.04
    30      40    5.1e+00    2    7.3e-02  -996.76167840  -919.62591055    -0.00003003   0.014861   5.9e-02   1.6e-04 0.04
    31      40    4.9e+00    2    5.3e-03  -996.76168336  -919.62591550    -0.00000496   0.011145   4.5e-02   1.3e-04 0.04
    32      40    5.0e+00    0    5.0e-02  -996.76170617  -919.62593831    -0.00002281   0.011046   4.4e-02   1.9e-04 0.04
    33      50    6.3e+00    0    9.1e-03  -996.76193603  -919.62616817    -0.00022986   0.007856   3.1e-02   2.6e-04 0.04
    34      60    8.0e+00    0    4.5e-03  -996.76202876  -919.62626090    -0.00009273   0.006310   2.5e-02   2.9e-04 0.04
    35      70    8.8e+00    1    1.1e-02  -996.76209174  -919.62632388    -0.00006298   0.004601   1.8e-02   1.9e-04 0.04
    36      70    9.3e+00    0    5.5e-03  -996.76209292  -919.62632506    -0.00000118   0.004601   1.8e-02   1.9e-04 0.04
    37      90    1.1e+01    0    9.1e-03  -996.76225069  -919.62648283    -0.00015777   0.000763   3.1e-03   2.2e-04 0.04
 
RESULTS OF THE OCCUPATION OPTIMIZATION
========================================
   1    1.9999753  -104.93569882
   2    1.9999700  -104.93249030
   3    1.9994036  -10.62712411
   4    1.9993383  -10.61877778
   5    1.9985706  -8.09457592
   6    1.9981851  -8.08886036
   7    1.9990852  -8.08855441
   8    1.9990897  -8.08834596
   9    1.9990660  -8.08657360
  10    1.9990676  -8.08622738
  11    1.9918634  -1.12944847
  12    1.9888172  -1.08608847
  13    1.9649663  -0.62347803
  14    1.9806078  -0.51521876
  15    1.9805933  -0.51510382
  16    1.9793788  -0.51469505
  17    1.9794591  -0.51399098
  18    0.0205409  -0.02781644
  19    0.0206212  -0.02765430
  20    0.0194067  -0.02460104
  21    0.0193922  -0.02461321
  22    0.0350337  -0.05989183
  23    0.0111828  -0.02344832
  24    0.0081366  -0.03004825
  25    0.0009324  -0.01808448
  26    0.0009340  -0.01806798
  27    0.0009103  -0.01772799
  28    0.0009148  -0.01777106
  29    0.0018149  -0.03087307
  30    0.0014294  -0.02230993
  31    0.0006617  -0.01584302
  32    0.0005964  -0.01493139
  33    0.0000300  -0.00587385
  34    0.0000247  -0.00506956
 
----------------
 Final Energies 
----------------
Final NOF Total Energy =    -919.6264828
 
Total Orbital Internal Iterations = 1490
Total Occupation Internal Iterations = 82
 
Elapsed time:  275.30 Seconds

---------------------------------
   Lowdin Population Analysis    
---------------------------------
 Idx  Atom   Population   Charge 
---------------------------------
  1    Cl    16.998       0.002
  2    Cl    17.002      -0.002

---------------------------------
   M Diagnostic: 0.04
---------------------------------

Recovering execution output...
Moving from /scratch/pobleyef/286711 to /home-nas/pobleyef/Slim-NOF/ncwo1/Slim05/GNOF/arina.286711
mkdir -p /home-nas/pobleyef/Slim-NOF/ncwo1/Slim05/GNOF/arina.286711
mv /scratch/pobleyef/286711/* /home-nas/pobleyef/Slim-NOF/ncwo1/Slim05/GNOF/arina.286711
