PA26-hcl
/software/eb2024/easybuild/software/common/software/Julia/1.11.3-linux-x86_64/bin/julia
Job runing on nh005
Choosing scratch ...
Automatic scratch folder selection
/scratch/pobleyef/286727
/scratch/pobleyef/286727 directory
cp PA26-hcl.jl PA26-hcl.jld2 to  /scratch/pobleyef/286727/.
Computing Integrals
Basis Set                                            = def2-qzvp
Auxiliary Basis Set                                  = def2-universal-jkfit
Gaussian Type                                        = Spherical
Elapsed time:    3.71 Seconds

Number of basis functions                   (NBF)    = 100
Number of auxiliary basis functions         (NBFAUX) = 146
Inactive Doubly occupied orbitals up to     (NO1)    = 0
No. considered Strongly Doubly occupied MOs (NDOC)   = 9
No. considered Strongly Singly occupied MOs (NSOC)   = 0
NO. of Weakly occ. per St. Doubly occ.  MOs (NCWO)   = 1
Dimension of the Nat. Orb. subspace         (NBF5)   = 18
No. of electrons                                     = 18
    No. of alpha electrons                           = 9
    No. of beta electrons                            = 9
Multiplicity                                         = 1

Geometry
========
Cl       0.0000000       0.0000000      -0.6418157
 H       0.0000000       0.0000000       0.6418157

No violations of the orthonormality
No violations of the orthonormality
 
PNOF8/ADABelief Calculation
==================
 
  Nitext  Nit_orb  Time   Nit_occ  Time         Eelec          Etot           Ediff      maxdiff    MaxGrad_orb  Grad_occ
     1      10    3.0e+01    7    3.4e+01  -467.31725952  -460.30902169 -10466.31725952   0.017107   6.8e-02   7.7e-05 0.03
     2      20    5.2e-01    3    6.1e-03  -467.40326167  -460.39502384    -0.08600214   0.050219   2.0e-01   8.1e-05 0.03
     3      20    2.2e-01    6    1.9e-03  -467.41561944  -460.40738161    -0.01235778   0.053830   2.2e-01   5.0e-05 0.03
     4      20    3.6e-01    5    2.0e-03  -467.42340593  -460.41516810    -0.00778649   0.042886   1.7e-01   3.7e-05 0.03
     5      20    2.0e-01    3    2.1e-03  -467.42710197  -460.41886414    -0.00369604   0.053566   2.1e-01   1.6e-04 0.03
     6      20    1.7e-01    3    1.6e-03  -467.42824734  -460.42000951    -0.00114537   0.047959   1.9e-01   9.5e-05 0.03
     7      20    2.7e-01    3    1.7e-03  -467.42909673  -460.42085890    -0.00084940   0.046779   1.9e-01   1.0e-04 0.03
     8      20    2.5e-01    2    1.5e-03  -467.42983512  -460.42159729    -0.00073839   0.045566   1.8e-01   1.3e-04 0.03
     9      20    2.0e-01    0    1.3e-03  -467.42985574  -460.42161791    -0.00002061   0.045566   1.8e-01   1.3e-04 0.03
    10      40    8.1e-01    1    1.3e-03  -467.43463518  -460.42639735    -0.00477945   0.004889   2.0e-02   1.5e-04 0.03
    11      40    5.7e-01    1    1.3e-03  -467.43471883  -460.42648100    -0.00008364   0.008821   3.5e-02   2.0e-04 0.03
    12      40    4.7e-01    1    4.6e-02  -467.43485660  -460.42661877    -0.00013777   0.007173   2.9e-02   1.9e-04 0.03
    13      40    6.9e-01    3    3.8e-02  -467.43492597  -460.42668814    -0.00006937   0.007810   3.1e-02   7.6e-05 0.03
    14      40    6.1e-01    1    1.3e-03  -467.43500229  -460.42676446    -0.00007632   0.011773   4.7e-02   1.1e-04 0.03
    15      40    2.9e-01    1    6.3e-03  -467.43509792  -460.42686009    -0.00009563   0.008011   3.2e-02   1.3e-04 0.03
    16      40    3.7e-01    3    1.5e-02  -467.43519016  -460.42695233    -0.00009223   0.007706   3.1e-02   6.3e-05 0.03
    17      40    8.1e-01    1    1.4e-03  -467.43527557  -460.42703774    -0.00008541   0.008099   3.2e-02   1.3e-04 0.03
    18      40    3.3e-01    2    1.6e-03  -467.43535518  -460.42711735    -0.00007961   0.007574   3.0e-02   1.7e-04 0.03
    19      40    9.1e-01    2    8.9e-03  -467.43544038  -460.42720255    -0.00008520   0.008324   3.3e-02   1.7e-04 0.03
    20      40    1.1e+00    3    1.5e-03  -467.43552421  -460.42728638    -0.00008382   0.007700   3.1e-02   1.6e-04 0.03
    21      40    6.1e-01    2    1.5e-03  -467.43559522  -460.42735739    -0.00007102   0.008327   3.3e-02   1.6e-04 0.03
    22      40    3.6e-01    3    1.5e-03  -467.43566270  -460.42742487    -0.00006748   0.007823   3.1e-02   1.6e-04 0.03
    23      40    3.1e-01    2    4.4e-02  -467.43571755  -460.42747972    -0.00005485   0.008365   3.3e-02   1.6e-04 0.03
    24      40    3.8e-01    2    1.4e-03  -467.43577089  -460.42753306    -0.00005334   0.009915   4.0e-02   2.0e-04 0.03
    25      40    3.3e-01    3    6.0e-03  -467.43579932  -460.42756149    -0.00002843   0.009296   3.7e-02   1.4e-04 0.03
    26      40    8.8e-01    1    7.0e-03  -467.43584302  -460.42760519    -0.00004370   0.009103   3.6e-02   2.0e-04 0.03
    27      40    6.5e-01    2    1.5e-03  -467.43584751  -460.42760968    -0.00000449   0.009600   3.8e-02   1.8e-04 0.03
    28      40    1.6e+00    1    1.3e-02  -467.43586867  -460.42763084    -0.00002117   0.009541   3.8e-02   2.0e-04 0.03
    29      40    8.1e-01    1    1.7e-03  -467.43587486  -460.42763703    -0.00000619   0.009285   3.7e-02   1.7e-04 0.03
    30      40    9.1e-01    2    2.0e-03  -467.43588037  -460.42764254    -0.00000550   0.009772   3.9e-02   1.2e-04 0.03
    31      40    2.4e-01    0    1.2e-03  -467.43588192  -460.42764410    -0.00000156   0.009772   3.9e-02   1.2e-04 0.03
    32      60    1.3e+00    0    3.8e-02  -467.43605972  -460.42782189    -0.00017780   0.000825   3.3e-03   1.5e-04 0.03
 
RESULTS OF THE OCCUPATION OPTIMIZATION
========================================
   1    1.9999680  -104.88900130
   2    1.9993991  -10.57647628
   3    1.9986914  -8.05744117
   4    1.9989891  -8.05010338
   5    1.9989936  -8.04649361
   6    1.9928193  -1.11591708
   7    1.9708880  -0.63567923
   8    1.9809190  -0.48698700
   9    1.9810726  -0.48639466
  10    0.0189274  -0.02357139
  11    0.0190810  -0.02365492
  12    0.0291120  -0.04013660
  13    0.0071807  -0.02949365
  14    0.0010064  -0.01890132
  15    0.0010109  -0.01895565
  16    0.0013086  -0.01916866
  17    0.0006009  -0.01488034
  18    0.0000320  -0.00616385
 
----------------
 Final Energies 
----------------
Final NOF Total Energy =    -460.4278219
 
Total Orbital Internal Iterations = 1110
Total Occupation Internal Iterations = 70
 
Elapsed time:  101.06 Seconds

---------------------------------
   Lowdin Population Analysis    
---------------------------------
 Idx  Atom   Population   Charge 
---------------------------------
  1    Cl    16.630       0.370
  2     H     1.370      -0.370

---------------------------------
   M Diagnostic: 0.03
---------------------------------

Recovering execution output...
Moving from /scratch/pobleyef/286727 to /home-nas/pobleyef/Slim-NOF/ncwo1/Slim05/GNOF/arina.286727
mkdir -p /home-nas/pobleyef/Slim-NOF/ncwo1/Slim05/GNOF/arina.286727
mv /scratch/pobleyef/286727/* /home-nas/pobleyef/Slim-NOF/ncwo1/Slim05/GNOF/arina.286727
