W4-11-alcl3
/software/eb2024/easybuild/software/common/software/Julia/1.11.3-linux-x86_64/bin/julia
Job runing on nh012
Choosing scratch ...
Automatic scratch folder selection
/scratch/pobleyef/286760
/scratch/pobleyef/286760 directory
cp W4-11-alcl3.jl W4-11-alcl3.jld2 to  /scratch/pobleyef/286760/.
Computing Integrals
Basis Set                                            = def2-qzvp
Auxiliary Basis Set                                  = def2-universal-jkfit
Gaussian Type                                        = Spherical
Elapsed time:    4.82 Seconds

Number of basis functions                   (NBF)    = 280
Number of auxiliary basis functions         (NBFAUX) = 512
Inactive Doubly occupied orbitals up to     (NO1)    = 0
No. considered Strongly Doubly occupied MOs (NDOC)   = 32
No. considered Strongly Singly occupied MOs (NSOC)   = 0
NO. of Weakly occ. per St. Doubly occ.  MOs (NCWO)   = 1
Dimension of the Nat. Orb. subspace         (NBF5)   = 64
No. of electrons                                     = 64
    No. of alpha electrons                           = 32
    No. of beta electrons                            = 32
Multiplicity                                         = 1

Geometry
========
Al       0.0000000       0.0000000       0.0000000
Cl       0.0000000       2.0709710       0.0000000
Cl       1.7935130      -1.0354850       0.0000000
Cl      -1.7935130      -1.0354850       0.0000000

No violations of the orthonormality
No violations of the orthonormality
 
PNOF8/ADABelief Calculation
==================
 
  Nitext  Nit_orb  Time   Nit_occ  Time         Eelec          Etot           Ediff      maxdiff    MaxGrad_orb  Grad_occ
     1      10    3.0e+01   10    3.4e+01 -1918.74025000 -1621.42574025 -11917.74025000   0.022897   9.2e-02   1.4e-04 0.03
     2      20    3.7e+00    6    1.2e-01 -1918.97598744 -1621.66147769    -0.23573744   0.108408   4.3e-01   7.4e-05 0.02
     3      20    3.5e+00    5    6.3e-02 -1919.05319218 -1621.73868243    -0.07720474   0.113073   4.5e-01   2.6e-04 0.02
     4      20    3.4e+00    5    5.1e-02 -1919.06771497 -1621.75320522    -0.01452280   0.131320   5.3e-01   2.1e-04 0.02
     5      20    3.5e+00    5    5.5e-02 -1919.08519077 -1621.77068102    -0.01747579   0.076459   3.1e-01   2.3e-04 0.02
     6      20    3.5e+00    0    4.6e-02 -1919.08613941 -1621.77162966    -0.00094864   0.076459   3.1e-01   2.3e-04 0.02
     7      40    7.1e+00    5    5.6e-02 -1919.13943966 -1621.82492991    -0.05330025   0.013895   5.6e-02   2.2e-04 0.02
     8      40    7.0e+00    4    5.4e-02 -1919.14269907 -1621.82818932    -0.00325942   0.019012   7.6e-02   3.5e-04 0.02
     9      40    6.9e+00    4    5.5e-02 -1919.14554202 -1621.83103227    -0.00284294   0.016469   6.6e-02   2.7e-04 0.02
    10      40    7.0e+00    5    4.7e-02 -1919.14779128 -1621.83328153    -0.00224927   0.013841   5.5e-02   1.4e-04 0.02
    11      40    7.0e+00    3    6.0e-02 -1919.14967161 -1621.83516186    -0.00188032   0.012828   5.1e-02   2.7e-04 0.02
    12      40    7.0e+00    3    8.2e-02 -1919.15100730 -1621.83649755    -0.00133570   0.013532   5.4e-02   2.3e-04 0.02
    13      40    7.2e+00    2    4.9e-02 -1919.15175714 -1621.83724739    -0.00074984   0.013538   5.4e-02   2.4e-04 0.02
    14      40    7.0e+00    2    4.4e-02 -1919.15241133 -1621.83790158    -0.00065418   0.012715   5.1e-02   2.6e-04 0.02
    15      40    7.0e+00    3    5.9e-02 -1919.15295132 -1621.83844157    -0.00054000   0.012531   5.0e-02   2.4e-04 0.02
    16      40    7.2e+00    1    4.2e-02 -1919.15308735 -1621.83857760    -0.00013603   0.012464   5.0e-02   3.0e-04 0.02
    17      40    7.0e+00    3    4.5e-02 -1919.15338723 -1621.83887748    -0.00029987   0.012003   4.8e-02   2.1e-04 0.02
    18      40    6.9e+00    2    5.4e-02 -1919.15350014 -1621.83899039    -0.00011291   0.012776   5.1e-02   1.8e-04 0.02
    19      40    7.1e+00    2    4.1e-02 -1919.15381198 -1621.83930223    -0.00031184   0.012669   5.1e-02   1.9e-04 0.02
    20      40    7.0e+00    2    4.2e-02 -1919.15385520 -1621.83934545    -0.00004322   0.013096   5.2e-02   1.9e-04 0.02
    21      40    7.0e+00    2    4.7e-02 -1919.15395113 -1621.83944138    -0.00009593   0.012678   5.1e-02   2.1e-04 0.02
    22      40    7.0e+00    2    5.3e-02 -1919.15406224 -1621.83955249    -0.00011111   0.013474   5.4e-02   2.4e-04 0.02
    23      40    6.9e+00    2    4.4e-02 -1919.15419930 -1621.83968955    -0.00013706   0.013242   5.3e-02   2.3e-04 0.02
    24      40    7.0e+00    2    4.4e-02 -1919.15429213 -1621.83978238    -0.00009283   0.014730   5.9e-02   2.4e-04 0.02
    25      40    7.0e+00    2    4.8e-02 -1919.15439938 -1621.83988963    -0.00010726   0.012860   5.1e-02   2.2e-04 0.02
    26      40    7.0e+00    2    4.7e-02 -1919.15450323 -1621.83999348    -0.00010384   0.013099   5.2e-02   2.4e-04 0.02
    27      40    7.1e+00    2    4.8e-02 -1919.15462215 -1621.84011240    -0.00011892   0.012981   5.2e-02   2.3e-04 0.02
    28      40    7.0e+00    2    4.0e-02 -1919.15471595 -1621.84020620    -0.00009380   0.013178   5.3e-02   2.2e-04 0.02
    29      40    7.0e+00    2    5.2e-02 -1919.15473314 -1621.84022339    -0.00001719   0.012858   5.1e-02   2.0e-04 0.02
    30      40    7.1e+00    2    4.4e-02 -1919.15474571 -1621.84023596    -0.00001258   0.012920   5.2e-02   1.8e-04 0.02
    31      40    7.0e+00    1    4.1e-02 -1919.15477917 -1621.84026942    -0.00003345   0.013097   5.2e-02   1.8e-04 0.02
    32      40    7.1e+00    2    3.8e-02 -1919.15480765 -1621.84029790    -0.00002848   0.012825   5.1e-02   1.7e-04 0.02
    33      40    6.8e+00    0    4.2e-02 -1919.15481074 -1621.84030099    -0.00000309   0.012825   5.1e-02   1.7e-04 0.02
    34      60    1.0e+01    1    4.3e-02 -1919.15699834 -1621.84248859    -0.00218760   0.001129   4.5e-03   1.5e-04 0.02
    35      60    1.0e+01    0    3.8e-02 -1919.15699907 -1621.84248932    -0.00000073   0.001129   4.5e-03   1.5e-04 0.02
    36      80    1.4e+01    0    3.9e-02 -1919.15702101 -1621.84251126    -0.00002194   0.000588   2.4e-03   1.8e-04 0.02
 
RESULTS OF THE OCCUPATION OPTIMIZATION
========================================
   1    1.9999679  -104.89036992
   2    1.9999676  -104.89003969
   3    1.9999691  -104.88981634
   4    1.9999479  -58.60477378
   5    1.9993552  -10.58410368
   6    1.9993573  -10.58406567
   7    1.9993560  -10.58365103
   8    1.9986451  -8.05002358
   9    1.9990607  -8.05001931
  10    1.9990575  -8.04995510
  11    1.9990594  -8.04962131
  12    1.9986316  -8.04942112
  13    1.9986519  -8.04935285
  14    1.9991048  -8.04686055
  15    1.9991074  -8.04672338
  16    1.9991048  -8.04641962
  17    1.9978270  -4.97311674
  18    1.9966857  -3.29296806
  19    1.9965420  -3.29145284
  20    1.9960686  -3.28901375
  21    1.9924544  -1.10939832
  22    1.9924595  -1.10917375
  23    1.9923890  -1.10915173
  24    1.9763194  -0.52851472
  25    1.9764594  -0.52774272
  26    1.9765829  -0.52546735
  27    1.9766367  -0.52411219
  28    1.9771165  -0.51963311
  29    1.9772217  -0.51797019
  30    1.9773352  -0.51619734
  31    1.9774681  -0.51530330
  32    1.9776699  -0.51265407
  33    0.0223301  -0.02946907
  34    0.0225319  -0.03019099
  35    0.0226648  -0.03035726
  36    0.0227783  -0.03076371
  37    0.0228835  -0.03120889
  38    0.0233633  -0.03237331
  39    0.0234171  -0.03276999
  40    0.0235406  -0.03331497
  41    0.0236806  -0.03358036
  42    0.0076110  -0.02822484
  43    0.0075405  -0.02860467
  44    0.0075456  -0.02856092
  45    0.0039314  -0.02121233
  46    0.0034580  -0.02802975
  47    0.0033143  -0.02005997
  48    0.0021730  -0.01777175
  49    0.0008952  -0.01748450
  50    0.0008926  -0.01746004
  51    0.0008952  -0.01748294
  52    0.0013481  -0.02002124
  53    0.0013684  -0.02057466
  54    0.0009406  -0.01799051
  55    0.0009425  -0.01801257
  56    0.0009393  -0.01798092
  57    0.0013549  -0.02016314
  58    0.0006440  -0.01517940
  59    0.0006427  -0.01511023
  60    0.0006448  -0.01516099
  61    0.0000521  -0.00568391
  62    0.0000309  -0.00601080
  63    0.0000324  -0.00614922
  64    0.0000321  -0.00611073
 
----------------
 Final Energies 
----------------
Final NOF Total Energy =   -1621.8425113
 
Total Orbital Internal Iterations = 1390
Total Occupation Internal Iterations = 96
 
Elapsed time:  337.35 Seconds

---------------------------------
   Lowdin Population Analysis    
---------------------------------
 Idx  Atom   Population   Charge 
---------------------------------
  1    Al    14.747      -1.747
  2    Cl    16.417       0.583
  3    Cl    16.418       0.582
  4    Cl    16.418       0.582

---------------------------------
   M Diagnostic: 0.02
---------------------------------

Recovering execution output...
Moving from /scratch/pobleyef/286760 to /home-nas/pobleyef/Slim-NOF/ncwo1/Slim05/GNOF/arina.286760
mkdir -p /home-nas/pobleyef/Slim-NOF/ncwo1/Slim05/GNOF/arina.286760
mv /scratch/pobleyef/286760/* /home-nas/pobleyef/Slim-NOF/ncwo1/Slim05/GNOF/arina.286760
