Computing Integrals
Basis Set                                            = def2-qzvp
Auxiliary Basis Set                                  = def2-universal-jkfit
Gaussian Type                                        = Spherical
Elapsed time:    2.56 Seconds

Number of basis functions                   (NBF)    = 171
Number of auxiliary basis functions         (NBFAUX) = 231
Inactive Doubly occupied orbitals up to     (NO1)    = 0
No. considered Strongly Doubly occupied MOs (NDOC)   = 11
No. considered Strongly Singly occupied MOs (NSOC)   = 0
NO. of Weakly occ. per St. Doubly occ.  MOs (NCWO)   = 1
Dimension of the Nat. Orb. subspace         (NBF5)   = 22
No. of electrons                                     = 22
    No. of alpha electrons                           = 11
    No. of beta electrons                            = 11
Multiplicity                                         = 1

Geometry
========
 N       0.3636181       1.9287268      -1.7850500
 N       0.8221764       2.4066504      -2.7896666
 N      -0.0945684       1.4516948      -0.7768230

No violations of the orthonormality
No violations of the orthonormality
 
PNOF8/ADABelief Calculation
==================
 
  Nitext  Nit_orb  Time   Nit_occ  Time         Eelec          Etot           Ediff      maxdiff    MaxGrad_orb  Grad_occ
     1      10    9.9e+00    7    1.2e+01  -217.57852432  -163.76313388 -10216.57852432   0.015174   6.1e-02   7.5e-05 0.05
     2      20    1.5e+00   11    1.9e-02  -217.58962413  -163.77423369    -0.01109981   0.186698   7.5e-01   1.3e-04 0.05
     3      20    1.6e+00   10    9.5e-03  -217.60203798  -163.78664755    -0.01241386   0.029337   1.2e-01   1.3e-04 0.05
     4      20    2.5e+00    7    5.6e-02  -217.60680143  -163.79141099    -0.00476345   0.018715   7.5e-02   2.5e-04 0.05
     5      20    1.4e+00    7    8.1e-02  -217.61405366  -163.79866323    -0.00725223   0.018180   7.3e-02   1.7e-04 0.05
     6      20    2.0e+00    7    5.4e-02  -217.61801693  -163.80262650    -0.00396327   0.019843   7.9e-02   9.9e-05 0.05
     7      20    1.8e+00    7    3.0e-02  -217.61964770  -163.80425727    -0.00163077   0.020833   8.3e-02   8.9e-05 0.05
     8      20    1.8e+00    5    2.5e-02  -217.62195618  -163.80656574    -0.00230848   0.019732   7.9e-02   1.7e-04 0.05
     9      20    2.5e+00    4    8.7e-02  -217.62269115  -163.80730071    -0.00073497   0.020303   8.1e-02   1.1e-04 0.05
    10      20    2.2e+00    3    5.1e-02  -217.62337472  -163.80798428    -0.00068357   0.019302   7.7e-02   1.4e-04 0.05
    11      20    1.9e+00    2    3.8e-02  -217.62374741  -163.80835697    -0.00037269   0.018259   7.3e-02   1.7e-04 0.05
    12      20    1.7e+00    0    7.3e-02  -217.62375646  -163.80836603    -0.00000906   0.018259   7.3e-02   1.7e-04 0.05
    13      40    3.3e+00    2    6.2e-03  -217.62905010  -163.81365966    -0.00529364   0.001858   7.4e-03   1.9e-04 0.05
    14      40    3.8e+00    0    2.4e-02  -217.62905596  -163.81366553    -0.00000586   0.001858   7.4e-03   1.9e-04 0.05
    15      60    4.9e+00    1    1.6e-02  -217.62911157  -163.81372113    -0.00005561   0.000726   2.9e-03   2.2e-04 0.05
 
RESULTS OF THE OCCUPATION OPTIMIZATION
========================================
   1    1.9997041  -15.45291678
   2    1.9997758  -15.35075678
   3    1.9997571  -15.33961027
   4    1.9931316  -1.15229113
   5    1.9893530  -0.76796681
   6    1.9751582  -0.52242416
   7    1.9859840  -0.51080309
   8    1.9684909  -0.41984339
   9    1.9852799  -0.40541222
  10    1.9473149  -0.12894627
  11    1.9468621  -0.12387541
  12    0.0531379  -0.05217161
  13    0.0526851  -0.05212760
  14    0.0147201  -0.01656450
  15    0.0315091  -0.04056710
  16    0.0140160  -0.01832759
  17    0.0248418  -0.03178092
  18    0.0106470  -0.01698655
  19    0.0068684  -0.01113063
  20    0.0002429  -0.00642546
  21    0.0002242  -0.00595115
  22    0.0002959  -0.00749007
 
----------------
 Final Energies 
----------------
Final NOF Total Energy =    -163.8137211
 
Total Orbital Internal Iterations = 370
Total Occupation Internal Iterations = 73
 
Elapsed time:   63.95 Seconds

---------------------------------
   Lowdin Population Analysis    
---------------------------------
 Idx  Atom   Population   Charge 
---------------------------------
  1     N     7.255      -0.255
  2     N     7.365      -0.365
  3     N     7.380      -0.380

---------------------------------
   M Diagnostic: 0.05
---------------------------------

