Computing Integrals
Basis Set                                            = def2-qzvp
Auxiliary Basis Set                                  = def2-universal-jkfit
Gaussian Type                                        = Spherical
Elapsed time:    3.40 Seconds

Number of basis functions                   (NBF)    = 217
Number of auxiliary basis functions         (NBFAUX) = 257
Inactive Doubly occupied orbitals up to     (NO1)    = 0
No. considered Strongly Doubly occupied MOs (NDOC)   = 13
No. considered Strongly Singly occupied MOs (NSOC)   = 0
NO. of Weakly occ. per St. Doubly occ.  MOs (NCWO)   = 1
Dimension of the Nat. Orb. subspace         (NBF5)   = 26
No. of electrons                                     = 26
    No. of alpha electrons                           = 13
    No. of beta electrons                            = 13
Multiplicity                                         = 1

Geometry
========
 C       0.0000000       0.0000000      -0.1499170
Cl       0.0000000       0.0000000       1.6328018
 H      -0.5139978      -0.8902703      -0.4942949
 H      -0.5139978       0.8902703      -0.4942949
 H       1.0279956       0.0000000      -0.4942949

No violations of the orthonormality
No violations of the orthonormality
 
PNOF8/ADABelief Calculation
==================
 
  Nitext  Nit_orb  Time   Nit_occ  Time         Eelec          Etot           Ediff      maxdiff    MaxGrad_orb  Grad_occ
     1      10    1.0e+01    6    1.2e+01  -550.89703479  -499.51864863 -10549.89703479   0.030685   1.2e-01   2.5e-04 0.04
     2      20    3.2e+00   20    4.1e-02  -550.91633214  -499.53794599    -0.01929735   1.045243   4.2e+00   1.7e-04 0.04
     3      20    2.3e+00   11    2.8e-02  -550.96251008  -499.58412392    -0.04617794   0.033708   1.3e-01   1.9e-04 0.04
     4      20    1.9e+00    0    1.3e-02  -550.96452807  -499.58614191    -0.00201799   0.033708   1.3e-01   1.9e-04 0.04
     5      40    4.7e+00    9    4.2e-02  -550.97883940  -499.60045324    -0.01431133   0.009784   3.9e-02   1.7e-04 0.04
     6      40    5.1e+00    9    4.1e-02  -550.98450608  -499.60611993    -0.00566669   0.013964   5.6e-02   5.0e-05 0.04
     7      40    5.1e+00    7    3.5e-02  -550.98812509  -499.60973894    -0.00361901   0.009335   3.7e-02   1.8e-04 0.04
     8      40    4.5e+00    7    3.4e-02  -550.99084356  -499.61245740    -0.00271847   0.011589   4.6e-02   1.1e-04 0.04
     9      40    4.0e+00    5    5.0e-02  -550.99268476  -499.61429860    -0.00184120   0.009475   3.8e-02   2.4e-04 0.04
    10      40    4.0e+00    6    3.4e-02  -550.99397018  -499.61558403    -0.00128543   0.011395   4.6e-02   1.4e-04 0.04
    11      40    4.4e+00    5    3.9e-02  -550.99487745  -499.61649129    -0.00090726   0.009992   4.0e-02   1.5e-04 0.04
    12      40    4.3e+00    5    3.8e-02  -550.99551379  -499.61712764    -0.00063635   0.011639   4.7e-02   7.6e-05 0.04
    13      40    4.8e+00    4    6.0e-03  -550.99607630  -499.61769014    -0.00056250   0.009348   3.7e-02   1.8e-04 0.04
    14      40    4.0e+00    5    7.3e-03  -550.99670367  -499.61831752    -0.00062738   0.010313   4.1e-02   4.9e-05 0.04
    15      40    4.4e+00    5    2.3e-02  -550.99732649  -499.61894033    -0.00062281   0.010349   4.1e-02   5.3e-05 0.04
    16      40    4.4e+00    4    5.4e-02  -550.99799676  -499.61961061    -0.00067027   0.008983   3.6e-02   2.0e-04 0.04
    17      40    4.4e+00    4    4.1e-02  -550.99845010  -499.62006395    -0.00045334   0.009090   3.6e-02   1.9e-04 0.04
    18      40    4.4e+00    2    5.7e-03  -550.99884571  -499.62045955    -0.00039560   0.008734   3.5e-02   2.2e-04 0.04
    19      40    4.4e+00    3    3.7e-02  -550.99912708  -499.62074092    -0.00028137   0.013501   5.4e-02   1.5e-04 0.04
    20      40    6.6e+00    1    3.5e-02  -550.99938495  -499.62099879    -0.00025787   0.008826   3.5e-02   2.6e-04 0.04
    21      40    4.2e+00    3    3.5e-02  -550.99958518  -499.62119903    -0.00020023   0.009057   3.6e-02   8.4e-05 0.04
    22      40    4.2e+00    2    1.8e-02  -550.99973183  -499.62134567    -0.00014665   0.008408   3.4e-02   1.3e-04 0.04
    23      40    4.7e+00    2    2.9e-02  -550.99986041  -499.62147426    -0.00012858   0.008849   3.5e-02   1.6e-04 0.04
    24      40    4.5e+00    2    5.5e-02  -550.99998399  -499.62159783    -0.00012358   0.008410   3.4e-02   1.0e-04 0.04
    25      40    4.0e+00    2    2.1e-02  -551.00008376  -499.62169761    -0.00009977   0.008426   3.4e-02   1.3e-04 0.04
    26      40    4.2e+00    2    2.9e-02  -551.00021053  -499.62182437    -0.00012676   0.008151   3.3e-02   8.1e-05 0.04
    27      40    4.3e+00    2    4.8e-02  -551.00032432  -499.62193816    -0.00011379   0.008236   3.3e-02   1.1e-04 0.04
    28      40    4.6e+00    1    1.5e-02  -551.00040167  -499.62201552    -0.00007736   0.008326   3.3e-02   1.6e-04 0.04
    29      40    4.2e+00    2    5.8e-03  -551.00052537  -499.62213921    -0.00012370   0.008331   3.3e-02   5.6e-05 0.04
    30      40    4.3e+00    2    2.0e-02  -551.00056538  -499.62217922    -0.00004001   0.008334   3.3e-02   7.6e-05 0.04
    31      40    4.2e+00    2    5.9e-03  -551.00068549  -499.62229934    -0.00012011   0.008000   3.2e-02   8.4e-05 0.04
    32      40    4.2e+00    0    3.9e-02  -551.00068991  -499.62230375    -0.00000442   0.008000   3.2e-02   8.4e-05 0.04
    33      60    7.5e+00    1    4.4e-02  -551.00145267  -499.62306651    -0.00076276   0.000871   3.5e-03   1.2e-04 0.04
 
RESULTS OF THE OCCUPATION OPTIMIZATION
========================================
   1    1.9999684  -104.87122626
   2    1.9993641  -10.71192845
   3    1.9991332  -9.17443300
   4    1.9990402  -8.93452103
   5    1.9990228  -8.85121563
   6    1.9986812  -8.24332676
   7    1.9911015  -1.11481245
   8    1.9831505  -0.90590816
   9    1.9731236  -0.61091760
  10    1.9734278  -0.60183292
  11    1.9600584  -0.56435333
  12    1.9765872  -0.48620750
  13    1.9767932  -0.47976260
  14    0.0232068  -0.02470872
  15    0.0234128  -0.02493244
  16    0.0399416  -0.05003940
  17    0.0265722  -0.02719992
  18    0.0268764  -0.02666584
  19    0.0168495  -0.02384726
  20    0.0088985  -0.02883950
  21    0.0013188  -0.01879340
  22    0.0009772  -0.01599402
  23    0.0009598  -0.01598188
  24    0.0008668  -0.01638800
  25    0.0006359  -0.01500332
  26    0.0000316  -0.00595772
 
----------------
 Final Energies 
----------------
Final NOF Total Energy =    -499.6230665
 
Total Orbital Internal Iterations = 1250
Total Occupation Internal Iterations = 141
 
Elapsed time:  174.74 Seconds

---------------------------------
   Lowdin Population Analysis    
---------------------------------
 Idx  Atom   Population   Charge 
---------------------------------
  1     C     6.084      -0.084
  2    Cl    16.633       0.367
  3     H     1.096      -0.096
  4     H     1.092      -0.092
  5     H     1.095      -0.095

---------------------------------
   M Diagnostic: 0.04
---------------------------------

