Computing Integrals
Basis Set                                            = def2-qzvp
Auxiliary Basis Set                                  = def2-universal-jkfit
Gaussian Type                                        = Spherical
Elapsed time:    1.77 Seconds

Number of basis functions                   (NBF)    = 130
Number of auxiliary basis functions         (NBFAUX) = 164
Inactive Doubly occupied orbitals up to     (NO1)    = 0
No. considered Strongly Doubly occupied MOs (NDOC)   = 9
No. considered Strongly Singly occupied MOs (NSOC)   = 1
NO. of Weakly occ. per St. Doubly occ.  MOs (NCWO)   = 1
Dimension of the Nat. Orb. subspace         (NBF5)   = 19
No. of electrons                                     = 19
    No. of alpha electrons                           = 10
    No. of beta electrons                            = 9
Multiplicity                                         = 2

Geometry
========
 H       0.0000000       0.0000000      -0.2566159
Cl       0.0000000       0.0000000       1.2872646
 H       0.0000000       0.0000000      -1.0306487

No violations of the orthonormality
No violations of the orthonormality
 
PNOF8/ADABelief Calculation
==================
 
  Nitext  Nit_orb  Time   Nit_occ  Time         Eelec          Etot           Ediff      maxdiff    MaxGrad_orb  Grad_occ
     1      10    9.5e+00    4    1.2e+01  -471.22648000  -460.83487219 -10470.22648000   0.027371   1.1e-01   1.4e-04 0.03
     2      20    5.7e-01    8    2.4e-02  -471.24764928  -460.85604147    -0.02116928   0.411349   1.6e+00   1.1e-04 0.03
     3      20    1.2e+00    5    2.1e-02  -471.26690552  -460.87529771    -0.01925623   0.053124   2.1e-01   2.2e-04 0.03
     4      20    5.9e-01    5    8.3e-03  -471.26905181  -460.87744400    -0.00214630   0.064117   2.6e-01   9.4e-05 0.03
     5      20    5.9e-01    5    4.8e-02  -471.27015987  -460.87855206    -0.00110806   0.084357   3.4e-01   6.0e-05 0.03
     6      20    7.8e-01    5    3.4e-02  -471.27200806  -460.88040025    -0.00184819   0.051437   2.1e-01   4.0e-05 0.03
     7      20    1.0e+00    0    1.7e-02  -471.27228162  -460.88067381    -0.00027356   0.051437   2.1e-01   4.0e-05 0.03
     8      40    2.1e+00    4    4.4e-02  -471.28155373  -460.88994592    -0.00927211   0.008620   3.4e-02   1.3e-04 0.03
     9      40    1.9e+00    4    7.6e-03  -471.28227360  -460.89066579    -0.00071987   0.008920   3.6e-02   1.3e-04 0.03
    10      40    1.8e+00    3    4.8e-02  -471.28301434  -460.89140653    -0.00074074   0.008212   3.3e-02   2.2e-04 0.03
    11      40    2.2e+00    3    6.3e-02  -471.28351827  -460.89191046    -0.00050393   0.008528   3.4e-02   1.5e-04 0.03
    12      40    3.1e+00    3    9.6e-03  -471.28391622  -460.89230841    -0.00039795   0.007263   2.9e-02   1.3e-04 0.03
    13      40    1.9e+00    2    2.0e-02  -471.28429266  -460.89268485    -0.00037644   0.008171   3.3e-02   1.5e-04 0.03
    14      40    2.2e+00    2    3.6e-02  -471.28459151  -460.89298370    -0.00029885   0.007326   2.9e-02   1.5e-04 0.03
    15      40    2.2e+00    2    1.5e-02  -471.28489398  -460.89328617    -0.00030247   0.007868   3.1e-02   1.2e-04 0.03
    16      40    2.6e+00    2    3.4e-02  -471.28515994  -460.89355213    -0.00026596   0.007442   3.0e-02   1.0e-04 0.03
    17      40    2.5e+00    2    1.2e-02  -471.28542227  -460.89381446    -0.00026233   0.007885   3.2e-02   8.1e-05 0.03
    18      40    2.3e+00    2    6.3e-03  -471.28565779  -460.89404998    -0.00023553   0.007421   3.0e-02   6.7e-05 0.03
    19      40    1.8e+00    1    6.4e-03  -471.28589072  -460.89428291    -0.00023292   0.007843   3.1e-02   2.1e-04 0.03
    20      40    2.6e+00    2    2.5e-02  -471.28610143  -460.89449362    -0.00021071   0.007457   3.0e-02   5.1e-05 0.03
    21      40    1.4e+00    1    2.1e-02  -471.28632474  -460.89471693    -0.00022331   0.007781   3.1e-02   1.8e-04 0.03
    22      40    2.1e+00    2    2.7e-03  -471.28655685  -460.89494904    -0.00023210   0.007497   3.0e-02   4.9e-05 0.03
    23      40    2.5e+00    1    3.2e-02  -471.28679207  -460.89518426    -0.00023522   0.007392   3.0e-02   1.6e-04 0.03
    24      40    2.4e+00    1    3.1e-02  -471.28703484  -460.89542703    -0.00024277   0.007507   3.0e-02   1.9e-04 0.03
    25      40    2.0e+00    1    2.6e-02  -471.28730318  -460.89569537    -0.00026834   0.007173   2.9e-02   2.0e-04 0.03
    26      40    2.2e+00    2    7.3e-02  -471.28756389  -460.89595608    -0.00026071   0.007447   3.0e-02   4.6e-05 0.03
    27      40    2.3e+00    1    3.8e-02  -471.28783744  -460.89622963    -0.00027355   0.007174   2.9e-02   1.6e-04 0.03
    28      40    1.9e+00    2    2.2e-02  -471.28809603  -460.89648822    -0.00025859   0.007469   3.0e-02   4.5e-05 0.03
    29      40    2.7e+00    1    3.7e-02  -471.28835784  -460.89675003    -0.00026180   0.006991   2.8e-02   1.4e-04 0.03
    30      40    2.6e+00    2    4.7e-03  -471.28857772  -460.89696991    -0.00021988   0.007602   3.0e-02   3.4e-05 0.03
    31      40    2.0e+00    1    1.1e-02  -471.28878731  -460.89717950    -0.00020959   0.007027   2.8e-02   1.1e-04 0.03
    32      40    1.7e+00    1    2.1e-02  -471.28894553  -460.89733772    -0.00015822   0.007707   3.1e-02   1.3e-04 0.03
    33      40    2.1e+00    1    4.1e-02  -471.28909922  -460.89749141    -0.00015369   0.007028   2.8e-02   1.0e-04 0.03
    34      40    2.6e+00    1    1.5e-03  -471.28923104  -460.89762323    -0.00013181   0.007776   3.1e-02   1.1e-04 0.03
    35      40    1.7e+00    1    1.9e-02  -471.28932756  -460.89771975    -0.00009652   0.007198   2.9e-02   8.6e-05 0.03
    36      40    2.2e+00    1    1.4e-02  -471.28942449  -460.89781668    -0.00009693   0.007659   3.1e-02   8.4e-05 0.03
    37      40    1.9e+00    1    3.3e-02  -471.28949236  -460.89788455    -0.00006787   0.007348   2.9e-02   6.9e-05 0.03
    38      40    3.1e+00    0    3.5e-03  -471.28956274  -460.89795493    -0.00007038   0.007789   3.1e-02   2.0e-04 0.03
    39      50    2.2e+00    1    1.1e-02  -471.28977655  -460.89816874    -0.00021381   0.005597   2.2e-02   7.1e-05 0.03
    40      50    2.4e+00    1    1.4e-03  -471.28979603  -460.89818822    -0.00001947   0.005944   2.4e-02   5.7e-05 0.03
 
RESULTS OF THE OCCUPATION OPTIMIZATION
========================================
   1    1.9999674  -104.90290119
   2    1.9992945  -10.58037351
   3    1.9986437  -8.06149567
   4    1.9989771  -8.05581223
   5    1.9989951  -8.05234379
   6    1.9902270  -1.09684307
   7    1.9700228  -0.66511454
   8    1.9756229  -0.49877843
   9    1.9756987  -0.49628325
  10    1.0000000  -0.24462875
  11    0.0243013  -0.02509792
  12    0.0243771  -0.02506329
  13    0.0299772  -0.02830798
  14    0.0097730  -0.02857219
  15    0.0010049  -0.01868730
  16    0.0010229  -0.01877341
  17    0.0013563  -0.02045877
  18    0.0007055  -0.01605680
  19    0.0000326  -0.00612479
 
----------------
 Final Energies 
----------------
Final NOF Total Energy =    -460.8981882
 
Total Orbital Internal Iterations = 1470
Total Occupation Internal Iterations = 87
 
Elapsed time:  109.59 Seconds

---------------------------------
   Lowdin Population Analysis    
---------------------------------
 Idx  Atom   Population   Charge 
---------------------------------
  1     H     1.318      -0.318
  2    Cl    16.788       0.212
  3     H     0.894       0.106

---------------------------------
   M Diagnostic: 0.03
---------------------------------

