Computing Integrals
Basis Set                                            = def2-qzvp
Auxiliary Basis Set                                  = def2-universal-jkfit
Gaussian Type                                        = Spherical
Elapsed time:    4.34 Seconds

Number of basis functions                   (NBF)    = 321
Number of auxiliary basis functions         (NBFAUX) = 317
Inactive Doubly occupied orbitals up to     (NO1)    = 0
No. considered Strongly Doubly occupied MOs (NDOC)   = 12
No. considered Strongly Singly occupied MOs (NSOC)   = 0
NO. of Weakly occ. per St. Doubly occ.  MOs (NCWO)   = 1
Dimension of the Nat. Orb. subspace         (NBF5)   = 24
No. of electrons                                     = 24
    No. of alpha electrons                           = 12
    No. of beta electrons                            = 12
Multiplicity                                         = 1

Geometry
========
 N       0.0000000       0.0000000      -0.3687552
 H       0.0000000       0.0000000      -1.3837872
 C       1.2257745       0.0000000       0.1578401
 H       1.3393153       0.0000000       1.2298673
 H       2.0680943       0.0000000      -0.5114363
 C      -1.2257745       0.0000000       0.1578401
 H      -1.3393153       0.0000000       1.2298673
 H      -2.0680943       0.0000000      -0.5114363

No violations of the orthonormality
No violations of the orthonormality
 
PNOF8/ADABelief Calculation
==================
 
  Nitext  Nit_orb  Time   Nit_occ  Time         Eelec          Etot           Ediff      maxdiff    MaxGrad_orb  Grad_occ
     1      10    1.0e+01    5    1.2e+01  -206.45276803  -133.40247738 -10205.45276803   0.015984   6.4e-02   2.0e-04 0.33
     2      20    2.9e+00    8    1.8e-02  -206.47722296  -133.42693231    -0.02445493   0.041613   1.7e-01   6.0e-05 0.32
     3      20    3.0e+00    6    1.9e-02  -206.48824971  -133.43795906    -0.01102675   0.017677   7.1e-02   1.4e-04 0.32
     4      20    3.6e+00    6    3.1e-02  -206.49337373  -133.44308308    -0.00512402   0.018065   7.2e-02   8.3e-05 0.32
     5      20    2.6e+00    4    4.1e-02  -206.49555119  -133.44526054    -0.00217746   0.016067   6.4e-02   2.4e-04 0.32
     6      20    2.5e+00    4    3.3e-02  -206.49690989  -133.44661924    -0.00135870   0.020563   8.2e-02   1.8e-04 0.32
     7      20    3.7e+00    4    2.6e-02  -206.49768822  -133.44739757    -0.00077833   0.038711   1.5e-01   1.7e-04 0.32
     8      20    3.2e+00    4    1.5e-02  -206.49940329  -133.44911264    -0.00171507   0.018755   7.5e-02   1.7e-04 0.32
     9      20    3.3e+00    3    1.7e-02  -206.50025594  -133.44996529    -0.00085265   0.017852   7.1e-02   1.5e-04 0.32
    10      20    2.8e+00    3    1.6e-02  -206.50161787  -133.45132722    -0.00136192   0.017165   6.9e-02   1.6e-04 0.32
    11      20    2.5e+00    2    3.7e-02  -206.50177919  -133.45148854    -0.00016132   0.021840   8.7e-02   2.0e-04 0.33
    12      20    3.3e+00    2    2.6e-02  -206.50222427  -133.45193361    -0.00044508   0.015925   6.4e-02   2.3e-04 0.32
    13      20    2.9e+00    2    2.5e-02  -206.50248782  -133.45219716    -0.00026355   0.019922   8.0e-02   1.2e-04 0.33
    14      20    2.9e+00    2    3.5e-02  -206.50270054  -133.45240989    -0.00021273   0.014803   5.9e-02   1.3e-04 0.32
    15      20    2.9e+00    0    2.7e-02  -206.50271306  -133.45242240    -0.00001251   0.014803   5.9e-02   1.3e-04 0.32
    16      40    6.1e+00    2    1.8e-02  -206.50805600  -133.45776535    -0.00534295   0.001690   6.8e-03   6.6e-05 0.32
    17      40    5.1e+00    0    2.3e-02  -206.50806443  -133.45777377    -0.00000842   0.001690   6.8e-03   6.6e-05 0.32
    18      60    9.7e+00    1    4.1e-02  -206.50813416  -133.45784351    -0.00006974   0.000703   2.8e-03   1.6e-04 0.32
 
RESULTS OF THE OCCUPATION OPTIMIZATION
========================================
   1    1.9996666  -15.29749278
   2    1.9995626  -11.43102071
   3    1.9995560  -11.33928474
   4    1.9908475  -1.21259537
   5    1.9763115  -0.78246889
   6    1.9714504  -0.76912089
   7    1.9748060  -0.73627973
   8    1.9701920  -0.67855327
   9    1.9693624  -0.67364066
  10    1.9731787  -0.64371003
  11    1.9728836  -0.63253635
  12    1.6781598  -0.24516792
  13    0.3218402  -0.06736909
  14    0.0271164  -0.02533052
  15    0.0268213  -0.02547640
  16    0.0306376  -0.03716798
  17    0.0298080  -0.03130585
  18    0.0251940  -0.02565967
  19    0.0285496  -0.03653694
  20    0.0236885  -0.02459261
  21    0.0091525  -0.01352460
  22    0.0004440  -0.00804175
  23    0.0004374  -0.00796766
  24    0.0003334  -0.00819081
 
----------------
 Final Energies 
----------------
Final NOF Total Energy =    -133.4578435
 
Total Orbital Internal Iterations = 430
Total Occupation Internal Iterations = 58
 
Elapsed time:   96.59 Seconds

---------------------------------
   Lowdin Population Analysis    
---------------------------------
 Idx  Atom   Population   Charge 
---------------------------------
  1     N     6.561       0.439
  2     H     1.114      -0.114
  3     C     5.900       0.100
  4     H     1.129      -0.129
  5     H     1.134      -0.134
  6     C     5.899       0.101
  7     H     1.129      -0.129
  8     H     1.134      -0.134

---------------------------------
   M Diagnostic: 0.32
---------------------------------

