Computing Integrals
Basis Set                                            = def2-qzvp
Auxiliary Basis Set                                  = def2-universal-jkfit
Gaussian Type                                        = Spherical
Elapsed time:   11.02 Seconds

Number of basis functions                   (NBF)    = 642
Number of auxiliary basis functions         (NBFAUX) = 634
Inactive Doubly occupied orbitals up to     (NO1)    = 0
No. considered Strongly Doubly occupied MOs (NDOC)   = 25
No. considered Strongly Singly occupied MOs (NSOC)   = 0
NO. of Weakly occ. per St. Doubly occ.  MOs (NCWO)   = 1
Dimension of the Nat. Orb. subspace         (NBF5)   = 50
No. of electrons                                     = 50
    No. of alpha electrons                           = 25
    No. of beta electrons                            = 25
Multiplicity                                         = 1

Geometry
========
 C      -1.9271980      -0.4393320      -0.2710160
 H      -2.1995250      -1.2190060       0.4488730
 O      -2.3626950       0.8400860       0.1878840
 C      -0.4328000      -0.4908680      -0.5621360
 H      -0.2001090      -1.4680690      -0.9966050
 H      -0.1883220       0.2613530      -1.3119180
 C       0.4317110      -0.2757490       0.6777340
 H       0.1956040      -1.0305380       1.4353460
 H       0.2118020       0.7005260       1.1220620
 H      -2.0538720       0.9454400       1.0905830
 H      -2.4888330      -0.6254600      -1.1849770
 C       1.9255300      -0.3440170       0.3806070
 H       2.4978550      -0.2574490       1.3093160
 H       2.1715330      -1.3049480      -0.0710290
 O       2.3481740       0.6347540      -0.5648880
 H       2.1865770       1.4992290      -0.1767600

No violations of the orthonormality
No violations of the orthonormality
 
PNOF8/ADABelief Calculation
==================
 
  Nitext  Nit_orb  Time   Nit_occ  Time         Eelec          Etot           Ediff      maxdiff    MaxGrad_orb  Grad_occ
     1      10    1.4e+01    5    1.2e+01  -560.23248904  -307.98624506 -10559.23248904   0.014505   5.8e-02   2.5e-04 0.04
     2      20    1.1e+01    0    2.3e-01  -560.25831287  -308.01206889    -0.02582383   0.014505   5.8e-02   2.5e-04 0.04
     3      40    2.1e+01   15    2.4e-01  -560.28092901  -308.03468502    -0.02261613   0.109297   4.4e-01   1.6e-04 0.04
     4      40    2.1e+01    8    3.1e-01  -560.30316936  -308.05692538    -0.02224035   0.009631   3.9e-02   2.1e-04 0.04
     5      40    2.2e+01    6    2.1e-01  -560.31240381  -308.06615983    -0.00923445   0.008179   3.3e-02   1.2e-04 0.04
     6      40    2.3e+01    4    2.1e-01  -560.31778470  -308.07154072    -0.00538089   0.007922   3.2e-02   1.8e-04 0.04
     7      40    2.1e+01    3    2.2e-01  -560.31995883  -308.07371485    -0.00217413   0.010533   4.2e-02   2.1e-04 0.04
     8      40    2.0e+01    3    2.2e-01  -560.32138971  -308.07514572    -0.00143088   0.007161   2.9e-02   1.8e-04 0.04
     9      40    2.0e+01    3    2.0e-01  -560.32188902  -308.07564504    -0.00049931   0.010250   4.1e-02   1.6e-04 0.04
    10      40    2.3e+01    2    2.2e-01  -560.32235764  -308.07611366    -0.00046862   0.006225   2.5e-02   3.0e-04 0.04
    11      40    2.1e+01    3    2.1e-01  -560.32245582  -308.07621184    -0.00009818   0.007688   3.1e-02   9.9e-05 0.04
    12      40    2.2e+01    0    2.1e-01  -560.32266582  -308.07642184    -0.00021001   0.006470   2.6e-02   2.4e-04 0.04
    13      50    2.7e+01    0    2.2e-01  -560.32345044  -308.07720645    -0.00078461   0.004860   1.9e-02   2.4e-04 0.04
    14      60    3.2e+01    0    2.7e-01  -560.32380636  -308.07756237    -0.00035592   0.004231   1.7e-02   2.8e-04 0.04
    15      70    3.6e+01    0    2.2e-01  -560.32401392  -308.07776994    -0.00020757   0.004268   1.7e-02   2.9e-04 0.04
    16      80    4.1e+01    0    2.2e-01  -560.32411352  -308.07786954    -0.00009960   0.003581   1.4e-02   2.7e-04 0.04
    17      90    4.8e+01    0    2.3e-01  -560.32421846  -308.07797448    -0.00010495   0.003496   1.4e-02   2.9e-04 0.04
    18     100    5.3e+01    0    2.0e-01  -560.32426207  -308.07801808    -0.00004360   0.003471   1.4e-02   2.6e-04 0.04
    19     110    5.9e+01    0    2.1e-01  -560.32430613  -308.07806215    -0.00004407   0.002655   1.1e-02   2.9e-04 0.04
    20     120    6.5e+01    0    2.1e-01  -560.32435470  -308.07811072    -0.00004856   0.002700   1.1e-02   2.5e-04 0.04
    21     130    7.1e+01    0    2.1e-01  -560.32438993  -308.07814594    -0.00003523   0.002753   1.1e-02   2.9e-04 0.04
    22     140    7.2e+01    0    2.1e-01  -560.32440570  -308.07816172    -0.00001577   0.002108   8.4e-03   2.5e-04 0.04
    23     150    7.7e+01    0    2.1e-01  -560.32442755  -308.07818356    -0.00002185   0.001914   7.7e-03   2.9e-04 0.04
    24     160    8.3e+01    0    2.6e-01  -560.32443901  -308.07819502    -0.00001146   0.001840   7.4e-03   2.5e-04 0.04
    25     170    8.8e+01    0    2.2e-01  -560.32445572  -308.07821174    -0.00001672   0.001746   7.0e-03   2.8e-04 0.04
    26     180    1.0e+02    0    2.2e-01  -560.32446378  -308.07821980    -0.00000806   0.001782   7.1e-03   2.5e-04 0.04
    27     190    1.0e+02    0    2.2e-01  -560.32447256  -308.07822857    -0.00000877   0.001230   4.9e-03   2.9e-04 0.04
    28     200    1.1e+02    0    2.2e-01  -560.32447536  -308.07823138    -0.00000280   0.001557   6.2e-03   2.5e-04 0.04
    29     210    1.1e+02    0    2.8e-01  -560.32448312  -308.07823914    -0.00000776   0.001180   4.7e-03   2.8e-04 0.04
    30     220    1.3e+02    0    2.1e-01  -560.32448631  -308.07824233    -0.00000319   0.001085   4.3e-03   2.6e-04 0.04
    31     230    1.3e+02    0    2.1e-01  -560.32448907  -308.07824509    -0.00000276   0.001240   5.0e-03   2.8e-04 0.04
    32     240    1.5e+02    0    2.2e-01  -560.32449426  -308.07825028    -0.00000519   0.000998   4.0e-03   2.6e-04 0.04
 
RESULTS OF THE OCCUPATION OPTIMIZATION
========================================
   1    1.9998078  -20.58614340
   2    1.9998053  -20.58465042
   3    1.9995621  -11.25894572
   4    1.9995610  -11.25560407
   5    1.9995779  -11.22518555
   6    1.9995752  -11.21747592
   7    1.9905307  -1.30439819
   8    1.9905295  -1.30152163
   9    1.9792950  -0.87737743
  10    1.9793028  -0.86706742
  11    1.9788946  -0.86173373
  12    1.9787328  -0.85971832
  13    1.9671548  -0.70301779
  14    1.9671306  -0.70051590
  15    1.9604481  -0.65203008
  16    1.9603808  -0.64825866
  17    1.9722000  -0.61365265
  18    1.9719124  -0.61058234
  19    1.9714323  -0.59853020
  20    1.9809991  -0.59607597
  21    1.9809064  -0.58964092
  22    1.9718730  -0.58474545
  23    1.9659611  -0.55842133
  24    1.9657880  -0.55197610
  25    1.9657658  -0.54410273
  26    0.0342342  -0.03608752
  27    0.0342120  -0.03619473
  28    0.0340389  -0.03581534
  29    0.0281270  -0.02619383
  30    0.0190936  -0.02234556
  31    0.0190009  -0.02231834
  32    0.0285677  -0.02669391
  33    0.0280876  -0.02687314
  34    0.0278000  -0.02674021
  35    0.0396192  -0.04923159
  36    0.0395519  -0.04928631
  37    0.0328694  -0.03787060
  38    0.0328452  -0.03784385
  39    0.0212672  -0.02433994
  40    0.0211054  -0.02422845
  41    0.0206972  -0.02400340
  42    0.0207050  -0.02412875
  43    0.0094705  -0.02097101
  44    0.0094693  -0.02100068
  45    0.0004248  -0.00770582
  46    0.0004221  -0.00770888
  47    0.0004390  -0.00794164
  48    0.0004379  -0.00793391
  49    0.0001947  -0.00661344
  50    0.0001922  -0.00658169
 
----------------
 Final Energies 
----------------
Final NOF Total Energy =    -308.0782503
 
Total Orbital Internal Iterations = 3330
Total Occupation Internal Iterations = 52
 
Elapsed time: 1892.09 Seconds

---------------------------------
   Lowdin Population Analysis    
---------------------------------
 Idx  Atom   Population   Charge 
---------------------------------
  1     C     6.101      -0.101
  2     H     1.063      -0.063
  3     O     7.413       0.587
  4     C     5.919       0.081
  5     H     1.041      -0.041
  6     H     1.048      -0.048
  7     C     5.930       0.070
  8     H     1.043      -0.043
  9     H     1.055      -0.055
 10     H     1.349      -0.349
 11     H     1.062      -0.062
 12     C     6.103      -0.103
 13     H     1.066      -0.066
 14     H     1.058      -0.058
 15     O     7.410       0.590
 16     H     1.340      -0.340

---------------------------------
   M Diagnostic: 0.04
---------------------------------

