Computing Integrals
Basis Set                                            = def2-qzvp
Auxiliary Basis Set                                  = def2-universal-jkfit
Gaussian Type                                        = Spherical
Elapsed time:    1.83 Seconds

Number of basis functions                   (NBF)    = 127
Number of auxiliary basis functions         (NBFAUX) = 205
Inactive Doubly occupied orbitals up to     (NO1)    = 0
No. considered Strongly Doubly occupied MOs (NDOC)   = 13
No. considered Strongly Singly occupied MOs (NSOC)   = 0
NO. of Weakly occ. per St. Doubly occ.  MOs (NCWO)   = 1
Dimension of the Nat. Orb. subspace         (NBF5)   = 26
No. of electrons                                     = 26
    No. of alpha electrons                           = 13
    No. of beta electrons                            = 13
Multiplicity                                         = 1

Geometry
========
Cl       0.0000000       0.0000000      -0.8287459
 F       0.0000000       0.0000000       0.8287459

No violations of the orthonormality
No violations of the orthonormality
 
PNOF8/ADABelief Calculation
==================
 
  Nitext  Nit_orb  Time   Nit_occ  Time         Eelec          Etot           Ediff      maxdiff    MaxGrad_orb  Grad_occ
     1      10    9.9e+00    6    1.2e+01  -608.20233053  -559.35506366 -10607.20233053   0.025129   1.0e-01   1.6e-04 0.05
     2      20    8.6e-01   30    1.2e-02  -608.22796803  -559.38070115    -0.02563749   0.587131   2.3e+00   2.6e-04 0.05
     3      20    1.0e+00   10    8.4e-02  -608.25821869  -559.41095182    -0.03025067   0.031690   1.3e-01   2.2e-04 0.05
     4      20    8.4e-01    0    3.9e-02  -608.25913836  -559.41187148    -0.00091966   0.031690   1.3e-01   2.2e-04 0.05
     5      40    2.1e+00    7    1.0e-02  -608.27078269  -559.42351582    -0.01164434   0.010810   4.3e-02   1.4e-04 0.05
     6      40    3.0e+00    7    1.5e-02  -608.27491592  -559.42764904    -0.00413322   0.008719   3.5e-02   1.6e-04 0.05
     7      40    2.4e+00    7    1.5e-02  -608.27762390  -559.43035703    -0.00270799   0.009510   3.8e-02   6.9e-05 0.05
     8      40    2.4e+00    6    1.1e-02  -608.27964753  -559.43238065    -0.00202362   0.008684   3.5e-02   1.8e-04 0.05
     9      40    2.9e+00    6    2.7e-02  -608.28102761  -559.43376074    -0.00138008   0.008800   3.5e-02   1.4e-04 0.05
    10      40    3.5e+00    6    2.3e-02  -608.28193646  -559.43466958    -0.00090885   0.008519   3.4e-02   9.4e-05 0.05
    11      40    2.6e+00    6    2.2e-02  -608.28251956  -559.43525268    -0.00058310   0.008180   3.3e-02   6.5e-05 0.05
    12      40    2.4e+00    4    4.9e-02  -608.28302170  -559.43575482    -0.00050214   0.009457   3.8e-02   2.5e-04 0.05
    13      40    2.5e+00    5    2.2e-02  -608.28341072  -559.43614384    -0.00038902   0.008188   3.3e-02   1.1e-04 0.05
    14      40    2.4e+00    5    3.9e-03  -608.28376955  -559.43650267    -0.00035883   0.009168   3.7e-02   1.5e-04 0.05
    15      40    3.3e+00    4    4.0e-02  -608.28413530  -559.43686842    -0.00036575   0.008196   3.3e-02   2.0e-04 0.05
    16      40    2.6e+00    4    3.7e-02  -608.28450750  -559.43724062    -0.00037220   0.009118   3.6e-02   1.4e-04 0.05
    17      40    3.1e+00    4    3.8e-02  -608.28484899  -559.43758212    -0.00034149   0.008331   3.3e-02   1.3e-04 0.05
    18      40    2.2e+00    4    1.8e-02  -608.28517028  -559.43790341    -0.00032129   0.008852   3.5e-02   9.6e-05 0.05
    19      40    3.1e+00    4    1.3e-02  -608.28542947  -559.43816260    -0.00025919   0.008300   3.3e-02   8.1e-05 0.05
    20      40    3.4e+00    3    1.4e-02  -608.28562986  -559.43836299    -0.00020039   0.009222   3.7e-02   2.0e-04 0.05
    21      40    2.6e+00    3    5.7e-02  -608.28577095  -559.43850408    -0.00014109   0.008075   3.2e-02   1.1e-04 0.05
    22      40    2.7e+00    1    2.3e-02  -608.28585201  -559.43858513    -0.00008106   0.009248   3.7e-02   1.9e-04 0.05
    23      40    2.3e+00    3    2.5e-02  -608.28593489  -559.43866801    -0.00008288   0.009328   3.7e-02   8.9e-05 0.05
    24      40    2.6e+00    1    1.4e-02  -608.28599507  -559.43872819    -0.00006018   0.010054   4.0e-02   1.7e-04 0.05
    25      40    3.3e+00    2    8.5e-03  -608.28600737  -559.43874050    -0.00001231   0.010320   4.1e-02   1.9e-04 0.05
    26      40    2.2e+00    2    1.7e-02  -608.28605891  -559.43879203    -0.00005153   0.010277   4.1e-02   1.5e-04 0.05
    27      40    2.8e+00    0    1.8e-02  -608.28605995  -559.43879307    -0.00000104   0.010277   4.1e-02   1.5e-04 0.05
    28      60    3.7e+00    0    2.0e-02  -608.28662073  -559.43935385    -0.00056078   0.000610   2.4e-03   1.9e-04 0.05
 
RESULTS OF THE OCCUPATION OPTIMIZATION
========================================
   1    1.9999624  -104.96236227
   2    1.9998150  -26.39955111
   3    1.9993204  -10.64134123
   4    1.9987436  -8.11659762
   5    1.9990327  -8.10989022
   6    1.9990312  -8.10980627
   7    1.9921671  -1.62841546
   8    1.9920862  -1.13491651
   9    1.9804285  -0.74692220
  10    1.9803357  -0.74514976
  11    1.9505563  -0.73625376
  12    1.9761470  -0.50619774
  13    1.9761308  -0.50603018
  14    0.0238692  -0.02552604
  15    0.0238530  -0.02552674
  16    0.0494437  -0.07684922
  17    0.0196643  -0.02880705
  18    0.0195715  -0.02885342
  19    0.0079138  -0.03139533
  20    0.0078329  -0.02519090
  21    0.0009688  -0.01785318
  22    0.0009673  -0.01787150
  23    0.0012564  -0.01713061
  24    0.0006796  -0.01571306
  25    0.0001850  -0.00771351
  26    0.0000376  -0.00670839
 
----------------
 Final Energies 
----------------
Final NOF Total Energy =    -559.4393539
 
Total Orbital Internal Iterations = 1050
Total Occupation Internal Iterations = 140
 
Elapsed time:   99.77 Seconds

---------------------------------
   Lowdin Population Analysis    
---------------------------------
 Idx  Atom   Population   Charge 
---------------------------------
  1    Cl    16.900       0.100
  2     F     9.100      -0.100

---------------------------------
   M Diagnostic: 0.05
---------------------------------

