Computing Integrals
Basis Set                                            = def2-qzvp
Auxiliary Basis Set                                  = def2-universal-jkfit
Gaussian Type                                        = Spherical
Elapsed time:   19.18 Seconds

Number of basis functions                   (NBF)    = 685
Number of auxiliary basis functions         (NBFAUX) = 955
Inactive Doubly occupied orbitals up to     (NO1)    = 0
No. considered Strongly Doubly occupied MOs (NDOC)   = 58
No. considered Strongly Singly occupied MOs (NSOC)   = 0
NO. of Weakly occ. per St. Doubly occ.  MOs (NCWO)   = 1
Dimension of the Nat. Orb. subspace         (NBF5)   = 116
No. of electrons                                     = 116
    No. of alpha electrons                           = 58
    No. of beta electrons                            = 58
Multiplicity                                         = 1

Geometry
========
 N       0.0000000       0.0000000       3.7165030
 C       0.0000000       0.0000000       4.8572580
 H       0.0000000       0.0000000       5.9251570
 N       0.0000000       0.0000000      -1.1772320
 O       0.0000000       2.2804630      -1.5832080
 O       0.0000000      -2.2804630      -1.5832080
 C       0.0000000      -1.1447450      -1.9704770
 C       0.0000000      -0.6615120      -3.3922010
 C       0.0000000       0.6615120      -3.3922010
 H       0.0000000       1.3506670      -4.2223800
 H       0.0000000      -1.3506670      -4.2223800
 C       0.0000000       1.1447450      -1.9704770
 I       0.0000000       0.0000000       0.8544270

No violations of the orthonormality
No violations of the orthonormality
 
PNOF8/ADABelief Calculation
==================
 
  Nitext  Nit_orb  Time   Nit_occ  Time         Eelec          Etot           Ediff      maxdiff    MaxGrad_orb  Grad_occ
     1      10    3.0e+01   17    1.3e+01 -3781.63286339 -2893.02124770 -13780.63286339   0.010855   4.3e-02   1.6e-04 0.99
     2      20    4.0e+01    0    1.0e+00 -3781.67411732 -2893.06250163    -0.04125393   0.010855   4.3e-02   1.6e-04 0.99
     3      40    7.3e+01  111    1.6e+00 -3781.73467002 -2893.12305433    -0.06055270   0.246955   9.9e-01   2.1e-04 0.99
     4      40    7.5e+01   24    1.2e+00 -3781.82893276 -2893.21731707    -0.09426274   0.014365   5.7e-02   3.2e-04 0.98
     5      40    7.6e+01   11    1.1e+00 -3781.85462783 -2893.24301214    -0.02569507   0.016783   6.7e-02   2.4e-04 0.98
     6      40    7.5e+01    8    1.1e+00 -3781.86959988 -2893.25798418    -0.01497204   0.009774   3.9e-02   3.5e-04 0.98
     7      40    7.7e+01    8    1.0e+00 -3781.87660278 -2893.26498709    -0.00700291   0.015775   6.3e-02   2.7e-04 0.98
     8      40    7.5e+01    7    1.1e+00 -3781.88075915 -2893.26914345    -0.00415636   0.018253   7.3e-02   2.7e-04 0.98
     9      40    7.6e+01    6    1.0e+00 -3781.88304130 -2893.27142561    -0.00228215   0.019998   8.0e-02   2.6e-04 0.98
    10      40    8.1e+01    5    1.1e+00 -3781.88492599 -2893.27331030    -0.00188469   0.016628   6.7e-02   2.7e-04 0.98
    11      40    7.7e+01    4    9.6e-01 -3781.88594767 -2893.27433197    -0.00102168   0.016804   6.7e-02   3.0e-04 0.98
    12      40    7.6e+01    4    9.7e-01 -3781.88698512 -2893.27536943    -0.00103746   0.016838   6.7e-02   2.6e-04 0.98
    13      40    7.7e+01    5    1.1e+00 -3781.88750791 -2893.27589222    -0.00052279   0.017154   6.9e-02   2.2e-04 0.98
    14      40    7.8e+01    2    9.5e-01 -3781.88798749 -2893.27637180    -0.00047958   0.017043   6.8e-02   3.6e-04 0.99
    15      40    8.0e+01    3    9.7e-01 -3781.88807113 -2893.27645544    -0.00008364   0.016630   6.7e-02   3.1e-04 0.98
    16      40    7.9e+01    4    1.1e+00 -3781.88842144 -2893.27680575    -0.00035031   0.017580   7.0e-02   2.2e-04 0.98
    17      40    7.6e+01    2    9.7e-01 -3781.88848406 -2893.27686837    -0.00006262   0.016175   6.5e-02   2.1e-04 0.98
    18      40    7.7e+01    2    1.0e+00 -3781.88867846 -2893.27706276    -0.00019439   0.015491   6.2e-02   2.4e-04 0.99
    19      40    7.7e+01    0    9.5e-01 -3781.88869235 -2893.27707666    -0.00001389   0.015491   6.2e-02   2.4e-04 0.99
    20      60    1.2e+02    2    9.5e-01 -3781.89452509 -2893.28290940    -0.00583274   0.001771   7.1e-03   2.4e-04 0.98
    21      60    1.1e+02    0    1.0e+00 -3781.89453280 -2893.28291711    -0.00000771   0.001771   7.1e-03   2.4e-04 0.98
    22      80    1.6e+02    2    9.6e-01 -3781.89461928 -2893.28300358    -0.00008648   0.000486   1.9e-03   2.4e-04 0.98
 
RESULTS OF THE OCCUPATION OPTIMIZATION
========================================
   1    1.9999978  -150.20424050
   2    1.9999902  -64.74534339
   3    1.9999894  -64.74478821
   4    1.9999891  -64.73483095
   5    1.9999351  -26.41916168
   6    1.9998034  -18.19108219
   7    1.9997995  -18.18362897
   8    1.9997810  -14.65619507
   9    1.9997800  -14.49926312
  10    1.9997391  -14.31551888
  11    1.9995937  -13.11982137
  12    1.9997275  -11.88283954
  13    1.9996857  -11.25578363
  14    1.9996542  -10.96184698
  15    1.9995415  -10.95282559
  16    1.9995405  -10.95011749
  17    1.9994798  -10.93780807
  18    1.9994756  -10.93717174
  19    1.9994853  -10.90413666
  20    1.9996325  -10.87368474
  21    1.9996181  -10.84513890
  22    1.9995698  -10.56025158
  23    1.9987905  -5.25717272
  24    1.9980536  -4.08881828
  25    1.9980832  -4.08736819
  26    1.9980796  -4.08672838
  27    1.9980240  -4.08596317
  28    1.9980534  -4.08565626
  29    1.9980489  -4.08512880
  30    1.9979643  -4.08411648
  31    1.9908420  -1.30985802
  32    1.9905133  -1.26776192
  33    1.9899844  -1.23833671
  34    1.9860271  -1.10978712
  35    1.9811960  -1.04134900
  36    1.9856294  -0.91834912
  37    1.9573791  -0.90542067
  38    1.9873183  -0.89108440
  39    1.9598281  -0.82143870
  40    1.9715813  -0.78470566
  41    1.9855691  -0.77503930
  42    1.9709547  -0.77335929
  43    1.9808201  -0.75529863
  44    1.9855909  -0.74385070
  45    1.9702352  -0.73774767
  46    1.9761414  -0.72853984
  47    1.9725438  -0.72731739
  48    1.9687617  -0.70119604
  49    1.9750023  -0.69725071
  50    1.9680083  -0.64026035
  51    1.9673307  -0.63532338
  52    1.9511842  -0.54936709
  53    1.9513059  -0.54398173
  54    1.9495762  -0.52720681
  55    1.9494684  -0.52713115
  56    1.9518684  -0.48011547
  57    1.9495478  -0.44051030
  58    1.0167016  -0.16344093
  59    0.9832984  -0.15921433
  60    0.0504522  -0.04103466
  61    0.0481316  -0.05585918
  62    0.0505316  -0.04727572
  63    0.0504238  -0.04715970
  64    0.0486941  -0.05529596
  65    0.0488158  -0.05554667
  66    0.0326693  -0.04152272
  67    0.0319917  -0.03809191
  68    0.0249977  -0.02590434
  69    0.0312383  -0.04044247
  70    0.0274562  -0.03227058
  71    0.0238586  -0.02542188
  72    0.0297648  -0.03672784
  73    0.0144091  -0.02087755
  74    0.0191799  -0.02319620
  75    0.0290453  -0.04250296
  76    0.0144309  -0.01843117
  77    0.0284187  -0.04161876
  78    0.0401719  -0.04665309
  79    0.0126817  -0.01991712
  80    0.0426209  -0.04508447
  81    0.0143706  -0.01761438
  82    0.0188040  -0.02755461
  83    0.0139729  -0.02264834
  84    0.0100156  -0.02099988
  85    0.0094867  -0.01880823
  86    0.0091580  -0.01508190
  87    0.0020357  -0.01211449
  88    0.0019511  -0.01176084
  89    0.0019466  -0.01174166
  90    0.0019760  -0.01186795
  91    0.0019204  -0.01160980
  92    0.0019168  -0.01161199
  93    0.0019464  -0.01170876
  94    0.0012095  -0.00767665
  95    0.0004302  -0.00486536
  96    0.0003819  -0.00415403
  97    0.0003675  -0.00397452
  98    0.0005147  -0.00846598
  99    0.0005244  -0.00867679
 100    0.0005202  -0.00863148
 101    0.0004595  -0.00798806
 102    0.0004585  -0.00795966
 103    0.0003458  -0.00394288
 104    0.0003143  -0.00372623
 105    0.0002725  -0.00339330
 106    0.0004063  -0.00811244
 107    0.0002609  -0.00625254
 108    0.0002200  -0.00302856
 109    0.0002190  -0.00301997
 110    0.0002005  -0.00610353
 111    0.0001966  -0.00591826
 112    0.0000649  -0.00177090
 113    0.0000109  -0.00083245
 114    0.0000106  -0.00081094
 115    0.0000098  -0.00079226
 116    0.0000022  -0.00041266
 
----------------
 Final Energies 
----------------
Final NOF Total Energy =   -2893.2830036
 
Total Orbital Internal Iterations = 910
Total Occupation Internal Iterations = 227
 
Elapsed time: 1903.00 Seconds

---------------------------------
   Lowdin Population Analysis    
---------------------------------
 Idx  Atom   Population   Charge 
---------------------------------
  1     N     6.895       0.105
  2     C     5.937       0.063
  3     H     1.136      -0.136
  4     N     6.981       0.019
  5     O     7.691       0.309
  6     O     7.688       0.312
  7     C     6.609      -0.609
  8     C     5.891       0.109
  9     C     5.891       0.109
 10     H     1.069      -0.069
 11     H     1.069      -0.069
 12     C     6.610      -0.610
 13     I    52.533       0.467

---------------------------------
   M Diagnostic: 0.98
---------------------------------

