Computing Integrals
Basis Set                                            = def2-qzvp
Auxiliary Basis Set                                  = def2-universal-jkfit
Gaussian Type                                        = Spherical
Elapsed time:    1.72 Seconds

Number of basis functions                   (NBF)    = 111
Number of auxiliary basis functions         (NBFAUX) = 148
Inactive Doubly occupied orbitals up to     (NO1)    = 0
No. considered Strongly Doubly occupied MOs (NDOC)   = 7
No. considered Strongly Singly occupied MOs (NSOC)   = 0
NO. of Weakly occ. per St. Doubly occ.  MOs (NCWO)   = 1
Dimension of the Nat. Orb. subspace         (NBF5)   = 14
No. of electrons                                     = 14
    No. of alpha electrons                           = 7
    No. of beta electrons                            = 7
Multiplicity                                         = 1

Geometry
========
Mg       0.0000000       0.0000000       0.0000000
 H      -0.0000000      -0.0000000      -1.7069341
 H      -0.0000000       0.0000000       1.7069341

No violations of the orthonormality
No violations of the orthonormality
 
PNOF8/ADABelief Calculation
==================
 
  Nitext  Nit_orb  Time   Nit_occ  Time         Eelec          Etot           Ediff      maxdiff    MaxGrad_orb  Grad_occ
     1      10    9.2e+00    4    1.2e+01  -208.49269219  -200.89731105 -10207.49269219   0.018419   7.4e-02   1.0e-04 0.03
     2      20    4.4e-01   10    2.6e-03  -208.49733243  -200.90195128    -0.00464024   0.287332   1.1e+00   1.8e-04 0.04
     3      20    5.0e-01    4    1.8e-02  -208.50740408  -200.91202294    -0.01007165   0.014707   5.9e-02   1.0e-04 0.04
     4      20    5.4e-01    3    5.8e-03  -208.50783540  -200.91245425    -0.00043132   0.022760   9.1e-02   2.2e-04 0.04
     5      20    5.6e-01    3    3.5e-02  -208.50820719  -200.91282604    -0.00037179   0.019390   7.8e-02   5.6e-05 0.03
     6      20    1.1e+00    3    1.8e-02  -208.50884942  -200.91346827    -0.00064223   0.014067   5.6e-02   4.5e-05 0.03
     7      20    9.5e-01    2    2.0e-02  -208.50895158  -200.91357043    -0.00010216   0.013820   5.5e-02   9.1e-05 0.03
     8      20    7.3e-01    1    4.3e-03  -208.50928937  -200.91390823    -0.00033780   0.014985   6.0e-02   1.4e-04 0.03
     9      20    5.9e-01    0    1.6e-02  -208.50929152  -200.91391037    -0.00000214   0.014985   6.0e-02   1.4e-04 0.03
    10      40    1.3e+00    1    2.4e-03  -208.51050884  -200.91512770    -0.00121733   0.001072   4.3e-03   1.2e-04 0.03
    11      40    1.2e+00    1    2.7e-03  -208.51069453  -200.91531339    -0.00018569   0.002119   8.5e-03   1.2e-04 0.03
    12      40    1.0e+00    1    7.0e-03  -208.51093224  -200.91555110    -0.00023771   0.002617   1.0e-02   7.8e-05 0.03
    13      40    1.1e+00    1    6.1e-03  -208.51119743  -200.91581629    -0.00026519   0.002434   9.7e-03   1.0e-04 0.03
    14      40    1.4e+00    1    2.5e-03  -208.51145945  -200.91607830    -0.00026202   0.002021   8.1e-03   6.3e-05 0.03
    15      40    1.4e+00    1    3.2e-03  -208.51172346  -200.91634231    -0.00026401   0.002454   9.8e-03   8.6e-05 0.03
    16      40    2.1e+00    1    4.6e-03  -208.51196925  -200.91658811    -0.00024580   0.002048   8.2e-03   3.9e-05 0.03
    17      40    1.7e+00    1    5.7e-03  -208.51221068  -200.91682954    -0.00024143   0.002423   9.7e-03   6.4e-05 0.03
    18      40    1.2e+00    0    1.1e-02  -208.51242047  -200.91703933    -0.00020979   0.002110   8.4e-03   1.5e-04 0.03
    19      50    1.7e+00    1    8.2e-03  -208.51265956  -200.91727841    -0.00023909   0.001735   6.9e-03   7.4e-05 0.03
    20      50    1.9e+00    0    1.2e-02  -208.51283337  -200.91745223    -0.00017382   0.001682   6.7e-03   1.6e-04 0.03
    21      60    4.8e+00    1    1.3e-02  -208.51299236  -200.91761121    -0.00015898   0.001263   5.1e-03   5.4e-05 0.03
    22      60    3.0e+00    1    4.3e-02  -208.51308155  -200.91770040    -0.00008919   0.001328   5.3e-03   5.5e-05 0.03
    23      60    2.5e+00    0    5.2e-03  -208.51313603  -200.91775489    -0.00005449   0.001232   4.9e-03   1.2e-04 0.03
    24      70    3.3e+00    0    3.8e-02  -208.51316343  -200.91778229    -0.00002740   0.000981   3.9e-03   1.9e-04 0.03
 
RESULTS OF THE OCCUPATION OPTIMIZATION
========================================
   1    1.9999548  -49.05297594
   2    1.9977700  -3.77982432
   3    1.9968298  -2.30042652
   4    1.9968418  -2.29964622
   5    1.9966649  -2.29859120
   6    1.9829159  -0.43345580
   7    1.9683089  -0.37940902
   8    0.0316911  -0.02503090
   9    0.0170841  -0.01630199
  10    0.0033351  -0.01793486
  11    0.0031582  -0.01716525
  12    0.0031702  -0.01725134
  13    0.0022300  -0.01331855
  14    0.0000452  -0.00457259
 
----------------
 Final Energies 
----------------
Final NOF Total Energy =    -200.9177823
 
Total Orbital Internal Iterations = 880
Total Occupation Internal Iterations = 41
 
Elapsed time:   64.15 Seconds

---------------------------------
   Lowdin Population Analysis    
---------------------------------
 Idx  Atom   Population   Charge 
---------------------------------
  1    Mg    11.621       0.379
  2     H     1.189      -0.189
  3     H     1.190      -0.190

---------------------------------
   M Diagnostic: 0.03
---------------------------------

