Computing Integrals
Basis Set                                            = def2-qzvp
Auxiliary Basis Set                                  = def2-universal-jkfit
Gaussian Type                                        = Spherical
Elapsed time:   18.08 Seconds

Number of basis functions                   (NBF)    = 693
Number of auxiliary basis functions         (NBFAUX) = 791
Inactive Doubly occupied orbitals up to     (NO1)    = 0
No. considered Strongly Doubly occupied MOs (NDOC)   = 33
No. considered Strongly Singly occupied MOs (NSOC)   = 0
NO. of Weakly occ. per St. Doubly occ.  MOs (NCWO)   = 1
Dimension of the Nat. Orb. subspace         (NBF5)   = 66
No. of electrons                                     = 66
    No. of alpha electrons                           = 33
    No. of beta electrons                            = 33
Multiplicity                                         = 1

Geometry
========
 N      -0.3310925       1.7571570       0.0000000
 N       1.6526263       0.6161452       0.0000000
 C      -0.3970521      -0.6202242       0.0000000
 C       1.0540466      -0.6322768       0.0000000
 C      -1.0120744       0.5754960       0.0000000
 C       1.0302019       1.8378491       0.0000000
 C      -1.1307329      -1.9207587       0.0000000
 O       1.7384814      -1.6383625       0.0000000
 O       1.6383340       2.8885894       0.0000000
 H      -0.8449561       2.6266569       0.0000000
 H       2.6662888       0.6355064       0.0000000
 H      -2.0900023       0.6707908       0.0000000
 H      -0.8829150      -2.5191781      -0.8785562
 H      -0.8829150      -2.5191781       0.8785562
 H      -2.2082386      -1.7582124       0.0000000

No violations of the orthonormality
No violations of the orthonormality
 
PNOF8/ADABelief Calculation
==================
 
  Nitext  Nit_orb  Time   Nit_occ  Time         Eelec          Etot           Ediff      maxdiff    MaxGrad_orb  Grad_occ
     1      10    1.9e+01   12    1.3e+01  -895.13387043  -452.86811822 -10894.13387043   0.011520   4.6e-02   2.9e-04 0.05
     2      20    1.9e+01    0    4.7e-01  -895.16729955  -452.90154734    -0.03342913   0.011520   4.6e-02   2.9e-04 0.05
     3      40    3.8e+01   16    4.9e-01  -895.20010483  -452.93435262    -0.03280528   0.110278   4.4e-01   2.4e-04 0.05
     4      40    3.7e+01   11    4.8e-01  -895.23808438  -452.97233217    -0.03797955   0.004591   1.8e-02   1.7e-04 0.05
     5      40    4.2e+01    7    4.8e-01  -895.25440403  -452.98865182    -0.01631965   0.007259   2.9e-02   3.4e-04 0.05
     6      40    3.8e+01    7    4.7e-01  -895.26377860  -452.99802639    -0.00937457   0.005047   2.0e-02   1.7e-04 0.05
     7      40    3.8e+01    5    4.8e-01  -895.26775275  -453.00200054    -0.00397415   0.005449   2.2e-02   1.9e-04 0.05
     8      40    3.9e+01    4    5.5e-01  -895.26988767  -453.00413546    -0.00213492   0.014979   6.0e-02   2.0e-04 0.05
     9      40    3.8e+01    4    4.6e-01  -895.27085193  -453.00509972    -0.00096426   0.012121   4.8e-02   1.2e-04 0.05
    10      40    3.9e+01    4    4.7e-01  -895.27147142  -453.00571921    -0.00061949   0.011619   4.6e-02   1.0e-04 0.05
    11      40    3.8e+01    3    5.5e-01  -895.27176958  -453.00601737    -0.00029816   0.011412   4.6e-02   2.1e-04 0.05
    12      40    3.9e+01    3    4.8e-01  -895.27208348  -453.00633127    -0.00031390   0.013006   5.2e-02   2.2e-04 0.05
    13      40    4.0e+01    2    4.8e-01  -895.27234715  -453.00659494    -0.00026367   0.013982   5.6e-02   2.4e-04 0.05
    14      40    3.8e+01    2    4.8e-01  -895.27252431  -453.00677210    -0.00017716   0.011572   4.6e-02   2.3e-04 0.05
    15      40    3.9e+01    0    4.7e-01  -895.27253513  -453.00678292    -0.00001082   0.013495   5.4e-02   4.1e-04 0.05
    16      50    4.8e+01    2    4.7e-01  -895.27377771  -453.00802550    -0.00124257   0.008491   3.4e-02   2.4e-04 0.05
    17      50    4.9e+01    0    4.8e-01  -895.27378161  -453.00802940    -0.00000390   0.008491   3.4e-02   2.4e-04 0.05
    18      70    6.6e+01    2    4.8e-01  -895.27531501  -453.00956280    -0.00153340   0.000915   3.7e-03   1.8e-04 0.05
 
RESULTS OF THE OCCUPATION OPTIMIZATION
========================================
   1    1.9998137  -20.56861429
   2    1.9998134  -20.56557801
   3    1.9996719  -15.60249514
   4    1.9996526  -15.45387423
   5    1.9996143  -11.42964985
   6    1.9994995  -11.35765807
   7    1.9994982  -11.33296165
   8    1.9995431  -11.30012846
   9    1.9995134  -11.25530935
  10    1.9921504  -1.32695497
  11    1.9902851  -1.26508627
  12    1.9899473  -1.21628672
  13    1.9900703  -1.21212617
  14    1.9808391  -1.02462690
  15    1.9802872  -0.90207506
  16    1.9734478  -0.78750980
  17    1.9700432  -0.77261673
  18    1.9736610  -0.76600359
  19    1.9855620  -0.74264801
  20    1.9732561  -0.73416362
  21    1.9855543  -0.73363570
  22    1.9691618  -0.72984724
  23    1.9747552  -0.70901692
  24    1.9694580  -0.70533954
  25    1.9692588  -0.69421638
  26    1.9675004  -0.66309844
  27    1.9687605  -0.65803157
  28    1.9683806  -0.63412916
  29    1.9723927  -0.60713145
  30    1.9712284  -0.59921646
  31    1.9511632  -0.53170689
  32    1.9538223  -0.51017794
  33    1.9513184  -0.39989175
  34    0.0486816  -0.04372736
  35    0.0461777  -0.05432976
  36    0.0488368  -0.05620220
  37    0.0287716  -0.02661719
  38    0.0276073  -0.02590082
  39    0.0316194  -0.03573366
  40    0.0312395  -0.04028159
  41    0.0324996  -0.04195936
  42    0.0307412  -0.04011547
  43    0.0305420  -0.03950007
  44    0.0252448  -0.02625899
  45    0.0308382  -0.04375793
  46    0.0144457  -0.01990939
  47    0.0267439  -0.03057189
  48    0.0144380  -0.02055093
  49    0.0263390  -0.03058694
  50    0.0299568  -0.04333760
  51    0.0265522  -0.03400148
  52    0.0197128  -0.02341279
  53    0.0191609  -0.02796492
  54    0.0099297  -0.01471448
  55    0.0100527  -0.02013452
  56    0.0097149  -0.01915337
  57    0.0078496  -0.01339609
  58    0.0004866  -0.00855320
  59    0.0004569  -0.00815758
  60    0.0005018  -0.00881201
  61    0.0005005  -0.00882415
  62    0.0003857  -0.00719803
  63    0.0003474  -0.00844925
  64    0.0003281  -0.00813738
  65    0.0001866  -0.00642607
  66    0.0001863  -0.00645880
 
----------------
 Final Energies 
----------------
Final NOF Total Energy =    -453.0095628
 
Total Orbital Internal Iterations = 720
Total Occupation Internal Iterations = 84
 
Elapsed time:  773.29 Seconds

---------------------------------
   Lowdin Population Analysis    
---------------------------------
 Idx  Atom   Population   Charge 
---------------------------------
  1     N     6.463       0.537
  2     N     6.452       0.548
  3     C     6.140      -0.140
  4     C     6.571      -0.571
  5     C     6.006      -0.006
  6     C     6.705      -0.705
  7     C     5.772       0.228
  8     O     7.712       0.288
  9     O     7.753       0.247
 10     H     1.121      -0.121
 11     H     1.111      -0.111
 12     H     1.052      -0.052
 13     H     1.043      -0.043
 14     H     1.046      -0.046
 15     H     1.052      -0.052

---------------------------------
   M Diagnostic: 0.05
---------------------------------

