Computing Integrals
Basis Set                                            = def2-qzvp
Auxiliary Basis Set                                  = def2-universal-jkfit
Gaussian Type                                        = Spherical
Elapsed time:    9.19 Seconds

Number of basis functions                   (NBF)    = 522
Number of auxiliary basis functions         (NBFAUX) = 558
Inactive Doubly occupied orbitals up to     (NO1)    = 0
No. considered Strongly Doubly occupied MOs (NDOC)   = 21
No. considered Strongly Singly occupied MOs (NSOC)   = 0
NO. of Weakly occ. per St. Doubly occ.  MOs (NCWO)   = 1
Dimension of the Nat. Orb. subspace         (NBF5)   = 42
No. of electrons                                     = 42
    No. of alpha electrons                           = 21
    No. of beta electrons                            = 21
Multiplicity                                         = 1

Geometry
========
 C      -1.1988023       0.6921288       0.0000000
 C      -1.1988023      -0.6921288       0.0000000
 C       0.0000000      -1.3842576       0.0000000
 C       1.1988023      -0.6921288       0.0000000
 C       1.1988023       0.6921288       0.0000000
 C       0.0000000       1.3842576       0.0000000
 H      -2.1331550      -1.2315776       0.0000000
 H       0.0000000      -2.4631552       0.0000000
 H       2.1331550      -1.2315776       0.0000000
 H       2.1331550       1.2315776       0.0000000
 H       0.0000000       2.4631552       0.0000000
 H      -2.1331550       1.2315776       0.0000000

No violations of the orthonormality
No violations of the orthonormality
 
PNOF8/ADABelief Calculation
==================
 
  Nitext  Nit_orb  Time   Nit_occ  Time         Eelec          Etot           Ediff      maxdiff    MaxGrad_orb  Grad_occ
     1      10    1.3e+01    4    1.2e+01  -436.42433984  -231.46715204 -10435.42433984   0.010901   4.4e-02   4.1e-04 0.05
     2      20    5.5e+00    0    1.0e-01  -436.45086450  -231.49367670    -0.02652466   0.010901   4.4e-02   4.1e-04 0.05
     3      40    1.2e+01    8    1.1e-01  -436.46779757  -231.51060977    -0.01693308   0.101595   4.1e-01   2.0e-04 0.05
     4      40    1.2e+01    6    1.1e-01  -436.49001463  -231.53282683    -0.02221706   0.001550   6.2e-03   2.0e-04 0.05
     5      40    1.1e+01    6    1.2e-01  -436.50306466  -231.54587686    -0.01305003   0.005804   2.3e-02   1.4e-04 0.05
     6      40    1.2e+01    5    1.1e-01  -436.51109692  -231.55390912    -0.00803226   0.005226   2.1e-02   2.1e-04 0.05
     7      40    1.3e+01    3    1.0e-01  -436.51531244  -231.55812464    -0.00421552   0.004304   1.7e-02   2.8e-04 0.05
     8      40    1.3e+01    3    1.1e-01  -436.51754414  -231.56035634    -0.00223170   0.004293   1.7e-02   1.3e-04 0.05
     9      40    1.2e+01    3    1.7e-01  -436.51861431  -231.56142651    -0.00107017   0.003782   1.5e-02   8.6e-05 0.05
    10      40    1.2e+01    3    1.1e-01  -436.51905422  -231.56186642    -0.00043991   0.004680   1.9e-02   4.4e-05 0.05
    11      40    1.1e+01    2    1.0e-01  -436.51918132  -231.56199352    -0.00012710   0.004961   2.0e-02   2.4e-04 0.05
    12      40    1.4e+01    2    9.6e-02  -436.51927883  -231.56209103    -0.00009751   0.005530   2.2e-02   2.0e-04 0.05
    13      40    1.2e+01    2    9.6e-02  -436.51928812  -231.56210032    -0.00000929   0.005132   2.1e-02   2.0e-04 0.05
    14      40    1.1e+01    2    9.6e-02  -436.51933347  -231.56214567    -0.00004535   0.004668   1.9e-02   1.8e-04 0.05
    15      40    1.2e+01    1    1.1e-01  -436.51936686  -231.56217906    -0.00003339   0.005273   2.1e-02   2.1e-04 0.05
    16      40    1.2e+01    0    1.0e-01  -436.51936771  -231.56217991    -0.00000085   0.005273   2.1e-02   2.1e-04 0.05
    17      42    1.2e+01    1    1.1e-01  -436.51996719  -231.56277939    -0.00059948   0.000499   2.0e-03   2.1e-04 0.05
 
RESULTS OF THE OCCUPATION OPTIMIZATION
========================================
   1    1.9995535  -11.22096858
   2    1.9995547  -11.22054153
   3    1.9995420  -11.22039581
   4    1.9995465  -11.22011388
   5    1.9995488  -11.21943447
   6    1.9995660  -11.21922643
   7    1.9803692  -1.03452822
   8    1.9800058  -1.03093713
   9    1.9773066  -0.88626527
  10    1.9773052  -0.88615578
  11    1.9725443  -0.66866256
  12    1.9745245  -0.66848334
  13    1.9725444  -0.66845467
  14    1.9744781  -0.66747946
  15    1.9735224  -0.64771210
  16    1.9734809  -0.64709021
  17    1.9731510  -0.63153587
  18    1.9731254  -0.63133494
  19    1.9549061  -0.40783676
  20    1.9549081  -0.40781827
  21    1.9549421  -0.40773167
  22    0.0450579  -0.03909686
  23    0.0450919  -0.03909687
  24    0.0450939  -0.03909474
  25    0.0268746  -0.02670623
  26    0.0268490  -0.02669459
  27    0.0265191  -0.02673743
  28    0.0264776  -0.02672090
  29    0.0255219  -0.02621766
  30    0.0274556  -0.03310184
  31    0.0254755  -0.02619893
  32    0.0274557  -0.03310084
  33    0.0226948  -0.03094856
  34    0.0226934  -0.03095297
  35    0.0199942  -0.02911124
  36    0.0196308  -0.02878897
  37    0.0004340  -0.00789281
  38    0.0004512  -0.00805458
  39    0.0004535  -0.00807431
  40    0.0004580  -0.00811983
  41    0.0004453  -0.00798563
  42    0.0004465  -0.00799350
 
----------------
 Final Energies 
----------------
Final NOF Total Energy =    -231.5627794
 
Total Orbital Internal Iterations = 632
Total Occupation Internal Iterations = 51
 
Elapsed time:  233.51 Seconds

---------------------------------
   Lowdin Population Analysis    
---------------------------------
 Idx  Atom   Population   Charge 
---------------------------------
  1     C     5.935       0.065
  2     C     5.935       0.065
  3     C     5.936       0.064
  4     C     5.935       0.065
  5     C     5.935       0.065
  6     C     5.936       0.064
  7     H     1.065      -0.065
  8     H     1.065      -0.065
  9     H     1.065      -0.065
 10     H     1.065      -0.065
 11     H     1.065      -0.065
 12     H     1.065      -0.065

---------------------------------
   M Diagnostic: 0.05
---------------------------------

