Computing Integrals
Basis Set                                            = def2-qzvp
Auxiliary Basis Set                                  = def2-universal-jkfit
Gaussian Type                                        = Spherical
Elapsed time:    5.18 Seconds

Number of basis functions                   (NBF)    = 348
Number of auxiliary basis functions         (NBFAUX) = 376
Inactive Doubly occupied orbitals up to     (NO1)    = 0
No. considered Strongly Doubly occupied MOs (NDOC)   = 16
No. considered Strongly Singly occupied MOs (NSOC)   = 0
NO. of Weakly occ. per St. Doubly occ.  MOs (NCWO)   = 1
Dimension of the Nat. Orb. subspace         (NBF5)   = 32
No. of electrons                                     = 32
    No. of alpha electrons                           = 16
    No. of beta electrons                            = 16
Multiplicity                                         = 1

Geometry
========
 C       0.5544489       0.1536963       0.0386589
 O       1.2579970       1.1270143       0.2784116
 O       1.0268546      -1.0485265      -0.2496123
 H       2.0205938      -1.0157217      -0.2349892
 C      -0.9422696       0.1991055       0.0428563
 H      -1.2798398       1.2040197       0.2649153
 H      -1.3167311      -0.1210538      -0.9263966
 H      -1.3210538      -0.4985339       0.7861560

No violations of the orthonormality
No violations of the orthonormality
 
PNOF8/ADABelief Calculation
==================
 
  Nitext  Nit_orb  Time   Nit_occ  Time         Eelec          Etot           Ediff      maxdiff    MaxGrad_orb  Grad_occ
     1      10    1.1e+01    8    1.2e+01  -349.79796618  -228.44467251 -10348.79796618   0.026337   1.1e-01   7.9e-05 0.05
     2      20    3.1e+00    5    3.5e-02  -349.88467124  -228.53137757    -0.08670506   0.006113   2.4e-02   1.8e-04 0.05
     3      20    4.2e+00    6    3.5e-02  -349.89308357  -228.53978991    -0.00841234   0.008155   3.3e-02   7.4e-05 0.05
     4      20    3.2e+00    5    2.7e-02  -349.89491879  -228.54162513    -0.00183522   0.010904   4.4e-02   1.5e-04 0.05
     5      20    3.1e+00    3    3.3e-02  -349.89553811  -228.54224445    -0.00061932   0.009923   4.0e-02   2.5e-04 0.05
     6      20    3.0e+00    0    2.8e-02  -349.89564814  -228.54235447    -0.00011002   0.009923   4.0e-02   2.5e-04 0.05
     7      35    6.7e+00    4    3.2e-02  -349.89724398  -228.54395032    -0.00159585   0.000704   2.8e-03   1.3e-04 0.05
 
RESULTS OF THE OCCUPATION OPTIMIZATION
========================================
   1    1.9997837  -20.63534579
   2    1.9998077  -20.58347227
   3    1.9994962  -11.33952042
   4    1.9996059  -11.24745308
   5    1.9905527  -1.34612064
   6    1.9893784  -1.18376129
   7    1.9794822  -0.86110409
   8    1.9870769  -0.83314560
   9    1.9701161  -0.79374659
  10    1.9669682  -0.75163235
  11    1.9651685  -0.72155337
  12    1.9849447  -0.68404570
  13    1.9688549  -0.65777987
  14    1.9727155  -0.61798404
  15    1.9724792  -0.60902939
  16    1.9500811  -0.51988116
  17    0.0499189  -0.05705456
  18    0.0275208  -0.02591635
  19    0.0272845  -0.02569793
  20    0.0311451  -0.03644694
  21    0.0150553  -0.02028161
  22    0.0348315  -0.04838400
  23    0.0330318  -0.03900338
  24    0.0298839  -0.04322678
  25    0.0129231  -0.01992581
  26    0.0205178  -0.02346257
  27    0.0106216  -0.02009137
  28    0.0094473  -0.01945753
  29    0.0003941  -0.00731293
  30    0.0005038  -0.00893337
  31    0.0001923  -0.00653617
  32    0.0002163  -0.00715293
 
----------------
 Final Energies 
----------------
Final NOF Total Energy =    -228.5439503
 
Total Orbital Internal Iterations = 145
Total Occupation Internal Iterations = 31
 
Elapsed time:   54.59 Seconds

---------------------------------
   Lowdin Population Analysis    
---------------------------------
 Idx  Atom   Population   Charge 
---------------------------------
  1     C     6.724      -0.724
  2     O     7.741       0.259
  3     O     7.365       0.635
  4     H     1.240      -0.240
  5     C     5.775       0.225
  6     H     1.052      -0.052
  7     H     1.050      -0.050
  8     H     1.052      -0.052

---------------------------------
   M Diagnostic: 0.05
---------------------------------

