Computing Integrals
Basis Set                                            = def2-qzvp
Auxiliary Basis Set                                  = def2-universal-jkfit
Gaussian Type                                        = Spherical
Elapsed time:    3.51 Seconds

Number of basis functions                   (NBF)    = 294
Number of auxiliary basis functions         (NBFAUX) = 262
Inactive Doubly occupied orbitals up to     (NO1)    = 0
No. considered Strongly Doubly occupied MOs (NDOC)   = 9
No. considered Strongly Singly occupied MOs (NSOC)   = 1
NO. of Weakly occ. per St. Doubly occ.  MOs (NCWO)   = 1
Dimension of the Nat. Orb. subspace         (NBF5)   = 19
No. of electrons                                     = 19
    No. of alpha electrons                           = 10
    No. of beta electrons                            = 9
Multiplicity                                         = 2

Geometry
========
 N       0.0000000       0.0000000      -1.0832554
 N       0.0000000       0.0000000       1.0832554
 H       0.8429730       0.4866907      -1.3589288
 H       0.0000000      -0.9733814      -1.3589288
 H      -0.8429730       0.4866907      -1.3589288
 H       0.8429730      -0.4866907       1.3589288
 H       0.0000000       0.9733814       1.3589288
 H      -0.8429730      -0.4866907       1.3589288

No violations of the orthonormality
No violations of the orthonormality
 
PNOF8/ADABelief Calculation
==================
 
  Nitext  Nit_orb  Time   Nit_occ  Time         Eelec          Etot           Ediff      maxdiff    MaxGrad_orb  Grad_occ
     1      10    1.0e+01    4    1.2e+01  -158.28982127  -112.44052221 -10157.28982127   0.015982   6.4e-02   1.5e-05 0.03
     2      20    1.9e+00    5    8.3e-02  -158.30674696  -112.45744790    -0.01692569   0.125536   5.0e-01   1.9e-04 0.03
     3      20    2.6e+00    6    4.0e-02  -158.31316631  -112.46386725    -0.00641935   0.020836   8.3e-02   1.9e-04 0.03
     4      20    2.6e+00    5    4.9e-02  -158.31590060  -112.46660154    -0.00273429   0.028287   1.1e-01   7.2e-05 0.03
     5      20    2.7e+00    5    5.3e-02  -158.31820810  -112.46890904    -0.00230750   0.022364   8.9e-02   4.5e-05 0.03
     6      20    2.4e+00    3    9.2e-03  -158.31991141  -112.47061235    -0.00170331   0.025718   1.0e-01   1.8e-04 0.03
     7      20    2.3e+00    3    9.4e-03  -158.32130212  -112.47200306    -0.00139071   0.028091   1.1e-01   1.4e-04 0.03
     8      20    2.1e+00    3    5.0e-02  -158.32203837  -112.47273931    -0.00073625   0.024056   9.6e-02   1.5e-04 0.03
     9      20    2.2e+00    3    5.0e-02  -158.32318859  -112.47388952    -0.00115022   0.094344   3.8e-01   1.4e-04 0.03
    10      20    2.1e+00    2    1.1e-02  -158.32412021  -112.47482115    -0.00093163   0.023433   9.4e-02   8.9e-05 0.03
    11      20    2.2e+00    1    2.9e-02  -158.32425248  -112.47495341    -0.00013226   0.019328   7.7e-02   1.3e-04 0.03
    12      20    2.3e+00    0    2.0e-02  -158.32425990  -112.47496083    -0.00000742   0.019328   7.7e-02   1.3e-04 0.03
    13      40    5.6e+00    1    4.4e-02  -158.32900890  -112.47970984    -0.00474900   0.001010   4.0e-03   8.0e-05 0.03
    14      40    5.1e+00    0    3.5e-02  -158.32901009  -112.47971103    -0.00000119   0.001010   4.0e-03   8.0e-05 0.03
    15      53    6.2e+00    0    5.3e-02  -158.32902428  -112.47972522    -0.00001418   0.000492   2.0e-03   1.9e-04 0.03
 
RESULTS OF THE OCCUPATION OPTIMIZATION
========================================
   1    1.9997010  -15.84366893
   2    1.9996982  -15.84287294
   3    1.9883535  -1.38300094
   4    1.9714177  -0.98756459
   5    1.9713175  -0.98664154
   6    1.9712340  -0.98592463
   7    1.9711216  -0.98014962
   8    1.9710594  -0.97974296
   9    1.9710472  -0.97966873
  10    1.0000000  -0.34731456
  11    0.0289528  -0.03353128
  12    0.0289406  -0.03352522
  13    0.0288784  -0.03349991
  14    0.0287660  -0.03351573
  15    0.0286825  -0.03348688
  16    0.0285823  -0.03344866
  17    0.0116465  -0.01718393
  18    0.0003018  -0.00764218
  19    0.0002990  -0.00761660
 
----------------
 Final Energies 
----------------
Final NOF Total Energy =    -112.4797252
 
Total Orbital Internal Iterations = 363
Total Occupation Internal Iterations = 41
 
Elapsed time:   74.43 Seconds

---------------------------------
   Lowdin Population Analysis    
---------------------------------
 Idx  Atom   Population   Charge 
---------------------------------
  1     N     6.128       0.872
  2     N     6.126       0.874
  3     H     1.125      -0.125
  4     H     1.125      -0.125
  5     H     1.125      -0.125
  6     H     1.124      -0.124
  7     H     1.124      -0.124
  8     H     1.124      -0.124

---------------------------------
   M Diagnostic: 0.03
---------------------------------

