Computing Integrals
Basis Set                                            = def2-qzvp
Auxiliary Basis Set                                  = def2-universal-jkfit
Gaussian Type                                        = Spherical
Elapsed time:    1.72 Seconds

Number of basis functions                   (NBF)    = 70
Number of auxiliary basis functions         (NBFAUX) = 128
Inactive Doubly occupied orbitals up to     (NO1)    = 0
No. considered Strongly Doubly occupied MOs (NDOC)   = 9
No. considered Strongly Singly occupied MOs (NSOC)   = 0
NO. of Weakly occ. per St. Doubly occ.  MOs (NCWO)   = 6
Dimension of the Nat. Orb. subspace         (NBF5)   = 63
No. of electrons                                     = 18
    No. of alpha electrons                           = 9
    No. of beta electrons                            = 9
Multiplicity                                         = 1

Geometry
========
Cl      -0.0526998       1.4342122      -1.1479971

No violations of the orthonormality
No violations of the orthonormality
 
PNOF8/ADABelief Calculation
==================
 
  Nitext  Nit_orb  Time   Nit_occ  Time         Eelec          Etot           Ediff      maxdiff    MaxGrad_orb  Grad_occ
     1      10    9.1e+00   32    1.2e+01  -459.79158503  -459.79158503 -10458.79158503   0.016508   6.6e-02   2.2e-04 0.02
     2      20    6.3e-02   57    6.8e-02  -459.99303541  -459.99303541    -0.20145038   0.467935   1.9e+00   2.0e-04 0.02
     3      20    5.9e-02   25    2.6e-02  -460.05586837  -460.05586837    -0.06283296   0.031168   1.2e-01   1.7e-04 0.02
     4      20    7.1e-02   24    2.9e-02  -460.07625316  -460.07625316    -0.02038479   0.057299   2.3e-01   2.1e-04 0.02
     5      20    6.9e-02   23    3.0e-02  -460.08969786  -460.08969786    -0.01344469   0.053733   2.1e-01   2.0e-04 0.02
     6      20    7.4e-02   15    1.9e-02  -460.09944869  -460.09944869    -0.00975084   0.039704   1.6e-01   2.0e-04 0.02
     7      20    6.8e-02   15    4.5e-02  -460.10274696  -460.10274696    -0.00329827   0.045549   1.8e-01   2.0e-04 0.02
     8      20    5.4e-02   24    2.4e-02  -460.10638115  -460.10638115    -0.00363420   0.043462   1.7e-01   1.8e-04 0.02
     9      20    6.5e-02   10    1.1e-02  -460.10900614  -460.10900614    -0.00262499   0.049371   2.0e-01   1.6e-04 0.02
    10      20    5.7e-02   10    1.4e-02  -460.11068839  -460.11068839    -0.00168225   0.052282   2.1e-01   2.0e-04 0.02
    11      20    5.3e-02   14    1.7e-02  -460.11184604  -460.11184604    -0.00115765   0.046078   1.8e-01   1.6e-04 0.02
    12      20    5.6e-02    6    7.6e-03  -460.11350264  -460.11350264    -0.00165660   0.041674   1.7e-01   2.5e-04 0.02
    13      20    4.5e-02    0    7.8e-03  -460.11360250  -460.11360250    -0.00009986   0.041674   1.7e-01   2.5e-04 0.02
    14      40    1.1e-01   12    1.4e-02  -460.11935214  -460.11935214    -0.00574964   0.004192   1.7e-02   1.1e-04 0.02
    15      40    1.1e-01    4    1.3e-02  -460.11964366  -460.11964366    -0.00029152   0.009451   3.8e-02   2.3e-04 0.02
    16      40    9.2e-02    6    7.7e-03  -460.11993124  -460.11993124    -0.00028758   0.008016   3.2e-02   1.3e-04 0.02
    17      40    1.2e-01    6    7.8e-03  -460.12013625  -460.12013625    -0.00020501   0.008932   3.6e-02   1.5e-04 0.02
    18      40    1.2e-01    2    3.5e-03  -460.12030247  -460.12030247    -0.00016623   0.008467   3.4e-02   1.5e-04 0.02
    19      40    9.4e-02    2    3.7e-03  -460.12045018  -460.12045018    -0.00014771   0.007953   3.2e-02   1.5e-04 0.02
    20      40    8.9e-02    2    5.1e-03  -460.12055853  -460.12055853    -0.00010835   0.007265   2.9e-02   1.5e-04 0.02
    21      40    1.1e-01    1    2.7e-03  -460.12066091  -460.12066091    -0.00010238   0.006928   2.8e-02   2.3e-04 0.02
    22      40    8.4e-02    2    5.1e-03  -460.12072946  -460.12072946    -0.00006855   0.006394   2.6e-02   1.5e-04 0.02
    23      40    1.1e-01    1    4.2e-03  -460.12081563  -460.12081563    -0.00008617   0.005775   2.3e-02   2.2e-04 0.02
    24      40    9.0e-02    2    5.1e-03  -460.12084662  -460.12084662    -0.00003099   0.006873   2.7e-02   1.7e-04 0.02
    25      40    1.1e-01    1    2.6e-03  -460.12089472  -460.12089472    -0.00004810   0.005513   2.2e-02   1.7e-04 0.02
    26      40    9.5e-02    0    2.1e-03  -460.12090551  -460.12090551    -0.00001078   0.006032   2.4e-02   1.4e-04 0.02
    27      50    1.3e-01    0    1.8e-03  -460.12094994  -460.12094994    -0.00004443   0.003843   1.5e-02   1.6e-04 0.02
    28      60    2.1e-01    0    3.7e-03  -460.12096575  -460.12096575    -0.00001582   0.003050   1.2e-02   1.7e-04 0.02
    29      70    1.8e-01    0    3.4e-03  -460.12097192  -460.12097192    -0.00000617   0.002593   1.0e-02   2.0e-04 0.02
    30      80    1.8e-01    0    1.7e-03  -460.12098644  -460.12098644    -0.00001452   0.002385   9.5e-03   2.1e-04 0.02
    31      90    1.9e-01    0    3.4e-03  -460.12099457  -460.12099457    -0.00000813   0.002063   8.3e-03   2.2e-04 0.02
    32     100    2.3e-01    0    1.8e-03  -460.12099621  -460.12099621    -0.00000163   0.002015   8.1e-03   2.2e-04 0.02
    33     110    2.6e-01    0    1.8e-03  -460.12099795  -460.12099795    -0.00000174   0.001965   7.9e-03   2.3e-04 0.02
    34     120    2.7e-01    0    3.4e-03  -460.12100253  -460.12100253    -0.00000458   0.001698   6.8e-03   2.3e-04 0.02
    35     130    2.6e-01    0    1.7e-03  -460.12100554  -460.12100554    -0.00000301   0.001574   6.3e-03   2.4e-04 0.02
    36     140    3.1e-01    0    1.7e-03  -460.12100702  -460.12100702    -0.00000148   0.001436   5.7e-03   2.4e-04 0.02
    37     150    3.6e-01    0    5.4e-03  -460.12100989  -460.12100989    -0.00000286   0.001282   5.1e-03   2.4e-04 0.02
    38     160    5.2e-01    0    2.4e-03  -460.12101241  -460.12101241    -0.00000252   0.001172   4.7e-03   2.4e-04 0.02
    39     170    5.4e-01    0    4.9e-03  -460.12101491  -460.12101491    -0.00000250   0.001072   4.3e-03   2.4e-04 0.02
    40     180    6.1e-01    0    2.4e-03  -460.12101428  -460.12101428     0.00000062   0.001062   4.2e-03   2.5e-04 0.02
 
RESULTS OF THE OCCUPATION OPTIMIZATION
========================================
   1    1.9999969  -104.55623408
   2    1.9994650  -10.24333029
   3    1.9992211  -7.71398228
   4    1.9993293  -7.71243737
   5    1.9990292  -7.70810603
   6    1.9786343  -0.74872655
   7    1.9822288  -0.17601252
   8    1.9760007  -0.17193981
   9    1.9685124  -0.17077302
  10    0.0102372  -0.01545179
  11    0.0095357  -0.01595763
  12    0.0097986  -0.02870267
  13    0.0067720  -0.01584846
  14    0.0007345  -0.01500284
  15    0.0004967  -0.01060060
  16    0.0005336  -0.01116559
  17    0.0004241  -0.01025156
  18    0.0000014  -0.00032307
  19    0.0099030  -0.01508229
  20    0.0087442  -0.02016525
  21    0.0023456  -0.00958208
  22    0.0067357  -0.02016217
  23    0.0001080  -0.00148824
  24    0.0001224  -0.00131294
  25    0.0001020  -0.00138942
  26    0.0000727  -0.00225438
  27    0.0000010  -0.00003106
  28    0.0097999  -0.01505750
  29    0.0022570  -0.00890571
  30    0.0023181  -0.00980389
  31    0.0065039  -0.01998269
  32    0.0000882  -0.00103504
  33    0.0000156  -0.00013991
  34    0.0000940  -0.00231371
  35    0.0000132  -0.00013051
  36    0.0000003  -0.00001806
  37    0.0006285  -0.00136272
  38    0.0021122  -0.00858029
  39    0.0022066  -0.00974671
  40    0.0005392  -0.00151703
  41    0.0000161  -0.00014257
  42    0.0000136  -0.00091176
  43    0.0000173  -0.00014740
  44    0.0000106  -0.00011647
  45    0.0000001  -0.00001232
  46    0.0006251  -0.00136072
  47    0.0006771  -0.00154873
  48    0.0007245  -0.00163668
  49    0.0005347  -0.00149346
  50    0.0000158  -0.00014144
  51    0.0000117  -0.00012421
  52    0.0000166  -0.00014563
  53    0.0000085  -0.00009523
  54    0.0000001  -0.00001036
  55    0.0002940  -0.00111324
  56    0.0006731  -0.00153477
  57    0.0003778  -0.00164029
  58    0.0002803  -0.00134569
  59    0.0000082  -0.00008550
  60    0.0000108  -0.00011576
  61    0.0000155  -0.00022242
  62    0.0000059  -0.00044109
  63    0.0000001  -0.00000982
 
----------------
 Final Energies 
----------------
Final NOF Total Energy =    -460.1210143
 
Total Orbital Internal Iterations = 2380
Total Occupation Internal Iterations = 296
 
Elapsed time:   34.26 Seconds

---------------------------------
   Lowdin Population Analysis    
---------------------------------
 Idx  Atom   Population   Charge 
---------------------------------
  1    Cl    18.000      -1.000

---------------------------------
   M Diagnostic: 0.02
---------------------------------

