Computing Integrals
Basis Set                                            = def2-qzvp
Auxiliary Basis Set                                  = def2-universal-jkfit
Gaussian Type                                        = Spherical
Elapsed time:    1.70 Seconds

Number of basis functions                   (NBF)    = 70
Number of auxiliary basis functions         (NBFAUX) = 128
Inactive Doubly occupied orbitals up to     (NO1)    = 0
No. considered Strongly Doubly occupied MOs (NDOC)   = 9
No. considered Strongly Singly occupied MOs (NSOC)   = 0
NO. of Weakly occ. per St. Doubly occ.  MOs (NCWO)   = 6
Dimension of the Nat. Orb. subspace         (NBF5)   = 63
No. of electrons                                     = 18
    No. of alpha electrons                           = 9
    No. of beta electrons                            = 9
Multiplicity                                         = 1

Geometry
========
Cl      -5.2176585       1.0335412       0.0166542

No violations of the orthonormality
No violations of the orthonormality
 
PNOF8/ADABelief Calculation
==================
 
  Nitext  Nit_orb  Time   Nit_occ  Time         Eelec          Etot           Ediff      maxdiff    MaxGrad_orb  Grad_occ
     1      10    9.0e+00   56    1.2e+01  -459.78623971  -459.78623971 -10458.78623971   0.016425   6.6e-02   1.1e-04 0.02
     2      20    6.3e-02   24    2.4e-02  -459.96337860  -459.96337860    -0.17713889   0.940408   3.8e+00   2.2e-04 0.02
     3      20    7.5e-02   31    3.4e-02  -460.04554007  -460.04554007    -0.08216147   0.024503   9.8e-02   1.9e-04 0.02
     4      20    6.6e-02   16    2.0e-02  -460.07045187  -460.07045187    -0.02491181   0.034467   1.4e-01   2.0e-04 0.02
     5      20    6.9e-02   15    1.5e-02  -460.08853558  -460.08853558    -0.01808370   0.039407   1.6e-01   2.4e-04 0.02
     6      20    5.5e-02   12    3.7e-02  -460.10127592  -460.10127592    -0.01274034   0.043386   1.7e-01   1.7e-04 0.02
     7      20    5.8e-02   16    2.0e-02  -460.10620111  -460.10620111    -0.00492520   0.049841   2.0e-01   1.9e-04 0.02
     8      20    6.3e-02   23    2.4e-02  -460.10908423  -460.10908423    -0.00288312   0.040594   1.6e-01   2.3e-04 0.02
     9      20    5.4e-02   12    1.3e-02  -460.11327451  -460.11327451    -0.00419028   0.040190   1.6e-01   2.8e-04 0.02
    10      20    7.4e-02   14    1.9e-02  -460.11553570  -460.11553570    -0.00226119   0.055976   2.2e-01   1.8e-04 0.02
    11      20    7.0e-02    8    1.3e-02  -460.11727877  -460.11727877    -0.00174307   0.041874   1.7e-01   2.2e-04 0.02
    12      20    8.9e-02    0    4.0e-03  -460.11736759  -460.11736759    -0.00008882   0.041874   1.7e-01   2.2e-04 0.02
    13      40    1.1e-01    8    1.2e-02  -460.12189741  -460.12189741    -0.00452982   0.005938   2.4e-02   1.5e-04 0.02
    14      40    1.1e-01    6    1.2e-02  -460.12220001  -460.12220001    -0.00030260   0.008713   3.5e-02   2.1e-04 0.02
    15      40    1.1e-01    6    1.4e-02  -460.12238140  -460.12238140    -0.00018139   0.006997   2.8e-02   1.3e-04 0.02
    16      40    1.2e-01    2    5.9e-03  -460.12250692  -460.12250692    -0.00012552   0.007628   3.1e-02   1.6e-04 0.02
    17      40    1.1e-01    3    8.4e-03  -460.12255440  -460.12255440    -0.00004748   0.008720   3.5e-02   2.1e-04 0.02
    18      40    1.0e-01    1    5.1e-03  -460.12256963  -460.12256963    -0.00001523   0.007894   3.2e-02   1.6e-04 0.02
    19      40    1.2e-01    0    1.8e-03  -460.12259830  -460.12259830    -0.00002867   0.007848   3.1e-02   2.1e-04 0.02
    20      50    1.3e-01    6    9.3e-03  -460.12265996  -460.12265996    -0.00006166   0.005809   2.3e-02   1.1e-04 0.02
    21      50    1.7e-01    0    1.8e-03  -460.12266989  -460.12266989    -0.00000993   0.005809   2.3e-02   1.1e-04 0.02
    22      70    1.9e-01    2    3.3e-03  -460.12274994  -460.12274994    -0.00008005   0.000882   3.5e-03   1.1e-04 0.02
 
RESULTS OF THE OCCUPATION OPTIMIZATION
========================================
   1    1.9999975  -104.55498748
   2    1.9995254  -10.24051287
   3    1.9992075  -7.71285388
   4    1.9992300  -7.71211294
   5    1.9990856  -7.71078420
   6    1.9813462  -0.75181261
   7    1.9760793  -0.17272708
   8    1.9709022  -0.17140750
   9    1.9752698  -0.17097195
  10    0.0097011  -0.01604482
  11    0.0094973  -0.01591968
  12    0.0103403  -0.01810113
  13    0.0072976  -0.02641083
  14    0.0006681  -0.01384883
  15    0.0005462  -0.01128101
  16    0.0005507  -0.01135376
  17    0.0004249  -0.01018255
  18    0.0000012  -0.00012897
  19    0.0095984  -0.01585632
  20    0.0092370  -0.01548655
  21    0.0094822  -0.02057245
  22    0.0064206  -0.02042872
  23    0.0001125  -0.00159255
  24    0.0000948  -0.00098330
  25    0.0001111  -0.00155912
  26    0.0000146  -0.00052437
  27    0.0000007  -0.00002660
  28    0.0022330  -0.00871273
  29    0.0087388  -0.01869669
  30    0.0022655  -0.00890262
  31    0.0019574  -0.00975029
  32    0.0000901  -0.00100976
  33    0.0000860  -0.00242233
  34    0.0000851  -0.00216469
  35    0.0000133  -0.00013112
  36    0.0000003  -0.00001753
  37    0.0021887  -0.00873734
  38    0.0006586  -0.00146225
  39    0.0007360  -0.00158305
  40    0.0019150  -0.00957416
  41    0.0000150  -0.00013759
  42    0.0000174  -0.00015302
  43    0.0000166  -0.00045556
  44    0.0000108  -0.00010944
  45    0.0000001  -0.00001248
  46    0.0006893  -0.00153646
  47    0.0006549  -0.00145116
  48    0.0007358  -0.00158269
  49    0.0005332  -0.00151241
  50    0.0000144  -0.00013543
  51    0.0000142  -0.00033244
  52    0.0000149  -0.00016902
  53    0.0000071  -0.00008486
  54    0.0000001  -0.00001170
  55    0.0003198  -0.00136258
  56    0.0003113  -0.00128134
  57    0.0003608  -0.00150696
  58    0.0005300  -0.00150706
  59    0.0000143  -0.00013499
  60    0.0000116  -0.00011334
  61    0.0000142  -0.00014502
  62    0.0000038  -0.00058910
  63    0.0000001  -0.00001010
 
----------------
 Final Energies 
----------------
Final NOF Total Energy =    -460.1227499
 
Total Orbital Internal Iterations = 680
Total Occupation Internal Iterations = 261
 
Elapsed time:   29.57 Seconds

---------------------------------
   Lowdin Population Analysis    
---------------------------------
 Idx  Atom   Population   Charge 
---------------------------------
  1    Cl    18.000      -1.000

---------------------------------
   M Diagnostic: 0.02
---------------------------------

