Computing Integrals
Basis Set                                            = def2-qzvp
Auxiliary Basis Set                                  = def2-universal-jkfit
Gaussian Type                                        = Spherical
Elapsed time:    1.69 Seconds

Number of basis functions                   (NBF)    = 87
Number of auxiliary basis functions         (NBFAUX) = 95
Inactive Doubly occupied orbitals up to     (NO1)    = 0
No. considered Strongly Doubly occupied MOs (NDOC)   = 5
No. considered Strongly Singly occupied MOs (NSOC)   = 0
NO. of Weakly occ. per St. Doubly occ.  MOs (NCWO)   = 16
Dimension of the Nat. Orb. subspace         (NBF5)   = 85
No. of electrons                                     = 10
    No. of alpha electrons                           = 5
    No. of beta electrons                            = 5
Multiplicity                                         = 1

Geometry
========
 F      -2.3479612       1.1089678      -0.0028093
 H      -3.3245012       1.0882224       0.0025440

No violations of the orthonormality
No violations of the orthonormality
 
PNOF8/ADABelief Calculation
==================
 
  Nitext  Nit_orb  Time   Nit_occ  Time         Eelec          Etot           Ediff      maxdiff    MaxGrad_orb  Grad_occ
     1      10    9.1e+00   39    1.2e+01  -105.19489006  -100.31906388 -10104.19489006   0.024124   9.6e-02   1.9e-04 0.03
     2      20    9.6e-02   18    1.4e-01  -105.23588342  -100.36005724    -0.04099336   0.090487   3.6e-01   2.2e-04 0.03
     3      20    1.4e-01   17    7.1e-02  -105.24874940  -100.37292321    -0.01286598   0.025469   1.0e-01   1.9e-04 0.03
     4      20    8.8e-02    8    2.9e-02  -105.25495774  -100.37913155    -0.00620834   0.022368   8.9e-02   2.5e-04 0.03
     5      20    1.3e-01   17    9.4e-02  -105.25960924  -100.38378305    -0.00465150   0.022797   9.1e-02   2.0e-04 0.03
     6      20    1.4e-01    5    1.5e-02  -105.26196743  -100.38614124    -0.00235819   0.023242   9.3e-02   2.2e-04 0.03
     7      20    1.4e-01    5    1.6e-02  -105.26289046  -100.38706427    -0.00092302   0.024930   1.0e-01   2.2e-04 0.03
     8      20    1.4e-01    5    1.6e-02  -105.26334450  -100.38751831    -0.00045405   0.027659   1.1e-01   2.5e-04 0.03
     9      20    1.2e-01    5    3.8e-02  -105.26408643  -100.38826024    -0.00074193   0.014142   5.7e-02   1.8e-04 0.03
    10      20    1.0e-01    5    1.7e-02  -105.26421397  -100.38838778    -0.00012754   0.015748   6.3e-02   1.5e-04 0.03
    11      20    1.5e-01    5    2.7e-02  -105.26443675  -100.38861056    -0.00022278   0.010551   4.2e-02   1.4e-04 0.03
    12      20    1.6e-01    1    1.1e-02  -105.26482079  -100.38899460    -0.00038404   0.011631   4.7e-02   2.2e-04 0.03
    13      20    1.4e-01    0    5.9e-03  -105.26482248  -100.38899629    -0.00000169   0.011631   4.7e-02   2.2e-04 0.03
    14      40    2.1e-01    5    2.7e-02  -105.26519019  -100.38936401    -0.00036771   0.001191   4.8e-03   1.2e-04 0.03
    15      40    2.2e-01    3    1.3e-02  -105.26525896  -100.38943277    -0.00006877   0.001681   6.7e-03   2.0e-04 0.03
    16      40    2.3e-01    3    2.1e-02  -105.26534359  -100.38951740    -0.00008463   0.001920   7.7e-03   2.8e-04 0.03
    17      40    1.9e-01    5    2.4e-02  -105.26538335  -100.38955716    -0.00003976   0.001603   6.4e-03   1.4e-04 0.03
    18      40    1.7e-01    0    4.7e-03  -105.26543542  -100.38960923    -0.00005207   0.001491   6.0e-03   2.0e-04 0.03
    19      50    2.3e-01    0    5.9e-03  -105.26544905  -100.38962286    -0.00001363   0.001247   5.0e-03   2.1e-04 0.03
    20      60    2.9e-01    0    3.2e-03  -105.26546355  -100.38963736    -0.00001449   0.000747   3.0e-03   2.3e-04 0.03
 
RESULTS OF THE OCCUPATION OPTIMIZATION
========================================
   1    1.9999840  -26.34216949
   2    1.9865587  -1.59200842
   3    1.9713460  -0.82897229
   4    1.9803785  -0.69597893
   5    1.9782709  -0.69540370
   6    0.0113273  -0.02130539
   7    0.0118648  -0.02178004
   8    0.0240969  -0.03938367
   9    0.0075381  -0.02328330
  10    0.0000144  -0.00057208
  11    0.0042174  -0.01018735
  12    0.0044223  -0.00992013
  13    0.0036084  -0.00863117
  14    0.0033985  -0.00963703
  15    0.0000007  -0.00000585
  16    0.0042016  -0.01012244
  17    0.0015161  -0.00527024
  18    0.0002888  -0.00111356
  19    0.0007763  -0.00317995
  20    0.0000004  -0.00005653
  21    0.0005960  -0.00248095
  22    0.0006900  -0.00424152
  23    0.0002737  -0.00105214
  24    0.0007658  -0.00311400
  25    0.0000000  -0.00000128
  26    0.0004418  -0.00146241
  27    0.0004488  -0.00142944
  28    0.0002346  -0.00096172
  29    0.0002782  -0.00120334
  30    0.0000000  -0.00000111
  31    0.0002739  -0.00100810
  32    0.0003234  -0.00119625
  33    0.0000510  -0.00014046
  34    0.0002616  -0.00118515
  35    0.0000000  -0.00000116
  36    0.0002649  -0.00096837
  37    0.0001012  -0.00050315
  38    0.0000237  -0.00011718
  39    0.0002030  -0.00160646
  40    0.0000000  -0.00000087
  41    0.0002506  -0.00096062
  42    0.0000839  -0.00036374
  43    0.0000184  -0.00014802
  44    0.0000872  -0.00089052
  45    0.0000000  -0.00000095
  46    0.0000395  -0.00012532
  47    0.0000576  -0.00028601
  48    0.0000147  -0.00010875
  49    0.0000267  -0.00017012
  50    0.0000000  -0.00000096
  51    0.0000332  -0.00015889
  52    0.0000218  -0.00015078
  53    0.0000141  -0.00010613
  54    0.0000233  -0.00014883
  55    0.0000000  -0.00000086
  56    0.0000184  -0.00012906
  57    0.0000191  -0.00013392
  58    0.0000111  -0.00004461
  59    0.0000167  -0.00013693
  60    0.0000000  -0.00000081
  61    0.0000161  -0.00010683
  62    0.0000169  -0.00012164
  63    0.0000069  -0.00000870
  64    0.0000159  -0.00012321
  65    0.0000000  -0.00000063
  66    0.0000154  -0.00009508
  67    0.0000167  -0.00012616
  68    0.0000045  -0.00001603
  69    0.0000158  -0.00012589
  70    0.0000000  -0.00000051
  71    0.0000124  -0.00006187
  72    0.0000155  -0.00012228
  73    0.0000040  -0.00001491
  74    0.0000152  -0.00011963
  75    0.0000000  -0.00000069
  76    0.0000111  -0.00004830
  77    0.0000147  -0.00012292
  78    0.0000018  -0.00001139
  79    0.0000117  -0.00006364
  80    0.0000000  -0.00000042
  81    0.0000094  -0.00004205
  82    0.0000086  -0.00004537
  83    0.0000013  -0.00000412
  84    0.0000074  -0.00004913
  85    0.0000000  -0.00000030
 
----------------
 Final Energies 
----------------
Final NOF Total Energy =    -100.3896374
 
Total Orbital Internal Iterations = 560
Total Occupation Internal Iterations = 146
 
Elapsed time:   31.51 Seconds

---------------------------------
   Lowdin Population Analysis    
---------------------------------
 Idx  Atom   Population   Charge 
---------------------------------
  1     F     8.634       0.366
  2     H     1.366      -0.366

---------------------------------
   M Diagnostic: 0.03
---------------------------------

