Computing Integrals
Basis Set                                            = def2-qzvp
Auxiliary Basis Set                                  = def2-universal-jkfit
Gaussian Type                                        = Spherical
Elapsed time:    2.44 Seconds

Number of basis functions                   (NBF)    = 204
Number of auxiliary basis functions         (NBFAUX) = 208
Inactive Doubly occupied orbitals up to     (NO1)    = 0
No. considered Strongly Doubly occupied MOs (NDOC)   = 10
No. considered Strongly Singly occupied MOs (NSOC)   = 0
NO. of Weakly occ. per St. Doubly occ.  MOs (NCWO)   = 19
Dimension of the Nat. Orb. subspace         (NBF5)   = 200
No. of electrons                                     = 20
    No. of alpha electrons                           = 10
    No. of beta electrons                            = 10
Multiplicity                                         = 1

Geometry
========
 F      -0.2051159       1.1919457      -0.6962901
 N      -1.0714682      -0.0091258       1.5027946
 H      -0.6175728      -0.9169838       1.4741486
 H      -0.6009001       0.4868762       2.2535558
 H      -0.7630722       0.4831850       0.6081727

No violations of the orthonormality
No violations of the orthonormality
 
PNOF8/ADABelief Calculation
==================
 
  Nitext  Nit_orb  Time   Nit_occ  Time         Eelec          Etot           Ediff      maxdiff    MaxGrad_orb  Grad_occ
     1      10    1.1e+01   33    1.4e+01  -186.62663348  -156.19435533 -10185.62663348   0.023597   9.4e-02   1.9e-04 0.03
     2      20    3.8e+00   27    2.0e+00  -186.69788655  -156.26560841    -0.07125308   0.102821   4.1e-01   1.9e-04 0.03
     3      20    3.6e+00   36    2.6e+00  -186.71346189  -156.28118374    -0.01557533   0.084433   3.4e-01   1.4e-04 0.02
     4      20    3.3e+00   14    1.2e+00  -186.72781204  -156.29553389    -0.01435015   0.017612   7.0e-02   2.2e-04 0.02
     5      20    3.6e+00   14    1.1e+00  -186.73412126  -156.30184312    -0.00630922   0.020489   8.2e-02   1.9e-04 0.02
     6      20    3.5e+00    6    5.5e-01  -186.73773841  -156.30546026    -0.00361715   0.016653   6.7e-02   2.9e-04 0.02
     7      20    3.4e+00    6    5.9e-01  -186.73902474  -156.30674659    -0.00128633   0.021014   8.4e-02   2.6e-04 0.02
     8      20    3.4e+00   10    8.3e-01  -186.73971355  -156.30743540    -0.00068881   0.018700   7.5e-02   1.9e-04 0.03
     9      20    3.4e+00    5    5.6e-01  -186.74053947  -156.30826132    -0.00082592   0.018296   7.3e-02   1.7e-04 0.03
    10      20    3.5e+00    6    5.6e-01  -186.74077491  -156.30849677    -0.00023545   0.018244   7.3e-02   2.0e-04 0.03
    11      20    3.4e+00   13    1.1e+00  -186.74094026  -156.30866212    -0.00016535   0.016343   6.5e-02   1.5e-04 0.03
    12      20    3.3e+00    0    1.8e-01  -186.74102066  -156.30874251    -0.00008039   0.016343   6.5e-02   1.5e-04 0.03
    13      40    6.7e+00    6    5.9e-01  -186.74414052  -156.31186237    -0.00311986   0.002364   9.5e-03   1.4e-04 0.03
    14      40    6.8e+00    6    5.2e-01  -186.74428019  -156.31200204    -0.00013967   0.003973   1.6e-02   1.3e-04 0.03
    15      40    6.8e+00    6    6.0e-01  -186.74452073  -156.31224258    -0.00024054   0.002495   1.0e-02   1.5e-04 0.03
    16      40    6.9e+00    5    5.3e-01  -186.74464502  -156.31236688    -0.00012429   0.003312   1.3e-02   2.3e-04 0.03
    17      40    7.1e+00    3    3.6e-01  -186.74474640  -156.31246826    -0.00010138   0.002784   1.1e-02   2.2e-04 0.03
    18      40    6.9e+00    0    1.8e-01  -186.74477827  -156.31250013    -0.00003187   0.003412   1.4e-02   2.4e-04 0.03
    19      50    8.6e+00    0    1.3e-01  -186.74482983  -156.31255168    -0.00005155   0.002829   1.1e-02   2.6e-04 0.03
    20      60    1.0e+01    0    1.5e-01  -186.74486252  -156.31258438    -0.00003270   0.001563   6.3e-03   2.9e-04 0.03
    21      70    1.2e+01    5    5.5e-01  -186.74487851  -156.31260036    -0.00001599   0.001207   4.8e-03   1.7e-04 0.03
    22      70    1.2e+01    0    1.8e-01  -186.74491378  -156.31263563    -0.00003527   0.001526   6.1e-03   2.0e-04 0.03
    23      80    1.5e+01    5    5.3e-01  -186.74492099  -156.31264285    -0.00000722   0.001031   4.1e-03   1.5e-04 0.03
    24      80    1.4e+01    0    1.7e-01  -186.74494172  -156.31266357    -0.00002073   0.001258   5.0e-03   1.9e-04 0.03
    25      90    1.6e+01    5    5.9e-01  -186.74494950  -156.31267135    -0.00000778   0.000656   2.6e-03   1.5e-04 0.03
 
RESULTS OF THE OCCUPATION OPTIMIZATION
========================================
   1    1.9999844  -24.27695839
   2    1.9999748  -16.97637574
   3    1.9870633  -1.11961138
   4    1.9850723  -0.92109064
   5    1.9704281  -0.39936334
   6    1.9704790  -0.39753149
   7    1.9809684  -0.35749469
   8    1.9722405  -0.34076070
   9    1.9781259  -0.28550400
  10    1.9758575  -0.27971619
  11    0.0142088  -0.02135006
  12    0.0147999  -0.02159890
  13    0.0210918  -0.02897259
  14    0.0120746  -0.02310216
  15    0.0187156  -0.02303287
  16    0.0188078  -0.02315130
  17    0.0084202  -0.01531014
  18    0.0066017  -0.01577121
  19    0.0000188  -0.00058239
  20    0.0000146  -0.00061835
  21    0.0042552  -0.00891229
  22    0.0044401  -0.00904530
  23    0.0042522  -0.00709447
  24    0.0042184  -0.00900171
  25    0.0048067  -0.00758028
  26    0.0050583  -0.00768143
  27    0.0013094  -0.00490172
  28    0.0036025  -0.00905798
  29    0.0000021  -0.00003072
  30    0.0000006  -0.00004743
  31    0.0041838  -0.00881235
  32    0.0010809  -0.00340789
  33    0.0009153  -0.00222756
  34    0.0010579  -0.00350679
  35    0.0045102  -0.00712310
  36    0.0045570  -0.00727360
  37    0.0012223  -0.00340766
  38    0.0009084  -0.00632856
  39    0.0000017  -0.00000911
  40    0.0000000  -0.00000133
  41    0.0003604  -0.00120968
  42    0.0005676  -0.00215427
  43    0.0006127  -0.00136433
  44    0.0008370  -0.00299086
  45    0.0006233  -0.00131457
  46    0.0005056  -0.00114026
  47    0.0011364  -0.00372696
  48    0.0004057  -0.00274399
  49    0.0000013  -0.00000610
  50    0.0000000  -0.00000086
  51    0.0003198  -0.00107130
  52    0.0003251  -0.00110127
  53    0.0003170  -0.00081176
  54    0.0003186  -0.00108092
  55    0.0003029  -0.00077534
  56    0.0001815  -0.00050213
  57    0.0007010  -0.00167021
  58    0.0003217  -0.00126930
  59    0.0000007  -0.00004988
  60    0.0000000  -0.00000076
  61    0.0003112  -0.00106620
  62    0.0003216  -0.00108097
  63    0.0001886  -0.00052677
  64    0.0003133  -0.00108675
  65    0.0001524  -0.00043671
  66    0.0001012  -0.00030519
  67    0.0006634  -0.00158093
  68    0.0003200  -0.00126132
  69    0.0000002  -0.00001512
  70    0.0000000  -0.00000059
  71    0.0002959  -0.00101934
  72    0.0001283  -0.00087004
  73    0.0001018  -0.00032139
  74    0.0000941  -0.00044568
  75    0.0001069  -0.00030264
  76    0.0000871  -0.00027319
  77    0.0004474  -0.00115645
  78    0.0003011  -0.00113702
  79    0.0000001  -0.00000194
  80    0.0000000  -0.00000047
  81    0.0000738  -0.00020722
  82    0.0000460  -0.00019249
  83    0.0000754  -0.00021559
  84    0.0000273  -0.00013169
  85    0.0000827  -0.00026183
  86    0.0000647  -0.00020445
  87    0.0003551  -0.00094450
  88    0.0002977  -0.00111634
  89    0.0000001  -0.00000152
  90    0.0000000  -0.00000037
  91    0.0000272  -0.00014098
  92    0.0000350  -0.00015687
  93    0.0000614  -0.00019195
  94    0.0000186  -0.00012118
  95    0.0000646  -0.00020297
  96    0.0000517  -0.00015927
  97    0.0003105  -0.00083722
  98    0.0000414  -0.00018600
  99    0.0000000  -0.00000080
 100    0.0000000  -0.00000034
 101    0.0000222  -0.00012684
 102    0.0000267  -0.00012826
 103    0.0000551  -0.00018142
 104    0.0000176  -0.00011335
 105    0.0000525  -0.00016850
 106    0.0000485  -0.00015501
 107    0.0001457  -0.00178458
 108    0.0000240  -0.00014494
 109    0.0000000  -0.00000078
 110    0.0000000  -0.00000029
 111    0.0000177  -0.00010013
 112    0.0000197  -0.00011692
 113    0.0000198  -0.00009478
 114    0.0000170  -0.00011417
 115    0.0000417  -0.00014123
 116    0.0000383  -0.00013228
 117    0.0000499  -0.00018936
 118    0.0000210  -0.00014858
 119    0.0000000  -0.00000070
 120    0.0000000  -0.00000026
 121    0.0000169  -0.00009557
 122    0.0000193  -0.00011475
 123    0.0000146  -0.00007976
 124    0.0000161  -0.00010423
 125    0.0000133  -0.00004769
 126    0.0000174  -0.00006534
 127    0.0000341  -0.00014876
 128    0.0000186  -0.00011308
 129    0.0000000  -0.00000070
 130    0.0000000  -0.00000026
 131    0.0000163  -0.00008823
 132    0.0000184  -0.00011553
 133    0.0000125  -0.00006187
 134    0.0000078  -0.00004815
 135    0.0000120  -0.00004258
 136    0.0000125  -0.00005276
 137    0.0000237  -0.00015280
 138    0.0000178  -0.00011550
 139    0.0000000  -0.00000070
 140    0.0000000  -0.00000023
 141    0.0000142  -0.00007397
 142    0.0000173  -0.00011619
 143    0.0000106  -0.00004489
 144    0.0000029  -0.00001601
 145    0.0000089  -0.00003855
 146    0.0000106  -0.00004262
 147    0.0000219  -0.00015122
 148    0.0000177  -0.00011503
 149    0.0000000  -0.00000051
 150    0.0000000  -0.00000026
 151    0.0000069  -0.00003675
 152    0.0000094  -0.00005216
 153    0.0000089  -0.00004281
 154    0.0000026  -0.00000911
 155    0.0000080  -0.00002427
 156    0.0000099  -0.00004232
 157    0.0000212  -0.00014017
 158    0.0000147  -0.00009850
 159    0.0000000  -0.00000054
 160    0.0000000  -0.00000021
 161    0.0000042  -0.00001922
 162    0.0000064  -0.00003253
 163    0.0000085  -0.00003869
 164    0.0000022  -0.00000654
 165    0.0000066  -0.00001943
 166    0.0000085  -0.00003595
 167    0.0000189  -0.00013091
 168    0.0000101  -0.00007148
 169    0.0000000  -0.00000044
 170    0.0000000  -0.00000024
 171    0.0000031  -0.00001053
 172    0.0000049  -0.00002887
 173    0.0000072  -0.00002524
 174    0.0000021  -0.00000580
 175    0.0000057  -0.00001773
 176    0.0000052  -0.00001851
 177    0.0000168  -0.00012702
 178    0.0000054  -0.00003336
 179    0.0000000  -0.00000047
 180    0.0000000  -0.00000023
 181    0.0000027  -0.00000848
 182    0.0000040  -0.00001987
 183    0.0000034  -0.00001034
 184    0.0000019  -0.00000589
 185    0.0000036  -0.00000783
 186    0.0000035  -0.00000913
 187    0.0000163  -0.00012610
 188    0.0000044  -0.00002951
 189    0.0000000  -0.00000040
 190    0.0000000  -0.00000021
 191    0.0000022  -0.00000543
 192    0.0000034  -0.00001737
 193    0.0000028  -0.00000652
 194    0.0000017  -0.00000468
 195    0.0000033  -0.00000873
 196    0.0000028  -0.00000431
 197    0.0000138  -0.00012726
 198    0.0000028  -0.00001685
 199    0.0000000  -0.00000045
 200    0.0000000  -0.00000024
 
----------------
 Final Energies 
----------------
Final NOF Total Energy =    -156.3126714
 
Total Orbital Internal Iterations = 970
Total Occupation Internal Iterations = 211
 
Elapsed time:  224.70 Seconds

---------------------------------
   Lowdin Population Analysis    
---------------------------------
 Idx  Atom   Population   Charge 
---------------------------------
  1     F     9.704      -0.704
  2     N     6.520       0.480
  3     H     1.234      -0.234
  4     H     1.234      -0.234
  5     H     1.308      -0.308

---------------------------------
   M Diagnostic: 0.03
---------------------------------

