Computing Integrals
Basis Set                                            = def2-qzvp
Auxiliary Basis Set                                  = def2-universal-jkfit
Gaussian Type                                        = Spherical
Elapsed time:    1.73 Seconds

Number of basis functions                   (NBF)    = 144
Number of auxiliary basis functions         (NBFAUX) = 170
Inactive Doubly occupied orbitals up to     (NO1)    = 0
No. considered Strongly Doubly occupied MOs (NDOC)   = 7
No. considered Strongly Singly occupied MOs (NSOC)   = 0
NO. of Weakly occ. per St. Doubly occ.  MOs (NCWO)   = 19
Dimension of the Nat. Orb. subspace         (NBF5)   = 140
No. of electrons                                     = 14
    No. of alpha electrons                           = 7
    No. of beta electrons                            = 7
Multiplicity                                         = 1

Geometry
========
 C       0.3748217       0.5178301       0.0000000
 N       0.3748217      -0.6705221       0.0000000
 H      -0.7496434       0.1526920       0.0000000

No violations of the orthonormality
No violations of the orthonormality
 
PNOF8/ADABelief Calculation
==================
 
  Nitext  Nit_orb  Time   Nit_occ  Time         Eelec          Etot           Ediff      maxdiff    MaxGrad_orb  Grad_occ
     1      10    1.0e+01   43    1.3e+01  -117.15751435   -93.11119424 -10116.15751435   0.022009   8.8e-02   2.2e-04 0.04
     2      20    2.2e+00   32    5.3e-01  -117.27001753   -93.22369743    -0.11250319   0.067553   2.7e-01   1.4e-04 0.04
     3      20    2.4e+00   27    4.3e-01  -117.28661821   -93.24029811    -0.01660068   0.015088   6.0e-02   2.0e-04 0.03
     4      20    2.7e+00   19    2.8e-01  -117.29218218   -93.24586207    -0.00556396   0.017210   6.9e-02   2.5e-04 0.03
     5      20    2.7e+00   16    2.4e-01  -117.29790196   -93.25158185    -0.00571978   0.010254   4.1e-02   1.8e-04 0.03
     6      20    2.5e+00    6    8.7e-02  -117.29848052   -93.25216042    -0.00057856   0.016231   6.5e-02   2.5e-04 0.03
     7      20    2.6e+00   13    2.4e-01  -117.29966263   -93.25334253    -0.00118211   0.011827   4.7e-02   2.0e-04 0.03
     8      20    2.5e+00   11    1.7e-01  -117.30047870   -93.25415860    -0.00081608   0.014172   5.7e-02   1.3e-04 0.03
     9      20    2.6e+00    8    1.7e-01  -117.30071433   -93.25439423    -0.00023563   0.021369   8.5e-02   1.9e-04 0.03
    10      20    2.5e+00    8    1.7e-01  -117.30128056   -93.25496046    -0.00056623   0.014352   5.7e-02   1.6e-04 0.03
    11      20    2.6e+00    0    4.8e-02  -117.30137169   -93.25505159    -0.00009113   0.014352   5.7e-02   1.6e-04 0.03
    12      40    5.0e+00    5    1.5e-01  -117.30274112   -93.25642102    -0.00136942   0.001104   4.4e-03   1.9e-04 0.03
    13      40    5.0e+00    5    1.2e-01  -117.30291229   -93.25659219    -0.00017118   0.002647   1.1e-02   1.7e-04 0.03
    14      40    5.0e+00    5    1.3e-01  -117.30307805   -93.25675795    -0.00016576   0.002266   9.1e-03   1.5e-04 0.03
    15      40    5.0e+00    5    1.7e-01  -117.30319224   -93.25687214    -0.00011419   0.002683   1.1e-02   1.6e-04 0.03
    16      40    5.4e+00    5    2.2e-01  -117.30326751   -93.25694741    -0.00007527   0.003330   1.3e-02   1.5e-04 0.03
    17      40    5.0e+00    3    8.1e-02  -117.30331992   -93.25699982    -0.00005242   0.002720   1.1e-02   1.8e-04 0.03
    18      40    4.8e+00    0    3.9e-02  -117.30333792   -93.25701781    -0.00001799   0.002310   9.2e-03   1.9e-04 0.03
    19      50    6.7e+00    1    3.9e-02  -117.30336926   -93.25704916    -0.00003135   0.001547   6.2e-03   2.3e-04 0.03
    20      50    7.4e+00    0    2.5e-02  -117.30337139   -93.25705128    -0.00000213   0.001993   8.0e-03   2.1e-04 0.03
    21      60    7.4e+00    0    4.6e-02  -117.30339394   -93.25707384    -0.00002255   0.000764   3.1e-03   2.1e-04 0.03
 
RESULTS OF THE OCCUPATION OPTIMIZATION
========================================
   1    1.9999420  -14.33732904
   2    1.9999370  -12.62472800
   3    1.9838321  -1.21639171
   4    1.9773463  -0.81076225
   5    1.9724676  -0.62177403
   6    1.9638103  -0.57353115
   7    1.9637957  -0.57346161
   8    0.0318591  -0.03993958
   9    0.0318358  -0.03992110
  10    0.0154615  -0.02300623
  11    0.0124893  -0.02355893
  12    0.0054940  -0.01458385
  13    0.0000433  -0.00092859
  14    0.0000502  -0.00121625
  15    0.0034354  -0.00604813
  16    0.0034139  -0.00599675
  17    0.0046748  -0.00882414
  18    0.0044327  -0.01028145
  19    0.0024125  -0.00564491
  20    0.0000067  -0.00013516
  21    0.0000020  -0.00002189
  22    0.0003096  -0.00074865
  23    0.0003100  -0.00072984
  24    0.0039742  -0.00698642
  25    0.0028665  -0.00631920
  26    0.0016773  -0.00461250
  27    0.0000050  -0.00009764
  28    0.0000020  -0.00002169
  29    0.0003021  -0.00070756
  30    0.0002610  -0.00064934
  31    0.0010461  -0.00222036
  32    0.0005899  -0.00200953
  33    0.0014400  -0.00394005
  34    0.0000038  -0.00004848
  35    0.0000016  -0.00003364
  36    0.0000994  -0.00028665
  37    0.0001037  -0.00031647
  38    0.0009822  -0.00217488
  39    0.0005398  -0.00210827
  40    0.0013429  -0.00446357
  41    0.0000030  -0.00002920
  42    0.0000015  -0.00007279
  43    0.0000651  -0.00021864
  44    0.0000878  -0.00024463
  45    0.0005306  -0.00145371
  46    0.0004613  -0.00126622
  47    0.0012596  -0.00545435
  48    0.0000002  -0.00002928
  49    0.0000001  -0.00000331
  50    0.0000332  -0.00010095
  51    0.0000499  -0.00017017
  52    0.0002927  -0.00080940
  53    0.0003889  -0.00132886
  54    0.0008364  -0.00288293
  55    0.0000002  -0.00000602
  56    0.0000001  -0.00000282
  57    0.0000183  -0.00008842
  58    0.0000282  -0.00009500
  59    0.0001637  -0.00044281
  60    0.0002735  -0.00076264
  61    0.0004911  -0.00331915
  62    0.0000001  -0.00000285
  63    0.0000001  -0.00000095
  64    0.0000163  -0.00006076
  65    0.0000198  -0.00008961
  66    0.0001148  -0.00031521
  67    0.0001552  -0.00050912
  68    0.0002597  -0.00103495
  69    0.0000001  -0.00000244
  70    0.0000000  -0.00000063
  71    0.0000113  -0.00005025
  72    0.0000136  -0.00005296
  73    0.0000891  -0.00032963
  74    0.0001398  -0.00042288
  75    0.0002074  -0.00071509
  76    0.0000001  -0.00000199
  77    0.0000000  -0.00000056
  78    0.0000098  -0.00004402
  79    0.0000103  -0.00004918
  80    0.0000499  -0.00016345
  81    0.0001055  -0.00034842
  82    0.0001870  -0.00073357
  83    0.0000001  -0.00000203
  84    0.0000000  -0.00000054
  85    0.0000079  -0.00004083
  86    0.0000093  -0.00004479
  87    0.0000339  -0.00014046
  88    0.0000619  -0.00021433
  89    0.0001528  -0.00051984
  90    0.0000001  -0.00000173
  91    0.0000000  -0.00000033
  92    0.0000075  -0.00003555
  93    0.0000087  -0.00003942
  94    0.0000279  -0.00010714
  95    0.0000319  -0.00012619
  96    0.0001092  -0.00036844
  97    0.0000001  -0.00000136
  98    0.0000000  -0.00000041
  99    0.0000065  -0.00003423
 100    0.0000083  -0.00003835
 101    0.0000244  -0.00010736
 102    0.0000250  -0.00010877
 103    0.0000925  -0.00033541
 104    0.0000001  -0.00000129
 105    0.0000000  -0.00000036
 106    0.0000055  -0.00002862
 107    0.0000071  -0.00003594
 108    0.0000195  -0.00008774
 109    0.0000225  -0.00010292
 110    0.0000804  -0.00033334
 111    0.0000001  -0.00000126
 112    0.0000000  -0.00000040
 113    0.0000051  -0.00002530
 114    0.0000068  -0.00003463
 115    0.0000143  -0.00006829
 116    0.0000206  -0.00009366
 117    0.0000390  -0.00015518
 118    0.0000001  -0.00000100
 119    0.0000000  -0.00000030
 120    0.0000042  -0.00001950
 121    0.0000058  -0.00003022
 122    0.0000135  -0.00006404
 123    0.0000181  -0.00008364
 124    0.0000322  -0.00013382
 125    0.0000001  -0.00000105
 126    0.0000000  -0.00000032
 127    0.0000041  -0.00001731
 128    0.0000052  -0.00002645
 129    0.0000116  -0.00005710
 130    0.0000168  -0.00007316
 131    0.0000278  -0.00013093
 132    0.0000001  -0.00000091
 133    0.0000000  -0.00000024
 134    0.0000040  -0.00001792
 135    0.0000046  -0.00001854
 136    0.0000077  -0.00004631
 137    0.0000147  -0.00006200
 138    0.0000262  -0.00011891
 139    0.0000001  -0.00000081
 140    0.0000000  -0.00000026
 
----------------
 Final Energies 
----------------
Final NOF Total Energy =     -93.2570738
 
Total Orbital Internal Iterations = 650
Total Occupation Internal Iterations = 212
 
Elapsed time:  117.92 Seconds

---------------------------------
   Lowdin Population Analysis    
---------------------------------
 Idx  Atom   Population   Charge 
---------------------------------
  1     C     6.104      -0.104
  2     N     6.754       0.246
  3     H     1.142      -0.142

---------------------------------
   M Diagnostic: 0.03
---------------------------------

