Computing Integrals
Basis Set                                            = def2-qzvp
Auxiliary Basis Set                                  = def2-universal-jkfit
Gaussian Type                                        = Spherical
Elapsed time:    1.81 Seconds

Number of basis functions                   (NBF)    = 144
Number of auxiliary basis functions         (NBFAUX) = 172
Inactive Doubly occupied orbitals up to     (NO1)    = 0
No. considered Strongly Doubly occupied MOs (NDOC)   = 7
No. considered Strongly Singly occupied MOs (NSOC)   = 1
NO. of Weakly occ. per St. Doubly occ.  MOs (NCWO)   = 19
Dimension of the Nat. Orb. subspace         (NBF5)   = 141
No. of electrons                                     = 15
    No. of alpha electrons                           = 8
    No. of beta electrons                            = 7
Multiplicity                                         = 2

Geometry
========
 N      -0.3122125       0.9410567       0.0000000
 N      -0.3122125      -0.2371448       0.0000000
 H       0.6244249      -0.7039119       0.0000000

No violations of the orthonormality
No violations of the orthonormality
 
PNOF8/ADABelief Calculation
==================
 
  Nitext  Nit_orb  Time   Nit_occ  Time         Eelec          Etot           Ediff      maxdiff    MaxGrad_orb  Grad_occ
     1      10    1.0e+01   56    1.3e+01  -137.33035602  -109.82603828 -10136.33035602   0.023722   9.5e-02   1.9e-04 0.04
     2      20    2.4e+00   26    4.6e-01  -137.40241029  -109.89809255    -0.07205427   0.201773   8.1e-01   1.9e-04 0.04
     3      20    2.7e+00   15    2.9e-01  -137.42304125  -109.91872352    -0.02063096   0.011677   4.7e-02   2.4e-04 0.04
     4      20    2.7e+00   15    3.0e-01  -137.42700161  -109.92268387    -0.00396036   0.017004   6.8e-02   2.1e-04 0.04
     5      20    2.7e+00   12    2.4e-01  -137.43037002  -109.92605228    -0.00336841   0.018139   7.3e-02   2.2e-04 0.04
     6      20    2.6e+00    6    1.0e-01  -137.43093078  -109.92661304    -0.00056076   0.014271   5.7e-02   2.6e-04 0.04
     7      20    2.4e+00   12    2.0e-01  -137.43249429  -109.92817656    -0.00156351   0.021476   8.6e-02   2.1e-04 0.04
     8      20    2.6e+00    7    1.5e-01  -137.43280312  -109.92848538    -0.00030883   0.025218   1.0e-01   2.2e-04 0.04
     9      20    2.5e+00    6    1.4e-01  -137.43445420  -109.93013646    -0.00165108   0.015574   6.2e-02   2.4e-04 0.04
    10      20    2.6e+00    5    1.0e-01  -137.43476054  -109.93044280    -0.00030634   0.020273   8.1e-02   1.8e-04 0.04
    11      20    2.6e+00    6    1.1e-01  -137.43520836  -109.93089062    -0.00044782   0.016767   6.7e-02   1.9e-04 0.04
    12      20    2.9e+00    6    1.7e-01  -137.43577836  -109.93146063    -0.00057001   0.017109   6.8e-02   1.8e-04 0.04
    13      20    3.5e+00    3    1.4e-01  -137.43586270  -109.93154497    -0.00008434   0.012352   4.9e-02   2.2e-04 0.04
    14      20    3.5e+00    0    5.8e-02  -137.43587663  -109.93155889    -0.00001393   0.012352   4.9e-02   2.2e-04 0.04
    15      40    6.3e+00    6    1.7e-01  -137.43725326  -109.93293552    -0.00137663   0.001408   5.6e-03   1.9e-04 0.04
    16      40    6.8e+00    1    9.7e-02  -137.43727440  -109.93295667    -0.00002114   0.003597   1.4e-02   1.8e-04 0.04
    17      40    6.7e+00    6    1.8e-01  -137.43732671  -109.93300898    -0.00005231   0.002620   1.0e-02   2.1e-04 0.04
    18      40    6.2e+00    1    1.0e-01  -137.43738094  -109.93306320    -0.00005423   0.002955   1.2e-02   1.4e-04 0.04
    19      40    6.4e+00    0    7.1e-02  -137.43738800  -109.93307026    -0.00000706   0.003157   1.3e-02   1.9e-04 0.04
    20      50    7.4e+00    0    5.4e-02  -137.43742905  -109.93311132    -0.00004105   0.002400   9.6e-03   1.9e-04 0.04
    21      60    9.6e+00    3    7.6e-02  -137.43745108  -109.93313335    -0.00002203   0.001719   6.9e-03   1.7e-04 0.04
    22      60    9.2e+00    0    2.1e-02  -137.43746781  -109.93315007    -0.00001673   0.001966   7.9e-03   2.2e-04 0.04
    23      70    1.0e+01    1    1.1e-01  -137.43748567  -109.93316793    -0.00001786   0.001585   6.3e-03   2.5e-04 0.04
    24      70    1.1e+01    5    1.7e-01  -137.43749372  -109.93317598    -0.00000805   0.001301   5.2e-03   1.4e-04 0.04
    25      70    1.1e+01    1    4.3e-02  -137.43751926  -109.93320152    -0.00002554   0.001858   7.4e-03   1.6e-04 0.04
    26      70    9.6e+00    0    5.6e-02  -137.43752085  -109.93320312    -0.00000159   0.001668   6.7e-03   1.8e-04 0.04
    27      80    1.2e+01    5    2.0e-01  -137.43753014  -109.93321240    -0.00000928   0.001195   4.8e-03   1.3e-04 0.04
    28      80    1.2e+01    1    4.1e-02  -137.43755289  -109.93323516    -0.00002276   0.001438   5.8e-03   1.8e-04 0.04
    29      80    1.1e+01    0    9.3e-02  -137.43755335  -109.93323561    -0.00000045   0.001438   5.8e-03   1.8e-04 0.04
    30      53    6.9e+00    0    6.6e-02  -137.43756348  -109.93324574    -0.00001013   0.000488   2.0e-03   1.5e-04 0.04
 
RESULTS OF THE OCCUPATION OPTIMIZATION
========================================
   1    1.9999518  -15.65988391
   2    1.9999443  -15.65552105
   3    1.9812509  -1.19830032
   4    1.9760797  -0.98480496
   5    1.9701782  -0.78381842
   6    1.9757780  -0.66913019
   7    1.9587588  -0.59224883
   8    1.0000000  -0.23158879
   9    0.0379125  -0.05002485
  10    0.0066106  -0.01319203
  11    0.0216861  -0.02860563
  12    0.0184052  -0.03456056
  13    0.0067522  -0.01676236
  14    0.0000428  -0.00116123
  15    0.0000365  -0.00099358
  16    0.0029702  -0.00568432
  17    0.0051668  -0.01026769
  18    0.0042790  -0.00711991
  19    0.0030695  -0.00716977
  20    0.0034513  -0.00764614
  21    0.0000038  -0.00008626
  22    0.0000050  -0.00009187
  23    0.0001759  -0.00046927
  24    0.0045634  -0.00887140
  25    0.0018635  -0.00360857
  26    0.0005687  -0.00212344
  27    0.0016957  -0.00427778
  28    0.0000034  -0.00004686
  29    0.0000025  -0.00004181
  30    0.0000578  -0.00019911
  31    0.0037790  -0.00701956
  32    0.0009276  -0.00235282
  33    0.0005167  -0.00303013
  34    0.0016080  -0.00489614
  35    0.0000024  -0.00007514
  36    0.0000023  -0.00003279
  37    0.0000158  -0.00006800
  38    0.0013252  -0.00379076
  39    0.0002554  -0.00071774
  40    0.0002919  -0.00090579
  41    0.0014985  -0.00615069
  42    0.0000020  -0.00002252
  43    0.0000011  -0.00004127
  44    0.0000129  -0.00005861
  45    0.0006535  -0.00214105
  46    0.0001825  -0.00052450
  47    0.0002769  -0.00085122
  48    0.0014487  -0.00355025
  49    0.0000002  -0.00003055
  50    0.0000001  -0.00000431
  51    0.0000113  -0.00005668
  52    0.0005063  -0.00136329
  53    0.0001462  -0.00043062
  54    0.0002340  -0.00070851
  55    0.0005793  -0.00205372
  56    0.0000002  -0.00002206
  57    0.0000001  -0.00000283
  58    0.0000104  -0.00005555
  59    0.0004463  -0.00112616
  60    0.0001317  -0.00043423
  61    0.0001589  -0.00054530
  62    0.0005445  -0.00337856
  63    0.0000001  -0.00000414
  64    0.0000001  -0.00000195
  65    0.0000096  -0.00004473
  66    0.0003423  -0.00114199
  67    0.0001075  -0.00037876
  68    0.0001245  -0.00050125
  69    0.0003009  -0.00103000
  70    0.0000001  -0.00000326
  71    0.0000001  -0.00000192
  72    0.0000095  -0.00004576
  73    0.0002873  -0.00131516
  74    0.0000520  -0.00023066
  75    0.0000888  -0.00035593
  76    0.0002121  -0.00073678
  77    0.0000001  -0.00000229
  78    0.0000001  -0.00000138
  79    0.0000084  -0.00004257
  80    0.0001654  -0.00051599
  81    0.0000411  -0.00016024
  82    0.0000400  -0.00015931
  83    0.0001703  -0.00061371
  84    0.0000001  -0.00000181
  85    0.0000000  -0.00000069
  86    0.0000075  -0.00004164
  87    0.0001501  -0.00046565
  88    0.0000345  -0.00013546
  89    0.0000268  -0.00013369
  90    0.0001284  -0.00049118
  91    0.0000001  -0.00000152
  92    0.0000000  -0.00000064
  93    0.0000071  -0.00003678
  94    0.0000853  -0.00030947
  95    0.0000259  -0.00011732
  96    0.0000254  -0.00011956
  97    0.0001059  -0.00038511
  98    0.0000001  -0.00000140
  99    0.0000000  -0.00000069
 100    0.0000070  -0.00003864
 101    0.0000405  -0.00017467
 102    0.0000206  -0.00009963
 103    0.0000186  -0.00009825
 104    0.0000902  -0.00038405
 105    0.0000001  -0.00000117
 106    0.0000000  -0.00000061
 107    0.0000061  -0.00003522
 108    0.0000265  -0.00013713
 109    0.0000179  -0.00008844
 110    0.0000168  -0.00008709
 111    0.0000562  -0.00026826
 112    0.0000001  -0.00000094
 113    0.0000000  -0.00000044
 114    0.0000057  -0.00003320
 115    0.0000243  -0.00012566
 116    0.0000142  -0.00006809
 117    0.0000164  -0.00009235
 118    0.0000372  -0.00015606
 119    0.0000001  -0.00000087
 120    0.0000000  -0.00000055
 121    0.0000046  -0.00003059
 122    0.0000201  -0.00010020
 123    0.0000136  -0.00006668
 124    0.0000146  -0.00007391
 125    0.0000274  -0.00013849
 126    0.0000000  -0.00000065
 127    0.0000000  -0.00000038
 128    0.0000045  -0.00002919
 129    0.0000153  -0.00007185
 130    0.0000123  -0.00006112
 131    0.0000141  -0.00007262
 132    0.0000256  -0.00011701
 133    0.0000000  -0.00000030
 134    0.0000000  -0.00000032
 135    0.0000043  -0.00002150
 136    0.0000137  -0.00006808
 137    0.0000103  -0.00005837
 138    0.0000126  -0.00006768
 139    0.0000165  -0.00008524
 140    0.0000000  -0.00000034
 141    0.0000000  -0.00000025
 
----------------
 Final Energies 
----------------
Final NOF Total Energy =    -109.9332457
 
Total Orbital Internal Iterations = 1213
Total Occupation Internal Iterations = 205
 
Elapsed time:  216.75 Seconds

---------------------------------
   Lowdin Population Analysis    
---------------------------------
 Idx  Atom   Population   Charge 
---------------------------------
  1     N     6.950       0.050
  2     N     6.845       0.155
  3     H     1.206      -0.206

---------------------------------
   M Diagnostic: 0.04
---------------------------------

