Computing Integrals
Basis Set                                            = def2-qzvp
Auxiliary Basis Set                                  = def2-universal-jkfit
Gaussian Type                                        = Spherical
Elapsed time:    1.61 Seconds

Number of basis functions                   (NBF)    = 100
Number of auxiliary basis functions         (NBFAUX) = 146
Inactive Doubly occupied orbitals up to     (NO1)    = 0
No. considered Strongly Doubly occupied MOs (NDOC)   = 7
No. considered Strongly Singly occupied MOs (NSOC)   = 1
NO. of Weakly occ. per St. Doubly occ.  MOs (NCWO)   = 13
Dimension of the Nat. Orb. subspace         (NBF5)   = 99
No. of electrons                                     = 15
    No. of alpha electrons                           = 8
    No. of beta electrons                            = 7
Multiplicity                                         = 2

Geometry
========
Si       0.0000000       0.0000000       0.7671269
 H       0.0000000       0.0000000      -0.7671269

No violations of the orthonormality
No violations of the orthonormality
 
PNOF8/ADABelief Calculation
==================
 
  Nitext  Nit_orb  Time   Nit_occ  Time         Eelec          Etot           Ediff      maxdiff    MaxGrad_orb  Grad_occ
     1      10    9.6e+00    0    1.2e+01  -294.62050788  -289.79179829 -10293.62050788   0.000486   1.9e-03   1.8e-04 0.03
 
RESULTS OF THE OCCUPATION OPTIMIZATION
========================================
   1    1.9999988  -68.85658605
   2    1.9997531  -6.18686762
   3    1.9960446  -4.27929529
   4    1.9954930  -4.27553100
   5    1.9949671  -4.27327945
   6    1.9744304  -0.60040605
   7    1.9638494  -0.44479281
   8    1.0000000  -0.15548939
   9    0.0185072  -0.02346576
  10    0.0116278  -0.02253563
  11    0.0034467  -0.02250082
  12    0.0019349  -0.01283384
  13    0.0020469  -0.01427243
  14    0.0002409  -0.00258407
  15    0.0000007  -0.00000662
  16    0.0054493  -0.00688887
  17    0.0070183  -0.02170609
  18    0.0013864  -0.00970210
  19    0.0016636  -0.01069767
  20    0.0014762  -0.00955635
  21    0.0000052  -0.00053467
  22    0.0000001  -0.00000201
  23    0.0052483  -0.00675897
  24    0.0028014  -0.00864902
  25    0.0000830  -0.00115307
  26    0.0008035  -0.01029972
  27    0.0002815  -0.00209126
  28    0.0000002  -0.00000354
  29    0.0000001  -0.00000172
  30    0.0036020  -0.00428953
  31    0.0021803  -0.00732886
  32    0.0000566  -0.00026666
  33    0.0000326  -0.00020228
  34    0.0000918  -0.00193120
  35    0.0000001  -0.00000170
  36    0.0000001  -0.00000121
  37    0.0011681  -0.00163223
  38    0.0005228  -0.00109959
  39    0.0000202  -0.00058358
  40    0.0000195  -0.00013550
  41    0.0000196  -0.00030140
  42    0.0000001  -0.00000143
  43    0.0000001  -0.00000122
  44    0.0009417  -0.00172085
  45    0.0005213  -0.00116289
  46    0.0000133  -0.00017232
  47    0.0000145  -0.00010344
  48    0.0000101  -0.00006433
  49    0.0000001  -0.00000136
  50    0.0000000  -0.00000069
  51    0.0004034  -0.00068565
  52    0.0002330  -0.00050599
  53    0.0000058  -0.00003960
  54    0.0000084  -0.00005211
  55    0.0000074  -0.00004353
  56    0.0000001  -0.00000096
  57    0.0000000  -0.00000023
  58    0.0002038  -0.00033251
  59    0.0001855  -0.00045772
  60    0.0000051  -0.00003551
  61    0.0000080  -0.00005313
  62    0.0000055  -0.00003467
  63    0.0000001  -0.00000091
  64    0.0000000  -0.00000023
  65    0.0001660  -0.00029629
  66    0.0001470  -0.00034725
  67    0.0000047  -0.00002895
  68    0.0000068  -0.00004271
  69    0.0000050  -0.00003333
  70    0.0000001  -0.00000087
  71    0.0000000  -0.00000019
  72    0.0001496  -0.00025632
  73    0.0001252  -0.00030050
  74    0.0000045  -0.00002841
  75    0.0000049  -0.00002963
  76    0.0000037  -0.00006038
  77    0.0000000  -0.00000082
  78    0.0000000  -0.00000010
  79    0.0001322  -0.00024973
  80    0.0000845  -0.00024602
  81    0.0000036  -0.00002087
  82    0.0000045  -0.00002774
  83    0.0000033  -0.00002260
  84    0.0000000  -0.00000071
  85    0.0000000  -0.00000009
  86    0.0001005  -0.00018722
  87    0.0000681  -0.00020351
  88    0.0000020  -0.00001468
  89    0.0000042  -0.00002604
  90    0.0000023  -0.00001714
  91    0.0000000  -0.00000034
  92    0.0000000  -0.00000011
  93    0.0000783  -0.00013779
  94    0.0000543  -0.00016268
  95    0.0000010  -0.00000820
  96    0.0000016  -0.00001515
  97    0.0000022  -0.00001469
  98    0.0000000  -0.00000025
  99    0.0000000  -0.00000003
 
----------------
 Final Energies 
----------------
Final NOF Total Energy =    -289.7917983
 
Total Orbital Internal Iterations = 10
Total Occupation Internal Iterations = 0
 
Elapsed time:   27.50 Seconds

---------------------------------
   Lowdin Population Analysis    
---------------------------------
 Idx  Atom   Population   Charge 
---------------------------------
  1    Si    13.777       0.223
  2     H     1.223      -0.223

---------------------------------
   M Diagnostic: 0.03
---------------------------------

