Computing Integrals
Basis Set                                            = def2-qzvp
Auxiliary Basis Set                                  = def2-universal-jkfit
Gaussian Type                                        = Spherical
Elapsed time:    2.42 Seconds

Number of basis functions                   (NBF)    = 190
Number of auxiliary basis functions         (NBFAUX) = 200
Inactive Doubly occupied orbitals up to     (NO1)    = 0
No. considered Strongly Doubly occupied MOs (NDOC)   = 9
No. considered Strongly Singly occupied MOs (NSOC)   = 0
NO. of Weakly occ. per St. Doubly occ.  MOs (NCWO)   = 20
Dimension of the Nat. Orb. subspace         (NBF5)   = 189
No. of electrons                                     = 18
    No. of alpha electrons                           = 9
    No. of beta electrons                            = 9
Multiplicity                                         = 1

Geometry
========
Si       0.0000000       0.0000000       0.0000000
 H       0.8571217      -0.8571217       0.8571217
 H      -0.8571217       0.8571217       0.8571217
 H      -0.8571217      -0.8571217      -0.8571217
 H       0.8571217       0.8571217      -0.8571217

No violations of the orthonormality
No violations of the orthonormality
 
PNOF8/ADABelief Calculation
==================
 
  Nitext  Nit_orb  Time   Nit_occ  Time         Eelec          Etot           Ediff      maxdiff    MaxGrad_orb  Grad_occ
     1      10    1.1e+01   40    1.4e+01  -312.85231021  -291.58150347 -10311.85231021   0.014725   5.9e-02   1.8e-04 0.03
     2      20    3.2e+00   13    7.1e-01  -312.93282687  -291.66202013    -0.08051665   0.128252   5.1e-01   2.2e-04 0.03
     3      20    3.1e+00   16    7.9e-01  -312.95353698  -291.68273024    -0.02071011   0.013259   5.3e-02   2.6e-04 0.03
     4      20    3.2e+00   20    9.8e-01  -312.96113062  -291.69032388    -0.00759364   0.028438   1.1e-01   1.7e-04 0.02
     5      20    3.1e+00   15    8.0e-01  -312.96566580  -291.69485906    -0.00453519   0.035945   1.4e-01   1.7e-04 0.02
     6      20    3.1e+00   12    6.2e-01  -312.96710674  -291.69630000    -0.00144094   0.061284   2.5e-01   1.8e-04 0.02
     7      20    3.2e+00    9    4.6e-01  -312.97023084  -291.69942410    -0.00312410   0.039775   1.6e-01   2.3e-04 0.02
     8      20    3.4e+00   12    6.2e-01  -312.97179887  -291.70099213    -0.00156803   0.033386   1.3e-01   1.8e-04 0.02
     9      20    3.2e+00   12    6.1e-01  -312.97296674  -291.70216000    -0.00116786   0.034120   1.4e-01   1.6e-04 0.02
    10      20    3.2e+00   12    6.6e-01  -312.97386957  -291.70306283    -0.00090284   0.033573   1.3e-01   1.5e-04 0.02
    11      20    3.1e+00   13    7.0e-01  -312.97411398  -291.70330724    -0.00024440   0.027633   1.1e-01   2.0e-04 0.02
    12      20    3.2e+00   15    8.0e-01  -312.97501769  -291.70421095    -0.00090371   0.028133   1.1e-01   1.5e-04 0.02
    13      20    3.1e+00    0    9.6e-02  -312.97515653  -291.70434979    -0.00013884   0.028133   1.1e-01   1.5e-04 0.02
    14      40    6.2e+00    6    3.5e-01  -312.97774666  -291.70693992    -0.00259013   0.002362   9.4e-03   2.1e-04 0.02
    15      40    6.5e+00    8    4.3e-01  -312.97800501  -291.70719827    -0.00025835   0.004531   1.8e-02   2.0e-04 0.02
    16      40    6.5e+00    8    4.8e-01  -312.97834968  -291.70754294    -0.00034467   0.003165   1.3e-02   1.4e-04 0.02
    17      40    6.2e+00    8    4.8e-01  -312.97859592  -291.70778918    -0.00024624   0.003484   1.4e-02   1.4e-04 0.02
    18      40    6.6e+00    6    4.0e-01  -312.97883527  -291.70802853    -0.00023935   0.004550   1.8e-02   2.1e-04 0.02
    19      40    6.6e+00    6    3.4e-01  -312.97903421  -291.70822747    -0.00019893   0.006949   2.8e-02   2.4e-04 0.02
    20      40    6.4e+00    6    3.6e-01  -312.97924449  -291.70843775    -0.00021028   0.003572   1.4e-02   2.4e-04 0.02
    21      40    6.3e+00    8    4.1e-01  -312.97938523  -291.70857849    -0.00014074   0.004487   1.8e-02   1.6e-04 0.02
    22      40    6.2e+00    3    1.9e-01  -312.97951764  -291.70871090    -0.00013241   0.006064   2.4e-02   1.8e-04 0.02
    23      40    6.1e+00    9    5.2e-01  -312.97958538  -291.70877865    -0.00006774   0.003725   1.5e-02   1.1e-04 0.02
    24      40    6.2e+00    3    2.5e-01  -312.97966164  -291.70885490    -0.00007626   0.003995   1.6e-02   1.7e-04 0.02
    25      40    6.3e+00    4    3.1e-01  -312.97968977  -291.70888303    -0.00002813   0.003738   1.5e-02   1.7e-04 0.02
    26      40    6.4e+00    2    2.3e-01  -312.97971544  -291.70890870    -0.00002568   0.004120   1.6e-02   2.5e-04 0.02
    27      40    6.2e+00    8    4.8e-01  -312.97973370  -291.70892696    -0.00001826   0.004021   1.6e-02   1.3e-04 0.02
    28      40    7.1e+00    0    9.3e-02  -312.97980283  -291.70899609    -0.00006913   0.004215   1.7e-02   2.2e-04 0.02
    29      50    8.2e+00    3    2.5e-01  -312.97986550  -291.70905876    -0.00006267   0.002897   1.2e-02   1.7e-04 0.02
    30      50    7.7e+00    3    2.5e-01  -312.97988521  -291.70907847    -0.00001971   0.003493   1.4e-02   1.8e-04 0.02
    31      50    7.8e+00    3    2.2e-01  -312.97991577  -291.70910904    -0.00003056   0.003431   1.4e-02   1.6e-04 0.02
    32      50    8.0e+00    3    2.5e-01  -312.97994415  -291.70913741    -0.00002838   0.003643   1.5e-02   1.4e-04 0.02
    33      50    7.9e+00    3    2.5e-01  -312.97996865  -291.70916191    -0.00002450   0.002751   1.1e-02   1.3e-04 0.02
    34      50    8.0e+00    3    2.0e-01  -312.97999287  -291.70918613    -0.00002422   0.003668   1.5e-02   1.3e-04 0.02
    35      50    7.9e+00    3    2.6e-01  -312.98002529  -291.70921855    -0.00003242   0.002863   1.1e-02   1.4e-04 0.02
    36      50    7.8e+00    3    2.0e-01  -312.98003816  -291.70923142    -0.00001287   0.003123   1.2e-02   1.5e-04 0.02
    37      50    7.7e+00    0    9.9e-02  -312.98004565  -291.70923891    -0.00000749   0.003123   1.2e-02   1.5e-04 0.02
    38      63    9.8e+00    0    1.3e-01  -312.98011330  -291.70930656    -0.00006765   0.000500   2.0e-03   1.9e-04 0.02
 
RESULTS OF THE OCCUPATION OPTIMIZATION
========================================
   1    1.9999987  -68.82570883
   2    1.9997644  -6.15062676
   3    1.9968332  -4.24886780
   4    1.9963049  -4.24758514
   5    1.9960387  -4.24626352
   6    1.9784082  -0.73135046
   7    1.9730052  -0.51501271
   8    1.9738094  -0.51472038
   9    1.9741813  -0.51324144
  10    0.0147657  -0.02349389
  11    0.0149196  -0.02358733
  12    0.0143917  -0.02309961
  13    0.0122795  -0.02399239
  14    0.0018387  -0.01359695
  15    0.0019032  -0.01646963
  16    0.0018480  -0.01181713
  17    0.0002261  -0.00331227
  18    0.0000009  -0.00000944
  19    0.0052136  -0.00863992
  20    0.0052526  -0.00862197
  21    0.0050956  -0.00836968
  22    0.0047227  -0.00980295
  23    0.0010874  -0.00817457
  24    0.0017470  -0.01156754
  25    0.0010657  -0.00746436
  26    0.0000088  -0.00047438
  27    0.0000001  -0.00000080
  28    0.0021405  -0.00477223
  29    0.0022385  -0.00465603
  30    0.0049776  -0.00801298
  31    0.0022472  -0.00695247
  32    0.0009718  -0.00717163
  33    0.0000220  -0.00043533
  34    0.0001873  -0.00262160
  35    0.0000001  -0.00000085
  36    0.0000000  -0.00000055
  37    0.0014188  -0.00225128
  38    0.0014736  -0.00232604
  39    0.0014147  -0.00228999
  40    0.0008261  -0.00162642
  41    0.0000375  -0.00054348
  42    0.0000156  -0.00006712
  43    0.0000512  -0.00093480
  44    0.0000001  -0.00000055
  45    0.0000000  -0.00000029
  46    0.0009142  -0.00161797
  47    0.0009554  -0.00166359
  48    0.0003598  -0.00077277
  49    0.0003526  -0.00090803
  50    0.0000182  -0.00014288
  51    0.0000014  -0.00001278
  52    0.0000038  -0.00031852
  53    0.0000000  -0.00000039
  54    0.0000000  -0.00000027
  55    0.0003419  -0.00077094
  56    0.0003656  -0.00078576
  57    0.0001435  -0.00031088
  58    0.0003006  -0.00084515
  59    0.0000020  -0.00001517
  60    0.0000011  -0.00001125
  61    0.0000022  -0.00001940
  62    0.0000000  -0.00000032
  63    0.0000000  -0.00000017
  64    0.0002511  -0.00046305
  65    0.0002703  -0.00051584
  66    0.0001289  -0.00027535
  67    0.0002442  -0.00067871
  68    0.0000009  -0.00000882
  69    0.0000011  -0.00001068
  70    0.0000016  -0.00001358
  71    0.0000000  -0.00000028
  72    0.0000000  -0.00000016
  73    0.0001733  -0.00038825
  74    0.0001464  -0.00033920
  75    0.0000888  -0.00020966
  76    0.0001735  -0.00056005
  77    0.0000008  -0.00000912
  78    0.0000005  -0.00000552
  79    0.0000011  -0.00001129
  80    0.0000000  -0.00000023
  81    0.0000000  -0.00000017
  82    0.0001376  -0.00029273
  83    0.0001445  -0.00031165
  84    0.0000812  -0.00018752
  85    0.0000870  -0.00022518
  86    0.0000006  -0.00000791
  87    0.0000004  -0.00000374
  88    0.0000009  -0.00000875
  89    0.0000000  -0.00000019
  90    0.0000000  -0.00000017
  91    0.0000984  -0.00019621
  92    0.0001117  -0.00025856
  93    0.0000643  -0.00016607
  94    0.0000755  -0.00019357
  95    0.0000005  -0.00000617
  96    0.0000004  -0.00000316
  97    0.0000008  -0.00000876
  98    0.0000000  -0.00000022
  99    0.0000000  -0.00000015
 100    0.0000824  -0.00020154
 101    0.0000847  -0.00019067
 102    0.0000517  -0.00014463
 103    0.0000636  -0.00018300
 104    0.0000005  -0.00000582
 105    0.0000003  -0.00000281
 106    0.0000007  -0.00000810
 107    0.0000000  -0.00000010
 108    0.0000000  -0.00000015
 109    0.0000673  -0.00017204
 110    0.0000704  -0.00018673
 111    0.0000445  -0.00012111
 112    0.0000611  -0.00016312
 113    0.0000005  -0.00000470
 114    0.0000003  -0.00000250
 115    0.0000007  -0.00000788
 116    0.0000000  -0.00000005
 117    0.0000000  -0.00000009
 118    0.0000484  -0.00013683
 119    0.0000476  -0.00012835
 120    0.0000413  -0.00011132
 121    0.0000449  -0.00013058
 122    0.0000004  -0.00000359
 123    0.0000003  -0.00000253
 124    0.0000006  -0.00000722
 125    0.0000000  -0.00000006
 126    0.0000000  -0.00000010
 127    0.0000445  -0.00011984
 128    0.0000334  -0.00010028
 129    0.0000300  -0.00008614
 130    0.0000302  -0.00010291
 131    0.0000002  -0.00000204
 132    0.0000002  -0.00000200
 133    0.0000005  -0.00000553
 134    0.0000000  -0.00000005
 135    0.0000000  -0.00000011
 136    0.0000429  -0.00011938
 137    0.0000206  -0.00005698
 138    0.0000186  -0.00005503
 139    0.0000201  -0.00005975
 140    0.0000002  -0.00000191
 141    0.0000002  -0.00000194
 142    0.0000005  -0.00000488
 143    0.0000000  -0.00000003
 144    0.0000000  -0.00000007
 145    0.0000248  -0.00008141
 146    0.0000174  -0.00004899
 147    0.0000171  -0.00005168
 148    0.0000166  -0.00004816
 149    0.0000002  -0.00000132
 150    0.0000002  -0.00000137
 151    0.0000004  -0.00000332
 152    0.0000000  -0.00000002
 153    0.0000000  -0.00000006
 154    0.0000201  -0.00005485
 155    0.0000148  -0.00004586
 156    0.0000157  -0.00004647
 157    0.0000142  -0.00004644
 158    0.0000002  -0.00000133
 159    0.0000002  -0.00000146
 160    0.0000003  -0.00000285
 161    0.0000000  0.00000000
 162    0.0000000  -0.00000006
 163    0.0000148  -0.00004514
 164    0.0000112  -0.00003906
 165    0.0000130  -0.00004247
 166    0.0000134  -0.00004503
 167    0.0000002  -0.00000123
 168    0.0000002  -0.00000152
 169    0.0000003  -0.00000231
 170    0.0000000  -0.00000000
 171    0.0000000  -0.00000004
 172    0.0000101  -0.00003202
 173    0.0000068  -0.00002324
 174    0.0000097  -0.00003276
 175    0.0000115  -0.00004086
 176    0.0000002  -0.00000121
 177    0.0000002  -0.00000119
 178    0.0000003  -0.00000226
 179    0.0000000  -0.00000000
 180    0.0000000  -0.00000003
 181    0.0000084  -0.00003007
 182    0.0000056  -0.00002257
 183    0.0000071  -0.00002724
 184    0.0000073  -0.00002900
 185    0.0000002  -0.00000104
 186    0.0000002  -0.00000099
 187    0.0000002  -0.00000172
 188    0.0000000  -0.00000000
 189    0.0000000  -0.00000003
 
----------------
 Final Energies 
----------------
Final NOF Total Energy =    -291.7093066
 
Total Orbital Internal Iterations = 1363
Total Occupation Internal Iterations = 298
 
Elapsed time:  273.85 Seconds

---------------------------------
   Lowdin Population Analysis    
---------------------------------
 Idx  Atom   Population   Charge 
---------------------------------
  1    Si    13.493       0.507
  2     H     1.127      -0.127
  3     H     1.127      -0.127
  4     H     1.126      -0.126
  5     H     1.127      -0.127

---------------------------------
   M Diagnostic: 0.02
---------------------------------

