Computing Integrals
Basis Set                                            = def2-qzvp
Auxiliary Basis Set                                  = def2-universal-jkfit
Gaussian Type                                        = Spherical
Elapsed time:    2.12 Seconds

Number of basis functions                   (NBF)    = 140
Number of auxiliary basis functions         (NBFAUX) = 256
Inactive Doubly occupied orbitals up to     (NO1)    = 0
No. considered Strongly Doubly occupied MOs (NDOC)   = 14
No. considered Strongly Singly occupied MOs (NSOC)   = 1
NO. of Weakly occ. per St. Doubly occ.  MOs (NCWO)   = 8
Dimension of the Nat. Orb. subspace         (NBF5)   = 127
No. of electrons                                     = 29
    No. of alpha electrons                           = 15
    No. of beta electrons                            = 14
Multiplicity                                         = 2

Geometry
========
 P       0.0000000       0.0000000       0.9476855
 P       0.0000000       0.0000000      -0.9476855

No violations of the orthonormality
No violations of the orthonormality
 
PNOF8/ADABelief Calculation
==================
 
  Nitext  Nit_orb  Time   Nit_occ  Time         Eelec          Etot           Ediff      maxdiff    MaxGrad_orb  Grad_occ
     1      10    1.0e+01    0    1.2e+01  -744.74055173  -681.92191384 -10743.74055173   0.000492   2.0e-03   2.3e-04 0.24
 
RESULTS OF THE OCCUPATION OPTIMIZATION
========================================
   1    1.9999974  -80.31820023
   2    1.9999980  -80.31733621
   3    1.9997113  -7.84008895
   4    1.9996199  -7.84002765
   5    1.9963991  -5.72210159
   6    1.9970435  -5.72200224
   7    1.9963463  -5.72071188
   8    1.9958456  -5.72012543
   9    1.9957981  -5.71812475
  10    1.9951532  -5.71664162
  11    1.9791786  -1.13565485
  12    1.9654735  -0.88169388
  13    1.9671948  -0.74305027
  14    1.7495717  -0.60352144
  15    1.0000000  -0.36814754
  16    0.2252758  -0.09160110
  17    0.0150458  -0.03463123
  18    0.0238961  -0.03812529
  19    0.0053958  -0.02542668
  20    0.0031973  -0.03101634
  21    0.0024486  -0.02100230
  22    0.0023680  -0.02105987
  23    0.0015254  -0.01238178
  24    0.0015726  -0.01362068
  25    0.0025388  -0.02177316
  26    0.0000746  -0.00040368
  27    0.0002822  -0.00396132
  28    0.0000005  -0.00001361
  29    0.0000020  -0.00020478
  30    0.0128011  -0.00724034
  31    0.0053700  -0.01170924
  32    0.0078484  -0.01408356
  33    0.0043106  -0.01842228
  34    0.0014992  -0.01107515
  35    0.0011475  -0.01043442
  36    0.0010901  -0.00838976
  37    0.0011093  -0.00837606
  38    0.0012209  -0.01095684
  39    0.0004859  -0.00553027
  40    0.0000737  -0.00120655
  41    0.0000049  -0.00069139
  42    0.0000003  -0.00001059
  43    0.0000005  -0.00001699
  44    0.0119417  -0.00676828
  45    0.0050595  -0.01064379
  46    0.0008901  -0.00231223
  47    0.0032657  -0.01225226
  48    0.0000556  -0.00033195
  49    0.0003068  -0.00505872
  50    0.0003249  -0.00295209
  51    0.0004927  -0.00699045
  52    0.0000609  -0.00116264
  53    0.0004416  -0.00493568
  54    0.0000702  -0.00068540
  55    0.0000006  -0.00001712
  56    0.0000003  -0.00000890
  57    0.0000000  -0.00000172
  58    0.0002007  -0.00021554
  59    0.0033378  -0.00916839
  60    0.0005770  -0.00124047
  61    0.0032032  -0.01201191
  62    0.0000372  -0.00025562
  63    0.0002263  -0.00238042
  64    0.0002319  -0.00240188
  65    0.0003169  -0.00230311
  66    0.0000527  -0.00063761
  67    0.0000480  -0.00036695
  68    0.0000651  -0.00095554
  69    0.0000003  -0.00000938
  70    0.0000002  -0.00000664
  71    0.0000000  -0.00000144
  72    0.0000838  -0.00009206
  73    0.0032387  -0.00996908
  74    0.0005221  -0.00111263
  75    0.0030492  -0.01155490
  76    0.0000267  -0.00017861
  77    0.0000214  -0.00012296
  78    0.0000967  -0.00187703
  79    0.0001466  -0.00138286
  80    0.0000229  -0.00025206
  81    0.0000362  -0.00024026
  82    0.0000305  -0.00019531
  83    0.0000003  -0.00000825
  84    0.0000002  -0.00000578
  85    0.0000000  -0.00000140
  86    0.0000488  -0.00004484
  87    0.0003989  -0.00100814
  88    0.0003971  -0.00084914
  89    0.0011165  -0.00468664
  90    0.0000128  -0.00008289
  91    0.0000199  -0.00014029
  92    0.0000177  -0.00047043
  93    0.0000282  -0.00019213
  94    0.0000090  -0.00006748
  95    0.0000322  -0.00023220
  96    0.0000272  -0.00016539
  97    0.0000002  -0.00000500
  98    0.0000002  -0.00000576
  99    0.0000000  -0.00000108
 100    0.0000436  -0.00004426
 101    0.0002007  -0.00050388
 102    0.0002000  -0.00046332
 103    0.0003165  -0.00088888
 104    0.0000094  -0.00005908
 105    0.0000172  -0.00011426
 106    0.0000165  -0.00010164
 107    0.0000237  -0.00020764
 108    0.0000089  -0.00006557
 109    0.0000117  -0.00006629
 110    0.0000232  -0.00031538
 111    0.0000002  -0.00000469
 112    0.0000002  -0.00000557
 113    0.0000000  -0.00000075
 114    0.0000327  -0.00002305
 115    0.0001538  -0.00043134
 116    0.0001957  -0.00044082
 117    0.0001639  -0.00050125
 118    0.0000085  -0.00005463
 119    0.0000141  -0.00009345
 120    0.0000086  -0.00005631
 121    0.0000110  -0.00008288
 122    0.0000086  -0.00013662
 123    0.0000063  -0.00050481
 124    0.0000157  -0.00058425
 125    0.0000002  -0.00000440
 126    0.0000002  -0.00000425
 127    0.0000000  -0.00000065
 
----------------
 Final Energies 
----------------
Final NOF Total Energy =    -681.9219138
 
Total Orbital Internal Iterations = 10
Total Occupation Internal Iterations = 0
 
Elapsed time:   28.56 Seconds

---------------------------------
   Lowdin Population Analysis    
---------------------------------
 Idx  Atom   Population   Charge 
---------------------------------
  1     P    14.500       0.500
  2     P    14.500       0.500

---------------------------------
   M Diagnostic: 0.24
---------------------------------

