Computing Integrals
Basis Set                                            = def2-qzvp
Auxiliary Basis Set                                  = def2-universal-jkfit
Gaussian Type                                        = Spherical
Elapsed time:    1.63 Seconds

Number of basis functions                   (NBF)    = 100
Number of auxiliary basis functions         (NBFAUX) = 146
Inactive Doubly occupied orbitals up to     (NO1)    = 0
No. considered Strongly Doubly occupied MOs (NDOC)   = 9
No. considered Strongly Singly occupied MOs (NSOC)   = 0
NO. of Weakly occ. per St. Doubly occ.  MOs (NCWO)   = 10
Dimension of the Nat. Orb. subspace         (NBF5)   = 99
No. of electrons                                     = 18
    No. of alpha electrons                           = 9
    No. of beta electrons                            = 9
Multiplicity                                         = 1

Geometry
========
Cl       0.0000000       0.0000000      -0.6414757
 H       0.0000000       0.0000000       0.6414757

No violations of the orthonormality
No violations of the orthonormality
 
PNOF8/ADABelief Calculation
==================
 
  Nitext  Nit_orb  Time   Nit_occ  Time         Eelec          Etot           Ediff      maxdiff    MaxGrad_orb  Grad_occ
     1      10    9.7e+00    0    1.2e+01  -467.68507165  -460.67311969 -10466.68507165   0.000631   2.5e-03   1.4e-04 0.02
 
RESULTS OF THE OCCUPATION OPTIMIZATION
========================================
   1    1.9999994  -104.90926174
   2    1.9998762  -10.59025341
   3    1.9991025  -8.07237818
   4    1.9993155  -8.06756790
   5    1.9990299  -8.06607984
   6    1.9802470  -1.11542188
   7    1.9800527  -0.67432510
   8    1.9717215  -0.50151910
   9    1.9685088  -0.49991697
  10    0.0103735  -0.01792646
  11    0.0096365  -0.01780942
  12    0.0060872  -0.02368333
  13    0.0136214  -0.03380182
  14    0.0004995  -0.01089392
  15    0.0005127  -0.01116549
  16    0.0007799  -0.01450942
  17    0.0001140  -0.00149246
  18    0.0000003  -0.00000288
  19    0.0101559  -0.01731952
  20    0.0092501  -0.01821331
  21    0.0054326  -0.01904617
  22    0.0021579  -0.00996277
  23    0.0004290  -0.01009265
  24    0.0001321  -0.00285802
  25    0.0000725  -0.00269526
  26    0.0000061  -0.00031516
  27    0.0000001  -0.00000146
  28    0.0101133  -0.01730597
  29    0.0074954  -0.01893077
  30    0.0020990  -0.00983060
  31    0.0021320  -0.00990893
  32    0.0000156  -0.00095990
  33    0.0000098  -0.00008717
  34    0.0000206  -0.00021524
  35    0.0000014  -0.00001947
  36    0.0000001  -0.00000135
  37    0.0002858  -0.00095813
  38    0.0006582  -0.00159750
  39    0.0019312  -0.00957089
  40    0.0005453  -0.00154740
  41    0.0000102  -0.00008823
  42    0.0000090  -0.00008372
  43    0.0000065  -0.00006922
  44    0.0000013  -0.00001014
  45    0.0000000  -0.00000071
  46    0.0001622  -0.00054915
  47    0.0006569  -0.00159348
  48    0.0019025  -0.00952069
  49    0.0005441  -0.00154503
  50    0.0000094  -0.00008416
  51    0.0000057  -0.00006506
  52    0.0000050  -0.00005710
  53    0.0000010  -0.00000900
  54    0.0000000  -0.00000059
  55    0.0001389  -0.00043804
  56    0.0002766  -0.00096132
  57    0.0008388  -0.00292841
  58    0.0002614  -0.00124630
  59    0.0000023  -0.00009542
  60    0.0000048  -0.00005850
  61    0.0000046  -0.00005432
  62    0.0000000  -0.00000077
  63    0.0000000  -0.00000053
  64    0.0000779  -0.00026957
  65    0.0001368  -0.00045455
  66    0.0006891  -0.00225951
  67    0.0002474  -0.00117077
  68    0.0000016  -0.00007511
  69    0.0000042  -0.00005284
  70    0.0000035  -0.00004288
  71    0.0000000  -0.00000023
  72    0.0000000  -0.00000057
  73    0.0000685  -0.00020842
  74    0.0000717  -0.00022219
  75    0.0006581  -0.00203493
  76    0.0001285  -0.00084457
  77    0.0000010  -0.00000964
  78    0.0000031  -0.00035830
  79    0.0000029  -0.00003779
  80    0.0000000  -0.00000022
  81    0.0000000  -0.00000050
  82    0.0000595  -0.00018095
  83    0.0000561  -0.00017478
  84    0.0002566  -0.00107057
  85    0.0000577  -0.00020566
  86    0.0000009  -0.00000858
  87    0.0000023  -0.00003828
  88    0.0000014  -0.00002858
  89    0.0000000  -0.00000020
  90    0.0000000  -0.00000024
  91    0.0000557  -0.00017650
  92    0.0000402  -0.00012738
  93    0.0000521  -0.00018794
  94    0.0000574  -0.00020554
  95    0.0000007  -0.00000578
  96    0.0000007  -0.00000652
  97    0.0000005  -0.00000453
  98    0.0000000  -0.00000016
  99    0.0000000  -0.00000021
 
----------------
 Final Energies 
----------------
Final NOF Total Energy =    -460.6731197
 
Total Orbital Internal Iterations = 10
Total Occupation Internal Iterations = 0
 
Elapsed time:   27.79 Seconds

---------------------------------
   Lowdin Population Analysis    
---------------------------------
 Idx  Atom   Population   Charge 
---------------------------------
  1    Cl    16.638       0.362
  2     H     1.362      -0.362

---------------------------------
   M Diagnostic: 0.02
---------------------------------

