Computing Integrals
Basis Set                                            = def2-qzvp
Auxiliary Basis Set                                  = def2-universal-jkfit
Gaussian Type                                        = Spherical
Elapsed time:    1.66 Seconds

Number of basis functions                   (NBF)    = 114
Number of auxiliary basis functions         (NBFAUX) = 154
Inactive Doubly occupied orbitals up to     (NO1)    = 0
No. considered Strongly Doubly occupied MOs (NDOC)   = 9
No. considered Strongly Singly occupied MOs (NSOC)   = 0
NO. of Weakly occ. per St. Doubly occ.  MOs (NCWO)   = 11
Dimension of the Nat. Orb. subspace         (NBF5)   = 108
No. of electrons                                     = 18
    No. of alpha electrons                           = 9
    No. of beta electrons                            = 9
Multiplicity                                         = 1

Geometry
========
 F       0.0000000       0.0000000      -0.7008938
 F       0.0000000       0.0000000       0.7008938

No violations of the orthonormality
No violations of the orthonormality
 
PNOF8/ADABelief Calculation
==================
 
  Nitext  Nit_orb  Time   Nit_occ  Time         Eelec          Etot           Ediff      maxdiff    MaxGrad_orb  Grad_occ
     1      10    1.0e+01   64    1.2e+01  -229.80917124  -199.23159573 -10228.80917124   0.025070   1.0e-01   1.6e-04 0.24
     2      20    1.6e+00   29    2.8e-01  -229.88714776  -199.30957226    -0.07797652   0.026700   1.1e-01   1.7e-04 0.25
     3      20    2.5e+00   25    2.6e-01  -229.90354865  -199.32597315    -0.01640089   0.021625   8.6e-02   2.3e-04 0.25
     4      20    2.3e+00   15    1.7e-01  -229.90814708  -199.33057158    -0.00459843   0.027273   1.1e-01   2.5e-04 0.25
     5      20    2.0e+00   17    1.4e-01  -229.91325890  -199.33568340    -0.00511182   0.016763   6.7e-02   2.5e-04 0.25
     6      20    2.1e+00    6    1.4e-01  -229.91465999  -199.33708448    -0.00140109   0.017368   6.9e-02   2.2e-04 0.25
     7      20    2.1e+00    5    1.0e-01  -229.91584889  -199.33827338    -0.00118890   0.017163   6.9e-02   2.4e-04 0.25
     8      20    2.0e+00    0    9.8e-02  -229.91592680  -199.33835130    -0.00007791   0.017163   6.9e-02   2.4e-04 0.25
     9      40    3.9e+00    5    1.1e-01  -229.91764314  -199.34006763    -0.00171634   0.001760   7.0e-03   2.9e-04 0.25
    10      40    4.3e+00    5    9.5e-02  -229.91775083  -199.34017532    -0.00010769   0.003420   1.4e-02   2.9e-04 0.25
    11      40    4.2e+00   10    1.5e-01  -229.91783908  -199.34026357    -0.00008825   0.003434   1.4e-02   2.0e-04 0.25
    12      40    4.1e+00    3    6.4e-02  -229.91793157  -199.34035607    -0.00009249   0.003766   1.5e-02   2.2e-04 0.25
    13      40    3.9e+00    6    7.8e-02  -229.91800880  -199.34043329    -0.00007723   0.003425   1.4e-02   1.9e-04 0.25
    14      40    4.2e+00   13    2.3e-01  -229.91810180  -199.34052629    -0.00009300   0.002886   1.2e-02   1.1e-04 0.25
    15      40    4.1e+00    3    3.2e-02  -229.91825401  -199.34067851    -0.00015221   0.003899   1.6e-02   2.3e-04 0.25
    16      40    4.5e+00    6    1.4e-01  -229.91836507  -199.34078956    -0.00011105   0.002754   1.1e-02   1.9e-04 0.25
    17      40    4.2e+00    3    8.1e-02  -229.91848564  -199.34091014    -0.00012058   0.001784   7.1e-03   2.0e-04 0.25
    18      40    4.6e+00    3    5.1e-02  -229.91854159  -199.34096609    -0.00005595   0.002044   8.2e-03   2.1e-04 0.25
    19      40    3.8e+00    3    5.2e-02  -229.91860566  -199.34103016    -0.00006407   0.002385   9.5e-03   2.1e-04 0.25
    20      40    4.0e+00    3    8.9e-02  -229.91865491  -199.34107940    -0.00004925   0.002130   8.5e-03   2.2e-04 0.25
    21      40    4.3e+00    8    1.5e-01  -229.91866974  -199.34109423    -0.00001483   0.002501   1.0e-02   1.7e-04 0.25
    22      40    4.5e+00    3    1.5e-01  -229.91871376  -199.34113825    -0.00004402   0.002846   1.1e-02   1.1e-04 0.25
    23      40    4.1e+00    3    6.4e-02  -229.91874235  -199.34116685    -0.00002860   0.003061   1.2e-02   1.3e-04 0.25
    24      40    4.3e+00    3    8.9e-02  -229.91876629  -199.34119078    -0.00002393   0.002940   1.2e-02   1.4e-04 0.25
    25      40    4.0e+00    0    5.1e-02  -229.91878669  -199.34121119    -0.00002041   0.002583   1.0e-02   2.2e-04 0.25
    26      50    5.4e+00    1    9.0e-02  -229.91881791  -199.34124240    -0.00003122   0.002225   8.9e-03   2.3e-04 0.25
    27      50    6.0e+00    0    8.8e-03  -229.91881882  -199.34124332    -0.00000091   0.002225   8.9e-03   2.3e-04 0.25
    28      42    4.4e+00    0    1.5e-02  -229.91884869  -199.34127319    -0.00002987   0.000483   1.9e-03   2.0e-04 0.25
 
RESULTS OF THE OCCUPATION OPTIMIZATION
========================================
   1    1.9999623  -26.43969657
   2    1.9999497  -26.43951882
   3    1.9863353  -1.74496942
   4    1.9848751  -1.56817729
   5    1.9802526  -0.82221132
   6    1.9799408  -0.81955442
   7    1.7510628  -0.79138377
   8    1.9793766  -0.73308317
   9    1.9794146  -0.72887853
  10    0.0112762  -0.02024617
  11    0.0113724  -0.02048555
  12    0.2489123  -0.14832874
  13    0.0107672  -0.01983305
  14    0.0106624  -0.01967523
  15    0.0076304  -0.02241837
  16    0.0077928  -0.02330793
  17    0.0000230  -0.00110374
  18    0.0000109  -0.00044991
  19    0.0045363  -0.01035478
  20    0.0046522  -0.01063368
  21    0.0000050  -0.00000740
  22    0.0044275  -0.00990953
  23    0.0036016  -0.00797867
  24    0.0037538  -0.01029665
  25    0.0037137  -0.01044948
  26    0.0000043  -0.00009072
  27    0.0000045  -0.00010528
  28    0.0026918  -0.00665647
  29    0.0030895  -0.00693783
  30    0.0000038  -0.00002283
  31    0.0032351  -0.00742203
  32    0.0031935  -0.00741398
  33    0.0020922  -0.00631459
  34    0.0008963  -0.00448608
  35    0.0000042  -0.00008899
  36    0.0000041  -0.00008950
  37    0.0007345  -0.00301357
  38    0.0007588  -0.00277427
  39    0.0000033  -0.00001968
  40    0.0007609  -0.00272216
  41    0.0007837  -0.00291966
  42    0.0006071  -0.00525588
  43    0.0004778  -0.00483222
  44    0.0000036  -0.00008094
  45    0.0000036  -0.00008160
  46    0.0003200  -0.00119454
  47    0.0002980  -0.00110627
  48    0.0000028  -0.00001755
  49    0.0003021  -0.00123524
  50    0.0003469  -0.00138173
  51    0.0003198  -0.00128513
  52    0.0002378  -0.00107330
  53    0.0000034  -0.00007928
  54    0.0000032  -0.00007698
  55    0.0003164  -0.00116088
  56    0.0002293  -0.00091327
  57    0.0000023  -0.00000727
  58    0.0002697  -0.00104088
  59    0.0003256  -0.00120596
  60    0.0002560  -0.00104570
  61    0.0002175  -0.00093193
  62    0.0000030  -0.00007742
  63    0.0000030  -0.00007529
  64    0.0002522  -0.00098411
  65    0.0001467  -0.00078316
  66    0.0000019  -0.00001334
  67    0.0002183  -0.00092611
  68    0.0003204  -0.00119577
  69    0.0001848  -0.00078812
  70    0.0001807  -0.00080429
  71    0.0000027  -0.00006874
  72    0.0000028  -0.00006846
  73    0.0001961  -0.00077371
  74    0.0000213  -0.00016722
  75    0.0000017  -0.00001283
  76    0.0000235  -0.00019021
  77    0.0002705  -0.00104471
  78    0.0001599  -0.00081677
  79    0.0000903  -0.00127411
  80    0.0000024  -0.00006377
  81    0.0000022  -0.00006083
  82    0.0001584  -0.00074327
  83    0.0000188  -0.00013412
  84    0.0000015  -0.00001293
  85    0.0000194  -0.00013823
  86    0.0002004  -0.00080711
  87    0.0000814  -0.00050863
  88    0.0000221  -0.00018842
  89    0.0000018  -0.00005349
  90    0.0000017  -0.00005755
  91    0.0000844  -0.00046548
  92    0.0000185  -0.00013365
  93    0.0000014  -0.00000652
  94    0.0000181  -0.00014125
  95    0.0000239  -0.00019113
  96    0.0000215  -0.00018310
  97    0.0000181  -0.00014424
  98    0.0000016  -0.00005051
  99    0.0000014  -0.00004828
 100    0.0000192  -0.00014327
 101    0.0000178  -0.00013578
 102    0.0000012  -0.00000649
 103    0.0000174  -0.00013695
 104    0.0000184  -0.00013559
 105    0.0000181  -0.00014825
 106    0.0000176  -0.00013955
 107    0.0000004  -0.00006835
 108    0.0000004  -0.00005471
 
----------------
 Final Energies 
----------------
Final NOF Total Energy =    -199.3412732
 
Total Orbital Internal Iterations = 972
Total Occupation Internal Iterations = 242
 
Elapsed time:  135.31 Seconds

---------------------------------
   Lowdin Population Analysis    
---------------------------------
 Idx  Atom   Population   Charge 
---------------------------------
  1     F     8.999       0.001
  2     F     9.001      -0.001

---------------------------------
   M Diagnostic: 0.25
---------------------------------

