Computing Integrals
Basis Set                                            = def2-qzvp
Auxiliary Basis Set                                  = def2-universal-jkfit
Gaussian Type                                        = Spherical
Elapsed time:    3.17 Seconds

Number of basis functions                   (NBF)    = 241
Number of auxiliary basis functions         (NBFAUX) = 359
Inactive Doubly occupied orbitals up to     (NO1)    = 0
No. considered Strongly Doubly occupied MOs (NDOC)   = 20
No. considered Strongly Singly occupied MOs (NSOC)   = 0
NO. of Weakly occ. per St. Doubly occ.  MOs (NCWO)   = 11
Dimension of the Nat. Orb. subspace         (NBF5)   = 240
No. of electrons                                     = 40
    No. of alpha electrons                           = 20
    No. of beta electrons                            = 20
Multiplicity                                         = 1

Geometry
========
Al       0.0000000       0.0000000       0.0000000
 F       0.8218902       1.4235555       0.0000000
 F       0.8218902      -1.4235555       0.0000000
 F      -1.6437803       0.0000000       0.0000000

No violations of the orthonormality
No violations of the orthonormality
 
PNOF8/ADABelief Calculation
==================
 
  Nitext  Nit_orb  Time   Nit_occ  Time         Eelec          Etot           Ediff      maxdiff    MaxGrad_orb  Grad_occ
     1      10    1.2e+01   57    1.8e+01  -699.70507665  -541.54393350 -10698.70507665   0.025268   1.0e-01   3.2e-04 0.02
     2      20    6.4e+00   30    3.6e+00  -699.86370276  -541.70255961    -0.15862611   0.514536   2.1e+00   2.6e-04 0.02
     3      20    6.2e+00   31    3.7e+00  -699.94525756  -541.78411442    -0.08155480   0.023640   9.5e-02   2.9e-04 0.02
     4      20    6.1e+00   20    2.6e+00  -699.95923434  -541.79809119    -0.01397678   0.041612   1.7e-01   2.6e-04 0.02
     5      20    6.1e+00   15    1.9e+00  -699.96914190  -541.80799875    -0.00990756   0.131117   5.2e-01   3.0e-04 0.02
     6      20    6.2e+00   22    2.7e+00  -699.98249029  -541.82134714    -0.01334839   0.023596   9.4e-02   2.6e-04 0.02
     7      20    6.1e+00    9    1.3e+00  -699.98407430  -541.82293115    -0.00158401   0.045817   1.8e-01   3.0e-04 0.02
     8      20    6.1e+00    9    1.4e+00  -699.98949859  -541.82835544    -0.00542429   0.097162   3.9e-01   3.0e-04 0.02
     9      20    6.1e+00   10    1.4e+00  -699.99056911  -541.82942596    -0.00107052   0.115202   4.6e-01   2.7e-04 0.02
    10      20    6.5e+00   10    1.5e+00  -699.99392200  -541.83277885    -0.00335289   0.031890   1.3e-01   2.7e-04 0.02
    11      20    6.1e+00    0    2.7e-01  -699.99404461  -541.83290146    -0.00012261   0.031890   1.3e-01   2.7e-04 0.02
    12      40    1.2e+01   10    1.4e+00  -700.00756693  -541.84642378    -0.01352232   0.005915   2.4e-02   1.7e-04 0.02
    13      40    1.3e+01   10    1.4e+00  -700.00783036  -541.84668721    -0.00026343   0.005375   2.1e-02   1.5e-04 0.02
    14      40    1.2e+01   10    1.4e+00  -700.00819998  -541.84705683    -0.00036962   0.004957   2.0e-02   1.6e-04 0.02
    15      40    1.2e+01    4    7.9e-01  -700.00847686  -541.84733371    -0.00027688   0.005905   2.4e-02   2.9e-04 0.02
    16      40    1.2e+01   10    1.4e+00  -700.00864078  -541.84749763    -0.00016392   0.004180   1.7e-02   1.7e-04 0.02
    17      40    1.3e+01   10    1.4e+00  -700.00876719  -541.84762404    -0.00012641   0.007318   2.9e-02   2.3e-04 0.02
    18      40    1.3e+01    5    8.8e-01  -700.00899283  -541.84784968    -0.00022564   0.004108   1.6e-02   2.8e-04 0.02
    19      40    1.2e+01    5    9.1e-01  -700.00903196  -541.84788881    -0.00003913   0.005632   2.3e-02   2.4e-04 0.02
    20      40    1.2e+01    4    7.7e-01  -700.00920829  -541.84806514    -0.00017633   0.005447   2.2e-02   2.7e-04 0.02
    21      40    1.2e+01    7    1.1e+00  -700.00929765  -541.84815450    -0.00008935   0.005253   2.1e-02   2.2e-04 0.02
    22      40    1.2e+01    4    7.7e-01  -700.00937829  -541.84823515    -0.00008065   0.006428   2.6e-02   2.6e-04 0.02
    23      40    1.2e+01    1    4.7e-01  -700.00943599  -541.84829284    -0.00005769   0.005226   2.1e-02   2.4e-04 0.02
    24      40    1.2e+01    3    6.9e-01  -700.00949203  -541.84834888    -0.00005605   0.004679   1.9e-02   2.5e-04 0.02
    25      40    1.2e+01    0    3.0e-01  -700.00953711  -541.84839396    -0.00004508   0.004441   1.8e-02   2.5e-04 0.02
    26      50    1.5e+01    4    8.0e-01  -700.00971549  -541.84857234    -0.00017837   0.003464   1.4e-02   2.8e-04 0.02
    27      50    1.5e+01    0    3.1e-01  -700.00972616  -541.84858301    -0.00001068   0.003464   1.4e-02   2.8e-04 0.02
    28      63    1.9e+01    0    3.1e-01  -700.00988595  -541.84874280    -0.00015979   0.000498   2.0e-03   2.6e-04 0.02
 
RESULTS OF THE OCCUPATION OPTIMIZATION
========================================
   1    1.9999974  -58.61044275
   2    1.9999876  -26.32913469
   3    1.9999873  -26.32902294
   4    1.9999869  -26.32861191
   5    1.9982388  -4.98244587
   6    1.9956659  -3.30124848
   7    1.9938916  -3.27678253
   8    1.9938592  -3.26031803
   9    1.9865754  -1.58708527
  10    1.9866701  -1.58694847
  11    1.9863157  -1.57242637
  12    1.9764925  -0.81004693
  13    1.9763242  -0.80220739
  14    1.9754599  -0.79017269
  15    1.9794042  -0.70466194
  16    1.9763111  -0.70247253
  17    1.9761346  -0.70237107
  18    1.9759890  -0.70208135
  19    1.9782642  -0.70037396
  20    1.9760948  -0.69593845
  21    0.0106795  -0.02100866
  22    0.0111106  -0.02123959
  23    0.0137436  -0.02470754
  24    0.0141551  -0.02502723
  25    0.0136921  -0.02460046
  26    0.0129098  -0.02269392
  27    0.0199737  -0.03888558
  28    0.0218267  -0.04123303
  29    0.0183891  -0.03746633
  30    0.0076612  -0.02263897
  31    0.0075574  -0.02252216
  32    0.0073726  -0.02242877
  33    0.0019260  -0.00968437
  34    0.0040452  -0.02030733
  35    0.0036582  -0.02470269
  36    0.0015608  -0.00864556
  37    0.0000102  -0.00042309
  38    0.0000108  -0.00040829
  39    0.0000101  -0.00038928
  40    0.0000023  -0.00004889
  41    0.0042256  -0.01066174
  42    0.0044909  -0.01139186
  43    0.0042119  -0.00986348
  44    0.0045069  -0.01100361
  45    0.0045422  -0.01154586
  46    0.0046725  -0.01045739
  47    0.0036236  -0.00931831
  48    0.0008674  -0.00327741
  49    0.0035563  -0.00976200
  50    0.0034157  -0.00965861
  51    0.0033339  -0.01175384
  52    0.0031325  -0.01179675
  53    0.0019082  -0.00898198
  54    0.0017945  -0.00885139
  55    0.0004742  -0.00597085
  56    0.0001010  -0.00218049
  57    0.0000009  -0.00001501
  58    0.0000005  -0.00000887
  59    0.0000006  -0.00001347
  60    0.0000003  -0.00000924
  61    0.0040641  -0.00975341
  62    0.0040386  -0.00977888
  63    0.0041841  -0.00980105
  64    0.0042796  -0.00985172
  65    0.0041964  -0.00978129
  66    0.0010739  -0.00373138
  67    0.0003013  -0.00113883
  68    0.0002893  -0.00108735
  69    0.0008539  -0.00329996
  70    0.0010527  -0.00604826
  71    0.0007183  -0.00305989
  72    0.0009237  -0.00415365
  73    0.0018488  -0.00887541
  74    0.0001779  -0.00301419
  75    0.0001122  -0.00147604
  76    0.0000149  -0.00059524
  77    0.0000008  -0.00001478
  78    0.0000005  -0.00002335
  79    0.0000006  -0.00000817
  80    0.0000000  -0.00000021
  81    0.0038815  -0.00965597
  82    0.0006496  -0.00316115
  83    0.0009390  -0.00348127
  84    0.0003925  -0.00139085
  85    0.0003896  -0.00139728
  86    0.0006829  -0.00332977
  87    0.0002862  -0.00107238
  88    0.0002844  -0.00107199
  89    0.0003118  -0.00117988
  90    0.0004413  -0.00209289
  91    0.0006519  -0.00517323
  92    0.0007051  -0.00477533
  93    0.0003423  -0.00483386
  94    0.0000155  -0.00016710
  95    0.0000183  -0.00019272
  96    0.0000126  -0.00012869
  97    0.0000004  -0.00004996
  98    0.0000003  -0.00003563
  99    0.0000004  -0.00005243
 100    0.0000000  -0.00000012
 101    0.0004025  -0.00142588
 102    0.0004313  -0.00148165
 103    0.0003016  -0.00111696
 104    0.0002869  -0.00107130
 105    0.0002954  -0.00110611
 106    0.0004464  -0.00149677
 107    0.0002324  -0.00097007
 108    0.0002819  -0.00106481
 109    0.0002578  -0.00104576
 110    0.0003666  -0.00150128
 111    0.0003580  -0.00141408
 112    0.0003447  -0.00135428
 113    0.0000412  -0.00108038
 114    0.0000142  -0.00014015
 115    0.0000138  -0.00013793
 116    0.0000126  -0.00013231
 117    0.0000003  -0.00000577
 118    0.0000003  -0.00000557
 119    0.0000003  -0.00000961
 120    0.0000000  -0.00000009
 121    0.0003890  -0.00151061
 122    0.0002959  -0.00111904
 123    0.0002838  -0.00108090
 124    0.0000815  -0.00030227
 125    0.0002943  -0.00110333
 126    0.0003200  -0.00114395
 127    0.0000438  -0.00012289
 128    0.0000385  -0.00012587
 129    0.0000513  -0.00017817
 130    0.0003308  -0.00138059
 131    0.0002949  -0.00121536
 132    0.0003365  -0.00137157
 133    0.0000140  -0.00014704
 134    0.0000140  -0.00013673
 135    0.0000136  -0.00013566
 136    0.0000123  -0.00012986
 137    0.0000002  -0.00000435
 138    0.0000001  -0.00000303
 139    0.0000002  -0.00000347
 140    0.0000000  -0.00000007
 141    0.0000874  -0.00028795
 142    0.0002849  -0.00106026
 143    0.0002637  -0.00104565
 144    0.0000661  -0.00025192
 145    0.0001497  -0.00073489
 146    0.0003174  -0.00113604
 147    0.0000188  -0.00014680
 148    0.0000197  -0.00014056
 149    0.0000218  -0.00014014
 150    0.0002415  -0.00105097
 151    0.0002781  -0.00115334
 152    0.0002626  -0.00113334
 153    0.0000134  -0.00013605
 154    0.0000135  -0.00013436
 155    0.0000132  -0.00013102
 156    0.0000121  -0.00012761
 157    0.0000001  -0.00000263
 158    0.0000001  -0.00000159
 159    0.0000001  -0.00000240
 160    0.0000000  -0.00000007
 161    0.0000819  -0.00028104
 162    0.0002755  -0.00104927
 163    0.0000274  -0.00011147
 164    0.0000405  -0.00015864
 165    0.0000718  -0.00027815
 166    0.0000860  -0.00030848
 167    0.0000153  -0.00011742
 168    0.0000176  -0.00012731
 169    0.0000171  -0.00012961
 170    0.0000861  -0.00099916
 171    0.0000705  -0.00097242
 172    0.0002572  -0.00111326
 173    0.0000129  -0.00013282
 174    0.0000129  -0.00013161
 175    0.0000104  -0.00011731
 176    0.0000109  -0.00012264
 177    0.0000001  -0.00000193
 178    0.0000000  -0.00000110
 179    0.0000001  -0.00000153
 180    0.0000000  -0.00000005
 181    0.0000532  -0.00020522
 182    0.0000913  -0.00029448
 183    0.0000193  -0.00013222
 184    0.0000228  -0.00013440
 185    0.0000214  -0.00014828
 186    0.0000426  -0.00018577
 187    0.0000152  -0.00011763
 188    0.0000172  -0.00012681
 189    0.0000165  -0.00012247
 190    0.0000411  -0.00024703
 191    0.0000255  -0.00019246
 192    0.0000470  -0.00024717
 193    0.0000129  -0.00013292
 194    0.0000108  -0.00012407
 195    0.0000090  -0.00008207
 196    0.0000097  -0.00009614
 197    0.0000000  -0.00000105
 198    0.0000000  -0.00000061
 199    0.0000000  -0.00000090
 200    0.0000000  -0.00000003
 201    0.0000229  -0.00012471
 202    0.0000463  -0.00019083
 203    0.0000185  -0.00012374
 204    0.0000168  -0.00011749
 205    0.0000181  -0.00012785
 206    0.0000243  -0.00017685
 207    0.0000150  -0.00011463
 208    0.0000167  -0.00012315
 209    0.0000161  -0.00011984
 210    0.0000276  -0.00019246
 211    0.0000211  -0.00017782
 212    0.0000226  -0.00018587
 213    0.0000125  -0.00013017
 214    0.0000076  -0.00007463
 215    0.0000074  -0.00007474
 216    0.0000083  -0.00008087
 217    0.0000000  -0.00000102
 218    0.0000000  -0.00000049
 219    0.0000000  -0.00000066
 220    0.0000000  -0.00000001
 221    0.0000176  -0.00012118
 222    0.0000210  -0.00015698
 223    0.0000182  -0.00012304
 224    0.0000167  -0.00011804
 225    0.0000179  -0.00012347
 226    0.0000199  -0.00014582
 227    0.0000147  -0.00011532
 228    0.0000164  -0.00011967
 229    0.0000159  -0.00011655
 230    0.0000197  -0.00015468
 231    0.0000203  -0.00015843
 232    0.0000200  -0.00016424
 233    0.0000084  -0.00008155
 234    0.0000022  -0.00002771
 235    0.0000039  -0.00004996
 236    0.0000061  -0.00044591
 237    0.0000000  -0.00000038
 238    0.0000000  -0.00000039
 239    0.0000000  -0.00000054
 240    0.0000000  -0.00000001
 
----------------
 Final Energies 
----------------
Final NOF Total Energy =    -541.8487428
 
Total Orbital Internal Iterations = 933
Total Occupation Internal Iterations = 300
 
Elapsed time:  380.74 Seconds

---------------------------------
   Lowdin Population Analysis    
---------------------------------
 Idx  Atom   Population   Charge 
---------------------------------
  1    Al    13.750      -0.750
  2     F     8.751       0.249
  3     F     8.750       0.250
  4     F     8.750       0.250

---------------------------------
   M Diagnostic: 0.02
---------------------------------

