Computing Integrals
Basis Set                                            = def2-qzvp
Auxiliary Basis Set                                  = def2-universal-jkfit
Gaussian Type                                        = Spherical
Elapsed time:    3.70 Seconds

Number of basis functions                   (NBF)    = 284
Number of auxiliary basis functions         (NBFAUX) = 426
Inactive Doubly occupied orbitals up to     (NO1)    = 0
No. considered Strongly Doubly occupied MOs (NDOC)   = 24
No. considered Strongly Singly occupied MOs (NSOC)   = 0
NO. of Weakly occ. per St. Doubly occ.  MOs (NCWO)   = 10
Dimension of the Nat. Orb. subspace         (NBF5)   = 264
No. of electrons                                     = 48
    No. of alpha electrons                           = 24
    No. of beta electrons                            = 24
Multiplicity                                         = 1

Geometry
========
 P       0.0000000       0.0000000      -1.7744620
 C       0.0000000       0.0000000      -3.2980170
 H       0.0000000       0.0000000      -4.3695590
Cl       0.0000000       0.0000000       1.3885410
 F       0.0000000       0.0000000       3.0188210

No violations of the orthonormality
No violations of the orthonormality
 
PNOF8/ADABelief Calculation
==================
 
  Nitext  Nit_orb  Time   Nit_occ  Time         Eelec          Etot           Ediff      maxdiff    MaxGrad_orb  Grad_occ
     1      10    1.5e+01  133    2.8e+01 -1101.49240671  -938.73462565 -11100.49240671   0.026027   1.0e-01   2.7e-04 0.04
     2      20    1.2e+01   64    7.9e+00 -1101.96575235  -939.20797129    -0.47334564   0.338879   1.4e+00   3.0e-04 0.04
     3      20    1.1e+01   37    4.8e+00 -1102.11641478  -939.35863371    -0.15066242   0.061103   2.4e-01   3.4e-04 0.04
     4      20    1.1e+01   42    5.4e+00 -1102.13059775  -939.37281669    -0.01418297   0.083295   3.3e-01   3.3e-04 0.04
     5      20    1.1e+01   22    3.1e+00 -1102.14007518  -939.38229412    -0.00947743   0.099487   4.0e-01   3.4e-04 0.04
     6      20    1.1e+01   24    3.4e+00 -1102.17426369  -939.41648263    -0.03418851   0.081018   3.2e-01   3.4e-04 0.04
     7      20    1.1e+01    0    4.5e-01 -1102.17615754  -939.41837648    -0.00189384   0.081018   3.2e-01   3.4e-04 0.04
     8      40    2.1e+01   14    2.1e+00 -1102.28228822  -939.52450716    -0.10613069   0.016160   6.5e-02   3.9e-04 0.04
     9      40    2.3e+01   21    3.0e+00 -1102.28920496  -939.53142390    -0.00691674   0.009312   3.7e-02   3.5e-04 0.04
    10      40    2.1e+01   23    3.2e+00 -1102.29307206  -939.53529100    -0.00386710   0.014226   5.7e-02   2.8e-04 0.04
    11      40    2.2e+01   15    2.2e+00 -1102.29664229  -939.53886122    -0.00357022   0.008827   3.5e-02   3.0e-04 0.04
    12      40    2.1e+01   15    2.3e+00 -1102.29920055  -939.54141948    -0.00255826   0.009635   3.9e-02   3.5e-04 0.04
    13      40    2.1e+01   26    3.5e+00 -1102.30152069  -939.54373962    -0.00232014   0.009243   3.7e-02   2.1e-04 0.04
    14      40    2.1e+01   12    2.0e+00 -1102.30353876  -939.54575770    -0.00201807   0.008839   3.5e-02   2.3e-04 0.04
    15      40    2.1e+01   10    1.7e+00 -1102.30551743  -939.54773637    -0.00197867   0.010903   4.4e-02   3.4e-04 0.04
    16      40    2.1e+01   19    2.7e+00 -1102.30712743  -939.54934637    -0.00161000   0.010160   4.1e-02   2.7e-04 0.04
    17      40    2.1e+01   10    1.7e+00 -1102.30832956  -939.55054850    -0.00120213   0.010859   4.3e-02   2.7e-04 0.04
    18      40    2.2e+01   10    1.7e+00 -1102.30920058  -939.55141952    -0.00087102   0.009433   3.8e-02   2.8e-04 0.04
    19      40    2.1e+01   10    1.7e+00 -1102.30990211  -939.55212104    -0.00070152   0.009524   3.8e-02   2.6e-04 0.04
    20      40    2.1e+01   10    1.6e+00 -1102.31061564  -939.55283458    -0.00071354   0.013247   5.3e-02   2.9e-04 0.04
    21      40    2.1e+01   10    1.7e+00 -1102.31146054  -939.55367948    -0.00084490   0.009029   3.6e-02   3.1e-04 0.04
    22      40    2.1e+01   18    2.6e+00 -1102.31206655  -939.55428548    -0.00060600   0.009388   3.8e-02   2.8e-04 0.04
    23      40    2.2e+01   12    1.9e+00 -1102.31266650  -939.55488543    -0.00059995   0.008957   3.6e-02   2.2e-04 0.04
    24      40    2.1e+01    7    1.3e+00 -1102.31329021  -939.55550915    -0.00062372   0.007986   3.2e-02   3.3e-04 0.04
    25      40    2.1e+01   12    1.9e+00 -1102.31362251  -939.55584145    -0.00033230   0.010401   4.2e-02   2.6e-04 0.04
    26      40    2.1e+01    8    1.4e+00 -1102.31405627  -939.55627521    -0.00043376   0.010085   4.0e-02   2.8e-04 0.04
    27      40    2.2e+01    8    1.5e+00 -1102.31425384  -939.55647278    -0.00019757   0.009002   3.6e-02   2.9e-04 0.04
    28      40    2.1e+01    0    4.5e-01 -1102.31428166  -939.55650060    -0.00002783   0.009002   3.6e-02   2.9e-04 0.04
    29      60    3.3e+01    3    8.3e-01 -1102.31551602  -939.55773495    -0.00123435   0.000983   3.9e-03   2.5e-04 0.04
 
RESULTS OF THE OCCUPATION OPTIMIZATION
========================================
   1    1.9999991  -92.83601075
   2    1.9999991  -92.16095158
   3    1.9999896  -26.39589194
   4    1.9999321  -11.28383708
   5    1.9996538  -10.66919197
   6    1.9993511  -7.96109059
   7    1.9994353  -7.95312051
   8    1.9994242  -7.93453112
   9    1.9993369  -7.76046064
  10    1.9991427  -5.75044470
  11    1.9977604  -5.41643530
  12    1.9975791  -5.41575857
  13    1.9841484  -1.61072404
  14    1.9828098  -1.11352102
  15    1.9813770  -0.93704434
  16    1.9759295  -0.78187961
  17    1.9633931  -0.76539901
  18    1.9775525  -0.72200734
  19    1.9756538  -0.71980512
  20    1.9747515  -0.61917624
  21    1.9767099  -0.58849040
  22    1.9766118  -0.54220024
  23    1.9647020  -0.41698366
  24    1.9625608  -0.41526467
  25    0.0265481  -0.03403874
  26    0.0320168  -0.03786784
  27    0.0100347  -0.01874288
  28    0.0091684  -0.01797488
  29    0.0101923  -0.01736571
  30    0.0103544  -0.02242698
  31    0.0113930  -0.02198074
  32    0.0360179  -0.06883838
  33    0.0134546  -0.02857045
  34    0.0057111  -0.02488400
  35    0.0065513  -0.02652031
  36    0.0067999  -0.02566151
  37    0.0022563  -0.01976508
  38    0.0013810  -0.01424206
  39    0.0006282  -0.00670114
  40    0.0004519  -0.00931303
  41    0.0004295  -0.00866717
  42    0.0004237  -0.00863121
  43    0.0005779  -0.01214768
  44    0.0003159  -0.00793166
  45    0.0000491  -0.00100530
  46    0.0000081  -0.00028599
  47    0.0000008  -0.00002033
  48    0.0000007  -0.00002490
  49    0.0048492  -0.00721081
  50    0.0009230  -0.00174858
  51    0.0071729  -0.01968946
  52    0.0065361  -0.01741246
  53    0.0058420  -0.01340890
  54    0.0049595  -0.01319950
  55    0.0072046  -0.01666226
  56    0.0001915  -0.00079275
  57    0.0042903  -0.01181568
  58    0.0040390  -0.01367324
  59    0.0048453  -0.01657111
  60    0.0026884  -0.01021551
  61    0.0000601  -0.00141875
  62    0.0005806  -0.00963440
  63    0.0001176  -0.00275617
  64    0.0000855  -0.00102119
  65    0.0000863  -0.00093856
  66    0.0000780  -0.00274542
  67    0.0000182  -0.00019546
  68    0.0000054  -0.00006680
  69    0.0000038  -0.00007999
  70    0.0000004  -0.00004985
  71    0.0000000  -0.00000110
  72    0.0000000  -0.00000201
  73    0.0045158  -0.00663411
  74    0.0007658  -0.00156122
  75    0.0021717  -0.00864104
  76    0.0037852  -0.01339626
  77    0.0053915  -0.01015464
  78    0.0035534  -0.00975049
  79    0.0015561  -0.00634802
  80    0.0001831  -0.00076194
  81    0.0024426  -0.00644911
  82    0.0029330  -0.01110558
  83    0.0021128  -0.00997592
  84    0.0025614  -0.00950436
  85    0.0000247  -0.00038641
  86    0.0002000  -0.00206394
  87    0.0000281  -0.00028242
  88    0.0000595  -0.00156542
  89    0.0000151  -0.00077310
  90    0.0000119  -0.00012135
  91    0.0000127  -0.00014099
  92    0.0000049  -0.00007036
  93    0.0000025  -0.00003619
  94    0.0000004  -0.00001039
  95    0.0000000  -0.00000093
  96    0.0000000  -0.00000181
  97    0.0006951  -0.00141213
  98    0.0003823  -0.00074373
  99    0.0016477  -0.00667335
 100    0.0022007  -0.00903967
 101    0.0018626  -0.00542505
 102    0.0035500  -0.00965476
 103    0.0006792  -0.00227433
 104    0.0000504  -0.00017345
 105    0.0022548  -0.00606538
 106    0.0021848  -0.00926767
 107    0.0020288  -0.00969096
 108    0.0024670  -0.00955802
 109    0.0000167  -0.00020494
 110    0.0000217  -0.00017350
 111    0.0000182  -0.00030563
 112    0.0000135  -0.00017593
 113    0.0000094  -0.00010996
 114    0.0000113  -0.00012340
 115    0.0000088  -0.00010613
 116    0.0000040  -0.00033480
 117    0.0000024  -0.00004349
 118    0.0000003  -0.00000618
 119    0.0000000  -0.00000094
 120    0.0000000  -0.00000170
 121    0.0002128  -0.00047858
 122    0.0003699  -0.00068714
 123    0.0006822  -0.00196845
 124    0.0005774  -0.00152760
 125    0.0009239  -0.00209648
 126    0.0008359  -0.00362355
 127    0.0006408  -0.00200982
 128    0.0000373  -0.00015579
 129    0.0007749  -0.00218205
 130    0.0016517  -0.00687395
 131    0.0005991  -0.00262336
 132    0.0006278  -0.00320513
 133    0.0000149  -0.00026651
 134    0.0000127  -0.00011182
 135    0.0000134  -0.00012396
 136    0.0000132  -0.00017173
 137    0.0000092  -0.00010424
 138    0.0000088  -0.00010274
 139    0.0000083  -0.00011028
 140    0.0000036  -0.00005378
 141    0.0000020  -0.00002996
 142    0.0000003  -0.00000614
 143    0.0000000  -0.00000086
 144    0.0000000  -0.00000157
 145    0.0001821  -0.00046818
 146    0.0003642  -0.00065788
 147    0.0006126  -0.00156126
 148    0.0005593  -0.00172124
 149    0.0004721  -0.00132227
 150    0.0004593  -0.00154493
 151    0.0002884  -0.00118369
 152    0.0000343  -0.00011846
 153    0.0003092  -0.00080208
 154    0.0013289  -0.00629966
 155    0.0004084  -0.00180435
 156    0.0002516  -0.00120906
 157    0.0000132  -0.00013738
 158    0.0000115  -0.00010048
 159    0.0000121  -0.00010964
 160    0.0000123  -0.00035012
 161    0.0000086  -0.00010865
 162    0.0000076  -0.00009399
 163    0.0000079  -0.00009125
 164    0.0000032  -0.00003940
 165    0.0000019  -0.00002719
 166    0.0000003  -0.00000558
 167    0.0000000  -0.00000089
 168    0.0000000  -0.00000117
 169    0.0001509  -0.00036590
 170    0.0002075  -0.00050688
 171    0.0005830  -0.00169771
 172    0.0002571  -0.00108159
 173    0.0001738  -0.00045088
 174    0.0002467  -0.00097323
 175    0.0002840  -0.00116743
 176    0.0000318  -0.00011179
 177    0.0003017  -0.00104450
 178    0.0004114  -0.00188921
 179    0.0002180  -0.00103638
 180    0.0002202  -0.00110126
 181    0.0000123  -0.00012922
 182    0.0000109  -0.00008761
 183    0.0000114  -0.00010682
 184    0.0000100  -0.00011995
 185    0.0000069  -0.00008525
 186    0.0000076  -0.00008653
 187    0.0000067  -0.00007458
 188    0.0000030  -0.00009926
 189    0.0000017  -0.00003027
 190    0.0000003  -0.00000562
 191    0.0000000  -0.00000063
 192    0.0000000  -0.00000093
 193    0.0001397  -0.00032485
 194    0.0001639  -0.00038509
 195    0.0002211  -0.00095679
 196    0.0001245  -0.00052378
 197    0.0001677  -0.00048129
 198    0.0002213  -0.00087946
 199    0.0002406  -0.00096890
 200    0.0000259  -0.00009440
 201    0.0001289  -0.00036203
 202    0.0001685  -0.00063506
 203    0.0002123  -0.00104368
 204    0.0001231  -0.00066043
 205    0.0000089  -0.00008184
 206    0.0000104  -0.00008935
 207    0.0000110  -0.00009982
 208    0.0000074  -0.00010600
 209    0.0000050  -0.00007179
 210    0.0000067  -0.00007734
 211    0.0000047  -0.00016277
 212    0.0000029  -0.00003010
 213    0.0000015  -0.00003595
 214    0.0000002  -0.00000514
 215    0.0000000  -0.00000062
 216    0.0000000  -0.00000094
 217    0.0001031  -0.00024352
 218    0.0000561  -0.00014572
 219    0.0002206  -0.00091922
 220    0.0000521  -0.00021651
 221    0.0001406  -0.00042869
 222    0.0001106  -0.00047782
 223    0.0000994  -0.00041860
 224    0.0000197  -0.00007997
 225    0.0000633  -0.00022957
 226    0.0001282  -0.00049472
 227    0.0001625  -0.00088532
 228    0.0000647  -0.00034084
 229    0.0000084  -0.00007754
 230    0.0000061  -0.00004871
 231    0.0000106  -0.00010141
 232    0.0000070  -0.00008451
 233    0.0000047  -0.00019573
 234    0.0000056  -0.00006874
 235    0.0000027  -0.00003101
 236    0.0000020  -0.00015620
 237    0.0000015  -0.00002236
 238    0.0000002  -0.00000404
 239    0.0000000  -0.00000060
 240    0.0000000  -0.00000074
 241    0.0000425  -0.00013076
 242    0.0000484  -0.00014290
 243    0.0000415  -0.00018465
 244    0.0000293  -0.00014727
 245    0.0000820  -0.00024009
 246    0.0000552  -0.00020791
 247    0.0000614  -0.00023228
 248    0.0000150  -0.00006617
 249    0.0000501  -0.00016928
 250    0.0000664  -0.00027738
 251    0.0000516  -0.00022095
 252    0.0000474  -0.00020024
 253    0.0000053  -0.00004512
 254    0.0000049  -0.00004365
 255    0.0000067  -0.00008959
 256    0.0000029  -0.00018435
 257    0.0000009  -0.00001772
 258    0.0000036  -0.00016239
 259    0.0000008  -0.00001602
 260    0.0000012  -0.00002156
 261    0.0000014  -0.00002153
 262    0.0000001  -0.00000251
 263    0.0000000  -0.00000056
 264    0.0000000  -0.00000059
 
----------------
 Final Energies 
----------------
Final NOF Total Energy =    -939.5577350
 
Total Orbital Internal Iterations = 1030
Total Occupation Internal Iterations = 595
 
Elapsed time:  709.48 Seconds

---------------------------------
   Lowdin Population Analysis    
---------------------------------
 Idx  Atom   Population   Charge 
---------------------------------
  1     P    14.613       0.387
  2     C     6.200      -0.200
  3     H     1.173      -0.173
  4    Cl    16.908       0.092
  5     F     9.106      -0.106

---------------------------------
   M Diagnostic: 0.04
---------------------------------

