Computing Integrals
Basis Set                                            = def2-qzvp
Auxiliary Basis Set                                  = def2-universal-jkfit
Gaussian Type                                        = Spherical
Elapsed time:    1.80 Seconds

Number of basis functions                   (NBF)    = 127
Number of auxiliary basis functions         (NBFAUX) = 205
Inactive Doubly occupied orbitals up to     (NO1)    = 0
No. considered Strongly Doubly occupied MOs (NDOC)   = 13
No. considered Strongly Singly occupied MOs (NSOC)   = 0
NO. of Weakly occ. per St. Doubly occ.  MOs (NCWO)   = 8
Dimension of the Nat. Orb. subspace         (NBF5)   = 117
No. of electrons                                     = 26
    No. of alpha electrons                           = 13
    No. of beta electrons                            = 13
Multiplicity                                         = 1

Geometry
========
Cl       0.0000000       0.0000000       0.5629020
 F       0.0000000       0.0000000      -1.0632600

No violations of the orthonormality
No violations of the orthonormality
 
PNOF8/ADABelief Calculation
==================
 
  Nitext  Nit_orb  Time   Nit_occ  Time         Eelec          Etot           Ediff      maxdiff    MaxGrad_orb  Grad_occ
     1      10    1.0e+01  108    1.3e+01  -609.09554827  -559.30718326 -10608.09554827   0.026035   1.0e-01   2.0e-04 0.04
     2      20    2.2e+00   54    4.6e-01  -609.37050101  -559.58213600    -0.27495274   1.622738   6.5e+00   1.9e-04 0.03
     3      20    2.4e+00   41    2.9e-01  -609.48027866  -559.69191365    -0.10977765   0.015481   6.2e-02   2.1e-04 0.03
     4      20    2.7e+00   33    3.2e-01  -609.49761421  -559.70924920    -0.01733555   0.157343   6.3e-01   2.5e-04 0.03
     5      20    2.5e+00   33    3.2e-01  -609.51551708  -559.72715207    -0.01790287   0.056308   2.3e-01   2.0e-04 0.03
     6      20    2.4e+00   35    3.2e-01  -609.52315486  -559.73478984    -0.00763778   0.055613   2.2e-01   2.1e-04 0.03
     7      20    2.7e+00   23    2.6e-01  -609.53031804  -559.74195302    -0.00716318   0.083242   3.3e-01   2.2e-04 0.03
     8      20    2.3e+00   15    1.8e-01  -609.53483495  -559.74646993    -0.00451691   0.066766   2.7e-01   2.8e-04 0.03
     9      20    2.5e+00   24    2.3e-01  -609.53926936  -559.75090434    -0.00443441   0.080684   3.2e-01   2.8e-04 0.03
    10      20    2.3e+00   13    2.2e-01  -609.54409324  -559.75572823    -0.00482389   0.048450   1.9e-01   2.4e-04 0.03
    11      20    2.5e+00   20    1.7e-01  -609.54710265  -559.75873763    -0.00300940   0.047409   1.9e-01   2.3e-04 0.03
    12      20    2.8e+00   17    2.4e-01  -609.55042762  -559.76206260    -0.00332497   0.046765   1.9e-01   2.1e-04 0.03
    13      20    2.3e+00    0    4.6e-02  -609.55071463  -559.76234961    -0.00028701   0.046764   1.9e-01   2.1e-04 0.03
    14      40    5.5e+00    5    1.2e-01  -609.56013978  -559.77177477    -0.00942515   0.007216   2.9e-02   3.4e-04 0.03
    15      40    4.9e+00   17    1.2e-01  -609.56120248  -559.77283746    -0.00106270   0.006074   2.4e-02   1.5e-04 0.03
    16      40    4.7e+00   10    1.8e-01  -609.56221932  -559.77385430    -0.00101684   0.004796   1.9e-02   2.3e-04 0.03
    17      40    4.3e+00   12    1.4e-01  -609.56287607  -559.77451105    -0.00065675   0.006495   2.6e-02   2.0e-04 0.03
    18      40    4.9e+00   13    1.7e-01  -609.56345296  -559.77508794    -0.00057689   0.006811   2.7e-02   1.8e-04 0.04
    19      40    4.7e+00   13    1.5e-01  -609.56392671  -559.77556169    -0.00047375   0.006711   2.7e-02   1.7e-04 0.04
    20      40    4.9e+00    6    1.5e-01  -609.56430677  -559.77594175    -0.00038006   0.006704   2.7e-02   1.6e-04 0.04
    21      40    4.8e+00    3    8.1e-02  -609.56452235  -559.77615733    -0.00021558   0.007073   2.8e-02   2.4e-04 0.04
    22      40    4.7e+00    6    8.8e-02  -609.56474572  -559.77638071    -0.00022338   0.007402   3.0e-02   3.0e-04 0.04
    23      40    4.8e+00   11    1.5e-01  -609.56488798  -559.77652296    -0.00014226   0.006782   2.7e-02   2.3e-04 0.04
    24      40    4.7e+00    3    4.4e-02  -609.56506414  -559.77669912    -0.00017616   0.008183   3.3e-02   2.1e-04 0.04
    25      40    5.2e+00    3    7.2e-02  -609.56511924  -559.77675422    -0.00005510   0.007480   3.0e-02   2.2e-04 0.04
    26      40    5.0e+00    4    5.3e-02  -609.56516948  -559.77680446    -0.00005024   0.007697   3.1e-02   2.9e-04 0.04
    27      40    5.1e+00   10    1.4e-01  -609.56522545  -559.77686043    -0.00005597   0.007512   3.0e-02   1.6e-04 0.04
    28      40    5.0e+00    1    2.3e-02  -609.56531815  -559.77695314    -0.00009271   0.007441   3.0e-02   2.2e-04 0.04
    29      40    5.0e+00    3    1.0e-01  -609.56533059  -559.77696557    -0.00001243   0.007342   2.9e-02   2.1e-04 0.04
    30      40    4.9e+00    8    1.3e-01  -609.56536164  -559.77699662    -0.00003105   0.007254   2.9e-02   2.5e-04 0.04
    31      40    4.8e+00    3    1.1e-01  -609.56540429  -559.77703927    -0.00004265   0.007165   2.9e-02   1.6e-04 0.04
    32      40    5.0e+00    1    7.2e-02  -609.56541989  -559.77705488    -0.00001561   0.007169   2.9e-02   2.1e-04 0.04
    33      40    4.7e+00    3    6.0e-02  -609.56543441  -559.77706939    -0.00001452   0.007250   2.9e-02   1.7e-04 0.04
    34      40    4.4e+00    0    5.7e-02  -609.56545885  -559.77709384    -0.00002444   0.007286   2.9e-02   2.2e-04 0.04
    35      50    6.2e+00   10    1.8e-01  -609.56557724  -559.77721222    -0.00011839   0.005318   2.1e-02   1.5e-04 0.04
    36      50    5.6e+00    3    5.4e-02  -609.56561183  -559.77724682    -0.00003459   0.005438   2.2e-02   1.7e-04 0.04
    37      50    5.9e+00    3    3.7e-02  -609.56566107  -559.77729606    -0.00004924   0.006411   2.6e-02   1.6e-04 0.04
    38      50    5.6e+00    0    6.1e-02  -609.56566660  -559.77730159    -0.00000553   0.006411   2.6e-02   1.6e-04 0.04
    39      70    8.7e+00    1    5.7e-02  -609.56585069  -559.77748567    -0.00018409   0.000530   2.1e-03   2.4e-04 0.04
 
RESULTS OF THE OCCUPATION OPTIMIZATION
========================================
   1    1.9999978  -104.98841289
   2    1.9999774  -26.39988685
   3    1.9996126  -10.66997319
   4    1.9993446  -8.14463361
   5    1.9994387  -8.13843124
   6    1.9993102  -8.13704286
   7    1.9869644  -1.53954534
   8    1.9835611  -1.24741318
   9    1.9634662  -0.77284107
  10    1.9782267  -0.76940426
  11    1.9783192  -0.76907865
  12    1.9755903  -0.52034013
  13    1.9724869  -0.51757660
  14    0.0092132  -0.01794154
  15    0.0086474  -0.01837509
  16    0.0121608  -0.02417102
  17    0.0117293  -0.02379485
  18    0.0339599  -0.06665006
  19    0.0055788  -0.02232041
  20    0.0076422  -0.02904469
  21    0.0005499  -0.01237156
  22    0.0004643  -0.01070195
  23    0.0004655  -0.01065765
  24    0.0002913  -0.00750678
  25    0.0000060  -0.00017706
  26    0.0000015  -0.00017026
  27    0.0086708  -0.01759961
  28    0.0069489  -0.01869421
  29    0.0040044  -0.01093202
  30    0.0038760  -0.01050928
  31    0.0021159  -0.00626085
  32    0.0044696  -0.01431286
  33    0.0020409  -0.00983296
  34    0.0000731  -0.00085974
  35    0.0000246  -0.00025703
  36    0.0000740  -0.00255064
  37    0.0000531  -0.00155280
  38    0.0000031  -0.00036289
  39    0.0000002  -0.00004037
  40    0.0067047  -0.01824274
  41    0.0052483  -0.01391969
  42    0.0034751  -0.00929718
  43    0.0033754  -0.00924003
  44    0.0001889  -0.00084027
  45    0.0035388  -0.01409879
  46    0.0018061  -0.00887827
  47    0.0000160  -0.00016955
  48    0.0000173  -0.00022171
  49    0.0000601  -0.00146113
  50    0.0000083  -0.00018094
  51    0.0000028  -0.00008974
  52    0.0000001  -0.00000961
  53    0.0016793  -0.00689006
  54    0.0020769  -0.00886590
  55    0.0006522  -0.00238000
  56    0.0011667  -0.00541861
  57    0.0000924  -0.00044290
  58    0.0015505  -0.00753275
  59    0.0005056  -0.00459328
  60    0.0000124  -0.00014892
  61    0.0000154  -0.00016425
  62    0.0000173  -0.00016925
  63    0.0000077  -0.00011389
  64    0.0000026  -0.00009007
  65    0.0000001  -0.00000783
  66    0.0005402  -0.00142852
  67    0.0006496  -0.00169572
  68    0.0005977  -0.00306347
  69    0.0006380  -0.00235407
  70    0.0000607  -0.00019925
  71    0.0005984  -0.00202246
  72    0.0003173  -0.00150626
  73    0.0000116  -0.00013701
  74    0.0000128  -0.00083385
  75    0.0000119  -0.00013653
  76    0.0000074  -0.00013101
  77    0.0000023  -0.00006507
  78    0.0000001  -0.00000676
  79    0.0004699  -0.00137069
  80    0.0005623  -0.00148414
  81    0.0002892  -0.00103986
  82    0.0004948  -0.00155292
  83    0.0000449  -0.00017648
  84    0.0002646  -0.00125897
  85    0.0002716  -0.00124934
  86    0.0000098  -0.00012022
  87    0.0000098  -0.00015116
  88    0.0000096  -0.00012580
  89    0.0000070  -0.00011642
  90    0.0000022  -0.00005715
  91    0.0000001  -0.00000619
  92    0.0001414  -0.00068183
  93    0.0002174  -0.00098449
  94    0.0002535  -0.00100685
  95    0.0002527  -0.00102041
  96    0.0000362  -0.00015597
  97    0.0002328  -0.00110063
  98    0.0002420  -0.00116904
  99    0.0000091  -0.00011954
 100    0.0000090  -0.00014381
 101    0.0000093  -0.00012324
 102    0.0000064  -0.00009604
 103    0.0000019  -0.00005649
 104    0.0000001  -0.00000575
 105    0.0000936  -0.00046687
 106    0.0000589  -0.00030222
 107    0.0002479  -0.00100506
 108    0.0002404  -0.00099306
 109    0.0000348  -0.00015390
 110    0.0002053  -0.00097622
 111    0.0002100  -0.00103030
 112    0.0000078  -0.00010694
 113    0.0000082  -0.00011111
 114    0.0000078  -0.00010642
 115    0.0000063  -0.00009376
 116    0.0000018  -0.00005397
 117    0.0000001  -0.00000463
 
----------------
 Final Energies 
----------------
Final NOF Total Energy =    -559.7774857
 
Total Orbital Internal Iterations = 1360
Total Occupation Internal Iterations = 568
 
Elapsed time:  202.54 Seconds

---------------------------------
   Lowdin Population Analysis    
---------------------------------
 Idx  Atom   Population   Charge 
---------------------------------
  1    Cl    16.893       0.107
  2     F     9.107      -0.107

---------------------------------
   M Diagnostic: 0.04
---------------------------------

