Computing Integrals
Basis Set                                            = def2-qzvp
Auxiliary Basis Set                                  = def2-universal-jkfit
Gaussian Type                                        = Spherical
Elapsed time:    5.45 Seconds

Number of basis functions                   (NBF)    = 271
Number of auxiliary basis functions         (NBFAUX) = 375
Inactive Doubly occupied orbitals up to     (NO1)    = 0
No. considered Strongly Doubly occupied MOs (NDOC)   = 20
No. considered Strongly Singly occupied MOs (NSOC)   = 0
NO. of Weakly occ. per St. Doubly occ.  MOs (NCWO)   = 12
Dimension of the Nat. Orb. subspace         (NBF5)   = 260
No. of electrons                                     = 40
    No. of alpha electrons                           = 20
    No. of beta electrons                            = 20
Multiplicity                                         = 1

Geometry
========
 N       0.0000000       0.0000000      -1.8411300
 C       0.0000000       0.0000000      -2.9821430
 H       0.0000000       0.0000000      -4.0497700
Cl       0.0000000       0.0000000       0.7715990
 F       0.0000000       0.0000000       2.4125940

No violations of the orthonormality
No violations of the orthonormality
 
PNOF8/ADABelief Calculation
==================
 
  Nitext  Nit_orb  Time   Nit_occ  Time         Eelec          Etot           Ediff      maxdiff    MaxGrad_orb  Grad_occ
     1      10    1.4e+01  128    2.5e+01  -780.13339606  -652.44694758 -10779.13339606   0.026519   1.1e-01   2.2e-04 0.04
     2      20    9.4e+00   81    8.5e+00  -780.38896857  -652.70252010    -0.25557252   0.971338   3.9e+00   1.9e-04 0.03
     3      20    9.2e+00   46    5.1e+00  -780.62625387  -652.93980539    -0.23728529   0.110259   4.4e-01   2.5e-04 0.03
     4      20    9.7e+00    0    4.2e-01  -780.63610094  -652.94965247    -0.00984707   0.110260   4.4e-01   2.5e-04 0.03
     5      40    1.8e+01   41    4.6e+00  -780.73117357  -653.04472509    -0.09507263   0.011059   4.4e-02   2.7e-04 0.03
     6      40    1.8e+01   22    2.7e+00  -780.75201146  -653.06556298    -0.02083789   0.014270   5.7e-02   3.2e-04 0.03
     7      40    1.9e+01   31    3.6e+00  -780.76583370  -653.07938522    -0.01382223   0.014770   5.9e-02   2.1e-04 0.04
     8      40    1.8e+01   15    2.0e+00  -780.77559330  -653.08914483    -0.00975961   0.011805   4.7e-02   2.8e-04 0.04
     9      40    1.8e+01   19    2.7e+00  -780.78319437  -653.09674590    -0.00760107   0.011584   4.6e-02   2.4e-04 0.04
    10      40    1.8e+01   29    3.4e+00  -780.78919849  -653.10275001    -0.00600412   0.011517   4.6e-02   2.7e-04 0.04
    11      40    1.8e+01   10    1.4e+00  -780.79398290  -653.10753442    -0.00478441   0.010393   4.2e-02   3.1e-04 0.04
    12      40    1.9e+01   16    2.1e+00  -780.79755478  -653.11110630    -0.00357188   0.008863   3.5e-02   2.5e-04 0.04
    13      40    1.8e+01   15    2.0e+00  -780.79979001  -653.11334153    -0.00223523   0.009237   3.7e-02   2.7e-04 0.04
    14      40    1.8e+01   10    1.5e+00  -780.80122405  -653.11477558    -0.00143405   0.012503   5.0e-02   3.2e-04 0.04
    15      40    1.9e+01   18    2.3e+00  -780.80215865  -653.11571017    -0.00093459   0.010624   4.2e-02   2.7e-04 0.04
    16      40    1.8e+01    8    1.2e+00  -780.80292283  -653.11647435    -0.00076418   0.009907   4.0e-02   2.3e-04 0.04
    17      40    1.9e+01   16    2.1e+00  -780.80337948  -653.11693100    -0.00045665   0.010224   4.1e-02   2.8e-04 0.04
    18      40    1.9e+01    9    1.4e+00  -780.80373396  -653.11728549    -0.00035448   0.010560   4.2e-02   2.1e-04 0.04
    19      40    1.9e+01    8    1.3e+00  -780.80412015  -653.11767168    -0.00038619   0.010095   4.0e-02   2.9e-04 0.04
    20      40    1.9e+01   11    1.6e+00  -780.80448483  -653.11803636    -0.00036468   0.007591   3.0e-02   3.0e-04 0.04
    21      40    2.0e+01    4    8.8e-01  -780.80483827  -653.11838979    -0.00035344   0.008241   3.3e-02   2.5e-04 0.04
    22      40    1.9e+01   13    1.8e+00  -780.80507180  -653.11862332    -0.00023353   0.008376   3.4e-02   2.9e-04 0.04
    23      40    1.8e+01   15    2.0e+00  -780.80539829  -653.11894981    -0.00032649   0.008008   3.2e-02   2.2e-04 0.04
    24      40    1.8e+01    4    8.5e-01  -780.80564426  -653.11919578    -0.00024597   0.006956   2.8e-02   1.9e-04 0.04
    25      40    1.8e+01    3    7.4e-01  -780.80590897  -653.11946050    -0.00026471   0.006728   2.7e-02   2.3e-04 0.04
    26      40    1.9e+01    4    8.7e-01  -780.80599030  -653.11954182    -0.00008133   0.007525   3.0e-02   2.6e-04 0.04
    27      40    1.8e+01    1    5.1e-01  -780.80604257  -653.11959410    -0.00005227   0.007411   3.0e-02   2.4e-04 0.04
    28      40    1.9e+01   10    1.5e+00  -780.80604980  -653.11960132    -0.00000723   0.006245   2.5e-02   2.2e-04 0.04
    29      40    1.8e+01    1    5.9e-01  -780.80615702  -653.11970854    -0.00010722   0.006317   2.5e-02   2.4e-04 0.04
    30      40    1.8e+01    0    4.2e-01  -780.80615787  -653.11970939    -0.00000085   0.006317   2.5e-02   2.4e-04 0.04
    31      60    2.9e+01    3    7.3e-01  -780.80699882  -653.12055035    -0.00084096   0.001013   4.1e-03   1.7e-04 0.04
    32      60    2.7e+01    0    4.2e-01  -780.80700311  -653.12055464    -0.00000429   0.001013   4.1e-03   1.7e-04 0.04
    33      57    2.5e+01    0    4.2e-01  -780.80701616  -653.12056769    -0.00001305   0.000498   2.0e-03   2.0e-04 0.04
 
RESULTS OF THE OCCUPATION OPTIMIZATION
========================================
   1    1.9999992  -104.95989231
   2    1.9999875  -26.36175305
   3    1.9999626  -14.28784524
   4    1.9999455  -12.65199055
   5    1.9996801  -10.64014041
   6    1.9993685  -8.11530262
   7    1.9994329  -8.10937153
   8    1.9994321  -8.10844072
   9    1.9860834  -1.51804938
  10    1.9840707  -1.27238939
  11    1.9836019  -1.12627316
  12    1.9804043  -0.81489164
  13    1.9748427  -0.77135703
  14    1.9784577  -0.73449342
  15    1.9785018  -0.73410105
  16    1.9634099  -0.72733582
  17    1.9624526  -0.55244037
  18    1.9630391  -0.55239813
  19    1.9768211  -0.49418337
  20    1.9705655  -0.48958765
  21    0.0107436  -0.01859106
  22    0.0097276  -0.01863605
  23    0.0310325  -0.03897933
  24    0.0307154  -0.03881805
  25    0.0340663  -0.06638852
  26    0.0109415  -0.02238528
  27    0.0113886  -0.02277265
  28    0.0165914  -0.03025266
  29    0.0068809  -0.01792399
  30    0.0058334  -0.01926179
  31    0.0059529  -0.01830852
  32    0.0074228  -0.02743578
  33    0.0004842  -0.01072109
  34    0.0004386  -0.01004963
  35    0.0005628  -0.01242296
  36    0.0002753  -0.00687923
  37    0.0000285  -0.00059268
  38    0.0000300  -0.00072588
  39    0.0000110  -0.00047644
  40    0.0000007  -0.00001186
  41    0.0102760  -0.01825180
  42    0.0076438  -0.01983454
  43    0.0042740  -0.00739928
  44    0.0031103  -0.00545755
  45    0.0021284  -0.00617206
  46    0.0037159  -0.01046934
  47    0.0038053  -0.01053044
  48    0.0038063  -0.00762227
  49    0.0061574  -0.01605088
  50    0.0047082  -0.01437903
  51    0.0043151  -0.01301072
  52    0.0032524  -0.01261505
  53    0.0000148  -0.00092011
  54    0.0000728  -0.00331591
  55    0.0000115  -0.00014577
  56    0.0000105  -0.00022072
  57    0.0000043  -0.00005670
  58    0.0000013  -0.00001838
  59    0.0000002  -0.00000372
  60    0.0000000  -0.00000062
  61    0.0067528  -0.01384411
  62    0.0021173  -0.00836550
  63    0.0007916  -0.00167033
  64    0.0030354  -0.00528974
  65    0.0001840  -0.00078826
  66    0.0032934  -0.00899899
  67    0.0033737  -0.00907990
  68    0.0027169  -0.00602801
  69    0.0020422  -0.00599171
  70    0.0020770  -0.00963395
  71    0.0022989  -0.00704511
  72    0.0015016  -0.00739863
  73    0.0000096  -0.00012853
  74    0.0000099  -0.00012692
  75    0.0000101  -0.00012538
  76    0.0000072  -0.00009170
  77    0.0000041  -0.00005371
  78    0.0000011  -0.00001711
  79    0.0000002  -0.00000391
  80    0.0000000  -0.00000062
  81    0.0005585  -0.00137612
  82    0.0015959  -0.00612975
  83    0.0002449  -0.00059981
  84    0.0002389  -0.00061305
  85    0.0000488  -0.00017491
  86    0.0011445  -0.00535160
  87    0.0011438  -0.00533851
  88    0.0006333  -0.00186077
  89    0.0017077  -0.00438789
  90    0.0019812  -0.00969996
  91    0.0015509  -0.00480152
  92    0.0005376  -0.00396645
  93    0.0000096  -0.00012641
  94    0.0000097  -0.00012419
  95    0.0000093  -0.00012017
  96    0.0000064  -0.00008373
  97    0.0000038  -0.00004281
  98    0.0000010  -0.00001502
  99    0.0000002  -0.00000335
 100    0.0000000  -0.00000043
 101    0.0005011  -0.00135413
 102    0.0007101  -0.00177826
 103    0.0002432  -0.00059678
 104    0.0001457  -0.00041475
 105    0.0000370  -0.00011945
 106    0.0006726  -0.00256240
 107    0.0006778  -0.00258836
 108    0.0004187  -0.00121269
 109    0.0008271  -0.00192726
 110    0.0006064  -0.00341647
 111    0.0006644  -0.00401037
 112    0.0002843  -0.00128324
 113    0.0000088  -0.00011309
 114    0.0000089  -0.00011450
 115    0.0000077  -0.00009404
 116    0.0000051  -0.00015393
 117    0.0000031  -0.00004224
 118    0.0000010  -0.00001435
 119    0.0000002  -0.00000309
 120    0.0000000  -0.00000031
 121    0.0002338  -0.00089171
 122    0.0006367  -0.00156318
 123    0.0001161  -0.00031743
 124    0.0001048  -0.00028246
 125    0.0000292  -0.00010953
 126    0.0005328  -0.00205216
 127    0.0002730  -0.00109716
 128    0.0002602  -0.00077056
 129    0.0006674  -0.00193778
 130    0.0005642  -0.00215546
 131    0.0005702  -0.00256188
 132    0.0002551  -0.00125655
 133    0.0000079  -0.00009668
 134    0.0000082  -0.00010227
 135    0.0000074  -0.00009302
 136    0.0000040  -0.00011681
 137    0.0000027  -0.00008244
 138    0.0000008  -0.00001427
 139    0.0000002  -0.00000307
 140    0.0000000  -0.00000030
 141    0.0001400  -0.00051018
 142    0.0002311  -0.00093278
 143    0.0000931  -0.00028753
 144    0.0000902  -0.00026968
 145    0.0000282  -0.00010543
 146    0.0005280  -0.00205241
 147    0.0002502  -0.00101965
 148    0.0002455  -0.00079108
 149    0.0004559  -0.00131715
 150    0.0002817  -0.00137029
 151    0.0002833  -0.00153463
 152    0.0002513  -0.00119515
 153    0.0000077  -0.00009721
 154    0.0000066  -0.00008444
 155    0.0000067  -0.00008552
 156    0.0000026  -0.00006047
 157    0.0000019  -0.00003045
 158    0.0000007  -0.00003472
 159    0.0000002  -0.00000254
 160    0.0000000  -0.00000024
 161    0.0001110  -0.00044469
 162    0.0002265  -0.00094138
 163    0.0000724  -0.00025409
 164    0.0000330  -0.00011229
 165    0.0000243  -0.00009814
 166    0.0002568  -0.00102515
 167    0.0002481  -0.00097709
 168    0.0001528  -0.00051473
 169    0.0002825  -0.00105128
 170    0.0001379  -0.00104845
 171    0.0001301  -0.00089838
 172    0.0001303  -0.00098141
 173    0.0000073  -0.00009169
 174    0.0000048  -0.00006668
 175    0.0000060  -0.00007758
 176    0.0000025  -0.00015668
 177    0.0000018  -0.00002691
 178    0.0000005  -0.00000815
 179    0.0000001  -0.00000223
 180    0.0000000  -0.00000021
 181    0.0000412  -0.00012194
 182    0.0001310  -0.00057533
 183    0.0000339  -0.00011586
 184    0.0000237  -0.00008704
 185    0.0000136  -0.00006860
 186    0.0002401  -0.00096541
 187    0.0002282  -0.00089555
 188    0.0001516  -0.00049993
 189    0.0002623  -0.00081960
 190    0.0000839  -0.00064123
 191    0.0000569  -0.00026293
 192    0.0001125  -0.00116830
 193    0.0000071  -0.00008764
 194    0.0000036  -0.00007197
 195    0.0000037  -0.00004961
 196    0.0000024  -0.00014022
 197    0.0000015  -0.00002199
 198    0.0000004  -0.00001572
 199    0.0000001  -0.00000154
 200    0.0000000  -0.00000020
 201    0.0000378  -0.00011822
 202    0.0000578  -0.00020486
 203    0.0000244  -0.00008711
 204    0.0000202  -0.00008171
 205    0.0000125  -0.00007021
 206    0.0000783  -0.00028032
 207    0.0000733  -0.00026681
 208    0.0001001  -0.00031012
 209    0.0001618  -0.00064682
 210    0.0000569  -0.00023343
 211    0.0000425  -0.00020305
 212    0.0000600  -0.00030829
 213    0.0000053  -0.00007496
 214    0.0000020  -0.00003936
 215    0.0000037  -0.00005489
 216    0.0000021  -0.00004185
 217    0.0000013  -0.00001604
 218    0.0000004  -0.00000505
 219    0.0000001  -0.00000121
 220    0.0000000  -0.00000016
 221    0.0000286  -0.00011922
 222    0.0000552  -0.00021429
 223    0.0000181  -0.00008489
 224    0.0000166  -0.00007894
 225    0.0000094  -0.00006249
 226    0.0000692  -0.00025869
 227    0.0000412  -0.00017875
 228    0.0000572  -0.00022935
 229    0.0001135  -0.00052744
 230    0.0000453  -0.00022159
 231    0.0000407  -0.00020025
 232    0.0000586  -0.00027279
 233    0.0000049  -0.00016382
 234    0.0000017  -0.00002449
 235    0.0000022  -0.00006404
 236    0.0000015  -0.00003431
 237    0.0000009  -0.00001485
 238    0.0000003  -0.00000461
 239    0.0000000  -0.00000110
 240    0.0000000  -0.00000016
 241    0.0000100  -0.00006569
 242    0.0000457  -0.00017733
 243    0.0000166  -0.00007887
 244    0.0000132  -0.00006768
 245    0.0000085  -0.00005275
 246    0.0000251  -0.00013264
 247    0.0000390  -0.00017455
 248    0.0000233  -0.00012279
 249    0.0000369  -0.00015829
 250    0.0000219  -0.00014291
 251    0.0000234  -0.00012757
 252    0.0000501  -0.00027074
 253    0.0000008  -0.00001033
 254    0.0000004  -0.00002337
 255    0.0000004  -0.00002497
 256    0.0000003  -0.00001954
 257    0.0000005  -0.00002722
 258    0.0000001  -0.00000117
 259    0.0000000  -0.00000044
 260    0.0000000  -0.00000012
 
----------------
 Final Energies 
----------------
Final NOF Total Energy =    -653.1205677
 
Total Orbital Internal Iterations = 1287
Total Occupation Internal Iterations = 591
 
Elapsed time:  740.85 Seconds

---------------------------------
   Lowdin Population Analysis    
---------------------------------
 Idx  Atom   Population   Charge 
---------------------------------
  1     N     6.912       0.088
  2     C     5.930       0.070
  3     H     1.128      -0.128
  4    Cl    16.890       0.110
  5     F     9.140      -0.140

---------------------------------
   M Diagnostic: 0.04
---------------------------------

