Computing Integrals
Basis Set                                            = def2-qzvp
Auxiliary Basis Set                                  = def2-universal-jkfit
Gaussian Type                                        = Spherical
Elapsed time:    1.72 Seconds

Number of basis functions                   (NBF)    = 100
Number of auxiliary basis functions         (NBFAUX) = 146
Inactive Doubly occupied orbitals up to     (NO1)    = 0
No. considered Strongly Doubly occupied MOs (NDOC)   = 9
No. considered Strongly Singly occupied MOs (NSOC)   = 0
NO. of Weakly occ. per St. Doubly occ.  MOs (NCWO)   = 10
Dimension of the Nat. Orb. subspace         (NBF5)   = 99
No. of electrons                                     = 18
    No. of alpha electrons                           = 9
    No. of beta electrons                            = 9
Multiplicity                                         = 1

Geometry
========
 H       0.0000000       0.0000000      -0.6357120
Cl       0.0000000       0.0000000       0.6357120

No violations of the orthonormality
No violations of the orthonormality
 
PNOF8/ADABelief Calculation
==================
 
  Nitext  Nit_orb  Time   Nit_occ  Time         Eelec          Etot           Ediff      maxdiff    MaxGrad_orb  Grad_occ
     1      10    9.7e+00    0    1.2e+01  -467.75090730  -460.67538085 -10466.75090730   0.000972   3.9e-03   1.9e-04 0.02
 
RESULTS OF THE OCCUPATION OPTIMIZATION
========================================
   1    1.9999994  -104.90898663
   2    1.9998606  -10.59678838
   3    1.9988698  -8.06919505
   4    1.9991970  -8.06663513
   5    1.9992701  -8.06618361
   6    1.9838076  -1.13883842
   7    1.9711424  -0.65394900
   8    1.9726397  -0.50313212
   9    1.9714844  -0.50203602
  10    0.0096106  -0.01753807
  11    0.0086387  -0.01713709
  12    0.0186700  -0.03317394
  13    0.0068233  -0.02869318
  14    0.0005677  -0.01264924
  15    0.0006899  -0.01231564
  16    0.0004912  -0.01094298
  17    0.0001051  -0.00131820
  18    0.0000005  -0.00000689
  19    0.0095121  -0.01767625
  20    0.0086201  -0.01689977
  21    0.0071056  -0.01579337
  22    0.0023512  -0.01122779
  23    0.0000795  -0.00099355
  24    0.0000742  -0.00311588
  25    0.0004696  -0.01082129
  26    0.0000163  -0.00103200
  27    0.0000000  -0.00000068
  28    0.0074665  -0.01890876
  29    0.0068727  -0.01866753
  30    0.0007582  -0.00183691
  31    0.0020394  -0.01008115
  32    0.0000670  -0.00065488
  33    0.0000151  -0.00010871
  34    0.0001427  -0.00248806
  35    0.0000099  -0.00009065
  36    0.0000000  -0.00000018
  37    0.0008786  -0.00234785
  38    0.0020325  -0.00857773
  39    0.0007298  -0.00176648
  40    0.0020357  -0.01020680
  41    0.0000070  -0.00006926
  42    0.0000085  -0.00008161
  43    0.0000088  -0.00009813
  44    0.0000034  -0.00022776
  45    0.0000000  -0.00000018
  46    0.0006694  -0.00161737
  47    0.0006509  -0.00164647
  48    0.0006030  -0.00149393
  49    0.0019342  -0.00992372
  50    0.0000039  -0.00005154
  51    0.0000062  -0.00006331
  52    0.0000062  -0.00007038
  53    0.0000026  -0.00006492
  54    0.0000000  -0.00000009
  55    0.0001420  -0.00047550
  56    0.0002492  -0.00094720
  57    0.0006000  -0.00148195
  58    0.0003238  -0.00146159
  59    0.0000024  -0.00004389
  60    0.0000046  -0.00005466
  61    0.0000047  -0.00005614
  62    0.0000009  -0.00000954
  63    0.0000000  -0.00000008
  64    0.0000741  -0.00021910
  65    0.0001411  -0.00049490
  66    0.0002304  -0.00092697
  67    0.0002941  -0.00146106
  68    0.0000009  -0.00000820
  69    0.0000028  -0.00007579
  70    0.0000037  -0.00035173
  71    0.0000005  -0.00000430
  72    0.0000000  -0.00000008
  73    0.0000619  -0.00018735
  74    0.0000567  -0.00018450
  75    0.0000614  -0.00020432
  76    0.0002519  -0.00110413
  77    0.0000006  -0.00000733
  78    0.0000009  -0.00001037
  79    0.0000017  -0.00006462
  80    0.0000003  -0.00000206
  81    0.0000000  -0.00000007
  82    0.0000568  -0.00017533
  83    0.0000537  -0.00017755
  84    0.0000586  -0.00018765
  85    0.0000711  -0.00028966
  86    0.0000005  -0.00000560
  87    0.0000004  -0.00000327
  88    0.0000011  -0.00003522
  89    0.0000002  -0.00000148
  90    0.0000000  -0.00000008
  91    0.0000435  -0.00013450
  92    0.0000448  -0.00015156
  93    0.0000407  -0.00012724
  94    0.0000675  -0.00023788
  95    0.0000004  -0.00000307
  96    0.0000004  -0.00000289
  97    0.0000005  -0.00000489
  98    0.0000002  -0.00000143
  99    0.0000000  -0.00000008
 
----------------
 Final Energies 
----------------
Final NOF Total Energy =    -460.6753809
 
Total Orbital Internal Iterations = 10
Total Occupation Internal Iterations = 0
 
Elapsed time:   27.70 Seconds

---------------------------------
   Lowdin Population Analysis    
---------------------------------
 Idx  Atom   Population   Charge 
---------------------------------
  1     H     1.379      -0.379
  2    Cl    16.621       0.379

---------------------------------
   M Diagnostic: 0.02
---------------------------------

