Computing Integrals
Basis Set                                            = def2-qzvp
Auxiliary Basis Set                                  = def2-universal-jkfit
Gaussian Type                                        = Spherical
Elapsed time:    1.69 Seconds

Number of basis functions                   (NBF)    = 130
Number of auxiliary basis functions         (NBFAUX) = 164
Inactive Doubly occupied orbitals up to     (NO1)    = 0
No. considered Strongly Doubly occupied MOs (NDOC)   = 9
No. considered Strongly Singly occupied MOs (NSOC)   = 0
NO. of Weakly occ. per St. Doubly occ.  MOs (NCWO)   = 13
Dimension of the Nat. Orb. subspace         (NBF5)   = 126
No. of electrons                                     = 18
    No. of alpha electrons                           = 9
    No. of beta electrons                            = 9
Multiplicity                                         = 1

Geometry
========
 S      -0.2055613       0.0000000      -0.1450716
 H      -0.0100710       0.0000000       1.1820045
 H       1.1113023       0.0000000      -0.4035958

No violations of the orthonormality
No violations of the orthonormality
 
PNOF8/ADABelief Calculation
==================
 
  Nitext  Nit_orb  Time   Nit_occ  Time         Eelec          Etot           Ediff      maxdiff    MaxGrad_orb  Grad_occ
     1      10    9.9e+00    0    1.2e+01  -412.14373699  -399.25021416 -10411.14373699   0.000483   1.9e-03   2.1e-04 0.02
 
RESULTS OF THE OCCUPATION OPTIMIZATION
========================================
   1    1.9999992  -92.02298034
   2    1.9995929  -8.97884938
   3    1.9991787  -6.68062028
   4    1.9988958  -6.67369047
   5    1.9992466  -6.66864023
   6    1.9805679  -0.98868524
   7    1.9706025  -0.55379929
   8    1.9697247  -0.55329766
   9    1.9775509  -0.44866158
  10    0.0066111  -0.01889539
  11    0.0184250  -0.03003969
  12    0.0175399  -0.02980365
  13    0.0062551  -0.02435645
  14    0.0006817  -0.01082114
  15    0.0010008  -0.01398658
  16    0.0006306  -0.01123729
  17    0.0003845  -0.00703372
  18    0.0000008  -0.00000618
  19    0.0064956  -0.01502343
  20    0.0079644  -0.01352591
  21    0.0076008  -0.01338316
  22    0.0048775  -0.01327559
  23    0.0000189  -0.00102005
  24    0.0000793  -0.00246793
  25    0.0001451  -0.00278644
  26    0.0000075  -0.00015373
  27    0.0000000  -0.00000036
  28    0.0026144  -0.01077646
  29    0.0011975  -0.00261391
  30    0.0020311  -0.00592276
  31    0.0045157  -0.01404020
  32    0.0000114  -0.00009179
  33    0.0000081  -0.00006190
  34    0.0000131  -0.00009090
  35    0.0000042  -0.00035004
  36    0.0000000  -0.00000033
  37    0.0020882  -0.00842603
  38    0.0007447  -0.00159715
  39    0.0009889  -0.00218715
  40    0.0023605  -0.01025585
  41    0.0000103  -0.00008236
  42    0.0000068  -0.00005363
  43    0.0000087  -0.00006734
  44    0.0000036  -0.00003521
  45    0.0000000  -0.00000017
  46    0.0020711  -0.00832661
  47    0.0006820  -0.00143794
  48    0.0006281  -0.00140569
  49    0.0003021  -0.00115189
  50    0.0000094  -0.00007606
  51    0.0000028  -0.00003255
  52    0.0000068  -0.00005372
  53    0.0000023  -0.00015463
  54    0.0000000  -0.00000016
  55    0.0011872  -0.00463426
  56    0.0004956  -0.00104459
  57    0.0001622  -0.00044916
  58    0.0002759  -0.00108916
  59    0.0000085  -0.00006559
  60    0.0000019  -0.00001594
  61    0.0000064  -0.00005245
  62    0.0000015  -0.00001219
  63    0.0000000  -0.00000013
  64    0.0008177  -0.00241204
  65    0.0002367  -0.00067102
  66    0.0001447  -0.00048938
  67    0.0002675  -0.00087634
  68    0.0000056  -0.00004598
  69    0.0000012  -0.00001110
  70    0.0000053  -0.00004235
  71    0.0000012  -0.00001129
  72    0.0000000  -0.00000011
  73    0.0003144  -0.00125254
  74    0.0001787  -0.00046354
  75    0.0000849  -0.00025503
  76    0.0002510  -0.00091458
  77    0.0000043  -0.00019251
  78    0.0000010  -0.00000785
  79    0.0000021  -0.00001619
  80    0.0000006  -0.00000533
  81    0.0000000  -0.00000011
  82    0.0001020  -0.00031734
  83    0.0001350  -0.00039924
  84    0.0000684  -0.00019409
  85    0.0001423  -0.00085218
  86    0.0000017  -0.00001516
  87    0.0000009  -0.00000691
  88    0.0000015  -0.00001248
  89    0.0000006  -0.00000455
  90    0.0000000  -0.00000010
  91    0.0000726  -0.00021100
  92    0.0000723  -0.00020885
  93    0.0000646  -0.00017475
  94    0.0000775  -0.00026203
  95    0.0000006  -0.00000425
  96    0.0000006  -0.00000494
  97    0.0000006  -0.00000449
  98    0.0000004  -0.00000270
  99    0.0000000  -0.00000009
 100    0.0000534  -0.00016429
 101    0.0000593  -0.00017675
 102    0.0000558  -0.00014843
 103    0.0000648  -0.00020851
 104    0.0000005  -0.00000314
 105    0.0000004  -0.00000241
 106    0.0000005  -0.00000379
 107    0.0000004  -0.00000205
 108    0.0000000  -0.00000006
 109    0.0000116  -0.00006541
 110    0.0000490  -0.00014176
 111    0.0000236  -0.00009072
 112    0.0000260  -0.00011006
 113    0.0000003  -0.00000196
 114    0.0000002  -0.00000160
 115    0.0000004  -0.00000268
 116    0.0000002  -0.00000104
 117    0.0000000  -0.00000005
 118    0.0000099  -0.00005816
 119    0.0000349  -0.00010249
 120    0.0000045  -0.00001760
 121    0.0000163  -0.00008734
 122    0.0000003  -0.00000162
 123    0.0000002  -0.00000107
 124    0.0000003  -0.00000172
 125    0.0000002  -0.00000097
 126    0.0000000  -0.00000004
 
----------------
 Final Energies 
----------------
Final NOF Total Energy =    -399.2502142
 
Total Orbital Internal Iterations = 10
Total Occupation Internal Iterations = 0
 
Elapsed time:   27.91 Seconds

---------------------------------
   Lowdin Population Analysis    
---------------------------------
 Idx  Atom   Population   Charge 
---------------------------------
  1     S    15.501       0.499
  2     H     1.250      -0.250
  3     H     1.249      -0.249

---------------------------------
   M Diagnostic: 0.02
---------------------------------

