Computing Integrals
Basis Set                                            = def2-qzvp
Auxiliary Basis Set                                  = def2-universal-jkfit
Gaussian Type                                        = Spherical
Elapsed time:    3.24 Seconds

Number of basis functions                   (NBF)    = 217
Number of auxiliary basis functions         (NBFAUX) = 257
Inactive Doubly occupied orbitals up to     (NO1)    = 0
No. considered Strongly Doubly occupied MOs (NDOC)   = 12
No. considered Strongly Singly occupied MOs (NSOC)   = 0
NO. of Weakly occ. per St. Doubly occ.  MOs (NCWO)   = 17
Dimension of the Nat. Orb. subspace         (NBF5)   = 216
No. of electrons                                     = 24
    No. of alpha electrons                           = 12
    No. of beta electrons                            = 12
Multiplicity                                         = 1

Geometry
========
 S       0.3082691      -1.1248975       0.0000000
 C       0.2332779       0.4820209       0.0000000
 H      -0.7041702       1.0234675       0.0000000
 H       1.1670468       1.0314181       0.0000000
 H      -1.0044235      -1.4120089       0.0000000

No violations of the orthonormality
No violations of the orthonormality
 
PNOF8/ADABelief Calculation
==================
 
  Nitext  Nit_orb  Time   Nit_occ  Time         Eelec          Etot           Ediff      maxdiff    MaxGrad_orb  Grad_occ
     1      10    1.1e+01  115    2.2e+01  -490.23265275  -437.21214650 -10489.23265275   0.020851   8.3e-02   2.0e-04 0.04
     2      20    4.2e+00   67    5.7e+00  -490.47283660  -437.45233035    -0.24018385   0.135340   5.4e-01   2.6e-04 0.03
     3      20    4.0e+00   24    2.2e+00  -490.54140885  -437.52090261    -0.06857226   0.055268   2.2e-01   3.4e-04 0.03
     4      20    4.0e+00   43    3.8e+00  -490.55253266  -437.53202641    -0.01112380   0.062600   2.5e-01   1.8e-04 0.03
     5      20    4.1e+00   37    3.3e+00  -490.56324785  -437.54274161    -0.01071520   0.075242   3.0e-01   2.1e-04 0.03
     6      20    4.6e+00   17    1.6e+00  -490.56592273  -437.54541648    -0.00267488   0.062407   2.5e-01   2.2e-04 0.03
     7      20    4.2e+00   10    1.0e+00  -490.57521820  -437.55471195    -0.00929547   0.062132   2.5e-01   2.6e-04 0.03
     8      20    3.8e+00   14    1.4e+00  -490.57992929  -437.55942305    -0.00471110   0.054394   2.2e-01   1.7e-04 0.03
     9      20    3.9e+00   14    1.5e+00  -490.58208668  -437.56158043    -0.00215739   0.052252   2.1e-01   1.9e-04 0.03
    10      20    4.5e+00   14    1.4e+00  -490.58643134  -437.56592509    -0.00434466   0.043004   1.7e-01   2.3e-04 0.03
    11      20    4.1e+00   11    1.1e+00  -490.58966245  -437.56915620    -0.00323111   0.034295   1.4e-01   2.5e-04 0.03
    12      20    4.0e+00    0    1.7e-01  -490.59000305  -437.56949680    -0.00034060   0.034295   1.4e-01   2.5e-04 0.03
    13      40    7.8e+00   14    1.4e+00  -490.59995183  -437.57944558    -0.00994877   0.004568   1.8e-02   2.5e-04 0.03
    14      40    8.0e+00   11    1.2e+00  -490.60085759  -437.58035134    -0.00090576   0.006208   2.5e-02   2.3e-04 0.03
    15      40    7.9e+00    9    9.4e-01  -490.60157175  -437.58106550    -0.00071416   0.007035   2.8e-02   2.6e-04 0.03
    16      40    8.2e+00   37    3.2e+00  -490.60216574  -437.58165949    -0.00059399   0.005897   2.4e-02   2.1e-04 0.03
    17      40    8.1e+00    7    7.8e-01  -490.60283679  -437.58233054    -0.00067105   0.006466   2.6e-02   2.6e-04 0.03
    18      40    7.7e+00    9    9.8e-01  -490.60321528  -437.58270903    -0.00037849   0.007077   2.8e-02   2.3e-04 0.03
    19      40    8.0e+00    9    1.1e+00  -490.60359043  -437.58308418    -0.00037514   0.005970   2.4e-02   2.6e-04 0.03
    20      40    7.9e+00    9    9.8e-01  -490.60380900  -437.58330275    -0.00021857   0.005803   2.3e-02   2.6e-04 0.03
    21      40    7.8e+00    3    4.7e-01  -490.60399849  -437.58349224    -0.00018949   0.007120   2.8e-02   2.1e-04 0.03
    22      40    8.1e+00    3    4.2e-01  -490.60414503  -437.58363878    -0.00014654   0.006194   2.5e-02   2.6e-04 0.03
    23      40    7.7e+00    7    8.0e-01  -490.60419798  -437.58369173    -0.00005295   0.005726   2.3e-02   3.0e-04 0.03
    24      40    8.2e+00    3    4.4e-01  -490.60437796  -437.58387171    -0.00017998   0.006659   2.7e-02   1.9e-04 0.03
    25      40    7.9e+00    3    4.8e-01  -490.60440604  -437.58389979    -0.00002808   0.008119   3.2e-02   2.7e-04 0.03
    26      40    8.0e+00    9    9.6e-01  -490.60449030  -437.58398405    -0.00008426   0.008131   3.3e-02   2.7e-04 0.03
    27      40    8.2e+00    3    4.9e-01  -490.60459876  -437.58409251    -0.00010846   0.006997   2.8e-02   2.0e-04 0.03
    28      40    8.3e+00    0    1.9e-01  -490.60460644  -437.58410019    -0.00000768   0.006997   2.8e-02   2.0e-04 0.03
    29      60    1.2e+01    5    6.3e-01  -490.60499684  -437.58449059    -0.00039040   0.000681   2.7e-03   2.2e-04 0.03
 
RESULTS OF THE OCCUPATION OPTIMIZATION
========================================
   1    1.9999988  -92.34808754
   2    1.9999294  -11.59655158
   3    1.9995686  -9.28706853
   4    1.9993493  -7.01395090
   5    1.9988316  -6.99674850
   6    1.9992734  -6.99585145
   7    1.9818779  -1.35012977
   8    1.9806534  -1.11937848
   9    1.9741588  -0.90683265
  10    1.9714521  -0.90376689
  11    1.9717528  -0.85770388
  12    1.9643701  -0.72842576
  13    0.0264889  -0.04030928
  14    0.0168068  -0.03200281
  15    0.0107925  -0.01871083
  16    0.0175915  -0.03783049
  17    0.0057469  -0.01758860
  18    0.0055861  -0.02121080
  19    0.0005207  -0.00872959
  20    0.0010629  -0.01487433
  21    0.0005802  -0.01073840
  22    0.0004021  -0.00736664
  23    0.0000683  -0.00141227
  24    0.0000012  -0.00003669
  25    0.0072881  -0.01297848
  26    0.0065976  -0.01311859
  27    0.0093976  -0.01751205
  28    0.0027685  -0.00877785
  29    0.0049748  -0.01362555
  30    0.0046400  -0.01390399
  31    0.0001672  -0.00290332
  32    0.0000740  -0.00259978
  33    0.0000266  -0.00027240
  34    0.0000173  -0.00040419
  35    0.0000006  -0.00000487
  36    0.0000000  -0.00000012
  37    0.0006499  -0.00143875
  38    0.0016641  -0.00545167
  39    0.0031777  -0.00691421
  40    0.0020921  -0.00679933
  41    0.0032274  -0.01269888
  42    0.0038493  -0.01510112
  43    0.0000168  -0.00057469
  44    0.0000089  -0.00013580
  45    0.0000096  -0.00019158
  46    0.0000039  -0.00036680
  47    0.0000003  -0.00000202
  48    0.0000000  -0.00000010
  49    0.0004010  -0.00095185
  50    0.0012847  -0.00333698
  51    0.0024596  -0.00488034
  52    0.0015925  -0.00510652
  53    0.0021619  -0.00944081
  54    0.0015343  -0.00742417
  55    0.0000054  -0.00005013
  56    0.0000055  -0.00005326
  57    0.0000068  -0.00006262
  58    0.0000027  -0.00005615
  59    0.0000003  -0.00000176
  60    0.0000000  -0.00000008
  61    0.0002461  -0.00062472
  62    0.0005974  -0.00159743
  63    0.0007952  -0.00216638
  64    0.0005538  -0.00158995
  65    0.0017926  -0.00726294
  66    0.0009715  -0.00393703
  67    0.0000045  -0.00015026
  68    0.0000045  -0.00004304
  69    0.0000059  -0.00005269
  70    0.0000011  -0.00000959
  71    0.0000003  -0.00000185
  72    0.0000000  -0.00000007
  73    0.0001995  -0.00056774
  74    0.0004796  -0.00123956
  75    0.0006621  -0.00172336
  76    0.0004272  -0.00128922
  77    0.0008695  -0.00378638
  78    0.0007347  -0.00353721
  79    0.0000024  -0.00003888
  80    0.0000033  -0.00003119
  81    0.0000045  -0.00006009
  82    0.0000007  -0.00001833
  83    0.0000002  -0.00000139
  84    0.0000000  -0.00000005
  85    0.0001082  -0.00031592
  86    0.0002095  -0.00061973
  87    0.0003831  -0.00101810
  88    0.0002533  -0.00080424
  89    0.0002767  -0.00107645
  90    0.0002453  -0.00094087
  91    0.0000021  -0.00004295
  92    0.0000027  -0.00003765
  93    0.0000036  -0.00006373
  94    0.0000006  -0.00000510
  95    0.0000002  -0.00000118
  96    0.0000000  -0.00000004
  97    0.0000530  -0.00015309
  98    0.0001959  -0.00065842
  99    0.0002747  -0.00075260
 100    0.0001178  -0.00037499
 101    0.0000580  -0.00023273
 102    0.0001637  -0.00068663
 103    0.0000019  -0.00002691
 104    0.0000020  -0.00002316
 105    0.0000036  -0.00007111
 106    0.0000006  -0.00000448
 107    0.0000001  -0.00000086
 108    0.0000000  -0.00000005
 109    0.0000438  -0.00012541
 110    0.0001267  -0.00045142
 111    0.0001798  -0.00052978
 112    0.0000953  -0.00032739
 113    0.0000523  -0.00019987
 114    0.0001353  -0.00054987
 115    0.0000018  -0.00001720
 116    0.0000009  -0.00002213
 117    0.0000030  -0.00003078
 118    0.0000005  -0.00000410
 119    0.0000001  -0.00000057
 120    0.0000000  -0.00000003
 121    0.0000330  -0.00009485
 122    0.0000914  -0.00030289
 123    0.0001406  -0.00043255
 124    0.0000858  -0.00029272
 125    0.0000507  -0.00018716
 126    0.0001030  -0.00048083
 127    0.0000014  -0.00001144
 128    0.0000008  -0.00000680
 129    0.0000027  -0.00004330
 130    0.0000004  -0.00000316
 131    0.0000001  -0.00000054
 132    0.0000000  -0.00000003
 133    0.0000318  -0.00009222
 134    0.0000676  -0.00022081
 135    0.0001324  -0.00039257
 136    0.0000785  -0.00026824
 137    0.0000458  -0.00017033
 138    0.0000504  -0.00019586
 139    0.0000006  -0.00000496
 140    0.0000007  -0.00000483
 141    0.0000014  -0.00001172
 142    0.0000004  -0.00000311
 143    0.0000000  -0.00000028
 144    0.0000000  -0.00000003
 145    0.0000293  -0.00008852
 146    0.0000443  -0.00014989
 147    0.0000806  -0.00029944
 148    0.0000641  -0.00021710
 149    0.0000367  -0.00014423
 150    0.0000380  -0.00016219
 151    0.0000006  -0.00000376
 152    0.0000007  -0.00000516
 153    0.0000012  -0.00001051
 154    0.0000003  -0.00000281
 155    0.0000000  -0.00000030
 156    0.0000000  -0.00000003
 157    0.0000200  -0.00006614
 158    0.0000307  -0.00010746
 159    0.0000441  -0.00014001
 160    0.0000459  -0.00015629
 161    0.0000189  -0.00008600
 162    0.0000330  -0.00012896
 163    0.0000004  -0.00000226
 164    0.0000004  -0.00000279
 165    0.0000007  -0.00000822
 166    0.0000002  -0.00000154
 167    0.0000000  -0.00000031
 168    0.0000000  -0.00000004
 169    0.0000172  -0.00006052
 170    0.0000279  -0.00010579
 171    0.0000145  -0.00006511
 172    0.0000322  -0.00011984
 173    0.0000162  -0.00007811
 174    0.0000213  -0.00010655
 175    0.0000003  -0.00000196
 176    0.0000004  -0.00000245
 177    0.0000005  -0.00000384
 178    0.0000002  -0.00000132
 179    0.0000000  -0.00000026
 180    0.0000000  -0.00000002
 181    0.0000134  -0.00005348
 182    0.0000185  -0.00007979
 183    0.0000069  -0.00003490
 184    0.0000273  -0.00010970
 185    0.0000097  -0.00005960
 186    0.0000064  -0.00004192
 187    0.0000003  -0.00000170
 188    0.0000004  -0.00000260
 189    0.0000002  -0.00000131
 190    0.0000002  -0.00000121
 191    0.0000000  -0.00000023
 192    0.0000000  -0.00000003
 193    0.0000054  -0.00002767
 194    0.0000031  -0.00001805
 195    0.0000035  -0.00001600
 196    0.0000128  -0.00006617
 197    0.0000055  -0.00003720
 198    0.0000053  -0.00003396
 199    0.0000002  -0.00000094
 200    0.0000002  -0.00000072
 201    0.0000001  -0.00000076
 202    0.0000001  -0.00000050
 203    0.0000000  -0.00000020
 204    0.0000000  -0.00000002
 205    0.0000011  -0.00000500
 206    0.0000014  -0.00000703
 207    0.0000029  -0.00001396
 208    0.0000026  -0.00001386
 209    0.0000029  -0.00002106
 210    0.0000046  -0.00003192
 211    0.0000002  -0.00000077
 212    0.0000001  -0.00000063
 213    0.0000001  -0.00000063
 214    0.0000001  -0.00000044
 215    0.0000000  -0.00000017
 216    0.0000000  -0.00000003
 
----------------
 Final Energies 
----------------
Final NOF Total Energy =    -437.5844906
 
Total Orbital Internal Iterations = 930
Total Occupation Internal Iterations = 507
 
Elapsed time:  277.94 Seconds

---------------------------------
   Lowdin Population Analysis    
---------------------------------
 Idx  Atom   Population   Charge 
---------------------------------
  1     S    14.922       1.078
  2     C     5.833       0.167
  3     H     1.057      -0.057
  4     H     1.056      -0.056
  5     H     1.131      -0.131

---------------------------------
   M Diagnostic: 0.03
---------------------------------

