Computing Integrals
Basis Set                                            = def2-qzvp
Auxiliary Basis Set                                  = def2-universal-jkfit
Gaussian Type                                        = Spherical
Elapsed time:    2.88 Seconds

Number of basis functions                   (NBF)    = 201
Number of auxiliary basis functions         (NBFAUX) = 249
Inactive Doubly occupied orbitals up to     (NO1)    = 0
No. considered Strongly Doubly occupied MOs (NDOC)   = 11
No. considered Strongly Singly occupied MOs (NSOC)   = 0
NO. of Weakly occ. per St. Doubly occ.  MOs (NCWO)   = 17
Dimension of the Nat. Orb. subspace         (NBF5)   = 198
No. of electrons                                     = 22
    No. of alpha electrons                           = 11
    No. of beta electrons                            = 11
Multiplicity                                         = 1

Geometry
========
 H       1.0789720      -1.3818100       0.0000000
 N       0.0937700      -1.1298800       0.0000000
 N       0.0000000       0.1110980       0.0000000
 N      -0.2479090       1.2161830       0.0000000

No violations of the orthonormality
No violations of the orthonormality
 
PNOF8/ADABelief Calculation
==================
 
  Nitext  Nit_orb  Time   Nit_occ  Time         Eelec          Etot           Ediff      maxdiff    MaxGrad_orb  Grad_occ
     1      10    1.1e+01   51    1.5e+01  -226.00126374  -164.41080834 -10225.00126374   0.026327   1.1e-01   2.8e-04 0.25
     2      20    3.8e+00   34    1.8e+00  -226.10877451  -164.51831911    -0.10751077   0.138685   5.5e-01   2.2e-04 0.25
     3      20    3.5e+00   31    1.7e+00  -226.13800013  -164.54754473    -0.02922562   0.017568   7.0e-02   2.6e-04 0.25
     4      20    3.6e+00   19    1.1e+00  -226.14521162  -164.55475622    -0.00721149   0.033303   1.3e-01   2.5e-04 0.24
     5      20    3.6e+00   10    6.7e-01  -226.15092771  -164.56047231    -0.00571608   0.022183   8.9e-02   2.7e-04 0.25
     6      20    3.5e+00    0    1.1e-01  -226.15139633  -164.56094093    -0.00046862   0.022183   8.9e-02   2.7e-04 0.25
     7      40    6.9e+00    4    3.8e-01  -226.15685542  -164.56640001    -0.00545909   0.001813   7.3e-03   3.4e-04 0.25
     8      40    7.2e+00    9    6.1e-01  -226.15778269  -164.56732729    -0.00092728   0.004316   1.7e-02   2.8e-04 0.25
     9      40    7.2e+00   12    7.1e-01  -226.15882815  -164.56837275    -0.00104546   0.003736   1.5e-02   2.3e-04 0.24
    10      40    7.2e+00   19    1.1e+00  -226.15993067  -164.56947527    -0.00110252   0.003633   1.5e-02   2.8e-04 0.24
    11      40    7.0e+00    6    4.8e-01  -226.16091584  -164.57046043    -0.00098517   0.003695   1.5e-02   1.8e-04 0.24
    12      40    7.4e+00    6    4.7e-01  -226.16156628  -164.57111088    -0.00065045   0.003028   1.2e-02   2.3e-04 0.24
    13      40    7.3e+00    7    5.2e-01  -226.16192839  -164.57147299    -0.00036211   0.002616   1.0e-02   2.3e-04 0.24
    14      40    6.8e+00    7    5.2e-01  -226.16217219  -164.57171678    -0.00024379   0.003882   1.6e-02   1.8e-04 0.24
    15      40    7.1e+00    7    5.1e-01  -226.16234485  -164.57188945    -0.00017267   0.003503   1.4e-02   1.7e-04 0.24
    16      40    7.0e+00    4    3.9e-01  -226.16251609  -164.57206069    -0.00017124   0.003093   1.2e-02   2.5e-04 0.24
    17      40    7.1e+00    7    5.3e-01  -226.16262612  -164.57217071    -0.00011002   0.003352   1.3e-02   1.9e-04 0.24
    18      40    7.4e+00    7    5.2e-01  -226.16275078  -164.57229538    -0.00012466   0.003635   1.5e-02   1.9e-04 0.24
    19      40    7.1e+00    4    3.4e-01  -226.16285828  -164.57240288    -0.00010750   0.003656   1.5e-02   2.1e-04 0.24
    20      40    7.6e+00    4    3.9e-01  -226.16290782  -164.57245242    -0.00004954   0.003262   1.3e-02   2.3e-04 0.24
    21      40    7.1e+00    6    4.7e-01  -226.16297858  -164.57252317    -0.00007076   0.003454   1.4e-02   2.6e-04 0.24
    22      40    7.2e+00    2    2.7e-01  -226.16306034  -164.57260494    -0.00008176   0.002801   1.1e-02   2.0e-04 0.24
    23      40    7.0e+00    6    4.8e-01  -226.16307915  -164.57262375    -0.00001881   0.003028   1.2e-02   2.6e-04 0.24
    24      40    7.3e+00    4    3.5e-01  -226.16313533  -164.57267993    -0.00005618   0.002788   1.1e-02   2.0e-04 0.24
    25      40    7.1e+00    0    1.7e-01  -226.16314027  -164.57268487    -0.00000494   0.002788   1.1e-02   2.0e-04 0.24
    26      49    8.3e+00    1    1.6e-01  -226.16326806  -164.57281266    -0.00012779   0.000497   2.0e-03   1.8e-04 0.24
 
RESULTS OF THE OCCUPATION OPTIMIZATION
========================================
   1    1.9999572  -15.70399188
   2    1.9999537  -15.67945825
   3    1.9999480  -15.67109041
   4    1.9830681  -1.48941822
   5    1.9834532  -1.27477915
   6    1.9783049  -0.77807188
   7    1.9727345  -0.73613988
   8    1.9773663  -0.71205389
   9    1.9693841  -0.69931483
  10    1.9601244  -0.60326962
  11    1.7560747  -0.41696147
  12    0.2438837  -0.07935566
  13    0.0368173  -0.05263887
  14    0.0279913  -0.04571392
  15    0.0066452  -0.01339970
  16    0.0173564  -0.02453235
  17    0.0062598  -0.01435962
  18    0.0049209  -0.01278842
  19    0.0120692  -0.02660784
  20    0.0000377  -0.00100332
  21    0.0000321  -0.00084978
  22    0.0000239  -0.00061552
  23    0.0000077  -0.00000811
  24    0.0026633  -0.00537054
  25    0.0009945  -0.00264758
  26    0.0056057  -0.01092369
  27    0.0040886  -0.00717714
  28    0.0035279  -0.00730192
  29    0.0039114  -0.00938286
  30    0.0017387  -0.00712522
  31    0.0000035  -0.00005667
  32    0.0000046  -0.00006699
  33    0.0000050  -0.00006950
  34    0.0000049  -0.00000504
  35    0.0001474  -0.00043000
  36    0.0005637  -0.00163891
  37    0.0051195  -0.01030110
  38    0.0035862  -0.00656349
  39    0.0025562  -0.00558529
  40    0.0021156  -0.00542338
  41    0.0008646  -0.00311840
  42    0.0000033  -0.00004573
  43    0.0000030  -0.00005153
  44    0.0000044  -0.00005937
  45    0.0000035  -0.00001117
  46    0.0001290  -0.00038087
  47    0.0003429  -0.00100781
  48    0.0035392  -0.00693791
  49    0.0009848  -0.00246231
  50    0.0024959  -0.00557805
  51    0.0014484  -0.00526647
  52    0.0005042  -0.00418057
  53    0.0000029  -0.00004052
  54    0.0000029  -0.00006277
  55    0.0000043  -0.00006436
  56    0.0000031  -0.00000939
  57    0.0000153  -0.00006927
  58    0.0001726  -0.00055625
  59    0.0006160  -0.00173886
  60    0.0003351  -0.00104046
  61    0.0022947  -0.00524612
  62    0.0012806  -0.00479661
  63    0.0003700  -0.00138651
  64    0.0000027  -0.00006105
  65    0.0000026  -0.00004819
  66    0.0000035  -0.00010339
  67    0.0000029  -0.00000951
  68    0.0000147  -0.00006674
  69    0.0001607  -0.00050101
  70    0.0004261  -0.00126175
  71    0.0002053  -0.00063060
  72    0.0012697  -0.00330257
  73    0.0008051  -0.00315559
  74    0.0003632  -0.00152507
  75    0.0000005  -0.00003442
  76    0.0000003  -0.00003073
  77    0.0000005  -0.00003172
  78    0.0000026  -0.00000445
  79    0.0000126  -0.00006028
  80    0.0001045  -0.00040854
  81    0.0002262  -0.00068574
  82    0.0001912  -0.00056662
  83    0.0012338  -0.00300087
  84    0.0004993  -0.00303104
  85    0.0002323  -0.00084600
  86    0.0000004  -0.00002972
  87    0.0000001  -0.00000856
  88    0.0000003  -0.00002611
  89    0.0000023  -0.00000391
  90    0.0000126  -0.00005918
  91    0.0000774  -0.00030156
  92    0.0001378  -0.00048134
  93    0.0001759  -0.00052436
  94    0.0006395  -0.00184150
  95    0.0004793  -0.00192935
  96    0.0002125  -0.00070878
  97    0.0000002  -0.00001399
  98    0.0000001  -0.00000621
  99    0.0000002  -0.00000864
 100    0.0000022  -0.00000387
 101    0.0000112  -0.00005930
 102    0.0000545  -0.00022602
 103    0.0000966  -0.00038734
 104    0.0000885  -0.00035795
 105    0.0003302  -0.00109289
 106    0.0003848  -0.00237843
 107    0.0001727  -0.00064834
 108    0.0000002  -0.00001213
 109    0.0000001  -0.00000193
 110    0.0000001  -0.00000842
 111    0.0000019  -0.00000368
 112    0.0000098  -0.00005221
 113    0.0000348  -0.00015968
 114    0.0000464  -0.00022148
 115    0.0000624  -0.00026455
 116    0.0002562  -0.00098312
 117    0.0001951  -0.00067215
 118    0.0001365  -0.00067936
 119    0.0000001  -0.00000708
 120    0.0000001  -0.00000108
 121    0.0000001  -0.00000537
 122    0.0000019  -0.00000418
 123    0.0000090  -0.00005096
 124    0.0000293  -0.00012343
 125    0.0000365  -0.00016196
 126    0.0000579  -0.00024388
 127    0.0002328  -0.00074141
 128    0.0001426  -0.00071884
 129    0.0001224  -0.00051542
 130    0.0000001  -0.00000278
 131    0.0000000  -0.00000063
 132    0.0000001  -0.00000375
 133    0.0000017  -0.00000279
 134    0.0000073  -0.00004445
 135    0.0000245  -0.00011256
 136    0.0000329  -0.00015116
 137    0.0000455  -0.00019143
 138    0.0001706  -0.00057154
 139    0.0001231  -0.00050963
 140    0.0000387  -0.00020068
 141    0.0000001  -0.00000228
 142    0.0000000  -0.00000052
 143    0.0000001  -0.00000286
 144    0.0000015  -0.00000322
 145    0.0000069  -0.00004369
 146    0.0000179  -0.00008303
 147    0.0000266  -0.00013145
 148    0.0000247  -0.00012176
 149    0.0001249  -0.00049435
 150    0.0000866  -0.00038557
 151    0.0000326  -0.00016979
 152    0.0000001  -0.00000185
 153    0.0000000  -0.00000051
 154    0.0000001  -0.00000156
 155    0.0000015  -0.00000215
 156    0.0000058  -0.00004234
 157    0.0000135  -0.00007257
 158    0.0000225  -0.00012866
 159    0.0000202  -0.00011800
 160    0.0001135  -0.00039618
 161    0.0000689  -0.00032510
 162    0.0000243  -0.00012701
 163    0.0000001  -0.00000159
 164    0.0000000  -0.00000043
 165    0.0000001  -0.00000132
 166    0.0000014  -0.00000183
 167    0.0000049  -0.00003758
 168    0.0000124  -0.00006361
 169    0.0000199  -0.00009903
 170    0.0000151  -0.00007891
 171    0.0000970  -0.00042496
 172    0.0000346  -0.00018164
 173    0.0000187  -0.00009639
 174    0.0000001  -0.00000086
 175    0.0000000  -0.00000035
 176    0.0000001  -0.00000137
 177    0.0000012  -0.00000115
 178    0.0000043  -0.00003595
 179    0.0000109  -0.00006110
 180    0.0000190  -0.00009809
 181    0.0000150  -0.00008269
 182    0.0000595  -0.00030783
 183    0.0000302  -0.00015063
 184    0.0000163  -0.00009190
 185    0.0000001  -0.00000076
 186    0.0000000  -0.00000029
 187    0.0000001  -0.00000080
 188    0.0000012  -0.00000162
 189    0.0000042  -0.00003334
 190    0.0000105  -0.00006249
 191    0.0000177  -0.00009113
 192    0.0000126  -0.00007110
 193    0.0000330  -0.00015617
 194    0.0000203  -0.00010642
 195    0.0000150  -0.00008635
 196    0.0000000  -0.00000066
 197    0.0000000  -0.00000033
 198    0.0000000  -0.00000064
 
----------------
 Final Energies 
----------------
Final NOF Total Energy =    -164.5728127
 
Total Orbital Internal Iterations = 919
Total Occupation Internal Iterations = 267
 
Elapsed time:  220.21 Seconds

---------------------------------
   Lowdin Population Analysis    
---------------------------------
 Idx  Atom   Population   Charge 
---------------------------------
  1     H     1.241      -0.241
  2     N     6.798       0.202
  3     N     7.016      -0.016
  4     N     6.945       0.055

---------------------------------
   M Diagnostic: 0.24
---------------------------------

