Computing Integrals
Basis Set                                            = def2-qzvp
Auxiliary Basis Set                                  = def2-universal-jkfit
Gaussian Type                                        = Spherical
Elapsed time:    3.13 Seconds

Number of basis functions                   (NBF)    = 204
Number of auxiliary basis functions         (NBFAUX) = 208
Inactive Doubly occupied orbitals up to     (NO1)    = 0
No. considered Strongly Doubly occupied MOs (NDOC)   = 10
No. considered Strongly Singly occupied MOs (NSOC)   = 0
NO. of Weakly occ. per St. Doubly occ.  MOs (NCWO)   = 19
Dimension of the Nat. Orb. subspace         (NBF5)   = 200
No. of electrons                                     = 20
    No. of alpha electrons                           = 10
    No. of beta electrons                            = 10
Multiplicity                                         = 1

Geometry
========
 H      -0.0913883      -0.2448128       0.0130826
 H       1.5272733       0.3383121       0.6525543
 O      -1.2208378      -0.2356182       0.0613147
 O       1.2462132      -0.2206110      -0.0771381
 H      -1.4612604       0.3627299      -0.6498135

No violations of the orthonormality
No violations of the orthonormality
 
PNOF8/ADABelief Calculation
==================
 
  Nitext  Nit_orb  Time   Nit_occ  Time         Eelec          Etot           Ediff      maxdiff    MaxGrad_orb  Grad_occ
     1      10    1.1e+01    0    1.2e+01  -185.30864435  -152.14029643 -10184.30864435   0.000845   3.4e-03   2.2e-04 0.03
 
RESULTS OF THE OCCUPATION OPTIMIZATION
========================================
   1    1.9999831  -20.30022930
   2    1.9999824  -20.27987672
   3    1.9859009  -1.04292005
   4    1.9861502  -0.95063662
   5    1.9701417  -0.44123414
   6    1.9697954  -0.39899920
   7    1.9812057  -0.37721377
   8    1.9701108  -0.31195343
   9    1.9764438  -0.27564007
  10    1.9739942  -0.22642056
  11    0.0144812  -0.01906874
  12    0.0143424  -0.01908348
  13    0.0222094  -0.03380222
  14    0.0138634  -0.01971136
  15    0.0211596  -0.02818087
  16    0.0211191  -0.02873698
  17    0.0060753  -0.01387364
  18    0.0086423  -0.01875693
  19    0.0000155  -0.00055332
  20    0.0000142  -0.00051682
  21    0.0046392  -0.00800086
  22    0.0055897  -0.00931432
  23    0.0035559  -0.00716719
  24    0.0010829  -0.00276420
  25    0.0043997  -0.00771043
  26    0.0042614  -0.00783253
  27    0.0039203  -0.00835554
  28    0.0012541  -0.00550264
  29    0.0000011  -0.00000829
  30    0.0000011  -0.00001010
  31    0.0045891  -0.00797842
  32    0.0013126  -0.00357980
  33    0.0034733  -0.00714059
  34    0.0009205  -0.00265809
  35    0.0038623  -0.00711801
  36    0.0038908  -0.00735863
  37    0.0010206  -0.00469253
  38    0.0009943  -0.00329940
  39    0.0000005  -0.00004157
  40    0.0000007  -0.00000608
  41    0.0014219  -0.00364075
  42    0.0008176  -0.00282036
  43    0.0003086  -0.00093377
  44    0.0006610  -0.00169345
  45    0.0003036  -0.00091518
  46    0.0003344  -0.00093033
  47    0.0008886  -0.00307755
  48    0.0007006  -0.00194113
  49    0.0000001  -0.00000719
  50    0.0000005  -0.00004476
  51    0.0002934  -0.00086820
  52    0.0003725  -0.00098190
  53    0.0000922  -0.00029516
  54    0.0005796  -0.00136706
  55    0.0002451  -0.00081369
  56    0.0000639  -0.00020199
  57    0.0005307  -0.00186967
  58    0.0005668  -0.00256079
  59    0.0000000  -0.00000162
  60    0.0000001  -0.00000203
  61    0.0001481  -0.00045622
  62    0.0003435  -0.00092795
  63    0.0000685  -0.00022031
  64    0.0003870  -0.00108324
  65    0.0000450  -0.00017096
  66    0.0000387  -0.00016032
  67    0.0003512  -0.00119625
  68    0.0005435  -0.00169397
  69    0.0000000  -0.00000140
  70    0.0000000  -0.00000109
  71    0.0001192  -0.00038363
  72    0.0003328  -0.00088406
  73    0.0000546  -0.00017577
  74    0.0003824  -0.00115910
  75    0.0000396  -0.00013818
  76    0.0000336  -0.00013067
  77    0.0003070  -0.00094438
  78    0.0004489  -0.00135340
  79    0.0000000  -0.00000128
  80    0.0000000  -0.00000087
  81    0.0000981  -0.00030950
  82    0.0001088  -0.00038073
  83    0.0000373  -0.00014604
  84    0.0003674  -0.00118413
  85    0.0000371  -0.00013884
  86    0.0000309  -0.00013116
  87    0.0003014  -0.00096073
  88    0.0003253  -0.00107396
  89    0.0000000  -0.00000118
  90    0.0000000  -0.00000063
  91    0.0000660  -0.00021617
  92    0.0000966  -0.00034108
  93    0.0000261  -0.00009678
  94    0.0002222  -0.00091287
  95    0.0000308  -0.00013125
  96    0.0000257  -0.00011089
  97    0.0001700  -0.00112745
  98    0.0003036  -0.00100029
  99    0.0000000  -0.00000085
 100    0.0000000  -0.00000058
 101    0.0000523  -0.00018323
 102    0.0000837  -0.00029277
 103    0.0000131  -0.00005592
 104    0.0001132  -0.00039572
 105    0.0000295  -0.00012288
 106    0.0000168  -0.00007743
 107    0.0001135  -0.00116675
 108    0.0001443  -0.00130958
 109    0.0000000  -0.00000079
 110    0.0000000  -0.00000054
 111    0.0000204  -0.00010202
 112    0.0000395  -0.00017001
 113    0.0000117  -0.00005072
 114    0.0000700  -0.00027363
 115    0.0000202  -0.00007696
 116    0.0000123  -0.00004826
 117    0.0000400  -0.00019827
 118    0.0000477  -0.00022957
 119    0.0000000  -0.00000073
 120    0.0000000  -0.00000046
 121    0.0000176  -0.00009446
 122    0.0000223  -0.00012207
 123    0.0000096  -0.00004577
 124    0.0000338  -0.00017794
 125    0.0000079  -0.00003679
 126    0.0000085  -0.00004010
 127    0.0000236  -0.00013133
 128    0.0000323  -0.00017187
 129    0.0000000  -0.00000073
 130    0.0000000  -0.00000049
 131    0.0000148  -0.00008162
 132    0.0000202  -0.00010765
 133    0.0000086  -0.00004474
 134    0.0000245  -0.00013492
 135    0.0000072  -0.00002866
 136    0.0000070  -0.00003125
 137    0.0000225  -0.00013035
 138    0.0000221  -0.00013139
 139    0.0000000  -0.00000069
 140    0.0000000  -0.00000043
 141    0.0000120  -0.00005591
 142    0.0000189  -0.00010580
 143    0.0000069  -0.00002730
 144    0.0000217  -0.00012014
 145    0.0000052  -0.00001781
 146    0.0000047  -0.00001976
 147    0.0000217  -0.00012143
 148    0.0000201  -0.00011860
 149    0.0000000  -0.00000064
 150    0.0000000  -0.00000044
 151    0.0000109  -0.00005276
 152    0.0000165  -0.00009209
 153    0.0000053  -0.00001701
 154    0.0000212  -0.00011542
 155    0.0000035  -0.00001868
 156    0.0000032  -0.00001178
 157    0.0000189  -0.00011383
 158    0.0000200  -0.00012367
 159    0.0000000  -0.00000061
 160    0.0000000  -0.00000039
 161    0.0000102  -0.00004849
 162    0.0000151  -0.00007680
 163    0.0000027  -0.00001181
 164    0.0000176  -0.00010782
 165    0.0000026  -0.00001019
 166    0.0000022  -0.00000890
 167    0.0000179  -0.00011021
 168    0.0000137  -0.00008266
 169    0.0000000  -0.00000058
 170    0.0000000  -0.00000039
 171    0.0000049  -0.00002475
 172    0.0000094  -0.00005556
 173    0.0000023  -0.00000855
 174    0.0000132  -0.00007644
 175    0.0000021  -0.00000889
 176    0.0000019  -0.00000665
 177    0.0000118  -0.00007663
 178    0.0000096  -0.00006599
 179    0.0000000  -0.00000060
 180    0.0000000  -0.00000030
 181    0.0000037  -0.00002028
 182    0.0000090  -0.00004757
 183    0.0000016  -0.00000613
 184    0.0000067  -0.00004480
 185    0.0000018  -0.00000750
 186    0.0000016  -0.00000568
 187    0.0000103  -0.00006966
 188    0.0000057  -0.00003323
 189    0.0000000  -0.00000051
 190    0.0000000  -0.00000029
 191    0.0000029  -0.00001653
 192    0.0000051  -0.00002468
 193    0.0000015  -0.00000527
 194    0.0000060  -0.00003461
 195    0.0000016  -0.00000552
 196    0.0000015  -0.00000490
 197    0.0000046  -0.00002702
 198    0.0000042  -0.00002942
 199    0.0000000  -0.00000051
 200    0.0000000  -0.00000020
 
----------------
 Final Energies 
----------------
Final NOF Total Energy =    -152.1402964
 
Total Orbital Internal Iterations = 10
Total Occupation Internal Iterations = 0
 
Elapsed time:   29.70 Seconds

---------------------------------
   Lowdin Population Analysis    
---------------------------------
 Idx  Atom   Population   Charge 
---------------------------------
  1     H     1.478      -0.478
  2     H     1.516      -0.516
  3     O     7.656       0.344
  4     O     7.909       0.091
  5     H     1.442      -0.442

---------------------------------
   M Diagnostic: 0.03
---------------------------------

