Computing Integrals
Basis Set                                            = def2-qzvp
Auxiliary Basis Set                                  = def2-universal-jkfit
Gaussian Type                                        = Spherical
Elapsed time:    1.69 Seconds

Number of basis functions                   (NBF)    = 87
Number of auxiliary basis functions         (NBFAUX) = 95
Inactive Doubly occupied orbitals up to     (NO1)    = 0
No. considered Strongly Doubly occupied MOs (NDOC)   = 5
No. considered Strongly Singly occupied MOs (NSOC)   = 0
NO. of Weakly occ. per St. Doubly occ.  MOs (NCWO)   = 16
Dimension of the Nat. Orb. subspace         (NBF5)   = 85
No. of electrons                                     = 10
    No. of alpha electrons                           = 5
    No. of beta electrons                            = 5
Multiplicity                                         = 1

Geometry
========
 O       0.0000000       0.0000000      -0.4822198
 H       0.0000000       0.0000000       0.4822198

No violations of the orthonormality
No violations of the orthonormality
 
PNOF8/ADABelief Calculation
==================
 
  Nitext  Nit_orb  Time   Nit_occ  Time         Eelec          Etot           Ediff      maxdiff    MaxGrad_orb  Grad_occ
     1      10    9.1e+00   28    1.2e+01   -80.05379265   -75.66429122 -10079.05379265   0.021648   8.7e-02   1.5e-04 0.03
     2      20    9.3e-02   21    1.0e-01   -80.08707743   -75.69757600    -0.03328478   0.003175   1.3e-02   2.4e-04 0.03
     3      20    1.4e-01   23    1.0e-01   -80.09477554   -75.70527410    -0.00769811   0.019626   7.9e-02   1.9e-04 0.03
     4      20    1.4e-01   12    5.3e-02   -80.09846623   -75.70896480    -0.00369069   0.039746   1.6e-01   2.0e-04 0.03
     5      20    1.1e-01   11    4.3e-02   -80.10172652   -75.71222509    -0.00326029   0.024896   1.0e-01   1.9e-04 0.03
     6      20    1.3e-01    5    2.3e-02   -80.10411950   -75.71461807    -0.00239299   0.017610   7.0e-02   2.1e-04 0.03
     7      20    1.4e-01    8    2.0e-02   -80.10521103   -75.71570960    -0.00109153   0.018993   7.6e-02   1.5e-04 0.03
     8      20    1.4e-01    5    1.4e-02   -80.10610298   -75.71660154    -0.00089195   0.019354   7.7e-02   1.7e-04 0.03
     9      20    1.2e-01    0    5.0e-03   -80.10614623   -75.71664480    -0.00004325   0.019354   7.7e-02   1.7e-04 0.03
    10      40    1.7e-01    3    1.1e-02   -80.10715202   -75.71765059    -0.00100579   0.001880   7.5e-03   1.8e-04 0.03
    11      40    1.8e-01    3    1.1e-02   -80.10721294   -75.71771151    -0.00006093   0.002756   1.1e-02   2.1e-04 0.03
    12      40    1.9e-01    5    1.4e-02   -80.10726900   -75.71776757    -0.00005606   0.002625   1.0e-02   1.1e-04 0.03
    13      40    1.7e-01    1    7.9e-03   -80.10733023   -75.71782880    -0.00006123   0.002735   1.1e-02   1.4e-04 0.03
    14      40    1.8e-01    5    1.8e-02   -80.10733303   -75.71783160    -0.00000281   0.003237   1.3e-02   1.0e-04 0.03
    15      40    2.1e-01    1    6.6e-03   -80.10738198   -75.71788055    -0.00004894   0.002661   1.1e-02   1.4e-04 0.03
    16      40    2.0e-01    3    1.1e-02   -80.10740038   -75.71789894    -0.00001840   0.002637   1.1e-02   1.7e-04 0.03
    17      40    2.1e-01    0    3.2e-03   -80.10743786   -75.71793643    -0.00003749   0.002436   9.7e-03   2.3e-04 0.03
    18      50    2.4e-01    5    2.6e-02   -80.10748336   -75.71798193    -0.00004549   0.001454   5.8e-03   1.2e-04 0.03
    19      50    2.5e-01    5    2.5e-02   -80.10756001   -75.71805857    -0.00007665   0.001323   5.3e-03   1.2e-04 0.03
    20      50    2.1e-01    5    2.1e-02   -80.10763859   -75.71813715    -0.00007858   0.001115   4.5e-03   1.2e-04 0.03
    21      50    2.1e-01    5    2.0e-02   -80.10772033   -75.71821890    -0.00008175   0.001182   4.7e-03   1.2e-04 0.03
    22      50    2.4e-01    5    2.8e-02   -80.10777443   -75.71827300    -0.00005410   0.001715   6.9e-03   1.3e-04 0.03
    23      50    2.3e-01    3    1.8e-02   -80.10782765   -75.71832622    -0.00005322   0.001065   4.3e-03   1.7e-04 0.03
    24      50    2.6e-01    0    4.8e-03   -80.10783871   -75.71833727    -0.00001105   0.001601   6.4e-03   1.9e-04 0.03
    25      60    3.4e-01    1    1.7e-02   -80.10786113   -75.71835970    -0.00002243   0.000969   3.9e-03   2.3e-04 0.03
 
RESULTS OF THE OCCUPATION OPTIMIZATION
========================================
   1    1.9999790  -20.19236652
   2    1.9844881  -0.88828010
   3    1.9685631  -0.32131091
   4    1.9753240  -0.14202527
   5    1.9749864  -0.14181965
   6    0.0162476  -0.01954083
   7    0.0162541  -0.01960957
   8    0.0226692  -0.02846270
   9    0.0090332  -0.02036984
  10    0.0000173  -0.00062218
  11    0.0046371  -0.00767230
  12    0.0048756  -0.00758452
  13    0.0043578  -0.00724396
  14    0.0036556  -0.00775880
  15    0.0000018  -0.00002578
  16    0.0016120  -0.00389548
  17    0.0011845  -0.00313995
  18    0.0038037  -0.00677074
  19    0.0007682  -0.00405835
  20    0.0000012  -0.00002316
  21    0.0011593  -0.00307879
  22    0.0008809  -0.00320932
  23    0.0003356  -0.00088342
  24    0.0005607  -0.00155665
  25    0.0000002  -0.00003166
  26    0.0003542  -0.00091699
  27    0.0003568  -0.00096109
  28    0.0000846  -0.00021569
  29    0.0004577  -0.00138971
  30    0.0000001  -0.00000260
  31    0.0003302  -0.00083548
  32    0.0003506  -0.00094471
  33    0.0000396  -0.00014362
  34    0.0003593  -0.00113243
  35    0.0000001  -0.00000211
  36    0.0003152  -0.00085590
  37    0.0003270  -0.00086010
  38    0.0000396  -0.00014302
  39    0.0003099  -0.00096094
  40    0.0000001  -0.00000182
  41    0.0001289  -0.00044179
  42    0.0002362  -0.00073094
  43    0.0000349  -0.00014414
  44    0.0001424  -0.00149076
  45    0.0000000  -0.00000101
  46    0.0001033  -0.00031184
  47    0.0001034  -0.00031123
  48    0.0000215  -0.00012859
  49    0.0000816  -0.00027049
  50    0.0000000  -0.00000104
  51    0.0000282  -0.00015115
  52    0.0000200  -0.00009467
  53    0.0000199  -0.00012399
  54    0.0000343  -0.00019769
  55    0.0000000  -0.00000089
  56    0.0000199  -0.00009865
  57    0.0000193  -0.00011075
  58    0.0000096  -0.00004848
  59    0.0000229  -0.00011794
  60    0.0000000  -0.00000083
  61    0.0000187  -0.00008625
  62    0.0000184  -0.00009229
  63    0.0000083  -0.00001948
  64    0.0000211  -0.00011674
  65    0.0000000  -0.00000088
  66    0.0000182  -0.00009365
  67    0.0000152  -0.00008338
  68    0.0000039  -0.00001900
  69    0.0000207  -0.00011376
  70    0.0000000  -0.00000070
  71    0.0000173  -0.00009163
  72    0.0000140  -0.00007585
  73    0.0000034  -0.00001644
  74    0.0000201  -0.00011102
  75    0.0000000  -0.00000070
  76    0.0000132  -0.00006730
  77    0.0000117  -0.00006116
  78    0.0000028  -0.00000869
  79    0.0000168  -0.00010380
  80    0.0000000  -0.00000068
  81    0.0000102  -0.00004896
  82    0.0000084  -0.00004739
  83    0.0000026  -0.00000818
  84    0.0000076  -0.00005476
  85    0.0000000  -0.00000067
 
----------------
 Final Energies 
----------------
Final NOF Total Energy =     -75.7183597
 
Total Orbital Internal Iterations = 900
Total Occupation Internal Iterations = 163
 
Elapsed time:   33.05 Seconds

---------------------------------
   Lowdin Population Analysis    
---------------------------------
 Idx  Atom   Population   Charge 
---------------------------------
  1     O     8.380      -0.380
  2     H     1.620      -0.620

---------------------------------
   M Diagnostic: 0.03
---------------------------------

