Computing Integrals
Basis Set                                            = def2-qzvp
Auxiliary Basis Set                                  = def2-universal-jkfit
Gaussian Type                                        = Spherical
Elapsed time:    5.71 Seconds

Number of basis functions                   (NBF)    = 234
Number of auxiliary basis functions         (NBFAUX) = 224
Inactive Doubly occupied orbitals up to     (NO1)    = 0
No. considered Strongly Doubly occupied MOs (NDOC)   = 9
No. considered Strongly Singly occupied MOs (NSOC)   = 0
NO. of Weakly occ. per St. Doubly occ.  MOs (NCWO)   = 25
Dimension of the Nat. Orb. subspace         (NBF5)   = 234
No. of electrons                                     = 18
    No. of alpha electrons                           = 9
    No. of beta electrons                            = 9
Multiplicity                                         = 1

Geometry
========
 H       2.3049946       2.0152356      -0.2886661
 O       3.2368639       2.3765066      -0.2622253
 C       4.0871526       1.2373246      -0.3269175
 H       5.0520929       1.4930978       0.1460550
 H       3.6389880       0.3745653       0.1947375
 H       4.2941647       0.9384192      -1.3756323

No violations of the orthonormality
No violations of the orthonormality
 
PNOF8/ADABelief Calculation
==================
 
  Nitext  Nit_orb  Time   Nit_occ  Time         Eelec          Etot           Ediff      maxdiff    MaxGrad_orb  Grad_occ
     1      10    7.5e+01   14    2.5e+01  -155.57879959  -115.63209433 -10154.57879959   0.002019   8.1e-03   1.9e-04 0.03
     2      20    1.1e+02    0    1.5e-01  -155.58049216  -115.63378690    -0.00169257   0.002019   8.1e-03   1.9e-04 0.03
     3      40    2.2e+02    4    4.6e-01  -155.58075553  -115.63405026    -0.00026336   0.005925   2.4e-02   1.6e-04 0.03
     4      40    2.2e+02    1    2.5e-01  -155.58084355  -115.63413829    -0.00008803   0.004939   2.0e-02   1.7e-04 0.03
     5      40    2.2e+02    4    3.9e-01  -155.58085947  -115.63415421    -0.00001592   0.004947   2.0e-02   1.9e-04 0.03
     6      40    2.2e+02    0    1.5e-01  -155.58088234  -115.63417708    -0.00002287   0.004998   2.0e-02   2.0e-04 0.03
     7      50    2.7e+02    1    2.0e-01  -155.58094686  -115.63424160    -0.00006452   0.003253   1.3e-02   1.8e-04 0.03
     8      50    2.7e+02    0    1.0e-01  -155.58094787  -115.63424261    -0.00000101   0.003721   1.5e-02   2.1e-04 0.03
     9      60    3.3e+02    0    1.0e-01  -155.58096988  -115.63426462    -0.00002201   0.002600   1.0e-02   2.1e-04 0.03
    10      70    3.8e+02    0    1.0e-01  -155.58098070  -115.63427544    -0.00001082   0.001161   4.6e-03   2.4e-04 0.03
    11      80    4.4e+02    0    1.5e-01  -155.58098860  -115.63428334    -0.00000790   0.000879   3.5e-03   2.5e-04 0.03
 
RESULTS OF THE OCCUPATION OPTIMIZATION
========================================
   1    1.9999857  -20.59384482
   2    1.9999215  -11.28125746
   3    1.9845460  -1.32081597
   4    1.9774785  -0.90035160
   5    1.9674369  -0.70023886
   6    1.9640239  -0.66614527
   7    1.9704209  -0.61364973
   8    1.9743373  -0.58261337
   9    1.9684421  -0.56478000
  10    0.0207688  -0.02262287
  11    0.0114499  -0.01796825
  12    0.0187072  -0.02169627
  13    0.0310654  -0.04449623
  14    0.0266576  -0.03484781
  15    0.0147390  -0.02029191
  16    0.0076842  -0.01875087
  17    0.0000682  -0.00144762
  18    0.0000129  -0.00047002
  19    0.0053309  -0.00692232
  20    0.0055434  -0.00999809
  21    0.0050954  -0.00698946
  22    0.0040406  -0.00807398
  23    0.0044215  -0.00820806
  24    0.0032678  -0.00649100
  25    0.0037496  -0.00853888
  26    0.0000031  -0.00006011
  27    0.0000004  -0.00003934
  28    0.0021261  -0.00363393
  29    0.0050372  -0.00914794
  30    0.0020396  -0.00397990
  31    0.0002848  -0.00084417
  32    0.0004532  -0.00118926
  33    0.0019761  -0.00502614
  34    0.0011751  -0.00572389
  35    0.0000021  -0.00001307
  36    0.0000003  -0.00000177
  37    0.0011659  -0.00218710
  38    0.0013138  -0.00410312
  39    0.0013878  -0.00329861
  40    0.0002187  -0.00064283
  41    0.0002932  -0.00087727
  42    0.0011700  -0.00278826
  43    0.0007576  -0.00252772
  44    0.0000019  -0.00002373
  45    0.0000002  -0.00000165
  46    0.0005836  -0.00115424
  47    0.0006807  -0.00294440
  48    0.0011073  -0.00237977
  49    0.0001406  -0.00045418
  50    0.0002426  -0.00075934
  51    0.0005404  -0.00151848
  52    0.0005210  -0.00224706
  53    0.0000010  -0.00004378
  54    0.0000002  -0.00000126
  55    0.0005275  -0.00126048
  56    0.0005192  -0.00155537
  57    0.0006197  -0.00122389
  58    0.0000554  -0.00018392
  59    0.0001863  -0.00058667
  60    0.0002770  -0.00072103
  61    0.0004619  -0.00226595
  62    0.0000003  -0.00000206
  63    0.0000000  -0.00000034
  64    0.0003279  -0.00071855
  65    0.0003052  -0.00088060
  66    0.0001976  -0.00052402
  67    0.0000347  -0.00013243
  68    0.0000692  -0.00024088
  69    0.0001136  -0.00035750
  70    0.0003526  -0.00124206
  71    0.0000002  -0.00000165
  72    0.0000000  -0.00000031
  73    0.0002172  -0.00052956
  74    0.0002971  -0.00086898
  75    0.0001083  -0.00030040
  76    0.0000321  -0.00011423
  77    0.0000602  -0.00016667
  78    0.0000990  -0.00037909
  79    0.0002656  -0.00092743
  80    0.0000002  -0.00000239
  81    0.0000000  -0.00000029
  82    0.0001862  -0.00045619
  83    0.0001023  -0.00032384
  84    0.0000822  -0.00024119
  85    0.0000245  -0.00009515
  86    0.0000415  -0.00015229
  87    0.0000870  -0.00038326
  88    0.0001592  -0.00102654
  89    0.0000002  -0.00000125
  90    0.0000000  -0.00000030
  91    0.0001006  -0.00027105
  92    0.0000949  -0.00029520
  93    0.0000704  -0.00020921
  94    0.0000209  -0.00007573
  95    0.0000308  -0.00012279
  96    0.0000589  -0.00020086
  97    0.0000939  -0.00067568
  98    0.0000001  -0.00000106
  99    0.0000000  -0.00000023
 100    0.0000623  -0.00017057
 101    0.0000633  -0.00022460
 102    0.0000459  -0.00015174
 103    0.0000105  -0.00004542
 104    0.0000239  -0.00009464
 105    0.0000548  -0.00018132
 106    0.0000413  -0.00016595
 107    0.0000001  -0.00000095
 108    0.0000000  -0.00000019
 109    0.0000374  -0.00012481
 110    0.0000478  -0.00016257
 111    0.0000273  -0.00009661
 112    0.0000079  -0.00003408
 113    0.0000164  -0.00007927
 114    0.0000311  -0.00013342
 115    0.0000324  -0.00014908
 116    0.0000001  -0.00000108
 117    0.0000000  -0.00000020
 118    0.0000287  -0.00010075
 119    0.0000460  -0.00015646
 120    0.0000233  -0.00008725
 121    0.0000067  -0.00003098
 122    0.0000128  -0.00004662
 123    0.0000294  -0.00013156
 124    0.0000290  -0.00015189
 125    0.0000001  -0.00000087
 126    0.0000000  -0.00000015
 127    0.0000190  -0.00007855
 128    0.0000385  -0.00014121
 129    0.0000145  -0.00007636
 130    0.0000064  -0.00002801
 131    0.0000112  -0.00004102
 132    0.0000200  -0.00010532
 133    0.0000251  -0.00012999
 134    0.0000001  -0.00000076
 135    0.0000000  -0.00000016
 136    0.0000159  -0.00007001
 137    0.0000297  -0.00011308
 138    0.0000124  -0.00005871
 139    0.0000063  -0.00002790
 140    0.0000093  -0.00004205
 141    0.0000198  -0.00010154
 142    0.0000227  -0.00012527
 143    0.0000001  -0.00000086
 144    0.0000000  -0.00000014
 145    0.0000139  -0.00005544
 146    0.0000191  -0.00008767
 147    0.0000082  -0.00003921
 148    0.0000058  -0.00001839
 149    0.0000090  -0.00003629
 150    0.0000110  -0.00005977
 151    0.0000211  -0.00010961
 152    0.0000001  -0.00000068
 153    0.0000000  -0.00000010
 154    0.0000099  -0.00004331
 155    0.0000159  -0.00007395
 156    0.0000079  -0.00004162
 157    0.0000038  -0.00001040
 158    0.0000058  -0.00002914
 159    0.0000049  -0.00002857
 160    0.0000206  -0.00010998
 161    0.0000001  -0.00000065
 162    0.0000000  -0.00000013
 163    0.0000082  -0.00003993
 164    0.0000130  -0.00005148
 165    0.0000058  -0.00002985
 166    0.0000034  -0.00000788
 167    0.0000054  -0.00002113
 168    0.0000044  -0.00002021
 169    0.0000106  -0.00006125
 170    0.0000001  -0.00000064
 171    0.0000000  -0.00000006
 172    0.0000065  -0.00003398
 173    0.0000128  -0.00004848
 174    0.0000052  -0.00001775
 175    0.0000017  -0.00000386
 176    0.0000040  -0.00000985
 177    0.0000035  -0.00002038
 178    0.0000081  -0.00006401
 179    0.0000001  -0.00000052
 180    0.0000000  -0.00000009
 181    0.0000061  -0.00002526
 182    0.0000111  -0.00004474
 183    0.0000036  -0.00001013
 184    0.0000015  -0.00000232
 185    0.0000026  -0.00000656
 186    0.0000032  -0.00001621
 187    0.0000058  -0.00003885
 188    0.0000001  -0.00000050
 189    0.0000000  -0.00000010
 190    0.0000052  -0.00001639
 191    0.0000100  -0.00004257
 192    0.0000028  -0.00000652
 193    0.0000010  -0.00000183
 194    0.0000018  -0.00000431
 195    0.0000031  -0.00001345
 196    0.0000048  -0.00004161
 197    0.0000001  -0.00000050
 198    0.0000000  -0.00000005
 199    0.0000037  -0.00000872
 200    0.0000039  -0.00001442
 201    0.0000028  -0.00000646
 202    0.0000009  -0.00000169
 203    0.0000015  -0.00000300
 204    0.0000021  -0.00000807
 205    0.0000044  -0.00002723
 206    0.0000001  -0.00000051
 207    0.0000000  -0.00000008
 208    0.0000024  -0.00000386
 209    0.0000031  -0.00001097
 210    0.0000014  -0.00000313
 211    0.0000009  -0.00000182
 212    0.0000013  -0.00000218
 213    0.0000021  -0.00000730
 214    0.0000036  -0.00002155
 215    0.0000001  -0.00000045
 216    0.0000000  -0.00000003
 217    0.0000021  -0.00000425
 218    0.0000025  -0.00000911
 219    0.0000013  -0.00000214
 220    0.0000008  -0.00000158
 221    0.0000012  -0.00000185
 222    0.0000019  -0.00000554
 223    0.0000025  -0.00001208
 224    0.0000000  -0.00000042
 225    0.0000000  -0.00000001
 226    0.0000019  -0.00000307
 227    0.0000022  -0.00000744
 228    0.0000012  -0.00000200
 229    0.0000007  -0.00000144
 230    0.0000007  -0.00000174
 231    0.0000015  -0.00000410
 232    0.0000013  -0.00000418
 233    0.0000000  -0.00000035
 234    0.0000000  -0.00000001
 
----------------
 Final Energies 
----------------
Final NOF Total Energy =    -115.6342833
 
Total Orbital Internal Iterations = 500
Total Occupation Internal Iterations = 24
 
Elapsed time: 2831.79 Seconds

---------------------------------
   Lowdin Population Analysis    
---------------------------------
 Idx  Atom   Population   Charge 
---------------------------------
  1     H     1.284      -0.284
  2     O     7.502       0.498
  3     C     5.998       0.002
  4     H     1.067      -0.067
  5     H     1.075      -0.075
  6     H     1.074      -0.074

---------------------------------
   M Diagnostic: 0.03
---------------------------------

