Computing Integrals
Basis Set                                            = def2-qzvp
Auxiliary Basis Set                                  = def2-universal-jkfit
Gaussian Type                                        = Spherical
Elapsed time:   30.66 Seconds

Number of basis functions                   (NBF)    = 301
Number of auxiliary basis functions         (NBFAUX) = 395
Inactive Doubly occupied orbitals up to     (NO1)    = 0
No. considered Strongly Doubly occupied MOs (NDOC)   = 20
No. considered Strongly Singly occupied MOs (NSOC)   = 0
NO. of Weakly occ. per St. Doubly occ.  MOs (NCWO)   = 14
Dimension of the Nat. Orb. subspace         (NBF5)   = 300
No. of electrons                                     = 40
    No. of alpha electrons                           = 20
    No. of beta electrons                            = 20
Multiplicity                                         = 1

Geometry
========
 N      -1.7332912       3.5914937       0.1406388
 N      -1.2110379       2.5057131       0.1180678
 N      -2.2548758       4.6730959       0.1598318
 S       0.2382205      -0.3275988       0.2238631
 H       1.4550085       0.2234381       0.2568727
 H      -0.3909368       0.8938685       0.1779218

No violations of the orthonormality
No violations of the orthonormality
 
PNOF8/ADABelief Calculation
==================
 
  Nitext  Nit_orb  Time   Nit_occ  Time         Eelec          Etot           Ediff      maxdiff    MaxGrad_orb  Grad_occ
     1      10    7.0e+01   48    3.0e+01  -679.20949526  -563.18529114 -10678.20949526   0.019724   7.9e-02   3.2e-04 0.05
     2      20    1.0e+02    0    3.4e-01  -679.33900528  -563.31480117    -0.12951002   0.019808   7.9e-02   3.2e-04 0.05
     3      40    2.0e+02   21    2.6e+00  -679.35401411  -563.32980999    -0.01500883   0.013830   5.5e-02   2.2e-04 0.05
     4      40    1.9e+02    6    1.0e+00  -679.35671358  -563.33250946    -0.00269947   0.037972   1.5e-01   3.4e-04 0.05
     5      40    2.0e+02   20    2.7e+00  -679.35729141  -563.33308729    -0.00057783   0.011759   4.7e-02   1.7e-04 0.05
     6      40    2.0e+02   10    1.4e+00  -679.35782854  -563.33362443    -0.00053713   0.010407   4.2e-02   2.2e-04 0.05
     7      40    2.0e+02    5    9.1e-01  -679.35839769  -563.33419357    -0.00056915   0.010943   4.4e-02   2.6e-04 0.05
     8      40    2.1e+02   10    1.4e+00  -679.35876005  -563.33455593    -0.00036236   0.011244   4.5e-02   2.7e-04 0.05
     9      40    2.0e+02   13    1.8e+00  -679.35921680  -563.33501268    -0.00045675   0.010768   4.3e-02   2.6e-04 0.05
    10      40    2.0e+02    5    9.0e-01  -679.35958530  -563.33538119    -0.00036851   0.011210   4.5e-02   2.4e-04 0.05
    11      40    2.0e+02   11    1.5e+00  -679.35978514  -563.33558103    -0.00019984   0.010686   4.3e-02   2.0e-04 0.05
    12      40    2.1e+02   10    1.5e+00  -679.36005448  -563.33585036    -0.00026933   0.010411   4.2e-02   2.3e-04 0.05
    13      40    2.0e+02   23    2.7e+00  -679.36029898  -563.33609486    -0.00024450   0.009840   3.9e-02   1.8e-04 0.05
    14      40    2.1e+02   10    1.4e+00  -679.36065375  -563.33644963    -0.00035477   0.009213   3.7e-02   1.7e-04 0.05
    15      40    2.0e+02    3    6.9e-01  -679.36083269  -563.33662857    -0.00017894   0.008423   3.4e-02   2.5e-04 0.05
    16      40    2.1e+02    6    9.6e-01  -679.36090052  -563.33669640    -0.00006782   0.007867   3.1e-02   2.1e-04 0.05
    17      40    2.0e+02    6    1.0e+00  -679.36112074  -563.33691662    -0.00022022   0.008298   3.3e-02   2.3e-04 0.05
    18      40    2.1e+02    6    1.1e+00  -679.36119151  -563.33698739    -0.00007077   0.007500   3.0e-02   2.5e-04 0.05
    19      40    2.0e+02    6    9.7e-01  -679.36132354  -563.33711943    -0.00013203   0.007800   3.1e-02   2.7e-04 0.05
    20      40    2.0e+02    0    3.7e-01  -679.36133511  -563.33713100    -0.00001157   0.007800   3.1e-02   2.7e-04 0.05
    21      60    3.0e+02   11    1.4e+00  -679.36197631  -563.33777220    -0.00064120   0.000783   3.1e-03   1.9e-04 0.05
 
RESULTS OF THE OCCUPATION OPTIMIZATION
========================================
   1    1.9999996  -91.86126639
   2    1.9999741  -15.44093833
   3    1.9999717  -15.44023808
   4    1.9999706  -15.38832605
   5    1.9998586  -8.82387311
   6    1.9994714  -6.51847482
   7    1.9992539  -6.51382420
   8    1.9989625  -6.51188552
   9    1.9831666  -1.22593753
  10    1.9831734  -0.93269579
  11    1.9772914  -0.82069174
  12    1.9771577  -0.50223927
  13    1.9690707  -0.48765737
  14    1.9775029  -0.46398987
  15    1.9740349  -0.45313502
  16    1.9748401  -0.45181025
  17    1.9630204  -0.38840076
  18    1.9630153  -0.25808135
  19    1.9522270  -0.16905579
  20    1.9522333  -0.16877287
  21    0.0476630  -0.05277074
  22    0.0476757  -0.05270680
  23    0.0121393  -0.01489524
  24    0.0204523  -0.02907310
  25    0.0077462  -0.01439351
  26    0.0054483  -0.00933783
  27    0.0075615  -0.02224592
  28    0.0276293  -0.04187800
  29    0.0079034  -0.01535955
  30    0.0146241  -0.02990037
  31    0.0045902  -0.01294222
  32    0.0132728  -0.02593471
  33    0.0006411  -0.01174455
  34    0.0006489  -0.01050409
  35    0.0003811  -0.00649173
  36    0.0000513  -0.00100878
  37    0.0000212  -0.00058988
  38    0.0000077  -0.00010956
  39    0.0000067  -0.00012851
  40    0.0000004  -0.00000407
  41    0.0000233  -0.00007273
  42    0.0000222  -0.00007189
  43    0.0119867  -0.01447694
  44    0.0082783  -0.01204490
  45    0.0052060  -0.00916475
  46    0.0048678  -0.00823920
  47    0.0072725  -0.01914620
  48    0.0010146  -0.00261884
  49    0.0029806  -0.00690860
  50    0.0022543  -0.00857344
  51    0.0023735  -0.00827762
  52    0.0009347  -0.00295346
  53    0.0003442  -0.00643600
  54    0.0000312  -0.00068154
  55    0.0000838  -0.00271472
  56    0.0000439  -0.00100527
  57    0.0000021  -0.00003536
  58    0.0000039  -0.00007328
  59    0.0000037  -0.00004756
  60    0.0000000  -0.00000030
  61    0.0000202  -0.00007201
  62    0.0000185  -0.00007434
  63    0.0111707  -0.01340797
  64    0.0070066  -0.01244244
  65    0.0044333  -0.00798261
  66    0.0046517  -0.00795017
  67    0.0028158  -0.01011688
  68    0.0006682  -0.00174145
  69    0.0026565  -0.00546291
  70    0.0021257  -0.00856678
  71    0.0020504  -0.00732346
  72    0.0006046  -0.00488153
  73    0.0000095  -0.00009214
  74    0.0000154  -0.00046270
  75    0.0000103  -0.00010540
  76    0.0000141  -0.00050563
  77    0.0000018  -0.00002848
  78    0.0000034  -0.00005160
  79    0.0000034  -0.00005571
  80    0.0000000  -0.00000012
  81    0.0000163  -0.00006421
  82    0.0000162  -0.00006424
  83    0.0003612  -0.00081018
  84    0.0008031  -0.00151214
  85    0.0042948  -0.00805390
  86    0.0042377  -0.00673759
  87    0.0021509  -0.00886711
  88    0.0005139  -0.00142978
  89    0.0026434  -0.00502227
  90    0.0014801  -0.00652666
  91    0.0018565  -0.00829523
  92    0.0005436  -0.00171218
  93    0.0000060  -0.00006647
  94    0.0000072  -0.00009177
  95    0.0000073  -0.00007506
  96    0.0000077  -0.00008281
  97    0.0000016  -0.00002226
  98    0.0000033  -0.00005166
  99    0.0000031  -0.00004981
 100    0.0000000  -0.00000007
 101    0.0000154  -0.00006366
 102    0.0000145  -0.00006284
 103    0.0003156  -0.00075209
 104    0.0000814  -0.00021181
 105    0.0013977  -0.00362732
 106    0.0041652  -0.00656148
 107    0.0008873  -0.00224302
 108    0.0003777  -0.00101886
 109    0.0025426  -0.00582388
 110    0.0008788  -0.00210199
 111    0.0013502  -0.00509762
 112    0.0004145  -0.00333248
 113    0.0000058  -0.00006217
 114    0.0000061  -0.00006548
 115    0.0000068  -0.00007456
 116    0.0000066  -0.00006510
 117    0.0000016  -0.00002282
 118    0.0000029  -0.00003814
 119    0.0000028  -0.00003671
 120    0.0000000  -0.00000006
 121    0.0000077  -0.00003959
 122    0.0000092  -0.00005409
 123    0.0002451  -0.00058902
 124    0.0000633  -0.00016697
 125    0.0007286  -0.00181654
 126    0.0013044  -0.00360053
 127    0.0006511  -0.00151731
 128    0.0001963  -0.00055834
 129    0.0024255  -0.00623686
 130    0.0004919  -0.00110026
 131    0.0012476  -0.00345767
 132    0.0003927  -0.00120259
 133    0.0000056  -0.00006060
 134    0.0000057  -0.00006213
 135    0.0000068  -0.00006957
 136    0.0000048  -0.00012092
 137    0.0000003  -0.00001073
 138    0.0000018  -0.00002893
 139    0.0000023  -0.00003517
 140    0.0000000  -0.00000004
 141    0.0000049  -0.00001780
 142    0.0000057  -0.00003017
 143    0.0001988  -0.00045480
 144    0.0000599  -0.00015348
 145    0.0002839  -0.00069746
 146    0.0004377  -0.00133338
 147    0.0003019  -0.00085112
 148    0.0001534  -0.00047211
 149    0.0007232  -0.00182706
 150    0.0002642  -0.00091957
 151    0.0009878  -0.00295143
 152    0.0001969  -0.00065227
 153    0.0000054  -0.00006716
 154    0.0000056  -0.00005992
 155    0.0000061  -0.00006309
 156    0.0000040  -0.00007389
 157    0.0000002  -0.00000253
 158    0.0000016  -0.00001866
 159    0.0000016  -0.00001948
 160    0.0000000  -0.00000003
 161    0.0000043  -0.00001684
 162    0.0000028  -0.00001369
 163    0.0001789  -0.00040585
 164    0.0000532  -0.00013842
 165    0.0002806  -0.00068781
 166    0.0002646  -0.00080348
 167    0.0002589  -0.00080047
 168    0.0001209  -0.00043218
 169    0.0003004  -0.00092353
 170    0.0001444  -0.00078141
 171    0.0005401  -0.00350274
 172    0.0001917  -0.00061831
 173    0.0000051  -0.00005540
 174    0.0000052  -0.00005397
 175    0.0000059  -0.00005892
 176    0.0000035  -0.00006033
 177    0.0000001  -0.00000131
 178    0.0000014  -0.00001799
 179    0.0000009  -0.00000755
 180    0.0000000  -0.00000003
 181    0.0000028  -0.00001428
 182    0.0000022  -0.00001090
 183    0.0001060  -0.00029829
 184    0.0000430  -0.00011157
 185    0.0002564  -0.00069401
 186    0.0002164  -0.00061523
 187    0.0001448  -0.00045073
 188    0.0000729  -0.00027499
 189    0.0002134  -0.00062239
 190    0.0001336  -0.00046983
 191    0.0004899  -0.00154034
 192    0.0001401  -0.00089700
 193    0.0000045  -0.00004854
 194    0.0000047  -0.00005028
 195    0.0000054  -0.00005871
 196    0.0000024  -0.00013648
 197    0.0000001  -0.00000114
 198    0.0000011  -0.00001141
 199    0.0000006  -0.00004032
 200    0.0000000  -0.00000003
 201    0.0000026  -0.00001248
 202    0.0000018  -0.00000702
 203    0.0000829  -0.00023725
 204    0.0000380  -0.00009717
 205    0.0002133  -0.00061805
 206    0.0001546  -0.00049647
 207    0.0001379  -0.00051265
 208    0.0000716  -0.00027664
 209    0.0001586  -0.00050176
 210    0.0001119  -0.00043481
 211    0.0004863  -0.00155347
 212    0.0000426  -0.00019600
 213    0.0000036  -0.00003952
 214    0.0000044  -0.00014763
 215    0.0000050  -0.00005331
 216    0.0000012  -0.00001082
 217    0.0000001  -0.00000090
 218    0.0000005  -0.00004695
 219    0.0000004  -0.00003524
 220    0.0000000  -0.00000003
 221    0.0000023  -0.00001164
 222    0.0000016  -0.00000604
 223    0.0000623  -0.00015144
 224    0.0000373  -0.00010266
 225    0.0001388  -0.00043782
 226    0.0000867  -0.00033445
 227    0.0000883  -0.00033288
 228    0.0000406  -0.00017322
 229    0.0001491  -0.00050512
 230    0.0000756  -0.00026984
 231    0.0002887  -0.00127313
 232    0.0000318  -0.00015396
 233    0.0000031  -0.00003556
 234    0.0000042  -0.00022629
 235    0.0000037  -0.00003889
 236    0.0000006  -0.00000693
 237    0.0000001  -0.00000062
 238    0.0000002  -0.00000260
 239    0.0000001  -0.00000144
 240    0.0000000  -0.00000003
 241    0.0000018  -0.00000655
 242    0.0000013  -0.00000451
 243    0.0000497  -0.00013008
 244    0.0000258  -0.00008020
 245    0.0000957  -0.00035959
 246    0.0000455  -0.00017786
 247    0.0000842  -0.00030116
 248    0.0000271  -0.00011582
 249    0.0000895  -0.00033092
 250    0.0000645  -0.00022845
 251    0.0002052  -0.00062715
 252    0.0000311  -0.00015196
 253    0.0000016  -0.00001798
 254    0.0000035  -0.00003831
 255    0.0000032  -0.00003666
 256    0.0000005  -0.00000502
 257    0.0000000  -0.00000055
 258    0.0000002  -0.00000204
 259    0.0000001  -0.00000123
 260    0.0000000  -0.00000003
 261    0.0000012  -0.00000447
 262    0.0000008  -0.00000233
 263    0.0000447  -0.00011284
 264    0.0000207  -0.00008236
 265    0.0000524  -0.00020820
 266    0.0000424  -0.00016371
 267    0.0000782  -0.00031889
 268    0.0000239  -0.00011669
 269    0.0000302  -0.00012875
 270    0.0000337  -0.00012761
 271    0.0001950  -0.00059313
 272    0.0000189  -0.00010057
 273    0.0000012  -0.00001122
 274    0.0000034  -0.00003824
 275    0.0000026  -0.00008414
 276    0.0000004  -0.00000380
 277    0.0000000  -0.00000045
 278    0.0000002  -0.00000187
 279    0.0000001  -0.00000118
 280    0.0000000  -0.00000003
 281    0.0000010  -0.00000365
 282    0.0000005  -0.00000206
 283    0.0000428  -0.00010079
 284    0.0000166  -0.00007060
 285    0.0000323  -0.00012197
 286    0.0000419  -0.00016784
 287    0.0000637  -0.00020429
 288    0.0000188  -0.00009797
 289    0.0000259  -0.00012849
 290    0.0000260  -0.00011148
 291    0.0001654  -0.00056639
 292    0.0000174  -0.00009253
 293    0.0000008  -0.00000665
 294    0.0000007  -0.00000562
 295    0.0000007  -0.00000801
 296    0.0000004  -0.00000368
 297    0.0000000  -0.00000032
 298    0.0000001  -0.00000058
 299    0.0000001  -0.00000052
 300    0.0000000  -0.00000001
 
----------------
 Final Energies 
----------------
Final NOF Total Energy =    -563.3377722
 
Total Orbital Internal Iterations = 810
Total Occupation Internal Iterations = 230
 
Elapsed time: 4290.98 Seconds

---------------------------------
   Lowdin Population Analysis    
---------------------------------
 Idx  Atom   Population   Charge 
---------------------------------
  1     N     7.213      -0.213
  2     N     7.281      -0.281
  3     N     7.315      -0.315
  4     S    15.589       0.411
  5     H     1.280      -0.280
  6     H     1.322      -0.322

---------------------------------
   M Diagnostic: 0.05
---------------------------------

