Computing Integrals
Basis Set                                            = def2-qzvp
Auxiliary Basis Set                                  = def2-universal-jkfit
Gaussian Type                                        = Spherical
Elapsed time:    7.54 Seconds

Number of basis functions                   (NBF)    = 560
Number of auxiliary basis functions         (NBFAUX) = 1024
Inactive Doubly occupied orbitals up to     (NO1)    = 0
No. considered Strongly Doubly occupied MOs (NDOC)   = 64
No. considered Strongly Singly occupied MOs (NSOC)   = 0
NO. of Weakly occ. per St. Doubly occ.  MOs (NCWO)   = 7
Dimension of the Nat. Orb. subspace         (NBF5)   = 512
No. of electrons                                     = 128
    No. of alpha electrons                           = 64
    No. of beta electrons                            = 64
Multiplicity                                         = 1

Geometry
========
Al       0.0000000       0.0000000      -1.5954390
Al       0.0000000       0.0000000       1.5954390
Cl       0.0000000       1.6230790       0.0000000
Cl       0.0000000      -1.6230790       0.0000000
Cl       1.8212280       0.0000000      -2.6042940
Cl      -1.8212280       0.0000000      -2.6042940
Cl      -1.8212280       0.0000000       2.6042940
Cl       1.8212280       0.0000000       2.6042940

No violations of the orthonormality
No violations of the orthonormality
 
PNOF8/ADABelief Calculation
==================
 
  Nitext  Nit_orb  Time   Nit_occ  Time         Eelec          Etot           Ediff      maxdiff    MaxGrad_orb  Grad_occ
     1      10    5.3e+01    0    2.8e+01 -4386.58681742 -3245.35756807 -14385.58681742   0.004059   1.6e-02   2.5e-04 0.03
     2      30    9.1e+01    0    2.1e+00 -4386.58681742 -3245.35756807     0.00000000   0.004059   1.6e-02   2.5e-04 0.03
     3      50    1.6e+02    0    2.6e+00 -4386.58681742 -3245.35756807     0.00000000   0.004059   1.6e-02   2.5e-04 0.03
     4      70    2.2e+02   15    8.2e+00 -4386.58875220 -3245.35950285    -0.00193477   0.003545   1.4e-02   3.6e-04 0.03
     5      70    2.3e+02   16    8.1e+00 -4386.59084457 -3245.36159522    -0.00209237   0.003076   1.2e-02   3.1e-04 0.03
     6      70    2.2e+02   16    8.5e+00 -4386.59295068 -3245.36370133    -0.00210611   0.003620   1.4e-02   3.3e-04 0.03
     7      70    2.3e+02   15    8.4e+00 -4386.59495192 -3245.36570257    -0.00200125   0.003594   1.4e-02   2.6e-04 0.03
     8      70    2.2e+02   13    7.0e+00 -4386.59687567 -3245.36762632    -0.00192374   0.014012   5.6e-02   2.8e-04 0.03
     9      70    2.2e+02   13    6.8e+00 -4386.59878351 -3245.36953416    -0.00190784   0.004007   1.6e-02   2.7e-04 0.03
    10      70    2.2e+02   13    6.9e+00 -4386.60062310 -3245.37137375    -0.00183959   0.003735   1.5e-02   2.6e-04 0.03
    11      70    2.2e+02   13    6.7e+00 -4386.60229419 -3245.37304484    -0.00167109   0.003657   1.5e-02   3.0e-04 0.03
    12      70    2.3e+02   10    6.3e+00 -4386.60383246 -3245.37458311    -0.00153827   0.003536   1.4e-02   3.5e-04 0.03
    13      70    2.2e+02   13    7.6e+00 -4386.60519682 -3245.37594747    -0.00136437   0.003440   1.4e-02   3.3e-04 0.03
    14      70    2.1e+02   11    6.9e+00 -4386.60643605 -3245.37718671    -0.00123923   0.003491   1.4e-02   2.9e-04 0.03
    15      70    2.3e+02   11    6.4e+00 -4386.60750965 -3245.37826030    -0.00107359   0.003401   1.4e-02   2.8e-04 0.03
    16      70    2.1e+02   11    6.6e+00 -4386.60845708 -3245.37920773    -0.00094743   0.003576   1.4e-02   2.7e-04 0.03
    17      70    2.1e+02   13    7.5e+00 -4386.60931861 -3245.38006926    -0.00086153   0.003394   1.4e-02   3.3e-04 0.03
    18      70    2.2e+02   11    6.3e+00 -4386.61015883 -3245.38090948    -0.00084021   0.003465   1.4e-02   3.4e-04 0.03
    19      70    2.1e+02   15    7.7e+00 -4386.61100413 -3245.38175478    -0.00084530   0.003255   1.3e-02   2.7e-04 0.03
    20      70    2.2e+02   15    8.3e+00 -4386.61190670 -3245.38265735    -0.00090257   0.003376   1.4e-02   2.3e-04 0.03
    21      70    2.1e+02    6    4.6e+00 -4386.61286919 -3245.38361984    -0.00096249   0.003321   1.3e-02   3.4e-04 0.03
    22      70    2.2e+02   11    6.7e+00 -4386.61383418 -3245.38458483    -0.00096499   0.003242   1.3e-02   3.5e-04 0.03
    23      70    2.1e+02   15    7.9e+00 -4386.61487501 -3245.38562566    -0.00104083   0.003251   1.3e-02   2.4e-04 0.03
    24      70    2.1e+02   12    6.8e+00 -4386.61593563 -3245.38668628    -0.00106062   0.002932   1.2e-02   3.0e-04 0.03
    25      70    2.0e+02   13    7.3e+00 -4386.61698708 -3245.38773773    -0.00105145   0.002940   1.2e-02   2.7e-04 0.03
    26      70    2.0e+02   13    7.5e+00 -4386.61803043 -3245.38878108    -0.00104335   0.002908   1.2e-02   2.5e-04 0.03
    27      70    2.0e+02   11    6.1e+00 -4386.61904349 -3245.38979414    -0.00101307   0.003040   1.2e-02   3.4e-04 0.03
    28      70    2.0e+02   11    6.4e+00 -4386.61996970 -3245.39072035    -0.00092620   0.002968   1.2e-02   3.2e-04 0.03
    29      70    2.1e+02   11    6.3e+00 -4386.62085232 -3245.39160297    -0.00088262   0.002883   1.2e-02   3.2e-04 0.03
    30      70    2.0e+02    6    4.4e+00 -4386.62170340 -3245.39245406    -0.00085109   0.002848   1.1e-02   2.8e-04 0.03
    31      70    2.1e+02    8    5.4e+00 -4386.62258061 -3245.39333126    -0.00087721   0.003054   1.2e-02   3.8e-04 0.03
    32      70    2.1e+02   15    8.1e+00 -4386.62355313 -3245.39430378    -0.00097252   0.002638   1.1e-02   2.9e-04 0.03
    33      70    2.0e+02    6    4.8e+00 -4386.62463808 -3245.39538873    -0.00108494   0.002714   1.1e-02   2.9e-04 0.03
    34      70    2.1e+02   16    8.0e+00 -4386.62564168 -3245.39639233    -0.00100360   0.003101   1.2e-02   3.3e-04 0.03
    35      70    2.1e+02   16    8.5e+00 -4386.62666472 -3245.39741537    -0.00102304   0.003033   1.2e-02   3.0e-04 0.03
    36      70    2.1e+02    6    4.6e+00 -4386.62761226 -3245.39836291    -0.00094754   0.002797   1.1e-02   3.1e-04 0.03
    37      70    2.0e+02   11    6.3e+00 -4386.62842390 -3245.39917455    -0.00081164   0.002858   1.1e-02   3.7e-04 0.03
    38      70    2.1e+02    6    4.3e+00 -4386.62918991 -3245.39994056    -0.00076601   0.002902   1.2e-02   4.0e-04 0.03
    39      70    2.1e+02   14    7.6e+00 -4386.62982192 -3245.40057257    -0.00063201   0.002802   1.1e-02   3.0e-04 0.03
    40      70    2.0e+02    6    4.5e+00 -4386.63043706 -3245.40118771    -0.00061514   0.002728   1.1e-02   3.6e-04 0.03
 
RESULTS OF THE OCCUPATION OPTIMIZATION
========================================
   1    1.9999992  -104.92517204
   2    1.9999991  -104.92510081
   3    1.9999991  -104.92487664
   4    1.9999991  -104.92406166
   5    1.9999991  -104.91261234
   6    1.9999991  -104.91182340
   7    1.9999980  -58.65690430
   8    1.9999982  -58.65662354
   9    1.9998495  -10.61910447
  10    1.9998875  -10.60569846
  11    1.9998693  -10.60170367
  12    1.9998680  -10.60049315
  13    1.9998735  -10.59944669
  14    1.9998720  -10.59916148
  15    1.9995351  -8.11856633
  16    1.9991740  -8.11698362
  17    1.9993428  -8.11610331
  18    1.9992813  -8.11411379
  19    1.9993964  -8.11328591
  20    1.9993600  -8.08602250
  21    1.9993281  -8.08046801
  22    1.9992727  -8.07429500
  23    1.9995324  -8.07416188
  24    1.9995516  -8.07409117
  25    1.9993358  -8.07075093
  26    1.9991887  -8.07070996
  27    1.9993843  -8.06791784
  28    1.9992946  -8.06653365
  29    1.9993206  -8.06523780
  30    1.9993306  -8.06509936
  31    1.9990133  -8.06362391
  32    1.9989999  -8.06194744
  33    1.9976037  -5.01824362
  34    1.9971047  -5.01729417
  35    1.9937248  -3.33579564
  36    1.9936558  -3.33444562
  37    1.9938223  -3.33430206
  38    1.9924107  -3.33216196
  39    1.9927223  -3.33215142
  40    1.9925522  -3.33014904
  41    1.9812712  -1.18215008
  42    1.9800014  -1.17712782
  43    1.9808015  -1.11412661
  44    1.9821795  -1.11271723
  45    1.9815525  -1.11150546
  46    1.9806302  -1.10893359
  47    1.9691219  -0.62681050
  48    1.9655986  -0.62340450
  49    1.9673584  -0.62028659
  50    1.9677632  -0.60960807
  51    1.9667022  -0.59686453
  52    1.9694052  -0.59342942
  53    1.9712534  -0.59160749
  54    1.9654103  -0.58450079
  55    1.9630348  -0.56664497
  56    1.9664381  -0.56578743
  57    1.9694016  -0.51572214
  58    1.9653395  -0.51265436
  59    1.9699661  -0.51224276
  60    1.9661515  -0.51172288
  61    1.9665857  -0.51146151
  62    1.9625448  -0.51131096
  63    1.9653264  -0.51029625
  64    1.9660101  -0.50972361
  65    0.0129545  -0.02115264
  66    0.0124962  -0.01999805
  67    0.0104360  -0.01809051
  68    0.0127906  -0.02039842
  69    0.0121561  -0.01973393
  70    0.0113147  -0.01870470
  71    0.0133060  -0.02141485
  72    0.0168189  -0.02501739
  73    0.0123674  -0.01956512
  74    0.0121930  -0.01904194
  75    0.0210329  -0.03672369
  76    0.0135846  -0.02750584
  77    0.0167393  -0.03352985
  78    0.0218501  -0.03821802
  79    0.0110906  -0.01938228
  80    0.0198796  -0.03301548
  81    0.0204064  -0.03544340
  82    0.0178702  -0.03345373
  83    0.0066100  -0.02838997
  84    0.0072639  -0.02928041
  85    0.0071502  -0.02865154
  86    0.0069272  -0.02699897
  87    0.0057863  -0.02438051
  88    0.0068340  -0.02960257
  89    0.0036676  -0.01962803
  90    0.0035016  -0.01916897
  91    0.0036704  -0.01963477
  92    0.0036021  -0.01945538
  93    0.0041549  -0.02718022
  94    0.0040627  -0.02695404
  95    0.0009580  -0.01220206
  96    0.0012978  -0.00912849
  97    0.0004797  -0.01085209
  98    0.0004752  -0.01070598
  99    0.0004913  -0.01077218
 100    0.0004869  -0.01075720
 101    0.0004820  -0.01069279
 102    0.0004845  -0.01011956
 103    0.0006506  -0.01317444
 104    0.0005165  -0.01131201
 105    0.0002942  -0.00642777
 106    0.0002601  -0.00599405
 107    0.0005306  -0.01181874
 108    0.0005329  -0.01156313
 109    0.0005353  -0.01042005
 110    0.0004132  -0.00923945
 111    0.0004668  -0.01056908
 112    0.0005286  -0.01164983
 113    0.0004312  -0.01006027
 114    0.0003878  -0.00883523
 115    0.0000245  -0.00020130
 116    0.0000899  -0.00114475
 117    0.0000824  -0.00098598
 118    0.0000479  -0.00041000
 119    0.0000326  -0.00026854
 120    0.0000679  -0.00225424
 121    0.0000009  -0.00003984
 122    0.0000010  -0.00004899
 123    0.0000002  -0.00000837
 124    0.0000002  -0.00000969
 125    0.0000002  -0.00000960
 126    0.0000002  -0.00000780
 127    0.0000002  -0.00000638
 128    0.0000004  -0.00001697
 129    0.0106984  -0.01729229
 130    0.0119262  -0.01867983
 131    0.0097797  -0.01688631
 132    0.0108901  -0.01866992
 133    0.0110372  -0.01776706
 134    0.0111835  -0.01899087
 135    0.0112373  -0.01777825
 136    0.0098407  -0.01972935
 137    0.0117421  -0.01876726
 138    0.0117834  -0.01838530
 139    0.0113792  -0.01863895
 140    0.0080141  -0.01757951
 141    0.0076791  -0.01630860
 142    0.0091487  -0.01679194
 143    0.0109517  -0.01852827
 144    0.0094077  -0.01787275
 145    0.0117351  -0.01896050
 146    0.0079816  -0.01826868
 147    0.0037319  -0.01679845
 148    0.0022042  -0.01052203
 149    0.0022114  -0.01077766
 150    0.0063372  -0.02029602
 151    0.0051857  -0.01957555
 152    0.0021347  -0.01078058
 153    0.0017644  -0.00863143
 154    0.0018081  -0.00869512
 155    0.0018228  -0.00951458
 156    0.0018973  -0.00944155
 157    0.0018058  -0.00877985
 158    0.0018289  -0.00922244
 159    0.0008299  -0.01002506
 160    0.0008683  -0.00997189
 161    0.0004053  -0.00969820
 162    0.0004622  -0.01065954
 163    0.0000819  -0.00106238
 164    0.0000848  -0.00110258
 165    0.0001783  -0.00364648
 166    0.0000659  -0.00084189
 167    0.0001164  -0.00169160
 168    0.0000786  -0.00095678
 169    0.0000749  -0.00297600
 170    0.0000793  -0.00147752
 171    0.0001541  -0.00313144
 172    0.0000772  -0.00095839
 173    0.0000507  -0.00066034
 174    0.0000720  -0.00229648
 175    0.0001992  -0.00433435
 176    0.0000587  -0.00066331
 177    0.0003410  -0.00796864
 178    0.0000170  -0.00014261
 179    0.0000197  -0.00021132
 180    0.0000121  -0.00019479
 181    0.0000193  -0.00014575
 182    0.0000173  -0.00015181
 183    0.0000221  -0.00018781
 184    0.0000172  -0.00014237
 185    0.0000008  -0.00003422
 186    0.0000008  -0.00003277
 187    0.0000002  -0.00000693
 188    0.0000002  -0.00000823
 189    0.0000002  -0.00000894
 190    0.0000001  -0.00000599
 191    0.0000001  -0.00000602
 192    0.0000003  -0.00001419
 193    0.0081897  -0.01916195
 194    0.0083193  -0.01862790
 195    0.0095500  -0.01631058
 196    0.0084778  -0.01895954
 197    0.0082271  -0.01887518
 198    0.0046001  -0.01453217
 199    0.0087788  -0.01835312
 200    0.0009142  -0.00204307
 201    0.0079514  -0.01933250
 202    0.0115906  -0.01877013
 203    0.0007791  -0.00175014
 204    0.0028560  -0.01056906
 205    0.0023866  -0.00910374
 206    0.0007285  -0.00165031
 207    0.0080334  -0.01999361
 208    0.0008098  -0.00173453
 209    0.0007882  -0.00172741
 210    0.0026211  -0.00915727
 211    0.0021540  -0.01042482
 212    0.0021445  -0.01058060
 213    0.0021223  -0.01037906
 214    0.0022950  -0.01066733
 215    0.0020737  -0.01067552
 216    0.0020881  -0.01051021
 217    0.0016536  -0.00895421
 218    0.0016628  -0.00902904
 219    0.0017573  -0.00864666
 220    0.0003230  -0.00620670
 221    0.0001636  -0.00116595
 222    0.0001526  -0.00111313
 223    0.0006848  -0.00964298
 224    0.0001080  -0.00135176
 225    0.0000746  -0.00332219
 226    0.0000154  -0.00093831
 227    0.0000502  -0.00090393
 228    0.0000704  -0.00256170
 229    0.0000155  -0.00082935
 230    0.0000185  -0.00014420
 231    0.0000126  -0.00012495
 232    0.0000202  -0.00016152
 233    0.0000191  -0.00014581
 234    0.0000753  -0.00234517
 235    0.0000136  -0.00012295
 236    0.0000240  -0.00017980
 237    0.0000189  -0.00015720
 238    0.0000716  -0.00162784
 239    0.0000144  -0.00080560
 240    0.0000160  -0.00014286
 241    0.0000131  -0.00017478
 242    0.0000167  -0.00014242
 243    0.0000194  -0.00014808
 244    0.0000078  -0.00007470
 245    0.0000161  -0.00037563
 246    0.0000170  -0.00015446
 247    0.0000207  -0.00017748
 248    0.0000167  -0.00019206
 249    0.0000000  -0.00000190
 250    0.0000001  -0.00000290
 251    0.0000001  -0.00000599
 252    0.0000002  -0.00000759
 253    0.0000002  -0.00000702
 254    0.0000001  -0.00000602
 255    0.0000001  -0.00000572
 256    0.0000000  -0.00000090
 257    0.0007751  -0.00178224
 258    0.0007020  -0.00154701
 259    0.0073592  -0.01776260
 260    0.0007108  -0.00155534
 261    0.0007600  -0.00170241
 262    0.0010819  -0.00338786
 263    0.0007566  -0.00164804
 264    0.0008827  -0.00198953
 265    0.0007728  -0.00171953
 266    0.0007747  -0.00171791
 267    0.0007620  -0.00171128
 268    0.0024997  -0.00936806
 269    0.0022087  -0.00916588
 270    0.0007236  -0.00163017
 271    0.0008241  -0.00196882
 272    0.0007923  -0.00171532
 273    0.0007662  -0.00169653
 274    0.0007309  -0.00169921
 275    0.0021540  -0.01048250
 276    0.0021046  -0.01023494
 277    0.0020955  -0.01030681
 278    0.0022066  -0.01046106
 279    0.0019806  -0.01029950
 280    0.0020387  -0.01039409
 281    0.0002134  -0.00238082
 282    0.0001576  -0.00109811
 283    0.0002132  -0.00318970
 284    0.0001195  -0.00109996
 285    0.0000803  -0.00054013
 286    0.0000803  -0.00059597
 287    0.0002665  -0.00390585
 288    0.0000367  -0.00087620
 289    0.0000136  -0.00013699
 290    0.0000095  -0.00008545
 291    0.0000147  -0.00060921
 292    0.0000150  -0.00014102
 293    0.0000091  -0.00008283
 294    0.0000153  -0.00044326
 295    0.0000126  -0.00012981
 296    0.0000152  -0.00014391
 297    0.0000183  -0.00015219
 298    0.0000175  -0.00013704
 299    0.0000084  -0.00007602
 300    0.0000132  -0.00014531
 301    0.0000112  -0.00018019
 302    0.0000163  -0.00013865
 303    0.0000128  -0.00014452
 304    0.0000141  -0.00013191
 305    0.0000122  -0.00013265
 306    0.0000160  -0.00088031
 307    0.0000185  -0.00015564
 308    0.0000055  -0.00023672
 309    0.0000054  -0.00022683
 310    0.0000161  -0.00021696
 311    0.0000109  -0.00015911
 312    0.0000162  -0.00015554
 313    0.0000000  -0.00000120
 314    0.0000000  -0.00000224
 315    0.0000001  -0.00000508
 316    0.0000001  -0.00000551
 317    0.0000001  -0.00000572
 318    0.0000001  -0.00000530
 319    0.0000001  -0.00000525
 320    0.0000000  -0.00000064
 321    0.0007478  -0.00166907
 322    0.0007016  -0.00154261
 323    0.0001167  -0.00036308
 324    0.0002575  -0.00096470
 325    0.0007586  -0.00171413
 326    0.0007982  -0.00175199
 327    0.0002860  -0.00100195
 328    0.0008351  -0.00171734
 329    0.0003045  -0.00107044
 330    0.0002623  -0.00093416
 331    0.0002998  -0.00108281
 332    0.0007694  -0.00198799
 333    0.0006627  -0.00164289
 334    0.0003502  -0.00114876
 335    0.0007798  -0.00183746
 336    0.0007691  -0.00172274
 337    0.0004586  -0.00123864
 338    0.0007193  -0.00166712
 339    0.0020205  -0.01019583
 340    0.0020609  -0.01038555
 341    0.0020651  -0.01040296
 342    0.0005871  -0.00162875
 343    0.0019604  -0.01028778
 344    0.0020261  -0.01031339
 345    0.0000678  -0.00097555
 346    0.0000656  -0.00080877
 347    0.0000455  -0.00026429
 348    0.0001159  -0.00086639
 349    0.0000478  -0.00026192
 350    0.0000543  -0.00029110
 351    0.0001017  -0.00092207
 352    0.0000289  -0.00040921
 353    0.0000094  -0.00008792
 354    0.0000085  -0.00007663
 355    0.0000121  -0.00014583
 356    0.0000113  -0.00009245
 357    0.0000074  -0.00007676
 358    0.0000127  -0.00026953
 359    0.0000075  -0.00007280
 360    0.0000131  -0.00011866
 361    0.0000179  -0.00014190
 362    0.0000168  -0.00013825
 363    0.0000082  -0.00007589
 364    0.0000091  -0.00008345
 365    0.0000092  -0.00014823
 366    0.0000112  -0.00010117
 367    0.0000097  -0.00012538
 368    0.0000139  -0.00012570
 369    0.0000106  -0.00009757
 370    0.0000110  -0.00009669
 371    0.0000172  -0.00021466
 372    0.0000050  -0.00005785
 373    0.0000030  -0.00057810
 374    0.0000117  -0.00022238
 375    0.0000098  -0.00013304
 376    0.0000153  -0.00014555
 377    0.0000000  -0.00000088
 378    0.0000000  -0.00000203
 379    0.0000001  -0.00000439
 380    0.0000001  -0.00000412
 381    0.0000001  -0.00000369
 382    0.0000001  -0.00000466
 383    0.0000001  -0.00000481
 384    0.0000000  -0.00000059
 385    0.0003421  -0.00111559
 386    0.0003137  -0.00108398
 387    0.0001105  -0.00032216
 388    0.0001514  -0.00047895
 389    0.0006347  -0.00145074
 390    0.0007709  -0.00170058
 391    0.0001552  -0.00052570
 392    0.0007930  -0.00165373
 393    0.0002770  -0.00101770
 394    0.0002469  -0.00089187
 395    0.0002222  -0.00081196
 396    0.0007633  -0.00202646
 397    0.0006621  -0.00164371
 398    0.0002513  -0.00096001
 399    0.0002928  -0.00110247
 400    0.0007171  -0.00162935
 401    0.0001269  -0.00039956
 402    0.0006997  -0.00165322
 403    0.0020152  -0.01022847
 404    0.0020604  -0.01040974
 405    0.0012629  -0.00897397
 406    0.0005194  -0.00253533
 407    0.0019528  -0.01029386
 408    0.0020255  -0.01034273
 409    0.0000422  -0.00023115
 410    0.0000419  -0.00027710
 411    0.0000407  -0.00022645
 412    0.0000613  -0.00035328
 413    0.0000478  -0.00026780
 414    0.0000489  -0.00026636
 415    0.0000291  -0.00035140
 416    0.0000285  -0.00019454
 417    0.0000089  -0.00008133
 418    0.0000084  -0.00007770
 419    0.0000101  -0.00008636
 420    0.0000060  -0.00009279
 421    0.0000073  -0.00007153
 422    0.0000112  -0.00015480
 423    0.0000064  -0.00006890
 424    0.0000103  -0.00009341
 425    0.0000127  -0.00011628
 426    0.0000120  -0.00009521
 427    0.0000074  -0.00007933
 428    0.0000083  -0.00008907
 429    0.0000080  -0.00009093
 430    0.0000100  -0.00010398
 431    0.0000088  -0.00009118
 432    0.0000134  -0.00011947
 433    0.0000094  -0.00013446
 434    0.0000095  -0.00008671
 435    0.0000143  -0.00017162
 436    0.0000032  -0.00059103
 437    0.0000029  -0.00052698
 438    0.0000106  -0.00020652
 439    0.0000089  -0.00012261
 440    0.0000143  -0.00015361
 441    0.0000000  -0.00000088
 442    0.0000000  -0.00000208
 443    0.0000001  -0.00000344
 444    0.0000000  -0.00000230
 445    0.0000000  -0.00000245
 446    0.0000001  -0.00000386
 447    0.0000001  -0.00000428
 448    0.0000000  -0.00000052
 449    0.0002822  -0.00105264
 450    0.0002145  -0.00082422
 451    0.0001031  -0.00030380
 452    0.0001362  -0.00042627
 453    0.0002748  -0.00101297
 454    0.0002846  -0.00107943
 455    0.0001405  -0.00043549
 456    0.0005137  -0.00145712
 457    0.0001467  -0.00043912
 458    0.0001143  -0.00033689
 459    0.0001144  -0.00032352
 460    0.0002595  -0.00106128
 461    0.0002564  -0.00103111
 462    0.0002454  -0.00094518
 463    0.0002645  -0.00101577
 464    0.0002661  -0.00100292
 465    0.0001199  -0.00034984
 466    0.0002553  -0.00099902
 467    0.0006843  -0.00262253
 468    0.0006089  -0.00178878
 469    0.0009132  -0.00561206
 470    0.0003261  -0.00150364
 471    0.0010592  -0.00628472
 472    0.0015818  -0.00960153
 473    0.0000388  -0.00021074
 474    0.0000401  -0.00028156
 475    0.0000394  -0.00021687
 476    0.0000586  -0.00031371
 477    0.0000440  -0.00023232
 478    0.0000474  -0.00027088
 479    0.0000253  -0.00017046
 480    0.0000281  -0.00023210
 481    0.0000086  -0.00007655
 482    0.0000074  -0.00011736
 483    0.0000092  -0.00008370
 484    0.0000051  -0.00017607
 485    0.0000058  -0.00006474
 486    0.0000077  -0.00008232
 487    0.0000051  -0.00016685
 488    0.0000103  -0.00010627
 489    0.0000112  -0.00009537
 490    0.0000065  -0.00007009
 491    0.0000051  -0.00016023
 492    0.0000072  -0.00007088
 493    0.0000067  -0.00008473
 494    0.0000094  -0.00008444
 495    0.0000070  -0.00012361
 496    0.0000125  -0.00010763
 497    0.0000084  -0.00011955
 498    0.0000068  -0.00019668
 499    0.0000142  -0.00017142
 500    0.0000030  -0.00057367
 501    0.0000028  -0.00053612
 502    0.0000101  -0.00016103
 503    0.0000075  -0.00013953
 504    0.0000029  -0.00056121
 505    0.0000000  -0.00000080
 506    0.0000000  -0.00000189
 507    0.0000001  -0.00000301
 508    0.0000000  -0.00000213
 509    0.0000000  -0.00000187
 510    0.0000001  -0.00000359
 511    0.0000001  -0.00000395
 512    0.0000000  -0.00000052
 
----------------
 Final Energies 
----------------
Final NOF Total Energy =   -3245.4011877
 
Total Orbital Internal Iterations = 2680
Total Occupation Internal Iterations = 437
 
Elapsed time: 8783.72 Seconds

---------------------------------
   Lowdin Population Analysis    
---------------------------------
 Idx  Atom   Population   Charge 
---------------------------------
  1    Al    15.048      -2.048
  2    Al    15.052      -2.052
  3    Cl    16.081       0.919
  4    Cl    16.074       0.926
  5    Cl    16.432       0.568
  6    Cl    16.436       0.564
  7    Cl    16.437       0.563
  8    Cl    16.439       0.561

---------------------------------
   M Diagnostic: 0.03
---------------------------------

