Computing Integrals
Basis Set                                            = def2-qzvp
Auxiliary Basis Set                                  = def2-universal-jkfit
Gaussian Type                                        = Spherical
Elapsed time:   13.62 Seconds

Number of basis functions                   (NBF)    = 532
Number of auxiliary basis functions         (NBFAUX) = 628
Inactive Doubly occupied orbitals up to     (NO1)    = 0
No. considered Strongly Doubly occupied MOs (NDOC)   = 24
No. considered Strongly Singly occupied MOs (NSOC)   = 0
NO. of Weakly occ. per St. Doubly occ.  MOs (NCWO)   = 21
Dimension of the Nat. Orb. subspace         (NBF5)   = 528
No. of electrons                                     = 48
    No. of alpha electrons                           = 24
    No. of beta electrons                            = 24
Multiplicity                                         = 1

Geometry
========
 C      -2.2672042      -1.2336456      -0.0021687
 H      -2.8073993      -1.5228670       0.8952294
 C      -1.8664339       0.0963059       0.0018329
 H      -2.7953434      -1.5210411      -0.9073265
 N      -1.4164892       1.1752514       0.0060550
Li      -0.2861359      -1.9726867       0.0063779
 C       2.2672042       1.2336456      -0.0021687
 H       2.8073993       1.5228670       0.8952294
 C       1.8664339      -0.0963059       0.0018329
 H       2.7953434       1.5210411      -0.9073265
 N       1.4164892      -1.1752514       0.0060550
Li       0.2861359       1.9726867       0.0063779

No violations of the orthonormality
No violations of the orthonormality
 
PNOF8/ADABelief Calculation
==================
 
  Nitext  Nit_orb  Time   Nit_occ  Time         Eelec          Etot           Ediff      maxdiff    MaxGrad_orb  Grad_occ
     1      10    5.7e+01   14    3.4e+01  -493.94307272  -279.12947045 -10492.94307272   0.002271   9.1e-03   2.7e-04 0.04
     2      20    6.4e+01    0    1.8e+00  -493.94794255  -279.13434029    -0.00486983   0.002271   9.1e-03   2.7e-04 0.04
     3      40    1.1e+02    8    5.3e+00  -493.94909364  -279.13549138    -0.00115109   0.004562   1.8e-02   2.4e-04 0.04
     4      40    1.2e+02    8    5.3e+00  -493.94977074  -279.13616847    -0.00067709   0.003737   1.5e-02   2.6e-04 0.04
     5      40    8.3e+01   14    8.0e+00  -493.95018730  -279.13658504    -0.00041657   0.004212   1.7e-02   2.2e-04 0.04
     6      40    1.0e+02    7    4.8e+00  -493.95053983  -279.13693756    -0.00035252   0.004400   1.8e-02   2.0e-04 0.04
     7      40    1.2e+02    7    4.8e+00  -493.95081780  -279.13721553    -0.00027797   0.003442   1.4e-02   2.3e-04 0.04
     8      40    1.3e+02    5    4.1e+00  -493.95104903  -279.13744676    -0.00023123   0.003473   1.4e-02   2.7e-04 0.04
     9      40    8.9e+01    5    4.0e+00  -493.95118876  -279.13758650    -0.00013973   0.003466   1.4e-02   2.5e-04 0.04
    10      40    7.9e+01    5    4.0e+00  -493.95134675  -279.13774449    -0.00015799   0.003725   1.5e-02   2.4e-04 0.04
    11      40    1.1e+02    5    4.0e+00  -493.95147550  -279.13787324    -0.00012875   0.003547   1.4e-02   2.6e-04 0.04
    12      40    1.0e+02    5    4.0e+00  -493.95160117  -279.13799890    -0.00012566   0.003663   1.5e-02   2.6e-04 0.04
    13      40    1.2e+02    7    4.9e+00  -493.95163022  -279.13802796    -0.00002906   0.003130   1.3e-02   2.3e-04 0.04
    14      40    1.2e+02    0    1.8e+00  -493.95172524  -279.13812298    -0.00009502   0.003522   1.4e-02   2.7e-04 0.04
    15      50    1.4e+02    7    4.8e+00  -493.95194405  -279.13834178    -0.00021880   0.002561   1.0e-02   2.6e-04 0.04
    16      50    1.8e+02    0    1.8e+00  -493.95199545  -279.13839319    -0.00005141   0.002789   1.1e-02   2.8e-04 0.04
    17      60    1.8e+02    3    3.1e+00  -493.95213625  -279.13853399    -0.00014080   0.002335   9.3e-03   2.3e-04 0.04
    18      60    1.8e+02    0    1.8e+00  -493.95214793  -279.13854566    -0.00001168   0.002615   1.0e-02   2.7e-04 0.04
    19      70    1.8e+02    7    4.9e+00  -493.95222327  -279.13862100    -0.00007534   0.002686   1.1e-02   3.0e-04 0.04
    20      70    1.9e+02    3    3.3e+00  -493.95228234  -279.13868008    -0.00005908   0.002814   1.1e-02   2.2e-04 0.04
    21      70    2.1e+02    8    5.3e+00  -493.95229365  -279.13869139    -0.00001131   0.002654   1.1e-02   2.4e-04 0.04
    22      70    1.7e+02    0    1.7e+00  -493.95234262  -279.13874036    -0.00004897   0.002795   1.1e-02   2.1e-04 0.04
    23      80    2.1e+02    0    1.7e+00  -493.95237822  -279.13877596    -0.00003560   0.002151   8.6e-03   2.3e-04 0.04
    24      90    2.0e+02    0    1.8e+00  -493.95240005  -279.13879778    -0.00002182   0.002012   8.0e-03   2.4e-04 0.04
    25     100    2.1e+02    0    1.7e+00  -493.95240809  -279.13880583    -0.00000805   0.001601   6.4e-03   2.5e-04 0.04
    26     110    2.6e+02    0    1.8e+00  -493.95242554  -279.13882327    -0.00001744   0.001346   5.4e-03   2.6e-04 0.04
    27     120    2.5e+02    0    1.7e+00  -493.95243711  -279.13883485    -0.00001158   0.001176   4.7e-03   2.6e-04 0.04
    28     130    3.9e+02    1    2.2e+00  -493.95244287  -279.13884061    -0.00000576   0.001157   4.6e-03   2.0e-04 0.04
    29     130    3.4e+02    0    1.8e+00  -493.95244101  -279.13883874     0.00000187   0.001045   4.2e-03   1.9e-04 0.04
    30     105    2.7e+02    0    1.7e+00  -493.95247425  -279.13887198    -0.00003324   0.000496   2.0e-03   1.8e-04 0.04
 
RESULTS OF THE OCCUPATION OPTIMIZATION
========================================
   1    1.9999867  -14.91030681
   2    1.9999862  -14.81160695
   3    1.9999790  -11.86551250
   4    1.9999794  -11.66850535
   5    1.9999781  -11.48526151
   6    1.9999773  -11.31331609
   7    1.9951606  -2.42983675
   8    1.9950742  -2.42949036
   9    1.9819347  -1.21003573
  10    1.9808365  -1.20803134
  11    1.9765653  -0.98621711
  12    1.9761846  -0.98429567
  13    1.9750245  -0.65868159
  14    1.9764138  -0.64691786
  15    1.9737568  -0.62319945
  16    1.9700596  -0.58416429
  17    1.9701233  -0.56042670
  18    1.9680253  -0.54824723
  19    1.9751882  -0.53914041
  20    1.9564698  -0.49142021
  21    1.9579285  -0.48556011
  22    1.9579794  -0.48149289
  23    1.9586657  -0.47512887
  24    1.9713633  -0.42667291
  25    0.0106340  -0.01365875
  26    0.0366465  -0.04161657
  27    0.0373255  -0.04203534
  28    0.0373306  -0.04204700
  29    0.0346301  -0.04018130
  30    0.0095347  -0.01368023
  31    0.0157091  -0.01862497
  32    0.0165659  -0.01933835
  33    0.0162276  -0.01906949
  34    0.0108622  -0.01776088
  35    0.0105654  -0.01765487
  36    0.0138218  -0.01870732
  37    0.0191038  -0.03179919
  38    0.0200581  -0.03199864
  39    0.0110750  -0.02313220
  40    0.0116094  -0.02354036
  41    0.0020931  -0.00856797
  42    0.0020472  -0.00841089
  43    0.0000172  -0.00033018
  44    0.0000181  -0.00035130
  45    0.0000167  -0.00032263
  46    0.0000168  -0.00033244
  47    0.0000120  -0.00029666
  48    0.0000121  -0.00029655
  49    0.0059464  -0.00801514
  50    0.0036637  -0.00574527
  51    0.0037332  -0.00587461
  52    0.0037465  -0.00588168
  53    0.0046391  -0.00730392
  54    0.0069174  -0.01114002
  55    0.0053421  -0.00727080
  56    0.0052509  -0.00767483
  57    0.0052942  -0.00714788
  58    0.0052869  -0.00880082
  59    0.0053158  -0.00884722
  60    0.0041462  -0.00670490
  61    0.0020341  -0.00490774
  62    0.0010619  -0.00301430
  63    0.0051615  -0.01148504
  64    0.0025472  -0.00577607
  65    0.0010787  -0.00425344
  66    0.0010777  -0.00422752
  67    0.0000016  -0.00001477
  68    0.0000010  -0.00006415
  69    0.0000016  -0.00005183
  70    0.0000010  -0.00005949
  71    0.0000004  -0.00001793
  72    0.0000003  -0.00000242
  73    0.0050793  -0.00778709
  74    0.0002872  -0.00070837
  75    0.0002955  -0.00071156
  76    0.0002946  -0.00070561
  77    0.0035403  -0.00569554
  78    0.0027423  -0.00541310
  79    0.0048988  -0.00722745
  80    0.0045279  -0.00678752
  81    0.0047764  -0.00702495
  82    0.0046786  -0.00767115
  83    0.0023609  -0.00577746
  84    0.0020741  -0.00622336
  85    0.0011153  -0.00451832
  86    0.0007517  -0.00243552
  87    0.0009292  -0.00295819
  88    0.0012476  -0.00566133
  89    0.0010140  -0.00402693
  90    0.0010147  -0.00402987
  91    0.0000013  -0.00006817
  92    0.0000008  -0.00003620
  93    0.0000004  -0.00001121
  94    0.0000008  -0.00003483
  95    0.0000003  -0.00000261
  96    0.0000002  -0.00000168
  97    0.0015154  -0.00447350
  98    0.0002650  -0.00065470
  99    0.0002722  -0.00064549
 100    0.0002718  -0.00064517
 101    0.0002475  -0.00060679
 102    0.0014453  -0.00416692
 103    0.0040301  -0.00628921
 104    0.0011025  -0.00215527
 105    0.0011614  -0.00236083
 106    0.0028550  -0.00554056
 107    0.0014487  -0.00494253
 108    0.0012423  -0.00403033
 109    0.0006942  -0.00190709
 110    0.0004378  -0.00158725
 111    0.0006576  -0.00389548
 112    0.0009494  -0.00293007
 113    0.0002776  -0.00279021
 114    0.0002634  -0.00257633
 115    0.0000005  -0.00002759
 116    0.0000004  -0.00000365
 117    0.0000003  -0.00000414
 118    0.0000008  -0.00003215
 119    0.0000002  -0.00000133
 120    0.0000002  -0.00000133
 121    0.0012073  -0.00298956
 122    0.0002180  -0.00054127
 123    0.0002290  -0.00056233
 124    0.0002277  -0.00055844
 125    0.0002436  -0.00058060
 126    0.0012697  -0.00286764
 127    0.0006893  -0.00144352
 128    0.0007078  -0.00153046
 129    0.0008395  -0.00173919
 130    0.0006063  -0.00138808
 131    0.0010851  -0.00229041
 132    0.0011211  -0.00270281
 133    0.0002126  -0.00062632
 134    0.0002875  -0.00077352
 135    0.0004806  -0.00139390
 136    0.0006609  -0.00376738
 137    0.0001345  -0.00156959
 138    0.0001326  -0.00153262
 139    0.0000005  -0.00000572
 140    0.0000003  -0.00000259
 141    0.0000003  -0.00000259
 142    0.0000002  -0.00000158
 143    0.0000002  -0.00000126
 144    0.0000001  -0.00000080
 145    0.0011775  -0.00221883
 146    0.0001257  -0.00034182
 147    0.0000668  -0.00015686
 148    0.0000840  -0.00020792
 149    0.0001106  -0.00028288
 150    0.0011557  -0.00281828
 151    0.0005623  -0.00114179
 152    0.0005012  -0.00106313
 153    0.0005932  -0.00128129
 154    0.0005433  -0.00137578
 155    0.0008989  -0.00243140
 156    0.0007640  -0.00198931
 157    0.0001766  -0.00051246
 158    0.0002844  -0.00081485
 159    0.0003053  -0.00131449
 160    0.0004861  -0.00176604
 161    0.0000834  -0.00111008
 162    0.0000836  -0.00110992
 163    0.0000003  -0.00000244
 164    0.0000002  -0.00000218
 165    0.0000002  -0.00000205
 166    0.0000002  -0.00000166
 167    0.0000001  -0.00000069
 168    0.0000001  -0.00000048
 169    0.0010691  -0.00234350
 170    0.0000575  -0.00014934
 171    0.0000410  -0.00011086
 172    0.0000330  -0.00009313
 173    0.0000486  -0.00010950
 174    0.0008019  -0.00197603
 175    0.0002499  -0.00057600
 176    0.0003681  -0.00086035
 177    0.0002553  -0.00063600
 178    0.0004931  -0.00171946
 179    0.0005492  -0.00140156
 180    0.0004937  -0.00118319
 181    0.0001048  -0.00032712
 182    0.0001985  -0.00063216
 183    0.0002116  -0.00077133
 184    0.0001121  -0.00034682
 185    0.0000523  -0.00044575
 186    0.0000495  -0.00041975
 187    0.0000002  -0.00000190
 188    0.0000001  -0.00000114
 189    0.0000002  -0.00000136
 190    0.0000002  -0.00000137
 191    0.0000001  -0.00000042
 192    0.0000001  -0.00000022
 193    0.0008486  -0.00180462
 194    0.0000142  -0.00003908
 195    0.0000102  -0.00002801
 196    0.0000200  -0.00004982
 197    0.0000221  -0.00004297
 198    0.0003488  -0.00086553
 199    0.0001483  -0.00038337
 200    0.0002624  -0.00060539
 201    0.0002345  -0.00058775
 202    0.0003190  -0.00090169
 203    0.0003660  -0.00094739
 204    0.0003423  -0.00086501
 205    0.0000845  -0.00030528
 206    0.0000901  -0.00029906
 207    0.0000942  -0.00036450
 208    0.0001080  -0.00036381
 209    0.0000470  -0.00030708
 210    0.0000378  -0.00021670
 211    0.0000001  -0.00000117
 212    0.0000001  -0.00000111
 213    0.0000001  -0.00000106
 214    0.0000002  -0.00000133
 215    0.0000001  -0.00000043
 216    0.0000000  -0.00000013
 217    0.0003516  -0.00077227
 218    0.0000087  -0.00002608
 219    0.0000066  -0.00002220
 220    0.0000137  -0.00003564
 221    0.0000118  -0.00002905
 222    0.0001399  -0.00041776
 223    0.0000887  -0.00022305
 224    0.0001901  -0.00048002
 225    0.0001366  -0.00036833
 226    0.0001213  -0.00032333
 227    0.0003118  -0.00093418
 228    0.0002996  -0.00079678
 229    0.0000788  -0.00025959
 230    0.0000599  -0.00020738
 231    0.0000485  -0.00018584
 232    0.0000858  -0.00031945
 233    0.0000359  -0.00020738
 234    0.0000250  -0.00014693
 235    0.0000001  -0.00000089
 236    0.0000001  -0.00000092
 237    0.0000001  -0.00000070
 238    0.0000001  -0.00000104
 239    0.0000001  -0.00000033
 240    0.0000000  -0.00000010
 241    0.0002819  -0.00069595
 242    0.0000072  -0.00002290
 243    0.0000063  -0.00001963
 244    0.0000127  -0.00003605
 245    0.0000052  -0.00001661
 246    0.0001090  -0.00031568
 247    0.0000563  -0.00015922
 248    0.0001010  -0.00028609
 249    0.0001132  -0.00033315
 250    0.0001099  -0.00030310
 251    0.0001984  -0.00059301
 252    0.0002170  -0.00057939
 253    0.0000521  -0.00018977
 254    0.0000435  -0.00016899
 255    0.0000394  -0.00015723
 256    0.0000667  -0.00029516
 257    0.0000189  -0.00011994
 258    0.0000180  -0.00010820
 259    0.0000001  -0.00000081
 260    0.0000001  -0.00000079
 261    0.0000001  -0.00000063
 262    0.0000001  -0.00000069
 263    0.0000001  -0.00000024
 264    0.0000000  -0.00000007
 265    0.0001354  -0.00037327
 266    0.0000069  -0.00002108
 267    0.0000054  -0.00001827
 268    0.0000075  -0.00002258
 269    0.0000046  -0.00001324
 270    0.0000997  -0.00031352
 271    0.0000504  -0.00015479
 272    0.0000856  -0.00021770
 273    0.0000922  -0.00027100
 274    0.0000941  -0.00032224
 275    0.0001199  -0.00039728
 276    0.0001643  -0.00046726
 277    0.0000453  -0.00016665
 278    0.0000301  -0.00012032
 279    0.0000316  -0.00012988
 280    0.0000543  -0.00022994
 281    0.0000165  -0.00010558
 282    0.0000142  -0.00008972
 283    0.0000001  -0.00000074
 284    0.0000001  -0.00000069
 285    0.0000001  -0.00000047
 286    0.0000001  -0.00000065
 287    0.0000000  -0.00000021
 288    0.0000000  -0.00000007
 289    0.0001025  -0.00029548
 290    0.0000060  -0.00001873
 291    0.0000053  -0.00001696
 292    0.0000046  -0.00001564
 293    0.0000043  -0.00001399
 294    0.0000705  -0.00021547
 295    0.0000426  -0.00013178
 296    0.0000449  -0.00014633
 297    0.0000660  -0.00017794
 298    0.0000806  -0.00027926
 299    0.0000964  -0.00032743
 300    0.0000748  -0.00023570
 301    0.0000277  -0.00010737
 302    0.0000254  -0.00010344
 303    0.0000268  -0.00011106
 304    0.0000324  -0.00013641
 305    0.0000134  -0.00007945
 306    0.0000135  -0.00007548
 307    0.0000001  -0.00000071
 308    0.0000001  -0.00000061
 309    0.0000001  -0.00000045
 310    0.0000001  -0.00000057
 311    0.0000000  -0.00000017
 312    0.0000000  -0.00000006
 313    0.0000892  -0.00024490
 314    0.0000055  -0.00001701
 315    0.0000047  -0.00001545
 316    0.0000044  -0.00001427
 317    0.0000039  -0.00001196
 318    0.0000524  -0.00017566
 319    0.0000235  -0.00008570
 320    0.0000376  -0.00013253
 321    0.0000435  -0.00013546
 322    0.0000509  -0.00019349
 323    0.0000665  -0.00024657
 324    0.0000595  -0.00018375
 325    0.0000236  -0.00010338
 326    0.0000233  -0.00010074
 327    0.0000257  -0.00010772
 328    0.0000252  -0.00010548
 329    0.0000103  -0.00006251
 330    0.0000119  -0.00006789
 331    0.0000001  -0.00000069
 332    0.0000001  -0.00000053
 333    0.0000001  -0.00000028
 334    0.0000001  -0.00000054
 335    0.0000000  -0.00000010
 336    0.0000000  -0.00000006
 337    0.0000632  -0.00017981
 338    0.0000048  -0.00001629
 339    0.0000039  -0.00001377
 340    0.0000043  -0.00001365
 341    0.0000039  -0.00001262
 342    0.0000271  -0.00010754
 343    0.0000214  -0.00008120
 344    0.0000363  -0.00012633
 345    0.0000292  -0.00010210
 346    0.0000325  -0.00011905
 347    0.0000568  -0.00020953
 348    0.0000477  -0.00015668
 349    0.0000164  -0.00006917
 350    0.0000213  -0.00009123
 351    0.0000212  -0.00010022
 352    0.0000213  -0.00009998
 353    0.0000096  -0.00005921
 354    0.0000107  -0.00006846
 355    0.0000001  -0.00000068
 356    0.0000001  -0.00000048
 357    0.0000001  -0.00000026
 358    0.0000001  -0.00000047
 359    0.0000000  -0.00000007
 360    0.0000000  -0.00000006
 361    0.0000439  -0.00014045
 362    0.0000039  -0.00001308
 363    0.0000036  -0.00001137
 364    0.0000036  -0.00001312
 365    0.0000032  -0.00001005
 366    0.0000208  -0.00009117
 367    0.0000184  -0.00007272
 368    0.0000305  -0.00010889
 369    0.0000228  -0.00008638
 370    0.0000270  -0.00010601
 371    0.0000472  -0.00017227
 372    0.0000343  -0.00013104
 373    0.0000127  -0.00005927
 374    0.0000156  -0.00006946
 375    0.0000179  -0.00007888
 376    0.0000158  -0.00007675
 377    0.0000094  -0.00005639
 378    0.0000098  -0.00006190
 379    0.0000001  -0.00000051
 380    0.0000001  -0.00000035
 381    0.0000001  -0.00000025
 382    0.0000001  -0.00000048
 383    0.0000000  -0.00000007
 384    0.0000000  -0.00000007
 385    0.0000267  -0.00009761
 386    0.0000036  -0.00001282
 387    0.0000034  -0.00001121
 388    0.0000030  -0.00001087
 389    0.0000029  -0.00000950
 390    0.0000172  -0.00008097
 391    0.0000109  -0.00003907
 392    0.0000182  -0.00007475
 393    0.0000170  -0.00006373
 394    0.0000259  -0.00010915
 395    0.0000328  -0.00012055
 396    0.0000233  -0.00009747
 397    0.0000096  -0.00004440
 398    0.0000145  -0.00006523
 399    0.0000135  -0.00006966
 400    0.0000142  -0.00006840
 401    0.0000088  -0.00005552
 402    0.0000083  -0.00005350
 403    0.0000001  -0.00000043
 404    0.0000000  -0.00000023
 405    0.0000001  -0.00000028
 406    0.0000001  -0.00000039
 407    0.0000000  -0.00000007
 408    0.0000000  -0.00000004
 409    0.0000196  -0.00008452
 410    0.0000034  -0.00001171
 411    0.0000029  -0.00000884
 412    0.0000030  -0.00001039
 413    0.0000028  -0.00000770
 414    0.0000162  -0.00007193
 415    0.0000102  -0.00003780
 416    0.0000171  -0.00006364
 417    0.0000132  -0.00005336
 418    0.0000203  -0.00007952
 419    0.0000232  -0.00009957
 420    0.0000155  -0.00006731
 421    0.0000089  -0.00004127
 422    0.0000125  -0.00005275
 423    0.0000103  -0.00004849
 424    0.0000120  -0.00006190
 425    0.0000080  -0.00004762
 426    0.0000078  -0.00005025
 427    0.0000001  -0.00000031
 428    0.0000000  -0.00000016
 429    0.0000000  -0.00000014
 430    0.0000001  -0.00000027
 431    0.0000000  -0.00000006
 432    0.0000000  -0.00000007
 433    0.0000178  -0.00007330
 434    0.0000028  -0.00000920
 435    0.0000022  -0.00000666
 436    0.0000026  -0.00000821
 437    0.0000020  -0.00000680
 438    0.0000154  -0.00006821
 439    0.0000092  -0.00003308
 440    0.0000121  -0.00004534
 441    0.0000093  -0.00003793
 442    0.0000173  -0.00006938
 443    0.0000188  -0.00008095
 444    0.0000132  -0.00005741
 445    0.0000067  -0.00003474
 446    0.0000079  -0.00003820
 447    0.0000058  -0.00003010
 448    0.0000076  -0.00003784
 449    0.0000070  -0.00005447
 450    0.0000070  -0.00004868
 451    0.0000000  -0.00000022
 452    0.0000000  -0.00000016
 453    0.0000000  -0.00000015
 454    0.0000000  -0.00000022
 455    0.0000000  -0.00000007
 456    0.0000000  -0.00000006
 457    0.0000127  -0.00005084
 458    0.0000018  -0.00000654
 459    0.0000016  -0.00000612
 460    0.0000022  -0.00000693
 461    0.0000019  -0.00000614
 462    0.0000135  -0.00005682
 463    0.0000064  -0.00002691
 464    0.0000069  -0.00003054
 465    0.0000064  -0.00002791
 466    0.0000091  -0.00004261
 467    0.0000115  -0.00005311
 468    0.0000098  -0.00004107
 469    0.0000035  -0.00002212
 470    0.0000052  -0.00002903
 471    0.0000037  -0.00002568
 472    0.0000042  -0.00002839
 473    0.0000039  -0.00005272
 474    0.0000033  -0.00005188
 475    0.0000000  -0.00000008
 476    0.0000000  -0.00000011
 477    0.0000000  -0.00000013
 478    0.0000000  -0.00000015
 479    0.0000000  -0.00000004
 480    0.0000000  -0.00000003
 481    0.0000081  -0.00003453
 482    0.0000014  -0.00000552
 483    0.0000010  -0.00000398
 484    0.0000013  -0.00000529
 485    0.0000012  -0.00000409
 486    0.0000081  -0.00003890
 487    0.0000044  -0.00002048
 488    0.0000051  -0.00002613
 489    0.0000051  -0.00002554
 490    0.0000074  -0.00003375
 491    0.0000093  -0.00004365
 492    0.0000066  -0.00003366
 493    0.0000027  -0.00001661
 494    0.0000035  -0.00002142
 495    0.0000022  -0.00001389
 496    0.0000028  -0.00001926
 497    0.0000022  -0.00001899
 498    0.0000021  -0.00001657
 499    0.0000000  -0.00000009
 500    0.0000000  -0.00000009
 501    0.0000000  -0.00000007
 502    0.0000000  -0.00000009
 503    0.0000000  -0.00000004
 504    0.0000000  -0.00000001
 505    0.0000064  -0.00003027
 506    0.0000006  -0.00000338
 507    0.0000005  -0.00000310
 508    0.0000005  -0.00000262
 509    0.0000006  -0.00000285
 510    0.0000061  -0.00003134
 511    0.0000025  -0.00001182
 512    0.0000048  -0.00002373
 513    0.0000038  -0.00001926
 514    0.0000024  -0.00001335
 515    0.0000036  -0.00002198
 516    0.0000043  -0.00002678
 517    0.0000015  -0.00000858
 518    0.0000019  -0.00001085
 519    0.0000018  -0.00001044
 520    0.0000023  -0.00001545
 521    0.0000013  -0.00000846
 522    0.0000012  -0.00000777
 523    0.0000000  -0.00000008
 524    0.0000000  -0.00000006
 525    0.0000000  -0.00000003
 526    0.0000000  -0.00000008
 527    0.0000000  -0.00000001
 528    0.0000000  -0.00000001
 
----------------
 Final Energies 
----------------
Final NOF Total Energy =    -279.1388720
 
Total Orbital Internal Iterations = 1875
Total Occupation Internal Iterations = 119
 
Elapsed time: 5290.43 Seconds

---------------------------------
   Lowdin Population Analysis    
---------------------------------
 Idx  Atom   Population   Charge 
---------------------------------
  1     C     5.913       0.087
  2     H     1.066      -0.066
  3     C     6.111      -0.111
  4     H     1.066      -0.066
  5     N     6.731       0.269
  6    Li     3.113      -0.113
  7     C     5.914       0.086
  8     H     1.066      -0.066
  9     C     6.111      -0.111
 10     H     1.065      -0.065
 11     N     6.730       0.270
 12    Li     3.114      -0.114

---------------------------------
   M Diagnostic: 0.04
---------------------------------

