Computing Integrals
Basis Set                                            = def2-qzvp
Auxiliary Basis Set                                  = def2-universal-jkfit
Gaussian Type                                        = Spherical
Elapsed time:    2.59 Seconds

Number of basis functions                   (NBF)    = 117
Number of auxiliary basis functions         (NBFAUX) = 113
Inactive Doubly occupied orbitals up to     (NO1)    = 0
No. considered Strongly Doubly occupied MOs (NDOC)   = 4
No. considered Strongly Singly occupied MOs (NSOC)   = 1
NO. of Weakly occ. per St. Doubly occ.  MOs (NCWO)   = 28
Dimension of the Nat. Orb. subspace         (NBF5)   = 117
No. of electrons                                     = 9
    No. of alpha electrons                           = 5
    No. of beta electrons                            = 4
Multiplicity                                         = 2

Geometry
========
 N       0.0000000       0.0000000       0.4242463
 H      -0.8023121       0.0000000      -0.2121232
 H       0.8023121       0.0000000      -0.2121232

No violations of the orthonormality
No violations of the orthonormality
 
PNOF8/ADABelief Calculation
==================
 
  Nitext  Nit_orb  Time   Nit_occ  Time         Eelec          Etot           Ediff      maxdiff    MaxGrad_orb  Grad_occ
     1      10    2.1e+01    5    2.5e+01   -63.39527738   -55.83099274 -10062.39527738   0.001899   7.6e-03   2.0e-04 0.03
     2      20    1.8e+00    0    4.0e-02   -63.39571298   -55.83142833    -0.00043559   0.001899   7.6e-03   2.0e-04 0.03
     3      40    3.8e+00    3    5.4e-02   -63.39590482   -55.83162017    -0.00019184   0.001316   5.3e-03   1.7e-04 0.03
     4      40    3.6e+00    4    7.3e-02   -63.39596397   -55.83167932    -0.00005915   0.002116   8.5e-03   1.0e-04 0.03
     5      40    3.4e+00    2    5.0e-02   -63.39600549   -55.83172085    -0.00004152   0.002043   8.2e-03   1.5e-04 0.03
     6      40    3.8e+00    3    8.6e-02   -63.39602999   -55.83174535    -0.00002450   0.001900   7.6e-03   1.0e-04 0.03
     7      40    3.5e+00    0    3.8e-02   -63.39605555   -55.83177090    -0.00002555   0.001991   8.0e-03   1.8e-04 0.03
     8      50    4.8e+00    3    7.8e-02   -63.39606054   -55.83177590    -0.00000500   0.002065   8.3e-03   1.6e-04 0.03
     9      50    4.0e+00    0    3.7e-02   -63.39608465   -55.83180001    -0.00002411   0.002117   8.5e-03   1.8e-04 0.03
    10      60    5.7e+00    4    3.8e-02   -63.39609707   -55.83181243    -0.00001242   0.001973   7.9e-03   9.0e-05 0.03
    11      60    5.6e+00    0    7.0e-02   -63.39610925   -55.83182461    -0.00001218   0.001973   7.9e-03   9.0e-05 0.03
    12      60    4.5e+00    0    7.5e-02   -63.39613735   -55.83185271    -0.00002810   0.000491   2.0e-03   1.2e-04 0.03
 
RESULTS OF THE OCCUPATION OPTIMIZATION
========================================
   1    1.9999634  -15.59921683
   2    1.9784972  -1.05048950
   3    1.9646197  -0.63624010
   4    1.9647953  -0.63496275
   5    1.0000000  -0.27246270
   6    0.0247523  -0.02788857
   7    0.0251093  -0.02809201
   8    0.0082028  -0.01559692
   9    0.0000305  -0.00088101
  10    0.0042057  -0.00626323
  11    0.0042076  -0.00624356
  12    0.0047935  -0.00852134
  13    0.0000018  -0.00005969
  14    0.0041304  -0.00612576
  15    0.0041807  -0.00618216
  16    0.0030229  -0.00554382
  17    0.0000014  -0.00001086
  18    0.0006433  -0.00175066
  19    0.0006410  -0.00165781
  20    0.0012943  -0.00472408
  21    0.0000012  -0.00000686
  22    0.0004045  -0.00090523
  23    0.0002718  -0.00063831
  24    0.0011909  -0.00330102
  25    0.0000011  -0.00003209
  26    0.0003641  -0.00087236
  27    0.0002253  -0.00052568
  28    0.0007755  -0.00274295
  29    0.0000002  -0.00001293
  30    0.0001924  -0.00047858
  31    0.0001797  -0.00045834
  32    0.0005567  -0.00131554
  33    0.0000001  -0.00000104
  34    0.0001435  -0.00044675
  35    0.0001621  -0.00045131
  36    0.0004692  -0.00111446
  37    0.0000000  -0.00000064
  38    0.0000834  -0.00027236
  39    0.0000890  -0.00028828
  40    0.0003878  -0.00101650
  41    0.0000000  -0.00000060
  42    0.0000652  -0.00019992
  43    0.0000671  -0.00020806
  44    0.0002368  -0.00105866
  45    0.0000000  -0.00000056
  46    0.0000458  -0.00013464
  47    0.0000522  -0.00017522
  48    0.0002091  -0.00088136
  49    0.0000000  -0.00000046
  50    0.0000413  -0.00013552
  51    0.0000433  -0.00013898
  52    0.0000986  -0.00031042
  53    0.0000000  -0.00000038
  54    0.0000356  -0.00011310
  55    0.0000389  -0.00012453
  56    0.0000491  -0.00017340
  57    0.0000000  -0.00000038
  58    0.0000151  -0.00006458
  59    0.0000205  -0.00007631
  60    0.0000402  -0.00014358
  61    0.0000000  -0.00000035
  62    0.0000145  -0.00006255
  63    0.0000148  -0.00006338
  64    0.0000347  -0.00012075
  65    0.0000000  -0.00000034
  66    0.0000121  -0.00005242
  67    0.0000146  -0.00005784
  68    0.0000273  -0.00010822
  69    0.0000000  -0.00000030
  70    0.0000102  -0.00004722
  71    0.0000130  -0.00005496
  72    0.0000188  -0.00007214
  73    0.0000000  -0.00000030
  74    0.0000094  -0.00004026
  75    0.0000110  -0.00004245
  76    0.0000174  -0.00007140
  77    0.0000000  -0.00000027
  78    0.0000084  -0.00003391
  79    0.0000076  -0.00003622
  80    0.0000162  -0.00006651
  81    0.0000000  -0.00000022
  82    0.0000067  -0.00003213
  83    0.0000070  -0.00003152
  84    0.0000142  -0.00006340
  85    0.0000000  -0.00000022
  86    0.0000054  -0.00002427
  87    0.0000063  -0.00002932
  88    0.0000113  -0.00005087
  89    0.0000000  -0.00000023
  90    0.0000034  -0.00001345
  91    0.0000047  -0.00001631
  92    0.0000093  -0.00004468
  93    0.0000000  -0.00000020
  94    0.0000031  -0.00000884
  95    0.0000033  -0.00001210
  96    0.0000083  -0.00004076
  97    0.0000000  -0.00000013
  98    0.0000026  -0.00000661
  99    0.0000028  -0.00000499
 100    0.0000052  -0.00003195
 101    0.0000000  -0.00000016
 102    0.0000022  -0.00000545
 103    0.0000024  -0.00000552
 104    0.0000038  -0.00002324
 105    0.0000000  -0.00000013
 106    0.0000021  -0.00000377
 107    0.0000018  -0.00000448
 108    0.0000033  -0.00001609
 109    0.0000000  -0.00000013
 110    0.0000014  -0.00000292
 111    0.0000015  -0.00000300
 112    0.0000032  -0.00001574
 113    0.0000000  -0.00000011
 114    0.0000008  -0.00000174
 115    0.0000012  -0.00000271
 116    0.0000024  -0.00001030
 117    0.0000000  -0.00000012
 
----------------
 Final Energies 
----------------
Final NOF Total Energy =     -55.8318527
 
Total Orbital Internal Iterations = 510
Total Occupation Internal Iterations = 24
 
Elapsed time:  106.44 Seconds

---------------------------------
   Lowdin Population Analysis    
---------------------------------
 Idx  Atom   Population   Charge 
---------------------------------
  1     N     6.506       0.494
  2     H     1.247      -0.247
  3     H     1.247      -0.247

---------------------------------
   M Diagnostic: 0.03
---------------------------------

