Computing Integrals
Basis Set                                            = def2-qzvp
Auxiliary Basis Set                                  = def2-universal-jkfit
Gaussian Type                                        = Spherical
Elapsed time:    6.14 Seconds

Number of basis functions                   (NBF)    = 481
Number of auxiliary basis functions         (NBFAUX) = 497
Inactive Doubly occupied orbitals up to     (NO1)    = 0
No. considered Strongly Doubly occupied MOs (NDOC)   = 20
No. considered Strongly Singly occupied MOs (NSOC)   = 0
NO. of Weakly occ. per St. Doubly occ.  MOs (NCWO)   = 23
Dimension of the Nat. Orb. subspace         (NBF5)   = 480
No. of electrons                                     = 40
    No. of alpha electrons                           = 20
    No. of beta electrons                            = 20
Multiplicity                                         = 1

Geometry
========
Si      -1.1765062      -0.5821294      -0.1324952
 C       1.0137683      -0.7003580      -0.3098433
 C       1.2267200       0.6148820       0.1018528
 H       1.7178327      -1.2464475      -0.9348581
 H       0.6784305      -1.3363752       0.5160948
 C      -0.0074293       1.2478232       0.3619010
 H       2.2059209       1.0823935       0.2074074
 H      -0.4892151       1.5790776      -0.5541432
 H      -0.0851766       2.0274100       1.1206472
 H      -2.3300220       0.1921644      -0.6534259
 H      -1.4658618      -1.0617275       1.2372811
 H      -1.2884613      -1.8167132      -0.9604186

No violations of the orthonormality
No violations of the orthonormality
 
PNOF8/ADABelief Calculation
==================
 
  Nitext  Nit_orb  Time   Nit_occ  Time         Eelec          Etot           Ediff      maxdiff    MaxGrad_orb  Grad_occ
     1      10    3.1e+01   21    3.4e+01  -570.39666890  -408.17732496 -10569.39666890   0.002602   1.0e-02   2.1e-04 0.04
     2      20    2.0e+01    0    9.9e-01  -570.40052517  -408.18118122    -0.00385626   0.002602   1.0e-02   2.1e-04 0.04
     3      40    3.8e+01    5    2.8e+00  -570.40087214  -408.18152819    -0.00034697   0.006697   2.7e-02   2.6e-04 0.04
     4      40    3.9e+01    9    4.2e+00  -570.40184362  -408.18249968    -0.00097149   0.005872   2.3e-02   2.4e-04 0.04
     5      40    3.8e+01    5    2.8e+00  -570.40196936  -408.18262542    -0.00012574   0.006793   2.7e-02   2.7e-04 0.04
     6      40    3.8e+01    9    4.2e+00  -570.40233189  -408.18298795    -0.00036253   0.006851   2.7e-02   2.1e-04 0.04
     7      40    3.8e+01    5    2.8e+00  -570.40259985  -408.18325590    -0.00026796   0.007273   2.9e-02   2.8e-04 0.04
     8      40    3.8e+01    9    4.2e+00  -570.40281710  -408.18347315    -0.00021725   0.006538   2.6e-02   2.1e-04 0.04
     9      40    3.8e+01    5    2.8e+00  -570.40311800  -408.18377406    -0.00030090   0.006583   2.6e-02   2.5e-04 0.04
    10      40    3.8e+01   10    4.6e+00  -570.40331160  -408.18396766    -0.00019360   0.006961   2.8e-02   2.4e-04 0.04
    11      40    3.8e+01    5    2.8e+00  -570.40355949  -408.18421555    -0.00024789   0.006461   2.6e-02   2.2e-04 0.04
    12      40    3.8e+01    5    2.8e+00  -570.40369089  -408.18434695    -0.00013140   0.006084   2.4e-02   2.5e-04 0.04
    13      40    3.9e+01    5    2.8e+00  -570.40382515  -408.18448120    -0.00013425   0.006191   2.5e-02   2.7e-04 0.04
    14      40    3.8e+01    5    2.8e+00  -570.40393933  -408.18459538    -0.00011418   0.006312   2.5e-02   2.7e-04 0.04
    15      40    3.8e+01    5    2.8e+00  -570.40404153  -408.18469759    -0.00010221   0.005546   2.2e-02   2.7e-04 0.04
    16      40    3.8e+01    5    2.8e+00  -570.40409949  -408.18475555    -0.00005796   0.005392   2.2e-02   2.4e-04 0.04
    17      40    3.9e+01    5    2.8e+00  -570.40413815  -408.18479420    -0.00003865   0.005722   2.3e-02   2.4e-04 0.04
    18      40    3.8e+01    1    1.4e+00  -570.40419269  -408.18484874    -0.00005454   0.005457   2.2e-02   3.1e-04 0.04
    19      40    3.9e+01    9    4.3e+00  -570.40422427  -408.18488033    -0.00003158   0.004834   1.9e-02   2.5e-04 0.04
    20      40    3.8e+01    1    1.4e+00  -570.40428340  -408.18493946    -0.00005913   0.005943   2.4e-02   2.9e-04 0.04
    21      40    3.9e+01    0    9.7e-01  -570.40428490  -408.18494095    -0.00000149   0.005943   2.4e-02   2.9e-04 0.04
    22      60    5.7e+01    0    9.6e-01  -570.40486393  -408.18551999    -0.00057904   0.000536   2.1e-03   2.8e-04 0.04
 
RESULTS OF THE OCCUPATION OPTIMIZATION
========================================
   1    1.9999993  -68.82624385
   2    1.9999738  -11.27407199
   3    1.9999743  -11.25752955
   4    1.9999742  -11.24400738
   5    1.9997407  -6.13395661
   6    1.9979819  -4.24809210
   7    1.9979832  -4.24779083
   8    1.9983327  -4.24771796
   9    1.9793689  -1.08845045
  10    1.9765681  -0.93810702
  11    1.9773322  -0.73537508
  12    1.9748742  -0.70852541
  13    1.9706349  -0.67892317
  14    1.9719439  -0.64544062
  15    1.9709115  -0.62149034
  16    1.9699015  -0.61387848
  17    1.9707228  -0.49116708
  18    1.9689091  -0.48923588
  19    1.9578567  -0.41301860
  20    1.9619024  -0.39716209
  21    0.0292570  -0.03534101
  22    0.0327282  -0.03664475
  23    0.0155812  -0.02305105
  24    0.0164564  -0.02455571
  25    0.0169121  -0.02047375
  26    0.0170029  -0.02073902
  27    0.0143018  -0.01872100
  28    0.0175139  -0.02166542
  29    0.0130858  -0.01831197
  30    0.0116036  -0.02281715
  31    0.0163466  -0.02687155
  32    0.0153821  -0.02653814
  33    0.0014246  -0.01034446
  34    0.0018796  -0.01529143
  35    0.0019355  -0.01496179
  36    0.0002258  -0.00281469
  37    0.0000236  -0.00045806
  38    0.0000236  -0.00047460
  39    0.0000238  -0.00049567
  40    0.0000006  -0.00000965
  41    0.0059901  -0.00858352
  42    0.0053666  -0.00795871
  43    0.0053797  -0.00821757
  44    0.0051323  -0.00797379
  45    0.0050311  -0.00754595
  46    0.0047767  -0.00752657
  47    0.0051522  -0.01020791
  48    0.0047020  -0.00748525
  49    0.0046872  -0.01065945
  50    0.0029691  -0.00856070
  51    0.0034140  -0.00818772
  52    0.0014858  -0.00627297
  53    0.0001959  -0.00387085
  54    0.0000910  -0.00110014
  55    0.0000440  -0.00122794
  56    0.0000151  -0.00058024
  57    0.0000005  -0.00000310
  58    0.0000005  -0.00000512
  59    0.0000006  -0.00000757
  60    0.0000000  -0.00000012
  61    0.0014880  -0.00268399
  62    0.0035573  -0.00532809
  63    0.0051178  -0.00801094
  64    0.0024088  -0.00552786
  65    0.0041976  -0.00616427
  66    0.0025094  -0.00443374
  67    0.0047127  -0.00730167
  68    0.0027414  -0.00442916
  69    0.0031541  -0.00622090
  70    0.0024321  -0.00755499
  71    0.0010851  -0.00469289
  72    0.0012812  -0.00437022
  73    0.0000092  -0.00006290
  74    0.0000072  -0.00008444
  75    0.0000070  -0.00005521
  76    0.0000039  -0.00018319
  77    0.0000003  -0.00000215
  78    0.0000004  -0.00000257
  79    0.0000004  -0.00000238
  80    0.0000000  -0.00000006
  81    0.0005656  -0.00111608
  82    0.0001869  -0.00039261
  83    0.0020924  -0.00371512
  84    0.0018762  -0.00395938
  85    0.0011252  -0.00214912
  86    0.0012681  -0.00252326
  87    0.0010277  -0.00254860
  88    0.0022467  -0.00417617
  89    0.0016267  -0.00607199
  90    0.0023626  -0.00759994
  91    0.0010017  -0.00304681
  92    0.0009666  -0.00286168
  93    0.0000063  -0.00009168
  94    0.0000067  -0.00005661
  95    0.0000063  -0.00004291
  96    0.0000027  -0.00002998
  97    0.0000003  -0.00000173
  98    0.0000002  -0.00000148
  99    0.0000003  -0.00000178
 100    0.0000000  -0.00000004
 101    0.0002244  -0.00051628
 102    0.0000750  -0.00018693
 103    0.0017937  -0.00365723
 104    0.0017738  -0.00379369
 105    0.0010025  -0.00254813
 106    0.0009933  -0.00243181
 107    0.0007979  -0.00175176
 108    0.0006021  -0.00138321
 109    0.0009401  -0.00240723
 110    0.0009343  -0.00284213
 111    0.0003697  -0.00138295
 112    0.0004723  -0.00160905
 113    0.0000061  -0.00012958
 114    0.0000055  -0.00013385
 115    0.0000046  -0.00004867
 116    0.0000024  -0.00001877
 117    0.0000003  -0.00000178
 118    0.0000002  -0.00000102
 119    0.0000002  -0.00000162
 120    0.0000000  -0.00000004
 121    0.0001340  -0.00030019
 122    0.0000614  -0.00015418
 123    0.0002712  -0.00065528
 124    0.0004556  -0.00108056
 125    0.0007247  -0.00147547
 126    0.0008178  -0.00152027
 127    0.0005575  -0.00124827
 128    0.0005584  -0.00134994
 129    0.0005394  -0.00143998
 130    0.0007926  -0.00218861
 131    0.0002945  -0.00083077
 132    0.0003421  -0.00140243
 133    0.0000047  -0.00005350
 134    0.0000051  -0.00008585
 135    0.0000040  -0.00005063
 136    0.0000023  -0.00001712
 137    0.0000002  -0.00000136
 138    0.0000001  -0.00000099
 139    0.0000002  -0.00000132
 140    0.0000000  -0.00000003
 141    0.0001310  -0.00029812
 142    0.0000414  -0.00010140
 143    0.0002078  -0.00046169
 144    0.0003455  -0.00078756
 145    0.0003908  -0.00086217
 146    0.0006114  -0.00132603
 147    0.0004310  -0.00113509
 148    0.0003421  -0.00090978
 149    0.0003024  -0.00073092
 150    0.0003649  -0.00125222
 151    0.0002772  -0.00080960
 152    0.0002050  -0.00108645
 153    0.0000047  -0.00004102
 154    0.0000049  -0.00004763
 155    0.0000030  -0.00004534
 156    0.0000017  -0.00001254
 157    0.0000002  -0.00000116
 158    0.0000001  -0.00000082
 159    0.0000001  -0.00000071
 160    0.0000000  -0.00000003
 161    0.0000792  -0.00020477
 162    0.0000299  -0.00007896
 163    0.0001412  -0.00033231
 164    0.0002261  -0.00047805
 165    0.0001520  -0.00041543
 166    0.0003336  -0.00078150
 167    0.0003385  -0.00081222
 168    0.0001978  -0.00052012
 169    0.0001794  -0.00053572
 170    0.0002574  -0.00081899
 171    0.0001655  -0.00053507
 172    0.0001192  -0.00043898
 173    0.0000044  -0.00004017
 174    0.0000036  -0.00003207
 175    0.0000028  -0.00002586
 176    0.0000011  -0.00002739
 177    0.0000002  -0.00000095
 178    0.0000001  -0.00000067
 179    0.0000001  -0.00000065
 180    0.0000000  -0.00000002
 181    0.0000603  -0.00015988
 182    0.0000287  -0.00007287
 183    0.0001109  -0.00024257
 184    0.0001577  -0.00034423
 185    0.0001273  -0.00034354
 186    0.0002138  -0.00054482
 187    0.0002514  -0.00064857
 188    0.0001432  -0.00037248
 189    0.0001289  -0.00038803
 190    0.0002394  -0.00087739
 191    0.0000945  -0.00030437
 192    0.0000942  -0.00032604
 193    0.0000023  -0.00001717
 194    0.0000026  -0.00002032
 195    0.0000024  -0.00002037
 196    0.0000010  -0.00003513
 197    0.0000001  -0.00000066
 198    0.0000001  -0.00000052
 199    0.0000001  -0.00000060
 200    0.0000000  -0.00000003
 201    0.0000400  -0.00011304
 202    0.0000152  -0.00005089
 203    0.0000866  -0.00021373
 204    0.0001190  -0.00027190
 205    0.0000874  -0.00024711
 206    0.0001488  -0.00038618
 207    0.0001451  -0.00040706
 208    0.0001002  -0.00027140
 209    0.0001059  -0.00031811
 210    0.0001876  -0.00065384
 211    0.0000764  -0.00025110
 212    0.0000822  -0.00030239
 213    0.0000019  -0.00001350
 214    0.0000022  -0.00001505
 215    0.0000018  -0.00001178
 216    0.0000008  -0.00001392
 217    0.0000001  -0.00000049
 218    0.0000001  -0.00000044
 219    0.0000001  -0.00000051
 220    0.0000000  -0.00000003
 221    0.0000334  -0.00009523
 222    0.0000121  -0.00004484
 223    0.0000697  -0.00018059
 224    0.0000790  -0.00020468
 225    0.0000714  -0.00020086
 226    0.0001059  -0.00028948
 227    0.0001013  -0.00028376
 228    0.0000623  -0.00018459
 229    0.0000915  -0.00028778
 230    0.0001495  -0.00077970
 231    0.0000679  -0.00022439
 232    0.0000565  -0.00019162
 233    0.0000018  -0.00001184
 234    0.0000018  -0.00001205
 235    0.0000016  -0.00000989
 236    0.0000006  -0.00000354
 237    0.0000001  -0.00000038
 238    0.0000001  -0.00000041
 239    0.0000000  -0.00000033
 240    0.0000000  -0.00000002
 241    0.0000281  -0.00008190
 242    0.0000097  -0.00003685
 243    0.0000645  -0.00016951
 244    0.0000713  -0.00018246
 245    0.0000567  -0.00016522
 246    0.0000811  -0.00022236
 247    0.0000605  -0.00018012
 248    0.0000420  -0.00013869
 249    0.0000694  -0.00021073
 250    0.0001171  -0.00033566
 251    0.0000570  -0.00018357
 252    0.0000323  -0.00012086
 253    0.0000015  -0.00002059
 254    0.0000016  -0.00001623
 255    0.0000013  -0.00003555
 256    0.0000004  -0.00000277
 257    0.0000001  -0.00000043
 258    0.0000001  -0.00000040
 259    0.0000000  -0.00000032
 260    0.0000000  -0.00000002
 261    0.0000205  -0.00006214
 262    0.0000073  -0.00002898
 263    0.0000528  -0.00014399
 264    0.0000466  -0.00012848
 265    0.0000511  -0.00015668
 266    0.0000507  -0.00014770
 267    0.0000453  -0.00014618
 268    0.0000330  -0.00011525
 269    0.0000519  -0.00016974
 270    0.0000705  -0.00020458
 271    0.0000471  -0.00015933
 272    0.0000308  -0.00011863
 273    0.0000008  -0.00002742
 274    0.0000011  -0.00001525
 275    0.0000008  -0.00001033
 276    0.0000004  -0.00000268
 277    0.0000000  -0.00000027
 278    0.0000001  -0.00000038
 279    0.0000000  -0.00000023
 280    0.0000000  -0.00000002
 281    0.0000122  -0.00004696
 282    0.0000062  -0.00002346
 283    0.0000305  -0.00010612
 284    0.0000379  -0.00011434
 285    0.0000449  -0.00013440
 286    0.0000453  -0.00013679
 287    0.0000307  -0.00010872
 288    0.0000223  -0.00008220
 289    0.0000486  -0.00015112
 290    0.0000635  -0.00019583
 291    0.0000405  -0.00015129
 292    0.0000259  -0.00010197
 293    0.0000007  -0.00000824
 294    0.0000009  -0.00001272
 295    0.0000007  -0.00000559
 296    0.0000003  -0.00000190
 297    0.0000000  -0.00000026
 298    0.0000001  -0.00000033
 299    0.0000000  -0.00000021
 300    0.0000000  -0.00000002
 301    0.0000105  -0.00004261
 302    0.0000055  -0.00001911
 303    0.0000236  -0.00007931
 304    0.0000248  -0.00008320
 305    0.0000384  -0.00011862
 306    0.0000398  -0.00012090
 307    0.0000283  -0.00009621
 308    0.0000200  -0.00007296
 309    0.0000375  -0.00012782
 310    0.0000513  -0.00016555
 311    0.0000360  -0.00012961
 312    0.0000182  -0.00007296
 313    0.0000007  -0.00000559
 314    0.0000007  -0.00000467
 315    0.0000006  -0.00000423
 316    0.0000003  -0.00000195
 317    0.0000000  -0.00000025
 318    0.0000000  -0.00000021
 319    0.0000000  -0.00000023
 320    0.0000000  -0.00000001
 321    0.0000103  -0.00004030
 322    0.0000054  -0.00001817
 323    0.0000204  -0.00006636
 324    0.0000205  -0.00007483
 325    0.0000310  -0.00010399
 326    0.0000304  -0.00010503
 327    0.0000263  -0.00009552
 328    0.0000179  -0.00006085
 329    0.0000288  -0.00010482
 330    0.0000215  -0.00007991
 331    0.0000178  -0.00007021
 332    0.0000138  -0.00006445
 333    0.0000003  -0.00000230
 334    0.0000007  -0.00000463
 335    0.0000006  -0.00000370
 336    0.0000002  -0.00000154
 337    0.0000000  -0.00000023
 338    0.0000000  -0.00000019
 339    0.0000000  -0.00000023
 340    0.0000000  -0.00000002
 341    0.0000034  -0.00001269
 342    0.0000018  -0.00000554
 343    0.0000182  -0.00006583
 344    0.0000152  -0.00005766
 345    0.0000196  -0.00006897
 346    0.0000200  -0.00007105
 347    0.0000222  -0.00007858
 348    0.0000037  -0.00001824
 349    0.0000166  -0.00006648
 350    0.0000117  -0.00005985
 351    0.0000117  -0.00005689
 352    0.0000060  -0.00003515
 353    0.0000002  -0.00000141
 354    0.0000005  -0.00000315
 355    0.0000003  -0.00000233
 356    0.0000002  -0.00000117
 357    0.0000000  -0.00000014
 358    0.0000000  -0.00000018
 359    0.0000000  -0.00000014
 360    0.0000000  -0.00000001
 361    0.0000021  -0.00000674
 362    0.0000011  -0.00000361
 363    0.0000082  -0.00003859
 364    0.0000079  -0.00003672
 365    0.0000113  -0.00004953
 366    0.0000120  -0.00005174
 367    0.0000077  -0.00003915
 368    0.0000034  -0.00001701
 369    0.0000097  -0.00004900
 370    0.0000100  -0.00005198
 371    0.0000093  -0.00004927
 372    0.0000050  -0.00002851
 373    0.0000002  -0.00000123
 374    0.0000004  -0.00000244
 375    0.0000001  -0.00000091
 376    0.0000001  -0.00000076
 377    0.0000000  -0.00000010
 378    0.0000000  -0.00000013
 379    0.0000000  -0.00000013
 380    0.0000000  -0.00000001
 381    0.0000020  -0.00000637
 382    0.0000008  -0.00000278
 383    0.0000061  -0.00002935
 384    0.0000073  -0.00003627
 385    0.0000092  -0.00004268
 386    0.0000082  -0.00003778
 387    0.0000055  -0.00002814
 388    0.0000033  -0.00001521
 389    0.0000089  -0.00004311
 390    0.0000079  -0.00004371
 391    0.0000063  -0.00003417
 392    0.0000031  -0.00001876
 393    0.0000002  -0.00000128
 394    0.0000002  -0.00000143
 395    0.0000001  -0.00000086
 396    0.0000001  -0.00000051
 397    0.0000000  -0.00000013
 398    0.0000000  -0.00000009
 399    0.0000000  -0.00000012
 400    0.0000000  -0.00000001
 401    0.0000017  -0.00000567
 402    0.0000008  -0.00000260
 403    0.0000049  -0.00002525
 404    0.0000049  -0.00002552
 405    0.0000056  -0.00002616
 406    0.0000074  -0.00003425
 407    0.0000047  -0.00002429
 408    0.0000030  -0.00001268
 409    0.0000051  -0.00002661
 410    0.0000068  -0.00003789
 411    0.0000054  -0.00003036
 412    0.0000030  -0.00001682
 413    0.0000002  -0.00000121
 414    0.0000002  -0.00000101
 415    0.0000001  -0.00000074
 416    0.0000001  -0.00000047
 417    0.0000000  -0.00000011
 418    0.0000000  -0.00000010
 419    0.0000000  -0.00000009
 420    0.0000000  -0.00000001
 421    0.0000016  -0.00000514
 422    0.0000007  -0.00000236
 423    0.0000042  -0.00002019
 424    0.0000038  -0.00001977
 425    0.0000030  -0.00001284
 426    0.0000062  -0.00003101
 427    0.0000039  -0.00001926
 428    0.0000029  -0.00001291
 429    0.0000042  -0.00002370
 430    0.0000064  -0.00003526
 431    0.0000031  -0.00001619
 432    0.0000023  -0.00001227
 433    0.0000002  -0.00000111
 434    0.0000001  -0.00000089
 435    0.0000001  -0.00000075
 436    0.0000001  -0.00000041
 437    0.0000000  -0.00000010
 438    0.0000000  -0.00000008
 439    0.0000000  -0.00000009
 440    0.0000000  -0.00000001
 441    0.0000011  -0.00000429
 442    0.0000007  -0.00000212
 443    0.0000031  -0.00001329
 444    0.0000037  -0.00001836
 445    0.0000030  -0.00001347
 446    0.0000031  -0.00001322
 447    0.0000022  -0.00000958
 448    0.0000019  -0.00000802
 449    0.0000019  -0.00000894
 450    0.0000046  -0.00002663
 451    0.0000024  -0.00001228
 452    0.0000018  -0.00000950
 453    0.0000001  -0.00000085
 454    0.0000001  -0.00000087
 455    0.0000001  -0.00000067
 456    0.0000001  -0.00000034
 457    0.0000000  -0.00000010
 458    0.0000000  -0.00000009
 459    0.0000000  -0.00000007
 460    0.0000000  -0.00000000
 461    0.0000010  -0.00000382
 462    0.0000006  -0.00000187
 463    0.0000023  -0.00000952
 464    0.0000030  -0.00001471
 465    0.0000027  -0.00001069
 466    0.0000027  -0.00001128
 467    0.0000021  -0.00000874
 468    0.0000016  -0.00000660
 469    0.0000019  -0.00000830
 470    0.0000033  -0.00001982
 471    0.0000023  -0.00001153
 472    0.0000015  -0.00000732
 473    0.0000001  -0.00000084
 474    0.0000001  -0.00000077
 475    0.0000001  -0.00000066
 476    0.0000001  -0.00000035
 477    0.0000000  -0.00000008
 478    0.0000000  -0.00000008
 479    0.0000000  -0.00000006
 480    0.0000000  -0.00000000
 
----------------
 Final Energies 
----------------
Final NOF Total Energy =    -408.1855200
 
Total Orbital Internal Iterations = 850
Total Occupation Internal Iterations = 124
 
Elapsed time: 1007.73 Seconds

---------------------------------
   Lowdin Population Analysis    
---------------------------------
 Idx  Atom   Population   Charge 
---------------------------------
  1    Si    13.738       0.262
  2     C     5.839       0.161
  3     C     5.912       0.088
  4     H     1.080      -0.080
  5     H     1.045      -0.045
  6     C     5.856       0.144
  7     H     1.063      -0.063
  8     H     1.064      -0.064
  9     H     1.085      -0.085
 10     H     1.112      -0.112
 11     H     1.096      -0.096
 12     H     1.109      -0.109

---------------------------------
   M Diagnostic: 0.04
---------------------------------

