Computing Integrals
Basis Set                                            = def2-qzvp
Auxiliary Basis Set                                  = def2-universal-jkfit
Gaussian Type                                        = Spherical
Elapsed time:   15.53 Seconds

Number of basis functions                   (NBF)    = 642
Number of auxiliary basis functions         (NBFAUX) = 634
Inactive Doubly occupied orbitals up to     (NO1)    = 0
No. considered Strongly Doubly occupied MOs (NDOC)   = 25
No. considered Strongly Singly occupied MOs (NSOC)   = 0
NO. of Weakly occ. per St. Doubly occ.  MOs (NCWO)   = 24
Dimension of the Nat. Orb. subspace         (NBF5)   = 625
No. of electrons                                     = 50
    No. of alpha electrons                           = 25
    No. of beta electrons                            = 25
Multiplicity                                         = 1

Geometry
========
 C       1.5783850       0.1476900       0.3438090
 H       1.3947500       0.0129680       1.4135450
 O       1.3599290      -1.0862030      -0.3597820
 C       0.6538450       1.2150990      -0.2213220
 H       1.0578270       2.1802830       0.0939240
 H       0.7296930       1.1848640      -1.3114380
 C      -0.8173340       1.1521270       0.2081560
 H      -1.3035250       2.0657380      -0.1458280
 H      -0.8837650       1.1597620       1.2992600
 H       1.9841200      -1.7344460      -0.0213850
 H       2.6162860       0.4589480       0.2065440
 C      -1.6277250      -0.0340520      -0.3113010
 H      -2.6842290       0.1510150      -0.1185660
 H      -1.5018680      -0.1181460      -1.3975060
 O      -1.3242620      -1.2601540       0.3333770
 H      -0.4176510      -1.4753140       0.0766370

No violations of the orthonormality
No violations of the orthonormality
 
PNOF8/ADABelief Calculation
==================
 
  Nitext  Nit_orb  Time   Nit_occ  Time         Eelec          Etot           Ediff      maxdiff    MaxGrad_orb  Grad_occ
     1      10    8.7e+01   18    5.0e+01  -572.19918504  -308.62332338 -10571.19918504   0.005294   2.1e-02   2.1e-04 0.03
     2      20    1.2e+02    0    4.6e+00  -572.20395932  -308.62809766    -0.00477428   0.005294   2.1e-02   2.1e-04 0.03
     3      40    2.4e+02    7    9.9e+00  -572.20585329  -308.62999163    -0.00189397   0.005272   2.1e-02   2.7e-04 0.03
     4      40    2.3e+02    9    1.2e+01  -572.20669929  -308.63083763    -0.00084600   0.005046   2.0e-02   1.6e-04 0.03
     5      40    2.3e+02    9    1.1e+01  -572.20710800  -308.63124633    -0.00040871   0.004511   1.8e-02   1.5e-04 0.03
     6      40    2.3e+02    6    1.1e+01  -572.20741232  -308.63155066    -0.00030433   0.004368   1.7e-02   2.3e-04 0.03
     7      40    2.3e+02    6    9.8e+00  -572.20770213  -308.63184046    -0.00028980   0.004473   1.8e-02   2.1e-04 0.03
     8      40    2.3e+02    6    8.9e+00  -572.20795143  -308.63208977    -0.00024931   0.004375   1.7e-02   2.0e-04 0.03
     9      40    2.6e+02    6    9.7e+00  -572.20817615  -308.63231449    -0.00022472   0.010707   4.3e-02   1.9e-04 0.03
    10      40    2.4e+02    6    9.0e+00  -572.20839849  -308.63253683    -0.00022234   0.004300   1.7e-02   1.7e-04 0.03
    11      40    2.2e+02    3    6.5e+00  -572.20855465  -308.63269299    -0.00015616   0.004770   1.9e-02   2.8e-04 0.03
    12      40    2.2e+02    6    8.8e+00  -572.20862197  -308.63276030    -0.00006731   0.005765   2.3e-02   2.0e-04 0.03
    13      40    2.2e+02    6    8.9e+00  -572.20881659  -308.63295493    -0.00019463   0.004517   1.8e-02   1.6e-04 0.03
    14      40    2.3e+02    6    9.0e+00  -572.20896789  -308.63310623    -0.00015130   0.004709   1.9e-02   1.6e-04 0.03
    15      40    2.2e+02    6    9.9e+00  -572.20910481  -308.63324314    -0.00013691   0.005445   2.2e-02   1.7e-04 0.03
    16      40    2.2e+02    6    8.7e+00  -572.20929445  -308.63343279    -0.00018964   0.005054   2.0e-02   1.7e-04 0.03
    17      40    2.3e+02    4    7.5e+00  -572.20951090  -308.63364924    -0.00021645   0.004834   1.9e-02   2.6e-04 0.03
    18      40    2.4e+02    3    6.5e+00  -572.20964973  -308.63378806    -0.00013882   0.004516   1.8e-02   2.6e-04 0.03
    19      40    2.4e+02    3    7.5e+00  -572.20979177  -308.63393011    -0.00014204   0.004793   1.9e-02   2.9e-04 0.03
    20      40    2.3e+02    0    4.2e+00  -572.20980662  -308.63394495    -0.00001485   0.004793   1.9e-02   2.9e-04 0.03
    21      60    3.5e+02    6    9.5e+00  -572.21058094  -308.63471928    -0.00077433   0.000725   2.9e-03   1.5e-04 0.03
 
RESULTS OF THE OCCUPATION OPTIMIZATION
========================================
   1    1.9999887  -20.59560506
   2    1.9999879  -20.57099582
   3    1.9999697  -11.26380472
   4    1.9999692  -11.25237867
   5    1.9999695  -11.25157025
   6    1.9999683  -11.24761552
   7    1.9848276  -1.34002568
   8    1.9841231  -1.30464581
   9    1.9799909  -0.97526802
  10    1.9780589  -0.91161896
  11    1.9774346  -0.90201172
  12    1.9760245  -0.85214667
  13    1.9691711  -0.74162355
  14    1.9684625  -0.68791163
  15    1.9650240  -0.68037858
  16    1.9650656  -0.64556002
  17    1.9727434  -0.60536286
  18    1.9705080  -0.59945670
  19    1.9694785  -0.59405107
  20    1.9688425  -0.58888556
  21    1.9687444  -0.58487397
  22    1.9674624  -0.57581186
  23    1.9742108  -0.55660710
  24    1.9671125  -0.55653067
  25    1.9670748  -0.53572365
  26    0.0246344  -0.03141529
  27    0.0245979  -0.03125719
  28    0.0116949  -0.01824851
  29    0.0248268  -0.03169200
  30    0.0179141  -0.02078164
  31    0.0179175  -0.02119104
  32    0.0193682  -0.02214662
  33    0.0182932  -0.02125871
  34    0.0104092  -0.01748260
  35    0.0334266  -0.04612164
  36    0.0334795  -0.04648540
  37    0.0255100  -0.03522673
  38    0.0245995  -0.03343205
  39    0.0137047  -0.01939664
  40    0.0131765  -0.01925297
  41    0.0141331  -0.02010514
  42    0.0128933  -0.01918103
  43    0.0072487  -0.01817100
  44    0.0070345  -0.01775624
  45    0.0000208  -0.00044203
  46    0.0000213  -0.00044570
  47    0.0000236  -0.00049784
  48    0.0000224  -0.00046960
  49    0.0000113  -0.00040608
  50    0.0000104  -0.00036564
  51    0.0046860  -0.00740619
  52    0.0050951  -0.00791532
  53    0.0051794  -0.00925053
  54    0.0050157  -0.00787693
  55    0.0052970  -0.00756130
  56    0.0052087  -0.00755873
  57    0.0051374  -0.00712636
  58    0.0052295  -0.00752463
  59    0.0053765  -0.00994969
  60    0.0004450  -0.00121264
  61    0.0004169  -0.00107675
  62    0.0044377  -0.00841662
  63    0.0046409  -0.00873587
  64    0.0045590  -0.00842471
  65    0.0039375  -0.00658434
  66    0.0025186  -0.00558611
  67    0.0025859  -0.00794149
  68    0.0036316  -0.00842234
  69    0.0036550  -0.00855649
  70    0.0000031  -0.00005154
  71    0.0000026  -0.00004597
  72    0.0000021  -0.00004487
  73    0.0000017  -0.00001905
  74    0.0000001  -0.00000124
  75    0.0000002  -0.00000408
  76    0.0011041  -0.00252263
  77    0.0010480  -0.00243311
  78    0.0049431  -0.00904037
  79    0.0011984  -0.00264647
  80    0.0047538  -0.00673606
  81    0.0046221  -0.00679623
  82    0.0021531  -0.00377689
  83    0.0018737  -0.00346613
  84    0.0049388  -0.00919044
  85    0.0003181  -0.00091186
  86    0.0003171  -0.00092286
  87    0.0004829  -0.00130853
  88    0.0005313  -0.00137190
  89    0.0018179  -0.00385645
  90    0.0019196  -0.00648799
  91    0.0020658  -0.00574693
  92    0.0015499  -0.00463208
  93    0.0019869  -0.00693087
  94    0.0011701  -0.00482606
  95    0.0000029  -0.00004052
  96    0.0000019  -0.00001681
  97    0.0000012  -0.00001926
  98    0.0000015  -0.00002473
  99    0.0000001  -0.00000115
 100    0.0000002  -0.00000148
 101    0.0009772  -0.00221899
 102    0.0007496  -0.00153038
 103    0.0012308  -0.00470539
 104    0.0005584  -0.00122706
 105    0.0016893  -0.00316278
 106    0.0018281  -0.00359914
 107    0.0016907  -0.00300994
 108    0.0016328  -0.00307524
 109    0.0042026  -0.00816339
 110    0.0002783  -0.00082388
 111    0.0002953  -0.00087000
 112    0.0004609  -0.00122406
 113    0.0004561  -0.00124912
 114    0.0013479  -0.00311214
 115    0.0012400  -0.00387064
 116    0.0011902  -0.00317331
 117    0.0010819  -0.00305331
 118    0.0009835  -0.00488077
 119    0.0009398  -0.00450784
 120    0.0000010  -0.00003332
 121    0.0000012  -0.00002355
 122    0.0000008  -0.00002032
 123    0.0000010  -0.00003407
 124    0.0000001  -0.00000117
 125    0.0000001  -0.00000116
 126    0.0007536  -0.00158538
 127    0.0007061  -0.00143534
 128    0.0006992  -0.00204686
 129    0.0003298  -0.00083700
 130    0.0004525  -0.00105883
 131    0.0004902  -0.00111717
 132    0.0010460  -0.00235928
 133    0.0010863  -0.00228574
 134    0.0005794  -0.00194096
 135    0.0002354  -0.00073382
 136    0.0002540  -0.00078333
 137    0.0002688  -0.00084273
 138    0.0002573  -0.00082775
 139    0.0010574  -0.00280587
 140    0.0009206  -0.00235535
 141    0.0005766  -0.00161711
 142    0.0005272  -0.00228106
 143    0.0007455  -0.00257905
 144    0.0007022  -0.00265053
 145    0.0000007  -0.00001382
 146    0.0000010  -0.00003917
 147    0.0000007  -0.00001567
 148    0.0000010  -0.00003440
 149    0.0000001  -0.00000079
 150    0.0000001  -0.00000092
 151    0.0002684  -0.00064464
 152    0.0002739  -0.00065544
 153    0.0006102  -0.00229000
 154    0.0001942  -0.00050840
 155    0.0004437  -0.00098635
 156    0.0003272  -0.00078640
 157    0.0003944  -0.00094314
 158    0.0004425  -0.00106063
 159    0.0004521  -0.00145148
 160    0.0000833  -0.00027802
 161    0.0000484  -0.00016521
 162    0.0001176  -0.00040379
 163    0.0001087  -0.00035704
 164    0.0004887  -0.00133936
 165    0.0004027  -0.00132460
 166    0.0005330  -0.00160510
 167    0.0003929  -0.00128907
 168    0.0004228  -0.00181673
 169    0.0005197  -0.00363849
 170    0.0000006  -0.00000743
 171    0.0000005  -0.00000511
 172    0.0000007  -0.00001112
 173    0.0000007  -0.00000892
 174    0.0000001  -0.00000083
 175    0.0000001  -0.00000095
 176    0.0001717  -0.00045296
 177    0.0001169  -0.00033829
 178    0.0003210  -0.00090888
 179    0.0001229  -0.00036061
 180    0.0001889  -0.00048463
 181    0.0002830  -0.00069670
 182    0.0002100  -0.00056167
 183    0.0002552  -0.00060718
 184    0.0003088  -0.00092459
 185    0.0000390  -0.00014336
 186    0.0000375  -0.00013739
 187    0.0000600  -0.00018869
 188    0.0000537  -0.00016799
 189    0.0003286  -0.00132406
 190    0.0003153  -0.00114037
 191    0.0003342  -0.00130620
 192    0.0003062  -0.00119924
 193    0.0002056  -0.00102028
 194    0.0004239  -0.00196224
 195    0.0000005  -0.00000544
 196    0.0000004  -0.00002047
 197    0.0000003  -0.00001464
 198    0.0000005  -0.00000415
 199    0.0000001  -0.00000063
 200    0.0000001  -0.00000069
 201    0.0000833  -0.00023939
 202    0.0000866  -0.00023793
 203    0.0003091  -0.00088220
 204    0.0000875  -0.00024855
 205    0.0001585  -0.00043418
 206    0.0001470  -0.00040501
 207    0.0001712  -0.00045566
 208    0.0001915  -0.00048724
 209    0.0002945  -0.00086625
 210    0.0000352  -0.00012948
 211    0.0000331  -0.00012747
 212    0.0000457  -0.00016932
 213    0.0000425  -0.00015525
 214    0.0001834  -0.00061108
 215    0.0001951  -0.00066118
 216    0.0001862  -0.00077549
 217    0.0002001  -0.00081157
 218    0.0001581  -0.00128772
 219    0.0001853  -0.00093454
 220    0.0000004  -0.00000475
 221    0.0000003  -0.00000271
 222    0.0000003  -0.00000590
 223    0.0000003  -0.00001844
 224    0.0000001  -0.00000050
 225    0.0000000  -0.00000041
 226    0.0000723  -0.00020678
 227    0.0000543  -0.00016548
 228    0.0002051  -0.00064618
 229    0.0000620  -0.00018756
 230    0.0000868  -0.00023992
 231    0.0000790  -0.00023936
 232    0.0000870  -0.00024840
 233    0.0001100  -0.00029181
 234    0.0001550  -0.00052535
 235    0.0000141  -0.00005871
 236    0.0000259  -0.00010212
 237    0.0000324  -0.00012161
 238    0.0000283  -0.00012039
 239    0.0001230  -0.00041505
 240    0.0001167  -0.00041396
 241    0.0000914  -0.00032084
 242    0.0001495  -0.00060632
 243    0.0001453  -0.00144559
 244    0.0001356  -0.00101203
 245    0.0000004  -0.00001436
 246    0.0000002  -0.00000199
 247    0.0000002  -0.00000148
 248    0.0000003  -0.00000486
 249    0.0000000  -0.00000025
 250    0.0000000  -0.00000027
 251    0.0000447  -0.00014498
 252    0.0000340  -0.00011998
 253    0.0001521  -0.00048302
 254    0.0000299  -0.00010449
 255    0.0000645  -0.00018476
 256    0.0000689  -0.00019597
 257    0.0000661  -0.00020430
 258    0.0000906  -0.00025320
 259    0.0001469  -0.00050871
 260    0.0000134  -0.00005291
 261    0.0000182  -0.00007813
 262    0.0000258  -0.00011248
 263    0.0000225  -0.00009907
 264    0.0000873  -0.00029480
 265    0.0000793  -0.00026540
 266    0.0000742  -0.00026765
 267    0.0000846  -0.00029518
 268    0.0000811  -0.00038903
 269    0.0000936  -0.00042534
 270    0.0000002  -0.00000158
 271    0.0000002  -0.00000180
 272    0.0000002  -0.00000141
 273    0.0000002  -0.00000165
 274    0.0000000  -0.00000020
 275    0.0000000  -0.00000024
 276    0.0000332  -0.00011319
 277    0.0000292  -0.00010382
 278    0.0000882  -0.00029822
 279    0.0000247  -0.00009063
 280    0.0000447  -0.00014429
 281    0.0000419  -0.00013821
 282    0.0000499  -0.00016111
 283    0.0000763  -0.00022232
 284    0.0000847  -0.00030897
 285    0.0000092  -0.00003659
 286    0.0000133  -0.00005935
 287    0.0000174  -0.00008828
 288    0.0000211  -0.00009741
 289    0.0000748  -0.00025275
 290    0.0000529  -0.00019152
 291    0.0000618  -0.00023652
 292    0.0000656  -0.00023959
 293    0.0000677  -0.00051398
 294    0.0000840  -0.00097792
 295    0.0000001  -0.00000141
 296    0.0000001  -0.00000127
 297    0.0000001  -0.00000133
 298    0.0000001  -0.00000114
 299    0.0000000  -0.00000016
 300    0.0000000  -0.00000014
 301    0.0000273  -0.00009931
 302    0.0000238  -0.00008604
 303    0.0000786  -0.00028079
 304    0.0000211  -0.00007661
 305    0.0000415  -0.00013173
 306    0.0000350  -0.00012243
 307    0.0000357  -0.00012878
 308    0.0000568  -0.00017329
 309    0.0000796  -0.00029534
 310    0.0000070  -0.00003113
 311    0.0000078  -0.00003529
 312    0.0000163  -0.00008347
 313    0.0000152  -0.00007580
 314    0.0000554  -0.00020079
 315    0.0000495  -0.00018745
 316    0.0000346  -0.00014522
 317    0.0000409  -0.00016457
 318    0.0000381  -0.00018576
 319    0.0000555  -0.00030400
 320    0.0000001  -0.00000136
 321    0.0000001  -0.00000125
 322    0.0000001  -0.00000080
 323    0.0000001  -0.00000101
 324    0.0000000  -0.00000015
 325    0.0000000  -0.00000012
 326    0.0000165  -0.00006515
 327    0.0000175  -0.00006656
 328    0.0000576  -0.00022127
 329    0.0000139  -0.00005023
 330    0.0000277  -0.00009950
 331    0.0000296  -0.00010986
 332    0.0000235  -0.00009593
 333    0.0000397  -0.00013424
 334    0.0000544  -0.00018784
 335    0.0000051  -0.00002007
 336    0.0000066  -0.00002773
 337    0.0000135  -0.00005851
 338    0.0000114  -0.00004955
 339    0.0000451  -0.00016954
 340    0.0000419  -0.00016549
 341    0.0000278  -0.00012404
 342    0.0000322  -0.00013868
 343    0.0000330  -0.00016874
 344    0.0000374  -0.00016578
 345    0.0000001  -0.00000109
 346    0.0000001  -0.00000087
 347    0.0000001  -0.00000071
 348    0.0000001  -0.00000075
 349    0.0000000  -0.00000011
 350    0.0000000  -0.00000012
 351    0.0000095  -0.00004050
 352    0.0000116  -0.00004538
 353    0.0000504  -0.00018014
 354    0.0000102  -0.00004175
 355    0.0000195  -0.00007686
 356    0.0000175  -0.00006976
 357    0.0000183  -0.00007302
 358    0.0000295  -0.00011114
 359    0.0000434  -0.00016638
 360    0.0000044  -0.00001832
 361    0.0000056  -0.00002210
 362    0.0000097  -0.00004320
 363    0.0000069  -0.00003499
 364    0.0000227  -0.00010967
 365    0.0000296  -0.00012782
 366    0.0000250  -0.00011960
 367    0.0000213  -0.00011836
 368    0.0000266  -0.00013289
 369    0.0000309  -0.00015742
 370    0.0000001  -0.00000098
 371    0.0000001  -0.00000079
 372    0.0000001  -0.00000062
 373    0.0000001  -0.00000070
 374    0.0000000  -0.00000011
 375    0.0000000  -0.00000011
 376    0.0000084  -0.00003602
 377    0.0000101  -0.00004130
 378    0.0000447  -0.00015951
 379    0.0000100  -0.00004004
 380    0.0000143  -0.00005673
 381    0.0000128  -0.00005274
 382    0.0000144  -0.00005835
 383    0.0000183  -0.00007430
 384    0.0000394  -0.00014390
 385    0.0000044  -0.00001720
 386    0.0000044  -0.00001683
 387    0.0000094  -0.00004173
 388    0.0000067  -0.00003198
 389    0.0000172  -0.00009039
 390    0.0000205  -0.00010031
 391    0.0000191  -0.00010588
 392    0.0000192  -0.00010407
 393    0.0000239  -0.00012639
 394    0.0000273  -0.00013786
 395    0.0000001  -0.00000087
 396    0.0000001  -0.00000061
 397    0.0000001  -0.00000057
 398    0.0000001  -0.00000062
 399    0.0000000  -0.00000011
 400    0.0000000  -0.00000011
 401    0.0000079  -0.00003334
 402    0.0000074  -0.00003271
 403    0.0000413  -0.00014665
 404    0.0000094  -0.00003782
 405    0.0000125  -0.00004844
 406    0.0000116  -0.00004776
 407    0.0000121  -0.00004906
 408    0.0000178  -0.00007461
 409    0.0000277  -0.00011155
 410    0.0000041  -0.00001513
 411    0.0000035  -0.00001420
 412    0.0000069  -0.00003200
 413    0.0000064  -0.00002893
 414    0.0000156  -0.00008154
 415    0.0000148  -0.00007633
 416    0.0000183  -0.00010035
 417    0.0000167  -0.00009276
 418    0.0000221  -0.00011197
 419    0.0000217  -0.00011733
 420    0.0000001  -0.00000072
 421    0.0000001  -0.00000053
 422    0.0000001  -0.00000054
 423    0.0000001  -0.00000059
 424    0.0000000  -0.00000009
 425    0.0000000  -0.00000009
 426    0.0000071  -0.00003035
 427    0.0000073  -0.00003139
 428    0.0000323  -0.00012606
 429    0.0000083  -0.00003515
 430    0.0000115  -0.00004667
 431    0.0000106  -0.00004636
 432    0.0000110  -0.00004554
 433    0.0000137  -0.00005336
 434    0.0000237  -0.00009951
 435    0.0000036  -0.00001497
 436    0.0000031  -0.00001294
 437    0.0000055  -0.00002431
 438    0.0000057  -0.00002492
 439    0.0000133  -0.00006685
 440    0.0000130  -0.00006451
 441    0.0000161  -0.00008530
 442    0.0000146  -0.00008045
 443    0.0000186  -0.00010941
 444    0.0000197  -0.00011302
 445    0.0000001  -0.00000071
 446    0.0000000  -0.00000046
 447    0.0000001  -0.00000053
 448    0.0000001  -0.00000057
 449    0.0000000  -0.00000009
 450    0.0000000  -0.00000010
 451    0.0000043  -0.00001674
 452    0.0000066  -0.00002837
 453    0.0000144  -0.00006513
 454    0.0000053  -0.00002061
 455    0.0000100  -0.00004031
 456    0.0000066  -0.00002689
 457    0.0000088  -0.00003884
 458    0.0000108  -0.00004573
 459    0.0000153  -0.00006931
 460    0.0000021  -0.00000838
 461    0.0000023  -0.00001012
 462    0.0000044  -0.00002019
 463    0.0000029  -0.00001327
 464    0.0000109  -0.00005304
 465    0.0000100  -0.00005434
 466    0.0000134  -0.00007078
 467    0.0000071  -0.00004513
 468    0.0000093  -0.00005623
 469    0.0000110  -0.00006250
 470    0.0000001  -0.00000068
 471    0.0000000  -0.00000036
 472    0.0000000  -0.00000049
 473    0.0000000  -0.00000040
 474    0.0000000  -0.00000007
 475    0.0000000  -0.00000009
 476    0.0000042  -0.00001662
 477    0.0000054  -0.00002027
 478    0.0000121  -0.00005508
 479    0.0000031  -0.00001398
 480    0.0000069  -0.00002975
 481    0.0000055  -0.00002134
 482    0.0000075  -0.00003575
 483    0.0000083  -0.00003906
 484    0.0000083  -0.00004185
 485    0.0000020  -0.00000839
 486    0.0000010  -0.00000427
 487    0.0000036  -0.00001528
 488    0.0000029  -0.00001316
 489    0.0000080  -0.00004379
 490    0.0000089  -0.00004838
 491    0.0000084  -0.00004528
 492    0.0000053  -0.00003359
 493    0.0000090  -0.00005322
 494    0.0000095  -0.00005739
 495    0.0000001  -0.00000060
 496    0.0000000  -0.00000037
 497    0.0000000  -0.00000048
 498    0.0000000  -0.00000038
 499    0.0000000  -0.00000007
 500    0.0000000  -0.00000006
 501    0.0000040  -0.00001693
 502    0.0000023  -0.00001022
 503    0.0000107  -0.00005144
 504    0.0000024  -0.00001027
 505    0.0000062  -0.00002477
 506    0.0000050  -0.00002120
 507    0.0000063  -0.00002643
 508    0.0000077  -0.00003473
 509    0.0000075  -0.00003768
 510    0.0000017  -0.00000720
 511    0.0000009  -0.00000370
 512    0.0000029  -0.00001393
 513    0.0000022  -0.00001087
 514    0.0000068  -0.00003808
 515    0.0000087  -0.00004560
 516    0.0000079  -0.00004408
 517    0.0000048  -0.00002648
 518    0.0000086  -0.00005375
 519    0.0000069  -0.00005161
 520    0.0000000  -0.00000045
 521    0.0000000  -0.00000035
 522    0.0000000  -0.00000036
 523    0.0000000  -0.00000030
 524    0.0000000  -0.00000007
 525    0.0000000  -0.00000006
 526    0.0000036  -0.00001540
 527    0.0000017  -0.00000756
 528    0.0000064  -0.00003110
 529    0.0000021  -0.00000894
 530    0.0000056  -0.00002448
 531    0.0000046  -0.00001867
 532    0.0000051  -0.00002217
 533    0.0000029  -0.00001427
 534    0.0000060  -0.00002849
 535    0.0000015  -0.00000664
 536    0.0000008  -0.00000367
 537    0.0000028  -0.00001259
 538    0.0000019  -0.00000927
 539    0.0000037  -0.00002031
 540    0.0000063  -0.00003512
 541    0.0000033  -0.00001912
 542    0.0000029  -0.00001738
 543    0.0000051  -0.00003738
 544    0.0000060  -0.00004922
 545    0.0000000  -0.00000041
 546    0.0000000  -0.00000028
 547    0.0000000  -0.00000031
 548    0.0000000  -0.00000026
 549    0.0000000  -0.00000006
 550    0.0000000  -0.00000006
 551    0.0000025  -0.00001128
 552    0.0000012  -0.00000568
 553    0.0000064  -0.00003254
 554    0.0000009  -0.00000444
 555    0.0000032  -0.00001463
 556    0.0000024  -0.00001083
 557    0.0000036  -0.00001567
 558    0.0000026  -0.00001312
 559    0.0000018  -0.00000841
 560    0.0000007  -0.00000327
 561    0.0000006  -0.00000272
 562    0.0000024  -0.00001119
 563    0.0000018  -0.00000847
 564    0.0000018  -0.00001007
 565    0.0000039  -0.00002204
 566    0.0000011  -0.00000669
 567    0.0000028  -0.00001712
 568    0.0000048  -0.00002949
 569    0.0000022  -0.00001452
 570    0.0000000  -0.00000043
 571    0.0000000  -0.00000026
 572    0.0000000  -0.00000027
 573    0.0000000  -0.00000027
 574    0.0000000  -0.00000006
 575    0.0000000  -0.00000006
 576    0.0000005  -0.00000252
 577    0.0000005  -0.00000228
 578    0.0000008  -0.00000464
 579    0.0000006  -0.00000296
 580    0.0000017  -0.00000812
 581    0.0000017  -0.00000753
 582    0.0000008  -0.00000366
 583    0.0000013  -0.00000639
 584    0.0000006  -0.00000334
 585    0.0000001  -0.00000086
 586    0.0000001  -0.00000075
 587    0.0000008  -0.00000395
 588    0.0000017  -0.00000790
 589    0.0000012  -0.00000671
 590    0.0000012  -0.00000726
 591    0.0000005  -0.00000258
 592    0.0000023  -0.00001428
 593    0.0000006  -0.00000340
 594    0.0000004  -0.00000264
 595    0.0000000  -0.00000038
 596    0.0000000  -0.00000023
 597    0.0000000  -0.00000027
 598    0.0000000  -0.00000025
 599    0.0000000  -0.00000005
 600    0.0000000  -0.00000006
 601    0.0000004  -0.00000199
 602    0.0000004  -0.00000173
 603    0.0000005  -0.00000231
 604    0.0000002  -0.00000109
 605    0.0000010  -0.00000493
 606    0.0000010  -0.00000476
 607    0.0000004  -0.00000210
 608    0.0000010  -0.00000481
 609    0.0000004  -0.00000198
 610    0.0000001  -0.00000039
 611    0.0000000  -0.00000025
 612    0.0000001  -0.00000065
 613    0.0000011  -0.00000538
 614    0.0000011  -0.00000627
 615    0.0000010  -0.00000603
 616    0.0000004  -0.00000217
 617    0.0000019  -0.00001030
 618    0.0000003  -0.00000187
 619    0.0000001  -0.00000088
 620    0.0000000  -0.00000032
 621    0.0000000  -0.00000020
 622    0.0000000  -0.00000023
 623    0.0000000  -0.00000022
 624    0.0000000  -0.00000005
 625    0.0000000  -0.00000005
 
----------------
 Final Energies 
----------------
Final NOF Total Energy =    -308.6347193
 
Total Orbital Internal Iterations = 810
Total Occupation Internal Iterations = 122
 
Elapsed time: 5286.86 Seconds

---------------------------------
   Lowdin Population Analysis    
---------------------------------
 Idx  Atom   Population   Charge 
---------------------------------
  1     C     6.081      -0.081
  2     H     1.058      -0.058
  3     O     7.387       0.613
  4     C     5.920       0.080
  5     H     1.043      -0.043
  6     H     1.040      -0.040
  7     C     5.919       0.081
  8     H     1.045      -0.045
  9     H     1.044      -0.044
 10     H     1.332      -0.332
 11     H     1.064      -0.064
 12     C     6.114      -0.114
 13     H     1.061      -0.061
 14     H     1.059      -0.059
 15     O     7.441       0.559
 16     H     1.395      -0.395

---------------------------------
   M Diagnostic: 0.03
---------------------------------

