Computing Integrals
Basis Set                                            = def2-qzvp
Auxiliary Basis Set                                  = def2-universal-jkfit
Gaussian Type                                        = Spherical
Elapsed time:    4.72 Seconds

Number of basis functions                   (NBF)    = 344
Number of auxiliary basis functions         (NBFAUX) = 577
Inactive Doubly occupied orbitals up to     (NO1)    = 0
No. considered Strongly Doubly occupied MOs (NDOC)   = 70
No. considered Strongly Singly occupied MOs (NSOC)   = 0
NO. of Weakly occ. per St. Doubly occ.  MOs (NCWO)   = 3
Dimension of the Nat. Orb. subspace         (NBF5)   = 280
No. of electrons                                     = 140
    No. of alpha electrons                           = 70
    No. of beta electrons                            = 70
Multiplicity                                         = 1

Geometry
========
Pb       0.0032145      -2.1514754       0.0000000
 H      -0.0545265      -0.4291394       0.0000000
 H      -0.7883945      -2.7523824       1.4068570
 H      -0.7883945      -2.7523824      -1.4068570
 H       1.6466505      -2.6678534       0.0000000
Te       0.0032145       2.8132216       0.0000000
 H       1.1435395       3.9841326       0.0000000
 H      -1.1653035       3.9558786       0.0000000

No violations of the orthonormality
No violations of the orthonormality
 
PNOF8/ADABelief Calculation
==================
 
  Nitext  Nit_orb  Time   Nit_occ  Time         Eelec          Etot           Ediff      maxdiff    MaxGrad_orb  Grad_occ
     1      10    2.5e+01   23    2.8e+01 -7165.69140769 -6538.00759681 -17164.69140769   0.001552   6.2e-03   3.2e-04 0.99
     2      20    8.6e+00    5    8.3e-01 -7165.69540472 -6538.01159383    -0.00399703   0.005021   2.0e-02   2.1e-04 0.99
     3      20    8.8e+00    5    7.7e-01 -7165.69553105 -6538.01172017    -0.00012633   0.002863   1.1e-02   2.5e-04 0.99
     4      20    8.6e+00    5    7.8e-01 -7165.69564084 -6538.01182996    -0.00010979   0.004951   2.0e-02   2.3e-04 0.99
     5      20    8.7e+00    0    3.7e-01 -7165.69565940 -6538.01184851    -0.00001855   0.004951   2.0e-02   2.3e-04 0.99
     6      22    9.0e+00    1    4.4e-01 -7165.69623370 -6538.01242282    -0.00057430   0.000347   1.4e-03   2.4e-04 1.00
 
RESULTS OF THE OCCUPATION OPTIMIZATION
========================================
   1    2.0000000  -231.21451321
   2    1.9999999  -121.50382935
   3    1.9999999  -118.36636162
   4    1.9999999  -115.59326344
   5    1.9999999  -115.10990340
   6    1.9999998  -61.63141637
   7    1.9999998  -61.58524424
   8    1.9999998  -61.57663580
   9    1.9999998  -61.39956324
  10    1.9999986  -26.48297831
  11    1.9999985  -26.38114845
  12    1.9999984  -26.34850458
  13    1.9999984  -23.76289033
  14    1.9999981  -23.48861604
  15    1.9999980  -23.40905209
  16    1.9999980  -23.39911064
  17    1.9999979  -23.39550826
  18    1.9999979  -23.37187614
  19    1.9999976  -23.33190420
  20    1.9999938  -21.72144979
  21    1.9999941  -21.71187124
  22    1.9999945  -21.61344921
  23    1.9999969  -21.20454635
  24    1.9999952  -21.17509477
  25    1.9999956  -21.00757404
  26    1.9999961  -20.83270254
  27    1.9999645  -9.84584127
  28    1.9999626  -9.78098290
  29    1.9999609  -9.70723343
  30    1.9999609  -9.69998587
  31    1.9999629  -9.67679352
  32    1.9999590  -9.66678505
  33    1.9999629  -9.66347774
  34    1.9999612  -9.64790333
  35    1.9998492  -5.35088704
  36    1.9996599  -4.87644379
  37    1.9996501  -4.87432467
  38    1.9996305  -4.86075886
  39    1.9996428  -4.85471314
  40    1.9978147  -3.71244045
  41    1.9978738  -3.71115635
  42    1.9988748  -3.69359530
  43    1.9987877  -3.69234831
  44    1.9989464  -3.68816198
  45    1.9989576  -3.66435317
  46    1.9989943  -3.65771332
  47    1.9992946  -3.62824793
  48    1.9991652  -3.59957554
  49    1.9991754  -3.59749859
  50    1.9992119  -3.57379506
  51    1.9992273  -3.55030788
  52    1.9991737  -3.54042018
  53    1.9991047  -3.52007036
  54    1.9925722  -2.05686628
  55    1.9910873  -2.05448701
  56    1.9909865  -2.05323783
  57    1.9878851  -1.84659271
  58    1.9871762  -1.84604647
  59    1.9712884  -0.96434341
  60    1.9665929  -0.88890830
  61    1.9655667  -0.88725586
  62    1.9767660  -0.88506043
  63    1.9660872  -0.70549255
  64    1.9657815  -0.70464085
  65    1.9660383  -0.70458209
  66    1.9638259  -0.60898528
  67    1.9637564  -0.60704923
  68    1.1856454  -0.17799341
  69    1.0038066  -0.15327512
  70    1.1479017  -0.14843539
  71    0.8518732  -0.11654214
  72    0.9960070  -0.15229320
  73    0.8142584  -0.11892184
  74    0.0252928  -0.02913954
  75    0.0252011  -0.02909872
  76    0.0134460  -0.01661252
  77    0.0137596  -0.01692065
  78    0.0137274  -0.01709295
  79    0.0105711  -0.01749278
  80    0.0247857  -0.03017121
  81    0.0250079  -0.03043557
  82    0.0105679  -0.01565255
  83    0.0063319  -0.01323164
  84    0.0070710  -0.01446918
  85    0.0052420  -0.01147254
  86    0.0052551  -0.01145826
  87    0.0050953  -0.01098912
  88    0.0004530  -0.00177829
  89    0.0003909  -0.00149621
  90    0.0003898  -0.00149138
  91    0.0003954  -0.00155579
  92    0.0004011  -0.00174056
  93    0.0004406  -0.00193890
  94    0.0004718  -0.00214248
  95    0.0006330  -0.00342051
  96    0.0007579  -0.00412559
  97    0.0008467  -0.00481188
  98    0.0010297  -0.00587840
  99    0.0009456  -0.00540778
 100    0.0019620  -0.01029707
 101    0.0020138  -0.01046655
 102    0.0002138  -0.00093280
 103    0.0002051  -0.00091632
 104    0.0001743  -0.00079132
 105    0.0001947  -0.00087841
 106    0.0000670  -0.00034152
 107    0.0000163  -0.00013989
 108    0.0000176  -0.00015170
 109    0.0000166  -0.00013874
 110    0.0000154  -0.00013696
 111    0.0000165  -0.00014254
 112    0.0000162  -0.00013721
 113    0.0000150  -0.00013473
 114    0.0000151  -0.00013521
 115    0.0000024  -0.00004316
 116    0.0000023  -0.00004083
 117    0.0000026  -0.00004638
 118    0.0000021  -0.00003951
 119    0.0000029  -0.00004827
 120    0.0000029  -0.00004876
 121    0.0000030  -0.00005140
 122    0.0000013  -0.00002977
 123    0.0000012  -0.00002655
 124    0.0000013  -0.00002876
 125    0.0000012  -0.00002559
 126    0.0000011  -0.00002360
 127    0.0000011  -0.00002500
 128    0.0000010  -0.00002268
 129    0.0000009  -0.00001923
 130    0.0000008  -0.00001852
 131    0.0000008  -0.00001889
 132    0.0000002  -0.00000465
 133    0.0000002  -0.00000505
 134    0.0000001  -0.00000412
 135    0.0000002  -0.00000499
 136    0.0000000  -0.00000175
 137    0.0000000  -0.00000159
 138    0.0000000  -0.00000168
 139    0.0000000  -0.00000154
 140    0.0000000  -0.00000070
 141    0.0002083  -0.00007577
 142    0.0001727  -0.00007249
 143    0.0000867  -0.00005296
 144    0.0055922  -0.00936613
 145    0.0056277  -0.00940754
 146    0.0130680  -0.01646010
 147    0.0131778  -0.01629035
 148    0.0119493  -0.01507535
 149    0.0070120  -0.01287977
 150    0.0064698  -0.01148718
 151    0.0065793  -0.01158791
 152    0.0100708  -0.01480603
 153    0.0056531  -0.01172212
 154    0.0026297  -0.00571051
 155    0.0023523  -0.00548874
 156    0.0022821  -0.00532849
 157    0.0014982  -0.00379672
 158    0.0002926  -0.00110081
 159    0.0002843  -0.00107288
 160    0.0002933  -0.00108129
 161    0.0002959  -0.00110882
 162    0.0003239  -0.00131306
 163    0.0002404  -0.00097167
 164    0.0001242  -0.00051455
 165    0.0002468  -0.00110230
 166    0.0002077  -0.00091183
 167    0.0001263  -0.00052210
 168    0.0001092  -0.00047075
 169    0.0001114  -0.00047879
 170    0.0000937  -0.00043459
 171    0.0000959  -0.00043769
 172    0.0000731  -0.00033804
 173    0.0001160  -0.00054202
 174    0.0001091  -0.00050076
 175    0.0000953  -0.00040857
 176    0.0000459  -0.00025179
 177    0.0000131  -0.00011551
 178    0.0000113  -0.00010232
 179    0.0000132  -0.00012286
 180    0.0000122  -0.00010809
 181    0.0000134  -0.00011810
 182    0.0000145  -0.00013043
 183    0.0000133  -0.00011845
 184    0.0000116  -0.00010454
 185    0.0000009  -0.00001923
 186    0.0000011  -0.00002432
 187    0.0000016  -0.00003420
 188    0.0000007  -0.00001628
 189    0.0000019  -0.00003677
 190    0.0000020  -0.00003717
 191    0.0000018  -0.00003518
 192    0.0000006  -0.00001477
 193    0.0000006  -0.00001371
 194    0.0000005  -0.00001197
 195    0.0000005  -0.00001358
 196    0.0000007  -0.00001582
 197    0.0000005  -0.00001248
 198    0.0000004  -0.00000986
 199    0.0000004  -0.00001010
 200    0.0000004  -0.00000942
 201    0.0000003  -0.00000783
 202    0.0000000  -0.00000161
 203    0.0000000  -0.00000185
 204    0.0000001  -0.00000265
 205    0.0000000  -0.00000212
 206    0.0000000  -0.00000098
 207    0.0000000  -0.00000104
 208    0.0000000  -0.00000096
 209    0.0000000  -0.00000093
 210    0.0000000  -0.00000055
 211    0.0000168  -0.00002774
 212    0.0000137  -0.00002557
 213    0.0000094  -0.00001249
 214    0.0053586  -0.00889603
 215    0.0053454  -0.00889128
 216    0.0074478  -0.00877431
 217    0.0072811  -0.00867447
 218    0.0082361  -0.01050128
 219    0.0056509  -0.01146731
 220    0.0031779  -0.00515458
 221    0.0018198  -0.00408806
 222    0.0080729  -0.01195878
 223    0.0008388  -0.00220121
 224    0.0024142  -0.00534364
 225    0.0014192  -0.00368688
 226    0.0013755  -0.00357347
 227    0.0008343  -0.00221411
 228    0.0001498  -0.00061046
 229    0.0001510  -0.00065580
 230    0.0000896  -0.00036863
 231    0.0000968  -0.00040146
 232    0.0000995  -0.00039786
 233    0.0001538  -0.00062850
 234    0.0001094  -0.00044880
 235    0.0001260  -0.00053154
 236    0.0000768  -0.00036483
 237    0.0000805  -0.00035864
 238    0.0000733  -0.00033751
 239    0.0000682  -0.00030117
 240    0.0000705  -0.00033323
 241    0.0000756  -0.00034546
 242    0.0000703  -0.00035130
 243    0.0000483  -0.00025155
 244    0.0000664  -0.00030686
 245    0.0000501  -0.00025926
 246    0.0000379  -0.00019772
 247    0.0000094  -0.00008432
 248    0.0000081  -0.00007541
 249    0.0000111  -0.00010227
 250    0.0000095  -0.00008296
 251    0.0000092  -0.00008206
 252    0.0000084  -0.00007692
 253    0.0000091  -0.00008116
 254    0.0000089  -0.00008015
 255    0.0000006  -0.00001411
 256    0.0000010  -0.00002195
 257    0.0000006  -0.00001342
 258    0.0000003  -0.00000739
 259    0.0000008  -0.00001599
 260    0.0000010  -0.00002174
 261    0.0000014  -0.00003112
 262    0.0000004  -0.00001123
 263    0.0000003  -0.00000653
 264    0.0000003  -0.00000742
 265    0.0000003  -0.00000740
 266    0.0000002  -0.00000633
 267    0.0000002  -0.00000572
 268    0.0000002  -0.00000529
 269    0.0000003  -0.00000835
 270    0.0000003  -0.00000867
 271    0.0000003  -0.00000665
 272    0.0000000  -0.00000141
 273    0.0000000  -0.00000144
 274    0.0000001  -0.00000234
 275    0.0000000  -0.00000152
 276    0.0000000  -0.00000096
 277    0.0000000  -0.00000102
 278    0.0000000  -0.00000093
 279    0.0000000  -0.00000087
 280    0.0000000  -0.00000051
 
----------------
 Final Energies 
----------------
Final NOF Total Energy =   -6538.0124228
 
Total Orbital Internal Iterations = 112
Total Occupation Internal Iterations = 39
 
Elapsed time:  121.36 Seconds

---------------------------------
   Lowdin Population Analysis    
---------------------------------
 Idx  Atom   Population   Charge 
---------------------------------
  1    Pb    78.448       3.552
  2     H     1.892      -0.892
  3     H     1.881      -0.881
  4     H     1.884      -0.884
  5     H     1.884      -0.884
  6    Te    51.420       0.580
  7     H     1.295      -0.295
  8     H     1.295      -0.295

---------------------------------
   M Diagnostic: 1.00
---------------------------------

