Computing Integrals
Basis Set                                            = def2-qzvp
Auxiliary Basis Set                                  = def2-universal-jkfit
Gaussian Type                                        = Spherical
Elapsed time:    4.69 Seconds

Number of basis functions                   (NBF)    = 140
Number of auxiliary basis functions         (NBFAUX) = 256
Inactive Doubly occupied orbitals up to     (NO1)    = 0
No. considered Strongly Doubly occupied MOs (NDOC)   = 15
No. considered Strongly Singly occupied MOs (NSOC)   = 0
NO. of Weakly occ. per St. Doubly occ.  MOs (NCWO)   = 8
Dimension of the Nat. Orb. subspace         (NBF5)   = 135
No. of electrons                                     = 30
    No. of alpha electrons                           = 15
    No. of beta electrons                            = 15
Multiplicity                                         = 1

Geometry
========
 P       0.0000000       0.0000000      -0.9491313
 P       0.0000000       0.0000000       0.9491313

No violations of the orthonormality
No violations of the orthonormality
 
PNOF8/ADABelief Calculation
==================
 
  Nitext  Nit_orb  Time   Nit_occ  Time         Eelec          Etot           Ediff      maxdiff    MaxGrad_orb  Grad_occ
     1      10    3.7e+01   36    2.6e+01  -744.96677731  -682.24382829 -10743.96677731   0.025757   1.0e-01   2.6e-04 0.05
     2      20    3.6e+01    0    2.8e-02  -745.05137671  -682.32842769    -0.08459940   0.025759   1.0e-01   2.6e-04 0.05
     3      40    7.3e+01   10    3.3e-01  -745.06530309  -682.34235407    -0.01392638   0.010028   4.0e-02   2.3e-04 0.05
     4      40    6.9e+01   17    3.7e-01  -745.07120032  -682.34825130    -0.00589723   0.006549   2.6e-02   3.0e-04 0.05
     5      40    7.2e+01    6    2.6e-01  -745.07386609  -682.35091707    -0.00266577   0.006270   2.5e-02   1.8e-04 0.04
     6      40    7.1e+01   12    2.9e-01  -745.07481639  -682.35186738    -0.00095030   0.006749   2.7e-02   2.6e-04 0.04
     7      40    7.3e+01    6    1.6e-01  -745.07518427  -682.35223525    -0.00036788   0.007053   2.8e-02   2.0e-04 0.04
     8      40    6.9e+01   15    3.8e-01  -745.07530737  -682.35235835    -0.00012310   0.007269   2.9e-02   2.6e-04 0.04
     9      40    6.9e+01    4    2.0e-01  -745.07546077  -682.35251175    -0.00015340   0.007212   2.9e-02   1.8e-04 0.04
    10      40    6.7e+01    8    2.2e-01  -745.07558521  -682.35263620    -0.00012444   0.007499   3.0e-02   1.9e-04 0.04
    11      40    7.0e+01    7    2.4e-01  -745.07574089  -682.35279188    -0.00015568   0.006683   2.7e-02   2.2e-04 0.04
    12      40    6.9e+01    9    2.3e-01  -745.07594694  -682.35299792    -0.00020605   0.008691   3.5e-02   2.2e-04 0.04
    13      40    6.9e+01    9    2.6e-01  -745.07616506  -682.35321604    -0.00021812   0.006170   2.5e-02   2.3e-04 0.04
    14      40    8.6e+01    2    1.0e-01  -745.07622507  -682.35327606    -0.00006001   0.008823   3.5e-02   2.1e-04 0.04
    15      40    8.6e+01   16    4.2e-01  -745.07637595  -682.35342693    -0.00015088   0.005684   2.3e-02   2.2e-04 0.04
    16      40    7.6e+01    0    4.2e-02  -745.07645265  -682.35350364    -0.00007670   0.006303   2.5e-02   2.5e-04 0.04
    17      50    9.9e+01    7    2.2e-01  -745.07669441  -682.35374539    -0.00024175   0.004534   1.8e-02   2.1e-04 0.04
    18      50    8.9e+01    9    3.5e-01  -745.07672127  -682.35377225    -0.00002686   0.004887   2.0e-02   2.6e-04 0.04
    19      50    8.9e+01    4    1.8e-01  -745.07682301  -682.35387399    -0.00010174   0.004527   1.8e-02   1.9e-04 0.04
    20      50    8.9e+01    9    2.6e-01  -745.07685901  -682.35390999    -0.00003600   0.004703   1.9e-02   2.5e-04 0.04
    21      50    8.7e+01    0    5.0e-02  -745.07693235  -682.35398333    -0.00007334   0.004895   2.0e-02   2.3e-04 0.04
    22      60    1.1e+02    4    1.3e-01  -745.07705635  -682.35410733    -0.00012400   0.003937   1.6e-02   2.0e-04 0.04
    23      60    1.1e+02    6    1.9e-01  -745.07707965  -682.35413063    -0.00002330   0.004215   1.7e-02   2.6e-04 0.04
    24      60    1.1e+02    0    1.1e-01  -745.07715026  -682.35420125    -0.00007062   0.004302   1.7e-02   2.4e-04 0.04
    25      70    1.2e+02    0    5.8e-02  -745.07722255  -682.35427353    -0.00007228   0.002714   1.1e-02   2.5e-04 0.04
    26      80    1.4e+02   10    2.5e-01  -745.07727348  -682.35432447    -0.00005094   0.002156   8.6e-03   2.5e-04 0.04
    27      80    1.5e+02    0    3.9e-02  -745.07731634  -682.35436733    -0.00004286   0.002191   8.8e-03   2.1e-04 0.04
    28      90    1.6e+02    0    2.6e-02  -745.07735786  -682.35440884    -0.00004152   0.002098   8.4e-03   2.2e-04 0.04
    29     100    1.8e+02    0    8.7e-02  -745.07736461  -682.35441560    -0.00000675   0.001704   6.8e-03   2.3e-04 0.04
    30     110    1.9e+02    2    5.8e-02  -745.07738307  -682.35443406    -0.00001846   0.001758   7.0e-03   1.7e-04 0.04
    31     110    1.9e+02    0    4.9e-02  -745.07737608  -682.35442706     0.00000699   0.001692   6.8e-03   1.4e-04 0.04
    32     130    2.3e+02    0    7.3e-02  -745.07743201  -682.35448299    -0.00005593   0.000502   2.0e-03   1.5e-04 0.04
 
RESULTS OF THE OCCUPATION OPTIMIZATION
========================================
   1    1.9999991  -80.02345485
   2    1.9999991  -80.02246332
   3    1.9996128  -7.53258066
   4    1.9994743  -7.53061717
   5    1.9977150  -5.42639232
   6    1.9975754  -5.42587964
   7    1.9974719  -5.42559010
   8    1.9975496  -5.42527988
   9    1.9971456  -5.42471897
  10    1.9970216  -5.42437421
  11    1.9782344  -0.86666881
  12    1.9760252  -0.62958181
  13    1.9599821  -0.46906552
  14    1.9576353  -0.38772420
  15    1.9567653  -0.38712392
  16    0.0352644  -0.04202186
  17    0.0399063  -0.04461943
  18    0.0170968  -0.03287210
  19    0.0073589  -0.02627021
  20    0.0056601  -0.02476108
  21    0.0023863  -0.02116544
  22    0.0011370  -0.00836639
  23    0.0016331  -0.01542094
  24    0.0012240  -0.01074387
  25    0.0012303  -0.01076032
  26    0.0016623  -0.01555241
  27    0.0004366  -0.00523003
  28    0.0001828  -0.00271473
  29    0.0000005  -0.00000971
  30    0.0000005  -0.00000957
  31    0.0069531  -0.00910462
  32    0.0007158  -0.00117931
  33    0.0061581  -0.01075492
  34    0.0036158  -0.01094097
  35    0.0051513  -0.01993184
  36    0.0005016  -0.00892116
  37    0.0011265  -0.00853865
  38    0.0006388  -0.01031875
  39    0.0011573  -0.00830816
  40    0.0010534  -0.00736116
  41    0.0003335  -0.00295754
  42    0.0000392  -0.00027086
  43    0.0001609  -0.00154017
  44    0.0000002  -0.00000631
  45    0.0000003  -0.00000660
  46    0.0002523  -0.00045255
  47    0.0004248  -0.00066712
  48    0.0059258  -0.01029776
  49    0.0035625  -0.01057015
  50    0.0050449  -0.02000626
  51    0.0000325  -0.00020861
  52    0.0005007  -0.00566496
  53    0.0000938  -0.00201849
  54    0.0000563  -0.00061420
  55    0.0000590  -0.00125568
  56    0.0001632  -0.00154196
  57    0.0000233  -0.00018363
  58    0.0000170  -0.00065776
  59    0.0000000  -0.00000215
  60    0.0000000  -0.00000195
  61    0.0002413  -0.00045381
  62    0.0004246  -0.00066764
  63    0.0058908  -0.01023028
  64    0.0035417  -0.01092731
  65    0.0033604  -0.01193295
  66    0.0000166  -0.00010066
  67    0.0000369  -0.00023250
  68    0.0000394  -0.00025025
  69    0.0000280  -0.00026393
  70    0.0000303  -0.00019280
  71    0.0000825  -0.00251269
  72    0.0000088  -0.00005782
  73    0.0000103  -0.00006522
  74    0.0000000  -0.00000126
  75    0.0000000  -0.00000135
  76    0.0002053  -0.00044171
  77    0.0002446  -0.00048825
  78    0.0042849  -0.00813615
  79    0.0034857  -0.01061432
  80    0.0009593  -0.00336009
  81    0.0000139  -0.00007566
  82    0.0000213  -0.00012458
  83    0.0000185  -0.00011143
  84    0.0000238  -0.00022680
  85    0.0000243  -0.00021191
  86    0.0000166  -0.00010051
  87    0.0000066  -0.00010616
  88    0.0000049  -0.00006722
  89    0.0000000  -0.00000093
  90    0.0000000  -0.00000074
  91    0.0001503  -0.00030323
  92    0.0002428  -0.00045535
  93    0.0003766  -0.00081692
  94    0.0009793  -0.00309205
  95    0.0008455  -0.00321448
  96    0.0000122  -0.00007204
  97    0.0000147  -0.00071622
  98    0.0000105  -0.00006246
  99    0.0000209  -0.00021407
 100    0.0000097  -0.00009807
 101    0.0000116  -0.00006606
 102    0.0000047  -0.00034042
 103    0.0000041  -0.00012517
 104    0.0000000  -0.00000068
 105    0.0000000  -0.00000076
 106    0.0001082  -0.00030184
 107    0.0002297  -0.00046141
 108    0.0001606  -0.00041889
 109    0.0008575  -0.00296403
 110    0.0003773  -0.00093312
 111    0.0000087  -0.00005682
 112    0.0000092  -0.00006167
 113    0.0000086  -0.00005672
 114    0.0000093  -0.00006043
 115    0.0000092  -0.00005758
 116    0.0000094  -0.00005854
 117    0.0000036  -0.00027983
 118    0.0000039  -0.00002941
 119    0.0000000  -0.00000064
 120    0.0000000  -0.00000071
 121    0.0000599  -0.00020307
 122    0.0001762  -0.00035478
 123    0.0001244  -0.00031841
 124    0.0005735  -0.00164506
 125    0.0003668  -0.00096135
 126    0.0000066  -0.00004130
 127    0.0000082  -0.00005212
 128    0.0000077  -0.00004429
 129    0.0000085  -0.00005316
 130    0.0000082  -0.00005197
 131    0.0000061  -0.00018131
 132    0.0000028  -0.00007625
 133    0.0000034  -0.00023158
 134    0.0000000  -0.00000044
 135    0.0000000  -0.00000042
 
----------------
 Final Energies 
----------------
Final NOF Total Energy =    -682.3544830
 
Total Orbital Internal Iterations = 1790
Total Occupation Internal Iterations = 208
 
Elapsed time: 3278.16 Seconds

---------------------------------
   Lowdin Population Analysis    
---------------------------------
 Idx  Atom   Population   Charge 
---------------------------------
  1     P    15.000      -0.000
  2     P    15.000       0.000

---------------------------------
   M Diagnostic: 0.04
---------------------------------

