Computing Integrals
Basis Set                                            = def2-qzvp
Auxiliary Basis Set                                  = def2-universal-jkfit
Gaussian Type                                        = Spherical
Elapsed time:    3.71 Seconds

Number of basis functions                   (NBF)    = 160
Number of auxiliary basis functions         (NBFAUX) = 182
Inactive Doubly occupied orbitals up to     (NO1)    = 0
No. considered Strongly Doubly occupied MOs (NDOC)   = 8
No. considered Strongly Singly occupied MOs (NSOC)   = 0
NO. of Weakly occ. per St. Doubly occ.  MOs (NCWO)   = 19
Dimension of the Nat. Orb. subspace         (NBF5)   = 160
No. of electrons                                     = 16
    No. of alpha electrons                           = 8
    No. of beta electrons                            = 8
Multiplicity                                         = 1

Geometry
========
Al      -0.0000000       0.0000000       0.0000000
 H      -0.7926514       1.3729124       0.0000000
 H      -0.7926514      -1.3729124       0.0000000
 H       1.5853027       0.0000000       0.0000000

No violations of the orthonormality
No violations of the orthonormality
 
PNOF8/ADABelief Calculation
==================
 
  Nitext  Nit_orb  Time   Nit_occ  Time         Eelec          Etot           Ediff      maxdiff    MaxGrad_orb  Grad_occ
     1      10    4.2e+01    5    2.5e+01  -257.59916700  -244.00275497 -10256.59916700   0.002276   9.1e-03   2.1e-04 0.02
     2      20    4.4e+01    0    3.9e-02  -257.60015228  -244.00374025    -0.00098528   0.002276   9.1e-03   2.1e-04 0.02
     3      40    8.2e+01    4    1.5e-01  -257.60031971  -244.00390768    -0.00016743   0.003277   1.3e-02   2.2e-04 0.02
     4      40    7.6e+01   11    3.4e-01  -257.60044568  -244.00403365    -0.00012597   0.005216   2.1e-02   2.4e-04 0.02
     5      40    7.6e+01    5    2.0e-01  -257.60055423  -244.00414220    -0.00010855   0.003200   1.3e-02   1.3e-04 0.02
     6      40    7.9e+01   11    3.5e-01  -257.60062051  -244.00420849    -0.00006628   0.003393   1.4e-02   1.7e-04 0.02
     7      40    7.9e+01    2    1.2e-01  -257.60070219  -244.00429016    -0.00008167   0.003413   1.4e-02   1.8e-04 0.02
     8      40    8.4e+01    2    1.3e-01  -257.60074663  -244.00433460    -0.00004444   0.003753   1.5e-02   1.6e-04 0.02
     9      40    8.8e+01    1    1.1e-01  -257.60077430  -244.00436227    -0.00002767   0.003350   1.3e-02   1.9e-04 0.02
    10      40    8.5e+01    2    1.7e-01  -257.60079035  -244.00437833    -0.00001605   0.004112   1.6e-02   1.8e-04 0.02
    11      40    8.4e+01    1    9.9e-02  -257.60082538  -244.00441335    -0.00003503   0.003716   1.5e-02   1.9e-04 0.02
    12      40    8.6e+01    2    1.4e-01  -257.60082936  -244.00441733    -0.00000398   0.003701   1.5e-02   1.6e-04 0.02
    13      40    8.3e+01    1    1.1e-01  -257.60086180  -244.00444978    -0.00003244   0.003661   1.5e-02   1.9e-04 0.02
    14      40    8.7e+01    3    1.4e-01  -257.60086662  -244.00445459    -0.00000482   0.003480   1.4e-02   2.2e-04 0.02
    15      40    8.5e+01    1    6.2e-02  -257.60090167  -244.00448964    -0.00003505   0.003246   1.3e-02   1.8e-04 0.02
    16      40    8.5e+01    0    7.2e-02  -257.60090350  -244.00449148    -0.00000184   0.003246   1.3e-02   1.8e-04 0.02
    17      44    9.5e+01    5    2.4e-01  -257.60097655  -244.00456452    -0.00007304   0.000480   1.9e-03   1.9e-04 0.02
 
RESULTS OF THE OCCUPATION OPTIMIZATION
========================================
   1    1.9999988  -58.53720831
   2    1.9990676  -4.91374990
   3    1.9971127  -3.23341362
   4    1.9974810  -3.22581546
   5    1.9938401  -3.21469148
   6    1.9717405  -0.52176028
   7    1.9694874  -0.51236664
   8    1.9741137  -0.46724452
   9    0.0116598  -0.01924941
  10    0.0167510  -0.02295523
  11    0.0145341  -0.02173421
  12    0.0049639  -0.02314217
  13    0.0021166  -0.01048814
  14    0.0027014  -0.01928213
  15    0.0008834  -0.00523274
  16    0.0000010  -0.00000535
  17    0.0038946  -0.00682544
  18    0.0046681  -0.00660123
  19    0.0046403  -0.00716500
  20    0.0010499  -0.00611526
  21    0.0002713  -0.00514460
  22    0.0000675  -0.00031000
  23    0.0000194  -0.00069251
  24    0.0000001  -0.00000031
  25    0.0035627  -0.00619652
  26    0.0036875  -0.00551758
  27    0.0022213  -0.00398370
  28    0.0000597  -0.00135070
  29    0.0000322  -0.00017803
  30    0.0000356  -0.00016717
  31    0.0000067  -0.00033335
  32    0.0000000  -0.00000010
  33    0.0025051  -0.00503202
  34    0.0022611  -0.00385451
  35    0.0021087  -0.00415058
  36    0.0000242  -0.00012833
  37    0.0000178  -0.00008750
  38    0.0000272  -0.00014760
  39    0.0000059  -0.00012916
  40    0.0000000  -0.00000008
  41    0.0023771  -0.00459359
  42    0.0019177  -0.00319733
  43    0.0020428  -0.00417579
  44    0.0000163  -0.00007669
  45    0.0000168  -0.00008880
  46    0.0000166  -0.00008300
  47    0.0000032  -0.00001584
  48    0.0000000  -0.00000009
  49    0.0004406  -0.00118240
  50    0.0002896  -0.00049865
  51    0.0018925  -0.00354496
  52    0.0000094  -0.00005536
  53    0.0000163  -0.00008070
  54    0.0000082  -0.00005268
  55    0.0000024  -0.00001114
  56    0.0000000  -0.00000006
  57    0.0003518  -0.00070151
  58    0.0002791  -0.00049981
  59    0.0002865  -0.00059764
  60    0.0000073  -0.00004424
  61    0.0000139  -0.00006486
  62    0.0000067  -0.00004145
  63    0.0000023  -0.00001018
  64    0.0000000  -0.00000007
  65    0.0003012  -0.00060222
  66    0.0001490  -0.00027177
  67    0.0001279  -0.00021051
  68    0.0000070  -0.00003951
  69    0.0000113  -0.00005994
  70    0.0000062  -0.00009888
  71    0.0000021  -0.00000815
  72    0.0000000  -0.00000004
  73    0.0002164  -0.00051769
  74    0.0001351  -0.00022154
  75    0.0001262  -0.00022236
  76    0.0000053  -0.00003331
  77    0.0000046  -0.00003063
  78    0.0000047  -0.00003077
  79    0.0000019  -0.00000569
  80    0.0000000  -0.00000004
  81    0.0001940  -0.00044030
  82    0.0001060  -0.00020287
  83    0.0000900  -0.00017808
  84    0.0000049  -0.00003843
  85    0.0000043  -0.00003412
  86    0.0000038  -0.00002823
  87    0.0000013  -0.00000453
  88    0.0000000  -0.00000000
  89    0.0001637  -0.00029509
  90    0.0000935  -0.00018438
  91    0.0000831  -0.00016397
  92    0.0000040  -0.00002011
  93    0.0000040  -0.00002193
  94    0.0000032  -0.00001493
  95    0.0000012  -0.00000442
  96    0.0000000  0.00000000
  97    0.0001261  -0.00023880
  98    0.0000799  -0.00016498
  99    0.0000588  -0.00015180
 100    0.0000033  -0.00001576
 101    0.0000035  -0.00003271
 102    0.0000022  -0.00000838
 103    0.0000009  -0.00000318
 104    0.0000000  0.00000000
 105    0.0000688  -0.00016656
 106    0.0000744  -0.00016271
 107    0.0000280  -0.00008736
 108    0.0000022  -0.00000670
 109    0.0000022  -0.00000634
 110    0.0000020  -0.00000569
 111    0.0000008  -0.00000299
 112    0.0000000  0.00000002
 113    0.0000068  -0.00002591
 114    0.0000052  -0.00001663
 115    0.0000046  -0.00001347
 116    0.0000005  -0.00000145
 117    0.0000012  -0.00000394
 118    0.0000006  -0.00000169
 119    0.0000002  -0.00000074
 120    0.0000000  0.00000002
 121    0.0000060  -0.00002342
 122    0.0000041  -0.00000913
 123    0.0000044  -0.00001258
 124    0.0000005  -0.00000118
 125    0.0000009  -0.00000293
 126    0.0000004  -0.00000139
 127    0.0000002  -0.00000039
 128    0.0000000  0.00000001
 129    0.0000046  -0.00001530
 130    0.0000038  -0.00000700
 131    0.0000031  -0.00000624
 132    0.0000004  -0.00000105
 133    0.0000007  -0.00000248
 134    0.0000004  -0.00000096
 135    0.0000002  -0.00000049
 136    0.0000000  0.00000002
 137    0.0000031  -0.00000671
 138    0.0000028  -0.00000314
 139    0.0000026  -0.00000334
 140    0.0000004  -0.00000079
 141    0.0000007  -0.00000215
 142    0.0000003  -0.00000064
 143    0.0000001  -0.00000042
 144    0.0000000  0.00000002
 145    0.0000020  -0.00000094
 146    0.0000025  -0.00000187
 147    0.0000023  -0.00000145
 148    0.0000003  -0.00000063
 149    0.0000004  -0.00000069
 150    0.0000003  -0.00000058
 151    0.0000001  -0.00000022
 152    0.0000000  0.00000002
 153    0.0000019  -0.00000122
 154    0.0000023  -0.00000071
 155    0.0000022  -0.00000135
 156    0.0000002  -0.00000062
 157    0.0000004  -0.00000079
 158    0.0000002  -0.00000051
 159    0.0000001  -0.00000018
 160    0.0000000  0.00000002
 
----------------
 Final Energies 
----------------
Final NOF Total Energy =    -244.0045645
 
Total Orbital Internal Iterations = 634
Total Occupation Internal Iterations = 56
 
Elapsed time: 1383.81 Seconds

---------------------------------
   Lowdin Population Analysis    
---------------------------------
 Idx  Atom   Population   Charge 
---------------------------------
  1    Al    12.551       0.449
  2     H     1.149      -0.149
  3     H     1.149      -0.149
  4     H     1.150      -0.150

---------------------------------
   M Diagnostic: 0.02
---------------------------------

