Computing Integrals
Basis Set                                            = def2-qzvp
Auxiliary Basis Set                                  = def2-universal-jkfit
Gaussian Type                                        = Spherical
Elapsed time:    2.71 Seconds

Number of basis functions                   (NBF)    = 177
Number of auxiliary basis functions         (NBFAUX) = 147
Inactive Doubly occupied orbitals up to     (NO1)    = 0
No. considered Strongly Doubly occupied MOs (NDOC)   = 5
No. considered Strongly Singly occupied MOs (NSOC)   = 0
NO. of Weakly occ. per St. Doubly occ.  MOs (NCWO)   = 34
Dimension of the Nat. Orb. subspace         (NBF5)   = 175
No. of electrons                                     = 10
    No. of alpha electrons                           = 5
    No. of beta electrons                            = 5
Multiplicity                                         = 1

Geometry
========
 C       0.0000000      -0.0000000       0.0000000
 H      -0.6308893       0.6308893       0.6308893
 H       0.6308893      -0.6308893       0.6308893
 H      -0.6308893      -0.6308893      -0.6308893
 H       0.6308893       0.6308893      -0.6308893

No violations of the orthonormality
No violations of the orthonormality
 
PNOF8/ADABelief Calculation
==================
 
  Nitext  Nit_orb  Time   Nit_occ  Time         Eelec          Etot           Ediff      maxdiff    MaxGrad_orb  Grad_occ
     1      10    7.6e+01    5    2.5e+01   -53.87671719   -40.47494992 -10052.87671719   0.001749   7.0e-03   1.8e-04 0.03
     2      20    1.3e+02    0    1.5e-01   -53.87745711   -40.47568985    -0.00073993   0.001749   7.0e-03   1.8e-04 0.03
     3      40    2.5e+02    1    2.0e-01   -53.87756082   -40.47579356    -0.00010371   0.002004   8.0e-03   2.0e-04 0.03
     4      40    2.5e+02    2    2.5e-01   -53.87757075   -40.47580348    -0.00000992   0.002007   8.0e-03   1.5e-04 0.03
     5      40    2.2e+02    0    2.9e-01   -53.87758379   -40.47581652    -0.00001304   0.001779   7.1e-03   1.4e-04 0.03
     6      50    3.1e+02    0    3.7e-01   -53.87759382   -40.47582655    -0.00001003   0.000938   3.8e-03   1.5e-04 0.03
 
RESULTS OF THE OCCUPATION OPTIMIZATION
========================================
   1    1.9999123  -11.21859908
   2    1.9778646  -0.93472755
   3    1.9701267  -0.58255197
   4    1.9703322  -0.58197135
   5    1.9680595  -0.57987808
   6    0.0185538  -0.02072561
   7    0.0199142  -0.02167367
   8    0.0198406  -0.02151168
   9    0.0128379  -0.01872525
  10    0.0000781  -0.00165643
  11    0.0056629  -0.00734671
  12    0.0055787  -0.00718751
  13    0.0059009  -0.00746339
  14    0.0040878  -0.00661108
  15    0.0000033  -0.00010270
  16    0.0052127  -0.00688313
  17    0.0019278  -0.00331118
  18    0.0012269  -0.00230698
  19    0.0011837  -0.00552856
  20    0.0000021  -0.00001219
  21    0.0010934  -0.00207571
  22    0.0011218  -0.00206021
  23    0.0011198  -0.00218434
  24    0.0010493  -0.00262911
  25    0.0000020  -0.00001126
  26    0.0003196  -0.00068760
  27    0.0003249  -0.00067237
  28    0.0006276  -0.00116721
  29    0.0009364  -0.00222378
  30    0.0000018  -0.00005148
  31    0.0003183  -0.00073138
  32    0.0001206  -0.00029811
  33    0.0002969  -0.00059786
  34    0.0005399  -0.00117160
  35    0.0000001  -0.00000304
  36    0.0002786  -0.00058128
  37    0.0001118  -0.00025684
  38    0.0002839  -0.00057627
  39    0.0005349  -0.00115712
  40    0.0000000  -0.00000052
  41    0.0001062  -0.00025973
  42    0.0001094  -0.00027689
  43    0.0001256  -0.00027723
  44    0.0002911  -0.00071297
  45    0.0000000  -0.00000041
  46    0.0001060  -0.00024990
  47    0.0001064  -0.00025696
  48    0.0001078  -0.00025498
  49    0.0002629  -0.00067378
  50    0.0000000  -0.00000040
  51    0.0000585  -0.00015554
  52    0.0000694  -0.00016825
  53    0.0000617  -0.00016159
  54    0.0001058  -0.00028663
  55    0.0000000  -0.00000036
  56    0.0000541  -0.00015071
  57    0.0000590  -0.00016131
  58    0.0000564  -0.00014881
  59    0.0000642  -0.00017376
  60    0.0000000  -0.00000033
  61    0.0000464  -0.00013504
  62    0.0000476  -0.00014169
  63    0.0000482  -0.00013820
  64    0.0000485  -0.00015099
  65    0.0000000  -0.00000032
  66    0.0000309  -0.00009001
  67    0.0000338  -0.00009888
  68    0.0000345  -0.00009936
  69    0.0000404  -0.00012854
  70    0.0000000  -0.00000031
  71    0.0000165  -0.00006800
  72    0.0000299  -0.00009922
  73    0.0000281  -0.00009513
  74    0.0000295  -0.00010445
  75    0.0000000  -0.00000026
  76    0.0000118  -0.00003898
  77    0.0000260  -0.00008434
  78    0.0000190  -0.00007633
  79    0.0000249  -0.00010638
  80    0.0000000  -0.00000025
  81    0.0000109  -0.00003691
  82    0.0000122  -0.00004220
  83    0.0000161  -0.00006880
  84    0.0000167  -0.00007284
  85    0.0000000  -0.00000029
  86    0.0000092  -0.00003547
  87    0.0000118  -0.00003894
  88    0.0000111  -0.00004122
  89    0.0000126  -0.00004949
  90    0.0000000  -0.00000022
  91    0.0000072  -0.00002744
  92    0.0000091  -0.00003628
  93    0.0000106  -0.00003888
  94    0.0000116  -0.00004417
  95    0.0000000  -0.00000020
  96    0.0000069  -0.00002697
  97    0.0000085  -0.00003344
  98    0.0000091  -0.00003683
  99    0.0000092  -0.00004127
 100    0.0000000  -0.00000023
 101    0.0000058  -0.00002116
 102    0.0000068  -0.00002647
 103    0.0000070  -0.00002982
 104    0.0000070  -0.00002853
 105    0.0000000  -0.00000016
 106    0.0000050  -0.00001664
 107    0.0000061  -0.00002522
 108    0.0000061  -0.00002480
 109    0.0000066  -0.00002885
 110    0.0000000  -0.00000013
 111    0.0000037  -0.00000658
 112    0.0000050  -0.00001846
 113    0.0000057  -0.00002566
 114    0.0000054  -0.00002350
 115    0.0000000  -0.00000013
 116    0.0000035  -0.00000605
 117    0.0000040  -0.00001014
 118    0.0000048  -0.00001915
 119    0.0000038  -0.00001787
 120    0.0000000  -0.00000010
 121    0.0000030  -0.00000421
 122    0.0000034  -0.00000659
 123    0.0000042  -0.00001403
 124    0.0000035  -0.00001085
 125    0.0000000  -0.00000007
 126    0.0000029  -0.00000367
 127    0.0000031  -0.00000562
 128    0.0000037  -0.00000890
 129    0.0000032  -0.00001062
 130    0.0000000  -0.00000008
 131    0.0000024  -0.00000532
 132    0.0000029  -0.00000498
 133    0.0000032  -0.00000755
 134    0.0000030  -0.00001053
 135    0.0000000  -0.00000010
 136    0.0000016  -0.00000096
 137    0.0000027  -0.00000584
 138    0.0000025  -0.00000668
 139    0.0000028  -0.00000779
 140    0.0000000  -0.00000010
 141    0.0000016  -0.00000093
 142    0.0000023  -0.00000638
 143    0.0000024  -0.00000476
 144    0.0000026  -0.00000714
 145    0.0000000  -0.00000006
 146    0.0000013  -0.00000046
 147    0.0000017  -0.00000083
 148    0.0000018  -0.00000169
 149    0.0000021  -0.00000387
 150    0.0000000  -0.00000006
 151    0.0000013  -0.00000033
 152    0.0000015  -0.00000082
 153    0.0000016  -0.00000104
 154    0.0000019  -0.00000320
 155    0.0000000  -0.00000003
 156    0.0000012  -0.00000113
 157    0.0000014  -0.00000085
 158    0.0000014  -0.00000085
 159    0.0000016  -0.00000120
 160    0.0000000  -0.00000004
 161    0.0000011  -0.00000072
 162    0.0000014  -0.00000059
 163    0.0000013  -0.00000083
 164    0.0000015  -0.00000131
 165    0.0000000  -0.00000003
 166    0.0000011  -0.00000039
 167    0.0000013  -0.00000053
 168    0.0000013  -0.00000081
 169    0.0000015  -0.00000179
 170    0.0000000  -0.00000000
 171    0.0000010  -0.00000257
 172    0.0000013  -0.00000061
 173    0.0000013  -0.00000049
 174    0.0000013  -0.00000128
 175    0.0000000  -0.00000001
 
----------------
 Final Energies 
----------------
Final NOF Total Energy =     -40.4758266
 
Total Orbital Internal Iterations = 200
Total Occupation Internal Iterations = 8
 
Elapsed time: 1299.62 Seconds

---------------------------------
   Lowdin Population Analysis    
---------------------------------
 Idx  Atom   Population   Charge 
---------------------------------
  1     C     5.703       0.297
  2     H     1.075      -0.075
  3     H     1.072      -0.072
  4     H     1.075      -0.075
  5     H     1.075      -0.075

---------------------------------
   M Diagnostic: 0.03
---------------------------------

