Computing Integrals
Basis Set                                            = def2-qzvp
Auxiliary Basis Set                                  = def2-universal-jkfit
Gaussian Type                                        = Spherical
Elapsed time:    3.47 Seconds

Number of basis functions                   (NBF)    = 140
Number of auxiliary basis functions         (NBFAUX) = 256
Inactive Doubly occupied orbitals up to     (NO1)    = 0
No. considered Strongly Doubly occupied MOs (NDOC)   = 17
No. considered Strongly Singly occupied MOs (NSOC)   = 0
NO. of Weakly occ. per St. Doubly occ.  MOs (NCWO)   = 7
Dimension of the Nat. Orb. subspace         (NBF5)   = 136
No. of electrons                                     = 34
    No. of alpha electrons                           = 17
    No. of beta electrons                            = 17
Multiplicity                                         = 1

Geometry
========
Cl       0.0000000       0.0000000      -1.0058533
Cl       0.0000000       0.0000000       1.0058533

No violations of the orthonormality
No violations of the orthonormality
 
PNOF8/ADABelief Calculation
==================
 
  Nitext  Nit_orb  Time   Nit_occ  Time         Eelec          Etot           Ediff      maxdiff    MaxGrad_orb  Grad_occ
     1      10    2.5e+01   15    3.2e+01  -996.12218482  -920.10120824 -10995.12218482   0.004064   1.6e-02   2.0e-04 0.04
     2      20    5.4e+00    0    5.9e-02  -996.12674512  -920.10576854    -0.00456030   0.004064   1.6e-02   2.0e-04 0.04
     3      40    1.3e+01    4    7.9e-02  -996.12725989  -920.10628331    -0.00051477   0.007151   2.9e-02   2.3e-04 0.04
     4      40    1.7e+01   10    3.6e-01  -996.12796035  -920.10698377    -0.00070045   0.005916   2.4e-02   2.1e-04 0.04
     5      40    1.8e+01    9    2.8e-01  -996.12822786  -920.10725128    -0.00026751   0.006240   2.5e-02   1.6e-04 0.04
     6      40    1.4e+01    9    3.0e-01  -996.12872948  -920.10775290    -0.00050162   0.005923   2.4e-02   1.9e-04 0.04
     7      40    1.3e+01    9    2.5e-01  -996.12918482  -920.10820824    -0.00045534   0.005279   2.1e-02   2.0e-04 0.04
     8      40    1.6e+01    9    3.5e-01  -996.12959752  -920.10862094    -0.00041270   0.004910   2.0e-02   1.9e-04 0.04
     9      40    1.1e+01    9    2.3e-01  -996.12995023  -920.10897365    -0.00035271   0.005285   2.1e-02   2.3e-04 0.04
    10      40    1.5e+01    9    2.6e-01  -996.13022830  -920.10925172    -0.00027808   0.005502   2.2e-02   2.4e-04 0.04
    11      40    1.0e+01    6    2.2e-01  -996.13046759  -920.10949101    -0.00023928   0.004951   2.0e-02   2.3e-04 0.04
    12      40    1.8e+01    5    1.7e-01  -996.13066203  -920.10968545    -0.00019444   0.005673   2.3e-02   2.6e-04 0.04
    13      40    1.1e+01    6    2.1e-01  -996.13085236  -920.10987578    -0.00019033   0.005117   2.0e-02   2.0e-04 0.04
    14      40    1.4e+01    2    1.1e-01  -996.13102529  -920.11004871    -0.00017293   0.006318   2.5e-02   2.6e-04 0.04
    15      40    1.6e+01    9    3.1e-01  -996.13119043  -920.11021385    -0.00016514   0.005460   2.2e-02   2.4e-04 0.04
    16      40    1.5e+01    9    3.5e-01  -996.13133556  -920.11035898    -0.00014513   0.005266   2.1e-02   2.0e-04 0.04
    17      40    1.5e+01    4    1.8e-01  -996.13149693  -920.11052035    -0.00016136   0.004899   2.0e-02   2.1e-04 0.04
    18      40    1.3e+01    9    2.6e-01  -996.13158847  -920.11061189    -0.00009155   0.005398   2.2e-02   1.7e-04 0.04
    19      40    1.2e+01    2    1.5e-01  -996.13168264  -920.11070606    -0.00009417   0.005682   2.3e-02   2.2e-04 0.04
    20      40    1.1e+01    8    2.5e-01  -996.13173655  -920.11075997    -0.00005391   0.005392   2.2e-02   1.6e-04 0.04
    21      40    1.7e+01    7    2.0e-01  -996.13181666  -920.11084008    -0.00008012   0.008397   3.4e-02   2.3e-04 0.04
    22      40    1.1e+01    8    2.6e-01  -996.13193643  -920.11095985    -0.00011977   0.007362   2.9e-02   1.7e-04 0.04
    23      40    1.1e+01    9    2.3e-01  -996.13218371  -920.11120713    -0.00024728   0.007618   3.0e-02   1.8e-04 0.04
    24      40    9.7e+00    5    1.4e-01  -996.13248831  -920.11151173    -0.00030460   0.007933   3.2e-02   3.0e-04 0.04
    25      40    1.3e+01    6    2.2e-01  -996.13273437  -920.11175779    -0.00024607   0.008063   3.2e-02   2.9e-04 0.04
    26      40    1.1e+01    8    2.3e-01  -996.13294200  -920.11196542    -0.00020763   0.008088   3.2e-02   2.9e-04 0.04
    27      40    1.6e+01    5    2.0e-01  -996.13309311  -920.11211653    -0.00015111   0.008730   3.5e-02   2.8e-04 0.04
    28      40    1.1e+01    4    7.3e-02  -996.13321082  -920.11223424    -0.00011771   0.007967   3.2e-02   3.0e-04 0.04
    29      40    9.7e+00    8    1.9e-01  -996.13332262  -920.11234604    -0.00011180   0.007863   3.1e-02   2.2e-04 0.04
    30      40    1.7e+01    6    2.3e-01  -996.13343263  -920.11245605    -0.00011001   0.008774   3.5e-02   2.4e-04 0.04
    31      40    1.4e+01   11    2.4e-01  -996.13356449  -920.11258791    -0.00013186   0.007310   2.9e-02   1.5e-04 0.04
    32      40    1.2e+01    2    6.6e-02  -996.13367535  -920.11269877    -0.00011086   0.007283   2.9e-02   2.1e-04 0.04
    33      40    1.3e+01    5    9.9e-02  -996.13378887  -920.11281229    -0.00011352   0.008192   3.3e-02   2.2e-04 0.04
    34      40    1.2e+01    9    2.6e-01  -996.13387492  -920.11289834    -0.00008606   0.006940   2.8e-02   1.6e-04 0.04
    35      40    1.8e+01    2    6.7e-02  -996.13396699  -920.11299041    -0.00009207   0.007106   2.8e-02   2.0e-04 0.04
    36      40    1.5e+01    2    5.4e-02  -996.13401921  -920.11304263    -0.00005222   0.006934   2.8e-02   2.2e-04 0.04
    37      40    1.5e+01    3    1.7e-01  -996.13405674  -920.11308016    -0.00003754   0.006987   2.8e-02   1.8e-04 0.04
    38      40    1.4e+01    3    1.9e-01  -996.13409299  -920.11311641    -0.00003625   0.007003   2.8e-02   1.9e-04 0.04
    39      40    1.3e+01    3    1.4e-01  -996.13410413  -920.11312755    -0.00001113   0.006893   2.8e-02   1.7e-04 0.04
    40      40    1.7e+01    3    1.1e-01  -996.13412787  -920.11315129    -0.00002374   0.006843   2.7e-02   1.8e-04 0.04
 
RESULTS OF THE OCCUPATION OPTIMIZATION
========================================
   1    1.9999992  -104.95726344
   2    1.9999989  -104.95700248
   3    1.9998408  -10.63682623
   4    1.9995849  -10.63346667
   5    1.9992022  -8.12035628
   6    1.9993240  -8.11713616
   7    1.9993666  -8.11378752
   8    1.9991888  -8.11242062
   9    1.9993877  -8.11209558
  10    1.9991744  -8.10987192
  11    1.9801576  -1.14595292
  12    1.9775440  -1.11919206
  13    1.9581309  -0.62867201
  14    1.9738168  -0.53854066
  15    1.9707504  -0.53129676
  16    1.9674538  -0.52605128
  17    1.9659450  -0.52029468
  18    0.0108454  -0.01843433
  19    0.0110511  -0.02025567
  20    0.0109338  -0.01913420
  21    0.0108180  -0.02049773
  22    0.0397640  -0.06268991
  23    0.0064388  -0.02722692
  24    0.0067545  -0.02962760
  25    0.0004514  -0.01062980
  26    0.0004091  -0.00964554
  27    0.0004454  -0.01043736
  28    0.0004979  -0.01075658
  29    0.0005171  -0.01161189
  30    0.0006334  -0.00985369
  31    0.0003579  -0.00927231
  32    0.0000705  -0.00154141
  33    0.0000003  -0.00001306
  34    0.0000006  -0.00001800
  35    0.0107377  -0.01839327
  36    0.0099097  -0.01820126
  37    0.0108391  -0.01899562
  38    0.0076259  -0.01978222
  39    0.0006297  -0.00149721
  40    0.0055692  -0.01753736
  41    0.0048444  -0.01831907
  42    0.0003106  -0.00747434
  43    0.0000740  -0.00140851
  44    0.0002956  -0.00692959
  45    0.0000717  -0.00144286
  46    0.0000648  -0.00102907
  47    0.0000705  -0.00199829
  48    0.0000346  -0.00051092
  49    0.0000632  -0.00140259
  50    0.0000003  -0.00001190
  51    0.0000001  -0.00000718
  52    0.0088016  -0.01597717
  53    0.0076403  -0.01862221
  54    0.0023818  -0.01017709
  55    0.0022327  -0.00952131
  56    0.0006268  -0.00147184
  57    0.0049098  -0.01563635
  58    0.0039445  -0.01701068
  59    0.0000182  -0.00015151
  60    0.0000713  -0.00123422
  61    0.0000170  -0.00014892
  62    0.0000180  -0.00015270
  63    0.0000478  -0.00047260
  64    0.0000432  -0.00042295
  65    0.0000058  -0.00011644
  66    0.0000072  -0.00007241
  67    0.0000002  -0.00001011
  68    0.0000000  -0.00000305
  69    0.0021817  -0.00870714
  70    0.0020936  -0.00874463
  71    0.0022057  -0.00931985
  72    0.0021993  -0.00943772
  73    0.0003352  -0.00092359
  74    0.0048165  -0.01624792
  75    0.0019539  -0.01015214
  76    0.0000143  -0.00012644
  77    0.0000186  -0.00015668
  78    0.0000145  -0.00033245
  79    0.0000157  -0.00013873
  80    0.0000161  -0.00014761
  81    0.0000173  -0.00015155
  82    0.0000053  -0.00005565
  83    0.0000060  -0.00013506
  84    0.0000001  -0.00000685
  85    0.0000000  -0.00000171
  86    0.0006435  -0.00156791
  87    0.0006748  -0.00159888
  88    0.0015726  -0.00692023
  89    0.0018374  -0.00869314
  90    0.0002504  -0.00075231
  91    0.0002511  -0.00126249
  92    0.0017836  -0.00953012
  93    0.0000128  -0.00092344
  94    0.0000169  -0.00025096
  95    0.0000135  -0.00012535
  96    0.0000111  -0.00009693
  97    0.0000109  -0.00009349
  98    0.0000132  -0.00011954
  99    0.0000049  -0.00005549
 100    0.0000054  -0.00005619
 101    0.0000001  -0.00000458
 102    0.0000000  -0.00000090
 103    0.0004939  -0.00122600
 104    0.0006697  -0.00160117
 105    0.0006691  -0.00158850
 106    0.0007358  -0.00174174
 107    0.0001582  -0.00070852
 108    0.0002398  -0.00121539
 109    0.0002876  -0.00148443
 110    0.0000096  -0.00008443
 111    0.0000119  -0.00016187
 112    0.0000129  -0.00013860
 113    0.0000105  -0.00008984
 114    0.0000101  -0.00008676
 115    0.0000103  -0.00010494
 116    0.0000040  -0.00004874
 117    0.0000041  -0.00004901
 118    0.0000001  -0.00000431
 119    0.0000000  -0.00000084
 120    0.0003513  -0.00099743
 121    0.0005070  -0.00126142
 122    0.0006475  -0.00153263
 123    0.0007342  -0.00174051
 124    0.0001048  -0.00034404
 125    0.0002309  -0.00120417
 126    0.0002738  -0.00138926
 127    0.0000086  -0.00007848
 128    0.0000104  -0.00008685
 129    0.0000122  -0.00051159
 130    0.0000086  -0.00007879
 131    0.0000093  -0.00008131
 132    0.0000099  -0.00020115
 133    0.0000026  -0.00051916
 134    0.0000028  -0.00054189
 135    0.0000000  -0.00000205
 136    0.0000000  -0.00000069
 
----------------
 Final Energies 
----------------
Final NOF Total Energy =    -920.1131513
 
Total Orbital Internal Iterations = 1550
Total Occupation Internal Iterations = 252
 
Elapsed time:  616.57 Seconds

---------------------------------
   Lowdin Population Analysis    
---------------------------------
 Idx  Atom   Population   Charge 
---------------------------------
  1    Cl    17.000      -0.000
  2    Cl    17.000       0.000

---------------------------------
   M Diagnostic: 0.04
---------------------------------

