Computing Integrals
Basis Set                                            = def2-qzvp
Auxiliary Basis Set                                  = def2-universal-jkfit
Gaussian Type                                        = Spherical
Elapsed time:    3.18 Seconds

Number of basis functions                   (NBF)    = 147
Number of auxiliary basis functions         (NBFAUX) = 129
Inactive Doubly occupied orbitals up to     (NO1)    = 0
No. considered Strongly Doubly occupied MOs (NDOC)   = 4
No. considered Strongly Singly occupied MOs (NSOC)   = 0
NO. of Weakly occ. per St. Doubly occ.  MOs (NCWO)   = 35
Dimension of the Nat. Orb. subspace         (NBF5)   = 144
No. of electrons                                     = 8
    No. of alpha electrons                           = 4
    No. of beta electrons                            = 4
Multiplicity                                         = 1

Geometry
========
 B       0.0000000      -0.0000000       0.0000000
 H      -0.5966928       1.0335023       0.0000000
 H      -0.5966928      -1.0335023       0.0000000
 H       1.1933857       0.0000000       0.0000000

No violations of the orthonormality
No violations of the orthonormality
 
PNOF8/ADABelief Calculation
==================
 
  Nitext  Nit_orb  Time   Nit_occ  Time         Eelec          Etot           Ediff      maxdiff    MaxGrad_orb  Grad_occ
     1      10    2.4e+01    5    2.7e+01   -33.99507330   -26.57567646 -10032.99507330   0.001674   6.7e-03   1.8e-04 0.02
     2      20    5.5e+00    0    3.4e-02   -33.99551031   -26.57611347    -0.00043701   0.001674   6.7e-03   1.8e-04 0.02
     3      40    1.6e+01    1    1.8e-01   -33.99558080   -26.57618397    -0.00007049   0.001592   6.4e-03   2.1e-04 0.02
     4      40    1.7e+01    6    3.2e-01   -33.99559129   -26.57619445    -0.00001048   0.001870   7.5e-03   2.0e-04 0.02
     5      40    1.5e+01    2    2.0e-01   -33.99564588   -26.57624904    -0.00005459   0.001402   5.6e-03   1.2e-04 0.02
     6      40    1.3e+01    1    6.3e-02   -33.99565308   -26.57625625    -0.00000720   0.001715   6.9e-03   1.1e-04 0.02
     7      40    1.5e+01    0    3.7e-02   -33.99565900   -26.57626216    -0.00000592   0.001378   5.5e-03   1.1e-04 0.02
     8      50    1.5e+01    0    1.6e-01   -33.99566668   -26.57626984    -0.00000768   0.000819   3.3e-03   1.1e-04 0.02
 
RESULTS OF THE OCCUPATION OPTIMIZATION
========================================
   1    1.9995124  -7.62173363
   2    1.9704858  -0.69311322
   3    1.9692232  -0.53782173
   4    1.9690761  -0.53728088
   5    0.0169977  -0.01655171
   6    0.0174972  -0.01691726
   7    0.0124164  -0.01466094
   8    0.0004607  -0.00584602
   9    0.0058229  -0.00615041
  10    0.0059637  -0.00622688
  11    0.0099681  -0.00927594
  12    0.0000104  -0.00030568
  13    0.0034814  -0.00371923
  14    0.0035794  -0.00377372
  15    0.0040877  -0.00547515
  16    0.0000057  -0.00003092
  17    0.0016308  -0.00233570
  18    0.0016436  -0.00234563
  19    0.0013520  -0.00230814
  20    0.0000054  -0.00003416
  21    0.0013316  -0.00196457
  22    0.0007171  -0.00138726
  23    0.0006460  -0.00135366
  24    0.0000040  -0.00006746
  25    0.0003612  -0.00053997
  26    0.0003253  -0.00048613
  27    0.0002516  -0.00049091
  28    0.0000003  -0.00000422
  29    0.0003077  -0.00047453
  30    0.0002723  -0.00045768
  31    0.0001311  -0.00027958
  32    0.0000001  -0.00000081
  33    0.0002817  -0.00048953
  34    0.0001434  -0.00026304
  35    0.0001253  -0.00025634
  36    0.0000001  -0.00000074
  37    0.0001441  -0.00025999
  38    0.0001208  -0.00026594
  39    0.0001028  -0.00025380
  40    0.0000001  -0.00000071
  41    0.0001226  -0.00026731
  42    0.0001118  -0.00024784
  43    0.0000964  -0.00020878
  44    0.0000001  -0.00000071
  45    0.0001136  -0.00025720
  46    0.0000831  -0.00018657
  47    0.0000706  -0.00015554
  48    0.0000000  -0.00000067
  49    0.0000701  -0.00016528
  50    0.0000777  -0.00017720
  51    0.0000604  -0.00015185
  52    0.0000000  -0.00000054
  53    0.0000626  -0.00015035
  54    0.0000568  -0.00015052
  55    0.0000425  -0.00013008
  56    0.0000000  -0.00000055
  57    0.0000319  -0.00008979
  58    0.0000356  -0.00007483
  59    0.0000280  -0.00008247
  60    0.0000000  -0.00000051
  61    0.0000298  -0.00008300
  62    0.0000255  -0.00006902
  63    0.0000245  -0.00006969
  64    0.0000000  -0.00000051
  65    0.0000225  -0.00006599
  66    0.0000198  -0.00006400
  67    0.0000219  -0.00006628
  68    0.0000000  -0.00000038
  69    0.0000152  -0.00004688
  70    0.0000149  -0.00004466
  71    0.0000113  -0.00003973
  72    0.0000000  -0.00000034
  73    0.0000136  -0.00004115
  74    0.0000117  -0.00003792
  75    0.0000096  -0.00003473
  76    0.0000000  -0.00000031
  77    0.0000121  -0.00003327
  78    0.0000098  -0.00003276
  79    0.0000084  -0.00002570
  80    0.0000000  -0.00000030
  81    0.0000108  -0.00003181
  82    0.0000086  -0.00002080
  83    0.0000077  -0.00002323
  84    0.0000000  -0.00000021
  85    0.0000084  -0.00002126
  86    0.0000086  -0.00002228
  87    0.0000071  -0.00002214
  88    0.0000000  -0.00000026
  89    0.0000080  -0.00002290
  90    0.0000069  -0.00001738
  91    0.0000067  -0.00002158
  92    0.0000000  -0.00000024
  93    0.0000067  -0.00001864
  94    0.0000061  -0.00001601
  95    0.0000060  -0.00001718
  96    0.0000000  -0.00000024
  97    0.0000064  -0.00001799
  98    0.0000051  -0.00001502
  99    0.0000048  -0.00001509
 100    0.0000000  -0.00000022
 101    0.0000044  -0.00001056
 102    0.0000048  -0.00001061
 103    0.0000044  -0.00001321
 104    0.0000000  -0.00000027
 105    0.0000042  -0.00000735
 106    0.0000043  -0.00000802
 107    0.0000038  -0.00000997
 108    0.0000000  -0.00000018
 109    0.0000034  -0.00000401
 110    0.0000036  -0.00000652
 111    0.0000036  -0.00000754
 112    0.0000000  -0.00000014
 113    0.0000033  -0.00000431
 114    0.0000036  -0.00000338
 115    0.0000030  -0.00000535
 116    0.0000000  -0.00000001
 117    0.0000032  -0.00000360
 118    0.0000030  -0.00000381
 119    0.0000029  -0.00000718
 120    0.0000000  -0.00000004
 121    0.0000026  -0.00000265
 122    0.0000027  -0.00000413
 123    0.0000024  -0.00000276
 124    0.0000000  0.00000000
 125    0.0000024  -0.00000255
 126    0.0000025  -0.00000220
 127    0.0000019  -0.00000249
 128    0.0000000  -0.00000005
 129    0.0000020  -0.00000228
 130    0.0000022  -0.00000279
 131    0.0000014  -0.00000170
 132    0.0000000  0.00000008
 133    0.0000018  -0.00000217
 134    0.0000018  -0.00000226
 135    0.0000014  -0.00000529
 136    0.0000000  -0.00000003
 137    0.0000017  -0.00000200
 138    0.0000018  -0.00000274
 139    0.0000013  -0.00000458
 140    0.0000000  0.00000005
 141    0.0000015  -0.00000107
 142    0.0000016  -0.00000560
 143    0.0000012  -0.00000454
 144    0.0000000  0.00000008
 
----------------
 Final Energies 
----------------
Final NOF Total Energy =     -26.5762698
 
Total Orbital Internal Iterations = 280
Total Occupation Internal Iterations = 15
 
Elapsed time:  166.45 Seconds

---------------------------------
   Lowdin Population Analysis    
---------------------------------
 Idx  Atom   Population   Charge 
---------------------------------
  1     B     4.736       0.264
  2     H     1.087      -0.087
  3     H     1.088      -0.088
  4     H     1.089      -0.089

---------------------------------
   M Diagnostic: 0.02
---------------------------------

