Computing Integrals
Basis Set                                            = def2-qzvp
Auxiliary Basis Set                                  = def2-universal-jkfit
Gaussian Type                                        = Spherical
Elapsed time:    3.87 Seconds

Number of basis functions                   (NBF)    = 147
Number of auxiliary basis functions         (NBFAUX) = 129
Inactive Doubly occupied orbitals up to     (NO1)    = 0
No. considered Strongly Doubly occupied MOs (NDOC)   = 4
No. considered Strongly Singly occupied MOs (NSOC)   = 1
NO. of Weakly occ. per St. Doubly occ.  MOs (NCWO)   = 35
Dimension of the Nat. Orb. subspace         (NBF5)   = 145
No. of electrons                                     = 9
    No. of alpha electrons                           = 5
    No. of beta electrons                            = 4
Multiplicity                                         = 2

Geometry
========
 C       0.0000000       0.0000000       0.0000000
 H      -0.5400068      -0.9353192       0.0000000
 H      -0.5400068       0.9353192       0.0000000
 H       1.0800136       0.0000000       0.0000000

No violations of the orthonormality
No violations of the orthonormality
 
PNOF8/ADABelief Calculation
==================
 
  Nitext  Nit_orb  Time   Nit_occ  Time         Eelec          Etot           Ediff      maxdiff    MaxGrad_orb  Grad_occ
     1      10    4.9e+01    5    2.5e+01   -49.46019587   -39.79204916 -10048.46019587   0.001935   7.7e-03   1.9e-04 0.03
     2      20    7.1e+01    0    8.9e-02   -49.46056341   -39.79241671    -0.00036754   0.001935   7.7e-03   1.9e-04 0.03
     3      40    1.5e+02    2    1.5e-01   -49.46071744   -39.79257073    -0.00015402   0.001062   4.2e-03   2.1e-04 0.03
     4      40    1.4e+02    2    2.2e-01   -49.46073388   -39.79258718    -0.00001645   0.001258   5.0e-03   1.3e-04 0.03
     5      40    1.5e+02    0    8.6e-02   -49.46074800   -39.79260129    -0.00001411   0.001223   4.9e-03   1.9e-04 0.03
     6      50    1.9e+02    2    1.2e-01   -49.46075723   -39.79261053    -0.00000924   0.000673   2.7e-03   1.6e-04 0.03
 
RESULTS OF THE OCCUPATION OPTIMIZATION
========================================
   1    1.9999094  -11.23785729
   2    1.9755538  -0.88828844
   3    1.9672026  -0.62269837
   4    1.9660797  -0.61640472
   5    1.0000000  -0.20260406
   6    0.0178458  -0.01991826
   7    0.0194898  -0.02116261
   8    0.0154877  -0.01982924
   9    0.0000766  -0.00165009
  10    0.0053754  -0.00694800
  11    0.0055677  -0.00704115
  12    0.0038537  -0.00582739
  13    0.0000064  -0.00014248
  14    0.0043252  -0.00605585
  15    0.0040362  -0.00529869
  16    0.0011868  -0.00538983
  17    0.0000034  -0.00002727
  18    0.0038281  -0.00516297
  19    0.0011765  -0.00220197
  20    0.0011622  -0.00282822
  21    0.0000019  -0.00001115
  22    0.0010597  -0.00202891
  23    0.0007006  -0.00140116
  24    0.0007011  -0.00139706
  25    0.0000015  -0.00006116
  26    0.0004020  -0.00076062
  27    0.0004303  -0.00078994
  28    0.0006341  -0.00140833
  29    0.0000001  -0.00000281
  30    0.0002846  -0.00058801
  31    0.0003971  -0.00082647
  32    0.0005186  -0.00102482
  33    0.0000000  -0.00000100
  34    0.0001562  -0.00035297
  35    0.0003010  -0.00061080
  36    0.0001993  -0.00044363
  37    0.0000000  -0.00000076
  38    0.0001480  -0.00034733
  39    0.0001894  -0.00041920
  40    0.0001808  -0.00041553
  41    0.0000000  -0.00000065
  42    0.0000967  -0.00024332
  43    0.0000731  -0.00018589
  44    0.0001070  -0.00028113
  45    0.0000000  -0.00000057
  46    0.0000757  -0.00017707
  47    0.0000681  -0.00016420
  48    0.0000764  -0.00022634
  49    0.0000000  -0.00000055
  50    0.0000679  -0.00016582
  51    0.0000661  -0.00016646
  52    0.0000675  -0.00018297
  53    0.0000000  -0.00000046
  54    0.0000640  -0.00017129
  55    0.0000580  -0.00015750
  56    0.0000652  -0.00017304
  57    0.0000000  -0.00000042
  58    0.0000375  -0.00009546
  59    0.0000381  -0.00010842
  60    0.0000428  -0.00015253
  61    0.0000000  -0.00000042
  62    0.0000247  -0.00009320
  63    0.0000327  -0.00010120
  64    0.0000336  -0.00010271
  65    0.0000000  -0.00000041
  66    0.0000179  -0.00006043
  67    0.0000298  -0.00009577
  68    0.0000273  -0.00008609
  69    0.0000000  -0.00000039
  70    0.0000162  -0.00005352
  71    0.0000233  -0.00007853
  72    0.0000149  -0.00005768
  73    0.0000000  -0.00000041
  74    0.0000129  -0.00003581
  75    0.0000217  -0.00007372
  76    0.0000136  -0.00004502
  77    0.0000000  -0.00000031
  78    0.0000116  -0.00003778
  79    0.0000125  -0.00003523
  80    0.0000107  -0.00003887
  81    0.0000000  -0.00000030
  82    0.0000105  -0.00003247
  83    0.0000110  -0.00003799
  84    0.0000094  -0.00003946
  85    0.0000000  -0.00000021
  86    0.0000098  -0.00002942
  87    0.0000098  -0.00003414
  88    0.0000089  -0.00003972
  89    0.0000000  -0.00000021
  90    0.0000074  -0.00002503
  91    0.0000083  -0.00002873
  92    0.0000069  -0.00002656
  93    0.0000000  -0.00000024
  94    0.0000059  -0.00002117
  95    0.0000083  -0.00002787
  96    0.0000059  -0.00002520
  97    0.0000000  -0.00000019
  98    0.0000058  -0.00001881
  99    0.0000073  -0.00002864
 100    0.0000058  -0.00002393
 101    0.0000000  -0.00000017
 102    0.0000054  -0.00001777
 103    0.0000067  -0.00002590
 104    0.0000039  -0.00001527
 105    0.0000000  -0.00000018
 106    0.0000040  -0.00000949
 107    0.0000059  -0.00001875
 108    0.0000035  -0.00001338
 109    0.0000000  -0.00000016
 110    0.0000039  -0.00000675
 111    0.0000048  -0.00001445
 112    0.0000031  -0.00001032
 113    0.0000000  -0.00000014
 114    0.0000036  -0.00000629
 115    0.0000040  -0.00001017
 116    0.0000029  -0.00000861
 117    0.0000000  -0.00000014
 118    0.0000030  -0.00000527
 119    0.0000039  -0.00001052
 120    0.0000025  -0.00000704
 121    0.0000000  -0.00000012
 122    0.0000029  -0.00000541
 123    0.0000035  -0.00000493
 124    0.0000020  -0.00000383
 125    0.0000000  -0.00000002
 126    0.0000021  -0.00000294
 127    0.0000028  -0.00000346
 128    0.0000019  -0.00000332
 129    0.0000000  -0.00000006
 130    0.0000018  -0.00000230
 131    0.0000028  -0.00000438
 132    0.0000017  -0.00000245
 133    0.0000000  -0.00000006
 134    0.0000017  -0.00000108
 135    0.0000024  -0.00000392
 136    0.0000015  -0.00000152
 137    0.0000000  -0.00000002
 138    0.0000014  -0.00000100
 139    0.0000020  -0.00000289
 140    0.0000013  -0.00000131
 141    0.0000000  -0.00000006
 142    0.0000013  -0.00000081
 143    0.0000018  -0.00000150
 144    0.0000013  -0.00000524
 145    0.0000000  -0.00000001
 
----------------
 Final Energies 
----------------
Final NOF Total Energy =     -39.7926105
 
Total Orbital Internal Iterations = 200
Total Occupation Internal Iterations = 11
 
Elapsed time:  803.56 Seconds

---------------------------------
   Lowdin Population Analysis    
---------------------------------
 Idx  Atom   Population   Charge 
---------------------------------
  1     C     5.584       0.416
  2     H     1.138      -0.138
  3     H     1.139      -0.139
  4     H     1.138      -0.138

---------------------------------
   M Diagnostic: 0.03
---------------------------------

