Computing Integrals
Basis Set                                            = def2-qzvp
Auxiliary Basis Set                                  = def2-universal-jkfit
Gaussian Type                                        = Spherical
Elapsed time:   21.43 Seconds

Number of basis functions                   (NBF)    = 264
Number of auxiliary basis functions         (NBFAUX) = 242
Inactive Doubly occupied orbitals up to     (NO1)    = 0
No. considered Strongly Doubly occupied MOs (NDOC)   = 9
No. considered Strongly Singly occupied MOs (NSOC)   = 0
NO. of Weakly occ. per St. Doubly occ.  MOs (NCWO)   = 28
Dimension of the Nat. Orb. subspace         (NBF5)   = 261
No. of electrons                                     = 18
    No. of alpha electrons                           = 9
    No. of beta electrons                            = 9
Multiplicity                                         = 1

Geometry
========
 C      -0.5676009       0.0922571       0.0000000
 N       0.8940111       0.1750132       0.0000000
 H       1.2846925      -0.2817273       0.8156369
 H       1.2846925      -0.2817273      -0.8156369
 H      -0.9572223       0.6115789       0.8779528
 H      -0.9813506      -0.9269734       0.0000000
 H      -0.9572223       0.6115789      -0.8779528

No violations of the orthonormality
No violations of the orthonormality
 
PNOF8/ADABelief Calculation
==================
 
  Nitext  Nit_orb  Time   Nit_occ  Time         Eelec          Etot           Ediff      maxdiff    MaxGrad_orb  Grad_occ
     1      10    1.1e+02   11    2.9e+01  -137.74038129   -95.77474603 -10136.74038129   0.002875   1.2e-02   2.3e-04 0.03
     2      20    2.0e+02    0    4.7e-01  -137.74202793   -95.77639267    -0.00164664   0.002875   1.2e-02   2.3e-04 0.03
     3      40    4.4e+02    4    1.3e+00  -137.74236001   -95.77672475    -0.00033208   0.002332   9.3e-03   2.2e-04 0.03
     4      40    4.1e+02    6    2.3e+00  -137.74247289   -95.77683762    -0.00011287   0.001734   6.9e-03   1.1e-04 0.03
     5      40    4.9e+02    5    1.9e+00  -137.74255603   -95.77692077    -0.00008315   0.002327   9.3e-03   1.6e-04 0.03
     6      40    4.5e+02    5    2.0e+00  -137.74263725   -95.77700199    -0.00008122   0.002045   8.2e-03   1.3e-04 0.03
     7      40    4.4e+02    2    9.4e-01  -137.74267610   -95.77704084    -0.00003885   0.002148   8.6e-03   2.1e-04 0.03
     8      40    4.7e+02    0    5.2e-01  -137.74269884   -95.77706358    -0.00002274   0.002258   9.0e-03   1.8e-04 0.03
     9      50    5.7e+02    5    1.9e+00  -137.74274472   -95.77710945    -0.00004588   0.001442   5.8e-03   1.2e-04 0.03
    10      50    5.8e+02    0    3.4e-01  -137.74278404   -95.77714878    -0.00003933   0.001400   5.6e-03   1.5e-04 0.03
    11      60    6.7e+02    0    7.2e-01  -137.74280131   -95.77716604    -0.00001726   0.001160   4.6e-03   1.8e-04 0.03
    12      70    7.7e+02    1    7.8e-01  -137.74281403   -95.77717877    -0.00001272   0.000791   3.2e-03   2.2e-04 0.03
 
RESULTS OF THE OCCUPATION OPTIMIZATION
========================================
   1    1.9999771  -14.58722543
   2    1.9999683  -12.21976317
   3    1.9843046  -1.13644619
   4    1.9768710  -0.86705845
   5    1.9676849  -0.60760002
   6    1.9678948  -0.60546269
   7    1.9698536  -0.59548988
   8    1.9697213  -0.59486882
   9    1.9654405  -0.59151121
  10    0.0283822  -0.03749129
  11    0.0197742  -0.02199281
  12    0.0195550  -0.02186557
  13    0.0202913  -0.02570201
  14    0.0204210  -0.02564172
  15    0.0147144  -0.02023789
  16    0.0073693  -0.01426966
  17    0.0000234  -0.00053921
  18    0.0000192  -0.00053976
  19    0.0048928  -0.00844460
  20    0.0053997  -0.00705558
  21    0.0053450  -0.00703255
  22    0.0052313  -0.00830253
  23    0.0055038  -0.00880024
  24    0.0037193  -0.00594986
  25    0.0020770  -0.00680095
  26    0.0000028  -0.00003420
  27    0.0000010  -0.00001110
  28    0.0006522  -0.00145298
  29    0.0022017  -0.00357764
  30    0.0019901  -0.00339570
  31    0.0048128  -0.00782202
  32    0.0048256  -0.00784987
  33    0.0013659  -0.00333522
  34    0.0011974  -0.00556942
  35    0.0000021  -0.00003794
  36    0.0000010  -0.00001001
  37    0.0003040  -0.00077141
  38    0.0011634  -0.00224110
  39    0.0011816  -0.00228317
  40    0.0008089  -0.00206743
  41    0.0006141  -0.00138659
  42    0.0011170  -0.00268831
  43    0.0011194  -0.00378546
  44    0.0000018  -0.00002287
  45    0.0000008  -0.00002135
  46    0.0000908  -0.00028371
  47    0.0005129  -0.00121287
  48    0.0006293  -0.00122760
  49    0.0002535  -0.00066126
  50    0.0002784  -0.00071185
  51    0.0005106  -0.00118221
  52    0.0011172  -0.00355019
  53    0.0000012  -0.00001637
  54    0.0000006  -0.00004580
  55    0.0000688  -0.00021404
  56    0.0003133  -0.00076676
  57    0.0003970  -0.00086737
  58    0.0002030  -0.00055439
  59    0.0002248  -0.00058487
  60    0.0004056  -0.00147409
  61    0.0007395  -0.00220480
  62    0.0000001  -0.00000120
  63    0.0000000  -0.00000051
  64    0.0000427  -0.00015332
  65    0.0002154  -0.00053156
  66    0.0003100  -0.00071117
  67    0.0001405  -0.00041057
  68    0.0000903  -0.00027664
  69    0.0003835  -0.00121719
  70    0.0006620  -0.00157279
  71    0.0000001  -0.00000092
  72    0.0000000  -0.00000041
  73    0.0000399  -0.00013732
  74    0.0001891  -0.00049106
  75    0.0002406  -0.00060275
  76    0.0000840  -0.00027239
  77    0.0000730  -0.00023065
  78    0.0002362  -0.00081390
  79    0.0005220  -0.00178096
  80    0.0000000  -0.00000054
  81    0.0000000  -0.00000034
  82    0.0000285  -0.00010124
  83    0.0001109  -0.00029218
  84    0.0001126  -0.00029693
  85    0.0000693  -0.00021350
  86    0.0000570  -0.00016909
  87    0.0001702  -0.00096726
  88    0.0003246  -0.00103858
  89    0.0000000  -0.00000047
  90    0.0000000  -0.00000031
  91    0.0000177  -0.00006733
  92    0.0000932  -0.00026910
  93    0.0000770  -0.00022476
  94    0.0000443  -0.00014929
  95    0.0000455  -0.00015026
  96    0.0001263  -0.00060072
  97    0.0001659  -0.00122130
  98    0.0000000  -0.00000042
  99    0.0000000  -0.00000023
 100    0.0000106  -0.00004182
 101    0.0000784  -0.00022375
 102    0.0000684  -0.00020202
 103    0.0000428  -0.00013770
 104    0.0000354  -0.00012892
 105    0.0001044  -0.00029863
 106    0.0000867  -0.00031116
 107    0.0000000  -0.00000037
 108    0.0000000  -0.00000016
 109    0.0000057  -0.00002324
 110    0.0000533  -0.00016405
 111    0.0000470  -0.00015392
 112    0.0000257  -0.00009861
 113    0.0000291  -0.00010574
 114    0.0000591  -0.00020424
 115    0.0000609  -0.00026492
 116    0.0000000  -0.00000038
 117    0.0000000  -0.00000018
 118    0.0000044  -0.00001547
 119    0.0000457  -0.00015079
 120    0.0000435  -0.00014189
 121    0.0000221  -0.00008005
 122    0.0000270  -0.00009987
 123    0.0000469  -0.00016886
 124    0.0000475  -0.00017265
 125    0.0000000  -0.00000036
 126    0.0000000  -0.00000018
 127    0.0000032  -0.00000801
 128    0.0000252  -0.00009251
 129    0.0000344  -0.00011652
 130    0.0000148  -0.00005297
 131    0.0000203  -0.00008094
 132    0.0000378  -0.00014328
 133    0.0000348  -0.00014207
 134    0.0000000  -0.00000034
 135    0.0000000  -0.00000015
 136    0.0000026  -0.00000669
 137    0.0000183  -0.00007062
 138    0.0000180  -0.00007771
 139    0.0000107  -0.00003728
 140    0.0000149  -0.00005238
 141    0.0000344  -0.00013115
 142    0.0000306  -0.00012381
 143    0.0000000  -0.00000033
 144    0.0000000  -0.00000016
 145    0.0000019  -0.00000322
 146    0.0000144  -0.00005674
 147    0.0000168  -0.00006307
 148    0.0000095  -0.00003782
 149    0.0000092  -0.00003658
 150    0.0000142  -0.00006108
 151    0.0000258  -0.00010871
 152    0.0000000  -0.00000033
 153    0.0000000  -0.00000014
 154    0.0000015  -0.00000267
 155    0.0000132  -0.00005222
 156    0.0000135  -0.00004745
 157    0.0000078  -0.00003260
 158    0.0000077  -0.00003268
 159    0.0000140  -0.00005889
 160    0.0000241  -0.00010373
 161    0.0000000  -0.00000032
 162    0.0000000  -0.00000014
 163    0.0000014  -0.00000220
 164    0.0000118  -0.00004777
 165    0.0000109  -0.00004182
 166    0.0000059  -0.00002413
 167    0.0000069  -0.00002696
 168    0.0000123  -0.00005508
 169    0.0000183  -0.00008481
 170    0.0000000  -0.00000031
 171    0.0000000  -0.00000013
 172    0.0000011  -0.00000200
 173    0.0000089  -0.00003818
 174    0.0000098  -0.00004011
 175    0.0000045  -0.00001323
 176    0.0000063  -0.00002604
 177    0.0000107  -0.00004797
 178    0.0000152  -0.00007157
 179    0.0000000  -0.00000026
 180    0.0000000  -0.00000013
 181    0.0000011  -0.00000214
 182    0.0000077  -0.00003462
 183    0.0000090  -0.00003662
 184    0.0000040  -0.00001114
 185    0.0000047  -0.00001517
 186    0.0000105  -0.00004562
 187    0.0000116  -0.00005547
 188    0.0000000  -0.00000028
 189    0.0000000  -0.00000012
 190    0.0000010  -0.00000206
 191    0.0000069  -0.00002588
 192    0.0000063  -0.00002759
 193    0.0000038  -0.00000988
 194    0.0000041  -0.00001137
 195    0.0000076  -0.00003851
 196    0.0000104  -0.00004574
 197    0.0000000  -0.00000027
 198    0.0000000  -0.00000011
 199    0.0000010  -0.00000185
 200    0.0000043  -0.00001590
 201    0.0000062  -0.00002737
 202    0.0000029  -0.00000805
 203    0.0000037  -0.00000892
 204    0.0000059  -0.00002907
 205    0.0000081  -0.00004117
 206    0.0000000  -0.00000027
 207    0.0000000  -0.00000012
 208    0.0000008  -0.00000148
 209    0.0000040  -0.00001187
 210    0.0000058  -0.00002451
 211    0.0000024  -0.00000553
 212    0.0000033  -0.00000651
 213    0.0000051  -0.00002598
 214    0.0000071  -0.00003818
 215    0.0000000  -0.00000028
 216    0.0000000  -0.00000008
 217    0.0000008  -0.00000145
 218    0.0000032  -0.00000780
 219    0.0000049  -0.00001903
 220    0.0000024  -0.00000550
 221    0.0000023  -0.00000568
 222    0.0000044  -0.00002090
 223    0.0000054  -0.00003522
 224    0.0000000  -0.00000026
 225    0.0000000  -0.00000009
 226    0.0000008  -0.00000173
 227    0.0000030  -0.00000573
 228    0.0000042  -0.00001127
 229    0.0000021  -0.00000402
 230    0.0000020  -0.00000404
 231    0.0000038  -0.00001872
 232    0.0000045  -0.00002586
 233    0.0000000  -0.00000022
 234    0.0000000  -0.00000009
 235    0.0000007  -0.00000155
 236    0.0000024  -0.00000631
 237    0.0000040  -0.00001139
 238    0.0000021  -0.00000380
 239    0.0000017  -0.00000255
 240    0.0000035  -0.00001371
 241    0.0000038  -0.00001958
 242    0.0000000  -0.00000024
 243    0.0000000  -0.00000007
 244    0.0000007  -0.00000133
 245    0.0000022  -0.00000470
 246    0.0000031  -0.00000564
 247    0.0000014  -0.00000207
 248    0.0000016  -0.00000228
 249    0.0000031  -0.00001468
 250    0.0000035  -0.00001619
 251    0.0000000  -0.00000022
 252    0.0000000  -0.00000008
 253    0.0000006  -0.00000166
 254    0.0000019  -0.00000350
 255    0.0000025  -0.00000429
 256    0.0000014  -0.00000202
 257    0.0000014  -0.00000211
 258    0.0000021  -0.00000642
 259    0.0000031  -0.00001359
 260    0.0000000  -0.00000017
 261    0.0000000  -0.00000005
 
----------------
 Final Energies 
----------------
Final NOF Total Energy =     -95.7771788
 
Total Orbital Internal Iterations = 500
Total Occupation Internal Iterations = 39
 
Elapsed time: 5740.69 Seconds

---------------------------------
   Lowdin Population Analysis    
---------------------------------
 Idx  Atom   Population   Charge 
---------------------------------
  1     C     5.905       0.095
  2     N     6.487       0.513
  3     H     1.193      -0.193
  4     H     1.193      -0.193
  5     H     1.071      -0.071
  6     H     1.080      -0.080
  7     H     1.071      -0.071

---------------------------------
   M Diagnostic: 0.03
---------------------------------

