Computing Integrals
Basis Set                                            = def2-qzvp
Auxiliary Basis Set                                  = def2-universal-jkfit
Gaussian Type                                        = Spherical
Elapsed time:    5.84 Seconds

Number of basis functions                   (NBF)    = 361
Number of auxiliary basis functions         (NBFAUX) = 427
Inactive Doubly occupied orbitals up to     (NO1)    = 0
No. considered Strongly Doubly occupied MOs (NDOC)   = 20
No. considered Strongly Singly occupied MOs (NSOC)   = 0
NO. of Weakly occ. per St. Doubly occ.  MOs (NCWO)   = 17
Dimension of the Nat. Orb. subspace         (NBF5)   = 360
No. of electrons                                     = 40
    No. of alpha electrons                           = 20
    No. of beta electrons                            = 20
Multiplicity                                         = 1

Geometry
========
 C      -1.0030357      -0.6889701       0.0000000
 S      -0.5240287       1.0782525       0.0000000
 C       1.2518364       0.9104610       0.0000000
 O       1.8606503      -0.1261990       0.0000000
 H      -2.0908665      -0.7143177       0.0000000
 H      -0.6164043      -1.1801800      -0.8894538
 H      -0.6164043      -1.1801800       0.8894538
 H       1.7382527       1.9011333       0.0000000

No violations of the orthonormality
No violations of the orthonormality
 
PNOF8/ADABelief Calculation
==================
 
  Nitext  Nit_orb  Time   Nit_occ  Time         Eelec          Etot           Ediff      maxdiff    MaxGrad_orb  Grad_occ
     1      10    3.0e+01   24    3.5e+01  -706.99628895  -551.75875998 -10705.99628895   0.002684   1.1e-02   2.3e-04 0.04
     2      20    2.0e+01    0    8.3e-01  -707.00077737  -551.76324839    -0.00448842   0.002684   1.1e-02   2.3e-04 0.04
     3      40    4.0e+01    0    7.7e-01  -707.00077737  -551.76324839     0.00000000   0.002684   1.1e-02   2.3e-04 0.04
     4      60    5.3e+01    4    2.0e+00  -707.00155859  -551.76402961    -0.00078122   0.001692   6.8e-03   2.9e-04 0.04
     5      60    5.3e+01    6    2.6e+00  -707.00183060  -551.76430163    -0.00027202   0.001898   7.6e-03   2.4e-04 0.04
     6      60    5.9e+01    6    2.6e+00  -707.00196847  -551.76443949    -0.00013786   0.001871   7.5e-03   2.2e-04 0.04
     7      60    5.7e+01    1    1.1e+00  -707.00207147  -551.76454250    -0.00010300   0.001886   7.5e-03   2.3e-04 0.04
     8      60    6.1e+01    5    2.2e+00  -707.00212816  -551.76459919    -0.00005669   0.001949   7.8e-03   2.5e-04 0.04
     9      60    4.5e+01    1    1.1e+00  -707.00220493  -551.76467596    -0.00007677   0.001960   7.8e-03   2.2e-04 0.04
    10      60    5.2e+01    5    2.3e+00  -707.00224128  -551.76471231    -0.00003635   0.001885   7.5e-03   2.3e-04 0.04
    11      60    4.4e+01    1    1.1e+00  -707.00230134  -551.76477237    -0.00006006   0.001942   7.8e-03   1.9e-04 0.04
    12      60    5.8e+01    5    2.2e+00  -707.00232774  -551.76479877    -0.00002640   0.001857   7.4e-03   2.3e-04 0.04
    13      60    6.1e+01    1    1.2e+00  -707.00237440  -551.76484543    -0.00004666   0.001955   7.8e-03   1.7e-04 0.04
    14      60    5.4e+01    0    7.3e-01  -707.00239380  -551.76486483    -0.00001940   0.001782   7.1e-03   2.2e-04 0.04
    15      70    4.9e+01    8    3.1e+00  -707.00242512  -551.76489615    -0.00003132   0.001366   5.5e-03   1.6e-04 0.04
    16      70    6.3e+01    3    1.6e+00  -707.00246607  -551.76493710    -0.00004095   0.001320   5.3e-03   1.6e-04 0.04
    17      70    5.6e+01    3    1.7e+00  -707.00249358  -551.76496461    -0.00002751   0.001288   5.2e-03   2.1e-04 0.04
    18      70    7.6e+01    6    2.7e+00  -707.00252419  -551.76499521    -0.00003061   0.001257   5.0e-03   1.8e-04 0.04
    19      70    8.2e+01    3    1.7e+00  -707.00257712  -551.76504815    -0.00005293   0.001209   4.8e-03   1.5e-04 0.04
    20      70    6.1e+01    2    1.4e+00  -707.00261403  -551.76508506    -0.00003692   0.001294   5.2e-03   2.2e-04 0.04
    21      70    7.6e+01    3    1.7e+00  -707.00265602  -551.76512704    -0.00004198   0.001353   5.4e-03   2.5e-04 0.04
    22      70    8.3e+01    3    1.8e+00  -707.00270365  -551.76517467    -0.00004763   0.001309   5.2e-03   2.3e-04 0.04
    23      70    6.4e+01    2    1.4e+00  -707.00275835  -551.76522938    -0.00005471   0.001337   5.3e-03   3.1e-04 0.04
    24      70    7.3e+01    3    1.8e+00  -707.00281442  -551.76528545    -0.00005607   0.001306   5.2e-03   2.4e-04 0.04
    25      70    6.0e+01    6    2.6e+00  -707.00287654  -551.76534757    -0.00006212   0.001361   5.4e-03   2.0e-04 0.04
    26      70    5.5e+01    2    1.4e+00  -707.00295273  -551.76542375    -0.00007618   0.001276   5.1e-03   2.5e-04 0.04
    27      70    6.5e+01    3    1.6e+00  -707.00299868  -551.76546971    -0.00004596   0.001310   5.2e-03   1.7e-04 0.04
    28      70    6.8e+01    3    1.6e+00  -707.00303783  -551.76550885    -0.00003914   0.001252   5.0e-03   2.0e-04 0.04
    29      70    6.5e+01    6    2.6e+00  -707.00307112  -551.76554215    -0.00003330   0.001234   4.9e-03   1.8e-04 0.04
    30      70    7.0e+01    0    7.2e-01  -707.00311375  -551.76558478    -0.00004263   0.001288   5.2e-03   2.2e-04 0.04
    31      80    9.5e+01    3    1.7e+00  -707.00314145  -551.76561248    -0.00002770   0.001027   4.1e-03   1.9e-04 0.04
    32      80    8.4e+01    0    7.1e-01  -707.00315480  -551.76562582    -0.00001334   0.001544   6.2e-03   2.3e-04 0.04
    33      90    9.4e+01    0    7.5e-01  -707.00317582  -551.76564685    -0.00002103   0.000782   3.1e-03   2.6e-04 0.04
 
RESULTS OF THE OCCUPATION OPTIMIZATION
========================================
   1    1.9999994  -92.03397653
   2    1.9999902  -20.60253785
   3    1.9999731  -11.33701657
   4    1.9999725  -11.29656513
   5    1.9998144  -8.96521875
   6    1.9993918  -6.71607776
   7    1.9994920  -6.68906215
   8    1.9993160  -6.68311633
   9    1.9828744  -1.29914311
  10    1.9791454  -1.04297463
  11    1.9815356  -0.89104819
  12    1.9758945  -0.84095555
  13    1.9704716  -0.75311456
  14    1.9779101  -0.72574477
  15    1.9668003  -0.60728615
  16    1.9692014  -0.60576304
  17    1.9562014  -0.57847416
  18    1.9643915  -0.54814192
  19    1.9619854  -0.51471212
  20    1.9717491  -0.44508948
  21    0.0095012  -0.01576417
  22    0.0294073  -0.04346774
  23    0.0309721  -0.04245704
  24    0.0392823  -0.05169306
  25    0.0173282  -0.02104081
  26    0.0134689  -0.01818162
  27    0.0062936  -0.01284426
  28    0.0242162  -0.03901845
  29    0.0137490  -0.02134111
  30    0.0070739  -0.01982047
  31    0.0063233  -0.01873403
  32    0.0070346  -0.01903320
  33    0.0005851  -0.00976201
  34    0.0004478  -0.00749633
  35    0.0005819  -0.01021086
  36    0.0001721  -0.00417568
  37    0.0000240  -0.00051322
  38    0.0000205  -0.00045452
  39    0.0000094  -0.00037704
  40    0.0000005  -0.00001155
  41    0.0091744  -0.01444406
  42    0.0076667  -0.01226991
  43    0.0029187  -0.00617568
  44    0.0035641  -0.00697216
  45    0.0049701  -0.00704260
  46    0.0131633  -0.01775710
  47    0.0051077  -0.01179123
  48    0.0033612  -0.00729027
  49    0.0035061  -0.00928001
  50    0.0037208  -0.01339686
  51    0.0062380  -0.01671507
  52    0.0036347  -0.00999375
  53    0.0000706  -0.00188569
  54    0.0000239  -0.00081213
  55    0.0000060  -0.00010201
  56    0.0000030  -0.00013678
  57    0.0000012  -0.00003760
  58    0.0000026  -0.00004278
  59    0.0000001  -0.00000065
  60    0.0000000  -0.00000007
  61    0.0027971  -0.00804537
  62    0.0004303  -0.00104002
  63    0.0007536  -0.00155047
  64    0.0002315  -0.00068694
  65    0.0043194  -0.00646860
  66    0.0037870  -0.00617750
  67    0.0037819  -0.00758061
  68    0.0005748  -0.00177061
  69    0.0022870  -0.00591063
  70    0.0020348  -0.00809916
  71    0.0055889  -0.01307831
  72    0.0032335  -0.00916293
  73    0.0000075  -0.00009388
  74    0.0000118  -0.00042381
  75    0.0000052  -0.00021355
  76    0.0000019  -0.00003468
  77    0.0000005  -0.00000605
  78    0.0000010  -0.00004712
  79    0.0000001  -0.00000045
  80    0.0000000  -0.00000007
  81    0.0026056  -0.00795670
  82    0.0002040  -0.00051340
  83    0.0002753  -0.00067597
  84    0.0002180  -0.00065473
  85    0.0015137  -0.00296891
  86    0.0009647  -0.00207292
  87    0.0019850  -0.00525364
  88    0.0004483  -0.00126216
  89    0.0017296  -0.00425570
  90    0.0016893  -0.00661339
  91    0.0010566  -0.00485387
  92    0.0008681  -0.00380918
  93    0.0000041  -0.00006765
  94    0.0000052  -0.00004577
  95    0.0000034  -0.00005587
  96    0.0000019  -0.00002558
  97    0.0000004  -0.00000372
  98    0.0000007  -0.00000684
  99    0.0000000  -0.00000040
 100    0.0000000  -0.00000005
 101    0.0018766  -0.00651184
 102    0.0000906  -0.00026675
 103    0.0001908  -0.00049376
 104    0.0002050  -0.00060190
 105    0.0009728  -0.00221435
 106    0.0008208  -0.00161038
 107    0.0016329  -0.00572762
 108    0.0002911  -0.00089633
 109    0.0014009  -0.00446271
 110    0.0011685  -0.00534166
 111    0.0004936  -0.00197920
 112    0.0006651  -0.00224653
 113    0.0000035  -0.00003689
 114    0.0000048  -0.00006673
 115    0.0000030  -0.00007231
 116    0.0000017  -0.00002120
 117    0.0000003  -0.00000317
 118    0.0000005  -0.00000483
 119    0.0000000  -0.00000038
 120    0.0000000  -0.00000005
 121    0.0007288  -0.00159423
 122    0.0000459  -0.00013589
 123    0.0001394  -0.00036038
 124    0.0001832  -0.00050541
 125    0.0007962  -0.00160868
 126    0.0004174  -0.00090255
 127    0.0011783  -0.00433039
 128    0.0002736  -0.00085847
 129    0.0004985  -0.00136961
 130    0.0008858  -0.00410112
 131    0.0003056  -0.00102682
 132    0.0004115  -0.00167396
 133    0.0000033  -0.00004041
 134    0.0000031  -0.00003691
 135    0.0000019  -0.00002296
 136    0.0000010  -0.00001450
 137    0.0000002  -0.00000686
 138    0.0000004  -0.00000975
 139    0.0000000  -0.00000032
 140    0.0000000  -0.00000005
 141    0.0006636  -0.00129756
 142    0.0000418  -0.00012043
 143    0.0000960  -0.00025815
 144    0.0000282  -0.00009110
 145    0.0003939  -0.00084952
 146    0.0002345  -0.00053992
 147    0.0007325  -0.00281502
 148    0.0000959  -0.00031440
 149    0.0003305  -0.00088663
 150    0.0006414  -0.00402184
 151    0.0002104  -0.00075487
 152    0.0003154  -0.00191820
 153    0.0000031  -0.00013842
 154    0.0000027  -0.00007105
 155    0.0000019  -0.00002295
 156    0.0000009  -0.00000956
 157    0.0000002  -0.00000202
 158    0.0000004  -0.00000339
 159    0.0000000  -0.00000029
 160    0.0000000  -0.00000003
 161    0.0002787  -0.00082338
 162    0.0000319  -0.00009812
 163    0.0000823  -0.00020105
 164    0.0000179  -0.00006341
 165    0.0001076  -0.00028638
 166    0.0000859  -0.00023976
 167    0.0005487  -0.00222290
 168    0.0000737  -0.00025299
 169    0.0002293  -0.00073588
 170    0.0003581  -0.00100038
 171    0.0001760  -0.00072385
 172    0.0002513  -0.00086055
 173    0.0000017  -0.00002050
 174    0.0000020  -0.00003448
 175    0.0000011  -0.00001192
 176    0.0000007  -0.00000825
 177    0.0000002  -0.00000177
 178    0.0000003  -0.00000565
 179    0.0000000  -0.00000022
 180    0.0000000  -0.00000003
 181    0.0002274  -0.00066875
 182    0.0000265  -0.00008975
 183    0.0000584  -0.00015796
 184    0.0000161  -0.00006817
 185    0.0000945  -0.00025469
 186    0.0000545  -0.00015462
 187    0.0002628  -0.00081372
 188    0.0000454  -0.00016188
 189    0.0001419  -0.00048890
 190    0.0002974  -0.00094738
 191    0.0001524  -0.00065579
 192    0.0002147  -0.00081207
 193    0.0000016  -0.00001689
 194    0.0000017  -0.00001870
 195    0.0000007  -0.00001317
 196    0.0000006  -0.00000684
 197    0.0000001  -0.00000137
 198    0.0000001  -0.00000097
 199    0.0000000  -0.00000019
 200    0.0000000  -0.00000003
 201    0.0001016  -0.00035016
 202    0.0000200  -0.00007583
 203    0.0000261  -0.00009561
 204    0.0000115  -0.00005007
 205    0.0000729  -0.00021146
 206    0.0000468  -0.00013565
 207    0.0001706  -0.00061796
 208    0.0000368  -0.00014559
 209    0.0000530  -0.00019808
 210    0.0001875  -0.00082337
 211    0.0001146  -0.00054920
 212    0.0001606  -0.00106959
 213    0.0000014  -0.00001546
 214    0.0000014  -0.00001377
 215    0.0000007  -0.00000729
 216    0.0000004  -0.00000601
 217    0.0000001  -0.00000126
 218    0.0000001  -0.00000097
 219    0.0000000  -0.00000015
 220    0.0000000  -0.00000003
 221    0.0000842  -0.00028090
 222    0.0000165  -0.00007237
 223    0.0000233  -0.00008962
 224    0.0000101  -0.00003959
 225    0.0000612  -0.00016599
 226    0.0000449  -0.00013298
 227    0.0001338  -0.00051483
 228    0.0000338  -0.00013378
 229    0.0000455  -0.00016231
 230    0.0001109  -0.00048389
 231    0.0000430  -0.00017762
 232    0.0001333  -0.00074735
 233    0.0000007  -0.00000895
 234    0.0000010  -0.00001090
 235    0.0000005  -0.00000497
 236    0.0000003  -0.00000342
 237    0.0000001  -0.00000089
 238    0.0000001  -0.00000061
 239    0.0000000  -0.00000017
 240    0.0000000  -0.00000002
 241    0.0000553  -0.00017135
 242    0.0000141  -0.00006068
 243    0.0000191  -0.00007249
 244    0.0000096  -0.00003402
 245    0.0000549  -0.00015232
 246    0.0000399  -0.00012600
 247    0.0000917  -0.00033974
 248    0.0000259  -0.00011524
 249    0.0000431  -0.00015982
 250    0.0000983  -0.00039309
 251    0.0000339  -0.00014116
 252    0.0000961  -0.00082074
 253    0.0000006  -0.00000681
 254    0.0000007  -0.00000994
 255    0.0000005  -0.00000491
 256    0.0000003  -0.00000400
 257    0.0000001  -0.00000069
 258    0.0000001  -0.00000067
 259    0.0000000  -0.00000015
 260    0.0000000  -0.00000002
 261    0.0000483  -0.00015952
 262    0.0000071  -0.00003294
 263    0.0000172  -0.00006877
 264    0.0000081  -0.00003206
 265    0.0000525  -0.00015259
 266    0.0000309  -0.00010090
 267    0.0000698  -0.00025865
 268    0.0000176  -0.00008746
 269    0.0000319  -0.00013491
 270    0.0000770  -0.00048837
 271    0.0000322  -0.00014698
 272    0.0000461  -0.00022601
 273    0.0000003  -0.00000557
 274    0.0000007  -0.00000863
 275    0.0000004  -0.00000495
 276    0.0000003  -0.00000730
 277    0.0000001  -0.00000069
 278    0.0000000  -0.00000044
 279    0.0000000  -0.00000010
 280    0.0000000  -0.00000002
 281    0.0000358  -0.00012019
 282    0.0000046  -0.00002657
 283    0.0000150  -0.00006265
 284    0.0000068  -0.00003026
 285    0.0000273  -0.00009899
 286    0.0000188  -0.00007987
 287    0.0000575  -0.00020582
 288    0.0000141  -0.00008063
 289    0.0000226  -0.00011247
 290    0.0000732  -0.00029939
 291    0.0000264  -0.00011497
 292    0.0000296  -0.00013890
 293    0.0000002  -0.00000167
 294    0.0000005  -0.00000568
 295    0.0000004  -0.00000526
 296    0.0000001  -0.00000162
 297    0.0000000  -0.00000040
 298    0.0000000  -0.00000041
 299    0.0000000  -0.00000009
 300    0.0000000  -0.00000002
 301    0.0000356  -0.00011802
 302    0.0000032  -0.00001997
 303    0.0000135  -0.00006129
 304    0.0000042  -0.00002235
 305    0.0000214  -0.00008658
 306    0.0000096  -0.00005246
 307    0.0000228  -0.00010716
 308    0.0000094  -0.00006322
 309    0.0000192  -0.00010419
 310    0.0000223  -0.00012038
 311    0.0000236  -0.00011179
 312    0.0000164  -0.00009810
 313    0.0000001  -0.00000129
 314    0.0000003  -0.00000301
 315    0.0000003  -0.00000403
 316    0.0000001  -0.00000103
 317    0.0000000  -0.00000027
 318    0.0000000  -0.00000038
 319    0.0000000  -0.00000008
 320    0.0000000  -0.00000002
 321    0.0000237  -0.00009995
 322    0.0000023  -0.00001314
 323    0.0000060  -0.00003182
 324    0.0000013  -0.00000729
 325    0.0000079  -0.00004228
 326    0.0000073  -0.00003760
 327    0.0000128  -0.00007993
 328    0.0000078  -0.00004491
 329    0.0000146  -0.00009271
 330    0.0000146  -0.00009802
 331    0.0000198  -0.00010972
 332    0.0000083  -0.00005008
 333    0.0000001  -0.00000085
 334    0.0000003  -0.00000556
 335    0.0000002  -0.00000167
 336    0.0000001  -0.00000102
 337    0.0000000  -0.00000028
 338    0.0000000  -0.00000030
 339    0.0000000  -0.00000006
 340    0.0000000  -0.00000002
 341    0.0000128  -0.00007187
 342    0.0000017  -0.00000975
 343    0.0000017  -0.00001086
 344    0.0000009  -0.00000563
 345    0.0000041  -0.00002826
 346    0.0000045  -0.00002680
 347    0.0000077  -0.00004500
 348    0.0000027  -0.00002060
 349    0.0000027  -0.00002363
 350    0.0000105  -0.00007959
 351    0.0000165  -0.00010149
 352    0.0000065  -0.00004118
 353    0.0000001  -0.00000069
 354    0.0000002  -0.00000187
 355    0.0000001  -0.00000056
 356    0.0000001  -0.00000050
 357    0.0000000  -0.00000017
 358    0.0000000  -0.00000027
 359    0.0000000  -0.00000006
 360    0.0000000  -0.00000002
 
----------------
 Final Energies 
----------------
Final NOF Total Energy =    -551.7656468
 
Total Orbital Internal Iterations = 2100
Total Occupation Internal Iterations = 118
 
Elapsed time: 2200.59 Seconds

---------------------------------
   Lowdin Population Analysis    
---------------------------------
 Idx  Atom   Population   Charge 
---------------------------------
  1     C     5.971       0.029
  2     S    15.402       0.598
  3     C     6.545      -0.545
  4     O     7.731       0.269
  5     H     1.084      -0.084
  6     H     1.079      -0.079
  7     H     1.082      -0.082
  8     H     1.106      -0.106

---------------------------------
   M Diagnostic: 0.04
---------------------------------

