Computing Integrals
Basis Set                                            = def2-qzvp
Auxiliary Basis Set                                  = def2-universal-jkfit
Gaussian Type                                        = Spherical
Elapsed time:   15.13 Seconds

Number of basis functions                   (NBF)    = 475
Number of auxiliary basis functions         (NBFAUX) = 579
Inactive Doubly occupied orbitals up to     (NO1)    = 0
No. considered Strongly Doubly occupied MOs (NDOC)   = 27
No. considered Strongly Singly occupied MOs (NSOC)   = 0
NO. of Weakly occ. per St. Doubly occ.  MOs (NCWO)   = 16
Dimension of the Nat. Orb. subspace         (NBF5)   = 459
No. of electrons                                     = 54
    No. of alpha electrons                           = 27
    No. of beta electrons                            = 27
Multiplicity                                         = 1

Geometry
========
 C      -0.1499300      -1.0366670       0.0000000
 S       0.5689550       0.4243550       0.0000000
 F      -0.1499300       1.3095180       1.1445480
 F      -0.1499300       1.3095180      -1.1445480
 B      -1.6788000      -1.2010680       0.0000000
 H      -2.1250400      -2.3021090       0.0000000
 H      -2.3960060      -0.2526020       0.0000000
 B       0.9394340      -2.1060630       0.0000000
 H       0.6194520      -3.2503040       0.0000000
 H       2.0934610      -1.8003310       0.0000000

No violations of the orthonormality
No violations of the orthonormality
 
PNOF8/ADABelief Calculation
==================
 
  Nitext  Nit_orb  Time   Nit_occ  Time         Eelec          Etot           Ediff      maxdiff    MaxGrad_orb  Grad_occ
     1      10    4.4e+01   27    4.2e+01  -977.58182626  -687.67095478 -10976.58182626   0.003005   1.2e-02   2.1e-04 0.04
     2      20    4.6e+01    0    1.4e+00  -977.58682729  -687.67595581    -0.00500103   0.003005   1.2e-02   2.1e-04 0.04
     3      40    7.8e+01    0    1.1e+00  -977.58682729  -687.67595581     0.00000000   0.003005   1.2e-02   2.1e-04 0.04
     4      60    1.2e+02    5    3.1e+00  -977.58814304  -687.67727157    -0.00131576   0.002191   8.8e-03   2.4e-04 0.04
     5      60    1.1e+02    8    4.1e+00  -977.58871513  -687.67784365    -0.00057208   0.001444   5.8e-03   2.0e-04 0.04
     6      60    1.3e+02    3    2.2e+00  -977.58896348  -687.67809201    -0.00024835   0.001852   7.4e-03   2.7e-04 0.04
     7      60    1.7e+02    3    2.3e+00  -977.58912811  -687.67825663    -0.00016463   0.001799   7.2e-03   2.6e-04 0.04
     8      60    1.3e+02    6    3.1e+00  -977.58925935  -687.67838788    -0.00013125   0.002148   8.6e-03   2.5e-04 0.04
     9      60    2.0e+02    3    2.2e+00  -977.58939759  -687.67852611    -0.00013823   0.001689   6.8e-03   2.4e-04 0.04
    10      60    1.5e+02    6    3.3e+00  -977.58950962  -687.67863814    -0.00011204   0.001601   6.4e-03   2.4e-04 0.04
    11      60    1.3e+02    4    2.7e+00  -977.58963961  -687.67876813    -0.00012999   0.001551   6.2e-03   2.6e-04 0.04
    12      60    1.4e+02    4    2.5e+00  -977.58975339  -687.67888192    -0.00011378   0.001513   6.1e-03   2.6e-04 0.04
    13      60    1.2e+02    4    2.7e+00  -977.58986430  -687.67899282    -0.00011091   0.002526   1.0e-02   3.2e-04 0.04
    14      60    1.5e+02    4    2.6e+00  -977.58998540  -687.67911392    -0.00012110   0.001427   5.7e-03   3.1e-04 0.04
    15      60    1.2e+02   10    4.7e+00  -977.59010644  -687.67923496    -0.00012103   0.001511   6.0e-03   2.7e-04 0.04
    16      60    1.2e+02    4    2.6e+00  -977.59026165  -687.67939017    -0.00015521   0.001578   6.3e-03   2.0e-04 0.04
    17      60    1.6e+02    4    2.7e+00  -977.59041667  -687.67954519    -0.00015502   0.001474   5.9e-03   2.4e-04 0.04
    18      60    1.1e+02    4    2.6e+00  -977.59057579  -687.67970431    -0.00015912   0.001477   5.9e-03   2.9e-04 0.04
    19      60    1.4e+02    4    2.5e+00  -977.59073892  -687.67986744    -0.00016313   0.001450   5.8e-03   3.1e-04 0.04
    20      60    1.4e+02    1    1.6e+00  -977.59090057  -687.68002910    -0.00016165   0.001458   5.8e-03   3.5e-04 0.04
    21      60    1.4e+02   15    6.6e+00  -977.59102979  -687.68015832    -0.00012922   0.003933   1.6e-02   2.2e-04 0.04
    22      60    1.4e+02    6    3.3e+00  -977.59123416  -687.68036268    -0.00020436   0.001738   7.0e-03   2.1e-04 0.04
    23      60    1.5e+02    7    3.7e+00  -977.59136873  -687.68049725    -0.00013457   0.001887   7.5e-03   2.4e-04 0.04
    24      60    1.4e+02    4    2.6e+00  -977.59148953  -687.68061805    -0.00012080   0.002014   8.1e-03   2.2e-04 0.04
    25      60    1.8e+02    7    3.7e+00  -977.59158336  -687.68071188    -0.00009383   0.002253   9.0e-03   2.8e-04 0.04
    26      60    1.9e+02    6    3.2e+00  -977.59167382  -687.68080234    -0.00009046   0.002090   8.4e-03   2.6e-04 0.04
    27      60    1.0e+02    4    2.8e+00  -977.59175617  -687.68088470    -0.00008236   0.002178   8.7e-03   2.2e-04 0.04
    28      60    1.2e+02    4    2.8e+00  -977.59182851  -687.68095703    -0.00007233   0.002353   9.4e-03   2.4e-04 0.04
    29      60    1.2e+02    4    2.7e+00  -977.59191015  -687.68103867    -0.00008164   0.002169   8.7e-03   2.4e-04 0.04
    30      60    1.3e+02    4    2.8e+00  -977.59198616  -687.68111468    -0.00007602   0.002287   9.1e-03   2.3e-04 0.04
    31      60    1.2e+02   10    5.1e+00  -977.59205353  -687.68118205    -0.00006737   0.002676   1.1e-02   2.6e-04 0.04
    32      60    1.2e+02    4    2.8e+00  -977.59214310  -687.68127162    -0.00008957   0.002009   8.0e-03   1.7e-04 0.04
    33      60    1.0e+02    4    2.8e+00  -977.59219829  -687.68132681    -0.00005519   0.002344   9.4e-03   1.8e-04 0.04
    34      60    1.3e+02    4    2.8e+00  -977.59224515  -687.68137368    -0.00004686   0.002590   1.0e-02   2.0e-04 0.04
    35      60    1.3e+02    4    2.8e+00  -977.59230530  -687.68143382    -0.00006015   0.002368   9.5e-03   2.1e-04 0.04
    36      60    1.4e+02    1    1.8e+00  -977.59235268  -687.68148120    -0.00004738   0.002203   8.8e-03   2.2e-04 0.04
    37      60    1.2e+02   14    7.3e+00  -977.59238609  -687.68151461    -0.00003341   0.002196   8.8e-03   2.5e-04 0.04
    38      60    1.4e+02    3    2.5e+00  -977.59245980  -687.68158832    -0.00007371   0.002099   8.4e-03   2.1e-04 0.04
    39      60    1.3e+02    1    1.6e+00  -977.59249778  -687.68162630    -0.00003798   0.002347   9.4e-03   2.4e-04 0.04
    40      60    1.2e+02    3    2.4e+00  -977.59251968  -687.68164821    -0.00002190   0.002196   8.8e-03   1.8e-04 0.04
 
RESULTS OF THE OCCUPATION OPTIMIZATION
========================================
   1    1.9999996  -92.22764809
   2    1.9999929  -26.39644061
   3    1.9999929  -26.39622306
   4    1.9999779  -11.23794791
   5    1.9998860  -8.41494014
   6    1.9998991  -8.36013740
   7    1.9998718  -7.51417899
   8    1.9997262  -6.94691655
   9    1.9996273  -6.88283221
  10    1.9994168  -6.87186239
  11    1.9868059  -1.68402199
  12    1.9850273  -1.65073338
  13    1.9845333  -1.11977414
  14    1.9761177  -0.84631971
  15    1.9758239  -0.76134657
  16    1.9757174  -0.74902423
  17    1.9783438  -0.74702610
  18    1.9755398  -0.73364477
  19    1.9749678  -0.72641821
  20    1.9777797  -0.68205251
  21    1.9700770  -0.66553465
  22    1.9607051  -0.64108050
  23    1.9607388  -0.63944038
  24    1.9732670  -0.61715909
  25    1.9688724  -0.59914037
  26    1.9681423  -0.59681801
  27    1.9646388  -0.51076306
  28    0.0138420  -0.01380982
  29    0.0260912  -0.03976631
  30    0.0147010  -0.02100918
  31    0.0123027  -0.01533990
  32    0.0390599  -0.06270877
  33    0.0390955  -0.06284600
  34    0.0111555  -0.01470109
  35    0.0075773  -0.01471142
  36    0.0103822  -0.02041805
  37    0.0133410  -0.02363698
  38    0.0079058  -0.01517414
  39    0.0136391  -0.02376814
  40    0.0132673  -0.02354667
  41    0.0140063  -0.02221988
  42    0.0071435  -0.02400354
  43    0.0070308  -0.02263870
  44    0.0072804  -0.02304855
  45    0.0005551  -0.00963362
  46    0.0003018  -0.00475539
  47    0.0002251  -0.00549831
  48    0.0000863  -0.00119495
  49    0.0000517  -0.00121887
  50    0.0000611  -0.00164821
  51    0.0000190  -0.00044304
  52    0.0000065  -0.00020564
  53    0.0000066  -0.00021499
  54    0.0000004  -0.00003042
  55    0.0123989  -0.01424201
  56    0.0044729  -0.00927007
  57    0.0106401  -0.01252828
  58    0.0043897  -0.00621142
  59    0.0000854  -0.00022119
  60    0.0000605  -0.00016982
  61    0.0084929  -0.01138675
  62    0.0048873  -0.01164455
  63    0.0042264  -0.01074877
  64    0.0043787  -0.01092166
  65    0.0052615  -0.01174340
  66    0.0044221  -0.01087380
  67    0.0044133  -0.01181105
  68    0.0035910  -0.00840863
  69    0.0019594  -0.00845878
  70    0.0030077  -0.00966858
  71    0.0030442  -0.01168086
  72    0.0000056  -0.00022084
  73    0.0000344  -0.00148152
  74    0.0000110  -0.00022772
  75    0.0000202  -0.00035739
  76    0.0000109  -0.00019565
  77    0.0000147  -0.00029292
  78    0.0000007  -0.00002729
  79    0.0000001  -0.00000075
  80    0.0000001  -0.00000095
  81    0.0000000  -0.00000009
  82    0.0043062  -0.00564478
  83    0.0005518  -0.00128038
  84    0.0022987  -0.00428161
  85    0.0032437  -0.00479889
  86    0.0000306  -0.00008690
  87    0.0000390  -0.00010845
  88    0.0037897  -0.00556638
  89    0.0029083  -0.00834738
  90    0.0040501  -0.00967016
  91    0.0041192  -0.00974714
  92    0.0042957  -0.01079518
  93    0.0042424  -0.01016813
  94    0.0039708  -0.00959412
  95    0.0023438  -0.00497277
  96    0.0019141  -0.00818632
  97    0.0028941  -0.01129913
  98    0.0010352  -0.00745682
  99    0.0000053  -0.00008836
 100    0.0000077  -0.00012905
 101    0.0000071  -0.00007539
 102    0.0000059  -0.00005652
 103    0.0000102  -0.00014311
 104    0.0000098  -0.00012106
 105    0.0000004  -0.00001457
 106    0.0000001  -0.00000074
 107    0.0000001  -0.00000089
 108    0.0000000  -0.00000009
 109    0.0025770  -0.00343906
 110    0.0002770  -0.00068126
 111    0.0010032  -0.00201778
 112    0.0020353  -0.00399304
 113    0.0000206  -0.00006307
 114    0.0000235  -0.00007270
 115    0.0022568  -0.00317511
 116    0.0027606  -0.01033156
 117    0.0038802  -0.00945573
 118    0.0007973  -0.00319954
 119    0.0013291  -0.00484239
 120    0.0005559  -0.00163139
 121    0.0007318  -0.00262435
 122    0.0015335  -0.00346403
 123    0.0011704  -0.00533268
 124    0.0007208  -0.00358386
 125    0.0005216  -0.00522333
 126    0.0000035  -0.00003681
 127    0.0000069  -0.00008074
 128    0.0000066  -0.00007112
 129    0.0000052  -0.00004465
 130    0.0000062  -0.00012996
 131    0.0000095  -0.00012704
 132    0.0000004  -0.00000704
 133    0.0000001  -0.00000070
 134    0.0000001  -0.00000088
 135    0.0000000  -0.00000007
 136    0.0013756  -0.00222975
 137    0.0001092  -0.00032493
 138    0.0006200  -0.00137670
 139    0.0015288  -0.00258513
 140    0.0000139  -0.00008236
 141    0.0000176  -0.00007800
 142    0.0018825  -0.00350978
 143    0.0016655  -0.00613161
 144    0.0007280  -0.00262786
 145    0.0006793  -0.00246060
 146    0.0009642  -0.00381229
 147    0.0004290  -0.00146902
 148    0.0004204  -0.00137637
 149    0.0009268  -0.00307361
 150    0.0010493  -0.00481259
 151    0.0005136  -0.00462185
 152    0.0003123  -0.00210679
 153    0.0000033  -0.00003231
 154    0.0000044  -0.00006117
 155    0.0000050  -0.00005206
 156    0.0000035  -0.00003258
 157    0.0000037  -0.00007453
 158    0.0000032  -0.00003060
 159    0.0000003  -0.00000288
 160    0.0000001  -0.00000054
 161    0.0000001  -0.00000067
 162    0.0000000  -0.00000005
 163    0.0002452  -0.00048171
 164    0.0000851  -0.00023993
 165    0.0005787  -0.00125842
 166    0.0014767  -0.00441994
 167    0.0000117  -0.00006429
 168    0.0000122  -0.00006411
 169    0.0013798  -0.00228501
 170    0.0006004  -0.00161376
 171    0.0004946  -0.00154221
 172    0.0002750  -0.00098491
 173    0.0004778  -0.00161994
 174    0.0002772  -0.00098416
 175    0.0002977  -0.00111469
 176    0.0005698  -0.00143713
 177    0.0008980  -0.00474450
 178    0.0002610  -0.00112767
 179    0.0002626  -0.00130643
 180    0.0000027  -0.00017673
 181    0.0000038  -0.00005811
 182    0.0000031  -0.00004417
 183    0.0000022  -0.00002051
 184    0.0000033  -0.00008250
 185    0.0000031  -0.00008698
 186    0.0000003  -0.00000249
 187    0.0000001  -0.00000051
 188    0.0000001  -0.00000065
 189    0.0000000  -0.00000006
 190    0.0001281  -0.00026685
 191    0.0000711  -0.00020608
 192    0.0005171  -0.00104600
 193    0.0007535  -0.00174906
 194    0.0000091  -0.00003919
 195    0.0000108  -0.00004284
 196    0.0002853  -0.00058256
 197    0.0004744  -0.00138635
 198    0.0003970  -0.00137380
 199    0.0002517  -0.00090017
 200    0.0003654  -0.00128423
 201    0.0002690  -0.00096850
 202    0.0002965  -0.00108117
 203    0.0002778  -0.00081817
 204    0.0006135  -0.00553941
 205    0.0002541  -0.00110509
 206    0.0002466  -0.00108985
 207    0.0000016  -0.00001607
 208    0.0000030  -0.00007478
 209    0.0000027  -0.00003177
 210    0.0000011  -0.00001326
 211    0.0000025  -0.00002748
 212    0.0000022  -0.00002216
 213    0.0000002  -0.00000212
 214    0.0000001  -0.00000052
 215    0.0000000  -0.00000024
 216    0.0000000  -0.00000005
 217    0.0001154  -0.00024919
 218    0.0000472  -0.00015548
 219    0.0002618  -0.00056471
 220    0.0003391  -0.00070556
 221    0.0000078  -0.00003335
 222    0.0000078  -0.00003462
 223    0.0001821  -0.00042703
 224    0.0003818  -0.00110466
 225    0.0002573  -0.00095359
 226    0.0002493  -0.00089969
 227    0.0003375  -0.00128904
 228    0.0001263  -0.00047134
 229    0.0002595  -0.00093804
 230    0.0001816  -0.00050912
 231    0.0002531  -0.00112668
 232    0.0001052  -0.00076238
 233    0.0002353  -0.00110962
 234    0.0000015  -0.00001561
 235    0.0000023  -0.00004497
 236    0.0000025  -0.00002386
 237    0.0000007  -0.00000676
 238    0.0000024  -0.00002282
 239    0.0000020  -0.00002448
 240    0.0000002  -0.00000144
 241    0.0000000  -0.00000042
 242    0.0000000  -0.00000024
 243    0.0000000  -0.00000005
 244    0.0000991  -0.00023649
 245    0.0000364  -0.00011670
 246    0.0002133  -0.00050569
 247    0.0002931  -0.00063005
 248    0.0000065  -0.00002734
 249    0.0000067  -0.00002843
 250    0.0001337  -0.00032231
 251    0.0002378  -0.00082651
 252    0.0002388  -0.00090442
 253    0.0001519  -0.00059249
 254    0.0002350  -0.00081616
 255    0.0000927  -0.00034828
 256    0.0002473  -0.00095262
 257    0.0001283  -0.00038697
 258    0.0002142  -0.00113472
 259    0.0000499  -0.00023577
 260    0.0001292  -0.00090870
 261    0.0000012  -0.00001172
 262    0.0000021  -0.00001879
 263    0.0000023  -0.00002414
 264    0.0000007  -0.00000585
 265    0.0000019  -0.00002588
 266    0.0000017  -0.00001603
 267    0.0000002  -0.00000139
 268    0.0000000  -0.00000039
 269    0.0000000  -0.00000023
 270    0.0000000  -0.00000004
 271    0.0000856  -0.00021253
 272    0.0000300  -0.00009953
 273    0.0000994  -0.00027089
 274    0.0001289  -0.00029031
 275    0.0000038  -0.00001891
 276    0.0000055  -0.00002457
 277    0.0001037  -0.00024215
 278    0.0002042  -0.00072161
 279    0.0001568  -0.00057103
 280    0.0000684  -0.00025412
 281    0.0001989  -0.00071945
 282    0.0000763  -0.00030722
 283    0.0000780  -0.00030408
 284    0.0000915  -0.00027385
 285    0.0000976  -0.00068158
 286    0.0000430  -0.00020669
 287    0.0000282  -0.00015632
 288    0.0000010  -0.00001461
 289    0.0000018  -0.00001781
 290    0.0000022  -0.00002060
 291    0.0000006  -0.00000570
 292    0.0000017  -0.00001928
 293    0.0000016  -0.00001601
 294    0.0000001  -0.00000116
 295    0.0000000  -0.00000029
 296    0.0000000  -0.00000021
 297    0.0000000  -0.00000004
 298    0.0000687  -0.00018156
 299    0.0000264  -0.00009161
 300    0.0000800  -0.00019938
 301    0.0000660  -0.00018651
 302    0.0000033  -0.00001777
 303    0.0000049  -0.00002402
 304    0.0000816  -0.00021166
 305    0.0001719  -0.00053501
 306    0.0000850  -0.00030459
 307    0.0000482  -0.00016700
 308    0.0001653  -0.00059324
 309    0.0000542  -0.00018664
 310    0.0000567  -0.00022734
 311    0.0000732  -0.00023026
 312    0.0000507  -0.00021783
 313    0.0000178  -0.00014396
 314    0.0000218  -0.00015803
 315    0.0000006  -0.00000563
 316    0.0000012  -0.00001617
 317    0.0000020  -0.00001933
 318    0.0000006  -0.00000515
 319    0.0000016  -0.00001427
 320    0.0000014  -0.00002148
 321    0.0000001  -0.00000084
 322    0.0000000  -0.00000027
 323    0.0000000  -0.00000021
 324    0.0000000  -0.00000004
 325    0.0000392  -0.00011452
 326    0.0000195  -0.00007339
 327    0.0000367  -0.00011893
 328    0.0000564  -0.00017137
 329    0.0000028  -0.00001508
 330    0.0000040  -0.00002118
 331    0.0000546  -0.00016122
 332    0.0001311  -0.00050488
 333    0.0000475  -0.00017070
 334    0.0000315  -0.00011949
 335    0.0000445  -0.00016888
 336    0.0000514  -0.00019389
 337    0.0000455  -0.00016291
 338    0.0000610  -0.00017747
 339    0.0000295  -0.00016138
 340    0.0000163  -0.00013301
 341    0.0000170  -0.00012623
 342    0.0000006  -0.00000491
 343    0.0000012  -0.00001226
 344    0.0000020  -0.00001805
 345    0.0000004  -0.00000786
 346    0.0000013  -0.00001649
 347    0.0000014  -0.00001804
 348    0.0000001  -0.00000072
 349    0.0000000  -0.00000022
 350    0.0000000  -0.00000020
 351    0.0000000  -0.00000004
 352    0.0000272  -0.00007878
 353    0.0000171  -0.00006587
 354    0.0000275  -0.00009095
 355    0.0000444  -0.00014428
 356    0.0000026  -0.00001339
 357    0.0000033  -0.00001667
 358    0.0000459  -0.00014110
 359    0.0001181  -0.00046619
 360    0.0000355  -0.00013859
 361    0.0000232  -0.00010478
 362    0.0000253  -0.00011411
 363    0.0000169  -0.00010056
 364    0.0000430  -0.00015849
 365    0.0000368  -0.00013022
 366    0.0000214  -0.00016127
 367    0.0000159  -0.00012631
 368    0.0000169  -0.00012793
 369    0.0000006  -0.00000475
 370    0.0000011  -0.00001204
 371    0.0000010  -0.00001430
 372    0.0000003  -0.00001316
 373    0.0000012  -0.00001169
 374    0.0000009  -0.00000960
 375    0.0000000  -0.00000046
 376    0.0000000  -0.00000017
 377    0.0000000  -0.00000013
 378    0.0000000  -0.00000003
 379    0.0000228  -0.00007169
 380    0.0000152  -0.00006334
 381    0.0000224  -0.00007526
 382    0.0000318  -0.00011129
 383    0.0000025  -0.00001334
 384    0.0000029  -0.00001527
 385    0.0000377  -0.00011769
 386    0.0000623  -0.00020421
 387    0.0000233  -0.00009719
 388    0.0000194  -0.00010723
 389    0.0000214  -0.00011855
 390    0.0000154  -0.00009901
 391    0.0000252  -0.00011281
 392    0.0000312  -0.00011284
 393    0.0000190  -0.00015399
 394    0.0000154  -0.00011861
 395    0.0000158  -0.00012021
 396    0.0000004  -0.00002595
 397    0.0000004  -0.00002158
 398    0.0000008  -0.00000690
 399    0.0000002  -0.00000221
 400    0.0000011  -0.00000951
 401    0.0000008  -0.00000703
 402    0.0000000  -0.00000042
 403    0.0000000  -0.00000012
 404    0.0000000  -0.00000012
 405    0.0000000  -0.00000002
 406    0.0000203  -0.00006768
 407    0.0000048  -0.00002489
 408    0.0000159  -0.00006771
 409    0.0000239  -0.00009303
 410    0.0000004  -0.00000224
 411    0.0000005  -0.00000300
 412    0.0000256  -0.00008305
 413    0.0000221  -0.00012896
 414    0.0000163  -0.00009541
 415    0.0000159  -0.00011042
 416    0.0000198  -0.00012284
 417    0.0000085  -0.00005385
 418    0.0000121  -0.00008236
 419    0.0000153  -0.00010044
 420    0.0000175  -0.00013495
 421    0.0000147  -0.00011936
 422    0.0000153  -0.00011801
 423    0.0000002  -0.00000195
 424    0.0000003  -0.00000255
 425    0.0000003  -0.00000270
 426    0.0000002  -0.00000181
 427    0.0000008  -0.00000661
 428    0.0000003  -0.00000254
 429    0.0000000  -0.00000035
 430    0.0000000  -0.00000009
 431    0.0000000  -0.00000009
 432    0.0000000  -0.00000003
 433    0.0000098  -0.00004061
 434    0.0000028  -0.00001602
 435    0.0000118  -0.00005142
 436    0.0000191  -0.00008169
 437    0.0000003  -0.00000195
 438    0.0000005  -0.00000278
 439    0.0000156  -0.00006825
 440    0.0000171  -0.00011245
 441    0.0000130  -0.00008218
 442    0.0000101  -0.00006809
 443    0.0000090  -0.00006241
 444    0.0000062  -0.00003310
 445    0.0000108  -0.00007501
 446    0.0000144  -0.00009980
 447    0.0000155  -0.00012203
 448    0.0000123  -0.00010596
 449    0.0000119  -0.00010741
 450    0.0000002  -0.00000151
 451    0.0000003  -0.00000228
 452    0.0000002  -0.00000169
 453    0.0000001  -0.00000126
 454    0.0000003  -0.00000285
 455    0.0000002  -0.00000195
 456    0.0000000  -0.00000029
 457    0.0000000  -0.00000011
 458    0.0000000  -0.00000007
 459    0.0000000  -0.00000002
 
----------------
 Final Energies 
----------------
Final NOF Total Energy =    -687.6816482
 
Total Orbital Internal Iterations = 2290
Total Occupation Internal Iterations = 213
 
Elapsed time: 5539.96 Seconds

---------------------------------
   Lowdin Population Analysis    
---------------------------------
 Idx  Atom   Population   Charge 
---------------------------------
  1     C     6.261      -0.261
  2     S    15.494       0.506
  3     F     8.926       0.074
  4     F     8.925       0.075
  5     B     5.045      -0.045
  6     H     1.047      -0.047
  7     H     1.057      -0.057
  8     B     5.139      -0.139
  9     H     1.050      -0.050
 10     H     1.056      -0.056

---------------------------------
   M Diagnostic: 0.04
---------------------------------

