Computing Integrals
Basis Set                                            = def2-qzvp
Auxiliary Basis Set                                  = def2-universal-jkfit
Gaussian Type                                        = Spherical
Elapsed time:   12.59 Seconds

Number of basis functions                   (NBF)    = 588
Number of auxiliary basis functions         (NBFAUX) = 516
Inactive Doubly occupied orbitals up to     (NO1)    = 0
No. considered Strongly Doubly occupied MOs (NDOC)   = 18
No. considered Strongly Singly occupied MOs (NSOC)   = 0
NO. of Weakly occ. per St. Doubly occ.  MOs (NCWO)   = 1
Dimension of the Nat. Orb. subspace         (NBF5)   = 36
No. of electrons                                     = 36
    No. of alpha electrons                           = 18
    No. of beta electrons                            = 18
Multiplicity                                         = 1

Geometry
========
 C       0.6841602       0.3377511      -1.9114827
 C      -0.6841602      -0.3377511      -1.9114827
 H       1.4896455      -0.4014341      -1.9114827
 H       0.8127733       0.9696603      -2.7942920
 H       0.8127733       0.9696603      -1.0286734
 H      -1.4896455       0.4014341      -1.9114827
 H      -0.8127733      -0.9696603      -2.7942920
 H      -0.8127733      -0.9696603      -1.0286734
 C       0.6841602      -0.3377511       1.9114827
 C      -0.6841602       0.3377511       1.9114827
 H       1.4896455       0.4014341       1.9114827
 H       0.8127733      -0.9696603       2.7942920
 H       0.8127733      -0.9696603       1.0286734
 H      -1.4896455      -0.4014341       1.9114827
 H      -0.8127733       0.9696603       2.7942920
 H      -0.8127733       0.9696603       1.0286734

No violations of the orthonormality
No violations of the orthonormality
 
PNOF5/ADABelief Calculation
==================
 
  Nitext  Nit_orb  Time   Nit_occ  Time         Eelec          Etot           Ediff      maxdiff    MaxGrad_orb  Grad_occ
     1      10    1.2e+01    1    1.2e+01  -286.11333921  -158.78330591 -10285.11333921   0.004985   2.0e-02   4.2e-04 0.02
     2      20    5.6e+00    1    1.1e-01  -286.11914157  -158.78910827    -0.00580236   0.002317   9.3e-03   2.4e-04 0.02
     3      20    6.7e+00    0    1.1e-01  -286.11929961  -158.78926631    -0.00015804   0.002317   9.3e-03   2.4e-04 0.02
     4      28    7.3e+00    1    1.1e-01  -286.12000545  -158.78997215    -0.00070584   0.000359   1.4e-03   3.5e-05 0.02
 
RESULTS OF THE OCCUPATION OPTIMIZATION
========================================
   1    1.9996263  -11.19274932
   2    1.9996263  -11.19274233
   3    1.9996264  -11.19274044
   4    1.9996263  -11.19273639
   5    1.9860108  -0.69453671
   6    1.9860093  -0.69451653
   7    1.9834302  -0.65178661
   8    1.9834302  -0.65178306
   9    1.9834300  -0.65178146
  10    1.9834300  -0.65175991
  11    1.9833986  -0.65160597
  12    1.9833993  -0.65159151
  13    1.9833967  -0.65158041
  14    1.9833976  -0.65157365
  15    1.9833946  -0.65144620
  16    1.9833931  -0.65142118
  17    1.9833933  -0.65141147
  18    1.9833936  -0.65139052
  19    0.0166064  -0.01305987
  20    0.0166067  -0.01306077
  21    0.0166069  -0.01306047
  22    0.0166054  -0.01305926
  23    0.0166024  -0.01305740
  24    0.0166033  -0.01305816
  25    0.0166007  -0.01305736
  26    0.0166014  -0.01305750
  27    0.0165700  -0.01304802
  28    0.0165700  -0.01304874
  29    0.0165698  -0.01304823
  30    0.0165698  -0.01304802
  31    0.0139907  -0.01185589
  32    0.0139892  -0.01185503
  33    0.0003737  -0.00760324
  34    0.0003736  -0.00760309
  35    0.0003737  -0.00760325
  36    0.0003737  -0.00760340
 
----------------
 Final Energies 
----------------
Final NOF Total Energy =    -158.7899721
 
Total Orbital Internal Iterations = 78
Total Occupation Internal Iterations = 3
 
Elapsed time:   53.20 Seconds

---------------------------------
   Lowdin Population Analysis    
---------------------------------
 Idx  Atom   Population   Charge 
---------------------------------
  1     C     5.803       0.197
  2     C     5.803       0.197
  3     H     1.065      -0.065
  4     H     1.066      -0.066
  5     H     1.066      -0.066
  6     H     1.065      -0.065
  7     H     1.066      -0.066
  8     H     1.066      -0.066
  9     C     5.803       0.197
 10     C     5.803       0.197
 11     H     1.065      -0.065
 12     H     1.066      -0.066
 13     H     1.066      -0.066
 14     H     1.065      -0.065
 15     H     1.066      -0.066
 16     H     1.066      -0.066

---------------------------------
   M Diagnostic: 0.02
---------------------------------

