Computing Integrals
Basis Set                                            = def2-qzvp
Auxiliary Basis Set                                  = def2-universal-jkfit
Gaussian Type                                        = Spherical
Elapsed time:    1.71 Seconds

Number of basis functions                   (NBF)    = 130
Number of auxiliary basis functions         (NBFAUX) = 164
Inactive Doubly occupied orbitals up to     (NO1)    = 0
No. considered Strongly Doubly occupied MOs (NDOC)   = 8
No. considered Strongly Singly occupied MOs (NSOC)   = 1
NO. of Weakly occ. per St. Doubly occ.  MOs (NCWO)   = 1
Dimension of the Nat. Orb. subspace         (NBF5)   = 17
No. of electrons                                     = 17
    No. of alpha electrons                           = 9
    No. of beta electrons                            = 8
Multiplicity                                         = 2

Geometry
========
 P       0.0000000       0.0000000       0.6553895
 H      -1.0201320       0.0000000      -0.3276948
 H       1.0201320       0.0000000      -0.3276948

No violations of the orthonormality
No violations of the orthonormality
 
PNOF5/ADABelief Calculation
==================
 
  Nitext  Nit_orb  Time   Nit_occ  Time         Eelec          Etot           Ediff      maxdiff    MaxGrad_orb  Grad_occ
     1      10    9.3e+00    2    1.2e+01  -353.41455070  -341.94960319 -10352.41455070   0.003841   1.5e-02   7.9e-05 0.01
     2      20    7.6e-01    1    5.9e-03  -353.41729725  -341.95234973    -0.00274654   0.004988   2.0e-02   2.0e-04 0.01
     3      20    1.3e+00    2    1.6e-02  -353.41760792  -341.95266041    -0.00031068   0.004900   2.0e-02   1.1e-05 0.02
     4      20    6.1e-01    0    3.0e-02  -353.41765092  -341.95270341    -0.00004300   0.008128   3.3e-02   2.1e-04 0.02
     5      30    1.9e+00    0    2.9e-03  -353.41772352  -341.95277601    -0.00007260   0.003405   1.4e-02   2.1e-04 0.02
     6      40    1.3e+00    1    1.1e-02  -353.41773597  -341.95278846    -0.00001245   0.002542   1.0e-02   7.7e-05 0.02
     7      40    1.8e+00    1    1.2e-02  -353.41778500  -341.95283749    -0.00004903   0.002021   8.1e-03   7.1e-05 0.02
     8      40    1.6e+00    0    1.3e-02  -353.41781317  -341.95286566    -0.00002817   0.002394   9.6e-03   1.7e-04 0.02
     9      50    2.0e+00    1    1.1e-02  -353.41792347  -341.95297595    -0.00011030   0.001121   4.5e-03   8.8e-05 0.02
    10      50    2.2e+00    1    1.2e-02  -353.41799650  -341.95304899    -0.00007304   0.001320   5.3e-03   9.0e-05 0.02
    11      50    2.3e+00    1    4.3e-02  -353.41807543  -341.95312792    -0.00007893   0.001442   5.8e-03   1.5e-04 0.02
    12      50    2.3e+00    1    3.0e-02  -353.41813456  -341.95318705    -0.00005913   0.001586   6.3e-03   1.5e-04 0.02
    13      50    3.2e+00    1    6.4e-02  -353.41818525  -341.95323774    -0.00005069   0.001499   6.0e-03   1.6e-04 0.02
    14      50    2.8e+00    1    2.1e-02  -353.41821813  -341.95327061    -0.00003288   0.001874   7.5e-03   1.4e-04 0.02
    15      50    2.9e+00    1    1.8e-02  -353.41824458  -341.95329706    -0.00002645   0.001855   7.4e-03   1.5e-04 0.02
    16      50    2.6e+00    1    1.6e-02  -353.41825841  -341.95331089    -0.00001383   0.002700   1.1e-02   9.0e-05 0.02
    17      50    2.7e+00    1    2.0e-02  -353.41829591  -341.95334840    -0.00003750   0.001678   6.7e-03   8.5e-05 0.02
    18      50    2.4e+00    0    1.0e-02  -353.41829838  -341.95335086    -0.00000247   0.001678   6.7e-03   8.5e-05 0.02
    19      51    2.1e+00    0    1.5e-02  -353.41832016  -341.95337264    -0.00002178   0.000476   1.9e-03   1.3e-04 0.02
 
RESULTS OF THE OCCUPATION OPTIMIZATION
========================================
   1    1.9999674  -79.33782519
   2    1.9995448  -6.08854736
   3    1.9994899  -6.07089979
   4    1.9995137  -6.05116323
   5    1.9995069  -6.04683804
   6    1.9942310  -0.61597220
   7    1.9822407  -0.60636298
   8    1.9812358  -0.59895067
   9    1.0000000  -0.18178515
  10    0.0187642  -0.01264519
  11    0.0177593  -0.01224625
  12    0.0057690  -0.00422799
  13    0.0004931  -0.00469990
  14    0.0004863  -0.00466555
  15    0.0005101  -0.00481601
  16    0.0004552  -0.00440297
  17    0.0000326  -0.00551697
 
----------------
 Final Energies 
----------------
Final NOF Total Energy =    -341.9533726
 
Total Orbital Internal Iterations = 771
Total Occupation Internal Iterations = 16
 
Elapsed time:   66.03 Seconds

---------------------------------
   Lowdin Population Analysis    
---------------------------------
 Idx  Atom   Population   Charge 
---------------------------------
  1     P    14.581       0.419
  2     H     1.210      -0.210
  3     H     1.210      -0.210

---------------------------------
   M Diagnostic: 0.02
---------------------------------

