Computing Integrals
Basis Set                                            = def2-qzvp
Auxiliary Basis Set                                  = def2-universal-jkfit
Gaussian Type                                        = Spherical
Elapsed time:    1.71 Seconds

Number of basis functions                   (NBF)    = 87
Number of auxiliary basis functions         (NBFAUX) = 95
Inactive Doubly occupied orbitals up to     (NO1)    = 0
No. considered Strongly Doubly occupied MOs (NDOC)   = 4
No. considered Strongly Singly occupied MOs (NSOC)   = 1
NO. of Weakly occ. per St. Doubly occ.  MOs (NCWO)   = 1
Dimension of the Nat. Orb. subspace         (NBF5)   = 9
No. of electrons                                     = 9
    No. of alpha electrons                           = 5
    No. of beta electrons                            = 4
Multiplicity                                         = 2

Geometry
========
 O       0.0000000       0.0000000       0.4844483
 H       0.0000000       0.0000000      -0.4844483

No violations of the orthonormality
No violations of the orthonormality
 
PNOF5/ADABelief Calculation
==================
 
  Nitext  Nit_orb  Time   Nit_occ  Time         Eelec          Etot           Ediff      maxdiff    MaxGrad_orb  Grad_occ
     1      10    9.0e+00    2    1.2e+01   -79.84696112   -75.47765155 -10078.84696112   0.003511   1.4e-02   2.7e-05 0.02
     2      20    2.6e-02    0    2.6e-04   -79.84700244   -75.47769287    -0.00004132   0.003511   1.4e-02   2.7e-05 0.02
     3      40    5.2e-02    1    3.2e-04   -79.84746552   -75.47815596    -0.00046309   0.002884   1.2e-02   1.1e-04 0.02
     4      40    6.9e-02    1    2.7e-04   -79.84747978   -75.47817022    -0.00001426   0.004486   1.8e-02   6.8e-05 0.02
     5      40    4.2e-02    0    2.6e-04   -79.84748517   -75.47817561    -0.00000539   0.004137   1.7e-02   8.9e-05 0.02
     6      50    4.3e-02    0    2.7e-04   -79.84749769   -75.47818812    -0.00001252   0.002941   1.2e-02   8.4e-05 0.02
     7      60    4.3e-02    0    2.6e-04   -79.84750243   -75.47819287    -0.00000475   0.002229   8.9e-03   8.5e-05 0.02
     8      70    6.2e-02    0    3.6e-04   -79.84750542   -75.47819585    -0.00000298   0.002036   8.1e-03   8.3e-05 0.02
     9      80    5.5e-02    0    2.7e-04   -79.84750786   -75.47819830    -0.00000245   0.001738   7.0e-03   8.4e-05 0.02
    10      90    8.3e-02    0    3.7e-04   -79.84750956   -75.47820000    -0.00000170   0.001395   5.6e-03   8.3e-05 0.02
    11     100    8.8e-02    0    2.6e-04   -79.84751061   -75.47820105    -0.00000105   0.001085   4.3e-03   8.4e-05 0.02
    12     110    1.1e-01    0    4.8e-04   -79.84751120   -75.47820164    -0.00000059   0.000845   3.4e-03   8.3e-05 0.02
 
RESULTS OF THE OCCUPATION OPTIMIZATION
========================================
   1    1.9998158  -20.59553810
   2    1.9810901  -0.91134466
   3    1.9926799  -0.83486983
   4    1.9926530  -0.83432795
   5    1.0000000  -0.32599460
   6    0.0073470  -0.00939544
   7    0.0073201  -0.00937920
   8    0.0189099  -0.01935320
   9    0.0001842  -0.00693438
 
----------------
 Final Energies 
----------------
Final NOF Total Energy =     -75.4782016
 
Total Orbital Internal Iterations = 710
Total Occupation Internal Iterations = 4
 
Elapsed time:   27.77 Seconds

---------------------------------
   Lowdin Population Analysis    
---------------------------------
 Idx  Atom   Population   Charge 
---------------------------------
  1     O     7.590       0.410
  2     H     1.410      -0.410

---------------------------------
   M Diagnostic: 0.02
---------------------------------

