Computing Integrals
Basis Set                                            = def2-qzvp
Auxiliary Basis Set                                  = def2-universal-jkfit
Gaussian Type                                        = Spherical
Elapsed time:    6.06 Seconds

Number of basis functions                   (NBF)    = 642
Number of auxiliary basis functions         (NBFAUX) = 634
Inactive Doubly occupied orbitals up to     (NO1)    = 0
No. considered Strongly Doubly occupied MOs (NDOC)   = 25
No. considered Strongly Singly occupied MOs (NSOC)   = 0
NO. of Weakly occ. per St. Doubly occ.  MOs (NCWO)   = 1
Dimension of the Nat. Orb. subspace         (NBF5)   = 50
No. of electrons                                     = 50
    No. of alpha electrons                           = 25
    No. of beta electrons                            = 25
Multiplicity                                         = 1

Geometry
========
 C       1.7152640      -0.0007590       0.5515400
 H       1.2512450      -0.4699330       1.4249100
 O       1.9171090      -0.9589470      -0.4858620
 C       0.8221070       1.1013200       0.0042440
 H       0.6423300       1.8206380       0.8080950
 H       1.3669290       1.6284510      -0.7806120
 C      -0.5096610       0.6035630      -0.5614620
 H      -0.3294700      -0.0379410      -1.4228660
 H      -1.0955360       1.4572270      -0.9062310
 H       2.4983660      -1.6436990      -0.1459810
 H       2.6683740       0.4294360       0.8731390
 C      -1.3467400      -0.1590810       0.4491090
 H      -0.8624120      -1.1061280       0.7021330
 H      -1.4501540       0.4283550       1.3693070
 O      -2.6233110      -0.3941540      -0.1438210
 H      -3.1258680      -0.9518590       0.4549900

No violations of the orthonormality
No violations of the orthonormality
 
PNOF5/ADABelief Calculation
==================
 
  Nitext  Nit_orb  Time   Nit_occ  Time         Eelec          Etot           Ediff      maxdiff    MaxGrad_orb  Grad_occ
     1      10    2.4e+01    0    2.5e+01  -562.32119676  -307.51299731 -10561.32119676   0.000484   1.9e-03   1.6e-04 0.02
 
RESULTS OF THE OCCUPATION OPTIMIZATION
========================================
   1    1.9998131  -20.53389886
   2    1.9998129  -20.52636248
   3    1.9996205  -11.25650268
   4    1.9996202  -11.24828985
   5    1.9996227  -11.20030566
   6    1.9996228  -11.18921787
   7    1.9819846  -0.87841173
   8    1.9818531  -0.86986575
   9    1.9815990  -0.86189592
  10    1.9815534  -0.85327422
  11    1.9919382  -0.74408970
  12    1.9918223  -0.74137182
  13    1.9918850  -0.73479541
  14    1.9918591  -0.73402156
  15    1.9861288  -0.72160213
  16    1.9863362  -0.71426485
  17    1.9860858  -0.69822569
  18    1.9834769  -0.68654133
  19    1.9833954  -0.68486986
  20    1.9835237  -0.67864315
  21    1.9832684  -0.67670275
  22    1.9835836  -0.66359872
  23    1.9836319  -0.65947091
  24    1.9836678  -0.65067563
  25    1.9839288  -0.64811796
  26    0.0160712  -0.01281065
  27    0.0163322  -0.01294091
  28    0.0163681  -0.01304385
  29    0.0164164  -0.01307170
  30    0.0167316  -0.01351367
  31    0.0164763  -0.01341791
  32    0.0166046  -0.01353306
  33    0.0165231  -0.01350485
  34    0.0139142  -0.01190307
  35    0.0136638  -0.01202691
  36    0.0138712  -0.01218796
  37    0.0081409  -0.00963635
  38    0.0081150  -0.00962387
  39    0.0081777  -0.00968636
  40    0.0080618  -0.00960582
  41    0.0184466  -0.01814134
  42    0.0184010  -0.01817476
  43    0.0181469  -0.01824851
  44    0.0180154  -0.01824403
  45    0.0003772  -0.00762891
  46    0.0003773  -0.00763350
  47    0.0003798  -0.00767705
  48    0.0003795  -0.00767650
  49    0.0001871  -0.00700722
  50    0.0001869  -0.00700483
 
----------------
 Final Energies 
----------------
Final NOF Total Energy =    -307.5129973
 
Total Orbital Internal Iterations = 10
Total Occupation Internal Iterations = 0
 
Elapsed time:   64.31 Seconds

---------------------------------
   Lowdin Population Analysis    
---------------------------------
 Idx  Atom   Population   Charge 
---------------------------------
  1     C     6.097      -0.097
  2     H     1.066      -0.066
  3     O     7.425       0.575
  4     C     5.912       0.088
  5     H     1.046      -0.046
  6     H     1.046      -0.046
  7     C     5.910       0.090
  8     H     1.046      -0.046
  9     H     1.048      -0.048
 10     H     1.340      -0.340
 11     H     1.065      -0.065
 12     C     6.097      -0.097
 13     H     1.065      -0.065
 14     H     1.064      -0.064
 15     O     7.430       0.570
 16     H     1.343      -0.343

---------------------------------
   M Diagnostic: 0.02
---------------------------------

