Computing Integrals
Basis Set                                            = def2-qzvp
Auxiliary Basis Set                                  = def2-universal-jkfit
Gaussian Type                                        = Spherical
Elapsed time:    4.93 Seconds

Number of basis functions                   (NBF)    = 391
Number of auxiliary basis functions         (NBFAUX) = 445
Inactive Doubly occupied orbitals up to     (NO1)    = 0
No. considered Strongly Doubly occupied MOs (NDOC)   = 21
No. considered Strongly Singly occupied MOs (NSOC)   = 0
NO. of Weakly occ. per St. Doubly occ.  MOs (NCWO)   = 1
Dimension of the Nat. Orb. subspace         (NBF5)   = 42
No. of electrons                                     = 42
    No. of alpha electrons                           = 21
    No. of beta electrons                            = 21
Multiplicity                                         = 1

Geometry
========
 O      -2.6230507       0.0983053      -0.2620611
 H      -1.6716484       0.0200216      -0.4294782
 H      -2.8369391       0.9964234      -0.5148255
 C       0.4073302      -0.0340636      -0.5409216
Cl       1.3208633      -0.1895449      -1.9641069
 C       1.2421153      -0.1696644       0.6612515
 H       2.3287649      -0.1804742       0.5550829
 H       0.9214309       0.5791287       1.3905426
 H       0.9111337      -1.1201319       1.1045163

No violations of the orthonormality
No violations of the orthonormality
 
PNOF5/ADABelief Calculation
==================
 
  Nitext  Nit_orb  Time   Nit_occ  Time         Eelec          Etot           Ediff      maxdiff    MaxGrad_orb  Grad_occ
     1      10    1.1e+01    2    1.2e+01  -754.50494235  -613.22437437 -10753.50494235   0.004768   1.9e-02   2.5e-04 0.04
     2      20    4.0e+00    2    5.5e-02  -754.50934947  -613.22878149    -0.00440712   0.021046   8.4e-02   2.8e-04 0.05
     3      20    3.6e+00    3    4.8e-02  -754.51209185  -613.23152388    -0.00274238   0.019737   7.9e-02   9.3e-05 0.05
     4      20    3.9e+00    0    4.2e-02  -754.51216651  -613.23159854    -0.00007466   0.019737   7.9e-02   9.3e-05 0.05
     5      40    8.3e+00    1    4.3e-02  -754.51706761  -613.23649964    -0.00490110   0.003391   1.4e-02   2.1e-04 0.05
     6      40    7.6e+00    0    5.7e-02  -754.51708397  -613.23651600    -0.00001636   0.003391   1.4e-02   2.1e-04 0.05
     7      60    1.1e+01    0    5.8e-02  -754.51715023  -613.23658226    -0.00006626   0.000554   2.2e-03   2.9e-04 0.05
 
RESULTS OF THE OCCUPATION OPTIMIZATION
========================================
   1    1.9999730  -103.11358723
   2    1.9998117  -20.50878419
   3    1.9995917  -11.33322802
   4    1.9996261  -11.23800668
   5    1.9998139  -9.21865060
   6    1.9998221  -9.10037980
   7    1.9998245  -9.07659097
   8    1.9998012  -9.06391300
   9    1.9845584  -0.86368095
  10    1.9821647  -0.85431663
  11    1.9876349  -0.82505606
  12    1.9875812  -0.79362502
  13    1.9933831  -0.72370026
  14    1.9933592  -0.71700090
  15    1.9841159  -0.70436461
  16    1.9840104  -0.70171557
  17    1.9839167  -0.69975218
  18    1.9909286  -0.69805119
  19    1.9908350  -0.69769975
  20    1.9922943  -0.68250569
  21    1.9530432  -0.54558332
  22    0.0469568  -0.02257352
  23    0.0077057  -0.00660083
  24    0.0091650  -0.01022832
  25    0.0090714  -0.01016407
  26    0.0160833  -0.01292028
  27    0.0159896  -0.01301144
  28    0.0158841  -0.01310817
  29    0.0066408  -0.00611784
  30    0.0066169  -0.00599114
  31    0.0124188  -0.01177419
  32    0.0123651  -0.01131625
  33    0.0178353  -0.01783450
  34    0.0154416  -0.01620574
  35    0.0001988  -0.00298285
  36    0.0001755  -0.00279780
  37    0.0001779  -0.00280430
  38    0.0001861  -0.00288586
  39    0.0003739  -0.00760209
  40    0.0004083  -0.00812709
  41    0.0001883  -0.00702283
  42    0.0000270  -0.00583867
 
----------------
 Final Energies 
----------------
Final NOF Total Energy =    -613.2365823
 
Total Orbital Internal Iterations = 210
Total Occupation Internal Iterations = 8
 
Elapsed time:   70.09 Seconds

---------------------------------
   Lowdin Population Analysis    
---------------------------------
 Idx  Atom   Population   Charge 
---------------------------------
  1     O     7.371       0.629
  2     H     1.405      -0.405
  3     H     1.345      -0.345
  4     C     6.324      -0.324
  5    Cl    16.502       0.498
  6     C     5.897       0.103
  7     H     1.070      -0.070
  8     H     1.049      -0.049
  9     H     1.036      -0.036

---------------------------------
   M Diagnostic: 0.05
---------------------------------

