Computing Integrals
Basis Set                                            = def2-qzvp
Auxiliary Basis Set                                  = def2-universal-jkfit
Gaussian Type                                        = Spherical
Elapsed time:    1.81 Seconds

Number of basis functions                   (NBF)    = 147
Number of auxiliary basis functions         (NBFAUX) = 131
Inactive Doubly occupied orbitals up to     (NO1)    = 0
No. considered Strongly Doubly occupied MOs (NDOC)   = 5
No. considered Strongly Singly occupied MOs (NSOC)   = 0
NO. of Weakly occ. per St. Doubly occ.  MOs (NCWO)   = 1
Dimension of the Nat. Orb. subspace         (NBF5)   = 10
No. of electrons                                     = 10
    No. of alpha electrons                           = 5
    No. of beta electrons                            = 5
Multiplicity                                         = 1

Geometry
========
 N      -1.0437843      -0.0948723       0.0000000
 H      -0.6557010      -1.0404794       0.0000000
 H      -0.6556774       0.3779676       0.8189212
 H      -0.6556774       0.3779676      -0.8189212

No violations of the orthonormality
No violations of the orthonormality
 
PNOF5/ADABelief Calculation
==================
 
  Nitext  Nit_orb  Time   Nit_occ  Time         Eelec          Etot           Ediff      maxdiff    MaxGrad_orb  Grad_occ
     1      10    9.3e+00    1    1.2e+01   -68.14114539   -56.30013267 -10067.14114539   0.003946   1.6e-02   2.3e-04 0.02
     2      20    6.5e-01    1    6.6e-03   -68.14212989   -56.30111718    -0.00098451   0.011465   4.6e-02   3.2e-05 0.02
     3      20    8.0e-01    0    8.2e-03   -68.14213527   -56.30112256    -0.00000538   0.011465   4.6e-02   3.2e-05 0.02
     4      40    1.4e+00    0    1.1e-02   -68.14222595   -56.30121324    -0.00009068   0.000511   2.0e-03   6.1e-05 0.02
 
RESULTS OF THE OCCUPATION OPTIMIZATION
========================================
   1    1.9997370  -15.52873480
   2    1.9827515  -0.77500789
   3    1.9827065  -0.77495144
   4    1.9827031  -0.77492068
   5    1.9878103  -0.55326501
   6    0.0121897  -0.01023514
   7    0.0172969  -0.01559013
   8    0.0172935  -0.01559011
   9    0.0172485  -0.01557328
  10    0.0002630  -0.00736019
 
----------------
 Final Energies 
----------------
Final NOF Total Energy =     -56.3012132
 
Total Orbital Internal Iterations = 90
Total Occupation Internal Iterations = 2
 
Elapsed time:   30.33 Seconds

---------------------------------
   Lowdin Population Analysis    
---------------------------------
 Idx  Atom   Population   Charge 
---------------------------------
  1     N     6.449       0.551
  2     H     1.184      -0.184
  3     H     1.184      -0.184
  4     H     1.184      -0.184

---------------------------------
   M Diagnostic: 0.02
---------------------------------

