Computing Integrals
Basis Set                                            = def2-qzvp
Auxiliary Basis Set                                  = def2-universal-jkfit
Gaussian Type                                        = Spherical
Elapsed time:   12.99 Seconds

Number of basis functions                   (NBF)    = 541
Number of auxiliary basis functions         (NBFAUX) = 785
Inactive Doubly occupied orbitals up to     (NO1)    = 0
No. considered Strongly Doubly occupied MOs (NDOC)   = 51
No. considered Strongly Singly occupied MOs (NSOC)   = 0
NO. of Weakly occ. per St. Doubly occ.  MOs (NCWO)   = 1
Dimension of the Nat. Orb. subspace         (NBF5)   = 102
No. of electrons                                     = 102
    No. of alpha electrons                           = 51
    No. of beta electrons                            = 51
Multiplicity                                         = 1

Geometry
========
 I       0.0000000       0.0000000       1.4419950
 C       0.0000000       1.1506450      -1.3620180
 N       0.0000000       0.0000000      -0.5703330
 O       0.0000000       2.2819510      -0.9688680
 O       0.0000000      -2.2819510      -0.9688680
 C       0.0000000      -1.1506450      -1.3620180
 C       0.0000000      -0.6617750      -2.7803190
 C       0.0000000       0.6617750      -2.7803190
 H       0.0000000       1.3493370      -3.6117420
 H       0.0000000      -1.3493370      -3.6117420

No violations of the orthonormality
No violations of the orthonormality
 
PNOF5/ADABelief Calculation
==================
 
  Nitext  Nit_orb  Time   Nit_occ  Time         Eelec          Etot           Ediff      maxdiff    MaxGrad_orb  Grad_occ
     1      10    1.9e+01    2    1.2e+01 -3493.09417936 -2797.56389494 -13492.09417936   0.003921   1.6e-02   2.4e-04 0.77
     2      20    2.0e+01    0    4.8e-01 -3493.09435756 -2797.56407315    -0.00017820   0.003921   1.6e-02   2.4e-04 0.77
     3      40    3.7e+01    6    5.9e-01 -3493.10185140 -2797.57156699    -0.00749384   0.004133   1.7e-02   2.5e-04 0.82
     4      40    3.8e+01    3    5.0e-01 -3493.10427481 -2797.57399040    -0.00242341   0.016762   6.7e-02   2.0e-04 0.86
     5      40    3.6e+01    6    5.5e-01 -3493.10568703 -2797.57540261    -0.00141222   0.004155   1.7e-02   1.7e-04 0.89
     6      40    3.7e+01    2    4.8e-01 -3493.10656094 -2797.57627653    -0.00087392   0.004389   1.8e-02   1.5e-04 0.92
     7      40    3.6e+01    4    4.9e-01 -3493.10721394 -2797.57692952    -0.00065299   0.004021   1.6e-02   2.2e-04 0.94
     8      40    3.7e+01    4    4.9e-01 -3493.10783264 -2797.57754822    -0.00061870   0.004104   1.6e-02   1.7e-04 0.96
     9      40    3.7e+01    3    5.0e-01 -3493.10831038 -2797.57802596    -0.00047774   0.004106   1.6e-02   2.2e-04 0.98
    10      40    3.8e+01    3    5.1e-01 -3493.10865329 -2797.57836888    -0.00034292   0.003996   1.6e-02   1.7e-04 1.00
    11      40    3.7e+01    2    4.9e-01 -3493.10884418 -2797.57855976    -0.00019088   0.003834   1.5e-02   2.0e-04 0.97
    12      40    3.6e+01    1    4.6e-01 -3493.10894119 -2797.57865678    -0.00009702   0.003624   1.4e-02   2.1e-04 0.95
    13      40    3.9e+01    1    4.8e-01 -3493.10896790 -2797.57868349    -0.00002671   0.003958   1.6e-02   2.0e-04 0.93
    14      40    3.7e+01    0    4.8e-01 -3493.10899695 -2797.57871254    -0.00002905   0.003841   1.5e-02   2.9e-04 0.93
    15      50    4.6e+01    1    4.9e-01 -3493.10909442 -2797.57881001    -0.00009747   0.002559   1.0e-02   1.7e-04 0.92
    16      50    4.7e+01    0    4.7e-01 -3493.10910356 -2797.57881915    -0.00000914   0.007236   2.9e-02   2.2e-04 0.92
    17      60    5.8e+01    0    4.7e-01 -3493.10913526 -2797.57885085    -0.00003170   0.001656   6.6e-03   2.2e-04 0.92
    18      70    6.4e+01    0    5.8e-01 -3493.10914643 -2797.57886201    -0.00001117   0.001141   4.6e-03   2.2e-04 0.92
    19      80    7.1e+01    0    4.8e-01 -3493.10914967 -2797.57886526    -0.00000324   0.000642   2.6e-03   2.2e-04 0.92
 
RESULTS OF THE OCCUPATION OPTIMIZATION
========================================
   1    2.0000000  -146.83030451
   2    2.0000000  -63.44734704
   3    2.0000000  -63.40058644
   4    2.0000000  -61.20038402
   5    2.0000000  -31.95319291
   6    1.9998158  -20.54772182
   7    1.9998143  -20.54058876
   8    1.9997354  -15.59232832
   9    1.9996132  -11.36620222
  10    1.9996160  -11.36111284
  11    1.9996196  -11.25582417
  12    1.9996196  -11.25543971
  13    1.9999997  -10.88779608
  14    1.9999996  -10.87060689
  15    1.9999997  -10.73277294
  16    1.9999990  -9.99835358
  17    1.9999978  -9.74592432
  18    1.9999987  -9.59795349
  19    1.9999840  -8.67059127
  20    1.9999603  -7.41118949
  21    1.9999449  -6.72169212
  22    1.9999413  -6.25758324
  23    1.9999277  -5.53420171
  24    1.9999292  -5.35659561
  25    1.9999345  -5.35177421
  26    1.9999311  -5.33737661
  27    1.9999269  -5.27817354
  28    1.9999255  -5.26078360
  29    1.9919770  -1.16426614
  30    1.9898724  -0.96348169
  31    1.9899302  -0.95972874
  32    1.9938852  -0.94364688
  33    1.9859066  -0.93417049
  34    1.9875850  -0.93170340
  35    1.9868519  -0.92288820
  36    1.9971879  -0.86275451
  37    1.9964314  -0.84305887
  38    1.9881745  -0.83831777
  39    1.9883263  -0.83502689
  40    1.9796718  -0.79952837
  41    1.9926210  -0.78509421
  42    1.9924477  -0.78028159
  43    1.9925411  -0.77356787
  44    1.9923587  -0.76804430
  45    1.9850287  -0.74737035
  46    1.9850540  -0.74722512
  47    1.9706285  -0.65743797
  48    1.9926692  -0.65200954
  49    1.9500617  -0.56755263
  50    1.9300324  -0.45848091
  51    1.0830082  -0.16797685
  52    0.9169918  -0.14520675
  53    0.0699676  -0.02760631
  54    0.0499383  -0.02794676
  55    0.0073308  -0.00684793
  56    0.0293715  -0.02036800
  57    0.0149460  -0.01293827
  58    0.0149713  -0.01295543
  59    0.0076413  -0.00929470
  60    0.0074589  -0.00917723
  61    0.0075523  -0.00927229
  62    0.0073790  -0.00916024
  63    0.0203282  -0.01828647
  64    0.0116737  -0.01149741
  65    0.0118255  -0.01162270
  66    0.0035686  -0.00359037
  67    0.0028121  -0.00312925
  68    0.0131481  -0.01186573
  69    0.0124150  -0.01122620
  70    0.0140934  -0.01546669
  71    0.0061148  -0.00752081
  72    0.0100698  -0.01148639
  73    0.0101276  -0.01157120
  74    0.0080230  -0.01168505
  75    0.0000745  -0.00055615
  76    0.0000731  -0.00055450
  77    0.0000689  -0.00052963
  78    0.0000655  -0.00052351
  79    0.0000708  -0.00053703
  80    0.0000723  -0.00056273
  81    0.0000587  -0.00050611
  82    0.0000551  -0.00047330
  83    0.0000397  -0.00037905
  84    0.0000160  -0.00017729
  85    0.0000013  -0.00002847
  86    0.0000022  -0.00003907
  87    0.0000010  -0.00002620
  88    0.0000003  -0.00000495
  89    0.0000004  -0.00000774
  90    0.0000003  -0.00000523
  91    0.0003804  -0.00772075
  92    0.0003804  -0.00772016
  93    0.0003840  -0.00779045
  94    0.0003868  -0.00782463
  95    0.0002646  -0.00743434
  96    0.0001857  -0.00696371
  97    0.0001842  -0.00693071
  98    0.0000000  -0.00000025
  99    0.0000000  -0.00000012
 100    0.0000000  -0.00000015
 101    0.0000000  -0.00000014
 102    0.0000000  -0.00000002
 
----------------
 Final Energies 
----------------
Final NOF Total Energy =   -2797.5788653
 
Total Orbital Internal Iterations = 820
Total Occupation Internal Iterations = 38
 
Elapsed time:  839.56 Seconds

---------------------------------
   Lowdin Population Analysis    
---------------------------------
 Idx  Atom   Population   Charge 
---------------------------------
  1     I    52.511       0.489
  2     C     6.591      -0.591
  3     N     6.998       0.002
  4     O     7.719       0.281
  5     O     7.699       0.301
  6     C     6.592      -0.592
  7     C     5.879       0.121
  8     C     5.877       0.123
  9     H     1.067      -0.067
 10     H     1.067      -0.067

---------------------------------
   M Diagnostic: 0.92
---------------------------------

