Computing Integrals
Basis Set                                            = def2-qzvp
Auxiliary Basis Set                                  = def2-universal-jkfit
Gaussian Type                                        = Spherical
Elapsed time:   19.27 Seconds

Number of basis functions                   (NBF)    = 681
Number of auxiliary basis functions         (NBFAUX) = 964
Inactive Doubly occupied orbitals up to     (NO1)    = 0
No. considered Strongly Doubly occupied MOs (NDOC)   = 47
No. considered Strongly Singly occupied MOs (NSOC)   = 0
NO. of Weakly occ. per St. Doubly occ.  MOs (NCWO)   = 1
Dimension of the Nat. Orb. subspace         (NBF5)   = 94
No. of electrons                                     = 94
    No. of alpha electrons                           = 47
    No. of beta electrons                            = 47
Multiplicity                                         = 1

Geometry
========
 N      -0.0008110       3.8471100       0.0000000
 H      -0.4725730       4.2071990       0.8177970
 H      -0.4725730       4.2071990      -0.8177970
 H       0.9444850       4.2047030       0.0000000
Br       0.0001530       1.1842260       0.0000000
 C      -1.1480360      -1.4525750       0.0000000
 N       0.0000000      -0.6661470       0.0000000
 O      -2.2821860      -1.0629910       0.0000000
 O       2.2821890      -1.0628690       0.0000000
 C       1.1480590      -1.4525280       0.0000000
 C       0.6616200      -2.8738900       0.0000000
 C      -0.6615120      -2.8739190       0.0000000
 H      -1.3498910      -3.7047310       0.0000000
 H       1.3500460      -3.7046630       0.0000000

No violations of the orthonormality
No violations of the orthonormality
 
PNOF5/ADABelief Calculation
==================
 
  Nitext  Nit_orb  Time   Nit_occ  Time         Eelec          Etot           Ediff      maxdiff    MaxGrad_orb  Grad_occ
     1      10    2.5e+01    3    1.3e+01 -3673.27380013 -2986.11957843 -13672.27380013   0.004386   1.8e-02   1.8e-04 0.07
     2      20    3.1e+01    0    8.6e-01 -3673.27408474 -2986.11986305    -0.00028462   0.004386   1.8e-02   1.8e-04 0.07
     3      40    6.1e+01    3    7.8e-01 -3673.28131260 -2986.12709091    -0.00722786   0.246093   9.8e-01   1.4e-04 0.07
     4      40    6.0e+01    3    7.8e-01 -3673.28590601 -2986.13168431    -0.00459341   0.015395   6.2e-02   1.2e-04 0.07
     5      40    6.1e+01    0    7.7e-01 -3673.28603152 -2986.13180982    -0.00012551   0.015395   6.2e-02   1.2e-04 0.07
     6      60    9.0e+01    2    7.7e-01 -3673.28701818 -2986.13279648    -0.00098666   0.005082   2.0e-02   1.8e-04 0.07
     7      60    9.0e+01    1    7.8e-01 -3673.28731116 -2986.13308947    -0.00029299   0.007561   3.0e-02   2.5e-04 0.07
     8      60    8.9e+01    2    7.7e-01 -3673.28741834 -2986.13319664    -0.00010718   0.030170   1.2e-01   1.4e-04 0.07
     9      60    9.1e+01    1    7.8e-01 -3673.28748451 -2986.13326282    -0.00006617   0.006321   2.5e-02   1.5e-04 0.07
    10      60    9.1e+01    0    7.8e-01 -3673.28750326 -2986.13328157    -0.00001875   0.050745   2.0e-01   2.6e-04 0.07
    11      70    1.0e+02    2    7.8e-01 -3673.28761572 -2986.13339402    -0.00011246   0.005465   2.2e-02   8.4e-05 0.07
    12      70    1.0e+02    1    7.8e-01 -3673.28764507 -2986.13342337    -0.00002935   0.019812   7.9e-02   1.4e-04 0.07
    13      70    1.0e+02    0    7.7e-01 -3673.28769447 -2986.13347277    -0.00004940   0.005596   2.2e-02   2.2e-04 0.07
    14      80    1.2e+02    1    7.7e-01 -3673.28778511 -2986.13356341    -0.00009064   0.009617   3.8e-02   1.2e-04 0.07
    15      80    1.2e+02    0    8.6e-01 -3673.28782778 -2986.13360608    -0.00004267   0.023465   9.4e-02   1.5e-04 0.07
    16      90    1.3e+02    1    8.0e-01 -3673.28791288 -2986.13369119    -0.00008511   0.003523   1.4e-02   2.1e-04 0.07
    17      90    1.3e+02    0    7.5e-01 -3673.28794255 -2986.13372085    -0.00002966   0.003761   1.5e-02   1.2e-04 0.07
    18     100    1.5e+02    0    7.8e-01 -3673.28799613 -2986.13377443    -0.00005358   0.003376   1.4e-02   1.3e-04 0.07
    19     110    1.6e+02    0    7.9e-01 -3673.28801298 -2986.13379128    -0.00001685   0.002602   1.0e-02   1.6e-04 0.07
    20     120    1.8e+02    0    7.7e-01 -3673.28803240 -2986.13381070    -0.00001943   0.002275   9.1e-03   1.7e-04 0.07
    21     130    1.9e+02    0    7.9e-01 -3673.28804151 -2986.13381981    -0.00000911   0.002052   8.2e-03   1.8e-04 0.07
    22     140    2.1e+02    0    7.7e-01 -3673.28805131 -2986.13382961    -0.00000980   0.001949   7.8e-03   1.8e-04 0.07
    23     150    2.2e+02    0    7.7e-01 -3673.28805623 -2986.13383453    -0.00000492   0.001809   7.2e-03   1.8e-04 0.07
    24     160    2.4e+02    0    7.9e-01 -3673.28806236 -2986.13384066    -0.00000613   0.001697   6.8e-03   1.9e-04 0.07
    25     170    2.5e+02    0    8.6e-01 -3673.28806607 -2986.13384437    -0.00000371   0.001651   6.6e-03   1.8e-04 0.07
    26     180    2.7e+02    0    7.8e-01 -3673.28807088 -2986.13384918    -0.00000481   0.001514   6.1e-03   1.9e-04 0.07
    27     190    2.8e+02    0    8.8e-01 -3673.28807467 -2986.13385297    -0.00000379   0.001413   5.7e-03   1.8e-04 0.07
    28     200    3.0e+02    0    7.8e-01 -3673.28807747 -2986.13385578    -0.00000280   0.001322   5.3e-03   1.9e-04 0.07
    29     210    3.1e+02    0    7.8e-01 -3673.28807859 -2986.13385689    -0.00000111   0.001485   5.9e-03   1.8e-04 0.07
    30     220    3.3e+02    0    7.8e-01 -3673.28808126 -2986.13385956    -0.00000267   0.001439   5.8e-03   1.9e-04 0.07
    31     230    3.4e+02    0    7.8e-01 -3673.28808355 -2986.13386185    -0.00000229   0.001403   5.6e-03   1.8e-04 0.07
    32     240    3.6e+02    0    7.9e-01 -3673.28808593 -2986.13386423    -0.00000238   0.001388   5.6e-03   1.9e-04 0.07
    33     250    3.7e+02    0    7.7e-01 -3673.28808768 -2986.13386598    -0.00000175   0.001363   5.5e-03   1.8e-04 0.07
    34     260    3.9e+02    0    7.9e-01 -3673.28808892 -2986.13386723    -0.00000124   0.001266   5.1e-03   1.9e-04 0.07
    35     270    4.0e+02    0    7.8e-01 -3673.28809098 -2986.13386928    -0.00000206   0.001212   4.8e-03   1.8e-04 0.07
    36     280    4.1e+02    0    7.6e-01 -3673.28809245 -2986.13387075    -0.00000147   0.001130   4.5e-03   1.9e-04 0.07
    37     290    4.3e+02    0    7.9e-01 -3673.28809355 -2986.13387185    -0.00000110   0.001086   4.3e-03   1.8e-04 0.07
    38     300    4.5e+02    0    7.8e-01 -3673.28809576 -2986.13387406    -0.00000221   0.000986   3.9e-03   1.9e-04 0.07
 
RESULTS OF THE OCCUPATION OPTIMIZATION
========================================
   1    1.9999906  -427.70050678
   2    2.0000000  -76.94609688
   3    2.0000000  -76.10850873
   4    2.0000000  -75.41476429
   5    2.0000000  -74.15859568
   6    1.9998156  -20.53355452
   7    1.9998156  -20.53336341
   8    1.9997367  -15.59573930
   9    1.9997393  -15.54553951
  10    1.9996159  -11.35099485
  11    1.9996158  -11.35098788
  12    1.9996196  -11.24692355
  13    1.9996196  -11.24692310
  14    1.9994708  -5.61334786
  15    1.9994443  -5.59990125
  16    1.9994527  -5.59854363
  17    1.9994170  -5.55017894
  18    1.9994154  -5.54727193
  19    1.9993976  -5.53102428
  20    1.9993996  -5.16201479
  21    1.9993969  -5.15600752
  22    1.9993773  -5.14198140
  23    1.9918518  -1.14605448
  24    1.9918400  -1.14594721
  25    1.9898504  -0.95511648
  26    1.9898363  -0.95502196
  27    1.9938912  -0.93513957
  28    1.9880402  -0.82615399
  29    1.9880368  -0.82614487
  30    1.9835435  -0.80451739
  31    1.9835407  -0.80442986
  32    1.9835390  -0.80431143
  33    1.9925693  -0.76908702
  34    1.9925096  -0.76822498
  35    1.9923598  -0.76619005
  36    1.9923583  -0.76600003
  37    1.9775067  -0.75402147
  38    1.9849983  -0.73916099
  39    1.9849987  -0.73915650
  40    1.9957200  -0.64659714
  41    1.9956487  -0.64378182
  42    1.9954582  -0.63769051
  43    1.9934219  -0.63138078
  44    1.9901340  -0.60267994
  45    1.9535010  -0.55622698
  46    1.9533730  -0.55602937
  47    1.9310951  -0.44913378
  48    0.0689049  -0.02697048
  49    0.0466270  -0.02625727
  50    0.0464990  -0.02622030
  51    0.0098660  -0.00909211
  52    0.0065781  -0.00628548
  53    0.0045418  -0.00413959
  54    0.0043513  -0.00403480
  55    0.0042800  -0.00398258
  56    0.0150013  -0.01291020
  57    0.0150017  -0.01291066
  58    0.0224933  -0.01773384
  59    0.0076417  -0.00928758
  60    0.0076402  -0.00928757
  61    0.0074904  -0.00918490
  62    0.0074307  -0.00914123
  63    0.0164610  -0.01530381
  64    0.0164593  -0.01530450
  65    0.0164565  -0.01530240
  66    0.0119632  -0.01165185
  67    0.0119598  -0.01164987
  68    0.0061088  -0.00748673
  69    0.0101637  -0.01160445
  70    0.0101496  -0.01159428
  71    0.0081600  -0.01173893
  72    0.0081482  -0.01173318
  73    0.0006227  -0.00459371
  74    0.0006031  -0.00453780
  75    0.0006004  -0.00452479
  76    0.0006024  -0.00479337
  77    0.0005846  -0.00472570
  78    0.0005830  -0.00470924
  79    0.0005473  -0.00447284
  80    0.0005557  -0.00452130
  81    0.0005292  -0.00442083
  82    0.0003804  -0.00771843
  83    0.0003804  -0.00771844
  84    0.0003842  -0.00779086
  85    0.0003841  -0.00779063
  86    0.0002607  -0.00734281
  87    0.0002633  -0.00741060
  88    0.0001844  -0.00693394
  89    0.0001844  -0.00693456
  90    0.0000000  -0.00001506
  91    0.0000000  -0.00001629
  92    0.0000000  -0.00001726
  93    0.0000000  -0.00001797
  94    0.0000094  -0.00766457
 
----------------
 Final Energies 
----------------
Final NOF Total Energy =   -2986.1338741
 
Total Orbital Internal Iterations = 5200
Total Occupation Internal Iterations = 20
 
Elapsed time: 7949.46 Seconds

---------------------------------
   Lowdin Population Analysis    
---------------------------------
 Idx  Atom   Population   Charge 
---------------------------------
  1     N     6.399       0.601
  2     H     1.190      -0.190
  3     H     1.190      -0.190
  4     H     1.189      -0.189
  5    Br    34.499       0.501
  6     C     6.609      -0.609
  7     N     6.990       0.010
  8     O     7.711       0.289
  9     O     7.711       0.289
 10     C     6.609      -0.609
 11     C     5.883       0.117
 12     C     5.883       0.117
 13     H     1.068      -0.068
 14     H     1.068      -0.068

---------------------------------
   M Diagnostic: 0.07
---------------------------------

