Computing Integrals
Basis Set                                            = def2-qzvp
Auxiliary Basis Set                                  = def2-universal-jkfit
Gaussian Type                                        = Spherical
Elapsed time:    3.05 Seconds

Number of basis functions                   (NBF)    = 202
Number of auxiliary basis functions         (NBFAUX) = 323
Inactive Doubly occupied orbitals up to     (NO1)    = 0
No. considered Strongly Doubly occupied MOs (NDOC)   = 43
No. considered Strongly Singly occupied MOs (NSOC)   = 0
NO. of Weakly occ. per St. Doubly occ.  MOs (NCWO)   = 1
Dimension of the Nat. Orb. subspace         (NBF5)   = 86
No. of electrons                                     = 86
    No. of alpha electrons                           = 43
    No. of beta electrons                            = 43
Multiplicity                                         = 1

Geometry
========
Pb       0.0000000       0.0000000       0.0000000
 H       0.9944480      -0.9944480       0.9944480
 H      -0.9944480       0.9944480       0.9944480
 H       0.9944480       0.9944480      -0.9944480
 H      -0.9944480      -0.9944480      -0.9944480

No violations of the orthonormality
No violations of the orthonormality
 
PNOF5/ADABelief Calculation
==================
 
  Nitext  Nit_orb  Time   Nit_occ  Time         Eelec          Etot           Ediff      maxdiff    MaxGrad_orb  Grad_occ
     1      10    2.1e+01    0    2.5e+01 -4345.27325880 -4243.37441133 -14344.27325880   0.000494   2.0e-03   1.7e-04 0.03
 
RESULTS OF THE OCCUPATION OPTIMIZATION
========================================
   1    2.0000000  -230.44069986
   2    2.0000000  -109.83839956
   3    2.0000000  -109.80410430
   4    2.0000000  -109.78635584
   5    2.0000000  -58.94535010
   6    2.0000000  -25.44810365
   7    2.0000000  -25.28042426
   8    2.0000000  -23.78390968
   9    1.9999999  -23.72636140
  10    1.9999999  -23.58211783
  11    2.0000000  -23.49483786
  12    1.9999999  -23.38179763
  13    1.9999999  -23.37617567
  14    1.9999999  -23.22898353
  15    1.9999999  -23.21836244
  16    1.9999999  -23.12329163
  17    1.9999999  -22.71891213
  18    1.9999999  -21.41864296
  19    1.9999999  -21.15689103
  20    1.9999999  -20.98326910
  21    1.9999999  -20.66673424
  22    1.9999998  -5.57691410
  23    1.9999933  -4.06315489
  24    1.9999900  -4.04366400
  25    1.9999901  -3.94296983
  26    1.9999808  -3.85373973
  27    1.9999264  -3.85007981
  28    1.9999913  -3.84036875
  29    1.9999317  -3.82038437
  30    1.9999958  -3.81134900
  31    1.9999289  -3.80056732
  32    1.9999929  -3.68618279
  33    1.9995547  -2.36823847
  34    1.9994669  -2.31418166
  35    1.9994653  -2.30477345
  36    1.9993232  -1.95463070
  37    1.9993424  -1.94548985
  38    1.9904865  -0.71539424
  39    1.9902838  -0.71517583
  40    1.9903434  -0.71094010
  41    1.9903765  -0.71080002
  42    1.9733964  -0.39230664
  43    1.9723121  -0.38718188
  44    0.0276879  -0.01068913
  45    0.0266036  -0.01046334
  46    0.0096235  -0.00853207
  47    0.0096566  -0.00856612
  48    0.0097162  -0.00861636
  49    0.0095135  -0.00850872
  50    0.0006576  -0.00149004
  51    0.0006768  -0.00153320
  52    0.0005347  -0.00140806
  53    0.0005331  -0.00141133
  54    0.0004453  -0.00126569
  55    0.0000071  -0.00005402
  56    0.0000711  -0.00028877
  57    0.0000042  -0.00003740
  58    0.0000683  -0.00028625
  59    0.0000087  -0.00006267
  60    0.0000736  -0.00030287
  61    0.0000192  -0.00009987
  62    0.0000099  -0.00006975
  63    0.0000100  -0.00007397
  64    0.0000067  -0.00006538
  65    0.0000002  -0.00000282
  66    0.0000001  -0.00000218
  67    0.0000001  -0.00000174
  68    0.0000001  -0.00000220
  69    0.0000001  -0.00000135
  70    0.0000001  -0.00000071
  71    0.0000001  -0.00000005
  72    0.0000001  -0.00000001
  73    0.0000001  -0.00000000
  74    0.0000001  -0.00000002
  75    0.0000001  -0.00000002
  76    0.0000000  -0.00000109
  77    0.0000001  -0.00000000
  78    0.0000001  -0.00000023
  79    0.0000000  -0.00000071
  80    0.0000000  -0.00000003
  81    0.0000000  -0.00000007
  82    0.0000000  0.00000001
  83    0.0000000  0.00000002
  84    0.0000000  0.00000002
  85    0.0000000  0.00000002
  86    0.0000000  0.00000001
 
----------------
 Final Energies 
----------------
Final NOF Total Energy =   -4243.3744113
 
Total Orbital Internal Iterations = 10
Total Occupation Internal Iterations = 0
 
Elapsed time:   60.81 Seconds

---------------------------------
   Lowdin Population Analysis    
---------------------------------
 Idx  Atom   Population   Charge 
---------------------------------
  1    Pb    78.477       3.523
  2     H     1.880      -0.880
  3     H     1.880      -0.880
  4     H     1.881      -0.881
  5     H     1.881      -0.881

---------------------------------
   M Diagnostic: 0.03
---------------------------------

