Computing Integrals
Basis Set                                            = def2-qzvp
Auxiliary Basis Set                                  = def2-universal-jkfit
Gaussian Type                                        = Spherical
Elapsed time:    1.72 Seconds

Number of basis functions                   (NBF)    = 117
Number of auxiliary basis functions         (NBFAUX) = 113
Inactive Doubly occupied orbitals up to     (NO1)    = 0
No. considered Strongly Doubly occupied MOs (NDOC)   = 5
No. considered Strongly Singly occupied MOs (NSOC)   = 0
NO. of Weakly occ. per St. Doubly occ.  MOs (NCWO)   = 1
Dimension of the Nat. Orb. subspace         (NBF5)   = 10
No. of electrons                                     = 10
    No. of alpha electrons                           = 5
    No. of beta electrons                            = 5
Multiplicity                                         = 1

Geometry
========
 O       0.0000000       0.0000000       0.3921953
 H      -0.7561000       0.0000000      -0.1960977
 H       0.7561000       0.0000000      -0.1960977

No violations of the orthonormality
No violations of the orthonormality
 
PNOF5/ADABelief Calculation
==================
 
  Nitext  Nit_orb  Time   Nit_occ  Time         Eelec          Etot           Ediff      maxdiff    MaxGrad_orb  Grad_occ
     1      10    9.1e+00    1    1.2e+01   -85.33117817   -76.14328275 -10084.33117817   0.003730   1.5e-02   2.6e-04 0.02
     2      20    9.0e-01    1    8.8e-03   -85.33161326   -76.14371783    -0.00043508   0.019867   7.9e-02   7.2e-05 0.02
     3      20    4.1e-01    0    6.8e-03   -85.33161975   -76.14372433    -0.00000649   0.019867   7.9e-02   7.2e-05 0.02
     4      40    9.4e-01    0    8.8e-03   -85.33197668   -76.14408126    -0.00035693   0.001798   7.2e-03   7.9e-05 0.02
     5      50    1.3e+00    0    1.2e-03   -85.33197687   -76.14408145    -0.00000019   0.001308   5.2e-03   9.0e-05 0.02
     6      60    1.6e+00    0    8.2e-04   -85.33197817   -76.14408275    -0.00000130   0.000622   2.5e-03   7.8e-05 0.02
 
RESULTS OF THE OCCUPATION OPTIMIZATION
========================================
   1    1.9998124  -20.54392068
   2    1.9824553  -0.88865091
   3    1.9823588  -0.88821459
   4    1.9913049  -0.73774636
   5    1.9912921  -0.73758663
   6    0.0087079  -0.01007613
   7    0.0086951  -0.01007034
   8    0.0176412  -0.01803142
   9    0.0175447  -0.01799033
  10    0.0001876  -0.00701429
 
----------------
 Final Energies 
----------------
Final NOF Total Energy =     -76.1440827
 
Total Orbital Internal Iterations = 200
Total Occupation Internal Iterations = 2
 
Elapsed time:   32.28 Seconds

---------------------------------
   Lowdin Population Analysis    
---------------------------------
 Idx  Atom   Population   Charge 
---------------------------------
  1     O     7.343       0.657
  2     H     1.328      -0.328
  3     H     1.328      -0.328

---------------------------------
   M Diagnostic: 0.02
---------------------------------

