Computing Integrals
Basis Set                                            = def2-qzvp
Auxiliary Basis Set                                  = def2-universal-jkfit
Gaussian Type                                        = Spherical
Elapsed time:   26.55 Seconds

Number of basis functions                   (NBF)    = 783
Number of auxiliary basis functions         (NBFAUX) = 1062
Inactive Doubly occupied orbitals up to     (NO1)    = 0
No. considered Strongly Doubly occupied MOs (NDOC)   = 51
No. considered Strongly Singly occupied MOs (NSOC)   = 1
NO. of Weakly occ. per St. Doubly occ.  MOs (NCWO)   = 1
Dimension of the Nat. Orb. subspace         (NBF5)   = 103
No. of electrons                                     = 103
    No. of alpha electrons                           = 52
    No. of beta electrons                            = 51
Multiplicity                                         = 2

Geometry
========
 H       1.7144284      -0.3795204      -2.6237306
 F      -1.3698043      -0.6850322       0.3598931
 B      -0.0338303      -0.1040850       0.6260353
 H       0.9494862      -2.0569239       1.2791688
 N      -0.1805473       1.1101974       1.5376281
Al       0.8213885       2.2779068       0.1418627
 C       1.0516429      -1.2647429       0.5276216
 H       2.0867036      -0.8933636       0.5716296
 P      -1.6263232       2.1658683       1.0853292
 O      -0.8424697      -0.4080790      -2.5130883
 H       0.0134482       1.0801515       2.5347216
 O       0.8274620      -1.8937783      -0.7703520
 H      -2.6276483       1.1470084       1.1749917
Mg      -1.5911645       0.6142013      -1.1512697
 H       0.2730046       0.5549960      -0.4846159
Si       0.5342230      -1.2648045      -2.2958252

No violations of the orthonormality
No violations of the orthonormality
 
PNOF5/ADABelief Calculation
==================
 
  Nitext  Nit_orb  Time   Nit_occ  Time         Eelec          Etot           Ediff      maxdiff    MaxGrad_orb  Grad_occ
     1      10    3.3e+01    2    1.3e+01 -2324.25114667 -1441.78018161 -12323.25114667   0.007969   3.2e-02   2.2e-04 0.06
     2      20    4.5e+01    0    1.3e+00 -2324.25187426 -1441.78090920    -0.00072759   0.007969   3.2e-02   2.2e-04 0.06
     3      40    8.8e+01    2    1.1e+00 -2324.26531010 -1441.79434504    -0.01343584   0.003095   1.2e-02   2.2e-04 0.06
     4      40    8.8e+01    2    1.1e+00 -2324.26735493 -1441.79638987    -0.00204483   0.005234   2.1e-02   1.5e-04 0.07
     5      40    8.8e+01    1    1.1e+00 -2324.26792961 -1441.79696455    -0.00057467   0.030874   1.2e-01   2.2e-04 0.06
     6      40    8.8e+01    1    1.1e+00 -2324.26825013 -1441.79728507    -0.00032052   0.003675   1.5e-02   1.7e-04 0.06
     7      40    8.8e+01    1    1.1e+00 -2324.26843433 -1441.79746927    -0.00018420   0.004116   1.6e-02   1.6e-04 0.06
     8      40    8.8e+01    1    1.1e+00 -2324.26856995 -1441.79760489    -0.00013562   0.003542   1.4e-02   1.3e-04 0.06
     9      40    8.8e+01    1    1.1e+00 -2324.26865645 -1441.79769139    -0.00008650   0.004734   1.9e-02   1.4e-04 0.06
    10      40    8.9e+01    1    1.1e+00 -2324.26876347 -1441.79779841    -0.00010701   0.003607   1.4e-02   1.0e-04 0.06
    11      40    8.8e+01    1    1.1e+00 -2324.26881901 -1441.79785395    -0.00005554   0.004218   1.7e-02   1.3e-04 0.06
    12      40    9.0e+01    1    1.1e+00 -2324.26888321 -1441.79791815    -0.00006420   0.003469   1.4e-02   9.5e-05 0.06
    13      40    8.9e+01    1    1.1e+00 -2324.26893319 -1441.79796813    -0.00004998   0.004569   1.8e-02   1.3e-04 0.06
    14      40    8.9e+01    0    1.1e+00 -2324.26895570 -1441.79799064    -0.00002251   0.003480   1.4e-02   2.4e-04 0.06
    15      50    1.1e+02    1    1.1e+00 -2324.26930515 -1441.79834009    -0.00034946   0.003085   1.2e-02   1.2e-04 0.06
    16      50    1.1e+02    0    1.1e+00 -2324.26930974 -1441.79834468    -0.00000459   0.003085   1.2e-02   1.2e-04 0.06
    17      70    1.5e+02    1    1.2e+00 -2324.26953912 -1441.79857406    -0.00022937   0.000676   2.7e-03   1.3e-04 0.06
 
RESULTS OF THE OCCUPATION OPTIMIZATION
========================================
   1    1.9999675  -79.38133789
   2    1.9999611  -68.39040229
   3    1.9999523  -58.25924450
   4    1.9999312  -48.68277952
   5    1.9998618  -26.26807689
   6    1.9998122  -20.50238504
   7    1.9998119  -20.46739930
   8    1.9997420  -15.58347721
   9    1.9996229  -11.24236407
  10    1.9993765  -7.64813768
  11    1.9995236  -6.08713606
  12    1.9994859  -6.06415126
  13    1.9994912  -6.06267864
  14    1.9995126  -6.05640000
  15    1.9992949  -4.81239918
  16    1.9992956  -4.79829549
  17    1.9992984  -4.79510284
  18    1.9992893  -4.78697163
  19    1.9989565  -3.73215280
  20    1.9988964  -3.72126366
  21    1.9989330  -3.71716353
  22    1.9988470  -3.70993275
  23    1.9987780  -2.81737284
  24    1.9989089  -2.80380916
  25    1.9989795  -2.79283444
  26    1.9990613  -2.78119202
  27    1.9881121  -0.99173745
  28    1.9924680  -0.96506027
  29    1.9938170  -0.93594435
  30    1.9935342  -0.93268394
  31    1.9910311  -0.84558466
  32    1.9839803  -0.83738891
  33    1.9899746  -0.83529242
  34    1.9810664  -0.83155472
  35    1.9893264  -0.80758692
  36    1.9832928  -0.73580637
  37    1.9912878  -0.70121353
  38    1.9908597  -0.70049078
  39    1.9877386  -0.68114133
  40    1.9863160  -0.67731773
  41    1.9831256  -0.67356323
  42    1.9879577  -0.67181380
  43    1.9832011  -0.67118305
  44    1.9882215  -0.66968445
  45    1.9872554  -0.64559597
  46    1.9889022  -0.63428092
  47    1.9824502  -0.61849680
  48    1.9914361  -0.56735755
  49    1.9884939  -0.53933458
  50    1.9837763  -0.47422633
  51    1.9368092  -0.34559600
  52    1.0000000  -0.15472657
  53    0.0631908  -0.01848781
  54    0.0162237  -0.00855698
  55    0.0115061  -0.00804190
  56    0.0085639  -0.00570706
  57    0.0175498  -0.01213981
  58    0.0110978  -0.01087986
  59    0.0127446  -0.00967371
  60    0.0117785  -0.00998145
  61    0.0167989  -0.01344578
  62    0.0120423  -0.01176436
  63    0.0168744  -0.01348763
  64    0.0136840  -0.01163810
  65    0.0122614  -0.01185094
  66    0.0091403  -0.01007539
  67    0.0087122  -0.00976336
  68    0.0167072  -0.01386878
  69    0.0106736  -0.01080441
  70    0.0189336  -0.01787228
  71    0.0100254  -0.01143575
  72    0.0160197  -0.01520992
  73    0.0089689  -0.01042904
  74    0.0064658  -0.00981146
  75    0.0061830  -0.00957156
  76    0.0075320  -0.01096573
  77    0.0118879  -0.01502033
  78    0.0009387  -0.00426342
  79    0.0010205  -0.00447025
  80    0.0010911  -0.00466149
  81    0.0012220  -0.00501623
  82    0.0011530  -0.00623829
  83    0.0010670  -0.00590321
  84    0.0011036  -0.00604269
  85    0.0010435  -0.00578780
  86    0.0007107  -0.00521852
  87    0.0007016  -0.00517739
  88    0.0007044  -0.00519527
  89    0.0007051  -0.00520305
  90    0.0004874  -0.00466262
  91    0.0005088  -0.00480732
  92    0.0005141  -0.00484836
  93    0.0004764  -0.00459464
  94    0.0006235  -0.00838600
  95    0.0003771  -0.00765291
  96    0.0002580  -0.00729334
  97    0.0001881  -0.00701703
  98    0.0001878  -0.00701245
  99    0.0001382  -0.00661699
 100    0.0000688  -0.00664364
 101    0.0000477  -0.00576118
 102    0.0000389  -0.00558539
 103    0.0000325  -0.00550636
 
----------------
 Final Energies 
----------------
Final NOF Total Energy =   -1441.7985741
 
Total Orbital Internal Iterations = 680
Total Occupation Internal Iterations = 17
 
Elapsed time: 1642.65 Seconds

---------------------------------
   Lowdin Population Analysis    
---------------------------------
 Idx  Atom   Population   Charge 
---------------------------------
  1     H     1.111      -0.111
  2     F     8.492       0.508
  3     B     6.096      -1.096
  4     H     1.046      -0.046
  5     N     6.478       0.522
  6    Al    13.080      -0.080
  7     C     5.986       0.014
  8     H     1.037      -0.037
  9     P    14.428       0.572
 10     O     7.867       0.133
 11     H     1.152      -0.152
 12     O     7.643       0.357
 13     H     1.121      -0.121
 14    Mg    12.293      -0.293
 15     H     0.903       0.097
 16    Si    14.267      -0.267

---------------------------------
   M Diagnostic: 0.06
---------------------------------

