Computing Integrals
Basis Set                                            = def2-qzvp
Auxiliary Basis Set                                  = def2-universal-jkfit
Gaussian Type                                        = Spherical
Elapsed time:    2.83 Seconds

Number of basis functions                   (NBF)    = 157
Number of auxiliary basis functions         (NBFAUX) = 223
Inactive Doubly occupied orbitals up to     (NO1)    = 0
No. considered Strongly Doubly occupied MOs (NDOC)   = 13
No. considered Strongly Singly occupied MOs (NSOC)   = 0
NO. of Weakly occ. per St. Doubly occ.  MOs (NCWO)   = 1
Dimension of the Nat. Orb. subspace         (NBF5)   = 26
No. of electrons                                     = 26
    No. of alpha electrons                           = 13
    No. of beta electrons                            = 13
Multiplicity                                         = 1

Geometry
========
 O       0.0361730       1.0996190       0.0000000
 H      -0.9043170       1.3107610       0.0000000
Cl       0.0361730      -0.5945710       0.0000000

No violations of the orthonormality
No violations of the orthonormality
 
PNOF5/ADABelief Calculation
==================
 
  Nitext  Nit_orb  Time   Nit_occ  Time         Eelec          Etot           Ediff      maxdiff    MaxGrad_orb  Grad_occ
     1      10    9.5e+00    3    1.2e+01  -586.16226474  -535.05724447 -10585.16226474   0.004513   1.8e-02   1.5e-04 0.03
     2      20    1.4e+00    2    4.5e-02  -586.16482530  -535.05980503    -0.00256056   0.053680   2.1e-01   2.2e-04 0.04
     3      20    1.3e+00    3    1.8e-02  -586.16739091  -535.06237064    -0.00256561   0.025155   1.0e-01   2.2e-04 0.04
     4      20    1.6e+00    0    2.7e-02  -586.16749243  -535.06247216    -0.00010152   0.025155   1.0e-01   2.2e-04 0.04
     5      40    3.8e+00    1    3.0e-02  -586.16952205  -535.06450177    -0.00202962   0.001085   4.3e-03   1.9e-04 0.04
     6      40    3.2e+00    6    3.8e-02  -586.16966257  -535.06464230    -0.00014052   0.002948   1.2e-02   1.3e-04 0.04
     7      40    3.5e+00    0    2.6e-02  -586.16986932  -535.06484905    -0.00020675   0.002723   1.1e-02   1.6e-04 0.04
     8      50    4.5e+00    0    1.3e-02  -586.17000424  -535.06498397    -0.00013493   0.001786   7.1e-03   1.9e-04 0.04
     9      60    5.2e+00    2    1.8e-02  -586.17010088  -535.06508061    -0.00009664   0.001412   5.6e-03   1.0e-04 0.04
    10      60    4.8e+00    0    8.0e-03  -586.17016123  -535.06514096    -0.00006034   0.001442   5.8e-03   1.6e-04 0.04
    11      70    5.6e+00    2    3.1e-02  -586.17019538  -535.06517511    -0.00003416   0.001070   4.3e-03   6.1e-05 0.04
    12      70    5.9e+00    0    1.3e-02  -586.17021074  -535.06519047    -0.00001536   0.001085   4.3e-03   1.0e-04 0.04
    13      80    6.5e+00    0    2.8e-03  -586.17022310  -535.06520283    -0.00001235   0.000786   3.1e-03   1.1e-04 0.04
 
RESULTS OF THE OCCUPATION OPTIMIZATION
========================================
   1    1.9999523  -95.72282016
   2    1.9998133  -20.60451840
   3    1.9999844  -19.65616343
   4    1.9998196  -8.15142744
   5    1.9998151  -8.05329505
   6    1.9998152  -8.03048145
   7    1.9823367  -0.93646375
   8    1.9930246  -0.84329249
   9    1.9930251  -0.84326104
  10    1.9939864  -0.74428743
  11    1.9555330  -0.74284729
  12    1.9936141  -0.71982999
  13    1.9934953  -0.71248925
  14    0.0065047  -0.00609264
  15    0.0063859  -0.00605879
  16    0.0444670  -0.03084675
  17    0.0060136  -0.00588643
  18    0.0069749  -0.00913845
  19    0.0069754  -0.00913928
  20    0.0176633  -0.01863661
  21    0.0001848  -0.00279111
  22    0.0001849  -0.00281234
  23    0.0001804  -0.00276190
  24    0.0000156  -0.00041230
  25    0.0001867  -0.00699549
  26    0.0000477  -0.00840258
 
----------------
 Final Energies 
----------------
Final NOF Total Energy =    -535.0652028
 
Total Orbital Internal Iterations = 580
Total Occupation Internal Iterations = 19
 
Elapsed time:   76.23 Seconds

---------------------------------
   Lowdin Population Analysis    
---------------------------------
 Idx  Atom   Population   Charge 
---------------------------------
  1     O     7.760       0.240
  2     H     1.405      -0.405
  3    Cl    16.835       0.165

---------------------------------
   M Diagnostic: 0.04
---------------------------------

