Computing Integrals
Basis Set                                            = def2-qzvp
Auxiliary Basis Set                                  = def2-universal-jkfit
Gaussian Type                                        = Spherical
Elapsed time:    1.78 Seconds

Number of basis functions                   (NBF)    = 117
Number of auxiliary basis functions         (NBFAUX) = 113
Inactive Doubly occupied orbitals up to     (NO1)    = 0
No. considered Strongly Doubly occupied MOs (NDOC)   = 5
No. considered Strongly Singly occupied MOs (NSOC)   = 0
NO. of Weakly occ. per St. Doubly occ.  MOs (NCWO)   = 1
Dimension of the Nat. Orb. subspace         (NBF5)   = 10
No. of electrons                                     = 10
    No. of alpha electrons                           = 5
    No. of beta electrons                            = 5
Multiplicity                                         = 1

Geometry
========
 O       1.1975660      -0.1080870       0.0000000
 H       1.4153970       0.8270140       0.0000000
 H       0.1348300      -0.0843780       0.0000000

No violations of the orthonormality
No violations of the orthonormality
 
PNOF8/ADABelief Calculation
==================
 
  Nitext  Nit_orb  Time   Nit_occ  Time         Eelec          Etot           Ediff      maxdiff    MaxGrad_orb  Grad_occ
     1      10    1.7e+01    5    2.5e+01   -84.96393358   -76.23558184 -10083.96393358   0.163611   6.5e-01   7.3e-05 0.04
     2      10    1.3e-01    4    1.1e-03   -84.96680575   -76.23845401    -0.00287217   0.190751   7.6e-01   3.9e-05 0.03
     3      10    1.1e-01    0    3.0e-03   -84.96707477   -76.23872304    -0.00026903   0.190751   7.6e-01   3.9e-05 0.03
     4      30    3.2e-01    3    6.4e-04   -84.97773083   -76.24937910    -0.01065606   0.001123   4.5e-03   1.5e-04 0.03
     5      30    5.3e-01    3    4.4e-03   -84.97803069   -76.24967896    -0.00029986   0.001450   5.8e-03   3.2e-05 0.03
     6      30    8.9e-01    1    9.7e-04   -84.97813809   -76.24978636    -0.00010740   0.002000   8.0e-03   1.2e-04 0.03
     7      30    2.4e+00    0    6.0e-04   -84.97814611   -76.24979437    -0.00000802   0.002000   8.0e-03   1.2e-04 0.03
     8      41    6.8e-01    1    4.2e-03   -84.97817827   -76.24982654    -0.00003216   0.000489   2.0e-03   1.3e-04 0.03
 
RESULTS OF THE OCCUPATION OPTIMIZATION
========================================
   1    1.9998006  -20.60268272
   2    1.9901276  -1.28701805
   3    1.9706240  -0.71278923
   4    1.9658404  -0.67639485
   5    1.9799288  -0.53586256
   6    0.0200712  -0.02320962
   7    0.0341596  -0.03952867
   8    0.0293760  -0.03593350
   9    0.0098724  -0.02184510
  10    0.0001994  -0.00667094
 
----------------
 Final Energies 
----------------
Final NOF Total Energy =     -76.2498265
 
Total Orbital Internal Iterations = 191
Total Occupation Internal Iterations = 17
 
Elapsed time:   57.93 Seconds

---------------------------------
   Lowdin Population Analysis    
---------------------------------
 Idx  Atom   Population   Charge 
---------------------------------
  1     O     7.456       0.544
  2     H     1.358      -0.358
  3     H     1.186      -0.186

---------------------------------
   M Diagnostic: 0.03
---------------------------------

