Computing Integrals
Basis Set                                            = def2-qzvp
Auxiliary Basis Set                                  = def2-universal-jkfit
Gaussian Type                                        = Spherical
Elapsed time:    2.20 Seconds

Number of basis functions                   (NBF)    = 171
Number of auxiliary basis functions         (NBFAUX) = 231
Inactive Doubly occupied orbitals up to     (NO1)    = 0
No. considered Strongly Doubly occupied MOs (NDOC)   = 11
No. considered Strongly Singly occupied MOs (NSOC)   = 0
NO. of Weakly occ. per St. Doubly occ.  MOs (NCWO)   = 1
Dimension of the Nat. Orb. subspace         (NBF5)   = 22
No. of electrons                                     = 22
    No. of alpha electrons                           = 11
    No. of beta electrons                            = 11
Multiplicity                                         = 1

Geometry
========
 N      -6.0621076       1.0771483       0.1240269
 N      -4.9480154       1.4388084       0.4093913
 N      -7.1816965       0.7579418      -0.1486349

No violations of the orthonormality
No violations of the orthonormality
 
PNOF8/ADABelief Calculation
==================
 
  Nitext  Nit_orb  Time   Nit_occ  Time         Eelec          Etot           Ediff      maxdiff    MaxGrad_orb  Grad_occ
     1      10    9.7e+00    8    1.2e+01  -217.65199307  -163.65847499 -10216.65199307   0.024857   9.9e-02   2.0e-04 0.05
     2      20    1.6e+00    5    3.4e-02  -217.77392847  -163.78041040    -0.12193541   0.005928   2.4e-02   1.5e-04 0.05
     3      20    1.3e+00    6    2.1e-02  -217.78196600  -163.78844792    -0.00803753   0.020866   8.3e-02   9.2e-05 0.05
     4      20    1.6e+00    6    2.7e-02  -217.78512410  -163.79160603    -0.00315810   0.007480   3.0e-02   1.6e-04 0.04
     5      20    2.3e+00    7    2.5e-02  -217.78810833  -163.79459025    -0.00298423   0.005728   2.3e-02   6.1e-05 0.04
     6      20    1.8e+00    6    4.9e-02  -217.79147136  -163.79795328    -0.00336302   0.006058   2.4e-02   2.4e-04 0.04
     7      20    2.0e+00    5    2.9e-02  -217.79440698  -163.80088890    -0.00293562   0.005244   2.1e-02   1.5e-04 0.04
     8      20    1.7e+00    4    1.6e-02  -217.79596220  -163.80244412    -0.00155522   0.006510   2.6e-02   1.4e-04 0.04
     9      20    2.0e+00    2    2.6e-02  -217.79659985  -163.80308177    -0.00063765   0.005238   2.1e-02   1.9e-04 0.04
    10      20    2.1e+00    0    2.2e-02  -217.79662455  -163.80310647    -0.00002470   0.005238   2.1e-02   1.9e-04 0.04
    11      34    3.2e+00    2    5.5e-02  -217.79717464  -163.80365656    -0.00055009   0.000492   2.0e-03   1.9e-04 0.04
 
RESULTS OF THE OCCUPATION OPTIMIZATION
========================================
   1    1.9996995  -15.44728273
   2    1.9997473  -15.35824534
   3    1.9997407  -15.34400886
   4    1.9926992  -1.18285522
   5    1.9876895  -0.66996211
   6    1.9868332  -0.58752608
   7    1.9792027  -0.53473915
   8    1.9870284  -0.41680158
   9    1.9716468  -0.40770938
  10    1.9557697  -0.12193456
  11    1.9556228  -0.12116835
  12    0.0443772  -0.04892828
  13    0.0442303  -0.04898076
  14    0.0283532  -0.04173867
  15    0.0129716  -0.01541577
  16    0.0207973  -0.02893455
  17    0.0131668  -0.01849532
  18    0.0123105  -0.01830331
  19    0.0073008  -0.01213396
  20    0.0002593  -0.00651573
  21    0.0002527  -0.00637455
  22    0.0003005  -0.00736992
 
----------------
 Final Energies 
----------------
Final NOF Total Energy =    -163.8036566
 
Total Orbital Internal Iterations = 224
Total Occupation Internal Iterations = 51
 
Elapsed time:   49.81 Seconds

---------------------------------
   Lowdin Population Analysis    
---------------------------------
 Idx  Atom   Population   Charge 
---------------------------------
  1     N     7.253      -0.253
  2     N     7.382      -0.382
  3     N     7.364      -0.364

---------------------------------
   M Diagnostic: 0.04
---------------------------------

