Computing Integrals
Basis Set                                            = def2-qzvp
Auxiliary Basis Set                                  = def2-universal-jkfit
Gaussian Type                                        = Spherical
Elapsed time:    1.71 Seconds

Number of basis functions                   (NBF)    = 87
Number of auxiliary basis functions         (NBFAUX) = 95
Inactive Doubly occupied orbitals up to     (NO1)    = 0
No. considered Strongly Doubly occupied MOs (NDOC)   = 5
No. considered Strongly Singly occupied MOs (NSOC)   = 0
NO. of Weakly occ. per St. Doubly occ.  MOs (NCWO)   = 1
Dimension of the Nat. Orb. subspace         (NBF5)   = 10
No. of electrons                                     = 10
    No. of alpha electrons                           = 5
    No. of beta electrons                            = 5
Multiplicity                                         = 1

Geometry
========
 F      -2.7901934       0.0821206       0.3920122
 H      -3.6339477       0.5853423       0.3904000

No violations of the orthonormality
No violations of the orthonormality
 
PNOF8/ADABelief Calculation
==================
 
  Nitext  Nit_orb  Time   Nit_occ  Time         Eelec          Etot           Ediff      maxdiff    MaxGrad_orb  Grad_occ
     1      10    9.2e+00    5    1.2e+01  -105.08853831  -100.24074589 -10104.08853831   0.199873   8.0e-01   1.2e-04 0.03
     2      10    4.3e-02    4    3.6e-04  -105.09352581  -100.24573339    -0.00498750   0.209602   8.4e-01   1.2e-04 0.03
     3      10    1.3e-02    0    2.7e-04  -105.09380944  -100.24601701    -0.00028363   0.209602   8.4e-01   1.2e-04 0.03
     4      30    2.8e-02    4    3.8e-04  -105.10366491  -100.25587249    -0.00985547   0.001619   6.5e-03   1.5e-05 0.03
     5      30    3.2e-02    2    3.0e-04  -105.10395227  -100.25615985    -0.00028737   0.003831   1.5e-02   1.7e-04 0.03
     6      30    3.1e-02    3    1.9e-03  -105.10412260  -100.25633018    -0.00017033   0.004089   1.6e-02   4.7e-05 0.03
     7      30    2.2e-02    1    3.1e-04  -105.10414700  -100.25635457    -0.00002439   0.004247   1.7e-02   9.7e-05 0.03
     8      30    4.5e-02    0    2.9e-04  -105.10415042  -100.25635799    -0.00000342   0.004247   1.7e-02   9.7e-05 0.03
     9      43    7.1e-02    0    2.8e-04  -105.10420868  -100.25641626    -0.00005827   0.000488   2.0e-03   1.8e-04 0.03
 
RESULTS OF THE OCCUPATION OPTIMIZATION
========================================
   1    1.9998561  -26.34653059
   2    1.9913829  -1.57756681
   3    1.9682243  -0.81230664
   4    1.9833441  -0.68086212
   5    1.9832715  -0.68079226
   6    0.0167285  -0.02462326
   7    0.0166559  -0.02459895
   8    0.0317757  -0.04405667
   9    0.0086171  -0.02509752
  10    0.0001439  -0.00618440
 
----------------
 Final Energies 
----------------
Final NOF Total Energy =    -100.2564163
 
Total Orbital Internal Iterations = 223
Total Occupation Internal Iterations = 19
 
Elapsed time:   27.93 Seconds

---------------------------------
   Lowdin Population Analysis    
---------------------------------
 Idx  Atom   Population   Charge 
---------------------------------
  1     F     8.634       0.366
  2     H     1.366      -0.366

---------------------------------
   M Diagnostic: 0.03
---------------------------------

