Computing Integrals
Basis Set                                            = def2-qzvp
Auxiliary Basis Set                                  = def2-universal-jkfit
Gaussian Type                                        = Spherical
Elapsed time:    1.74 Seconds

Number of basis functions                   (NBF)    = 70
Number of auxiliary basis functions         (NBFAUX) = 128
Inactive Doubly occupied orbitals up to     (NO1)    = 0
No. considered Strongly Doubly occupied MOs (NDOC)   = 7
No. considered Strongly Singly occupied MOs (NSOC)   = 2
NO. of Weakly occ. per St. Doubly occ.  MOs (NCWO)   = 1
Dimension of the Nat. Orb. subspace         (NBF5)   = 16
No. of electrons                                     = 16
    No. of alpha electrons                           = 9
    No. of beta electrons                            = 7
Multiplicity                                         = 3

Geometry
========
 S       0.0000000       0.0000000       0.0000000

No violations of the orthonormality
No violations of the orthonormality
 
PNOF8/ADABelief Calculation
==================
 
  Nitext  Nit_orb  Time   Nit_occ  Time         Eelec          Etot           Ediff      maxdiff    MaxGrad_orb  Grad_occ
     1      10    9.2e+00    5    1.2e+01  -397.67610151  -397.67610151 -10396.67610151   0.019741   7.9e-02   7.2e-05 0.04
     2      20    2.7e-02    3    4.5e-04  -397.73235610  -397.73235610    -0.05625459   0.044623   1.8e-01   1.7e-04 0.03
     3      20    2.0e-02    4    4.3e-04  -397.74117847  -397.74117847    -0.00882238   0.037768   1.5e-01   6.4e-05 0.03
     4      20    2.7e-02    3    4.9e-04  -397.74306949  -397.74306949    -0.00189101   0.039948   1.6e-01   1.6e-04 0.03
     5      20    1.6e-02    2    6.0e-04  -397.74446571  -397.74446571    -0.00139623   0.038414   1.5e-01   1.2e-04 0.03
     6      20    1.6e-02    2    3.6e-04  -397.74501187  -397.74501187    -0.00054616   0.026903   1.1e-01   4.6e-05 0.03
     7      20    1.6e-02    0    3.2e-04  -397.74503739  -397.74503739    -0.00002552   0.026903   1.1e-01   4.6e-05 0.03
     8      40    2.9e-02    1    4.3e-04  -397.74745612  -397.74745612    -0.00241874   0.003426   1.4e-02   1.1e-04 0.03
     9      40    3.8e-02    1    3.5e-04  -397.74802166  -397.74802166    -0.00056554   0.006094   2.4e-02   1.2e-04 0.03
    10      40    3.5e-02    1    3.7e-04  -397.74862748  -397.74862748    -0.00060582   0.006034   2.4e-02   1.1e-04 0.03
    11      40    3.7e-02    1    4.5e-04  -397.74907720  -397.74907720    -0.00044973   0.006324   2.5e-02   9.9e-05 0.03
    12      40    3.5e-02    1    3.5e-04  -397.74938736  -397.74938736    -0.00031016   0.005885   2.4e-02   9.3e-05 0.03
    13      40    3.1e-02    1    3.8e-04  -397.74960242  -397.74960242    -0.00021506   0.006141   2.5e-02   1.0e-04 0.03
    14      40    3.5e-02    1    3.7e-04  -397.74972874  -397.74972874    -0.00012633   0.005989   2.4e-02   1.1e-04 0.03
    15      40    3.7e-02    1    4.4e-04  -397.74980964  -397.74980964    -0.00008089   0.005928   2.4e-02   1.0e-04 0.03
    16      40    3.7e-02    1    3.7e-04  -397.74986158  -397.74986158    -0.00005195   0.006013   2.4e-02   8.4e-05 0.03
    17      40    2.9e-02    1    3.6e-04  -397.74989173  -397.74989173    -0.00003015   0.006078   2.4e-02   5.0e-05 0.03
    18      40    3.1e-02    0    3.1e-04  -397.74991261  -397.74991261    -0.00002087   0.005996   2.4e-02   1.4e-04 0.03
    19      50    4.6e-02    0    3.3e-04  -397.74996156  -397.74996156    -0.00004895   0.004454   1.8e-02   1.3e-04 0.03
    20      60    4.8e-02    0    3.1e-04  -397.74998088  -397.74998088    -0.00001932   0.003851   1.5e-02   1.8e-04 0.03
    21      70    5.2e-02    0    3.6e-04  -397.74999394  -397.74999394    -0.00001306   0.002964   1.2e-02   1.9e-04 0.03
    22      80    7.1e-02    1    5.1e-04  -397.75000123  -397.75000123    -0.00000729   0.002340   9.4e-03   5.9e-05 0.03
    23      80    5.3e-02    0    2.1e-03  -397.75000187  -397.75000187    -0.00000064   0.002340   9.4e-03   5.9e-05 0.03
    24      83    6.0e-02    0    3.3e-04  -397.75002589  -397.75002589    -0.00002402   0.000499   2.0e-03   9.3e-05 0.03
 
RESULTS OF THE OCCUPATION OPTIMIZATION
========================================
   1    1.9999696  -92.05183694
   2    1.9987854  -9.00489164
   3    1.9984898  -6.68893674
   4    1.9976353  -6.68595661
   5    1.9983543  -6.68459599
   6    1.9796552  -0.88663483
   7    1.9738686  -0.40898671
   8    1.0000000  -0.24994877
   9    1.0000000  -0.24866257
  10    0.0261314  -0.02084769
  11    0.0203448  -0.02037301
  12    0.0016457  -0.02200033
  13    0.0023647  -0.03166424
  14    0.0015102  -0.02085585
  15    0.0012146  -0.01973071
  16    0.0000304  -0.00534427
 
----------------
 Final Energies 
----------------
Final NOF Total Energy =    -397.7500259
 
Total Orbital Internal Iterations = 993
Total Occupation Internal Iterations = 30
 
Elapsed time:   28.24 Seconds

---------------------------------
   Lowdin Population Analysis    
---------------------------------
 Idx  Atom   Population   Charge 
---------------------------------
  1     S    16.000      -0.000

---------------------------------
   M Diagnostic: 0.03
---------------------------------

