Computing Integrals
Basis Set                                            = def2-qzvp
Auxiliary Basis Set                                  = def2-universal-jkfit
Gaussian Type                                        = Spherical
Elapsed time:    1.70 Seconds

Number of basis functions                   (NBF)    = 144
Number of auxiliary basis functions         (NBFAUX) = 170
Inactive Doubly occupied orbitals up to     (NO1)    = 0
No. considered Strongly Doubly occupied MOs (NDOC)   = 7
No. considered Strongly Singly occupied MOs (NSOC)   = 0
NO. of Weakly occ. per St. Doubly occ.  MOs (NCWO)   = 1
Dimension of the Nat. Orb. subspace         (NBF5)   = 14
No. of electrons                                     = 14
    No. of alpha electrons                           = 7
    No. of beta electrons                            = 7
Multiplicity                                         = 1

Geometry
========
 C       0.3748217       0.5178301       0.0000000
 N       0.3748217      -0.6705221       0.0000000
 H      -0.7496434       0.1526920       0.0000000

No violations of the orthonormality
No violations of the orthonormality
 
PNOF8/ADABelief Calculation
==================
 
  Nitext  Nit_orb  Time   Nit_occ  Time         Eelec          Etot           Ediff      maxdiff    MaxGrad_orb  Grad_occ
     1      10    9.4e+00    7    1.2e+01  -117.08079379   -93.03447369 -10116.08079379   0.025054   1.0e-01   3.2e-05 0.05
     2      20    8.1e-01    3    1.8e-02  -117.15644034   -93.11012024    -0.07564655   0.005237   2.1e-02   1.6e-04 0.04
     3      20    6.1e-01    5    8.1e-03  -117.15981169   -93.11349159    -0.00337135   0.003176   1.3e-02   2.2e-05 0.04
     4      20    6.5e-01    4    2.3e-02  -117.16049786   -93.11417776    -0.00068617   0.004163   1.7e-02   3.4e-05 0.04
     5      20    1.3e+00    4    1.5e-02  -117.16077027   -93.11445017    -0.00027240   0.004841   1.9e-02   8.1e-05 0.04
     6      20    2.9e+00    2    3.9e-02  -117.16106951   -93.11474941    -0.00029925   0.005887   2.4e-02   2.1e-04 0.04
     7      20    1.1e+00    3    2.7e-02  -117.16146124   -93.11514114    -0.00039173   0.005527   2.2e-02   1.8e-04 0.04
     8      20    1.9e+00    2    7.0e-02  -117.16196332   -93.11564322    -0.00050208   0.005637   2.3e-02   2.5e-04 0.04
     9      20    1.1e+00    4    1.0e-02  -117.16231533   -93.11599522    -0.00035201   0.005989   2.4e-02   4.2e-05 0.04
    10      20    1.6e+00    2    1.6e-02  -117.16255789   -93.11623779    -0.00024257   0.005501   2.2e-02   1.6e-04 0.04
    11      20    1.1e+00    0    1.4e-02  -117.16257508   -93.11625498    -0.00001719   0.005501   2.2e-02   1.6e-04 0.04
    12      31    1.8e+00    2    1.7e-02  -117.16298428   -93.11666418    -0.00040920   0.000504   2.0e-03   1.9e-04 0.04
 
RESULTS OF THE OCCUPATION OPTIMIZATION
========================================
   1    1.9997581  -15.41544265
   2    1.9994848  -11.51773445
   3    1.9899713  -1.10984418
   4    1.9799461  -0.88751062
   5    1.9731452  -0.62693395
   6    1.9580629  -0.54880103
   7    1.9580672  -0.54878278
   8    0.0419328  -0.04369014
   9    0.0419371  -0.04368950
  10    0.0268548  -0.02704089
  11    0.0200539  -0.03079552
  12    0.0100287  -0.01863824
  13    0.0005152  -0.00917888
  14    0.0002419  -0.00620076
 
----------------
 Final Energies 
----------------
Final NOF Total Energy =     -93.1166642
 
Total Orbital Internal Iterations = 241
Total Occupation Internal Iterations = 38
 
Elapsed time:   43.16 Seconds

---------------------------------
   Lowdin Population Analysis    
---------------------------------
 Idx  Atom   Population   Charge 
---------------------------------
  1     C     6.102      -0.102
  2     N     6.749       0.251
  3     H     1.149      -0.149

---------------------------------
   M Diagnostic: 0.04
---------------------------------

