Computing Integrals
Basis Set                                            = def2-qzvp
Auxiliary Basis Set                                  = def2-universal-jkfit
Gaussian Type                                        = Spherical
Elapsed time:    1.68 Seconds

Number of basis functions                   (NBF)    = 130
Number of auxiliary basis functions         (NBFAUX) = 164
Inactive Doubly occupied orbitals up to     (NO1)    = 0
No. considered Strongly Doubly occupied MOs (NDOC)   = 9
No. considered Strongly Singly occupied MOs (NSOC)   = 0
NO. of Weakly occ. per St. Doubly occ.  MOs (NCWO)   = 1
Dimension of the Nat. Orb. subspace         (NBF5)   = 18
No. of electrons                                     = 18
    No. of alpha electrons                           = 9
    No. of beta electrons                            = 9
Multiplicity                                         = 1

Geometry
========
 S       0.0000000       0.0000000      -0.6214606
 H       0.9696567       0.0000000       0.3107303
 H      -0.9696567       0.0000000       0.3107303

No violations of the orthonormality
No violations of the orthonormality
 
PNOF8/ADABelief Calculation
==================
 
  Nitext  Nit_orb  Time   Nit_occ  Time         Eelec          Etot           Ediff      maxdiff    MaxGrad_orb  Grad_occ
     1      10    9.3e+00    9    1.2e+01  -411.79071596  -398.92844198 -10410.79071596   0.018494   7.4e-02   7.7e-05 0.03
     2      20    5.8e-01    5    1.0e-02  -411.87135311  -399.00907914    -0.08063716   0.052625   2.1e-01   1.2e-04 0.03
     3      20    7.1e-01    5    7.3e-03  -411.88640672  -399.02413275    -0.01505361   0.074313   3.0e-01   6.4e-05 0.03
     4      20    6.3e-01    5    1.3e-02  -411.89356683  -399.03129285    -0.00716011   0.064446   2.6e-01   5.5e-05 0.03
     5      20    1.1e+00    5    3.1e-02  -411.89777148  -399.03549751    -0.00420465   0.052930   2.1e-01   1.1e-04 0.03
     6      20    9.2e-01    5    5.1e-03  -411.89931823  -399.03704426    -0.00154675   0.052468   2.1e-01   8.3e-05 0.03
     7      20    6.6e-01    4    1.6e-02  -411.90064224  -399.03836826    -0.00132400   0.055147   2.2e-01   1.8e-04 0.03
     8      20    1.3e+00    0    4.2e-02  -411.90072887  -399.03845489    -0.00008663   0.055147   2.2e-01   1.8e-04 0.03
     9      40    1.6e+00    3    4.2e-02  -411.90408475  -399.04181078    -0.00335588   0.004012   1.6e-02   2.0e-04 0.03
    10      40    2.6e+00    2    2.9e-02  -411.90483476  -399.04256078    -0.00075001   0.006744   2.7e-02   1.8e-04 0.03
    11      40    1.5e+00    2    1.2e-02  -411.90545372  -399.04317975    -0.00061896   0.006310   2.5e-02   1.4e-04 0.03
    12      40    1.8e+00    2    4.7e-03  -411.90596292  -399.04368894    -0.00050919   0.006524   2.6e-02   1.0e-04 0.03
    13      40    2.3e+00    2    1.5e-02  -411.90638106  -399.04410709    -0.00041815   0.006425   2.6e-02   1.3e-04 0.03
    14      40    1.7e+00    2    4.8e-03  -411.90668399  -399.04441001    -0.00030292   0.007048   2.8e-02   1.1e-04 0.03
    15      40    2.3e+00    2    1.1e-02  -411.90695936  -399.04468538    -0.00027537   0.005877   2.4e-02   6.6e-05 0.03
    16      40    1.9e+00    2    2.0e-02  -411.90719160  -399.04491762    -0.00023224   0.006629   2.7e-02   6.4e-05 0.03
    17      40    2.6e+00    2    2.0e-02  -411.90743000  -399.04515602    -0.00023840   0.006033   2.4e-02   4.1e-05 0.03
    18      40    1.7e+00    2    3.0e-02  -411.90762952  -399.04535555    -0.00019953   0.006450   2.6e-02   4.6e-05 0.03
    19      40    2.1e+00    2    1.2e-02  -411.90782334  -399.04554937    -0.00019382   0.006466   2.6e-02   4.1e-05 0.03
    20      40    1.9e+00    2    1.8e-02  -411.90799725  -399.04572327    -0.00017390   0.006120   2.4e-02   4.3e-05 0.03
    21      40    2.5e+00    2    4.9e-03  -411.90813922  -399.04586524    -0.00014198   0.006349   2.5e-02   4.9e-05 0.03
    22      40    2.6e+00    1    4.0e-02  -411.90826652  -399.04599254    -0.00012730   0.006079   2.4e-02   1.5e-04 0.03
    23      40    1.9e+00    1    2.1e-02  -411.90835629  -399.04608231    -0.00008977   0.006992   2.8e-02   1.7e-04 0.03
    24      40    3.0e+00    1    4.4e-02  -411.90842210  -399.04614812    -0.00006581   0.006052   2.4e-02   1.0e-04 0.03
    25      40    1.6e+00    1    9.7e-03  -411.90845212  -399.04617815    -0.00003003   0.006790   2.7e-02   1.5e-04 0.03
    26      40    2.0e+00    1    2.2e-02  -411.90847049  -399.04619651    -0.00001837   0.005922   2.4e-02   1.0e-04 0.03
    27      40    1.5e+00    1    5.1e-03  -411.90847751  -399.04620354    -0.00000702   0.006615   2.6e-02   1.2e-04 0.03
    28      40    1.7e+00    1    8.9e-03  -411.90847957  -399.04620559    -0.00000205   0.006129   2.5e-02   9.5e-05 0.03
    29      40    1.7e+00    0    2.2e-02  -411.90848749  -399.04621351    -0.00000792   0.006600   2.6e-02   2.2e-04 0.03
    30      50    2.2e+00    1    7.3e-03  -411.90853333  -399.04625935    -0.00004584   0.004103   1.6e-02   6.7e-05 0.03
    31      50    2.0e+00    0    5.3e-02  -411.90853390  -399.04625992    -0.00000057   0.004103   1.6e-02   6.7e-05 0.03
    32      70    2.8e+00    0    5.5e-03  -411.90859839  -399.04632441    -0.00006449   0.000502   2.0e-03   1.3e-04 0.03
 
RESULTS OF THE OCCUPATION OPTIMIZATION
========================================
   1    1.9999662  -92.01652739
   2    1.9991293  -8.96522371
   3    1.9988826  -6.66234657
   4    1.9983476  -6.65899683
   5    1.9985852  -6.65764517
   6    1.9908719  -0.99207188
   7    1.9701937  -0.55567041
   8    1.9703468  -0.55553895
   9    1.9802581  -0.40054288
  10    0.0197419  -0.02197362
  11    0.0296532  -0.03621186
  12    0.0298063  -0.03625303
  13    0.0091281  -0.02641598
  14    0.0014148  -0.01967337
  15    0.0016524  -0.02084995
  16    0.0011174  -0.01704987
  17    0.0008707  -0.01594396
  18    0.0000338  -0.00565472
 
----------------
 Final Energies 
----------------
Final NOF Total Energy =    -399.0463244
 
Total Orbital Internal Iterations = 1160
Total Occupation Internal Iterations = 73
 
Elapsed time:   85.64 Seconds

---------------------------------
   Lowdin Population Analysis    
---------------------------------
 Idx  Atom   Population   Charge 
---------------------------------
  1     S    15.493       0.507
  2     H     1.254      -0.254
  3     H     1.254      -0.254

---------------------------------
   M Diagnostic: 0.03
---------------------------------

