Computing Integrals
Basis Set                                            = def2-qzvp
Auxiliary Basis Set                                  = def2-universal-jkfit
Gaussian Type                                        = Spherical
Elapsed time:    1.72 Seconds

Number of basis functions                   (NBF)    = 100
Number of auxiliary basis functions         (NBFAUX) = 146
Inactive Doubly occupied orbitals up to     (NO1)    = 0
No. considered Strongly Doubly occupied MOs (NDOC)   = 7
No. considered Strongly Singly occupied MOs (NSOC)   = 2
NO. of Weakly occ. per St. Doubly occ.  MOs (NCWO)   = 1
Dimension of the Nat. Orb. subspace         (NBF5)   = 16
No. of electrons                                     = 16
    No. of alpha electrons                           = 9
    No. of beta electrons                            = 7
Multiplicity                                         = 3

Geometry
========
Si       0.0000000       0.0000000       0.7829904
 H       0.0000000       0.0000000      -0.7829904

No violations of the orthonormality
No violations of the orthonormality
 
PNOF8/ADABelief Calculation
==================
 
  Nitext  Nit_orb  Time   Nit_occ  Time         Eelec          Etot           Ediff      maxdiff    MaxGrad_orb  Grad_occ
     1      10    9.2e+00    5    1.2e+01  -294.35658120  -289.62570215 -10293.35658120   0.022258   8.9e-02   8.1e-05 0.05
     2      20    3.2e-01    3    2.9e-03  -294.40532681  -289.67444776    -0.04874561   0.033889   1.4e-01   1.6e-04 0.05
     3      20    5.3e-01    5    4.9e-02  -294.41217824  -289.68129919    -0.00685143   0.040655   1.6e-01   3.6e-05 0.04
     4      20    6.2e-01    5    1.2e-03  -294.41613153  -289.68525248    -0.00395329   0.029562   1.2e-01   3.7e-05 0.04
     5      20    4.0e-01    3    6.6e-03  -294.41686273  -289.68598368    -0.00073121   0.025692   1.0e-01   8.5e-05 0.04
     6      20    3.5e-01    2    2.0e-03  -294.41782522  -289.68694617    -0.00096249   0.035520   1.4e-01   1.3e-04 0.04
     7      20    6.5e-01    0    5.6e-04  -294.41789363  -289.68701458    -0.00006841   0.035520   1.4e-01   1.3e-04 0.04
     8      40    1.1e+00    2    1.1e-03  -294.42046377  -289.68958472    -0.00257014   0.002672   1.1e-02   1.3e-04 0.04
     9      40    1.1e+00    2    6.4e-03  -294.42085822  -289.68997917    -0.00039445   0.005006   2.0e-02   9.4e-05 0.04
    10      40    1.3e+00    2    5.6e-03  -294.42120274  -289.69032369    -0.00034453   0.005231   2.1e-02   8.2e-05 0.04
    11      40    1.2e+00    2    1.6e-03  -294.42149845  -289.69061940    -0.00029571   0.005600   2.2e-02   6.9e-05 0.04
    12      40    1.5e+00    2    3.9e-02  -294.42169336  -289.69081431    -0.00019491   0.005594   2.2e-02   6.7e-05 0.04
    13      40    9.6e-01    2    9.5e-03  -294.42181954  -289.69094049    -0.00012619   0.005769   2.3e-02   4.4e-05 0.04
    14      40    1.2e+00    2    6.5e-03  -294.42187280  -289.69099375    -0.00005326   0.005945   2.4e-02   2.8e-05 0.04
    15      40    1.5e+00    1    4.7e-03  -294.42190866  -289.69102961    -0.00003586   0.005730   2.3e-02   1.6e-04 0.04
    16      40    1.3e+00    1    3.0e-02  -294.42192534  -289.69104629    -0.00001668   0.005463   2.2e-02   1.5e-04 0.04
    17      40    1.0e+00    1    4.4e-02  -294.42193904  -289.69105999    -0.00001370   0.005884   2.4e-02   7.1e-05 0.04
    18      40    1.3e+00    0    2.8e-02  -294.42195320  -289.69107415    -0.00001416   0.005405   2.2e-02   1.9e-04 0.04
    19      50    1.5e+00    0    1.7e-02  -294.42199625  -289.69111720    -0.00004305   0.004418   1.8e-02   1.7e-04 0.04
    20      60    2.0e+00    1    1.6e-02  -294.42202552  -289.69114647    -0.00002928   0.003454   1.4e-02   9.6e-05 0.04
    21      60    2.2e+00    0    1.6e-03  -294.42202728  -289.69114823    -0.00000175   0.003872   1.5e-02   1.4e-04 0.04
    22      70    3.1e+00    0    2.9e-02  -294.42205007  -289.69117102    -0.00002279   0.002919   1.2e-02   1.8e-04 0.04
    23      80    2.0e+00    0    2.1e-02  -294.42205966  -289.69118061    -0.00000959   0.002458   9.8e-03   1.6e-04 0.04
    24      90    2.8e+00    1    1.6e-03  -294.42206899  -289.69118994    -0.00000932   0.002174   8.7e-03   8.9e-05 0.04
    25      90    2.8e+00    0    1.0e-03  -294.42206964  -289.69119059    -0.00000065   0.001992   8.0e-03   1.3e-04 0.04
    26     100    4.4e+00    0    3.4e-03  -294.42207608  -289.69119703    -0.00000643   0.001639   6.6e-03   1.7e-04 0.04
    27     110    3.4e+00    0    1.9e-03  -294.42207926  -289.69120021    -0.00000318   0.001316   5.3e-03   1.4e-04 0.04
    28     120    4.1e+00    0    1.4e-03  -294.42208338  -289.69120433    -0.00000412   0.001264   5.1e-03   1.7e-04 0.04
    29     130    4.0e+00    0    9.3e-04  -294.42208492  -289.69120587    -0.00000155   0.001167   4.7e-03   1.5e-04 0.04
    30     140    8.2e+00    0    2.6e-03  -294.42208756  -289.69120851    -0.00000264   0.001119   4.5e-03   1.7e-04 0.04
    31     150    5.0e+00    0    3.5e-02  -294.42208717  -289.69120812     0.00000039   0.001114   4.5e-03   1.5e-04 0.04
    32     102    3.5e+00    0    2.5e-03  -294.42209590  -289.69121685    -0.00000873   0.000493   2.0e-03   1.7e-04 0.04
 
RESULTS OF THE OCCUPATION OPTIMIZATION
========================================
   1    1.9999560  -68.58747742
   2    1.9987541  -5.88605654
   3    1.9974736  -3.99715683
   4    1.9965681  -3.99588910
   5    1.9965695  -3.99484182
   6    1.9861908  -0.38782870
   7    1.9632989  -0.15702271
   8    1.0000000  -0.02853840
   9    1.0000000  -0.02849758
  10    0.0367011  -0.02395278
  11    0.0138092  -0.02519303
  12    0.0034305  -0.02253508
  13    0.0034319  -0.02249463
  14    0.0025264  -0.01762737
  15    0.0012459  -0.01476913
  16    0.0000440  -0.00540266
 
----------------
 Final Energies 
----------------
Final NOF Total Energy =    -289.6912168
 
Total Orbital Internal Iterations = 1922
Total Occupation Internal Iterations = 42
 
Elapsed time:   94.93 Seconds

---------------------------------
   Lowdin Population Analysis    
---------------------------------
 Idx  Atom   Population   Charge 
---------------------------------
  1    Si    14.724      -0.724
  2     H     1.276      -0.276

---------------------------------
   M Diagnostic: 0.04
---------------------------------

