Computing Integrals
Basis Set                                            = def2-qzvp
Auxiliary Basis Set                                  = def2-universal-jkfit
Gaussian Type                                        = Spherical
Elapsed time:    2.83 Seconds

Number of basis functions                   (NBF)    = 140
Number of auxiliary basis functions         (NBFAUX) = 256
Inactive Doubly occupied orbitals up to     (NO1)    = 0
No. considered Strongly Doubly occupied MOs (NDOC)   = 15
No. considered Strongly Singly occupied MOs (NSOC)   = 0
NO. of Weakly occ. per St. Doubly occ.  MOs (NCWO)   = 1
Dimension of the Nat. Orb. subspace         (NBF5)   = 30
No. of electrons                                     = 30
    No. of alpha electrons                           = 15
    No. of beta electrons                            = 15
Multiplicity                                         = 1

Geometry
========
 P       0.0000000       0.0000000       0.9492826
 P       0.0000000       0.0000000      -0.9492826

No violations of the orthonormality
No violations of the orthonormality
 
PNOF8/ADABelief Calculation
==================
 
  Nitext  Nit_orb  Time   Nit_occ  Time         Eelec          Etot           Ediff      maxdiff    MaxGrad_orb  Grad_occ
     1      10    9.8e+00    8    1.2e+01  -744.56048690  -681.84753620 -10743.56048690   0.021512   8.6e-02   1.8e-04 0.25
     2      20    1.8e+00    4    1.6e-02  -744.65592968  -681.94297898    -0.09544278   0.052404   2.1e-01   9.5e-05 0.24
     3      20    1.2e+00   15    2.1e-02  -744.67777690  -681.96482621    -0.02184723   0.043524   1.7e-01   1.4e-04 0.05
     4      20    1.8e+00    7    3.8e-02  -744.75083204  -682.03788135    -0.07305514   0.036610   1.5e-01   8.5e-05 0.04
     5      20    1.7e+00    4    2.3e-02  -744.75371886  -682.04076817    -0.00288682   0.044626   1.8e-01   2.9e-04 0.04
     6      20    2.0e+00    4    1.1e-02  -744.75721709  -682.04426640    -0.00349823   0.047080   1.9e-01   1.3e-04 0.04
     7      20    1.6e+00    0    4.8e-02  -744.75738614  -682.04443545    -0.00016904   0.047080   1.9e-01   1.3e-04 0.04
     8      40    3.6e+00    3    5.4e-02  -744.76495499  -682.05200430    -0.00756885   0.003611   1.4e-02   1.4e-04 0.04
     9      40    3.3e+00    3    3.3e-02  -744.76513759  -682.05218690    -0.00018260   0.006902   2.8e-02   1.4e-04 0.04
    10      40    3.4e+00    3    2.2e-02  -744.76532675  -682.05237606    -0.00018916   0.008624   3.4e-02   1.3e-04 0.04
    11      40    2.7e+00    3    1.4e-02  -744.76546248  -682.05251178    -0.00013572   0.007276   2.9e-02   1.1e-04 0.04
    12      40    2.9e+00    3    1.1e-02  -744.76559512  -682.05264442    -0.00013264   0.007537   3.0e-02   1.1e-04 0.04
    13      40    3.9e+00    3    4.3e-02  -744.76573005  -682.05277936    -0.00013493   0.007901   3.2e-02   1.2e-04 0.04
    14      40    3.0e+00    3    3.0e-02  -744.76597385  -682.05302316    -0.00024380   0.007163   2.9e-02   1.3e-04 0.04
    15      40    3.1e+00    3    3.3e-02  -744.76618228  -682.05323159    -0.00020843   0.007861   3.1e-02   1.3e-04 0.04
    16      40    3.3e+00    2    2.2e-02  -744.76645224  -682.05350155    -0.00026996   0.008326   3.3e-02   2.0e-04 0.04
    17      40    3.4e+00    2    2.2e-02  -744.76672483  -682.05377414    -0.00027259   0.007421   3.0e-02   1.9e-04 0.04
    18      40    3.0e+00    2    3.1e-02  -744.76699649  -682.05404579    -0.00027165   0.008274   3.3e-02   1.7e-04 0.04
    19      40    3.6e+00    2    2.4e-02  -744.76729348  -682.05434279    -0.00029700   0.007648   3.1e-02   1.3e-04 0.04
    20      40    3.3e+00    2    1.6e-02  -744.76755274  -682.05460204    -0.00025925   0.007969   3.2e-02   1.1e-04 0.04
    21      40    3.7e+00    2    5.0e-02  -744.76779033  -682.05483964    -0.00023759   0.007758   3.1e-02   8.7e-05 0.04
    22      40    5.4e+00    2    4.9e-02  -744.76797394  -682.05502325    -0.00018361   0.008156   3.3e-02   9.1e-05 0.04
    23      40    3.3e+00    2    2.6e-02  -744.76809786  -682.05514717    -0.00012392   0.008101   3.2e-02   8.9e-05 0.04
    24      40    3.4e+00    1    2.5e-02  -744.76815339  -682.05520270    -0.00005553   0.008054   3.2e-02   1.8e-04 0.04
    25      40    3.3e+00    1    4.0e-02  -744.76822871  -682.05527802    -0.00007532   0.008159   3.3e-02   1.8e-04 0.04
    26      40    3.2e+00    1    2.9e-03  -744.76826060  -682.05530991    -0.00003189   0.007890   3.2e-02   1.6e-04 0.04
    27      40    3.5e+00    1    2.7e-02  -744.76827743  -682.05532674    -0.00001684   0.007927   3.2e-02   2.1e-04 0.04
    28      40    2.9e+00    1    2.7e-02  -744.76830214  -682.05535145    -0.00002470   0.007748   3.1e-02   1.8e-04 0.04
    29      40    3.0e+00    1    6.1e-02  -744.76830720  -682.05535651    -0.00000506   0.008096   3.2e-02   2.1e-04 0.04
    30      40    3.2e+00    1    5.6e-02  -744.76831160  -682.05536091    -0.00000440   0.007900   3.2e-02   1.9e-04 0.04
    31      40    3.1e+00    1    3.5e-02  -744.76832326  -682.05537257    -0.00001167   0.007840   3.1e-02   2.1e-04 0.04
    32      40    3.4e+00    1    3.4e-02  -744.76833144  -682.05538075    -0.00000818   0.007666   3.1e-02   1.9e-04 0.04
    33      40    3.4e+00    0    3.3e-02  -744.76833276  -682.05538207    -0.00000132   0.007666   3.1e-02   1.9e-04 0.04
    34      60    5.2e+00    1    3.3e-02  -744.76867137  -682.05572068    -0.00033861   0.000558   2.2e-03   1.8e-04 0.04
 
RESULTS OF THE OCCUPATION OPTIMIZATION
========================================
   1    1.9999647  -80.01584833
   2    1.9999641  -80.01574052
   3    1.9987525  -7.51082326
   4    1.9989704  -7.51070988
   5    1.9975828  -5.41347923
   6    1.9976283  -5.41338522
   7    1.9977688  -5.41257273
   8    1.9975792  -5.41218118
   9    1.9982490  -5.41059643
  10    1.9982517  -5.41036127
  11    1.9908863  -0.86501323
  12    1.9888652  -0.62504551
  13    1.9717360  -0.46038782
  14    1.9616391  -0.37746613
  15    1.9619125  -0.37726047
  16    0.0380875  -0.04326394
  17    0.0383609  -0.04330190
  18    0.0282640  -0.04141888
  19    0.0111348  -0.02534757
  20    0.0091137  -0.02057578
  21    0.0017483  -0.01658794
  22    0.0017510  -0.01657134
  23    0.0024208  -0.02217690
  24    0.0022312  -0.02134586
  25    0.0023717  -0.02477344
  26    0.0024172  -0.02547915
  27    0.0010296  -0.01402681
  28    0.0012475  -0.01527803
  29    0.0000359  -0.00543741
  30    0.0000353  -0.00534504
 
----------------
 Final Energies 
----------------
Final NOF Total Energy =    -682.0557207
 
Total Orbital Internal Iterations = 1230
Total Occupation Internal Iterations = 92
 
Elapsed time:  133.88 Seconds

---------------------------------
   Lowdin Population Analysis    
---------------------------------
 Idx  Atom   Population   Charge 
---------------------------------
  1     P    15.000       0.000
  2     P    15.000      -0.000

---------------------------------
   M Diagnostic: 0.04
---------------------------------

