Computing Integrals
Basis Set                                            = def2-qzvp
Auxiliary Basis Set                                  = def2-universal-jkfit
Gaussian Type                                        = Spherical
Elapsed time:    3.76 Seconds

Number of basis functions                   (NBF)    = 257
Number of auxiliary basis functions         (NBFAUX) = 367
Inactive Doubly occupied orbitals up to     (NO1)    = 0
No. considered Strongly Doubly occupied MOs (NDOC)   = 21
No. considered Strongly Singly occupied MOs (NSOC)   = 0
NO. of Weakly occ. per St. Doubly occ.  MOs (NCWO)   = 1
Dimension of the Nat. Orb. subspace         (NBF5)   = 42
No. of electrons                                     = 42
    No. of alpha electrons                           = 21
    No. of beta electrons                            = 21
Multiplicity                                         = 1

Geometry
========
Cl       0.0000000       1.4939925       0.8346445
 C       0.0000000       0.0000000      -0.1555982
Cl       0.0000000      -1.4939925       0.8346445
 H       0.8986495       0.0000000      -0.7568453
 H      -0.8986495       0.0000000      -0.7568453

No violations of the orthonormality
No violations of the orthonormality
 
PNOF8/ADABelief Calculation
==================
 
  Nitext  Nit_orb  Time   Nit_occ  Time         Eelec          Etot           Ediff      maxdiff    MaxGrad_orb  Grad_occ
     1      10    1.1e+01   12    1.2e+01 -1091.42407112  -958.60219884 -11090.42407112   0.022319   8.9e-02   2.2e-04 0.04
     2      20    3.0e+00    6    2.2e-02 -1091.59704830  -958.77517602    -0.17297718   0.104719   4.2e-01   1.5e-04 0.04
     3      20    3.4e+00    7    2.5e-02 -1091.61954429  -958.79767201    -0.02249599   0.119389   4.8e-01   2.3e-04 0.03
     4      20    2.7e+00    6    2.4e-02 -1091.64250364  -958.82063136    -0.02295935   0.097832   3.9e-01   2.1e-04 0.03
     5      20    3.5e+00    6    2.4e-02 -1091.65256837  -958.83069609    -0.01006473   0.104040   4.2e-01   1.1e-04 0.03
     6      20    2.9e+00    4    3.0e-02 -1091.65924342  -958.83737114    -0.00667505   0.082381   3.3e-01   2.9e-04 0.03
     7      20    3.1e+00    0    2.3e-02 -1091.65946422  -958.83759194    -0.00022079   0.082381   3.3e-01   2.9e-04 0.03
     8      40    6.5e+00    4    2.0e-02 -1091.68320389  -958.86133161    -0.02373968   0.013516   5.4e-02   1.8e-04 0.03
     9      40    9.0e+00    3    2.8e-02 -1091.68400661  -958.86213433    -0.00080272   0.010781   4.3e-02   1.9e-04 0.03
    10      40    6.5e+00    3    3.1e-02 -1091.68453496  -958.86266268    -0.00052835   0.013164   5.3e-02   1.7e-04 0.03
    11      40    6.2e+00    2    2.0e-02 -1091.68478741  -958.86291513    -0.00025246   0.010423   4.2e-02   2.3e-04 0.03
    12      40    6.1e+00    3    4.0e-02 -1091.68492502  -958.86305274    -0.00013761   0.011576   4.6e-02   1.9e-04 0.03
    13      40    6.3e+00    1    2.8e-02 -1091.68514982  -958.86327754    -0.00022480   0.010283   4.1e-02   2.5e-04 0.03
    14      40    6.0e+00    3    2.2e-02 -1091.68527644  -958.86340416    -0.00012662   0.011426   4.6e-02   2.5e-04 0.03
    15      40    6.5e+00    3    5.1e-02 -1091.68539269  -958.86352041    -0.00011625   0.010489   4.2e-02   1.9e-04 0.03
    16      40    5.6e+00    3    2.5e-02 -1091.68549222  -958.86361994    -0.00009953   0.011520   4.6e-02   2.1e-04 0.03
    17      40    6.6e+00    2    2.0e-02 -1091.68555879  -958.86368651    -0.00006657   0.010119   4.0e-02   2.6e-04 0.03
    18      40    5.4e+00    3    3.2e-02 -1091.68564112  -958.86376884    -0.00008234   0.011029   4.4e-02   2.1e-04 0.03
    19      40    5.7e+00    0    1.8e-02 -1091.68565168  -958.86377940    -0.00001056   0.011029   4.4e-02   2.1e-04 0.03
    20      60    9.4e+00    1    2.2e-02 -1091.68663622  -958.86476394    -0.00098454   0.001436   5.7e-03   2.7e-04 0.03
    21      60    9.0e+00    3    3.7e-02 -1091.68664397  -958.86477169    -0.00000775   0.002049   8.2e-03   1.9e-04 0.03
    22      60    9.2e+00    3    1.9e-02 -1091.68669943  -958.86482715    -0.00005546   0.002138   8.6e-03   1.4e-04 0.03
    23      60    1.0e+01    1    2.1e-02 -1091.68672245  -958.86485017    -0.00002302   0.002083   8.3e-03   2.1e-04 0.03
    24      60    9.7e+00    2    4.6e-02 -1091.68674912  -958.86487684    -0.00002667   0.001932   7.7e-03   2.0e-04 0.03
    25      60    8.9e+00    2    3.3e-02 -1091.68676882  -958.86489654    -0.00001970   0.002082   8.3e-03   2.0e-04 0.03
    26      60    9.1e+00    2    2.5e-02 -1091.68678547  -958.86491319    -0.00001665   0.002183   8.7e-03   1.7e-04 0.03
    27      60    9.2e+00    2    2.4e-02 -1091.68679948  -958.86492720    -0.00001400   0.002144   8.6e-03   1.7e-04 0.03
    28      60    9.5e+00    1    2.4e-02 -1091.68681258  -958.86494030    -0.00001311   0.002026   8.1e-03   1.7e-04 0.03
    29      60    1.1e+01    0    2.5e-02 -1091.68682366  -958.86495138    -0.00001107   0.002103   8.4e-03   2.4e-04 0.03
    30      70    1.0e+01    2    2.4e-02 -1091.68684941  -958.86497712    -0.00002575   0.001658   6.6e-03   1.6e-04 0.03
    31      70    1.0e+01    0    2.0e-02 -1091.68685604  -958.86498376    -0.00000663   0.001768   7.1e-03   2.0e-04 0.03
    32      80    1.4e+01    0    2.9e-02 -1091.68687934  -958.86500706    -0.00002330   0.001478   5.9e-03   1.9e-04 0.03
    33      90    2.0e+01    0    3.2e-02 -1091.68689513  -958.86502285    -0.00001579   0.001437   5.7e-03   2.4e-04 0.03
    34     100    1.5e+01    0    2.0e-02 -1091.68691311  -958.86504083    -0.00001798   0.001196   4.8e-03   2.3e-04 0.03
    35     110    1.7e+01    0    2.5e-02 -1091.68692848  -958.86505620    -0.00001537   0.001129   4.5e-03   2.9e-04 0.03
    36     120    1.7e+01    0    2.6e-02 -1091.68694470  -958.86507242    -0.00001622   0.001018   4.1e-03   2.8e-04 0.03
    37     130    1.9e+01    1    2.5e-02 -1091.68695973  -958.86508745    -0.00001503   0.001017   4.1e-03   1.8e-04 0.03
    38     130    2.0e+01    0    1.9e-02 -1091.68697224  -958.86509996    -0.00001251   0.001080   4.3e-03   2.1e-04 0.03
    39     140    2.2e+01    0    2.2e-02 -1091.68699065  -958.86511837    -0.00001841   0.001162   4.6e-03   2.4e-04 0.03
    40     150    2.4e+01    1    2.0e-02 -1091.68700748  -958.86513520    -0.00001683   0.001053   4.2e-03   1.1e-04 0.03
 
RESULTS OF THE OCCUPATION OPTIMIZATION
========================================
   1    1.9999651  -104.89396214
   2    1.9999663  -104.89379944
   3    1.9993439  -10.67060070
   4    1.9993568  -10.57761441
   5    1.9992043  -10.48111938
   6    1.9989463  -8.28660072
   7    1.9989996  -8.22929079
   8    1.9988187  -8.22141050
   9    1.9989928  -8.21901234
  10    1.9985540  -8.05481114
  11    1.9985547  -8.04977827
  12    1.9915228  -1.13867671
  13    1.9919333  -1.13765098
  14    1.9837549  -0.89399774
  15    1.9653620  -0.58544272
  16    1.9654209  -0.58411696
  17    1.9762403  -0.57421033
  18    1.9800731  -0.52237978
  19    1.9799371  -0.52148964
  20    1.9796015  -0.51125218
  21    1.9794937  -0.50345306
  22    0.0205063  -0.02418384
  23    0.0203985  -0.02418188
  24    0.0200629  -0.02388962
  25    0.0199269  -0.02382956
  26    0.0237597  -0.02679605
  27    0.0345791  -0.04884273
  28    0.0346380  -0.04885042
  29    0.0162451  -0.02504688
  30    0.0080667  -0.02937609
  31    0.0084772  -0.02898509
  32    0.0014453  -0.02024359
  33    0.0014460  -0.01982814
  34    0.0010072  -0.01841107
  35    0.0011813  -0.01582172
  36    0.0010004  -0.01838426
  37    0.0010537  -0.01737740
  38    0.0007957  -0.01573849
  39    0.0006432  -0.01491719
  40    0.0006561  -0.01527632
  41    0.0000337  -0.00621725
  42    0.0000349  -0.00640057
 
----------------
 Final Energies 
----------------
Final NOF Total Energy =    -958.8651352
 
Total Orbital Internal Iterations = 2400
Total Occupation Internal Iterations = 92
 
Elapsed time:  419.48 Seconds

---------------------------------
   Lowdin Population Analysis    
---------------------------------
 Idx  Atom   Population   Charge 
---------------------------------
  1    Cl    16.614       0.386
  2     C     6.534      -0.534
  3    Cl    16.615       0.385
  4     H     1.121      -0.121
  5     H     1.117      -0.117

---------------------------------
   M Diagnostic: 0.03
---------------------------------

