G2RC-68
/software/eb2024/easybuild/software/common/software/Julia/1.11.3-linux-x86_64/bin/julia
Job runing on nh030
Choosing scratch ...
Automatic scratch folder selection
/scratch/pobleyef/287203
/scratch/pobleyef/287203 directory
cp G2RC-68.jl G2RC-68.jld2 to  /scratch/pobleyef/287203/.
G2RC-68_C.jld2 not found
G2RC-68_n.jld2 not found
Computing Integrals
Basis Set                                            = def2-qzvp
Auxiliary Basis Set                                  = def2-universal-jkfit
Gaussian Type                                        = Spherical
Elapsed time:    3.89 Seconds

Number of basis functions                   (NBF)    = 171
Number of auxiliary basis functions         (NBFAUX) = 231
Inactive Doubly occupied orbitals up to     (NO1)    = 0
No. considered Strongly Doubly occupied MOs (NDOC)   = 11
No. considered Strongly Singly occupied MOs (NSOC)   = 0
NO. of Weakly occ. per St. Doubly occ.  MOs (NCWO)   = 1
Dimension of the Nat. Orb. subspace         (NBF5)   = 22
No. of electrons                                     = 22
    No. of alpha electrons                           = 11
    No. of beta electrons                            = 11
Multiplicity                                         = 1

Geometry
========
 N       0.0000000       0.0000000      -0.0211861
 N       0.0000000       0.0000000      -1.1424486
 O       0.0000000       0.0000000       1.1636347

No violations of the orthonormality
No violations of the orthonormality
 
PNOF8/ADABelief Calculation
==================
 
  Nitext  Nit_orb  Time   Nit_occ  Time         Eelec          Etot           Ediff      maxdiff    MaxGrad_orb  Grad_occ
     1      10    2.9e+01    5    3.4e+01  -237.17634286  -176.18939437 -10236.17634286   0.812116   3.2e+00   1.2e-04 0.01
     2      10    1.3e+00    8    2.9e-02  -242.67572542  -181.68877693    -5.49938256   0.343539   1.4e+00   2.2e-04 0.02
     3      10    1.4e+00   10    1.8e-02  -244.31767556  -183.33072707    -1.64195014   0.200698   8.0e-01   2.2e-04 0.03
     4      10    1.2e+00    8    3.5e-02  -244.61768913  -183.63074064    -0.30001357   0.225999   9.0e-01   2.2e-04 0.04
     5      10    1.0e+00    8    4.5e-02  -244.81411602  -183.82716753    -0.19642689   0.209172   8.4e-01   6.6e-05 0.04
     6      10    1.0e+00    6    4.7e-03  -245.01299076  -184.02604227    -0.19887474   0.214327   8.6e-01   1.8e-04 0.04
     7      10    1.2e+00    6    5.4e-03  -245.12637212  -184.13942363    -0.11338136   0.221291   8.9e-01   2.6e-04 0.04
     8      10    1.2e+00    5    3.1e-02  -245.17464481  -184.18769632    -0.04827269   0.213674   8.5e-01   1.5e-04 0.04
     9      10    1.1e+00    3    6.4e-02  -245.18327550  -184.19632701    -0.00863069   0.226511   9.1e-01   2.2e-04 0.04
    10      10    1.3e+00    0    8.8e-03  -245.18336714  -184.19641865    -0.00009164   0.226511   9.1e-01   2.2e-04 0.04
    11      30    3.7e+00    4    5.3e-03  -245.23795194  -184.25100344    -0.05458479   0.004069   1.6e-02   9.8e-05 0.04
    12      30    3.5e+00    4    2.2e-02  -245.23967108  -184.25272259    -0.00171914   0.003448   1.4e-02   1.4e-04 0.04
    13      30    3.2e+00    4    5.2e-03  -245.24039898  -184.25345049    -0.00072791   0.004603   1.8e-02   1.1e-04 0.04
    14      30    3.6e+00    4    4.5e-03  -245.24076332  -184.25381483    -0.00036433   0.004447   1.8e-02   1.6e-04 0.04
    15      30    3.4e+00    4    8.8e-02  -245.24085244  -184.25390395    -0.00008912   0.005701   2.3e-02   1.5e-04 0.04
    16      30    3.6e+00    4    5.5e-03  -245.24099681  -184.25404832    -0.00014437   0.004474   1.8e-02   1.7e-04 0.04
    17      30    3.5e+00    0    1.0e-02  -245.24100952  -184.25406103    -0.00001270   0.004474   1.8e-02   1.7e-04 0.04
    18      42    5.3e+00    2    9.1e-03  -245.24132094  -184.25437245    -0.00031143   0.000480   1.9e-03   2.1e-04 0.04
 
RESULTS OF THE OCCUPATION OPTIMIZATION
========================================
   1    1.9998105  -20.23062236
   2    1.9997077  -16.13973067
   3    1.9996214  -15.78758297
   4    1.9925930  -1.59558005
   5    1.9898603  -1.23674021
   6    1.9882607  -0.89231491
   7    1.9789460  -0.86905808
   8    1.9702543  -0.75560272
   9    1.9878750  -0.74137417
  10    1.9567243  -0.54263537
  11    1.9572781  -0.54071130
  12    0.0427219  -0.05871784
  13    0.0432757  -0.05873821
  14    0.0121250  -0.01662437
  15    0.0297457  -0.05151474
  16    0.0210540  -0.03377120
  17    0.0117393  -0.02223780
  18    0.0101397  -0.01988979
  19    0.0074070  -0.01492010
  20    0.0003786  -0.00904934
  21    0.0002923  -0.00713103
  22    0.0001895  -0.00639999
 
----------------
 Final Energies 
----------------
Final NOF Total Energy =    -184.2543725
 
Total Orbital Internal Iterations = 352
Total Occupation Internal Iterations = 85
 
Elapsed time:  127.27 Seconds

---------------------------------
   Lowdin Population Analysis    
---------------------------------
 Idx  Atom   Population   Charge 
---------------------------------
  1     N     7.150      -0.150
  2     N     6.947       0.053
  3     O     7.903       0.097

---------------------------------
   M Diagnostic: 0.04
---------------------------------

Recovering execution output...
Moving from /scratch/pobleyef/287203 to /home-nas/pobleyef/Slim-NOF/ncwo1/Slim05/GNOFm20/arina.287203
mkdir -p /home-nas/pobleyef/Slim-NOF/ncwo1/Slim05/GNOFm20/arina.287203
mv /scratch/pobleyef/287203/* /home-nas/pobleyef/Slim-NOF/ncwo1/Slim05/GNOFm20/arina.287203
