Computing Integrals
Basis Set                                            = def2-qzvp
Auxiliary Basis Set                                  = def2-universal-jkfit
Gaussian Type                                        = Spherical
Elapsed time:    3.43 Seconds

Number of basis functions                   (NBF)    = 228
Number of auxiliary basis functions         (NBFAUX) = 306
Inactive Doubly occupied orbitals up to     (NO1)    = 0
No. considered Strongly Doubly occupied MOs (NDOC)   = 16
No. considered Strongly Singly occupied MOs (NSOC)   = 0
NO. of Weakly occ. per St. Doubly occ.  MOs (NCWO)   = 1
Dimension of the Nat. Orb. subspace         (NBF5)   = 32
No. of electrons                                     = 32
    No. of alpha electrons                           = 16
    No. of beta electrons                            = 16
Multiplicity                                         = 1

Geometry
========
 B       0.0000000       0.0000000       0.0000000
 F       0.6583670       1.1403250       0.0000000
 F       0.6583670      -1.1403250       0.0000000
 F      -1.3167339       0.0000000       0.0000000

No violations of the orthonormality
No violations of the orthonormality
 
PNOF8/ADABelief Calculation
==================
 
  Nitext  Nit_orb  Time   Nit_occ  Time         Eelec          Etot           Ediff      maxdiff    MaxGrad_orb  Grad_occ
     1      10    1.0e+01    6    1.2e+01  -434.48278361  -323.84529728 -10433.48278361   0.025701   1.0e-01   2.4e-04 0.02
     2      20    2.4e+00    5    2.2e-02  -434.58145535  -323.94396903    -0.09867175   0.121504   4.9e-01   3.6e-05 0.03
     3      20    1.9e+00    5    5.9e-02  -434.58979960  -323.95231328    -0.00834425   0.024531   9.8e-02   1.1e-04 0.03
     4      20    2.1e+00    4    1.2e-02  -434.59332260  -323.95583627    -0.00352300   0.034228   1.4e-01   2.2e-04 0.03
     5      20    2.1e+00    0    2.8e-02  -434.59375692  -323.95627059    -0.00043432   0.034228   1.4e-01   2.2e-04 0.03
     6      40    5.4e+00    4    5.7e-02  -434.59977439  -323.96228807    -0.00601747   0.001943   7.8e-03   1.3e-04 0.03
     7      40    5.2e+00    2    3.8e-02  -434.60018846  -323.96270213    -0.00041407   0.003754   1.5e-02   1.7e-04 0.03
     8      40    5.0e+00    2    2.0e-02  -434.60034644  -323.96286011    -0.00015798   0.006029   2.4e-02   1.3e-04 0.03
     9      40    5.0e+00    0    1.5e-02  -434.60037355  -323.96288723    -0.00002712   0.006029   2.4e-02   1.3e-04 0.03
    10      60    7.2e+00    2    5.1e-02  -434.60059230  -323.96310598    -0.00021875   0.000825   3.3e-03   1.2e-04 0.03
 
RESULTS OF THE OCCUPATION OPTIMIZATION
========================================
   1    1.9998450  -26.38260524
   2    1.9998430  -26.37940211
   3    1.9998431  -26.37858279
   4    1.9992416  -7.75294503
   5    1.9917704  -1.61142449
   6    1.9916000  -1.56671505
   7    1.9910194  -1.52674210
   8    1.9875602  -0.87336860
   9    1.9872965  -0.84711901
  10    1.9740744  -0.83405491
  11    1.9869183  -0.83306824
  12    1.9733914  -0.82410757
  13    1.9733357  -0.82083660
  14    1.9839020  -0.75362985
  15    1.9832885  -0.74311346
  16    1.9738466  -0.72975569
  17    0.0261534  -0.03669318
  18    0.0167115  -0.02431266
  19    0.0160980  -0.02385662
  20    0.0266643  -0.04343530
  21    0.0266086  -0.04272470
  22    0.0130817  -0.02379036
  23    0.0259256  -0.04246406
  24    0.0127035  -0.02357146
  25    0.0124398  -0.02283571
  26    0.0089806  -0.02273507
  27    0.0084000  -0.02159321
  28    0.0082296  -0.02102790
  29    0.0007584  -0.00939761
  30    0.0001569  -0.00653907
  31    0.0001570  -0.00656408
  32    0.0001550  -0.00647143
 
----------------
 Final Energies 
----------------
Final NOF Total Energy =    -323.9631060
 
Total Orbital Internal Iterations = 310
Total Occupation Internal Iterations = 30
 
Elapsed time:   66.62 Seconds

---------------------------------
   Lowdin Population Analysis    
---------------------------------
 Idx  Atom   Population   Charge 
---------------------------------
  1     B     6.614      -1.614
  2     F     8.464       0.536
  3     F     8.464       0.536
  4     F     8.457       0.543

---------------------------------
   M Diagnostic: 0.03
---------------------------------

