HAL59-BrBr_NCH
/software/eb2024/easybuild/software/common/software/Julia/1.11.3-linux-x86_64/bin/julia
Job runing on na07
Choosing scratch ...
Automatic scratch folder selection
/scratch/pobleyef/287393
/scratch/pobleyef/287393 directory
cp HAL59-BrBr_NCH.jl HAL59-BrBr_NCH.jld2 to  /scratch/pobleyef/287393/.
Computing Integrals
Basis Set                                            = def2-qzvp
Auxiliary Basis Set                                  = def2-universal-jkfit
Gaussian Type                                        = Spherical
Elapsed time:   21.77 Seconds

Number of basis functions                   (NBF)    = 294
Number of auxiliary basis functions         (NBFAUX) = 702
Inactive Doubly occupied orbitals up to     (NO1)    = 0
No. considered Strongly Doubly occupied MOs (NDOC)   = 42
No. considered Strongly Singly occupied MOs (NSOC)   = 0
NO. of Weakly occ. per St. Doubly occ.  MOs (NCWO)   = 1
Dimension of the Nat. Orb. subspace         (NBF5)   = 84
No. of electrons                                     = 84
    No. of alpha electrons                           = 42
    No. of beta electrons                            = 42
Multiplicity                                         = 1

Geometry
========
Br       0.0000000       0.0000000       1.9199780
Br       0.0000000       0.0000000      -0.3671470
 N       0.0000000       0.0000000      -3.2350060
 C       0.0000000       0.0000000      -4.3766260
 H       0.0000000       0.0000000      -5.4442760

No violations of the orthonormality
No violations of the orthonormality
 
PNOF8/ADABelief Calculation
==================
 
  Nitext  Nit_orb  Time   Nit_occ  Time         Eelec          Etot           Ediff      maxdiff    MaxGrad_orb  Grad_occ
     1      10    6.2e+01    1    2.1e+01 -5667.55838925 -5238.12403249 -15666.55838925   0.021433   8.6e-02   6.9e-05 0.02
     2      20    6.6e+01    0    5.4e-02 -5667.55838925 -5238.12403249    -0.00000000   0.021433   8.6e-02   6.9e-05 0.02
     3      40    1.4e+02    0    3.7e-02 -5667.55838925 -5238.12403249     0.00000000   0.021433   8.6e-02   6.9e-05 0.02
     4      60    2.3e+02    3    8.2e-02 -5667.56392047 -5238.12956371    -0.00553122   0.020371   8.1e-02   5.9e-05 0.02
     5      60    2.2e+02    3    5.3e-02 -5667.56975673 -5238.13539997    -0.00583626   0.019086   7.6e-02   5.3e-05 0.02
     6      60    1.9e+02    3    7.5e-02 -5667.57477493 -5238.14041818    -0.00501820   0.017561   7.0e-02   3.8e-05 0.02
     7      60    1.8e+02    3    7.5e-02 -5667.57923051 -5238.14487375    -0.00445558   0.015443   6.2e-02   2.5e-05 0.02
     8      60    1.9e+02    3    7.3e-02 -5667.58287957 -5238.14852282    -0.00364906   0.012559   5.0e-02   1.8e-05 0.02
     9      60    1.9e+02    3    7.1e-02 -5667.58604391 -5238.15168715    -0.00316434   0.009033   3.6e-02   1.4e-05 0.02
    10      60    1.8e+02    3    7.1e-02 -5667.58840416 -5238.15404740    -0.00236025   0.005539   2.2e-02   1.4e-05 0.02
    11      60    1.9e+02    3    6.9e-02 -5667.59023150 -5238.15587474    -0.00182734   0.004340   1.7e-02   1.4e-05 0.02
    12      60    1.8e+02    3    5.1e-02 -5667.59150280 -5238.15714604    -0.00127130   0.003616   1.4e-02   1.5e-05 0.02
    13      60    1.8e+02    2    9.8e-02 -5667.59253470 -5238.15817794    -0.00103190   0.003318   1.3e-02   9.4e-05 0.02
    14      60    1.8e+02    2    6.3e-02 -5667.59331618 -5238.15895942    -0.00078148   0.004103   1.6e-02   4.7e-05 0.02
    15      60    1.9e+02    2    4.5e-02 -5667.59405794 -5238.15970118    -0.00074177   0.004547   1.8e-02   2.6e-05 0.02
    16      60    1.9e+02    2    7.7e-02 -5667.59472084 -5238.16036408    -0.00066290   0.003793   1.5e-02   1.7e-05 0.02
    17      60    1.8e+02    2    7.7e-02 -5667.59530706 -5238.16095030    -0.00058622   0.004982   2.0e-02   1.4e-05 0.02
    18      60    1.9e+02    2    5.5e-02 -5667.59579450 -5238.16143774    -0.00048744   0.003997   1.6e-02   1.3e-05 0.03
    19      60    1.8e+02    2    4.6e-02 -5667.59614131 -5238.16178455    -0.00034681   0.004065   1.6e-02   1.3e-05 0.03
    20      60    1.8e+02    2    5.1e-02 -5667.59639232 -5238.16203556    -0.00025101   0.003974   1.6e-02   1.3e-05 0.03
    21      60    1.8e+02    1    1.1e-01 -5667.59654075 -5238.16218399    -0.00014843   0.003786   1.5e-02   1.4e-04 0.03
    22      60    1.7e+02    1    5.1e-02 -5667.59665739 -5238.16230063    -0.00011664   0.004502   1.8e-02   5.4e-05 0.03
    23      60    1.7e+02    1    8.9e-02 -5667.59670880 -5238.16235204    -0.00005141   0.004565   1.8e-02   4.4e-05 0.03
    24      60    1.7e+02    1    5.7e-02 -5667.59674404 -5238.16238728    -0.00003524   0.004736   1.9e-02   3.8e-05 0.03
    25      60    1.7e+02    1    3.9e-02 -5667.59678915 -5238.16243239    -0.00004511   0.004469   1.8e-02   4.4e-05 0.03
    26      60    1.7e+02    0    7.7e-02 -5667.59680341 -5238.16244665    -0.00001426   0.004446   1.8e-02   1.9e-04 0.03
    27      70    2.0e+02    1    1.2e-01 -5667.59709724 -5238.16274049    -0.00029384   0.003503   1.4e-02   4.7e-05 0.03
    28      70    2.0e+02    0    5.7e-02 -5667.59709737 -5238.16274061    -0.00000013   0.003503   1.4e-02   4.7e-05 0.03
    29      71    2.0e+02    0    6.3e-02 -5667.59767746 -5238.16332070    -0.00058008   0.000496   2.0e-03   1.5e-04 0.03
 
RESULTS OF THE OCCUPATION OPTIMIZATION
========================================
   1    2.0000000  -313.83524682
   2    2.0000000  -137.26156603
   3    2.0000000  -90.41862863
   4    2.0000000  -67.82627712
   5    2.0000000  -67.81166835
   6    2.0000000  -65.10654476
   7    2.0000000  -63.71882740
   8    2.0000000  -58.52752022
   9    2.0000000  -52.64139272
  10    2.0000000  -52.24044180
  11    2.0000000  -51.77629276
  12    2.0000000  -51.40788667
  13    2.0000000  -45.20017366
  14    2.0000000  -42.71322379
  15    2.0000000  -38.29535819
  16    2.0000000  -32.98403476
  17    2.0000000  -30.19202890
  18    2.0000000  -28.83231471
  19    2.0000000  -24.95053248
  20    2.0000000  -22.88172762
  21    2.0000000  -20.29776570
  22    2.0000000  -16.64561294
  23    2.0000000  -16.35390743
  24    2.0000000  -16.26550899
  25    2.0000000  -15.36626352
  26    2.0000000  -15.27870577
  27    2.0000000  -14.50806244
  28    2.0000000  -14.36596239
  29    2.0000000  -14.31899637
  30    2.0000000  -14.20081775
  31    2.0000000  -13.04264741
  32    2.0000000  -12.45742334
  33    2.0000000  -11.34139665
  34    2.0000000  -11.10786653
  35    2.0000000  -11.07537342
  36    2.0000000  -10.70887886
  37    2.0000000  -8.95249683
  38    2.0000000  -8.56568768
  39    2.0000000  -8.43399699
  40    1.9939572  -0.51387299
  41    1.9945489  -0.47981981
  42    1.9745304  -0.38312916
  43    0.0254696  -0.06292929
  44    0.0054511  -0.05138712
  45    0.0060428  -0.05292946
  46    0.0000000  -0.00000000
  47    0.0000000  -0.00000000
  48    0.0000000  -0.00000029
  49    0.0000000  -0.00000036
  50    0.0000000  -0.00000000
  51    0.0000000  -0.00000000
  52    0.0000000  -0.00000000
  53    0.0000000  -0.00000003
  54    0.0000000  -0.00000000
  55    0.0000000  -0.00000152
  56    0.0000000  -0.00000000
  57    0.0000000  -0.00000000
  58    0.0000000  -0.00000000
  59    0.0000000  -0.00000000
  60    0.0000000  -0.00000000
  61    0.0000000  -0.00000000
  62    0.0000000  -0.00000000
  63    0.0000000  -0.00000001
  64    0.0000000  -0.00000000
  65    0.0000000  -0.00000000
  66    0.0000000  -0.00000000
  67    0.0000000  -0.00000000
  68    0.0000000  -0.00000000
  69    0.0000000  -0.00000005
  70    0.0000000  -0.00000000
  71    0.0000000  -0.00000006
  72    0.0000000  -0.00000000
  73    0.0000000  -0.00000000
  74    0.0000000  -0.00000000
  75    0.0000000  -0.00000000
  76    0.0000000  -0.00000010
  77    0.0000000  -0.00000000
  78    0.0000000  -0.00000024
  79    0.0000000  -0.00000000
  80    0.0000000  -0.00000000
  81    0.0000000  -0.00000000
  82    0.0000000  -0.00000021
  83    0.0000000  -0.00000013
  84    0.0000000  -0.00000349
 
----------------
 Final Energies 
----------------
Final NOF Total Energy =   -5238.1633207
 
Total Orbital Internal Iterations = 1661
Total Occupation Internal Iterations = 50
 
Elapsed time: 5237.07 Seconds

---------------------------------
   Lowdin Population Analysis    
---------------------------------
 Idx  Atom   Population   Charge 
---------------------------------
  1    Br    35.040      -0.040
  2    Br    34.964       0.036
  3     N     6.933       0.067
  4     C     5.938       0.062
  5     H     1.125      -0.125

---------------------------------
   M Diagnostic: 0.03
---------------------------------

Recovering execution output...
Moving from /scratch/pobleyef/287393 to /home-nas/pobleyef/Slim-NOF/ncwo1/Slim05/GNOFm20/arina.287393
mkdir -p /home-nas/pobleyef/Slim-NOF/ncwo1/Slim05/GNOFm20/arina.287393
mv /scratch/pobleyef/287393/* /home-nas/pobleyef/Slim-NOF/ncwo1/Slim05/GNOFm20/arina.287393
