HEAVY28-teh2_hcl
/software/eb2024/easybuild/software/common/software/Julia/1.11.3-linux-x86_64/bin/julia
Job runing on na18
Choosing scratch ...
Automatic scratch folder selection
/scratch/pobleyef/287344
/scratch/pobleyef/287344 directory
cp HEAVY28-teh2_hcl.jl HEAVY28-teh2_hcl.jld2 to  /scratch/pobleyef/287344/.
Computing Integrals
Basis Set                                            = def2-qzvp
Auxiliary Basis Set                                  = def2-universal-jkfit
Gaussian Type                                        = Spherical
Elapsed time:    5.55 Seconds

Number of basis functions                   (NBF)    = 242
Number of auxiliary basis functions         (NBFAUX) = 400
Inactive Doubly occupied orbitals up to     (NO1)    = 0
No. considered Strongly Doubly occupied MOs (NDOC)   = 36
No. considered Strongly Singly occupied MOs (NSOC)   = 0
NO. of Weakly occ. per St. Doubly occ.  MOs (NCWO)   = 1
Dimension of the Nat. Orb. subspace         (NBF5)   = 72
No. of electrons                                     = 72
    No. of alpha electrons                           = 36
    No. of beta electrons                            = 36
Multiplicity                                         = 1

Geometry
========
Te       0.1548430      -1.2451794       0.0000000
 H      -1.4004440      -0.7519904       0.0000000
 H      -0.3277040      -2.8073024       0.0000000
 H       1.4184620       2.3282376       0.0000000
Cl       0.1548430       2.4762346       0.0000000

No violations of the orthonormality
No violations of the orthonormality
 
PNOF8/ADABelief Calculation
==================
 
  Nitext  Nit_orb  Time   Nit_occ  Time         Eelec          Etot           Ediff      maxdiff    MaxGrad_orb  Grad_occ
     1      10    3.4e+01    0    2.0e+01 -2931.26461710 -2752.87688598 -12930.26461710   0.075395   3.0e-01   2.6e-04 0.26
     2      30    5.2e+01    6    1.1e-01 -2931.28624990 -2752.89851878    -0.02163280   0.039305   1.6e-01   3.0e-04 0.26
     3      30    5.0e+01    6    5.9e-02 -2931.28896419 -2752.90123307    -0.00271429   0.218172   8.7e-01   3.3e-04 0.27
     4      30    5.1e+01    7    1.2e-01 -2931.29119587 -2752.90346474    -0.00223168   0.045353   1.8e-01   1.7e-04 0.27
     5      30    4.9e+01    5    7.0e-02 -2931.29218174 -2752.90445062    -0.00098587   0.042867   1.7e-01   3.4e-04 0.27
     6      30    5.1e+01    0    1.8e-02 -2931.29222407 -2752.90449295    -0.00004233   0.042867   1.7e-01   3.4e-04 0.27
     7      50    8.6e+01    5    5.5e-02 -2931.30188740 -2752.91415628    -0.00966333   0.005242   2.1e-02   2.2e-04 0.27
     8      50    8.4e+01    1    1.1e-01 -2931.30195759 -2752.91422647    -0.00007019   0.008862   3.5e-02   3.0e-04 0.27
     9      50    9.1e+01    1    4.9e-02 -2931.30200030 -2752.91426918    -0.00004271   0.014344   5.7e-02   2.9e-04 0.27
    10      50    9.0e+01    5    5.6e-02 -2931.30221449 -2752.91448337    -0.00021420   0.004952   2.0e-02   2.9e-04 0.27
    11      50    9.1e+01    1    4.1e-02 -2931.30231192 -2752.91458080    -0.00009742   0.006614   2.6e-02   1.9e-04 0.27
    12      50    9.2e+01    1    4.2e-02 -2931.30232091 -2752.91458979    -0.00000899   0.005135   2.1e-02   2.3e-04 0.27
    13      50    9.1e+01    2    2.9e-02 -2931.30238234 -2752.91465122    -0.00006143   0.004911   2.0e-02   2.1e-04 0.27
    14      50    9.3e+01    1    4.5e-02 -2931.30242750 -2752.91469638    -0.00004516   0.004921   2.0e-02   2.4e-04 0.27
    15      50    8.7e+01    0    1.1e-01 -2931.30243597 -2752.91470485    -0.00000847   0.004676   1.9e-02   3.2e-04 0.27
    16      60    1.1e+02    2    6.1e-02 -2931.30257555 -2752.91484443    -0.00013958   0.003444   1.4e-02   2.5e-04 0.26
    17      60    1.1e+02    2    3.5e-02 -2931.30259701 -2752.91486589    -0.00002146   0.003569   1.4e-02   2.4e-04 0.27
    18      60    1.1e+02    0    6.1e-02 -2931.30262721 -2752.91489609    -0.00003020   0.003352   1.3e-02   3.0e-04 0.27
    19      70    1.2e+02    3    3.4e-02 -2931.30267100 -2752.91493988    -0.00004379   0.003420   1.4e-02   1.7e-04 0.27
    20      70    1.3e+02    1    4.1e-02 -2931.30272089 -2752.91498977    -0.00004989   0.002865   1.1e-02   2.0e-04 0.26
    21      70    1.2e+02    0    2.0e-02 -2931.30272214 -2752.91499102    -0.00000125   0.002865   1.1e-02   2.0e-04 0.26
    22      90    1.6e+02    0    1.9e-02 -2931.30282936 -2752.91509824    -0.00010722   0.000572   2.3e-03   2.6e-04 0.26
 
RESULTS OF THE OCCUPATION OPTIMIZATION
========================================
   1    1.9999983  -141.07980476
   2    1.9999930  -96.19578641
   3    1.9999906  -67.76145433
   4    1.9999892  -64.68587942
   5    1.9999830  -61.89101374
   6    1.9998951  -24.94785825
   7    1.9992698  -10.10998429
   8    1.9992730  -10.10971203
   9    1.9997687  -9.92904540
  10    1.9997456  -9.85650528
  11    1.9995092  -9.65634189
  12    1.9994714  -9.64513802
  13    1.9994816  -9.64410362
  14    1.9993084  -9.63354331
  15    1.9993069  -9.62477055
  16    1.9987993  -6.58361139
  17    1.9981775  -6.32502087
  18    1.9981301  -6.06928077
  19    1.9973740  -6.05169026
  20    1.9979480  -5.90076611
  21    1.9980150  -5.84598076
  22    1.9978991  -3.81727502
  23    1.9978917  -3.81657564
  24    1.9979144  -3.81582085
  25    1.9979097  -3.81519796
  26    1.9979290  -3.81345923
  27    1.9857084  -1.09530761
  28    1.9859458  -0.93486441
  29    1.9698117  -0.89530460
  30    1.9663587  -0.85042002
  31    1.9693864  -0.66023426
  32    1.9702925  -0.64380181
  33    1.9653692  -0.54223727
  34    1.9777042  -0.50291412
  35    1.9776554  -0.50088033
  36    1.7351229  -0.25644328
  37    0.2648771  -0.03988046
  38    0.0223446  -0.02447252
  39    0.0222958  -0.02448683
  40    0.0346308  -0.03299902
  41    0.0297075  -0.04023740
  42    0.0306136  -0.03232335
  43    0.0336413  -0.03401776
  44    0.0301883  -0.03417694
  45    0.0140542  -0.02228380
  46    0.0142916  -0.02302243
  47    0.0020710  -0.01145908
  48    0.0020903  -0.01152309
  49    0.0020856  -0.01150503
  50    0.0021083  -0.01162209
  51    0.0021009  -0.01159471
  52    0.0019850  -0.01683863
  53    0.0020520  -0.01703783
  54    0.0026260  -0.02994237
  55    0.0018699  -0.01610490
  56    0.0018225  -0.01580163
  57    0.0012007  -0.01088563
  58    0.0006931  -0.00782060
  59    0.0006916  -0.00783913
  60    0.0005184  -0.00626394
  61    0.0005286  -0.00645560
  62    0.0004908  -0.00589397
  63    0.0002544  -0.00659883
  64    0.0002313  -0.00590708
  65    0.0007270  -0.01076744
  66    0.0007302  -0.01072739
  67    0.0001049  -0.00685370
  68    0.0000170  -0.00126211
  69    0.0000108  -0.00067087
  70    0.0000094  -0.00061045
  71    0.0000070  -0.00135901
  72    0.0000017  -0.00038476
 
----------------
 Final Energies 
----------------
Final NOF Total Energy =   -2752.9150982
 
Total Orbital Internal Iterations = 1090
Total Occupation Internal Iterations = 49
 
Elapsed time: 2027.94 Seconds

---------------------------------
   Lowdin Population Analysis    
---------------------------------
 Idx  Atom   Population   Charge 
---------------------------------
  1    Te    51.414       0.586
  2     H     1.306      -0.306
  3     H     1.300      -0.300
  4     H     1.384      -0.384
  5    Cl    16.597       0.403

---------------------------------
   M Diagnostic: 0.26
---------------------------------

Recovering execution output...
Moving from /scratch/pobleyef/287344 to /home-nas/pobleyef/Slim-NOF/ncwo1/Slim05/GNOFm20/arina.287344
mkdir -p /home-nas/pobleyef/Slim-NOF/ncwo1/Slim05/GNOFm20/arina.287344
mv /scratch/pobleyef/287344/* /home-nas/pobleyef/Slim-NOF/ncwo1/Slim05/GNOFm20/arina.287344
