RG18-ar3
/software/eb2024/easybuild/software/common/software/Julia/1.11.3-linux-x86_64/bin/julia
Job runing on na18
Choosing scratch ...
Automatic scratch folder selection
/scratch/pobleyef/287328
/scratch/pobleyef/287328 directory
cp RG18-ar3.jl RG18-ar3.jld2 to  /scratch/pobleyef/287328/.
Computing Integrals
Basis Set                                            = def2-qzvp
Auxiliary Basis Set                                  = def2-universal-jkfit
Gaussian Type                                        = Spherical
Elapsed time:    7.16 Seconds

Number of basis functions                   (NBF)    = 210
Number of auxiliary basis functions         (NBFAUX) = 384
Inactive Doubly occupied orbitals up to     (NO1)    = 0
No. considered Strongly Doubly occupied MOs (NDOC)   = 27
No. considered Strongly Singly occupied MOs (NSOC)   = 0
NO. of Weakly occ. per St. Doubly occ.  MOs (NCWO)   = 1
Dimension of the Nat. Orb. subspace         (NBF5)   = 54
No. of electrons                                     = 54
    No. of alpha electrons                           = 27
    No. of beta electrons                            = 27
Multiplicity                                         = 1

Geometry
========
Ar       1.1367860       1.9689711       0.0000000
Ar       1.1367860      -1.9689711       0.0000000
Ar      -2.2735719       0.0000000       0.0000000

No violations of the orthonormality
No violations of the orthonormality
 
PNOF8/ADABelief Calculation
==================
 
  Nitext  Nit_orb  Time   Nit_occ  Time         Eelec          Etot           Ediff      maxdiff    MaxGrad_orb  Grad_occ
     1      10    3.3e+01    0    2.1e+01 -1712.04401705 -1581.42777781 -11711.04401705   0.014907   6.0e-02   1.8e-04 0.02
     2      30    4.8e+01    0    1.7e-02 -1712.04401705 -1581.42777781     0.00000000   0.014907   6.0e-02   1.8e-04 0.02
     3      50    8.0e+01    1    8.4e-02 -1712.04474274 -1581.42850350    -0.00072570   0.010887   4.4e-02   1.7e-04 0.02
     4      50    8.5e+01    0    5.2e-02 -1712.04474925 -1581.42851002    -0.00000651   0.010887   4.4e-02   1.7e-04 0.02
     5      70    1.1e+02    2    2.0e-02 -1712.04572067 -1581.42948144    -0.00097142   0.001220   4.9e-03   2.0e-04 0.02
     6      70    1.0e+02    1    7.3e-02 -1712.04575266 -1581.42951343    -0.00003199   0.002123   8.5e-03   1.2e-04 0.02
     7      70    1.2e+02    1    3.0e-02 -1712.04581694 -1581.42957770    -0.00006427   0.002013   8.1e-03   1.2e-04 0.02
     8      70    1.1e+02    1    2.0e-02 -1712.04586358 -1581.42962434    -0.00004664   0.002146   8.6e-03   1.1e-04 0.02
     9      70    1.0e+02    1    2.8e-02 -1712.04590621 -1581.42966698    -0.00004263   0.002123   8.5e-03   1.1e-04 0.02
    10      70    1.1e+02    0    4.4e-02 -1712.04593087 -1581.42969163    -0.00002465   0.001998   8.0e-03   1.9e-04 0.02
    11      80    1.2e+02    0    5.0e-02 -1712.04596618 -1581.42972694    -0.00003531   0.001657   6.6e-03   2.5e-04 0.02
    12      90    1.5e+02    1    5.0e-02 -1712.04598982 -1581.42975059    -0.00002365   0.001328   5.3e-03   1.1e-04 0.02
    13      90    1.4e+02    0    5.1e-02 -1712.04600389 -1581.42976466    -0.00001407   0.001793   7.2e-03   1.6e-04 0.02
    14     100    1.6e+02    0    2.7e-02 -1712.04602351 -1581.42978427    -0.00001961   0.001196   4.8e-03   1.9e-04 0.02
    15     110    1.7e+02    0    3.4e-02 -1712.04603787 -1581.42979864    -0.00001437   0.001198   4.8e-03   2.4e-04 0.02
    16     120    2.0e+02    0    9.6e-02 -1712.04604679 -1581.42980755    -0.00000892   0.001358   5.4e-03   2.5e-04 0.02
    17     130    2.1e+02    0    4.4e-02 -1712.04605775 -1581.42981852    -0.00001096   0.001291   5.2e-03   2.8e-04 0.02
    18     140    2.2e+02    0    2.8e-02 -1712.04606744 -1581.42982820    -0.00000968   0.001166   4.7e-03   2.9e-04 0.02
    19     150    2.2e+02    1    4.5e-02 -1712.04607306 -1581.42983383    -0.00000563   0.001141   4.6e-03   1.0e-04 0.02
    20     150    2.3e+02    0    6.7e-02 -1712.04607981 -1581.42984057    -0.00000674   0.001164   4.7e-03   1.4e-04 0.02
    21     160    2.5e+02    0    5.5e-02 -1712.04608657 -1581.42984734    -0.00000676   0.000962   3.8e-03   1.8e-04 0.02
 
RESULTS OF THE OCCUPATION OPTIMIZATION
========================================
   1    1.9999767  -118.64101208
   2    1.9999763  -118.64089197
   3    1.9999767  -118.64078251
   4    1.9993602  -12.31809687
   5    1.9993587  -12.31795252
   6    1.9993600  -12.31782622
   7    1.9992155  -9.56617656
   8    1.9992143  -9.56600594
   9    1.9992182  -9.56584525
  10    1.9992207  -9.56541125
  11    1.9992236  -9.56521390
  12    1.9982085  -9.56506255
  13    1.9992246  -9.56489703
  14    1.9982097  -9.56486274
  15    1.9982103  -9.56477145
  16    1.9864670  -1.28027420
  17    1.9864829  -1.28022561
  18    1.9865082  -1.28018114
  19    1.9787864  -0.60176547
  20    1.9787471  -0.60131702
  21    1.9786497  -0.60091042
  22    1.9787127  -0.60088278
  23    1.9786895  -0.60086929
  24    1.9786208  -0.60056331
  25    1.9783315  -0.59883524
  26    1.9782912  -0.59868500
  27    1.9782553  -0.59842378
  28    0.0217447  -0.02874811
  29    0.0217088  -0.02873885
  30    0.0216685  -0.02873322
  31    0.0213792  -0.02860134
  32    0.0213105  -0.02857875
  33    0.0212873  -0.02856807
  34    0.0213503  -0.02861172
  35    0.0212529  -0.02857596
  36    0.0212136  -0.02856603
  37    0.0134918  -0.02614562
  38    0.0135171  -0.02618142
  39    0.0135330  -0.02617369
  40    0.0017897  -0.03291411
  41    0.0017903  -0.03290587
  42    0.0007754  -0.01711791
  43    0.0017915  -0.03292211
  44    0.0007764  -0.01712301
  45    0.0007793  -0.01714268
  46    0.0007818  -0.01721128
  47    0.0007857  -0.01724612
  48    0.0007845  -0.01724073
  49    0.0006400  -0.01651156
  50    0.0006413  -0.01652791
  51    0.0006398  -0.01651011
  52    0.0000233  -0.00525220
  53    0.0000237  -0.00527396
  54    0.0000233  -0.00525612
 
----------------
 Final Energies 
----------------
Final NOF Total Energy =   -1581.4298473
 
Total Orbital Internal Iterations = 1880
Total Occupation Internal Iterations = 9
 
Elapsed time: 3076.62 Seconds

---------------------------------
   Lowdin Population Analysis    
---------------------------------
 Idx  Atom   Population   Charge 
---------------------------------
  1    Ar    18.000      -0.000
  2    Ar    18.000       0.000
  3    Ar    18.000       0.000

---------------------------------
   M Diagnostic: 0.02
---------------------------------

Recovering execution output...
Moving from /scratch/pobleyef/287328 to /home-nas/pobleyef/Slim-NOF/ncwo1/Slim05/GNOFm20/arina.287328
mkdir -p /home-nas/pobleyef/Slim-NOF/ncwo1/Slim05/GNOFm20/arina.287328
mv /scratch/pobleyef/287328/* /home-nas/pobleyef/Slim-NOF/ncwo1/Slim05/GNOFm20/arina.287328
