RG18-ar
/software/eb2024/easybuild/software/common/software/Julia/1.11.3-linux-x86_64/bin/julia
Job runing on na04
Choosing scratch ...
Automatic scratch folder selection
/scratch/pobleyef/287270
/scratch/pobleyef/287270 directory
cp RG18-ar.jl RG18-ar.jld2 to  /scratch/pobleyef/287270/.
Computing Integrals
Basis Set                                            = def2-qzvp
Auxiliary Basis Set                                  = def2-universal-jkfit
Gaussian Type                                        = Spherical
Elapsed time:    2.98 Seconds

Number of basis functions                   (NBF)    = 70
Number of auxiliary basis functions         (NBFAUX) = 128
Inactive Doubly occupied orbitals up to     (NO1)    = 0
No. considered Strongly Doubly occupied MOs (NDOC)   = 9
No. considered Strongly Singly occupied MOs (NSOC)   = 0
NO. of Weakly occ. per St. Doubly occ.  MOs (NCWO)   = 1
Dimension of the Nat. Orb. subspace         (NBF5)   = 18
No. of electrons                                     = 18
    No. of alpha electrons                           = 9
    No. of beta electrons                            = 9
Multiplicity                                         = 1

Geometry
========
Ar       0.0000000       0.0000000       0.0000000

No violations of the orthonormality
No violations of the orthonormality
 
PNOF8/ADABelief Calculation
==================
 
  Nitext  Nit_orb  Time   Nit_occ  Time         Eelec          Etot           Ediff      maxdiff    MaxGrad_orb  Grad_occ
     1      10    1.6e+01    7    2.0e+01  -527.00304561  -527.00304561 -10526.00304561   0.017557   7.0e-02   1.9e-04 0.02
     2      20    6.8e-02    4    1.1e-03  -527.11031541  -527.11031541    -0.10726980   0.047926   1.9e-01   1.3e-04 0.02
     3      20    3.3e-02    5    8.3e-04  -527.12579450  -527.12579450    -0.01547909   0.067578   2.7e-01   7.1e-05 0.02
     4      20    3.3e-02    5    3.5e-03  -527.13272305  -527.13272305    -0.00692855   0.055220   2.2e-01   4.4e-05 0.02
     5      20    3.1e-02    4    9.5e-04  -527.13720780  -527.13720780    -0.00448475   0.047389   1.9e-01   1.7e-04 0.02
     6      20    3.2e-02    3    6.9e-04  -527.13799544  -527.13799544    -0.00078764   0.049935   2.0e-01   9.8e-05 0.02
     7      20    3.3e-02    2    6.6e-04  -527.13889740  -527.13889740    -0.00090196   0.050088   2.0e-01   1.5e-04 0.02
     8      20    3.2e-02    0    7.1e-04  -527.13892057  -527.13892057    -0.00002316   0.050088   2.0e-01   1.5e-04 0.02
     9      40    6.3e-02    1    3.4e-03  -527.14270780  -527.14270780    -0.00378724   0.007551   3.0e-02   2.2e-04 0.02
    10      40    6.3e-02    1    6.8e-04  -527.14276360  -527.14276360    -0.00005580   0.007960   3.2e-02   1.5e-04 0.02
    11      40    6.3e-02    1    6.3e-04  -527.14285990  -527.14285990    -0.00009630   0.006932   2.8e-02   1.2e-04 0.02
    12      40    6.2e-02    1    3.7e-03  -527.14289090  -527.14289090    -0.00003099   0.006778   2.7e-02   1.1e-04 0.02
    13      40    6.3e-02    1    5.9e-04  -527.14293709  -527.14293709    -0.00004620   0.006054   2.4e-02   1.0e-04 0.02
    14      40    6.3e-02    1    7.3e-04  -527.14296067  -527.14296067    -0.00002358   0.006452   2.6e-02   9.9e-05 0.02
    15      40    6.2e-02    0    5.3e-04  -527.14298351  -527.14298351    -0.00002284   0.006197   2.5e-02   2.2e-04 0.02
    16      50    8.2e-02    1    6.7e-04  -527.14304574  -527.14304574    -0.00006223   0.004943   2.0e-02   1.0e-04 0.02
    17      50    8.2e-02    0    5.3e-04  -527.14304899  -527.14304899    -0.00000325   0.005330   2.1e-02   2.3e-04 0.02
    18      60    9.2e-02    1    5.5e-04  -527.14309110  -527.14309110    -0.00004211   0.004585   1.8e-02   9.4e-05 0.02
    19      60    9.2e-02    0    6.6e-04  -527.14309180  -527.14309180    -0.00000070   0.004585   1.8e-02   9.4e-05 0.02
    20      69    1.1e-01    0    5.8e-04  -527.14315184  -527.14315184    -0.00006005   0.000489   2.0e-03   1.5e-04 0.02
 
RESULTS OF THE OCCUPATION OPTIMIZATION
========================================
   1    1.9999768  -118.64110517
   2    1.9993604  -12.31866276
   3    1.9992257  -9.56622624
   4    1.9992296  -9.56565598
   5    1.9982372  -9.56457908
   6    1.9865845  -1.28036294
   7    1.9788312  -0.60239430
   8    1.9786380  -0.59999984
   9    1.9782334  -0.59873350
  10    0.0217666  -0.02875177
  11    0.0213620  -0.02857433
  12    0.0211688  -0.02853958
  13    0.0134155  -0.02615242
  14    0.0017628  -0.03318632
  15    0.0007704  -0.01723502
  16    0.0007743  -0.01731593
  17    0.0006396  -0.01651668
  18    0.0000232  -0.00525092
 
----------------
 Final Energies 
----------------
Final NOF Total Energy =    -527.1431518
 
Total Orbital Internal Iterations = 719
Total Occupation Internal Iterations = 38
 
Elapsed time:   48.89 Seconds

---------------------------------
   Lowdin Population Analysis    
---------------------------------
 Idx  Atom   Population   Charge 
---------------------------------
  1    Ar    18.000      -0.000

---------------------------------
   M Diagnostic: 0.02
---------------------------------

Recovering execution output...
Moving from /scratch/pobleyef/287270 to /home-nas/pobleyef/Slim-NOF/ncwo1/Slim05/GNOFm20/arina.287270
mkdir -p /home-nas/pobleyef/Slim-NOF/ncwo1/Slim05/GNOFm20/arina.287270
mv /scratch/pobleyef/287270/* /home-nas/pobleyef/Slim-NOF/ncwo1/Slim05/GNOFm20/arina.287270
