SIE4x4-he2+_1.0
/software/eb2024/easybuild/software/common/software/Julia/1.11.3-linux-x86_64/bin/julia
Job runing on na22
Choosing scratch ...
Automatic scratch folder selection
/scratch/pobleyef/287235
/scratch/pobleyef/287235 directory
cp SIE4x4-he2+_1.0.jl SIE4x4-he2+_1.0.jld2 to  /scratch/pobleyef/287235/.
Computing Integrals
Basis Set                                            = def2-qzvp
Auxiliary Basis Set                                  = def2-universal-jkfit
Gaussian Type                                        = Spherical
Elapsed time:    2.34 Seconds

Number of basis functions                   (NBF)    = 60
Number of auxiliary basis functions         (NBFAUX) = 46
Inactive Doubly occupied orbitals up to     (NO1)    = 0
No. considered Strongly Doubly occupied MOs (NDOC)   = 1
No. considered Strongly Singly occupied MOs (NSOC)   = 1
NO. of Weakly occ. per St. Doubly occ.  MOs (NCWO)   = 1
Dimension of the Nat. Orb. subspace         (NBF5)   = 3
No. of electrons                                     = 3
    No. of alpha electrons                           = 2
    No. of beta electrons                            = 1
Multiplicity                                         = 2

Geometry
========
He       0.0000000       0.0000000      -0.5371019
He       0.0000000       0.0000000       0.5371019

No violations of the orthonormality
No violations of the orthonormality
 
PNOF8/ADABelief Calculation
==================
 
  Nitext  Nit_orb  Time   Nit_occ  Time         Eelec          Etot           Ediff      maxdiff    MaxGrad_orb  Grad_occ
     1      10    2.0e+01    0    2.5e+01    -6.92301987    -4.95253288 -10005.92301987   0.000491   2.0e-03   1.0e-04 0.01
 
RESULTS OF THE OCCUPATION OPTIMIZATION
========================================
   1    1.9872169  -1.67498446
   2    1.0000000  -0.75099198
   3    0.0127831  -0.01247113
 
----------------
 Final Energies 
----------------
Final NOF Total Energy =      -4.9525329
 
Total Orbital Internal Iterations = 10
Total Occupation Internal Iterations = 0
 
Elapsed time:   59.64 Seconds

---------------------------------
   Lowdin Population Analysis    
---------------------------------
 Idx  Atom   Population   Charge 
---------------------------------
  1    He     1.501       0.499
  2    He     1.499       0.501

---------------------------------
   M Diagnostic: 0.01
---------------------------------

Recovering execution output...
Moving from /scratch/pobleyef/287235 to /home-nas/pobleyef/Slim-NOF/ncwo1/Slim05/GNOFm20/arina.287235
mkdir -p /home-nas/pobleyef/Slim-NOF/ncwo1/Slim05/GNOFm20/arina.287235
mv /scratch/pobleyef/287235/* /home-nas/pobleyef/Slim-NOF/ncwo1/Slim05/GNOFm20/arina.287235
