Computing Integrals
Basis Set                                            = def2-qzvp
Auxiliary Basis Set                                  = def2-universal-jkfit
Gaussian Type                                        = Spherical
Elapsed time:    4.54 Seconds

Number of basis functions                   (NBF)    = 318
Number of auxiliary basis functions         (NBFAUX) = 362
Inactive Doubly occupied orbitals up to     (NO1)    = 0
No. considered Strongly Doubly occupied MOs (NDOC)   = 16
No. considered Strongly Singly occupied MOs (NSOC)   = 0
NO. of Weakly occ. per St. Doubly occ.  MOs (NCWO)   = 18
Dimension of the Nat. Orb. subspace         (NBF5)   = 304
No. of electrons                                     = 32
    No. of alpha electrons                           = 16
    No. of beta electrons                            = 16
Multiplicity                                         = 1

Geometry
========
 N       0.3636181       1.9287268      -1.7850500
 N       0.8221764       2.4066504      -2.7896666
 N      -0.0945684       1.4516948      -0.7768230
 N      -1.1064134      -0.0990907       1.6387093
 H      -0.6233827      -0.9878050       1.5736419
 H      -0.6305271       0.4109773       2.3741657
 H      -0.8678242       0.4021602       0.7758618

No violations of the orthonormality
No violations of the orthonormality
 
PNOF5/ADABelief Calculation
==================
 
  Nitext  Nit_orb  Time   Nit_occ  Time         Eelec          Etot           Ediff      maxdiff    MaxGrad_orb  Grad_occ
     1      10    2.5e+01   42    3.2e+01  -313.79796931  -219.76447395 -10312.79796931   0.018216   7.3e-02   2.2e-04 0.11
     2      20    8.3e+00   18    3.2e+00  -313.90502197  -219.87152661    -0.10705266   0.021479   8.6e-02   1.5e-04 0.10
     3      20    8.0e+00    6    1.4e+00  -313.91299103  -219.87949567    -0.00796906   0.015423   6.2e-02   3.1e-04 0.10
     4      20    7.8e+00    0    5.1e-01  -313.91327057  -219.87977521    -0.00027954   0.015423   6.2e-02   3.1e-04 0.10
     5      40    1.6e+01   11    2.2e+00  -313.91710785  -219.88361248    -0.00383728   0.001715   6.9e-03   2.3e-04 0.10
     6      40    1.5e+01    4    1.1e+00  -313.91757471  -219.88407935    -0.00046686   0.003352   1.3e-02   2.0e-04 0.10
     7      40    1.5e+01    1    6.9e-01  -313.91783815  -219.88434279    -0.00026344   0.002821   1.1e-02   2.4e-04 0.10
     8      40    1.5e+01    9    1.9e+00  -313.91800396  -219.88450860    -0.00016581   0.002876   1.2e-02   2.4e-04 0.10
     9      40    1.5e+01   10    2.0e+00  -313.91834991  -219.88485455    -0.00034595   0.001875   7.5e-03   1.2e-04 0.10
    10      40    1.6e+01    8    1.7e+00  -313.91873786  -219.88524249    -0.00038795   0.001802   7.2e-03   1.2e-04 0.10
    11      40    1.5e+01    8    1.7e+00  -313.91924416  -219.88574880    -0.00050630   0.001534   6.1e-03   1.6e-04 0.10
    12      40    1.5e+01    9    1.8e+00  -313.91973860  -219.88624324    -0.00049444   0.002175   8.7e-03   1.7e-04 0.10
    13      40    1.5e+01    7    1.5e+00  -313.92022983  -219.88673446    -0.00049123   0.002216   8.9e-03   2.0e-04 0.10
    14      40    1.5e+01    6    1.4e+00  -313.92061936  -219.88712400    -0.00038953   0.002493   1.0e-02   2.2e-04 0.10
    15      40    1.6e+01    7    1.5e+00  -313.92091424  -219.88741888    -0.00029488   0.002206   8.8e-03   1.8e-04 0.10
    16      40    1.7e+01    3    9.6e-01  -313.92112011  -219.88762475    -0.00020587   0.002231   8.9e-03   2.2e-04 0.10
    17      40    1.7e+01    4    1.1e+00  -313.92124199  -219.88774663    -0.00012188   0.002050   8.2e-03   1.8e-04 0.10
    18      40    1.7e+01    1    6.8e-01  -313.92133823  -219.88784287    -0.00009624   0.002192   8.8e-03   1.5e-04 0.10
    19      40    1.6e+01    1    6.8e-01  -313.92138426  -219.88788890    -0.00004603   0.002029   8.1e-03   1.3e-04 0.10
    20      40    1.6e+01    0    5.2e-01  -313.92139461  -219.88789925    -0.00001035   0.002029   8.1e-03   1.3e-04 0.10
    21      33    1.2e+01    1    6.8e-01  -313.92152492  -219.88802956    -0.00013031   0.000498   2.0e-03   1.4e-04 0.10
 
RESULTS OF THE OCCUPATION OPTIMIZATION
========================================
   1    1.9996508  -15.49093201
   2    1.9996399  -15.38547515
   3    1.9996450  -15.35513741
   4    1.9996491  -15.32778717
   5    1.9915392  -0.93878330
   6    1.9847428  -0.72101803
   7    1.9819419  -0.65328080
   8    1.9791534  -0.64049679
   9    1.9791727  -0.64001287
  10    1.9823613  -0.63075966
  11    1.9901276  -0.51111788
  12    1.9958544  -0.48977382
  13    1.9845501  -0.40723250
  14    1.9870749  -0.39371161
  15    1.9867214  -0.38997681
  16    1.9044871  -0.14100802
  17    0.0954814  -0.02191061
  18    0.0104991  -0.00768292
  19    0.0101645  -0.00752632
  20    0.0124061  -0.00918338
  21    0.0030803  -0.00280032
  22    0.0071520  -0.00631337
  23    0.0126652  -0.01136622
  24    0.0153396  -0.01293567
  25    0.0153454  -0.01294532
  26    0.0149346  -0.01285157
  27    0.0124530  -0.01191055
  28    0.0060951  -0.00827311
  29    0.0002630  -0.00723610
  30    0.0002656  -0.00729137
  31    0.0002615  -0.00721224
  32    0.0002635  -0.00730055
  33    0.0000177  -0.00003678
  34    0.0010823  -0.00127025
  35    0.0010748  -0.00128072
  36    0.0011302  -0.00139332
  37    0.0005548  -0.00070548
  38    0.0007635  -0.00108852
  39    0.0022402  -0.00289675
  40    0.0027634  -0.00330481
  41    0.0027842  -0.00331778
  42    0.0015789  -0.00202093
  43    0.0014014  -0.00201624
  44    0.0010628  -0.00210032
  45    0.0000367  -0.00069464
  46    0.0000346  -0.00063542
  47    0.0000357  -0.00070677
  48    0.0000407  -0.00082381
  49    0.0000048  -0.00001086
  50    0.0007242  -0.00093213
  51    0.0007228  -0.00093767
  52    0.0007387  -0.00099640
  53    0.0003694  -0.00050165
  54    0.0006646  -0.00099638
  55    0.0011990  -0.00168443
  56    0.0012164  -0.00166711
  57    0.0012139  -0.00166598
  58    0.0008657  -0.00123081
  59    0.0006612  -0.00110818
  60    0.0005891  -0.00124432
  61    0.0000338  -0.00065057
  62    0.0000286  -0.00056814
  63    0.0000345  -0.00068614
  64    0.0000245  -0.00045506
  65    0.0000032  -0.00000930
  66    0.0005367  -0.00076514
  67    0.0005354  -0.00077795
  68    0.0006659  -0.00093233
  69    0.0000611  -0.00014421
  70    0.0004725  -0.00076848
  71    0.0011200  -0.00159127
  72    0.0010806  -0.00152566
  73    0.0010758  -0.00152121
  74    0.0005873  -0.00098147
  75    0.0004852  -0.00089864
  76    0.0005217  -0.00117148
  77    0.0000122  -0.00023601
  78    0.0000213  -0.00039815
  79    0.0000235  -0.00046835
  80    0.0000158  -0.00029968
  81    0.0000019  -0.00000755
  82    0.0001079  -0.00020524
  83    0.0001088  -0.00020781
  84    0.0001090  -0.00022111
  85    0.0000249  -0.00005514
  86    0.0002525  -0.00042390
  87    0.0000787  -0.00019409
  88    0.0000783  -0.00018347
  89    0.0000779  -0.00018313
  90    0.0000488  -0.00013154
  91    0.0000572  -0.00017349
  92    0.0000516  -0.00015787
  93    0.0000036  -0.00022743
  94    0.0000035  -0.00022610
  95    0.0000034  -0.00021883
  96    0.0000034  -0.00022397
  97    0.0000013  -0.00000516
  98    0.0000983  -0.00019153
  99    0.0000918  -0.00018674
 100    0.0001061  -0.00021593
 101    0.0000199  -0.00004945
 102    0.0002440  -0.00041894
 103    0.0000707  -0.00016880
 104    0.0000691  -0.00016930
 105    0.0000695  -0.00017233
 106    0.0000153  -0.00008349
 107    0.0000487  -0.00011802
 108    0.0000430  -0.00013749
 109    0.0000003  -0.00000318
 110    0.0000003  -0.00000379
 111    0.0000003  -0.00000347
 112    0.0000002  -0.00000410
 113    0.0000008  -0.00000432
 114    0.0000791  -0.00014084
 115    0.0000801  -0.00014186
 116    0.0000960  -0.00019194
 117    0.0000129  -0.00004172
 118    0.0000971  -0.00016523
 119    0.0000590  -0.00016180
 120    0.0000685  -0.00016126
 121    0.0000686  -0.00015864
 122    0.0000077  -0.00006070
 123    0.0000389  -0.00009320
 124    0.0000294  -0.00012106
 125    0.0000002  -0.00000176
 126    0.0000002  -0.00000270
 127    0.0000002  -0.00000283
 128    0.0000002  -0.00000215
 129    0.0000004  -0.00000258
 130    0.0000624  -0.00013711
 131    0.0000583  -0.00013758
 132    0.0000854  -0.00017718
 133    0.0000081  -0.00002861
 134    0.0000671  -0.00014728
 135    0.0000548  -0.00013679
 136    0.0000519  -0.00012705
 137    0.0000522  -0.00012754
 138    0.0000055  -0.00003431
 139    0.0000339  -0.00009490
 140    0.0000173  -0.00007866
 141    0.0000002  -0.00000811
 142    0.0000001  -0.00000368
 143    0.0000001  -0.00000859
 144    0.0000001  -0.00000661
 145    0.0000003  -0.00000250
 146    0.0000502  -0.00012235
 147    0.0000459  -0.00011746
 148    0.0000662  -0.00017273
 149    0.0000051  -0.00001214
 150    0.0000530  -0.00013686
 151    0.0000487  -0.00012000
 152    0.0000473  -0.00011467
 153    0.0000483  -0.00011534
 154    0.0000028  -0.00002273
 155    0.0000243  -0.00007876
 156    0.0000129  -0.00006987
 157    0.0000001  0.00000012
 158    0.0000001  -0.00000714
 159    0.0000001  -0.00000178
 160    0.0000001  0.00000006
 161    0.0000002  -0.00000154
 162    0.0000079  -0.00002684
 163    0.0000095  -0.00002994
 164    0.0000092  -0.00002810
 165    0.0000047  -0.00001617
 166    0.0000187  -0.00005623
 167    0.0000272  -0.00008529
 168    0.0000359  -0.00011171
 169    0.0000361  -0.00011219
 170    0.0000023  -0.00001985
 171    0.0000176  -0.00005849
 172    0.0000091  -0.00003643
 173    0.0000001  0.00000010
 174    0.0000001  0.00000019
 175    0.0000001  -0.00000098
 176    0.0000001  0.00000017
 177    0.0000002  -0.00000064
 178    0.0000067  -0.00002634
 179    0.0000075  -0.00002510
 180    0.0000076  -0.00002572
 181    0.0000014  -0.00000608
 182    0.0000177  -0.00004955
 183    0.0000215  -0.00007131
 184    0.0000239  -0.00007124
 185    0.0000237  -0.00007117
 186    0.0000019  -0.00001188
 187    0.0000082  -0.00002616
 188    0.0000088  -0.00003376
 189    0.0000001  0.00000019
 190    0.0000001  0.00000025
 191    0.0000001  -0.00000089
 192    0.0000001  0.00000019
 193    0.0000001  -0.00000062
 194    0.0000054  -0.00002024
 195    0.0000053  -0.00002037
 196    0.0000072  -0.00002470
 197    0.0000008  -0.00000415
 198    0.0000170  -0.00005239
 199    0.0000140  -0.00004454
 200    0.0000146  -0.00004733
 201    0.0000139  -0.00004665
 202    0.0000019  -0.00001324
 203    0.0000076  -0.00002431
 204    0.0000057  -0.00002636
 205    0.0000001  0.00000022
 206    0.0000001  0.00000024
 207    0.0000001  0.00000020
 208    0.0000001  0.00000025
 209    0.0000001  -0.00000014
 210    0.0000044  -0.00002040
 211    0.0000048  -0.00002074
 212    0.0000054  -0.00002045
 213    0.0000006  -0.00000360
 214    0.0000142  -0.00004789
 215    0.0000126  -0.00004180
 216    0.0000125  -0.00004153
 217    0.0000117  -0.00004072
 218    0.0000014  -0.00000905
 219    0.0000053  -0.00002197
 220    0.0000032  -0.00001502
 221    0.0000001  0.00000022
 222    0.0000001  0.00000024
 223    0.0000001  0.00000021
 224    0.0000001  0.00000024
 225    0.0000001  0.00000001
 226    0.0000039  -0.00001429
 227    0.0000040  -0.00001493
 228    0.0000044  -0.00001788
 229    0.0000005  -0.00000291
 230    0.0000124  -0.00004775
 231    0.0000072  -0.00002803
 232    0.0000070  -0.00002828
 233    0.0000075  -0.00002916
 234    0.0000012  -0.00000578
 235    0.0000038  -0.00001600
 236    0.0000029  -0.00001429
 237    0.0000001  0.00000024
 238    0.0000001  0.00000024
 239    0.0000001  0.00000022
 240    0.0000001  0.00000024
 241    0.0000001  0.00000011
 242    0.0000038  -0.00001391
 243    0.0000037  -0.00001246
 244    0.0000037  -0.00001635
 245    0.0000004  -0.00000090
 246    0.0000087  -0.00003903
 247    0.0000071  -0.00002849
 248    0.0000068  -0.00002718
 249    0.0000070  -0.00002718
 250    0.0000011  -0.00000568
 251    0.0000031  -0.00000877
 252    0.0000024  -0.00001054
 253    0.0000001  0.00000025
 254    0.0000001  0.00000023
 255    0.0000001  0.00000021
 256    0.0000001  0.00000024
 257    0.0000001  0.00000020
 258    0.0000034  -0.00001082
 259    0.0000035  -0.00001313
 260    0.0000032  -0.00001193
 261    0.0000003  -0.00000059
 262    0.0000068  -0.00003315
 263    0.0000051  -0.00002034
 264    0.0000044  -0.00002009
 265    0.0000042  -0.00001982
 266    0.0000008  -0.00000524
 267    0.0000029  -0.00000460
 268    0.0000023  -0.00001077
 269    0.0000001  0.00000022
 270    0.0000001  0.00000023
 271    0.0000001  0.00000020
 272    0.0000001  0.00000023
 273    0.0000000  0.00000019
 274    0.0000017  -0.00000619
 275    0.0000026  -0.00000883
 276    0.0000031  -0.00000922
 277    0.0000003  -0.00000038
 278    0.0000059  -0.00002479
 279    0.0000043  -0.00001816
 280    0.0000039  -0.00001611
 281    0.0000039  -0.00001598
 282    0.0000005  -0.00000312
 283    0.0000027  -0.00000697
 284    0.0000019  -0.00000756
 285    0.0000001  0.00000024
 286    0.0000001  0.00000023
 287    0.0000001  0.00000019
 288    0.0000001  0.00000022
 289    0.0000000  0.00000015
 290    0.0000011  -0.00000536
 291    0.0000019  -0.00000650
 292    0.0000024  -0.00000779
 293    0.0000002  -0.00000007
 294    0.0000048  -0.00001710
 295    0.0000035  -0.00001815
 296    0.0000033  -0.00001415
 297    0.0000028  -0.00001231
 298    0.0000004  -0.00000082
 299    0.0000021  -0.00000378
 300    0.0000016  -0.00000475
 301    0.0000001  0.00000025
 302    0.0000001  0.00000024
 303    0.0000001  0.00000020
 304    0.0000001  0.00000023
 
----------------
 Final Energies 
----------------
Final NOF Total Energy =    -219.8880296
 
Total Orbital Internal Iterations = 743
Total Occupation Internal Iterations = 156
 
Elapsed time:  413.28 Seconds

---------------------------------
   Lowdin Population Analysis    
---------------------------------
 Idx  Atom   Population   Charge 
---------------------------------
  1     N     7.224      -0.224
  2     N     7.311      -0.311
  3     N     7.350      -0.350
  4     N     6.462       0.538
  5     H     1.211      -0.211
  6     H     1.210      -0.210
  7     H     1.233      -0.233

---------------------------------
   M Diagnostic: 0.10
---------------------------------

