Computing Integrals
Basis Set                                            = def2-qzvp
Auxiliary Basis Set                                  = def2-universal-jkfit
Gaussian Type                                        = Spherical
Elapsed time:    3.61 Seconds

Number of basis functions                   (NBF)    = 201
Number of auxiliary basis functions         (NBFAUX) = 247
Inactive Doubly occupied orbitals up to     (NO1)    = 0
No. considered Strongly Doubly occupied MOs (NDOC)   = 12
No. considered Strongly Singly occupied MOs (NSOC)   = 0
NO. of Weakly occ. per St. Doubly occ.  MOs (NCWO)   = 15
Dimension of the Nat. Orb. subspace         (NBF5)   = 192
No. of electrons                                     = 24
    No. of alpha electrons                           = 12
    No. of beta electrons                            = 12
Multiplicity                                         = 1

Geometry
========
 O       1.3805083      -0.6142758       0.6455369
 O       0.7599964       1.3416513      -0.3841626
 C       0.5623720       0.1724027       0.0942214
 H      -0.5000999      -0.1942600       0.0014523

No violations of the orthonormality
No violations of the orthonormality
 
PNOF5/ADABelief Calculation
==================
 
  Nitext  Nit_orb  Time   Nit_occ  Time         Eelec          Etot           Ediff      maxdiff    MaxGrad_orb  Grad_occ
     1      10    2.2e+01   15    2.6e+01  -250.21707704  -188.48016349 -10249.21707704   0.008542   3.4e-02   2.5e-04 0.05
     2      20    2.8e+00    9    5.3e-01  -250.25171400  -188.51480045    -0.03463696   0.021688   8.7e-02   2.0e-04 0.04
     3      20    2.9e+00    4    2.7e-01  -250.25540825  -188.51849470    -0.00369425   0.024821   9.9e-02   2.0e-04 0.03
     4      20    3.0e+00    0    1.1e-01  -250.25579210  -188.51887855    -0.00038385   0.024821   9.9e-02   2.0e-04 0.03
     5      40    5.6e+00    4    3.2e-01  -250.25970770  -188.52279415    -0.00391560   0.001272   5.1e-03   2.1e-04 0.03
     6      40    6.1e+00    6    3.6e-01  -250.26076777  -188.52385422    -0.00106007   0.003143   1.3e-02   2.3e-04 0.02
     7      40    5.7e+00    6    3.9e-01  -250.26158664  -188.52467309    -0.00081887   0.003303   1.3e-02   2.3e-04 0.02
     8      40    5.8e+00    5    3.2e-01  -250.26213833  -188.52522479    -0.00055170   0.002830   1.1e-02   2.1e-04 0.02
     9      40    5.4e+00    1    1.5e-01  -250.26241009  -188.52549654    -0.00027175   0.002705   1.1e-02   2.1e-04 0.02
    10      40    5.8e+00    7    4.1e-01  -250.26251813  -188.52560458    -0.00010804   0.003461   1.4e-02   1.9e-04 0.02
    11      40    5.6e+00    1    2.1e-01  -250.26262172  -188.52570817    -0.00010359   0.003417   1.4e-02   1.7e-04 0.02
    12      40    5.5e+00    2    2.0e-01  -250.26267692  -188.52576338    -0.00005520   0.002872   1.1e-02   2.2e-04 0.02
    13      40    5.7e+00    0    1.1e-01  -250.26270181  -188.52578827    -0.00002489   0.002886   1.2e-02   2.2e-04 0.02
    14      50    6.8e+00    1    2.1e-01  -250.26278090  -188.52586736    -0.00007909   0.002068   8.3e-03   1.6e-04 0.02
    15      50    7.0e+00    0    1.0e-01  -250.26278316  -188.52586962    -0.00000226   0.002068   8.3e-03   1.6e-04 0.02
    16      56    7.8e+00    0    1.1e-01  -250.26286291  -188.52594936    -0.00007975   0.000495   2.0e-03   1.5e-04 0.02
 
RESULTS OF THE OCCUPATION OPTIMIZATION
========================================
   1    1.9998028  -20.28173552
   2    1.9997989  -20.26492035
   3    1.9994363  -11.12422943
   4    1.9877243  -0.76810693
   5    1.9843387  -0.59884499
   6    1.9841291  -0.59054916
   7    1.9754567  -0.49842170
   8    1.9888951  -0.48553122
   9    1.9890362  -0.48152577
  10    1.9879682  -0.44585479
  11    1.9882595  -0.44330186
  12    1.9854698  -0.40742287
  13    0.0132530  -0.01032627
  14    0.0095199  -0.00891817
  15    0.0097120  -0.00902086
  16    0.0087446  -0.00869270
  17    0.0088740  -0.00880407
  18    0.0155294  -0.01098787
  19    0.0135550  -0.01214122
  20    0.0133799  -0.01214362
  21    0.0097409  -0.01120814
  22    0.0003906  -0.00769079
  23    0.0001837  -0.00679008
  24    0.0001832  -0.00679016
  25    0.0006563  -0.00100455
  26    0.0007795  -0.00133217
  27    0.0008120  -0.00134536
  28    0.0008693  -0.00149192
  29    0.0008745  -0.00150129
  30    0.0034015  -0.00338221
  31    0.0012741  -0.00174164
  32    0.0012517  -0.00175855
  33    0.0012000  -0.00216548
  34    0.0000621  -0.00091168
  35    0.0000139  -0.00036675
  36    0.0000105  -0.00027946
  37    0.0002870  -0.00055589
  38    0.0006651  -0.00115617
  39    0.0007126  -0.00116714
  40    0.0006094  -0.00109539
  41    0.0006226  -0.00111271
  42    0.0031352  -0.00300858
  43    0.0004763  -0.00085602
  44    0.0004673  -0.00085179
  45    0.0007213  -0.00132350
  46    0.0000556  -0.00081363
  47    0.0000019  -0.00015902
  48    0.0000019  -0.00015738
  49    0.0002038  -0.00048294
  50    0.0004891  -0.00091927
  51    0.0005106  -0.00091950
  52    0.0004239  -0.00083721
  53    0.0004376  -0.00085381
  54    0.0017744  -0.00197561
  55    0.0004194  -0.00076459
  56    0.0004386  -0.00078913
  57    0.0004815  -0.00103147
  58    0.0000462  -0.00063369
  59    0.0000002  -0.00000183
  60    0.0000003  -0.00000363
  61    0.0000519  -0.00012532
  62    0.0000671  -0.00017564
  63    0.0000611  -0.00016827
  64    0.0000824  -0.00022883
  65    0.0000818  -0.00022554
  66    0.0001364  -0.00022948
  67    0.0000619  -0.00016082
  68    0.0000371  -0.00012935
  69    0.0000320  -0.00010956
  70    0.0000060  -0.00028995
  71    0.0000002  -0.00000119
  72    0.0000002  -0.00000261
  73    0.0000335  -0.00009761
  74    0.0000657  -0.00016091
  75    0.0000603  -0.00016263
  76    0.0000589  -0.00017222
  77    0.0000574  -0.00016334
  78    0.0001217  -0.00020305
  79    0.0000315  -0.00010193
  80    0.0000261  -0.00008478
  81    0.0000267  -0.00009847
  82    0.0000005  -0.00000538
  83    0.0000002  -0.00000030
  84    0.0000002  -0.00000052
  85    0.0000165  -0.00006386
  86    0.0000504  -0.00015705
  87    0.0000475  -0.00013328
  88    0.0000529  -0.00016377
  89    0.0000519  -0.00016047
  90    0.0000901  -0.00017746
  91    0.0000188  -0.00006287
  92    0.0000141  -0.00005757
  93    0.0000244  -0.00009095
  94    0.0000004  -0.00001225
  95    0.0000001  0.00000004
  96    0.0000002  -0.00000038
  97    0.0000073  -0.00004054
  98    0.0000427  -0.00013726
  99    0.0000456  -0.00013125
 100    0.0000449  -0.00014853
 101    0.0000428  -0.00014925
 102    0.0000809  -0.00015696
 103    0.0000079  -0.00004964
 104    0.0000133  -0.00004046
 105    0.0000141  -0.00006537
 106    0.0000004  -0.00000627
 107    0.0000001  0.00000009
 108    0.0000001  -0.00000000
 109    0.0000048  -0.00003627
 110    0.0000265  -0.00010265
 111    0.0000389  -0.00012946
 112    0.0000410  -0.00013532
 113    0.0000293  -0.00011883
 114    0.0000797  -0.00015382
 115    0.0000061  -0.00002869
 116    0.0000080  -0.00003562
 117    0.0000101  -0.00005288
 118    0.0000003  -0.00000207
 119    0.0000001  0.00000025
 120    0.0000001  0.00000011
 121    0.0000036  -0.00002475
 122    0.0000146  -0.00005895
 123    0.0000134  -0.00006058
 124    0.0000182  -0.00006743
 125    0.0000130  -0.00005539
 126    0.0000673  -0.00016080
 127    0.0000049  -0.00002524
 128    0.0000076  -0.00002579
 129    0.0000072  -0.00002590
 130    0.0000003  -0.00000131
 131    0.0000001  -0.00000016
 132    0.0000001  -0.00000202
 133    0.0000031  -0.00001082
 134    0.0000054  -0.00001565
 135    0.0000048  -0.00001360
 136    0.0000049  -0.00002300
 137    0.0000055  -0.00002376
 138    0.0000471  -0.00010959
 139    0.0000042  -0.00001752
 140    0.0000051  -0.00001522
 141    0.0000046  -0.00001768
 142    0.0000003  -0.00000107
 143    0.0000001  -0.00000213
 144    0.0000001  -0.00000142
 145    0.0000028  -0.00001054
 146    0.0000042  -0.00001553
 147    0.0000039  -0.00001416
 148    0.0000040  -0.00001548
 149    0.0000042  -0.00001616
 150    0.0000339  -0.00008723
 151    0.0000032  -0.00001219
 152    0.0000040  -0.00001363
 153    0.0000038  -0.00001435
 154    0.0000003  0.00000022
 155    0.0000001  0.00000026
 156    0.0000001  -0.00000078
 157    0.0000026  -0.00000619
 158    0.0000037  -0.00001060
 159    0.0000035  -0.00001357
 160    0.0000035  -0.00001450
 161    0.0000039  -0.00001520
 162    0.0000270  -0.00007078
 163    0.0000029  -0.00001108
 164    0.0000033  -0.00001061
 165    0.0000036  -0.00001397
 166    0.0000002  0.00000015
 167    0.0000001  -0.00000163
 168    0.0000001  -0.00000084
 169    0.0000023  -0.00000742
 170    0.0000035  -0.00001280
 171    0.0000029  -0.00001080
 172    0.0000032  -0.00001410
 173    0.0000033  -0.00001261
 174    0.0000098  -0.00003069
 175    0.0000025  -0.00000900
 176    0.0000027  -0.00001011
 177    0.0000028  -0.00001388
 178    0.0000002  0.00000037
 179    0.0000001  -0.00000004
 180    0.0000001  -0.00000002
 181    0.0000017  -0.00000254
 182    0.0000032  -0.00001195
 183    0.0000026  -0.00001132
 184    0.0000027  -0.00000983
 185    0.0000031  -0.00001229
 186    0.0000089  -0.00003058
 187    0.0000023  -0.00000777
 188    0.0000023  -0.00000865
 189    0.0000025  -0.00000846
 190    0.0000002  0.00000024
 191    0.0000001  -0.00000151
 192    0.0000001  0.00000013
 
----------------
 Final Energies 
----------------
Final NOF Total Energy =    -188.5259494
 
Total Orbital Internal Iterations = 586
Total Occupation Internal Iterations = 61
 
Elapsed time:  152.34 Seconds

---------------------------------
   Lowdin Population Analysis    
---------------------------------
 Idx  Atom   Population   Charge 
---------------------------------
  1     O     7.995       0.005
  2     O     8.054      -0.054
  3     C     6.796      -0.796
  4     H     1.156      -0.156

---------------------------------
   M Diagnostic: 0.02
---------------------------------

