Computing Integrals
Basis Set                                            = def2-qzvp
Auxiliary Basis Set                                  = def2-universal-jkfit
Gaussian Type                                        = Spherical
Elapsed time:    3.03 Seconds

Number of basis functions                   (NBF)    = 147
Number of auxiliary basis functions         (NBFAUX) = 131
Inactive Doubly occupied orbitals up to     (NO1)    = 0
No. considered Strongly Doubly occupied MOs (NDOC)   = 5
No. considered Strongly Singly occupied MOs (NSOC)   = 0
NO. of Weakly occ. per St. Doubly occ.  MOs (NCWO)   = 28
Dimension of the Nat. Orb. subspace         (NBF5)   = 145
No. of electrons                                     = 10
    No. of alpha electrons                           = 5
    No. of beta electrons                            = 5
Multiplicity                                         = 1

Geometry
========
 N      -1.1064134      -0.0990907       1.6387093
 H      -0.6233827      -0.9878050       1.5736419
 H      -0.6305271       0.4109773       2.3741657
 H      -0.8678242       0.4021602       0.7758618

No violations of the orthonormality
No violations of the orthonormality
 
PNOF5/ADABelief Calculation
==================
 
  Nitext  Nit_orb  Time   Nit_occ  Time         Eelec          Etot           Ediff      maxdiff    MaxGrad_orb  Grad_occ
     1      10    2.6e+01    7    3.0e+01   -68.24136565   -56.33993404 -10067.24136565   0.001255   5.0e-03   2.0e-04 0.02
     2      20    4.7e+00    4    9.2e-02   -68.24834779   -56.34691618    -0.00698214   0.018911   7.6e-02   1.8e-04 0.02
     3      20    6.7e+00    0    6.3e-02   -68.24846389   -56.34703228    -0.00011610   0.018911   7.6e-02   1.8e-04 0.02
     4      40    1.3e+01    1    3.9e-02   -68.24881933   -56.34738772    -0.00035545   0.000598   2.4e-03   2.0e-04 0.02
 
RESULTS OF THE OCCUPATION OPTIMIZATION
========================================
   1    1.9996417  -15.54231205
   2    1.9796347  -0.79205800
   3    1.9796042  -0.79180705
   4    1.9788600  -0.78318983
   5    1.9855173  -0.56091376
   6    0.0113891  -0.00960594
   7    0.0157176  -0.01432593
   8    0.0150254  -0.01395445
   9    0.0149788  -0.01394053
  10    0.0002624  -0.00724313
  11    0.0011787  -0.00151773
  12    0.0026722  -0.00340553
  13    0.0026922  -0.00345206
  14    0.0026285  -0.00341281
  15    0.0000332  -0.00068137
  16    0.0006297  -0.00100426
  17    0.0012357  -0.00177575
  18    0.0011688  -0.00174293
  19    0.0012552  -0.00180506
  20    0.0000315  -0.00066208
  21    0.0006084  -0.00098737
  22    0.0010861  -0.00161012
  23    0.0010845  -0.00161984
  24    0.0010834  -0.00162769
  25    0.0000243  -0.00047566
  26    0.0001622  -0.00026049
  27    0.0000795  -0.00018546
  28    0.0000709  -0.00017971
  29    0.0000824  -0.00018670
  30    0.0000037  -0.00022105
  31    0.0001497  -0.00025829
  32    0.0000725  -0.00016908
  33    0.0000679  -0.00016662
  34    0.0000618  -0.00016521
  35    0.0000003  -0.00000158
  36    0.0001179  -0.00020795
  37    0.0000611  -0.00016696
  38    0.0000615  -0.00016408
  39    0.0000587  -0.00016016
  40    0.0000003  -0.00000129
  41    0.0000983  -0.00019673
  42    0.0000533  -0.00013071
  43    0.0000562  -0.00014123
  44    0.0000521  -0.00014052
  45    0.0000002  -0.00000958
  46    0.0000741  -0.00018766
  47    0.0000442  -0.00011149
  48    0.0000422  -0.00011162
  49    0.0000428  -0.00011268
  50    0.0000002  -0.00000141
  51    0.0000121  -0.00002939
  52    0.0000266  -0.00009751
  53    0.0000301  -0.00010439
  54    0.0000289  -0.00010281
  55    0.0000002  0.00000029
  56    0.0000091  -0.00002728
  57    0.0000227  -0.00007428
  58    0.0000216  -0.00007229
  59    0.0000179  -0.00006842
  60    0.0000001  0.00000036
  61    0.0000084  -0.00002737
  62    0.0000140  -0.00004746
  63    0.0000162  -0.00004729
  64    0.0000173  -0.00005097
  65    0.0000001  0.00000030
  66    0.0000075  -0.00002456
  67    0.0000105  -0.00004040
  68    0.0000094  -0.00003985
  69    0.0000106  -0.00003976
  70    0.0000001  0.00000038
  71    0.0000054  -0.00001795
  72    0.0000082  -0.00002823
  73    0.0000081  -0.00002927
  74    0.0000083  -0.00002922
  75    0.0000001  0.00000036
  76    0.0000042  -0.00001278
  77    0.0000058  -0.00002550
  78    0.0000070  -0.00002612
  79    0.0000066  -0.00002656
  80    0.0000001  0.00000040
  81    0.0000039  -0.00001130
  82    0.0000043  -0.00001778
  83    0.0000068  -0.00001983
  84    0.0000053  -0.00001884
  85    0.0000001  0.00000037
  86    0.0000036  -0.00001348
  87    0.0000040  -0.00001739
  88    0.0000049  -0.00001558
  89    0.0000045  -0.00001738
  90    0.0000001  0.00000039
  91    0.0000033  -0.00000916
  92    0.0000036  -0.00001055
  93    0.0000039  -0.00001540
  94    0.0000035  -0.00000937
  95    0.0000001  0.00000038
  96    0.0000030  -0.00000800
  97    0.0000033  -0.00000930
  98    0.0000032  -0.00000945
  99    0.0000034  -0.00001191
 100    0.0000001  0.00000040
 101    0.0000025  -0.00000366
 102    0.0000023  -0.00000783
 103    0.0000026  -0.00000735
 104    0.0000029  -0.00000761
 105    0.0000001  0.00000036
 106    0.0000024  -0.00000293
 107    0.0000019  -0.00000624
 108    0.0000024  -0.00000745
 109    0.0000026  -0.00000806
 110    0.0000001  0.00000036
 111    0.0000021  -0.00000384
 112    0.0000019  -0.00000545
 113    0.0000021  -0.00000523
 114    0.0000019  -0.00000511
 115    0.0000001  0.00000034
 116    0.0000017  -0.00000140
 117    0.0000018  -0.00000433
 118    0.0000017  -0.00000120
 119    0.0000018  -0.00000387
 120    0.0000001  0.00000036
 121    0.0000013  -0.00000048
 122    0.0000017  -0.00000222
 123    0.0000015  -0.00000406
 124    0.0000016  -0.00000224
 125    0.0000001  0.00000035
 126    0.0000012  -0.00000056
 127    0.0000014  -0.00000094
 128    0.0000015  -0.00000153
 129    0.0000015  -0.00000100
 130    0.0000001  0.00000037
 131    0.0000011  -0.00000010
 132    0.0000013  0.00000021
 133    0.0000012  -0.00000055
 134    0.0000013  -0.00000024
 135    0.0000001  0.00000035
 136    0.0000010  0.00000091
 137    0.0000012  0.00000067
 138    0.0000010  0.00000086
 139    0.0000010  0.00000020
 140    0.0000001  0.00000037
 141    0.0000010  0.00000090
 142    0.0000011  0.00000034
 143    0.0000010  0.00000039
 144    0.0000010  0.00000066
 145    0.0000001  0.00000035
 
----------------
 Final Energies 
----------------
Final NOF Total Energy =     -56.3473877
 
Total Orbital Internal Iterations = 90
Total Occupation Internal Iterations = 12
 
Elapsed time:   98.19 Seconds

---------------------------------
   Lowdin Population Analysis    
---------------------------------
 Idx  Atom   Population   Charge 
---------------------------------
  1     N     6.438       0.562
  2     H     1.193      -0.193
  3     H     1.193      -0.193
  4     H     1.176      -0.176

---------------------------------
   M Diagnostic: 0.02
---------------------------------

