Computing Integrals
Basis Set                                            = def2-qzvp
Auxiliary Basis Set                                  = def2-universal-jkfit
Gaussian Type                                        = Spherical
Elapsed time:    5.16 Seconds

Number of basis functions                   (NBF)    = 301
Number of auxiliary basis functions         (NBFAUX) = 395
Inactive Doubly occupied orbitals up to     (NO1)    = 0
No. considered Strongly Doubly occupied MOs (NDOC)   = 20
No. considered Strongly Singly occupied MOs (NSOC)   = 0
NO. of Weakly occ. per St. Doubly occ.  MOs (NCWO)   = 14
Dimension of the Nat. Orb. subspace         (NBF5)   = 300
No. of electrons                                     = 40
    No. of alpha electrons                           = 20
    No. of beta electrons                            = 20
Multiplicity                                         = 1

Geometry
========
 N      -1.7332912       3.5914937       0.1406388
 N      -1.2110379       2.5057131       0.1180678
 N      -2.2548758       4.6730959       0.1598318
 S       0.2382205      -0.3275988       0.2238631
 H       1.4550085       0.2234381       0.2568727
 H      -0.3909368       0.8938685       0.1779218

No violations of the orthonormality
No violations of the orthonormality
 
PNOF5/ADABelief Calculation
==================
 
  Nitext  Nit_orb  Time   Nit_occ  Time         Eelec          Etot           Ediff      maxdiff    MaxGrad_orb  Grad_occ
     1      10    2.6e+01   42    3.1e+01  -678.25988501  -562.23568089 -10677.25988501   0.017863   7.1e-02   2.3e-04 0.10
     2      20    1.0e+01   15    2.1e+00  -678.38713409  -562.36292997    -0.12724908   0.019261   7.7e-02   2.5e-04 0.09
     3      20    1.1e+01   11    1.7e+00  -678.39482408  -562.37061996    -0.00768999   0.033132   1.3e-01   2.5e-04 0.09
     4      20    8.9e+00    0    4.3e-01  -678.39521104  -562.37100692    -0.00038696   0.033132   1.3e-01   2.5e-04 0.09
     5      40    2.0e+01    6    1.1e+00  -678.40062989  -562.37642577    -0.00541885   0.002659   1.1e-02   2.1e-04 0.09
     6      40    2.4e+01    6    1.1e+00  -678.40131409  -562.37710998    -0.00068420   0.004746   1.9e-02   2.2e-04 0.09
     7      40    1.9e+01    6    1.1e+00  -678.40182149  -562.37761738    -0.00050740   0.003105   1.2e-02   2.2e-04 0.09
     8      40    2.1e+01    2    6.9e-01  -678.40214685  -562.37794273    -0.00032536   0.003621   1.4e-02   3.0e-04 0.09
     9      40    2.1e+01    3    8.0e-01  -678.40231752  -562.37811340    -0.00017067   0.003785   1.5e-02   2.6e-04 0.09
    10      40    2.0e+01   12    1.7e+00  -678.40248429  -562.37828017    -0.00016677   0.002901   1.2e-02   1.9e-04 0.09
    11      40    2.2e+01    1    6.1e-01  -678.40273590  -562.37853178    -0.00025161   0.002378   9.5e-03   1.8e-04 0.09
    12      40    2.1e+01   11    1.6e+00  -678.40280851  -562.37860439    -0.00007261   0.003148   1.3e-02   2.2e-04 0.09
    13      40    2.0e+01    1    5.9e-01  -678.40302100  -562.37881689    -0.00021250   0.003906   1.6e-02   2.1e-04 0.09
    14      40    1.9e+01    5    9.7e-01  -678.40314673  -562.37894262    -0.00012573   0.003534   1.4e-02   2.1e-04 0.09
    15      40    1.9e+01   10    1.6e+00  -678.40344492  -562.37924080    -0.00029818   0.002912   1.2e-02   1.8e-04 0.09
    16      40    1.9e+01   10    1.5e+00  -678.40391522  -562.37971111    -0.00047031   0.002892   1.2e-02   1.4e-04 0.09
    17      40    1.9e+01    7    1.2e+00  -678.40440453  -562.38020042    -0.00048931   0.003843   1.5e-02   2.4e-04 0.09
    18      40    1.9e+01    7    1.2e+00  -678.40486775  -562.38066363    -0.00046322   0.002501   1.0e-02   2.1e-04 0.09
    19      40    1.9e+01    6    1.1e+00  -678.40535058  -562.38114646    -0.00048283   0.003345   1.3e-02   2.2e-04 0.09
    20      40    1.9e+01   10    1.5e+00  -678.40590538  -562.38170127    -0.00055480   0.002795   1.1e-02   2.1e-04 0.09
    21      40    2.4e+01   12    1.7e+00  -678.40658816  -562.38238404    -0.00068278   0.003055   1.2e-02   1.5e-04 0.09
    22      40    2.2e+01    5    9.5e-01  -678.40738837  -562.38318425    -0.00080021   0.002334   9.3e-03   1.9e-04 0.09
    23      40    1.9e+01    5    9.9e-01  -678.40820384  -562.38399973    -0.00081548   0.002559   1.0e-02   2.0e-04 0.09
    24      40    2.3e+01   11    1.6e+00  -678.40906114  -562.38485702    -0.00085729   0.002333   9.3e-03   1.6e-04 0.09
    25      40    2.0e+01    7    1.2e+00  -678.40992832  -562.38572420    -0.00086718   0.002794   1.1e-02   2.3e-04 0.09
    26      40    1.9e+01    4    8.7e-01  -678.41058783  -562.38638371    -0.00065951   0.002351   9.4e-03   1.9e-04 0.09
    27      40    2.0e+01    7    1.2e+00  -678.41099773  -562.38679361    -0.00040990   0.002485   9.9e-03   1.9e-04 0.09
    28      40    2.0e+01    1    5.4e-01  -678.41131364  -562.38710952    -0.00031591   0.002474   9.9e-03   2.1e-04 0.09
    29      40    2.3e+01    8    1.3e+00  -678.41141551  -562.38721140    -0.00010187   0.002124   8.5e-03   2.2e-04 0.09
    30      40    2.0e+01    1    5.9e-01  -678.41155925  -562.38735513    -0.00014374   0.002575   1.0e-02   1.7e-04 0.09
    31      40    1.9e+01    1    6.0e-01  -678.41159236  -562.38738824    -0.00003311   0.002249   9.0e-03   2.1e-04 0.09
    32      40    2.2e+01    0    4.5e-01  -678.41161328  -562.38740916    -0.00002092   0.002303   9.2e-03   1.8e-04 0.09
    33      50    2.9e+01    0    4.5e-01  -678.41166742  -562.38746331    -0.00005414   0.001230   4.9e-03   1.9e-04 0.09
    34      60    3.2e+01    0    4.1e-01  -678.41169425  -562.38749014    -0.00002683   0.000917   3.7e-03   1.8e-04 0.09
 
RESULTS OF THE OCCUPATION OPTIMIZATION
========================================
   1    1.9999699  -91.27759005
   2    1.9996503  -15.50153001
   3    1.9996447  -15.35590541
   4    1.9996490  -15.34326318
   5    1.9995563  -7.30010244
   6    1.9996139  -7.23353431
   7    1.9996140  -7.22615890
   8    1.9994453  -7.08681314
   9    1.9915663  -0.96362958
  10    1.9845570  -0.69778807
  11    1.9844140  -0.69451608
  12    1.9815791  -0.57158259
  13    1.9829154  -0.55028475
  14    1.9914988  -0.54057771
  15    1.9962211  -0.49318646
  16    1.9798975  -0.41582307
  17    1.9798276  -0.41542668
  18    1.9862402  -0.39733358
  19    1.9855611  -0.38862315
  20    1.9062063  -0.15117525
  21    0.0937163  -0.02204075
  22    0.0118540  -0.00826510
  23    0.0110830  -0.00801370
  24    0.0077621  -0.00504773
  25    0.0077820  -0.00505890
  26    0.0029461  -0.00267494
  27    0.0058910  -0.00564631
  28    0.0089403  -0.00712264
  29    0.0098785  -0.00773618
  30    0.0125455  -0.01163499
  31    0.0124520  -0.01159292
  32    0.0059970  -0.00830790
  33    0.0002835  -0.00343011
  34    0.0002625  -0.00324288
  35    0.0002623  -0.00324155
  36    0.0002847  -0.00342320
  37    0.0002639  -0.00725475
  38    0.0002642  -0.00726384
  39    0.0002646  -0.00731661
  40    0.0000291  -0.00545739
  41    0.0000345  -0.00004898
  42    0.0010941  -0.00126761
  43    0.0010089  -0.00123094
  44    0.0074281  -0.00466722
  45    0.0073197  -0.00462558
  46    0.0004322  -0.00059088
  47    0.0007308  -0.00108142
  48    0.0033536  -0.00310269
  49    0.0035707  -0.00340934
  50    0.0014399  -0.00196831
  51    0.0014013  -0.00194122
  52    0.0011367  -0.00222769
  53    0.0001606  -0.00172303
  54    0.0001110  -0.00123725
  55    0.0001116  -0.00124653
  56    0.0001498  -0.00165416
  57    0.0000364  -0.00067077
  58    0.0000357  -0.00065489
  59    0.0000414  -0.00083151
  60    0.0000008  -0.00021765
  61    0.0000180  -0.00003144
  62    0.0007098  -0.00090259
  63    0.0006726  -0.00088762
  64    0.0038866  -0.00282847
  65    0.0039054  -0.00283451
  66    0.0002684  -0.00041630
  67    0.0006749  -0.00104097
  68    0.0022211  -0.00232941
  69    0.0025947  -0.00256928
  70    0.0007558  -0.00116201
  71    0.0007418  -0.00115292
  72    0.0005844  -0.00125538
  73    0.0001019  -0.00111079
  74    0.0000114  -0.00019443
  75    0.0000111  -0.00018975
  76    0.0000081  -0.00014533
  77    0.0000326  -0.00063823
  78    0.0000297  -0.00058977
  79    0.0000239  -0.00045272
  80    0.0000000  -0.00000000
  81    0.0000111  -0.00001675
  82    0.0005167  -0.00074678
  83    0.0005360  -0.00075735
  84    0.0005248  -0.00055635
  85    0.0005233  -0.00055570
  86    0.0000666  -0.00014143
  87    0.0004863  -0.00079803
  88    0.0020880  -0.00213815
  89    0.0018288  -0.00195213
  90    0.0006508  -0.00103447
  91    0.0006419  -0.00102836
  92    0.0005156  -0.00117253
  93    0.0000072  -0.00013365
  94    0.0000003  -0.00000110
  95    0.0000003  -0.00000110
  96    0.0000003  -0.00000171
  97    0.0000131  -0.00024516
  98    0.0000206  -0.00038593
  99    0.0000150  -0.00028998
 100    0.0000000  0.00000003
 101    0.0000043  -0.00000902
 102    0.0001061  -0.00019493
 103    0.0001207  -0.00021495
 104    0.0002023  -0.00025619
 105    0.0002015  -0.00025589
 106    0.0000230  -0.00005031
 107    0.0002289  -0.00040609
 108    0.0001085  -0.00018301
 109    0.0001099  -0.00017881
 110    0.0000646  -0.00017808
 111    0.0000590  -0.00017293
 112    0.0000520  -0.00016042
 113    0.0000003  -0.00000092
 114    0.0000002  -0.00000027
 115    0.0000002  -0.00000054
 116    0.0000002  -0.00000044
 117    0.0000036  -0.00022851
 118    0.0000037  -0.00022961
 119    0.0000036  -0.00022719
 120    0.0000000  0.00000003
 121    0.0000025  -0.00000661
 122    0.0000507  -0.00016236
 123    0.0001190  -0.00021078
 124    0.0001217  -0.00017562
 125    0.0001193  -0.00017347
 126    0.0000138  -0.00004573
 127    0.0002270  -0.00041383
 128    0.0000951  -0.00016287
 129    0.0001043  -0.00016978
 130    0.0000430  -0.00011310
 131    0.0000385  -0.00011096
 132    0.0000516  -0.00016194
 133    0.0000002  -0.00000017
 134    0.0000001  0.00000008
 135    0.0000001  0.00000005
 136    0.0000001  0.00000004
 137    0.0000002  -0.00000360
 138    0.0000003  -0.00000401
 139    0.0000002  -0.00000464
 140    0.0000000  0.00000003
 141    0.0000019  -0.00000625
 142    0.0000342  -0.00010790
 143    0.0000704  -0.00013230
 144    0.0000799  -0.00011165
 145    0.0000791  -0.00011122
 146    0.0000104  -0.00003260
 147    0.0000899  -0.00016431
 148    0.0000622  -0.00010680
 149    0.0000776  -0.00014139
 150    0.0000326  -0.00009938
 151    0.0000300  -0.00009938
 152    0.0000281  -0.00011882
 153    0.0000002  -0.00000004
 154    0.0000001  0.00000006
 155    0.0000001  0.00000009
 156    0.0000001  0.00000004
 157    0.0000002  -0.00000327
 158    0.0000002  -0.00000436
 159    0.0000002  -0.00000291
 160    0.0000000  0.00000003
 161    0.0000011  -0.00000486
 162    0.0000258  -0.00010328
 163    0.0000534  -0.00012685
 164    0.0000687  -0.00009974
 165    0.0000685  -0.00009988
 166    0.0000086  -0.00002723
 167    0.0000585  -0.00013927
 168    0.0000604  -0.00010673
 169    0.0000630  -0.00011696
 170    0.0000234  -0.00006826
 171    0.0000248  -0.00006931
 172    0.0000214  -0.00008926
 173    0.0000001  0.00000008
 174    0.0000001  0.00000014
 175    0.0000001  0.00000021
 176    0.0000001  0.00000010
 177    0.0000002  -0.00000309
 178    0.0000002  -0.00000338
 179    0.0000001  -0.00000511
 180    0.0000000  0.00000003
 181    0.0000010  -0.00000450
 182    0.0000133  -0.00007896
 183    0.0000491  -0.00012866
 184    0.0000539  -0.00009072
 185    0.0000537  -0.00009108
 186    0.0000053  -0.00001485
 187    0.0000503  -0.00014095
 188    0.0000528  -0.00012881
 189    0.0000618  -0.00011490
 190    0.0000128  -0.00005031
 191    0.0000192  -0.00006052
 192    0.0000165  -0.00008033
 193    0.0000001  -0.00000010
 194    0.0000001  0.00000012
 195    0.0000001  0.00000016
 196    0.0000001  0.00000015
 197    0.0000002  -0.00000279
 198    0.0000002  -0.00000326
 199    0.0000001  -0.00000291
 200    0.0000000  0.00000003
 201    0.0000008  -0.00000331
 202    0.0000093  -0.00002562
 203    0.0000118  -0.00003104
 204    0.0000112  -0.00002000
 205    0.0000135  -0.00002254
 206    0.0000019  -0.00000822
 207    0.0000156  -0.00005192
 208    0.0000295  -0.00006668
 209    0.0000492  -0.00012097
 210    0.0000070  -0.00003521
 211    0.0000131  -0.00004697
 212    0.0000104  -0.00003935
 213    0.0000001  0.00000009
 214    0.0000001  0.00000019
 215    0.0000001  0.00000020
 216    0.0000001  0.00000019
 217    0.0000002  -0.00000953
 218    0.0000002  -0.00000258
 219    0.0000001  -0.00000494
 220    0.0000000  0.00000003
 221    0.0000007  -0.00000270
 222    0.0000092  -0.00002088
 223    0.0000110  -0.00002705
 224    0.0000103  -0.00002104
 225    0.0000103  -0.00002084
 226    0.0000009  -0.00000574
 227    0.0000141  -0.00005084
 228    0.0000257  -0.00005952
 229    0.0000303  -0.00007476
 230    0.0000035  -0.00001980
 231    0.0000069  -0.00002519
 232    0.0000070  -0.00002917
 233    0.0000001  0.00000009
 234    0.0000001  0.00000018
 235    0.0000001  0.00000016
 236    0.0000001  0.00000018
 237    0.0000001  -0.00000133
 238    0.0000001  -0.00000944
 239    0.0000001  -0.00000082
 240    0.0000000  0.00000003
 241    0.0000006  -0.00000251
 242    0.0000064  -0.00001997
 243    0.0000096  -0.00002624
 244    0.0000091  -0.00001744
 245    0.0000098  -0.00002001
 246    0.0000007  -0.00000441
 247    0.0000119  -0.00004323
 248    0.0000233  -0.00006001
 249    0.0000270  -0.00006768
 250    0.0000030  -0.00001631
 251    0.0000056  -0.00002146
 252    0.0000058  -0.00002672
 253    0.0000001  0.00000018
 254    0.0000001  0.00000015
 255    0.0000000  0.00000014
 256    0.0000001  0.00000018
 257    0.0000001  0.00000005
 258    0.0000001  0.00000020
 259    0.0000001  0.00000017
 260    0.0000000  0.00000003
 261    0.0000004  -0.00000248
 262    0.0000048  -0.00001609
 263    0.0000079  -0.00001945
 264    0.0000076  -0.00001671
 265    0.0000087  -0.00001675
 266    0.0000005  -0.00000263
 267    0.0000116  -0.00004262
 268    0.0000159  -0.00004350
 269    0.0000164  -0.00004454
 270    0.0000022  -0.00001293
 271    0.0000048  -0.00001731
 272    0.0000038  -0.00001672
 273    0.0000001  0.00000023
 274    0.0000000  0.00000014
 275    0.0000000  0.00000014
 276    0.0000001  0.00000016
 277    0.0000001  0.00000010
 278    0.0000001  0.00000019
 279    0.0000001  0.00000016
 280    0.0000000  0.00000003
 281    0.0000003  -0.00000163
 282    0.0000044  -0.00001736
 283    0.0000063  -0.00001790
 284    0.0000060  -0.00001385
 285    0.0000078  -0.00001622
 286    0.0000005  -0.00000260
 287    0.0000102  -0.00003933
 288    0.0000083  -0.00002369
 289    0.0000088  -0.00002501
 290    0.0000020  -0.00001046
 291    0.0000042  -0.00001577
 292    0.0000036  -0.00001575
 293    0.0000001  0.00000015
 294    0.0000000  0.00000013
 295    0.0000000  0.00000014
 296    0.0000000  0.00000012
 297    0.0000000  0.00000013
 298    0.0000001  0.00000010
 299    0.0000000  0.00000011
 300    0.0000000  0.00000002
 
----------------
 Final Energies 
----------------
Final NOF Total Energy =    -562.3874901
 
Total Orbital Internal Iterations = 1300
Total Occupation Internal Iterations = 233
 
Elapsed time:  811.37 Seconds

---------------------------------
   Lowdin Population Analysis    
---------------------------------
 Idx  Atom   Population   Charge 
---------------------------------
  1     N     7.212      -0.212
  2     N     7.251      -0.251
  3     N     7.354      -0.354
  4     S    15.572       0.428
  5     H     1.284      -0.284
  6     H     1.327      -0.327

---------------------------------
   M Diagnostic: 0.09
---------------------------------

