Computing Integrals
Basis Set                                            = def2-qzvp
Auxiliary Basis Set                                  = def2-universal-jkfit
Gaussian Type                                        = Spherical
Elapsed time:    2.71 Seconds

Number of basis functions                   (NBF)    = 117
Number of auxiliary basis functions         (NBFAUX) = 113
Inactive Doubly occupied orbitals up to     (NO1)    = 0
No. considered Strongly Doubly occupied MOs (NDOC)   = 4
No. considered Strongly Singly occupied MOs (NSOC)   = 1
NO. of Weakly occ. per St. Doubly occ.  MOs (NCWO)   = 28
Dimension of the Nat. Orb. subspace         (NBF5)   = 117
No. of electrons                                     = 9
    No. of alpha electrons                           = 5
    No. of beta electrons                            = 4
Multiplicity                                         = 2

Geometry
========
 N       0.0000000       0.0000000       0.4242463
 H      -0.8023121       0.0000000      -0.2121232
 H       0.8023121       0.0000000      -0.2121232

No violations of the orthonormality
No violations of the orthonormality
 
PNOF5/ADABelief Calculation
==================
 
  Nitext  Nit_orb  Time   Nit_occ  Time         Eelec          Etot           Ediff      maxdiff    MaxGrad_orb  Grad_occ
     1      10    2.2e+01   16    2.7e+01   -63.22199958   -55.65771494 -10062.22199958   0.003491   1.5e-02   1.9e-04 0.02
     2      20    3.2e+00   11    2.3e-01   -63.24430638   -55.68002174    -0.02230680   0.018279   7.3e-02   1.1e-04 0.02
     3      20    3.3e+00    3    1.6e-01   -63.24493497   -55.68065033    -0.00062859   0.020246   8.1e-02   1.7e-04 0.02
     4      20    2.5e+00    1    2.6e-02   -63.24509534   -55.68081070    -0.00016037   0.015600   6.2e-02   2.1e-04 0.02
     5      20    3.4e+00    3    5.7e-02   -63.24514543   -55.68086078    -0.00005008   0.016510   6.6e-02   1.8e-04 0.02
     6      20    2.5e+00    0    5.7e-02   -63.24522395   -55.68093931    -0.00007852   0.014012   5.6e-02   1.9e-04 0.02
     7      30    4.5e+00    0    1.8e-02   -63.24536129   -55.68107665    -0.00013734   0.012631   5.1e-02   1.9e-04 0.02
     8      40    5.0e+00    0    2.1e-02   -63.24561288   -55.68132824    -0.00025159   0.006881   2.8e-02   2.0e-04 0.02
     9      50    7.2e+00    0    4.9e-02   -63.24572189   -55.68143724    -0.00010901   0.004545   1.8e-02   2.1e-04 0.02
    10      60    8.7e+00    0    4.9e-02   -63.24573599   -55.68145135    -0.00001410   0.004407   1.8e-02   2.0e-04 0.02
    11      70    1.2e+01    0    2.3e-02   -63.24577852   -55.68149388    -0.00004253   0.003667   1.5e-02   2.1e-04 0.02
    12      80    9.7e+00    0    1.2e-02   -63.24577852   -55.68149388     0.00000000   0.003667   1.5e-02   2.1e-04 0.02
    13      95    1.2e+01    0    2.0e-02   -63.24581326   -55.68152862    -0.00003474   0.000494   2.0e-03   2.0e-04 0.02
 
RESULTS OF THE OCCUPATION OPTIMIZATION
========================================
   1    1.9996460  -15.57687940
   2    1.9788691  -0.82419839
   3    1.9788167  -0.82408313
   4    1.9881289  -0.65685842
   5    1.0000000  -0.25254948
   6    0.0083842  -0.00810810
   7    0.0156913  -0.01469984
   8    0.0156518  -0.01468097
   9    0.0002601  -0.00722253
  10    0.0010366  -0.00151381
  11    0.0025600  -0.00342804
  12    0.0025663  -0.00343374
  13    0.0000331  -0.00065222
  14    0.0009236  -0.00139528
  15    0.0012911  -0.00187386
  16    0.0012875  -0.00187226
  17    0.0000303  -0.00062887
  18    0.0006447  -0.00106988
  19    0.0011112  -0.00167077
  20    0.0010991  -0.00166270
  21    0.0000229  -0.00046289
  22    0.0002190  -0.00037979
  23    0.0000860  -0.00023440
  24    0.0000909  -0.00023792
  25    0.0000038  -0.00022129
  26    0.0001852  -0.00036596
  27    0.0000853  -0.00020567
  28    0.0000767  -0.00020020
  29    0.0000008  -0.00000448
  30    0.0001760  -0.00022429
  31    0.0000695  -0.00017452
  32    0.0000759  -0.00017707
  33    0.0000006  -0.00000364
  34    0.0000932  -0.00019748
  35    0.0000628  -0.00016035
  36    0.0000666  -0.00016465
  37    0.0000002  -0.00000673
  38    0.0000797  -0.00018913
  39    0.0000569  -0.00014804
  40    0.0000531  -0.00014341
  41    0.0000002  -0.00000295
  42    0.0000361  -0.00007906
  43    0.0000502  -0.00012659
  44    0.0000361  -0.00011532
  45    0.0000002  -0.00000201
  46    0.0000220  -0.00005222
  47    0.0000289  -0.00008313
  48    0.0000317  -0.00008430
  49    0.0000001  0.00000031
  50    0.0000152  -0.00004299
  51    0.0000281  -0.00006378
  52    0.0000280  -0.00006389
  53    0.0000001  0.00000031
  54    0.0000110  -0.00003885
  55    0.0000137  -0.00004533
  56    0.0000156  -0.00004617
  57    0.0000001  0.00000034
  58    0.0000091  -0.00003562
  59    0.0000085  -0.00003265
  60    0.0000101  -0.00003407
  61    0.0000001  0.00000032
  62    0.0000079  -0.00003155
  63    0.0000065  -0.00002809
  64    0.0000063  -0.00002787
  65    0.0000001  0.00000032
  66    0.0000046  -0.00001901
  67    0.0000058  -0.00002481
  68    0.0000061  -0.00002506
  69    0.0000001  0.00000033
  70    0.0000039  -0.00001730
  71    0.0000046  -0.00001906
  72    0.0000055  -0.00002086
  73    0.0000001  0.00000030
  74    0.0000037  -0.00001327
  75    0.0000046  -0.00001624
  76    0.0000044  -0.00001551
  77    0.0000001  0.00000032
  78    0.0000032  -0.00001144
  79    0.0000038  -0.00001043
  80    0.0000034  -0.00001002
  81    0.0000001  0.00000035
  82    0.0000027  -0.00001233
  83    0.0000031  -0.00000959
  84    0.0000034  -0.00000991
  85    0.0000001  0.00000034
  86    0.0000020  -0.00000595
  87    0.0000025  -0.00000801
  88    0.0000028  -0.00000872
  89    0.0000001  0.00000033
  90    0.0000019  -0.00000492
  91    0.0000019  -0.00000582
  92    0.0000024  -0.00000583
  93    0.0000001  0.00000030
  94    0.0000016  -0.00000339
  95    0.0000018  -0.00000585
  96    0.0000018  -0.00000553
  97    0.0000001  0.00000029
  98    0.0000012  -0.00000267
  99    0.0000015  -0.00000355
 100    0.0000016  -0.00000391
 101    0.0000001  0.00000031
 102    0.0000009  -0.00000266
 103    0.0000013  -0.00000352
 104    0.0000013  -0.00000324
 105    0.0000001  0.00000029
 106    0.0000008  -0.00000230
 107    0.0000012  -0.00000166
 108    0.0000010  -0.00000161
 109    0.0000001  0.00000027
 110    0.0000007  -0.00000220
 111    0.0000008  -0.00000120
 112    0.0000008  -0.00000140
 113    0.0000001  0.00000025
 114    0.0000006  -0.00000148
 115    0.0000004  -0.00000014
 116    0.0000006  -0.00000003
 117    0.0000001  0.00000022
 
----------------
 Final Energies 
----------------
Final NOF Total Energy =     -55.6815286
 
Total Orbital Internal Iterations = 535
Total Occupation Internal Iterations = 34
 
Elapsed time:  139.82 Seconds

---------------------------------
   Lowdin Population Analysis    
---------------------------------
 Idx  Atom   Population   Charge 
---------------------------------
  1     N     6.512       0.488
  2     H     1.244      -0.244
  3     H     1.244      -0.244

---------------------------------
   M Diagnostic: 0.02
---------------------------------

