Computing Integrals
Basis Set                                            = def2-qzvp
Auxiliary Basis Set                                  = def2-universal-jkfit
Gaussian Type                                        = Spherical
Elapsed time:    6.46 Seconds

Number of basis functions                   (NBF)    = 287
Number of auxiliary basis functions         (NBFAUX) = 385
Inactive Doubly occupied orbitals up to     (NO1)    = 0
No. considered Strongly Doubly occupied MOs (NDOC)   = 22
No. considered Strongly Singly occupied MOs (NSOC)   = 0
NO. of Weakly occ. per St. Doubly occ.  MOs (NCWO)   = 12
Dimension of the Nat. Orb. subspace         (NBF5)   = 286
No. of electrons                                     = 44
    No. of alpha electrons                           = 22
    No. of beta electrons                            = 22
Multiplicity                                         = 1

Geometry
========
Cl      -0.0002746       0.0192429       2.3225374
 C       0.0002134       0.0002029      -0.0000524
 H       0.7609800      -0.7510163       0.0064136
 H      -1.0307506      -0.2830071       0.0021836
 H       0.2704285       1.0346447      -0.0086604
Cl      -0.0005966      -0.0200671      -2.3224218

No violations of the orthonormality
No violations of the orthonormality
 
PNOF5/ADABelief Calculation
==================
 
  Nitext  Nit_orb  Time   Nit_occ  Time         Eelec          Etot           Ediff      maxdiff    MaxGrad_orb  Grad_occ
     1      10    2.9e+01   34    3.3e+01 -1069.22698796  -958.94765000 -11068.22698796   0.015654   6.3e-02   2.5e-04 0.03
     2      20    1.3e+01    8    9.7e-01 -1069.28509320  -959.00575523    -0.05810523   0.016260   6.5e-02   2.6e-04 0.02
     3      20    1.4e+01    6    9.3e-01 -1069.29129276  -959.01195479    -0.00619956   0.017906   7.2e-02   3.2e-04 0.02
     4      20    7.9e+00   11    1.2e+00 -1069.29396705  -959.01462908    -0.00267429   0.026884   1.1e-01   3.3e-04 0.02
     5      20    9.6e+00   12    1.1e+00 -1069.29803969  -959.01870173    -0.00407264   0.014468   5.8e-02   2.1e-04 0.02
     6      20    9.1e+00    3    5.2e-01 -1069.29898142  -959.01964345    -0.00094172   0.016603   6.6e-02   2.3e-04 0.02
     7      20    7.7e+00    3    5.1e-01 -1069.29934651  -959.02000854    -0.00036509   0.015672   6.3e-02   2.2e-04 0.02
     8      20    1.1e+01    3    5.8e-01 -1069.30011739  -959.02077942    -0.00077088   0.013972   5.6e-02   2.2e-04 0.02
     9      20    1.1e+01    0    4.1e-01 -1069.30016514  -959.02082718    -0.00004776   0.013972   5.6e-02   2.2e-04 0.02
    10      40    1.8e+01    3    5.5e-01 -1069.30244215  -959.02310418    -0.00227700   0.000630   2.5e-03   2.1e-04 0.02
 
RESULTS OF THE OCCUPATION OPTIMIZATION
========================================
   1    1.9999492  -93.58186216
   2    1.9999498  -93.30406317
   3    1.9999997  -21.59000078
   4    1.9999979  -21.23335218
   5    1.9994406  -11.17678080
   6    1.9996704  -7.85256319
   7    1.9995524  -7.77010280
   8    1.9996918  -7.76981023
   9    1.9994613  -7.76951876
  10    1.9995492  -7.76926757
  11    1.9995752  -7.76585229
  12    1.9786439  -0.60632282
  13    1.9785733  -0.60619942
  14    1.9786293  -0.60614072
  15    1.9912908  -0.45097197
  16    1.9896563  -0.44704667
  17    1.9891967  -0.41811379
  18    1.9874259  -0.41657615
  19    1.9870027  -0.41305325
  20    1.9851079  -0.40951307
  21    1.9848995  -0.40516884
  22    1.9843914  -0.40271343
  23    0.0074153  -0.00514413
  24    0.0075167  -0.00521913
  25    0.0073098  -0.00511860
  26    0.0071657  -0.00514501
  27    0.0072689  -0.00518246
  28    0.0073188  -0.00524592
  29    0.0064443  -0.00484099
  30    0.0066270  -0.00497943
  31    0.0133590  -0.01090365
  32    0.0134806  -0.01093318
  33    0.0134693  -0.01092821
  34    0.0001604  -0.00228938
  35    0.0001829  -0.00218354
  36    0.0001698  -0.00222922
  37    0.0001772  -0.00228884
  38    0.0001823  -0.00218491
  39    0.0001744  -0.00244740
  40    0.0003742  -0.00744607
  41    0.0000018  -0.00005833
  42    0.0000002  -0.00001480
  43    0.0000487  -0.00818003
  44    0.0000494  -0.00824735
  45    0.0038993  -0.00293540
  46    0.0040971  -0.00308034
  47    0.0040718  -0.00308146
  48    0.0032197  -0.00258672
  49    0.0033422  -0.00270301
  50    0.0016815  -0.00165480
  51    0.0020091  -0.00186968
  52    0.0010769  -0.00115161
  53    0.0031465  -0.00336183
  54    0.0029398  -0.00324634
  55    0.0029667  -0.00326404
  56    0.0001405  -0.00171556
  57    0.0001455  -0.00208405
  58    0.0001355  -0.00176389
  59    0.0001203  -0.00172661
  60    0.0001464  -0.00209191
  61    0.0001181  -0.00138821
  62    0.0000661  -0.00088596
  63    0.0000001  -0.00000150
  64    0.0000000  -0.00000020
  65    0.0000014  -0.00043027
  66    0.0000014  -0.00042923
  67    0.0034589  -0.00269160
  68    0.0026578  -0.00222059
  69    0.0027340  -0.00228837
  70    0.0018210  -0.00173398
  71    0.0011205  -0.00122924
  72    0.0009809  -0.00111044
  73    0.0013305  -0.00137393
  74    0.0007061  -0.00084532
  75    0.0025574  -0.00304319
  76    0.0026903  -0.00313546
  77    0.0026067  -0.00306450
  78    0.0001127  -0.00139007
  79    0.0001116  -0.00143259
  80    0.0001133  -0.00134921
  81    0.0000098  -0.00022780
  82    0.0001080  -0.00139336
  83    0.0000356  -0.00071144
  84    0.0000555  -0.00081534
  85    0.0000001  -0.00000069
  86    0.0000000  0.00000004
  87    0.0000000  0.00000010
  88    0.0000000  0.00000005
  89    0.0006353  -0.00068357
  90    0.0005191  -0.00061160
  91    0.0005001  -0.00058158
  92    0.0004332  -0.00050076
  93    0.0004766  -0.00053878
  94    0.0003512  -0.00041697
  95    0.0004617  -0.00057047
  96    0.0001457  -0.00026737
  97    0.0017154  -0.00213012
  98    0.0017236  -0.00214315
  99    0.0017200  -0.00213971
 100    0.0000099  -0.00023248
 101    0.0000096  -0.00022263
 102    0.0001089  -0.00139386
 103    0.0000002  0.00000014
 104    0.0000097  -0.00022516
 105    0.0000004  -0.00001937
 106    0.0000555  -0.00081536
 107    0.0000000  0.00000005
 108    0.0000000  0.00000003
 109    0.0000000  0.00000004
 110    0.0000000  0.00000005
 111    0.0000611  -0.00009112
 112    0.0001053  -0.00016385
 113    0.0000883  -0.00014521
 114    0.0001389  -0.00020173
 115    0.0001300  -0.00019693
 116    0.0001486  -0.00021941
 117    0.0000327  -0.00007583
 118    0.0000562  -0.00010537
 119    0.0001229  -0.00023239
 120    0.0001218  -0.00023240
 121    0.0001262  -0.00023426
 122    0.0000003  -0.00000016
 123    0.0000004  0.00000010
 124    0.0000098  -0.00022848
 125    0.0000001  0.00000024
 126    0.0000004  0.00000009
 127    0.0000002  0.00000011
 128    0.0000058  -0.00028034
 129    0.0000000  0.00000003
 130    0.0000000  0.00000003
 131    0.0000000  0.00000004
 132    0.0000000  0.00000004
 133    0.0000367  -0.00008150
 134    0.0000707  -0.00011628
 135    0.0000560  -0.00010043
 136    0.0000708  -0.00011104
 137    0.0000980  -0.00015776
 138    0.0001450  -0.00021228
 139    0.0000199  -0.00005972
 140    0.0000291  -0.00006895
 141    0.0000984  -0.00019582
 142    0.0000991  -0.00018566
 143    0.0001004  -0.00018621
 144    0.0000002  0.00000021
 145    0.0000002  0.00000014
 146    0.0000002  0.00000022
 147    0.0000001  0.00000024
 148    0.0000002  0.00000014
 149    0.0000002  0.00000014
 150    0.0000004  -0.00000679
 151    0.0000000  0.00000003
 152    0.0000000  0.00000003
 153    0.0000000  0.00000004
 154    0.0000000  0.00000004
 155    0.0000359  -0.00008140
 156    0.0000520  -0.00008670
 157    0.0000518  -0.00008947
 158    0.0000645  -0.00009609
 159    0.0000519  -0.00008869
 160    0.0000584  -0.00009125
 161    0.0000148  -0.00005198
 162    0.0000245  -0.00006886
 163    0.0000982  -0.00018418
 164    0.0000971  -0.00019829
 165    0.0000968  -0.00019903
 166    0.0000002  0.00000020
 167    0.0000002  0.00000012
 168    0.0000002  0.00000010
 169    0.0000001  0.00000019
 170    0.0000002  0.00000019
 171    0.0000001  0.00000019
 172    0.0000004  -0.00000462
 173    0.0000000  0.00000003
 174    0.0000000  0.00000003
 175    0.0000000  0.00000004
 176    0.0000000  0.00000005
 177    0.0000268  -0.00007023
 178    0.0000377  -0.00007913
 179    0.0000346  -0.00007713
 180    0.0000380  -0.00007996
 181    0.0000403  -0.00007939
 182    0.0000581  -0.00009058
 183    0.0000135  -0.00005006
 184    0.0000195  -0.00005568
 185    0.0000944  -0.00019033
 186    0.0000951  -0.00018790
 187    0.0000930  -0.00018447
 188    0.0000001  0.00000020
 189    0.0000001  0.00000021
 190    0.0000002  0.00000022
 191    0.0000001  0.00000017
 192    0.0000001  0.00000023
 193    0.0000001  0.00000027
 194    0.0000004  -0.00000471
 195    0.0000000  0.00000002
 196    0.0000000  0.00000002
 197    0.0000000  0.00000004
 198    0.0000000  0.00000005
 199    0.0000217  -0.00005237
 200    0.0000226  -0.00005311
 201    0.0000231  -0.00005677
 202    0.0000240  -0.00005575
 203    0.0000235  -0.00005896
 204    0.0000359  -0.00006532
 205    0.0000090  -0.00003083
 206    0.0000139  -0.00004300
 207    0.0000726  -0.00016454
 208    0.0000727  -0.00016416
 209    0.0000713  -0.00016315
 210    0.0000001  0.00000022
 211    0.0000001  0.00000022
 212    0.0000002  0.00000016
 213    0.0000001  0.00000017
 214    0.0000001  0.00000024
 215    0.0000001  0.00000024
 216    0.0000004  -0.00000699
 217    0.0000000  0.00000002
 218    0.0000000  0.00000003
 219    0.0000000  0.00000004
 220    0.0000000  0.00000004
 221    0.0000070  -0.00001524
 222    0.0000084  -0.00001877
 223    0.0000103  -0.00001779
 224    0.0000083  -0.00001463
 225    0.0000082  -0.00001774
 226    0.0000095  -0.00001720
 227    0.0000038  -0.00001238
 228    0.0000048  -0.00000982
 229    0.0000491  -0.00012725
 230    0.0000496  -0.00012959
 231    0.0000497  -0.00012864
 232    0.0000001  0.00000022
 233    0.0000001  0.00000026
 234    0.0000002  0.00000018
 235    0.0000001  0.00000021
 236    0.0000001  0.00000024
 237    0.0000001  0.00000026
 238    0.0000003  -0.00000884
 239    0.0000000  0.00000002
 240    0.0000000  0.00000002
 241    0.0000000  0.00000004
 242    0.0000000  0.00000004
 243    0.0000054  -0.00001041
 244    0.0000069  -0.00001313
 245    0.0000064  -0.00001358
 246    0.0000070  -0.00001511
 247    0.0000075  -0.00001356
 248    0.0000081  -0.00001636
 249    0.0000028  -0.00000551
 250    0.0000033  -0.00001022
 251    0.0000295  -0.00008400
 252    0.0000299  -0.00008519
 253    0.0000299  -0.00008555
 254    0.0000001  0.00000025
 255    0.0000001  0.00000023
 256    0.0000002  0.00000022
 257    0.0000001  0.00000019
 258    0.0000001  0.00000027
 259    0.0000001  0.00000027
 260    0.0000003  -0.00000627
 261    0.0000000  0.00000002
 262    0.0000000  0.00000002
 263    0.0000000  0.00000003
 264    0.0000000  0.00000004
 265    0.0000051  -0.00001097
 266    0.0000064  -0.00001142
 267    0.0000057  -0.00001110
 268    0.0000063  -0.00000979
 269    0.0000066  -0.00001372
 270    0.0000074  -0.00001477
 271    0.0000016  -0.00000314
 272    0.0000022  -0.00000344
 273    0.0000271  -0.00008377
 274    0.0000269  -0.00008315
 275    0.0000261  -0.00008136
 276    0.0000001  0.00000023
 277    0.0000001  0.00000026
 278    0.0000001  0.00000027
 279    0.0000001  0.00000018
 280    0.0000001  0.00000025
 281    0.0000001  0.00000023
 282    0.0000001  -0.00000007
 283    0.0000000  0.00000001
 284    0.0000000  0.00000001
 285    0.0000000  0.00000002
 286    0.0000000  0.00000004
 
----------------
 Final Energies 
----------------
Final NOF Total Energy =    -959.0231042
 
Total Orbital Internal Iterations = 210
Total Occupation Internal Iterations = 83
 
Elapsed time:  200.94 Seconds

---------------------------------
   Lowdin Population Analysis    
---------------------------------
 Idx  Atom   Population   Charge 
---------------------------------
  1    Cl    17.426      -0.426
  2     C     5.846       0.154
  3     H     1.099      -0.099
  4     H     1.099      -0.099
  5     H     1.099      -0.099
  6    Cl    17.431      -0.431

---------------------------------
   M Diagnostic: 0.02
---------------------------------

