Computing Integrals
Basis Set                                            = def2-qzvp
Auxiliary Basis Set                                  = def2-universal-jkfit
Gaussian Type                                        = Spherical
Elapsed time:   13.40 Seconds

Number of basis functions                   (NBF)    = 525
Number of auxiliary basis functions         (NBFAUX) = 523
Inactive Doubly occupied orbitals up to     (NO1)    = 0
No. considered Strongly Doubly occupied MOs (NDOC)   = 20
No. considered Strongly Singly occupied MOs (NSOC)   = 0
NO. of Weakly occ. per St. Doubly occ.  MOs (NCWO)   = 25
Dimension of the Nat. Orb. subspace         (NBF5)   = 520
No. of electrons                                     = 40
    No. of alpha electrons                           = 20
    No. of beta electrons                            = 20
Multiplicity                                         = 1

Geometry
========
 C      -1.2305794       0.5008610       0.1067649
 C      -1.2131399      -0.8768975       0.0796620
 N       1.0474773      -1.3394378      -0.0969583
 N       1.4193091      -0.1394987       0.3148126
 C       0.9411304       1.0218896      -0.1666075
 H      -1.5568740       1.0598524      -0.7631546
 H      -1.3311087       1.0258797       1.0498055
 H      -1.4642439      -1.4174608      -0.8254654
 H      -1.2416596      -1.4588403       0.9900861
 H       0.8556798      -1.2524569      -1.0954130
 H       1.6985779      -0.1368188       1.2895607
 H       1.2461565       1.9209778       0.3570906
 H       0.8292746       1.0919502      -1.2401835

No violations of the orthonormality
No violations of the orthonormality
 
PNOF5/ADABelief Calculation
==================
 
  Nitext  Nit_orb  Time   Nit_occ  Time         Eelec          Etot           Ediff      maxdiff    MaxGrad_orb  Grad_occ
     1      10    4.3e+01   25    3.8e+01  -406.35472419  -227.29487637 -10405.35472419   0.006633   2.7e-02   1.8e-04 0.17
     2      20    4.9e+01    0    1.7e+00  -406.41895967  -227.35911185    -0.06423548   0.006633   2.7e-02   1.8e-04 0.17
     3      40    8.8e+01   51    2.1e+01  -406.44407563  -227.38422781    -0.02511596   0.160877   6.4e-01   2.8e-04 0.15
     4      40    8.7e+01   26    9.9e+00  -406.55064625  -227.49079842    -0.10657061   0.001883   7.5e-03   2.5e-04 0.14
     5      40    7.7e+01   12    5.5e+00  -406.56862954  -227.50878172    -0.01798330   0.002743   1.1e-02   2.3e-04 0.14
     6      40    8.5e+01   10    4.6e+00  -406.57637318  -227.51652536    -0.00774364   0.002005   8.0e-03   2.5e-04 0.14
     7      40    7.8e+01   10    5.0e+00  -406.58045155  -227.52060373    -0.00407837   0.002569   1.0e-02   2.4e-04 0.14
     8      40    8.3e+01   11    5.0e+00  -406.58274008  -227.52289226    -0.00228853   0.001517   6.1e-03   2.3e-04 0.14
     9      40    9.0e+01   20    8.4e+00  -406.58409838  -227.52425056    -0.00135830   0.000966   3.9e-03   2.3e-04 0.14
 
RESULTS OF THE OCCUPATION OPTIMIZATION
========================================
   1    1.9997530  -15.61808629
   2    1.9997509  -15.55898780
   3    1.9996245  -11.25812801
   4    1.9996328  -11.20999738
   5    1.9996296  -11.20940117
   6    1.9866173  -1.01185079
   7    1.9895591  -0.96751055
   8    1.9804037  -0.85808113
   9    1.9794996  -0.81223491
  10    1.9883991  -0.75517464
  11    1.9789880  -0.72792905
  12    1.9791896  -0.72754321
  13    1.9792512  -0.68877162
  14    1.9786068  -0.68855152
  15    1.9787799  -0.68766208
  16    1.9789860  -0.68550857
  17    1.9932497  -0.64737949
  18    1.9887560  -0.63919742
  19    1.9646895  -0.48134635
  20    1.8585860  -0.32904008
  21    0.1411532  -0.04237740
  22    0.0336506  -0.01654653
  23    0.0081567  -0.00787536
  24    0.0054950  -0.00521194
  25    0.0133867  -0.01114140
  26    0.0135438  -0.01118230
  27    0.0136224  -0.01124461
  28    0.0135323  -0.01120536
  29    0.0132526  -0.01137441
  30    0.0133685  -0.01140993
  31    0.0078000  -0.00798782
  32    0.0152381  -0.01439397
  33    0.0147063  -0.01442330
  34    0.0078221  -0.00953426
  35    0.0111833  -0.01330144
  36    0.0003704  -0.00755918
  37    0.0003672  -0.00752514
  38    0.0003755  -0.00763620
  39    0.0002491  -0.00717033
  40    0.0002469  -0.00715214
  41    0.0001675  -0.00019766
  42    0.0006102  -0.00059874
  43    0.0009349  -0.00144826
  44    0.0004271  -0.00068912
  45    0.0031817  -0.00361874
  46    0.0031764  -0.00360678
  47    0.0032762  -0.00368490
  48    0.0027387  -0.00317760
  49    0.0029835  -0.00353029
  50    0.0032707  -0.00375152
  51    0.0018949  -0.00255907
  52    0.0021831  -0.00309825
  53    0.0020287  -0.00298363
  54    0.0011114  -0.00206748
  55    0.0010466  -0.00202441
  56    0.0000000  -0.00000565
  57    0.0000000  -0.00000595
  58    0.0000000  -0.00000718
  59    0.0000000  -0.00000433
  60    0.0000000  -0.00000475
  61    0.0000342  -0.00005968
  62    0.0004764  -0.00052220
  63    0.0007156  -0.00120399
  64    0.0004199  -0.00067683
  65    0.0019183  -0.00231467
  66    0.0019956  -0.00238301
  67    0.0019592  -0.00232802
  68    0.0020010  -0.00241832
  69    0.0019443  -0.00240155
  70    0.0020258  -0.00245968
  71    0.0008061  -0.00129707
  72    0.0012522  -0.00187352
  73    0.0012603  -0.00194839
  74    0.0006314  -0.00125654
  75    0.0005783  -0.00124311
  76    0.0000000  -0.00000086
  77    0.0000000  -0.00000141
  78    0.0000000  -0.00000082
  79    0.0000000  -0.00000029
  80    0.0000000  -0.00000005
  81    0.0000253  -0.00003593
  82    0.0004077  -0.00048738
  83    0.0006876  -0.00113350
  84    0.0002149  -0.00042330
  85    0.0018242  -0.00222085
  86    0.0016790  -0.00188044
  87    0.0018249  -0.00221832
  88    0.0016118  -0.00190520
  89    0.0018493  -0.00224308
  90    0.0015526  -0.00199215
  91    0.0007935  -0.00129349
  92    0.0012352  -0.00174673
  93    0.0010922  -0.00175897
  94    0.0006063  -0.00124495
  95    0.0003587  -0.00086812
  96    0.0000000  -0.00000012
  97    0.0000000  -0.00000023
  98    0.0000000  -0.00000030
  99    0.0000000  -0.00000003
 100    0.0000000  -0.00000002
 101    0.0000068  -0.00001276
 102    0.0000642  -0.00010969
 103    0.0002006  -0.00038966
 104    0.0000456  -0.00011461
 105    0.0001045  -0.00020251
 106    0.0001915  -0.00033450
 107    0.0001105  -0.00020668
 108    0.0002274  -0.00037437
 109    0.0001266  -0.00024072
 110    0.0001325  -0.00023507
 111    0.0000638  -0.00014980
 112    0.0001146  -0.00025766
 113    0.0001063  -0.00024432
 114    0.0000589  -0.00016603
 115    0.0000587  -0.00018760
 116    0.0000000  -0.00000015
 117    0.0000000  -0.00000036
 118    0.0000000  -0.00000025
 119    0.0000000  -0.00000002
 120    0.0000000  -0.00000004
 121    0.0000051  -0.00000728
 122    0.0000329  -0.00006597
 123    0.0001935  -0.00037633
 124    0.0000332  -0.00009072
 125    0.0001028  -0.00020142
 126    0.0001136  -0.00020902
 127    0.0001038  -0.00019816
 128    0.0001154  -0.00020447
 129    0.0001222  -0.00022169
 130    0.0001198  -0.00022041
 131    0.0000564  -0.00013584
 132    0.0001111  -0.00026595
 133    0.0000830  -0.00019840
 134    0.0000522  -0.00016097
 135    0.0000433  -0.00015070
 136    0.0000000  -0.00000027
 137    0.0000000  -0.00000003
 138    0.0000000  -0.00000013
 139    0.0000000  -0.00000001
 140    0.0000000  -0.00000004
 141    0.0000043  -0.00000560
 142    0.0000179  -0.00004280
 143    0.0000896  -0.00018860
 144    0.0000288  -0.00008239
 145    0.0001022  -0.00019566
 146    0.0001037  -0.00019230
 147    0.0000981  -0.00018728
 148    0.0001037  -0.00019350
 149    0.0001138  -0.00021481
 150    0.0001139  -0.00020900
 151    0.0000515  -0.00014953
 152    0.0000744  -0.00017928
 153    0.0000673  -0.00018125
 154    0.0000483  -0.00015663
 155    0.0000349  -0.00013242
 156    0.0000000  -0.00000007
 157    0.0000000  -0.00000001
 158    0.0000000  -0.00000004
 159    0.0000000  -0.00000001
 160    0.0000000  -0.00000001
 161    0.0000042  -0.00000383
 162    0.0000120  -0.00002798
 163    0.0000783  -0.00018363
 164    0.0000270  -0.00007873
 165    0.0001000  -0.00019177
 166    0.0001021  -0.00019078
 167    0.0000932  -0.00018708
 168    0.0001013  -0.00018422
 169    0.0001078  -0.00020648
 170    0.0001071  -0.00021353
 171    0.0000358  -0.00010853
 172    0.0000718  -0.00018101
 173    0.0000596  -0.00016322
 174    0.0000242  -0.00009948
 175    0.0000188  -0.00008083
 176    0.0000000  -0.00000008
 177    0.0000000  -0.00000000
 178    0.0000000  -0.00000005
 179    0.0000000  -0.00000001
 180    0.0000000  -0.00000001
 181    0.0000029  -0.00000463
 182    0.0000083  -0.00002186
 183    0.0000652  -0.00017602
 184    0.0000208  -0.00007010
 185    0.0000740  -0.00016240
 186    0.0000922  -0.00017648
 187    0.0000906  -0.00017457
 188    0.0000977  -0.00018473
 189    0.0000882  -0.00018849
 190    0.0000977  -0.00019031
 191    0.0000217  -0.00008034
 192    0.0000692  -0.00016019
 193    0.0000555  -0.00013989
 194    0.0000217  -0.00008977
 195    0.0000171  -0.00008040
 196    0.0000000  -0.00000001
 197    0.0000000  -0.00000006
 198    0.0000000  -0.00000001
 199    0.0000000  -0.00000002
 200    0.0000000  -0.00000000
 201    0.0000015  -0.00000241
 202    0.0000055  -0.00001454
 203    0.0000304  -0.00008438
 204    0.0000126  -0.00004056
 205    0.0000558  -0.00013436
 206    0.0000626  -0.00015282
 207    0.0000579  -0.00014642
 208    0.0000662  -0.00016543
 209    0.0000648  -0.00015717
 210    0.0000646  -0.00015802
 211    0.0000176  -0.00006391
 212    0.0000404  -0.00012365
 213    0.0000339  -0.00010723
 214    0.0000135  -0.00005466
 215    0.0000105  -0.00005598
 216    0.0000000  -0.00000004
 217    0.0000000  -0.00000002
 218    0.0000000  -0.00000002
 219    0.0000000  -0.00000002
 220    0.0000000  -0.00000000
 221    0.0000014  -0.00000302
 222    0.0000046  -0.00001139
 223    0.0000155  -0.00004780
 224    0.0000044  -0.00001209
 225    0.0000374  -0.00009820
 226    0.0000333  -0.00009196
 227    0.0000347  -0.00009387
 228    0.0000293  -0.00007762
 229    0.0000340  -0.00009530
 230    0.0000344  -0.00009826
 231    0.0000137  -0.00003740
 232    0.0000226  -0.00007878
 233    0.0000208  -0.00006264
 234    0.0000094  -0.00003839
 235    0.0000054  -0.00002626
 236    0.0000000  -0.00000008
 237    0.0000000  -0.00000001
 238    0.0000000  -0.00000000
 239    0.0000000  -0.00000001
 240    0.0000000  -0.00000001
 241    0.0000012  -0.00000303
 242    0.0000031  -0.00000680
 243    0.0000129  -0.00004285
 244    0.0000035  -0.00001272
 245    0.0000324  -0.00008902
 246    0.0000298  -0.00008211
 247    0.0000262  -0.00007464
 248    0.0000286  -0.00008040
 249    0.0000280  -0.00007950
 250    0.0000278  -0.00007990
 251    0.0000078  -0.00002643
 252    0.0000173  -0.00005542
 253    0.0000158  -0.00005124
 254    0.0000084  -0.00003041
 255    0.0000047  -0.00002222
 256    0.0000000  -0.00000002
 257    0.0000000  -0.00000004
 258    0.0000000  -0.00000001
 259    0.0000000  -0.00000000
 260    0.0000000  -0.00000001
 261    0.0000012  -0.00000117
 262    0.0000030  -0.00000928
 263    0.0000110  -0.00004115
 264    0.0000033  -0.00001106
 265    0.0000227  -0.00007072
 266    0.0000206  -0.00005348
 267    0.0000210  -0.00006471
 268    0.0000207  -0.00006270
 269    0.0000194  -0.00006360
 270    0.0000222  -0.00006820
 271    0.0000077  -0.00002247
 272    0.0000157  -0.00005679
 273    0.0000121  -0.00004872
 274    0.0000061  -0.00002358
 275    0.0000035  -0.00001826
 276    0.0000000  -0.00000003
 277    0.0000000  -0.00000003
 278    0.0000000  -0.00000001
 279    0.0000000  -0.00000001
 280    0.0000000  -0.00000001
 281    0.0000008  -0.00000091
 282    0.0000025  -0.00000731
 283    0.0000107  -0.00004008
 284    0.0000026  -0.00000843
 285    0.0000115  -0.00003165
 286    0.0000173  -0.00004014
 287    0.0000136  -0.00003610
 288    0.0000125  -0.00003558
 289    0.0000116  -0.00003690
 290    0.0000116  -0.00003221
 291    0.0000056  -0.00001970
 292    0.0000100  -0.00003175
 293    0.0000094  -0.00003311
 294    0.0000056  -0.00002376
 295    0.0000033  -0.00001708
 296    0.0000000  -0.00000002
 297    0.0000000  -0.00000002
 298    0.0000000  -0.00000001
 299    0.0000000  -0.00000001
 300    0.0000000  -0.00000001
 301    0.0000007  -0.00000075
 302    0.0000022  -0.00000444
 303    0.0000082  -0.00002708
 304    0.0000025  -0.00000860
 305    0.0000104  -0.00002888
 306    0.0000091  -0.00002741
 307    0.0000098  -0.00002566
 308    0.0000103  -0.00002901
 309    0.0000113  -0.00003216
 310    0.0000104  -0.00003048
 311    0.0000056  -0.00002147
 312    0.0000084  -0.00003127
 313    0.0000087  -0.00003417
 314    0.0000049  -0.00002092
 315    0.0000026  -0.00001044
 316    0.0000000  -0.00000002
 317    0.0000000  -0.00000001
 318    0.0000000  -0.00000001
 319    0.0000000  -0.00000000
 320    0.0000000  -0.00000001
 321    0.0000006  -0.00000108
 322    0.0000017  -0.00000390
 323    0.0000066  -0.00002662
 324    0.0000015  -0.00000290
 325    0.0000100  -0.00002645
 326    0.0000079  -0.00002468
 327    0.0000082  -0.00002412
 328    0.0000092  -0.00002757
 329    0.0000092  -0.00002847
 330    0.0000094  -0.00003075
 331    0.0000038  -0.00000980
 332    0.0000062  -0.00002291
 333    0.0000079  -0.00002744
 334    0.0000028  -0.00000662
 335    0.0000021  -0.00001173
 336    0.0000000  -0.00000001
 337    0.0000000  -0.00000001
 338    0.0000000  -0.00000000
 339    0.0000000  -0.00000001
 340    0.0000000  -0.00000001
 341    0.0000006  -0.00000096
 342    0.0000017  -0.00000319
 343    0.0000048  -0.00001920
 344    0.0000015  -0.00000326
 345    0.0000087  -0.00002531
 346    0.0000073  -0.00002558
 347    0.0000079  -0.00002537
 348    0.0000079  -0.00002659
 349    0.0000087  -0.00002682
 350    0.0000080  -0.00002645
 351    0.0000029  -0.00001210
 352    0.0000060  -0.00002449
 353    0.0000049  -0.00001876
 354    0.0000025  -0.00001217
 355    0.0000018  -0.00000245
 356    0.0000000  -0.00000000
 357    0.0000000  -0.00000001
 358    0.0000000  -0.00000001
 359    0.0000000  -0.00000001
 360    0.0000000  -0.00000000
 361    0.0000004  -0.00000030
 362    0.0000011  -0.00000190
 363    0.0000042  -0.00001725
 364    0.0000014  -0.00000332
 365    0.0000058  -0.00001971
 366    0.0000064  -0.00002406
 367    0.0000074  -0.00002325
 368    0.0000067  -0.00002034
 369    0.0000070  -0.00002139
 370    0.0000065  -0.00002244
 371    0.0000022  -0.00000688
 372    0.0000044  -0.00001856
 373    0.0000049  -0.00001949
 374    0.0000020  -0.00000450
 375    0.0000018  -0.00000160
 376    0.0000000  -0.00000001
 377    0.0000000  -0.00000004
 378    0.0000000  -0.00000000
 379    0.0000000  -0.00000000
 380    0.0000000  -0.00000000
 381    0.0000004  -0.00000008
 382    0.0000009  -0.00000185
 383    0.0000040  -0.00001722
 384    0.0000010  -0.00000124
 385    0.0000046  -0.00001423
 386    0.0000060  -0.00002032
 387    0.0000058  -0.00001606
 388    0.0000064  -0.00001873
 389    0.0000053  -0.00001586
 390    0.0000055  -0.00001384
 391    0.0000020  -0.00000459
 392    0.0000042  -0.00001510
 393    0.0000046  -0.00001771
 394    0.0000017  -0.00000397
 395    0.0000014  -0.00000179
 396    0.0000000  -0.00000001
 397    0.0000000  -0.00000000
 398    0.0000000  -0.00000000
 399    0.0000000  -0.00000000
 400    0.0000000  -0.00000000
 401    0.0000003  -0.00000032
 402    0.0000008  -0.00000158
 403    0.0000032  -0.00000972
 404    0.0000008  -0.00000071
 405    0.0000043  -0.00001259
 406    0.0000045  -0.00001146
 407    0.0000049  -0.00001077
 408    0.0000049  -0.00001368
 409    0.0000045  -0.00001216
 410    0.0000046  -0.00001263
 411    0.0000016  -0.00000172
 412    0.0000034  -0.00000963
 413    0.0000033  -0.00000985
 414    0.0000015  -0.00000136
 415    0.0000012  -0.00000173
 416    0.0000000  -0.00000000
 417    0.0000000  -0.00000000
 418    0.0000000  -0.00000001
 419    0.0000000  -0.00000001
 420    0.0000000  -0.00000000
 421    0.0000003  -0.00000010
 422    0.0000008  -0.00000184
 423    0.0000029  -0.00000787
 424    0.0000007  -0.00000101
 425    0.0000038  -0.00001057
 426    0.0000040  -0.00001079
 427    0.0000040  -0.00001169
 428    0.0000046  -0.00001513
 429    0.0000042  -0.00001100
 430    0.0000046  -0.00001112
 431    0.0000014  -0.00000188
 432    0.0000032  -0.00000886
 433    0.0000026  -0.00000854
 434    0.0000013  -0.00000291
 435    0.0000011  -0.00000237
 436    0.0000000  -0.00000001
 437    0.0000000  -0.00000001
 438    0.0000000  -0.00000001
 439    0.0000000  0.00000000
 440    0.0000000  -0.00000000
 441    0.0000003  -0.00000033
 442    0.0000007  -0.00000091
 443    0.0000021  -0.00000517
 444    0.0000007  -0.00000073
 445    0.0000034  -0.00001034
 446    0.0000039  -0.00001056
 447    0.0000038  -0.00001111
 448    0.0000036  -0.00000920
 449    0.0000040  -0.00001185
 450    0.0000038  -0.00001113
 451    0.0000014  -0.00000176
 452    0.0000028  -0.00000794
 453    0.0000023  -0.00000634
 454    0.0000013  -0.00000351
 455    0.0000011  -0.00000185
 456    0.0000000  -0.00000000
 457    0.0000000  -0.00000000
 458    0.0000000  -0.00000000
 459    0.0000000  -0.00000000
 460    0.0000000  -0.00000001
 461    0.0000003  -0.00000015
 462    0.0000007  -0.00000109
 463    0.0000020  -0.00000516
 464    0.0000007  -0.00000008
 465    0.0000033  -0.00000945
 466    0.0000037  -0.00001028
 467    0.0000033  -0.00001048
 468    0.0000031  -0.00000921
 469    0.0000034  -0.00000878
 470    0.0000035  -0.00001103
 471    0.0000014  -0.00000179
 472    0.0000022  -0.00000477
 473    0.0000023  -0.00000618
 474    0.0000013  -0.00000233
 475    0.0000009  -0.00000035
 476    0.0000000  -0.00000000
 477    0.0000000  -0.00000000
 478    0.0000000  -0.00000001
 479    0.0000000  -0.00000000
 480    0.0000000  -0.00000000
 481    0.0000002  -0.00000014
 482    0.0000006  -0.00000119
 483    0.0000018  -0.00000340
 484    0.0000006  -0.00000049
 485    0.0000030  -0.00000905
 486    0.0000030  -0.00000799
 487    0.0000030  -0.00000907
 488    0.0000027  -0.00000625
 489    0.0000033  -0.00000933
 490    0.0000033  -0.00000930
 491    0.0000014  -0.00000195
 492    0.0000020  -0.00000721
 493    0.0000022  -0.00000562
 494    0.0000011  -0.00000164
 495    0.0000009  -0.00000134
 496    0.0000000  -0.00000001
 497    0.0000000  -0.00000001
 498    0.0000000  -0.00000001
 499    0.0000000  -0.00000000
 500    0.0000000  -0.00000000
 501    0.0000002  -0.00000022
 502    0.0000005  -0.00000031
 503    0.0000017  -0.00000395
 504    0.0000005  -0.00000132
 505    0.0000026  -0.00000746
 506    0.0000027  -0.00000680
 507    0.0000029  -0.00000712
 508    0.0000027  -0.00000762
 509    0.0000033  -0.00000917
 510    0.0000033  -0.00000857
 511    0.0000011  -0.00000174
 512    0.0000019  -0.00000493
 513    0.0000017  -0.00000473
 514    0.0000009  -0.00000136
 515    0.0000007  -0.00000043
 516    0.0000000  -0.00000000
 517    0.0000000  -0.00000000
 518    0.0000000  -0.00000000
 519    0.0000000  -0.00000000
 520    0.0000000  -0.00000000
 
----------------
 Final Energies 
----------------
Final NOF Total Energy =    -227.5242506
 
Total Orbital Internal Iterations = 310
Total Occupation Internal Iterations = 165
 
Elapsed time:  849.36 Seconds

---------------------------------
   Lowdin Population Analysis    
---------------------------------
 Idx  Atom   Population   Charge 
---------------------------------
  1     C     5.872       0.128
  2     C     5.847       0.153
  3     N     6.745       0.255
  4     N     6.689       0.311
  5     C     5.901       0.099
  6     H     1.089      -0.089
  7     H     1.090      -0.090
  8     H     1.094      -0.094
  9     H     1.095      -0.095
 10     H     1.243      -0.243
 11     H     1.135      -0.135
 12     H     1.103      -0.103
 13     H     1.097      -0.097

---------------------------------
   M Diagnostic: 0.14
---------------------------------

