Computing Integrals
Basis Set                                            = def2-qzvp
Auxiliary Basis Set                                  = def2-universal-jkfit
Gaussian Type                                        = Spherical
Elapsed time:    9.88 Seconds

Number of basis functions                   (NBF)    = 465
Number of auxiliary basis functions         (NBFAUX) = 487
Inactive Doubly occupied orbitals up to     (NO1)    = 0
No. considered Strongly Doubly occupied MOs (NDOC)   = 19
No. considered Strongly Singly occupied MOs (NSOC)   = 0
NO. of Weakly occ. per St. Doubly occ.  MOs (NCWO)   = 23
Dimension of the Nat. Orb. subspace         (NBF5)   = 456
No. of electrons                                     = 38
    No. of alpha electrons                           = 19
    No. of beta electrons                            = 19
Multiplicity                                         = 1

Geometry
========
 C       0.0000000       1.1955475       0.1591536
 C       0.0000000       0.0000000      -0.8095231
 C       0.0000000      -1.1955475       0.1591536
 N       0.0000000      -0.6147607       1.5357795
 N       0.0000000       0.6147607       1.5357795
 H      -0.8790141       1.8382622       0.0805604
 H       0.8790141       1.8382622       0.0805604
 H      -0.8801214       0.0000000      -1.4512923
 H       0.8801214       0.0000000      -1.4512923
 H       0.8790141      -1.8382622       0.0805604
 H      -0.8790141      -1.8382622       0.0805604

No violations of the orthonormality
No violations of the orthonormality
 
PNOF5/ADABelief Calculation
==================
 
  Nitext  Nit_orb  Time   Nit_occ  Time         Eelec          Etot           Ediff      maxdiff    MaxGrad_orb  Grad_occ
     1      10    4.1e+01   22    3.4e+01  -400.47996956  -226.28686005 -10399.47996956   0.003029   1.2e-02   3.3e-04 0.10
     2      20    3.5e+01   41    1.7e+01  -400.51903311  -226.32592360    -0.03906355   0.298347   1.2e+00   2.6e-04 0.10
     3      20    3.4e+01   70    2.3e+01  -400.63723224  -226.44412273    -0.11819913   0.008924   3.6e-02   3.3e-04 0.09
     4      20    3.2e+01   54    1.8e+01  -400.65187004  -226.45876053    -0.01463780   0.092883   3.7e-01   2.2e-04 0.09
     5      20    2.9e+01   27    9.8e+00  -400.65503415  -226.46192464    -0.00316411   0.021555   8.6e-02   2.7e-04 0.09
     6      20    3.0e+01   20    7.4e+00  -400.66227060  -226.46916110    -0.00723645   0.023586   9.4e-02   2.4e-04 0.09
     7      20    3.2e+01    7    3.4e+00  -400.66563791  -226.47252841    -0.00336731   0.021141   8.5e-02   2.3e-04 0.09
     8      20    3.2e+01    7    3.4e+00  -400.66648844  -226.47337894    -0.00085053   0.038899   1.6e-01   2.6e-04 0.09
     9      20    3.1e+01    4    2.5e+00  -400.66888641  -226.47577691    -0.00239797   0.017187   6.9e-02   1.9e-04 0.09
    10      20    3.2e+01    4    2.4e+00  -400.66927075  -226.47616125    -0.00038434   0.020852   8.3e-02   1.7e-04 0.09
    11      20    3.1e+01    4    2.3e+00  -400.67000215  -226.47689265    -0.00073140   0.018860   7.5e-02   1.6e-04 0.09
    12      20    3.3e+01    3    2.2e+00  -400.67005658  -226.47694708    -0.00005443   0.017393   7.0e-02   2.1e-04 0.09
    13      20    3.0e+01    0    1.2e+00  -400.67006996  -226.47696045    -0.00001338   0.017393   7.0e-02   2.1e-04 0.09
    14      40    6.2e+01    0    1.2e+00  -400.67575851  -226.48264901    -0.00568855   0.002814   1.1e-02   2.5e-04 0.09
    15      50    7.9e+01    0    1.2e+00  -400.67575851  -226.48264901     0.00000000   0.002814   1.1e-02   2.5e-04 0.09
    16      54    8.1e+01    2    1.9e+00  -400.67580789  -226.48269839    -0.00004938   0.000487   1.9e-03   1.9e-04 0.09
 
RESULTS OF THE OCCUPATION OPTIMIZATION
========================================
   1    1.9997394  -15.58967948
   2    1.9997407  -15.58951435
   3    1.9994385  -11.25912448
   4    1.9994384  -11.25910108
   5    1.9994432  -11.23651657
   6    1.9898261  -1.12669828
   7    1.9821611  -0.83706917
   8    1.9821450  -0.83702062
   9    1.9844854  -0.74506308
  10    1.9844917  -0.74484791
  11    1.9782300  -0.70410495
  12    1.9782468  -0.70406235
  13    1.9782279  -0.70405090
  14    1.9782371  -0.70402559
  15    1.9781666  -0.69572532
  16    1.9781612  -0.69569115
  17    1.9884214  -0.64531698
  18    1.9884471  -0.64516687
  19    1.9079639  -0.52621710
  20    0.0916785  -0.04151866
  21    0.0080342  -0.00792711
  22    0.0080505  -0.00792727
  23    0.0142062  -0.01170164
  24    0.0141372  -0.01166899
  25    0.0142280  -0.01181449
  26    0.0142449  -0.01182173
  27    0.0142253  -0.01181475
  28    0.0142102  -0.01180523
  29    0.0121248  -0.01100285
  30    0.0121050  -0.01098847
  31    0.0151043  -0.01464322
  32    0.0150592  -0.01462171
  33    0.0076865  -0.01086560
  34    0.0003808  -0.00757429
  35    0.0003841  -0.00761388
  36    0.0003836  -0.00761103
  37    0.0002559  -0.00716453
  38    0.0002567  -0.00717087
  39    0.0001521  -0.00022336
  40    0.0010530  -0.00161382
  41    0.0010516  -0.00161046
  42    0.0034119  -0.00381061
  43    0.0034717  -0.00383834
  44    0.0031861  -0.00362404
  45    0.0031705  -0.00361645
  46    0.0031656  -0.00361444
  47    0.0031823  -0.00362140
  48    0.0015198  -0.00213723
  49    0.0015345  -0.00214414
  50    0.0012236  -0.00199536
  51    0.0012394  -0.00200888
  52    0.0011631  -0.00243575
  53    0.0000573  -0.00084834
  54    0.0000597  -0.00087580
  55    0.0000591  -0.00087153
  56    0.0000031  -0.00021446
  57    0.0000034  -0.00021899
  58    0.0001071  -0.00012414
  59    0.0009721  -0.00147714
  60    0.0009454  -0.00146166
  61    0.0018181  -0.00219771
  62    0.0018125  -0.00219591
  63    0.0018926  -0.00230466
  64    0.0019105  -0.00231556
  65    0.0019075  -0.00231476
  66    0.0019092  -0.00231563
  67    0.0008004  -0.00126172
  68    0.0008172  -0.00127454
  69    0.0007228  -0.00126416
  70    0.0007300  -0.00126797
  71    0.0007136  -0.00152838
  72    0.0000567  -0.00084774
  73    0.0000558  -0.00082598
  74    0.0000554  -0.00082316
  75    0.0000000  -0.00000484
  76    0.0000001  -0.00002109
  77    0.0000614  -0.00006134
  78    0.0007694  -0.00126381
  79    0.0007896  -0.00127910
  80    0.0017679  -0.00217050
  81    0.0017707  -0.00217348
  82    0.0018187  -0.00221943
  83    0.0018106  -0.00221289
  84    0.0018140  -0.00221413
  85    0.0018249  -0.00221885
  86    0.0007711  -0.00121719
  87    0.0007611  -0.00120714
  88    0.0005684  -0.00106505
  89    0.0005674  -0.00106454
  90    0.0004106  -0.00105797
  91    0.0000498  -0.00073130
  92    0.0000526  -0.00077158
  93    0.0000533  -0.00077575
  94    0.0000000  -0.00000151
  95    0.0000000  -0.00000368
  96    0.0000194  -0.00003699
  97    0.0001807  -0.00035750
  98    0.0001849  -0.00036065
  99    0.0001021  -0.00019724
 100    0.0001131  -0.00020303
 101    0.0001099  -0.00020570
 102    0.0001094  -0.00020537
 103    0.0001060  -0.00020327
 104    0.0001134  -0.00020722
 105    0.0000832  -0.00017775
 106    0.0000833  -0.00017795
 107    0.0000493  -0.00013361
 108    0.0000502  -0.00013446
 109    0.0000436  -0.00014478
 110    0.0000053  -0.00028135
 111    0.0000057  -0.00028598
 112    0.0000056  -0.00028387
 113    0.0000000  -0.00000032
 114    0.0000000  -0.00000321
 115    0.0000085  -0.00002588
 116    0.0001785  -0.00035653
 117    0.0001701  -0.00035247
 118    0.0001014  -0.00019307
 119    0.0001025  -0.00019304
 120    0.0000964  -0.00019216
 121    0.0001013  -0.00019432
 122    0.0001012  -0.00019407
 123    0.0001001  -0.00019382
 124    0.0000659  -0.00016094
 125    0.0000678  -0.00016226
 126    0.0000436  -0.00012917
 127    0.0000499  -0.00013386
 128    0.0000346  -0.00013387
 129    0.0000009  -0.00000301
 130    0.0000003  -0.00001338
 131    0.0000004  -0.00000380
 132    0.0000000  0.00000002
 133    0.0000000  0.00000006
 134    0.0000019  -0.00000756
 135    0.0001132  -0.00024255
 136    0.0001204  -0.00025016
 137    0.0000876  -0.00016866
 138    0.0000923  -0.00017185
 139    0.0000905  -0.00017137
 140    0.0000854  -0.00016809
 141    0.0000886  -0.00016944
 142    0.0000935  -0.00017084
 143    0.0000329  -0.00010286
 144    0.0000349  -0.00010456
 145    0.0000396  -0.00012741
 146    0.0000404  -0.00013529
 147    0.0000339  -0.00014114
 148    0.0000006  -0.00000259
 149    0.0000003  -0.00000280
 150    0.0000003  -0.00000982
 151    0.0000000  0.00000001
 152    0.0000000  -0.00000038
 153    0.0000016  -0.00000663
 154    0.0000826  -0.00019142
 155    0.0000803  -0.00019082
 156    0.0000857  -0.00016605
 157    0.0000861  -0.00016626
 158    0.0000849  -0.00016603
 159    0.0000811  -0.00016461
 160    0.0000853  -0.00016784
 161    0.0000831  -0.00016619
 162    0.0000325  -0.00009788
 163    0.0000311  -0.00009680
 164    0.0000342  -0.00010857
 165    0.0000264  -0.00009743
 166    0.0000293  -0.00011666
 167    0.0000006  -0.00000246
 168    0.0000002  -0.00000148
 169    0.0000003  -0.00000157
 170    0.0000000  0.00000005
 171    0.0000000  0.00000008
 172    0.0000009  -0.00000427
 173    0.0000564  -0.00017101
 174    0.0000725  -0.00017949
 175    0.0000840  -0.00016489
 176    0.0000728  -0.00015885
 177    0.0000792  -0.00016441
 178    0.0000804  -0.00016533
 179    0.0000838  -0.00016696
 180    0.0000809  -0.00016593
 181    0.0000221  -0.00004594
 182    0.0000288  -0.00004906
 183    0.0000229  -0.00008618
 184    0.0000222  -0.00008522
 185    0.0000171  -0.00008671
 186    0.0000004  -0.00000191
 187    0.0000002  -0.00000151
 188    0.0000003  -0.00000554
 189    0.0000000  0.00000005
 190    0.0000000  0.00000007
 191    0.0000009  -0.00000143
 192    0.0000277  -0.00008448
 193    0.0000323  -0.00008743
 194    0.0000442  -0.00013113
 195    0.0000548  -0.00013842
 196    0.0000501  -0.00013421
 197    0.0000472  -0.00013222
 198    0.0000495  -0.00013392
 199    0.0000489  -0.00013339
 200    0.0000149  -0.00003936
 201    0.0000122  -0.00003844
 202    0.0000161  -0.00005607
 203    0.0000169  -0.00005661
 204    0.0000127  -0.00006961
 205    0.0000004  -0.00000151
 206    0.0000002  -0.00000101
 207    0.0000003  -0.00000147
 208    0.0000000  0.00000006
 209    0.0000000  0.00000008
 210    0.0000009  -0.00000127
 211    0.0000172  -0.00004806
 212    0.0000128  -0.00004448
 213    0.0000356  -0.00008225
 214    0.0000305  -0.00007941
 215    0.0000303  -0.00007949
 216    0.0000353  -0.00008243
 217    0.0000285  -0.00007831
 218    0.0000284  -0.00007808
 219    0.0000093  -0.00002858
 220    0.0000094  -0.00002828
 221    0.0000075  -0.00002782
 222    0.0000105  -0.00003109
 223    0.0000083  -0.00003196
 224    0.0000004  -0.00000206
 225    0.0000002  -0.00000103
 226    0.0000003  0.00000036
 227    0.0000000  0.00000006
 228    0.0000000  0.00000007
 229    0.0000005  -0.00000111
 230    0.0000116  -0.00003959
 231    0.0000125  -0.00004145
 232    0.0000243  -0.00006860
 233    0.0000206  -0.00006606
 234    0.0000234  -0.00006946
 235    0.0000258  -0.00007169
 236    0.0000224  -0.00006890
 237    0.0000223  -0.00006930
 238    0.0000082  -0.00002717
 239    0.0000078  -0.00002630
 240    0.0000075  -0.00002603
 241    0.0000074  -0.00002578
 242    0.0000054  -0.00002671
 243    0.0000004  -0.00000054
 244    0.0000002  0.00000045
 245    0.0000003  -0.00000111
 246    0.0000000  0.00000005
 247    0.0000000  0.00000007
 248    0.0000004  -0.00000049
 249    0.0000096  -0.00003930
 250    0.0000113  -0.00003829
 251    0.0000205  -0.00006563
 252    0.0000161  -0.00006204
 253    0.0000209  -0.00006691
 254    0.0000182  -0.00006401
 255    0.0000221  -0.00006789
 256    0.0000199  -0.00006574
 257    0.0000074  -0.00002462
 258    0.0000057  -0.00002225
 259    0.0000032  -0.00001571
 260    0.0000053  -0.00001933
 261    0.0000042  -0.00001808
 262    0.0000003  -0.00000884
 263    0.0000002  0.00000050
 264    0.0000003  0.00000044
 265    0.0000000  0.00000002
 266    0.0000000  0.00000007
 267    0.0000003  -0.00000030
 268    0.0000092  -0.00003640
 269    0.0000099  -0.00003717
 270    0.0000095  -0.00002711
 271    0.0000096  -0.00002683
 272    0.0000099  -0.00002781
 273    0.0000116  -0.00002803
 274    0.0000099  -0.00002749
 275    0.0000095  -0.00002750
 276    0.0000050  -0.00001665
 277    0.0000043  -0.00001619
 278    0.0000027  -0.00001227
 279    0.0000035  -0.00001303
 280    0.0000032  -0.00001636
 281    0.0000003  0.00000024
 282    0.0000002  0.00000042
 283    0.0000002  0.00000045
 284    0.0000000  0.00000005
 285    0.0000000  0.00000008
 286    0.0000003  -0.00000044
 287    0.0000084  -0.00003129
 288    0.0000082  -0.00003149
 289    0.0000076  -0.00002512
 290    0.0000087  -0.00002606
 291    0.0000087  -0.00002684
 292    0.0000071  -0.00002584
 293    0.0000087  -0.00002651
 294    0.0000074  -0.00002382
 295    0.0000029  -0.00001371
 296    0.0000031  -0.00001406
 297    0.0000018  -0.00001103
 298    0.0000027  -0.00001289
 299    0.0000029  -0.00001425
 300    0.0000003  -0.00000202
 301    0.0000002  0.00000049
 302    0.0000002  0.00000046
 303    0.0000000  0.00000005
 304    0.0000000  0.00000007
 305    0.0000003  -0.00000022
 306    0.0000071  -0.00002173
 307    0.0000065  -0.00002127
 308    0.0000063  -0.00002090
 309    0.0000075  -0.00002176
 310    0.0000072  -0.00002285
 311    0.0000067  -0.00002223
 312    0.0000076  -0.00002234
 313    0.0000072  -0.00002439
 314    0.0000023  -0.00000719
 315    0.0000026  -0.00000772
 316    0.0000016  -0.00000574
 317    0.0000017  -0.00000612
 318    0.0000011  -0.00000352
 319    0.0000003  0.00000040
 320    0.0000002  0.00000043
 321    0.0000002  0.00000047
 322    0.0000000  0.00000005
 323    0.0000000  0.00000007
 324    0.0000003  -0.00000007
 325    0.0000057  -0.00002271
 326    0.0000060  -0.00002360
 327    0.0000061  -0.00002094
 328    0.0000069  -0.00002170
 329    0.0000068  -0.00002222
 330    0.0000064  -0.00002216
 331    0.0000055  -0.00002062
 332    0.0000066  -0.00002218
 333    0.0000016  -0.00000315
 334    0.0000014  -0.00000304
 335    0.0000015  -0.00000498
 336    0.0000013  -0.00000417
 337    0.0000008  -0.00000238
 338    0.0000003  0.00000046
 339    0.0000002  0.00000050
 340    0.0000002  0.00000048
 341    0.0000000  0.00000005
 342    0.0000000  0.00000007
 343    0.0000002  0.00000014
 344    0.0000047  -0.00001506
 345    0.0000041  -0.00001629
 346    0.0000052  -0.00001575
 347    0.0000052  -0.00001592
 348    0.0000052  -0.00001565
 349    0.0000058  -0.00001590
 350    0.0000051  -0.00001721
 351    0.0000057  -0.00001608
 352    0.0000012  -0.00000256
 353    0.0000011  -0.00000223
 354    0.0000011  -0.00000348
 355    0.0000011  -0.00000313
 356    0.0000008  -0.00000154
 357    0.0000003  0.00000043
 358    0.0000002  0.00000047
 359    0.0000002  0.00000047
 360    0.0000000  0.00000005
 361    0.0000000  0.00000007
 362    0.0000002  0.00000024
 363    0.0000038  -0.00001306
 364    0.0000029  -0.00001154
 365    0.0000042  -0.00001207
 366    0.0000038  -0.00001402
 367    0.0000044  -0.00001414
 368    0.0000041  -0.00001385
 369    0.0000047  -0.00001323
 370    0.0000039  -0.00001289
 371    0.0000007  -0.00000108
 372    0.0000008  -0.00000191
 373    0.0000010  -0.00000273
 374    0.0000009  -0.00000301
 375    0.0000005  -0.00000097
 376    0.0000003  0.00000043
 377    0.0000002  0.00000052
 378    0.0000002  0.00000048
 379    0.0000000  0.00000005
 380    0.0000000  0.00000007
 381    0.0000002  0.00000021
 382    0.0000032  -0.00000902
 383    0.0000022  -0.00000861
 384    0.0000032  -0.00001252
 385    0.0000033  -0.00001086
 386    0.0000032  -0.00001012
 387    0.0000027  -0.00000981
 388    0.0000038  -0.00001118
 389    0.0000037  -0.00001139
 390    0.0000006  -0.00000102
 391    0.0000007  -0.00000132
 392    0.0000007  -0.00000255
 393    0.0000007  -0.00000197
 394    0.0000005  -0.00000007
 395    0.0000003  0.00000043
 396    0.0000002  0.00000052
 397    0.0000002  0.00000050
 398    0.0000000  0.00000005
 399    0.0000000  0.00000007
 400    0.0000001  0.00000034
 401    0.0000021  -0.00000547
 402    0.0000019  -0.00000531
 403    0.0000029  -0.00001022
 404    0.0000028  -0.00001014
 405    0.0000027  -0.00000979
 406    0.0000027  -0.00000952
 407    0.0000034  -0.00001019
 408    0.0000036  -0.00001056
 409    0.0000006  -0.00000082
 410    0.0000007  -0.00000132
 411    0.0000006  -0.00000191
 412    0.0000006  -0.00000188
 413    0.0000004  0.00000003
 414    0.0000003  0.00000052
 415    0.0000002  0.00000047
 416    0.0000002  0.00000049
 417    0.0000000  0.00000005
 418    0.0000000  0.00000006
 419    0.0000001  0.00000023
 420    0.0000014  -0.00000438
 421    0.0000012  -0.00000338
 422    0.0000025  -0.00000855
 423    0.0000023  -0.00000863
 424    0.0000020  -0.00000793
 425    0.0000023  -0.00000823
 426    0.0000025  -0.00000832
 427    0.0000028  -0.00000887
 428    0.0000005  -0.00000063
 429    0.0000006  -0.00000084
 430    0.0000005  -0.00000063
 431    0.0000006  -0.00000059
 432    0.0000004  0.00000005
 433    0.0000003  0.00000048
 434    0.0000002  0.00000051
 435    0.0000002  0.00000048
 436    0.0000000  0.00000005
 437    0.0000000  0.00000006
 438    0.0000001  0.00000031
 439    0.0000011  -0.00000249
 440    0.0000012  -0.00000303
 441    0.0000021  -0.00000778
 442    0.0000022  -0.00000788
 443    0.0000019  -0.00000754
 444    0.0000021  -0.00000774
 445    0.0000024  -0.00000833
 446    0.0000024  -0.00000827
 447    0.0000005  -0.00000089
 448    0.0000006  -0.00000085
 449    0.0000005  -0.00000019
 450    0.0000005  -0.00000048
 451    0.0000004  0.00000004
 452    0.0000003  0.00000060
 453    0.0000002  0.00000047
 454    0.0000002  0.00000053
 455    0.0000000  0.00000005
 456    0.0000000  0.00000005
 
----------------
 Final Energies 
----------------
Final NOF Total Energy =    -226.4826984
 
Total Orbital Internal Iterations = 394
Total Occupation Internal Iterations = 265
 
Elapsed time:  857.62 Seconds

---------------------------------
   Lowdin Population Analysis    
---------------------------------
 Idx  Atom   Population   Charge 
---------------------------------
  1     C     6.001      -0.001
  2     C     5.893       0.107
  3     C     6.001      -0.001
  4     N     6.866       0.134
  5     N     6.865       0.135
  6     H     1.063      -0.063
  7     H     1.063      -0.063
  8     H     1.060      -0.060
  9     H     1.060      -0.060
 10     H     1.064      -0.064
 11     H     1.063      -0.063

---------------------------------
   M Diagnostic: 0.09
---------------------------------

