Computing Integrals
Basis Set                                            = def2-qzvp
Auxiliary Basis Set                                  = def2-universal-jkfit
Gaussian Type                                        = Spherical
Elapsed time:    6.47 Seconds

Number of basis functions                   (NBF)    = 174
Number of auxiliary basis functions         (NBFAUX) = 188
Inactive Doubly occupied orbitals up to     (NO1)    = 0
No. considered Strongly Doubly occupied MOs (NDOC)   = 7
No. considered Strongly Singly occupied MOs (NSOC)   = 0
NO. of Weakly occ. per St. Doubly occ.  MOs (NCWO)   = 23
Dimension of the Nat. Orb. subspace         (NBF5)   = 168
No. of electrons                                     = 14
    No. of alpha electrons                           = 7
    No. of beta electrons                            = 7
Multiplicity                                         = 1

Geometry
========
 C       0.0000000       0.0000000      -0.2392406
 O       0.0000000       0.0000000      -1.3668693
 H       0.7976565       0.0000000       0.8030550
 H      -0.7976565       0.0000000       0.8030550

No violations of the orthonormality
No violations of the orthonormality
 
PNOF5/ADABelief Calculation
==================
 
  Nitext  Nit_orb  Time   Nit_occ  Time         Eelec          Etot           Ediff      maxdiff    MaxGrad_orb  Grad_occ
     1      10    6.3e+01   29    2.5e+01  -144.22138355  -112.86362324 -10143.22138355   0.012084   4.9e-02   1.9e-04 0.14
     2      20    8.9e+01   11    5.1e-01  -144.27510173  -112.91734142    -0.05371818   0.022317   8.9e-02   2.3e-04 0.13
     3      20    8.4e+01   11    4.0e-01  -144.27764336  -112.91988305    -0.00254163   0.020109   8.0e-02   2.5e-04 0.13
     4      20    8.5e+01    0    4.3e-02  -144.27783183  -112.92007152    -0.00018847   0.020109   8.0e-02   2.5e-04 0.13
     5      40    1.7e+02    8    3.8e-01  -144.27881602  -112.92105571    -0.00098419   0.003992   1.6e-02   1.2e-04 0.13
     6      40    1.7e+02    3    2.0e-01  -144.27904332  -112.92128301    -0.00022730   0.003839   1.5e-02   1.9e-04 0.13
     7      40    1.8e+02    4    2.1e-01  -144.27916565  -112.92140534    -0.00012233   0.003670   1.5e-02   1.4e-04 0.13
     8      40    1.8e+02    0    1.2e-01  -144.27929175  -112.92153144    -0.00012610   0.003267   1.3e-02   1.9e-04 0.13
     9      50    2.2e+02    6    1.8e-01  -144.27935462  -112.92159431    -0.00006287   0.002414   9.7e-03   1.0e-04 0.13
    10      50    2.1e+02    0    1.0e-01  -144.27942273  -112.92166242    -0.00006812   0.002821   1.1e-02   1.6e-04 0.13
    11      60    2.6e+02    4    2.2e-01  -144.27944786  -112.92168755    -0.00002512   0.002029   8.1e-03   1.3e-04 0.13
    12      60    2.6e+02    0    1.2e-01  -144.27946736  -112.92170705    -0.00001950   0.002443   9.8e-03   1.5e-04 0.13
    13      70    3.0e+02    0    1.1e-01  -144.27948160  -112.92172129    -0.00001425   0.001734   6.9e-03   1.6e-04 0.13
    14      80    3.4e+02    0    6.4e-02  -144.27948536  -112.92172505    -0.00000376   0.001784   7.1e-03   1.6e-04 0.13
    15      90    4.1e+02    0    1.2e-01  -144.27949498  -112.92173467    -0.00000962   0.001182   4.7e-03   1.7e-04 0.13
    16     100    4.1e+02    0    1.1e-01  -144.27949747  -112.92173716    -0.00000248   0.001013   4.1e-03   1.7e-04 0.13
    17     110    4.6e+02    0    7.8e-02  -144.27950148  -112.92174117    -0.00000402   0.000603   2.4e-03   1.7e-04 0.13
 
RESULTS OF THE OCCUPATION OPTIMIZATION
========================================
   1    1.9997810  -21.36540236
   2    1.9994320  -12.05534413
   3    1.9929983  -2.06492775
   4    1.9941046  -1.62176818
   5    1.9829656  -1.50299634
   6    1.9457052  -1.29022443
   7    1.8696699  -1.24321886
   8    0.1297751  -0.10793304
   9    0.0525298  -0.04966267
  10    0.0106293  -0.01291940
  11    0.0037038  -0.00706017
  12    0.0051522  -0.01089148
  13    0.0003894  -0.00785512
  14    0.0001827  -0.00686585
  15    0.0004909  -0.00071195
  16    0.0012377  -0.00193796
  17    0.0024914  -0.00328171
  18    0.0006684  -0.00175201
  19    0.0006915  -0.00212253
  20    0.0000635  -0.00098051
  21    0.0000208  -0.00053849
  22    0.0000325  -0.00006464
  23    0.0004090  -0.00085338
  24    0.0014407  -0.00231876
  25    0.0005345  -0.00144315
  26    0.0005287  -0.00157998
  27    0.0000610  -0.00087589
  28    0.0000117  -0.00031435
  29    0.0000179  -0.00003903
  30    0.0000445  -0.00010979
  31    0.0011290  -0.00182275
  32    0.0004176  -0.00118369
  33    0.0004532  -0.00139912
  34    0.0000458  -0.00063943
  35    0.0000022  -0.00016793
  36    0.0000023  -0.00000917
  37    0.0000274  -0.00008027
  38    0.0003778  -0.00072161
  39    0.0001919  -0.00057388
  40    0.0000355  -0.00017690
  41    0.0000061  -0.00029358
  42    0.0000003  -0.00000360
  43    0.0000017  -0.00000662
  44    0.0000163  -0.00008039
  45    0.0003488  -0.00060763
  46    0.0001030  -0.00037160
  47    0.0000331  -0.00014875
  48    0.0000004  -0.00001788
  49    0.0000002  -0.00000006
  50    0.0000013  -0.00000504
  51    0.0000072  -0.00002420
  52    0.0002633  -0.00047860
  53    0.0000975  -0.00023242
  54    0.0000242  -0.00010300
  55    0.0000002  -0.00000278
  56    0.0000001  -0.00000178
  57    0.0000012  -0.00000407
  58    0.0000036  -0.00001632
  59    0.0000858  -0.00017919
  60    0.0000511  -0.00019468
  61    0.0000214  -0.00011556
  62    0.0000002  -0.00000130
  63    0.0000001  -0.00000513
  64    0.0000011  -0.00000310
  65    0.0000025  -0.00001397
  66    0.0000544  -0.00014623
  67    0.0000391  -0.00013136
  68    0.0000202  -0.00011865
  69    0.0000002  -0.00000050
  70    0.0000001  0.00000000
  71    0.0000007  -0.00000223
  72    0.0000022  -0.00001107
  73    0.0000412  -0.00009766
  74    0.0000135  -0.00006055
  75    0.0000089  -0.00004438
  76    0.0000001  -0.00000013
  77    0.0000001  0.00000017
  78    0.0000007  -0.00000281
  79    0.0000020  -0.00000936
  80    0.0000361  -0.00009459
  81    0.0000133  -0.00006579
  82    0.0000069  -0.00003253
  83    0.0000001  -0.00000004
  84    0.0000001  0.00000019
  85    0.0000006  -0.00000164
  86    0.0000017  -0.00000535
  87    0.0000260  -0.00007044
  88    0.0000110  -0.00004719
  89    0.0000051  -0.00002437
  90    0.0000001  0.00000009
  91    0.0000001  0.00000021
  92    0.0000005  -0.00000117
  93    0.0000015  -0.00000401
  94    0.0000210  -0.00005805
  95    0.0000091  -0.00004572
  96    0.0000043  -0.00001979
  97    0.0000001  0.00000016
  98    0.0000001  0.00000021
  99    0.0000005  -0.00000098
 100    0.0000014  -0.00000211
 101    0.0000164  -0.00005049
 102    0.0000089  -0.00004698
 103    0.0000030  -0.00001169
 104    0.0000001  0.00000018
 105    0.0000001  0.00000020
 106    0.0000004  -0.00000061
 107    0.0000012  -0.00000252
 108    0.0000156  -0.00005094
 109    0.0000077  -0.00003595
 110    0.0000020  -0.00001075
 111    0.0000001  0.00000024
 112    0.0000001  0.00000020
 113    0.0000004  -0.00000050
 114    0.0000012  -0.00000274
 115    0.0000119  -0.00003457
 116    0.0000057  -0.00003031
 117    0.0000018  -0.00000711
 118    0.0000001  0.00000023
 119    0.0000001  0.00000021
 120    0.0000004  -0.00000035
 121    0.0000011  -0.00000184
 122    0.0000102  -0.00003184
 123    0.0000046  -0.00002934
 124    0.0000017  -0.00000392
 125    0.0000001  0.00000021
 126    0.0000001  0.00000020
 127    0.0000004  -0.00000016
 128    0.0000010  -0.00000104
 129    0.0000087  -0.00003064
 130    0.0000034  -0.00001727
 131    0.0000016  -0.00000250
 132    0.0000001  0.00000023
 133    0.0000001  0.00000022
 134    0.0000004  -0.00000020
 135    0.0000009  -0.00000165
 136    0.0000078  -0.00002636
 137    0.0000031  -0.00001388
 138    0.0000016  -0.00000385
 139    0.0000001  0.00000023
 140    0.0000001  0.00000022
 141    0.0000003  -0.00000024
 142    0.0000008  -0.00000066
 143    0.0000062  -0.00001906
 144    0.0000025  -0.00001267
 145    0.0000014  -0.00000032
 146    0.0000001  0.00000022
 147    0.0000001  0.00000021
 148    0.0000003  -0.00000020
 149    0.0000008  -0.00000037
 150    0.0000047  -0.00001440
 151    0.0000021  -0.00001159
 152    0.0000013  -0.00000015
 153    0.0000001  0.00000022
 154    0.0000001  0.00000022
 155    0.0000003  -0.00000015
 156    0.0000007  0.00000001
 157    0.0000042  -0.00001387
 158    0.0000018  -0.00000844
 159    0.0000011  -0.00000074
 160    0.0000001  0.00000022
 161    0.0000001  0.00000021
 162    0.0000002  -0.00000003
 163    0.0000006  -0.00000081
 164    0.0000037  -0.00001506
 165    0.0000016  -0.00000566
 166    0.0000010  -0.00000003
 167    0.0000001  0.00000019
 168    0.0000001  0.00000020
 
----------------
 Final Energies 
----------------
Final NOF Total Energy =    -112.9217412
 
Total Orbital Internal Iterations = 900
Total Occupation Internal Iterations = 76
 
Elapsed time: 4012.59 Seconds

---------------------------------
   Lowdin Population Analysis    
---------------------------------
 Idx  Atom   Population   Charge 
---------------------------------
  1     C     5.525       0.475
  2     O     7.155       0.845
  3     H     0.660       0.340
  4     H     0.660       0.340

---------------------------------
   M Diagnostic: 0.13
---------------------------------

