Computing Integrals
Basis Set                                            = def2-qzvp
Auxiliary Basis Set                                  = def2-universal-jkfit
Gaussian Type                                        = Spherical
Elapsed time:    2.86 Seconds

Number of basis functions                   (NBF)    = 127
Number of auxiliary basis functions         (NBFAUX) = 205
Inactive Doubly occupied orbitals up to     (NO1)    = 0
No. considered Strongly Doubly occupied MOs (NDOC)   = 13
No. considered Strongly Singly occupied MOs (NSOC)   = 0
NO. of Weakly occ. per St. Doubly occ.  MOs (NCWO)   = 8
Dimension of the Nat. Orb. subspace         (NBF5)   = 117
No. of electrons                                     = 26
    No. of alpha electrons                           = 13
    No. of beta electrons                            = 13
Multiplicity                                         = 1

Geometry
========
Cl       0.0000000       0.0000000      -0.8287459
 F       0.0000000       0.0000000       0.8287459

No violations of the orthonormality
No violations of the orthonormality
 
PNOF5/ADABelief Calculation
==================
 
  Nitext  Nit_orb  Time   Nit_occ  Time         Eelec          Etot           Ediff      maxdiff    MaxGrad_orb  Grad_occ
     1      10    2.1e+01   15    2.5e+01  -607.87997536  -559.03270849 -10606.87997536   0.003397   1.4e-02   2.9e-04 0.06
     2      20    2.8e+00    0    4.6e-02  -607.89153598  -559.04426911    -0.01156062   0.003397   1.4e-02   2.9e-04 0.06
     3      40    5.2e+00   53    5.7e-01  -607.90431794  -559.05705106    -0.01278196   0.253774   1.0e+00   1.9e-04 0.06
     4      40    5.0e+00   13    2.0e-01  -607.93721097  -559.08994409    -0.03289303   0.002941   1.2e-02   2.6e-04 0.05
     5      40    4.8e+00   26    3.4e-01  -607.94792891  -559.10066203    -0.01071794   0.004931   2.0e-02   2.1e-04 0.05
     6      40    4.7e+00   13    1.1e-01  -607.95335299  -559.10608612    -0.00542409   0.004697   1.9e-02   1.7e-04 0.05
     7      40    4.4e+00   14    1.6e-01  -607.95608667  -559.10881979    -0.00273367   0.003928   1.6e-02   2.1e-04 0.04
     8      40    4.8e+00   10    1.6e-01  -607.95755984  -559.11029297    -0.00147318   0.004696   1.9e-02   2.4e-04 0.04
     9      40    4.5e+00   13    1.8e-01  -607.95826745  -559.11100057    -0.00070760   0.003449   1.4e-02   1.6e-04 0.04
    10      40    5.0e+00    3    1.1e-01  -607.95869108  -559.11142420    -0.00042363   0.002253   9.0e-03   2.3e-04 0.04
    11      40    4.7e+00   10    1.6e-01  -607.95884913  -559.11158225    -0.00015805   0.002482   9.9e-03   1.9e-04 0.04
    12      40    4.7e+00    2    2.7e-02  -607.95904491  -559.11177804    -0.00019579   0.002148   8.6e-03   2.0e-04 0.04
    13      40    4.8e+00    0    2.7e-02  -607.95909927  -559.11183239    -0.00005436   0.001636   6.5e-03   2.1e-04 0.04
    14      50    6.3e+00    3    1.0e-01  -607.95912985  -559.11186298    -0.00003059   0.000671   2.7e-03   1.9e-04 0.04
 
RESULTS OF THE OCCUPATION OPTIMIZATION
========================================
   1    1.9999710  -103.87880206
   2    1.9998581  -26.33081020
   3    1.9997357  -9.30355480
   4    1.9997231  -9.14195077
   5    1.9997109  -9.02569161
   6    1.9995667  -8.54665479
   7    1.9928725  -1.00426950
   8    1.9928397  -1.00363561
   9    1.9927834  -1.00131183
  10    1.9595691  -0.87539551
  11    1.9873238  -0.73628270
  12    1.9870478  -0.73580256
  13    1.9871165  -0.73463202
  14    0.0058704  -0.00565336
  15    0.0058213  -0.00563542
  16    0.0058235  -0.00563058
  17    0.0393268  -0.03319778
  18    0.0055920  -0.00908764
  19    0.0055606  -0.00907692
  20    0.0055497  -0.00906797
  21    0.0002157  -0.00291484
  22    0.0001652  -0.00216038
  23    0.0001597  -0.00213387
  24    0.0001501  -0.00206165
  25    0.0001336  -0.00635680
  26    0.0000281  -0.00586512
  27    0.0041066  -0.00409415
  28    0.0041556  -0.00409684
  29    0.0041130  -0.00411824
  30    0.0007889  -0.00127084
  31    0.0006089  -0.00165716
  32    0.0006054  -0.00163722
  33    0.0006338  -0.00169988
  34    0.0001013  -0.00127028
  35    0.0001147  -0.00189089
  36    0.0001109  -0.00183952
  37    0.0001041  -0.00171552
  38    0.0000051  -0.00019786
  39    0.0000008  -0.00024180
  40    0.0019760  -0.00230404
  41    0.0020614  -0.00239512
  42    0.0017911  -0.00213895
  43    0.0001517  -0.00033897
  44    0.0004758  -0.00128666
  45    0.0004533  -0.00123807
  46    0.0004012  -0.00114784
  47    0.0001009  -0.00126859
  48    0.0000056  -0.00014012
  49    0.0000044  -0.00010803
  50    0.0000051  -0.00008520
  51    0.0000013  -0.00013502
  52    0.0000000  0.00000021
  53    0.0005869  -0.00084534
  54    0.0005525  -0.00081782
  55    0.0006055  -0.00085908
  56    0.0001240  -0.00029979
  57    0.0003930  -0.00113694
  58    0.0003809  -0.00110249
  59    0.0003879  -0.00111959
  60    0.0000129  -0.00034804
  61    0.0000015  -0.00000552
  62    0.0000007  -0.00000159
  63    0.0000037  -0.00002662
  64    0.0000006  -0.00002314
  65    0.0000000  0.00000012
  66    0.0001382  -0.00026644
  67    0.0001287  -0.00024463
  68    0.0001523  -0.00028103
  69    0.0000174  -0.00007003
  70    0.0000433  -0.00019435
  71    0.0000473  -0.00020142
  72    0.0000530  -0.00020747
  73    0.0000009  -0.00000335
  74    0.0000012  -0.00000311
  75    0.0000004  -0.00000007
  76    0.0000007  -0.00000080
  77    0.0000004  -0.00001717
  78    0.0000000  0.00000013
  79    0.0000993  -0.00019565
  80    0.0001253  -0.00023124
  81    0.0001068  -0.00020365
  82    0.0000146  -0.00001961
  83    0.0000418  -0.00018586
  84    0.0000464  -0.00019725
  85    0.0000393  -0.00018367
  86    0.0000007  -0.00000182
  87    0.0000005  -0.00000002
  88    0.0000004  -0.00000002
  89    0.0000004  -0.00000045
  90    0.0000003  -0.00000525
  91    0.0000000  0.00000012
  92    0.0000602  -0.00011230
  93    0.0000542  -0.00010727
  94    0.0000569  -0.00011095
  95    0.0000043  -0.00002131
  96    0.0000371  -0.00017409
  97    0.0000360  -0.00017381
  98    0.0000341  -0.00016206
  99    0.0000005  -0.00000168
 100    0.0000002  0.00000019
 101    0.0000002  -0.00000014
 102    0.0000002  -0.00000076
 103    0.0000003  -0.00000426
 104    0.0000000  0.00000013
 105    0.0000460  -0.00009577
 106    0.0000533  -0.00010230
 107    0.0000272  -0.00007953
 108    0.0000032  -0.00001940
 109    0.0000248  -0.00014008
 110    0.0000303  -0.00015040
 111    0.0000287  -0.00015219
 112    0.0000004  -0.00000017
 113    0.0000002  0.00000025
 114    0.0000002  0.00000027
 115    0.0000002  0.00000017
 116    0.0000002  -0.00000388
 117    0.0000000  0.00000012
 
----------------
 Final Energies 
----------------
Final NOF Total Energy =    -559.1118630
 
Total Orbital Internal Iterations = 520
Total Occupation Internal Iterations = 175
 
Elapsed time:  126.50 Seconds

---------------------------------
   Lowdin Population Analysis    
---------------------------------
 Idx  Atom   Population   Charge 
---------------------------------
  1    Cl    16.867       0.133
  2     F     9.133      -0.133

---------------------------------
   M Diagnostic: 0.04
---------------------------------

