Computing Integrals
Basis Set                                            = def2-qzvp
Auxiliary Basis Set                                  = def2-universal-jkfit
Gaussian Type                                        = Spherical
Elapsed time:    6.74 Seconds

Number of basis functions                   (NBF)    = 522
Number of auxiliary basis functions         (NBFAUX) = 562
Inactive Doubly occupied orbitals up to     (NO1)    = 0
No. considered Strongly Doubly occupied MOs (NDOC)   = 23
No. considered Strongly Singly occupied MOs (NSOC)   = 0
NO. of Weakly occ. per St. Doubly occ.  MOs (NCWO)   = 21
Dimension of the Nat. Orb. subspace         (NBF5)   = 506
No. of electrons                                     = 46
    No. of alpha electrons                           = 23
    No. of beta electrons                            = 23
Multiplicity                                         = 1

Geometry
========
 C      -2.1035560      -0.6646282       0.0000000
 C      -1.0142926       0.3702849       0.0000000
 O       0.2152064      -0.2382673       0.0000000
 C       1.3480610       0.5583342       0.0000000
 C       2.5495373       0.0043357       0.0000000
 O      -1.1654993       1.5620367       0.0000000
 H      -3.0717795      -0.1708154       0.0000000
 H      -2.0100152      -1.3039755       0.8797770
 H      -2.0100152      -1.3039755      -0.8797770
 H       1.1509700       1.6215218       0.0000000
 H       2.6839786      -1.0693988       0.0000000
 H       3.4274044       0.6345474       0.0000000

No violations of the orthonormality
No violations of the orthonormality
 
PNOF5/ADABelief Calculation
==================
 
  Nitext  Nit_orb  Time   Nit_occ  Time         Eelec          Etot           Ediff      maxdiff    MaxGrad_orb  Grad_occ
     1      10    3.8e+01   25    3.3e+01  -531.00034391  -305.10904606 -10530.00034391   0.004278   1.7e-02   2.1e-04 0.08
     2      20    3.3e+01    0    1.5e+00  -531.03480119  -305.14350334    -0.03445728   0.004278   1.7e-02   2.1e-04 0.08
     3      40    6.5e+01   58    1.8e+01  -531.04525207  -305.15395421    -0.01045087   0.240893   9.6e-01   2.3e-04 0.08
     4      40    6.5e+01   47    1.3e+01  -531.10487056  -305.21357271    -0.05961849   0.148781   6.0e-01   3.0e-04 0.08
     5      40    6.5e+01   21    6.8e+00  -531.16734156  -305.27604370    -0.06247100   0.003629   1.5e-02   3.4e-04 0.07
     6      40    6.5e+01   14    5.0e+00  -531.18957131  -305.29827345    -0.02222975   0.064375   2.6e-01   3.2e-04 0.07
     7      40    6.5e+01   20    6.6e+00  -531.20027557  -305.30897772    -0.01070427   0.004959   2.0e-02   3.3e-04 0.07
     8      40    6.5e+01    9    3.8e+00  -531.20639485  -305.31509699    -0.00611928   0.004187   1.7e-02   2.7e-04 0.07
     9      40    6.5e+01    9    3.8e+00  -531.21001482  -305.31871696    -0.00361997   0.004826   1.9e-02   2.7e-04 0.07
    10      40    6.5e+01   12    4.5e+00  -531.21244174  -305.32114388    -0.00242692   0.005925   2.4e-02   2.5e-04 0.07
    11      40    6.5e+01    4    2.5e+00  -531.21410787  -305.32281001    -0.00166613   0.005045   2.0e-02   2.5e-04 0.07
    12      40    6.5e+01    7    3.3e+00  -531.21494271  -305.32364486    -0.00083485   0.003268   1.3e-02   3.1e-04 0.07
    13      40    6.5e+01    3    2.3e+00  -531.21560475  -305.32430689    -0.00066203   0.002988   1.2e-02   2.0e-04 0.07
    14      40    6.5e+01    3    2.3e+00  -531.21597788  -305.32468003    -0.00037313   0.003011   1.2e-02   2.4e-04 0.07
    15      40    6.5e+01    1    1.8e+00  -531.21624241  -305.32494456    -0.00026453   0.004102   1.6e-02   2.3e-04 0.07
    16      40    6.5e+01    9    3.7e+00  -531.21643563  -305.32513778    -0.00019322   0.002724   1.1e-02   2.2e-04 0.07
    17      40    6.5e+01    0    1.5e+00  -531.21663822  -305.32534036    -0.00020258   0.003168   1.3e-02   2.6e-04 0.07
    18      50    8.1e+01    0    1.5e+00  -531.21683324  -305.32553539    -0.00019502   0.002252   9.0e-03   2.7e-04 0.07
    19      60    9.6e+01    3    2.2e+00  -531.21687635  -305.32557850    -0.00004311   0.004686   1.9e-02   1.7e-04 0.07
    20      60    9.7e+01    0    1.5e+00  -531.21692444  -305.32562659    -0.00004809   0.002842   1.1e-02   1.9e-04 0.07
    21      70    1.1e+02    0    1.5e+00  -531.21694401  -305.32564616    -0.00001957   0.003635   1.5e-02   1.8e-04 0.07
    22      80    1.3e+02    0    1.5e+00  -531.21697625  -305.32567839    -0.00003223   0.002110   8.4e-03   1.9e-04 0.07
    23      90    1.4e+02    0    1.5e+00  -531.21697970  -305.32568184    -0.00000345   0.002130   8.5e-03   1.9e-04 0.07
    24     100    1.6e+02    0    1.5e+00  -531.21700459  -305.32570674    -0.00002489   0.001539   6.2e-03   1.9e-04 0.07
    25     110    1.8e+02    0    1.5e+00  -531.21700845  -305.32571060    -0.00000386   0.001427   5.7e-03   1.9e-04 0.07
    26     120    1.9e+02    0    1.5e+00  -531.21701982  -305.32572196    -0.00001137   0.001066   4.3e-03   1.8e-04 0.07
    27     130    2.1e+02    0    1.5e+00  -531.21701629  -305.32571844     0.00000353   0.001146   4.6e-03   1.9e-04 0.07
    28      80    1.3e+02    0    1.5e+00  -531.21702645  -305.32572860    -0.00001016   0.000493   2.0e-03   1.8e-04 0.07
 
RESULTS OF THE OCCUPATION OPTIMIZATION
========================================
   1    1.9997924  -20.59100453
   2    1.9998007  -20.54710909
   3    1.9994406  -11.37269082
   4    1.9994297  -11.27820709
   5    1.9994404  -11.24657161
   6    1.9994372  -11.21724885
   7    1.9905896  -1.15233854
   8    1.9854314  -1.00814850
   9    1.9846388  -0.98490796
  10    1.9917280  -0.91172566
  11    1.9857380  -0.82248913
  12    1.9915222  -0.78232286
  13    1.9915574  -0.78203625
  14    1.9908791  -0.78095809
  15    1.9905978  -0.77149300
  16    1.9797678  -0.73340489
  17    1.9786737  -0.70872017
  18    1.9789325  -0.70785338
  19    1.9786554  -0.70580965
  20    1.9787488  -0.70527706
  21    1.9784641  -0.70404574
  22    1.9523794  -0.57486307
  23    1.9250577  -0.40510366
  24    0.0724519  -0.02661760
  25    0.0458115  -0.02624366
  26    0.0137556  -0.01150728
  27    0.0136798  -0.01141052
  28    0.0137181  -0.01143088
  29    0.0133186  -0.01125346
  30    0.0134786  -0.01132224
  31    0.0131073  -0.01146423
  32    0.0071540  -0.00874073
  33    0.0069035  -0.00859551
  34    0.0066070  -0.00818623
  35    0.0066138  -0.00819721
  36    0.0105725  -0.01055531
  37    0.0050977  -0.00649068
  38    0.0131726  -0.01522644
  39    0.0123607  -0.01469606
  40    0.0073732  -0.01092292
  41    0.0003824  -0.00759693
  42    0.0003831  -0.00759631
  43    0.0003860  -0.00765994
  44    0.0003814  -0.00762729
  45    0.0001816  -0.00677360
  46    0.0001860  -0.00686807
  47    0.0022282  -0.00138100
  48    0.0014633  -0.00143988
  49    0.0033933  -0.00379208
  50    0.0034105  -0.00378537
  51    0.0034165  -0.00378906
  52    0.0033708  -0.00378703
  53    0.0033977  -0.00380539
  54    0.0029484  -0.00351125
  55    0.0008397  -0.00164067
  56    0.0008693  -0.00167715
  57    0.0006927  -0.00141946
  58    0.0007114  -0.00143580
  59    0.0013629  -0.00208415
  60    0.0011080  -0.00182342
  61    0.0010585  -0.00201200
  62    0.0010687  -0.00206773
  63    0.0011333  -0.00242810
  64    0.0000626  -0.00092276
  65    0.0000585  -0.00086578
  66    0.0000668  -0.00097687
  67    0.0000628  -0.00093699
  68    0.0000143  -0.00037970
  69    0.0000166  -0.00043104
  70    0.0001208  -0.00014350
  71    0.0002398  -0.00041786
  72    0.0019282  -0.00231596
  73    0.0018459  -0.00222463
  74    0.0018411  -0.00222374
  75    0.0020302  -0.00240867
  76    0.0019746  -0.00238213
  77    0.0018097  -0.00234439
  78    0.0006157  -0.00123917
  79    0.0005557  -0.00116332
  80    0.0004537  -0.00099509
  81    0.0004716  -0.00100990
  82    0.0010557  -0.00165699
  83    0.0009407  -0.00172394
  84    0.0005442  -0.00112062
  85    0.0005390  -0.00111362
  86    0.0004056  -0.00105005
  87    0.0000588  -0.00087918
  88    0.0000545  -0.00079433
  89    0.0000598  -0.00090080
  90    0.0000552  -0.00082530
  91    0.0000018  -0.00015690
  92    0.0000027  -0.00017157
  93    0.0000431  -0.00005670
  94    0.0000473  -0.00008558
  95    0.0018398  -0.00222176
  96    0.0017158  -0.00210432
  97    0.0017639  -0.00212559
  98    0.0016611  -0.00207040
  99    0.0017768  -0.00213555
 100    0.0016599  -0.00211406
 101    0.0004608  -0.00099414
 102    0.0004515  -0.00098425
 103    0.0004340  -0.00094797
 104    0.0004289  -0.00093970
 105    0.0008791  -0.00143241
 106    0.0007710  -0.00146751
 107    0.0004404  -0.00099544
 108    0.0004459  -0.00102259
 109    0.0003308  -0.00084797
 110    0.0000495  -0.00067443
 111    0.0000543  -0.00079923
 112    0.0000486  -0.00066353
 113    0.0000504  -0.00069156
 114    0.0000004  -0.00000704
 115    0.0000005  -0.00004502
 116    0.0000327  -0.00004539
 117    0.0000242  -0.00005216
 118    0.0001076  -0.00020067
 119    0.0001050  -0.00019726
 120    0.0001062  -0.00019862
 121    0.0001293  -0.00023207
 122    0.0001267  -0.00022904
 123    0.0001370  -0.00024585
 124    0.0000902  -0.00026043
 125    0.0000894  -0.00026226
 126    0.0000601  -0.00018873
 127    0.0000551  -0.00018131
 128    0.0001226  -0.00024279
 129    0.0001197  -0.00024896
 130    0.0000343  -0.00010761
 131    0.0000368  -0.00012120
 132    0.0000518  -0.00016234
 133    0.0000056  -0.00028295
 134    0.0000055  -0.00028223
 135    0.0000056  -0.00028470
 136    0.0000056  -0.00028530
 137    0.0000001  -0.00000024
 138    0.0000003  -0.00000001
 139    0.0000186  -0.00002949
 140    0.0000142  -0.00002432
 141    0.0000955  -0.00019197
 142    0.0000988  -0.00019425
 143    0.0000900  -0.00018931
 144    0.0001088  -0.00019989
 145    0.0001056  -0.00020049
 146    0.0001141  -0.00021372
 147    0.0000754  -0.00024377
 148    0.0000863  -0.00025439
 149    0.0000498  -0.00016471
 150    0.0000512  -0.00016585
 151    0.0001069  -0.00022478
 152    0.0000796  -0.00019051
 153    0.0000299  -0.00010148
 154    0.0000321  -0.00010372
 155    0.0000274  -0.00011612
 156    0.0000009  -0.00000475
 157    0.0000009  -0.00000383
 158    0.0000010  -0.00000396
 159    0.0000013  -0.00000540
 160    0.0000001  -0.00000318
 161    0.0000001  0.00000032
 162    0.0000138  -0.00002047
 163    0.0000050  -0.00002180
 164    0.0000868  -0.00016839
 165    0.0000817  -0.00016149
 166    0.0000874  -0.00016428
 167    0.0000980  -0.00019815
 168    0.0001006  -0.00019310
 169    0.0001097  -0.00021290
 170    0.0000507  -0.00016509
 171    0.0000505  -0.00016666
 172    0.0000415  -0.00014942
 173    0.0000390  -0.00014272
 174    0.0000433  -0.00012482
 175    0.0000430  -0.00013448
 176    0.0000184  -0.00008911
 177    0.0000212  -0.00009556
 178    0.0000238  -0.00010160
 179    0.0000004  -0.00000380
 180    0.0000004  -0.00000295
 181    0.0000005  -0.00000918
 182    0.0000004  -0.00000365
 183    0.0000001  -0.00000201
 184    0.0000001  0.00000038
 185    0.0000058  -0.00001767
 186    0.0000033  -0.00001391
 187    0.0000805  -0.00016540
 188    0.0000796  -0.00016009
 189    0.0000773  -0.00015897
 190    0.0000935  -0.00018955
 191    0.0000934  -0.00018904
 192    0.0000812  -0.00017880
 193    0.0000384  -0.00014044
 194    0.0000365  -0.00013770
 195    0.0000372  -0.00013474
 196    0.0000349  -0.00013497
 197    0.0000320  -0.00010714
 198    0.0000348  -0.00012385
 199    0.0000183  -0.00007864
 200    0.0000185  -0.00007645
 201    0.0000176  -0.00009514
 202    0.0000004  -0.00000700
 203    0.0000004  -0.00000237
 204    0.0000003  -0.00000817
 205    0.0000003  -0.00001313
 206    0.0000001  -0.00000044
 207    0.0000001  0.00000035
 208    0.0000049  -0.00001087
 209    0.0000026  -0.00001228
 210    0.0000754  -0.00015944
 211    0.0000768  -0.00015925
 212    0.0000759  -0.00015850
 213    0.0000756  -0.00015822
 214    0.0000780  -0.00015997
 215    0.0000787  -0.00016890
 216    0.0000305  -0.00012262
 217    0.0000280  -0.00011549
 218    0.0000225  -0.00009682
 219    0.0000269  -0.00009618
 220    0.0000201  -0.00006686
 221    0.0000203  -0.00007967
 222    0.0000143  -0.00006176
 223    0.0000140  -0.00006417
 224    0.0000146  -0.00007230
 225    0.0000003  -0.00000800
 226    0.0000003  -0.00001480
 227    0.0000002  -0.00000131
 228    0.0000002  -0.00000058
 229    0.0000001  0.00000028
 230    0.0000001  0.00000034
 231    0.0000043  -0.00000717
 232    0.0000018  -0.00000872
 233    0.0000512  -0.00013572
 234    0.0000459  -0.00013168
 235    0.0000462  -0.00013181
 236    0.0000511  -0.00013809
 237    0.0000523  -0.00013995
 238    0.0000554  -0.00014278
 239    0.0000142  -0.00005479
 240    0.0000169  -0.00006226
 241    0.0000170  -0.00007275
 242    0.0000231  -0.00008924
 243    0.0000167  -0.00004431
 244    0.0000189  -0.00004324
 245    0.0000072  -0.00003021
 246    0.0000083  -0.00003004
 247    0.0000110  -0.00003327
 248    0.0000002  -0.00000135
 249    0.0000002  -0.00000174
 250    0.0000002  -0.00000037
 251    0.0000002  0.00000022
 252    0.0000001  0.00000026
 253    0.0000001  0.00000032
 254    0.0000034  -0.00000595
 255    0.0000017  -0.00000276
 256    0.0000269  -0.00007541
 257    0.0000287  -0.00007569
 258    0.0000300  -0.00007643
 259    0.0000315  -0.00008574
 260    0.0000323  -0.00008486
 261    0.0000291  -0.00008969
 262    0.0000095  -0.00002660
 263    0.0000086  -0.00002675
 264    0.0000062  -0.00002026
 265    0.0000054  -0.00001940
 266    0.0000123  -0.00003518
 267    0.0000082  -0.00003193
 268    0.0000072  -0.00002933
 269    0.0000054  -0.00002571
 270    0.0000052  -0.00002078
 271    0.0000002  -0.00000092
 272    0.0000002  -0.00000139
 273    0.0000002  -0.00000036
 274    0.0000002  0.00000031
 275    0.0000001  0.00000026
 276    0.0000001  0.00000033
 277    0.0000029  -0.00000522
 278    0.0000010  -0.00000311
 279    0.0000256  -0.00007002
 280    0.0000204  -0.00006581
 281    0.0000236  -0.00006761
 282    0.0000253  -0.00007409
 283    0.0000307  -0.00008111
 284    0.0000275  -0.00007555
 285    0.0000046  -0.00002099
 286    0.0000051  -0.00002274
 287    0.0000053  -0.00001282
 288    0.0000036  -0.00001197
 289    0.0000099  -0.00002945
 290    0.0000079  -0.00003116
 291    0.0000049  -0.00001808
 292    0.0000045  -0.00001783
 293    0.0000040  -0.00001653
 294    0.0000002  0.00000031
 295    0.0000002  0.00000031
 296    0.0000002  0.00000031
 297    0.0000002  0.00000036
 298    0.0000001  0.00000025
 299    0.0000001  0.00000031
 300    0.0000026  -0.00000448
 301    0.0000009  -0.00000140
 302    0.0000195  -0.00006724
 303    0.0000159  -0.00005993
 304    0.0000224  -0.00006576
 305    0.0000211  -0.00007140
 306    0.0000274  -0.00007506
 307    0.0000220  -0.00006727
 308    0.0000042  -0.00001906
 309    0.0000041  -0.00001942
 310    0.0000040  -0.00001126
 311    0.0000029  -0.00001080
 312    0.0000058  -0.00002168
 313    0.0000062  -0.00002534
 314    0.0000037  -0.00001460
 315    0.0000042  -0.00001522
 316    0.0000033  -0.00001764
 317    0.0000002  0.00000029
 318    0.0000002  0.00000032
 319    0.0000001  0.00000035
 320    0.0000002  0.00000039
 321    0.0000001  0.00000024
 322    0.0000001  0.00000031
 323    0.0000021  -0.00000395
 324    0.0000009  -0.00000153
 325    0.0000099  -0.00002664
 326    0.0000107  -0.00002703
 327    0.0000109  -0.00002703
 328    0.0000124  -0.00002758
 329    0.0000107  -0.00002850
 330    0.0000098  -0.00003055
 331    0.0000036  -0.00001389
 332    0.0000034  -0.00001390
 333    0.0000036  -0.00001334
 334    0.0000026  -0.00001055
 335    0.0000051  -0.00002078
 336    0.0000043  -0.00002501
 337    0.0000016  -0.00000944
 338    0.0000024  -0.00001185
 339    0.0000028  -0.00001511
 340    0.0000002  0.00000028
 341    0.0000002  0.00000035
 342    0.0000001  0.00000035
 343    0.0000002  0.00000040
 344    0.0000001  0.00000023
 345    0.0000001  0.00000028
 346    0.0000018  -0.00000404
 347    0.0000007  -0.00000022
 348    0.0000081  -0.00002701
 349    0.0000074  -0.00002573
 350    0.0000077  -0.00002635
 351    0.0000079  -0.00002727
 352    0.0000082  -0.00002641
 353    0.0000090  -0.00002942
 354    0.0000030  -0.00001249
 355    0.0000031  -0.00001359
 356    0.0000023  -0.00000987
 357    0.0000021  -0.00000867
 358    0.0000042  -0.00001672
 359    0.0000035  -0.00001110
 360    0.0000012  -0.00000903
 361    0.0000023  -0.00001196
 362    0.0000021  -0.00000596
 363    0.0000002  0.00000036
 364    0.0000001  0.00000036
 365    0.0000001  0.00000036
 366    0.0000002  0.00000038
 367    0.0000001  0.00000023
 368    0.0000001  0.00000022
 369    0.0000013  -0.00000297
 370    0.0000007  -0.00000061
 371    0.0000079  -0.00002205
 372    0.0000072  -0.00002061
 373    0.0000070  -0.00002104
 374    0.0000074  -0.00002468
 375    0.0000076  -0.00002665
 376    0.0000087  -0.00002846
 377    0.0000021  -0.00000993
 378    0.0000029  -0.00001197
 379    0.0000015  -0.00000478
 380    0.0000016  -0.00000444
 381    0.0000033  -0.00001337
 382    0.0000026  -0.00000845
 383    0.0000011  -0.00000262
 384    0.0000015  -0.00000341
 385    0.0000010  -0.00000290
 386    0.0000002  0.00000035
 387    0.0000001  0.00000033
 388    0.0000001  0.00000035
 389    0.0000001  0.00000039
 390    0.0000001  0.00000024
 391    0.0000001  0.00000011
 392    0.0000012  -0.00000282
 393    0.0000005  -0.00000012
 394    0.0000064  -0.00002221
 395    0.0000061  -0.00002140
 396    0.0000063  -0.00002109
 397    0.0000069  -0.00002583
 398    0.0000074  -0.00002491
 399    0.0000080  -0.00002741
 400    0.0000017  -0.00000687
 401    0.0000019  -0.00000948
 402    0.0000015  -0.00000324
 403    0.0000011  -0.00000108
 404    0.0000029  -0.00001225
 405    0.0000016  -0.00000549
 406    0.0000009  -0.00000172
 407    0.0000008  -0.00000271
 408    0.0000007  -0.00000250
 409    0.0000001  0.00000038
 410    0.0000001  0.00000035
 411    0.0000001  0.00000033
 412    0.0000001  0.00000034
 413    0.0000001  0.00000022
 414    0.0000001  0.00000006
 415    0.0000008  -0.00000215
 416    0.0000004  -0.00000011
 417    0.0000060  -0.00001573
 418    0.0000048  -0.00001505
 419    0.0000050  -0.00001535
 420    0.0000059  -0.00001868
 421    0.0000058  -0.00001877
 422    0.0000057  -0.00001917
 423    0.0000014  -0.00000238
 424    0.0000016  -0.00000480
 425    0.0000009  -0.00000110
 426    0.0000008  -0.00000112
 427    0.0000023  -0.00000796
 428    0.0000014  -0.00000377
 429    0.0000007  -0.00000157
 430    0.0000006  -0.00000142
 431    0.0000006  -0.00000037
 432    0.0000001  0.00000038
 433    0.0000001  0.00000030
 434    0.0000001  0.00000032
 435    0.0000001  0.00000034
 436    0.0000001  0.00000022
 437    0.0000001  -0.00000310
 438    0.0000007  -0.00000136
 439    0.0000003  0.00000019
 440    0.0000048  -0.00001261
 441    0.0000042  -0.00001329
 442    0.0000041  -0.00001317
 443    0.0000056  -0.00001595
 444    0.0000044  -0.00001506
 445    0.0000039  -0.00001320
 446    0.0000011  -0.00000128
 447    0.0000011  -0.00000073
 448    0.0000007  -0.00000060
 449    0.0000007  -0.00000014
 450    0.0000016  -0.00000526
 451    0.0000010  -0.00000308
 452    0.0000007  -0.00000122
 453    0.0000006  -0.00000036
 454    0.0000006  -0.00000034
 455    0.0000001  0.00000035
 456    0.0000001  0.00000029
 457    0.0000001  0.00000033
 458    0.0000001  0.00000032
 459    0.0000001  0.00000022
 460    0.0000001  0.00000005
 461    0.0000006  -0.00000141
 462    0.0000003  0.00000024
 463    0.0000041  -0.00001210
 464    0.0000032  -0.00001002
 465    0.0000030  -0.00000970
 466    0.0000043  -0.00001047
 467    0.0000043  -0.00001089
 468    0.0000036  -0.00000987
 469    0.0000008  -0.00000015
 470    0.0000009  -0.00000028
 471    0.0000006  -0.00000013
 472    0.0000006  0.00000005
 473    0.0000015  -0.00000380
 474    0.0000009  -0.00000303
 475    0.0000007  -0.00000028
 476    0.0000006  0.00000003
 477    0.0000005  0.00000017
 478    0.0000001  0.00000034
 479    0.0000001  0.00000030
 480    0.0000001  0.00000029
 481    0.0000001  0.00000032
 482    0.0000001  0.00000020
 483    0.0000001  0.00000025
 484    0.0000006  -0.00000124
 485    0.0000002  0.00000034
 486    0.0000028  -0.00000972
 487    0.0000028  -0.00000951
 488    0.0000021  -0.00000871
 489    0.0000024  -0.00000939
 490    0.0000032  -0.00000923
 491    0.0000034  -0.00001058
 492    0.0000006  0.00000026
 493    0.0000005  0.00000030
 494    0.0000005  0.00000016
 495    0.0000005  -0.00000000
 496    0.0000011  -0.00000304
 497    0.0000007  -0.00000192
 498    0.0000005  -0.00000020
 499    0.0000005  0.00000005
 500    0.0000004  0.00000031
 501    0.0000001  0.00000030
 502    0.0000001  0.00000020
 503    0.0000001  0.00000025
 504    0.0000001  0.00000030
 505    0.0000000  0.00000019
 506    0.0000001  0.00000001
 
----------------
 Final Energies 
----------------
Final NOF Total Energy =    -305.3257286
 
Total Orbital Internal Iterations = 1580
Total Occupation Internal Iterations = 245
 
Elapsed time: 2841.05 Seconds

---------------------------------
   Lowdin Population Analysis    
---------------------------------
 Idx  Atom   Population   Charge 
---------------------------------
  1     C     5.763       0.237
  2     C     6.645      -0.645
  3     O     7.516       0.484
  4     C     6.144      -0.144
  5     C     5.811       0.189
  6     O     7.717       0.283
  7     H     1.052      -0.052
  8     H     1.049      -0.049
  9     H     1.049      -0.049
 10     H     1.082      -0.082
 11     H     1.086      -0.086
 12     H     1.087      -0.087

---------------------------------
   M Diagnostic: 0.07
---------------------------------

