Computing Integrals
Basis Set                                            = def2-qzvp
Auxiliary Basis Set                                  = def2-universal-jkfit
Gaussian Type                                        = Spherical
Elapsed time:    2.68 Seconds

Number of basis functions                   (NBF)    = 65
Number of auxiliary basis functions         (NBFAUX) = 69
Inactive Doubly occupied orbitals up to     (NO1)    = 0
No. considered Strongly Doubly occupied MOs (NDOC)   = 2
No. considered Strongly Singly occupied MOs (NSOC)   = 0
NO. of Weakly occ. per St. Doubly occ.  MOs (NCWO)   = 31
Dimension of the Nat. Orb. subspace         (NBF5)   = 64
No. of electrons                                     = 4
    No. of alpha electrons                           = 2
    No. of beta electrons                            = 2
Multiplicity                                         = 1

Geometry
========
Li       0.0000000       0.0000000      -0.7979820
 H       0.0000000       0.0000000       0.7979820

No violations of the orthonormality
No violations of the orthonormality
 
PNOF5/ADABelief Calculation
==================
 
  Nitext  Nit_orb  Time   Nit_occ  Time         Eelec          Etot           Ediff      maxdiff    MaxGrad_orb  Grad_occ
     1      10    2.1e+01    1    2.6e+01    -9.04879449    -8.05408009 -10008.04879449   0.000856   3.4e-03   1.4e-04 0.04
 
RESULTS OF THE OCCUPATION OPTIMIZATION
========================================
   1    1.9948145  -2.47023632
   2    1.9420128  -0.32873720
   3    0.0291781  -0.01167056
   4    0.0023957  -0.00971735
   5    0.0100148  -0.00440335
   6    0.0009322  -0.00402135
   7    0.0095407  -0.00427662
   8    0.0008837  -0.00399802
   9    0.0078006  -0.00368271
  10    0.0008829  -0.00399574
  11    0.0002995  -0.00024810
  12    0.0000457  -0.00030037
  13    0.0001934  -0.00018012
  14    0.0000266  -0.00005488
  15    0.0001804  -0.00017739
  16    0.0000021  -0.00001010
  17    0.0001171  -0.00013308
  18    0.0000016  -0.00000799
  19    0.0001090  -0.00010671
  20    0.0000011  -0.00000046
  21    0.0000874  -0.00009806
  22    0.0000011  0.00000149
  23    0.0000873  -0.00009881
  24    0.0000010  0.00000004
  25    0.0000821  -0.00009769
  26    0.0000009  0.00000027
  27    0.0000700  -0.00007143
  28    0.0000009  0.00000036
  29    0.0000528  -0.00001896
  30    0.0000009  0.00000011
  31    0.0000394  -0.00002467
  32    0.0000008  0.00000003
  33    0.0000203  -0.00002039
  34    0.0000007  0.00000061
  35    0.0000190  -0.00001785
  36    0.0000007  0.00000049
  37    0.0000183  -0.00001352
  38    0.0000007  0.00000080
  39    0.0000120  -0.00001228
  40    0.0000007  0.00000111
  41    0.0000097  -0.00000857
  42    0.0000007  0.00000126
  43    0.0000096  -0.00001218
  44    0.0000006  0.00000107
  45    0.0000087  -0.00000906
  46    0.0000006  0.00000087
  47    0.0000085  -0.00001431
  48    0.0000006  0.00000168
  49    0.0000069  -0.00000327
  50    0.0000005  0.00000160
  51    0.0000041  -0.00000121
  52    0.0000004  0.00000132
  53    0.0000034  -0.00000123
  54    0.0000004  0.00000126
  55    0.0000030  -0.00000308
  56    0.0000004  0.00000122
  57    0.0000030  -0.00000209
  58    0.0000004  0.00000121
  59    0.0000028  -0.00000429
  60    0.0000003  0.00000101
  61    0.0000027  -0.00000386
  62    0.0000003  0.00000096
  63    0.0000025  -0.00000295
  64    0.0000003  0.00000095
 
----------------
 Final Energies 
----------------
Final NOF Total Energy =      -8.0540801
 
Total Orbital Internal Iterations = 10
Total Occupation Internal Iterations = 1
 
Elapsed time:   60.97 Seconds

---------------------------------
   Lowdin Population Analysis    
---------------------------------
 Idx  Atom   Population   Charge 
---------------------------------
  1    Li     2.668       0.332
  2     H     1.332      -0.332

---------------------------------
   M Diagnostic: 0.04
---------------------------------

