Computing Integrals
Basis Set                                            = def2-qzvp
Auxiliary Basis Set                                  = def2-universal-jkfit
Gaussian Type                                        = Spherical
Elapsed time:    3.37 Seconds

Number of basis functions                   (NBF)    = 190
Number of auxiliary basis functions         (NBFAUX) = 200
Inactive Doubly occupied orbitals up to     (NO1)    = 0
No. considered Strongly Doubly occupied MOs (NDOC)   = 9
No. considered Strongly Singly occupied MOs (NSOC)   = 0
NO. of Weakly occ. per St. Doubly occ.  MOs (NCWO)   = 20
Dimension of the Nat. Orb. subspace         (NBF5)   = 189
No. of electrons                                     = 18
    No. of alpha electrons                           = 9
    No. of beta electrons                            = 9
Multiplicity                                         = 1

Geometry
========
Si       0.0000000      -0.0000000       0.0000000
 H       0.8560414       0.8560414      -0.8560414
 H      -0.8560414      -0.8560414      -0.8560414
 H       0.8560414      -0.8560414       0.8560414
 H      -0.8560414       0.8560414       0.8560414

No violations of the orthonormality
No violations of the orthonormality
 
PNOF5/ADABelief Calculation
==================
 
  Nitext  Nit_orb  Time   Nit_occ  Time         Eelec          Etot           Ediff      maxdiff    MaxGrad_orb  Grad_occ
     1      10    2.5e+01   15    2.6e+01  -312.64792204  -291.35027115 -10311.64792204   0.000666   2.7e-03   2.2e-04 0.02
 
RESULTS OF THE OCCUPATION OPTIMIZATION
========================================
   1    1.9999597  -68.43793980
   2    1.9993113  -4.78794969
   3    1.9993109  -4.78364880
   4    1.9993109  -4.78345215
   5    1.9992927  -4.78178072
   6    1.9826360  -0.55189145
   7    1.9826873  -0.55175802
   8    1.9826181  -0.55174304
   9    1.9826810  -0.55164237
  10    0.0172802  -0.01110407
  11    0.0173499  -0.01112221
  12    0.0172810  -0.01110448
  13    0.0173140  -0.01110440
  14    0.0006860  -0.00495613
  15    0.0006831  -0.00495009
  16    0.0006830  -0.00494964
  17    0.0006817  -0.00494545
  18    0.0000400  -0.00561267
  19    0.0000099  -0.00003385
  20    0.0000055  -0.00000980
  21    0.0000051  -0.00001058
  22    0.0000202  -0.00004693
  23    0.0000163  -0.00013242
  24    0.0000008  -0.00000373
  25    0.0000010  -0.00000749
  26    0.0000008  -0.00000397
  27    0.0000000  -0.00000572
  28    0.0000087  -0.00002428
  29    0.0000039  -0.00000904
  30    0.0000044  -0.00001205
  31    0.0000057  -0.00001058
  32    0.0000008  -0.00000270
  33    0.0000008  -0.00000399
  34    0.0000007  -0.00000293
  35    0.0000008  -0.00000553
  36    0.0000000  -0.00000225
  37    0.0000068  -0.00002123
  38    0.0000032  -0.00000561
  39    0.0000042  -0.00000940
  40    0.0000041  -0.00001004
  41    0.0000004  -0.00000242
  42    0.0000005  -0.00000246
  43    0.0000004  -0.00000064
  44    0.0000007  -0.00000448
  45    0.0000000  -0.00000056
  46    0.0000031  -0.00001050
  47    0.0000031  -0.00000776
  48    0.0000040  -0.00001017
  49    0.0000036  -0.00000776
  50    0.0000004  -0.00000041
  51    0.0000004  -0.00000025
  52    0.0000004  -0.00000098
  53    0.0000007  -0.00000385
  54    0.0000000  -0.00000072
  55    0.0000021  -0.00000365
  56    0.0000028  -0.00000445
  57    0.0000031  -0.00000848
  58    0.0000032  -0.00000517
  59    0.0000003  -0.00000029
  60    0.0000004  -0.00000175
  61    0.0000003  -0.00000196
  62    0.0000006  -0.00000428
  63    0.0000000  -0.00000002
  64    0.0000013  -0.00000290
  65    0.0000026  -0.00000352
  66    0.0000020  -0.00000375
  67    0.0000030  -0.00000425
  68    0.0000003  -0.00000035
  69    0.0000003  -0.00000042
  70    0.0000003  -0.00000142
  71    0.0000004  -0.00000073
  72    0.0000000  -0.00000016
  73    0.0000013  -0.00000260
  74    0.0000022  -0.00000463
  75    0.0000018  -0.00000372
  76    0.0000021  -0.00000454
  77    0.0000003  -0.00000059
  78    0.0000003  -0.00000065
  79    0.0000003  -0.00000003
  80    0.0000003  -0.00000127
  81    0.0000000  -0.00000015
  82    0.0000012  -0.00000571
  83    0.0000019  -0.00000415
  84    0.0000014  -0.00000220
  85    0.0000020  -0.00000507
  86    0.0000003  -0.00000055
  87    0.0000003  -0.00000132
  88    0.0000003  -0.00000079
  89    0.0000003  -0.00000126
  90    0.0000000  -0.00000061
  91    0.0000009  -0.00000185
  92    0.0000017  -0.00000407
  93    0.0000014  -0.00000490
  94    0.0000012  -0.00000163
  95    0.0000003  -0.00000042
  96    0.0000003  -0.00000065
  97    0.0000003  -0.00000049
  98    0.0000003  -0.00000034
  99    0.0000000  -0.00000011
 100    0.0000008  -0.00000118
 101    0.0000014  -0.00000428
 102    0.0000012  -0.00000207
 103    0.0000012  -0.00000111
 104    0.0000003  -0.00000006
 105    0.0000003  0.00000009
 106    0.0000003  -0.00000043
 107    0.0000003  -0.00000007
 108    0.0000000  -0.00000001
 109    0.0000007  -0.00000191
 110    0.0000011  -0.00000211
 111    0.0000012  -0.00000285
 112    0.0000010  -0.00000279
 113    0.0000003  -0.00000011
 114    0.0000003  -0.00000016
 115    0.0000003  -0.00000010
 116    0.0000003  -0.00000036
 117    0.0000000  -0.00000002
 118    0.0000007  -0.00000207
 119    0.0000010  -0.00000214
 120    0.0000006  -0.00000088
 121    0.0000009  -0.00000213
 122    0.0000002  0.00000024
 123    0.0000002  0.00000025
 124    0.0000002  -0.00000045
 125    0.0000002  0.00000038
 126    0.0000000  -0.00000001
 127    0.0000002  0.00000012
 128    0.0000004  -0.00000161
 129    0.0000003  -0.00000215
 130    0.0000003  -0.00000093
 131    0.0000002  0.00000063
 132    0.0000002  -0.00000139
 133    0.0000002  0.00000006
 134    0.0000002  0.00000025
 135    0.0000000  -0.00000013
 136    0.0000002  0.00000034
 137    0.0000003  -0.00000100
 138    0.0000002  -0.00000042
 139    0.0000003  -0.00000076
 140    0.0000002  0.00000064
 141    0.0000002  0.00000060
 142    0.0000002  0.00000058
 143    0.0000002  0.00000013
 144    0.0000000  -0.00000002
 145    0.0000002  -0.00000064
 146    0.0000002  -0.00000003
 147    0.0000002  -0.00000052
 148    0.0000003  -0.00000173
 149    0.0000002  0.00000062
 150    0.0000002  0.00000060
 151    0.0000002  0.00000060
 152    0.0000002  0.00000065
 153    0.0000000  0.00000001
 154    0.0000002  -0.00000051
 155    0.0000002  -0.00000034
 156    0.0000002  -0.00000048
 157    0.0000002  -0.00000046
 158    0.0000001  0.00000043
 159    0.0000002  0.00000036
 160    0.0000002  0.00000065
 161    0.0000002  0.00000062
 162    0.0000000  0.00000004
 163    0.0000002  0.00000004
 164    0.0000002  0.00000040
 165    0.0000002  -0.00000052
 166    0.0000002  -0.00000026
 167    0.0000001  0.00000042
 168    0.0000002  0.00000065
 169    0.0000002  0.00000046
 170    0.0000002  0.00000037
 171    0.0000000  0.00000005
 172    0.0000001  0.00000044
 173    0.0000002  0.00000030
 174    0.0000002  0.00000026
 175    0.0000002  0.00000027
 176    0.0000001  0.00000047
 177    0.0000002  0.00000042
 178    0.0000002  0.00000063
 179    0.0000002  0.00000009
 180    0.0000000  0.00000005
 181    0.0000001  0.00000024
 182    0.0000002  0.00000032
 183    0.0000002  0.00000022
 184    0.0000002  0.00000033
 185    0.0000001  0.00000063
 186    0.0000002  0.00000063
 187    0.0000002  0.00000048
 188    0.0000002  0.00000047
 189    0.0000000  0.00000003
 
----------------
 Final Energies 
----------------
Final NOF Total Energy =    -291.3502711
 
Total Orbital Internal Iterations = 10
Total Occupation Internal Iterations = 15
 
Elapsed time:   66.84 Seconds

---------------------------------
   Lowdin Population Analysis    
---------------------------------
 Idx  Atom   Population   Charge 
---------------------------------
  1    Si    13.477       0.523
  2     H     1.131      -0.131
  3     H     1.131      -0.131
  4     H     1.131      -0.131
  5     H     1.131      -0.131

---------------------------------
   M Diagnostic: 0.02
---------------------------------

