Computing Integrals
Basis Set                                            = def2-qzvp
Auxiliary Basis Set                                  = def2-universal-jkfit
Gaussian Type                                        = Spherical
Elapsed time:    2.99 Seconds

Number of basis functions                   (NBF)    = 140
Number of auxiliary basis functions         (NBFAUX) = 256
Inactive Doubly occupied orbitals up to     (NO1)    = 0
No. considered Strongly Doubly occupied MOs (NDOC)   = 15
No. considered Strongly Singly occupied MOs (NSOC)   = 2
NO. of Weakly occ. per St. Doubly occ.  MOs (NCWO)   = 8
Dimension of the Nat. Orb. subspace         (NBF5)   = 137
No. of electrons                                     = 32
    No. of alpha electrons                           = 17
    No. of beta electrons                            = 15
Multiplicity                                         = 3

Geometry
========
 S       0.0000000       0.0000000      -0.9540074
 S       0.0000000       0.0000000       0.9540074

No violations of the orthonormality
No violations of the orthonormality
 
PNOF5/ADABelief Calculation
==================
 
  Nitext  Nit_orb  Time   Nit_occ  Time         Eelec          Etot           Ediff      maxdiff    MaxGrad_orb  Grad_occ
     1      10    2.4e+01   18    2.6e+01  -866.10303514  -795.10301555 -10865.10303514   0.003654   1.5e-02   2.1e-04 0.02
     2      20    9.2e+00    0    3.0e-02  -866.16793698  -795.16791739    -0.06490184   0.003654   1.5e-02   2.1e-04 0.02
     3      40    1.3e+01   31    6.0e-01  -866.17804681  -795.17802722    -0.01010983   0.105406   4.2e-01   2.4e-04 0.01
     4      40    1.5e+01   14    2.4e-01  -866.20322091  -795.20320132    -0.02517410   0.002163   8.7e-03   1.9e-04 0.01
     5      40    2.0e+01    7    1.9e-01  -866.21264113  -795.21262154    -0.00942022   0.003495   1.4e-02   2.6e-04 0.01
     6      40    1.8e+01   13    2.2e-01  -866.21842524  -795.21840565    -0.00578411   0.002534   1.0e-02   2.1e-04 0.01
     7      40    1.2e+01    6    2.0e-01  -866.22314141  -795.22312182    -0.00471617   0.002597   1.0e-02   2.1e-04 0.01
     8      40    1.7e+01    7    1.4e-01  -866.22696953  -795.22694994    -0.00382812   0.002522   1.0e-02   2.2e-04 0.01
     9      40    1.4e+01   12    2.4e-01  -866.22954230  -795.22952271    -0.00257277   0.002385   9.5e-03   1.8e-04 0.01
    10      40    1.8e+01    5    1.2e-01  -866.23129332  -795.23127374    -0.00175103   0.002031   8.1e-03   1.9e-04 0.01
    11      40    1.4e+01    6    1.7e-01  -866.23248679  -795.23246720    -0.00119347   0.001556   6.1e-03   1.0e-04 0.01
    12      40    1.2e+01    5    1.5e-01  -866.23337666  -795.23335707    -0.00088987   0.001123   4.5e-03   1.6e-04 0.01
    13      40    1.7e+01    5    9.5e-02  -866.23399179  -795.23397220    -0.00061513   0.000905   3.6e-03   1.7e-04 0.01
 
RESULTS OF THE OCCUPATION OPTIMIZATION
========================================
   1    1.9999693  -91.45727014
   2    1.9999398  -82.40821102
   3    1.9999971  -18.61390620
   4    1.9995492  -7.59560277
   5    1.9996178  -7.52241131
   6    1.9995711  -7.44291746
   7    1.9994481  -7.05779053
   8    1.9995117  -6.69164102
   9    1.9993842  -6.68791599
  10    1.9994279  -6.67904170
  11    1.9906503  -0.86370966
  12    1.9887461  -0.66415428
  13    1.9887968  -0.65779552
  14    1.9878919  -0.64012972
  15    1.9880061  -0.63772996
  16    1.0000000  -0.20124571
  17    1.0000000  -0.20087534
  18    0.0046508  -0.00382356
  19    0.0045621  -0.00373811
  20    0.0047602  -0.00393148
  21    0.0049533  -0.00401899
  22    0.0043060  -0.00486131
  23    0.0002443  -0.00305236
  24    0.0002712  -0.00326336
  25    0.0002995  -0.00347686
  26    0.0002950  -0.00350824
  27    0.0002786  -0.00341100
  28    0.0002415  -0.00305909
  29    0.0002934  -0.00348262
  30    0.0000025  -0.00006240
  31    0.0000583  -0.00846651
  32    0.0000296  -0.00550954
  33    0.0028994  -0.00249060
  34    0.0037086  -0.00307164
  35    0.0031929  -0.00280527
  36    0.0034773  -0.00307591
  37    0.0021022  -0.00259791
  38    0.0001846  -0.00181246
  39    0.0002000  -0.00199151
  40    0.0001708  -0.00169566
  41    0.0001301  -0.00140176
  42    0.0001325  -0.00145105
  43    0.0001351  -0.00159504
  44    0.0001441  -0.00163720
  45    0.0000002  -0.00000477
  46    0.0000016  -0.00043853
  47    0.0000009  -0.00022740
  48    0.0020569  -0.00184357
  49    0.0020340  -0.00182871
  50    0.0020049  -0.00190815
  51    0.0011251  -0.00116441
  52    0.0013852  -0.00177610
  53    0.0001269  -0.00126605
  54    0.0001291  -0.00128571
  55    0.0000129  -0.00022888
  56    0.0001113  -0.00116919
  57    0.0000149  -0.00025057
  58    0.0000020  -0.00002897
  59    0.0000097  -0.00014720
  60    0.0000001  -0.00000014
  61    0.0000001  -0.00000009
  62    0.0000000  0.00000001
  63    0.0018580  -0.00172781
  64    0.0012934  -0.00124149
  65    0.0006055  -0.00072087
  66    0.0009486  -0.00104093
  67    0.0013195  -0.00169638
  68    0.0000121  -0.00019582
  69    0.0000112  -0.00019743
  70    0.0000026  -0.00003821
  71    0.0000129  -0.00023847
  72    0.0000013  -0.00000759
  73    0.0000017  -0.00000765
  74    0.0000020  -0.00002282
  75    0.0000000  -0.00000001
  76    0.0000000  0.00000003
  77    0.0000000  0.00000003
  78    0.0002622  -0.00035011
  79    0.0002569  -0.00033721
  80    0.0002800  -0.00037293
  81    0.0003729  -0.00046855
  82    0.0000800  -0.00014484
  83    0.0000019  -0.00001528
  84    0.0000022  -0.00001120
  85    0.0000011  -0.00000218
  86    0.0000009  -0.00000112
  87    0.0000004  -0.00000095
  88    0.0000008  -0.00000278
  89    0.0000005  -0.00000345
  90    0.0000000  -0.00000007
  91    0.0000000  0.00000004
  92    0.0000000  0.00000003
  93    0.0001532  -0.00022673
  94    0.0001013  -0.00015160
  95    0.0002353  -0.00032700
  96    0.0002205  -0.00029791
  97    0.0000618  -0.00012960
  98    0.0000011  -0.00000253
  99    0.0000008  -0.00000055
 100    0.0000007  -0.00000223
 101    0.0000007  -0.00000117
 102    0.0000004  -0.00000055
 103    0.0000006  -0.00000079
 104    0.0000004  -0.00000033
 105    0.0000000  0.00000001
 106    0.0000000  0.00000004
 107    0.0000000  0.00000002
 108    0.0000606  -0.00009467
 109    0.0000846  -0.00013265
 110    0.0000697  -0.00010744
 111    0.0001043  -0.00013767
 112    0.0000549  -0.00012106
 113    0.0000006  -0.00000043
 114    0.0000007  -0.00000034
 115    0.0000004  -0.00000054
 116    0.0000005  -0.00000017
 117    0.0000003  -0.00000013
 118    0.0000003  -0.00000034
 119    0.0000004  -0.00000048
 120    0.0000000  -0.00000001
 121    0.0000000  0.00000003
 122    0.0000000  0.00000003
 123    0.0000528  -0.00008684
 124    0.0000671  -0.00010458
 125    0.0000548  -0.00009309
 126    0.0000519  -0.00008739
 127    0.0000400  -0.00008496
 128    0.0000005  -0.00000044
 129    0.0000006  -0.00000032
 130    0.0000003  -0.00000038
 131    0.0000005  0.00000010
 132    0.0000003  -0.00000007
 133    0.0000003  -0.00000021
 134    0.0000004  -0.00000011
 135    0.0000000  0.00000001
 136    0.0000000  0.00000003
 137    0.0000000  0.00000002
 
----------------
 Final Energies 
----------------
Final NOF Total Energy =    -795.2339722
 
Total Orbital Internal Iterations = 470
Total Occupation Internal Iterations = 129
 
Elapsed time:  248.60 Seconds

---------------------------------
   Lowdin Population Analysis    
---------------------------------
 Idx  Atom   Population   Charge 
---------------------------------
  1     S    16.001      -0.001
  2     S    15.999       0.001

---------------------------------
   M Diagnostic: 0.01
---------------------------------

