Computing Integrals
Basis Set                                            = def2-qzvp
Auxiliary Basis Set                                  = def2-universal-jkfit
Gaussian Type                                        = Spherical
Elapsed time:    4.58 Seconds

Number of basis functions                   (NBF)    = 361
Number of auxiliary basis functions         (NBFAUX) = 427
Inactive Doubly occupied orbitals up to     (NO1)    = 0
No. considered Strongly Doubly occupied MOs (NDOC)   = 20
No. considered Strongly Singly occupied MOs (NSOC)   = 0
NO. of Weakly occ. per St. Doubly occ.  MOs (NCWO)   = 17
Dimension of the Nat. Orb. subspace         (NBF5)   = 360
No. of electrons                                     = 40
    No. of alpha electrons                           = 20
    No. of beta electrons                            = 20
Multiplicity                                         = 1

Geometry
========
 C      -1.0030357      -0.6889701       0.0000000
 S      -0.5240287       1.0782525       0.0000000
 C       1.2518364       0.9104610       0.0000000
 O       1.8606503      -0.1261990       0.0000000
 H      -2.0908665      -0.7143177       0.0000000
 H      -0.6164043      -1.1801800      -0.8894538
 H      -0.6164043      -1.1801800       0.8894538
 H       1.7382527       1.9011333       0.0000000

No violations of the orthonormality
No violations of the orthonormality
 
PNOF5/ADABelief Calculation
==================
 
  Nitext  Nit_orb  Time   Nit_occ  Time         Eelec          Etot           Ediff      maxdiff    MaxGrad_orb  Grad_occ
     1      10    2.5e+01   21    2.8e+01  -705.98557013  -550.74804116 -10704.98557013   0.004112   1.6e-02   2.1e-04 0.07
     2      20    9.8e+00    0    4.5e-01  -706.00806183  -550.77053286    -0.02249170   0.004112   1.6e-02   2.1e-04 0.07
     3      40    1.9e+01   70    9.1e+00  -706.02249042  -550.78496145    -0.01442859   0.318302   1.3e+00   2.7e-04 0.06
     4      40    1.8e+01   15    2.2e+00  -706.11463630  -550.87710733    -0.09214587   0.003851   1.5e-02   3.1e-04 0.06
     5      40    1.8e+01   26    3.5e+00  -706.13221394  -550.89468496    -0.01757764   0.004394   1.8e-02   2.5e-04 0.06
     6      40    1.9e+01   11    1.7e+00  -706.14042886  -550.90289988    -0.00821492   0.003703   1.5e-02   2.6e-04 0.06
     7      40    1.9e+01   10    1.6e+00  -706.14458859  -550.90705961    -0.00415973   0.005347   2.1e-02   2.7e-04 0.06
     8      40    1.8e+01    6    1.2e+00  -706.14710055  -550.90957157    -0.00251196   0.002582   1.0e-02   3.3e-04 0.06
     9      40    1.9e+01    6    1.1e+00  -706.14858305  -550.91105407    -0.00148250   0.003079   1.2e-02   3.2e-04 0.06
    10      40    1.9e+01    6    1.1e+00  -706.14962058  -550.91209161    -0.00103753   0.002535   1.0e-02   3.2e-04 0.06
    11      40    1.9e+01    1    5.6e-01  -706.15029793  -550.91276896    -0.00067735   0.002930   1.2e-02   3.0e-04 0.06
    12      40    1.9e+01   13    1.9e+00  -706.15062464  -550.91309567    -0.00032671   0.002247   9.0e-03   1.9e-04 0.06
    13      40    1.8e+01    1    5.7e-01  -706.15095962  -550.91343065    -0.00033498   0.002895   1.2e-02   2.1e-04 0.06
    14      40    1.8e+01    2    6.8e-01  -706.15103295  -550.91350398    -0.00007333   0.003337   1.3e-02   2.0e-04 0.06
    15      40    1.9e+01    3    7.9e-01  -706.15108513  -550.91355615    -0.00005218   0.003718   1.5e-02   1.6e-04 0.06
    16      40    1.9e+01    0    4.6e-01  -706.15116321  -550.91363424    -0.00007809   0.003406   1.4e-02   2.3e-04 0.06
    17      50    2.3e+01    1    5.8e-01  -706.15124489  -550.91371591    -0.00008167   0.002473   9.9e-03   1.9e-04 0.06
    18      50    2.3e+01    3    7.8e-01  -706.15128433  -550.91375536    -0.00003945   0.002214   8.9e-03   1.9e-04 0.06
    19      50    2.3e+01    0    4.8e-01  -706.15132715  -550.91379818    -0.00004282   0.001587   6.3e-03   2.1e-04 0.06
    20      60    2.8e+01    1    5.7e-01  -706.15137099  -550.91384202    -0.00004384   0.001032   4.1e-03   2.2e-04 0.06
    21      60    2.7e+01    0    4.6e-01  -706.15138157  -550.91385259    -0.00001058   0.001478   5.9e-03   2.1e-04 0.06
    22      70    3.1e+01    0    4.6e-01  -706.15139797  -550.91386899    -0.00001640   0.000964   3.9e-03   2.2e-04 0.06
 
RESULTS OF THE OCCUPATION OPTIMIZATION
========================================
   1    1.9999400  -82.29381577
   2    1.9998023  -20.56277994
   3    1.9999979  -18.66101865
   4    1.9994526  -11.34503664
   5    1.9994488  -11.26202868
   6    1.9995421  -6.66338639
   7    1.9994034  -6.65573694
   8    1.9994210  -6.65317739
   9    1.9908493  -1.16517407
  10    1.9879373  -0.80322876
  11    1.9906392  -0.78214331
  12    1.9906036  -0.77874336
  13    1.9777347  -0.75171780
  14    1.9864349  -0.74260781
  15    1.9784819  -0.70898816
  16    1.9786398  -0.70405080
  17    1.9785525  -0.70395224
  18    1.9803773  -0.57316585
  19    1.9799390  -0.57087513
  20    1.9371170  -0.56533184
  21    0.0612133  -0.03244249
  22    0.0080496  -0.00566544
  23    0.0084542  -0.00584199
  24    0.0138368  -0.01157731
  25    0.0137681  -0.01155286
  26    0.0138322  -0.01157277
  27    0.0101636  -0.00899470
  28    0.0143011  -0.01229360
  29    0.0072699  -0.00888349
  30    0.0071581  -0.00882935
  31    0.0083308  -0.00817495
  32    0.0071946  -0.01079083
  33    0.0002435  -0.00295916
  34    0.0002671  -0.00319560
  35    0.0002861  -0.00339868
  36    0.0003847  -0.00761292
  37    0.0003838  -0.00764382
  38    0.0000018  -0.00002819
  39    0.0001810  -0.00675719
  40    0.0000581  -0.00844568
  41    0.0010559  -0.00103800
  42    0.0059791  -0.00462798
  43    0.0058857  -0.00459087
  44    0.0033396  -0.00375802
  45    0.0033304  -0.00375183
  46    0.0034845  -0.00386882
  47    0.0012286  -0.00159792
  48    0.0029819  -0.00352910
  49    0.0007242  -0.00148316
  50    0.0007210  -0.00150294
  51    0.0014428  -0.00192650
  52    0.0008005  -0.00191152
  53    0.0001938  -0.00206560
  54    0.0001915  -0.00196039
  55    0.0001531  -0.00145423
  56    0.0000556  -0.00082068
  57    0.0000563  -0.00085126
  58    0.0000002  -0.00000314
  59    0.0000131  -0.00034974
  60    0.0000016  -0.00043216
  61    0.0004934  -0.00062789
  62    0.0047397  -0.00364365
  63    0.0041254  -0.00333905
  64    0.0018801  -0.00228841
  65    0.0018758  -0.00228747
  66    0.0018283  -0.00223907
  67    0.0010897  -0.00143574
  68    0.0022023  -0.00262289
  69    0.0005608  -0.00117290
  70    0.0005930  -0.00120551
  71    0.0010260  -0.00143721
  72    0.0005565  -0.00131630
  73    0.0001285  -0.00126608
  74    0.0001241  -0.00124181
  75    0.0000119  -0.00022398
  76    0.0000531  -0.00078151
  77    0.0000497  -0.00071777
  78    0.0000000  0.00000006
  79    0.0000018  -0.00015624
  80    0.0000001  0.00000031
  81    0.0000473  -0.00009385
  82    0.0007602  -0.00082467
  83    0.0005957  -0.00069583
  84    0.0017956  -0.00219315
  85    0.0017934  -0.00219209
  86    0.0017817  -0.00217085
  87    0.0008517  -0.00117420
  88    0.0021014  -0.00255378
  89    0.0005166  -0.00110000
  90    0.0005629  -0.00115261
  91    0.0009713  -0.00141921
  92    0.0004517  -0.00112041
  93    0.0000099  -0.00017318
  94    0.0000112  -0.00019292
  95    0.0000052  -0.00012432
  96    0.0000490  -0.00069681
  97    0.0000481  -0.00065119
  98    0.0000000  0.00000006
  99    0.0000005  -0.00000950
 100    0.0000000  0.00000012
 101    0.0000239  -0.00002707
 102    0.0001918  -0.00026049
 103    0.0002065  -0.00027172
 104    0.0001046  -0.00020256
 105    0.0001046  -0.00020298
 106    0.0000989  -0.00019794
 107    0.0000753  -0.00014892
 108    0.0001264  -0.00023527
 109    0.0000895  -0.00026315
 110    0.0000887  -0.00026245
 111    0.0000894  -0.00017244
 112    0.0000382  -0.00013657
 113    0.0000013  0.00000013
 114    0.0000011  -0.00000052
 115    0.0000003  0.00000002
 116    0.0000059  -0.00028693
 117    0.0000057  -0.00028662
 118    0.0000000  0.00000005
 119    0.0000003  -0.00000507
 120    0.0000000  0.00000007
 121    0.0000179  -0.00002159
 122    0.0001093  -0.00016796
 123    0.0001179  -0.00017599
 124    0.0000958  -0.00019523
 125    0.0000968  -0.00019626
 126    0.0000977  -0.00019706
 127    0.0000584  -0.00012766
 128    0.0001106  -0.00021285
 129    0.0000887  -0.00025447
 130    0.0000868  -0.00025139
 131    0.0000712  -0.00015245
 132    0.0000256  -0.00010466
 133    0.0000002  0.00000014
 134    0.0000002  0.00000014
 135    0.0000002  0.00000011
 136    0.0000005  -0.00000396
 137    0.0000012  -0.00000539
 138    0.0000000  0.00000005
 139    0.0000002  0.00000006
 140    0.0000000  0.00000006
 141    0.0000072  -0.00001462
 142    0.0000707  -0.00011044
 143    0.0000707  -0.00011066
 144    0.0000852  -0.00016803
 145    0.0000875  -0.00016979
 146    0.0000852  -0.00016641
 147    0.0000253  -0.00006801
 148    0.0000963  -0.00019102
 149    0.0000462  -0.00016409
 150    0.0000530  -0.00017487
 151    0.0000457  -0.00010766
 152    0.0000252  -0.00011431
 153    0.0000002  0.00000015
 154    0.0000002  0.00000021
 155    0.0000002  0.00000009
 156    0.0000004  -0.00001651
 157    0.0000005  -0.00000329
 158    0.0000000  0.00000004
 159    0.0000001  -0.00000004
 160    0.0000000  0.00000006
 161    0.0000072  -0.00001427
 162    0.0000643  -0.00010398
 163    0.0000607  -0.00010390
 164    0.0000789  -0.00016341
 165    0.0000779  -0.00016321
 166    0.0000807  -0.00016492
 167    0.0000232  -0.00006479
 168    0.0000885  -0.00018628
 169    0.0000336  -0.00012014
 170    0.0000315  -0.00012023
 171    0.0000324  -0.00010007
 172    0.0000170  -0.00009270
 173    0.0000002  0.00000015
 174    0.0000001  0.00000026
 175    0.0000002  0.00000016
 176    0.0000003  -0.00000318
 177    0.0000003  -0.00001567
 178    0.0000000  0.00000004
 179    0.0000001  0.00000027
 180    0.0000000  0.00000006
 181    0.0000046  -0.00000688
 182    0.0000402  -0.00007729
 183    0.0000522  -0.00008263
 184    0.0000746  -0.00016119
 185    0.0000747  -0.00016152
 186    0.0000776  -0.00016228
 187    0.0000147  -0.00004266
 188    0.0000732  -0.00016227
 189    0.0000311  -0.00012702
 190    0.0000263  -0.00012067
 191    0.0000162  -0.00004752
 192    0.0000164  -0.00007608
 193    0.0000002  0.00000015
 194    0.0000001  0.00000026
 195    0.0000001  0.00000021
 196    0.0000002  -0.00000227
 197    0.0000003  -0.00000084
 198    0.0000000  0.00000004
 199    0.0000001  -0.00000245
 200    0.0000000  0.00000006
 201    0.0000032  -0.00001105
 202    0.0000173  -0.00002621
 203    0.0000199  -0.00002595
 204    0.0000461  -0.00013487
 205    0.0000499  -0.00013766
 206    0.0000449  -0.00013523
 207    0.0000132  -0.00002721
 208    0.0000565  -0.00014759
 209    0.0000093  -0.00004353
 210    0.0000166  -0.00006124
 211    0.0000114  -0.00003194
 212    0.0000060  -0.00002492
 213    0.0000002  0.00000022
 214    0.0000001  0.00000025
 215    0.0000001  0.00000032
 216    0.0000002  -0.00000253
 217    0.0000003  -0.00000066
 218    0.0000000  0.00000004
 219    0.0000001  -0.00000252
 220    0.0000000  0.00000006
 221    0.0000021  -0.00000979
 222    0.0000153  -0.00002051
 223    0.0000107  -0.00002263
 224    0.0000333  -0.00008176
 225    0.0000279  -0.00007839
 226    0.0000318  -0.00007957
 227    0.0000064  -0.00002168
 228    0.0000342  -0.00009042
 229    0.0000071  -0.00002645
 230    0.0000065  -0.00002557
 231    0.0000085  -0.00002178
 232    0.0000056  -0.00002026
 233    0.0000002  0.00000020
 234    0.0000001  0.00000028
 235    0.0000001  0.00000034
 236    0.0000002  -0.00000112
 237    0.0000002  0.00000013
 238    0.0000000  0.00000004
 239    0.0000001  -0.00000022
 240    0.0000000  0.00000006
 241    0.0000019  -0.00000628
 242    0.0000080  -0.00001582
 243    0.0000079  -0.00001814
 244    0.0000253  -0.00007125
 245    0.0000265  -0.00007210
 246    0.0000226  -0.00006725
 247    0.0000053  -0.00001813
 248    0.0000291  -0.00008881
 249    0.0000058  -0.00002518
 250    0.0000048  -0.00002327
 251    0.0000073  -0.00002186
 252    0.0000043  -0.00002115
 253    0.0000001  0.00000036
 254    0.0000001  0.00000036
 255    0.0000001  0.00000029
 256    0.0000002  -0.00000070
 257    0.0000002  0.00000012
 258    0.0000000  0.00000004
 259    0.0000001  0.00000013
 260    0.0000000  0.00000006
 261    0.0000018  -0.00000401
 262    0.0000041  -0.00001208
 263    0.0000057  -0.00001404
 264    0.0000187  -0.00006512
 265    0.0000171  -0.00006367
 266    0.0000202  -0.00006597
 267    0.0000027  -0.00001161
 268    0.0000257  -0.00007667
 269    0.0000054  -0.00002113
 270    0.0000034  -0.00001793
 271    0.0000029  -0.00001089
 272    0.0000033  -0.00001588
 273    0.0000001  0.00000033
 274    0.0000001  0.00000035
 275    0.0000001  0.00000028
 276    0.0000002  0.00000010
 277    0.0000002  0.00000012
 278    0.0000000  0.00000003
 279    0.0000001  0.00000022
 280    0.0000000  0.00000006
 281    0.0000011  -0.00000300
 282    0.0000037  -0.00001082
 283    0.0000034  -0.00001066
 284    0.0000115  -0.00002850
 285    0.0000099  -0.00002792
 286    0.0000107  -0.00002769
 287    0.0000023  -0.00000932
 288    0.0000131  -0.00003156
 289    0.0000024  -0.00001394
 290    0.0000029  -0.00001294
 291    0.0000024  -0.00000873
 292    0.0000019  -0.00001173
 293    0.0000001  0.00000032
 294    0.0000001  0.00000030
 295    0.0000001  0.00000025
 296    0.0000002  0.00000009
 297    0.0000002  0.00000023
 298    0.0000000  0.00000003
 299    0.0000001  0.00000022
 300    0.0000000  0.00000006
 301    0.0000009  -0.00000161
 302    0.0000029  -0.00000646
 303    0.0000024  -0.00000625
 304    0.0000086  -0.00002724
 305    0.0000077  -0.00002674
 306    0.0000089  -0.00002725
 307    0.0000021  -0.00000818
 308    0.0000096  -0.00002971
 309    0.0000024  -0.00001207
 310    0.0000021  -0.00001057
 311    0.0000018  -0.00000729
 312    0.0000015  -0.00000485
 313    0.0000001  0.00000031
 314    0.0000001  0.00000030
 315    0.0000001  0.00000026
 316    0.0000002  0.00000010
 317    0.0000002  0.00000019
 318    0.0000000  0.00000003
 319    0.0000001  0.00000021
 320    0.0000000  0.00000006
 321    0.0000007  -0.00000125
 322    0.0000025  -0.00000648
 323    0.0000021  -0.00000552
 324    0.0000074  -0.00002317
 325    0.0000073  -0.00002341
 326    0.0000073  -0.00002250
 327    0.0000015  -0.00000334
 328    0.0000085  -0.00002917
 329    0.0000018  -0.00000992
 330    0.0000018  -0.00000930
 331    0.0000016  -0.00000673
 332    0.0000012  -0.00000454
 333    0.0000001  0.00000030
 334    0.0000001  0.00000030
 335    0.0000001  0.00000025
 336    0.0000001  0.00000018
 337    0.0000002  0.00000019
 338    0.0000000  0.00000003
 339    0.0000001  0.00000021
 340    0.0000000  0.00000006
 341    0.0000007  -0.00000096
 342    0.0000020  -0.00000237
 343    0.0000016  -0.00000290
 344    0.0000053  -0.00002186
 345    0.0000047  -0.00002078
 346    0.0000050  -0.00002122
 347    0.0000012  -0.00000163
 348    0.0000071  -0.00002678
 349    0.0000016  -0.00000920
 350    0.0000014  -0.00000778
 351    0.0000011  -0.00000370
 352    0.0000011  -0.00000307
 353    0.0000001  0.00000030
 354    0.0000001  0.00000026
 355    0.0000001  0.00000024
 356    0.0000001  0.00000019
 357    0.0000001  0.00000013
 358    0.0000000  0.00000000
 359    0.0000000  0.00000008
 360    0.0000000  0.00000003
 
----------------
 Final Energies 
----------------
Final NOF Total Energy =    -550.9138690
 
Total Orbital Internal Iterations = 930
Total Occupation Internal Iterations = 196
 
Elapsed time:  549.30 Seconds

---------------------------------
   Lowdin Population Analysis    
---------------------------------
 Idx  Atom   Population   Charge 
---------------------------------
  1     C     5.970       0.030
  2     S    15.411       0.589
  3     C     6.524      -0.524
  4     O     7.727       0.273
  5     H     1.089      -0.089
  6     H     1.085      -0.085
  7     H     1.085      -0.085
  8     H     1.109      -0.109

---------------------------------
   M Diagnostic: 0.06
---------------------------------

