Computing Integrals
Basis Set                                            = def2-qzvp
Auxiliary Basis Set                                  = def2-universal-jkfit
Gaussian Type                                        = Spherical
Elapsed time:    3.60 Seconds

Number of basis functions                   (NBF)    = 264
Number of auxiliary basis functions         (NBFAUX) = 242
Inactive Doubly occupied orbitals up to     (NO1)    = 0
No. considered Strongly Doubly occupied MOs (NDOC)   = 9
No. considered Strongly Singly occupied MOs (NSOC)   = 0
NO. of Weakly occ. per St. Doubly occ.  MOs (NCWO)   = 28
Dimension of the Nat. Orb. subspace         (NBF5)   = 261
No. of electrons                                     = 18
    No. of alpha electrons                           = 9
    No. of beta electrons                            = 9
Multiplicity                                         = 1

Geometry
========
 N       0.3590120       0.1821006      -0.8269715
 H       1.1876077      -0.4027530      -0.8773136
 H      -0.3028156      -0.2075590      -1.4852085
 C      -0.2010054       0.1025828       0.5204066
 H      -1.0950844       0.7204289       0.5816275
 H      -0.4650921      -0.9046595       0.8579122
 H       0.5173778       0.5098591       1.2295473

No violations of the orthonormality
No violations of the orthonormality
 
PNOF5/ADABelief Calculation
==================
 
  Nitext  Nit_orb  Time   Nit_occ  Time         Eelec          Etot           Ediff      maxdiff    MaxGrad_orb  Grad_occ
     1      10    2.3e+01    8    2.6e+01  -137.56181511   -95.46972577 -10136.56181511   0.002194   8.8e-03   2.6e-04 0.02
     2      20    4.7e+00    6    5.0e-01  -137.57632444   -95.48423509    -0.01450933   0.015741   6.3e-02   2.5e-04 0.02
     3      20    4.4e+00    0    1.6e-01  -137.57664930   -95.48455995    -0.00032485   0.015741   6.3e-02   2.5e-04 0.02
     4      40    9.2e+00    5    4.4e-01  -137.57713110   -95.48504175    -0.00048180   0.000741   3.0e-03   2.2e-04 0.02
 
RESULTS OF THE OCCUPATION OPTIMIZATION
========================================
   1    1.9996418  -15.53551647
   2    1.9994395  -11.24006797
   3    1.9832330  -0.81178576
   4    1.9798196  -0.79030667
   5    1.9795438  -0.78745425
   6    1.9778525  -0.67943148
   7    1.9778296  -0.67882893
   8    1.9776980  -0.67730474
   9    1.9864484  -0.55776896
  10    0.0105148  -0.00912430
  11    0.0144705  -0.01174168
  12    0.0144243  -0.01173957
  13    0.0144064  -0.01173442
  14    0.0152779  -0.01412533
  15    0.0150470  -0.01399910
  16    0.0138090  -0.01339670
  17    0.0003847  -0.00760100
  18    0.0002637  -0.00724395
  19    0.0010820  -0.00151408
  20    0.0034412  -0.00381143
  21    0.0033921  -0.00379129
  22    0.0033972  -0.00379294
  23    0.0024529  -0.00325928
  24    0.0024332  -0.00325810
  25    0.0016127  -0.00235077
  26    0.0000571  -0.00083927
  27    0.0000340  -0.00068649
  28    0.0007335  -0.00109674
  29    0.0018528  -0.00221342
  30    0.0018508  -0.00222973
  31    0.0018435  -0.00222716
  32    0.0012114  -0.00176758
  33    0.0011839  -0.00174802
  34    0.0006054  -0.00108782
  35    0.0000545  -0.00080950
  36    0.0000339  -0.00068438
  37    0.0006458  -0.00100889
  38    0.0018494  -0.00221884
  39    0.0018293  -0.00220308
  40    0.0018316  -0.00220541
  41    0.0010967  -0.00163894
  42    0.0010750  -0.00162471
  43    0.0005633  -0.00101857
  44    0.0000542  -0.00080524
  45    0.0000201  -0.00040144
  46    0.0001328  -0.00024998
  47    0.0001287  -0.00021562
  48    0.0001243  -0.00021201
  49    0.0001259  -0.00021236
  50    0.0000751  -0.00018075
  51    0.0000840  -0.00018533
  52    0.0000549  -0.00014245
  53    0.0000062  -0.00028653
  54    0.0000038  -0.00022241
  55    0.0001322  -0.00025022
  56    0.0001023  -0.00018851
  57    0.0001024  -0.00019294
  58    0.0001025  -0.00019368
  59    0.0000694  -0.00017125
  60    0.0000715  -0.00017576
  61    0.0000327  -0.00011004
  62    0.0000004  -0.00001925
  63    0.0000002  -0.00001196
  64    0.0001009  -0.00020531
  65    0.0000967  -0.00017942
  66    0.0000909  -0.00016940
  67    0.0000901  -0.00016728
  68    0.0000567  -0.00016195
  69    0.0000658  -0.00016096
  70    0.0000256  -0.00006203
  71    0.0000003  -0.00000118
  72    0.0000002  -0.00000029
  73    0.0000738  -0.00017423
  74    0.0000847  -0.00016406
  75    0.0000846  -0.00016350
  76    0.0000868  -0.00016672
  77    0.0000453  -0.00012882
  78    0.0000554  -0.00015038
  79    0.0000139  -0.00006337
  80    0.0000002  -0.00000086
  81    0.0000001  -0.00000015
  82    0.0000541  -0.00015947
  83    0.0000809  -0.00016446
  84    0.0000772  -0.00016178
  85    0.0000768  -0.00016070
  86    0.0000400  -0.00011073
  87    0.0000419  -0.00011299
  88    0.0000117  -0.00005609
  89    0.0000002  -0.00000008
  90    0.0000001  -0.00000003
  91    0.0000157  -0.00002967
  92    0.0000520  -0.00014182
  93    0.0000466  -0.00013738
  94    0.0000496  -0.00013750
  95    0.0000304  -0.00009796
  96    0.0000313  -0.00010087
  97    0.0000065  -0.00002667
  98    0.0000002  -0.00000010
  99    0.0000001  0.00000033
 100    0.0000136  -0.00002784
 101    0.0000287  -0.00007804
 102    0.0000371  -0.00008347
 103    0.0000273  -0.00007782
 104    0.0000235  -0.00007218
 105    0.0000235  -0.00007224
 106    0.0000058  -0.00002848
 107    0.0000002  0.00000010
 108    0.0000001  0.00000034
 109    0.0000088  -0.00002722
 110    0.0000252  -0.00007165
 111    0.0000267  -0.00007086
 112    0.0000221  -0.00006800
 113    0.0000141  -0.00004736
 114    0.0000133  -0.00004665
 115    0.0000038  -0.00002273
 116    0.0000002  0.00000043
 117    0.0000001  0.00000038
 118    0.0000067  -0.00002277
 119    0.0000210  -0.00006616
 120    0.0000190  -0.00006464
 121    0.0000184  -0.00006383
 122    0.0000117  -0.00004272
 123    0.0000087  -0.00003911
 124    0.0000035  -0.00001679
 125    0.0000002  0.00000041
 126    0.0000001  0.00000037
 127    0.0000055  -0.00001425
 128    0.0000113  -0.00002805
 129    0.0000084  -0.00002695
 130    0.0000106  -0.00002714
 131    0.0000078  -0.00002734
 132    0.0000066  -0.00002751
 133    0.0000030  -0.00001409
 134    0.0000002  0.00000038
 135    0.0000001  0.00000034
 136    0.0000048  -0.00001742
 137    0.0000082  -0.00002698
 138    0.0000081  -0.00002612
 139    0.0000091  -0.00002679
 140    0.0000069  -0.00002785
 141    0.0000061  -0.00002637
 142    0.0000019  -0.00000901
 143    0.0000002  0.00000046
 144    0.0000001  0.00000036
 145    0.0000042  -0.00001212
 146    0.0000075  -0.00002134
 147    0.0000077  -0.00002121
 148    0.0000080  -0.00002166
 149    0.0000056  -0.00001847
 150    0.0000050  -0.00001874
 151    0.0000017  -0.00000149
 152    0.0000002  0.00000042
 153    0.0000001  0.00000037
 154    0.0000034  -0.00000793
 155    0.0000054  -0.00001986
 156    0.0000067  -0.00002149
 157    0.0000071  -0.00002164
 158    0.0000046  -0.00001821
 159    0.0000045  -0.00001728
 160    0.0000015  -0.00000200
 161    0.0000001  0.00000043
 162    0.0000001  0.00000035
 163    0.0000029  -0.00000699
 164    0.0000052  -0.00001567
 165    0.0000054  -0.00001100
 166    0.0000056  -0.00001093
 167    0.0000043  -0.00001506
 168    0.0000042  -0.00001368
 169    0.0000012  -0.00000134
 170    0.0000001  0.00000040
 171    0.0000001  0.00000035
 172    0.0000026  -0.00000675
 173    0.0000050  -0.00001316
 174    0.0000049  -0.00001200
 175    0.0000047  -0.00001453
 176    0.0000034  -0.00000600
 177    0.0000039  -0.00000972
 178    0.0000012  -0.00000093
 179    0.0000001  0.00000045
 180    0.0000001  0.00000033
 181    0.0000023  -0.00000510
 182    0.0000043  -0.00001181
 183    0.0000042  -0.00001425
 184    0.0000041  -0.00001139
 185    0.0000030  -0.00000648
 186    0.0000028  -0.00000795
 187    0.0000011  -0.00000088
 188    0.0000001  0.00000040
 189    0.0000001  0.00000030
 190    0.0000022  -0.00000310
 191    0.0000039  -0.00000986
 192    0.0000039  -0.00001015
 193    0.0000039  -0.00001047
 194    0.0000030  -0.00000597
 195    0.0000026  -0.00000655
 196    0.0000010  0.00000113
 197    0.0000001  0.00000044
 198    0.0000001  0.00000035
 199    0.0000020  -0.00000165
 200    0.0000035  -0.00000835
 201    0.0000034  -0.00000949
 202    0.0000033  -0.00000882
 203    0.0000024  -0.00000430
 204    0.0000021  -0.00000579
 205    0.0000010  0.00000058
 206    0.0000001  0.00000043
 207    0.0000001  0.00000035
 208    0.0000016  -0.00000191
 209    0.0000030  -0.00000860
 210    0.0000028  -0.00000769
 211    0.0000026  -0.00000670
 212    0.0000021  -0.00000539
 213    0.0000016  -0.00000456
 214    0.0000009  0.00000103
 215    0.0000001  0.00000048
 216    0.0000001  0.00000034
 217    0.0000013  -0.00000001
 218    0.0000025  -0.00000573
 219    0.0000023  -0.00000539
 220    0.0000025  -0.00000612
 221    0.0000020  -0.00000457
 222    0.0000016  -0.00000131
 223    0.0000008  0.00000035
 224    0.0000001  0.00000041
 225    0.0000001  0.00000034
 226    0.0000012  -0.00000008
 227    0.0000024  -0.00000172
 228    0.0000021  -0.00000245
 229    0.0000024  -0.00000331
 230    0.0000018  -0.00000176
 231    0.0000015  -0.00000215
 232    0.0000008  0.00000103
 233    0.0000001  0.00000044
 234    0.0000001  0.00000038
 235    0.0000010  0.00000032
 236    0.0000023  -0.00000045
 237    0.0000020  -0.00000077
 238    0.0000020  -0.00000107
 239    0.0000017  -0.00000079
 240    0.0000012  -0.00000034
 241    0.0000008  0.00000095
 242    0.0000001  0.00000043
 243    0.0000001  0.00000037
 244    0.0000010  0.00000020
 245    0.0000019  -0.00000207
 246    0.0000018  -0.00000118
 247    0.0000019  -0.00000141
 248    0.0000014  -0.00000033
 249    0.0000011  0.00000034
 250    0.0000007  0.00000141
 251    0.0000001  0.00000042
 252    0.0000001  0.00000036
 253    0.0000010  0.00000067
 254    0.0000016  -0.00000039
 255    0.0000015  -0.00000102
 256    0.0000016  -0.00000104
 257    0.0000012  0.00000035
 258    0.0000010  0.00000041
 259    0.0000007  0.00000102
 260    0.0000001  0.00000049
 261    0.0000001  0.00000039
 
----------------
 Final Energies 
----------------
Final NOF Total Energy =     -95.4850418
 
Total Orbital Internal Iterations = 90
Total Occupation Internal Iterations = 19
 
Elapsed time:   85.25 Seconds

---------------------------------
   Lowdin Population Analysis    
---------------------------------
 Idx  Atom   Population   Charge 
---------------------------------
  1     N     6.491       0.509
  2     H     1.189      -0.189
  3     H     1.195      -0.195
  4     C     5.894       0.106
  5     H     1.073      -0.073
  6     H     1.085      -0.085
  7     H     1.073      -0.073

---------------------------------
   M Diagnostic: 0.02
---------------------------------

