Computing Integrals
Basis Set                                            = def2-qzvp
Auxiliary Basis Set                                  = def2-universal-jkfit
Gaussian Type                                        = Spherical
Elapsed time:    4.97 Seconds

Number of basis functions                   (NBF)    = 147
Number of auxiliary basis functions         (NBFAUX) = 131
Inactive Doubly occupied orbitals up to     (NO1)    = 0
No. considered Strongly Doubly occupied MOs (NDOC)   = 4
No. considered Strongly Singly occupied MOs (NSOC)   = 1
NO. of Weakly occ. per St. Doubly occ.  MOs (NCWO)   = 35
Dimension of the Nat. Orb. subspace         (NBF5)   = 145
No. of electrons                                     = 9
    No. of alpha electrons                           = 5
    No. of beta electrons                            = 4
Multiplicity                                         = 2

Geometry
========
 N       0.0000000       0.0000000       0.0000000
 H       0.5094001      -0.8823069       0.0000000
 H       0.5094001       0.8823069       0.0000000
 H      -1.0188002       0.0000000       0.0000000

No violations of the orthonormality
No violations of the orthonormality
 
PNOF5/ADABelief Calculation
==================
 
  Nitext  Nit_orb  Time   Nit_occ  Time         Eelec          Etot           Ediff      maxdiff    MaxGrad_orb  Grad_occ
     1      10    4.7e+01   15    2.4e+01   -67.78788735   -55.98060806 -10066.78788735   0.004779   2.0e-02   1.6e-04 0.02
     2      20    5.4e+01    5    5.2e-02   -67.80704898   -55.99976970    -0.01916163   0.012457   5.0e-02   1.4e-04 0.02
     3      20    6.1e+01    3    1.0e-01   -67.80765448   -56.00037519    -0.00060549   0.020055   8.0e-02   2.0e-04 0.02
     4      20    5.6e+01    0    1.9e-02   -67.80772354   -56.00044425    -0.00006906   0.020055   8.0e-02   2.0e-04 0.02
     5      40    1.1e+02    7    9.8e-02   -67.80820700   -56.00092771    -0.00048346   0.001422   5.7e-03   1.4e-04 0.02
     6      40    1.1e+02    0    7.4e-02   -67.80842870   -56.00114941    -0.00022170   0.002280   9.1e-03   1.5e-04 0.02
     7      50    1.5e+02    0    4.6e-02   -67.80852861   -56.00124932    -0.00009992   0.001845   7.4e-03   2.0e-04 0.02
     8      60    1.7e+02    7    1.4e-01   -67.80858729   -56.00130800    -0.00005867   0.001639   6.6e-03   1.8e-04 0.01
     9      60    1.8e+02   21    4.0e-01   -67.80880586   -56.00152658    -0.00021858   0.002103   8.4e-03   1.7e-04 0.01
    10      60    1.8e+02   10    1.6e-01   -67.80952011   -56.00224082    -0.00071425   0.002740   1.1e-02   1.7e-04 0.01
    11      60    1.8e+02    5    1.4e-01   -67.80996718   -56.00268789    -0.00044707   0.001743   7.0e-03   1.3e-04 0.02
    12      60    1.7e+02    3    4.4e-02   -67.81011432   -56.00283503    -0.00014714   0.000933   3.7e-03   1.7e-04 0.02
 
RESULTS OF THE OCCUPATION OPTIMIZATION
========================================
   1    1.9996332  -15.99397961
   2    1.9826252  -1.22960326
   3    1.9826361  -1.22953427
   4    1.9825845  -1.22934240
   5    1.0000000  -0.45644306
   6    0.0127931  -0.01545978
   7    0.0126959  -0.01539465
   8    0.0127610  -0.01543848
   9    0.0002589  -0.00726758
  10    0.0019346  -0.00329331
  11    0.0019574  -0.00330540
  12    0.0019330  -0.00328965
  13    0.0000375  -0.00074635
  14    0.0010864  -0.00196675
  15    0.0010904  -0.00196558
  16    0.0010824  -0.00196199
  17    0.0000310  -0.00067521
  18    0.0009905  -0.00184449
  19    0.0009980  -0.00184542
  20    0.0009867  -0.00183851
  21    0.0000304  -0.00063954
  22    0.0001212  -0.00029866
  23    0.0001243  -0.00030209
  24    0.0001230  -0.00030144
  25    0.0000039  -0.00022063
  26    0.0000971  -0.00024676
  27    0.0000996  -0.00024823
  28    0.0000965  -0.00024490
  29    0.0000003  -0.00000620
  30    0.0000856  -0.00021973
  31    0.0000865  -0.00021726
  32    0.0000843  -0.00021616
  33    0.0000002  -0.00000358
  34    0.0000803  -0.00020231
  35    0.0000845  -0.00021356
  36    0.0000818  -0.00021178
  37    0.0000002  -0.00000348
  38    0.0000753  -0.00022234
  39    0.0000757  -0.00022247
  40    0.0000753  -0.00021764
  41    0.0000002  -0.00000327
  42    0.0000437  -0.00013685
  43    0.0000431  -0.00013864
  44    0.0000424  -0.00013527
  45    0.0000002  0.00000011
  46    0.0000195  -0.00006979
  47    0.0000228  -0.00007648
  48    0.0000222  -0.00007562
  49    0.0000002  -0.00000005
  50    0.0000180  -0.00005838
  51    0.0000142  -0.00005066
  52    0.0000156  -0.00005281
  53    0.0000002  0.00000025
  54    0.0000116  -0.00004314
  55    0.0000124  -0.00004460
  56    0.0000108  -0.00004229
  57    0.0000002  0.00000023
  58    0.0000097  -0.00003344
  59    0.0000093  -0.00003280
  60    0.0000092  -0.00003279
  61    0.0000002  0.00000026
  62    0.0000078  -0.00003124
  63    0.0000081  -0.00003125
  64    0.0000079  -0.00003123
  65    0.0000002  0.00000037
  66    0.0000069  -0.00003068
  67    0.0000071  -0.00003096
  68    0.0000074  -0.00003178
  69    0.0000002  0.00000035
  70    0.0000065  -0.00002938
  71    0.0000056  -0.00002638
  72    0.0000064  -0.00002878
  73    0.0000002  0.00000039
  74    0.0000041  -0.00002123
  75    0.0000047  -0.00002019
  76    0.0000045  -0.00002176
  77    0.0000002  0.00000042
  78    0.0000034  -0.00001526
  79    0.0000041  -0.00001814
  80    0.0000035  -0.00001545
  81    0.0000002  0.00000041
  82    0.0000029  -0.00001184
  83    0.0000031  -0.00001364
  84    0.0000028  -0.00001151
  85    0.0000002  0.00000043
  86    0.0000024  -0.00000898
  87    0.0000022  -0.00000848
  88    0.0000024  -0.00000908
  89    0.0000002  0.00000044
  90    0.0000020  -0.00000859
  91    0.0000020  -0.00000895
  92    0.0000019  -0.00000764
  93    0.0000002  0.00000048
  94    0.0000017  -0.00000512
  95    0.0000016  -0.00000552
  96    0.0000019  -0.00000612
  97    0.0000002  0.00000042
  98    0.0000015  -0.00000563
  99    0.0000014  -0.00000508
 100    0.0000016  -0.00000561
 101    0.0000002  0.00000047
 102    0.0000014  -0.00000537
 103    0.0000013  -0.00000499
 104    0.0000015  -0.00000486
 105    0.0000002  0.00000044
 106    0.0000012  -0.00000319
 107    0.0000012  -0.00000343
 108    0.0000013  -0.00000446
 109    0.0000002  0.00000047
 110    0.0000010  -0.00000121
 111    0.0000011  -0.00000223
 112    0.0000012  -0.00000147
 113    0.0000002  0.00000042
 114    0.0000010  -0.00000152
 115    0.0000010  -0.00000130
 116    0.0000011  -0.00000200
 117    0.0000002  0.00000047
 118    0.0000009  -0.00000166
 119    0.0000009  -0.00000166
 120    0.0000010  -0.00000146
 121    0.0000002  0.00000047
 122    0.0000009  -0.00000169
 123    0.0000009  -0.00000164
 124    0.0000009  -0.00000148
 125    0.0000002  0.00000046
 126    0.0000008  -0.00000130
 127    0.0000008  -0.00000122
 128    0.0000008  -0.00000159
 129    0.0000002  0.00000051
 130    0.0000008  -0.00000128
 131    0.0000007  -0.00000105
 132    0.0000008  -0.00000125
 133    0.0000001  0.00000045
 134    0.0000008  -0.00000159
 135    0.0000007  -0.00000094
 136    0.0000007  -0.00000125
 137    0.0000001  0.00000035
 138    0.0000007  -0.00000099
 139    0.0000006  -0.00000077
 140    0.0000006  -0.00000038
 141    0.0000001  0.00000025
 142    0.0000006  -0.00000042
 143    0.0000006  0.00000009
 144    0.0000006  -0.00000071
 145    0.0000001  0.00000038
 
----------------
 Final Energies 
----------------
Final NOF Total Energy =     -56.0028350
 
Total Orbital Internal Iterations = 500
Total Occupation Internal Iterations = 76
 
Elapsed time: 1504.18 Seconds

---------------------------------
   Lowdin Population Analysis    
---------------------------------
 Idx  Atom   Population   Charge 
---------------------------------
  1     N     5.804       1.196
  2     H     1.065      -0.065
  3     H     1.065      -0.065
  4     H     1.065      -0.065

---------------------------------
   M Diagnostic: 0.02
---------------------------------

