AHB21-1B
/software/eb2024/easybuild/software/common/software/Julia/1.11.3-linux-x86_64/bin/julia
Job runing on na16
Choosing scratch ...
Automatic scratch folder selection
/scratch/pobleyef/286886
/scratch/pobleyef/286886 directory
cp AHB21-1B.jl AHB21-1B.jld2 to  /scratch/pobleyef/286886/.
AHB21-1B_C.jld2 not found
AHB21-1B_n.jld2 not found
Computing Integrals
Basis Set                                            = def2-qzvp
Auxiliary Basis Set                                  = def2-universal-jkfit
Gaussian Type                                        = Spherical
Elapsed time:    2.53 Seconds

Number of basis functions                   (NBF)    = 147
Number of auxiliary basis functions         (NBFAUX) = 131
Inactive Doubly occupied orbitals up to     (NO1)    = 0
No. considered Strongly Doubly occupied MOs (NDOC)   = 5
No. considered Strongly Singly occupied MOs (NSOC)   = 0
NO. of Weakly occ. per St. Doubly occ.  MOs (NCWO)   = 1
Dimension of the Nat. Orb. subspace         (NBF5)   = 10
No. of electrons                                     = 10
    No. of alpha electrons                           = 5
    No. of beta electrons                            = 5
Multiplicity                                         = 1

Geometry
========
 N      -1.0714682      -0.0091258       1.5027946
 H      -0.6175728      -0.9169838       1.4741486
 H      -0.6009001       0.4868762       2.2535558
 H      -0.7630722       0.4831850       0.6081727

No violations of the orthonormality
No violations of the orthonormality
 
PNOF8/ADABelief Calculation
==================
 
  Nitext  Nit_orb  Time   Nit_occ  Time         Eelec          Etot           Ediff      maxdiff    MaxGrad_orb  Grad_occ
     1      10    3.4e+01    6    2.1e+01   -64.56895324   -52.83054068 -10063.56895324   0.479557   1.9e+00   1.2e-04 0.01
     2      10    1.5e+01    9    2.3e-03   -66.98146663   -55.24305407    -2.41251339   0.279084   1.1e+00   3.4e-05 0.02
     3      10    1.6e+01    8    2.9e-03   -67.72123950   -55.98282694    -0.73977287   0.138740   5.5e-01   4.7e-05 0.04
     4      10    1.5e+01    4    1.4e-03   -68.00001842   -56.26160585    -0.27877892   0.164012   6.6e-01   1.3e-04 0.03
     5      10    1.6e+01    3    2.1e-03   -68.09973382   -56.36132125    -0.09971540   0.122215   4.9e-01   1.2e-04 0.03
     6      10    1.5e+01    4    7.1e-03   -68.11468740   -56.37627484    -0.01495358   0.183573   7.3e-01   2.1e-05 0.03
     7      10    1.6e+01    2    2.2e-03   -68.11680122   -56.37838865    -0.00211382   0.186941   7.5e-01   9.5e-05 0.03
     8      10    1.9e+01    0    7.0e-02   -68.11687891   -56.37846635    -0.00007769   0.186941   7.5e-01   9.5e-05 0.03
     9      30    5.2e+01    2    3.2e-03   -68.13087341   -56.39246085    -0.01399450   0.004542   1.8e-02   6.1e-05 0.03
    10      30    5.3e+01    2    2.5e-02   -68.13240948   -56.39399692    -0.00153607   0.003229   1.3e-02   8.1e-05 0.03
    11      30    4.7e+01    2    3.3e-02   -68.13377335   -56.39536078    -0.00136387   0.003316   1.3e-02   7.2e-05 0.03
    12      30    4.7e+01    2    4.1e-03   -68.13501127   -56.39659870    -0.00123792   0.003645   1.5e-02   5.3e-05 0.03
    13      30    4.6e+01    2    3.7e-03   -68.13559550   -56.39718294    -0.00058423   0.003741   1.5e-02   2.7e-05 0.03
    14      30    4.6e+01    1    2.8e-03   -68.13573647   -56.39732391    -0.00014097   0.004109   1.6e-02   1.6e-04 0.03
    15      30    4.9e+01    0    3.8e-03   -68.13574079   -56.39732823    -0.00000432   0.004109   1.6e-02   1.6e-04 0.03
    16      43    6.8e+01    1    3.0e-02   -68.13580841   -56.39739585    -0.00006762   0.000474   1.9e-03   1.1e-04 0.03
 
RESULTS OF THE OCCUPATION OPTIMIZATION
========================================
   1    1.9997171  -15.55607140
   2    1.9887061  -1.04301647
   3    1.9720881  -0.61619004
   4    1.9720915  -0.61618216
   5    1.9697847  -0.60094410
   6    0.0302153  -0.03113533
   7    0.0279085  -0.02964213
   8    0.0279119  -0.02964509
   9    0.0112939  -0.01841144
  10    0.0002829  -0.00724395
 
----------------
 Final Energies 
----------------
Final NOF Total Energy =     -56.3973958
 
Total Orbital Internal Iterations = 333
Total Occupation Internal Iterations = 48
 
Elapsed time:  590.87 Seconds

---------------------------------
   Lowdin Population Analysis    
---------------------------------
 Idx  Atom   Population   Charge 
---------------------------------
  1     N     6.466       0.534
  2     H     1.200      -0.200
  3     H     1.200      -0.200
  4     H     1.135      -0.135

---------------------------------
   M Diagnostic: 0.03
---------------------------------

Recovering execution output...
Moving from /scratch/pobleyef/286886 to /home-nas/pobleyef/Slim-NOF/ncwo1/Slim05/GNOFa20/arina.286886
mkdir -p /home-nas/pobleyef/Slim-NOF/ncwo1/Slim05/GNOFa20/arina.286886
mv /scratch/pobleyef/286886/* /home-nas/pobleyef/Slim-NOF/ncwo1/Slim05/GNOFa20/arina.286886
