Computing Integrals
Basis Set                                            = def2-qzvp
Auxiliary Basis Set                                  = def2-universal-jkfit
Gaussian Type                                        = Spherical
Elapsed time:    1.63 Seconds

Number of basis functions                   (NBF)    = 70
Number of auxiliary basis functions         (NBFAUX) = 128
Inactive Doubly occupied orbitals up to     (NO1)    = 0
No. considered Strongly Doubly occupied MOs (NDOC)   = 9
No. considered Strongly Singly occupied MOs (NSOC)   = 0
NO. of Weakly occ. per St. Doubly occ.  MOs (NCWO)   = 1
Dimension of the Nat. Orb. subspace         (NBF5)   = 18
No. of electrons                                     = 18
    No. of alpha electrons                           = 9
    No. of beta electrons                            = 9
Multiplicity                                         = 1

Geometry
========
Cl      -1.0843247      -0.3773750       0.8015475

No violations of the orthonormality
No violations of the orthonormality
 
PNOF8/ADABelief Calculation
==================
 
  Nitext  Nit_orb  Time   Nit_occ  Time         Eelec          Etot           Ediff      maxdiff    MaxGrad_orb  Grad_occ
     1      10    9.0e+00    0    1.2e+01  -459.87471945  -459.87471945 -10458.87471945   0.000909   3.6e-03   7.4e-05 0.02
 
RESULTS OF THE OCCUPATION OPTIMIZATION
========================================
   1    1.9999637  -104.53516649
   2    1.9991665  -10.16552115
   3    1.9987208  -7.73943446
   4    1.9989628  -7.69000205
   5    1.9989677  -7.68731416
   6    1.9913723  -0.73714918
   7    1.9805395  -0.15605862
   8    1.9802079  -0.15396244
   9    1.9796982  -0.15245073
  10    0.0203018  -0.01956881
  11    0.0197921  -0.01946109
  12    0.0194605  -0.01942006
  13    0.0086277  -0.03014678
  14    0.0010323  -0.01874609
  15    0.0010372  -0.01875114
  16    0.0012792  -0.01840995
  17    0.0008335  -0.01709072
  18    0.0000363  -0.00666419
 
----------------
 Final Energies 
----------------
Final NOF Total Energy =    -459.8747195
 
Total Orbital Internal Iterations = 10
Total Occupation Internal Iterations = 0
 
Elapsed time:   26.75 Seconds

---------------------------------
   Lowdin Population Analysis    
---------------------------------
 Idx  Atom   Population   Charge 
---------------------------------
  1    Cl    18.000      -1.000

---------------------------------
   M Diagnostic: 0.02
---------------------------------

