AHB21-5
/software/eb2024/easybuild/software/common/software/Julia/1.11.3-linux-x86_64/bin/julia
Job runing on nh002
Choosing scratch ...
Automatic scratch folder selection
/scratch/pobleyef/286896
/scratch/pobleyef/286896 directory
cp AHB21-5.jl AHB21-5.jld2 to  /scratch/pobleyef/286896/.
AHB21-5_C.jld2 not found
AHB21-5_n.jld2 not found
Computing Integrals
Basis Set                                            = def2-qzvp
Auxiliary Basis Set                                  = def2-universal-jkfit
Gaussian Type                                        = Spherical
Elapsed time:    4.07 Seconds

Number of basis functions                   (NBF)    = 187
Number of auxiliary basis functions         (NBFAUX) = 241
Inactive Doubly occupied orbitals up to     (NO1)    = 0
No. considered Strongly Doubly occupied MOs (NDOC)   = 14
No. considered Strongly Singly occupied MOs (NSOC)   = 0
NO. of Weakly occ. per St. Doubly occ.  MOs (NCWO)   = 1
Dimension of the Nat. Orb. subspace         (NBF5)   = 28
No. of electrons                                     = 28
    No. of alpha electrons                           = 14
    No. of beta electrons                            = 14
Multiplicity                                         = 1

Geometry
========
Cl      -1.3510430       0.0352940       0.0000000
 O       1.7413540      -0.0865720       0.0000000
 H       1.8290900       0.8701300       0.0000000
 H       0.7549300      -0.1794000       0.0000000

No violations of the orthonormality
No violations of the orthonormality
 
PNOF8/ADABelief Calculation
==================
 
  Nitext  Nit_orb  Time   Nit_occ  Time         Eelec          Etot           Ediff      maxdiff    MaxGrad_orb  Grad_occ
     1      10    2.9e+01    6    3.4e+01  -546.28885932  -507.01695594 -10545.28885932   1.474768   5.9e+00   8.7e-05 0.00
     2      10    1.4e+00    8    8.2e-02  -564.00007568  -524.72817230   -17.71121636   0.477972   1.9e+00   1.0e-04 0.01
     3      10    1.3e+00    9    1.4e-02  -570.88171611  -531.60981273    -6.88164043   0.393889   1.6e+00   1.7e-04 0.02
     4      10    1.2e+00    7    6.5e-02  -573.54797810  -534.27607471    -2.66626199   0.755035   3.0e+00   2.4e-04 0.03
     5      10    1.5e+00    6    7.2e-03  -574.70354473  -535.43164134    -1.15556663   0.531683   2.1e+00   1.6e-04 0.03
     6      10    1.4e+00    4    5.4e-02  -575.07127760  -535.79937422    -0.36773287   0.498732   2.0e+00   2.7e-04 0.02
     7      10    1.4e+00    4    6.5e-03  -575.13116683  -535.85926344    -0.05988923   0.825623   3.3e+00   1.2e-04 0.02
     8      10    1.3e+00    0    4.5e-03  -575.13376660  -535.86186322    -0.00259977   0.825623   3.3e+00   1.2e-04 0.02
     9      30    4.0e+00    4    1.3e-02  -575.37765237  -536.10574898    -0.24388577   0.101562   4.1e-01   2.8e-04 0.02
    10      30    3.8e+00    5    5.5e-02  -575.40446714  -536.13256375    -0.02681477   0.038609   1.5e-01   1.4e-04 0.02
    11      30    4.1e+00    4    3.7e-02  -575.41257315  -536.14066976    -0.00810601   0.026980   1.1e-01   1.1e-04 0.03
    12      30    4.1e+00    3    5.7e-03  -575.41664891  -536.14474553    -0.00407577   0.029997   1.2e-01   2.0e-04 0.03
    13      30    3.9e+00    3    1.1e-02  -575.41897692  -536.14707354    -0.00232801   0.030600   1.2e-01   1.3e-04 0.03
    14      30    3.8e+00    2    8.4e-03  -575.41956566  -536.14766227    -0.00058873   0.029726   1.2e-01   1.8e-04 0.03
    15      30    3.9e+00    2    2.2e-02  -575.42113697  -536.14923359    -0.00157131   0.026575   1.1e-01   1.5e-04 0.03
    16      30    3.8e+00    0    1.1e-02  -575.42124243  -536.14933905    -0.00010546   0.026575   1.1e-01   1.5e-04 0.03
    17      50    6.4e+00    2    1.5e-02  -575.42453451  -536.15263113    -0.00329208   0.002750   1.1e-02   1.7e-04 0.03
    18      50    6.7e+00    3    8.1e-02  -575.42569828  -536.15379489    -0.00116377   0.007056   2.8e-02   9.3e-05 0.03
    19      50    6.6e+00    2    7.6e-02  -575.42685540  -536.15495201    -0.00115712   0.005150   2.1e-02   1.3e-04 0.03
    20      50    6.5e+00    2    1.8e-02  -575.42762492  -536.15572154    -0.00076953   0.005961   2.4e-02   1.3e-04 0.03
    21      50    6.7e+00    1    1.1e-02  -575.42805279  -536.15614941    -0.00042787   0.005901   2.4e-02   2.2e-04 0.03
    22      50    6.3e+00    1    3.6e-02  -575.42832393  -536.15642054    -0.00027114   0.004929   2.0e-02   1.8e-04 0.03
    23      50    6.2e+00    1    2.0e-02  -575.42842190  -536.15651852    -0.00009798   0.004556   1.8e-02   2.1e-04 0.03
    24      50    6.3e+00    1    1.3e-02  -575.42849325  -536.15658987    -0.00007135   0.004690   1.9e-02   1.8e-04 0.03
    25      50    6.4e+00    1    7.7e-03  -575.42852472  -536.15662133    -0.00003146   0.004899   2.0e-02   2.0e-04 0.03
    26      50    6.6e+00    1    5.9e-03  -575.42855614  -536.15665275    -0.00003142   0.004815   1.9e-02   1.4e-04 0.03
    27      50    6.7e+00    0    1.0e-02  -575.42857976  -536.15667638    -0.00002362   0.004917   2.0e-02   2.9e-04 0.03
    28      60    7.4e+00    1    1.1e-02  -575.42863699  -536.15673361    -0.00005723   0.004223   1.7e-02   9.0e-05 0.03
    29      60    7.7e+00    0    2.1e-02  -575.42866486  -536.15676147    -0.00002787   0.004159   1.7e-02   2.4e-04 0.03
    30      70    8.7e+00    1    5.5e-03  -575.42869542  -536.15679204    -0.00003056   0.004111   1.6e-02   8.1e-05 0.03
    31      70    8.7e+00    0    9.8e-03  -575.42871400  -536.15681061    -0.00001858   0.004239   1.7e-02   2.1e-04 0.03
    32      80    1.0e+01    0    4.5e-03  -575.42873937  -536.15683598    -0.00002537   0.003715   1.5e-02   1.8e-04 0.03
    33      90    1.1e+01    1    5.4e-03  -575.42876508  -536.15686170    -0.00002571   0.003494   1.4e-02   9.3e-05 0.03
    34      90    1.2e+01    0    1.0e-02  -575.42877815  -536.15687476    -0.00001307   0.003416   1.4e-02   1.7e-04 0.03
    35     100    1.3e+01    0    9.1e-03  -575.42877306  -536.15686967     0.00000509   0.004613   1.8e-02   1.7e-04 0.03
    36      86    1.1e+01    0    1.1e-02  -575.42884585  -536.15694246    -0.00007279   0.000491   2.0e-03   1.8e-04 0.03
 
RESULTS OF THE OCCUPATION OPTIMIZATION
========================================
   1    1.9999650  -104.57855935
   2    1.9997626  -20.39474256
   3    1.9991861  -10.23868997
   4    1.9988649  -7.74293753
   5    1.9988527  -7.73831561
   6    1.9985911  -7.73307618
   7    1.9919876  -1.11625824
   8    1.9909055  -0.77844104
   9    1.9704248  -0.52069402
  10    1.9711063  -0.47287875
  11    1.9796479  -0.34769568
  12    1.9841998  -0.21543498
  13    1.9800105  -0.20691243
  14    1.9791780  -0.19069010
  15    0.0208220  -0.02027448
  16    0.0199895  -0.02001875
  17    0.0158002  -0.02359444
  18    0.0203521  -0.02202108
  19    0.0288937  -0.03533134
  20    0.0295752  -0.03326272
  21    0.0090945  -0.02870048
  22    0.0080124  -0.02126954
  23    0.0014089  -0.01991139
  24    0.0011473  -0.01657415
  25    0.0011351  -0.01656634
  26    0.0008139  -0.01651943
  27    0.0002374  -0.00967863
  28    0.0000350  -0.00639602
 
----------------
 Final Energies 
----------------
Final NOF Total Energy =    -536.1569425
 
Total Orbital Internal Iterations = 1576
Total Occupation Internal Iterations = 85
 
Elapsed time:  291.57 Seconds

---------------------------------
   Lowdin Population Analysis    
---------------------------------
 Idx  Atom   Population   Charge 
---------------------------------
  1    Cl    17.768      -0.768
  2     O     7.433       0.567
  3     H     1.366      -0.366
  4     H     1.433      -0.433

---------------------------------
   M Diagnostic: 0.03
---------------------------------

Recovering execution output...
Moving from /scratch/pobleyef/286896 to /home-nas/pobleyef/Slim-NOF/ncwo1/Slim05/GNOFa20/arina.286896
mkdir -p /home-nas/pobleyef/Slim-NOF/ncwo1/Slim05/GNOFa20/arina.286896
mv /scratch/pobleyef/286896/* /home-nas/pobleyef/Slim-NOF/ncwo1/Slim05/GNOFa20/arina.286896
