BH76-RKT17
/software/eb2024/easybuild/software/common/software/Julia/1.11.3-linux-x86_64/bin/julia
Job runing on nagpu02
Choosing scratch ...
Automatic scratch folder selection
/scratch/pobleyef/287345
/scratch/pobleyef/287345 directory
cp BH76-RKT17.jl BH76-RKT17.jld2 to  /scratch/pobleyef/287345/.
Computing Integrals
Basis Set                                            = def2-qzvp
Auxiliary Basis Set                                  = def2-universal-jkfit
Gaussian Type                                        = Spherical
Elapsed time:    4.68 Seconds

Number of basis functions                   (NBF)    = 157
Number of auxiliary basis functions         (NBFAUX) = 223
Inactive Doubly occupied orbitals up to     (NO1)    = 0
No. considered Strongly Doubly occupied MOs (NDOC)   = 12
No. considered Strongly Singly occupied MOs (NSOC)   = 2
NO. of Weakly occ. per St. Doubly occ.  MOs (NCWO)   = 1
Dimension of the Nat. Orb. subspace         (NBF5)   = 26
No. of electrons                                     = 26
    No. of alpha electrons                           = 14
    No. of beta electrons                            = 12
Multiplicity                                         = 3

Geometry
========
Cl       0.1631028      -1.2898889       0.0000000
 H      -0.3262056       0.0968941       0.0000000
 O       0.1631028       1.1929948       0.0000000

No violations of the orthonormality
No violations of the orthonormality
 
PNOF8/ADABelief Calculation
==================
 
  Nitext  Nit_orb  Time   Nit_occ  Time         Eelec          Etot           Ediff      maxdiff    MaxGrad_orb  Grad_occ
     1      10    2.1e+01    0    2.0e+01  -573.93718022  -535.30742831 -10572.93718022   0.003972   1.6e-02   1.8e-04 0.03
     2      30    1.2e+01    0    3.8e-03  -573.93718022  -535.30742831     0.00000000   0.003972   1.6e-02   1.8e-04 0.03
     3      50    2.0e+01    2    3.8e-02  -573.93781603  -535.30806411    -0.00063580   0.005935   2.4e-02   1.7e-04 0.03
     4      50    2.2e+01    1    5.7e-02  -573.93813618  -535.30838426    -0.00032016   0.006960   2.8e-02   1.8e-04 0.03
     5      50    2.0e+01    2    1.7e-02  -573.93844109  -535.30868917    -0.00030491   0.006750   2.7e-02   1.6e-04 0.03
     6      50    2.2e+01    1    8.2e-03  -573.93859452  -535.30884260    -0.00015343   0.005862   2.3e-02   1.6e-04 0.03
     7      50    2.4e+01    2    4.4e-03  -573.93875483  -535.30900291    -0.00016031   0.006895   2.8e-02   1.4e-04 0.03
     8      50    2.4e+01    1    8.7e-03  -573.93886015  -535.30910823    -0.00010531   0.005513   2.2e-02   1.3e-04 0.03
     9      50    2.5e+01    2    3.6e-03  -573.93894208  -535.30919016    -0.00008193   0.006514   2.6e-02   8.9e-05 0.03
    10      50    2.4e+01    1    3.4e-03  -573.93898656  -535.30923465    -0.00004449   0.005753   2.3e-02   1.2e-04 0.03
    11      50    2.1e+01    1    4.1e-03  -573.93903928  -535.30928736    -0.00005272   0.006079   2.4e-02   1.1e-04 0.03
    12      50    2.4e+01    1    5.3e-02  -573.93908617  -535.30933425    -0.00004689   0.005917   2.4e-02   7.3e-05 0.03
    13      50    2.2e+01    2    8.0e-03  -573.93913318  -535.30938127    -0.00004701   0.006057   2.4e-02   5.3e-05 0.03
    14      50    2.4e+01    1    4.4e-03  -573.93920171  -535.30944979    -0.00006852   0.005422   2.2e-02   1.3e-04 0.03
    15      50    2.4e+01    1    4.9e-03  -573.93924200  -535.30949008    -0.00004029   0.005577   2.2e-02   8.2e-05 0.03
    16      50    2.5e+01    1    3.8e-03  -573.93929399  -535.30954207    -0.00005199   0.005633   2.3e-02   1.0e-04 0.03
    17      50    2.3e+01    1    8.6e-03  -573.93933462  -535.30958270    -0.00004063   0.005406   2.2e-02   1.3e-04 0.03
    18      50    2.1e+01    1    3.2e-02  -573.93937186  -535.30961994    -0.00003724   0.005619   2.2e-02   1.4e-04 0.03
    19      50    2.2e+01    2    3.5e-03  -573.93941012  -535.30965820    -0.00003826   0.005543   2.2e-02   9.5e-05 0.03
    20      50    2.2e+01    1    2.4e-02  -573.93946068  -535.30970876    -0.00005056   0.004956   2.0e-02   1.6e-04 0.03
    21      50    2.3e+01    1    7.5e-03  -573.93947844  -535.30972652    -0.00001776   0.005533   2.2e-02   1.3e-04 0.03
    22      50    2.3e+01    1    3.6e-02  -573.93950665  -535.30975474    -0.00002822   0.005464   2.2e-02   1.5e-04 0.03
    23      50    1.9e+01    0    3.1e-03  -573.93950773  -535.30975581    -0.00000108   0.005464   2.2e-02   1.5e-04 0.03
    24      70    3.0e+01    0    3.9e-03  -573.93964900  -535.30989709    -0.00014127   0.000497   2.0e-03   2.4e-04 0.03
 
RESULTS OF THE OCCUPATION OPTIMIZATION
========================================
   1    1.9999740  -104.85594520
   2    1.9997008  -20.77102169
   3    1.9992563  -10.54200702
   4    1.9990323  -8.01068294
   5    1.9981473  -8.00962964
   6    1.9990335  -8.00955276
   7    1.9901799  -1.31871465
   8    1.9862786  -1.10012088
   9    1.9823656  -0.64123202
  10    1.9664512  -0.57000802
  11    1.9800016  -0.52811425
  12    1.9799918  -0.52056283
  13    1.0000000  -0.40192071
  14    1.0000000  -0.36095874
  15    0.0200082  -0.02214375
  16    0.0199984  -0.02228527
  17    0.0335488  -0.04289645
  18    0.0176344  -0.02357659
  19    0.0137214  -0.02124100
  20    0.0098201  -0.02170348
  21    0.0009665  -0.01785594
  22    0.0018527  -0.02963659
  23    0.0009677  -0.01785624
  24    0.0007437  -0.01648743
  25    0.0002992  -0.00933809
  26    0.0000260  -0.00525774
 
----------------
 Final Energies 
----------------
Final NOF Total Energy =    -535.3098971
 
Total Orbital Internal Iterations = 1160
Total Occupation Internal Iterations = 26
 
Elapsed time:  570.75 Seconds

---------------------------------
   Lowdin Population Analysis    
---------------------------------
 Idx  Atom   Population   Charge 
---------------------------------
  1    Cl    16.873       0.127
  2     H     1.655      -0.655
  3     O     7.471       0.529

---------------------------------
   M Diagnostic: 0.03
---------------------------------

Recovering execution output...
Moving from /scratch/pobleyef/287345 to /home-nas/pobleyef/Slim-NOF/ncwo1/Slim05/GNOFa20/arina.287345
mkdir -p /home-nas/pobleyef/Slim-NOF/ncwo1/Slim05/GNOFa20/arina.287345
mv /scratch/pobleyef/287345/* /home-nas/pobleyef/Slim-NOF/ncwo1/Slim05/GNOFa20/arina.287345
