G21IP-IP_76
/software/eb2024/easybuild/software/common/software/Julia/1.11.3-linux-x86_64/bin/julia
Job runing on nh014
Choosing scratch ...
Automatic scratch folder selection
/scratch/pobleyef/287030
/scratch/pobleyef/287030 directory
cp G21IP-IP_76.jl G21IP-IP_76.jld2 to  /scratch/pobleyef/287030/.
G21IP-IP_76_C.jld2 not found
G21IP-IP_76_n.jld2 not found
Computing Integrals
Basis Set                                            = def2-qzvp
Auxiliary Basis Set                                  = def2-universal-jkfit
Gaussian Type                                        = Spherical
Elapsed time:    3.85 Seconds

Number of basis functions                   (NBF)    = 140
Number of auxiliary basis functions         (NBFAUX) = 256
Inactive Doubly occupied orbitals up to     (NO1)    = 0
No. considered Strongly Doubly occupied MOs (NDOC)   = 14
No. considered Strongly Singly occupied MOs (NSOC)   = 1
NO. of Weakly occ. per St. Doubly occ.  MOs (NCWO)   = 1
Dimension of the Nat. Orb. subspace         (NBF5)   = 29
No. of electrons                                     = 29
    No. of alpha electrons                           = 15
    No. of beta electrons                            = 14
Multiplicity                                         = 2

Geometry
========
 P       0.0000000       0.0000000       0.9476855
 P       0.0000000       0.0000000      -0.9476855

No violations of the orthonormality
No violations of the orthonormality
 
PNOF8/ADABelief Calculation
==================
 
  Nitext  Nit_orb  Time   Nit_occ  Time         Eelec          Etot           Ediff      maxdiff    MaxGrad_orb  Grad_occ
     1      10    2.9e+01    5    3.4e+01  -728.79217694  -665.97353905 -10727.79217694   1.387039   5.5e+00   7.7e-05 0.00
     2      10    1.2e+00    6    1.1e-02  -738.88461195  -676.06597407   -10.09243501   0.383161   1.5e+00   1.5e-04 0.00
     3      10    1.3e+00    7    1.3e-02  -742.84436646  -680.02572857    -3.95975450   0.442493   1.8e+00   1.2e-04 0.00
     4      10    1.5e+00    5    2.1e-02  -743.82432299  -681.00568510    -0.97995653   0.281458   1.1e+00   1.7e-04 0.01
     5      10    1.4e+00    5    7.3e-03  -743.98866734  -681.17002945    -0.16434435   0.477583   1.9e+00   1.8e-04 0.01
     6      10    1.2e+00    0    9.7e-03  -743.99821307  -681.17957518    -0.00954573   0.477583   1.9e+00   1.8e-04 0.01
     7      30    3.7e+00    6    9.2e-03  -744.20910499  -681.39046710    -0.21089192   0.128679   5.1e-01   9.6e-05 0.02
     8      30    4.0e+00    6    2.5e-02  -744.26271345  -681.44407557    -0.05360847   0.039709   1.6e-01   6.4e-05 0.03
     9      30    3.6e+00    5    6.8e-03  -744.31790453  -681.49926664    -0.05519108   0.038502   1.5e-01   2.5e-04 0.03
    10      30    3.6e+00    6    3.8e-02  -744.38085849  -681.56222060    -0.06295396   0.046794   1.9e-01   1.8e-04 0.03
    11      30    3.5e+00    6    4.5e-02  -744.42951054  -681.61087265    -0.04865205   0.033541   1.3e-01   2.1e-04 0.03
    12      30    3.7e+00    4    5.3e-02  -744.45564192  -681.63700404    -0.02613139   0.025715   1.0e-01   2.3e-04 0.04
    13      30    3.7e+00    6    5.0e-02  -744.46716530  -681.64852742    -0.01152338   0.023466   9.4e-02   1.5e-04 0.04
    14      30    3.7e+00    5    2.4e-02  -744.47363095  -681.65499306    -0.00646565   0.030223   1.2e-01   1.6e-04 0.04
    15      30    3.5e+00    5    5.8e-03  -744.47774905  -681.65911116    -0.00411810   0.026850   1.1e-01   9.8e-05 0.04
    16      30    3.8e+00    3    1.1e-02  -744.48005926  -681.66142137    -0.00231021   0.025673   1.0e-01   1.2e-04 0.04
    17      30    3.8e+00    3    5.6e-03  -744.48178060  -681.66314272    -0.00172134   0.028492   1.1e-01   5.3e-05 0.04
    18      30    3.7e+00    3    5.5e-02  -744.48332359  -681.66468570    -0.00154299   0.023934   9.6e-02   6.9e-05 0.04
    19      30    3.6e+00    2    1.1e-02  -744.48480559  -681.66616770    -0.00148200   0.024896   1.0e-01   1.5e-04 0.04
    20      30    3.5e+00    3    1.3e-02  -744.48570668  -681.66706879    -0.00090109   0.029277   1.2e-01   1.4e-04 0.04
    21      30    3.6e+00    1    5.5e-03  -744.48726087  -681.66862298    -0.00155419   0.023861   9.5e-02   2.1e-04 0.04
    22      30    3.5e+00    3    2.3e-02  -744.48737508  -681.66873719    -0.00011421   0.031795   1.3e-01   1.6e-04 0.04
    23      30    3.8e+00    3    1.1e-02  -744.48889156  -681.67025367    -0.00151648   0.029428   1.2e-01   1.0e-04 0.04
    24      30    3.9e+00    3    5.2e-03  -744.49000779  -681.67136990    -0.00111623   0.027831   1.1e-01   1.2e-04 0.04
    25      30    3.8e+00    3    4.3e-02  -744.49048462  -681.67184674    -0.00047684   0.038435   1.5e-01   7.3e-05 0.04
    26      30    3.6e+00    3    1.1e-02  -744.49152397  -681.67288609    -0.00103935   0.034874   1.4e-01   7.6e-05 0.04
    27      30    3.8e+00    3    5.0e-03  -744.49240034  -681.67376246    -0.00087637   0.032795   1.3e-01   9.2e-05 0.04
    28      30    3.9e+00    0    6.1e-02  -744.49242019  -681.67378230    -0.00001984   0.032795   1.3e-01   9.2e-05 0.04
    29      50    6.1e+00    2    1.0e-02  -744.49623028  -681.67759239    -0.00381009   0.002608   1.0e-02   1.1e-04 0.04
    30      50    5.9e+00    2    1.8e-02  -744.49630362  -681.67766573    -0.00007334   0.003750   1.5e-02   9.6e-05 0.04
    31      50    6.2e+00    1    3.4e-02  -744.49636475  -681.67772686    -0.00006113   0.003706   1.5e-02   1.9e-04 0.04
    32      50    5.9e+00    2    1.3e-02  -744.49639137  -681.67775349    -0.00002662   0.003443   1.4e-02   8.3e-05 0.04
    33      50    6.0e+00    2    1.0e-02  -744.49640892  -681.67777103    -0.00001755   0.003472   1.4e-02   7.2e-05 0.04
    34      50    6.4e+00    2    6.0e-03  -744.49641953  -681.67778164    -0.00001061   0.003981   1.6e-02   7.3e-05 0.04
    35      50    5.8e+00    1    1.5e-02  -744.49643754  -681.67779965    -0.00001801   0.003816   1.5e-02   1.8e-04 0.04
    36      50    6.2e+00    0    1.2e-02  -744.49643828  -681.67780040    -0.00000075   0.003816   1.5e-02   1.8e-04 0.04
    37      63    7.8e+00    1    5.4e-02  -744.49654987  -681.67791198    -0.00011159   0.000473   1.9e-03   1.5e-04 0.04
 
RESULTS OF THE OCCUPATION OPTIMIZATION
========================================
   1    1.9999711  -80.31458991
   2    1.9999536  -80.31395056
   3    1.9988981  -7.79457219
   4    1.9990208  -7.78111347
   5    1.9976546  -5.74001909
   6    1.9981872  -5.71612345
   7    1.9977702  -5.70887488
   8    1.9980752  -5.70842070
   9    1.9977907  -5.70712624
  10    1.9980731  -5.70532781
  11    1.9915455  -1.13833545
  12    1.9705607  -0.87705174
  13    1.9705436  -0.72626288
  14    1.9595272  -0.64359753
  15    1.0000000  -0.35313316
  16    0.0404728  -0.04940038
  17    0.0294564  -0.04534109
  18    0.0294393  -0.04180581
  19    0.0084545  -0.02987084
  20    0.0019269  -0.01954633
  21    0.0022093  -0.02126501
  22    0.0019248  -0.01917922
  23    0.0022298  -0.02287433
  24    0.0018128  -0.01727142
  25    0.0023454  -0.02525910
  26    0.0009792  -0.01400746
  27    0.0011019  -0.01391744
  28    0.0000464  -0.00655609
  29    0.0000289  -0.00454525
 
----------------
 Final Energies 
----------------
Final NOF Total Energy =    -681.6779120
 
Total Orbital Internal Iterations = 1183
Total Occupation Internal Iterations = 123
 
Elapsed time:  230.87 Seconds

---------------------------------
   Lowdin Population Analysis    
---------------------------------
 Idx  Atom   Population   Charge 
---------------------------------
  1     P    14.500       0.500
  2     P    14.500       0.500

---------------------------------
   M Diagnostic: 0.04
---------------------------------

Recovering execution output...
Moving from /scratch/pobleyef/287030 to /home-nas/pobleyef/Slim-NOF/ncwo1/Slim05/GNOFa20/arina.287030
mkdir -p /home-nas/pobleyef/Slim-NOF/ncwo1/Slim05/GNOFa20/arina.287030
mv /scratch/pobleyef/287030/* /home-nas/pobleyef/Slim-NOF/ncwo1/Slim05/GNOFa20/arina.287030
