G21IP-IP_80
/software/eb2024/easybuild/software/common/software/Julia/1.11.3-linux-x86_64/bin/julia
Job runing on nh015
Choosing scratch ...
Automatic scratch folder selection
/scratch/pobleyef/287032
/scratch/pobleyef/287032 directory
cp G21IP-IP_80.jl G21IP-IP_80.jld2 to  /scratch/pobleyef/287032/.
G21IP-IP_80_C.jld2 not found
G21IP-IP_80_n.jld2 not found
Computing Integrals
Basis Set                                            = def2-qzvp
Auxiliary Basis Set                                  = def2-universal-jkfit
Gaussian Type                                        = Spherical
Elapsed time:    3.82 Seconds

Number of basis functions                   (NBF)    = 127
Number of auxiliary basis functions         (NBFAUX) = 203
Inactive Doubly occupied orbitals up to     (NO1)    = 0
No. considered Strongly Doubly occupied MOs (NDOC)   = 10
No. considered Strongly Singly occupied MOs (NSOC)   = 1
NO. of Weakly occ. per St. Doubly occ.  MOs (NCWO)   = 1
Dimension of the Nat. Orb. subspace         (NBF5)   = 21
No. of electrons                                     = 21
    No. of alpha electrons                           = 11
    No. of beta electrons                            = 10
Multiplicity                                         = 2

Geometry
========
 C       0.0000000       0.0000000       0.7455163
 S       0.0000000       0.0000000      -0.7455163

No violations of the orthonormality
No violations of the orthonormality
 
PNOF8/ADABelief Calculation
==================
 
  Nitext  Nit_orb  Time   Nit_occ  Time         Eelec          Etot           Ediff      maxdiff    MaxGrad_orb  Grad_occ
     1      10    2.9e+01    6    3.4e+01  -455.01217549  -420.94121818 -10454.01217549   1.307293   5.2e+00   8.9e-05 0.00
     2      10    1.2e+00    6    3.7e-02  -464.31408563  -430.24312832    -9.30191014   0.493707   2.0e+00   1.9e-04 0.00
     3      10    9.8e-01    6    3.0e-02  -468.17143168  -434.10047437    -3.85734605   0.293714   1.2e+00   2.1e-04 0.01
     4      10    1.0e+00    5    4.2e-02  -469.05532784  -434.98437053    -0.88389616   0.312765   1.3e+00   1.7e-04 0.01
     5      10    1.0e+00    5    2.5e-02  -469.19985690  -435.12889959    -0.14452906   0.340543   1.4e+00   1.8e-04 0.02
     6      10    1.0e+00    0    6.2e-02  -469.20955174  -435.13859443    -0.00969484   0.340543   1.4e+00   1.8e-04 0.02
     7      30    3.1e+00    6    4.2e-02  -469.33908977  -435.26813246    -0.12953803   0.052699   2.1e-01   7.5e-05 0.03
     8      30    2.8e+00    7    2.9e-02  -469.38668909  -435.31573178    -0.04759932   0.030642   1.2e-01   1.4e-04 0.03
     9      30    3.1e+00    6    4.3e-02  -469.41785466  -435.34689735    -0.03116557   0.027287   1.1e-01   8.5e-05 0.04
    10      30    2.9e+00    5    6.0e-02  -469.43349958  -435.36254227    -0.01564492   0.032993   1.3e-01   1.6e-04 0.04
    11      30    2.8e+00    4    9.7e-02  -469.43830625  -435.36734893    -0.00480666   0.036451   1.5e-01   1.7e-04 0.04
    12      30    2.6e+00    4    5.4e-02  -469.43982598  -435.36886867    -0.00151974   0.044294   1.8e-01   1.3e-04 0.04
    13      30    3.0e+00    4    5.8e-02  -469.44078065  -435.36982334    -0.00095467   0.035090   1.4e-01   1.3e-04 0.04
    14      30    3.0e+00    0    4.1e-02  -469.44090164  -435.36994433    -0.00012099   0.035090   1.4e-01   1.3e-04 0.04
    15      50    5.0e+00    3    2.5e-02  -469.44356804  -435.37261072    -0.00266640   0.003221   1.3e-02   1.7e-04 0.04
    16      50    4.8e+00    2    3.9e-02  -469.44367375  -435.37271644    -0.00010572   0.006022   2.4e-02   2.0e-04 0.04
    17      50    4.9e+00    2    1.0e-02  -469.44377384  -435.37281653    -0.00010009   0.005543   2.2e-02   1.6e-04 0.04
    18      50    5.2e+00    1    3.5e-03  -469.44378204  -435.37282473    -0.00000820   0.005096   2.0e-02   1.5e-04 0.04
    19      50    4.8e+00    1    2.8e-02  -469.44379649  -435.37283917    -0.00001445   0.005232   2.1e-02   1.8e-04 0.04
    20      50    5.2e+00    1    3.9e-03  -469.44381060  -435.37285329    -0.00001412   0.004733   1.9e-02   1.8e-04 0.04
    21      50    4.9e+00    0    1.0e-01  -469.44381133  -435.37285402    -0.00000073   0.004733   1.9e-02   1.8e-04 0.04
    22      58    5.4e+00    0    2.8e-03  -469.44388150  -435.37292419    -0.00007017   0.000474   1.9e-03   2.5e-04 0.04
 
RESULTS OF THE OCCUPATION OPTIMIZATION
========================================
   1    1.9999657  -92.40758360
   2    1.9994545  -11.60329580
   3    1.9991041  -9.43994614
   4    1.9987860  -7.04838906
   5    1.9984380  -7.04445161
   6    1.9988014  -7.04120476
   7    1.9916359  -1.36958805
   8    1.9742153  -1.05597215
   9    1.9563998  -0.77915792
  10    1.9562012  -0.77897468
  11    1.0000000  -0.46790934
  12    0.0437988  -0.05214626
  13    0.0436002  -0.05207026
  14    0.0257847  -0.04132672
  15    0.0083641  -0.02780453
  16    0.0011986  -0.01840312
  17    0.0015620  -0.02004445
  18    0.0012140  -0.01846834
  19    0.0008959  -0.01606919
  20    0.0005455  -0.00979063
  21    0.0000343  -0.00578320
 
----------------
 Final Energies 
----------------
Final NOF Total Energy =    -435.3729242
 
Total Orbital Internal Iterations = 708
Total Occupation Internal Iterations = 74
 
Elapsed time:  154.30 Seconds

---------------------------------
   Lowdin Population Analysis    
---------------------------------
 Idx  Atom   Population   Charge 
---------------------------------
  1     C     5.990       0.010
  2     S    15.010       0.990

---------------------------------
   M Diagnostic: 0.04
---------------------------------

Recovering execution output...
Moving from /scratch/pobleyef/287032 to /home-nas/pobleyef/Slim-NOF/ncwo1/Slim05/GNOFa20/arina.287032
mkdir -p /home-nas/pobleyef/Slim-NOF/ncwo1/Slim05/GNOFa20/arina.287032
mv /scratch/pobleyef/287032/* /home-nas/pobleyef/Slim-NOF/ncwo1/Slim05/GNOFa20/arina.287032
