G21IP-IP_64
/software/eb2024/easybuild/software/common/software/Julia/1.11.3-linux-x86_64/bin/julia
Job runing on nh012
Choosing scratch ...
Automatic scratch folder selection
/scratch/pobleyef/287026
/scratch/pobleyef/287026 directory
cp G21IP-IP_64.jl G21IP-IP_64.jld2 to  /scratch/pobleyef/287026/.
G21IP-IP_64_C.jld2 not found
G21IP-IP_64_n.jld2 not found
Computing Integrals
Basis Set                                            = def2-qzvp
Auxiliary Basis Set                                  = def2-universal-jkfit
Gaussian Type                                        = Spherical
Elapsed time:    3.92 Seconds

Number of basis functions                   (NBF)    = 190
Number of auxiliary basis functions         (NBFAUX) = 200
Inactive Doubly occupied orbitals up to     (NO1)    = 0
No. considered Strongly Doubly occupied MOs (NDOC)   = 8
No. considered Strongly Singly occupied MOs (NSOC)   = 1
NO. of Weakly occ. per St. Doubly occ.  MOs (NCWO)   = 1
Dimension of the Nat. Orb. subspace         (NBF5)   = 17
No. of electrons                                     = 17
    No. of alpha electrons                           = 9
    No. of beta electrons                            = 8
Multiplicity                                         = 2

Geometry
========
Si      -0.0006119      -0.6785387      -0.3259636
 H       0.0037044       1.1642248      -0.6132963
 H      -0.0002838       1.1970806       0.1720702
 H       1.2883338      -0.8446792       0.3845089
 H      -1.2911426      -0.8380875       0.3826807

No violations of the orthonormality
No violations of the orthonormality
 
PNOF8/ADABelief Calculation
==================
 
  Nitext  Nit_orb  Time   Nit_occ  Time         Eelec          Etot           Ediff      maxdiff    MaxGrad_orb  Grad_occ
     1      10    2.9e+01    6    3.4e+01  -299.94794005  -280.42861986 -10298.94794005   0.915522   3.7e+00   1.4e-04 0.00
     2      10    9.7e-01    4    4.6e-02  -306.66201361  -287.14269342    -6.71407356   0.292631   1.2e+00   2.1e-04 0.01
     3      10    1.3e+00    6    4.8e-03  -309.22868534  -289.70936515    -2.56667173   0.192359   7.7e-01   1.8e-04 0.01
     4      10    1.2e+00    6    3.9e-03  -310.12112405  -290.60180386    -0.89243870   0.250386   1.0e+00   6.6e-05 0.01
     5      10    1.2e+00    4    3.6e-03  -310.31161586  -290.79229567    -0.19049181   0.244867   9.8e-01   1.2e-04 0.01
     6      10    1.0e+00    3    3.6e-02  -310.38511857  -290.86579838    -0.07350271   0.439288   1.8e+00   1.4e-04 0.01
     7      10    1.2e+00    2    3.6e-02  -310.40162974  -290.88230955    -0.01651118   0.359064   1.4e+00   1.5e-04 0.01
     8      10    1.0e+00    3    3.8e-02  -310.41619195  -290.89687176    -0.01456220   0.308946   1.2e+00   1.0e-04 0.01
     9      10    1.2e+00    2    2.9e-02  -310.43381351  -290.91449332    -0.01762157   0.593909   2.4e+00   1.1e-04 0.01
    10      10    1.3e+00    2    1.0e-02  -310.45315654  -290.93383635    -0.01934302   0.312518   1.3e+00   1.7e-04 0.02
    11      10    1.1e+00    0    3.5e-02  -310.45326131  -290.93394112    -0.00010477   0.312518   1.3e+00   1.7e-04 0.02
    12      30    3.3e+00    2    7.1e-02  -310.61222783  -291.09290764    -0.15896652   0.042640   1.7e-01   1.4e-04 0.02
    13      30    3.0e+00    3    2.5e-02  -310.63871278  -291.11939259    -0.02648495   0.022380   9.0e-02   1.9e-04 0.02
    14      30    3.1e+00    4    3.6e-03  -310.65056236  -291.13124217    -0.01184958   0.024042   9.6e-02   7.2e-05 0.02
    15      30    3.4e+00    4    3.7e-03  -310.65607944  -291.13675925    -0.00551708   0.020424   8.2e-02   1.1e-04 0.02
    16      30    3.4e+00    4    3.5e-03  -310.65736637  -291.13804618    -0.00128694   0.022946   9.2e-02   9.9e-05 0.03
    17      30    3.0e+00    4    4.7e-02  -310.65844108  -291.13912089    -0.00107470   0.022135   8.9e-02   5.4e-05 0.03
    18      30    3.4e+00    2    3.4e-03  -310.65930539  -291.13998520    -0.00086431   0.017475   7.0e-02   1.2e-04 0.03
    19      30    3.1e+00    0    9.0e-03  -310.65950454  -291.14018435    -0.00019915   0.017475   7.0e-02   1.2e-04 0.03
    20      50    5.5e+00    2    4.1e-02  -310.66072488  -291.14140469    -0.00122034   0.004232   1.7e-02   1.4e-04 0.03
    21      50    5.2e+00    2    2.0e-02  -310.66095278  -291.14163259    -0.00022789   0.003787   1.5e-02   1.2e-04 0.03
    22      50    5.5e+00    1    2.3e-02  -310.66109880  -291.14177861    -0.00014602   0.003989   1.6e-02   2.4e-04 0.03
    23      50    5.1e+00    1    8.7e-03  -310.66119994  -291.14187975    -0.00010114   0.003230   1.3e-02   1.8e-04 0.03
    24      50    5.3e+00    1    6.4e-02  -310.66124863  -291.14192843    -0.00004869   0.004388   1.8e-02   1.4e-04 0.03
    25      50    5.6e+00    1    3.3e-02  -310.66128388  -291.14196368    -0.00003525   0.003778   1.5e-02   8.4e-05 0.03
    26      50    5.5e+00    1    2.2e-02  -310.66129350  -291.14197331    -0.00000963   0.004374   1.7e-02   8.1e-05 0.03
    27      50    6.0e+00    1    5.1e-03  -310.66130761  -291.14198742    -0.00001411   0.003525   1.4e-02   5.1e-05 0.03
    28      50    5.7e+00    0    1.1e-02  -310.66130904  -291.14198885    -0.00000143   0.003525   1.4e-02   5.1e-05 0.03
    29      70    7.7e+00    1    4.9e-03  -310.66135335  -291.14203316    -0.00004431   0.000503   2.0e-03   4.9e-05 0.03
 
RESULTS OF THE OCCUPATION OPTIMIZATION
========================================
   1    1.9999664  -69.14783971
   2    1.9986415  -6.38963173
   3    1.9968483  -4.58366211
   4    1.9979104  -4.55976688
   5    1.9979902  -4.55938847
   6    1.9752951  -1.02003989
   7    1.9883102  -0.88784092
   8    1.9744318  -0.77358111
   9    1.0000000  -0.32421218
  10    0.0255682  -0.03168231
  11    0.0116898  -0.02627634
  12    0.0247049  -0.03183790
  13    0.0020098  -0.01503517
  14    0.0020896  -0.01795147
  15    0.0031517  -0.02427178
  16    0.0013585  -0.01279526
  17    0.0000336  -0.00459380
 
----------------
 Final Energies 
----------------
Final NOF Total Energy =    -291.1420332
 
Total Orbital Internal Iterations = 870
Total Occupation Internal Iterations = 72
 
Elapsed time:  182.29 Seconds

---------------------------------
   Lowdin Population Analysis    
---------------------------------
 Idx  Atom   Population   Charge 
---------------------------------
  1    Si    13.134       0.866
  2     H     0.857       0.143
  3     H     0.818       0.182
  4     H     1.095      -0.095
  5     H     1.097      -0.097

---------------------------------
   M Diagnostic: 0.03
---------------------------------

Recovering execution output...
Moving from /scratch/pobleyef/287026 to /home-nas/pobleyef/Slim-NOF/ncwo1/Slim05/GNOFa20/arina.287026
mkdir -p /home-nas/pobleyef/Slim-NOF/ncwo1/Slim05/GNOFa20/arina.287026
mv /scratch/pobleyef/287026/* /home-nas/pobleyef/Slim-NOF/ncwo1/Slim05/GNOFa20/arina.287026
