G2RC-8
/software/eb2024/easybuild/software/common/software/Julia/1.11.3-linux-x86_64/bin/julia
Job runing on nh014
Choosing scratch ...
Automatic scratch folder selection
/scratch/pobleyef/287054
/scratch/pobleyef/287054 directory
cp G2RC-8.jl G2RC-8.jld2 to  /scratch/pobleyef/287054/.
G2RC-8_C.jld2 not found
G2RC-8_n.jld2 not found
Computing Integrals
Basis Set                                            = def2-qzvp
Auxiliary Basis Set                                  = def2-universal-jkfit
Gaussian Type                                        = Spherical
Elapsed time:    3.85 Seconds

Number of basis functions                   (NBF)    = 177
Number of auxiliary basis functions         (NBFAUX) = 147
Inactive Doubly occupied orbitals up to     (NO1)    = 0
No. considered Strongly Doubly occupied MOs (NDOC)   = 5
No. considered Strongly Singly occupied MOs (NSOC)   = 0
NO. of Weakly occ. per St. Doubly occ.  MOs (NCWO)   = 1
Dimension of the Nat. Orb. subspace         (NBF5)   = 10
No. of electrons                                     = 10
    No. of alpha electrons                           = 5
    No. of beta electrons                            = 5
Multiplicity                                         = 1

Geometry
========
 C       0.0000000       0.0000000       0.0000000
 H       0.6285100      -0.6285100       0.6285100
 H      -0.6285100       0.6285100       0.6285100
 H      -0.6285100      -0.6285100      -0.6285100
 H       0.6285100       0.6285100      -0.6285100

No violations of the orthonormality
No violations of the orthonormality
 
PNOF8/ADABelief Calculation
==================
 
  Nitext  Nit_orb  Time   Nit_occ  Time         Eelec          Etot           Ediff      maxdiff    MaxGrad_orb  Grad_occ
     1      10    3.0e+01    5    3.4e+01   -49.41083173   -35.95832961 -10048.41083173   0.424370   1.7e+00   1.5e-04 0.01
     2      10    7.5e-01    7    1.8e-02   -52.83318703   -39.38068491    -3.42235530   0.282416   1.1e+00   9.5e-05 0.01
     3      10    9.3e-01    6    2.1e-02   -53.69526730   -40.24276518    -0.86208028   0.141099   5.6e-01   4.0e-05 0.02
     4      10    6.5e-01    4    2.9e-02   -53.80619103   -40.35368892    -0.11092373   0.102033   4.1e-01   7.8e-05 0.02
     5      10    6.4e-01    3    8.8e-02   -53.81094174   -40.35843963    -0.00475071   0.117236   4.7e-01   4.2e-05 0.03
     6      10    8.1e-01    0    4.1e-02   -53.81116601   -40.35866390    -0.00022427   0.117236   4.7e-01   4.2e-05 0.03
     7      30    2.1e+00    1    1.4e-02   -53.82094252   -40.36844040    -0.00977651   0.000660   2.6e-03   1.1e-04 0.03
 
RESULTS OF THE OCCUPATION OPTIMIZATION
========================================
   1    1.9996355  -11.20278081
   2    1.9819167  -0.88546353
   3    1.9748496  -0.58245758
   4    1.9747246  -0.57981193
   5    1.9744504  -0.57282398
   6    0.0255496  -0.02428615
   7    0.0252754  -0.02448395
   8    0.0251504  -0.02446157
   9    0.0180833  -0.02254717
  10    0.0003645  -0.00702995
 
----------------
 Final Energies 
----------------
Final NOF Total Energy =     -40.3684404
 
Total Orbital Internal Iterations = 90
Total Occupation Internal Iterations = 26
 
Elapsed time:   90.99 Seconds

---------------------------------
   Lowdin Population Analysis    
---------------------------------
 Idx  Atom   Population   Charge 
---------------------------------
  1     C     5.695       0.305
  2     H     1.077      -0.077
  3     H     1.077      -0.077
  4     H     1.074      -0.074
  5     H     1.077      -0.077

---------------------------------
   M Diagnostic: 0.03
---------------------------------

Recovering execution output...
Moving from /scratch/pobleyef/287054 to /home-nas/pobleyef/Slim-NOF/ncwo1/Slim05/GNOFa20/arina.287054
mkdir -p /home-nas/pobleyef/Slim-NOF/ncwo1/Slim05/GNOFa20/arina.287054
mv /scratch/pobleyef/287054/* /home-nas/pobleyef/Slim-NOF/ncwo1/Slim05/GNOFa20/arina.287054
