HEAVY28-teh2_hcl
/software/eb2024/easybuild/software/common/software/Julia/1.11.3-linux-x86_64/bin/julia
Job runing on nh012
Choosing scratch ...
Automatic scratch folder selection
/scratch/pobleyef/287068
/scratch/pobleyef/287068 directory
cp HEAVY28-teh2_hcl.jl HEAVY28-teh2_hcl.jld2 to  /scratch/pobleyef/287068/.
HEAVY28-teh2_hcl_C.jld2 not found
HEAVY28-teh2_hcl_n.jld2 not found
Computing Integrals
Basis Set                                            = def2-qzvp
Auxiliary Basis Set                                  = def2-universal-jkfit
Gaussian Type                                        = Spherical
Elapsed time:    4.45 Seconds

Number of basis functions                   (NBF)    = 242
Number of auxiliary basis functions         (NBFAUX) = 400
Inactive Doubly occupied orbitals up to     (NO1)    = 0
No. considered Strongly Doubly occupied MOs (NDOC)   = 36
No. considered Strongly Singly occupied MOs (NSOC)   = 0
NO. of Weakly occ. per St. Doubly occ.  MOs (NCWO)   = 1
Dimension of the Nat. Orb. subspace         (NBF5)   = 72
No. of electrons                                     = 72
    No. of alpha electrons                           = 36
    No. of beta electrons                            = 36
Multiplicity                                         = 1

Geometry
========
Te       0.1548430      -1.2451794       0.0000000
 H      -1.4004440      -0.7519904       0.0000000
 H      -0.3277040      -2.8073024       0.0000000
 H       1.4184620       2.3282376       0.0000000
Cl       0.1548430       2.4762346       0.0000000

No violations of the orthonormality
No violations of the orthonormality
 
PNOF8/ADABelief Calculation
==================
 
  Nitext  Nit_orb  Time   Nit_occ  Time         Eelec          Etot           Ediff      maxdiff    MaxGrad_orb  Grad_occ
     1      10    3.0e+01    6    3.5e+01 -2891.57112015 -2713.18338902 -12890.57112015   2.133115   8.5e+00   2.4e-04 0.00
     2      10    1.8e+00   19    2.3e-01 -2912.32983700 -2733.94210588   -20.75871686   1.406581   5.6e+00   2.7e-04 0.01
     3      10    1.6e+00   18    2.1e-01 -2924.38003087 -2745.99229975   -12.05019387   0.965449   3.9e+00   2.2e-04 0.02
     4      10    1.9e+00    0    3.3e-02 -2924.45959338 -2746.07186226    -0.07956251   0.965449   3.9e+00   2.2e-04 0.02
     5      30    4.7e+00   13    1.0e-01 -2928.74270523 -2750.35497411    -4.28311185   0.244135   9.8e-01   1.8e-04 0.03
     6      30    4.8e+00   10    1.0e-01 -2929.94277738 -2751.55504626    -1.20007215   0.212332   8.5e-01   1.8e-04 0.03
     7      30    4.9e+00    9    8.4e-02 -2930.53102040 -2752.14328928    -0.58824302   0.173976   7.0e-01   2.8e-04 0.04
     8      30    5.0e+00    7    7.9e-02 -2930.90019752 -2752.51246640    -0.36917712   0.110906   4.4e-01   2.2e-04 0.04
     9      30    4.8e+00    6    5.9e-02 -2931.10685120 -2752.71912008    -0.20665367   0.080344   3.2e-01   3.0e-04 0.04
    10      30    4.9e+00    4    6.7e-02 -2931.23194500 -2752.84421388    -0.12509380   0.046990   1.9e-01   3.9e-04 0.04
    11      30    4.7e+00    4    5.9e-02 -2931.29270912 -2752.90497800    -0.06076412   0.044142   1.8e-01   3.0e-04 0.03
    12      30    5.0e+00    4    6.5e-02 -2931.31420085 -2752.92646973    -0.02149173   0.036135   1.4e-01   2.0e-04 0.04
    13      30    4.9e+00    4    5.8e-02 -2931.31664068 -2752.92890955    -0.00243983   0.051542   2.1e-01   1.9e-04 0.04
    14      30    4.9e+00    4    5.7e-02 -2931.32578697 -2752.93805585    -0.00914629   0.042399   1.7e-01   1.8e-04 0.04
    15      30    4.8e+00    0    6.8e-02 -2931.32586735 -2752.93813623    -0.00008038   0.042399   1.7e-01   1.8e-04 0.04
    16      50    8.0e+00    4    1.3e-01 -2931.33725470 -2752.94952357    -0.01138734   0.007310   2.9e-02   1.5e-04 0.04
    17      50    8.1e+00    3    7.8e-02 -2931.33867802 -2752.95094689    -0.00142332   0.007932   3.2e-02   2.9e-04 0.04
    18      50    8.1e+00    3    4.6e-02 -2931.33939862 -2752.95166750    -0.00072060   0.006419   2.6e-02   2.6e-04 0.04
    19      50    7.9e+00    3    4.5e-02 -2931.33961995 -2752.95188883    -0.00022133   0.007283   2.9e-02   1.7e-04 0.04
    20      50    8.1e+00    1    4.3e-02 -2931.33979849 -2752.95206737    -0.00017854   0.005889   2.4e-02   2.4e-04 0.04
    21      50    8.1e+00    1    2.9e-02 -2931.33993067 -2752.95219955    -0.00013218   0.005591   2.2e-02   2.8e-04 0.04
    22      50    8.0e+00    0    6.9e-02 -2931.33993702 -2752.95220590    -0.00000635   0.005591   2.2e-02   2.8e-04 0.04
    23      70    1.1e+01    1    3.7e-02 -2931.34032907 -2752.95259795    -0.00039204   0.000759   3.0e-03   3.1e-04 0.04
 
RESULTS OF THE OCCUPATION OPTIMIZATION
========================================
   1    1.9999985  -141.08021891
   2    1.9999923  -92.16202448
   3    1.9999910  -71.26546507
   4    1.9999862  -65.20202682
   5    1.9999882  -61.91161051
   6    1.9999094  -24.95098614
   7    1.9992766  -10.23076551
   8    1.9997724  -9.96897570
   9    1.9994854  -9.95221322
  10    1.9997591  -9.82492404
  11    1.9995888  -9.64245790
  12    1.9995132  -9.64038490
  13    1.9993063  -9.63773998
  14    1.9993182  -9.63321214
  15    1.9992057  -8.92670600
  16    1.9991794  -8.83284310
  17    1.9983144  -6.38319762
  18    1.9982726  -6.28267552
  19    1.9980365  -6.07108747
  20    1.9978099  -5.88538501
  21    1.9979301  -3.92871015
  22    1.9979601  -3.88281209
  23    1.9978897  -3.88149597
  24    1.9979111  -3.85268195
  25    1.9978813  -3.81506218
  26    1.9978205  -3.81273717
  27    1.9882510  -1.12714548
  28    1.9861972  -0.89382892
  29    1.9746181  -0.80093083
  30    1.9714071  -0.74600932
  31    1.9725285  -0.73212444
  32    1.9708775  -0.62756301
  33    1.9696544  -0.61753841
  34    1.9776377  -0.50769400
  35    1.9777700  -0.50606022
  36    1.9617584  -0.38131736
  37    0.0382416  -0.03550107
  38    0.0222300  -0.02444759
  39    0.0223623  -0.02454473
  40    0.0303456  -0.03218714
  41    0.0291225  -0.03901293
  42    0.0274715  -0.02985099
  43    0.0285929  -0.03234589
  44    0.0253819  -0.03205146
  45    0.0138028  -0.02177723
  46    0.0117490  -0.02780090
  47    0.0021795  -0.01289216
  48    0.0021187  -0.01263603
  49    0.0020889  -0.01254894
  50    0.0021103  -0.01268571
  51    0.0020399  -0.01236216
  52    0.0020699  -0.01258415
  53    0.0021901  -0.02090987
  54    0.0019635  -0.01871012
  55    0.0017274  -0.01490625
  56    0.0016856  -0.01495298
  57    0.0008206  -0.01050258
  58    0.0007943  -0.01050961
  59    0.0006818  -0.00740244
  60    0.0006937  -0.00748807
  61    0.0004868  -0.00535856
  62    0.0004112  -0.00495231
  63    0.0002409  -0.00626496
  64    0.0005146  -0.00990563
  65    0.0002276  -0.00605006
  66    0.0007234  -0.01086429
  67    0.0000906  -0.00518225
  68    0.0000118  -0.00071257
  69    0.0000138  -0.00142231
  70    0.0000090  -0.00062011
  71    0.0000077  -0.00121440
  72    0.0000015  -0.00040391
 
----------------
 Final Energies 
----------------
Final NOF Total Energy =   -2752.9525979
 
Total Orbital Internal Iterations = 790
Total Occupation Internal Iterations = 124
 
Elapsed time:  219.08 Seconds

---------------------------------
   Lowdin Population Analysis    
---------------------------------
 Idx  Atom   Population   Charge 
---------------------------------
  1    Te    51.391       0.609
  2     H     1.314      -0.314
  3     H     1.318      -0.318
  4     H     1.386      -0.386
  5    Cl    16.592       0.408

---------------------------------
   M Diagnostic: 0.04
---------------------------------

Recovering execution output...
Moving from /scratch/pobleyef/287068 to /home-nas/pobleyef/Slim-NOF/ncwo1/Slim05/GNOFa20/arina.287068
mkdir -p /home-nas/pobleyef/Slim-NOF/ncwo1/Slim05/GNOFa20/arina.287068
mv /scratch/pobleyef/287068/* /home-nas/pobleyef/Slim-NOF/ncwo1/Slim05/GNOFa20/arina.287068
