RG18-ne3
/software/eb2024/easybuild/software/common/software/Julia/1.11.3-linux-x86_64/bin/julia
Job runing on nh044
Choosing scratch ...
Automatic scratch folder selection
/scratch/pobleyef/287102
/scratch/pobleyef/287102 directory
cp RG18-ne3.jl RG18-ne3.jld2 to  /scratch/pobleyef/287102/.
RG18-ne3_C.jld2 not found
RG18-ne3_n.jld2 not found
Computing Integrals
Basis Set                                            = def2-qzvp
Auxiliary Basis Set                                  = def2-universal-jkfit
Gaussian Type                                        = Spherical
Elapsed time:    3.97 Seconds

Number of basis functions                   (NBF)    = 171
Number of auxiliary basis functions         (NBFAUX) = 231
Inactive Doubly occupied orbitals up to     (NO1)    = 0
No. considered Strongly Doubly occupied MOs (NDOC)   = 15
No. considered Strongly Singly occupied MOs (NSOC)   = 0
NO. of Weakly occ. per St. Doubly occ.  MOs (NCWO)   = 1
Dimension of the Nat. Orb. subspace         (NBF5)   = 30
No. of electrons                                     = 30
    No. of alpha electrons                           = 15
    No. of beta electrons                            = 15
Multiplicity                                         = 1

Geometry
========
Ne       0.8977229       1.5549016       0.0000000
Ne       0.8977229      -1.5549016       0.0000000
Ne      -1.7954458       0.0000000       0.0000000

No violations of the orthonormality
No violations of the orthonormality
 
PNOF8/ADABelief Calculation
==================
 
  Nitext  Nit_orb  Time   Nit_occ  Time         Eelec          Etot           Ediff      maxdiff    MaxGrad_orb  Grad_occ
     1      10    2.9e+01    4    3.4e+01  -426.34927220  -375.30011452 -10425.34927220   1.028820   4.1e+00   1.6e-04 0.00
     2      10    1.2e+00    6    7.3e-03  -434.64477665  -383.59561896    -8.29550445   0.459515   1.8e+00   1.1e-04 0.01
     3      10    1.2e+00    6    5.8e-02  -436.96413689  -385.91497920    -2.31936024   0.375868   1.5e+00   1.0e-04 0.01
     4      10    1.3e+00    5    3.0e-02  -437.06817413  -386.01901645    -0.10403724   0.322127   1.3e+00   1.3e-04 0.01
     5      10    1.3e+00    4    2.2e-02  -437.08974817  -386.04059049    -0.02157404   0.272274   1.1e+00   1.6e-04 0.01
     6      10    1.3e+00    0    4.8e-02  -437.09214891  -386.04299122    -0.00240074   0.272274   1.1e+00   1.6e-04 0.01
     7      30    4.0e+00    3    5.8e-02  -437.19702901  -386.14787132    -0.10488010   0.008655   3.5e-02   1.8e-04 0.01
     8      30    3.9e+00    2    1.5e-02  -437.19825361  -386.14909592    -0.00122460   0.010359   4.1e-02   1.6e-04 0.01
     9      30    3.9e+00    1    3.2e-02  -437.19854271  -386.14938502    -0.00028910   0.010547   4.2e-02   2.7e-04 0.01
    10      30    3.8e+00    2    8.3e-03  -437.19860420  -386.14944651    -0.00006149   0.010675   4.3e-02   1.7e-04 0.01
    11      30    4.0e+00    0    9.4e-03  -437.19862018  -386.14946250    -0.00001599   0.010675   4.3e-02   1.7e-04 0.01
    12      50    6.0e+00    1    3.8e-02  -437.19975438  -386.15059669    -0.00113420   0.000622   2.5e-03   1.5e-04 0.01
 
RESULTS OF THE OCCUPATION OPTIMIZATION
========================================
   1    1.9998831  -32.83313387
   2    1.9998844  -32.83297854
   3    1.9998834  -32.83295943
   4    1.9923843  -1.87501929
   5    1.9923440  -1.87211494
   6    1.9923737  -1.87151643
   7    1.9882139  -0.97533840
   8    1.9882370  -0.97208922
   9    1.9881292  -0.97064048
  10    1.9872369  -0.88986773
  11    1.9872117  -0.88802315
  12    1.9871998  -0.88733450
  13    1.9872079  -0.88706576
  14    1.9871884  -0.88641633
  15    1.9871876  -0.88612291
  16    0.0128124  -0.02392632
  17    0.0128116  -0.02391560
  18    0.0127921  -0.02392528
  19    0.0128002  -0.02393829
  20    0.0127883  -0.02395096
  21    0.0127631  -0.02398509
  22    0.0118708  -0.02704036
  23    0.0117630  -0.02723500
  24    0.0117861  -0.02714627
  25    0.0076263  -0.02436545
  26    0.0076560  -0.02461348
  27    0.0076157  -0.02474348
  28    0.0001166  -0.00626361
  29    0.0001156  -0.00625736
  30    0.0001169  -0.00625330
 
----------------
 Final Energies 
----------------
Final NOF Total Energy =    -386.1505967
 
Total Orbital Internal Iterations = 260
Total Occupation Internal Iterations = 34
 
Elapsed time:  116.57 Seconds

---------------------------------
   Lowdin Population Analysis    
---------------------------------
 Idx  Atom   Population   Charge 
---------------------------------
  1    Ne    10.000       0.000
  2    Ne    10.000      -0.000
  3    Ne    10.000       0.000

---------------------------------
   M Diagnostic: 0.01
---------------------------------

Recovering execution output...
Moving from /scratch/pobleyef/287102 to /home-nas/pobleyef/Slim-NOF/ncwo1/Slim05/GNOFa20/arina.287102
mkdir -p /home-nas/pobleyef/Slim-NOF/ncwo1/Slim05/GNOFa20/arina.287102
mv /scratch/pobleyef/287102/* /home-nas/pobleyef/Slim-NOF/ncwo1/Slim05/GNOFa20/arina.287102
