W4-11-alcl3
/software/eb2024/easybuild/software/common/software/Julia/1.11.3-linux-x86_64/bin/julia
Job runing on na07
Choosing scratch ...
Automatic scratch folder selection
/scratch/pobleyef/287365
/scratch/pobleyef/287365 directory
cp W4-11-alcl3.jl W4-11-alcl3.jld2 to  /scratch/pobleyef/287365/.
Computing Integrals
Basis Set                                            = def2-qzvp
Auxiliary Basis Set                                  = def2-universal-jkfit
Gaussian Type                                        = Spherical
Elapsed time:   10.39 Seconds

Number of basis functions                   (NBF)    = 280
Number of auxiliary basis functions         (NBFAUX) = 512
Inactive Doubly occupied orbitals up to     (NO1)    = 0
No. considered Strongly Doubly occupied MOs (NDOC)   = 32
No. considered Strongly Singly occupied MOs (NSOC)   = 0
NO. of Weakly occ. per St. Doubly occ.  MOs (NCWO)   = 1
Dimension of the Nat. Orb. subspace         (NBF5)   = 64
No. of electrons                                     = 64
    No. of alpha electrons                           = 32
    No. of beta electrons                            = 32
Multiplicity                                         = 1

Geometry
========
Al       0.0000000       0.0000000       0.0000000
Cl       0.0000000       2.0709710       0.0000000
Cl       1.7935130      -1.0354850       0.0000000
Cl      -1.7935130      -1.0354850       0.0000000

No violations of the orthonormality
No violations of the orthonormality
 
PNOF8/ADABelief Calculation
==================
 
  Nitext  Nit_orb  Time   Nit_occ  Time         Eelec          Etot           Ediff      maxdiff    MaxGrad_orb  Grad_occ
     1      10    5.0e+01    0    2.1e+01 -1919.17157279 -1621.85706304 -11918.17157279   0.006971   2.8e-02   1.5e-04 0.03
     2      30    1.1e+02    0    4.6e-02 -1919.17157279 -1621.85706304     0.00000000   0.006971   2.8e-02   1.5e-04 0.03
     3      50    1.7e+02    3    9.2e-02 -1919.17234918 -1621.85783943    -0.00077638   0.009079   3.6e-02   2.4e-04 0.03
     4      50    1.6e+02    3    5.1e-02 -1919.17384469 -1621.85933494    -0.00149551   0.008398   3.4e-02   2.5e-04 0.03
     5      50    1.7e+02    3    6.0e-02 -1919.17471266 -1621.86020291    -0.00086797   0.009199   3.7e-02   2.0e-04 0.03
     6      50    1.7e+02    3    3.7e-02 -1919.17538920 -1621.86087945    -0.00067655   0.008671   3.5e-02   2.0e-04 0.03
     7      50    1.7e+02    2    6.0e-02 -1919.17578352 -1621.86127377    -0.00039431   0.010720   4.3e-02   2.4e-04 0.03
     8      50    1.7e+02    3    4.5e-02 -1919.17597568 -1621.86146593    -0.00019216   0.009295   3.7e-02   1.6e-04 0.03
     9      50    1.8e+02    1    2.1e-02 -1919.17637114 -1621.86186139    -0.00039547   0.008669   3.5e-02   2.4e-04 0.03
    10      50    1.8e+02    1    4.4e-02 -1919.17642609 -1621.86191634    -0.00005494   0.009568   3.8e-02   2.8e-04 0.03
    11      50    1.8e+02    1    3.4e-02 -1919.17657555 -1621.86206580    -0.00014946   0.010170   4.1e-02   2.5e-04 0.03
    12      50    1.6e+02    1    6.7e-02 -1919.17663473 -1621.86212498    -0.00005919   0.008913   3.6e-02   2.9e-04 0.02
    13      50    1.7e+02    1    3.4e-02 -1919.17678535 -1621.86227560    -0.00015061   0.008735   3.5e-02   2.4e-04 0.02
    14      50    1.7e+02    1    2.1e-02 -1919.17679894 -1621.86228919    -0.00001360   0.009099   3.6e-02   2.7e-04 0.02
    15      50    1.6e+02    1    2.2e-02 -1919.17692029 -1621.86241054    -0.00012135   0.008202   3.3e-02   2.1e-04 0.02
    16      50    1.7e+02    0    7.3e-02 -1919.17692207 -1621.86241232    -0.00000179   0.008202   3.3e-02   2.1e-04 0.02
    17      70    2.4e+02    1    4.5e-02 -1919.17789431 -1621.86338456    -0.00097223   0.001383   5.5e-03   2.1e-04 0.02
    18      70    2.5e+02    0    6.9e-02 -1919.17789586 -1621.86338611    -0.00000156   0.001383   5.5e-03   2.1e-04 0.02
    19      81    2.9e+02    1    5.3e-02 -1919.17792836 -1621.86341861    -0.00003249   0.000490   2.0e-03   1.6e-04 0.02
 
RESULTS OF THE OCCUPATION OPTIMIZATION
========================================
   1    1.9999678  -104.89302363
   2    1.9999676  -104.89259287
   3    1.9999675  -104.89253491
   4    1.9999458  -58.60382431
   5    1.9993000  -10.57736056
   6    1.9993190  -10.57575237
   7    1.9993175  -10.57539090
   8    1.9990259  -8.04845046
   9    1.9990253  -8.04813020
  10    1.9990770  -8.04540155
  11    1.9990781  -8.04520613
  12    1.9990696  -8.04505341
  13    1.9990112  -8.04278283
  14    1.9984615  -7.81759846
  15    1.9984469  -7.75244380
  16    1.9984102  -7.56015210
  17    1.9980054  -5.99018089
  18    1.9958549  -3.29196925
  19    1.9964131  -3.28826902
  20    1.9965090  -3.28818142
  21    1.9906245  -1.11338457
  22    1.9906592  -1.11328169
  23    1.9906233  -1.11199720
  24    1.9751883  -0.53170751
  25    1.9751769  -0.53134344
  26    1.9752373  -0.53010999
  27    1.9756804  -0.52690736
  28    1.9758792  -0.52462713
  29    1.9760652  -0.51956452
  30    1.9764767  -0.51660882
  31    1.9768892  -0.51256610
  32    1.9767971  -0.51030346
  33    0.0232029  -0.02895161
  34    0.0231108  -0.02863381
  35    0.0235233  -0.03003529
  36    0.0239348  -0.03064914
  37    0.0241208  -0.03173969
  38    0.0243196  -0.03209135
  39    0.0247627  -0.03312531
  40    0.0248231  -0.03341985
  41    0.0248117  -0.03350258
  42    0.0093767  -0.02747492
  43    0.0093408  -0.02729766
  44    0.0093755  -0.02720263
  45    0.0034910  -0.02034350
  46    0.0035869  -0.02830822
  47    0.0041451  -0.02145136
  48    0.0019946  -0.01831795
  49    0.0015898  -0.02097558
  50    0.0015531  -0.02242950
  51    0.0015385  -0.02224264
  52    0.0009888  -0.01809909
  53    0.0009304  -0.01746744
  54    0.0009219  -0.01744746
  55    0.0009230  -0.01745627
  56    0.0009747  -0.01802721
  57    0.0009741  -0.01802303
  58    0.0006825  -0.01534693
  59    0.0006810  -0.01532987
  60    0.0007000  -0.01553427
  61    0.0000542  -0.00581646
  62    0.0000325  -0.00600079
  63    0.0000324  -0.00599199
  64    0.0000322  -0.00600350
 
----------------
 Final Energies 
----------------
Final NOF Total Energy =   -1621.8634186
 
Total Orbital Internal Iterations = 961
Total Occupation Internal Iterations = 26
 
Elapsed time: 3367.58 Seconds

---------------------------------
   Lowdin Population Analysis    
---------------------------------
 Idx  Atom   Population   Charge 
---------------------------------
  1    Al    14.742      -1.742
  2    Cl    16.419       0.581
  3    Cl    16.419       0.581
  4    Cl    16.419       0.581

---------------------------------
   M Diagnostic: 0.02
---------------------------------

Recovering execution output...
Moving from /scratch/pobleyef/287365 to /home-nas/pobleyef/Slim-NOF/ncwo1/Slim05/GNOFa20/arina.287365
mkdir -p /home-nas/pobleyef/Slim-NOF/ncwo1/Slim05/GNOFa20/arina.287365
mv /scratch/pobleyef/287365/* /home-nas/pobleyef/Slim-NOF/ncwo1/Slim05/GNOFa20/arina.287365
