W4-11-cl2
/software/eb2024/easybuild/software/common/software/Julia/1.11.3-linux-x86_64/bin/julia
Job runing on nagpu01
Choosing scratch ...
Automatic scratch folder selection
/scratch/pobleyef/287177
/scratch/pobleyef/287177 directory
cp W4-11-cl2.jl W4-11-cl2.jld2 to  /scratch/pobleyef/287177/.
Computing Integrals
Basis Set                                            = def2-qzvp
Auxiliary Basis Set                                  = def2-universal-jkfit
Gaussian Type                                        = Spherical
Elapsed time:    7.35 Seconds

Number of basis functions                   (NBF)    = 140
Number of auxiliary basis functions         (NBFAUX) = 256
Inactive Doubly occupied orbitals up to     (NO1)    = 0
No. considered Strongly Doubly occupied MOs (NDOC)   = 17
No. considered Strongly Singly occupied MOs (NSOC)   = 0
NO. of Weakly occ. per St. Doubly occ.  MOs (NCWO)   = 1
Dimension of the Nat. Orb. subspace         (NBF5)   = 34
No. of electrons                                     = 34
    No. of alpha electrons                           = 17
    No. of beta electrons                            = 17
Multiplicity                                         = 1

Geometry
========
Cl       0.0000000       0.0000000       0.9982880
Cl       0.0000000       0.0000000      -0.9982880

No violations of the orthonormality
No violations of the orthonormality
 
PNOF8/ADABelief Calculation
==================
 
  Nitext  Nit_orb  Time   Nit_occ  Time         Eelec          Etot           Ediff      maxdiff    MaxGrad_orb  Grad_occ
     1      10    2.7e+01    5    2.1e+01  -984.09357588  -907.49649151 -10983.09357588   0.640040   2.6e+00   2.6e-04 0.00
     2      10    8.2e+00    6    9.9e-03  -992.34768407  -915.75059970    -8.25410819   0.541575   2.2e+00   1.8e-04 0.01
     3      10    8.0e+00    7    5.6e-03  -994.67600528  -918.07892091    -2.32832122   0.379964   1.5e+00   1.7e-04 0.01
     4      10    1.0e+01    8    1.0e-02  -995.27745817  -918.68037380    -0.60145289   0.559166   2.2e+00   1.7e-04 0.02
     5      10    1.2e+01    0    1.9e-02  -995.29415735  -918.69707298    -0.01669918   0.559166   2.2e+00   1.7e-04 0.02
     6      30    3.8e+01    7    4.0e-02  -995.86214470  -919.26506033    -0.56798735   0.139933   5.6e-01   1.9e-04 0.03
     7      30    2.8e+01    5    1.2e-02  -996.10410489  -919.50702052    -0.24196019   0.053372   2.1e-01   2.3e-04 0.04
     8      30    2.4e+01    5    1.3e-02  -996.18947717  -919.59239280    -0.08537228   0.029177   1.2e-01   2.4e-04 0.04
     9      30    3.2e+01    5    1.4e-02  -996.21547020  -919.61838583    -0.02599303   0.037786   1.5e-01   1.2e-04 0.04
    10      30    3.2e+01    4    5.7e-02  -996.22563463  -919.62855026    -0.01016443   0.038227   1.5e-01   2.4e-04 0.04
    11      30    2.7e+01    0    7.3e-02  -996.22606499  -919.62898062    -0.00043036   0.038227   1.5e-01   2.4e-04 0.04
    12      50    4.5e+01    4    6.4e-03  -996.23214227  -919.63505790    -0.00607727   0.005367   2.1e-02   2.2e-04 0.04
    13      50    4.6e+01    4    3.5e-03  -996.23326701  -919.63618264    -0.00112475   0.006795   2.7e-02   1.9e-04 0.04
    14      50    5.5e+01    4    8.8e-03  -996.23402562  -919.63694125    -0.00075861   0.004331   1.7e-02   1.7e-04 0.04
    15      50    5.5e+01    3    8.2e-03  -996.23442846  -919.63734409    -0.00040284   0.005589   2.2e-02   2.2e-04 0.04
    16      50    4.1e+01    4    9.4e-03  -996.23477046  -919.63768608    -0.00034199   0.005513   2.2e-02   1.6e-04 0.04
    17      50    4.7e+01    3    6.3e-03  -996.23507460  -919.63799023    -0.00030414   0.005088   2.0e-02   2.0e-04 0.04
    18      50    4.7e+01    3    6.1e-02  -996.23532224  -919.63823787    -0.00024764   0.005286   2.1e-02   2.0e-04 0.04
    19      50    6.2e+01    3    4.5e-03  -996.23557555  -919.63849118    -0.00025331   0.004914   2.0e-02   2.0e-04 0.04
    20      50    6.4e+01    3    6.6e-02  -996.23580421  -919.63871984    -0.00022865   0.004489   1.8e-02   1.9e-04 0.04
    21      50    5.8e+01    1    3.0e-03  -996.23599873  -919.63891436    -0.00019452   0.004650   1.9e-02   2.4e-04 0.04
    22      50    5.8e+01    2    7.0e-03  -996.23618184  -919.63909747    -0.00018311   0.004617   1.8e-02   2.2e-04 0.04
    23      50    6.1e+01    3    4.7e-03  -996.23633738  -919.63925301    -0.00015554   0.006100   2.4e-02   1.7e-04 0.04
    24      50    5.8e+01    2    2.0e-02  -996.23650500  -919.63942063    -0.00016762   0.004129   1.7e-02   1.4e-04 0.04
    25      50    5.1e+01    1    3.8e-02  -996.23661647  -919.63953210    -0.00011147   0.004645   1.9e-02   1.9e-04 0.04
    26      50    5.5e+01    1    8.1e-03  -996.23669221  -919.63960784    -0.00007573   0.010033   4.0e-02   1.7e-04 0.04
    27      50    5.8e+01    2    7.3e-03  -996.23677031  -919.63968594    -0.00007811   0.004772   1.9e-02   1.4e-04 0.04
    28      50    5.0e+01    1    4.2e-03  -996.23678154  -919.63969716    -0.00001122   0.006468   2.6e-02   1.2e-04 0.04
    29      50    5.0e+01    2    1.5e-02  -996.23683185  -919.63974748    -0.00005031   0.004638   1.9e-02   1.1e-04 0.04
    30      50    4.7e+01    1    2.2e-02  -996.23684410  -919.63975973    -0.00001225   0.005088   2.0e-02   1.0e-04 0.04
    31      50    4.2e+01    2    1.1e-02  -996.23686173  -919.63977736    -0.00001763   0.004611   1.8e-02   8.5e-05 0.04
    32      50    4.5e+01    1    1.1e-02  -996.23687252  -919.63978815    -0.00001078   0.004810   1.9e-02   1.1e-04 0.04
    33      50    4.2e+01    2    7.2e-03  -996.23688244  -919.63979807    -0.00000993   0.004700   1.9e-02   6.7e-05 0.04
    34      50    4.5e+01    0    6.2e-02  -996.23688687  -919.63980250    -0.00000443   0.004787   1.9e-02   2.2e-04 0.04
    35      60    5.5e+01    1    4.6e-03  -996.23694414  -919.63985977    -0.00005727   0.004159   1.7e-02   8.3e-05 0.04
    36      60    7.0e+01    0    1.0e-02  -996.23694475  -919.63986038    -0.00000061   0.004159   1.7e-02   8.3e-05 0.04
    37      64    8.4e+01    0    8.2e-03  -996.23704576  -919.63996139    -0.00010100   0.000485   1.9e-03   1.8e-04 0.04
 
RESULTS OF THE OCCUPATION OPTIMIZATION
========================================
   1    1.9999710  -104.93928785
   2    1.9999743  -104.93752311
   3    1.9993382  -10.62161208
   4    1.9993373  -10.61915566
   5    1.9990493  -8.08894137
   6    1.9990622  -8.08796898
   7    1.9983379  -8.08608890
   8    1.9990506  -8.08603120
   9    1.9990606  -8.08549084
  10    1.9981100  -8.08339182
  11    1.9898954  -1.13437491
  12    1.9875042  -1.10334748
  13    1.9638222  -0.61726141
  14    1.9797291  -0.53722468
  15    1.9794727  -0.53373142
  16    1.9789374  -0.50664001
  17    1.9780192  -0.47883871
  18    0.0219808  -0.02755171
  19    0.0210626  -0.02723475
  20    0.0205273  -0.02467443
  21    0.0202709  -0.02457812
  22    0.0361778  -0.05960624
  23    0.0124958  -0.02250799
  24    0.0101046  -0.02688793
  25    0.0018900  -0.03072550
  26    0.0009394  -0.01779342
  27    0.0009494  -0.01792214
  28    0.0016621  -0.02590433
  29    0.0009378  -0.01780818
  30    0.0009507  -0.01790486
  31    0.0006627  -0.01553247
  32    0.0006618  -0.01554563
  33    0.0000257  -0.00515362
  34    0.0000290  -0.00558913
 
----------------
 Final Energies 
----------------
Final NOF Total Energy =    -919.6399614
 
Total Orbital Internal Iterations = 1564
Total Occupation Internal Iterations = 105
 
Elapsed time: 1673.45 Seconds

---------------------------------
   Lowdin Population Analysis    
---------------------------------
 Idx  Atom   Population   Charge 
---------------------------------
  1    Cl    17.001      -0.001
  2    Cl    16.999       0.001

---------------------------------
   M Diagnostic: 0.04
---------------------------------

Recovering execution output...
Moving from /scratch/pobleyef/287177 to /home-nas/pobleyef/Slim-NOF/ncwo1/Slim05/GNOFa20/arina.287177
mkdir -p /home-nas/pobleyef/Slim-NOF/ncwo1/Slim05/GNOFa20/arina.287177
mv /scratch/pobleyef/287177/* /home-nas/pobleyef/Slim-NOF/ncwo1/Slim05/GNOFa20/arina.287177
