Computing Integrals
Basis Set                                            = def2-qzvp
Auxiliary Basis Set                                  = def2-universal-jkfit
Gaussian Type                                        = Spherical
Elapsed time:    5.83 Seconds

Number of basis functions                   (NBF)    = 318
Number of auxiliary basis functions         (NBFAUX) = 362
Inactive Doubly occupied orbitals up to     (NO1)    = 0
No. considered Strongly Doubly occupied MOs (NDOC)   = 16
No. considered Strongly Singly occupied MOs (NSOC)   = 0
NO. of Weakly occ. per St. Doubly occ.  MOs (NCWO)   = 18
Dimension of the Nat. Orb. subspace         (NBF5)   = 304
No. of electrons                                     = 32
    No. of alpha electrons                           = 16
    No. of beta electrons                            = 16
Multiplicity                                         = 1

Geometry
========
 N       0.3636181       1.9287268      -1.7850500
 N       0.8221764       2.4066504      -2.7896666
 N      -0.0945684       1.4516948      -0.7768230
 N      -1.1064134      -0.0990907       1.6387093
 H      -0.6233827      -0.9878050       1.5736419
 H      -0.6305271       0.4109773       2.3741657
 H      -0.8678242       0.4021602       0.7758618

No violations of the orthonormality
No violations of the orthonormality
 
PNOF8/ADABelief Calculation
==================
 
  Nitext  Nit_orb  Time   Nit_occ  Time         Eelec          Etot           Ediff      maxdiff    MaxGrad_orb  Grad_occ
     1      10    3.1e+01   15    2.9e+01  -314.60060515  -220.56710978 -10313.60060515   0.003672   1.5e-02   2.0e-04 0.28
     2      20    1.1e+01    0    3.4e-01  -314.60850155  -220.57500618    -0.00789640   0.003672   1.5e-02   2.0e-04 0.28
     3      40    2.8e+01    5    9.9e-01  -314.60915704  -220.57566168    -0.00065550   0.004287   1.7e-02   2.5e-04 0.28
     4      40    2.7e+01    7    1.2e+00  -314.60943607  -220.57594071    -0.00027903   0.004406   1.8e-02   2.2e-04 0.28
     5      40    4.1e+01   13    2.3e+00  -314.60959504  -220.57609967    -0.00015896   0.005579   2.2e-02   2.2e-04 0.28
     6      40    4.1e+01    5    1.2e+00  -314.60978018  -220.57628482    -0.00018515   0.005288   2.1e-02   2.1e-04 0.28
     7      40    3.5e+01    5    9.6e-01  -314.60989891  -220.57640355    -0.00011873   0.005878   2.4e-02   2.5e-04 0.28
     8      40    3.2e+01    8    1.5e+00  -314.61001660  -220.57652124    -0.00011769   0.005043   2.0e-02   2.1e-04 0.28
     9      40    4.8e+01   13    2.2e+00  -314.61017815  -220.57668279    -0.00016155   0.004910   2.0e-02   2.5e-04 0.28
    10      40    2.8e+01    5    1.2e+00  -314.61037483  -220.57687947    -0.00019668   0.004267   1.7e-02   1.8e-04 0.28
    11      40    3.3e+01    2    6.4e-01  -314.61047195  -220.57697659    -0.00009712   0.003522   1.4e-02   2.2e-04 0.28
    12      40    3.1e+01    8    1.5e+00  -314.61054717  -220.57705180    -0.00007521   0.003847   1.5e-02   2.4e-04 0.28
    13      40    2.6e+01    7    1.3e+00  -314.61065690  -220.57716153    -0.00010973   0.003515   1.4e-02   2.1e-04 0.28
    14      40    3.1e+01    2    5.2e-01  -314.61070265  -220.57720729    -0.00004576   0.004050   1.6e-02   1.6e-04 0.28
    15      40    2.9e+01    3    6.7e-01  -314.61073847  -220.57724310    -0.00003581   0.018603   7.4e-02   2.6e-04 0.28
    16      40    2.1e+01    1    4.2e-01  -314.61077067  -220.57727531    -0.00003221   0.004711   1.9e-02   2.5e-04 0.28
    17      40    1.9e+01    0    3.6e-01  -314.61077183  -220.57727646    -0.00000115   0.004711   1.9e-02   2.5e-04 0.28
    18      55    2.9e+01    0    3.2e-01  -314.61094965  -220.57745428    -0.00017782   0.000499   2.0e-03   2.8e-04 0.28
 
RESULTS OF THE OCCUPATION OPTIMIZATION
========================================
   1    1.9999638  -15.41228464
   2    1.9999641  -15.40962976
   3    1.9999639  -15.39371554
   4    1.9999442  -15.38681575
   5    1.9805780  -1.20102449
   6    1.9827935  -0.98165979
   7    1.9801654  -0.97807356
   8    1.9741763  -0.49543426
   9    1.9675800  -0.46807372
  10    1.9655080  -0.46249478
  11    1.9662055  -0.43709365
  12    1.9729297  -0.43142170
  13    1.9733873  -0.43113113
  14    1.9627055  -0.42409142
  15    1.9489246  -0.16089843
  16    1.7201544  -0.15800066
  17    0.2797986  -0.04871206
  18    0.0483610  -0.05329607
  19    0.0337749  -0.04564161
  20    0.0098164  -0.01601465
  21    0.0068889  -0.01045502
  22    0.0208412  -0.02530923
  23    0.0220915  -0.02536788
  24    0.0244179  -0.02664262
  25    0.0091876  -0.01547912
  26    0.0055190  -0.01204219
  27    0.0094428  -0.01566309
  28    0.0148271  -0.02730035
  29    0.0000429  -0.00110716
  30    0.0000194  -0.00048421
  31    0.0000224  -0.00053102
  32    0.0000206  -0.00052158
  33    0.0000193  -0.00001076
  34    0.0022320  -0.00381438
  35    0.0011961  -0.00291770
  36    0.0062065  -0.00990318
  37    0.0063928  -0.00940320
  38    0.0054122  -0.00795431
  39    0.0057567  -0.00830365
  40    0.0056839  -0.00834679
  41    0.0035855  -0.00623181
  42    0.0047760  -0.00844858
  43    0.0014386  -0.00515653
  44    0.0020621  -0.00795215
  45    0.0000037  -0.00008033
  46    0.0000052  -0.00009836
  47    0.0000042  -0.00006170
  48    0.0000057  -0.00009628
  49    0.0000109  -0.00000707
  50    0.0001899  -0.00047855
  51    0.0007306  -0.00186583
  52    0.0059283  -0.00916134
  53    0.0054368  -0.00765909
  54    0.0052173  -0.00796542
  55    0.0052533  -0.00796253
  56    0.0007937  -0.00155820
  57    0.0034119  -0.00573739
  58    0.0038677  -0.00693255
  59    0.0013291  -0.00359154
  60    0.0006666  -0.00258580
  61    0.0000031  -0.00003962
  62    0.0000034  -0.00004532
  63    0.0000038  -0.00005550
  64    0.0000038  -0.00004617
  65    0.0000054  -0.00000204
  66    0.0001636  -0.00042561
  67    0.0006673  -0.00175112
  68    0.0015942  -0.00311307
  69    0.0050911  -0.00714769
  70    0.0011007  -0.00241321
  71    0.0005809  -0.00125300
  72    0.0004288  -0.00094356
  73    0.0031909  -0.00565368
  74    0.0015989  -0.00560584
  75    0.0011815  -0.00341921
  76    0.0006489  -0.00386772
  77    0.0000025  -0.00003401
  78    0.0000031  -0.00003975
  79    0.0000027  -0.00003623
  80    0.0000024  -0.00003204
  81    0.0000033  -0.00000344
  82    0.0000269  -0.00005842
  83    0.0002854  -0.00070273
  84    0.0008617  -0.00218566
  85    0.0012796  -0.00310777
  86    0.0003335  -0.00080828
  87    0.0001885  -0.00053422
  88    0.0004178  -0.00092438
  89    0.0026420  -0.00430143
  90    0.0014918  -0.00494326
  91    0.0007755  -0.00184606
  92    0.0002477  -0.00077066
  93    0.0000024  -0.00003058
  94    0.0000031  -0.00004004
  95    0.0000020  -0.00003485
  96    0.0000022  -0.00003334
  97    0.0000023  -0.00000416
  98    0.0000155  -0.00004006
  99    0.0001917  -0.00051935
 100    0.0004825  -0.00131354
 101    0.0005154  -0.00148577
 102    0.0003132  -0.00078891
 103    0.0001510  -0.00043858
 104    0.0002098  -0.00057899
 105    0.0016352  -0.00308863
 106    0.0007793  -0.00361981
 107    0.0007750  -0.00173465
 108    0.0002326  -0.00073075
 109    0.0000005  -0.00004495
 110    0.0000006  -0.00005100
 111    0.0000003  -0.00002615
 112    0.0000006  -0.00005826
 113    0.0000016  -0.00000256
 114    0.0000140  -0.00006199
 115    0.0001475  -0.00044132
 116    0.0003982  -0.00130512
 117    0.0003475  -0.00097799
 118    0.0001473  -0.00046606
 119    0.0000976  -0.00031722
 120    0.0001085  -0.00035703
 121    0.0005826  -0.00157326
 122    0.0004747  -0.00272600
 123    0.0006876  -0.00432232
 124    0.0002108  -0.00066842
 125    0.0000002  -0.00000634
 126    0.0000004  -0.00003900
 127    0.0000002  -0.00000579
 128    0.0000002  -0.00000698
 129    0.0000009  -0.00000258
 130    0.0000116  -0.00005501
 131    0.0000902  -0.00031361
 132    0.0003334  -0.00082700
 133    0.0003384  -0.00089567
 134    0.0001099  -0.00036430
 135    0.0000898  -0.00027865
 136    0.0000986  -0.00032860
 137    0.0003572  -0.00104734
 138    0.0004345  -0.00114222
 139    0.0005971  -0.00165885
 140    0.0001544  -0.00083771
 141    0.0000001  -0.00000475
 142    0.0000003  -0.00000865
 143    0.0000001  -0.00000233
 144    0.0000001  -0.00000501
 145    0.0000007  -0.00000180
 146    0.0000105  -0.00004478
 147    0.0000469  -0.00017867
 148    0.0003225  -0.00082800
 149    0.0002971  -0.00090115
 150    0.0000973  -0.00032373
 151    0.0000835  -0.00026836
 152    0.0000843  -0.00029070
 153    0.0002889  -0.00075205
 154    0.0004133  -0.00117365
 155    0.0004027  -0.00156549
 156    0.0001541  -0.00083263
 157    0.0000001  -0.00000244
 158    0.0000001  -0.00000478
 159    0.0000001  -0.00000186
 160    0.0000001  -0.00000347
 161    0.0000005  -0.00000127
 162    0.0000091  -0.00004354
 163    0.0000405  -0.00016656
 164    0.0002331  -0.00058824
 165    0.0002306  -0.00059179
 166    0.0000789  -0.00026246
 167    0.0000591  -0.00018541
 168    0.0000575  -0.00018732
 169    0.0002387  -0.00069204
 170    0.0001518  -0.00068064
 171    0.0001724  -0.00134705
 172    0.0000512  -0.00029052
 173    0.0000000  -0.00000144
 174    0.0000001  -0.00000393
 175    0.0000001  -0.00000193
 176    0.0000001  -0.00000310
 177    0.0000004  -0.00000094
 178    0.0000082  -0.00004155
 179    0.0000288  -0.00012311
 180    0.0001502  -0.00049357
 181    0.0000766  -0.00031580
 182    0.0000428  -0.00015979
 183    0.0000515  -0.00017786
 184    0.0000320  -0.00013237
 185    0.0002024  -0.00058056
 186    0.0000979  -0.00043563
 187    0.0001105  -0.00099156
 188    0.0000362  -0.00017374
 189    0.0000000  -0.00000098
 190    0.0000001  -0.00000296
 191    0.0000001  -0.00000185
 192    0.0000001  -0.00000257
 193    0.0000004  -0.00000077
 194    0.0000075  -0.00004019
 195    0.0000189  -0.00009040
 196    0.0000657  -0.00028744
 197    0.0000608  -0.00021090
 198    0.0000196  -0.00008644
 199    0.0000182  -0.00008485
 200    0.0000165  -0.00008093
 201    0.0001908  -0.00061076
 202    0.0000526  -0.00022093
 203    0.0001072  -0.00041110
 204    0.0000317  -0.00014048
 205    0.0000000  -0.00000094
 206    0.0000001  -0.00000214
 207    0.0000000  -0.00000070
 208    0.0000001  -0.00000248
 209    0.0000003  -0.00000085
 210    0.0000068  -0.00003766
 211    0.0000148  -0.00006902
 212    0.0000506  -0.00020715
 213    0.0000307  -0.00013547
 214    0.0000168  -0.00008024
 215    0.0000164  -0.00007327
 216    0.0000158  -0.00007928
 217    0.0001077  -0.00037601
 218    0.0000436  -0.00020059
 219    0.0000479  -0.00019957
 220    0.0000199  -0.00010558
 221    0.0000000  -0.00000056
 222    0.0000001  -0.00000186
 223    0.0000000  -0.00000062
 224    0.0000001  -0.00000206
 225    0.0000002  -0.00000078
 226    0.0000061  -0.00003587
 227    0.0000134  -0.00006261
 228    0.0000497  -0.00020094
 229    0.0000201  -0.00009757
 230    0.0000151  -0.00007223
 231    0.0000137  -0.00007035
 232    0.0000141  -0.00007067
 233    0.0001029  -0.00036839
 234    0.0000381  -0.00016904
 235    0.0000396  -0.00017306
 236    0.0000178  -0.00009000
 237    0.0000000  -0.00000054
 238    0.0000000  -0.00000153
 239    0.0000000  -0.00000052
 240    0.0000001  -0.00000180
 241    0.0000002  -0.00000065
 242    0.0000050  -0.00002996
 243    0.0000133  -0.00006391
 244    0.0000397  -0.00016534
 245    0.0000181  -0.00008658
 246    0.0000146  -0.00007594
 247    0.0000117  -0.00005868
 248    0.0000134  -0.00007394
 249    0.0000315  -0.00013901
 250    0.0000325  -0.00015808
 251    0.0000297  -0.00015480
 252    0.0000174  -0.00008472
 253    0.0000000  -0.00000049
 254    0.0000000  -0.00000133
 255    0.0000000  -0.00000056
 256    0.0000000  -0.00000168
 257    0.0000002  -0.00000062
 258    0.0000038  -0.00002588
 259    0.0000120  -0.00005885
 260    0.0000302  -0.00013641
 261    0.0000165  -0.00008094
 262    0.0000137  -0.00007047
 263    0.0000104  -0.00005379
 264    0.0000112  -0.00005750
 265    0.0000290  -0.00013523
 266    0.0000220  -0.00010215
 267    0.0000256  -0.00013732
 268    0.0000159  -0.00008908
 269    0.0000000  -0.00000045
 270    0.0000000  -0.00000085
 271    0.0000000  -0.00000058
 272    0.0000000  -0.00000158
 273    0.0000001  -0.00000051
 274    0.0000022  -0.00002070
 275    0.0000115  -0.00005600
 276    0.0000266  -0.00012179
 277    0.0000152  -0.00007251
 278    0.0000117  -0.00005827
 279    0.0000101  -0.00005183
 280    0.0000089  -0.00005030
 281    0.0000215  -0.00009872
 282    0.0000218  -0.00010255
 283    0.0000237  -0.00011834
 284    0.0000150  -0.00008867
 285    0.0000000  -0.00000042
 286    0.0000000  -0.00000109
 287    0.0000000  -0.00000042
 288    0.0000000  -0.00000134
 289    0.0000001  -0.00000044
 290    0.0000017  -0.00001921
 291    0.0000107  -0.00005023
 292    0.0000231  -0.00010469
 293    0.0000142  -0.00007237
 294    0.0000088  -0.00004894
 295    0.0000082  -0.00004724
 296    0.0000072  -0.00004572
 297    0.0000174  -0.00008401
 298    0.0000192  -0.00009786
 299    0.0000201  -0.00009989
 300    0.0000125  -0.00007467
 301    0.0000000  -0.00000035
 302    0.0000000  -0.00000084
 303    0.0000000  -0.00000040
 304    0.0000000  -0.00000081
 
----------------
 Final Energies 
----------------
Final NOF Total Energy =    -220.5774543
 
Total Orbital Internal Iterations = 685
Total Occupation Internal Iterations = 99
 
Elapsed time:  632.20 Seconds

---------------------------------
   Lowdin Population Analysis    
---------------------------------
 Idx  Atom   Population   Charge 
---------------------------------
  1     N     7.271      -0.271
  2     N     7.320      -0.320
  3     N     7.295      -0.295
  4     N     6.457       0.543
  5     H     1.213      -0.213
  6     H     1.210      -0.210
  7     H     1.234      -0.234

---------------------------------
   M Diagnostic: 0.28
---------------------------------

