Computing Integrals
Basis Set                                            = def2-qzvp
Auxiliary Basis Set                                  = def2-universal-jkfit
Gaussian Type                                        = Spherical
Elapsed time:    2.97 Seconds

Number of basis functions                   (NBF)    = 171
Number of auxiliary basis functions         (NBFAUX) = 231
Inactive Doubly occupied orbitals up to     (NO1)    = 0
No. considered Strongly Doubly occupied MOs (NDOC)   = 11
No. considered Strongly Singly occupied MOs (NSOC)   = 0
NO. of Weakly occ. per St. Doubly occ.  MOs (NCWO)   = 14
Dimension of the Nat. Orb. subspace         (NBF5)   = 165
No. of electrons                                     = 22
    No. of alpha electrons                           = 11
    No. of beta electrons                            = 11
Multiplicity                                         = 1

Geometry
========
 N       0.3636181       1.9287268      -1.7850500
 N       0.8221764       2.4066504      -2.7896666
 N      -0.0945684       1.4516948      -0.7768230

No violations of the orthonormality
No violations of the orthonormality
 
PNOF8/ADABelief Calculation
==================
 
  Nitext  Nit_orb  Time   Nit_occ  Time         Eelec          Etot           Ediff      maxdiff    MaxGrad_orb  Grad_occ
     1      10    2.2e+01   30    2.7e+01  -217.77937765  -163.96398721 -10216.77937765   0.004292   1.7e-02   2.4e-04 0.27
     2      20    4.3e+00    0    1.1e-01  -217.78311556  -163.96772512    -0.00373791   0.004292   1.7e-02   2.4e-04 0.27
     3      40    8.2e+00    7    4.1e-01  -217.78379906  -163.96840862    -0.00068349   0.001983   7.9e-03   1.5e-04 0.27
     4      40    9.4e+00    9    5.7e-01  -217.78422665  -163.96883621    -0.00042759   0.003208   1.3e-02   1.5e-04 0.27
     5      40    8.7e+00    3    2.8e-01  -217.78457687  -163.96918643    -0.00035022   0.002561   1.0e-02   2.6e-04 0.27
     6      40    1.1e+01    8    4.3e-01  -217.78485041  -163.96945997    -0.00027354   0.002548   1.0e-02   2.6e-04 0.27
     7      40    9.5e+00    3    2.1e-01  -217.78509292  -163.96970248    -0.00024251   0.002384   9.5e-03   2.4e-04 0.27
     8      40    1.3e+01    3    2.5e-01  -217.78523495  -163.96984452    -0.00014203   0.002266   9.1e-03   2.4e-04 0.27
     9      40    1.2e+01    1    9.3e-02  -217.78531079  -163.96992035    -0.00007583   0.002192   8.8e-03   2.8e-04 0.27
    10      40    8.9e+00    3    2.4e-01  -217.78535603  -163.96996559    -0.00004524   0.001781   7.1e-03   2.5e-04 0.27
    11      40    8.5e+00    1    8.7e-02  -217.78542945  -163.97003901    -0.00007342   0.001547   6.2e-03   2.2e-04 0.27
    12      40    9.9e+00   11    5.2e-01  -217.78544528  -163.97005484    -0.00001583   0.001672   6.7e-03   1.8e-04 0.27
    13      40    9.7e+00    1    1.5e-01  -217.78550561  -163.97011517    -0.00006032   0.001856   7.4e-03   1.9e-04 0.27
    14      40    7.9e+00    3    1.7e-01  -217.78553192  -163.97014148    -0.00002631   0.001714   6.9e-03   1.9e-04 0.27
    15      40    9.0e+00    1    9.7e-02  -217.78554758  -163.97015715    -0.00001567   0.001780   7.1e-03   2.3e-04 0.27
    16      40    6.9e+00    7    4.4e-01  -217.78557432  -163.97018388    -0.00002673   0.001762   7.0e-03   1.8e-04 0.27
    17      40    8.5e+00    3    2.3e-01  -217.78562976  -163.97023933    -0.00005545   0.001726   6.9e-03   1.9e-04 0.28
    18      40    8.8e+00    3    2.5e-01  -217.78568503  -163.97029459    -0.00005526   0.001788   7.2e-03   2.4e-04 0.27
    19      40    8.1e+00    4    2.5e-01  -217.78572080  -163.97033036    -0.00003577   0.002015   8.1e-03   2.3e-04 0.27
    20      40    1.1e+01    4    2.0e-01  -217.78577258  -163.97038214    -0.00005178   0.001676   6.7e-03   2.7e-04 0.27
    21      40    8.1e+00    4    2.6e-01  -217.78581809  -163.97042765    -0.00004551   0.001853   7.4e-03   2.1e-04 0.28
    22      40    1.1e+01    9    4.3e-01  -217.78585712  -163.97046668    -0.00003903   0.001832   7.3e-03   1.5e-04 0.28
    23      40    1.1e+01    3    1.9e-01  -217.78590333  -163.97051289    -0.00004622   0.001971   7.9e-03   1.5e-04 0.28
    24      40    7.1e+00    3    1.8e-01  -217.78593395  -163.97054351    -0.00003062   0.001993   8.0e-03   2.3e-04 0.27
    25      40    7.6e+00    4    1.8e-01  -217.78596061  -163.97057017    -0.00002666   0.001972   7.9e-03   1.5e-04 0.28
    26      40    8.1e+00    3    2.6e-01  -217.78600160  -163.97061116    -0.00004099   0.001838   7.4e-03   2.1e-04 0.27
    27      40    1.2e+01    3    2.5e-01  -217.78601408  -163.97062364    -0.00001248   0.002118   8.5e-03   1.9e-04 0.27
    28      40    1.0e+01    3    1.7e-01  -217.78606470  -163.97067426    -0.00005062   0.001825   7.3e-03   2.6e-04 0.27
    29      40    1.2e+01    9    4.9e-01  -217.78609887  -163.97070843    -0.00003417   0.001792   7.2e-03   1.8e-04 0.27
    30      40    8.9e+00    1    1.1e-01  -217.78617255  -163.97078211    -0.00007367   0.001812   7.2e-03   2.5e-04 0.27
    31      40    7.9e+00    3    2.2e-01  -217.78618901  -163.97079858    -0.00001647   0.002066   8.3e-03   2.1e-04 0.28
    32      40    7.5e+00    6    2.7e-01  -217.78622871  -163.97083828    -0.00003970   0.001858   7.4e-03   2.2e-04 0.27
    33      40    1.0e+01    1    9.4e-02  -217.78626747  -163.97087703    -0.00003876   0.002400   9.6e-03   1.7e-04 0.28
    34      40    1.0e+01    0    6.7e-02  -217.78629562  -163.97090518    -0.00002815   0.002148   8.6e-03   2.3e-04 0.28
    35      50    1.0e+01    0    6.6e-02  -217.78634597  -163.97095554    -0.00005036   0.001546   6.2e-03   2.9e-04 0.28
    36      60    1.5e+01    5    2.9e-01  -217.78637059  -163.97098016    -0.00002462   0.001035   4.1e-03   2.7e-04 0.28
    37      60    1.5e+01    6    3.1e-01  -217.78642961  -163.97103917    -0.00005901   0.001225   4.9e-03   2.2e-04 0.28
    38      60    1.1e+01    3    1.8e-01  -217.78650629  -163.97111586    -0.00007669   0.001281   5.1e-03   2.1e-04 0.28
    39      60    1.2e+01    8    4.1e-01  -217.78657724  -163.97118680    -0.00007094   0.001072   4.3e-03   1.4e-04 0.28
    40      60    1.3e+01    3    2.3e-01  -217.78668729  -163.97129685    -0.00011005   0.000934   3.7e-03   2.0e-04 0.28
 
RESULTS OF THE OCCUPATION OPTIMIZATION
========================================
   1    1.9999232  -15.38179347
   2    1.9999298  -15.38102008
   3    1.9999072  -15.34963939
   4    1.9798349  -1.17553673
   5    1.9676265  -0.89022528
   6    1.9703585  -0.45780752
   7    1.9757444  -0.45148198
   8    1.9707360  -0.40392831
   9    1.9695031  -0.40065038
  10    1.7240317  -0.14796664
  11    1.7253791  -0.14773108
  12    0.2745119  -0.04619487
  13    0.2758825  -0.04624530
  14    0.0090649  -0.01197500
  15    0.0097550  -0.01252053
  16    0.0106809  -0.01577782
  17    0.0078018  -0.01311224
  18    0.0295312  -0.04559914
  19    0.0152273  -0.02674964
  20    0.0000429  -0.00120260
  21    0.0000188  -0.00051663
  22    0.0000274  -0.00071993
  23    0.0000269  -0.00001325
  24    0.0000229  -0.00001486
  25    0.0056872  -0.00738863
  26    0.0070978  -0.00980513
  27    0.0083457  -0.01268437
  28    0.0060188  -0.00896566
  29    0.0011827  -0.00316519
  30    0.0021021  -0.00638034
  31    0.0000062  -0.00008504
  32    0.0000074  -0.00014080
  33    0.0000072  -0.00011799
  34    0.0000225  -0.00000893
  35    0.0000173  -0.00000473
  36    0.0055879  -0.00707068
  37    0.0058273  -0.00714961
  38    0.0018260  -0.00569482
  39    0.0048088  -0.00676722
  40    0.0005048  -0.00148350
  41    0.0006891  -0.00406920
  42    0.0000058  -0.00007635
  43    0.0000069  -0.00008148
  44    0.0000059  -0.00007730
  45    0.0000202  -0.00000989
  46    0.0000106  -0.00000621
  47    0.0035654  -0.00584241
  48    0.0031327  -0.00543045
  49    0.0008438  -0.00305677
  50    0.0033306  -0.00539687
  51    0.0003415  -0.00098939
  52    0.0006760  -0.00358182
  53    0.0000057  -0.00007857
  54    0.0000068  -0.00008103
  55    0.0000058  -0.00007589
  56    0.0000068  -0.00002382
  57    0.0000066  -0.00002265
  58    0.0017157  -0.00387096
  59    0.0009514  -0.00211337
  60    0.0007234  -0.00203216
  61    0.0022864  -0.00401170
  62    0.0001567  -0.00046543
  63    0.0005121  -0.00339578
  64    0.0000053  -0.00007589
  65    0.0000066  -0.00008576
  66    0.0000056  -0.00007107
  67    0.0000053  -0.00002202
  68    0.0000063  -0.00002172
  69    0.0016587  -0.00293424
  70    0.0008478  -0.00252836
  71    0.0005641  -0.00173099
  72    0.0022413  -0.00393310
  73    0.0001342  -0.00042368
  74    0.0003230  -0.00088718
  75    0.0000048  -0.00006458
  76    0.0000057  -0.00007250
  77    0.0000049  -0.00006542
  78    0.0000048  -0.00002101
  79    0.0000050  -0.00002177
  80    0.0015326  -0.00320386
  81    0.0005795  -0.00171662
  82    0.0003576  -0.00137458
  83    0.0016212  -0.00343398
  84    0.0001321  -0.00042470
  85    0.0001987  -0.00065015
  86    0.0000046  -0.00006386
  87    0.0000037  -0.00005055
  88    0.0000046  -0.00006255
  89    0.0000045  -0.00002015
  90    0.0000045  -0.00001988
  91    0.0004139  -0.00099046
  92    0.0003663  -0.00084985
  93    0.0002356  -0.00063629
  94    0.0003238  -0.00075025
  95    0.0001163  -0.00041322
  96    0.0001612  -0.00130083
  97    0.0000043  -0.00007786
  98    0.0000030  -0.00005029
  99    0.0000041  -0.00007630
 100    0.0000045  -0.00002130
 101    0.0000042  -0.00001970
 102    0.0003329  -0.00099848
 103    0.0002691  -0.00068057
 104    0.0002134  -0.00056061
 105    0.0003095  -0.00084364
 106    0.0001124  -0.00039071
 107    0.0000851  -0.00034691
 108    0.0000040  -0.00007159
 109    0.0000025  -0.00003853
 110    0.0000031  -0.00004999
 111    0.0000039  -0.00001907
 112    0.0000022  -0.00000965
 113    0.0003169  -0.00075417
 114    0.0001804  -0.00050189
 115    0.0001927  -0.00053154
 116    0.0002846  -0.00074727
 117    0.0000647  -0.00029825
 118    0.0000838  -0.00034679
 119    0.0000031  -0.00004390
 120    0.0000024  -0.00003856
 121    0.0000028  -0.00006900
 122    0.0000032  -0.00001024
 123    0.0000020  -0.00000548
 124    0.0002499  -0.00068416
 125    0.0001160  -0.00038824
 126    0.0001133  -0.00086066
 127    0.0002372  -0.00068772
 128    0.0000268  -0.00012238
 129    0.0000335  -0.00016520
 130    0.0000021  -0.00003633
 131    0.0000022  -0.00003732
 132    0.0000020  -0.00003592
 133    0.0000024  -0.00000566
 134    0.0000015  -0.00000708
 135    0.0001553  -0.00048873
 136    0.0000534  -0.00019598
 137    0.0000564  -0.00023844
 138    0.0001491  -0.00049047
 139    0.0000258  -0.00012074
 140    0.0000331  -0.00016389
 141    0.0000017  -0.00003101
 142    0.0000020  -0.00003653
 143    0.0000017  -0.00003127
 144    0.0000020  -0.00000697
 145    0.0000014  -0.00000338
 146    0.0001122  -0.00038486
 147    0.0000491  -0.00019616
 148    0.0000532  -0.00021002
 149    0.0001395  -0.00044811
 150    0.0000232  -0.00013491
 151    0.0000202  -0.00010662
 152    0.0000015  -0.00002978
 153    0.0000016  -0.00003059
 154    0.0000012  -0.00002602
 155    0.0000018  -0.00000342
 156    0.0000012  -0.00000330
 157    0.0001033  -0.00035345
 158    0.0000383  -0.00019216
 159    0.0000495  -0.00019366
 160    0.0000888  -0.00032333
 161    0.0000212  -0.00013218
 162    0.0000197  -0.00010213
 163    0.0000006  -0.00004558
 164    0.0000006  -0.00005674
 165    0.0000005  -0.00004349
 
----------------
 Final Energies 
----------------
Final NOF Total Energy =    -163.9712968
 
Total Orbital Internal Iterations = 1660
Total Occupation Internal Iterations = 182
 
Elapsed time:  472.79 Seconds

---------------------------------
   Lowdin Population Analysis    
---------------------------------
 Idx  Atom   Population   Charge 
---------------------------------
  1     N     7.341      -0.341
  2     N     7.329      -0.329
  3     N     7.330      -0.330

---------------------------------
   M Diagnostic: 0.28
---------------------------------

