Computing Integrals
Basis Set                                            = def2-qzvp
Auxiliary Basis Set                                  = def2-universal-jkfit
Gaussian Type                                        = Spherical
Elapsed time:    3.97 Seconds

Number of basis functions                   (NBF)    = 201
Number of auxiliary basis functions         (NBFAUX) = 249
Inactive Doubly occupied orbitals up to     (NO1)    = 0
No. considered Strongly Doubly occupied MOs (NDOC)   = 11
No. considered Strongly Singly occupied MOs (NSOC)   = 1
NO. of Weakly occ. per St. Doubly occ.  MOs (NCWO)   = 17
Dimension of the Nat. Orb. subspace         (NBF5)   = 199
No. of electrons                                     = 23
    No. of alpha electrons                           = 12
    No. of beta electrons                            = 11
Multiplicity                                         = 2

Geometry
========
 H      -0.2690454      -1.5391876       0.0000000
 O      -0.8267685      -0.2299978       0.0000000
 N       0.0342399       0.6485534       0.0000000
 N       1.0615740       1.1206319       0.0000000

No violations of the orthonormality
No violations of the orthonormality
 
PNOF8/ADABelief Calculation
==================
 
  Nitext  Nit_orb  Time   Nit_occ  Time         Eelec          Etot           Ediff      maxdiff    MaxGrad_orb  Grad_occ
     1      10    2.5e+01   11    2.9e+01  -250.69837321  -185.01213139 -10249.69837321   0.003801   1.5e-02   2.4e-04 0.05
     2      20    5.5e+00    0    1.1e-01  -250.70587629  -185.01963447    -0.00750308   0.003801   1.5e-02   2.4e-04 0.05
     3      40    9.8e+00    5    4.1e-01  -250.70653948  -185.02029765    -0.00066318   0.003537   1.4e-02   2.0e-04 0.05
     4      40    1.1e+01    4    3.4e-01  -250.70665900  -185.02041718    -0.00011952   0.003616   1.4e-02   2.5e-04 0.05
     5      40    1.1e+01    7    6.2e-01  -250.70669137  -185.02044954    -0.00003237   0.004039   1.6e-02   2.3e-04 0.05
     6      40    1.1e+01    3    2.5e-01  -250.70673571  -185.02049389    -0.00004435   0.003315   1.3e-02   1.7e-04 0.05
     7      40    9.9e+00    0    1.3e-01  -250.70675828  -185.02051646    -0.00002257   0.003389   1.4e-02   2.4e-04 0.05
     8      50    1.2e+01   13    8.2e-01  -250.70689301  -185.02065118    -0.00013473   0.002651   1.1e-02   1.6e-04 0.05
     9      50    1.2e+01    3    3.0e-01  -250.70694716  -185.02070534    -0.00005415   0.003004   1.2e-02   2.1e-04 0.05
    10      50    1.3e+01    6    4.2e-01  -250.70701225  -185.02077042    -0.00006509   0.002672   1.1e-02   1.8e-04 0.05
    11      50    1.5e+01    1    1.3e-01  -250.70704585  -185.02080402    -0.00003360   0.004092   1.6e-02   2.2e-04 0.05
    12      50    1.2e+01    3    2.5e-01  -250.70706756  -185.02082574    -0.00002172   0.002853   1.1e-02   2.6e-04 0.05
    13      50    1.2e+01   12    7.5e-01  -250.70709802  -185.02085619    -0.00003045   0.003005   1.2e-02   2.0e-04 0.05
    14      50    1.1e+01    3    2.4e-01  -250.70714102  -185.02089919    -0.00004300   0.002601   1.0e-02   1.3e-04 0.05
    15      50    1.3e+01    0    1.2e-01  -250.70715540  -185.02091358    -0.00001438   0.002851   1.1e-02   2.1e-04 0.05
    16      60    1.6e+01    6    4.4e-01  -250.70722856  -185.02098674    -0.00007316   0.002249   9.0e-03   2.0e-04 0.05
    17      60    1.6e+01    0    1.4e-01  -250.70724227  -185.02100045    -0.00001371   0.002249   9.0e-03   2.0e-04 0.05
    18      52    1.6e+01    0    1.7e-01  -250.70737019  -185.02112837    -0.00012792   0.000497   2.0e-03   2.1e-04 0.05
 
RESULTS OF THE OCCUPATION OPTIMIZATION
========================================
   1    1.9999801  -19.61646671
   2    1.9999630  -16.78677622
   3    1.9999496  -15.83990587
   4    1.9844554  -1.59094151
   5    1.9785288  -1.40294108
   6    1.9765230  -0.89533074
   7    1.9632385  -0.83078517
   8    1.9754599  -0.78143448
   9    1.9737442  -0.75532479
  10    1.9511344  -0.59221668
  11    1.9485130  -0.58613514
  12    1.0000000  -0.18910035
  13    0.0506002  -0.06697990
  14    0.0433388  -0.06092104
  15    0.0078464  -0.01445698
  16    0.0082312  -0.01627209
  17    0.0355099  -0.05776202
  18    0.0082036  -0.01697335
  19    0.0155696  -0.03139596
  20    0.0055923  -0.01420271
  21    0.0000305  -0.00080461
  22    0.0000178  -0.00049427
  23    0.0000149  -0.00050468
  24    0.0001677  -0.00046044
  25    0.0026761  -0.00541238
  26    0.0055778  -0.01191363
  27    0.0056010  -0.01156759
  28    0.0003729  -0.00116728
  29    0.0045737  -0.00883047
  30    0.0023938  -0.00619452
  31    0.0027067  -0.00732279
  32    0.0000040  -0.00005854
  33    0.0000054  -0.00007293
  34    0.0000019  -0.00003450
  35    0.0001480  -0.00043565
  36    0.0024822  -0.00506748
  37    0.0045420  -0.00875629
  38    0.0046974  -0.00894373
  39    0.0002224  -0.00074428
  40    0.0041973  -0.00824575
  41    0.0012550  -0.00350887
  42    0.0022666  -0.00822408
  43    0.0000033  -0.00004907
  44    0.0000040  -0.00009546
  45    0.0000006  -0.00002695
  46    0.0001460  -0.00041183
  47    0.0001029  -0.00036909
  48    0.0044324  -0.00869197
  49    0.0016229  -0.00424968
  50    0.0002096  -0.00069268
  51    0.0031291  -0.00664642
  52    0.0009369  -0.00294066
  53    0.0014138  -0.00552105
  54    0.0000027  -0.00006545
  55    0.0000025  -0.00003982
  56    0.0000005  -0.00002702
  57    0.0001413  -0.00041205
  58    0.0000860  -0.00030693
  59    0.0016788  -0.00450420
  60    0.0011045  -0.00294558
  61    0.0000959  -0.00039446
  62    0.0009189  -0.00249936
  63    0.0005553  -0.00403828
  64    0.0011261  -0.00368304
  65    0.0000026  -0.00004640
  66    0.0000018  -0.00002852
  67    0.0000005  -0.00002183
  68    0.0001107  -0.00036182
  69    0.0000511  -0.00015087
  70    0.0004826  -0.00147504
  71    0.0006937  -0.00190395
  72    0.0000930  -0.00039493
  73    0.0006689  -0.00199760
  74    0.0002004  -0.00072320
  75    0.0007640  -0.00241798
  76    0.0000021  -0.00003223
  77    0.0000016  -0.00002555
  78    0.0000004  -0.00000491
  79    0.0000541  -0.00013114
  80    0.0000313  -0.00008321
  81    0.0004107  -0.00134001
  82    0.0005862  -0.00152372
  83    0.0000904  -0.00038616
  84    0.0004827  -0.00186766
  85    0.0001639  -0.00097243
  86    0.0006844  -0.00509538
  87    0.0000016  -0.00002957
  88    0.0000008  -0.00001410
  89    0.0000003  -0.00000367
  90    0.0000334  -0.00008790
  91    0.0000183  -0.00006747
  92    0.0004049  -0.00138140
  93    0.0004971  -0.00183256
  94    0.0000454  -0.00018959
  95    0.0004280  -0.00160461
  96    0.0001140  -0.00081157
  97    0.0003562  -0.00187985
  98    0.0000007  -0.00001240
  99    0.0000007  -0.00002057
 100    0.0000002  -0.00000153
 101    0.0000242  -0.00008097
 102    0.0000151  -0.00006741
 103    0.0002707  -0.00087200
 104    0.0003408  -0.00099473
 105    0.0000263  -0.00013900
 106    0.0002741  -0.00095143
 107    0.0000717  -0.00033861
 108    0.0003095  -0.00101978
 109    0.0000005  -0.00003150
 110    0.0000004  -0.00001191
 111    0.0000001  -0.00000084
 112    0.0000134  -0.00006040
 113    0.0000119  -0.00006365
 114    0.0002232  -0.00072196
 115    0.0002884  -0.00092118
 116    0.0000171  -0.00009447
 117    0.0002608  -0.00089937
 118    0.0000662  -0.00030882
 119    0.0001156  -0.00110791
 120    0.0000005  -0.00000777
 121    0.0000004  -0.00000728
 122    0.0000001  -0.00000064
 123    0.0000101  -0.00005622
 124    0.0000117  -0.00006273
 125    0.0001761  -0.00062952
 126    0.0002571  -0.00078337
 127    0.0000149  -0.00008571
 128    0.0001578  -0.00051118
 129    0.0000304  -0.00015025
 130    0.0000617  -0.00052711
 131    0.0000004  -0.00001570
 132    0.0000003  -0.00000371
 133    0.0000001  -0.00000043
 134    0.0000092  -0.00005135
 135    0.0000101  -0.00005652
 136    0.0000765  -0.00038397
 137    0.0002417  -0.00073833
 138    0.0000142  -0.00007592
 139    0.0000551  -0.00026960
 140    0.0000237  -0.00014304
 141    0.0000364  -0.00022288
 142    0.0000004  -0.00000624
 143    0.0000003  -0.00000479
 144    0.0000001  -0.00000047
 145    0.0000085  -0.00004898
 146    0.0000089  -0.00005102
 147    0.0000383  -0.00016812
 148    0.0001616  -0.00059490
 149    0.0000129  -0.00007164
 150    0.0000375  -0.00017842
 151    0.0000207  -0.00013003
 152    0.0000263  -0.00014583
 153    0.0000004  -0.00000642
 154    0.0000003  -0.00000259
 155    0.0000001  -0.00000038
 156    0.0000082  -0.00004685
 157    0.0000075  -0.00004753
 158    0.0000307  -0.00016820
 159    0.0001160  -0.00048586
 160    0.0000117  -0.00006786
 161    0.0000292  -0.00015547
 162    0.0000194  -0.00011478
 163    0.0000245  -0.00013511
 164    0.0000003  -0.00000373
 165    0.0000003  -0.00000698
 166    0.0000001  -0.00000030
 167    0.0000068  -0.00003798
 168    0.0000061  -0.00003678
 169    0.0000245  -0.00011608
 170    0.0000454  -0.00023726
 171    0.0000110  -0.00007198
 172    0.0000259  -0.00014214
 173    0.0000182  -0.00010463
 174    0.0000220  -0.00012717
 175    0.0000002  -0.00000361
 176    0.0000002  -0.00000245
 177    0.0000001  -0.00000028
 178    0.0000036  -0.00002770
 179    0.0000052  -0.00003317
 180    0.0000227  -0.00011564
 181    0.0000337  -0.00016467
 182    0.0000103  -0.00006666
 183    0.0000191  -0.00010159
 184    0.0000169  -0.00010949
 185    0.0000204  -0.00011153
 186    0.0000002  -0.00000160
 187    0.0000002  -0.00000103
 188    0.0000001  -0.00000028
 189    0.0000016  -0.00001410
 190    0.0000022  -0.00001812
 191    0.0000177  -0.00009036
 192    0.0000213  -0.00010745
 193    0.0000036  -0.00003458
 194    0.0000153  -0.00010311
 195    0.0000153  -0.00010041
 196    0.0000184  -0.00010860
 197    0.0000001  -0.00000073
 198    0.0000001  -0.00000089
 199    0.0000000  -0.00000015
 
----------------
 Final Energies 
----------------
Final NOF Total Energy =    -185.0211284
 
Total Orbital Internal Iterations = 802
Total Occupation Internal Iterations = 77
 
Elapsed time:  289.75 Seconds

---------------------------------
   Lowdin Population Analysis    
---------------------------------
 Idx  Atom   Population   Charge 
---------------------------------
  1     H     1.175      -0.175
  2     O     7.793       0.207
  3     N     7.109      -0.109
  4     N     6.924       0.076

---------------------------------
   M Diagnostic: 0.05
---------------------------------

