Computing Integrals
Basis Set                                            = def2-qzvp
Auxiliary Basis Set                                  = def2-universal-jkfit
Gaussian Type                                        = Spherical
Elapsed time:    3.42 Seconds

Number of basis functions                   (NBF)    = 147
Number of auxiliary basis functions         (NBFAUX) = 129
Inactive Doubly occupied orbitals up to     (NO1)    = 0
No. considered Strongly Doubly occupied MOs (NDOC)   = 4
No. considered Strongly Singly occupied MOs (NSOC)   = 1
NO. of Weakly occ. per St. Doubly occ.  MOs (NCWO)   = 35
Dimension of the Nat. Orb. subspace         (NBF5)   = 145
No. of electrons                                     = 9
    No. of alpha electrons                           = 5
    No. of beta electrons                            = 4
Multiplicity                                         = 2

Geometry
========
 C       0.0000000       0.0000000       0.0000000
 H       0.5386581       0.9329832       0.0000000
 H       0.5386581      -0.9329832       0.0000000
 H      -1.0773162       0.0000000       0.0000000

No violations of the orthonormality
No violations of the orthonormality
 
PNOF8/ADABelief Calculation
==================
 
  Nitext  Nit_orb  Time   Nit_occ  Time         Eelec          Etot           Ediff      maxdiff    MaxGrad_orb  Grad_occ
     1      10    2.7e+01    4    2.6e+01   -49.49995521   -39.80760136 -10048.49995521   0.002346   9.4e-03   1.6e-04 0.03
     2      20    5.2e+00    3    2.0e-01   -49.50130700   -39.80895315    -0.00135178   0.007700   3.1e-02   1.6e-04 0.03
     3      20    1.1e+01    1    4.9e-02   -49.50134209   -39.80898824    -0.00003510   0.011222   4.5e-02   1.3e-04 0.03
     4      20    7.7e+00    0    4.9e-02   -49.50134264   -39.80898879    -0.00000054   0.011222   4.5e-02   1.3e-04 0.03
     5      34    9.2e+00    0    4.8e-02   -49.50159155   -39.80923770    -0.00024891   0.000486   1.9e-03   1.6e-04 0.03
 
RESULTS OF THE OCCUPATION OPTIMIZATION
========================================
   1    1.9998847  -11.23442633
   2    1.9717286  -0.90396777
   3    1.9654164  -0.61640823
   4    1.9652225  -0.61284153
   5    1.0000000  -0.20866260
   6    0.0200469  -0.02168690
   7    0.0196992  -0.02175329
   8    0.0149526  -0.01955474
   9    0.0001020  -0.00201941
  10    0.0061480  -0.00764463
  11    0.0060430  -0.00762897
  12    0.0047389  -0.00732264
  13    0.0000065  -0.00017075
  14    0.0046928  -0.00614492
  15    0.0045829  -0.00603930
  16    0.0040300  -0.00614058
  17    0.0000027  -0.00002158
  18    0.0012667  -0.00244784
  19    0.0012573  -0.00237300
  20    0.0012543  -0.00518650
  21    0.0000018  -0.00001060
  22    0.0007676  -0.00146909
  23    0.0008455  -0.00166616
  24    0.0012142  -0.00280026
  25    0.0000014  -0.00006029
  26    0.0004911  -0.00093584
  27    0.0005696  -0.00103026
  28    0.0007085  -0.00150643
  29    0.0000001  -0.00000209
  30    0.0003296  -0.00067505
  31    0.0004745  -0.00095557
  32    0.0004699  -0.00097014
  33    0.0000000  -0.00000097
  34    0.0002214  -0.00045711
  35    0.0003241  -0.00068199
  36    0.0001832  -0.00044715
  37    0.0000000  -0.00000091
  38    0.0001889  -0.00043300
  39    0.0002190  -0.00045901
  40    0.0001155  -0.00032501
  41    0.0000000  -0.00000085
  42    0.0001071  -0.00028943
  43    0.0001734  -0.00044386
  44    0.0000989  -0.00025893
  45    0.0000000  -0.00000077
  46    0.0000823  -0.00020370
  47    0.0000855  -0.00020496
  48    0.0000817  -0.00021914
  49    0.0000000  -0.00000078
  50    0.0000820  -0.00020216
  51    0.0000731  -0.00019390
  52    0.0000743  -0.00021451
  53    0.0000000  -0.00000058
  54    0.0000712  -0.00018403
  55    0.0000391  -0.00011705
  56    0.0000676  -0.00018069
  57    0.0000000  -0.00000060
  58    0.0000633  -0.00018191
  59    0.0000319  -0.00010778
  60    0.0000573  -0.00018292
  61    0.0000000  -0.00000056
  62    0.0000431  -0.00012174
  63    0.0000290  -0.00009357
  64    0.0000400  -0.00011612
  65    0.0000000  -0.00000056
  66    0.0000314  -0.00010733
  67    0.0000224  -0.00008220
  68    0.0000315  -0.00010477
  69    0.0000000  -0.00000054
  70    0.0000238  -0.00006718
  71    0.0000185  -0.00006001
  72    0.0000268  -0.00009652
  73    0.0000000  -0.00000042
  74    0.0000191  -0.00005494
  75    0.0000146  -0.00005352
  76    0.0000169  -0.00005394
  77    0.0000000  -0.00000049
  78    0.0000149  -0.00004697
  79    0.0000142  -0.00004335
  80    0.0000151  -0.00004884
  81    0.0000000  -0.00000040
  82    0.0000133  -0.00004328
  83    0.0000113  -0.00004112
  84    0.0000138  -0.00004689
  85    0.0000000  -0.00000037
  86    0.0000117  -0.00003840
  87    0.0000093  -0.00003487
  88    0.0000113  -0.00004168
  89    0.0000000  -0.00000027
  90    0.0000088  -0.00003626
  91    0.0000085  -0.00002986
  92    0.0000097  -0.00004077
  93    0.0000000  -0.00000027
  94    0.0000068  -0.00002699
  95    0.0000058  -0.00002399
  96    0.0000088  -0.00003810
  97    0.0000000  -0.00000028
  98    0.0000068  -0.00002865
  99    0.0000050  -0.00001414
 100    0.0000078  -0.00002987
 101    0.0000000  -0.00000021
 102    0.0000060  -0.00002269
 103    0.0000040  -0.00001034
 104    0.0000066  -0.00002766
 105    0.0000000  -0.00000025
 106    0.0000056  -0.00001942
 107    0.0000035  -0.00001018
 108    0.0000060  -0.00002749
 109    0.0000000  -0.00000021
 110    0.0000052  -0.00001567
 111    0.0000032  -0.00000459
 112    0.0000055  -0.00002316
 113    0.0000000  -0.00000022
 114    0.0000044  -0.00001048
 115    0.0000027  -0.00000586
 116    0.0000046  -0.00001782
 117    0.0000000  -0.00000017
 118    0.0000033  -0.00000869
 119    0.0000023  -0.00000306
 120    0.0000039  -0.00001070
 121    0.0000000  -0.00000012
 122    0.0000032  -0.00000527
 123    0.0000021  -0.00000337
 124    0.0000036  -0.00001240
 125    0.0000000  -0.00000019
 126    0.0000029  -0.00000523
 127    0.0000020  -0.00000300
 128    0.0000030  -0.00000708
 129    0.0000000  -0.00000014
 130    0.0000026  -0.00000467
 131    0.0000019  -0.00000171
 132    0.0000028  -0.00000731
 133    0.0000000  -0.00000010
 134    0.0000023  -0.00000376
 135    0.0000017  -0.00000107
 136    0.0000024  -0.00000538
 137    0.0000000  -0.00000009
 138    0.0000019  -0.00000188
 139    0.0000017  -0.00000116
 140    0.0000024  -0.00000399
 141    0.0000000  -0.00000009
 142    0.0000016  -0.00000085
 143    0.0000015  -0.00000128
 144    0.0000021  -0.00000310
 145    0.0000000  -0.00000009
 
----------------
 Final Energies 
----------------
Final NOF Total Energy =     -39.8092377
 
Total Orbital Internal Iterations = 104
Total Occupation Internal Iterations = 8
 
Elapsed time:  101.71 Seconds

---------------------------------
   Lowdin Population Analysis    
---------------------------------
 Idx  Atom   Population   Charge 
---------------------------------
  1     C     5.579       0.421
  2     H     1.141      -0.141
  3     H     1.139      -0.139
  4     H     1.141      -0.141

---------------------------------
   M Diagnostic: 0.03
---------------------------------

