Computing Integrals
Basis Set                                            = def2-qzvp
Auxiliary Basis Set                                  = def2-universal-jkfit
Gaussian Type                                        = Spherical
Elapsed time:    2.77 Seconds

Number of basis functions                   (NBF)    = 130
Number of auxiliary basis functions         (NBFAUX) = 164
Inactive Doubly occupied orbitals up to     (NO1)    = 0
No. considered Strongly Doubly occupied MOs (NDOC)   = 8
No. considered Strongly Singly occupied MOs (NSOC)   = 1
NO. of Weakly occ. per St. Doubly occ.  MOs (NCWO)   = 15
Dimension of the Nat. Orb. subspace         (NBF5)   = 129
No. of electrons                                     = 17
    No. of alpha electrons                           = 9
    No. of beta electrons                            = 8
Multiplicity                                         = 2

Geometry
========
 P       0.0000000       0.0000000       0.6553895
 H      -1.0201320       0.0000000      -0.3276948
 H       1.0201320       0.0000000      -0.3276948

No violations of the orthonormality
No violations of the orthonormality
 
PNOF8/ADABelief Calculation
==================
 
  Nitext  Nit_orb  Time   Nit_occ  Time         Eelec          Etot           Ediff      maxdiff    MaxGrad_orb  Grad_occ
     1      10    2.3e+01   33    2.6e+01  -353.81852345  -342.35357594 -10352.81852345   0.003252   1.3e-02   1.6e-04 0.03
     2      20    6.6e+00    0    2.3e-02  -353.82129845  -342.35635094    -0.00277500   0.003252   1.3e-02   1.6e-04 0.03
     3      40    1.9e+01    4    7.1e-02  -353.82139363  -342.35644612    -0.00009518   0.008669   3.5e-02   1.4e-04 0.03
     4      40    1.5e+01    4    2.0e-01  -353.82159854  -342.35665103    -0.00020491   0.007587   3.0e-02   1.1e-04 0.03
     5      40    1.1e+01    0    8.0e-02  -353.82160610  -342.35665859    -0.00000756   0.007587   3.0e-02   1.1e-04 0.03
     6      60    2.3e+01    2    1.6e-01  -353.82177080  -342.35682328    -0.00016470   0.001494   6.0e-03   1.5e-04 0.03
     7      60    1.4e+01    4    1.6e-01  -353.82179096  -342.35684345    -0.00002016   0.001193   4.8e-03   1.4e-04 0.03
     8      60    2.3e+01    1    4.2e-02  -353.82182044  -342.35687292    -0.00002947   0.000942   3.8e-03   1.7e-04 0.03
 
RESULTS OF THE OCCUPATION OPTIMIZATION
========================================
   1    1.9999992  -80.00925377
   2    1.9989194  -7.51318871
   3    1.9975114  -5.41219477
   4    1.9971741  -5.41138270
   5    1.9977598  -5.41136417
   6    1.9764918  -0.83788514
   7    1.9581151  -0.49681721
   8    1.9609525  -0.49513277
   9    1.0000000  -0.19989702
  10    0.0211598  -0.02852300
  11    0.0200346  -0.02758142
  12    0.0076745  -0.02398524
  13    0.0014694  -0.01261880
  14    0.0014966  -0.01331781
  15    0.0015430  -0.01301705
  16    0.0009589  -0.00869896
  17    0.0000007  -0.00000531
  18    0.0073245  -0.01009985
  19    0.0075203  -0.01029737
  20    0.0064435  -0.01910017
  21    0.0006662  -0.00738890
  22    0.0012584  -0.01016157
  23    0.0007279  -0.01119436
  24    0.0000843  -0.00286755
  25    0.0000000  -0.00000030
  26    0.0069350  -0.01119643
  27    0.0068438  -0.00926925
  28    0.0028910  -0.00968507
  29    0.0000367  -0.00030041
  30    0.0000204  -0.00018561
  31    0.0001515  -0.00203082
  32    0.0000130  -0.00010122
  33    0.0000000  -0.00000021
  34    0.0011910  -0.00205279
  35    0.0063776  -0.00933886
  36    0.0028869  -0.00967451
  37    0.0000180  -0.00014007
  38    0.0000168  -0.00035739
  39    0.0000153  -0.00010169
  40    0.0000091  -0.00006715
  41    0.0000000  -0.00000017
  42    0.0006719  -0.00115958
  43    0.0002599  -0.00053816
  44    0.0010092  -0.00234346
  45    0.0000169  -0.00059943
  46    0.0000076  -0.00005590
  47    0.0000104  -0.00006992
  48    0.0000044  -0.00009705
  49    0.0000000  -0.00000017
  50    0.0006019  -0.00110519
  51    0.0002129  -0.00045880
  52    0.0007313  -0.00191195
  53    0.0000092  -0.00006580
  54    0.0000063  -0.00004886
  55    0.0000103  -0.00006703
  56    0.0000037  -0.00004315
  57    0.0000000  -0.00000016
  58    0.0004313  -0.00072996
  59    0.0002100  -0.00040756
  60    0.0006920  -0.00145954
  61    0.0000078  -0.00005696
  62    0.0000050  -0.00015406
  63    0.0000087  -0.00005984
  64    0.0000018  -0.00001468
  65    0.0000000  -0.00000014
  66    0.0002822  -0.00056001
  67    0.0001282  -0.00031657
  68    0.0003194  -0.00109989
  69    0.0000053  -0.00004752
  70    0.0000047  -0.00014929
  71    0.0000073  -0.00005505
  72    0.0000018  -0.00001432
  73    0.0000000  -0.00000014
  74    0.0001542  -0.00037265
  75    0.0001169  -0.00027901
  76    0.0002745  -0.00085836
  77    0.0000044  -0.00024080
  78    0.0000034  -0.00008425
  79    0.0000058  -0.00004762
  80    0.0000013  -0.00000740
  81    0.0000000  -0.00000008
  82    0.0001431  -0.00034912
  83    0.0000940  -0.00024067
  84    0.0002221  -0.00084456
  85    0.0000022  -0.00002638
  86    0.0000023  -0.00003165
  87    0.0000034  -0.00002545
  88    0.0000011  -0.00000567
  89    0.0000000  -0.00000006
  90    0.0000891  -0.00021704
  91    0.0000662  -0.00015530
  92    0.0001110  -0.00043582
  93    0.0000014  -0.00000769
  94    0.0000020  -0.00001367
  95    0.0000021  -0.00001592
  96    0.0000006  -0.00000346
  97    0.0000000  -0.00000006
  98    0.0000354  -0.00011504
  99    0.0000083  -0.00003527
 100    0.0000913  -0.00028527
 101    0.0000012  -0.00000515
 102    0.0000013  -0.00000699
 103    0.0000011  -0.00000479
 104    0.0000002  -0.00000142
 105    0.0000000  -0.00000004
 106    0.0000130  -0.00005083
 107    0.0000054  -0.00001801
 108    0.0000736  -0.00018074
 109    0.0000006  -0.00000312
 110    0.0000004  -0.00000202
 111    0.0000008  -0.00000472
 112    0.0000002  -0.00000092
 113    0.0000000  -0.00000004
 114    0.0000107  -0.00003955
 115    0.0000039  -0.00001385
 116    0.0000674  -0.00017068
 117    0.0000005  -0.00000268
 118    0.0000003  -0.00000176
 119    0.0000005  -0.00000223
 120    0.0000002  -0.00000092
 121    0.0000000  -0.00000005
 122    0.0000044  -0.00001464
 123    0.0000029  -0.00000777
 124    0.0000206  -0.00008521
 125    0.0000003  -0.00000177
 126    0.0000003  -0.00000155
 127    0.0000003  -0.00000183
 128    0.0000001  -0.00000061
 129    0.0000000  -0.00000005
 
----------------
 Final Energies 
----------------
Final NOF Total Energy =    -342.3568729
 
Total Orbital Internal Iterations = 330
Total Occupation Internal Iterations = 48
 
Elapsed time:  177.25 Seconds

---------------------------------
   Lowdin Population Analysis    
---------------------------------
 Idx  Atom   Population   Charge 
---------------------------------
  1     P    14.588       0.412
  2     H     1.206      -0.206
  3     H     1.206      -0.206

---------------------------------
   M Diagnostic: 0.03
---------------------------------

