Computing Integrals
Basis Set                                            = def2-qzvp
Auxiliary Basis Set                                  = def2-universal-jkfit
Gaussian Type                                        = Spherical
Elapsed time:    8.24 Seconds

Number of basis functions                   (NBF)    = 481
Number of auxiliary basis functions         (NBFAUX) = 497
Inactive Doubly occupied orbitals up to     (NO1)    = 0
No. considered Strongly Doubly occupied MOs (NDOC)   = 20
No. considered Strongly Singly occupied MOs (NSOC)   = 0
NO. of Weakly occ. per St. Doubly occ.  MOs (NCWO)   = 23
Dimension of the Nat. Orb. subspace         (NBF5)   = 480
No. of electrons                                     = 40
    No. of alpha electrons                           = 20
    No. of beta electrons                            = 20
Multiplicity                                         = 1

Geometry
========
Si      -1.1765062      -0.5821294      -0.1324952
 C       1.0137683      -0.7003580      -0.3098433
 C       1.2267200       0.6148820       0.1018528
 H       1.7178327      -1.2464475      -0.9348581
 H       0.6784305      -1.3363752       0.5160948
 C      -0.0074293       1.2478232       0.3619010
 H       2.2059209       1.0823935       0.2074074
 H      -0.4892151       1.5790776      -0.5541432
 H      -0.0851766       2.0274100       1.1206472
 H      -2.3300220       0.1921644      -0.6534259
 H      -1.4658618      -1.0617275       1.2372811
 H      -1.2884613      -1.8167132      -0.9604186

No violations of the orthonormality
No violations of the orthonormality
 
PNOF8/ADABelief Calculation
==================
 
  Nitext  Nit_orb  Time   Nit_occ  Time         Eelec          Etot           Ediff      maxdiff    MaxGrad_orb  Grad_occ
     1      10    3.9e+01   10    3.0e+01  -570.44090300  -408.22155905 -10569.44090300   0.003142   1.3e-02   2.5e-04 0.04
     2      20    2.5e+01    0    9.8e-01  -570.44991671  -408.23057276    -0.00901371   0.003142   1.3e-02   2.5e-04 0.04
     3      40    7.0e+01    5    2.8e+00  -570.45042531  -408.23108136    -0.00050860   0.006473   2.6e-02   2.1e-04 0.04
     4      40    6.5e+01    5    2.8e+00  -570.45101108  -408.23166714    -0.00058578   0.005311   2.1e-02   2.5e-04 0.04
     5      40    5.9e+01    0    1.0e+00  -570.45104360  -408.23169966    -0.00003252   0.005311   2.1e-02   2.5e-04 0.04
     6      60    1.1e+02    2    1.7e+00  -570.45163560  -408.23229165    -0.00059200   0.000975   3.9e-03   3.1e-04 0.04
 
RESULTS OF THE OCCUPATION OPTIMIZATION
========================================
   1    1.9999990  -68.82997018
   2    1.9999651  -11.27285022
   3    1.9999608  -11.25849723
   4    1.9999652  -11.24444584
   5    1.9991390  -6.13219443
   6    1.9976727  -4.25345417
   7    1.9977379  -4.24825649
   8    1.9978036  -4.24684808
   9    1.9769954  -1.08960414
  10    1.9747438  -0.94846191
  11    1.9776014  -0.79628734
  12    1.9736350  -0.69289297
  13    1.9716872  -0.63713363
  14    1.9705546  -0.63417578
  15    1.9715735  -0.62504269
  16    1.9698100  -0.60372715
  17    1.9697152  -0.52545681
  18    1.9673092  -0.48860809
  19    1.9554657  -0.40587282
  20    1.9597442  -0.39383750
  21    0.0308722  -0.03724629
  22    0.0343738  -0.03864777
  23    0.0162449  -0.02296803
  24    0.0168692  -0.02480505
  25    0.0158105  -0.01941747
  26    0.0157130  -0.01949550
  27    0.0189139  -0.02260028
  28    0.0134239  -0.01890234
  29    0.0135813  -0.02136829
  30    0.0107699  -0.02067716
  31    0.0178512  -0.02912536
  32    0.0163975  -0.02805417
  33    0.0019115  -0.01285237
  34    0.0019789  -0.01353841
  35    0.0022195  -0.01773364
  36    0.0008050  -0.00673940
  37    0.0000321  -0.00059964
  38    0.0000364  -0.00068600
  39    0.0000321  -0.00062784
  40    0.0000009  -0.00003589
  41    0.0063251  -0.00910436
  42    0.0052205  -0.00765079
  43    0.0058523  -0.00896951
  44    0.0058716  -0.00918066
  45    0.0054379  -0.00891212
  46    0.0061729  -0.00959276
  47    0.0031897  -0.00528667
  48    0.0056877  -0.01060245
  49    0.0049286  -0.01083531
  50    0.0034062  -0.00829791
  51    0.0035469  -0.00772161
  52    0.0021795  -0.00594742
  53    0.0002176  -0.00388240
  54    0.0002091  -0.00337480
  55    0.0000566  -0.00103490
  56    0.0000228  -0.00088319
  57    0.0000006  -0.00000474
  58    0.0000007  -0.00001512
  59    0.0000007  -0.00001088
  60    0.0000000  -0.00000017
  61    0.0014517  -0.00256810
  62    0.0042430  -0.00615914
  63    0.0054058  -0.00785085
  64    0.0026780  -0.00594213
  65    0.0045630  -0.00689379
  66    0.0016136  -0.00379438
  67    0.0025718  -0.00470945
  68    0.0051899  -0.00964404
  69    0.0032061  -0.00724026
  70    0.0024152  -0.00753698
  71    0.0011278  -0.00490069
  72    0.0017588  -0.00580440
  73    0.0000145  -0.00009434
  74    0.0000119  -0.00007978
  75    0.0000095  -0.00006662
  76    0.0000069  -0.00008669
  77    0.0000003  -0.00000249
  78    0.0000005  -0.00000320
  79    0.0000004  -0.00000283
  80    0.0000000  -0.00000010
  81    0.0006382  -0.00121989
  82    0.0002750  -0.00057126
  83    0.0022195  -0.00422518
  84    0.0019680  -0.00378677
  85    0.0011981  -0.00236090
  86    0.0013537  -0.00260015
  87    0.0023894  -0.00445395
  88    0.0010673  -0.00242536
  89    0.0017908  -0.00541494
  90    0.0022192  -0.00734325
  91    0.0010061  -0.00250503
  92    0.0010576  -0.00352745
  93    0.0000091  -0.00006889
  94    0.0000112  -0.00007586
  95    0.0000087  -0.00006372
  96    0.0000046  -0.00013402
  97    0.0000003  -0.00000213
  98    0.0000003  -0.00000195
  99    0.0000003  -0.00000206
 100    0.0000000  -0.00000005
 101    0.0002545  -0.00056555
 102    0.0001052  -0.00025823
 103    0.0016103  -0.00284826
 104    0.0011697  -0.00216873
 105    0.0010518  -0.00235442
 106    0.0011444  -0.00282836
 107    0.0006643  -0.00148759
 108    0.0006931  -0.00155448
 109    0.0010520  -0.00253715
 110    0.0010566  -0.00320012
 111    0.0003733  -0.00113879
 112    0.0004915  -0.00172150
 113    0.0000087  -0.00007757
 114    0.0000088  -0.00006056
 115    0.0000062  -0.00004823
 116    0.0000043  -0.00005723
 117    0.0000003  -0.00000221
 118    0.0000002  -0.00000133
 119    0.0000003  -0.00000205
 120    0.0000000  -0.00000005
 121    0.0001812  -0.00040311
 122    0.0000918  -0.00021184
 123    0.0003099  -0.00075369
 124    0.0004997  -0.00115294
 125    0.0008328  -0.00165954
 126    0.0009231  -0.00183663
 127    0.0005709  -0.00126359
 128    0.0006293  -0.00145380
 129    0.0006486  -0.00181200
 130    0.0007303  -0.00217491
 131    0.0003203  -0.00095949
 132    0.0003629  -0.00130237
 133    0.0000066  -0.00004896
 134    0.0000082  -0.00007491
 135    0.0000053  -0.00006077
 136    0.0000041  -0.00007309
 137    0.0000002  -0.00000172
 138    0.0000002  -0.00000120
 139    0.0000002  -0.00000150
 140    0.0000000  -0.00000004
 141    0.0001725  -0.00038509
 142    0.0000602  -0.00014945
 143    0.0002708  -0.00059407
 144    0.0003646  -0.00086870
 145    0.0004740  -0.00105936
 146    0.0004716  -0.00107374
 147    0.0004000  -0.00103346
 148    0.0005145  -0.00121243
 149    0.0003279  -0.00094056
 150    0.0004129  -0.00178570
 151    0.0003147  -0.00086542
 152    0.0002076  -0.00071549
 153    0.0000065  -0.00008935
 154    0.0000079  -0.00007132
 155    0.0000038  -0.00005182
 156    0.0000030  -0.00006118
 157    0.0000002  -0.00000132
 158    0.0000002  -0.00000106
 159    0.0000001  -0.00000089
 160    0.0000000  -0.00000004
 161    0.0000898  -0.00022717
 162    0.0000412  -0.00011474
 163    0.0001740  -0.00041275
 164    0.0002243  -0.00055956
 165    0.0001787  -0.00044920
 166    0.0002553  -0.00064300
 167    0.0002401  -0.00064297
 168    0.0003821  -0.00094363
 169    0.0001888  -0.00063006
 170    0.0002981  -0.00094131
 171    0.0001939  -0.00064837
 172    0.0001381  -0.00051139
 173    0.0000061  -0.00018848
 174    0.0000055  -0.00018265
 175    0.0000036  -0.00004095
 176    0.0000020  -0.00001571
 177    0.0000002  -0.00000120
 178    0.0000001  -0.00000092
 179    0.0000001  -0.00000085
 180    0.0000000  -0.00000002
 181    0.0000705  -0.00018015
 182    0.0000403  -0.00011395
 183    0.0001411  -0.00036308
 184    0.0001686  -0.00040670
 185    0.0001483  -0.00038569
 186    0.0002234  -0.00056316
 187    0.0001569  -0.00040015
 188    0.0002033  -0.00060466
 189    0.0001258  -0.00038037
 190    0.0002897  -0.00093360
 191    0.0001097  -0.00035837
 192    0.0001074  -0.00033992
 193    0.0000032  -0.00003482
 194    0.0000041  -0.00003520
 195    0.0000031  -0.00002684
 196    0.0000018  -0.00001393
 197    0.0000001  -0.00000081
 198    0.0000001  -0.00000068
 199    0.0000001  -0.00000078
 200    0.0000000  -0.00000004
 201    0.0000523  -0.00013462
 202    0.0000192  -0.00005922
 203    0.0001087  -0.00026182
 204    0.0001232  -0.00029615
 205    0.0001005  -0.00028391
 206    0.0001544  -0.00040053
 207    0.0001134  -0.00032081
 208    0.0001591  -0.00043102
 209    0.0001103  -0.00030963
 210    0.0002388  -0.00105365
 211    0.0000844  -0.00026885
 212    0.0000838  -0.00028945
 213    0.0000027  -0.00002127
 214    0.0000034  -0.00006710
 215    0.0000023  -0.00001905
 216    0.0000015  -0.00002718
 217    0.0000001  -0.00000062
 218    0.0000001  -0.00000057
 219    0.0000001  -0.00000065
 220    0.0000000  -0.00000004
 221    0.0000396  -0.00011779
 222    0.0000146  -0.00005254
 223    0.0000811  -0.00020327
 224    0.0000887  -0.00023428
 225    0.0000841  -0.00024680
 226    0.0001016  -0.00028481
 227    0.0000728  -0.00022068
 228    0.0001090  -0.00030630
 229    0.0000982  -0.00029969
 230    0.0001562  -0.00075334
 231    0.0000736  -0.00022994
 232    0.0000657  -0.00021529
 233    0.0000025  -0.00001824
 234    0.0000029  -0.00002397
 235    0.0000021  -0.00001524
 236    0.0000010  -0.00002095
 237    0.0000001  -0.00000048
 238    0.0000001  -0.00000055
 239    0.0000001  -0.00000045
 240    0.0000000  -0.00000003
 241    0.0000343  -0.00009772
 242    0.0000117  -0.00004253
 243    0.0000765  -0.00019269
 244    0.0000759  -0.00020894
 245    0.0000649  -0.00019282
 246    0.0000821  -0.00024183
 247    0.0000464  -0.00015287
 248    0.0000691  -0.00020624
 249    0.0000790  -0.00023954
 250    0.0001377  -0.00041732
 251    0.0000634  -0.00020784
 252    0.0000355  -0.00013238
 253    0.0000021  -0.00001575
 254    0.0000025  -0.00001747
 255    0.0000017  -0.00001867
 256    0.0000007  -0.00000473
 257    0.0000001  -0.00000055
 258    0.0000001  -0.00000053
 259    0.0000001  -0.00000043
 260    0.0000000  -0.00000003
 261    0.0000234  -0.00007441
 262    0.0000088  -0.00003127
 263    0.0000610  -0.00016865
 264    0.0000518  -0.00015424
 265    0.0000601  -0.00018051
 266    0.0000495  -0.00016169
 267    0.0000346  -0.00012296
 268    0.0000484  -0.00015371
 269    0.0000573  -0.00017921
 270    0.0000745  -0.00024271
 271    0.0000508  -0.00017939
 272    0.0000333  -0.00012813
 273    0.0000012  -0.00002118
 274    0.0000018  -0.00001614
 275    0.0000010  -0.00001560
 276    0.0000007  -0.00000448
 277    0.0000000  -0.00000037
 278    0.0000001  -0.00000054
 279    0.0000000  -0.00000031
 280    0.0000000  -0.00000003
 281    0.0000132  -0.00005018
 282    0.0000075  -0.00002860
 283    0.0000344  -0.00011891
 284    0.0000416  -0.00012825
 285    0.0000506  -0.00015764
 286    0.0000449  -0.00013924
 287    0.0000227  -0.00008721
 288    0.0000317  -0.00011630
 289    0.0000528  -0.00016780
 290    0.0000663  -0.00020674
 291    0.0000432  -0.00015398
 292    0.0000287  -0.00011002
 293    0.0000010  -0.00002092
 294    0.0000013  -0.00002070
 295    0.0000009  -0.00001160
 296    0.0000005  -0.00000333
 297    0.0000000  -0.00000035
 298    0.0000001  -0.00000045
 299    0.0000000  -0.00000030
 300    0.0000000  -0.00000002
 301    0.0000114  -0.00004678
 302    0.0000068  -0.00002479
 303    0.0000262  -0.00009050
 304    0.0000252  -0.00009613
 305    0.0000428  -0.00013902
 306    0.0000393  -0.00012968
 307    0.0000199  -0.00007979
 308    0.0000289  -0.00010160
 309    0.0000389  -0.00013778
 310    0.0000556  -0.00017817
 311    0.0000387  -0.00013947
 312    0.0000188  -0.00008217
 313    0.0000010  -0.00001365
 314    0.0000011  -0.00001478
 315    0.0000008  -0.00000737
 316    0.0000005  -0.00000314
 317    0.0000000  -0.00000034
 318    0.0000000  -0.00000031
 319    0.0000000  -0.00000033
 320    0.0000000  -0.00000002
 321    0.0000112  -0.00004412
 322    0.0000066  -0.00002275
 323    0.0000230  -0.00008272
 324    0.0000205  -0.00007960
 325    0.0000355  -0.00011810
 326    0.0000293  -0.00010383
 327    0.0000185  -0.00007047
 328    0.0000269  -0.00010406
 329    0.0000304  -0.00010618
 330    0.0000226  -0.00009188
 331    0.0000186  -0.00007608
 332    0.0000139  -0.00006314
 333    0.0000005  -0.00000299
 334    0.0000010  -0.00000805
 335    0.0000008  -0.00000491
 336    0.0000004  -0.00000256
 337    0.0000000  -0.00000031
 338    0.0000000  -0.00000030
 339    0.0000000  -0.00000032
 340    0.0000000  -0.00000002
 341    0.0000038  -0.00001420
 342    0.0000023  -0.00000611
 343    0.0000205  -0.00007676
 344    0.0000147  -0.00006415
 345    0.0000207  -0.00007937
 346    0.0000189  -0.00007145
 347    0.0000037  -0.00001750
 348    0.0000229  -0.00008044
 349    0.0000170  -0.00006760
 350    0.0000110  -0.00005587
 351    0.0000111  -0.00005543
 352    0.0000061  -0.00003403
 353    0.0000003  -0.00000171
 354    0.0000008  -0.00000491
 355    0.0000004  -0.00000292
 356    0.0000003  -0.00000207
 357    0.0000000  -0.00000019
 358    0.0000000  -0.00000027
 359    0.0000000  -0.00000021
 360    0.0000000  -0.00000002
 361    0.0000024  -0.00000737
 362    0.0000014  -0.00000393
 363    0.0000086  -0.00004089
 364    0.0000075  -0.00003685
 365    0.0000113  -0.00005161
 366    0.0000106  -0.00004994
 367    0.0000034  -0.00001552
 368    0.0000073  -0.00003651
 369    0.0000093  -0.00004766
 370    0.0000096  -0.00004985
 371    0.0000089  -0.00004531
 372    0.0000052  -0.00002953
 373    0.0000003  -0.00000165
 374    0.0000005  -0.00000342
 375    0.0000002  -0.00000123
 376    0.0000002  -0.00000143
 377    0.0000000  -0.00000015
 378    0.0000000  -0.00000019
 379    0.0000000  -0.00000018
 380    0.0000000  -0.00000002
 381    0.0000023  -0.00000668
 382    0.0000011  -0.00000288
 383    0.0000065  -0.00003155
 384    0.0000070  -0.00003469
 385    0.0000094  -0.00004296
 386    0.0000072  -0.00003688
 387    0.0000033  -0.00001556
 388    0.0000054  -0.00002773
 389    0.0000086  -0.00004293
 390    0.0000076  -0.00004111
 391    0.0000062  -0.00003361
 392    0.0000033  -0.00001757
 393    0.0000003  -0.00000173
 394    0.0000003  -0.00000201
 395    0.0000002  -0.00000110
 396    0.0000001  -0.00000075
 397    0.0000000  -0.00000019
 398    0.0000000  -0.00000015
 399    0.0000000  -0.00000016
 400    0.0000000  -0.00000002
 401    0.0000019  -0.00000520
 402    0.0000010  -0.00000287
 403    0.0000053  -0.00002479
 404    0.0000048  -0.00002336
 405    0.0000058  -0.00002705
 406    0.0000066  -0.00003468
 407    0.0000031  -0.00001368
 408    0.0000047  -0.00002339
 409    0.0000051  -0.00002582
 410    0.0000066  -0.00003603
 411    0.0000054  -0.00002865
 412    0.0000032  -0.00001637
 413    0.0000002  -0.00000160
 414    0.0000002  -0.00000148
 415    0.0000002  -0.00000100
 416    0.0000001  -0.00000075
 417    0.0000000  -0.00000015
 418    0.0000000  -0.00000016
 419    0.0000000  -0.00000014
 420    0.0000000  -0.00000002
 421    0.0000018  -0.00000530
 422    0.0000009  -0.00000244
 423    0.0000045  -0.00002055
 424    0.0000037  -0.00001789
 425    0.0000032  -0.00001347
 426    0.0000056  -0.00002823
 427    0.0000029  -0.00001250
 428    0.0000038  -0.00001864
 429    0.0000042  -0.00002288
 430    0.0000063  -0.00003670
 431    0.0000032  -0.00001527
 432    0.0000025  -0.00001158
 433    0.0000002  -0.00000145
 434    0.0000002  -0.00000134
 435    0.0000002  -0.00000106
 436    0.0000001  -0.00000066
 437    0.0000000  -0.00000015
 438    0.0000000  -0.00000013
 439    0.0000000  -0.00000014
 440    0.0000000  -0.00000002
 441    0.0000013  -0.00000389
 442    0.0000008  -0.00000254
 443    0.0000034  -0.00001442
 444    0.0000037  -0.00001662
 445    0.0000032  -0.00001362
 446    0.0000029  -0.00001283
 447    0.0000020  -0.00000795
 448    0.0000022  -0.00000837
 449    0.0000020  -0.00000826
 450    0.0000046  -0.00002435
 451    0.0000025  -0.00001136
 452    0.0000020  -0.00000929
 453    0.0000002  -0.00000117
 454    0.0000002  -0.00000122
 455    0.0000001  -0.00000091
 456    0.0000001  -0.00000056
 457    0.0000000  -0.00000014
 458    0.0000000  -0.00000015
 459    0.0000000  -0.00000012
 460    0.0000000  -0.00000002
 461    0.0000011  -0.00000323
 462    0.0000007  -0.00000213
 463    0.0000026  -0.00000988
 464    0.0000030  -0.00001236
 465    0.0000029  -0.00001184
 466    0.0000025  -0.00001060
 467    0.0000017  -0.00000586
 468    0.0000021  -0.00000821
 469    0.0000020  -0.00000867
 470    0.0000033  -0.00001732
 471    0.0000024  -0.00001052
 472    0.0000017  -0.00000779
 473    0.0000002  -0.00000110
 474    0.0000002  -0.00000113
 475    0.0000001  -0.00000091
 476    0.0000001  -0.00000059
 477    0.0000000  -0.00000013
 478    0.0000000  -0.00000013
 479    0.0000000  -0.00000012
 480    0.0000000  -0.00000002
 
----------------
 Final Energies 
----------------
Final NOF Total Energy =    -408.2322917
 
Total Orbital Internal Iterations = 210
Total Occupation Internal Iterations = 22
 
Elapsed time:  438.73 Seconds

---------------------------------
   Lowdin Population Analysis    
---------------------------------
 Idx  Atom   Population   Charge 
---------------------------------
  1    Si    13.738       0.262
  2     C     5.840       0.160
  3     C     5.913       0.087
  4     H     1.079      -0.079
  5     H     1.045      -0.045
  6     C     5.856       0.144
  7     H     1.063      -0.063
  8     H     1.064      -0.064
  9     H     1.085      -0.085
 10     H     1.111      -0.111
 11     H     1.096      -0.096
 12     H     1.109      -0.109

---------------------------------
   M Diagnostic: 0.04
---------------------------------

