Computing Integrals
Basis Set                                            = def2-qzvp
Auxiliary Basis Set                                  = def2-universal-jkfit
Gaussian Type                                        = Spherical
Elapsed time:    6.87 Seconds

Number of basis functions                   (NBF)    = 321
Number of auxiliary basis functions         (NBFAUX) = 317
Inactive Doubly occupied orbitals up to     (NO1)    = 0
No. considered Strongly Doubly occupied MOs (NDOC)   = 12
No. considered Strongly Singly occupied MOs (NSOC)   = 0
NO. of Weakly occ. per St. Doubly occ.  MOs (NCWO)   = 25
Dimension of the Nat. Orb. subspace         (NBF5)   = 312
No. of electrons                                     = 24
    No. of alpha electrons                           = 12
    No. of beta electrons                            = 12
Multiplicity                                         = 1

Geometry
========
 N       0.0000000       0.0000000      -0.3687552
 H       0.0000000       0.0000000      -1.3837872
 C       1.2257745       0.0000000       0.1578401
 H       1.3393153       0.0000000       1.2298673
 H       2.0680943       0.0000000      -0.5114363
 C      -1.2257745       0.0000000       0.1578401
 H      -1.3393153       0.0000000       1.2298673
 H      -2.0680943       0.0000000      -0.5114363

No violations of the orthonormality
No violations of the orthonormality
 
PNOF8/ADABelief Calculation
==================
 
  Nitext  Nit_orb  Time   Nit_occ  Time         Eelec          Etot           Ediff      maxdiff    MaxGrad_orb  Grad_occ
     1      10    3.3e+01    8    3.7e+01  -206.79815613  -133.74786548 -10205.79815613   0.003346   1.3e-02   2.3e-04 0.45
     2      20    1.3e+01    0    7.4e-01  -206.80279802  -133.75250737    -0.00464189   0.003346   1.3e-02   2.3e-04 0.45
     3      40    2.4e+01    4    1.7e+00  -206.80353306  -133.75324240    -0.00073504   0.002252   9.0e-03   2.6e-04 0.45
     4      40    2.2e+01    4    1.8e+00  -206.80360498  -133.75331433    -0.00007192   0.002605   1.0e-02   2.6e-04 0.45
     5      40    2.5e+01    1    1.0e+00  -206.80368729  -133.75339664    -0.00008232   0.002781   1.1e-02   3.0e-04 0.45
     6      40    2.8e+01    6    2.5e+00  -206.80370180  -133.75341115    -0.00001451   0.002810   1.1e-02   1.8e-04 0.45
     7      40    2.6e+01    6    2.4e+00  -206.80378577  -133.75349511    -0.00008397   0.002775   1.1e-02   1.5e-04 0.45
     8      40    2.7e+01    5    2.2e+00  -206.80385224  -133.75356159    -0.00006648   0.002746   1.1e-02   1.7e-04 0.45
     9      40    2.5e+01    3    1.7e+00  -206.80390616  -133.75361551    -0.00005391   0.003049   1.2e-02   2.3e-04 0.45
    10      40    2.7e+01    1    1.0e+00  -206.80393760  -133.75364695    -0.00003145   0.002501   1.0e-02   2.5e-04 0.45
    11      40    2.8e+01    0    7.2e-01  -206.80393854  -133.75364789    -0.00000094   0.002501   1.0e-02   2.5e-04 0.45
    12      39    2.4e+01    0    6.0e-01  -206.80402059  -133.75372994    -0.00008205   0.000488   2.0e-03   2.3e-04 0.45
 
RESULTS OF THE OCCUPATION OPTIMIZATION
========================================
   1    1.9999594  -14.38587890
   2    1.9999457  -12.16020649
   3    1.9999401  -11.54804684
   4    1.9766865  -1.23850926
   5    1.9717230  -0.97830113
   6    1.9715403  -0.80063901
   7    1.9704487  -0.72797385
   8    1.9699478  -0.70527302
   9    1.9682346  -0.62775549
  10    1.9673877  -0.60270803
  11    1.9664093  -0.56366559
  12    1.5499304  -0.24808898
  13    0.4500052  -0.09352213
  14    0.0087496  -0.01206357
  15    0.0173641  -0.01994243
  16    0.0167746  -0.01981961
  17    0.0159688  -0.02033524
  18    0.0217033  -0.02812517
  19    0.0145634  -0.01969379
  20    0.0239409  -0.03803815
  21    0.0189854  -0.03334559
  22    0.0000453  -0.00083711
  23    0.0000403  -0.00075254
  24    0.0000359  -0.00086672
  25    0.0000318  -0.00000725
  26    0.0080317  -0.01181936
  27    0.0068602  -0.00942600
  28    0.0067846  -0.00953380
  29    0.0048512  -0.00748538
  30    0.0021755  -0.00667488
  31    0.0045779  -0.00743081
  32    0.0010545  -0.00372390
  33    0.0010485  -0.00405953
  34    0.0000054  -0.00010700
  35    0.0000049  -0.00010026
  36    0.0000015  -0.00001993
  37    0.0000152  -0.00000247
  38    0.0064235  -0.00956813
  39    0.0042688  -0.00596728
  40    0.0042876  -0.00605928
  41    0.0038454  -0.00587642
  42    0.0020296  -0.00430028
  43    0.0036424  -0.00583775
  44    0.0008680  -0.00274445
  45    0.0009386  -0.00402413
  46    0.0000045  -0.00009110
  47    0.0000032  -0.00002580
  48    0.0000013  -0.00005672
  49    0.0000038  -0.00000103
  50    0.0059961  -0.00872509
  51    0.0012336  -0.00233325
  52    0.0011657  -0.00238314
  53    0.0027777  -0.00568212
  54    0.0019194  -0.00411581
  55    0.0025841  -0.00579825
  56    0.0006643  -0.00185469
  57    0.0007501  -0.00217222
  58    0.0000022  -0.00001743
  59    0.0000030  -0.00002279
  60    0.0000009  -0.00005011
  61    0.0000030  -0.00000107
  62    0.0018010  -0.00479370
  63    0.0009782  -0.00206106
  64    0.0008261  -0.00166331
  65    0.0006534  -0.00174497
  66    0.0006369  -0.00144928
  67    0.0010159  -0.00311271
  68    0.0005578  -0.00139922
  69    0.0004894  -0.00302859
  70    0.0000020  -0.00001546
  71    0.0000021  -0.00001602
  72    0.0000008  -0.00004924
  73    0.0000020  -0.00000189
  74    0.0011816  -0.00258804
  75    0.0005560  -0.00106008
  76    0.0005379  -0.00104974
  77    0.0004761  -0.00109118
  78    0.0003383  -0.00089948
  79    0.0007601  -0.00175267
  80    0.0004033  -0.00130809
  81    0.0003462  -0.00167298
  82    0.0000001  -0.00000330
  83    0.0000002  -0.00001535
  84    0.0000000  -0.00000146
  85    0.0000011  -0.00000216
  86    0.0003434  -0.00087135
  87    0.0003567  -0.00083203
  88    0.0003622  -0.00084440
  89    0.0004462  -0.00132475
  90    0.0001575  -0.00047893
  91    0.0004285  -0.00113326
  92    0.0001794  -0.00064535
  93    0.0001735  -0.00082778
  94    0.0000001  -0.00000189
  95    0.0000001  -0.00000303
  96    0.0000000  -0.00000085
  97    0.0000009  -0.00000176
  98    0.0003322  -0.00078270
  99    0.0003153  -0.00073976
 100    0.0003052  -0.00075203
 101    0.0003235  -0.00105853
 102    0.0001501  -0.00051815
 103    0.0002722  -0.00079795
 104    0.0001554  -0.00049435
 105    0.0001514  -0.00064472
 106    0.0000000  -0.00000109
 107    0.0000000  -0.00000154
 108    0.0000000  -0.00000065
 109    0.0000007  -0.00000185
 110    0.0001997  -0.00054730
 111    0.0001734  -0.00051517
 112    0.0001755  -0.00056009
 113    0.0002036  -0.00057320
 114    0.0001212  -0.00041662
 115    0.0001569  -0.00055974
 116    0.0001343  -0.00041455
 117    0.0001231  -0.00042751
 118    0.0000000  -0.00000100
 119    0.0000000  -0.00000127
 120    0.0000000  -0.00000024
 121    0.0000005  -0.00000149
 122    0.0000837  -0.00022709
 123    0.0001024  -0.00032395
 124    0.0001171  -0.00037346
 125    0.0000988  -0.00030133
 126    0.0000825  -0.00025101
 127    0.0001131  -0.00042202
 128    0.0000643  -0.00021283
 129    0.0000889  -0.00030277
 130    0.0000000  -0.00000090
 131    0.0000000  -0.00000127
 132    0.0000000  -0.00000021
 133    0.0000005  -0.00000140
 134    0.0000700  -0.00020484
 135    0.0001000  -0.00031663
 136    0.0001059  -0.00035147
 137    0.0000836  -0.00026162
 138    0.0000599  -0.00021572
 139    0.0000774  -0.00025227
 140    0.0000584  -0.00020760
 141    0.0000441  -0.00017888
 142    0.0000000  -0.00000077
 143    0.0000000  -0.00000109
 144    0.0000000  -0.00000023
 145    0.0000005  -0.00000145
 146    0.0000609  -0.00019205
 147    0.0000829  -0.00027061
 148    0.0000732  -0.00022524
 149    0.0000726  -0.00023238
 150    0.0000373  -0.00013913
 151    0.0000606  -0.00020332
 152    0.0000403  -0.00015738
 153    0.0000395  -0.00015198
 154    0.0000000  -0.00000073
 155    0.0000000  -0.00000106
 156    0.0000000  -0.00000021
 157    0.0000005  -0.00000140
 158    0.0000553  -0.00018646
 159    0.0000526  -0.00018302
 160    0.0000606  -0.00019488
 161    0.0000519  -0.00019094
 162    0.0000370  -0.00014717
 163    0.0000526  -0.00019836
 164    0.0000320  -0.00013385
 165    0.0000333  -0.00015042
 166    0.0000000  -0.00000059
 167    0.0000000  -0.00000097
 168    0.0000000  -0.00000022
 169    0.0000005  -0.00000143
 170    0.0000505  -0.00015255
 171    0.0000459  -0.00014947
 172    0.0000421  -0.00014880
 173    0.0000413  -0.00014782
 174    0.0000312  -0.00012845
 175    0.0000294  -0.00011346
 176    0.0000281  -0.00011475
 177    0.0000243  -0.00011389
 178    0.0000000  -0.00000058
 179    0.0000000  -0.00000084
 180    0.0000000  -0.00000018
 181    0.0000004  -0.00000109
 182    0.0000346  -0.00013034
 183    0.0000253  -0.00010508
 184    0.0000385  -0.00013726
 185    0.0000312  -0.00012341
 186    0.0000137  -0.00005482
 187    0.0000251  -0.00011973
 188    0.0000224  -0.00010157
 189    0.0000153  -0.00007608
 190    0.0000000  -0.00000054
 191    0.0000000  -0.00000064
 192    0.0000000  -0.00000019
 193    0.0000004  -0.00000114
 194    0.0000299  -0.00010485
 195    0.0000182  -0.00007426
 196    0.0000219  -0.00009166
 197    0.0000277  -0.00011978
 198    0.0000116  -0.00005083
 199    0.0000185  -0.00008286
 200    0.0000161  -0.00007989
 201    0.0000101  -0.00005011
 202    0.0000000  -0.00000051
 203    0.0000000  -0.00000064
 204    0.0000000  -0.00000017
 205    0.0000003  -0.00000104
 206    0.0000230  -0.00008661
 207    0.0000152  -0.00005909
 208    0.0000170  -0.00007303
 209    0.0000204  -0.00009563
 210    0.0000094  -0.00004143
 211    0.0000176  -0.00007485
 212    0.0000120  -0.00005245
 213    0.0000092  -0.00004566
 214    0.0000000  -0.00000052
 215    0.0000000  -0.00000065
 216    0.0000000  -0.00000016
 217    0.0000003  -0.00000100
 218    0.0000210  -0.00007576
 219    0.0000141  -0.00005292
 220    0.0000151  -0.00005963
 221    0.0000149  -0.00006245
 222    0.0000085  -0.00003651
 223    0.0000137  -0.00005702
 224    0.0000093  -0.00004452
 225    0.0000080  -0.00004033
 226    0.0000000  -0.00000048
 227    0.0000000  -0.00000055
 228    0.0000000  -0.00000018
 229    0.0000003  -0.00000094
 230    0.0000185  -0.00005837
 231    0.0000109  -0.00004490
 232    0.0000124  -0.00004965
 233    0.0000141  -0.00005892
 234    0.0000056  -0.00002430
 235    0.0000104  -0.00005011
 236    0.0000080  -0.00003718
 237    0.0000074  -0.00003711
 238    0.0000000  -0.00000039
 239    0.0000000  -0.00000049
 240    0.0000000  -0.00000018
 241    0.0000003  -0.00000074
 242    0.0000175  -0.00006030
 243    0.0000092  -0.00003790
 244    0.0000105  -0.00004523
 245    0.0000116  -0.00004930
 246    0.0000047  -0.00001846
 247    0.0000092  -0.00004209
 248    0.0000062  -0.00002967
 249    0.0000067  -0.00003322
 250    0.0000000  -0.00000035
 251    0.0000000  -0.00000049
 252    0.0000000  -0.00000018
 253    0.0000003  -0.00000070
 254    0.0000156  -0.00005658
 255    0.0000082  -0.00003221
 256    0.0000085  -0.00003438
 257    0.0000098  -0.00004154
 258    0.0000044  -0.00001740
 259    0.0000089  -0.00004060
 260    0.0000058  -0.00002597
 261    0.0000062  -0.00003128
 262    0.0000000  -0.00000036
 263    0.0000000  -0.00000045
 264    0.0000000  -0.00000013
 265    0.0000003  -0.00000063
 266    0.0000145  -0.00005059
 267    0.0000065  -0.00002981
 268    0.0000077  -0.00003354
 269    0.0000089  -0.00003960
 270    0.0000039  -0.00001310
 271    0.0000069  -0.00003202
 272    0.0000056  -0.00002477
 273    0.0000049  -0.00002402
 274    0.0000000  -0.00000037
 275    0.0000000  -0.00000040
 276    0.0000000  -0.00000013
 277    0.0000003  -0.00000066
 278    0.0000139  -0.00004761
 279    0.0000054  -0.00001864
 280    0.0000059  -0.00002752
 281    0.0000071  -0.00003276
 282    0.0000038  -0.00001189
 283    0.0000057  -0.00002778
 284    0.0000039  -0.00001464
 285    0.0000040  -0.00001765
 286    0.0000000  -0.00000033
 287    0.0000000  -0.00000037
 288    0.0000000  -0.00000013
 289    0.0000002  -0.00000065
 290    0.0000123  -0.00004496
 291    0.0000051  -0.00001773
 292    0.0000052  -0.00002105
 293    0.0000065  -0.00003182
 294    0.0000032  -0.00001060
 295    0.0000046  -0.00001834
 296    0.0000037  -0.00001396
 297    0.0000030  -0.00001282
 298    0.0000000  -0.00000030
 299    0.0000000  -0.00000038
 300    0.0000000  -0.00000013
 301    0.0000002  -0.00000059
 302    0.0000106  -0.00003899
 303    0.0000040  -0.00001202
 304    0.0000045  -0.00001545
 305    0.0000061  -0.00002397
 306    0.0000029  -0.00000874
 307    0.0000045  -0.00001693
 308    0.0000032  -0.00001220
 309    0.0000025  -0.00000907
 310    0.0000000  -0.00000031
 311    0.0000000  -0.00000041
 312    0.0000000  -0.00000013
 
----------------
 Final Energies 
----------------
Final NOF Total Energy =    -133.7537299
 
Total Orbital Internal Iterations = 429
Total Occupation Internal Iterations = 38
 
Elapsed time:  396.91 Seconds

---------------------------------
   Lowdin Population Analysis    
---------------------------------
 Idx  Atom   Population   Charge 
---------------------------------
  1     N     6.577       0.423
  2     H     1.117      -0.117
  3     C     5.895       0.105
  4     H     1.126      -0.126
  5     H     1.131      -0.131
  6     C     5.896       0.104
  7     H     1.126      -0.126
  8     H     1.131      -0.131

---------------------------------
   M Diagnostic: 0.45
---------------------------------

