Computing Integrals
Basis Set                                            = def2-qzvp
Auxiliary Basis Set                                  = def2-universal-jkfit
Gaussian Type                                        = Spherical
Elapsed time:    9.43 Seconds

Number of basis functions                   (NBF)    = 595
Number of auxiliary basis functions         (NBFAUX) = 651
Inactive Doubly occupied orbitals up to     (NO1)    = 0
No. considered Strongly Doubly occupied MOs (NDOC)   = 28
No. considered Strongly Singly occupied MOs (NSOC)   = 0
NO. of Weakly occ. per St. Doubly occ.  MOs (NCWO)   = 20
Dimension of the Nat. Orb. subspace         (NBF5)   = 588
No. of electrons                                     = 56
    No. of alpha electrons                           = 28
    No. of beta electrons                            = 28
Multiplicity                                         = 1

Geometry
========
 C       0.6252780       2.8980963      -0.0393605
 C      -0.3425539       1.7374537      -0.0315010
 N       0.3613884       0.4799843       0.0140398
 C      -0.2254265      -0.7281287       0.0951508
 N      -1.5656272      -0.7382899      -0.0725709
 S       0.6429302      -2.1195582       0.3539604
 H      -2.1158732       0.0976519      -0.0387532
 H      -2.0221603      -1.6165419       0.0707690
 H       1.3438843       0.4774479       0.2151176
 H      -0.9642897       1.7725047      -0.9274874
 H      -1.0098715       1.8268442       0.8310916
 H       1.2935169       2.8422575      -0.8945369
 H       0.0794140       3.8351619      -0.0921762
 H       1.2290594       2.9082293       0.8652299

No violations of the orthonormality
No violations of the orthonormality
 
PNOF8/ADABelief Calculation
==================
 
  Nitext  Nit_orb  Time   Nit_occ  Time         Eelec          Etot           Ediff      maxdiff    MaxGrad_orb  Grad_occ
     1      10    6.1e+01   14    3.9e+01  -919.96673019  -626.55507901 -10918.96673019   0.003019   1.2e-02   2.3e-04 0.04
     2      20    7.1e+01    0    2.4e+00  -919.98050407  -626.56885289    -0.01377388   0.003019   1.2e-02   2.3e-04 0.04
     3      40    1.3e+02    9    7.3e+00  -919.98111340  -626.56946222    -0.00060933   0.007333   2.9e-02   2.7e-04 0.04
     4      40    1.4e+02   11    1.0e+01  -919.98175937  -626.57010819    -0.00064597   0.010369   4.1e-02   2.8e-04 0.04
     5      40    1.5e+02    0    2.8e+00  -919.98183932  -626.57018814    -0.00007995   0.010369   4.1e-02   2.8e-04 0.04
     6      60    2.2e+02   10    8.9e+00  -919.98318657  -626.57153539    -0.00134724   0.001814   7.3e-03   2.8e-04 0.04
     7      60    2.2e+02    3    4.8e+00  -919.98334540  -626.57169422    -0.00015884   0.001980   7.9e-03   3.0e-04 0.04
     8      60    2.2e+02   10    8.3e+00  -919.98350297  -626.57185179    -0.00015757   0.001785   7.1e-03   2.8e-04 0.04
     9      60    2.1e+02    8    6.6e+00  -919.98369510  -626.57204392    -0.00019213   0.001511   6.0e-03   2.7e-04 0.04
    10      60    2.1e+02    6    5.9e+00  -919.98386658  -626.57221540    -0.00017148   0.001823   7.3e-03   2.5e-04 0.04
    11      60    2.1e+02    6    6.3e+00  -919.98402526  -626.57237408    -0.00015868   0.001464   5.9e-03   3.2e-04 0.04
    12      60    2.1e+02    8    6.9e+00  -919.98419206  -626.57254088    -0.00016680   0.001457   5.8e-03   2.6e-04 0.04
    13      60    2.1e+02    3    4.3e+00  -919.98435080  -626.57269962    -0.00015874   0.001267   5.1e-03   2.7e-04 0.04
    14      60    1.9e+02   10    8.3e+00  -919.98447255  -626.57282137    -0.00012175   0.001588   6.4e-03   2.2e-04 0.04
    15      60    2.1e+02    8    7.1e+00  -919.98463310  -626.57298192    -0.00016054   0.001675   6.7e-03   2.4e-04 0.04
    16      60    2.1e+02    3    4.3e+00  -919.98476680  -626.57311562    -0.00013371   0.001159   4.6e-03   2.2e-04 0.04
    17      60    2.0e+02    3    4.2e+00  -919.98486506  -626.57321388    -0.00009826   0.001349   5.4e-03   3.2e-04 0.04
    18      60    2.1e+02    1    3.0e+00  -919.98496444  -626.57331326    -0.00009937   0.001525   6.1e-03   3.3e-04 0.04
    19      60    2.0e+02   10    8.2e+00  -919.98503008  -626.57337890    -0.00006564   0.001527   6.1e-03   2.3e-04 0.04
    20      60    2.1e+02    5    6.2e+00  -919.98516511  -626.57351393    -0.00013504   0.001335   5.3e-03   2.7e-04 0.04
    21      60    2.4e+02    8    8.5e+00  -919.98524656  -626.57359538    -0.00008145   0.001219   4.9e-03   2.5e-04 0.04
    22      60    2.1e+02    3    4.2e+00  -919.98534502  -626.57369384    -0.00009846   0.001541   6.2e-03   2.5e-04 0.04
    23      60    1.9e+02    8    6.7e+00  -919.98541341  -626.57376223    -0.00006838   0.001288   5.2e-03   2.6e-04 0.04
    24      60    1.9e+02    3    4.0e+00  -919.98550483  -626.57385365    -0.00009143   0.001604   6.4e-03   2.0e-04 0.04
    25      60    2.0e+02    8    6.5e+00  -919.98556446  -626.57391328    -0.00005963   0.001574   6.3e-03   2.3e-04 0.04
    26      60    1.9e+02    3    4.1e+00  -919.98564765  -626.57399647    -0.00008319   0.001625   6.5e-03   2.1e-04 0.04
    27      60    2.2e+02    3    4.5e+00  -919.98569945  -626.57404827    -0.00005179   0.001401   5.6e-03   3.1e-04 0.04
    28      60    2.6e+02    1    3.1e+00  -919.98575329  -626.57410211    -0.00005384   0.001663   6.7e-03   2.7e-04 0.04
    29      60    2.2e+02    0    2.7e+00  -919.98578613  -626.57413495    -0.00003284   0.001488   6.0e-03   3.0e-04 0.04
    30      70    2.5e+02    8    7.2e+00  -919.98583124  -626.57418006    -0.00004511   0.001173   4.7e-03   2.8e-04 0.04
    31      70    2.4e+02    3    4.4e+00  -919.98591519  -626.57426401    -0.00008395   0.001160   4.6e-03   2.6e-04 0.04
    32      70    2.5e+02    0    2.7e+00  -919.98595452  -626.57430334    -0.00003933   0.001086   4.3e-03   3.1e-04 0.04
    33      80    2.9e+02    8    7.0e+00  -919.98599041  -626.57433923    -0.00003589   0.000884   3.5e-03   2.5e-04 0.04
 
RESULTS OF THE OCCUPATION OPTIMIZATION
========================================
   1    1.9999992  -91.93229693
   2    1.9999753  -15.20669065
   3    1.9999712  -13.90780711
   4    1.9999694  -12.45004807
   5    1.9999641  -11.82555710
   6    1.9999638  -11.74804630
   7    1.9996181  -8.88836670
   8    1.9992303  -6.59552108
   9    1.9992383  -6.58421006
  10    1.9991943  -6.58298018
  11    1.9774412  -1.16453827
  12    1.9805593  -1.15324042
  13    1.9812693  -1.10878118
  14    1.9813683  -1.04371978
  15    1.9754857  -0.90241910
  16    1.9691831  -0.78676215
  17    1.9693430  -0.76615729
  18    1.9698842  -0.68526800
  19    1.9711131  -0.68075692
  20    1.9652532  -0.67184138
  21    1.9674980  -0.64395462
  22    1.9703339  -0.61602411
  23    1.9660696  -0.59290228
  24    1.9602389  -0.58603364
  25    1.9666191  -0.58325743
  26    1.9662137  -0.58192620
  27    1.9677673  -0.35212031
  28    1.9646388  -0.34490569
  29    0.0110297  -0.01554423
  30    0.0097549  -0.01586528
  31    0.0273600  -0.04117823
  32    0.0178065  -0.02085851
  33    0.0334935  -0.04550263
  34    0.0255172  -0.03286371
  35    0.0179809  -0.02156876
  36    0.0251970  -0.03621234
  37    0.0275761  -0.03919963
  38    0.0164374  -0.02103120
  39    0.0176842  -0.02482395
  40    0.0180830  -0.02554507
  41    0.0242438  -0.03791263
  42    0.0126899  -0.01987867
  43    0.0074849  -0.02238998
  44    0.0064838  -0.01913521
  45    0.0093767  -0.01843112
  46    0.0129445  -0.02280538
  47    0.0007444  -0.01141336
  48    0.0006369  -0.01001175
  49    0.0007277  -0.01279756
  50    0.0003675  -0.00663453
  51    0.0000314  -0.00059472
  52    0.0000325  -0.00062106
  53    0.0000204  -0.00036511
  54    0.0000270  -0.00061314
  55    0.0000229  -0.00056519
  56    0.0000007  -0.00001947
  57    0.0102900  -0.01412000
  58    0.0091866  -0.01583702
  59    0.0035272  -0.00817820
  60    0.0055066  -0.00762182
  61    0.0050720  -0.00944266
  62    0.0056268  -0.00876476
  63    0.0058091  -0.00835008
  64    0.0047580  -0.00906153
  65    0.0052452  -0.00952761
  66    0.0057696  -0.00925716
  67    0.0055930  -0.00961561
  68    0.0051816  -0.00907728
  69    0.0040494  -0.00845718
  70    0.0053136  -0.00993554
  71    0.0039436  -0.01262432
  72    0.0035674  -0.01303615
  73    0.0022605  -0.00744634
  74    0.0046492  -0.00972764
  75    0.0000302  -0.00061680
  76    0.0000951  -0.00337304
  77    0.0000232  -0.00045929
  78    0.0000039  -0.00041115
  79    0.0000016  -0.00001552
  80    0.0000009  -0.00003869
  81    0.0000073  -0.00007765
  82    0.0000003  -0.00000362
  83    0.0000004  -0.00000741
  84    0.0000000  -0.00000008
  85    0.0096572  -0.01400316
  86    0.0086198  -0.01656799
  87    0.0008568  -0.00188829
  88    0.0053696  -0.00737002
  89    0.0005321  -0.00128097
  90    0.0008374  -0.00166390
  91    0.0014015  -0.00285247
  92    0.0007452  -0.00187608
  93    0.0006917  -0.00168505
  94    0.0020726  -0.00500051
  95    0.0040551  -0.00820795
  96    0.0050331  -0.00892007
  97    0.0008866  -0.00261131
  98    0.0027024  -0.00611549
  99    0.0022313  -0.00893538
 100    0.0022563  -0.00851647
 101    0.0022117  -0.00709195
 102    0.0016593  -0.00621711
 103    0.0000110  -0.00060531
 104    0.0000053  -0.00009506
 105    0.0000040  -0.00006953
 106    0.0000017  -0.00001679
 107    0.0000010  -0.00004369
 108    0.0000006  -0.00002260
 109    0.0000008  -0.00003403
 110    0.0000002  -0.00000234
 111    0.0000003  -0.00000269
 112    0.0000000  -0.00000007
 113    0.0016507  -0.00398678
 114    0.0023581  -0.00660813
 115    0.0007644  -0.00173726
 116    0.0021044  -0.00356701
 117    0.0002833  -0.00078015
 118    0.0006904  -0.00142472
 119    0.0012361  -0.00276225
 120    0.0005919  -0.00148035
 121    0.0004823  -0.00123082
 122    0.0017680  -0.00346839
 123    0.0009330  -0.00237595
 124    0.0010132  -0.00270168
 125    0.0006756  -0.00173946
 126    0.0011244  -0.00304218
 127    0.0018674  -0.00721360
 128    0.0022398  -0.00873429
 129    0.0014756  -0.00526527
 130    0.0010783  -0.00388754
 131    0.0000044  -0.00007406
 132    0.0000047  -0.00006278
 133    0.0000034  -0.00005011
 134    0.0000014  -0.00001594
 135    0.0000003  -0.00000335
 136    0.0000004  -0.00000447
 137    0.0000004  -0.00000739
 138    0.0000002  -0.00000175
 139    0.0000002  -0.00000141
 140    0.0000000  -0.00000006
 141    0.0011027  -0.00254520
 142    0.0007253  -0.00137982
 143    0.0004537  -0.00115768
 144    0.0010623  -0.00225012
 145    0.0001727  -0.00050380
 146    0.0003648  -0.00086981
 147    0.0010588  -0.00208935
 148    0.0004814  -0.00128226
 149    0.0003224  -0.00088957
 150    0.0011519  -0.00330945
 151    0.0006393  -0.00159196
 152    0.0004982  -0.00129000
 153    0.0003898  -0.00107796
 154    0.0009631  -0.00265642
 155    0.0011360  -0.00480394
 156    0.0020770  -0.00835865
 157    0.0011671  -0.00521248
 158    0.0007579  -0.00247373
 159    0.0000023  -0.00006815
 160    0.0000039  -0.00006910
 161    0.0000022  -0.00002838
 162    0.0000013  -0.00001857
 163    0.0000003  -0.00000311
 164    0.0000002  -0.00000249
 165    0.0000004  -0.00000426
 166    0.0000002  -0.00000131
 167    0.0000001  -0.00000140
 168    0.0000000  -0.00000006
 169    0.0003466  -0.00089809
 170    0.0007242  -0.00137039
 171    0.0002210  -0.00064823
 172    0.0004279  -0.00103503
 173    0.0000547  -0.00015370
 174    0.0003275  -0.00078234
 175    0.0008637  -0.00164257
 176    0.0002171  -0.00066590
 177    0.0001215  -0.00035254
 178    0.0005370  -0.00130428
 179    0.0003548  -0.00104967
 180    0.0002292  -0.00071611
 181    0.0001476  -0.00049066
 182    0.0005048  -0.00182408
 183    0.0004733  -0.00197957
 184    0.0007556  -0.00349246
 185    0.0010742  -0.00345295
 186    0.0005161  -0.00142002
 187    0.0000023  -0.00006134
 188    0.0000028  -0.00003537
 189    0.0000017  -0.00001627
 190    0.0000010  -0.00002814
 191    0.0000003  -0.00000297
 192    0.0000002  -0.00000236
 193    0.0000002  -0.00000251
 194    0.0000001  -0.00000127
 195    0.0000001  -0.00000110
 196    0.0000000  -0.00000006
 197    0.0002858  -0.00080758
 198    0.0002922  -0.00083935
 199    0.0001735  -0.00051940
 200    0.0003966  -0.00090634
 201    0.0000294  -0.00009017
 202    0.0001761  -0.00049447
 203    0.0004422  -0.00104547
 204    0.0001835  -0.00055625
 205    0.0000757  -0.00024283
 206    0.0004231  -0.00107587
 207    0.0002490  -0.00076015
 208    0.0001773  -0.00058020
 209    0.0000977  -0.00032588
 210    0.0003764  -0.00108243
 211    0.0003647  -0.00170215
 212    0.0004228  -0.00192540
 213    0.0004953  -0.00163455
 214    0.0003766  -0.00172111
 215    0.0000019  -0.00002206
 216    0.0000027  -0.00012762
 217    0.0000016  -0.00001764
 218    0.0000008  -0.00001126
 219    0.0000003  -0.00000278
 220    0.0000002  -0.00000226
 221    0.0000002  -0.00000213
 222    0.0000001  -0.00000087
 223    0.0000001  -0.00000094
 224    0.0000000  -0.00000005
 225    0.0002720  -0.00077227
 226    0.0001663  -0.00050300
 227    0.0001020  -0.00031891
 228    0.0002293  -0.00058906
 229    0.0000246  -0.00008627
 230    0.0001074  -0.00031062
 231    0.0002647  -0.00065586
 232    0.0000937  -0.00031376
 233    0.0000602  -0.00019456
 234    0.0002056  -0.00058264
 235    0.0001264  -0.00041408
 236    0.0001190  -0.00038414
 237    0.0000732  -0.00024979
 238    0.0001804  -0.00056538
 239    0.0003293  -0.00160075
 240    0.0002427  -0.00134679
 241    0.0004209  -0.00197989
 242    0.0001665  -0.00081175
 243    0.0000019  -0.00001966
 244    0.0000022  -0.00002239
 245    0.0000011  -0.00001990
 246    0.0000008  -0.00001343
 247    0.0000002  -0.00000245
 248    0.0000002  -0.00000188
 249    0.0000002  -0.00000155
 250    0.0000001  -0.00000077
 251    0.0000001  -0.00000093
 252    0.0000000  -0.00000005
 253    0.0002387  -0.00069424
 254    0.0001027  -0.00031442
 255    0.0000686  -0.00019462
 256    0.0001175  -0.00032804
 257    0.0000199  -0.00006541
 258    0.0000832  -0.00024625
 259    0.0001337  -0.00038818
 260    0.0000564  -0.00018794
 261    0.0000395  -0.00014392
 262    0.0001174  -0.00036755
 263    0.0000857  -0.00028983
 264    0.0000757  -0.00024751
 265    0.0000640  -0.00021329
 266    0.0001698  -0.00054495
 267    0.0002148  -0.00128517
 268    0.0001659  -0.00110146
 269    0.0002946  -0.00105611
 270    0.0001129  -0.00041884
 271    0.0000017  -0.00001782
 272    0.0000019  -0.00001922
 273    0.0000011  -0.00001483
 274    0.0000008  -0.00000653
 275    0.0000002  -0.00000221
 276    0.0000001  -0.00000119
 277    0.0000001  -0.00000121
 278    0.0000001  -0.00000065
 279    0.0000001  -0.00000088
 280    0.0000000  -0.00000004
 281    0.0001499  -0.00047257
 282    0.0000585  -0.00017891
 283    0.0000574  -0.00017719
 284    0.0000999  -0.00029018
 285    0.0000182  -0.00005744
 286    0.0000522  -0.00015974
 287    0.0001118  -0.00032403
 288    0.0000451  -0.00015673
 289    0.0000316  -0.00011916
 290    0.0000988  -0.00032497
 291    0.0000824  -0.00026700
 292    0.0000534  -0.00018409
 293    0.0000471  -0.00017321
 294    0.0001345  -0.00049329
 295    0.0001752  -0.00097575
 296    0.0001530  -0.00109192
 297    0.0002287  -0.00092468
 298    0.0000799  -0.00031490
 299    0.0000013  -0.00001479
 300    0.0000014  -0.00001396
 301    0.0000008  -0.00000852
 302    0.0000006  -0.00001388
 303    0.0000002  -0.00000195
 304    0.0000001  -0.00000109
 305    0.0000001  -0.00000112
 306    0.0000001  -0.00000058
 307    0.0000001  -0.00000065
 308    0.0000000  -0.00000003
 309    0.0000991  -0.00029688
 310    0.0000574  -0.00018450
 311    0.0000474  -0.00014443
 312    0.0000736  -0.00021177
 313    0.0000132  -0.00005326
 314    0.0000442  -0.00015151
 315    0.0001008  -0.00030220
 316    0.0000387  -0.00014326
 317    0.0000294  -0.00011298
 318    0.0000825  -0.00026050
 319    0.0000663  -0.00022394
 320    0.0000449  -0.00016105
 321    0.0000411  -0.00015792
 322    0.0001201  -0.00042501
 323    0.0001711  -0.00091362
 324    0.0000907  -0.00045530
 325    0.0001734  -0.00103591
 326    0.0000529  -0.00020963
 327    0.0000009  -0.00001692
 328    0.0000013  -0.00001961
 329    0.0000007  -0.00000693
 330    0.0000006  -0.00001020
 331    0.0000001  -0.00000102
 332    0.0000001  -0.00000079
 333    0.0000001  -0.00000108
 334    0.0000001  -0.00000058
 335    0.0000001  -0.00000062
 336    0.0000000  -0.00000003
 337    0.0000574  -0.00016049
 338    0.0000536  -0.00016869
 339    0.0000442  -0.00013693
 340    0.0000586  -0.00018077
 341    0.0000107  -0.00004704
 342    0.0000346  -0.00012473
 343    0.0000700  -0.00021861
 344    0.0000267  -0.00010975
 345    0.0000226  -0.00009242
 346    0.0000635  -0.00020061
 347    0.0000606  -0.00019857
 348    0.0000345  -0.00013793
 349    0.0000298  -0.00012642
 350    0.0000886  -0.00030026
 351    0.0000647  -0.00025224
 352    0.0000768  -0.00040527
 353    0.0000713  -0.00026299
 354    0.0000440  -0.00018219
 355    0.0000007  -0.00001076
 356    0.0000009  -0.00001185
 357    0.0000006  -0.00000730
 358    0.0000003  -0.00000400
 359    0.0000001  -0.00000088
 360    0.0000001  -0.00000065
 361    0.0000001  -0.00000094
 362    0.0000001  -0.00000051
 363    0.0000001  -0.00000058
 364    0.0000000  -0.00000003
 365    0.0000497  -0.00014250
 366    0.0000357  -0.00013124
 367    0.0000377  -0.00012923
 368    0.0000407  -0.00014308
 369    0.0000084  -0.00004036
 370    0.0000241  -0.00009235
 371    0.0000542  -0.00018317
 372    0.0000237  -0.00009434
 373    0.0000182  -0.00007641
 374    0.0000489  -0.00017661
 375    0.0000501  -0.00017462
 376    0.0000339  -0.00013241
 377    0.0000212  -0.00009244
 378    0.0000406  -0.00016289
 379    0.0000454  -0.00019594
 380    0.0000666  -0.00029294
 381    0.0000577  -0.00026387
 382    0.0000378  -0.00015674
 383    0.0000007  -0.00000793
 384    0.0000007  -0.00000689
 385    0.0000005  -0.00000834
 386    0.0000003  -0.00000343
 387    0.0000001  -0.00000077
 388    0.0000001  -0.00000057
 389    0.0000001  -0.00000077
 390    0.0000001  -0.00000047
 391    0.0000000  -0.00000037
 392    0.0000000  -0.00000003
 393    0.0000417  -0.00012578
 394    0.0000326  -0.00012742
 395    0.0000299  -0.00011030
 396    0.0000234  -0.00009469
 397    0.0000079  -0.00003766
 398    0.0000143  -0.00005685
 399    0.0000530  -0.00017754
 400    0.0000169  -0.00006872
 401    0.0000109  -0.00004977
 402    0.0000323  -0.00012665
 403    0.0000454  -0.00017056
 404    0.0000249  -0.00010395
 405    0.0000133  -0.00005949
 406    0.0000328  -0.00013682
 407    0.0000399  -0.00016838
 408    0.0000657  -0.00025562
 409    0.0000420  -0.00018222
 410    0.0000265  -0.00012186
 411    0.0000005  -0.00001027
 412    0.0000006  -0.00000872
 413    0.0000004  -0.00000409
 414    0.0000002  -0.00000243
 415    0.0000001  -0.00000058
 416    0.0000000  -0.00000046
 417    0.0000001  -0.00000074
 418    0.0000000  -0.00000038
 419    0.0000000  -0.00000034
 420    0.0000000  -0.00000003
 421    0.0000290  -0.00010205
 422    0.0000281  -0.00010716
 423    0.0000154  -0.00006163
 424    0.0000185  -0.00006966
 425    0.0000073  -0.00003363
 426    0.0000119  -0.00005295
 427    0.0000313  -0.00011580
 428    0.0000109  -0.00005234
 429    0.0000097  -0.00004505
 430    0.0000247  -0.00010063
 431    0.0000381  -0.00014354
 432    0.0000227  -0.00009768
 433    0.0000111  -0.00005368
 434    0.0000289  -0.00012121
 435    0.0000328  -0.00014876
 436    0.0000167  -0.00008987
 437    0.0000293  -0.00013119
 438    0.0000206  -0.00009925
 439    0.0000004  -0.00000691
 440    0.0000004  -0.00000350
 441    0.0000003  -0.00000375
 442    0.0000002  -0.00000214
 443    0.0000000  -0.00000041
 444    0.0000000  -0.00000031
 445    0.0000000  -0.00000036
 446    0.0000000  -0.00000024
 447    0.0000000  -0.00000022
 448    0.0000000  -0.00000003
 449    0.0000192  -0.00005882
 450    0.0000109  -0.00005343
 451    0.0000104  -0.00005080
 452    0.0000138  -0.00005786
 453    0.0000044  -0.00002357
 454    0.0000096  -0.00004522
 455    0.0000198  -0.00008490
 456    0.0000079  -0.00003930
 457    0.0000045  -0.00002779
 458    0.0000209  -0.00008980
 459    0.0000162  -0.00006998
 460    0.0000165  -0.00007205
 461    0.0000083  -0.00004447
 462    0.0000172  -0.00008020
 463    0.0000190  -0.00009239
 464    0.0000147  -0.00007897
 465    0.0000227  -0.00010805
 466    0.0000141  -0.00007093
 467    0.0000004  -0.00000408
 468    0.0000002  -0.00000156
 469    0.0000001  -0.00000109
 470    0.0000002  -0.00000172
 471    0.0000000  -0.00000038
 472    0.0000000  -0.00000031
 473    0.0000000  -0.00000036
 474    0.0000000  -0.00000022
 475    0.0000000  -0.00000020
 476    0.0000000  -0.00000002
 477    0.0000157  -0.00006069
 478    0.0000086  -0.00004452
 479    0.0000089  -0.00004498
 480    0.0000097  -0.00004633
 481    0.0000039  -0.00001971
 482    0.0000030  -0.00001791
 483    0.0000136  -0.00005907
 484    0.0000024  -0.00001373
 485    0.0000018  -0.00001084
 486    0.0000142  -0.00006267
 487    0.0000148  -0.00006312
 488    0.0000055  -0.00003346
 489    0.0000073  -0.00003982
 490    0.0000116  -0.00005850
 491    0.0000151  -0.00007910
 492    0.0000112  -0.00006241
 493    0.0000178  -0.00008766
 494    0.0000131  -0.00006514
 495    0.0000002  -0.00000260
 496    0.0000002  -0.00000151
 497    0.0000001  -0.00000103
 498    0.0000002  -0.00000165
 499    0.0000000  -0.00000025
 500    0.0000000  -0.00000031
 501    0.0000000  -0.00000034
 502    0.0000000  -0.00000018
 503    0.0000000  -0.00000021
 504    0.0000000  -0.00000002
 505    0.0000121  -0.00005291
 506    0.0000081  -0.00004079
 507    0.0000041  -0.00002622
 508    0.0000082  -0.00004124
 509    0.0000032  -0.00001678
 510    0.0000021  -0.00001230
 511    0.0000086  -0.00004499
 512    0.0000023  -0.00001294
 513    0.0000015  -0.00000962
 514    0.0000077  -0.00004077
 515    0.0000097  -0.00004658
 516    0.0000042  -0.00002833
 517    0.0000044  -0.00002841
 518    0.0000081  -0.00004488
 519    0.0000109  -0.00006061
 520    0.0000108  -0.00006211
 521    0.0000100  -0.00005737
 522    0.0000034  -0.00002613
 523    0.0000002  -0.00000212
 524    0.0000002  -0.00000128
 525    0.0000001  -0.00000105
 526    0.0000001  -0.00000068
 527    0.0000000  -0.00000020
 528    0.0000000  -0.00000023
 529    0.0000000  -0.00000032
 530    0.0000000  -0.00000014
 531    0.0000000  -0.00000015
 532    0.0000000  -0.00000003
 533    0.0000081  -0.00003987
 534    0.0000050  -0.00003138
 535    0.0000022  -0.00001332
 536    0.0000075  -0.00003794
 537    0.0000010  -0.00000635
 538    0.0000019  -0.00001143
 539    0.0000082  -0.00004469
 540    0.0000020  -0.00001251
 541    0.0000011  -0.00000728
 542    0.0000067  -0.00003824
 543    0.0000085  -0.00004289
 544    0.0000038  -0.00002413
 545    0.0000034  -0.00002108
 546    0.0000040  -0.00002972
 547    0.0000070  -0.00004367
 548    0.0000090  -0.00005216
 549    0.0000069  -0.00004346
 550    0.0000030  -0.00002144
 551    0.0000002  -0.00000204
 552    0.0000001  -0.00000119
 553    0.0000001  -0.00000090
 554    0.0000001  -0.00000062
 555    0.0000000  -0.00000023
 556    0.0000000  -0.00000022
 557    0.0000000  -0.00000029
 558    0.0000000  -0.00000014
 559    0.0000000  -0.00000015
 560    0.0000000  -0.00000003
 561    0.0000059  -0.00003370
 562    0.0000040  -0.00002305
 563    0.0000016  -0.00000996
 564    0.0000062  -0.00003521
 565    0.0000010  -0.00000599
 566    0.0000018  -0.00001119
 567    0.0000041  -0.00002611
 568    0.0000014  -0.00000932
 569    0.0000008  -0.00000568
 570    0.0000044  -0.00002957
 571    0.0000031  -0.00001910
 572    0.0000025  -0.00001526
 573    0.0000021  -0.00001319
 574    0.0000031  -0.00002062
 575    0.0000053  -0.00003623
 576    0.0000040  -0.00003049
 577    0.0000044  -0.00003305
 578    0.0000022  -0.00001577
 579    0.0000001  -0.00000145
 580    0.0000001  -0.00000104
 581    0.0000001  -0.00000077
 582    0.0000001  -0.00000054
 583    0.0000000  -0.00000020
 584    0.0000000  -0.00000018
 585    0.0000000  -0.00000025
 586    0.0000000  -0.00000012
 587    0.0000000  -0.00000014
 588    0.0000000  -0.00000002
 
----------------
 Final Energies 
----------------
Final NOF Total Energy =    -626.5743392
 
Total Orbital Internal Iterations = 1880
Total Occupation Internal Iterations = 184
 
Elapsed time: 7171.82 Seconds

---------------------------------
   Lowdin Population Analysis    
---------------------------------
 Idx  Atom   Population   Charge 
---------------------------------
  1     C     5.769       0.231
  2     C     6.018      -0.018
  3     N     6.495       0.505
  4     C     6.788      -0.788
  5     N     6.354       0.646
  6     S    15.836       0.164
  7     H     1.172      -0.172
  8     H     1.154      -0.154
  9     H     1.152      -0.152
 10     H     1.048      -0.048
 11     H     1.050      -0.050
 12     H     1.056      -0.056
 13     H     1.055      -0.055
 14     H     1.053      -0.053

---------------------------------
   M Diagnostic: 0.04
---------------------------------

