Computing Integrals
Basis Set                                            = def2-qzvp
Auxiliary Basis Set                                  = def2-universal-jkfit
Gaussian Type                                        = Spherical
Elapsed time:   19.25 Seconds

Number of basis functions                   (NBF)    = 642
Number of auxiliary basis functions         (NBFAUX) = 634
Inactive Doubly occupied orbitals up to     (NO1)    = 0
No. considered Strongly Doubly occupied MOs (NDOC)   = 25
No. considered Strongly Singly occupied MOs (NSOC)   = 0
NO. of Weakly occ. per St. Doubly occ.  MOs (NCWO)   = 24
Dimension of the Nat. Orb. subspace         (NBF5)   = 625
No. of electrons                                     = 50
    No. of alpha electrons                           = 25
    No. of beta electrons                            = 25
Multiplicity                                         = 1

Geometry
========
 C       1.7139450      -0.0175090       0.5651330
 H       1.2458280      -0.4923410       1.4260640
 O       1.9350920      -1.0721980      -0.3682280
 C       0.8254030       1.0933530       0.0128310
 H       0.6467490       1.8150520       0.8156000
 H       1.3729170       1.6306900      -0.7669440
 C      -0.5064180       0.6057500      -0.5607040
 H      -0.3304700      -0.0367100      -1.4231500
 H      -1.0873040       1.4621390      -0.9071140
 H       2.3740480      -0.6922250      -1.1345170
 H       2.6642510       0.4051140       0.9053130
 C      -1.3499560      -0.1574710       0.4442130
 H      -0.8727840      -1.1091520       0.6913320
 H      -1.4499490       0.4257790       1.3673760
 O      -2.6268930      -0.3775640      -0.1532370
 H      -3.1267280      -0.9549830       0.4289150

No violations of the orthonormality
No violations of the orthonormality
 
PNOF8/ADABelief Calculation
==================
 
  Nitext  Nit_orb  Time   Nit_occ  Time         Eelec          Etot           Ediff      maxdiff    MaxGrad_orb  Grad_occ
     1      10    6.5e+01    6    3.4e+01  -563.15909474  -308.68747793 -10562.15909474   0.002513   1.0e-02   3.7e-04 0.04
     2      20    8.6e+01    0    2.8e+00  -563.17125288  -308.69963607    -0.01215814   0.002513   1.0e-02   3.7e-04 0.04
     3      40    1.5e+02    4    5.6e+00  -563.17249407  -308.70087725    -0.00124119   0.006081   2.4e-02   2.7e-04 0.04
     4      40    1.5e+02    6    6.8e+00  -563.17262456  -308.70100774    -0.00013049   0.005262   2.1e-02   1.9e-04 0.04
     5      40    1.4e+02    3    4.9e+00  -563.17266980  -308.70105298    -0.00004524   0.005284   2.1e-02   2.5e-04 0.04
     6      40    1.5e+02    1    3.5e+00  -563.17268564  -308.70106883    -0.00001585   0.005283   2.1e-02   2.8e-04 0.04
     7      40    1.6e+02    0    2.8e+00  -563.17268761  -308.70107080    -0.00000197   0.005283   2.1e-02   2.8e-04 0.04
     8      58    2.1e+02    0    2.7e+00  -563.17347550  -308.70185869    -0.00078789   0.000496   2.0e-03   3.3e-04 0.04
 
RESULTS OF THE OCCUPATION OPTIMIZATION
========================================
   1    1.9999849  -20.58753825
   2    1.9999851  -20.58499640
   3    1.9999559  -11.26147590
   4    1.9999561  -11.25955206
   5    1.9999559  -11.24696049
   6    1.9999559  -11.24350375
   7    1.9831845  -1.33129913
   8    1.9818533  -1.32679183
   9    1.9788059  -1.02663883
  10    1.9775897  -0.94041789
  11    1.9764161  -0.89689629
  12    1.9748657  -0.85739297
  13    1.9673210  -0.71000025
  14    1.9670575  -0.70074411
  15    1.9629870  -0.65285985
  16    1.9620268  -0.65272244
  17    1.9705615  -0.64772270
  18    1.9736297  -0.62571363
  19    1.9732031  -0.59548774
  20    1.9680839  -0.58571021
  21    1.9688697  -0.56950619
  22    1.9673125  -0.55635005
  23    1.9657300  -0.55415747
  24    1.9648563  -0.52937994
  25    1.9658814  -0.52022723
  26    0.0192489  -0.02242373
  27    0.0264034  -0.03304141
  28    0.0254469  -0.03229089
  29    0.0268962  -0.03349244
  30    0.0184296  -0.02117829
  31    0.0167893  -0.02007586
  32    0.0109604  -0.01700971
  33    0.0103909  -0.01651666
  34    0.0180949  -0.02187008
  35    0.0327060  -0.04661127
  36    0.0354117  -0.04848334
  37    0.0262739  -0.03480350
  38    0.0263038  -0.03482541
  39    0.0157823  -0.02178113
  40    0.0143886  -0.02079291
  41    0.0135905  -0.01996718
  42    0.0125769  -0.01901604
  43    0.0076481  -0.01759103
  44    0.0079643  -0.01826499
  45    0.0000323  -0.00059918
  46    0.0000298  -0.00057330
  47    0.0000335  -0.00060273
  48    0.0000343  -0.00060453
  49    0.0000140  -0.00047245
  50    0.0000141  -0.00047802
  51    0.0058269  -0.00834336
  52    0.0054840  -0.00843471
  53    0.0053478  -0.00832987
  54    0.0019454  -0.00425155
  55    0.0051911  -0.00734126
  56    0.0055786  -0.00810807
  57    0.0064193  -0.01116998
  58    0.0065845  -0.01196858
  59    0.0058727  -0.00850145
  60    0.0042359  -0.00844465
  61    0.0003990  -0.00106632
  62    0.0047691  -0.00883901
  63    0.0048545  -0.00895059
  64    0.0041248  -0.00742804
  65    0.0031706  -0.00769553
  66    0.0026205  -0.00601162
  67    0.0024704  -0.00730815
  68    0.0038165  -0.00862202
  69    0.0039726  -0.00872457
  70    0.0000040  -0.00009070
  71    0.0000044  -0.00009637
  72    0.0000028  -0.00005598
  73    0.0000035  -0.00008643
  74    0.0000002  -0.00000229
  75    0.0000002  -0.00000331
  76    0.0050862  -0.00714639
  77    0.0015086  -0.00312416
  78    0.0010732  -0.00234635
  79    0.0011807  -0.00276748
  80    0.0027969  -0.00459930
  81    0.0047863  -0.00706197
  82    0.0053866  -0.00937715
  83    0.0053512  -0.00939099
  84    0.0021172  -0.00412586
  85    0.0003252  -0.00091862
  86    0.0003641  -0.00103260
  87    0.0004961  -0.00129279
  88    0.0005044  -0.00132046
  89    0.0020140  -0.00441549
  90    0.0021424  -0.00530296
  91    0.0022561  -0.00687704
  92    0.0020643  -0.00596865
  93    0.0037245  -0.00844101
  94    0.0012049  -0.00534810
  95    0.0000020  -0.00001736
  96    0.0000028  -0.00004720
  97    0.0000017  -0.00001728
  98    0.0000016  -0.00002025
  99    0.0000002  -0.00000153
 100    0.0000002  -0.00000167
 101    0.0020900  -0.00385254
 102    0.0008048  -0.00164130
 103    0.0008934  -0.00187328
 104    0.0009293  -0.00186323
 105    0.0020525  -0.00386902
 106    0.0021597  -0.00401588
 107    0.0013318  -0.00428652
 108    0.0014978  -0.00458853
 109    0.0012216  -0.00288213
 110    0.0002724  -0.00078507
 111    0.0002893  -0.00085448
 112    0.0004438  -0.00117422
 113    0.0003064  -0.00093073
 114    0.0012622  -0.00356379
 115    0.0014069  -0.00407368
 116    0.0011572  -0.00325399
 117    0.0012081  -0.00349808
 118    0.0007887  -0.00259349
 119    0.0008125  -0.00267941
 120    0.0000015  -0.00002104
 121    0.0000027  -0.00002663
 122    0.0000012  -0.00002891
 123    0.0000009  -0.00002779
 124    0.0000001  -0.00000132
 125    0.0000001  -0.00000118
 126    0.0005359  -0.00125498
 127    0.0003179  -0.00075767
 128    0.0006414  -0.00135771
 129    0.0008352  -0.00168902
 130    0.0011639  -0.00281458
 131    0.0012001  -0.00276436
 132    0.0007359  -0.00259670
 133    0.0007192  -0.00233019
 134    0.0008014  -0.00168911
 135    0.0001755  -0.00051626
 136    0.0002630  -0.00080477
 137    0.0002914  -0.00089704
 138    0.0002383  -0.00073336
 139    0.0006534  -0.00174636
 140    0.0009847  -0.00283185
 141    0.0011215  -0.00335945
 142    0.0010777  -0.00354774
 143    0.0006060  -0.00351391
 144    0.0006677  -0.00199776
 145    0.0000008  -0.00002585
 146    0.0000010  -0.00003676
 147    0.0000011  -0.00003610
 148    0.0000009  -0.00002381
 149    0.0000001  -0.00000105
 150    0.0000001  -0.00000103
 151    0.0004506  -0.00106273
 152    0.0002057  -0.00057101
 153    0.0002196  -0.00058395
 154    0.0003111  -0.00076815
 155    0.0004683  -0.00109806
 156    0.0004687  -0.00113880
 157    0.0005701  -0.00155322
 158    0.0005827  -0.00166671
 159    0.0004548  -0.00110686
 160    0.0000857  -0.00027051
 161    0.0000899  -0.00029023
 162    0.0002850  -0.00088527
 163    0.0001617  -0.00052154
 164    0.0004648  -0.00138283
 165    0.0004529  -0.00157555
 166    0.0004928  -0.00157734
 167    0.0005368  -0.00198648
 168    0.0005590  -0.00259288
 169    0.0006113  -0.00364020
 170    0.0000007  -0.00001311
 171    0.0000008  -0.00001551
 172    0.0000008  -0.00001681
 173    0.0000007  -0.00000618
 174    0.0000001  -0.00000084
 175    0.0000001  -0.00000100
 176    0.0003141  -0.00079955
 177    0.0001055  -0.00029965
 178    0.0002079  -0.00055340
 179    0.0002206  -0.00060416
 180    0.0003304  -0.00079863
 181    0.0004050  -0.00095228
 182    0.0003712  -0.00102073
 183    0.0003445  -0.00095980
 184    0.0002306  -0.00063891
 185    0.0000474  -0.00016499
 186    0.0000462  -0.00016098
 187    0.0001525  -0.00049246
 188    0.0000776  -0.00028243
 189    0.0002162  -0.00067731
 190    0.0002496  -0.00082811
 191    0.0003623  -0.00142607
 192    0.0003715  -0.00136013
 193    0.0003000  -0.00155741
 194    0.0005195  -0.00233351
 195    0.0000006  -0.00000550
 196    0.0000006  -0.00000552
 197    0.0000006  -0.00000547
 198    0.0000005  -0.00001065
 199    0.0000001  -0.00000054
 200    0.0000001  -0.00000075
 201    0.0001759  -0.00046580
 202    0.0000930  -0.00026374
 203    0.0001532  -0.00044363
 204    0.0000816  -0.00024141
 205    0.0002385  -0.00061790
 206    0.0001075  -0.00031217
 207    0.0003559  -0.00102958
 208    0.0003315  -0.00097571
 209    0.0001927  -0.00054977
 210    0.0000380  -0.00013722
 211    0.0000439  -0.00015085
 212    0.0000481  -0.00018474
 213    0.0000519  -0.00017088
 214    0.0001790  -0.00064724
 215    0.0002052  -0.00078144
 216    0.0001814  -0.00064906
 217    0.0002472  -0.00084851
 218    0.0001906  -0.00120897
 219    0.0003535  -0.00168227
 220    0.0000006  -0.00000601
 221    0.0000004  -0.00002545
 222    0.0000005  -0.00000687
 223    0.0000003  -0.00000692
 224    0.0000000  -0.00000040
 225    0.0000000  -0.00000035
 226    0.0000881  -0.00027224
 227    0.0000668  -0.00020196
 228    0.0000764  -0.00023472
 229    0.0000689  -0.00020405
 230    0.0001321  -0.00037913
 231    0.0000997  -0.00030844
 232    0.0002088  -0.00067604
 233    0.0001330  -0.00043203
 234    0.0001088  -0.00033386
 235    0.0000162  -0.00006193
 236    0.0000229  -0.00009778
 237    0.0000451  -0.00015423
 238    0.0000412  -0.00016144
 239    0.0001030  -0.00034508
 240    0.0001419  -0.00048072
 241    0.0001636  -0.00068662
 242    0.0001400  -0.00055973
 243    0.0001689  -0.00110664
 244    0.0001909  -0.00129224
 245    0.0000004  -0.00002281
 246    0.0000002  -0.00000192
 247    0.0000003  -0.00000844
 248    0.0000002  -0.00000204
 249    0.0000000  -0.00000028
 250    0.0000000  -0.00000032
 251    0.0000789  -0.00023471
 252    0.0000430  -0.00014874
 253    0.0000433  -0.00014647
 254    0.0000568  -0.00018025
 255    0.0000722  -0.00023301
 256    0.0000740  -0.00023323
 257    0.0001034  -0.00032714
 258    0.0001074  -0.00031654
 259    0.0000818  -0.00027371
 260    0.0000146  -0.00005591
 261    0.0000200  -0.00007804
 262    0.0000330  -0.00012452
 263    0.0000349  -0.00013528
 264    0.0000635  -0.00023277
 265    0.0001016  -0.00036505
 266    0.0001080  -0.00049574
 267    0.0001167  -0.00054891
 268    0.0000829  -0.00060771
 269    0.0001480  -0.00106980
 270    0.0000001  -0.00000129
 271    0.0000002  -0.00000186
 272    0.0000003  -0.00000830
 273    0.0000002  -0.00000169
 274    0.0000000  -0.00000022
 275    0.0000000  -0.00000024
 276    0.0000512  -0.00017024
 277    0.0000214  -0.00008380
 278    0.0000360  -0.00012233
 279    0.0000330  -0.00012268
 280    0.0000605  -0.00020296
 281    0.0000712  -0.00023016
 282    0.0000817  -0.00029592
 283    0.0000826  -0.00028262
 284    0.0000583  -0.00019124
 285    0.0000102  -0.00004230
 286    0.0000151  -0.00005851
 287    0.0000266  -0.00011261
 288    0.0000224  -0.00009937
 289    0.0000542  -0.00020197
 290    0.0000898  -0.00030962
 291    0.0000910  -0.00035106
 292    0.0001006  -0.00052051
 293    0.0000447  -0.00018907
 294    0.0000847  -0.00068350
 295    0.0000001  -0.00000111
 296    0.0000002  -0.00000164
 297    0.0000001  -0.00000128
 298    0.0000002  -0.00000137
 299    0.0000000  -0.00000019
 300    0.0000000  -0.00000019
 301    0.0000400  -0.00014122
 302    0.0000171  -0.00006537
 303    0.0000327  -0.00010980
 304    0.0000288  -0.00010356
 305    0.0000541  -0.00018435
 306    0.0000411  -0.00015034
 307    0.0000538  -0.00019355
 308    0.0000631  -0.00022397
 309    0.0000462  -0.00017041
 310    0.0000099  -0.00003988
 311    0.0000104  -0.00004598
 312    0.0000165  -0.00007004
 313    0.0000193  -0.00009228
 314    0.0000486  -0.00018425
 315    0.0000775  -0.00029304
 316    0.0000714  -0.00024986
 317    0.0000954  -0.00037622
 318    0.0000435  -0.00018287
 319    0.0000557  -0.00024917
 320    0.0000001  -0.00000116
 321    0.0000001  -0.00000114
 322    0.0000001  -0.00000128
 323    0.0000001  -0.00000131
 324    0.0000000  -0.00000017
 325    0.0000000  -0.00000020
 326    0.0000342  -0.00011844
 327    0.0000159  -0.00006002
 328    0.0000228  -0.00008618
 329    0.0000246  -0.00009891
 330    0.0000359  -0.00013192
 331    0.0000378  -0.00013494
 332    0.0000488  -0.00017797
 333    0.0000402  -0.00015964
 334    0.0000352  -0.00013650
 335    0.0000065  -0.00002833
 336    0.0000084  -0.00003684
 337    0.0000150  -0.00006085
 338    0.0000140  -0.00005727
 339    0.0000411  -0.00016078
 340    0.0000508  -0.00019884
 341    0.0000486  -0.00019093
 342    0.0000501  -0.00020861
 343    0.0000373  -0.00017315
 344    0.0000517  -0.00020668
 345    0.0000001  -0.00000109
 346    0.0000001  -0.00000103
 347    0.0000001  -0.00000137
 348    0.0000001  -0.00000120
 349    0.0000000  -0.00000016
 350    0.0000000  -0.00000017
 351    0.0000225  -0.00008898
 352    0.0000106  -0.00004311
 353    0.0000221  -0.00008378
 354    0.0000176  -0.00006930
 355    0.0000304  -0.00011087
 356    0.0000255  -0.00010342
 357    0.0000427  -0.00015798
 358    0.0000356  -0.00014213
 359    0.0000215  -0.00009840
 360    0.0000053  -0.00001994
 361    0.0000061  -0.00002476
 362    0.0000099  -0.00004479
 363    0.0000120  -0.00005118
 364    0.0000248  -0.00012059
 365    0.0000276  -0.00013743
 366    0.0000267  -0.00013077
 367    0.0000364  -0.00016283
 368    0.0000296  -0.00014689
 369    0.0000385  -0.00017208
 370    0.0000001  -0.00000098
 371    0.0000001  -0.00000090
 372    0.0000001  -0.00000087
 373    0.0000001  -0.00000083
 374    0.0000000  -0.00000016
 375    0.0000000  -0.00000017
 376    0.0000177  -0.00007365
 377    0.0000086  -0.00003997
 378    0.0000135  -0.00005304
 379    0.0000105  -0.00004788
 380    0.0000130  -0.00005868
 381    0.0000166  -0.00006992
 382    0.0000360  -0.00014113
 383    0.0000298  -0.00012368
 384    0.0000187  -0.00009512
 385    0.0000051  -0.00001884
 386    0.0000051  -0.00002014
 387    0.0000097  -0.00004378
 388    0.0000111  -0.00004636
 389    0.0000221  -0.00010999
 390    0.0000242  -0.00012327
 391    0.0000221  -0.00011902
 392    0.0000213  -0.00011876
 393    0.0000264  -0.00013914
 394    0.0000353  -0.00016564
 395    0.0000001  -0.00000095
 396    0.0000001  -0.00000081
 397    0.0000001  -0.00000089
 398    0.0000001  -0.00000080
 399    0.0000000  -0.00000015
 400    0.0000000  -0.00000016
 401    0.0000142  -0.00005731
 402    0.0000079  -0.00003503
 403    0.0000088  -0.00003965
 404    0.0000098  -0.00004689
 405    0.0000126  -0.00005612
 406    0.0000132  -0.00005730
 407    0.0000337  -0.00013377
 408    0.0000238  -0.00011085
 409    0.0000184  -0.00008550
 410    0.0000037  -0.00001423
 411    0.0000048  -0.00001872
 412    0.0000090  -0.00004257
 413    0.0000061  -0.00002909
 414    0.0000212  -0.00010362
 415    0.0000240  -0.00011766
 416    0.0000176  -0.00010211
 417    0.0000200  -0.00010681
 418    0.0000224  -0.00012002
 419    0.0000290  -0.00013691
 420    0.0000001  -0.00000076
 421    0.0000001  -0.00000079
 422    0.0000001  -0.00000081
 423    0.0000001  -0.00000064
 424    0.0000000  -0.00000016
 425    0.0000000  -0.00000015
 426    0.0000107  -0.00004458
 427    0.0000065  -0.00002980
 428    0.0000072  -0.00003136
 429    0.0000081  -0.00004015
 430    0.0000121  -0.00005527
 431    0.0000123  -0.00005380
 432    0.0000129  -0.00006108
 433    0.0000192  -0.00008695
 434    0.0000149  -0.00006596
 435    0.0000036  -0.00001481
 436    0.0000027  -0.00001087
 437    0.0000088  -0.00004019
 438    0.0000061  -0.00002769
 439    0.0000147  -0.00007481
 440    0.0000145  -0.00007698
 441    0.0000170  -0.00008975
 442    0.0000132  -0.00007362
 443    0.0000206  -0.00010912
 444    0.0000273  -0.00013934
 445    0.0000001  -0.00000068
 446    0.0000001  -0.00000079
 447    0.0000001  -0.00000080
 448    0.0000001  -0.00000065
 449    0.0000000  -0.00000015
 450    0.0000000  -0.00000013
 451    0.0000083  -0.00003892
 452    0.0000061  -0.00002512
 453    0.0000051  -0.00001925
 454    0.0000068  -0.00003256
 455    0.0000114  -0.00004909
 456    0.0000086  -0.00004229
 457    0.0000115  -0.00005312
 458    0.0000136  -0.00006201
 459    0.0000133  -0.00006120
 460    0.0000030  -0.00001140
 461    0.0000026  -0.00001090
 462    0.0000024  -0.00001100
 463    0.0000046  -0.00001983
 464    0.0000103  -0.00005479
 465    0.0000103  -0.00005800
 466    0.0000140  -0.00007267
 467    0.0000118  -0.00006447
 468    0.0000161  -0.00008977
 469    0.0000202  -0.00011303
 470    0.0000001  -0.00000065
 471    0.0000001  -0.00000070
 472    0.0000001  -0.00000081
 473    0.0000001  -0.00000060
 474    0.0000000  -0.00000012
 475    0.0000000  -0.00000013
 476    0.0000069  -0.00002907
 477    0.0000046  -0.00001950
 478    0.0000050  -0.00002020
 479    0.0000064  -0.00002967
 480    0.0000079  -0.00004021
 481    0.0000058  -0.00002706
 482    0.0000101  -0.00005092
 483    0.0000063  -0.00003607
 484    0.0000088  -0.00004643
 485    0.0000027  -0.00001137
 486    0.0000021  -0.00000800
 487    0.0000020  -0.00000854
 488    0.0000021  -0.00000980
 489    0.0000098  -0.00005095
 490    0.0000058  -0.00003359
 491    0.0000134  -0.00007219
 492    0.0000106  -0.00006002
 493    0.0000109  -0.00006110
 494    0.0000162  -0.00009766
 495    0.0000001  -0.00000062
 496    0.0000001  -0.00000069
 497    0.0000001  -0.00000067
 498    0.0000001  -0.00000052
 499    0.0000000  -0.00000012
 500    0.0000000  -0.00000013
 501    0.0000056  -0.00002277
 502    0.0000043  -0.00001745
 503    0.0000042  -0.00001765
 504    0.0000050  -0.00002162
 505    0.0000066  -0.00003281
 506    0.0000057  -0.00002789
 507    0.0000084  -0.00004356
 508    0.0000053  -0.00002786
 509    0.0000072  -0.00003947
 510    0.0000021  -0.00000771
 511    0.0000017  -0.00000627
 512    0.0000019  -0.00000780
 513    0.0000020  -0.00000853
 514    0.0000069  -0.00004056
 515    0.0000049  -0.00002606
 516    0.0000123  -0.00006549
 517    0.0000100  -0.00005697
 518    0.0000036  -0.00002177
 519    0.0000040  -0.00002398
 520    0.0000001  -0.00000055
 521    0.0000001  -0.00000063
 522    0.0000001  -0.00000057
 523    0.0000001  -0.00000049
 524    0.0000000  -0.00000011
 525    0.0000000  -0.00000013
 526    0.0000048  -0.00001885
 527    0.0000037  -0.00001461
 528    0.0000040  -0.00001594
 529    0.0000038  -0.00001717
 530    0.0000039  -0.00001717
 531    0.0000047  -0.00002228
 532    0.0000072  -0.00003979
 533    0.0000049  -0.00002575
 534    0.0000071  -0.00003720
 535    0.0000020  -0.00000710
 536    0.0000015  -0.00000557
 537    0.0000010  -0.00000401
 538    0.0000016  -0.00000656
 539    0.0000061  -0.00003570
 540    0.0000033  -0.00001906
 541    0.0000108  -0.00005784
 542    0.0000076  -0.00004673
 543    0.0000021  -0.00001224
 544    0.0000036  -0.00002174
 545    0.0000001  -0.00000055
 546    0.0000001  -0.00000054
 547    0.0000001  -0.00000049
 548    0.0000000  -0.00000043
 549    0.0000000  -0.00000010
 550    0.0000000  -0.00000012
 551    0.0000033  -0.00001390
 552    0.0000027  -0.00001143
 553    0.0000024  -0.00001013
 554    0.0000035  -0.00001557
 555    0.0000035  -0.00001680
 556    0.0000021  -0.00000928
 557    0.0000031  -0.00001614
 558    0.0000020  -0.00000969
 559    0.0000058  -0.00002883
 560    0.0000013  -0.00000508
 561    0.0000012  -0.00000412
 562    0.0000006  -0.00000259
 563    0.0000014  -0.00000565
 564    0.0000056  -0.00003134
 565    0.0000031  -0.00001829
 566    0.0000088  -0.00004828
 567    0.0000044  -0.00002469
 568    0.0000020  -0.00001081
 569    0.0000017  -0.00000926
 570    0.0000000  -0.00000042
 571    0.0000001  -0.00000048
 572    0.0000000  -0.00000047
 573    0.0000000  -0.00000040
 574    0.0000000  -0.00000010
 575    0.0000000  -0.00000010
 576    0.0000024  -0.00000921
 577    0.0000009  -0.00000358
 578    0.0000015  -0.00000647
 579    0.0000025  -0.00001108
 580    0.0000026  -0.00001268
 581    0.0000014  -0.00000516
 582    0.0000026  -0.00001337
 583    0.0000008  -0.00000356
 584    0.0000040  -0.00001775
 585    0.0000005  -0.00000242
 586    0.0000007  -0.00000279
 587    0.0000005  -0.00000233
 588    0.0000012  -0.00000492
 589    0.0000053  -0.00002754
 590    0.0000026  -0.00001375
 591    0.0000021  -0.00001090
 592    0.0000023  -0.00001434
 593    0.0000018  -0.00000938
 594    0.0000014  -0.00000810
 595    0.0000000  -0.00000040
 596    0.0000000  -0.00000038
 597    0.0000000  -0.00000039
 598    0.0000000  -0.00000032
 599    0.0000000  -0.00000011
 600    0.0000000  -0.00000012
 601    0.0000015  -0.00000537
 602    0.0000008  -0.00000311
 603    0.0000015  -0.00000562
 604    0.0000014  -0.00000552
 605    0.0000005  -0.00000216
 606    0.0000012  -0.00000444
 607    0.0000010  -0.00000467
 608    0.0000003  -0.00000172
 609    0.0000025  -0.00001119
 610    0.0000005  -0.00000189
 611    0.0000004  -0.00000192
 612    0.0000005  -0.00000227
 613    0.0000003  -0.00000150
 614    0.0000005  -0.00000270
 615    0.0000009  -0.00000440
 616    0.0000007  -0.00000320
 617    0.0000009  -0.00000371
 618    0.0000006  -0.00000313
 619    0.0000009  -0.00000454
 620    0.0000000  -0.00000039
 621    0.0000000  -0.00000041
 622    0.0000000  -0.00000035
 623    0.0000000  -0.00000031
 624    0.0000000  -0.00000008
 625    0.0000000  -0.00000010
 
----------------
 Final Energies 
----------------
Final NOF Total Energy =    -308.7018587
 
Total Orbital Internal Iterations = 288
Total Occupation Internal Iterations = 20
 
Elapsed time: 1275.01 Seconds

---------------------------------
   Lowdin Population Analysis    
---------------------------------
 Idx  Atom   Population   Charge 
---------------------------------
  1     C     6.105      -0.105
  2     H     1.059      -0.059
  3     O     7.423       0.577
  4     C     5.922       0.078
  5     H     1.040      -0.040
  6     H     1.050      -0.050
  7     C     5.919       0.081
  8     H     1.046      -0.046
  9     H     1.044      -0.044
 10     H     1.336      -0.336
 11     H     1.063      -0.063
 12     C     6.104      -0.104
 13     H     1.061      -0.061
 14     H     1.063      -0.063
 15     O     7.422       0.578
 16     H     1.342      -0.342

---------------------------------
   M Diagnostic: 0.04
---------------------------------

