Computing Integrals
Basis Set                                            = def2-qzvp
Auxiliary Basis Set                                  = def2-universal-jkfit
Gaussian Type                                        = Spherical
Elapsed time:   18.76 Seconds

Number of basis functions                   (NBF)    = 642
Number of auxiliary basis functions         (NBFAUX) = 634
Inactive Doubly occupied orbitals up to     (NO1)    = 0
No. considered Strongly Doubly occupied MOs (NDOC)   = 25
No. considered Strongly Singly occupied MOs (NSOC)   = 0
NO. of Weakly occ. per St. Doubly occ.  MOs (NCWO)   = 24
Dimension of the Nat. Orb. subspace         (NBF5)   = 625
No. of electrons                                     = 50
    No. of alpha electrons                           = 25
    No. of beta electrons                            = 25
Multiplicity                                         = 1

Geometry
========
 C      -0.4667370       1.8872820      -0.0235080
 H      -1.1024470       1.9057350       0.8613140
 O       0.2837240       3.0966600       0.0235990
 C       0.4115390       0.6435340      -0.0062950
 H       1.0616970       0.6523200      -0.8870930
 H       1.0618330       0.6887800       0.8699260
 C      -0.4115390      -0.6435340       0.0062950
 H      -1.0618330      -0.6887800      -0.8699260
 H      -1.0616970      -0.6523200       0.8870930
 H       0.8203770       3.1329620      -0.7726870
 H      -1.1233070       1.8683880      -0.8998590
 C       0.4667370      -1.8872820       0.0235080
 H       1.1024470      -1.9057350      -0.8613140
 H       1.1233070      -1.8683880       0.8998590
 O      -0.2837240      -3.0966600      -0.0235990
 H      -0.8203770      -3.1329620       0.7726870

No violations of the orthonormality
No violations of the orthonormality
 
PNOF8/ADABelief Calculation
==================
 
  Nitext  Nit_orb  Time   Nit_occ  Time         Eelec          Etot           Ediff      maxdiff    MaxGrad_orb  Grad_occ
     1      10    1.1e+02    9    5.1e+01  -553.31317799  -308.68877435 -10552.31317799   0.002415   9.7e-03   2.1e-04 0.04
     2      20    1.6e+02    0    5.8e+00  -553.32542866  -308.70102501    -0.01225067   0.002415   9.7e-03   2.1e-04 0.04
     3      40    3.1e+02    4    9.5e+00  -553.32643377  -308.70203013    -0.00100512   0.005996   2.4e-02   2.6e-04 0.04
     4      40    2.8e+02    3    9.4e+00  -553.32668752  -308.70228388    -0.00025375   0.005155   2.1e-02   3.0e-04 0.04
     5      40    3.0e+02    0    6.3e+00  -553.32671218  -308.70230854    -0.00002466   0.005155   2.1e-02   3.0e-04 0.04
     6      60    4.4e+02    4    9.7e+00  -553.32746086  -308.70305722    -0.00074868   0.000528   2.1e-03   2.5e-04 0.04
 
RESULTS OF THE OCCUPATION OPTIMIZATION
========================================
   1    1.9999847  -20.59004605
   2    1.9999849  -20.58942024
   3    1.9999575  -11.26277968
   4    1.9999587  -11.26133852
   5    1.9999520  -11.25674000
   6    1.9999562  -11.25507585
   7    1.9833295  -1.34057514
   8    1.9832935  -1.34031311
   9    1.9784259  -1.02543238
  10    1.9773026  -0.94867656
  11    1.9758083  -0.88986605
  12    1.9751970  -0.88539478
  13    1.9670473  -0.69813264
  14    1.9656635  -0.69260053
  15    1.9631134  -0.66473263
  16    1.9631348  -0.65782861
  17    1.9704443  -0.62254937
  18    1.9733909  -0.61785810
  19    1.9733796  -0.61458463
  20    1.9699659  -0.60639098
  21    1.9689158  -0.58998551
  22    1.9660110  -0.55389127
  23    1.9665022  -0.55117310
  24    1.9655172  -0.53630633
  25    1.9655076  -0.53427604
  26    0.0252990  -0.03237610
  27    0.0259865  -0.03304848
  28    0.0191153  -0.02163622
  29    0.0250841  -0.03194395
  30    0.0193314  -0.02191743
  31    0.0180873  -0.02178640
  32    0.0108805  -0.01693838
  33    0.0106669  -0.01678217
  34    0.0179314  -0.02174236
  35    0.0338300  -0.04758404
  36    0.0352921  -0.04887609
  37    0.0235901  -0.03293731
  38    0.0264531  -0.03489285
  39    0.0147689  -0.02123805
  40    0.0149234  -0.02118460
  41    0.0136798  -0.01994034
  42    0.0126657  -0.01924511
  43    0.0078466  -0.01817461
  44    0.0078101  -0.01844993
  45    0.0000351  -0.00064551
  46    0.0000348  -0.00064038
  47    0.0000302  -0.00056267
  48    0.0000302  -0.00057232
  49    0.0000141  -0.00047672
  50    0.0000140  -0.00047090
  51    0.0055599  -0.00855676
  52    0.0056460  -0.00868837
  53    0.0060471  -0.00835300
  54    0.0057285  -0.00899358
  55    0.0057637  -0.00770915
  56    0.0056805  -0.00844171
  57    0.0065438  -0.01109844
  58    0.0054899  -0.00961880
  59    0.0050173  -0.00715829
  60    0.0016402  -0.00378863
  61    0.0004496  -0.00121249
  62    0.0044493  -0.00854953
  63    0.0048126  -0.00886522
  64    0.0048511  -0.00851027
  65    0.0034337  -0.00820197
  66    0.0029260  -0.00633565
  67    0.0027245  -0.00618584
  68    0.0040855  -0.00885802
  69    0.0042767  -0.00920253
  70    0.0000018  -0.00001858
  71    0.0000044  -0.00009524
  72    0.0000034  -0.00006963
  73    0.0000043  -0.00010152
  74    0.0000002  -0.00000165
  75    0.0000003  -0.00001737
  76    0.0014560  -0.00320762
  77    0.0010533  -0.00238103
  78    0.0054731  -0.00744784
  79    0.0011254  -0.00250838
  80    0.0026834  -0.00435487
  81    0.0020843  -0.00384646
  82    0.0054061  -0.00938501
  83    0.0048616  -0.00883259
  84    0.0021412  -0.00412601
  85    0.0004369  -0.00117488
  86    0.0003549  -0.00100288
  87    0.0043289  -0.00851500
  88    0.0005072  -0.00131749
  89    0.0020417  -0.00444170
  90    0.0021159  -0.00493593
  91    0.0020262  -0.00637898
  92    0.0024295  -0.00749281
  93    0.0012249  -0.00555632
  94    0.0012746  -0.00541174
  95    0.0000014  -0.00001472
  96    0.0000040  -0.00009337
  97    0.0000023  -0.00002234
  98    0.0000024  -0.00002437
  99    0.0000002  -0.00000147
 100    0.0000002  -0.00000243
 101    0.0008416  -0.00167936
 102    0.0008564  -0.00170611
 103    0.0011036  -0.00225148
 104    0.0009008  -0.00180526
 105    0.0011720  -0.00278014
 106    0.0015853  -0.00348009
 107    0.0012851  -0.00386163
 108    0.0028513  -0.00731493
 109    0.0014478  -0.00349085
 110    0.0003105  -0.00089733
 111    0.0003019  -0.00088595
 112    0.0013141  -0.00312986
 113    0.0004287  -0.00117982
 114    0.0011436  -0.00359916
 115    0.0018105  -0.00448905
 116    0.0014065  -0.00383238
 117    0.0011181  -0.00351290
 118    0.0008328  -0.00272068
 119    0.0008124  -0.00266025
 120    0.0000012  -0.00003564
 121    0.0000010  -0.00002379
 122    0.0000013  -0.00003374
 123    0.0000013  -0.00002638
 124    0.0000001  -0.00000151
 125    0.0000002  -0.00000162
 126    0.0005412  -0.00121192
 127    0.0002450  -0.00066419
 128    0.0005176  -0.00110809
 129    0.0003272  -0.00078396
 130    0.0005499  -0.00119207
 131    0.0011400  -0.00285555
 132    0.0006980  -0.00238744
 133    0.0007675  -0.00237070
 134    0.0013088  -0.00289780
 135    0.0002931  -0.00086331
 136    0.0002722  -0.00081468
 137    0.0002598  -0.00082878
 138    0.0003015  -0.00089422
 139    0.0005752  -0.00172644
 140    0.0006704  -0.00183656
 141    0.0010684  -0.00294380
 142    0.0009682  -0.00315293
 143    0.0006670  -0.00219144
 144    0.0006167  -0.00360471
 145    0.0000011  -0.00002960
 146    0.0000006  -0.00000561
 147    0.0000007  -0.00002041
 148    0.0000010  -0.00003716
 149    0.0000001  -0.00000103
 150    0.0000001  -0.00000152
 151    0.0002761  -0.00072040
 152    0.0001861  -0.00050741
 153    0.0002853  -0.00068419
 154    0.0002157  -0.00057800
 155    0.0005272  -0.00119785
 156    0.0005644  -0.00130941
 157    0.0005397  -0.00163497
 158    0.0006677  -0.00187575
 159    0.0006243  -0.00164028
 160    0.0001803  -0.00053819
 161    0.0000605  -0.00019984
 162    0.0001771  -0.00058878
 163    0.0001627  -0.00052892
 164    0.0004403  -0.00153252
 165    0.0003839  -0.00110020
 166    0.0004863  -0.00164994
 167    0.0004365  -0.00159269
 168    0.0005787  -0.00309728
 169    0.0005448  -0.00231702
 170    0.0000009  -0.00003422
 171    0.0000006  -0.00000676
 172    0.0000007  -0.00000901
 173    0.0000008  -0.00001928
 174    0.0000001  -0.00000087
 175    0.0000001  -0.00000126
 176    0.0001533  -0.00044878
 177    0.0001215  -0.00031538
 178    0.0002163  -0.00054708
 179    0.0001732  -0.00049099
 180    0.0003185  -0.00076754
 181    0.0002799  -0.00078153
 182    0.0003484  -0.00094982
 183    0.0003636  -0.00098435
 184    0.0003295  -0.00085369
 185    0.0000399  -0.00014560
 186    0.0000360  -0.00013990
 187    0.0000452  -0.00016229
 188    0.0000690  -0.00022382
 189    0.0003333  -0.00095573
 190    0.0002806  -0.00084680
 191    0.0004080  -0.00137674
 192    0.0003766  -0.00125679
 193    0.0005259  -0.00225573
 194    0.0003868  -0.00170639
 195    0.0000004  -0.00001082
 196    0.0000005  -0.00000823
 197    0.0000006  -0.00000814
 198    0.0000005  -0.00000766
 199    0.0000001  -0.00000058
 200    0.0000001  -0.00000072
 201    0.0000738  -0.00022278
 202    0.0000978  -0.00029491
 203    0.0002060  -0.00053907
 204    0.0001009  -0.00028399
 205    0.0001941  -0.00051426
 206    0.0001861  -0.00052313
 207    0.0003036  -0.00097599
 208    0.0002867  -0.00084118
 209    0.0002520  -0.00073199
 210    0.0000294  -0.00010904
 211    0.0000307  -0.00011954
 212    0.0000436  -0.00015301
 213    0.0000486  -0.00015973
 214    0.0001502  -0.00054557
 215    0.0001645  -0.00069743
 216    0.0001779  -0.00078441
 217    0.0002796  -0.00105697
 218    0.0003055  -0.00169197
 219    0.0002134  -0.00133061
 220    0.0000004  -0.00001235
 221    0.0000004  -0.00001481
 222    0.0000006  -0.00000629
 223    0.0000005  -0.00000902
 224    0.0000000  -0.00000034
 225    0.0000000  -0.00000033
 226    0.0000657  -0.00019763
 227    0.0000837  -0.00024016
 228    0.0001799  -0.00047213
 229    0.0000739  -0.00022675
 230    0.0001468  -0.00044164
 231    0.0001102  -0.00032969
 232    0.0002161  -0.00070631
 233    0.0001780  -0.00062434
 234    0.0001226  -0.00037072
 235    0.0000211  -0.00009223
 236    0.0000239  -0.00009439
 237    0.0000284  -0.00011527
 238    0.0000333  -0.00013769
 239    0.0001093  -0.00036657
 240    0.0001057  -0.00034917
 241    0.0001225  -0.00049177
 242    0.0001456  -0.00083824
 243    0.0001733  -0.00123300
 244    0.0001963  -0.00110219
 245    0.0000004  -0.00001438
 246    0.0000003  -0.00000693
 247    0.0000002  -0.00000315
 248    0.0000002  -0.00000483
 249    0.0000000  -0.00000026
 250    0.0000000  -0.00000029
 251    0.0000451  -0.00015664
 252    0.0000679  -0.00021378
 253    0.0000989  -0.00028535
 254    0.0000687  -0.00019503
 255    0.0001109  -0.00030723
 256    0.0000821  -0.00026608
 257    0.0001070  -0.00035281
 258    0.0001142  -0.00034842
 259    0.0001006  -0.00030678
 260    0.0000197  -0.00008190
 261    0.0000162  -0.00006020
 262    0.0000241  -0.00009686
 263    0.0000245  -0.00010879
 264    0.0001012  -0.00033296
 265    0.0000857  -0.00031788
 266    0.0000951  -0.00035889
 267    0.0001008  -0.00052839
 268    0.0001082  -0.00083788
 269    0.0000985  -0.00068684
 270    0.0000002  -0.00000177
 271    0.0000002  -0.00000264
 272    0.0000002  -0.00000165
 273    0.0000002  -0.00000227
 274    0.0000000  -0.00000022
 275    0.0000000  -0.00000025
 276    0.0000403  -0.00013540
 277    0.0000297  -0.00011470
 278    0.0000675  -0.00020204
 279    0.0000505  -0.00016579
 280    0.0000788  -0.00023989
 281    0.0000479  -0.00016629
 282    0.0000735  -0.00024617
 283    0.0000649  -0.00023121
 284    0.0000746  -0.00024014
 285    0.0000133  -0.00004904
 286    0.0000108  -0.00004311
 287    0.0000126  -0.00005102
 288    0.0000197  -0.00008648
 289    0.0000691  -0.00023989
 290    0.0000517  -0.00019548
 291    0.0000928  -0.00038805
 292    0.0000775  -0.00032517
 293    0.0000886  -0.00040227
 294    0.0000927  -0.00057224
 295    0.0000002  -0.00000181
 296    0.0000002  -0.00000175
 297    0.0000001  -0.00000137
 298    0.0000001  -0.00000149
 299    0.0000000  -0.00000020
 300    0.0000000  -0.00000022
 301    0.0000372  -0.00013351
 302    0.0000264  -0.00009859
 303    0.0000485  -0.00016303
 304    0.0000383  -0.00013507
 305    0.0000461  -0.00016626
 306    0.0000398  -0.00015541
 307    0.0000554  -0.00020487
 308    0.0000589  -0.00020153
 309    0.0000588  -0.00019168
 310    0.0000089  -0.00004060
 311    0.0000078  -0.00003708
 312    0.0000108  -0.00004415
 313    0.0000181  -0.00007893
 314    0.0000516  -0.00020031
 315    0.0000456  -0.00017815
 316    0.0000621  -0.00024365
 317    0.0000559  -0.00024218
 318    0.0000674  -0.00027347
 319    0.0000755  -0.00031215
 320    0.0000001  -0.00000136
 321    0.0000001  -0.00000126
 322    0.0000001  -0.00000125
 323    0.0000001  -0.00000138
 324    0.0000000  -0.00000021
 325    0.0000000  -0.00000019
 326    0.0000308  -0.00011156
 327    0.0000232  -0.00008732
 328    0.0000362  -0.00013181
 329    0.0000351  -0.00011935
 330    0.0000373  -0.00013963
 331    0.0000317  -0.00012294
 332    0.0000316  -0.00012331
 333    0.0000448  -0.00016726
 334    0.0000476  -0.00016493
 335    0.0000077  -0.00003576
 336    0.0000058  -0.00002503
 337    0.0000094  -0.00004107
 338    0.0000142  -0.00005780
 339    0.0000483  -0.00019093
 340    0.0000342  -0.00014780
 341    0.0000433  -0.00017567
 342    0.0000477  -0.00018751
 343    0.0000393  -0.00017248
 344    0.0000512  -0.00020961
 345    0.0000001  -0.00000119
 346    0.0000001  -0.00000125
 347    0.0000001  -0.00000114
 348    0.0000001  -0.00000102
 349    0.0000000  -0.00000017
 350    0.0000000  -0.00000019
 351    0.0000123  -0.00004850
 352    0.0000178  -0.00007337
 353    0.0000288  -0.00010565
 354    0.0000152  -0.00005697
 355    0.0000234  -0.00009809
 356    0.0000246  -0.00011292
 357    0.0000238  -0.00009818
 358    0.0000372  -0.00014522
 359    0.0000320  -0.00012933
 360    0.0000067  -0.00003069
 361    0.0000053  -0.00002247
 362    0.0000094  -0.00004080
 363    0.0000134  -0.00005542
 364    0.0000396  -0.00016577
 365    0.0000248  -0.00011926
 366    0.0000284  -0.00013481
 367    0.0000344  -0.00015547
 368    0.0000368  -0.00017013
 369    0.0000395  -0.00017393
 370    0.0000001  -0.00000111
 371    0.0000001  -0.00000096
 372    0.0000001  -0.00000104
 373    0.0000001  -0.00000095
 374    0.0000000  -0.00000015
 375    0.0000000  -0.00000017
 376    0.0000105  -0.00004521
 377    0.0000127  -0.00005021
 378    0.0000204  -0.00007791
 379    0.0000096  -0.00004496
 380    0.0000221  -0.00008954
 381    0.0000226  -0.00009956
 382    0.0000201  -0.00008380
 383    0.0000336  -0.00013735
 384    0.0000220  -0.00010337
 385    0.0000058  -0.00002328
 386    0.0000048  -0.00001918
 387    0.0000087  -0.00003754
 388    0.0000110  -0.00004750
 389    0.0000224  -0.00011066
 390    0.0000175  -0.00009570
 391    0.0000188  -0.00010551
 392    0.0000323  -0.00015294
 393    0.0000273  -0.00013792
 394    0.0000380  -0.00016773
 395    0.0000001  -0.00000086
 396    0.0000001  -0.00000099
 397    0.0000001  -0.00000099
 398    0.0000001  -0.00000082
 399    0.0000000  -0.00000014
 400    0.0000000  -0.00000017
 401    0.0000091  -0.00004221
 402    0.0000059  -0.00002516
 403    0.0000174  -0.00007137
 404    0.0000095  -0.00004198
 405    0.0000171  -0.00007625
 406    0.0000200  -0.00008921
 407    0.0000152  -0.00006637
 408    0.0000270  -0.00010980
 409    0.0000132  -0.00005871
 410    0.0000048  -0.00001874
 411    0.0000031  -0.00001374
 412    0.0000055  -0.00002483
 413    0.0000071  -0.00003393
 414    0.0000164  -0.00007701
 415    0.0000171  -0.00009336
 416    0.0000138  -0.00007139
 417    0.0000209  -0.00011663
 418    0.0000227  -0.00012253
 419    0.0000299  -0.00014483
 420    0.0000001  -0.00000083
 421    0.0000001  -0.00000098
 422    0.0000001  -0.00000092
 423    0.0000001  -0.00000079
 424    0.0000000  -0.00000013
 425    0.0000000  -0.00000016
 426    0.0000090  -0.00003968
 427    0.0000048  -0.00002077
 428    0.0000095  -0.00004402
 429    0.0000072  -0.00003528
 430    0.0000139  -0.00005825
 431    0.0000118  -0.00005344
 432    0.0000145  -0.00006241
 433    0.0000256  -0.00010893
 434    0.0000104  -0.00004805
 435    0.0000043  -0.00001710
 436    0.0000026  -0.00000915
 437    0.0000049  -0.00001983
 438    0.0000064  -0.00003038
 439    0.0000145  -0.00006796
 440    0.0000104  -0.00005430
 441    0.0000129  -0.00006761
 442    0.0000142  -0.00007347
 443    0.0000201  -0.00011543
 444    0.0000259  -0.00013528
 445    0.0000001  -0.00000068
 446    0.0000001  -0.00000089
 447    0.0000001  -0.00000084
 448    0.0000001  -0.00000066
 449    0.0000000  -0.00000011
 450    0.0000000  -0.00000016
 451    0.0000080  -0.00003667
 452    0.0000046  -0.00001981
 453    0.0000090  -0.00004180
 454    0.0000064  -0.00003063
 455    0.0000116  -0.00005181
 456    0.0000109  -0.00005066
 457    0.0000143  -0.00006148
 458    0.0000170  -0.00007595
 459    0.0000077  -0.00004061
 460    0.0000034  -0.00001461
 461    0.0000024  -0.00001036
 462    0.0000042  -0.00001806
 463    0.0000055  -0.00002479
 464    0.0000084  -0.00004853
 465    0.0000058  -0.00003117
 466    0.0000099  -0.00005639
 467    0.0000121  -0.00006476
 468    0.0000174  -0.00009781
 469    0.0000231  -0.00012006
 470    0.0000001  -0.00000058
 471    0.0000001  -0.00000072
 472    0.0000001  -0.00000070
 473    0.0000001  -0.00000065
 474    0.0000000  -0.00000012
 475    0.0000000  -0.00000015
 476    0.0000061  -0.00002590
 477    0.0000043  -0.00001887
 478    0.0000070  -0.00003208
 479    0.0000063  -0.00002887
 480    0.0000101  -0.00004700
 481    0.0000094  -0.00004611
 482    0.0000133  -0.00005684
 483    0.0000152  -0.00006635
 484    0.0000046  -0.00002345
 485    0.0000028  -0.00000989
 486    0.0000024  -0.00000916
 487    0.0000030  -0.00001305
 488    0.0000046  -0.00002024
 489    0.0000075  -0.00004586
 490    0.0000029  -0.00001668
 491    0.0000066  -0.00004008
 492    0.0000108  -0.00006077
 493    0.0000155  -0.00008587
 494    0.0000228  -0.00012637
 495    0.0000001  -0.00000053
 496    0.0000001  -0.00000062
 497    0.0000001  -0.00000066
 498    0.0000001  -0.00000059
 499    0.0000000  -0.00000010
 500    0.0000000  -0.00000014
 501    0.0000058  -0.00002224
 502    0.0000039  -0.00001694
 503    0.0000056  -0.00002543
 504    0.0000036  -0.00001642
 505    0.0000079  -0.00003897
 506    0.0000066  -0.00003286
 507    0.0000116  -0.00005335
 508    0.0000142  -0.00006175
 509    0.0000032  -0.00001705
 510    0.0000027  -0.00001132
 511    0.0000018  -0.00000744
 512    0.0000029  -0.00001254
 513    0.0000040  -0.00001736
 514    0.0000063  -0.00003735
 515    0.0000027  -0.00001554
 516    0.0000054  -0.00002948
 517    0.0000102  -0.00005619
 518    0.0000132  -0.00007148
 519    0.0000157  -0.00008907
 520    0.0000000  -0.00000039
 521    0.0000001  -0.00000055
 522    0.0000001  -0.00000056
 523    0.0000001  -0.00000061
 524    0.0000000  -0.00000010
 525    0.0000000  -0.00000014
 526    0.0000047  -0.00002053
 527    0.0000031  -0.00001321
 528    0.0000030  -0.00001281
 529    0.0000035  -0.00001454
 530    0.0000068  -0.00003378
 531    0.0000040  -0.00001934
 532    0.0000104  -0.00004968
 533    0.0000135  -0.00005931
 534    0.0000024  -0.00001040
 535    0.0000021  -0.00000827
 536    0.0000010  -0.00000440
 537    0.0000028  -0.00001131
 538    0.0000039  -0.00001774
 539    0.0000017  -0.00000855
 540    0.0000023  -0.00001262
 541    0.0000024  -0.00001279
 542    0.0000056  -0.00003289
 543    0.0000059  -0.00003803
 544    0.0000141  -0.00007587
 545    0.0000000  -0.00000037
 546    0.0000000  -0.00000045
 547    0.0000001  -0.00000051
 548    0.0000001  -0.00000048
 549    0.0000000  -0.00000010
 550    0.0000000  -0.00000011
 551    0.0000042  -0.00001721
 552    0.0000019  -0.00000777
 553    0.0000012  -0.00000524
 554    0.0000030  -0.00001316
 555    0.0000057  -0.00002892
 556    0.0000037  -0.00001843
 557    0.0000053  -0.00002708
 558    0.0000041  -0.00002273
 559    0.0000023  -0.00001052
 560    0.0000012  -0.00000501
 561    0.0000004  -0.00000244
 562    0.0000009  -0.00000449
 563    0.0000036  -0.00001662
 564    0.0000014  -0.00000672
 565    0.0000013  -0.00000676
 566    0.0000020  -0.00001023
 567    0.0000052  -0.00002936
 568    0.0000026  -0.00001639
 569    0.0000080  -0.00005819
 570    0.0000000  -0.00000040
 571    0.0000000  -0.00000044
 572    0.0000000  -0.00000042
 573    0.0000000  -0.00000048
 574    0.0000000  -0.00000010
 575    0.0000000  -0.00000011
 576    0.0000026  -0.00001010
 577    0.0000003  -0.00000179
 578    0.0000005  -0.00000291
 579    0.0000015  -0.00000661
 580    0.0000038  -0.00001899
 581    0.0000008  -0.00000362
 582    0.0000020  -0.00000892
 583    0.0000033  -0.00001684
 584    0.0000010  -0.00000464
 585    0.0000003  -0.00000213
 586    0.0000003  -0.00000164
 587    0.0000007  -0.00000316
 588    0.0000003  -0.00000209
 589    0.0000006  -0.00000338
 590    0.0000011  -0.00000558
 591    0.0000018  -0.00000983
 592    0.0000018  -0.00000929
 593    0.0000008  -0.00000474
 594    0.0000023  -0.00001441
 595    0.0000000  -0.00000028
 596    0.0000000  -0.00000043
 597    0.0000000  -0.00000040
 598    0.0000000  -0.00000036
 599    0.0000000  -0.00000010
 600    0.0000000  -0.00000010
 601    0.0000001  -0.00000062
 602    0.0000001  -0.00000075
 603    0.0000001  -0.00000056
 604    0.0000008  -0.00000380
 605    0.0000018  -0.00000787
 606    0.0000001  -0.00000072
 607    0.0000011  -0.00000581
 608    0.0000025  -0.00001179
 609    0.0000002  -0.00000152
 610    0.0000000  -0.00000028
 611    0.0000002  -0.00000161
 612    0.0000002  -0.00000135
 613    0.0000001  -0.00000089
 614    0.0000004  -0.00000262
 615    0.0000001  -0.00000062
 616    0.0000004  -0.00000261
 617    0.0000002  -0.00000155
 618    0.0000002  -0.00000190
 619    0.0000013  -0.00000794
 620    0.0000000  -0.00000029
 621    0.0000000  -0.00000038
 622    0.0000000  -0.00000037
 623    0.0000000  -0.00000040
 624    0.0000000  -0.00000009
 625    0.0000000  -0.00000009
 
----------------
 Final Energies 
----------------
Final NOF Total Energy =    -308.7030572
 
Total Orbital Internal Iterations = 210
Total Occupation Internal Iterations = 20
 
Elapsed time: 1839.73 Seconds

---------------------------------
   Lowdin Population Analysis    
---------------------------------
 Idx  Atom   Population   Charge 
---------------------------------
  1     C     6.101      -0.101
  2     H     1.056      -0.056
  3     O     7.426       0.574
  4     C     5.923       0.077
  5     H     1.050      -0.050
  6     H     1.044      -0.044
  7     C     5.923       0.077
  8     H     1.043      -0.043
  9     H     1.050      -0.050
 10     H     1.337      -0.337
 11     H     1.061      -0.061
 12     C     6.101      -0.101
 13     H     1.056      -0.056
 14     H     1.061      -0.061
 15     O     7.428       0.572
 16     H     1.339      -0.339

---------------------------------
   M Diagnostic: 0.04
---------------------------------

