Computing Integrals
Basis Set                                            = def2-qzvp
Auxiliary Basis Set                                  = def2-universal-jkfit
Gaussian Type                                        = Spherical
Elapsed time:    5.31 Seconds

Number of basis functions                   (NBF)    = 274
Number of auxiliary basis functions         (NBFAUX) = 332
Inactive Doubly occupied orbitals up to     (NO1)    = 0
No. considered Strongly Doubly occupied MOs (NDOC)   = 16
No. considered Strongly Singly occupied MOs (NSOC)   = 0
NO. of Weakly occ. per St. Doubly occ.  MOs (NCWO)   = 16
Dimension of the Nat. Orb. subspace         (NBF5)   = 272
No. of electrons                                     = 32
    No. of alpha electrons                           = 16
    No. of beta electrons                            = 16
Multiplicity                                         = 1

Geometry
========
 C      -0.7812762       0.1517281      -0.7419824
Cl       0.1322569      -0.0037532      -2.1651677
 C       0.0535089       0.0161273       0.4601907
 H       1.1401585       0.0053175       0.3540221
 H      -0.2671755       0.7649204       1.1894818
 H      -0.2774726      -0.9343402       0.9034555

No violations of the orthonormality
No violations of the orthonormality
 
PNOF8/ADABelief Calculation
==================
 
  Nitext  Nit_orb  Time   Nit_occ  Time         Eelec          Etot           Ediff      maxdiff    MaxGrad_orb  Grad_occ
     1      10    2.9e+01   13    3.1e+01  -626.01680690  -537.92247141 -10625.01680690   0.004217   1.7e-02   2.4e-04 0.04
     2      20    1.1e+01    0    4.6e-01  -626.02445769  -537.93012220    -0.00765079   0.004217   1.7e-02   2.4e-04 0.04
     3      40    1.7e+01    0    6.5e-01  -626.02445769  -537.93012220     0.00000000   0.004217   1.7e-02   2.4e-04 0.04
     4      60    2.8e+01    6    1.4e+00  -626.02532271  -537.93098722    -0.00086502   0.001339   5.4e-03   2.2e-04 0.04
     5      60    3.2e+01    3    1.1e+00  -626.02556997  -537.93123447    -0.00024726   0.001429   5.7e-03   2.4e-04 0.04
     6      60    2.8e+01    8    1.6e+00  -626.02567426  -537.93133876    -0.00010429   0.001336   5.3e-03   2.1e-04 0.04
     7      60    3.1e+01    1    6.5e-01  -626.02577547  -537.93143997    -0.00010121   0.001234   4.9e-03   2.3e-04 0.04
     8      60    3.2e+01    1    6.0e-01  -626.02584911  -537.93151362    -0.00007365   0.001248   5.0e-03   2.6e-04 0.04
     9      60    2.7e+01    3    8.9e-01  -626.02591605  -537.93158056    -0.00006694   0.001210   4.8e-03   2.4e-04 0.04
    10      60    3.1e+01   10    2.0e+00  -626.02598232  -537.93164683    -0.00006627   0.001264   5.1e-03   2.5e-04 0.04
    11      60    2.5e+01    1    5.4e-01  -626.02607060  -537.93173511    -0.00008828   0.001145   4.6e-03   1.6e-04 0.04
    12      60    3.2e+01    1    5.7e-01  -626.02611629  -537.93178080    -0.00004569   0.001209   4.8e-03   1.8e-04 0.04
    13      60    2.9e+01    1    6.0e-01  -626.02615001  -537.93181452    -0.00003372   0.001188   4.8e-03   2.1e-04 0.04
    14      60    3.0e+01    1    5.7e-01  -626.02617301  -537.93183752    -0.00002300   0.001214   4.9e-03   2.5e-04 0.04
    15      60    2.6e+01    6    1.4e+00  -626.02618838  -537.93185288    -0.00001537   0.001209   4.8e-03   2.0e-04 0.04
    16      60    3.5e+01    1    6.6e-01  -626.02622274  -537.93188724    -0.00003436   0.001071   4.3e-03   1.8e-04 0.04
    17      60    3.0e+01    2    7.4e-01  -626.02623187  -537.93189637    -0.00000913   0.001206   4.8e-03   2.5e-04 0.04
    18      60    2.8e+01    1    5.4e-01  -626.02624539  -537.93190990    -0.00001353   0.001226   4.9e-03   2.2e-04 0.04
    19      60    5.3e+01    0    3.9e-01  -626.02625340  -537.93191791    -0.00000801   0.001327   5.3e-03   2.0e-04 0.04
    20      70    3.6e+01    0    3.8e-01  -626.02626896  -537.93193346    -0.00001556   0.001129   4.5e-03   2.3e-04 0.04
    21      80    4.2e+01    7    1.3e+00  -626.02628442  -537.93194893    -0.00001546   0.000981   3.9e-03   2.2e-04 0.04
 
RESULTS OF THE OCCUPATION OPTIMIZATION
========================================
   1    1.9999994  -104.92076605
   2    1.9999463  -11.30650290
   3    1.9999158  -11.27668148
   4    1.9996654  -10.60541336
   5    1.9993404  -8.08536527
   6    1.9994751  -8.08000684
   7    1.9994445  -8.07958332
   8    1.9800082  -1.14179242
   9    1.9792903  -1.05202470
  10    1.9643554  -0.70801212
  11    1.9672486  -0.61704623
  12    1.9691837  -0.61329229
  13    1.9613658  -0.56316348
  14    1.9632796  -0.54926698
  15    1.9704977  -0.53977905
  16    1.9686050  -0.52789935
  17    0.0133222  -0.02021931
  18    0.0114667  -0.01895431
  19    0.0205069  -0.02874021
  20    0.0357922  -0.04878748
  21    0.0158481  -0.02042316
  22    0.0157306  -0.02066040
  23    0.0268123  -0.03412066
  24    0.0075296  -0.02661906
  25    0.0067675  -0.01888617
  26    0.0004502  -0.01011275
  27    0.0004428  -0.00999973
  28    0.0006324  -0.01338731
  29    0.0003131  -0.00783949
  30    0.0000782  -0.00143436
  31    0.0000495  -0.00094221
  32    0.0000006  -0.00000820
  33    0.0129966  -0.01995106
  34    0.0104938  -0.01761893
  35    0.0117922  -0.01777948
  36    0.0007913  -0.00171531
  37    0.0048346  -0.00776856
  38    0.0049895  -0.00745942
  39    0.0055944  -0.01123586
  40    0.0066506  -0.01778709
  41    0.0054272  -0.01686477
  42    0.0000773  -0.00345461
  43    0.0000555  -0.00057661
  44    0.0000129  -0.00022060
  45    0.0000071  -0.00024860
  46    0.0000022  -0.00005834
  47    0.0000011  -0.00004180
  48    0.0000000  -0.00000011
  49    0.0025103  -0.00887835
  50    0.0023844  -0.00872225
  51    0.0015655  -0.00302258
  52    0.0007127  -0.00155999
  53    0.0044398  -0.00765444
  54    0.0047085  -0.00746786
  55    0.0016214  -0.00380788
  56    0.0022207  -0.00963800
  57    0.0033158  -0.01326124
  58    0.0000064  -0.00011102
  59    0.0000144  -0.00093810
  60    0.0000047  -0.00004954
  61    0.0000028  -0.00008686
  62    0.0000009  -0.00003195
  63    0.0000005  -0.00000589
  64    0.0000000  -0.00000008
  65    0.0009423  -0.00216442
  66    0.0021228  -0.00796380
  67    0.0013618  -0.00277679
  68    0.0006912  -0.00152372
  69    0.0012831  -0.00294352
  70    0.0044421  -0.00773306
  71    0.0006469  -0.00155748
  72    0.0021004  -0.00928053
  73    0.0020482  -0.00887730
  74    0.0000044  -0.00011226
  75    0.0000034  -0.00016936
  76    0.0000020  -0.00002515
  77    0.0000025  -0.00012046
  78    0.0000005  -0.00000528
  79    0.0000004  -0.00000458
  80    0.0000000  -0.00000006
  81    0.0004272  -0.00119640
  82    0.0009088  -0.00223616
  83    0.0005689  -0.00125896
  84    0.0001664  -0.00044128
  85    0.0011931  -0.00273488
  86    0.0011366  -0.00268900
  87    0.0003436  -0.00092904
  88    0.0008972  -0.00573815
  89    0.0009630  -0.00446224
  90    0.0000037  -0.00003950
  91    0.0000018  -0.00002268
  92    0.0000019  -0.00002318
  93    0.0000023  -0.00016226
  94    0.0000004  -0.00000494
  95    0.0000004  -0.00000409
  96    0.0000000  -0.00000005
  97    0.0003786  -0.00124790
  98    0.0007619  -0.00177106
  99    0.0003052  -0.00073650
 100    0.0001126  -0.00028997
 101    0.0010373  -0.00235370
 102    0.0009635  -0.00207841
 103    0.0002405  -0.00064899
 104    0.0003467  -0.00141336
 105    0.0004136  -0.00161382
 106    0.0000035  -0.00006442
 107    0.0000017  -0.00003012
 108    0.0000014  -0.00002024
 109    0.0000019  -0.00002457
 110    0.0000004  -0.00000377
 111    0.0000004  -0.00000382
 112    0.0000000  -0.00000005
 113    0.0002309  -0.00076265
 114    0.0006888  -0.00172490
 115    0.0002748  -0.00067044
 116    0.0000617  -0.00017987
 117    0.0009232  -0.00179327
 118    0.0002090  -0.00054877
 119    0.0001529  -0.00042996
 120    0.0002866  -0.00122768
 121    0.0003724  -0.00146300
 122    0.0000023  -0.00003997
 123    0.0000011  -0.00001618
 124    0.0000012  -0.00001280
 125    0.0000012  -0.00001739
 126    0.0000004  -0.00000302
 127    0.0000003  -0.00000315
 128    0.0000000  -0.00000006
 129    0.0001734  -0.00059425
 130    0.0002918  -0.00101971
 131    0.0001033  -0.00028089
 132    0.0000568  -0.00017198
 133    0.0004303  -0.00103361
 134    0.0001416  -0.00038911
 135    0.0000606  -0.00018682
 136    0.0002288  -0.00098071
 137    0.0002796  -0.00130946
 138    0.0000021  -0.00002840
 139    0.0000011  -0.00001824
 140    0.0000010  -0.00002307
 141    0.0000010  -0.00001024
 142    0.0000003  -0.00000257
 143    0.0000003  -0.00000278
 144    0.0000000  -0.00000004
 145    0.0001040  -0.00032768
 146    0.0001025  -0.00037384
 147    0.0000631  -0.00018153
 148    0.0000527  -0.00015484
 149    0.0003285  -0.00080482
 150    0.0001146  -0.00030908
 151    0.0000420  -0.00013932
 152    0.0001386  -0.00081026
 153    0.0001360  -0.00079167
 154    0.0000018  -0.00001913
 155    0.0000007  -0.00000775
 156    0.0000006  -0.00000725
 157    0.0000008  -0.00001886
 158    0.0000003  -0.00000211
 159    0.0000003  -0.00000225
 160    0.0000000  -0.00000004
 161    0.0000791  -0.00024775
 162    0.0000892  -0.00028505
 163    0.0000560  -0.00016535
 164    0.0000496  -0.00014826
 165    0.0001733  -0.00047368
 166    0.0001064  -0.00028799
 167    0.0000375  -0.00013180
 168    0.0000730  -0.00025040
 169    0.0000691  -0.00024674
 170    0.0000013  -0.00001443
 171    0.0000007  -0.00000786
 172    0.0000005  -0.00000535
 173    0.0000006  -0.00000680
 174    0.0000002  -0.00000183
 175    0.0000002  -0.00000134
 176    0.0000000  -0.00000003
 177    0.0000761  -0.00023841
 178    0.0000629  -0.00019881
 179    0.0000477  -0.00014783
 180    0.0000436  -0.00013633
 181    0.0001276  -0.00037381
 182    0.0000829  -0.00025256
 183    0.0000307  -0.00011183
 184    0.0000717  -0.00024779
 185    0.0000611  -0.00021785
 186    0.0000008  -0.00001000
 187    0.0000005  -0.00000726
 188    0.0000003  -0.00000297
 189    0.0000004  -0.00000478
 190    0.0000002  -0.00000158
 191    0.0000001  -0.00000108
 192    0.0000000  -0.00000003
 193    0.0000522  -0.00015920
 194    0.0000497  -0.00015745
 195    0.0000355  -0.00010937
 196    0.0000349  -0.00012078
 197    0.0000701  -0.00021118
 198    0.0000464  -0.00015212
 199    0.0000264  -0.00010513
 200    0.0000623  -0.00021149
 201    0.0000500  -0.00018168
 202    0.0000007  -0.00000757
 203    0.0000004  -0.00000395
 204    0.0000002  -0.00000177
 205    0.0000003  -0.00000226
 206    0.0000001  -0.00000099
 207    0.0000001  -0.00000077
 208    0.0000000  -0.00000004
 209    0.0000502  -0.00015752
 210    0.0000382  -0.00013810
 211    0.0000164  -0.00006463
 212    0.0000299  -0.00010872
 213    0.0000561  -0.00017122
 214    0.0000365  -0.00012127
 215    0.0000223  -0.00009111
 216    0.0000488  -0.00018448
 217    0.0000397  -0.00015803
 218    0.0000006  -0.00000612
 219    0.0000004  -0.00000421
 220    0.0000002  -0.00000117
 221    0.0000003  -0.00000234
 222    0.0000001  -0.00000071
 223    0.0000000  -0.00000040
 224    0.0000000  -0.00000003
 225    0.0000301  -0.00011699
 226    0.0000181  -0.00007462
 227    0.0000124  -0.00005469
 228    0.0000291  -0.00010433
 229    0.0000355  -0.00013126
 230    0.0000201  -0.00007981
 231    0.0000048  -0.00003449
 232    0.0000235  -0.00010455
 233    0.0000247  -0.00011247
 234    0.0000002  -0.00000103
 235    0.0000001  -0.00000095
 236    0.0000001  -0.00000074
 237    0.0000001  -0.00000068
 238    0.0000000  -0.00000034
 239    0.0000000  -0.00000026
 240    0.0000000  -0.00000002
 241    0.0000145  -0.00006721
 242    0.0000158  -0.00006748
 243    0.0000060  -0.00003518
 244    0.0000050  -0.00003427
 245    0.0000269  -0.00009458
 246    0.0000192  -0.00007498
 247    0.0000042  -0.00003106
 248    0.0000197  -0.00008373
 249    0.0000205  -0.00008485
 250    0.0000001  -0.00000103
 251    0.0000001  -0.00000053
 252    0.0000001  -0.00000050
 253    0.0000001  -0.00000062
 254    0.0000000  -0.00000024
 255    0.0000000  -0.00000021
 256    0.0000000  -0.00000003
 257    0.0000072  -0.00004332
 258    0.0000067  -0.00004335
 259    0.0000047  -0.00003022
 260    0.0000043  -0.00003079
 261    0.0000087  -0.00004950
 262    0.0000039  -0.00002690
 263    0.0000040  -0.00003129
 264    0.0000117  -0.00006360
 265    0.0000034  -0.00003233
 266    0.0000001  -0.00000072
 267    0.0000001  -0.00000050
 268    0.0000001  -0.00000040
 269    0.0000001  -0.00000050
 270    0.0000000  -0.00000021
 271    0.0000000  -0.00000017
 272    0.0000000  -0.00000002
 
----------------
 Final Energies 
----------------
Final NOF Total Energy =    -537.9319489
 
Total Orbital Internal Iterations = 1180
Total Occupation Internal Iterations = 66
 
Elapsed time:  723.39 Seconds

---------------------------------
   Lowdin Population Analysis    
---------------------------------
 Idx  Atom   Population   Charge 
---------------------------------
  1     C     6.405      -0.405
  2    Cl    16.516       0.484
  3     C     5.918       0.082
  4     H     1.074      -0.074
  5     H     1.049      -0.049
  6     H     1.037      -0.037

---------------------------------
   M Diagnostic: 0.04
---------------------------------

