Computing Integrals
Basis Set                                            = def2-qzvp
Auxiliary Basis Set                                  = def2-universal-jkfit
Gaussian Type                                        = Spherical
Elapsed time:    3.94 Seconds

Number of basis functions                   (NBF)    = 234
Number of auxiliary basis functions         (NBFAUX) = 222
Inactive Doubly occupied orbitals up to     (NO1)    = 0
No. considered Strongly Doubly occupied MOs (NDOC)   = 8
No. considered Strongly Singly occupied MOs (NSOC)   = 0
NO. of Weakly occ. per St. Doubly occ.  MOs (NCWO)   = 28
Dimension of the Nat. Orb. subspace         (NBF5)   = 232
No. of electrons                                     = 16
    No. of alpha electrons                           = 8
    No. of beta electrons                            = 8
Multiplicity                                         = 1

Geometry
========
 C       0.6625035       0.0000000       0.0000000
 C      -0.6625035       0.0000000       0.0000000
 H       1.2314886      -0.9211903       0.0000000
 H       1.2314886       0.9211903       0.0000000
 H      -1.2314886      -0.9211903       0.0000000
 H      -1.2314886       0.9211903       0.0000000

No violations of the orthonormality
No violations of the orthonormality
 
PNOF8/ADABelief Calculation
==================
 
  Nitext  Nit_orb  Time   Nit_occ  Time         Eelec          Etot           Ediff      maxdiff    MaxGrad_orb  Grad_occ
     1      10    2.5e+01    8    2.7e+01  -112.00614761   -78.52058918 -10111.00614761   0.003043   1.2e-02   1.5e-04 0.04
     2      20    6.4e+00    0    1.0e-01  -112.00970584   -78.52414741    -0.00355823   0.003043   1.2e-02   1.5e-04 0.04
     3      40    2.4e+01    5    5.4e-01  -112.01034948   -78.52479105    -0.00064364   0.002260   9.0e-03   2.1e-04 0.04
     4      40    2.0e+01    5    5.0e-01  -112.01059206   -78.52503363    -0.00024258   0.001884   7.5e-03   2.0e-04 0.04
     5      40    1.8e+01    5    5.9e-01  -112.01078150   -78.52522307    -0.00018943   0.002255   9.0e-03   2.1e-04 0.04
     6      40    1.7e+01    5    5.6e-01  -112.01097390   -78.52541548    -0.00019241   0.002122   8.5e-03   2.3e-04 0.04
     7      40    1.7e+01    3    3.2e-01  -112.01114998   -78.52559155    -0.00017607   0.001995   8.0e-03   1.9e-04 0.04
     8      40    2.2e+01    5    4.7e-01  -112.01126667   -78.52570824    -0.00011669   0.002526   1.0e-02   1.9e-04 0.04
     9      40    2.3e+01    3    4.1e-01  -112.01140369   -78.52584526    -0.00013702   0.002566   1.0e-02   2.2e-04 0.04
    10      40    3.1e+01    5    5.8e-01  -112.01147988   -78.52592145    -0.00007619   0.002611   1.0e-02   1.6e-04 0.04
    11      40    1.6e+01    3    3.5e-01  -112.01155516   -78.52599673    -0.00007528   0.002433   9.7e-03   2.3e-04 0.04
    12      40    2.4e+01    5    4.9e-01  -112.01160340   -78.52604498    -0.00004825   0.002887   1.2e-02   1.9e-04 0.04
    13      40    2.3e+01    5    6.1e-01  -112.01162926   -78.52607083    -0.00002586   0.003261   1.3e-02   1.3e-04 0.04
    14      40    2.9e+01    0    1.1e-01  -112.01169514   -78.52613671    -0.00006588   0.003051   1.2e-02   1.9e-04 0.04
    15      50    2.1e+01    0    1.8e-01  -112.01173678   -78.52617835    -0.00004164   0.002324   9.3e-03   2.3e-04 0.04
    16      60    4.3e+01    5    6.1e-01  -112.01175759   -78.52619916    -0.00002081   0.001697   6.8e-03   1.2e-04 0.04
    17      60    2.4e+01    0    1.1e-01  -112.01179510   -78.52623667    -0.00003751   0.001456   5.8e-03   1.8e-04 0.04
    18      70    3.6e+01    0    1.7e-01  -112.01181353   -78.52625510    -0.00001843   0.000636   2.5e-03   2.0e-04 0.04
 
RESULTS OF THE OCCUPATION OPTIMIZATION
========================================
   1    1.9999550  -11.23687849
   2    1.9999463  -11.23530932
   3    1.9762509  -1.05626927
   4    1.9778902  -0.80998964
   5    1.9702129  -0.63640772
   6    1.9692513  -0.59859190
   7    1.9681771  -0.59153956
   8    1.9527276  -0.41083623
   9    0.0402454  -0.03746138
  10    0.0186599  -0.02193769
  11    0.0175978  -0.02118039
  12    0.0165605  -0.02187508
  13    0.0124331  -0.01702396
  14    0.0149242  -0.02595220
  15    0.0000414  -0.00082858
  16    0.0000356  -0.00067379
  17    0.0061133  -0.00780237
  18    0.0049344  -0.00713591
  19    0.0051449  -0.00742554
  20    0.0063487  -0.00977257
  21    0.0025146  -0.00440007
  22    0.0043190  -0.00814088
  23    0.0000046  -0.00008893
  24    0.0000045  -0.00008586
  25    0.0007303  -0.00130145
  26    0.0038555  -0.00541664
  27    0.0041926  -0.00578715
  28    0.0032527  -0.00545286
  29    0.0021419  -0.00443396
  30    0.0010849  -0.00445396
  31    0.0000033  -0.00002318
  32    0.0000019  -0.00001442
  33    0.0001149  -0.00025996
  34    0.0019745  -0.00353974
  35    0.0014055  -0.00263703
  36    0.0011918  -0.00303124
  37    0.0016399  -0.00643211
  38    0.0009918  -0.00322650
  39    0.0000018  -0.00001774
  40    0.0000014  -0.00005848
  41    0.0000327  -0.00010227
  42    0.0005527  -0.00118857
  43    0.0006184  -0.00140713
  44    0.0007459  -0.00154205
  45    0.0011739  -0.00279239
  46    0.0008601  -0.00196309
  47    0.0000018  -0.00001099
  48    0.0000012  -0.00006138
  49    0.0000067  -0.00001229
  50    0.0004451  -0.00094051
  51    0.0004343  -0.00144220
  52    0.0003499  -0.00080760
  53    0.0006560  -0.00145166
  54    0.0006671  -0.00160361
  55    0.0000002  -0.00000477
  56    0.0000001  -0.00000101
  57    0.0000044  -0.00000727
  58    0.0003353  -0.00085127
  59    0.0003229  -0.00085252
  60    0.0003435  -0.00079982
  61    0.0004264  -0.00090857
  62    0.0001861  -0.00065709
  63    0.0000001  -0.00000103
  64    0.0000000  -0.00000056
  65    0.0000029  -0.00000517
  66    0.0002604  -0.00059212
  67    0.0002775  -0.00075363
  68    0.0002514  -0.00074589
  69    0.0003632  -0.00144210
  70    0.0001368  -0.00042589
  71    0.0000000  -0.00000078
  72    0.0000000  -0.00000045
  73    0.0000026  -0.00000453
  74    0.0002275  -0.00050272
  75    0.0001764  -0.00048035
  76    0.0002154  -0.00051310
  77    0.0001785  -0.00084109
  78    0.0001167  -0.00033011
  79    0.0000000  -0.00000057
  80    0.0000000  -0.00000033
  81    0.0000022  -0.00000534
  82    0.0001261  -0.00033522
  83    0.0001398  -0.00040796
  84    0.0001081  -0.00036075
  85    0.0001290  -0.00036603
  86    0.0000865  -0.00029091
  87    0.0000000  -0.00000058
  88    0.0000000  -0.00000027
  89    0.0000019  -0.00000494
  90    0.0000895  -0.00023986
  91    0.0000986  -0.00025440
  92    0.0000907  -0.00026277
  93    0.0001257  -0.00039980
  94    0.0000613  -0.00019088
  95    0.0000000  -0.00000056
  96    0.0000000  -0.00000023
  97    0.0000017  -0.00000457
  98    0.0000851  -0.00023234
  99    0.0000665  -0.00018132
 100    0.0000777  -0.00024180
 101    0.0000747  -0.00025579
 102    0.0000591  -0.00018730
 103    0.0000000  -0.00000053
 104    0.0000000  -0.00000020
 105    0.0000016  -0.00000419
 106    0.0000517  -0.00017142
 107    0.0000609  -0.00017616
 108    0.0000576  -0.00017859
 109    0.0000558  -0.00018337
 110    0.0000474  -0.00017598
 111    0.0000000  -0.00000052
 112    0.0000000  -0.00000018
 113    0.0000012  -0.00000370
 114    0.0000391  -0.00013739
 115    0.0000428  -0.00013951
 116    0.0000383  -0.00013409
 117    0.0000460  -0.00015319
 118    0.0000389  -0.00013714
 119    0.0000000  -0.00000040
 120    0.0000000  -0.00000017
 121    0.0000012  -0.00000336
 122    0.0000307  -0.00012415
 123    0.0000289  -0.00012358
 124    0.0000310  -0.00011283
 125    0.0000280  -0.00009773
 126    0.0000367  -0.00013209
 127    0.0000000  -0.00000035
 128    0.0000000  -0.00000014
 129    0.0000011  -0.00000333
 130    0.0000291  -0.00009928
 131    0.0000237  -0.00008357
 132    0.0000228  -0.00009105
 133    0.0000197  -0.00007416
 134    0.0000292  -0.00011434
 135    0.0000000  -0.00000035
 136    0.0000000  -0.00000016
 137    0.0000011  -0.00000340
 138    0.0000207  -0.00007684
 139    0.0000213  -0.00008315
 140    0.0000159  -0.00005845
 141    0.0000163  -0.00005855
 142    0.0000182  -0.00007769
 143    0.0000000  -0.00000031
 144    0.0000000  -0.00000013
 145    0.0000009  -0.00000265
 146    0.0000192  -0.00007299
 147    0.0000195  -0.00006369
 148    0.0000135  -0.00004524
 149    0.0000138  -0.00005431
 150    0.0000146  -0.00006036
 151    0.0000000  -0.00000034
 152    0.0000000  -0.00000017
 153    0.0000008  -0.00000279
 154    0.0000164  -0.00005801
 155    0.0000149  -0.00005086
 156    0.0000122  -0.00004224
 157    0.0000130  -0.00005744
 158    0.0000134  -0.00005774
 159    0.0000000  -0.00000029
 160    0.0000000  -0.00000012
 161    0.0000008  -0.00000274
 162    0.0000145  -0.00005529
 163    0.0000132  -0.00004699
 164    0.0000119  -0.00004354
 165    0.0000105  -0.00004400
 166    0.0000103  -0.00004444
 167    0.0000000  -0.00000031
 168    0.0000000  -0.00000012
 169    0.0000007  -0.00000217
 170    0.0000126  -0.00004059
 171    0.0000104  -0.00003905
 172    0.0000096  -0.00003861
 173    0.0000095  -0.00004040
 174    0.0000089  -0.00003825
 175    0.0000000  -0.00000028
 176    0.0000000  -0.00000010
 177    0.0000007  -0.00000236
 178    0.0000109  -0.00003908
 179    0.0000084  -0.00002813
 180    0.0000087  -0.00003533
 181    0.0000091  -0.00003820
 182    0.0000084  -0.00003651
 183    0.0000000  -0.00000031
 184    0.0000000  -0.00000010
 185    0.0000006  -0.00000214
 186    0.0000070  -0.00003162
 187    0.0000067  -0.00002791
 188    0.0000065  -0.00002816
 189    0.0000068  -0.00003361
 190    0.0000071  -0.00003477
 191    0.0000000  -0.00000024
 192    0.0000000  -0.00000010
 193    0.0000006  -0.00000187
 194    0.0000067  -0.00002232
 195    0.0000058  -0.00001764
 196    0.0000059  -0.00001823
 197    0.0000063  -0.00002992
 198    0.0000061  -0.00002756
 199    0.0000000  -0.00000026
 200    0.0000000  -0.00000009
 201    0.0000006  -0.00000180
 202    0.0000060  -0.00001858
 203    0.0000055  -0.00001790
 204    0.0000052  -0.00001741
 205    0.0000057  -0.00002420
 206    0.0000054  -0.00002125
 207    0.0000000  -0.00000022
 208    0.0000000  -0.00000009
 209    0.0000005  -0.00000196
 210    0.0000055  -0.00001551
 211    0.0000042  -0.00001316
 212    0.0000047  -0.00001341
 213    0.0000054  -0.00002006
 214    0.0000043  -0.00001714
 215    0.0000000  -0.00000023
 216    0.0000000  -0.00000009
 217    0.0000005  -0.00000188
 218    0.0000040  -0.00000965
 219    0.0000038  -0.00000816
 220    0.0000040  -0.00001126
 221    0.0000041  -0.00001542
 222    0.0000037  -0.00001582
 223    0.0000000  -0.00000022
 224    0.0000000  -0.00000009
 225    0.0000005  -0.00000151
 226    0.0000030  -0.00000808
 227    0.0000033  -0.00000881
 228    0.0000030  -0.00000850
 229    0.0000028  -0.00000906
 230    0.0000031  -0.00001017
 231    0.0000000  -0.00000022
 232    0.0000000  -0.00000012
 
----------------
 Final Energies 
----------------
Final NOF Total Energy =     -78.5262551
 
Total Orbital Internal Iterations = 750
Total Occupation Internal Iterations = 62
 
Elapsed time:  478.02 Seconds

---------------------------------
   Lowdin Population Analysis    
---------------------------------
 Idx  Atom   Population   Charge 
---------------------------------
  1     C     5.828       0.172
  2     C     5.829       0.171
  3     H     1.085      -0.085
  4     H     1.087      -0.087
  5     H     1.085      -0.085
  6     H     1.087      -0.087

---------------------------------
   M Diagnostic: 0.04
---------------------------------

