Computing Integrals
Basis Set                                            = def2-qzvp
Auxiliary Basis Set                                  = def2-universal-jkfit
Gaussian Type                                        = Spherical
Elapsed time:    8.10 Seconds

Number of basis functions                   (NBF)    = 231
Number of auxiliary basis functions         (NBFAUX) = 265
Inactive Doubly occupied orbitals up to     (NO1)    = 0
No. considered Strongly Doubly occupied MOs (NDOC)   = 11
No. considered Strongly Singly occupied MOs (NSOC)   = 0
NO. of Weakly occ. per St. Doubly occ.  MOs (NCWO)   = 20
Dimension of the Nat. Orb. subspace         (NBF5)   = 231
No. of electrons                                     = 22
    No. of alpha electrons                           = 11
    No. of beta electrons                            = 11
Multiplicity                                         = 1

Geometry
========
 N       0.0000000       0.0000000      -1.8849400
 N       0.0000000       0.0000000      -0.7510000
 C       0.0000000       0.0000000       0.5411838
 H      -0.9508515       0.0000000       1.0473781
 H       0.9508515       0.0000000       1.0473781

No violations of the orthonormality
No violations of the orthonormality
 
PNOF8/ADABelief Calculation
==================
 
  Nitext  Nit_orb  Time   Nit_occ  Time         Eelec          Etot           Ediff      maxdiff    MaxGrad_orb  Grad_occ
     1      10    6.3e+01   10    2.5e+01  -210.07345079  -148.62744996 -10209.07345079   0.003916   1.6e-02   2.3e-04 0.05
     2      20    9.2e+01    0    2.2e-01  -210.08039327  -148.63439244    -0.00694248   0.003917   1.6e-02   2.3e-04 0.05
     3      40    1.6e+02    5    5.8e-01  -210.08100225  -148.63500142    -0.00060898   0.003131   1.3e-02   1.9e-04 0.05
     4      40    1.5e+02    4    4.8e-01  -210.08115631  -148.63515548    -0.00015406   0.003588   1.4e-02   2.0e-04 0.05
     5      40    1.4e+02    7    7.8e-01  -210.08125612  -148.63525529    -0.00009981   0.003980   1.6e-02   2.0e-04 0.05
     6      40    1.4e+02    4    5.2e-01  -210.08135721  -148.63535638    -0.00010108   0.003577   1.4e-02   2.0e-04 0.05
     7      40    1.4e+02    1    2.2e-01  -210.08144107  -148.63544024    -0.00008386   0.003987   1.6e-02   2.2e-04 0.05
     8      40    1.6e+02    7    7.1e-01  -210.08151684  -148.63551601    -0.00007577   0.003927   1.6e-02   2.0e-04 0.05
     9      40    1.6e+02    4    4.8e-01  -210.08162317  -148.63562234    -0.00010634   0.003758   1.5e-02   1.8e-04 0.05
    10      40    1.5e+02    4    4.5e-01  -210.08170014  -148.63569930    -0.00007696   0.003593   1.4e-02   2.0e-04 0.05
    11      40    1.6e+02    1    3.4e-01  -210.08179849  -148.63579766    -0.00009836   0.003607   1.4e-02   2.5e-04 0.05
    12      40    1.5e+02    9    8.0e-01  -210.08185210  -148.63585127    -0.00005361   0.003515   1.4e-02   2.3e-04 0.05
    13      40    1.5e+02    4    5.4e-01  -210.08196549  -148.63596466    -0.00011339   0.003740   1.5e-02   1.6e-04 0.05
    14      40    1.8e+02    4    5.9e-01  -210.08202618  -148.63602535    -0.00006069   0.004196   1.7e-02   2.5e-04 0.05
    15      40    1.6e+02    6    7.3e-01  -210.08210183  -148.63610100    -0.00007565   0.004151   1.7e-02   1.5e-04 0.05
    16      40    1.7e+02    1    2.2e-01  -210.08217439  -148.63617356    -0.00007256   0.003881   1.6e-02   1.9e-04 0.05
    17      40    1.5e+02    6    6.6e-01  -210.08222241  -148.63622158    -0.00004802   0.003668   1.5e-02   1.9e-04 0.05
    18      40    1.5e+02    0    6.9e-01  -210.08229348  -148.63629265    -0.00007107   0.003858   1.5e-02   2.3e-04 0.05
    19      50    2.0e+02    7    7.4e-01  -210.08240014  -148.63639931    -0.00010666   0.002996   1.2e-02   2.2e-04 0.05
    20      50    2.0e+02    0    1.6e-01  -210.08244196  -148.63644113    -0.00004182   0.003807   1.5e-02   2.3e-04 0.05
    21      60    2.4e+02    7    6.7e-01  -210.08250455  -148.63650372    -0.00006259   0.002816   1.1e-02   1.8e-04 0.05
    22      60    2.3e+02    0    1.6e-01  -210.08255250  -148.63655167    -0.00004795   0.003011   1.2e-02   1.9e-04 0.05
    23      70    2.7e+02    0    1.1e-01  -210.08258911  -148.63658828    -0.00003661   0.002335   9.3e-03   2.4e-04 0.05
    24      80    3.2e+02    6    6.0e-01  -210.08260817  -148.63660734    -0.00001906   0.001926   7.7e-03   1.9e-04 0.05
    25      80    3.1e+02    6    7.0e-01  -210.08266163  -148.63666080    -0.00005346   0.001953   7.8e-03   1.6e-04 0.05
    26      80    3.1e+02    3    3.9e-01  -210.08271320  -148.63671237    -0.00005157   0.007633   3.1e-02   2.7e-04 0.05
    27      80    3.2e+02    6    6.5e-01  -210.08274336  -148.63674253    -0.00003016   0.001851   7.4e-03   2.1e-04 0.05
    28      80    3.0e+02    0    2.9e-01  -210.08277722  -148.63677639    -0.00003386   0.001947   7.8e-03   2.1e-04 0.05
    29      90    3.2e+02    7    7.3e-01  -210.08279618  -148.63679535    -0.00001896   0.001664   6.7e-03   1.9e-04 0.05
    30      90    3.3e+02    0    2.1e-01  -210.08282571  -148.63682488    -0.00002953   0.001780   7.1e-03   1.8e-04 0.05
    31     100    3.6e+02    0    1.7e-01  -210.08283427  -148.63683344    -0.00000856   0.001312   5.2e-03   2.2e-04 0.05
    32     110    4.2e+02    3    3.8e-01  -210.08284315  -148.63684232    -0.00000888   0.001036   4.1e-03   2.2e-04 0.05
    33     110    4.1e+02    0    1.7e-01  -210.08285058  -148.63684975    -0.00000743   0.001107   4.4e-03   2.5e-04 0.05
    34     120    4.6e+02    0    1.8e-01  -210.08286064  -148.63685981    -0.00001006   0.000889   3.6e-03   2.6e-04 0.05
 
RESULTS OF THE OCCUPATION OPTIMIZATION
========================================
   1    1.9999694  -15.36007280
   2    1.9999581  -14.17907319
   3    1.9999597  -13.12729991
   4    1.9805294  -1.43012837
   5    1.9806722  -1.15925456
   6    1.9740350  -0.78606090
   7    1.9736782  -0.68937932
   8    1.9712113  -0.67716176
   9    1.9682408  -0.66713026
  10    1.9531428  -0.54828181
  11    1.9530949  -0.49312248
  12    0.0459885  -0.05629173
  13    0.0434420  -0.05501487
  14    0.0273048  -0.04291505
  15    0.0125040  -0.01692831
  16    0.0060136  -0.01297022
  17    0.0153489  -0.02088703
  18    0.0077234  -0.01690124
  19    0.0128469  -0.02679039
  20    0.0000236  -0.00053414
  21    0.0000379  -0.00092405
  22    0.0000214  -0.00054312
  23    0.0002295  -0.00059649
  24    0.0029752  -0.00553270
  25    0.0025326  -0.00544789
  26    0.0047128  -0.00751875
  27    0.0051038  -0.00949557
  28    0.0050445  -0.00865461
  29    0.0049168  -0.00960339
  30    0.0029362  -0.00709306
  31    0.0000056  -0.00009717
  32    0.0000012  -0.00004959
  33    0.0000042  -0.00010346
  34    0.0002081  -0.00054044
  35    0.0001917  -0.00056706
  36    0.0005875  -0.00158956
  37    0.0046046  -0.00702722
  38    0.0044980  -0.00869962
  39    0.0013956  -0.00314358
  40    0.0016141  -0.00473103
  41    0.0018254  -0.00739240
  42    0.0000039  -0.00005914
  43    0.0000008  -0.00001365
  44    0.0000014  -0.00002081
  45    0.0001685  -0.00046025
  46    0.0000660  -0.00018771
  47    0.0003151  -0.00088467
  48    0.0032216  -0.00622692
  49    0.0035681  -0.00703900
  50    0.0009800  -0.00245089
  51    0.0014548  -0.00591119
  52    0.0005175  -0.00369543
  53    0.0000028  -0.00004873
  54    0.0000005  -0.00002051
  55    0.0000010  -0.00002526
  56    0.0001515  -0.00041879
  57    0.0000468  -0.00014936
  58    0.0002772  -0.00077167
  59    0.0011450  -0.00328123
  60    0.0026142  -0.00542779
  61    0.0008807  -0.00202537
  62    0.0009730  -0.00282468
  63    0.0004214  -0.00200913
  64    0.0000007  -0.00002411
  65    0.0000004  -0.00000477
  66    0.0000006  -0.00003823
  67    0.0000454  -0.00014647
  68    0.0000325  -0.00011570
  69    0.0001675  -0.00050052
  70    0.0008215  -0.00161258
  71    0.0014241  -0.00372609
  72    0.0005510  -0.00156143
  73    0.0008238  -0.00239491
  74    0.0002337  -0.00122525
  75    0.0000006  -0.00002747
  76    0.0000002  -0.00000186
  77    0.0000004  -0.00000561
  78    0.0000327  -0.00011656
  79    0.0000231  -0.00007740
  80    0.0001414  -0.00046939
  81    0.0005212  -0.00117186
  82    0.0013751  -0.00346469
  83    0.0004920  -0.00127588
  84    0.0006306  -0.00185058
  85    0.0001864  -0.00064687
  86    0.0000005  -0.00000663
  87    0.0000001  -0.00000122
  88    0.0000002  -0.00000225
  89    0.0000166  -0.00005807
  90    0.0000165  -0.00006047
  91    0.0001105  -0.00037624
  92    0.0003108  -0.00084494
  93    0.0006948  -0.00177831
  94    0.0003792  -0.00117739
  95    0.0004700  -0.00318375
  96    0.0001511  -0.00076800
  97    0.0000004  -0.00000548
  98    0.0000001  -0.00000114
  99    0.0000002  -0.00000228
 100    0.0000132  -0.00004668
 101    0.0000157  -0.00005310
 102    0.0000888  -0.00029181
 103    0.0002754  -0.00072178
 104    0.0002965  -0.00094972
 105    0.0002559  -0.00063063
 106    0.0002888  -0.00113552
 107    0.0001084  -0.00047695
 108    0.0000003  -0.00000408
 109    0.0000001  -0.00000074
 110    0.0000001  -0.00000141
 111    0.0000111  -0.00004459
 112    0.0000120  -0.00004950
 113    0.0000798  -0.00027748
 114    0.0002413  -0.00065439
 115    0.0001694  -0.00052075
 116    0.0001450  -0.00068106
 117    0.0001191  -0.00044360
 118    0.0000865  -0.00052432
 119    0.0000003  -0.00000427
 120    0.0000001  -0.00000073
 121    0.0000001  -0.00000108
 122    0.0000076  -0.00003750
 123    0.0000088  -0.00003911
 124    0.0000312  -0.00012838
 125    0.0001765  -0.00053487
 126    0.0001495  -0.00054420
 127    0.0001245  -0.00050653
 128    0.0000807  -0.00044711
 129    0.0000269  -0.00013651
 130    0.0000003  -0.00000322
 131    0.0000001  -0.00000053
 132    0.0000001  -0.00000097
 133    0.0000069  -0.00003357
 134    0.0000047  -0.00002962
 135    0.0000284  -0.00012682
 136    0.0000782  -0.00032160
 137    0.0001390  -0.00044220
 138    0.0000877  -0.00030814
 139    0.0000428  -0.00018661
 140    0.0000203  -0.00010654
 141    0.0000003  -0.00000334
 142    0.0000001  -0.00000041
 143    0.0000001  -0.00000086
 144    0.0000062  -0.00003147
 145    0.0000046  -0.00002764
 146    0.0000194  -0.00008266
 147    0.0000502  -0.00018591
 148    0.0001014  -0.00033617
 149    0.0000687  -0.00024611
 150    0.0000378  -0.00015554
 151    0.0000194  -0.00009844
 152    0.0000002  -0.00000273
 153    0.0000001  -0.00000030
 154    0.0000001  -0.00000076
 155    0.0000055  -0.00002854
 156    0.0000045  -0.00002773
 157    0.0000160  -0.00007705
 158    0.0000347  -0.00014147
 159    0.0000838  -0.00030288
 160    0.0000609  -0.00024059
 161    0.0000332  -0.00014381
 162    0.0000179  -0.00009035
 163    0.0000002  -0.00000255
 164    0.0000001  -0.00000031
 165    0.0000001  -0.00000067
 166    0.0000047  -0.00002809
 167    0.0000040  -0.00002422
 168    0.0000146  -0.00006685
 169    0.0000300  -0.00013917
 170    0.0000238  -0.00010708
 171    0.0000512  -0.00019498
 172    0.0000304  -0.00013728
 173    0.0000170  -0.00008495
 174    0.0000002  -0.00000205
 175    0.0000001  -0.00000028
 176    0.0000001  -0.00000053
 177    0.0000045  -0.00002768
 178    0.0000033  -0.00001789
 179    0.0000134  -0.00006138
 180    0.0000185  -0.00009554
 181    0.0000183  -0.00007603
 182    0.0000431  -0.00017764
 183    0.0000241  -0.00011100
 184    0.0000166  -0.00008168
 185    0.0000002  -0.00000196
 186    0.0000001  -0.00000017
 187    0.0000001  -0.00000055
 188    0.0000029  -0.00001904
 189    0.0000027  -0.00001653
 190    0.0000130  -0.00005981
 191    0.0000155  -0.00007526
 192    0.0000165  -0.00007908
 193    0.0000357  -0.00015168
 194    0.0000230  -0.00011553
 195    0.0000155  -0.00007836
 196    0.0000001  -0.00000060
 197    0.0000000  -0.00000013
 198    0.0000001  -0.00000036
 199    0.0000008  -0.00000610
 200    0.0000013  -0.00000979
 201    0.0000121  -0.00005564
 202    0.0000132  -0.00006445
 203    0.0000119  -0.00005764
 204    0.0000111  -0.00005957
 205    0.0000195  -0.00010047
 206    0.0000130  -0.00008026
 207    0.0000001  -0.00000053
 208    0.0000000  -0.00000010
 209    0.0000000  -0.00000011
 210    0.0000006  -0.00000418
 211    0.0000010  -0.00000674
 212    0.0000042  -0.00002924
 213    0.0000085  -0.00004540
 214    0.0000113  -0.00005475
 215    0.0000064  -0.00004678
 216    0.0000153  -0.00007954
 217    0.0000087  -0.00005460
 218    0.0000001  -0.00000022
 219    0.0000000  -0.00000008
 220    0.0000000  -0.00000009
 221    0.0000004  -0.00000288
 222    0.0000007  -0.00000540
 223    0.0000015  -0.00001096
 224    0.0000053  -0.00003760
 225    0.0000087  -0.00005092
 226    0.0000030  -0.00002263
 227    0.0000065  -0.00004274
 228    0.0000019  -0.00001872
 229    0.0000000  -0.00000016
 230    0.0000000  -0.00000010
 231    0.0000000  -0.00000009
 
----------------
 Final Energies 
----------------
Final NOF Total Energy =    -148.6368598
 
Total Orbital Internal Iterations = 1980
Total Occupation Internal Iterations = 122
 
Elapsed time: 7775.15 Seconds

---------------------------------
   Lowdin Population Analysis    
---------------------------------
 Idx  Atom   Population   Charge 
---------------------------------
  1     N     6.920       0.080
  2     N     6.835       0.165
  3     C     5.997       0.003
  4     H     1.124      -0.124
  5     H     1.124      -0.124

---------------------------------
   M Diagnostic: 0.05
---------------------------------

