Computing Integrals
Basis Set                                            = def2-qzvp
Auxiliary Basis Set                                  = def2-universal-jkfit
Gaussian Type                                        = Spherical
Elapsed time:    2.72 Seconds

Number of basis functions                   (NBF)    = 117
Number of auxiliary basis functions         (NBFAUX) = 113
Inactive Doubly occupied orbitals up to     (NO1)    = 0
No. considered Strongly Doubly occupied MOs (NDOC)   = 5
No. considered Strongly Singly occupied MOs (NSOC)   = 0
NO. of Weakly occ. per St. Doubly occ.  MOs (NCWO)   = 22
Dimension of the Nat. Orb. subspace         (NBF5)   = 115
No. of electrons                                     = 10
    No. of alpha electrons                           = 5
    No. of beta electrons                            = 5
Multiplicity                                         = 1

Geometry
========
 O      -1.0998903      -0.3612231       0.0000000
 H      -0.1296488      -0.3179231       0.0000000
 H      -1.3829483       0.5678219       0.0000000

No violations of the orthonormality
No violations of the orthonormality
 
PNOF8/ADABelief Calculation
==================
 
  Nitext  Nit_orb  Time   Nit_occ  Time         Eelec          Etot           Ediff      maxdiff    MaxGrad_orb  Grad_occ
     1      10    2.1e+01    5    2.6e+01   -85.45187400   -76.38924476 -10084.45187400   0.002640   1.1e-02   1.8e-04 0.03
     2      20    2.1e+00    0    2.7e-02   -85.45381214   -76.39118290    -0.00193814   0.002640   1.1e-02   1.8e-04 0.03
     3      40    3.7e+00    4    9.4e-02   -85.45410874   -76.39147949    -0.00029659   0.002621   1.0e-02   2.6e-04 0.03
     4      40    4.0e+00    3    9.9e-02   -85.45422276   -76.39159352    -0.00011403   0.003123   1.2e-02   2.0e-04 0.03
     5      40    4.1e+00    5    1.7e-01   -85.45432366   -76.39169441    -0.00010089   0.002497   1.0e-02   1.2e-04 0.03
     6      40    3.9e+00    5    9.4e-02   -85.45442415   -76.39179490    -0.00010049   0.002230   8.9e-03   1.4e-04 0.03
     7      40    4.0e+00    2    7.9e-02   -85.45451186   -76.39188261    -0.00008770   0.002307   9.2e-03   2.1e-04 0.03
     8      40    3.3e+00    5    8.6e-02   -85.45456493   -76.39193568    -0.00005307   0.003092   1.2e-02   1.3e-04 0.03
     9      40    3.8e+00    0    1.8e-02   -85.45463250   -76.39200326    -0.00006758   0.002581   1.0e-02   1.6e-04 0.03
    10      50    5.2e+00    0    6.8e-02   -85.45467552   -76.39204627    -0.00004302   0.001760   7.0e-03   1.9e-04 0.03
    11      60    5.9e+00    5    1.4e-01   -85.45469783   -76.39206859    -0.00002231   0.001360   5.4e-03   1.4e-04 0.03
    12      60    5.8e+00    1    7.1e-02   -85.45473636   -76.39210711    -0.00003853   0.001004   4.0e-03   1.8e-04 0.03
    13      60    5.6e+00    5    1.5e-01   -85.45475047   -76.39212122    -0.00001411   0.000656   2.6e-03   1.6e-04 0.03
 
RESULTS OF THE OCCUPATION OPTIMIZATION
========================================
   1    1.9999814  -20.59941116
   2    1.9831312  -1.33714557
   3    1.9671961  -0.71697572
   4    1.9657353  -0.71285299
   5    1.9739721  -0.55410603
   6    0.0144738  -0.02063177
   7    0.0243649  -0.03349946
   8    0.0263528  -0.03488101
   9    0.0084981  -0.01951132
  10    0.0000158  -0.00059779
  11    0.0063180  -0.01112791
  12    0.0045685  -0.00861717
  13    0.0048038  -0.00888248
  14    0.0041711  -0.00923726
  15    0.0000011  -0.00000488
  16    0.0014883  -0.00401583
  17    0.0044128  -0.00852133
  18    0.0004821  -0.00128468
  19    0.0013783  -0.00560195
  20    0.0000009  -0.00000332
  21    0.0008773  -0.00269018
  22    0.0005246  -0.00138418
  23    0.0004651  -0.00127845
  24    0.0009370  -0.00315159
  25    0.0000005  -0.00004576
  26    0.0007413  -0.00240273
  27    0.0000874  -0.00035807
  28    0.0003223  -0.00096275
  29    0.0005911  -0.00254185
  30    0.0000000  -0.00000163
  31    0.0006525  -0.00184265
  32    0.0000799  -0.00031015
  33    0.0000901  -0.00034922
  34    0.0003612  -0.00129316
  35    0.0000000  -0.00000072
  36    0.0003747  -0.00101855
  37    0.0000536  -0.00016604
  38    0.0000809  -0.00033649
  39    0.0002990  -0.00106503
  40    0.0000000  -0.00000072
  41    0.0003442  -0.00095481
  42    0.0000389  -0.00016910
  43    0.0000456  -0.00017695
  44    0.0001931  -0.00071746
  45    0.0000000  -0.00000063
  46    0.0003395  -0.00094075
  47    0.0000356  -0.00014578
  48    0.0000429  -0.00017677
  49    0.0001347  -0.00110953
  50    0.0000000  -0.00000063
  51    0.0002035  -0.00094475
  52    0.0000304  -0.00013887
  53    0.0000377  -0.00015827
  54    0.0001098  -0.00041707
  55    0.0000000  -0.00000058
  56    0.0000446  -0.00020025
  57    0.0000167  -0.00010698
  58    0.0000222  -0.00011350
  59    0.0000519  -0.00024036
  60    0.0000000  -0.00000052
  61    0.0000339  -0.00015240
  62    0.0000116  -0.00004447
  63    0.0000132  -0.00006003
  64    0.0000262  -0.00015589
  65    0.0000000  -0.00000049
  66    0.0000241  -0.00009365
  67    0.0000102  -0.00004306
  68    0.0000107  -0.00005218
  69    0.0000220  -0.00011305
  70    0.0000000  -0.00000045
  71    0.0000236  -0.00011298
  72    0.0000077  -0.00003440
  73    0.0000086  -0.00004306
  74    0.0000197  -0.00011093
  75    0.0000000  -0.00000037
  76    0.0000197  -0.00009580
  77    0.0000054  -0.00001617
  78    0.0000060  -0.00001737
  79    0.0000187  -0.00010920
  80    0.0000000  -0.00000033
  81    0.0000177  -0.00007431
  82    0.0000042  -0.00001642
  83    0.0000048  -0.00001865
  84    0.0000135  -0.00007425
  85    0.0000000  -0.00000038
  86    0.0000138  -0.00006885
  87    0.0000026  -0.00000646
  88    0.0000035  -0.00000974
  89    0.0000129  -0.00006774
  90    0.0000000  -0.00000032
  91    0.0000111  -0.00005939
  92    0.0000023  -0.00000607
  93    0.0000030  -0.00000855
  94    0.0000098  -0.00005384
  95    0.0000000  -0.00000036
  96    0.0000094  -0.00004710
  97    0.0000021  -0.00000450
  98    0.0000025  -0.00000664
  99    0.0000085  -0.00004777
 100    0.0000000  -0.00000026
 101    0.0000068  -0.00003746
 102    0.0000020  -0.00000328
 103    0.0000022  -0.00000416
 104    0.0000054  -0.00003296
 105    0.0000000  -0.00000025
 106    0.0000053  -0.00002296
 107    0.0000020  -0.00000437
 108    0.0000020  -0.00000420
 109    0.0000039  -0.00002065
 110    0.0000000  -0.00000028
 111    0.0000047  -0.00002003
 112    0.0000015  -0.00000267
 113    0.0000019  -0.00000315
 114    0.0000029  -0.00001443
 115    0.0000000  -0.00000024
 
----------------
 Final Energies 
----------------
Final NOF Total Energy =     -76.3921212
 
Total Orbital Internal Iterations = 540
Total Occupation Internal Iterations = 40
 
Elapsed time:  115.61 Seconds

---------------------------------
   Lowdin Population Analysis    
---------------------------------
 Idx  Atom   Population   Charge 
---------------------------------
  1     O     7.373       0.627
  2     H     1.313      -0.313
  3     H     1.314      -0.314

---------------------------------
   M Diagnostic: 0.03
---------------------------------

