Computing Integrals
Basis Set                                            = def2-qzvp
Auxiliary Basis Set                                  = def2-universal-jkfit
Gaussian Type                                        = Spherical
Elapsed time:    5.61 Seconds

Number of basis functions                   (NBF)    = 229
Number of auxiliary basis functions         (NBFAUX) = 347
Inactive Doubly occupied orbitals up to     (NO1)    = 0
No. considered Strongly Doubly occupied MOs (NDOC)   = 31
No. considered Strongly Singly occupied MOs (NSOC)   = 0
NO. of Weakly occ. per St. Doubly occ.  MOs (NCWO)   = 6
Dimension of the Nat. Orb. subspace         (NBF5)   = 217
No. of electrons                                     = 62
    No. of alpha electrons                           = 31
    No. of beta electrons                            = 31
Multiplicity                                         = 1

Geometry
========
 I       0.0000000       0.0000000       0.3252620
 C       0.0000000       0.0000000      -1.8032450
 H       0.0000000       1.0301960      -2.1397970
 H      -0.8921760      -0.5150980      -2.1397970
 H       0.8921760      -0.5150980      -2.1397970

No violations of the orthonormality
No violations of the orthonormality
 
PNOF8/ADABelief Calculation
==================
 
  Nitext  Nit_orb  Time   Nit_occ  Time         Eelec          Etot           Ediff      maxdiff    MaxGrad_orb  Grad_occ
     1      10    3.1e+01    7    3.5e+01 -2599.24654882 -2479.01576860 -12598.24654882   0.002123   8.5e-03   2.1e-04 0.99
     2      20    5.6e+00    0    2.2e-01 -2599.25378198 -2479.02300177    -0.00723316   0.002123   8.5e-03   2.1e-04 0.99
     3      40    1.6e+01    4    6.1e-01 -2599.25412586 -2479.02334564    -0.00034387   0.004642   1.9e-02   2.0e-04 0.99
     4      40    1.8e+01    4    5.3e-01 -2599.25421666 -2479.02343644    -0.00009080   0.003529   1.4e-02   2.8e-04 0.99
     5      40    1.3e+01    0    2.7e-01 -2599.25422750 -2479.02344729    -0.00001084   0.003529   1.4e-02   2.8e-04 0.99
     6      60    2.1e+01    1    3.8e-01 -2599.25440458 -2479.02362436    -0.00017708   0.000794   3.2e-03   2.2e-04 0.99
 
RESULTS OF THE OCCUPATION OPTIMIZATION
========================================
   1    2.0000000  -149.12772848
   2    1.9999998  -64.72100730
   3    1.9999998  -64.70707370
   4    1.9999998  -64.70317987
   5    1.9999980  -26.14970084
   6    1.9999808  -11.17790970
   7    1.9999818  -11.00384126
   8    1.9999786  -10.75349373
   9    1.9999784  -10.69488144
  10    1.9999781  -10.68522937
  11    1.9999729  -10.32069104
  12    1.9999739  -10.27151997
  13    1.9999722  -10.24059598
  14    1.9999107  -9.36852946
  15    1.9998335  -5.98844390
  16    1.9991334  -4.41351849
  17    1.9991285  -4.35773513
  18    1.9990412  -4.22151549
  19    1.9990001  -4.20675260
  20    1.9990822  -4.18533960
  21    1.9989751  -4.17120365
  22    1.9989803  -4.13137766
  23    1.9751978  -1.01703405
  24    1.9730924  -0.89480881
  25    1.9571484  -0.88789012
  26    1.9571887  -0.87213932
  27    1.9687583  -0.72510485
  28    1.9682547  -0.66337866
  29    1.9663403  -0.62305174
  30    1.9515184  -0.41045957
  31    1.0074305  -0.16624607
  32    0.9925510  -0.16294620
  33    0.0438602  -0.04991005
  34    0.0168911  -0.02037097
  35    0.0158104  -0.01961078
  36    0.0068911  -0.01316177
  37    0.0359034  -0.04255093
  38    0.0402409  -0.04540930
  39    0.0106462  -0.01976694
  40    0.0113913  -0.01876181
  41    0.0008889  -0.00617722
  42    0.0007900  -0.00548879
  43    0.0007977  -0.00552995
  44    0.0007681  -0.00530722
  45    0.0007575  -0.00529375
  46    0.0006622  -0.00485145
  47    0.0006633  -0.00485267
  48    0.0000901  -0.00054564
  49    0.0000830  -0.00126720
  50    0.0000141  -0.00012510
  51    0.0000150  -0.00012862
  52    0.0000132  -0.00010361
  53    0.0000125  -0.00012992
  54    0.0000109  -0.00009181
  55    0.0000093  -0.00008199
  56    0.0000117  -0.00010114
  57    0.0000096  -0.00008667
  58    0.0000015  -0.00001879
  59    0.0000001  -0.00000149
  60    0.0000001  -0.00000137
  61    0.0000001  -0.00000139
  62    0.0000000  -0.00000035
  63    0.0000094  -0.00000371
  64    0.0024352  -0.00409301
  65    0.0060853  -0.00908324
  66    0.0073388  -0.01167438
  67    0.0064823  -0.01282798
  68    0.0029710  -0.00496014
  69    0.0007878  -0.00148254
  70    0.0072506  -0.01456816
  71    0.0051850  -0.01046775
  72    0.0000532  -0.00031510
  73    0.0001005  -0.00055455
  74    0.0000399  -0.00022505
  75    0.0001139  -0.00065434
  76    0.0000735  -0.00041834
  77    0.0000986  -0.00056089
  78    0.0000774  -0.00042816
  79    0.0000244  -0.00017635
  80    0.0000037  -0.00004146
  81    0.0000085  -0.00007921
  82    0.0000054  -0.00004958
  83    0.0000073  -0.00006709
  84    0.0000050  -0.00004761
  85    0.0000074  -0.00006584
  86    0.0000082  -0.00007296
  87    0.0000026  -0.00003766
  88    0.0000063  -0.00006111
  89    0.0000002  -0.00000258
  90    0.0000000  -0.00000051
  91    0.0000000  -0.00000048
  92    0.0000000  -0.00000058
  93    0.0000000  -0.00000014
  94    0.0000046  -0.00000124
  95    0.0007351  -0.00138082
  96    0.0052630  -0.00784739
  97    0.0055406  -0.00890408
  98    0.0060315  -0.01133502
  99    0.0027688  -0.00498901
 100    0.0004973  -0.00104263
 101    0.0064346  -0.01329585
 102    0.0035141  -0.00779420
 103    0.0000379  -0.00021823
 104    0.0000724  -0.00041532
 105    0.0000376  -0.00021720
 106    0.0000745  -0.00042496
 107    0.0000571  -0.00031675
 108    0.0000510  -0.00027204
 109    0.0000543  -0.00031402
 110    0.0000220  -0.00015262
 111    0.0000019  -0.00002401
 112    0.0000030  -0.00003101
 113    0.0000029  -0.00002809
 114    0.0000036  -0.00005145
 115    0.0000029  -0.00002823
 116    0.0000020  -0.00002325
 117    0.0000022  -0.00002542
 118    0.0000023  -0.00002630
 119    0.0000021  -0.00002448
 120    0.0000001  -0.00000202
 121    0.0000000  -0.00000033
 122    0.0000000  -0.00000044
 123    0.0000000  -0.00000045
 124    0.0000000  -0.00000011
 125    0.0000026  -0.00000082
 126    0.0006465  -0.00122809
 127    0.0036789  -0.00608453
 128    0.0013513  -0.00258338
 129    0.0058215  -0.01163644
 130    0.0004581  -0.00097378
 131    0.0004966  -0.00104624
 132    0.0011387  -0.00462463
 133    0.0031337  -0.00684893
 134    0.0000324  -0.00019519
 135    0.0000284  -0.00017068
 136    0.0000254  -0.00015359
 137    0.0000322  -0.00019264
 138    0.0000347  -0.00020154
 139    0.0000380  -0.00022073
 140    0.0000485  -0.00025278
 141    0.0000176  -0.00019162
 142    0.0000004  -0.00000578
 143    0.0000015  -0.00001429
 144    0.0000019  -0.00002118
 145    0.0000022  -0.00002482
 146    0.0000009  -0.00002083
 147    0.0000011  -0.00001451
 148    0.0000012  -0.00001519
 149    0.0000012  -0.00001141
 150    0.0000009  -0.00002673
 151    0.0000001  -0.00000126
 152    0.0000000  -0.00000029
 153    0.0000000  -0.00000030
 154    0.0000000  -0.00000029
 155    0.0000000  -0.00000011
 156    0.0000016  -0.00000060
 157    0.0004162  -0.00081803
 158    0.0010611  -0.00229107
 159    0.0010862  -0.00214840
 160    0.0055913  -0.01147670
 161    0.0003939  -0.00085717
 162    0.0004488  -0.00090794
 163    0.0008642  -0.00192264
 164    0.0010225  -0.00257283
 165    0.0000041  -0.00004081
 166    0.0000276  -0.00016407
 167    0.0000153  -0.00011527
 168    0.0000080  -0.00006836
 169    0.0000321  -0.00020079
 170    0.0000182  -0.00013078
 171    0.0000183  -0.00013224
 172    0.0000108  -0.00009736
 173    0.0000001  -0.00000169
 174    0.0000005  -0.00000609
 175    0.0000006  -0.00000702
 176    0.0000004  -0.00000541
 177    0.0000005  -0.00000593
 178    0.0000002  -0.00000286
 179    0.0000003  -0.00000474
 180    0.0000003  -0.00000345
 181    0.0000002  -0.00000306
 182    0.0000001  -0.00000099
 183    0.0000000  -0.00000017
 184    0.0000000  -0.00000027
 185    0.0000000  -0.00000023
 186    0.0000000  -0.00000008
 187    0.0000003  -0.00000044
 188    0.0003885  -0.00078236
 189    0.0006802  -0.00147748
 190    0.0006180  -0.00146179
 191    0.0004240  -0.00096978
 192    0.0003160  -0.00077227
 193    0.0003801  -0.00082730
 194    0.0005733  -0.00139489
 195    0.0005556  -0.00136791
 196    0.0000032  -0.00003093
 197    0.0000060  -0.00005479
 198    0.0000020  -0.00002195
 199    0.0000031  -0.00003052
 200    0.0000039  -0.00003755
 201    0.0000035  -0.00003375
 202    0.0000048  -0.00004059
 203    0.0000016  -0.00001646
 204    0.0000001  -0.00000163
 205    0.0000003  -0.00000354
 206    0.0000003  -0.00000352
 207    0.0000003  -0.00000453
 208    0.0000002  -0.00000296
 209    0.0000001  -0.00000152
 210    0.0000002  -0.00000260
 211    0.0000002  -0.00000273
 212    0.0000001  -0.00000198
 213    0.0000000  -0.00000069
 214    0.0000000  -0.00000015
 215    0.0000000  -0.00000023
 216    0.0000000  -0.00000022
 217    0.0000000  -0.00000009
 
----------------
 Final Energies 
----------------
Final NOF Total Energy =   -2479.0236244
 
Total Orbital Internal Iterations = 210
Total Occupation Internal Iterations = 16
 
Elapsed time:  163.83 Seconds

---------------------------------
   Lowdin Population Analysis    
---------------------------------
 Idx  Atom   Population   Charge 
---------------------------------
  1     I    52.669       0.331
  2     C     6.033      -0.033
  3     H     1.097      -0.097
  4     H     1.100      -0.100
  5     H     1.101      -0.101

---------------------------------
   M Diagnostic: 0.99
---------------------------------

