Computing Integrals
Basis Set                                            = def2-qzvp
Auxiliary Basis Set                                  = def2-universal-jkfit
Gaussian Type                                        = Spherical
Elapsed time:    3.75 Seconds

Number of basis functions                   (NBF)    = 172
Number of auxiliary basis functions         (NBFAUX) = 305
Inactive Doubly occupied orbitals up to     (NO1)    = 0
No. considered Strongly Doubly occupied MOs (NDOC)   = 43
No. considered Strongly Singly occupied MOs (NSOC)   = 0
NO. of Weakly occ. per St. Doubly occ.  MOs (NCWO)   = 3
Dimension of the Nat. Orb. subspace         (NBF5)   = 172
No. of electrons                                     = 86
    No. of alpha electrons                           = 43
    No. of beta electrons                            = 43
Multiplicity                                         = 1

Geometry
========
Bi       0.0000000       0.7652138       0.0000000
 H       1.4364560      -0.2550713       0.0000000
 H      -0.7182280      -0.2550713       1.2440070
 H      -0.7182280      -0.2550713      -1.2440070

No violations of the orthonormality
No violations of the orthonormality
 
PNOF8/ADABelief Calculation
==================
 
  Nitext  Nit_orb  Time   Nit_occ  Time         Eelec          Etot           Ediff      maxdiff    MaxGrad_orb  Grad_occ
     1      10    3.2e+01    6    2.6e+01 -4547.63601189 -4472.21342606 -14546.63601189   0.000851   3.4e-03   2.3e-04 0.04
 
RESULTS OF THE OCCUPATION OPTIMIZATION
========================================
   1    2.0000000  -236.79033637
   2    1.9999999  -112.81535999
   3    1.9999999  -112.80879835
   4    1.9999999  -112.80876750
   5    1.9999998  -60.50054934
   6    1.9999992  -27.41578926
   7    1.9999991  -27.31074091
   8    1.9999991  -27.26895317
   9    1.9999990  -24.13613733
  10    1.9999989  -23.94967984
  11    1.9999989  -23.94075049
  12    1.9999989  -23.91475031
  13    1.9999989  -23.82422128
  14    1.9999987  -23.77443443
  15    1.9999986  -23.70630747
  16    1.9999984  -23.14291506
  17    1.9999983  -23.14214920
  18    1.9999979  -22.53913926
  19    1.9999978  -22.53429748
  20    1.9999974  -22.51325629
  21    1.9999971  -20.66092518
  22    1.9998863  -5.34843990
  23    1.9998734  -5.33740009
  24    1.9998455  -5.33570184
  25    1.9998338  -4.99727060
  26    1.9994395  -3.24043690
  27    1.9993380  -3.23883821
  28    1.9992416  -3.23770531
  29    1.9988761  -3.20526724
  30    1.9988086  -3.20514623
  31    1.9992620  -3.20464460
  32    1.9992036  -3.19544833
  33    1.9967516  -2.61593867
  34    1.9967310  -2.61523415
  35    1.9951907  -2.43715234
  36    1.9953092  -2.42826357
  37    1.9954570  -2.42730208
  38    1.9723654  -0.83392401
  39    1.9727784  -0.72921521
  40    1.9700736  -0.63409540
  41    1.9637023  -0.46805807
  42    1.9616702  -0.41604915
  43    1.9576795  -0.41258080
  44    0.0288792  -0.03087491
  45    0.0134682  -0.01470856
  46    0.0129036  -0.01446673
  47    0.0111738  -0.01395024
  48    0.0099561  -0.01380645
  49    0.0100671  -0.01415750
  50    0.0035516  -0.00879940
  51    0.0035091  -0.00868007
  52    0.0037415  -0.00959643
  53    0.0024285  -0.00667893
  54    0.0026166  -0.00715139
  55    0.0005415  -0.00191406
  56    0.0006450  -0.00227847
  57    0.0009931  -0.00335329
  58    0.0010035  -0.00336647
  59    0.0004758  -0.00171407
  60    0.0004382  -0.00154031
  61    0.0004604  -0.00159001
  62    0.0001112  -0.00047393
  63    0.0001052  -0.00045179
  64    0.0000729  -0.00034954
  65    0.0000579  -0.00027257
  66    0.0000023  -0.00004474
  67    0.0000020  -0.00004236
  68    0.0000019  -0.00003928
  69    0.0000016  -0.00002967
  70    0.0000014  -0.00002902
  71    0.0000014  -0.00002632
  72    0.0000009  -0.00002316
  73    0.0000009  -0.00002339
  74    0.0000009  -0.00002152
  75    0.0000008  -0.00002093
  76    0.0000008  -0.00002085
  77    0.0000007  -0.00001764
  78    0.0000007  -0.00001886
  79    0.0000006  -0.00001626
  80    0.0000005  -0.00001289
  81    0.0000006  -0.00001593
  82    0.0000001  -0.00000142
  83    0.0000000  -0.00000039
  84    0.0000000  -0.00000067
  85    0.0000000  -0.00000070
  86    0.0000000  -0.00000011
  87    0.0096038  -0.01179712
  88    0.0130580  -0.01407284
  89    0.0123158  -0.01404904
  90    0.0096796  -0.01275939
  91    0.0093910  -0.01288223
  92    0.0094255  -0.01321155
  93    0.0008773  -0.00256631
  94    0.0008698  -0.00252841
  95    0.0008564  -0.00249938
  96    0.0007375  -0.00220742
  97    0.0004086  -0.00129952
  98    0.0002139  -0.00072541
  99    0.0000660  -0.00028190
 100    0.0001409  -0.00052117
 101    0.0000728  -0.00030876
 102    0.0002351  -0.00089213
 103    0.0001605  -0.00058669
 104    0.0000692  -0.00028935
 105    0.0000328  -0.00016990
 106    0.0000343  -0.00018229
 107    0.0000354  -0.00018560
 108    0.0000394  -0.00019835
 109    0.0000004  -0.00000944
 110    0.0000003  -0.00000873
 111    0.0000002  -0.00000493
 112    0.0000004  -0.00001116
 113    0.0000001  -0.00000294
 114    0.0000002  -0.00000330
 115    0.0000003  -0.00000838
 116    0.0000002  -0.00000610
 117    0.0000002  -0.00000302
 118    0.0000001  -0.00000291
 119    0.0000001  -0.00000244
 120    0.0000002  -0.00000667
 121    0.0000001  -0.00000238
 122    0.0000002  -0.00000328
 123    0.0000002  -0.00000507
 124    0.0000001  -0.00000288
 125    0.0000000  -0.00000099
 126    0.0000000  -0.00000017
 127    0.0000000  -0.00000018
 128    0.0000000  -0.00000019
 129    0.0000000  -0.00000008
 130    0.0038375  -0.00518531
 131    0.0118036  -0.01299346
 132    0.0110783  -0.01288672
 133    0.0090730  -0.01213725
 134    0.0078746  -0.01092668
 135    0.0081419  -0.01240660
 136    0.0001141  -0.00041005
 137    0.0003119  -0.00098513
 138    0.0002114  -0.00062868
 139    0.0001030  -0.00038648
 140    0.0002233  -0.00064254
 141    0.0000410  -0.00018965
 142    0.0000271  -0.00013938
 143    0.0000574  -0.00026358
 144    0.0000476  -0.00021628
 145    0.0000475  -0.00021504
 146    0.0000633  -0.00027502
 147    0.0000309  -0.00014636
 148    0.0000222  -0.00012989
 149    0.0000149  -0.00011688
 150    0.0000182  -0.00012364
 151    0.0000165  -0.00012066
 152    0.0000003  -0.00000664
 153    0.0000003  -0.00000729
 154    0.0000001  -0.00000158
 155    0.0000002  -0.00000408
 156    0.0000001  -0.00000148
 157    0.0000001  -0.00000140
 158    0.0000002  -0.00000321
 159    0.0000001  -0.00000185
 160    0.0000001  -0.00000171
 161    0.0000001  -0.00000158
 162    0.0000001  -0.00000203
 163    0.0000001  -0.00000278
 164    0.0000001  -0.00000181
 165    0.0000001  -0.00000221
 166    0.0000002  -0.00000320
 167    0.0000001  -0.00000192
 168    0.0000000  -0.00000083
 169    0.0000000  -0.00000015
 170    0.0000000  -0.00000018
 171    0.0000000  -0.00000018
 172    0.0000000  -0.00000006
 
----------------
 Final Energies 
----------------
Final NOF Total Energy =   -4472.2134261
 
Total Orbital Internal Iterations = 10
Total Occupation Internal Iterations = 6
 
Elapsed time:   73.57 Seconds

---------------------------------
   Lowdin Population Analysis    
---------------------------------
 Idx  Atom   Population   Charge 
---------------------------------
  1    Bi    80.913       2.087
  2     H     1.696      -0.696
  3     H     1.695      -0.695
  4     H     1.697      -0.697

---------------------------------
   M Diagnostic: 0.04
---------------------------------

