Computing Integrals
Basis Set                                            = def2-qzvp
Auxiliary Basis Set                                  = def2-universal-jkfit
Gaussian Type                                        = Spherical
Elapsed time:   13.74 Seconds

Number of basis functions                   (NBF)    = 700
Number of auxiliary basis functions         (NBFAUX) = 1022
Inactive Doubly occupied orbitals up to     (NO1)    = 0
No. considered Strongly Doubly occupied MOs (NDOC)   = 56
No. considered Strongly Singly occupied MOs (NSOC)   = 0
NO. of Weakly occ. per St. Doubly occ.  MOs (NCWO)   = 11
Dimension of the Nat. Orb. subspace         (NBF5)   = 672
No. of electrons                                     = 112
    No. of alpha electrons                           = 56
    No. of beta electrons                            = 56
Multiplicity                                         = 1

Geometry
========
 P      -0.6893655       1.7191620       0.6081943
 P      -2.0048435       0.6960096      -0.8899711
 P      -2.1371205      -1.4122873      -0.2512459
 P      -0.2432571      -1.7310933       0.9132867
 P       1.1492393      -1.3927172      -0.8064617
 P       2.3947834       0.2712669      -0.0072107
 P       1.1163168       1.9442632      -0.6972041
 H      -1.1915336       3.0109280       0.2786267
 H      -1.0255781       0.4544941      -1.8893056
 H      -2.9363110      -1.1036354       0.8827753
 H      -0.2443516      -3.1436783       0.7194482
 H       2.0531206      -2.3973638      -0.3692028
 H       1.9889383       0.2042760       1.3541132
 H       1.7699624       2.8803754       0.1541576

No violations of the orthonormality
No violations of the orthonormality
 
PNOF8/ADABelief Calculation
==================
 
  Nitext  Nit_orb  Time   Nit_occ  Time         Eelec          Etot           Ediff      maxdiff    MaxGrad_orb  Grad_occ
     1      10    1.2e+02   13    4.8e+01 -3344.19156105 -2392.67865484 -13343.19156105   0.012125   4.9e-02   3.4e-04 0.04
     2      20    1.8e+02    0    7.2e+00 -3344.21414952 -2392.70124332    -0.02258848   0.012125   4.9e-02   3.4e-04 0.04
     3      40    3.5e+02   11    2.0e+01 -3344.21869781 -2392.70579161    -0.00454829   0.013083   5.2e-02   3.7e-04 0.04
     4      40    3.5e+02   11    2.0e+01 -3344.21996917 -2392.70706297    -0.00127136   0.011407   4.6e-02   3.4e-04 0.04
     5      40    3.5e+02   11    2.0e+01 -3344.22099512 -2392.70808892    -0.00102595   0.043381   1.7e-01   3.4e-04 0.04
     6      40    3.5e+02   11    2.0e+01 -3344.22234003 -2392.70943382    -0.00134491   0.013660   5.5e-02   3.6e-04 0.04
     7      40    3.6e+02   13    2.2e+01 -3344.22331626 -2392.71041006    -0.00097623   0.012564   5.0e-02   3.3e-04 0.04
     8      40    3.5e+02   13    2.2e+01 -3344.22463300 -2392.71172680    -0.00131674   0.035744   1.4e-01   3.3e-04 0.04
     9      40    3.5e+02   17    2.7e+01 -3344.22624909 -2392.71334288    -0.00161609   0.021441   8.6e-02   2.9e-04 0.04
    10      40    3.5e+02   13    2.2e+01 -3344.22675584 -2392.71384964    -0.00050675   0.016290   6.5e-02   3.1e-04 0.04
    11      40    3.5e+02    5    1.3e+01 -3344.22801120 -2392.71510499    -0.00125535   0.069887   2.8e-01   3.9e-04 0.04
    12      40    3.5e+02   13    2.2e+01 -3344.22899537 -2392.71608917    -0.00098418   0.013837   5.5e-02   3.3e-04 0.04
    13      40    3.5e+02    9    1.7e+01 -3344.22979707 -2392.71689086    -0.00080170   0.013118   5.2e-02   3.9e-04 0.04
    14      40    3.5e+02    9    1.8e+01 -3344.23064094 -2392.71773474    -0.00084388   0.011566   4.6e-02   4.3e-04 0.04
    15      40    3.5e+02   13    2.2e+01 -3344.23153254 -2392.71862633    -0.00089159   0.015127   6.1e-02   3.4e-04 0.04
    16      40    3.5e+02    9    1.8e+01 -3344.23224491 -2392.71933870    -0.00071237   0.011148   4.5e-02   3.7e-04 0.04
    17      40    3.5e+02    9    1.7e+01 -3344.23285192 -2392.71994571    -0.00060701   0.014352   5.7e-02   3.8e-04 0.04
    18      40    3.5e+02    9    1.7e+01 -3344.23330737 -2392.72040117    -0.00045546   0.012053   4.8e-02   3.7e-04 0.04
    19      40    3.5e+02    9    1.7e+01 -3344.23401234 -2392.72110613    -0.00070496   0.029972   1.2e-01   3.5e-04 0.04
    20      40    3.5e+02    9    1.7e+01 -3344.23459140 -2392.72168519    -0.00057906   0.013932   5.6e-02   3.7e-04 0.04
    21      40    3.5e+02    0    7.1e+00 -3344.23467132 -2392.72176512    -0.00007993   0.013932   5.6e-02   3.7e-04 0.04
    22      60    5.2e+02   13    2.2e+01 -3344.24414433 -2392.73123813    -0.00947301   0.002159   8.6e-03   3.3e-04 0.04
    23      60    5.2e+02    0    7.1e+00 -3344.24422153 -2392.73131532    -0.00007719   0.002159   8.6e-03   3.3e-04 0.04
    24      80    6.9e+02    4    1.2e+01 -3344.24455848 -2392.73165228    -0.00033696   0.001234   4.9e-03   2.7e-04 0.04
    25      80    6.9e+02    4    1.2e+01 -3344.24471879 -2392.73181259    -0.00016031   0.000827   3.3e-03   3.0e-04 0.04
 
RESULTS OF THE OCCUPATION OPTIMIZATION
========================================
   1    1.9999992  -80.01411773
   2    1.9999992  -80.01388302
   3    1.9999992  -80.01364368
   4    1.9999992  -80.01337848
   5    1.9999992  -80.01333414
   6    1.9999992  -80.01326715
   7    1.9999992  -80.01204356
   8    1.9996503  -7.52717500
   9    1.9996931  -7.52694318
  10    1.9996479  -7.52691593
  11    1.9996784  -7.52677850
  12    1.9996336  -7.52657768
  13    1.9995148  -7.52526994
  14    1.9994580  -7.52141619
  15    1.9977989  -5.42373051
  16    1.9978482  -5.42266496
  17    1.9982833  -5.42251483
  18    1.9980166  -5.42184366
  19    1.9981085  -5.42174608
  20    1.9977243  -5.42171181
  21    1.9981777  -5.42145151
  22    1.9978220  -5.42122694
  23    1.9981501  -5.42109814
  24    1.9979060  -5.42102511
  25    1.9981429  -5.42086842
  26    1.9980599  -5.42082351
  27    1.9981663  -5.42080314
  28    1.9976937  -5.42068328
  29    1.9980696  -5.42061119
  30    1.9982338  -5.42044021
  31    1.9979686  -5.42041946
  32    1.9977762  -5.41976775
  33    1.9980977  -5.41934764
  34    1.9980259  -5.41866423
  35    1.9975162  -5.41828826
  36    1.9776635  -0.96186640
  37    1.9773770  -0.90285859
  38    1.9775947  -0.89768720
  39    1.9767962  -0.80873678
  40    1.9769563  -0.79933394
  41    1.9761654  -0.75407651
  42    1.9762537  -0.71950119
  43    1.9672325  -0.51419121
  44    1.9672658  -0.51171526
  45    1.9665009  -0.49902071
  46    1.9609588  -0.48875447
  47    1.9624878  -0.48774657
  48    1.9621651  -0.48598545
  49    1.9621768  -0.48547713
  50    1.9611638  -0.43669817
  51    1.9588724  -0.43577051
  52    1.9611541  -0.43557891
  53    1.9597187  -0.43394639
  54    1.9581116  -0.43053268
  55    1.9592424  -0.43026220
  56    1.9573576  -0.42511187
  57    0.0261386  -0.03905877
  58    0.0258268  -0.03938203
  59    0.0253882  -0.03866393
  60    0.0282094  -0.04081665
  61    0.0328516  -0.04372377
  62    0.0251596  -0.03873632
  63    0.0343538  -0.04493185
  64    0.0192843  -0.02820999
  65    0.0178368  -0.02737361
  66    0.0195885  -0.02836210
  67    0.0197930  -0.02812465
  68    0.0186031  -0.02849486
  69    0.0166462  -0.02777957
  70    0.0162599  -0.02741206
  71    0.0067082  -0.02608679
  72    0.0064462  -0.02357901
  73    0.0065544  -0.02652276
  74    0.0059691  -0.02513078
  75    0.0064366  -0.02666967
  76    0.0058903  -0.02514233
  77    0.0055567  -0.02414056
  78    0.0014703  -0.01275793
  79    0.0016496  -0.01420985
  80    0.0015723  -0.01373094
  81    0.0015696  -0.01379562
  82    0.0011613  -0.00888922
  83    0.0010998  -0.00755821
  84    0.0016657  -0.01453845
  85    0.0015381  -0.01336840
  86    0.0011129  -0.00754298
  87    0.0011868  -0.00881007
  88    0.0014745  -0.01291652
  89    0.0015376  -0.01282730
  90    0.0015620  -0.01354327
  91    0.0014858  -0.01352118
  92    0.0011998  -0.00897878
  93    0.0016021  -0.01399075
  94    0.0009187  -0.00701196
  95    0.0016283  -0.01416546
  96    0.0010193  -0.00775671
  97    0.0014649  -0.01284854
  98    0.0015560  -0.01339402
  99    0.0004865  -0.00584012
 100    0.0003970  -0.00479817
 101    0.0002898  -0.00245852
 102    0.0002014  -0.00206712
 103    0.0001925  -0.00197050
 104    0.0002162  -0.00207664
 105    0.0001955  -0.00204895
 106    0.0000008  -0.00000586
 107    0.0000008  -0.00000555
 108    0.0000008  -0.00000574
 109    0.0000008  -0.00000584
 110    0.0000008  -0.00000573
 111    0.0000008  -0.00000596
 112    0.0000008  -0.00000577
 113    0.0085257  -0.01282062
 114    0.0071644  -0.01147393
 115    0.0080935  -0.01244881
 116    0.0091618  -0.01365213
 117    0.0013357  -0.00244984
 118    0.0077342  -0.01208212
 119    0.0015141  -0.00282704
 120    0.0084483  -0.01281677
 121    0.0078506  -0.01232892
 122    0.0084470  -0.01249378
 123    0.0088707  -0.01276454
 124    0.0057372  -0.01150983
 125    0.0062103  -0.01135106
 126    0.0053078  -0.01200421
 127    0.0046848  -0.01904144
 128    0.0053376  -0.01919595
 129    0.0047998  -0.01976570
 130    0.0046378  -0.01934198
 131    0.0047235  -0.01994331
 132    0.0044966  -0.01956524
 133    0.0046641  -0.02029099
 134    0.0008786  -0.00748040
 135    0.0001818  -0.00234644
 136    0.0002106  -0.00242327
 137    0.0005902  -0.00765177
 138    0.0004186  -0.00467126
 139    0.0004420  -0.00560131
 140    0.0001430  -0.00192592
 141    0.0005591  -0.00660026
 142    0.0005028  -0.00504174
 143    0.0005716  -0.00703816
 144    0.0001289  -0.00199110
 145    0.0004174  -0.00481054
 146    0.0001839  -0.00182240
 147    0.0006133  -0.00796692
 148    0.0003936  -0.00397211
 149    0.0005944  -0.00814655
 150    0.0005202  -0.00430243
 151    0.0001813  -0.00193033
 152    0.0005637  -0.00572076
 153    0.0005946  -0.00823719
 154    0.0005736  -0.00705825
 155    0.0000304  -0.00051321
 156    0.0000276  -0.00057521
 157    0.0000329  -0.00053765
 158    0.0000685  -0.00077749
 159    0.0000874  -0.00159062
 160    0.0000396  -0.00046165
 161    0.0000866  -0.00206380
 162    0.0000001  -0.00000115
 163    0.0000001  -0.00000117
 164    0.0000001  -0.00000113
 165    0.0000001  -0.00000111
 166    0.0000001  -0.00000111
 167    0.0000001  -0.00000108
 168    0.0000001  -0.00000110
 169    0.0072788  -0.01094754
 170    0.0061427  -0.01061600
 171    0.0075519  -0.01167258
 172    0.0011298  -0.00214368
 173    0.0011196  -0.00197155
 174    0.0069882  -0.01149649
 175    0.0010863  -0.00181123
 176    0.0076808  -0.01175468
 177    0.0060525  -0.01029304
 178    0.0068415  -0.01113357
 179    0.0080025  -0.01177399
 180    0.0049472  -0.01080641
 181    0.0044799  -0.01013895
 182    0.0045492  -0.01023921
 183    0.0036992  -0.01241691
 184    0.0036390  -0.01191306
 185    0.0043031  -0.01824686
 186    0.0033348  -0.01170916
 187    0.0033753  -0.01196699
 188    0.0032803  -0.01165851
 189    0.0033225  -0.01220712
 190    0.0000613  -0.00076668
 191    0.0001031  -0.00158357
 192    0.0000441  -0.00036129
 193    0.0000213  -0.00025597
 194    0.0003743  -0.00358012
 195    0.0001355  -0.00152908
 196    0.0000744  -0.00139098
 197    0.0001313  -0.00178472
 198    0.0001308  -0.00174831
 199    0.0000805  -0.00114280
 200    0.0000860  -0.00169325
 201    0.0000765  -0.00135274
 202    0.0000501  -0.00044044
 203    0.0000346  -0.00023726
 204    0.0001240  -0.00189292
 205    0.0000183  -0.00011088
 206    0.0003667  -0.00341382
 207    0.0001234  -0.00148003
 208    0.0000861  -0.00174534
 209    0.0000278  -0.00019247
 210    0.0000223  -0.00017530
 211    0.0000080  -0.00008704
 212    0.0000193  -0.00033079
 213    0.0000259  -0.00048480
 214    0.0000301  -0.00054105
 215    0.0000306  -0.00045031
 216    0.0000251  -0.00058908
 217    0.0000273  -0.00030305
 218    0.0000000  -0.00000030
 219    0.0000000  -0.00000028
 220    0.0000000  -0.00000031
 221    0.0000000  -0.00000032
 222    0.0000000  -0.00000029
 223    0.0000000  -0.00000021
 224    0.0000000  -0.00000038
 225    0.0003117  -0.00067836
 226    0.0008140  -0.00155671
 227    0.0003165  -0.00068537
 228    0.0008984  -0.00165926
 229    0.0009063  -0.00161279
 230    0.0005205  -0.00102590
 231    0.0009815  -0.00170400
 232    0.0015224  -0.00313016
 233    0.0054846  -0.01062501
 234    0.0016123  -0.00320402
 235    0.0013485  -0.00278197
 236    0.0016712  -0.00403845
 237    0.0024336  -0.00829294
 238    0.0040944  -0.01039272
 239    0.0035117  -0.01179615
 240    0.0035752  -0.01171967
 241    0.0025251  -0.01057221
 242    0.0024986  -0.01049212
 243    0.0024212  -0.01025026
 244    0.0023929  -0.01025467
 245    0.0032579  -0.01168579
 246    0.0000153  -0.00010373
 247    0.0000156  -0.00016201
 248    0.0000184  -0.00023158
 249    0.0000178  -0.00011241
 250    0.0000236  -0.00028120
 251    0.0000276  -0.00029465
 252    0.0000179  -0.00015555
 253    0.0000238  -0.00015785
 254    0.0000407  -0.00034598
 255    0.0000563  -0.00034078
 256    0.0000696  -0.00045095
 257    0.0000193  -0.00015349
 258    0.0000194  -0.00029144
 259    0.0000140  -0.00010235
 260    0.0000456  -0.00034071
 261    0.0000163  -0.00018122
 262    0.0000348  -0.00032041
 263    0.0000177  -0.00033466
 264    0.0000220  -0.00026353
 265    0.0000153  -0.00015281
 266    0.0000165  -0.00014837
 267    0.0000074  -0.00014058
 268    0.0000095  -0.00007783
 269    0.0000075  -0.00016223
 270    0.0000094  -0.00015647
 271    0.0000149  -0.00015011
 272    0.0000098  -0.00009317
 273    0.0000125  -0.00009014
 274    0.0000000  -0.00000017
 275    0.0000000  -0.00000022
 276    0.0000000  -0.00000021
 277    0.0000000  -0.00000017
 278    0.0000000  -0.00000016
 279    0.0000000  -0.00000017
 280    0.0000000  -0.00000017
 281    0.0000825  -0.00020224
 282    0.0003097  -0.00066321
 283    0.0001950  -0.00046759
 284    0.0004634  -0.00094762
 285    0.0008772  -0.00150704
 286    0.0002247  -0.00051946
 287    0.0002351  -0.00053084
 288    0.0002998  -0.00068062
 289    0.0002253  -0.00053967
 290    0.0003503  -0.00075925
 291    0.0003197  -0.00069471
 292    0.0012174  -0.00248031
 293    0.0013819  -0.00338764
 294    0.0011590  -0.00251923
 295    0.0024738  -0.00998058
 296    0.0022061  -0.00880074
 297    0.0023466  -0.00978982
 298    0.0022868  -0.00960380
 299    0.0023431  -0.00977914
 300    0.0022484  -0.00970487
 301    0.0021973  -0.00930373
 302    0.0000129  -0.00009566
 303    0.0000139  -0.00011746
 304    0.0000168  -0.00021895
 305    0.0000094  -0.00007272
 306    0.0000136  -0.00010669
 307    0.0000163  -0.00018061
 308    0.0000155  -0.00012746
 309    0.0000154  -0.00012826
 310    0.0000110  -0.00009202
 311    0.0000137  -0.00008588
 312    0.0000469  -0.00027623
 313    0.0000141  -0.00009378
 314    0.0000150  -0.00019164
 315    0.0000129  -0.00009385
 316    0.0000186  -0.00031423
 317    0.0000135  -0.00008710
 318    0.0000151  -0.00015111
 319    0.0000134  -0.00009998
 320    0.0000158  -0.00013609
 321    0.0000151  -0.00010358
 322    0.0000124  -0.00008224
 323    0.0000057  -0.00020966
 324    0.0000078  -0.00006223
 325    0.0000044  -0.00033104
 326    0.0000057  -0.00022097
 327    0.0000143  -0.00013316
 328    0.0000063  -0.00019150
 329    0.0000105  -0.00010334
 330    0.0000000  -0.00000013
 331    0.0000000  -0.00000016
 332    0.0000000  -0.00000012
 333    0.0000000  -0.00000011
 334    0.0000000  -0.00000015
 335    0.0000000  -0.00000013
 336    0.0000000  -0.00000012
 337    0.0000650  -0.00016881
 338    0.0001947  -0.00048476
 339    0.0000797  -0.00019665
 340    0.0001019  -0.00025061
 341    0.0006979  -0.00122718
 342    0.0001964  -0.00047450
 343    0.0001468  -0.00037611
 344    0.0001645  -0.00043455
 345    0.0000771  -0.00020970
 346    0.0002358  -0.00054521
 347    0.0002607  -0.00059450
 348    0.0004779  -0.00096285
 349    0.0006753  -0.00134787
 350    0.0006479  -0.00128522
 351    0.0011532  -0.00381243
 352    0.0009272  -0.00307411
 353    0.0012317  -0.00452763
 354    0.0021876  -0.00930682
 355    0.0017550  -0.00710930
 356    0.0022318  -0.00959178
 357    0.0016982  -0.00698791
 358    0.0000123  -0.00009614
 359    0.0000036  -0.00012585
 360    0.0000133  -0.00008995
 361    0.0000058  -0.00006015
 362    0.0000119  -0.00012745
 363    0.0000132  -0.00009687
 364    0.0000047  -0.00005292
 365    0.0000131  -0.00009692
 366    0.0000100  -0.00008108
 367    0.0000113  -0.00011053
 368    0.0000117  -0.00007953
 369    0.0000113  -0.00007276
 370    0.0000091  -0.00007004
 371    0.0000082  -0.00008952
 372    0.0000135  -0.00009258
 373    0.0000110  -0.00008200
 374    0.0000115  -0.00012534
 375    0.0000089  -0.00008229
 376    0.0000046  -0.00012339
 377    0.0000124  -0.00009682
 378    0.0000087  -0.00007112
 379    0.0000011  -0.00000889
 380    0.0000071  -0.00007349
 381    0.0000022  -0.00002199
 382    0.0000026  -0.00007842
 383    0.0000050  -0.00009778
 384    0.0000063  -0.00017567
 385    0.0000073  -0.00010241
 386    0.0000000  -0.00000011
 387    0.0000000  -0.00000012
 388    0.0000000  -0.00000011
 389    0.0000000  -0.00000011
 390    0.0000000  -0.00000010
 391    0.0000000  -0.00000012
 392    0.0000000  -0.00000012
 393    0.0000538  -0.00014773
 394    0.0000735  -0.00019233
 395    0.0000684  -0.00017881
 396    0.0000782  -0.00019505
 397    0.0005105  -0.00098082
 398    0.0000848  -0.00021338
 399    0.0001298  -0.00032524
 400    0.0001030  -0.00026411
 401    0.0000715  -0.00018807
 402    0.0001302  -0.00033776
 403    0.0001341  -0.00035483
 404    0.0002800  -0.00067069
 405    0.0002695  -0.00065659
 406    0.0002608  -0.00065717
 407    0.0005039  -0.00135797
 408    0.0004900  -0.00137483
 409    0.0005505  -0.00154952
 410    0.0007110  -0.00217327
 411    0.0004999  -0.00142680
 412    0.0007843  -0.00257249
 413    0.0005501  -0.00170719
 414    0.0000107  -0.00006993
 415    0.0000026  -0.00003196
 416    0.0000116  -0.00007841
 417    0.0000044  -0.00009292
 418    0.0000107  -0.00008100
 419    0.0000108  -0.00008703
 420    0.0000036  -0.00012191
 421    0.0000091  -0.00009626
 422    0.0000084  -0.00008463
 423    0.0000080  -0.00006887
 424    0.0000113  -0.00011114
 425    0.0000088  -0.00006800
 426    0.0000050  -0.00010655
 427    0.0000051  -0.00008276
 428    0.0000119  -0.00007815
 429    0.0000099  -0.00007265
 430    0.0000101  -0.00009617
 431    0.0000041  -0.00011503
 432    0.0000019  -0.00001562
 433    0.0000110  -0.00009547
 434    0.0000057  -0.00006350
 435    0.0000010  -0.00000745
 436    0.0000064  -0.00012985
 437    0.0000019  -0.00001645
 438    0.0000019  -0.00001527
 439    0.0000038  -0.00024473
 440    0.0000011  -0.00000789
 441    0.0000054  -0.00020129
 442    0.0000000  -0.00000010
 443    0.0000000  -0.00000010
 444    0.0000000  -0.00000010
 445    0.0000000  -0.00000010
 446    0.0000000  -0.00000010
 447    0.0000000  -0.00000009
 448    0.0000000  -0.00000012
 449    0.0000526  -0.00014509
 450    0.0000674  -0.00017666
 451    0.0000573  -0.00015529
 452    0.0000722  -0.00018447
 453    0.0002364  -0.00053968
 454    0.0000698  -0.00017981
 455    0.0001142  -0.00026885
 456    0.0000949  -0.00024047
 457    0.0000663  -0.00018007
 458    0.0000950  -0.00026869
 459    0.0001022  -0.00026814
 460    0.0001960  -0.00050650
 461    0.0002275  -0.00057698
 462    0.0001465  -0.00041942
 463    0.0003479  -0.00099029
 464    0.0003749  -0.00102496
 465    0.0002430  -0.00073614
 466    0.0006835  -0.00227938
 467    0.0003572  -0.00105073
 468    0.0004818  -0.00140571
 469    0.0004621  -0.00139847
 470    0.0000097  -0.00007128
 471    0.0000016  -0.00001198
 472    0.0000093  -0.00010391
 473    0.0000021  -0.00001654
 474    0.0000072  -0.00008748
 475    0.0000102  -0.00008226
 476    0.0000023  -0.00002166
 477    0.0000077  -0.00006547
 478    0.0000072  -0.00006389
 479    0.0000058  -0.00007995
 480    0.0000098  -0.00006773
 481    0.0000038  -0.00012836
 482    0.0000023  -0.00003375
 483    0.0000018  -0.00001492
 484    0.0000069  -0.00007020
 485    0.0000037  -0.00013682
 486    0.0000060  -0.00009016
 487    0.0000030  -0.00006446
 488    0.0000010  -0.00000783
 489    0.0000047  -0.00008179
 490    0.0000031  -0.00007912
 491    0.0000007  -0.00000481
 492    0.0000053  -0.00008223
 493    0.0000006  -0.00000385
 494    0.0000007  -0.00000469
 495    0.0000018  -0.00001403
 496    0.0000010  -0.00000737
 497    0.0000020  -0.00001548
 498    0.0000000  -0.00000011
 499    0.0000000  -0.00000009
 500    0.0000000  -0.00000010
 501    0.0000000  -0.00000009
 502    0.0000000  -0.00000010
 503    0.0000000  -0.00000009
 504    0.0000000  -0.00000009
 505    0.0000474  -0.00012593
 506    0.0000600  -0.00016429
 507    0.0000489  -0.00013532
 508    0.0000617  -0.00016215
 509    0.0001190  -0.00030207
 510    0.0000557  -0.00015063
 511    0.0000996  -0.00024197
 512    0.0000833  -0.00021498
 513    0.0000622  -0.00017221
 514    0.0000768  -0.00020209
 515    0.0000801  -0.00019689
 516    0.0001470  -0.00041348
 517    0.0001689  -0.00047087
 518    0.0001218  -0.00035618
 519    0.0003021  -0.00089796
 520    0.0003676  -0.00107397
 521    0.0002126  -0.00065451
 522    0.0003842  -0.00107065
 523    0.0002180  -0.00070859
 524    0.0004106  -0.00123176
 525    0.0003153  -0.00099812
 526    0.0000062  -0.00005843
 527    0.0000009  -0.00000772
 528    0.0000030  -0.00012395
 529    0.0000017  -0.00001288
 530    0.0000060  -0.00006833
 531    0.0000056  -0.00010002
 532    0.0000019  -0.00001475
 533    0.0000052  -0.00005042
 534    0.0000053  -0.00010117
 535    0.0000034  -0.00011407
 536    0.0000091  -0.00006920
 537    0.0000028  -0.00004325
 538    0.0000017  -0.00001331
 539    0.0000011  -0.00000817
 540    0.0000055  -0.00009069
 541    0.0000028  -0.00005449
 542    0.0000038  -0.00014449
 543    0.0000013  -0.00001008
 544    0.0000009  -0.00000660
 545    0.0000034  -0.00011074
 546    0.0000014  -0.00001112
 547    0.0000006  -0.00000407
 548    0.0000035  -0.00022772
 549    0.0000005  -0.00000307
 550    0.0000005  -0.00000311
 551    0.0000008  -0.00000606
 552    0.0000008  -0.00000475
 553    0.0000011  -0.00000798
 554    0.0000000  -0.00000009
 555    0.0000000  -0.00000009
 556    0.0000000  -0.00000010
 557    0.0000000  -0.00000008
 558    0.0000000  -0.00000008
 559    0.0000000  -0.00000009
 560    0.0000000  -0.00000009
 561    0.0000432  -0.00011586
 562    0.0000539  -0.00014336
 563    0.0000461  -0.00012740
 564    0.0000575  -0.00015174
 565    0.0001025  -0.00027400
 566    0.0000477  -0.00013298
 567    0.0000947  -0.00022832
 568    0.0000775  -0.00020492
 569    0.0000572  -0.00015639
 570    0.0000710  -0.00018969
 571    0.0000746  -0.00018884
 572    0.0001161  -0.00034279
 573    0.0001341  -0.00040939
 574    0.0001199  -0.00035923
 575    0.0002380  -0.00071467
 576    0.0002827  -0.00080785
 577    0.0001518  -0.00050853
 578    0.0003063  -0.00087651
 579    0.0001413  -0.00050531
 580    0.0002033  -0.00065553
 581    0.0001793  -0.00058926
 582    0.0000038  -0.00005561
 583    0.0000008  -0.00000577
 584    0.0000016  -0.00001224
 585    0.0000008  -0.00000594
 586    0.0000022  -0.00001991
 587    0.0000026  -0.00004668
 588    0.0000008  -0.00000622
 589    0.0000021  -0.00001661
 590    0.0000032  -0.00010737
 591    0.0000015  -0.00001232
 592    0.0000051  -0.00006560
 593    0.0000014  -0.00001003
 594    0.0000008  -0.00000611
 595    0.0000007  -0.00000485
 596    0.0000016  -0.00001265
 597    0.0000024  -0.00002036
 598    0.0000025  -0.00004461
 599    0.0000010  -0.00000736
 600    0.0000008  -0.00000570
 601    0.0000013  -0.00001018
 602    0.0000008  -0.00000576
 603    0.0000003  -0.00000228
 604    0.0000009  -0.00000674
 605    0.0000004  -0.00000275
 606    0.0000004  -0.00000265
 607    0.0000005  -0.00000315
 608    0.0000004  -0.00000264
 609    0.0000008  -0.00000491
 610    0.0000000  -0.00000008
 611    0.0000000  -0.00000009
 612    0.0000000  -0.00000008
 613    0.0000000  -0.00000007
 614    0.0000000  -0.00000008
 615    0.0000000  -0.00000007
 616    0.0000000  -0.00000008
 617    0.0000431  -0.00011885
 618    0.0000506  -0.00013961
 619    0.0000429  -0.00011919
 620    0.0000471  -0.00012703
 621    0.0000894  -0.00022060
 622    0.0000460  -0.00012887
 623    0.0000803  -0.00019275
 624    0.0000644  -0.00017157
 625    0.0000508  -0.00014379
 626    0.0000637  -0.00017485
 627    0.0000552  -0.00015057
 628    0.0001060  -0.00030545
 629    0.0001070  -0.00030940
 630    0.0001003  -0.00029262
 631    0.0001235  -0.00043935
 632    0.0001882  -0.00059008
 633    0.0001251  -0.00045145
 634    0.0002042  -0.00065348
 635    0.0001342  -0.00047447
 636    0.0002028  -0.00064220
 637    0.0001331  -0.00048924
 638    0.0000029  -0.00008257
 639    0.0000006  -0.00000347
 640    0.0000013  -0.00001005
 641    0.0000007  -0.00000451
 642    0.0000018  -0.00001545
 643    0.0000026  -0.00004127
 644    0.0000006  -0.00000404
 645    0.0000016  -0.00001153
 646    0.0000014  -0.00001085
 647    0.0000012  -0.00000909
 648    0.0000043  -0.00008168
 649    0.0000010  -0.00000779
 650    0.0000007  -0.00000580
 651    0.0000006  -0.00000437
 652    0.0000014  -0.00001038
 653    0.0000012  -0.00000862
 654    0.0000019  -0.00001510
 655    0.0000009  -0.00000748
 656    0.0000006  -0.00000377
 657    0.0000011  -0.00000833
 658    0.0000007  -0.00000404
 659    0.0000003  -0.00000215
 660    0.0000008  -0.00000531
 661    0.0000003  -0.00000235
 662    0.0000003  -0.00000234
 663    0.0000005  -0.00000322
 664    0.0000004  -0.00000255
 665    0.0000006  -0.00000362
 666    0.0000000  -0.00000007
 667    0.0000000  -0.00000007
 668    0.0000000  -0.00000008
 669    0.0000000  -0.00000008
 670    0.0000000  -0.00000008
 671    0.0000000  -0.00000006
 672    0.0000000  -0.00000007
 
----------------
 Final Energies 
----------------
Final NOF Total Energy =   -2392.7318126
 
Total Orbital Internal Iterations = 1070
Total Occupation Internal Iterations = 228
 
Elapsed time: 10479.64 Seconds

---------------------------------
   Lowdin Population Analysis    
---------------------------------
 Idx  Atom   Population   Charge 
---------------------------------
  1     P    14.836       0.164
  2     P    14.828       0.172
  3     P    14.848       0.152
  4     P    14.844       0.156
  5     P    14.838       0.162
  6     P    14.831       0.169
  7     P    14.845       0.155
  8     H     1.160      -0.160
  9     H     1.166      -0.166
 10     H     1.163      -0.163
 11     H     1.159      -0.159
 12     H     1.158      -0.158
 13     H     1.167      -0.167
 14     H     1.158      -0.158

---------------------------------
   M Diagnostic: 0.04
---------------------------------

