Computing Integrals
Basis Set                                            = def2-qzvp
Auxiliary Basis Set                                  = def2-universal-jkfit
Gaussian Type                                        = Spherical
Elapsed time:    2.90 Seconds

Number of basis functions                   (NBF)    = 190
Number of auxiliary basis functions         (NBFAUX) = 200
Inactive Doubly occupied orbitals up to     (NO1)    = 0
No. considered Strongly Doubly occupied MOs (NDOC)   = 9
No. considered Strongly Singly occupied MOs (NSOC)   = 0
NO. of Weakly occ. per St. Doubly occ.  MOs (NCWO)   = 20
Dimension of the Nat. Orb. subspace         (NBF5)   = 189
No. of electrons                                     = 18
    No. of alpha electrons                           = 9
    No. of beta electrons                            = 9
Multiplicity                                         = 1

Geometry
========
Si       0.0000000      -0.0000000       0.0000000
 H       0.8560414       0.8560414      -0.8560414
 H      -0.8560414      -0.8560414      -0.8560414
 H       0.8560414      -0.8560414       0.8560414
 H      -0.8560414       0.8560414       0.8560414

No violations of the orthonormality
No violations of the orthonormality
 
PNOF8/ADABelief Calculation
==================
 
  Nitext  Nit_orb  Time   Nit_occ  Time         Eelec          Etot           Ediff      maxdiff    MaxGrad_orb  Grad_occ
     1      10    2.2e+01    5    2.6e+01  -313.02466775  -291.72701687 -10312.02466775   0.003410   1.4e-02   2.5e-04 0.02
     2      20    3.1e+00    0    8.8e-02  -313.02742340  -291.72977251    -0.00275565   0.003410   1.4e-02   2.5e-04 0.02
     3      40    5.6e+00    3    2.8e-01  -313.02774238  -291.73009149    -0.00031897   0.006226   2.5e-02   2.5e-04 0.03
     4      40    5.7e+00    2    2.5e-01  -313.02804789  -291.73039700    -0.00030551   0.005068   2.0e-02   3.0e-04 0.03
     5      40    5.4e+00    9    6.2e-01  -313.02819191  -291.73054103    -0.00014403   0.005881   2.4e-02   2.1e-04 0.03
     6      40    5.5e+00    4    3.4e-01  -313.02843032  -291.73077943    -0.00023840   0.006650   2.7e-02   1.8e-04 0.03
     7      40    5.7e+00    4    3.4e-01  -313.02860587  -291.73095498    -0.00017555   0.006246   2.5e-02   2.5e-04 0.03
     8      40    5.6e+00    7    4.7e-01  -313.02877771  -291.73112682    -0.00017184   0.006873   2.7e-02   2.7e-04 0.03
     9      40    5.6e+00    2    2.5e-01  -313.02895655  -291.73130566    -0.00017885   0.005456   2.2e-02   2.4e-04 0.03
    10      40    5.5e+00    8    5.0e-01  -313.02901208  -291.73136120    -0.00005553   0.008341   3.3e-02   2.1e-04 0.03
    11      40    5.4e+00    2    1.8e-01  -313.02914387  -291.73149298    -0.00013179   0.004865   1.9e-02   1.7e-04 0.03
    12      40    5.7e+00    0    8.3e-02  -313.02918027  -291.73152939    -0.00003640   0.006389   2.6e-02   1.8e-04 0.03
    13      50    7.4e+00    0    8.9e-02  -313.02924754  -291.73159666    -0.00006727   0.003462   1.4e-02   1.8e-04 0.03
    14      60    8.3e+00    9    5.6e-01  -313.02927459  -291.73162370    -0.00002705   0.003607   1.4e-02   2.2e-04 0.03
    15      60    8.0e+00    0    1.0e-01  -313.02932537  -291.73167449    -0.00005079   0.003384   1.4e-02   2.0e-04 0.03
    16      70    9.8e+00    0    1.5e-01  -313.02935149  -291.73170061    -0.00002612   0.002724   1.1e-02   2.2e-04 0.03
    17      80    1.1e+01    0    9.5e-02  -313.02936931  -291.73171842    -0.00001781   0.001905   7.6e-03   2.1e-04 0.03
    18      90    1.2e+01    0    9.0e-02  -313.02937863  -291.73172775    -0.00000933   0.001818   7.3e-03   2.2e-04 0.03
    19     100    1.4e+01    0    1.0e-01  -313.02939157  -291.73174068    -0.00001293   0.001480   5.9e-03   2.2e-04 0.03
    20     110    1.5e+01    0    9.3e-02  -313.02939588  -291.73174499    -0.00000431   0.001506   6.0e-03   2.3e-04 0.03
    21     120    1.7e+01    0    8.9e-02  -313.02939962  -291.73174873    -0.00000374   0.001321   5.3e-03   2.3e-04 0.03
    22     130    1.8e+01    0    8.5e-02  -313.02940233  -291.73175144    -0.00000271   0.001189   4.8e-03   2.3e-04 0.03
    23     140    1.9e+01    0    1.0e-01  -313.02940439  -291.73175350    -0.00000207   0.001080   4.3e-03   2.3e-04 0.03
    24     150    2.0e+01    0    1.5e-01  -313.02940688  -291.73175599    -0.00000249   0.000874   3.5e-03   2.3e-04 0.03
 
RESULTS OF THE OCCUPATION OPTIMIZATION
========================================
   1    1.9999989  -68.82926265
   2    1.9990527  -6.13876831
   3    1.9975625  -4.25216973
   4    1.9978833  -4.25152276
   5    1.9968039  -4.24831110
   6    1.9754396  -0.75180930
   7    1.9713401  -0.51005617
   8    1.9686257  -0.50702432
   9    1.9679044  -0.50647988
  10    0.0197015  -0.02950733
  11    0.0146843  -0.02175726
  12    0.0150906  -0.02249724
  13    0.0121214  -0.02298916
  14    0.0019305  -0.01333118
  15    0.0017675  -0.01206758
  16    0.0021915  -0.01880699
  17    0.0008920  -0.00699186
  18    0.0000010  -0.00000407
  19    0.0059283  -0.00819065
  20    0.0060865  -0.00920652
  21    0.0061547  -0.01078021
  22    0.0050972  -0.01029089
  23    0.0011603  -0.00870654
  24    0.0002320  -0.00497832
  25    0.0001409  -0.00101213
  26    0.0000171  -0.00073451
  27    0.0000000  -0.00000020
  28    0.0023937  -0.00420298
  29    0.0057097  -0.00839046
  30    0.0024569  -0.00615791
  31    0.0028471  -0.00861861
  32    0.0000565  -0.00147792
  33    0.0000462  -0.00025941
  34    0.0000268  -0.00013769
  35    0.0000120  -0.00008080
  36    0.0000000  -0.00000014
  37    0.0015354  -0.00229105
  38    0.0016499  -0.00281827
  39    0.0023373  -0.00539218
  40    0.0023926  -0.00699182
  41    0.0000117  -0.00007912
  42    0.0000173  -0.00011050
  43    0.0000200  -0.00011615
  44    0.0000077  -0.00010131
  45    0.0000000  -0.00000010
  46    0.0014762  -0.00223053
  47    0.0011691  -0.00185768
  48    0.0010756  -0.00193779
  49    0.0004578  -0.00116572
  50    0.0000080  -0.00005392
  51    0.0000134  -0.00009400
  52    0.0000176  -0.00010756
  53    0.0000049  -0.00024627
  54    0.0000000  -0.00000010
  55    0.0003025  -0.00050201
  56    0.0010262  -0.00196014
  57    0.0003757  -0.00084374
  58    0.0004032  -0.00097691
  59    0.0000074  -0.00004619
  60    0.0000101  -0.00005874
  61    0.0000078  -0.00005146
  62    0.0000024  -0.00001284
  63    0.0000000  -0.00000008
  64    0.0001742  -0.00036126
  65    0.0004567  -0.00088526
  66    0.0003188  -0.00069358
  67    0.0003558  -0.00090007
  68    0.0000051  -0.00009411
  69    0.0000069  -0.00004494
  70    0.0000074  -0.00005032
  71    0.0000022  -0.00001125
  72    0.0000000  -0.00000009
  73    0.0001579  -0.00031756
  74    0.0001673  -0.00031078
  75    0.0002016  -0.00053268
  76    0.0002929  -0.00073373
  77    0.0000039  -0.00002290
  78    0.0000057  -0.00003923
  79    0.0000065  -0.00004130
  80    0.0000017  -0.00000951
  81    0.0000000  -0.00000008
  82    0.0001018  -0.00022280
  83    0.0000995  -0.00020343
  84    0.0001714  -0.00033538
  85    0.0001821  -0.00051547
  86    0.0000027  -0.00001358
  87    0.0000052  -0.00005804
  88    0.0000057  -0.00003910
  89    0.0000015  -0.00000687
  90    0.0000000  -0.00000008
  91    0.0000951  -0.00019613
  92    0.0000840  -0.00023443
  93    0.0001591  -0.00031750
  94    0.0001053  -0.00026398
  95    0.0000021  -0.00001091
  96    0.0000041  -0.00002751
  97    0.0000053  -0.00012881
  98    0.0000014  -0.00000532
  99    0.0000000  -0.00000008
 100    0.0000827  -0.00021383
 101    0.0000739  -0.00016958
 102    0.0001498  -0.00030506
 103    0.0000956  -0.00023859
 104    0.0000020  -0.00001006
 105    0.0000035  -0.00011027
 106    0.0000031  -0.00002107
 107    0.0000013  -0.00000521
 108    0.0000000  -0.00000008
 109    0.0000685  -0.00016111
 110    0.0000704  -0.00017017
 111    0.0000781  -0.00017734
 112    0.0000874  -0.00020494
 113    0.0000015  -0.00000933
 114    0.0000010  -0.00000403
 115    0.0000021  -0.00001098
 116    0.0000013  -0.00000495
 117    0.0000000  -0.00000002
 118    0.0000473  -0.00012643
 119    0.0000500  -0.00012761
 120    0.0000529  -0.00013890
 121    0.0000554  -0.00016807
 122    0.0000013  -0.00000534
 123    0.0000009  -0.00000328
 124    0.0000005  -0.00000240
 125    0.0000008  -0.00000305
 126    0.0000000  -0.00000003
 127    0.0000088  -0.00003782
 128    0.0000145  -0.00006963
 129    0.0000115  -0.00005186
 130    0.0000404  -0.00012921
 131    0.0000007  -0.00000301
 132    0.0000007  -0.00000290
 133    0.0000004  -0.00000171
 134    0.0000002  -0.00000079
 135    0.0000000  -0.00000002
 136    0.0000069  -0.00002562
 137    0.0000095  -0.00004079
 138    0.0000076  -0.00003831
 139    0.0000099  -0.00004965
 140    0.0000006  -0.00000270
 141    0.0000005  -0.00000230
 142    0.0000004  -0.00000161
 143    0.0000002  -0.00000075
 144    0.0000000  -0.00000001
 145    0.0000040  -0.00001249
 146    0.0000060  -0.00002345
 147    0.0000057  -0.00002556
 148    0.0000045  -0.00001886
 149    0.0000005  -0.00000254
 150    0.0000004  -0.00000174
 151    0.0000004  -0.00000125
 152    0.0000001  -0.00000049
 153    0.0000000  -0.00000002
 154    0.0000036  -0.00000966
 155    0.0000054  -0.00001802
 156    0.0000045  -0.00001671
 157    0.0000043  -0.00001600
 158    0.0000005  -0.00000243
 159    0.0000004  -0.00000136
 160    0.0000004  -0.00000118
 161    0.0000001  -0.00000039
 162    0.0000000  -0.00000001
 163    0.0000032  -0.00000360
 164    0.0000044  -0.00001299
 165    0.0000032  -0.00000927
 166    0.0000032  -0.00001371
 167    0.0000003  -0.00000125
 168    0.0000003  -0.00000121
 169    0.0000003  -0.00000116
 170    0.0000001  -0.00000040
 171    0.0000000  -0.00000002
 172    0.0000022  -0.00000133
 173    0.0000041  -0.00001462
 174    0.0000026  -0.00000296
 175    0.0000022  -0.00000483
 176    0.0000003  -0.00000119
 177    0.0000003  -0.00000126
 178    0.0000003  -0.00000110
 179    0.0000001  -0.00000034
 180    0.0000000  -0.00000002
 181    0.0000019  -0.00000122
 182    0.0000030  -0.00000287
 183    0.0000024  -0.00000249
 184    0.0000021  -0.00000268
 185    0.0000002  -0.00000068
 186    0.0000002  -0.00000058
 187    0.0000002  -0.00000050
 188    0.0000001  -0.00000036
 189    0.0000000  -0.00000001
 
----------------
 Final Energies 
----------------
Final NOF Total Energy =    -291.7317560
 
Total Orbital Internal Iterations = 1590
Total Occupation Internal Iterations = 55
 
Elapsed time:  293.83 Seconds

---------------------------------
   Lowdin Population Analysis    
---------------------------------
 Idx  Atom   Population   Charge 
---------------------------------
  1    Si    13.493       0.507
  2     H     1.127      -0.127
  3     H     1.127      -0.127
  4     H     1.126      -0.126
  5     H     1.127      -0.127

---------------------------------
   M Diagnostic: 0.03
---------------------------------

