Computing Integrals
Basis Set                                            = def2-qzvp
Auxiliary Basis Set                                  = def2-universal-jkfit
Gaussian Type                                        = Spherical
Elapsed time:    2.75 Seconds

Number of basis functions                   (NBF)    = 114
Number of auxiliary basis functions         (NBFAUX) = 154
Inactive Doubly occupied orbitals up to     (NO1)    = 0
No. considered Strongly Doubly occupied MOs (NDOC)   = 9
No. considered Strongly Singly occupied MOs (NSOC)   = 0
NO. of Weakly occ. per St. Doubly occ.  MOs (NCWO)   = 11
Dimension of the Nat. Orb. subspace         (NBF5)   = 108
No. of electrons                                     = 18
    No. of alpha electrons                           = 9
    No. of beta electrons                            = 9
Multiplicity                                         = 1

Geometry
========
 F       0.0000000       0.0000000      -0.7075955
 F       0.0000000       0.0000000       0.7075955

No violations of the orthonormality
No violations of the orthonormality
 
PNOF8/ADABelief Calculation
==================
 
  Nitext  Nit_orb  Time   Nit_occ  Time         Eelec          Etot           Ediff      maxdiff    MaxGrad_orb  Grad_occ
     1      10    2.3e+01   65    2.6e+01  -229.64537279  -199.35740022 -10228.64537279   0.020043   8.0e-02   2.3e-04 0.06
     2      20    4.1e+00   12    3.1e-01  -229.71883533  -199.43086277    -0.07346254   0.019352   7.7e-02   1.7e-04 0.05
     3      20    3.0e+00    7    9.2e-02  -229.72039815  -199.43242559    -0.00156282   0.015906   6.4e-02   1.8e-04 0.05
     4      20    5.8e+00    0    9.7e-02  -229.72046517  -199.43249260    -0.00006702   0.015906   6.4e-02   1.8e-04 0.05
     5      40    9.5e+00    4    1.9e-01  -229.72267648  -199.43470391    -0.00221131   0.001581   6.3e-03   2.1e-04 0.05
     6      40    4.6e+00    7    1.5e-01  -229.72275451  -199.43478194    -0.00007803   0.003530   1.4e-02   2.2e-04 0.05
     7      40    1.3e+01    4    1.8e-01  -229.72293466  -199.43496210    -0.00018015   0.002271   9.1e-03   2.1e-04 0.05
     8      40    9.7e+00    9    1.5e-01  -229.72306999  -199.43509743    -0.00013533   0.002713   1.1e-02   2.0e-04 0.05
     9      40    2.5e+01    4    1.8e-01  -229.72320983  -199.43523727    -0.00013984   0.003015   1.2e-02   1.5e-04 0.05
    10      40    8.3e+00    7    1.6e-01  -229.72331932  -199.43534675    -0.00010948   0.002876   1.2e-02   2.5e-04 0.05
    11      40    8.7e+00    3    9.9e-02  -229.72338293  -199.43541037    -0.00006362   0.003073   1.2e-02   1.7e-04 0.05
    12      40    9.0e+00    4    5.6e-02  -229.72345568  -199.43548312    -0.00007275   0.002986   1.2e-02   2.4e-04 0.05
    13      40    2.6e+01   12    2.0e-01  -229.72349969  -199.43552713    -0.00004401   0.002913   1.2e-02   2.3e-04 0.05
    14      40    8.4e+00    3    5.6e-02  -229.72359266  -199.43562009    -0.00009297   0.003208   1.3e-02   1.7e-04 0.05
    15      40    1.6e+01    6    2.3e-01  -229.72365713  -199.43568456    -0.00006447   0.003028   1.2e-02   2.1e-04 0.05
    16      40    1.6e+01    3    1.3e-01  -229.72372704  -199.43575448    -0.00006992   0.002836   1.1e-02   2.1e-04 0.05
    17      40    7.0e+00    6    1.2e-01  -229.72378370  -199.43581113    -0.00005665   0.002334   9.3e-03   2.4e-04 0.05
    18      40    1.3e+01    3    5.8e-02  -229.72386612  -199.43589356    -0.00008243   0.002195   8.8e-03   2.1e-04 0.05
    19      40    1.1e+01    7    1.9e-01  -229.72390215  -199.43592958    -0.00003602   0.002069   8.3e-03   2.2e-04 0.05
    20      40    1.2e+01    0    5.0e-02  -229.72396989  -199.43599732    -0.00006774   0.002495   1.0e-02   2.2e-04 0.05
    21      50    1.3e+01    0    4.2e-02  -229.72400385  -199.43603128    -0.00003396   0.001773   7.1e-03   2.8e-04 0.05
    22      60    8.7e+00    6    2.5e-01  -229.72401463  -199.43604207    -0.00001079   0.001389   5.6e-03   2.2e-04 0.05
    23      60    2.6e+01    3    8.3e-02  -229.72405108  -199.43607852    -0.00003645   0.001220   4.9e-03   1.9e-04 0.05
    24      60    2.1e+01    0    4.9e-02  -229.72406085  -199.43608828    -0.00000976   0.001466   5.9e-03   2.0e-04 0.05
    25      70    2.9e+01    0    8.1e-02  -229.72407686  -199.43610429    -0.00001601   0.001044   4.2e-03   2.2e-04 0.05
    26      80    2.5e+01    0    2.2e-01  -229.72408509  -199.43611253    -0.00000824   0.000672   2.7e-03   2.4e-04 0.05
 
RESULTS OF THE OCCUPATION OPTIMIZATION
========================================
   1    1.9999667  -26.46180870
   2    1.9999511  -26.46145281
   3    1.9868017  -1.79475751
   4    1.9855250  -1.54684652
   5    1.9799101  -0.85414226
   6    1.9801209  -0.85411051
   7    1.9461685  -0.83051496
   8    1.9763717  -0.71578234
   9    1.9757336  -0.71529290
  10    0.0136335  -0.02394392
  11    0.0138914  -0.02415243
  12    0.0537046  -0.09780785
  13    0.0078714  -0.01621977
  14    0.0079933  -0.01629888
  15    0.0070367  -0.02134355
  16    0.0087885  -0.02640607
  17    0.0000249  -0.00117692
  18    0.0000102  -0.00036171
  19    0.0045316  -0.00940444
  20    0.0050909  -0.01126434
  21    0.0000258  -0.00006005
  22    0.0047693  -0.01013679
  23    0.0051949  -0.01130970
  24    0.0038256  -0.01060687
  25    0.0020336  -0.00660925
  26    0.0000032  -0.00008159
  27    0.0000030  -0.00007988
  28    0.0043274  -0.01042646
  29    0.0025893  -0.00645998
  30    0.0000178  -0.00011421
  31    0.0045380  -0.00951588
  32    0.0047153  -0.00968264
  33    0.0021385  -0.00658449
  34    0.0007893  -0.00317407
  35    0.0000031  -0.00008087
  36    0.0000029  -0.00008458
  37    0.0006544  -0.00230533
  38    0.0008919  -0.00310382
  39    0.0000166  -0.00011086
  40    0.0010397  -0.00475328
  41    0.0006790  -0.00236760
  42    0.0005629  -0.00412030
  43    0.0005250  -0.00491478
  44    0.0000029  -0.00007480
  45    0.0000028  -0.00007360
  46    0.0003442  -0.00128160
  47    0.0003175  -0.00108286
  48    0.0000161  -0.00010970
  49    0.0005695  -0.00374653
  50    0.0004651  -0.00179334
  51    0.0002855  -0.00120177
  52    0.0002980  -0.00127721
  53    0.0000029  -0.00007410
  54    0.0000028  -0.00007179
  55    0.0002671  -0.00103378
  56    0.0002986  -0.00107200
  57    0.0000118  -0.00009553
  58    0.0004348  -0.00153105
  59    0.0003728  -0.00133266
  60    0.0002692  -0.00116112
  61    0.0002974  -0.00128177
  62    0.0000029  -0.00007356
  63    0.0000025  -0.00007392
  64    0.0002043  -0.00081621
  65    0.0002671  -0.00097137
  66    0.0000110  -0.00009421
  67    0.0003561  -0.00128495
  68    0.0003304  -0.00127808
  69    0.0001951  -0.00084022
  70    0.0002356  -0.00102583
  71    0.0000026  -0.00006886
  72    0.0000024  -0.00006595
  73    0.0001697  -0.00085768
  74    0.0002227  -0.00091079
  75    0.0000079  -0.00008126
  76    0.0002322  -0.00092054
  77    0.0002278  -0.00094059
  78    0.0000938  -0.00052731
  79    0.0001679  -0.00094021
  80    0.0000024  -0.00006177
  81    0.0000024  -0.00006308
  82    0.0000945  -0.00050938
  83    0.0000215  -0.00014764
  84    0.0000071  -0.00007833
  85    0.0000271  -0.00021625
  86    0.0000695  -0.00111955
  87    0.0000253  -0.00021653
  88    0.0000232  -0.00019748
  89    0.0000019  -0.00005031
  90    0.0000022  -0.00005886
  91    0.0000198  -0.00014152
  92    0.0000190  -0.00013791
  93    0.0000065  -0.00006962
  94    0.0000212  -0.00014877
  95    0.0000217  -0.00019130
  96    0.0000218  -0.00018393
  97    0.0000200  -0.00016367
  98    0.0000018  -0.00003831
  99    0.0000018  -0.00003992
 100    0.0000197  -0.00013709
 101    0.0000187  -0.00013615
 102    0.0000062  -0.00006800
 103    0.0000198  -0.00015580
 104    0.0000202  -0.00015257
 105    0.0000207  -0.00015697
 106    0.0000199  -0.00016462
 107    0.0000004  -0.00004746
 108    0.0000005  -0.00005675
 
----------------
 Final Energies 
----------------
Final NOF Total Energy =    -199.4361125
 
Total Orbital Internal Iterations = 1090
Total Occupation Internal Iterations = 175
 
Elapsed time:  402.33 Seconds

---------------------------------
   Lowdin Population Analysis    
---------------------------------
 Idx  Atom   Population   Charge 
---------------------------------
  1     F     9.000      -0.000
  2     F     9.000       0.000

---------------------------------
   M Diagnostic: 0.05
---------------------------------

