Computing Integrals
Basis Set                                            = def2-qzvp
Auxiliary Basis Set                                  = def2-universal-jkfit
Gaussian Type                                        = Spherical
Elapsed time:    3.74 Seconds

Number of basis functions                   (NBF)    = 140
Number of auxiliary basis functions         (NBFAUX) = 256
Inactive Doubly occupied orbitals up to     (NO1)    = 0
No. considered Strongly Doubly occupied MOs (NDOC)   = 15
No. considered Strongly Singly occupied MOs (NSOC)   = 2
NO. of Weakly occ. per St. Doubly occ.  MOs (NCWO)   = 8
Dimension of the Nat. Orb. subspace         (NBF5)   = 137
No. of electrons                                     = 32
    No. of alpha electrons                           = 17
    No. of beta electrons                            = 15
Multiplicity                                         = 3

Geometry
========
 S       0.0000000       0.0000000      -0.9540074
 S       0.0000000       0.0000000       0.9540074

No violations of the orthonormality
No violations of the orthonormality
 
PNOF8/ADABelief Calculation
==================
 
  Nitext  Nit_orb  Time   Nit_occ  Time         Eelec          Etot           Ediff      maxdiff    MaxGrad_orb  Grad_occ
     1      10    2.9e+01   10    3.3e+01  -867.07177417  -796.07175458 -10866.07177417   0.005316   2.1e-02   2.6e-04 0.04
     2      20    5.4e+00    0    5.1e-02  -867.07828021  -796.07826062    -0.00650604   0.005316   2.1e-02   2.6e-04 0.04
     3      40    1.3e+01    4    1.6e-01  -867.07863408  -796.07861449    -0.00035387   0.006020   2.4e-02   2.7e-04 0.04
     4      40    9.8e+00    6    2.1e-01  -867.07880206  -796.07878247    -0.00016798   0.006403   2.6e-02   2.7e-04 0.04
     5      40    1.3e+01    3    2.8e-01  -867.07882577  -796.07880618    -0.00002371   0.007142   2.9e-02   2.1e-04 0.04
     6      40    9.9e+00    1    9.7e-02  -867.07886390  -796.07884431    -0.00003812   0.006671   2.7e-02   2.1e-04 0.04
     7      40    7.9e+00    0    4.7e-02  -867.07886469  -796.07884510    -0.00000079   0.006671   2.7e-02   2.1e-04 0.04
     8      60    1.8e+01    0    5.5e-02  -867.07909723  -796.07907764    -0.00023254   0.000499   2.0e-03   2.2e-04 0.04
 
RESULTS OF THE OCCUPATION OPTIMIZATION
========================================
   1    1.9999987  -92.07149435
   2    1.9999985  -92.07145859
   3    1.9994114  -9.03068386
   4    1.9994435  -9.02980633
   5    1.9985458  -6.71738890
   6    1.9984139  -6.71715524
   7    1.9982918  -6.71347392
   8    1.9980619  -6.71299835
   9    1.9980867  -6.71296846
  10    1.9980946  -6.71260300
  11    1.9758081  -1.06897768
  12    1.9739142  -0.82147006
  13    1.9576738  -0.55772112
  14    1.9617815  -0.49023361
  15    1.9586729  -0.49007995
  16    1.0000000  -0.21152728
  17    1.0000000  -0.21138937
  18    0.0160052  -0.02009963
  19    0.0117068  -0.01842587
  20    0.0309603  -0.04859283
  21    0.0064255  -0.02594134
  22    0.0067586  -0.02859875
  23    0.0011273  -0.01080242
  24    0.0009519  -0.00792562
  25    0.0011731  -0.01288179
  26    0.0011129  -0.00924039
  27    0.0007498  -0.00929885
  28    0.0012210  -0.01037414
  29    0.0004965  -0.00890642
  30    0.0004907  -0.00885324
  31    0.0000008  -0.00001571
  32    0.0000009  -0.00001725
  33    0.0124722  -0.01561867
  34    0.0084597  -0.01359563
  35    0.0083566  -0.01355123
  36    0.0054630  -0.01869483
  37    0.0050246  -0.01880448
  38    0.0006028  -0.01073576
  39    0.0004328  -0.00604250
  40    0.0005487  -0.00934193
  41    0.0004663  -0.00687645
  42    0.0006015  -0.01069092
  43    0.0000856  -0.00296920
  44    0.0000173  -0.00067461
  45    0.0000370  -0.00032326
  46    0.0000004  -0.00001102
  47    0.0000002  -0.00000787
  48    0.0090019  -0.01281506
  49    0.0073636  -0.01678700
  50    0.0007185  -0.00148522
  51    0.0053862  -0.01829191
  52    0.0042165  -0.01818408
  53    0.0000650  -0.00053293
  54    0.0004315  -0.00698852
  55    0.0000752  -0.00223202
  56    0.0000685  -0.00121188
  57    0.0001239  -0.00198598
  58    0.0000643  -0.00053258
  59    0.0000129  -0.00010377
  60    0.0000228  -0.00019182
  61    0.0000001  -0.00000441
  62    0.0000001  -0.00000292
  63    0.0013560  -0.00391837
  64    0.0069380  -0.01246274
  65    0.0006844  -0.00142310
  66    0.0040513  -0.01333502
  67    0.0037959  -0.01339494
  68    0.0000566  -0.00048668
  69    0.0000405  -0.00030379
  70    0.0000556  -0.00038557
  71    0.0000190  -0.00014290
  72    0.0000623  -0.00050449
  73    0.0000390  -0.00032125
  74    0.0000099  -0.00008047
  75    0.0000174  -0.00072788
  76    0.0000001  -0.00000417
  77    0.0000000  -0.00000142
  78    0.0008609  -0.00153050
  79    0.0022807  -0.00851212
  80    0.0006564  -0.00138292
  81    0.0021326  -0.00951304
  82    0.0036730  -0.01385097
  83    0.0000190  -0.00014364
  84    0.0000181  -0.00032927
  85    0.0000334  -0.00027798
  86    0.0000164  -0.00033645
  87    0.0000233  -0.00016135
  88    0.0000154  -0.00012122
  89    0.0000072  -0.00006079
  90    0.0000070  -0.00006035
  91    0.0000001  -0.00000286
  92    0.0000000  -0.00000134
  93    0.0006721  -0.00119198
  94    0.0006948  -0.00146456
  95    0.0004209  -0.00096186
  96    0.0021222  -0.00929660
  97    0.0002732  -0.00101229
  98    0.0000144  -0.00010671
  99    0.0000133  -0.00010008
 100    0.0000214  -0.00015625
 101    0.0000119  -0.00008792
 102    0.0000107  -0.00007888
 103    0.0000140  -0.00010601
 104    0.0000053  -0.00004336
 105    0.0000059  -0.00007844
 106    0.0000000  -0.00000269
 107    0.0000000  -0.00000103
 108    0.0005478  -0.00100816
 109    0.0005658  -0.00117743
 110    0.0003577  -0.00083421
 111    0.0002870  -0.00090285
 112    0.0002502  -0.00078666
 113    0.0000138  -0.00010159
 114    0.0000129  -0.00009134
 115    0.0000183  -0.00013969
 116    0.0000076  -0.00006331
 117    0.0000079  -0.00006368
 118    0.0000103  -0.00008267
 119    0.0000042  -0.00003880
 120    0.0000048  -0.00004110
 121    0.0000000  -0.00000184
 122    0.0000000  -0.00000066
 123    0.0004111  -0.00081198
 124    0.0002090  -0.00072911
 125    0.0001715  -0.00049586
 126    0.0002179  -0.00102556
 127    0.0001998  -0.00086001
 128    0.0000066  -0.00022359
 129    0.0000122  -0.00014910
 130    0.0000124  -0.00009156
 131    0.0000056  -0.00024518
 132    0.0000067  -0.00008195
 133    0.0000045  -0.00006670
 134    0.0000032  -0.00048044
 135    0.0000032  -0.00046688
 136    0.0000000  -0.00000123
 137    0.0000000  -0.00000060
 
----------------
 Final Energies 
----------------
Final NOF Total Energy =    -796.0790776
 
Total Orbital Internal Iterations = 290
Total Occupation Internal Iterations = 24
 
Elapsed time:  160.93 Seconds

---------------------------------
   Lowdin Population Analysis    
---------------------------------
 Idx  Atom   Population   Charge 
---------------------------------
  1     S    16.000      -0.000
  2     S    16.000       0.000

---------------------------------
   M Diagnostic: 0.04
---------------------------------

