Computing Integrals
Basis Set                                            = def2-qzvp
Auxiliary Basis Set                                  = def2-universal-jkfit
Gaussian Type                                        = Spherical
Elapsed time:    5.54 Seconds

Number of basis functions                   (NBF)    = 261
Number of auxiliary basis functions         (NBFAUX) = 285
Inactive Doubly occupied orbitals up to     (NO1)    = 0
No. considered Strongly Doubly occupied MOs (NDOC)   = 15
No. considered Strongly Singly occupied MOs (NSOC)   = 0
NO. of Weakly occ. per St. Doubly occ.  MOs (NCWO)   = 16
Dimension of the Nat. Orb. subspace         (NBF5)   = 255
No. of electrons                                     = 30
    No. of alpha electrons                           = 15
    No. of beta electrons                            = 15
Multiplicity                                         = 1

Geometry
========
 H       0.0000000       0.9285030       0.0000000
 H       0.8041070      -0.4642510       0.0000000
 H      -0.8041070      -0.4642510       0.0000000
 F       0.0000000      -1.3041720       0.0000000
 F      -1.1294460       0.6520860       0.0000000
 F       1.1294460       0.6520860       0.0000000

No violations of the orthonormality
No violations of the orthonormality
 
PNOF8/ADABelief Calculation
==================
 
  Nitext  Nit_orb  Time   Nit_occ  Time         Eelec          Etot           Ediff      maxdiff    MaxGrad_orb  Grad_occ
     1      10    3.0e+01    9    3.4e+01  -390.08797693  -301.20021155 -10389.08797693   0.002533   1.0e-02   2.2e-04 0.03
     2      20    5.9e+00    0    4.1e-01  -390.09441761  -301.20665222    -0.00644067   0.002533   1.0e-02   2.2e-04 0.03
     3      40    1.9e+01    7    1.3e+00  -390.09505601  -301.20729062    -0.00063840   0.005399   2.2e-02   1.8e-04 0.03
     4      40    1.6e+01    4    9.3e-01  -390.09520933  -301.20744395    -0.00015332   0.004729   1.9e-02   1.8e-04 0.03
     5      40    1.4e+01    0    2.8e-01  -390.09522191  -301.20745653    -0.00001258   0.004729   1.9e-02   1.8e-04 0.03
     6      56    2.2e+01    1    5.3e-01  -390.09543026  -301.20766487    -0.00020834   0.000496   2.0e-03   2.2e-04 0.03
 
RESULTS OF THE OCCUPATION OPTIMIZATION
========================================
   1    1.9999862  -26.37374785
   2    1.9999861  -26.37248632
   3    1.9999860  -26.37243811
   4    1.9874087  -1.69633960
   5    1.9851242  -1.62286811
   6    1.9847018  -1.61142484
   7    1.9820749  -0.88142495
   8    1.9804720  -0.86130705
   9    1.9779666  -0.84126804
  10    1.9775820  -0.78422737
  11    1.9770601  -0.76401093
  12    1.9750175  -0.73722060
  13    1.9656699  -0.72688187
  14    1.9658902  -0.72661890
  15    1.9656509  -0.72600538
  16    0.0296857  -0.04874929
  17    0.0293883  -0.04820281
  18    0.0296922  -0.04894773
  19    0.0125056  -0.02136849
  20    0.0144933  -0.02264884
  21    0.0145513  -0.02274281
  22    0.0108846  -0.02240394
  23    0.0070148  -0.01421381
  24    0.0073836  -0.01521387
  25    0.0085877  -0.02261517
  26    0.0086406  -0.02338738
  27    0.0057096  -0.01464486
  28    0.0000112  -0.00044312
  29    0.0000113  -0.00044928
  30    0.0000114  -0.00045569
  31    0.0034600  -0.00901800
  32    0.0034915  -0.00909661
  33    0.0034568  -0.00897031
  34    0.0048977  -0.01060381
  35    0.0052459  -0.01070678
  36    0.0053756  -0.01085387
  37    0.0046387  -0.01041938
  38    0.0050254  -0.01055188
  39    0.0067129  -0.01198588
  40    0.0038362  -0.01014565
  41    0.0039344  -0.01036888
  42    0.0041564  -0.01040653
  43    0.0000007  -0.00001437
  44    0.0000006  -0.00002144
  45    0.0000004  -0.00004631
  46    0.0002864  -0.00108125
  47    0.0002836  -0.00107676
  48    0.0002735  -0.00106490
  49    0.0047660  -0.01031881
  50    0.0014117  -0.00495271
  51    0.0010757  -0.00364610
  52    0.0046084  -0.01042438
  53    0.0048369  -0.01054385
  54    0.0012111  -0.00394581
  55    0.0012868  -0.00654862
  56    0.0006720  -0.00270227
  57    0.0009153  -0.00353342
  58    0.0000005  -0.00001467
  59    0.0000004  -0.00003556
  60    0.0000004  -0.00000988
  61    0.0002770  -0.00106627
  62    0.0002761  -0.00105437
  63    0.0002718  -0.00106492
  64    0.0013550  -0.00495627
  65    0.0004559  -0.00156708
  66    0.0003814  -0.00137880
  67    0.0006269  -0.00212624
  68    0.0009749  -0.00330996
  69    0.0007970  -0.00504484
  70    0.0004399  -0.00185238
  71    0.0004903  -0.00253094
  72    0.0007587  -0.00582476
  73    0.0000005  -0.00004432
  74    0.0000003  -0.00000663
  75    0.0000004  -0.00001155
  76    0.0002536  -0.00103522
  77    0.0002626  -0.00104982
  78    0.0002488  -0.00102915
  79    0.0007772  -0.00241835
  80    0.0003662  -0.00121662
  81    0.0003696  -0.00122611
  82    0.0004032  -0.00162542
  83    0.0007495  -0.00391385
  84    0.0006711  -0.00185429
  85    0.0003080  -0.00126372
  86    0.0003251  -0.00128033
  87    0.0005260  -0.00288999
  88    0.0000002  -0.00000449
  89    0.0000003  -0.00000655
  90    0.0000003  -0.00000697
  91    0.0002409  -0.00099258
  92    0.0002510  -0.00100905
  93    0.0002461  -0.00102000
  94    0.0003285  -0.00116736
  95    0.0003595  -0.00122920
  96    0.0003557  -0.00128379
  97    0.0003423  -0.00121672
  98    0.0005445  -0.00168931
  99    0.0006652  -0.00191773
 100    0.0003043  -0.00132375
 101    0.0003105  -0.00127442
 102    0.0001356  -0.00199046
 103    0.0000002  -0.00000362
 104    0.0000002  -0.00000395
 105    0.0000002  -0.00000437
 106    0.0000341  -0.00011245
 107    0.0000555  -0.00015942
 108    0.0000432  -0.00013118
 109    0.0001233  -0.00047457
 110    0.0003423  -0.00125967
 111    0.0001130  -0.00043637
 112    0.0003306  -0.00121687
 113    0.0001089  -0.00045123
 114    0.0001731  -0.00067985
 115    0.0002950  -0.00122619
 116    0.0002948  -0.00145129
 117    0.0001175  -0.00061720
 118    0.0000002  -0.00000357
 119    0.0000001  -0.00000340
 120    0.0000002  -0.00000423
 121    0.0000213  -0.00012199
 122    0.0000283  -0.00011448
 123    0.0000210  -0.00012020
 124    0.0000859  -0.00030423
 125    0.0001039  -0.00042796
 126    0.0000533  -0.00022414
 127    0.0000540  -0.00025643
 128    0.0000870  -0.00042976
 129    0.0001204  -0.00048885
 130    0.0001006  -0.00144247
 131    0.0000988  -0.00143890
 132    0.0000614  -0.00037617
 133    0.0000001  -0.00000264
 134    0.0000001  -0.00000282
 135    0.0000001  -0.00000249
 136    0.0000180  -0.00011475
 137    0.0000177  -0.00011071
 138    0.0000173  -0.00010479
 139    0.0000368  -0.00017914
 140    0.0000478  -0.00022317
 141    0.0000397  -0.00018539
 142    0.0000428  -0.00018524
 143    0.0000586  -0.00030601
 144    0.0000437  -0.00022648
 145    0.0000457  -0.00024975
 146    0.0000219  -0.00017004
 147    0.0000543  -0.00033751
 148    0.0000001  -0.00000208
 149    0.0000001  -0.00000257
 150    0.0000001  -0.00000200
 151    0.0000149  -0.00007676
 152    0.0000154  -0.00008137
 153    0.0000161  -0.00010282
 154    0.0000260  -0.00013579
 155    0.0000330  -0.00019277
 156    0.0000246  -0.00016771
 157    0.0000322  -0.00018314
 158    0.0000285  -0.00017315
 159    0.0000337  -0.00019338
 160    0.0000231  -0.00018100
 161    0.0000214  -0.00017415
 162    0.0000403  -0.00021230
 163    0.0000001  -0.00000194
 164    0.0000001  -0.00000213
 165    0.0000001  -0.00000130
 166    0.0000135  -0.00007658
 167    0.0000127  -0.00007555
 168    0.0000122  -0.00006520
 169    0.0000192  -0.00013442
 170    0.0000241  -0.00016206
 171    0.0000237  -0.00015502
 172    0.0000217  -0.00016203
 173    0.0000267  -0.00016874
 174    0.0000310  -0.00018422
 175    0.0000203  -0.00017324
 176    0.0000205  -0.00015047
 177    0.0000341  -0.00020845
 178    0.0000001  -0.00000185
 179    0.0000001  -0.00000143
 180    0.0000001  -0.00000114
 181    0.0000121  -0.00006600
 182    0.0000114  -0.00005412
 183    0.0000110  -0.00005638
 184    0.0000188  -0.00013117
 185    0.0000221  -0.00014973
 186    0.0000231  -0.00014882
 187    0.0000202  -0.00013742
 188    0.0000220  -0.00013956
 189    0.0000263  -0.00016496
 190    0.0000181  -0.00014272
 191    0.0000178  -0.00013559
 192    0.0000250  -0.00018120
 193    0.0000001  -0.00000137
 194    0.0000001  -0.00000139
 195    0.0000001  -0.00000083
 196    0.0000112  -0.00005692
 197    0.0000082  -0.00004021
 198    0.0000083  -0.00003932
 199    0.0000184  -0.00012821
 200    0.0000213  -0.00014813
 201    0.0000155  -0.00012326
 202    0.0000129  -0.00009402
 203    0.0000219  -0.00014050
 204    0.0000226  -0.00014160
 205    0.0000170  -0.00013377
 206    0.0000128  -0.00011032
 207    0.0000221  -0.00015434
 208    0.0000001  -0.00000074
 209    0.0000001  -0.00000111
 210    0.0000001  -0.00000077
 211    0.0000102  -0.00005546
 212    0.0000054  -0.00003084
 213    0.0000081  -0.00004022
 214    0.0000174  -0.00012671
 215    0.0000094  -0.00006894
 216    0.0000124  -0.00009670
 217    0.0000063  -0.00004063
 218    0.0000189  -0.00013399
 219    0.0000186  -0.00013489
 220    0.0000115  -0.00009282
 221    0.0000105  -0.00008956
 222    0.0000200  -0.00014946
 223    0.0000000  -0.00000056
 224    0.0000001  -0.00000085
 225    0.0000001  -0.00000063
 226    0.0000075  -0.00004986
 227    0.0000016  -0.00001034
 228    0.0000022  -0.00001501
 229    0.0000036  -0.00003141
 230    0.0000018  -0.00001676
 231    0.0000030  -0.00003027
 232    0.0000050  -0.00003779
 233    0.0000059  -0.00004328
 234    0.0000138  -0.00011892
 235    0.0000035  -0.00003541
 236    0.0000028  -0.00003071
 237    0.0000142  -0.00012921
 238    0.0000000  -0.00000031
 239    0.0000001  -0.00000065
 240    0.0000000  -0.00000044
 241    0.0000028  -0.00002019
 242    0.0000006  -0.00000564
 243    0.0000014  -0.00000998
 244    0.0000031  -0.00003069
 245    0.0000017  -0.00001699
 246    0.0000006  -0.00000594
 247    0.0000036  -0.00003508
 248    0.0000037  -0.00003455
 249    0.0000010  -0.00000923
 250    0.0000006  -0.00000612
 251    0.0000014  -0.00001205
 252    0.0000008  -0.00000713
 253    0.0000000  -0.00000029
 254    0.0000000  -0.00000054
 255    0.0000000  -0.00000027
 
----------------
 Final Energies 
----------------
Final NOF Total Energy =    -301.2076649
 
Total Orbital Internal Iterations = 206
Total Occupation Internal Iterations = 21
 
Elapsed time:  169.08 Seconds

---------------------------------
   Lowdin Population Analysis    
---------------------------------
 Idx  Atom   Population   Charge 
---------------------------------
  1     H     1.509      -0.509
  2     H     1.508      -0.508
  3     H     1.508      -0.508
  4     F     8.488       0.512
  5     F     8.493       0.507
  6     F     8.494       0.506

---------------------------------
   M Diagnostic: 0.03
---------------------------------

