Computing Integrals
Basis Set                                            = def2-qzvp
Auxiliary Basis Set                                  = def2-universal-jkfit
Gaussian Type                                        = Spherical
Elapsed time:   14.05 Seconds

Number of basis functions                   (NBF)    = 522
Number of auxiliary basis functions         (NBFAUX) = 558
Inactive Doubly occupied orbitals up to     (NO1)    = 0
No. considered Strongly Doubly occupied MOs (NDOC)   = 21
No. considered Strongly Singly occupied MOs (NSOC)   = 0
NO. of Weakly occ. per St. Doubly occ.  MOs (NCWO)   = 23
Dimension of the Nat. Orb. subspace         (NBF5)   = 504
No. of electrons                                     = 42
    No. of alpha electrons                           = 21
    No. of beta electrons                            = 21
Multiplicity                                         = 1

Geometry
========
 C      -1.1988023       0.6921288       0.0000000
 C      -1.1988023      -0.6921288       0.0000000
 C       0.0000000      -1.3842576       0.0000000
 C       1.1988023      -0.6921288       0.0000000
 C       1.1988023       0.6921288       0.0000000
 C       0.0000000       1.3842576       0.0000000
 H      -2.1331550      -1.2315776       0.0000000
 H       0.0000000      -2.4631552       0.0000000
 H       2.1331550      -1.2315776       0.0000000
 H       2.1331550       1.2315776       0.0000000
 H       0.0000000       2.4631552       0.0000000
 H      -2.1331550       1.2315776       0.0000000

No violations of the orthonormality
No violations of the orthonormality
 
PNOF8/ADABelief Calculation
==================
 
  Nitext  Nit_orb  Time   Nit_occ  Time         Eelec          Etot           Ediff      maxdiff    MaxGrad_orb  Grad_occ
     1      10    4.7e+01    8    3.9e+01  -436.99286491  -232.03567711 -10435.99286491   0.003177   1.3e-02   2.5e-04 0.04
     2      20    7.5e+01    0    3.3e+00  -437.00435454  -232.04716674    -0.01148963   0.003177   1.3e-02   2.5e-04 0.04
     3      40    1.5e+02    4    6.5e+00  -437.00534571  -232.04815791    -0.00099118   0.004899   2.0e-02   3.0e-04 0.04
     4      40    1.4e+02    6    8.4e+00  -437.00556088  -232.04837308    -0.00021516   0.003538   1.4e-02   2.3e-04 0.04
     5      40    1.4e+02    3    5.9e+00  -437.00565656  -232.04846876    -0.00009568   0.003763   1.5e-02   2.1e-04 0.04
     6      40    1.4e+02    6    8.4e+00  -437.00571582  -232.04852802    -0.00005926   0.003402   1.4e-02   2.0e-04 0.04
     7      40    1.4e+02    1    4.2e+00  -437.00578830  -232.04860050    -0.00007248   0.003687   1.5e-02   2.5e-04 0.04
     8      40    1.5e+02    3    5.9e+00  -437.00580813  -232.04862033    -0.00001984   0.004181   1.7e-02   2.1e-04 0.04
     9      40    1.4e+02    1    4.2e+00  -437.00583680  -232.04864900    -0.00002866   0.004044   1.6e-02   2.2e-04 0.04
    10      40    1.4e+02    1    4.2e+00  -437.00587342  -232.04868562    -0.00003663   0.003421   1.4e-02   2.7e-04 0.04
    11      40    1.6e+02    6    8.3e+00  -437.00590932  -232.04872152    -0.00003590   0.003180   1.3e-02   2.4e-04 0.04
    12      40    1.5e+02    3    5.7e+00  -437.00601374  -232.04882594    -0.00010442   0.003196   1.3e-02   1.9e-04 0.04
    13      40    1.4e+02    1    4.2e+00  -437.00610363  -232.04891583    -0.00008989   0.003114   1.2e-02   3.0e-04 0.04
    14      40    1.4e+02    3    5.9e+00  -437.00619819  -232.04901039    -0.00009456   0.003313   1.3e-02   2.3e-04 0.04
    15      40    1.5e+02    3    5.9e+00  -437.00630435  -232.04911655    -0.00010616   0.003490   1.4e-02   2.3e-04 0.04
    16      40    1.4e+02    1    4.2e+00  -437.00640401  -232.04921621    -0.00009966   0.002811   1.1e-02   2.9e-04 0.04
    17      40    1.4e+02    8    1.0e+01  -437.00644309  -232.04925529    -0.00003909   0.003253   1.3e-02   1.6e-04 0.04
    18      40    1.4e+02    3    5.7e+00  -437.00656832  -232.04938052    -0.00012523   0.002760   1.1e-02   1.4e-04 0.04
    19      40    1.6e+02    3    5.7e+00  -437.00663663  -232.04944883    -0.00006830   0.002718   1.1e-02   1.9e-04 0.04
    20      40    1.5e+02    3    5.9e+00  -437.00665819  -232.04947039    -0.00002156   0.003005   1.2e-02   2.2e-04 0.04
    21      40    1.5e+02    1    4.3e+00  -437.00671470  -232.04952690    -0.00005650   0.003085   1.2e-02   2.1e-04 0.04
    22      40    1.4e+02    3    6.0e+00  -437.00674593  -232.04955813    -0.00003123   0.003207   1.3e-02   2.0e-04 0.04
    23      40    1.5e+02    6    8.6e+00  -437.00678018  -232.04959238    -0.00003425   0.003709   1.5e-02   1.7e-04 0.04
    24      40    1.6e+02    3    5.7e+00  -437.00683859  -232.04965079    -0.00005840   0.003584   1.4e-02   1.4e-04 0.04
    25      40    1.4e+02    3    6.0e+00  -437.00689263  -232.04970483    -0.00005404   0.003905   1.6e-02   1.7e-04 0.04
    26      40    1.4e+02    3    6.1e+00  -437.00691653  -232.04972873    -0.00002390   0.004033   1.6e-02   1.9e-04 0.04
    27      40    1.4e+02    3    5.9e+00  -437.00698766  -232.04979986    -0.00007113   0.003314   1.3e-02   2.0e-04 0.04
    28      40    1.4e+02    3    6.8e+00  -437.00705833  -232.04987053    -0.00007068   0.003586   1.4e-02   2.2e-04 0.04
    29      40    1.4e+02    1    4.1e+00  -437.00711998  -232.04993218    -0.00006164   0.003342   1.3e-02   2.5e-04 0.04
    30      40    1.4e+02    6    8.5e+00  -437.00715218  -232.04996438    -0.00003220   0.002800   1.1e-02   2.4e-04 0.04
    31      40    1.4e+02    1    4.3e+00  -437.00719044  -232.05000264    -0.00003826   0.004892   2.0e-02   2.0e-04 0.04
    32      40    1.4e+02    0    3.4e+00  -437.00726105  -232.05007325    -0.00007061   0.003578   1.4e-02   2.0e-04 0.04
    33      50    1.8e+02    0    3.4e+00  -437.00741222  -232.05022442    -0.00015117   0.002439   9.8e-03   2.6e-04 0.04
    34      60    2.1e+02    0    3.2e+00  -437.00747272  -232.05028492    -0.00006049   0.001772   7.1e-03   2.8e-04 0.04
    35      70    2.4e+02    0    3.4e+00  -437.00751435  -232.05032655    -0.00004163   0.001596   6.4e-03   3.1e-04 0.04
    36      80    2.6e+02    0    2.5e+00  -437.00753794  -232.05035014    -0.00002359   0.001784   7.1e-03   3.2e-04 0.04
    37      90    2.1e+02    0    2.4e+00  -437.00755179  -232.05036399    -0.00001385   0.001354   5.4e-03   3.5e-04 0.04
    38     100    2.4e+02    6    6.0e+00  -437.00757160  -232.05038380    -0.00001980   0.001019   4.1e-03   2.7e-04 0.04
    39     100    2.4e+02    0    2.6e+00  -437.00763102  -232.05044322    -0.00005942   0.001277   5.1e-03   2.9e-04 0.04
    40     110    2.6e+02    0    2.3e+00  -437.00764340  -232.05045560    -0.00001238   0.000955   3.8e-03   3.1e-04 0.04
 
RESULTS OF THE OCCUPATION OPTIMIZATION
========================================
   1    1.9999571  -11.23908581
   2    1.9999580  -11.23884228
   3    1.9999520  -11.23864565
   4    1.9999541  -11.23850644
   5    1.9999548  -11.23839226
   6    1.9999519  -11.23838928
   7    1.9793889  -1.07418288
   8    1.9779711  -1.05853445
   9    1.9785191  -0.93409581
  10    1.9779446  -0.85463874
  11    1.9723911  -0.78382640
  12    1.9722282  -0.78229891
  13    1.9723814  -0.67989045
  14    1.9702565  -0.67419703
  15    1.9700165  -0.64301610
  16    1.9705839  -0.60424099
  17    1.9668840  -0.59646483
  18    1.9682082  -0.59272340
  19    1.9589657  -0.43893240
  20    1.9583096  -0.42294324
  21    1.9573363  -0.41386018
  22    0.0359745  -0.03835228
  23    0.0332482  -0.03652533
  24    0.0288839  -0.03253273
  25    0.0216907  -0.03097899
  26    0.0209996  -0.03003081
  27    0.0156278  -0.02070298
  28    0.0185196  -0.02302033
  29    0.0172844  -0.02266195
  30    0.0141462  -0.01966155
  31    0.0200048  -0.03086055
  32    0.0203127  -0.03091850
  33    0.0084125  -0.01386949
  34    0.0102135  -0.01634517
  35    0.0148661  -0.02488698
  36    0.0120459  -0.02069930
  37    0.0000370  -0.00072275
  38    0.0000316  -0.00057542
  39    0.0000270  -0.00053414
  40    0.0000386  -0.00072614
  41    0.0000304  -0.00058122
  42    0.0000342  -0.00066457
  43    0.0047260  -0.00658065
  44    0.0060705  -0.00907975
  45    0.0063527  -0.00949933
  46    0.0040128  -0.00672802
  47    0.0058033  -0.00931285
  48    0.0061302  -0.00976386
  49    0.0049155  -0.00701359
  50    0.0055737  -0.00918759
  51    0.0064298  -0.00988228
  52    0.0032302  -0.00592692
  53    0.0035808  -0.00635047
  54    0.0049256  -0.00852373
  55    0.0033102  -0.00689530
  56    0.0030397  -0.00589748
  57    0.0032826  -0.00615841
  58    0.0000035  -0.00007132
  59    0.0000040  -0.00008928
  60    0.0000052  -0.00009838
  61    0.0000024  -0.00002293
  62    0.0000055  -0.00010233
  63    0.0000023  -0.00002315
  64    0.0008151  -0.00161901
  65    0.0008152  -0.00162456
  66    0.0046896  -0.00668336
  67    0.0037708  -0.00714634
  68    0.0038674  -0.00654490
  69    0.0025391  -0.00441232
  70    0.0020913  -0.00402884
  71    0.0025242  -0.00447188
  72    0.0024774  -0.00437143
  73    0.0011080  -0.00307613
  74    0.0011159  -0.00296605
  75    0.0023168  -0.00623373
  76    0.0022564  -0.00686336
  77    0.0015152  -0.00521010
  78    0.0021546  -0.00722713
  79    0.0000018  -0.00001770
  80    0.0000026  -0.00002369
  81    0.0000050  -0.00008794
  82    0.0000021  -0.00002014
  83    0.0000017  -0.00003225
  84    0.0000017  -0.00003530
  85    0.0004077  -0.00087369
  86    0.0006451  -0.00127735
  87    0.0004164  -0.00089904
  88    0.0007775  -0.00166908
  89    0.0011203  -0.00252827
  90    0.0020091  -0.00399569
  91    0.0017209  -0.00351053
  92    0.0018857  -0.00387480
  93    0.0016505  -0.00389583
  94    0.0009300  -0.00228740
  95    0.0009320  -0.00242452
  96    0.0017316  -0.00646743
  97    0.0017162  -0.00651246
  98    0.0009639  -0.00305525
  99    0.0011134  -0.00513789
 100    0.0000013  -0.00001375
 101    0.0000020  -0.00001754
 102    0.0000044  -0.00008543
 103    0.0000013  -0.00005901
 104    0.0000010  -0.00004662
 105    0.0000010  -0.00003910
 106    0.0002049  -0.00045265
 107    0.0004324  -0.00091478
 108    0.0002759  -0.00061514
 109    0.0003967  -0.00102359
 110    0.0002968  -0.00078573
 111    0.0015531  -0.00366069
 112    0.0007836  -0.00174138
 113    0.0007351  -0.00164119
 114    0.0007746  -0.00174749
 115    0.0007197  -0.00178132
 116    0.0004020  -0.00108628
 117    0.0012674  -0.00332710
 118    0.0010515  -0.00324767
 119    0.0005232  -0.00211109
 120    0.0005945  -0.00234535
 121    0.0000011  -0.00004932
 122    0.0000007  -0.00001373
 123    0.0000008  -0.00001504
 124    0.0000007  -0.00001572
 125    0.0000009  -0.00002737
 126    0.0000009  -0.00003407
 127    0.0001677  -0.00037299
 128    0.0001420  -0.00032579
 129    0.0001156  -0.00029951
 130    0.0002922  -0.00073649
 131    0.0002871  -0.00072446
 132    0.0004636  -0.00107747
 133    0.0006983  -0.00168101
 134    0.0004293  -0.00102408
 135    0.0005021  -0.00124356
 136    0.0007087  -0.00155922
 137    0.0003168  -0.00091514
 138    0.0012625  -0.00335864
 139    0.0009400  -0.00280960
 140    0.0003596  -0.00199998
 141    0.0004352  -0.00223391
 142    0.0000011  -0.00005210
 143    0.0000007  -0.00000937
 144    0.0000008  -0.00001271
 145    0.0000006  -0.00000481
 146    0.0000004  -0.00000398
 147    0.0000007  -0.00000940
 148    0.0001333  -0.00030148
 149    0.0001067  -0.00027366
 150    0.0000748  -0.00020351
 151    0.0002792  -0.00070395
 152    0.0002080  -0.00056012
 153    0.0002281  -0.00058298
 154    0.0003224  -0.00089800
 155    0.0003699  -0.00099578
 156    0.0004673  -0.00107963
 157    0.0003854  -0.00108685
 158    0.0001748  -0.00057310
 159    0.0007196  -0.00158608
 160    0.0006436  -0.00177428
 161    0.0001869  -0.00086674
 162    0.0001908  -0.00093231
 163    0.0000004  -0.00000451
 164    0.0000006  -0.00000922
 165    0.0000006  -0.00000539
 166    0.0000004  -0.00000412
 167    0.0000003  -0.00000312
 168    0.0000005  -0.00000479
 169    0.0000834  -0.00022462
 170    0.0000747  -0.00019837
 171    0.0000559  -0.00015968
 172    0.0002105  -0.00056104
 173    0.0001169  -0.00033285
 174    0.0001696  -0.00046355
 175    0.0002967  -0.00069044
 176    0.0002928  -0.00081846
 177    0.0003541  -0.00131923
 178    0.0002071  -0.00063795
 179    0.0001331  -0.00039116
 180    0.0004387  -0.00230725
 181    0.0003691  -0.00189991
 182    0.0001564  -0.00070314
 183    0.0001571  -0.00064419
 184    0.0000004  -0.00000338
 185    0.0000006  -0.00000934
 186    0.0000003  -0.00000257
 187    0.0000003  -0.00000246
 188    0.0000003  -0.00000299
 189    0.0000004  -0.00000332
 190    0.0000388  -0.00013385
 191    0.0000455  -0.00013632
 192    0.0000368  -0.00010539
 193    0.0001061  -0.00030347
 194    0.0001084  -0.00030363
 195    0.0001547  -0.00040725
 196    0.0002108  -0.00065453
 197    0.0001380  -0.00041159
 198    0.0002719  -0.00077678
 199    0.0001142  -0.00035286
 200    0.0001200  -0.00037555
 201    0.0003537  -0.00140414
 202    0.0003091  -0.00127916
 203    0.0000888  -0.00033527
 204    0.0001472  -0.00058567
 205    0.0000003  -0.00000226
 206    0.0000004  -0.00000380
 207    0.0000003  -0.00000211
 208    0.0000003  -0.00000214
 209    0.0000002  -0.00000214
 210    0.0000001  -0.00000134
 211    0.0000318  -0.00008847
 212    0.0000367  -0.00010829
 213    0.0000270  -0.00007451
 214    0.0000502  -0.00017837
 215    0.0000872  -0.00026807
 216    0.0001379  -0.00040821
 217    0.0001368  -0.00042386
 218    0.0001290  -0.00037123
 219    0.0001421  -0.00041365
 220    0.0000807  -0.00027087
 221    0.0001126  -0.00036665
 222    0.0002049  -0.00083610
 223    0.0001578  -0.00063796
 224    0.0000808  -0.00028733
 225    0.0001200  -0.00045231
 226    0.0000002  -0.00000187
 227    0.0000003  -0.00000309
 228    0.0000002  -0.00000202
 229    0.0000002  -0.00000211
 230    0.0000002  -0.00000158
 231    0.0000001  -0.00000132
 232    0.0000251  -0.00007092
 233    0.0000185  -0.00006086
 234    0.0000172  -0.00005526
 235    0.0000413  -0.00014925
 236    0.0000463  -0.00015754
 237    0.0001247  -0.00038569
 238    0.0000578  -0.00019423
 239    0.0000947  -0.00029003
 240    0.0000903  -0.00026724
 241    0.0000527  -0.00017755
 242    0.0001097  -0.00034669
 243    0.0001467  -0.00072665
 244    0.0001411  -0.00056675
 245    0.0000699  -0.00023177
 246    0.0000845  -0.00031969
 247    0.0000001  -0.00000122
 248    0.0000003  -0.00000242
 249    0.0000002  -0.00000169
 250    0.0000002  -0.00000190
 251    0.0000001  -0.00000124
 252    0.0000001  -0.00000108
 253    0.0000104  -0.00003772
 254    0.0000135  -0.00004647
 255    0.0000140  -0.00004715
 256    0.0000348  -0.00013406
 257    0.0000372  -0.00013809
 258    0.0000785  -0.00024832
 259    0.0000570  -0.00018860
 260    0.0000837  -0.00026940
 261    0.0000817  -0.00026540
 262    0.0000506  -0.00017531
 263    0.0000830  -0.00027385
 264    0.0000590  -0.00021339
 265    0.0000992  -0.00035593
 266    0.0000389  -0.00015570
 267    0.0000656  -0.00021711
 268    0.0000001  -0.00000108
 269    0.0000002  -0.00000210
 270    0.0000002  -0.00000194
 271    0.0000002  -0.00000162
 272    0.0000001  -0.00000108
 273    0.0000001  -0.00000104
 274    0.0000092  -0.00002367
 275    0.0000076  -0.00002499
 276    0.0000132  -0.00005067
 277    0.0000281  -0.00010406
 278    0.0000319  -0.00010531
 279    0.0000505  -0.00018050
 280    0.0000449  -0.00014934
 281    0.0000409  -0.00014932
 282    0.0000568  -0.00020309
 283    0.0000457  -0.00016761
 284    0.0000567  -0.00019888
 285    0.0000498  -0.00017514
 286    0.0000934  -0.00033472
 287    0.0000276  -0.00011982
 288    0.0000553  -0.00018888
 289    0.0000001  -0.00000100
 290    0.0000002  -0.00000182
 291    0.0000002  -0.00000179
 292    0.0000001  -0.00000094
 293    0.0000001  -0.00000078
 294    0.0000001  -0.00000061
 295    0.0000081  -0.00002354
 296    0.0000063  -0.00002372
 297    0.0000128  -0.00004681
 298    0.0000202  -0.00007743
 299    0.0000249  -0.00009260
 300    0.0000420  -0.00014909
 301    0.0000242  -0.00008692
 302    0.0000361  -0.00012349
 303    0.0000357  -0.00013881
 304    0.0000269  -0.00010558
 305    0.0000496  -0.00016850
 306    0.0000468  -0.00016704
 307    0.0000642  -0.00025130
 308    0.0000247  -0.00009891
 309    0.0000513  -0.00019262
 310    0.0000001  -0.00000074
 311    0.0000001  -0.00000156
 312    0.0000002  -0.00000142
 313    0.0000001  -0.00000089
 314    0.0000001  -0.00000067
 315    0.0000001  -0.00000060
 316    0.0000059  -0.00002253
 317    0.0000062  -0.00002219
 318    0.0000100  -0.00003160
 319    0.0000202  -0.00007786
 320    0.0000175  -0.00007172
 321    0.0000317  -0.00012338
 322    0.0000224  -0.00008551
 323    0.0000315  -0.00012346
 324    0.0000299  -0.00011760
 325    0.0000228  -0.00009012
 326    0.0000312  -0.00012439
 327    0.0000270  -0.00010904
 328    0.0000345  -0.00014133
 329    0.0000197  -0.00008931
 330    0.0000331  -0.00013162
 331    0.0000001  -0.00000075
 332    0.0000001  -0.00000122
 333    0.0000001  -0.00000100
 334    0.0000001  -0.00000078
 335    0.0000001  -0.00000058
 336    0.0000001  -0.00000060
 337    0.0000053  -0.00002050
 338    0.0000056  -0.00002286
 339    0.0000092  -0.00003409
 340    0.0000168  -0.00006324
 341    0.0000153  -0.00005748
 342    0.0000283  -0.00011054
 343    0.0000178  -0.00007705
 344    0.0000247  -0.00009361
 345    0.0000292  -0.00011167
 346    0.0000192  -0.00008006
 347    0.0000230  -0.00009131
 348    0.0000258  -0.00011305
 349    0.0000187  -0.00009128
 350    0.0000173  -0.00007527
 351    0.0000289  -0.00011787
 352    0.0000001  -0.00000060
 353    0.0000001  -0.00000105
 354    0.0000001  -0.00000097
 355    0.0000001  -0.00000052
 356    0.0000001  -0.00000055
 357    0.0000001  -0.00000057
 358    0.0000039  -0.00001604
 359    0.0000046  -0.00001778
 360    0.0000087  -0.00003225
 361    0.0000147  -0.00005548
 362    0.0000145  -0.00005711
 363    0.0000123  -0.00005107
 364    0.0000148  -0.00005658
 365    0.0000236  -0.00008131
 366    0.0000224  -0.00008666
 367    0.0000185  -0.00007517
 368    0.0000132  -0.00005850
 369    0.0000169  -0.00007737
 370    0.0000168  -0.00007438
 371    0.0000152  -0.00007437
 372    0.0000227  -0.00009751
 373    0.0000001  -0.00000060
 374    0.0000001  -0.00000092
 375    0.0000001  -0.00000057
 376    0.0000001  -0.00000049
 377    0.0000001  -0.00000059
 378    0.0000001  -0.00000055
 379    0.0000037  -0.00001569
 380    0.0000045  -0.00001745
 381    0.0000069  -0.00002587
 382    0.0000105  -0.00004541
 383    0.0000100  -0.00004032
 384    0.0000106  -0.00004549
 385    0.0000120  -0.00004864
 386    0.0000214  -0.00008485
 387    0.0000184  -0.00008132
 388    0.0000139  -0.00006105
 389    0.0000124  -0.00005422
 390    0.0000146  -0.00007015
 391    0.0000126  -0.00005615
 392    0.0000131  -0.00006078
 393    0.0000105  -0.00005409
 394    0.0000001  -0.00000062
 395    0.0000001  -0.00000081
 396    0.0000001  -0.00000049
 397    0.0000001  -0.00000034
 398    0.0000001  -0.00000046
 399    0.0000001  -0.00000052
 400    0.0000036  -0.00001469
 401    0.0000030  -0.00001332
 402    0.0000051  -0.00002034
 403    0.0000087  -0.00003919
 404    0.0000077  -0.00003699
 405    0.0000069  -0.00003555
 406    0.0000104  -0.00004630
 407    0.0000160  -0.00006417
 408    0.0000162  -0.00006208
 409    0.0000128  -0.00005757
 410    0.0000080  -0.00003986
 411    0.0000128  -0.00005492
 412    0.0000090  -0.00004641
 413    0.0000118  -0.00005688
 414    0.0000077  -0.00004153
 415    0.0000001  -0.00000038
 416    0.0000001  -0.00000070
 417    0.0000001  -0.00000041
 418    0.0000001  -0.00000031
 419    0.0000001  -0.00000034
 420    0.0000001  -0.00000034
 421    0.0000026  -0.00001186
 422    0.0000019  -0.00000860
 423    0.0000033  -0.00001514
 424    0.0000051  -0.00002453
 425    0.0000053  -0.00002549
 426    0.0000065  -0.00003490
 427    0.0000095  -0.00004241
 428    0.0000037  -0.00001781
 429    0.0000099  -0.00004425
 430    0.0000072  -0.00003683
 431    0.0000077  -0.00003921
 432    0.0000066  -0.00003832
 433    0.0000083  -0.00004218
 434    0.0000053  -0.00003159
 435    0.0000044  -0.00002619
 436    0.0000001  -0.00000038
 437    0.0000001  -0.00000055
 438    0.0000001  -0.00000035
 439    0.0000000  -0.00000027
 440    0.0000001  -0.00000033
 441    0.0000001  -0.00000031
 442    0.0000011  -0.00000551
 443    0.0000006  -0.00000347
 444    0.0000025  -0.00001171
 445    0.0000019  -0.00001121
 446    0.0000042  -0.00001838
 447    0.0000057  -0.00003167
 448    0.0000081  -0.00003897
 449    0.0000019  -0.00001169
 450    0.0000071  -0.00003799
 451    0.0000064  -0.00003237
 452    0.0000075  -0.00003734
 453    0.0000061  -0.00003508
 454    0.0000068  -0.00003782
 455    0.0000020  -0.00001283
 456    0.0000035  -0.00002067
 457    0.0000001  -0.00000024
 458    0.0000001  -0.00000052
 459    0.0000001  -0.00000031
 460    0.0000000  -0.00000024
 461    0.0000000  -0.00000022
 462    0.0000000  -0.00000023
 463    0.0000008  -0.00000388
 464    0.0000006  -0.00000349
 465    0.0000018  -0.00000796
 466    0.0000017  -0.00001085
 467    0.0000035  -0.00001679
 468    0.0000042  -0.00002133
 469    0.0000042  -0.00002120
 470    0.0000017  -0.00001029
 471    0.0000030  -0.00001667
 472    0.0000044  -0.00002334
 473    0.0000047  -0.00002398
 474    0.0000050  -0.00003011
 475    0.0000067  -0.00003721
 476    0.0000019  -0.00001303
 477    0.0000014  -0.00000852
 478    0.0000000  -0.00000019
 479    0.0000001  -0.00000048
 480    0.0000000  -0.00000018
 481    0.0000000  -0.00000025
 482    0.0000000  -0.00000016
 483    0.0000000  -0.00000019
 484    0.0000008  -0.00000388
 485    0.0000005  -0.00000307
 486    0.0000008  -0.00000501
 487    0.0000012  -0.00000708
 488    0.0000028  -0.00001411
 489    0.0000012  -0.00000706
 490    0.0000041  -0.00001977
 491    0.0000015  -0.00000822
 492    0.0000019  -0.00001218
 493    0.0000018  -0.00001134
 494    0.0000016  -0.00001037
 495    0.0000050  -0.00002912
 496    0.0000021  -0.00001299
 497    0.0000011  -0.00000716
 498    0.0000010  -0.00000740
 499    0.0000000  -0.00000017
 500    0.0000001  -0.00000045
 501    0.0000000  -0.00000018
 502    0.0000000  -0.00000016
 503    0.0000000  -0.00000016
 504    0.0000000  -0.00000016
 
----------------
 Final Energies 
----------------
Final NOF Total Energy =    -232.0504556
 
Total Orbital Internal Iterations = 1890
Total Occupation Internal Iterations = 106
 
Elapsed time: 6932.94 Seconds

---------------------------------
   Lowdin Population Analysis    
---------------------------------
 Idx  Atom   Population   Charge 
---------------------------------
  1     C     5.938       0.062
  2     C     5.938       0.062
  3     C     5.942       0.058
  4     C     5.938       0.062
  5     C     5.938       0.062
  6     C     5.938       0.062
  7     H     1.061      -0.061
  8     H     1.063      -0.063
  9     H     1.061      -0.061
 10     H     1.061      -0.061
 11     H     1.062      -0.062
 12     H     1.061      -0.061

---------------------------------
   M Diagnostic: 0.04
---------------------------------

