Computing Integrals
Basis Set                                            = def2-qzvp
Auxiliary Basis Set                                  = def2-universal-jkfit
Gaussian Type                                        = Spherical
Elapsed time:    4.16 Seconds

Number of basis functions                   (NBF)    = 348
Number of auxiliary basis functions         (NBFAUX) = 376
Inactive Doubly occupied orbitals up to     (NO1)    = 0
No. considered Strongly Doubly occupied MOs (NDOC)   = 16
No. considered Strongly Singly occupied MOs (NSOC)   = 0
NO. of Weakly occ. per St. Doubly occ.  MOs (NCWO)   = 20
Dimension of the Nat. Orb. subspace         (NBF5)   = 336
No. of electrons                                     = 32
    No. of alpha electrons                           = 16
    No. of beta electrons                            = 16
Multiplicity                                         = 1

Geometry
========
 C      -0.5543981      -0.1533469      -0.0403215
 O      -1.2580164      -1.1266614      -0.2801091
 O      -1.0268244       1.0490885       0.2474569
 H      -2.0206130       1.0161902       0.2330564
 C       0.9423144      -0.1992497      -0.0422859
 H       1.2798939      -1.2005689      -0.2798114
 H       1.3238129       0.5111033      -0.7717548
 H       1.3138307       0.1034449       0.9337694

No violations of the orthonormality
No violations of the orthonormality
 
PNOF8/ADABelief Calculation
==================
 
  Nitext  Nit_orb  Time   Nit_occ  Time         Eelec          Etot           Ediff      maxdiff    MaxGrad_orb  Grad_occ
     1      10    2.7e+01  108    5.2e+01  -349.88177438  -228.53164741 -10348.88177438   0.026318   1.1e-01   2.6e-04 0.05
     2      20    1.2e+01   64    1.4e+01  -350.08628197  -228.73615500    -0.20450759   0.558242   2.2e+00   2.5e-04 0.04
     3      20    1.1e+01   38    8.6e+00  -350.21452623  -228.86439926    -0.12824426   0.171407   6.9e-01   2.4e-04 0.04
     4      20    1.2e+01   26    6.6e+00  -350.22369460  -228.87356763    -0.00916837   0.114030   4.6e-01   2.3e-04 0.04
     5      20    1.1e+01   14    3.7e+00  -350.25679795  -228.90667098    -0.03310335   0.028216   1.1e-01   2.7e-04 0.04
     6      20    1.0e+01   18    4.5e+00  -350.27180602  -228.92167905    -0.01500807   0.025559   1.0e-01   2.3e-04 0.04
     7      20    1.0e+01   14    3.9e+00  -350.28290239  -228.93277543    -0.01109638   0.028057   1.1e-01   2.5e-04 0.04
     8      20    1.1e+01    0    5.6e-01  -350.28326935  -228.93314238    -0.00036696   0.028057   1.1e-01   2.5e-04 0.04
     9      40    2.9e+01    7    2.3e+00  -350.30253624  -228.95240927    -0.01926689   0.005095   2.0e-02   2.5e-04 0.04
    10      40    2.3e+01    7    2.5e+00  -350.30345983  -228.95333286    -0.00092359   0.004227   1.7e-02   2.8e-04 0.04
    11      40    2.1e+01   13    3.5e+00  -350.30438830  -228.95426133    -0.00092847   0.003889   1.6e-02   1.8e-04 0.04
    12      40    2.1e+01    7    2.3e+00  -350.30502551  -228.95489854    -0.00063720   0.003949   1.6e-02   2.3e-04 0.04
    13      40    2.1e+01    7    2.3e+00  -350.30558045  -228.95545348    -0.00055495   0.003707   1.5e-02   2.8e-04 0.04
    14      40    2.2e+01    8    2.4e+00  -350.30602998  -228.95590301    -0.00044953   0.021548   8.6e-02   2.7e-04 0.04
    15      40    2.2e+01    7    2.3e+00  -350.30649461  -228.95636764    -0.00046463   0.003949   1.6e-02   2.4e-04 0.04
    16      40    2.2e+01    7    2.3e+00  -350.30680446  -228.95667749    -0.00030985   0.004591   1.8e-02   2.3e-04 0.04
    17      40    2.4e+01   10    3.2e+00  -350.30703615  -228.95690918    -0.00023169   0.006606   2.6e-02   1.9e-04 0.04
    18      40    2.3e+01    7    2.3e+00  -350.30728665  -228.95715968    -0.00025051   0.003945   1.6e-02   2.2e-04 0.04
    19      40    2.1e+01    7    2.3e+00  -350.30739814  -228.95727117    -0.00011149   0.005373   2.1e-02   2.3e-04 0.04
    20      40    2.3e+01    7    2.3e+00  -350.30764945  -228.95752248    -0.00025130   0.004057   1.6e-02   2.0e-04 0.04
    21      40    2.2e+01    3    1.4e+00  -350.30780580  -228.95767883    -0.00015636   0.004631   1.9e-02   2.8e-04 0.04
    22      40    2.3e+01   10    3.2e+00  -350.30793850  -228.95781153    -0.00013270   0.004616   1.8e-02   1.7e-04 0.04
    23      40    2.2e+01    7    2.3e+00  -350.30810708  -228.95798011    -0.00016858   0.005543   2.2e-02   2.7e-04 0.04
    24      40    2.3e+01    7    2.3e+00  -350.30825744  -228.95813047    -0.00015036   0.005029   2.0e-02   2.2e-04 0.04
    25      40    2.3e+01    3    1.5e+00  -350.30836463  -228.95823766    -0.00010719   0.004873   1.9e-02   2.4e-04 0.04
    26      40    2.3e+01    7    2.3e+00  -350.30843350  -228.95830653    -0.00006887   0.004882   2.0e-02   2.1e-04 0.04
    27      40    2.3e+01    3    1.4e+00  -350.30851995  -228.95839298    -0.00008644   0.004952   2.0e-02   2.3e-04 0.04
    28      40    2.2e+01   10    3.2e+00  -350.30855642  -228.95842945    -0.00003647   0.005289   2.1e-02   1.7e-04 0.04
    29      40    2.3e+01    3    1.3e+00  -350.30865260  -228.95852563    -0.00009618   0.004421   1.8e-02   2.2e-04 0.04
    30      40    2.3e+01    4    1.7e+00  -350.30872932  -228.95860235    -0.00007672   0.004993   2.0e-02   2.3e-04 0.04
    31      40    2.1e+01    6    2.0e+00  -350.30882552  -228.95869855    -0.00009620   0.004395   1.8e-02   1.9e-04 0.04
    32      40    2.2e+01    7    2.4e+00  -350.30891700  -228.95879003    -0.00009148   0.005004   2.0e-02   2.0e-04 0.04
    33      40    2.2e+01    7    2.4e+00  -350.30901328  -228.95888631    -0.00009628   0.004469   1.8e-02   1.7e-04 0.04
    34      40    2.2e+01    4    1.5e+00  -350.30912159  -228.95899462    -0.00010831   0.004374   1.7e-02   2.2e-04 0.04
    35      40    2.2e+01    6    2.1e+00  -350.30918208  -228.95905511    -0.00006049   0.004220   1.7e-02   2.1e-04 0.04
    36      40    2.3e+01    7    2.4e+00  -350.30922781  -228.95910084    -0.00004572   0.004112   1.6e-02   1.6e-04 0.04
    37      40    2.2e+01    3    1.3e+00  -350.30932448  -228.95919751    -0.00009667   0.004602   1.8e-02   2.1e-04 0.04
    38      40    2.2e+01    7    2.4e+00  -350.30942351  -228.95929654    -0.00009903   0.005122   2.0e-02   1.7e-04 0.04
    39      40    2.1e+01    3    1.3e+00  -350.30946457  -228.95933760    -0.00004106   0.005075   2.0e-02   2.0e-04 0.04
    40      40    2.1e+01    6    2.0e+00  -350.30954240  -228.95941543    -0.00007782   0.004850   1.9e-02   2.2e-04 0.04
 
RESULTS OF THE OCCUPATION OPTIMIZATION
========================================
   1    1.9999840  -20.63033018
   2    1.9999842  -20.59854980
   3    1.9999634  -11.33352312
   4    1.9999595  -11.29450333
   5    1.9845010  -1.43114057
   6    1.9830444  -1.35326950
   7    1.9789771  -1.02613192
   8    1.9763787  -0.76814846
   9    1.9672019  -0.75606173
  10    1.9693443  -0.69976731
  11    1.9743504  -0.67602131
  12    1.9679933  -0.66918410
  13    1.9643697  -0.66726232
  14    1.9690275  -0.62179314
  15    1.9690055  -0.59820612
  16    1.9550053  -0.53005472
  17    0.0406659  -0.05446278
  18    0.0180461  -0.02090321
  19    0.0172591  -0.02092288
  20    0.0306982  -0.04750506
  21    0.0269708  -0.04110224
  22    0.0088892  -0.01530386
  23    0.0216547  -0.03111329
  24    0.0262633  -0.03562856
  25    0.0093886  -0.01840912
  26    0.0135483  -0.01973721
  27    0.0067711  -0.01644740
  28    0.0068555  -0.01562477
  29    0.0000310  -0.00060957
  30    0.0000250  -0.00050554
  31    0.0000144  -0.00049443
  32    0.0000143  -0.00048928
  33    0.0035011  -0.00699658
  34    0.0056417  -0.00774045
  35    0.0052932  -0.00742059
  36    0.0040101  -0.00854459
  37    0.0032791  -0.00705675
  38    0.0076240  -0.01415067
  39    0.0048997  -0.00872440
  40    0.0046231  -0.00886640
  41    0.0047045  -0.00912887
  42    0.0024637  -0.00691678
  43    0.0035722  -0.00842857
  44    0.0035533  -0.00876511
  45    0.0000032  -0.00006230
  46    0.0000037  -0.00008441
  47    0.0000003  -0.00002632
  48    0.0000004  -0.00002789
  49    0.0002435  -0.00074495
  50    0.0035852  -0.00614749
  51    0.0048615  -0.00707051
  52    0.0002939  -0.00092057
  53    0.0005528  -0.00158237
  54    0.0055916  -0.00993388
  55    0.0027102  -0.00594455
  56    0.0006531  -0.00171696
  57    0.0045841  -0.00882778
  58    0.0012818  -0.00346682
  59    0.0021191  -0.00757252
  60    0.0015908  -0.00599159
  61    0.0000012  -0.00004590
  62    0.0000017  -0.00001733
  63    0.0000002  -0.00000273
  64    0.0000003  -0.00000371
  65    0.0002187  -0.00067132
  66    0.0011577  -0.00244955
  67    0.0012961  -0.00279856
  68    0.0002614  -0.00081657
  69    0.0003562  -0.00108410
  70    0.0009670  -0.00279032
  71    0.0004684  -0.00128355
  72    0.0004802  -0.00129215
  73    0.0016466  -0.00533704
  74    0.0012466  -0.00334080
  75    0.0012021  -0.00457146
  76    0.0007961  -0.00284416
  77    0.0000009  -0.00002210
  78    0.0000014  -0.00001295
  79    0.0000002  -0.00000190
  80    0.0000002  -0.00000261
  81    0.0002058  -0.00062836
  82    0.0010760  -0.00213853
  83    0.0011038  -0.00230847
  84    0.0001328  -0.00041211
  85    0.0003008  -0.00091991
  86    0.0006373  -0.00193860
  87    0.0002703  -0.00081770
  88    0.0002780  -0.00087486
  89    0.0013211  -0.00393961
  90    0.0006723  -0.00228954
  91    0.0010825  -0.00384915
  92    0.0007673  -0.00462421
  93    0.0000007  -0.00000698
  94    0.0000010  -0.00005414
  95    0.0000001  -0.00000167
  96    0.0000002  -0.00000253
  97    0.0000418  -0.00011333
  98    0.0005863  -0.00127690
  99    0.0003878  -0.00091509
 100    0.0000963  -0.00034477
 101    0.0002596  -0.00079729
 102    0.0005675  -0.00161683
 103    0.0002433  -0.00076141
 104    0.0002666  -0.00088930
 105    0.0007042  -0.00204592
 106    0.0005411  -0.00161639
 107    0.0006817  -0.00335019
 108    0.0005798  -0.00215629
 109    0.0000006  -0.00000741
 110    0.0000009  -0.00002535
 111    0.0000001  -0.00000108
 112    0.0000001  -0.00000160
 113    0.0000372  -0.00009684
 114    0.0003551  -0.00083216
 115    0.0003489  -0.00084617
 116    0.0000320  -0.00014150
 117    0.0000854  -0.00030022
 118    0.0003771  -0.00108332
 119    0.0001540  -0.00048115
 120    0.0000586  -0.00020510
 121    0.0003500  -0.00107119
 122    0.0004032  -0.00119723
 123    0.0003642  -0.00169264
 124    0.0004663  -0.00274112
 125    0.0000006  -0.00000801
 126    0.0000007  -0.00001236
 127    0.0000001  -0.00000066
 128    0.0000001  -0.00000109
 129    0.0000288  -0.00006870
 130    0.0001241  -0.00036348
 131    0.0001329  -0.00038783
 132    0.0000208  -0.00009651
 133    0.0000494  -0.00018305
 134    0.0003350  -0.00102949
 135    0.0000714  -0.00023195
 136    0.0000465  -0.00017662
 137    0.0002951  -0.00095510
 138    0.0003338  -0.00096500
 139    0.0002990  -0.00148624
 140    0.0002497  -0.00143011
 141    0.0000004  -0.00000805
 142    0.0000005  -0.00000592
 143    0.0000000  -0.00000053
 144    0.0000001  -0.00000067
 145    0.0000096  -0.00004069
 146    0.0000975  -0.00031083
 147    0.0000752  -0.00022970
 148    0.0000166  -0.00007825
 149    0.0000391  -0.00015477
 150    0.0001582  -0.00053519
 151    0.0000444  -0.00016575
 152    0.0000293  -0.00012663
 153    0.0001635  -0.00062382
 154    0.0001703  -0.00065831
 155    0.0002342  -0.00127589
 156    0.0001428  -0.00092651
 157    0.0000004  -0.00000505
 158    0.0000004  -0.00001006
 159    0.0000000  -0.00000055
 160    0.0000001  -0.00000062
 161    0.0000094  -0.00003411
 162    0.0000852  -0.00027962
 163    0.0000512  -0.00017960
 164    0.0000147  -0.00007144
 165    0.0000274  -0.00012032
 166    0.0001171  -0.00037835
 167    0.0000317  -0.00012953
 168    0.0000239  -0.00011129
 169    0.0001398  -0.00048709
 170    0.0001200  -0.00052421
 171    0.0001592  -0.00076317
 172    0.0001304  -0.00061652
 173    0.0000003  -0.00000867
 174    0.0000002  -0.00000266
 175    0.0000000  -0.00000051
 176    0.0000000  -0.00000053
 177    0.0000074  -0.00003044
 178    0.0000734  -0.00023515
 179    0.0000373  -0.00014301
 180    0.0000131  -0.00005750
 181    0.0000223  -0.00010596
 182    0.0001065  -0.00035408
 183    0.0000199  -0.00010523
 184    0.0000160  -0.00008187
 185    0.0000759  -0.00028984
 186    0.0000568  -0.00021721
 187    0.0001020  -0.00056184
 188    0.0001151  -0.00088343
 189    0.0000002  -0.00000245
 190    0.0000002  -0.00000198
 191    0.0000000  -0.00000042
 192    0.0000000  -0.00000041
 193    0.0000048  -0.00002047
 194    0.0000557  -0.00017320
 195    0.0000306  -0.00012786
 196    0.0000071  -0.00003595
 197    0.0000185  -0.00009761
 198    0.0000768  -0.00027396
 199    0.0000178  -0.00010017
 200    0.0000131  -0.00006051
 201    0.0000610  -0.00024230
 202    0.0000441  -0.00020548
 203    0.0001018  -0.00061726
 204    0.0000737  -0.00041558
 205    0.0000002  -0.00000238
 206    0.0000001  -0.00000162
 207    0.0000000  -0.00000034
 208    0.0000000  -0.00000040
 209    0.0000045  -0.00001987
 210    0.0000275  -0.00011953
 211    0.0000207  -0.00010758
 212    0.0000065  -0.00003609
 213    0.0000127  -0.00006027
 214    0.0000518  -0.00019678
 215    0.0000133  -0.00006577
 216    0.0000115  -0.00005641
 217    0.0000462  -0.00018589
 218    0.0000350  -0.00017034
 219    0.0000954  -0.00061231
 220    0.0000519  -0.00024555
 221    0.0000002  -0.00000228
 222    0.0000001  -0.00000153
 223    0.0000000  -0.00000032
 224    0.0000000  -0.00000038
 225    0.0000044  -0.00001868
 226    0.0000209  -0.00010772
 227    0.0000190  -0.00010169
 228    0.0000062  -0.00003369
 229    0.0000097  -0.00004567
 230    0.0000387  -0.00017269
 231    0.0000129  -0.00006457
 232    0.0000100  -0.00005080
 233    0.0000376  -0.00016298
 234    0.0000267  -0.00013788
 235    0.0000413  -0.00018640
 236    0.0000308  -0.00015708
 237    0.0000002  -0.00000195
 238    0.0000001  -0.00000123
 239    0.0000000  -0.00000024
 240    0.0000000  -0.00000021
 241    0.0000031  -0.00001180
 242    0.0000194  -0.00010215
 243    0.0000176  -0.00009253
 244    0.0000054  -0.00003013
 245    0.0000069  -0.00003900
 246    0.0000292  -0.00013147
 247    0.0000116  -0.00005825
 248    0.0000080  -0.00004285
 249    0.0000331  -0.00014935
 250    0.0000237  -0.00013534
 251    0.0000357  -0.00017376
 252    0.0000259  -0.00013214
 253    0.0000001  -0.00000136
 254    0.0000001  -0.00000109
 255    0.0000000  -0.00000025
 256    0.0000000  -0.00000022
 257    0.0000029  -0.00001050
 258    0.0000163  -0.00008958
 259    0.0000151  -0.00007764
 260    0.0000052  -0.00002917
 261    0.0000058  -0.00003222
 262    0.0000272  -0.00011729
 263    0.0000097  -0.00004824
 264    0.0000047  -0.00002859
 265    0.0000204  -0.00010878
 266    0.0000214  -0.00012528
 267    0.0000314  -0.00015456
 268    0.0000237  -0.00012417
 269    0.0000001  -0.00000110
 270    0.0000001  -0.00000091
 271    0.0000000  -0.00000018
 272    0.0000000  -0.00000022
 273    0.0000023  -0.00000931
 274    0.0000109  -0.00005620
 275    0.0000143  -0.00007119
 276    0.0000045  -0.00002397
 277    0.0000035  -0.00001904
 278    0.0000231  -0.00010765
 279    0.0000083  -0.00004559
 280    0.0000045  -0.00002685
 281    0.0000191  -0.00011037
 282    0.0000146  -0.00009389
 283    0.0000234  -0.00012776
 284    0.0000188  -0.00011299
 285    0.0000001  -0.00000108
 286    0.0000001  -0.00000082
 287    0.0000000  -0.00000014
 288    0.0000000  -0.00000022
 289    0.0000020  -0.00000798
 290    0.0000073  -0.00003979
 291    0.0000033  -0.00001773
 292    0.0000034  -0.00001628
 293    0.0000027  -0.00001478
 294    0.0000152  -0.00008457
 295    0.0000070  -0.00003951
 296    0.0000039  -0.00002525
 297    0.0000125  -0.00006629
 298    0.0000082  -0.00005288
 299    0.0000162  -0.00010416
 300    0.0000153  -0.00010268
 301    0.0000001  -0.00000087
 302    0.0000001  -0.00000079
 303    0.0000000  -0.00000014
 304    0.0000000  -0.00000019
 305    0.0000009  -0.00000518
 306    0.0000043  -0.00002809
 307    0.0000025  -0.00001490
 308    0.0000012  -0.00000740
 309    0.0000021  -0.00001174
 310    0.0000097  -0.00005338
 311    0.0000036  -0.00002059
 312    0.0000022  -0.00001200
 313    0.0000092  -0.00005369
 314    0.0000069  -0.00004611
 315    0.0000117  -0.00006654
 316    0.0000077  -0.00005191
 317    0.0000001  -0.00000067
 318    0.0000001  -0.00000070
 319    0.0000000  -0.00000012
 320    0.0000000  -0.00000015
 321    0.0000007  -0.00000435
 322    0.0000039  -0.00002250
 323    0.0000024  -0.00001382
 324    0.0000010  -0.00000642
 325    0.0000020  -0.00001122
 326    0.0000073  -0.00004174
 327    0.0000034  -0.00001799
 328    0.0000017  -0.00000913
 329    0.0000086  -0.00004668
 330    0.0000041  -0.00003063
 331    0.0000115  -0.00006767
 332    0.0000040  -0.00002786
 333    0.0000000  -0.00000052
 334    0.0000001  -0.00000072
 335    0.0000000  -0.00000012
 336    0.0000000  -0.00000016
 
----------------
 Final Energies 
----------------
Final NOF Total Energy =    -228.9594154
 
Total Orbital Internal Iterations = 1430
Total Occupation Internal Iterations = 489
 
Elapsed time: 1061.95 Seconds

---------------------------------
   Lowdin Population Analysis    
---------------------------------
 Idx  Atom   Population   Charge 
---------------------------------
  1     C     6.717      -0.717
  2     O     7.759       0.241
  3     O     7.370       0.630
  4     H     1.233      -0.233
  5     C     5.772       0.228
  6     H     1.050      -0.050
  7     H     1.048      -0.048
  8     H     1.051      -0.051

---------------------------------
   M Diagnostic: 0.04
---------------------------------

