Computing Integrals
Basis Set                                            = def2-qzvp
Auxiliary Basis Set                                  = def2-universal-jkfit
Gaussian Type                                        = Spherical
Elapsed time:   12.39 Seconds

Number of basis functions                   (NBF)    = 750
Number of auxiliary basis functions         (NBFAUX) = 866
Inactive Doubly occupied orbitals up to     (NO1)    = 0
No. considered Strongly Doubly occupied MOs (NDOC)   = 36
No. considered Strongly Singly occupied MOs (NSOC)   = 0
NO. of Weakly occ. per St. Doubly occ.  MOs (NCWO)   = 19
Dimension of the Nat. Orb. subspace         (NBF5)   = 720
No. of electrons                                     = 72
    No. of alpha electrons                           = 36
    No. of beta electrons                            = 36
Multiplicity                                         = 1

Geometry
========
 N      -0.0468530      -1.2194605      -0.8620798
 H      -0.0487155      -2.2291829      -0.8170372
 C      -1.3053591      -0.6066146      -0.9366763
 O      -2.3202961      -1.2793705      -0.9951928
 C      -1.2397582       0.8445823      -0.9385986
 H      -2.1557488       1.4038634      -1.0191925
 C      -0.0444795       1.4599579      -0.8378946
 H       0.0567111       2.5349602      -0.8286704
 N       1.1245268       0.7561215      -0.7369211
 H       2.0052557       1.2258101      -0.6104698
 C       1.1839476      -0.6252743      -0.6959239
 O       2.2232320      -1.2379350      -0.5369175
 C       0.7164524      -0.4437718       2.4042613
 H       1.7122707      -0.7977577       2.2900426
 C      -0.4281517      -0.0573141       2.5104532
 H      -1.4330342       0.2713862       2.6108173

No violations of the orthonormality
No violations of the orthonormality
 
PNOF8/ADABelief Calculation
==================
 
  Nitext  Nit_orb  Time   Nit_occ  Time         Eelec          Etot           Ediff      maxdiff    MaxGrad_orb  Grad_occ
     1      10    7.3e+01  158    1.6e+02  -986.13673475  -490.80657570 -10985.13673475   0.026534   1.1e-01   2.1e-04 0.05
     2      20    1.0e+02    0    4.1e+00  -986.41363965  -491.08348060    -0.27690490   0.026541   1.1e-01   2.1e-04 0.05
     3      40    2.0e+02   78    6.6e+01  -986.73816672  -491.40800767    -0.32452707   0.263901   1.1e+00   3.2e-04 0.04
     4      40    2.0e+02   44    3.9e+01  -987.01838456  -491.68822551    -0.28021784   0.003954   1.6e-02   3.4e-04 0.04
     5      40    2.0e+02   28    2.6e+01  -987.08044021  -491.75028116    -0.06205565   0.022889   9.2e-02   3.3e-04 0.04
     6      40    2.0e+02   14    1.5e+01  -987.11019654  -491.78003749    -0.02975633   0.005850   2.3e-02   3.0e-04 0.04
     7      40    2.0e+02   14    1.5e+01  -987.12536437  -491.79520531    -0.01516782   0.005356   2.1e-02   3.4e-04 0.04
     8      40    2.0e+02   17    1.8e+01  -987.13438347  -491.80422442    -0.00901910   0.004352   1.7e-02   2.4e-04 0.04
     9      40    2.0e+02   14    1.5e+01  -987.13913393  -491.80897488    -0.00475046   0.016797   6.7e-02   3.7e-04 0.04
    10      40    2.0e+02   13    1.4e+01  -987.14296079  -491.81280174    -0.00382686   0.004754   1.9e-02   2.8e-04 0.04
    11      40    2.1e+02   16    1.7e+01  -987.14520421  -491.81504516    -0.00224342   0.023462   9.4e-02   2.2e-04 0.04
    12      40    2.0e+02    7    9.6e+00  -987.14746530  -491.81730625    -0.00226109   0.005532   2.2e-02   2.9e-04 0.04
    13      40    2.0e+02   13    1.4e+01  -987.14875080  -491.81859175    -0.00128551   0.008025   3.2e-02   2.8e-04 0.04
    14      40    2.0e+02   10    1.2e+01  -987.14976765  -491.81960860    -0.00101685   0.008379   3.4e-02   2.5e-04 0.04
    15      40    2.0e+02   10    1.2e+01  -987.15063581  -491.82047676    -0.00086816   0.009013   3.6e-02   2.5e-04 0.04
    16      40    2.1e+02    7    9.7e+00  -987.15127967  -491.82112062    -0.00064386   0.008328   3.3e-02   3.3e-04 0.04
    17      40    2.0e+02   10    1.2e+01  -987.15193822  -491.82177917    -0.00065855   0.010297   4.1e-02   2.8e-04 0.04
    18      40    2.0e+02    4    7.4e+00  -987.15247444  -491.82231539    -0.00053622   0.010133   4.1e-02   3.6e-04 0.04
    19      40    2.0e+02    7    9.7e+00  -987.15286973  -491.82271068    -0.00039529   0.009672   3.9e-02   3.5e-04 0.04
    20      40    2.0e+02   10    1.2e+01  -987.15331606  -491.82315700    -0.00044632   0.008476   3.4e-02   2.9e-04 0.04
    21      40    2.0e+02    4    7.3e+00  -987.15354509  -491.82338603    -0.00022903   0.010022   4.0e-02   2.8e-04 0.04
    22      40    2.0e+02   10    1.2e+01  -987.15378475  -491.82362570    -0.00023966   0.010248   4.1e-02   2.8e-04 0.04
    23      40    2.0e+02    4    7.3e+00  -987.15397606  -491.82381700    -0.00019130   0.009874   3.9e-02   2.7e-04 0.04
    24      40    2.0e+02    9    1.1e+01  -987.15405565  -491.82389659    -0.00007959   0.050034   2.0e-01   2.8e-04 0.04
    25      40    2.0e+02    4    7.3e+00  -987.15428524  -491.82412619    -0.00022960   0.010117   4.0e-02   2.5e-04 0.04
    26      40    2.0e+02   10    1.2e+01  -987.15436568  -491.82420662    -0.00008043   0.011105   4.4e-02   3.1e-04 0.04
    27      40    2.0e+02    4    7.3e+00  -987.15458640  -491.82442735    -0.00022073   0.010367   4.1e-02   2.6e-04 0.04
    28      40    2.1e+02    0    4.1e+00  -987.15460701  -491.82444796    -0.00002061   0.010367   4.1e-02   2.6e-04 0.04
    29      60    3.1e+02    7    9.6e+00  -987.15710856  -491.82694951    -0.00250155   0.000922   3.7e-03   3.2e-04 0.04
 
RESULTS OF THE OCCUPATION OPTIMIZATION
========================================
   1    1.9999853  -19.83163440
   2    1.9999844  -19.44348002
   3    1.9999779  -16.77233875
   4    1.9999758  -16.38328350
   5    1.9999382  -11.32659443
   6    1.9999531  -11.31756247
   7    1.9999459  -11.31446011
   8    1.9999505  -11.30595349
   9    1.9999297  -11.30386040
  10    1.9999504  -11.29314794
  11    1.9843473  -1.39489005
  12    1.9830862  -1.29752847
  13    1.9814372  -1.29210118
  14    1.9807615  -1.27349542
  15    1.9776919  -1.05971817
  16    1.9780986  -0.99852741
  17    1.9762863  -0.88651388
  18    1.9709528  -0.83092773
  19    1.9721912  -0.79166855
  20    1.9730183  -0.78943916
  21    1.9686496  -0.75911425
  22    1.9710568  -0.74663421
  23    1.9686757  -0.73185317
  24    1.9710906  -0.73020026
  25    1.9675604  -0.72332426
  26    1.9695594  -0.70230917
  27    1.9714202  -0.68812955
  28    1.9728769  -0.65164777
  29    1.9662847  -0.64628904
  30    1.9729891  -0.64304888
  31    1.9657740  -0.61731752
  32    1.9582185  -0.57433608
  33    1.9553907  -0.53307289
  34    1.9555320  -0.44324747
  35    1.9544246  -0.44188164
  36    1.9558088  -0.42956050
  37    0.0376188  -0.04013856
  38    0.0339685  -0.03369210
  39    0.0353893  -0.03458436
  40    0.0402232  -0.05326329
  41    0.0374028  -0.05131314
  42    0.0286091  -0.04182575
  43    0.0079229  -0.01387558
  44    0.0281036  -0.04161533
  45    0.0076860  -0.01380365
  46    0.0157172  -0.02150057
  47    0.0196057  -0.03033648
  48    0.0255276  -0.03766198
  49    0.0169669  -0.02410691
  50    0.0287814  -0.04418736
  51    0.0186502  -0.02567214
  52    0.0257288  -0.04125362
  53    0.0171062  -0.02316013
  54    0.0191048  -0.02820526
  55    0.0250372  -0.03778043
  56    0.0096910  -0.01531754
  57    0.0070755  -0.01368998
  58    0.0145544  -0.02432578
  59    0.0078436  -0.01869859
  60    0.0072579  -0.01741111
  61    0.0063909  -0.01336012
  62    0.0050186  -0.01061931
  63    0.0000303  -0.00052662
  64    0.0000517  -0.00100005
  65    0.0000322  -0.00057470
  66    0.0000375  -0.00069932
  67    0.0000338  -0.00062204
  68    0.0000429  -0.00080504
  69    0.0000211  -0.00054017
  70    0.0000184  -0.00046448
  71    0.0000145  -0.00044450
  72    0.0000134  -0.00041953
  73    0.0049241  -0.00685429
  74    0.0059533  -0.00787456
  75    0.0063170  -0.00833215
  76    0.0035951  -0.00705855
  77    0.0035616  -0.00718608
  78    0.0038233  -0.00748791
  79    0.0059061  -0.01138928
  80    0.0039713  -0.00789844
  81    0.0060400  -0.01185266
  82    0.0066886  -0.01053336
  83    0.0037689  -0.00745410
  84    0.0048396  -0.00896543
  85    0.0052346  -0.00890781
  86    0.0009335  -0.00277032
  87    0.0056512  -0.00948025
  88    0.0035980  -0.00784242
  89    0.0029868  -0.00670318
  90    0.0029624  -0.00546338
  91    0.0010967  -0.00300867
  92    0.0056730  -0.01050627
  93    0.0066255  -0.01214200
  94    0.0030561  -0.00659567
  95    0.0041427  -0.00932290
  96    0.0039048  -0.00886025
  97    0.0031227  -0.00791498
  98    0.0038958  -0.00972356
  99    0.0000038  -0.00006449
 100    0.0000051  -0.00010149
 101    0.0000048  -0.00009553
 102    0.0000061  -0.00011024
 103    0.0000039  -0.00007362
 104    0.0000057  -0.00011964
 105    0.0000007  -0.00003715
 106    0.0000008  -0.00002015
 107    0.0000002  -0.00000216
 108    0.0000002  -0.00000406
 109    0.0009853  -0.00192595
 110    0.0040063  -0.00545270
 111    0.0009116  -0.00152821
 112    0.0002479  -0.00075624
 113    0.0002441  -0.00076274
 114    0.0006592  -0.00166273
 115    0.0053196  -0.00970192
 116    0.0005090  -0.00136843
 117    0.0057129  -0.01088737
 118    0.0025196  -0.00448056
 119    0.0028595  -0.00635846
 120    0.0007417  -0.00179580
 121    0.0031446  -0.00698959
 122    0.0005050  -0.00145121
 123    0.0018813  -0.00433848
 124    0.0009011  -0.00279451
 125    0.0025502  -0.00462348
 126    0.0028414  -0.00518226
 127    0.0008880  -0.00243675
 128    0.0030306  -0.00666653
 129    0.0030374  -0.00511844
 130    0.0010894  -0.00302364
 131    0.0032461  -0.00773156
 132    0.0023183  -0.00792495
 133    0.0021714  -0.00792602
 134    0.0021571  -0.00802578
 135    0.0000032  -0.00004217
 136    0.0000044  -0.00009656
 137    0.0000034  -0.00007583
 138    0.0000027  -0.00003058
 139    0.0000017  -0.00002226
 140    0.0000030  -0.00003153
 141    0.0000006  -0.00001967
 142    0.0000007  -0.00003677
 143    0.0000001  -0.00000151
 144    0.0000002  -0.00000256
 145    0.0001631  -0.00040532
 146    0.0005859  -0.00126832
 147    0.0006571  -0.00140494
 148    0.0002281  -0.00069218
 149    0.0002311  -0.00072879
 150    0.0004191  -0.00111623
 151    0.0040088  -0.00795237
 152    0.0004093  -0.00110404
 153    0.0032409  -0.00693262
 154    0.0015811  -0.00398522
 155    0.0025513  -0.00534627
 156    0.0004858  -0.00128287
 157    0.0013859  -0.00359278
 158    0.0003501  -0.00104903
 159    0.0008765  -0.00224407
 160    0.0003045  -0.00096154
 161    0.0023643  -0.00446135
 162    0.0009328  -0.00275747
 163    0.0006757  -0.00174393
 164    0.0019035  -0.00455405
 165    0.0015935  -0.00529775
 166    0.0009853  -0.00299000
 167    0.0015759  -0.00571259
 168    0.0015413  -0.00579147
 169    0.0019590  -0.00698293
 170    0.0010776  -0.00443261
 171    0.0000030  -0.00003881
 172    0.0000019  -0.00003070
 173    0.0000021  -0.00002623
 174    0.0000010  -0.00002188
 175    0.0000015  -0.00001852
 176    0.0000023  -0.00003377
 177    0.0000003  -0.00000719
 178    0.0000004  -0.00000700
 179    0.0000001  -0.00000122
 180    0.0000002  -0.00000164
 181    0.0001169  -0.00030430
 182    0.0003410  -0.00072793
 183    0.0003098  -0.00059786
 184    0.0001726  -0.00050724
 185    0.0001308  -0.00041116
 186    0.0002122  -0.00069884
 187    0.0013875  -0.00361396
 188    0.0002541  -0.00080765
 189    0.0015284  -0.00426384
 190    0.0008030  -0.00193141
 191    0.0007039  -0.00177759
 192    0.0003383  -0.00095371
 193    0.0008235  -0.00211207
 194    0.0003204  -0.00098865
 195    0.0006196  -0.00161175
 196    0.0002966  -0.00094283
 197    0.0009336  -0.00187250
 198    0.0007486  -0.00204937
 199    0.0004988  -0.00138197
 200    0.0015360  -0.00461455
 201    0.0008402  -0.00230105
 202    0.0006668  -0.00268847
 203    0.0006929  -0.00291187
 204    0.0010032  -0.00509636
 205    0.0010889  -0.00470603
 206    0.0008792  -0.00387195
 207    0.0000022  -0.00004040
 208    0.0000013  -0.00002428
 209    0.0000013  -0.00001854
 210    0.0000010  -0.00003636
 211    0.0000011  -0.00003538
 212    0.0000017  -0.00002155
 213    0.0000003  -0.00000731
 214    0.0000003  -0.00000943
 215    0.0000001  -0.00000121
 216    0.0000001  -0.00000148
 217    0.0000973  -0.00025313
 218    0.0002715  -0.00060720
 219    0.0002994  -0.00057783
 220    0.0000330  -0.00009161
 221    0.0000530  -0.00015456
 222    0.0001535  -0.00049488
 223    0.0006295  -0.00182709
 224    0.0001901  -0.00063066
 225    0.0009512  -0.00273988
 226    0.0003632  -0.00096795
 227    0.0003283  -0.00093050
 228    0.0001244  -0.00041413
 229    0.0003332  -0.00106151
 230    0.0001106  -0.00039524
 231    0.0004801  -0.00132486
 232    0.0002302  -0.00080978
 233    0.0003064  -0.00078884
 234    0.0003661  -0.00086459
 235    0.0002715  -0.00086115
 236    0.0005169  -0.00141709
 237    0.0008148  -0.00235183
 238    0.0006445  -0.00171905
 239    0.0005144  -0.00256218
 240    0.0007516  -0.00318608
 241    0.0006157  -0.00367074
 242    0.0006960  -0.00431316
 243    0.0000014  -0.00001904
 244    0.0000009  -0.00002013
 245    0.0000009  -0.00002633
 246    0.0000010  -0.00002388
 247    0.0000009  -0.00003768
 248    0.0000011  -0.00002206
 249    0.0000002  -0.00000248
 250    0.0000003  -0.00001312
 251    0.0000001  -0.00000081
 252    0.0000001  -0.00000128
 253    0.0000861  -0.00023385
 254    0.0001232  -0.00026420
 255    0.0001503  -0.00032812
 256    0.0000262  -0.00007314
 257    0.0000438  -0.00012736
 258    0.0000906  -0.00032669
 259    0.0005827  -0.00163027
 260    0.0000783  -0.00027604
 261    0.0006482  -0.00190308
 262    0.0002463  -0.00069500
 263    0.0002671  -0.00083239
 264    0.0001205  -0.00038442
 265    0.0003139  -0.00099156
 266    0.0000818  -0.00030162
 267    0.0002353  -0.00076422
 268    0.0000787  -0.00030611
 269    0.0001499  -0.00046911
 270    0.0003075  -0.00077208
 271    0.0001767  -0.00063053
 272    0.0004475  -0.00141534
 273    0.0005824  -0.00211860
 274    0.0004781  -0.00204145
 275    0.0002939  -0.00103075
 276    0.0004025  -0.00154513
 277    0.0004194  -0.00239376
 278    0.0005102  -0.00313397
 279    0.0000012  -0.00002812
 280    0.0000008  -0.00001542
 281    0.0000008  -0.00002017
 282    0.0000008  -0.00001579
 283    0.0000006  -0.00001341
 284    0.0000010  -0.00002675
 285    0.0000002  -0.00000176
 286    0.0000003  -0.00000371
 287    0.0000001  -0.00000081
 288    0.0000001  -0.00000076
 289    0.0000771  -0.00020961
 290    0.0001067  -0.00025536
 291    0.0001207  -0.00029107
 292    0.0000166  -0.00005946
 293    0.0000303  -0.00009536
 294    0.0000858  -0.00031103
 295    0.0003528  -0.00115769
 296    0.0000486  -0.00017361
 297    0.0005159  -0.00150355
 298    0.0001883  -0.00058258
 299    0.0001351  -0.00043202
 300    0.0000811  -0.00030158
 301    0.0002556  -0.00084446
 302    0.0000791  -0.00030260
 303    0.0002031  -0.00063745
 304    0.0000537  -0.00021977
 305    0.0001492  -0.00046403
 306    0.0001363  -0.00039925
 307    0.0001282  -0.00044769
 308    0.0002204  -0.00083675
 309    0.0004774  -0.00198074
 310    0.0002172  -0.00080592
 311    0.0002817  -0.00109459
 312    0.0003842  -0.00231065
 313    0.0003230  -0.00156097
 314    0.0004518  -0.00240880
 315    0.0000010  -0.00002556
 316    0.0000007  -0.00000955
 317    0.0000007  -0.00001079
 318    0.0000007  -0.00001770
 319    0.0000006  -0.00001482
 320    0.0000007  -0.00001827
 321    0.0000001  -0.00000142
 322    0.0000002  -0.00000155
 323    0.0000001  -0.00000071
 324    0.0000001  -0.00000076
 325    0.0000311  -0.00009867
 326    0.0001010  -0.00024847
 327    0.0001129  -0.00027600
 328    0.0000148  -0.00005505
 329    0.0000202  -0.00007293
 330    0.0000397  -0.00016164
 331    0.0003031  -0.00093331
 332    0.0000363  -0.00014145
 333    0.0002959  -0.00094455
 334    0.0001503  -0.00046886
 335    0.0000521  -0.00019571
 336    0.0000432  -0.00015793
 337    0.0001401  -0.00045950
 338    0.0000304  -0.00013415
 339    0.0001050  -0.00037768
 340    0.0000438  -0.00017232
 341    0.0001346  -0.00040369
 342    0.0001193  -0.00036315
 343    0.0000561  -0.00022055
 344    0.0001926  -0.00065388
 345    0.0002535  -0.00086968
 346    0.0001703  -0.00066099
 347    0.0001764  -0.00123531
 348    0.0002972  -0.00133143
 349    0.0002002  -0.00116161
 350    0.0003563  -0.00175921
 351    0.0000007  -0.00001749
 352    0.0000006  -0.00001060
 353    0.0000006  -0.00001430
 354    0.0000005  -0.00001259
 355    0.0000005  -0.00000757
 356    0.0000007  -0.00001358
 357    0.0000001  -0.00000105
 358    0.0000001  -0.00000157
 359    0.0000001  -0.00000050
 360    0.0000001  -0.00000057
 361    0.0000228  -0.00007522
 362    0.0000356  -0.00009213
 363    0.0000871  -0.00024571
 364    0.0000109  -0.00004068
 365    0.0000122  -0.00005022
 366    0.0000350  -0.00013455
 367    0.0001563  -0.00050764
 368    0.0000192  -0.00008637
 369    0.0001512  -0.00049247
 370    0.0000844  -0.00029256
 371    0.0000391  -0.00015701
 372    0.0000273  -0.00011225
 373    0.0000842  -0.00032075
 374    0.0000230  -0.00011470
 375    0.0000510  -0.00020476
 376    0.0000338  -0.00014399
 377    0.0001021  -0.00034664
 378    0.0000930  -0.00031509
 379    0.0000443  -0.00018027
 380    0.0001457  -0.00049070
 381    0.0002293  -0.00083071
 382    0.0001391  -0.00056675
 383    0.0001282  -0.00069626
 384    0.0002835  -0.00113195
 385    0.0001878  -0.00120831
 386    0.0001928  -0.00127322
 387    0.0000006  -0.00001727
 388    0.0000005  -0.00000689
 389    0.0000004  -0.00000629
 390    0.0000004  -0.00000690
 391    0.0000005  -0.00000713
 392    0.0000006  -0.00001153
 393    0.0000001  -0.00000079
 394    0.0000001  -0.00000101
 395    0.0000000  -0.00000049
 396    0.0000000  -0.00000041
 397    0.0000180  -0.00006120
 398    0.0000146  -0.00005078
 399    0.0000321  -0.00010557
 400    0.0000084  -0.00003469
 401    0.0000105  -0.00004466
 402    0.0000209  -0.00009177
 403    0.0001176  -0.00041439
 404    0.0000180  -0.00008478
 405    0.0001222  -0.00042227
 406    0.0000638  -0.00022765
 407    0.0000377  -0.00015393
 408    0.0000220  -0.00009721
 409    0.0000498  -0.00019418
 410    0.0000218  -0.00010901
 411    0.0000419  -0.00016562
 412    0.0000157  -0.00007791
 413    0.0000459  -0.00017603
 414    0.0000433  -0.00017568
 415    0.0000407  -0.00016849
 416    0.0000792  -0.00029730
 417    0.0001199  -0.00040673
 418    0.0001166  -0.00046854
 419    0.0001151  -0.00061465
 420    0.0001382  -0.00075028
 421    0.0001193  -0.00087173
 422    0.0001201  -0.00094692
 423    0.0000004  -0.00000570
 424    0.0000005  -0.00000673
 425    0.0000004  -0.00000669
 426    0.0000003  -0.00000495
 427    0.0000003  -0.00000465
 428    0.0000004  -0.00000714
 429    0.0000001  -0.00000083
 430    0.0000001  -0.00000097
 431    0.0000000  -0.00000035
 432    0.0000000  -0.00000038
 433    0.0000111  -0.00004033
 434    0.0000122  -0.00003627
 435    0.0000191  -0.00005689
 436    0.0000069  -0.00003170
 437    0.0000097  -0.00003913
 438    0.0000190  -0.00008802
 439    0.0000882  -0.00032869
 440    0.0000160  -0.00007817
 441    0.0000588  -0.00022197
 442    0.0000517  -0.00020027
 443    0.0000187  -0.00009456
 444    0.0000218  -0.00009555
 445    0.0000476  -0.00018508
 446    0.0000180  -0.00009386
 447    0.0000358  -0.00014820
 448    0.0000138  -0.00006716
 449    0.0000290  -0.00012144
 450    0.0000374  -0.00015784
 451    0.0000307  -0.00013258
 452    0.0000713  -0.00027865
 453    0.0000726  -0.00030344
 454    0.0000561  -0.00023037
 455    0.0000779  -0.00041280
 456    0.0000934  -0.00060529
 457    0.0001173  -0.00068647
 458    0.0000788  -0.00062040
 459    0.0000003  -0.00000519
 460    0.0000004  -0.00000588
 461    0.0000003  -0.00000766
 462    0.0000003  -0.00000409
 463    0.0000003  -0.00000298
 464    0.0000004  -0.00000574
 465    0.0000001  -0.00000064
 466    0.0000001  -0.00000096
 467    0.0000000  -0.00000030
 468    0.0000000  -0.00000037
 469    0.0000083  -0.00003379
 470    0.0000115  -0.00003982
 471    0.0000140  -0.00003876
 472    0.0000054  -0.00002511
 473    0.0000094  -0.00003983
 474    0.0000133  -0.00006192
 475    0.0000782  -0.00029090
 476    0.0000147  -0.00006992
 477    0.0000366  -0.00015632
 478    0.0000327  -0.00014036
 479    0.0000180  -0.00008812
 480    0.0000179  -0.00007770
 481    0.0000330  -0.00014002
 482    0.0000162  -0.00008820
 483    0.0000268  -0.00011701
 484    0.0000110  -0.00005502
 485    0.0000265  -0.00011463
 486    0.0000332  -0.00012874
 487    0.0000292  -0.00013268
 488    0.0000641  -0.00024597
 489    0.0000498  -0.00019536
 490    0.0000413  -0.00018396
 491    0.0000407  -0.00019658
 492    0.0000520  -0.00024232
 493    0.0000539  -0.00026388
 494    0.0000716  -0.00044428
 495    0.0000003  -0.00000363
 496    0.0000004  -0.00000570
 497    0.0000003  -0.00000571
 498    0.0000003  -0.00000528
 499    0.0000002  -0.00000275
 500    0.0000003  -0.00000428
 501    0.0000001  -0.00000048
 502    0.0000001  -0.00000070
 503    0.0000000  -0.00000023
 504    0.0000000  -0.00000032
 505    0.0000069  -0.00003011
 506    0.0000098  -0.00003552
 507    0.0000109  -0.00003932
 508    0.0000047  -0.00002333
 509    0.0000057  -0.00003031
 510    0.0000117  -0.00005752
 511    0.0000501  -0.00019315
 512    0.0000143  -0.00006672
 513    0.0000365  -0.00016224
 514    0.0000256  -0.00011443
 515    0.0000135  -0.00006711
 516    0.0000134  -0.00006468
 517    0.0000249  -0.00011543
 518    0.0000156  -0.00008536
 519    0.0000246  -0.00011127
 520    0.0000105  -0.00005196
 521    0.0000236  -0.00012202
 522    0.0000232  -0.00010866
 523    0.0000175  -0.00009475
 524    0.0000393  -0.00018313
 525    0.0000405  -0.00017585
 526    0.0000232  -0.00012994
 527    0.0000283  -0.00014911
 528    0.0000331  -0.00017787
 529    0.0000469  -0.00021168
 530    0.0000474  -0.00023089
 531    0.0000002  -0.00000242
 532    0.0000003  -0.00000390
 533    0.0000003  -0.00000436
 534    0.0000003  -0.00000458
 535    0.0000002  -0.00000217
 536    0.0000003  -0.00000395
 537    0.0000001  -0.00000050
 538    0.0000001  -0.00000062
 539    0.0000000  -0.00000022
 540    0.0000000  -0.00000028
 541    0.0000066  -0.00003066
 542    0.0000092  -0.00003324
 543    0.0000105  -0.00003729
 544    0.0000040  -0.00002080
 545    0.0000048  -0.00002627
 546    0.0000101  -0.00004841
 547    0.0000424  -0.00017251
 548    0.0000101  -0.00005082
 549    0.0000298  -0.00013226
 550    0.0000214  -0.00010465
 551    0.0000115  -0.00005798
 552    0.0000116  -0.00005843
 553    0.0000207  -0.00010676
 554    0.0000148  -0.00007721
 555    0.0000202  -0.00010253
 556    0.0000091  -0.00004751
 557    0.0000195  -0.00010689
 558    0.0000211  -0.00010997
 559    0.0000168  -0.00009173
 560    0.0000327  -0.00014435
 561    0.0000304  -0.00014120
 562    0.0000192  -0.00011298
 563    0.0000263  -0.00014802
 564    0.0000280  -0.00014651
 565    0.0000296  -0.00015182
 566    0.0000413  -0.00020181
 567    0.0000002  -0.00000222
 568    0.0000003  -0.00000317
 569    0.0000003  -0.00000333
 570    0.0000003  -0.00000408
 571    0.0000002  -0.00000205
 572    0.0000003  -0.00000467
 573    0.0000001  -0.00000047
 574    0.0000001  -0.00000052
 575    0.0000000  -0.00000020
 576    0.0000000  -0.00000025
 577    0.0000066  -0.00002968
 578    0.0000087  -0.00002911
 579    0.0000085  -0.00003144
 580    0.0000038  -0.00002043
 581    0.0000041  -0.00002284
 582    0.0000086  -0.00004219
 583    0.0000262  -0.00011611
 584    0.0000100  -0.00004770
 585    0.0000245  -0.00011505
 586    0.0000185  -0.00009505
 587    0.0000102  -0.00005040
 588    0.0000092  -0.00004664
 589    0.0000187  -0.00009952
 590    0.0000131  -0.00006550
 591    0.0000164  -0.00008406
 592    0.0000069  -0.00003925
 593    0.0000192  -0.00010090
 594    0.0000173  -0.00008239
 595    0.0000153  -0.00008461
 596    0.0000243  -0.00012562
 597    0.0000238  -0.00012154
 598    0.0000166  -0.00010113
 599    0.0000208  -0.00013894
 600    0.0000248  -0.00013970
 601    0.0000251  -0.00014914
 602    0.0000308  -0.00019145
 603    0.0000002  -0.00000211
 604    0.0000003  -0.00000271
 605    0.0000002  -0.00000355
 606    0.0000003  -0.00000301
 607    0.0000002  -0.00000179
 608    0.0000002  -0.00000181
 609    0.0000000  -0.00000041
 610    0.0000001  -0.00000047
 611    0.0000000  -0.00000020
 612    0.0000000  -0.00000025
 613    0.0000064  -0.00003030
 614    0.0000060  -0.00002617
 615    0.0000079  -0.00003353
 616    0.0000036  -0.00001706
 617    0.0000034  -0.00001988
 618    0.0000080  -0.00004143
 619    0.0000185  -0.00009439
 620    0.0000083  -0.00004258
 621    0.0000188  -0.00009645
 622    0.0000099  -0.00005219
 623    0.0000079  -0.00004309
 624    0.0000078  -0.00004162
 625    0.0000162  -0.00008759
 626    0.0000057  -0.00003586
 627    0.0000103  -0.00005659
 628    0.0000064  -0.00003771
 629    0.0000183  -0.00009171
 630    0.0000087  -0.00004841
 631    0.0000122  -0.00006627
 632    0.0000173  -0.00009760
 633    0.0000213  -0.00012165
 634    0.0000143  -0.00008549
 635    0.0000182  -0.00011083
 636    0.0000202  -0.00012378
 637    0.0000206  -0.00012515
 638    0.0000124  -0.00008184
 639    0.0000002  -0.00000228
 640    0.0000001  -0.00000101
 641    0.0000001  -0.00000134
 642    0.0000002  -0.00000312
 643    0.0000001  -0.00000144
 644    0.0000001  -0.00000115
 645    0.0000000  -0.00000028
 646    0.0000000  -0.00000042
 647    0.0000000  -0.00000021
 648    0.0000000  -0.00000020
 649    0.0000026  -0.00001337
 650    0.0000057  -0.00002531
 651    0.0000061  -0.00002644
 652    0.0000022  -0.00001218
 653    0.0000030  -0.00001692
 654    0.0000043  -0.00002736
 655    0.0000138  -0.00007172
 656    0.0000031  -0.00002065
 657    0.0000142  -0.00007618
 658    0.0000094  -0.00004980
 659    0.0000074  -0.00004091
 660    0.0000038  -0.00002653
 661    0.0000105  -0.00005608
 662    0.0000025  -0.00001803
 663    0.0000097  -0.00005250
 664    0.0000050  -0.00003178
 665    0.0000104  -0.00005942
 666    0.0000085  -0.00004891
 667    0.0000080  -0.00004425
 668    0.0000171  -0.00009691
 669    0.0000086  -0.00005273
 670    0.0000129  -0.00007567
 671    0.0000124  -0.00007751
 672    0.0000200  -0.00011933
 673    0.0000164  -0.00010983
 674    0.0000092  -0.00006048
 675    0.0000002  -0.00000176
 676    0.0000001  -0.00000090
 677    0.0000001  -0.00000091
 678    0.0000002  -0.00000234
 679    0.0000001  -0.00000109
 680    0.0000001  -0.00000103
 681    0.0000000  -0.00000029
 682    0.0000000  -0.00000039
 683    0.0000000  -0.00000019
 684    0.0000000  -0.00000021
 685    0.0000020  -0.00001178
 686    0.0000047  -0.00002038
 687    0.0000038  -0.00001828
 688    0.0000017  -0.00001111
 689    0.0000010  -0.00000792
 690    0.0000025  -0.00001574
 691    0.0000065  -0.00004010
 692    0.0000010  -0.00000879
 693    0.0000111  -0.00005660
 694    0.0000046  -0.00003121
 695    0.0000045  -0.00002942
 696    0.0000026  -0.00001608
 697    0.0000056  -0.00003481
 698    0.0000014  -0.00001155
 699    0.0000041  -0.00002764
 700    0.0000027  -0.00001809
 701    0.0000059  -0.00004006
 702    0.0000039  -0.00002782
 703    0.0000039  -0.00002668
 704    0.0000112  -0.00006595
 705    0.0000051  -0.00003605
 706    0.0000067  -0.00004329
 707    0.0000030  -0.00002625
 708    0.0000086  -0.00005804
 709    0.0000058  -0.00004164
 710    0.0000059  -0.00004555
 711    0.0000001  -0.00000096
 712    0.0000001  -0.00000059
 713    0.0000001  -0.00000059
 714    0.0000001  -0.00000096
 715    0.0000001  -0.00000073
 716    0.0000001  -0.00000064
 717    0.0000000  -0.00000020
 718    0.0000000  -0.00000029
 719    0.0000000  -0.00000016
 720    0.0000000  -0.00000019
 
----------------
 Final Energies 
----------------
Final NOF Total Energy =    -491.8269495
 
Total Orbital Internal Iterations = 1130
Total Occupation Internal Iterations = 526
 
Elapsed time: 6767.47 Seconds

---------------------------------
   Lowdin Population Analysis    
---------------------------------
 Idx  Atom   Population   Charge 
---------------------------------
  1     N     6.456       0.544
  2     H     1.117      -0.117
  3     C     6.575      -0.575
  4     O     7.740       0.260
  5     C     5.957       0.043
  6     H     1.065      -0.065
  7     C     6.006      -0.006
  8     H     1.052      -0.052
  9     N     6.461       0.539
 10     H     1.127      -0.127
 11     C     6.691      -0.691
 12     O     7.768       0.232
 13     C     5.862       0.138
 14     H     1.131      -0.131
 15     C     5.860       0.140
 16     H     1.134      -0.134

---------------------------------
   M Diagnostic: 0.04
---------------------------------

