Computing Integrals
Basis Set                                            = def2-qzvp
Auxiliary Basis Set                                  = def2-universal-jkfit
Gaussian Type                                        = Spherical
Elapsed time:    6.68 Seconds

Number of basis functions                   (NBF)    = 294
Number of auxiliary basis functions         (NBFAUX) = 262
Inactive Doubly occupied orbitals up to     (NO1)    = 0
No. considered Strongly Doubly occupied MOs (NDOC)   = 9
No. considered Strongly Singly occupied MOs (NSOC)   = 1
NO. of Weakly occ. per St. Doubly occ.  MOs (NCWO)   = 31
Dimension of the Nat. Orb. subspace         (NBF5)   = 289
No. of electrons                                     = 19
    No. of alpha electrons                           = 10
    No. of beta electrons                            = 9
Multiplicity                                         = 2

Geometry
========
 N       0.0000000       0.0000000      -1.0832554
 N       0.0000000       0.0000000       1.0832554
 H       0.8429730       0.4866907      -1.3589288
 H       0.0000000      -0.9733814      -1.3589288
 H      -0.8429730       0.4866907      -1.3589288
 H       0.8429730      -0.4866907       1.3589288
 H       0.0000000       0.9733814       1.3589288
 H      -0.8429730      -0.4866907       1.3589288

No violations of the orthonormality
No violations of the orthonormality
 
PNOF8/ADABelief Calculation
==================
 
  Nitext  Nit_orb  Time   Nit_occ  Time         Eelec          Etot           Ediff      maxdiff    MaxGrad_orb  Grad_occ
     1      10    3.0e+01   10    3.6e+01  -158.58101974  -112.73172068 -10157.58101974   0.002580   1.0e-02   2.0e-04 0.03
     2      20    9.3e+00    0    6.0e-01  -158.58472061  -112.73542155    -0.00370087   0.002580   1.0e-02   2.0e-04 0.03
     3      40    2.2e+01    5    1.7e+00  -158.58546837  -112.73616931    -0.00074777   0.002462   9.8e-03   1.5e-04 0.03
     4      40    1.7e+01    5    1.9e+00  -158.58577627  -112.73647721    -0.00030790   0.002930   1.2e-02   2.3e-04 0.03
     5      40    1.5e+01    5    1.7e+00  -158.58604411  -112.73674504    -0.00026783   0.003085   1.2e-02   2.3e-04 0.03
     6      40    1.6e+01    5    2.3e+00  -158.58626590  -112.73696684    -0.00022180   0.003493   1.4e-02   2.3e-04 0.03
     7      40    2.0e+01    5    2.1e+00  -158.58645534  -112.73715628    -0.00018944   0.003003   1.2e-02   1.9e-04 0.03
     8      40    1.5e+01    4    1.5e+00  -158.58664632  -112.73734725    -0.00019098   0.003243   1.3e-02   2.4e-04 0.03
     9      40    1.9e+01    4    1.4e+00  -158.58682253  -112.73752347    -0.00017622   0.002611   1.0e-02   2.0e-04 0.03
    10      40    2.3e+01    5    1.8e+00  -158.58697506  -112.73767600    -0.00015253   0.003043   1.2e-02   1.5e-04 0.03
    11      40    1.8e+01    5    1.6e+00  -158.58708491  -112.73778585    -0.00010985   0.002773   1.1e-02   1.5e-04 0.03
    12      40    1.8e+01    5    1.7e+00  -158.58718933  -112.73789026    -0.00010442   0.002379   9.5e-03   1.3e-04 0.03
    13      40    1.8e+01    0    5.4e-01  -158.58726476  -112.73796570    -0.00007544   0.002358   9.4e-03   2.4e-04 0.03
    14      50    2.0e+01    5    1.9e+00  -158.58731735  -112.73801829    -0.00005259   0.001646   6.6e-03   1.3e-04 0.03
    15      50    2.1e+01    0    5.4e-01  -158.58737145  -112.73807238    -0.00005409   0.001229   4.9e-03   2.0e-04 0.03
    16      60    2.8e+01    0    5.9e-01  -158.58739301  -112.73809395    -0.00002157   0.000808   3.2e-03   2.4e-04 0.03
 
RESULTS OF THE OCCUPATION OPTIMIZATION
========================================
   1    1.9999669  -15.85354165
   2    1.9999691  -15.85208717
   3    1.9774686  -1.43253575
   4    1.9779544  -1.40187186
   5    1.9703728  -0.95156656
   6    1.9672636  -0.94972487
   7    1.9685666  -0.94912066
   8    1.9697246  -0.94302026
   9    1.9628595  -0.76880181
  10    1.0000000  -0.36609432
  11    0.0115730  -0.01608992
  12    0.0206815  -0.02815987
  13    0.0197808  -0.02812798
  14    0.0199526  -0.02811528
  15    0.0201354  -0.02752916
  16    0.0158564  -0.02751270
  17    0.0151771  -0.02753927
  18    0.0000257  -0.00066825
  19    0.0000266  -0.00069204
  20    0.0074867  -0.00991375
  21    0.0059087  -0.00983139
  22    0.0054474  -0.00942392
  23    0.0053961  -0.00935603
  24    0.0056695  -0.00980550
  25    0.0020807  -0.00750323
  26    0.0029639  -0.00663184
  27    0.0000022  -0.00002931
  28    0.0000025  -0.00004835
  29    0.0073729  -0.00981914
  30    0.0010913  -0.00333825
  31    0.0034654  -0.00684117
  32    0.0053565  -0.00943585
  33    0.0011069  -0.00398604
  34    0.0010980  -0.00368102
  35    0.0011090  -0.00481825
  36    0.0000011  -0.00000310
  37    0.0000014  -0.00000507
  38    0.0070202  -0.00972841
  39    0.0006953  -0.00167729
  40    0.0010822  -0.00294770
  41    0.0006504  -0.00156947
  42    0.0007205  -0.00174882
  43    0.0010579  -0.00407286
  44    0.0010624  -0.00349782
  45    0.0000009  -0.00004868
  46    0.0000012  -0.00000407
  47    0.0011234  -0.00229832
  48    0.0005568  -0.00138046
  49    0.0004791  -0.00135953
  50    0.0005117  -0.00132188
  51    0.0004809  -0.00133793
  52    0.0005096  -0.00144576
  53    0.0006691  -0.00238371
  54    0.0000008  -0.00004730
  55    0.0000010  -0.00001595
  56    0.0008719  -0.00169636
  57    0.0004023  -0.00103493
  58    0.0003732  -0.00103513
  59    0.0002253  -0.00068851
  60    0.0003913  -0.00107427
  61    0.0003635  -0.00107847
  62    0.0004825  -0.00137395
  63    0.0000000  -0.00000074
  64    0.0000000  -0.00000167
  65    0.0006184  -0.00133791
  66    0.0003491  -0.00092474
  67    0.0001987  -0.00061060
  68    0.0001416  -0.00041168
  69    0.0003620  -0.00096961
  70    0.0003164  -0.00091618
  71    0.0003336  -0.00124359
  72    0.0000000  -0.00000053
  73    0.0000000  -0.00000165
  74    0.0006020  -0.00129100
  75    0.0001432  -0.00048708
  76    0.0001294  -0.00041560
  77    0.0000978  -0.00033783
  78    0.0002629  -0.00075450
  79    0.0002077  -0.00180607
  80    0.0001547  -0.00122734
  81    0.0000000  -0.00000052
  82    0.0000000  -0.00000048
  83    0.0001321  -0.00038152
  84    0.0000927  -0.00034773
  85    0.0001059  -0.00035302
  86    0.0000754  -0.00025420
  87    0.0001590  -0.00057971
  88    0.0001072  -0.00036810
  89    0.0001429  -0.00054667
  90    0.0000000  -0.00000042
  91    0.0000000  -0.00000044
  92    0.0001136  -0.00034184
  93    0.0000747  -0.00025936
  94    0.0000866  -0.00027685
  95    0.0000657  -0.00021704
  96    0.0000872  -0.00029431
  97    0.0000936  -0.00034947
  98    0.0000910  -0.00034213
  99    0.0000000  -0.00000038
 100    0.0000000  -0.00000039
 101    0.0000825  -0.00025870
 102    0.0000545  -0.00019890
 103    0.0000629  -0.00022488
 104    0.0000484  -0.00017209
 105    0.0000555  -0.00018910
 106    0.0000603  -0.00024268
 107    0.0000631  -0.00026409
 108    0.0000000  -0.00000039
 109    0.0000000  -0.00000039
 110    0.0000264  -0.00010244
 111    0.0000438  -0.00017711
 112    0.0000447  -0.00017830
 113    0.0000413  -0.00016030
 114    0.0000415  -0.00016485
 115    0.0000561  -0.00021838
 116    0.0000576  -0.00021312
 117    0.0000000  -0.00000028
 118    0.0000000  -0.00000035
 119    0.0000245  -0.00009429
 120    0.0000349  -0.00014087
 121    0.0000430  -0.00016831
 122    0.0000360  -0.00014723
 123    0.0000340  -0.00013676
 124    0.0000444  -0.00018280
 125    0.0000461  -0.00018824
 126    0.0000000  -0.00000030
 127    0.0000000  -0.00000034
 128    0.0000151  -0.00006134
 129    0.0000307  -0.00013283
 130    0.0000275  -0.00012039
 131    0.0000275  -0.00011099
 132    0.0000258  -0.00011232
 133    0.0000395  -0.00016093
 134    0.0000364  -0.00017010
 135    0.0000000  -0.00000028
 136    0.0000000  -0.00000033
 137    0.0000125  -0.00004601
 138    0.0000186  -0.00008030
 139    0.0000165  -0.00007356
 140    0.0000226  -0.00009862
 141    0.0000165  -0.00007373
 142    0.0000341  -0.00014827
 143    0.0000287  -0.00013073
 144    0.0000000  -0.00000033
 145    0.0000000  -0.00000034
 146    0.0000122  -0.00004388
 147    0.0000156  -0.00006878
 148    0.0000155  -0.00007097
 149    0.0000148  -0.00007080
 150    0.0000144  -0.00006683
 151    0.0000271  -0.00012142
 152    0.0000242  -0.00011492
 153    0.0000000  -0.00000022
 154    0.0000000  -0.00000031
 155    0.0000109  -0.00004294
 156    0.0000113  -0.00005217
 157    0.0000146  -0.00006628
 158    0.0000112  -0.00004960
 159    0.0000117  -0.00005412
 160    0.0000174  -0.00008521
 161    0.0000151  -0.00007581
 162    0.0000000  -0.00000023
 163    0.0000000  -0.00000030
 164    0.0000088  -0.00003911
 165    0.0000103  -0.00005158
 166    0.0000111  -0.00005054
 167    0.0000093  -0.00005025
 168    0.0000090  -0.00004681
 169    0.0000142  -0.00007269
 170    0.0000123  -0.00007238
 171    0.0000000  -0.00000019
 172    0.0000000  -0.00000031
 173    0.0000074  -0.00003385
 174    0.0000100  -0.00004727
 175    0.0000090  -0.00004525
 176    0.0000087  -0.00004387
 177    0.0000070  -0.00004017
 178    0.0000105  -0.00005611
 179    0.0000102  -0.00005645
 180    0.0000000  -0.00000020
 181    0.0000000  -0.00000026
 182    0.0000067  -0.00002267
 183    0.0000076  -0.00003992
 184    0.0000074  -0.00003780
 185    0.0000082  -0.00004095
 186    0.0000058  -0.00003252
 187    0.0000099  -0.00005205
 188    0.0000091  -0.00004955
 189    0.0000000  -0.00000018
 190    0.0000000  -0.00000026
 191    0.0000035  -0.00000243
 192    0.0000068  -0.00003798
 193    0.0000051  -0.00002046
 194    0.0000073  -0.00003672
 195    0.0000049  -0.00002463
 196    0.0000069  -0.00004217
 197    0.0000084  -0.00004748
 198    0.0000000  -0.00000017
 199    0.0000000  -0.00000026
 200    0.0000023  -0.00000125
 201    0.0000060  -0.00003598
 202    0.0000039  -0.00001450
 203    0.0000057  -0.00002787
 204    0.0000042  -0.00001793
 205    0.0000053  -0.00003123
 206    0.0000052  -0.00002945
 207    0.0000000  -0.00000016
 208    0.0000000  -0.00000025
 209    0.0000023  -0.00000156
 210    0.0000055  -0.00002703
 211    0.0000038  -0.00001441
 212    0.0000045  -0.00001761
 213    0.0000038  -0.00001598
 214    0.0000047  -0.00003063
 215    0.0000045  -0.00002692
 216    0.0000000  -0.00000016
 217    0.0000000  -0.00000024
 218    0.0000017  -0.00000200
 219    0.0000045  -0.00002006
 220    0.0000034  -0.00000919
 221    0.0000032  -0.00000990
 222    0.0000032  -0.00001056
 223    0.0000047  -0.00002868
 224    0.0000043  -0.00002126
 225    0.0000000  -0.00000017
 226    0.0000000  -0.00000022
 227    0.0000016  -0.00000154
 228    0.0000042  -0.00001735
 229    0.0000031  -0.00000680
 230    0.0000028  -0.00000523
 231    0.0000028  -0.00000832
 232    0.0000041  -0.00002205
 233    0.0000039  -0.00001867
 234    0.0000000  -0.00000013
 235    0.0000000  -0.00000021
 236    0.0000015  -0.00000097
 237    0.0000035  -0.00001533
 238    0.0000028  -0.00000561
 239    0.0000025  -0.00000431
 240    0.0000027  -0.00000699
 241    0.0000033  -0.00001688
 242    0.0000035  -0.00001738
 243    0.0000000  -0.00000012
 244    0.0000000  -0.00000019
 245    0.0000014  -0.00000097
 246    0.0000032  -0.00001217
 247    0.0000027  -0.00000798
 248    0.0000025  -0.00000444
 249    0.0000023  -0.00000540
 250    0.0000029  -0.00001319
 251    0.0000031  -0.00001371
 252    0.0000000  -0.00000013
 253    0.0000000  -0.00000018
 254    0.0000014  -0.00000118
 255    0.0000030  -0.00000809
 256    0.0000022  -0.00000452
 257    0.0000022  -0.00000401
 258    0.0000020  -0.00000389
 259    0.0000028  -0.00001102
 260    0.0000028  -0.00001201
 261    0.0000000  -0.00000014
 262    0.0000000  -0.00000018
 263    0.0000013  -0.00000125
 264    0.0000024  -0.00000566
 265    0.0000021  -0.00000310
 266    0.0000018  -0.00000251
 267    0.0000018  -0.00000278
 268    0.0000023  -0.00000780
 269    0.0000023  -0.00000743
 270    0.0000000  -0.00000013
 271    0.0000000  -0.00000016
 272    0.0000012  -0.00000084
 273    0.0000019  -0.00000360
 274    0.0000019  -0.00000268
 275    0.0000014  -0.00000220
 276    0.0000016  -0.00000259
 277    0.0000022  -0.00000682
 278    0.0000023  -0.00000706
 279    0.0000000  -0.00000013
 280    0.0000000  -0.00000015
 281    0.0000012  -0.00000081
 282    0.0000017  -0.00000253
 283    0.0000016  -0.00000277
 284    0.0000014  -0.00000137
 285    0.0000013  -0.00000100
 286    0.0000018  -0.00000408
 287    0.0000021  -0.00000549
 288    0.0000000  -0.00000013
 289    0.0000000  -0.00000014
 
----------------
 Final Energies 
----------------
Final NOF Total Energy =    -112.7380939
 
Total Orbital Internal Iterations = 630
Total Occupation Internal Iterations = 63
 
Elapsed time:  410.63 Seconds

---------------------------------
   Lowdin Population Analysis    
---------------------------------
 Idx  Atom   Population   Charge 
---------------------------------
  1     N     6.135       0.865
  2     N     6.128       0.872
  3     H     1.125      -0.125
  4     H     1.124      -0.124
  5     H     1.123      -0.123
  6     H     1.121      -0.121
  7     H     1.123      -0.123
  8     H     1.122      -0.122

---------------------------------
   M Diagnostic: 0.03
---------------------------------

