Computing Integrals
Basis Set                                            = def2-qzvp
Auxiliary Basis Set                                  = def2-universal-jkfit
Gaussian Type                                        = Spherical
Elapsed time:    3.16 Seconds

Number of basis functions                   (NBF)    = 117
Number of auxiliary basis functions         (NBFAUX) = 113
Inactive Doubly occupied orbitals up to     (NO1)    = 0
No. considered Strongly Doubly occupied MOs (NDOC)   = 5
No. considered Strongly Singly occupied MOs (NSOC)   = 0
NO. of Weakly occ. per St. Doubly occ.  MOs (NCWO)   = 22
Dimension of the Nat. Orb. subspace         (NBF5)   = 115
No. of electrons                                     = 10
    No. of alpha electrons                           = 5
    No. of beta electrons                            = 5
Multiplicity                                         = 1

Geometry
========
 O       0.0000000       0.0000000       0.1169610
 H       0.0000000       0.7635680      -0.4678450
 H       0.0000000      -0.7635680      -0.4678450

No violations of the orthonormality
No violations of the orthonormality
 
PNOF8/ADABelief Calculation
==================
 
  Nitext  Nit_orb  Time   Nit_occ  Time         Eelec          Etot           Ediff      maxdiff    MaxGrad_orb  Grad_occ
     1      10    2.3e+01    5    2.5e+01   -85.54054842   -76.39081735 -10084.54054842   0.002777   1.1e-02   1.8e-04 0.03
     2      20    5.4e+00    0    1.0e-01   -85.54248196   -76.39275089    -0.00193354   0.002777   1.1e-02   1.8e-04 0.03
     3      40    7.9e+00    4    1.1e-01   -85.54269201   -76.39296094    -0.00021006   0.001379   5.5e-03   1.3e-04 0.03
     4      40    1.1e+01    1    9.1e-02   -85.54272920   -76.39299813    -0.00003719   0.001465   5.9e-03   1.4e-04 0.03
     5      40    8.1e+00    0    5.5e-02   -85.54273298   -76.39300191    -0.00000378   0.001702   6.8e-03   1.8e-04 0.03
     6      50    9.6e+00    1    1.1e-01   -85.54274339   -76.39301232    -0.00001041   0.001000   4.0e-03   2.4e-04 0.03
 
RESULTS OF THE OCCUPATION OPTIMIZATION
========================================
   1    1.9999812  -20.59806578
   2    1.9845548  -1.34097554
   3    1.9680066  -0.72408930
   4    1.9660384  -0.71383922
   5    1.9719433  -0.55451775
   6    0.0139715  -0.02023290
   7    0.0237546  -0.03292102
   8    0.0257548  -0.03452286
   9    0.0090827  -0.02034159
  10    0.0000152  -0.00057616
  11    0.0057282  -0.00995629
  12    0.0047886  -0.00891735
  13    0.0047110  -0.00887113
  14    0.0013738  -0.00564511
  15    0.0000017  -0.00001922
  16    0.0053235  -0.00935077
  17    0.0045829  -0.00862971
  18    0.0004838  -0.00123104
  19    0.0013098  -0.00426297
  20    0.0000011  -0.00000579
  21    0.0007999  -0.00367405
  22    0.0004325  -0.00120733
  23    0.0003493  -0.00102270
  24    0.0009626  -0.00318450
  25    0.0000004  -0.00004164
  26    0.0007224  -0.00188086
  27    0.0000869  -0.00035103
  28    0.0003194  -0.00097507
  29    0.0007488  -0.00234093
  30    0.0000000  -0.00000095
  31    0.0004884  -0.00138641
  32    0.0000799  -0.00030383
  33    0.0000892  -0.00035209
  34    0.0006070  -0.00174678
  35    0.0000000  -0.00000080
  36    0.0003634  -0.00102639
  37    0.0000520  -0.00016317
  38    0.0000779  -0.00032298
  39    0.0003763  -0.00115972
  40    0.0000000  -0.00000074
  41    0.0001821  -0.00058472
  42    0.0000460  -0.00017859
  43    0.0000465  -0.00018182
  44    0.0003122  -0.00101045
  45    0.0000000  -0.00000075
  46    0.0001704  -0.00058729
  47    0.0000376  -0.00015182
  48    0.0000419  -0.00017603
  49    0.0003059  -0.00101583
  50    0.0000000  -0.00000062
  51    0.0001130  -0.00037900
  52    0.0000304  -0.00013683
  53    0.0000369  -0.00017139
  54    0.0001569  -0.00172655
  55    0.0000000  -0.00000057
  56    0.0000498  -0.00022913
  57    0.0000179  -0.00009266
  58    0.0000314  -0.00013917
  59    0.0000404  -0.00019349
  60    0.0000000  -0.00000050
  61    0.0000246  -0.00009957
  62    0.0000118  -0.00005420
  63    0.0000099  -0.00004628
  64    0.0000298  -0.00015832
  65    0.0000000  -0.00000050
  66    0.0000227  -0.00010514
  67    0.0000100  -0.00004491
  68    0.0000091  -0.00004082
  69    0.0000243  -0.00013461
  70    0.0000000  -0.00000051
  71    0.0000200  -0.00010455
  72    0.0000086  -0.00003355
  73    0.0000078  -0.00003949
  74    0.0000226  -0.00012318
  75    0.0000000  -0.00000042
  76    0.0000179  -0.00007155
  77    0.0000064  -0.00001460
  78    0.0000050  -0.00001649
  79    0.0000212  -0.00011576
  80    0.0000000  -0.00000046
  81    0.0000158  -0.00007094
  82    0.0000031  -0.00000775
  83    0.0000042  -0.00000916
  84    0.0000168  -0.00010905
  85    0.0000000  -0.00000037
  86    0.0000143  -0.00006486
  87    0.0000030  -0.00000757
  88    0.0000036  -0.00001191
  89    0.0000144  -0.00007200
  90    0.0000000  -0.00000029
  91    0.0000087  -0.00004253
  92    0.0000024  -0.00000485
  93    0.0000029  -0.00001035
  94    0.0000113  -0.00006605
  95    0.0000000  -0.00000034
  96    0.0000067  -0.00003933
  97    0.0000020  -0.00000372
  98    0.0000028  -0.00000744
  99    0.0000098  -0.00005977
 100    0.0000000  -0.00000027
 101    0.0000048  -0.00001991
 102    0.0000018  -0.00000423
 103    0.0000021  -0.00000446
 104    0.0000084  -0.00004896
 105    0.0000000  -0.00000030
 106    0.0000046  -0.00001961
 107    0.0000017  -0.00000306
 108    0.0000020  -0.00000370
 109    0.0000060  -0.00003749
 110    0.0000000  -0.00000028
 111    0.0000039  -0.00001565
 112    0.0000016  -0.00000269
 113    0.0000019  -0.00000349
 114    0.0000042  -0.00002306
 115    0.0000000  -0.00000029
 
----------------
 Final Energies 
----------------
Final NOF Total Energy =     -76.3930123
 
Total Orbital Internal Iterations = 200
Total Occupation Internal Iterations = 11
 
Elapsed time:  105.03 Seconds

---------------------------------
   Lowdin Population Analysis    
---------------------------------
 Idx  Atom   Population   Charge 
---------------------------------
  1     O     7.351       0.649
  2     H     1.325      -0.325
  3     H     1.325      -0.325

---------------------------------
   M Diagnostic: 0.03
---------------------------------

