Computing Integrals
Basis Set                                            = def2-qzvp
Auxiliary Basis Set                                  = def2-universal-jkfit
Gaussian Type                                        = Spherical
Elapsed time:   12.47 Seconds

Number of basis functions                   (NBF)    = 475
Number of auxiliary basis functions         (NBFAUX) = 579
Inactive Doubly occupied orbitals up to     (NO1)    = 0
No. considered Strongly Doubly occupied MOs (NDOC)   = 27
No. considered Strongly Singly occupied MOs (NSOC)   = 0
NO. of Weakly occ. per St. Doubly occ.  MOs (NCWO)   = 16
Dimension of the Nat. Orb. subspace         (NBF5)   = 459
No. of electrons                                     = 54
    No. of alpha electrons                           = 27
    No. of beta electrons                            = 27
Multiplicity                                         = 1

Geometry
========
 C      -0.1499300      -1.0366670       0.0000000
 S       0.5689550       0.4243550       0.0000000
 F      -0.1499300       1.3095180       1.1445480
 F      -0.1499300       1.3095180      -1.1445480
 B      -1.6788000      -1.2010680       0.0000000
 H      -2.1250400      -2.3021090       0.0000000
 H      -2.3960060      -0.2526020       0.0000000
 B       0.9394340      -2.1060630       0.0000000
 H       0.6194520      -3.2503040       0.0000000
 H       2.0934610      -1.8003310       0.0000000

No violations of the orthonormality
No violations of the orthonormality
 
PNOF8/ADABelief Calculation
==================
 
  Nitext  Nit_orb  Time   Nit_occ  Time         Eelec          Etot           Ediff      maxdiff    MaxGrad_orb  Grad_occ
     1      10    4.2e+01   13    3.1e+01  -977.65336974  -687.74249826 -10976.65336974   0.003803   1.5e-02   2.3e-04 0.04
     2      20    3.3e+01    0    1.1e+00  -977.66641523  -687.75554375    -0.01304549   0.003803   1.5e-02   2.3e-04 0.04
     3      40    5.6e+01    0    1.1e+00  -977.66641523  -687.75554375     0.00000000   0.003803   1.5e-02   2.3e-04 0.04
     4      60    1.0e+02    8    3.8e+00  -977.66812139  -687.75724992    -0.00170617   0.001698   6.8e-03   2.3e-04 0.04
     5      60    1.0e+02    4    2.4e+00  -977.66858256  -687.75771108    -0.00046117   0.001296   5.2e-03   2.9e-04 0.04
     6      60    1.0e+02    4    2.4e+00  -977.66874074  -687.75786926    -0.00015817   0.001624   6.5e-03   2.8e-04 0.04
     7      60    1.1e+02    1    1.4e+00  -977.66886576  -687.75799428    -0.00012502   0.001302   5.2e-03   2.8e-04 0.04
     8      60    8.5e+01    4    2.3e+00  -977.66894600  -687.75807452    -0.00008024   0.001420   5.7e-03   3.4e-04 0.04
     9      60    8.4e+01    1    1.4e+00  -977.66902728  -687.75815580    -0.00008128   0.001416   5.7e-03   2.8e-04 0.04
    10      60    1.5e+02    9    4.0e+00  -977.66907221  -687.75820074    -0.00004494   0.001387   5.5e-03   3.2e-04 0.04
    11      60    8.7e+01    1    1.3e+00  -977.66915352  -687.75828204    -0.00008131   0.001408   5.6e-03   2.5e-04 0.04
    12      60    8.8e+01    3    2.1e+00  -977.66918088  -687.75830941    -0.00002736   0.001405   5.6e-03   2.3e-04 0.04
    13      60    8.1e+01    1    1.3e+00  -977.66921684  -687.75834536    -0.00003596   0.001376   5.5e-03   2.6e-04 0.04
    14      60    8.1e+01   12    5.1e+00  -977.66923746  -687.75836598    -0.00002062   0.001407   5.6e-03   2.0e-04 0.04
    15      60    9.5e+01    1    1.3e+00  -977.66931266  -687.75844118    -0.00007520   0.001299   5.2e-03   2.1e-04 0.04
    16      60    1.1e+02    3    1.9e+00  -977.66933865  -687.75846717    -0.00002599   0.001330   5.3e-03   2.2e-04 0.04
    17      60    1.0e+02    1    1.3e+00  -977.66937186  -687.75850038    -0.00003321   0.001302   5.2e-03   2.0e-04 0.04
    18      60    1.0e+02   12    5.2e+00  -977.66939812  -687.75852665    -0.00002627   0.001342   5.4e-03   1.9e-04 0.04
    19      60    1.0e+02    1    1.3e+00  -977.66947431  -687.75860284    -0.00007619   0.001362   5.4e-03   1.9e-04 0.04
    20      60    9.4e+01    1    1.3e+00  -977.66950768  -687.75863620    -0.00003336   0.002928   1.2e-02   2.7e-04 0.04
    21      60    8.9e+01    3    1.9e+00  -977.66954938  -687.75867790    -0.00004170   0.001321   5.3e-03   2.7e-04 0.04
    22      60    9.5e+01    1    1.4e+00  -977.66958750  -687.75871602    -0.00003812   0.001379   5.5e-03   2.3e-04 0.04
    23      60    9.3e+01    9    4.4e+00  -977.66961176  -687.75874028    -0.00002426   0.001372   5.5e-03   2.6e-04 0.04
    24      60    1.1e+02    1    1.3e+00  -977.66967346  -687.75880198    -0.00006169   0.001415   5.7e-03   2.4e-04 0.04
    25      60    1.1e+02    3    1.9e+00  -977.66969569  -687.75882421    -0.00002223   0.001370   5.5e-03   2.3e-04 0.04
    26      60    1.0e+02    7    3.4e+00  -977.66972176  -687.75885028    -0.00002607   0.001352   5.4e-03   2.5e-04 0.04
    27      60    1.0e+02    3    1.9e+00  -977.66976415  -687.75889267    -0.00004239   0.001356   5.4e-03   2.1e-04 0.04
    28      60    1.1e+02    6    2.9e+00  -977.66978643  -687.75891495    -0.00002228   0.001673   6.7e-03   2.4e-04 0.04
    29      60    1.2e+02    3    1.9e+00  -977.66983628  -687.75896480    -0.00004985   0.001327   5.3e-03   2.1e-04 0.04
    30      60    8.9e+01   12    4.8e+00  -977.66985649  -687.75898501    -0.00002021   0.001358   5.4e-03   2.2e-04 0.04
    31      60    1.2e+02    0    9.8e-01  -977.66991626  -687.75904478    -0.00005977   0.001412   5.6e-03   2.6e-04 0.04
    32      70    1.3e+02    3    2.0e+00  -977.66995590  -687.75908442    -0.00003963   0.001169   4.7e-03   2.1e-04 0.04
    33      70    1.5e+02    3    1.9e+00  -977.66997546  -687.75910398    -0.00001956   0.001483   5.9e-03   2.9e-04 0.04
    34      70    1.2e+02    9    3.9e+00  -977.67000004  -687.75912856    -0.00002458   0.001181   4.7e-03   2.4e-04 0.04
    35      70    1.2e+02    0    1.1e+00  -977.67004140  -687.75916992    -0.00004136   0.001229   4.9e-03   2.0e-04 0.04
    36      80    1.9e+02    0    1.1e+00  -977.67006913  -687.75919765    -0.00002773   0.000958   3.8e-03   2.4e-04 0.04
 
RESULTS OF THE OCCUPATION OPTIMIZATION
========================================
   1    1.9999994  -92.22635386
   2    1.9999899  -26.39673547
   3    1.9999898  -26.39654841
   4    1.9999715  -11.23630556
   5    1.9998617  -8.40002438
   6    1.9998451  -8.38238967
   7    1.9997117  -7.22735603
   8    1.9995715  -7.04511524
   9    1.9995474  -7.03264028
  10    1.9993879  -6.89897887
  11    1.9847883  -1.63241093
  12    1.9841788  -1.46680980
  13    1.9840536  -1.38109452
  14    1.9777062  -0.86922231
  15    1.9776815  -0.76452708
  16    1.9770500  -0.76347159
  17    1.9733530  -0.75046527
  18    1.9727023  -0.74221835
  19    1.9738919  -0.73790904
  20    1.9739518  -0.73551660
  21    1.9725999  -0.64601966
  22    1.9585118  -0.64505183
  23    1.9585311  -0.63588039
  24    1.9686110  -0.61444334
  25    1.9680426  -0.56464464
  26    1.9646557  -0.54985049
  27    1.9646001  -0.50491502
  28    0.0150733  -0.01588533
  29    0.0280899  -0.04145284
  30    0.0143178  -0.02000559
  31    0.0112886  -0.01445955
  32    0.0412363  -0.06524156
  33    0.0412623  -0.06564797
  34    0.0108345  -0.01498736
  35    0.0147645  -0.02439061
  36    0.0144201  -0.02429689
  37    0.0162308  -0.02438786
  38    0.0163204  -0.02677365
  39    0.0067563  -0.01577041
  40    0.0061474  -0.01462005
  41    0.0095732  -0.01805941
  42    0.0080055  -0.02435775
  43    0.0067609  -0.02216048
  44    0.0086182  -0.02543892
  45    0.0005765  -0.00958998
  46    0.0003501  -0.00542577
  47    0.0003595  -0.00546801
  48    0.0002125  -0.00476926
  49    0.0000823  -0.00198587
  50    0.0000722  -0.00154937
  51    0.0000249  -0.00054805
  52    0.0000095  -0.00033283
  53    0.0000094  -0.00032023
  54    0.0000006  -0.00000654
  55    0.0120670  -0.01433734
  56    0.0058126  -0.01058016
  57    0.0114499  -0.01492008
  58    0.0090158  -0.01216152
  59    0.0000998  -0.00024719
  60    0.0000704  -0.00018663
  61    0.0059369  -0.01015472
  62    0.0043917  -0.01096750
  63    0.0044507  -0.01058978
  64    0.0038091  -0.00697188
  65    0.0044631  -0.01096324
  66    0.0050578  -0.01321865
  67    0.0052520  -0.01260575
  68    0.0053064  -0.01271280
  69    0.0018883  -0.00800188
  70    0.0034380  -0.01220880
  71    0.0032345  -0.01071140
  72    0.0000073  -0.00010153
  73    0.0000533  -0.00168111
  74    0.0000163  -0.00062859
  75    0.0000370  -0.00053226
  76    0.0000214  -0.00039176
  77    0.0000145  -0.00026461
  78    0.0000009  -0.00003101
  79    0.0000001  -0.00000096
  80    0.0000001  -0.00000121
  81    0.0000000  -0.00000013
  82    0.0037314  -0.00531491
  83    0.0006352  -0.00142424
  84    0.0022120  -0.00417209
  85    0.0040013  -0.00577554
  86    0.0000372  -0.00011134
  87    0.0000442  -0.00012820
  88    0.0038153  -0.00639660
  89    0.0042269  -0.01036383
  90    0.0041059  -0.00971261
  91    0.0028160  -0.00497926
  92    0.0038851  -0.00964041
  93    0.0039508  -0.01068329
  94    0.0031442  -0.00940888
  95    0.0034420  -0.00982243
  96    0.0018209  -0.00795449
  97    0.0030678  -0.01147992
  98    0.0011645  -0.00703329
  99    0.0000068  -0.00026779
 100    0.0000101  -0.00011214
 101    0.0000101  -0.00011137
 102    0.0000105  -0.00011626
 103    0.0000129  -0.00013222
 104    0.0000134  -0.00013578
 105    0.0000005  -0.00000473
 106    0.0000001  -0.00000096
 107    0.0000001  -0.00000116
 108    0.0000000  -0.00000012
 109    0.0024951  -0.00373397
 110    0.0002863  -0.00064730
 111    0.0011520  -0.00219971
 112    0.0023511  -0.00331973
 113    0.0000228  -0.00007439
 114    0.0000268  -0.00008162
 115    0.0021684  -0.00462919
 116    0.0007845  -0.00253607
 117    0.0010626  -0.00387351
 118    0.0016976  -0.00331229
 119    0.0004895  -0.00137520
 120    0.0036577  -0.00973156
 121    0.0030819  -0.00960454
 122    0.0013797  -0.00512541
 123    0.0011101  -0.00496060
 124    0.0009205  -0.00495700
 125    0.0006624  -0.00391061
 126    0.0000045  -0.00004769
 127    0.0000095  -0.00009557
 128    0.0000093  -0.00009850
 129    0.0000098  -0.00009635
 130    0.0000125  -0.00012373
 131    0.0000087  -0.00008618
 132    0.0000004  -0.00002390
 133    0.0000001  -0.00000091
 134    0.0000001  -0.00000112
 135    0.0000000  -0.00000011
 136    0.0011554  -0.00206829
 137    0.0001263  -0.00031941
 138    0.0006979  -0.00153585
 139    0.0020843  -0.00390609
 140    0.0000165  -0.00007112
 141    0.0000209  -0.00007080
 142    0.0015622  -0.00439935
 143    0.0004787  -0.00150743
 144    0.0008077  -0.00276062
 145    0.0010883  -0.00306091
 146    0.0004025  -0.00123355
 147    0.0011019  -0.00400640
 148    0.0018194  -0.00663306
 149    0.0007129  -0.00258178
 150    0.0009268  -0.00594328
 151    0.0006480  -0.00383290
 152    0.0003322  -0.00152845
 153    0.0000042  -0.00004203
 154    0.0000062  -0.00013227
 155    0.0000071  -0.00007448
 156    0.0000060  -0.00005392
 157    0.0000044  -0.00004242
 158    0.0000051  -0.00009336
 159    0.0000004  -0.00000337
 160    0.0000001  -0.00000070
 161    0.0000001  -0.00000087
 162    0.0000000  -0.00000007
 163    0.0002373  -0.00053008
 164    0.0000918  -0.00025806
 165    0.0006666  -0.00135619
 166    0.0015534  -0.00262975
 167    0.0000121  -0.00004922
 168    0.0000127  -0.00004952
 169    0.0013992  -0.00267412
 170    0.0003121  -0.00102671
 171    0.0002898  -0.00100257
 172    0.0006578  -0.00148058
 173    0.0002928  -0.00101157
 174    0.0007040  -0.00260233
 175    0.0006306  -0.00210681
 176    0.0004930  -0.00156606
 177    0.0007134  -0.00392260
 178    0.0003489  -0.00179157
 179    0.0002931  -0.00122816
 180    0.0000032  -0.00013908
 181    0.0000052  -0.00005057
 182    0.0000043  -0.00004825
 183    0.0000038  -0.00003286
 184    0.0000042  -0.00003406
 185    0.0000045  -0.00005070
 186    0.0000003  -0.00000339
 187    0.0000001  -0.00000067
 188    0.0000001  -0.00000084
 189    0.0000000  -0.00000007
 190    0.0001287  -0.00029056
 191    0.0000773  -0.00022609
 192    0.0006223  -0.00121297
 193    0.0003637  -0.00079572
 194    0.0000104  -0.00004259
 195    0.0000118  -0.00004663
 196    0.0007214  -0.00163224
 197    0.0002737  -0.00095568
 198    0.0002806  -0.00095387
 199    0.0002855  -0.00061810
 200    0.0002849  -0.00099775
 201    0.0004794  -0.00150602
 202    0.0006266  -0.00204797
 203    0.0003366  -0.00115618
 204    0.0006318  -0.00447460
 205    0.0002469  -0.00126743
 206    0.0002906  -0.00120487
 207    0.0000019  -0.00002601
 208    0.0000040  -0.00004114
 209    0.0000037  -0.00004653
 210    0.0000019  -0.00001788
 211    0.0000030  -0.00012316
 212    0.0000033  -0.00012069
 213    0.0000003  -0.00000273
 214    0.0000001  -0.00000071
 215    0.0000000  -0.00000030
 216    0.0000000  -0.00000007
 217    0.0001142  -0.00027190
 218    0.0000540  -0.00017021
 219    0.0002718  -0.00057773
 220    0.0001762  -0.00045847
 221    0.0000091  -0.00003809
 222    0.0000084  -0.00003285
 223    0.0003103  -0.00080569
 224    0.0002501  -0.00086602
 225    0.0002729  -0.00094069
 226    0.0001969  -0.00052712
 227    0.0001371  -0.00045986
 228    0.0003533  -0.00122867
 229    0.0004346  -0.00130890
 230    0.0002905  -0.00106632
 231    0.0003011  -0.00125423
 232    0.0001531  -0.00093095
 233    0.0002760  -0.00116887
 234    0.0000018  -0.00001721
 235    0.0000030  -0.00002831
 236    0.0000034  -0.00004752
 237    0.0000013  -0.00001230
 238    0.0000028  -0.00002373
 239    0.0000032  -0.00003511
 240    0.0000002  -0.00000185
 241    0.0000001  -0.00000053
 242    0.0000000  -0.00000031
 243    0.0000000  -0.00000007
 244    0.0001057  -0.00025677
 245    0.0000414  -0.00012785
 246    0.0002239  -0.00052207
 247    0.0001410  -0.00035190
 248    0.0000073  -0.00003046
 249    0.0000074  -0.00003081
 250    0.0002764  -0.00067896
 251    0.0002498  -0.00085748
 252    0.0001653  -0.00058982
 253    0.0001418  -0.00040933
 254    0.0001034  -0.00035189
 255    0.0002847  -0.00106599
 256    0.0003046  -0.00110667
 257    0.0002507  -0.00093115
 258    0.0002768  -0.00122097
 259    0.0000682  -0.00034948
 260    0.0001824  -0.00107280
 261    0.0000015  -0.00001833
 262    0.0000028  -0.00003699
 263    0.0000032  -0.00003146
 264    0.0000012  -0.00001508
 265    0.0000023  -0.00002772
 266    0.0000026  -0.00002834
 267    0.0000002  -0.00000173
 268    0.0000000  -0.00000051
 269    0.0000000  -0.00000029
 270    0.0000000  -0.00000006
 271    0.0000902  -0.00022347
 272    0.0000343  -0.00010494
 273    0.0001137  -0.00027165
 274    0.0001216  -0.00030881
 275    0.0000042  -0.00002117
 276    0.0000060  -0.00002769
 277    0.0001380  -0.00038606
 278    0.0000939  -0.00031613
 279    0.0000787  -0.00027427
 280    0.0000984  -0.00027988
 281    0.0000889  -0.00031643
 282    0.0002793  -0.00103263
 283    0.0002605  -0.00093982
 284    0.0002215  -0.00083138
 285    0.0001059  -0.00059916
 286    0.0000581  -0.00026072
 287    0.0000384  -0.00019564
 288    0.0000012  -0.00001425
 289    0.0000024  -0.00002599
 290    0.0000030  -0.00003443
 291    0.0000011  -0.00001133
 292    0.0000022  -0.00001992
 293    0.0000023  -0.00003631
 294    0.0000002  -0.00000150
 295    0.0000000  -0.00000038
 296    0.0000000  -0.00000027
 297    0.0000000  -0.00000006
 298    0.0000729  -0.00018480
 299    0.0000289  -0.00009384
 300    0.0000996  -0.00026363
 301    0.0000900  -0.00022985
 302    0.0000036  -0.00001940
 303    0.0000054  -0.00002600
 304    0.0000644  -0.00018906
 305    0.0000644  -0.00021595
 306    0.0000569  -0.00019723
 307    0.0000948  -0.00027583
 308    0.0000652  -0.00021145
 309    0.0001301  -0.00051356
 310    0.0002223  -0.00082712
 311    0.0001664  -0.00067216
 312    0.0000589  -0.00028663
 313    0.0000225  -0.00016505
 314    0.0000285  -0.00016827
 315    0.0000008  -0.00000688
 316    0.0000016  -0.00002249
 317    0.0000028  -0.00007817
 318    0.0000010  -0.00000811
 319    0.0000019  -0.00001696
 320    0.0000022  -0.00002145
 321    0.0000001  -0.00000105
 322    0.0000000  -0.00000035
 323    0.0000000  -0.00000027
 324    0.0000000  -0.00000005
 325    0.0000427  -0.00013120
 326    0.0000221  -0.00007873
 327    0.0000406  -0.00012591
 328    0.0000579  -0.00017595
 329    0.0000031  -0.00001682
 330    0.0000043  -0.00002149
 331    0.0000571  -0.00018971
 332    0.0000551  -0.00019129
 333    0.0000374  -0.00014643
 334    0.0000714  -0.00019949
 335    0.0000602  -0.00020357
 336    0.0000750  -0.00027248
 337    0.0001542  -0.00062711
 338    0.0000450  -0.00017387
 339    0.0000278  -0.00017340
 340    0.0000201  -0.00015164
 341    0.0000219  -0.00016262
 342    0.0000007  -0.00000594
 343    0.0000016  -0.00001673
 344    0.0000027  -0.00003883
 345    0.0000007  -0.00000579
 346    0.0000018  -0.00001556
 347    0.0000018  -0.00002344
 348    0.0000001  -0.00000093
 349    0.0000000  -0.00000028
 350    0.0000000  -0.00000026
 351    0.0000000  -0.00000005
 352    0.0000294  -0.00008978
 353    0.0000194  -0.00007182
 354    0.0000323  -0.00010328
 355    0.0000536  -0.00016012
 356    0.0000029  -0.00001426
 357    0.0000036  -0.00001844
 358    0.0000411  -0.00014011
 359    0.0000499  -0.00017877
 360    0.0000268  -0.00011375
 361    0.0000409  -0.00013339
 362    0.0000208  -0.00011508
 363    0.0000490  -0.00018533
 364    0.0001256  -0.00051706
 365    0.0000259  -0.00013012
 366    0.0000244  -0.00016399
 367    0.0000186  -0.00013628
 368    0.0000208  -0.00016915
 369    0.0000007  -0.00000570
 370    0.0000015  -0.00001779
 371    0.0000014  -0.00001436
 372    0.0000006  -0.00000549
 373    0.0000012  -0.00001500
 374    0.0000016  -0.00001402
 375    0.0000001  -0.00000057
 376    0.0000000  -0.00000023
 377    0.0000000  -0.00000018
 378    0.0000000  -0.00000003
 379    0.0000255  -0.00008451
 380    0.0000165  -0.00006440
 381    0.0000271  -0.00009417
 382    0.0000432  -0.00013425
 383    0.0000027  -0.00001394
 384    0.0000032  -0.00001637
 385    0.0000311  -0.00011470
 386    0.0000291  -0.00012137
 387    0.0000244  -0.00010946
 388    0.0000357  -0.00012605
 389    0.0000173  -0.00010027
 390    0.0000321  -0.00013397
 391    0.0000688  -0.00021921
 392    0.0000211  -0.00012090
 393    0.0000196  -0.00014158
 394    0.0000180  -0.00013513
 395    0.0000177  -0.00013301
 396    0.0000004  -0.00002859
 397    0.0000005  -0.00000554
 398    0.0000011  -0.00001365
 399    0.0000004  -0.00002389
 400    0.0000011  -0.00000946
 401    0.0000014  -0.00001123
 402    0.0000000  -0.00000055
 403    0.0000000  -0.00000016
 404    0.0000000  -0.00000017
 405    0.0000000  -0.00000003
 406    0.0000214  -0.00007569
 407    0.0000053  -0.00002650
 408    0.0000172  -0.00007798
 409    0.0000298  -0.00010481
 410    0.0000005  -0.00000259
 411    0.0000006  -0.00000350
 412    0.0000247  -0.00011746
 413    0.0000129  -0.00008352
 414    0.0000173  -0.00009980
 415    0.0000170  -0.00010456
 416    0.0000091  -0.00005290
 417    0.0000219  -0.00012478
 418    0.0000267  -0.00012330
 419    0.0000204  -0.00012360
 420    0.0000186  -0.00013209
 421    0.0000172  -0.00012794
 422    0.0000176  -0.00013474
 423    0.0000002  -0.00000248
 424    0.0000004  -0.00001014
 425    0.0000004  -0.00002972
 426    0.0000003  -0.00000297
 427    0.0000004  -0.00000327
 428    0.0000011  -0.00001167
 429    0.0000000  -0.00000045
 430    0.0000000  -0.00000014
 431    0.0000000  -0.00000012
 432    0.0000000  -0.00000004
 433    0.0000098  -0.00004263
 434    0.0000030  -0.00001632
 435    0.0000128  -0.00006514
 436    0.0000175  -0.00007962
 437    0.0000004  -0.00000234
 438    0.0000005  -0.00000316
 439    0.0000191  -0.00011006
 440    0.0000110  -0.00006344
 441    0.0000109  -0.00006188
 442    0.0000158  -0.00009911
 443    0.0000067  -0.00003491
 444    0.0000166  -0.00009795
 445    0.0000190  -0.00011903
 446    0.0000085  -0.00004426
 447    0.0000166  -0.00012703
 448    0.0000146  -0.00012385
 449    0.0000128  -0.00011206
 450    0.0000002  -0.00000183
 451    0.0000004  -0.00000336
 452    0.0000003  -0.00000242
 453    0.0000002  -0.00000193
 454    0.0000003  -0.00000257
 455    0.0000004  -0.00000363
 456    0.0000000  -0.00000035
 457    0.0000000  -0.00000015
 458    0.0000000  -0.00000010
 459    0.0000000  -0.00000003
 
----------------
 Final Energies 
----------------
Final NOF Total Energy =    -687.7591976
 
Total Orbital Internal Iterations = 2110
Total Occupation Internal Iterations = 143
 
Elapsed time: 3910.14 Seconds

---------------------------------
   Lowdin Population Analysis    
---------------------------------
 Idx  Atom   Population   Charge 
---------------------------------
  1     C     6.264      -0.264
  2     S    15.500       0.500
  3     F     8.922       0.078
  4     F     8.920       0.080
  5     B     5.046      -0.046
  6     H     1.048      -0.048
  7     H     1.058      -0.058
  8     B     5.139      -0.139
  9     H     1.048      -0.048
 10     H     1.056      -0.056

---------------------------------
   M Diagnostic: 0.04
---------------------------------

