Computing Integrals
Basis Set                                            = def2-qzvp
Auxiliary Basis Set                                  = def2-universal-jkfit
Gaussian Type                                        = Spherical
Elapsed time:    4.32 Seconds

Number of basis functions                   (NBF)    = 184
Number of auxiliary basis functions         (NBFAUX) = 282
Inactive Doubly occupied orbitals up to     (NO1)    = 0
No. considered Strongly Doubly occupied MOs (NDOC)   = 17
No. considered Strongly Singly occupied MOs (NSOC)   = 0
NO. of Weakly occ. per St. Doubly occ.  MOs (NCWO)   = 9
Dimension of the Nat. Orb. subspace         (NBF5)   = 170
No. of electrons                                     = 34
    No. of alpha electrons                           = 17
    No. of beta electrons                            = 17
Multiplicity                                         = 1

Geometry
========
 S       0.0000000       0.0000000       0.5566340
 F       0.0000000       1.2128210      -0.4947860
 F       0.0000000      -1.2128210      -0.4947860

No violations of the orthonormality
No violations of the orthonormality
 
PNOF8/ADABelief Calculation
==================
 
  Nitext  Nit_orb  Time   Nit_occ  Time         Eelec          Etot           Ediff      maxdiff    MaxGrad_orb  Grad_occ
     1      10    2.9e+01    6    3.3e+01  -710.25237086  -597.63376407 -10709.25237086   0.004268   1.7e-02   3.0e-04 0.04
     2      20    8.1e+00    0    1.1e-01  -710.26005773  -597.64145093    -0.00768687   0.004268   1.7e-02   3.0e-04 0.04
     3      40    1.0e+01    7    5.2e-01  -710.26075670  -597.64214991    -0.00069898   0.009110   3.6e-02   2.8e-04 0.04
     4      40    1.2e+01    6    4.4e-01  -710.26101199  -597.64240519    -0.00025528   0.006537   2.6e-02   3.2e-04 0.04
     5      40    1.3e+01    8    5.4e-01  -710.26104340  -597.64243661    -0.00003141   0.007224   2.9e-02   2.6e-04 0.04
     6      40    1.6e+01    3    2.4e-01  -710.26112862  -597.64252183    -0.00008523   0.006593   2.6e-02   2.2e-04 0.04
     7      40    1.3e+01    3    3.5e-01  -710.26118050  -597.64257370    -0.00005187   0.006720   2.7e-02   1.9e-04 0.04
     8      40    1.2e+01    4    4.0e-01  -710.26119917  -597.64259237    -0.00001867   0.006966   2.8e-02   2.6e-04 0.04
     9      40    1.5e+01    3    3.0e-01  -710.26123919  -597.64263239    -0.00004002   0.006282   2.5e-02   2.4e-04 0.04
    10      40    1.4e+01   11    7.3e-01  -710.26126031  -597.64265352    -0.00002112   0.006552   2.6e-02   2.1e-04 0.04
    11      40    1.5e+01    3    3.0e-01  -710.26131771  -597.64271091    -0.00005740   0.010079   4.0e-02   1.5e-04 0.04
    12      40    2.0e+01   11    6.1e-01  -710.26132838  -597.64272159    -0.00001067   0.009669   3.9e-02   2.3e-04 0.04
    13      40    1.3e+01    3    2.2e-01  -710.26138008  -597.64277329    -0.00005170   0.009376   3.8e-02   1.3e-04 0.04
    14      40    1.9e+01    3    3.4e-01  -710.26138679  -597.64278000    -0.00000671   0.009607   3.8e-02   1.4e-04 0.04
    15      40    9.9e+00    3    3.6e-01  -710.26141052  -597.64280372    -0.00002373   0.009594   3.8e-02   1.4e-04 0.04
    16      40    1.3e+01    3    3.0e-01  -710.26142346  -597.64281666    -0.00001294   0.009774   3.9e-02   1.4e-04 0.04
    17      40    1.6e+01    3    3.5e-01  -710.26145592  -597.64284913    -0.00003246   0.009178   3.7e-02   1.6e-04 0.04
    18      40    1.6e+01    0    1.0e-01  -710.26146121  -597.64285441    -0.00000529   0.009178   3.7e-02   1.6e-04 0.04
    19      60    3.4e+01    3    3.3e-01  -710.26187502  -597.64326822    -0.00041381   0.000872   3.5e-03   1.6e-04 0.04
 
RESULTS OF THE OCCUPATION OPTIMIZATION
========================================
   1    1.9999981  -92.15783388
   2    1.9999702  -26.39380421
   3    1.9999721  -26.39379315
   4    1.9997179  -9.09327261
   5    1.9992240  -6.81098329
   6    1.9993270  -6.79764887
   7    1.9992029  -6.79085861
   8    1.9847050  -1.68590216
   9    1.9839470  -1.65495099
  10    1.9799692  -1.01539912
  11    1.9765634  -0.78399511
  12    1.9743304  -0.77260029
  13    1.9742376  -0.76442561
  14    1.9740533  -0.76162653
  15    1.9595444  -0.73723288
  16    1.9596226  -0.73579386
  17    1.9700095  -0.44167315
  18    0.0119769  -0.01807701
  19    0.0370811  -0.06397826
  20    0.0370671  -0.06401527
  21    0.0140213  -0.02435263
  22    0.0143771  -0.02480520
  23    0.0134582  -0.02417153
  24    0.0107254  -0.02067316
  25    0.0062113  -0.02174415
  26    0.0079630  -0.02554357
  27    0.0077315  -0.02594549
  28    0.0007007  -0.01133156
  29    0.0004602  -0.00769034
  30    0.0005790  -0.01017917
  31    0.0002042  -0.00456838
  32    0.0000047  -0.00010140
  33    0.0000048  -0.00010370
  34    0.0000010  -0.00002484
  35    0.0093571  -0.01913297
  36    0.0026243  -0.00748409
  37    0.0027672  -0.00764633
  38    0.0053812  -0.01352749
  39    0.0048548  -0.01233193
  40    0.0043722  -0.01121315
  41    0.0058453  -0.01389969
  42    0.0043641  -0.01467405
  43    0.0032731  -0.01044470
  44    0.0031992  -0.01047903
  45    0.0000172  -0.00083594
  46    0.0000746  -0.00229812
  47    0.0000777  -0.00075465
  48    0.0000163  -0.00035042
  49    0.0000042  -0.00011122
  50    0.0000041  -0.00008967
  51    0.0000002  -0.00004144
  52    0.0062585  -0.01317983
  53    0.0002095  -0.00083243
  54    0.0002171  -0.00087287
  55    0.0044588  -0.01045135
  56    0.0044864  -0.01070109
  57    0.0041442  -0.01101640
  58    0.0044308  -0.01176707
  59    0.0032494  -0.01122726
  60    0.0031151  -0.01098192
  61    0.0012204  -0.00787736
  62    0.0000152  -0.00025179
  63    0.0000642  -0.00158949
  64    0.0000498  -0.00132845
  65    0.0000113  -0.00016562
  66    0.0000041  -0.00009051
  67    0.0000039  -0.00015807
  68    0.0000002  -0.00003920
  69    0.0006652  -0.00153705
  70    0.0001756  -0.00072793
  71    0.0001623  -0.00069646
  72    0.0007494  -0.00277685
  73    0.0007220  -0.00265189
  74    0.0022340  -0.00800371
  75    0.0008319  -0.00377237
  76    0.0021641  -0.00893590
  77    0.0006615  -0.00480162
  78    0.0011225  -0.00486595
  79    0.0000121  -0.00023036
  80    0.0000143  -0.00017549
  81    0.0000128  -0.00020495
  82    0.0000088  -0.00011760
  83    0.0000040  -0.00012517
  84    0.0000033  -0.00022348
  85    0.0000001  -0.00000692
  86    0.0005851  -0.00150756
  87    0.0001104  -0.00041900
  88    0.0001083  -0.00043031
  89    0.0006028  -0.00169825
  90    0.0005725  -0.00206843
  91    0.0006349  -0.00227596
  92    0.0006148  -0.00336361
  93    0.0016854  -0.00689406
  94    0.0003300  -0.00162385
  95    0.0007215  -0.00415268
  96    0.0000110  -0.00014673
  97    0.0000133  -0.00016722
  98    0.0000127  -0.00019753
  99    0.0000087  -0.00011509
 100    0.0000035  -0.00033058
 101    0.0000032  -0.00007079
 102    0.0000001  -0.00000653
 103    0.0004291  -0.00125106
 104    0.0000937  -0.00035489
 105    0.0000537  -0.00016598
 106    0.0003106  -0.00116520
 107    0.0002781  -0.00104892
 108    0.0002778  -0.00107711
 109    0.0003270  -0.00126949
 110    0.0015661  -0.00650411
 111    0.0002904  -0.00123808
 112    0.0005053  -0.00441922
 113    0.0000108  -0.00014194
 114    0.0000131  -0.00016880
 115    0.0000119  -0.00015300
 116    0.0000083  -0.00011331
 117    0.0000023  -0.00005541
 118    0.0000031  -0.00006951
 119    0.0000001  -0.00000565
 120    0.0003021  -0.00104121
 121    0.0000448  -0.00016696
 122    0.0000393  -0.00015624
 123    0.0002948  -0.00111892
 124    0.0002687  -0.00100749
 125    0.0002558  -0.00103185
 126    0.0003068  -0.00114395
 127    0.0004830  -0.00177686
 128    0.0002827  -0.00123822
 129    0.0002802  -0.00123044
 130    0.0000105  -0.00014387
 131    0.0000116  -0.00014764
 132    0.0000109  -0.00013699
 133    0.0000082  -0.00011282
 134    0.0000021  -0.00005159
 135    0.0000029  -0.00006689
 136    0.0000001  -0.00000531
 137    0.0002201  -0.00088534
 138    0.0000234  -0.00012056
 139    0.0000255  -0.00013046
 140    0.0000689  -0.00030676
 141    0.0001437  -0.00072927
 142    0.0002479  -0.00099323
 143    0.0003024  -0.00112289
 144    0.0002569  -0.00120906
 145    0.0000772  -0.00042301
 146    0.0002751  -0.00122187
 147    0.0000100  -0.00011866
 148    0.0000110  -0.00013158
 149    0.0000107  -0.00013198
 150    0.0000081  -0.00011083
 151    0.0000017  -0.00004294
 152    0.0000025  -0.00012783
 153    0.0000001  -0.00000453
 154    0.0001965  -0.00074278
 155    0.0000146  -0.00010973
 156    0.0000151  -0.00011051
 157    0.0000589  -0.00024696
 158    0.0000591  -0.00023435
 159    0.0000447  -0.00021495
 160    0.0000521  -0.00021717
 161    0.0000507  -0.00022098
 162    0.0000601  -0.00034621
 163    0.0002393  -0.00107842
 164    0.0000097  -0.00011684
 165    0.0000108  -0.00012578
 166    0.0000105  -0.00012498
 167    0.0000081  -0.00011090
 168    0.0000012  -0.00003690
 169    0.0000020  -0.00006031
 170    0.0000001  -0.00000433
 
----------------
 Final Energies 
----------------
Final NOF Total Energy =    -597.6432682
 
Total Orbital Internal Iterations = 730
Total Occupation Internal Iterations = 83
 
Elapsed time:  368.24 Seconds

---------------------------------
   Lowdin Population Analysis    
---------------------------------
 Idx  Atom   Population   Charge 
---------------------------------
  1     S    16.021      -0.021
  2     F     8.990       0.010
  3     F     8.989       0.011

---------------------------------
   M Diagnostic: 0.04
---------------------------------

