Computing Integrals
Basis Set                                            = def2-qzvp
Auxiliary Basis Set                                  = def2-universal-jkfit
Gaussian Type                                        = Spherical
Elapsed time:    4.39 Seconds

Number of basis functions                   (NBF)    = 241
Number of auxiliary basis functions         (NBFAUX) = 359
Inactive Doubly occupied orbitals up to     (NO1)    = 0
No. considered Strongly Doubly occupied MOs (NDOC)   = 21
No. considered Strongly Singly occupied MOs (NSOC)   = 0
NO. of Weakly occ. per St. Doubly occ.  MOs (NCWO)   = 10
Dimension of the Nat. Orb. subspace         (NBF5)   = 231
No. of electrons                                     = 42
    No. of alpha electrons                           = 21
    No. of beta electrons                            = 21
Multiplicity                                         = 1

Geometry
========
 P       0.0000000       0.0000000       0.5053380
 F       0.0000000       1.3729200      -0.2807430
 F      -1.1889840      -0.6864600      -0.2807430
 F       1.1889840      -0.6864600      -0.2807430

No violations of the orthonormality
No violations of the orthonormality
 
PNOF8/ADABelief Calculation
==================
 
  Nitext  Nit_orb  Time   Nit_occ  Time         Eelec          Etot           Ediff      maxdiff    MaxGrad_orb  Grad_occ
     1      10    2.3e+01    6    2.7e+01  -830.29461198  -640.75030106 -10829.29461198   0.006586   2.6e-02   3.8e-04 0.03
     2      20    4.1e+00    0    1.9e-01  -830.30349535  -640.75918443    -0.00888337   0.006586   2.6e-02   3.8e-04 0.03
     3      40    7.7e+00    7    8.3e-01  -830.30527773  -640.76096681    -0.00178238   0.006244   2.5e-02   2.2e-04 0.03
     4      40    7.6e+00    4    6.0e-01  -830.30558449  -640.76127358    -0.00030677   0.006824   2.7e-02   3.2e-04 0.03
     5      40    7.9e+00   11    1.2e+00  -830.30572843  -640.76141752    -0.00014394   0.006810   2.7e-02   2.5e-04 0.03
     6      40    8.1e+00    3    4.7e-01  -830.30585895  -640.76154804    -0.00013052   0.006584   2.6e-02   2.7e-04 0.03
     7      40    7.8e+00    3    4.8e-01  -830.30591442  -640.76160350    -0.00005546   0.006830   2.7e-02   3.2e-04 0.03
     8      40    7.9e+00   11    1.2e+00  -830.30604690  -640.76173599    -0.00013249   0.006411   2.6e-02   1.9e-04 0.03
     9      40    7.8e+00    5    6.7e-01  -830.30616118  -640.76185026    -0.00011427   0.006991   2.8e-02   2.8e-04 0.03
    10      40    7.8e+00    8    9.2e-01  -830.30628278  -640.76197187    -0.00012160   0.006505   2.6e-02   2.3e-04 0.03
    11      40    8.1e+00    8    9.2e-01  -830.30639932  -640.76208841    -0.00011654   0.006966   2.8e-02   2.6e-04 0.03
    12      40    7.8e+00    8    9.6e-01  -830.30658466  -640.76227375    -0.00018534   0.006700   2.7e-02   2.4e-04 0.03
    13      40    7.9e+00    5    6.8e-01  -830.30677335  -640.76246244    -0.00018869   0.006797   2.7e-02   2.5e-04 0.03
    14      40    8.1e+00    6    7.6e-01  -830.30697424  -640.76266333    -0.00020089   0.006687   2.7e-02   2.6e-04 0.03
    15      40    8.1e+00   13    1.4e+00  -830.30720384  -640.76289293    -0.00022960   0.005826   2.3e-02   2.5e-04 0.03
    16      40    7.9e+00    6    7.5e-01  -830.30745258  -640.76314166    -0.00024874   0.005825   2.3e-02   1.7e-04 0.03
    17      40    7.9e+00    5    6.8e-01  -830.30764514  -640.76333423    -0.00019256   0.005811   2.3e-02   2.4e-04 0.03
    18      40    8.1e+00    7    8.9e-01  -830.30776401  -640.76345309    -0.00011886   0.029158   1.2e-01   2.9e-04 0.03
    19      40    7.7e+00    3    4.8e-01  -830.30787097  -640.76356005    -0.00010696   0.007046   2.8e-02   1.8e-04 0.03
    20      40    7.8e+00    6    7.6e-01  -830.30794043  -640.76362951    -0.00006946   0.006178   2.5e-02   2.5e-04 0.03
    21      40    7.9e+00    1    3.5e-01  -830.30801712  -640.76370620    -0.00007669   0.006517   2.6e-02   3.1e-04 0.03
    22      40    7.9e+00    3    4.8e-01  -830.30803195  -640.76372104    -0.00001483   0.006273   2.5e-02   2.7e-04 0.03
    23      40    7.8e+00    6    7.7e-01  -830.30805601  -640.76374510    -0.00002406   0.007909   3.2e-02   2.3e-04 0.03
    24      40    7.9e+00    1    3.2e-01  -830.30808598  -640.76377506    -0.00002997   0.006307   2.5e-02   2.0e-04 0.03
    25      40    7.8e+00    8    9.8e-01  -830.30812328  -640.76381237    -0.00003731   0.006175   2.5e-02   2.3e-04 0.03
    26      40    7.7e+00    1    3.2e-01  -830.30814896  -640.76383805    -0.00002568   0.006272   2.5e-02   2.3e-04 0.03
    27      40    7.8e+00    6    8.3e-01  -830.30818978  -640.76387886    -0.00004081   0.005584   2.2e-02   2.5e-04 0.03
    28      40    8.2e+00    8    9.1e-01  -830.30823554  -640.76392462    -0.00004576   0.006058   2.4e-02   1.8e-04 0.03
    29      40    7.7e+00    3    4.7e-01  -830.30827237  -640.76396145    -0.00003683   0.006097   2.4e-02   1.9e-04 0.03
    30      40    7.8e+00    1    3.3e-01  -830.30829832  -640.76398741    -0.00002596   0.006115   2.4e-02   2.4e-04 0.03
    31      40    8.0e+00    3    4.7e-01  -830.30838108  -640.76407017    -0.00008276   0.031991   1.3e-01   2.6e-04 0.03
    32      40    7.7e+00    4    5.7e-01  -830.30844659  -640.76413568    -0.00006551   0.006024   2.4e-02   3.0e-04 0.03
    33      40    8.0e+00    0    2.0e-01  -830.30845578  -640.76414487    -0.00000919   0.006024   2.4e-02   3.0e-04 0.03
    34      60    1.2e+01    1    3.3e-01  -830.30889564  -640.76458472    -0.00043986   0.000506   2.0e-03   2.3e-04 0.03
 
RESULTS OF THE OCCUPATION OPTIMIZATION
========================================
   1    1.9999988  -80.15818179
   2    1.9999774  -26.38538998
   3    1.9999749  -26.38505151
   4    1.9999762  -26.38502039
   5    1.9997372  -7.64506099
   6    1.9990893  -5.55173336
   7    1.9992392  -5.55145302
   8    1.9991828  -5.55129213
   9    1.9842992  -1.69364570
  10    1.9839257  -1.66285524
  11    1.9839819  -1.65634943
  12    1.9794092  -0.89873561
  13    1.9785044  -0.82242520
  14    1.9743897  -0.77535904
  15    1.9740079  -0.76855499
  16    1.9756519  -0.76189499
  17    1.9657104  -0.74914793
  18    1.9658169  -0.74552201
  19    1.9659374  -0.74202268
  20    1.9743817  -0.73335472
  21    1.9768426  -0.72338782
  22    0.0066115  -0.01692037
  23    0.0141695  -0.02478583
  24    0.0302254  -0.05308098
  25    0.0302869  -0.05385552
  26    0.0302890  -0.05366623
  27    0.0124011  -0.02196766
  28    0.0150136  -0.02552101
  29    0.0140747  -0.02424559
  30    0.0106197  -0.02051882
  31    0.0067655  -0.01972240
  32    0.0077934  -0.02469423
  33    0.0078327  -0.02448944
  34    0.0078408  -0.02488690
  35    0.0005384  -0.00576438
  36    0.0005789  -0.00615745
  37    0.0007099  -0.01061438
  38    0.0001544  -0.00261999
  39    0.0000056  -0.00016293
  40    0.0000053  -0.00014536
  41    0.0000063  -0.00020997
  42    0.0000008  -0.00001349
  43    0.0046515  -0.01167163
  44    0.0057271  -0.01396362
  45    0.0030310  -0.00891979
  46    0.0030430  -0.00881797
  47    0.0030484  -0.00882407
  48    0.0046897  -0.01097206
  49    0.0045160  -0.01094674
  50    0.0044984  -0.01045841
  51    0.0061759  -0.01522815
  52    0.0053592  -0.01585571
  53    0.0032153  -0.01031311
  54    0.0031515  -0.01027870
  55    0.0031878  -0.01036148
  56    0.0000967  -0.00192155
  57    0.0000800  -0.00171940
  58    0.0000624  -0.00146589
  59    0.0000157  -0.00047010
  60    0.0000044  -0.00010507
  61    0.0000040  -0.00026848
  62    0.0000035  -0.00019589
  63    0.0000001  -0.00000368
  64    0.0044792  -0.01157570
  65    0.0041596  -0.01067165
  66    0.0002376  -0.00095253
  67    0.0002383  -0.00098225
  68    0.0002460  -0.00097370
  69    0.0045218  -0.01058161
  70    0.0043138  -0.01038691
  71    0.0042234  -0.01035103
  72    0.0014283  -0.00560699
  73    0.0044358  -0.01169500
  74    0.0030946  -0.01146950
  75    0.0030601  -0.01097088
  76    0.0030889  -0.01131564
  77    0.0000792  -0.00160196
  78    0.0000153  -0.00051528
  79    0.0000491  -0.00077193
  80    0.0000130  -0.00015930
  81    0.0000038  -0.00022843
  82    0.0000035  -0.00007746
  83    0.0000029  -0.00006276
  84    0.0000001  -0.00000335
  85    0.0039678  -0.01133782
  86    0.0004528  -0.00150630
  87    0.0002373  -0.00094561
  88    0.0002202  -0.00090366
  89    0.0002325  -0.00093156
  90    0.0011691  -0.00423140
  91    0.0006517  -0.00229449
  92    0.0011425  -0.00429701
  93    0.0012115  -0.00502824
  94    0.0020121  -0.00766060
  95    0.0006600  -0.00485265
  96    0.0007490  -0.00416368
  97    0.0005601  -0.00344857
  98    0.0000342  -0.00062516
  99    0.0000145  -0.00016958
 100    0.0000206  -0.00020416
 101    0.0000122  -0.00033458
 102    0.0000025  -0.00005324
 103    0.0000030  -0.00006507
 104    0.0000024  -0.00005178
 105    0.0000001  -0.00000316
 106    0.0020224  -0.00736837
 107    0.0003107  -0.00114836
 108    0.0001193  -0.00046170
 109    0.0001985  -0.00082814
 110    0.0002075  -0.00085541
 111    0.0007063  -0.00267819
 112    0.0006120  -0.00205839
 113    0.0006838  -0.00252739
 114    0.0006725  -0.00317309
 115    0.0006646  -0.00349813
 116    0.0005812  -0.00270337
 117    0.0006011  -0.00474747
 118    0.0003540  -0.00214183
 119    0.0000120  -0.00013911
 120    0.0000123  -0.00014392
 121    0.0000138  -0.00016090
 122    0.0000114  -0.00013998
 123    0.0000022  -0.00004643
 124    0.0000030  -0.00006064
 125    0.0000022  -0.00004709
 126    0.0000001  -0.00000267
 127    0.0005891  -0.00208750
 128    0.0003012  -0.00112255
 129    0.0000989  -0.00037024
 130    0.0001125  -0.00042742
 131    0.0001229  -0.00048076
 132    0.0004993  -0.00178313
 133    0.0002961  -0.00109678
 134    0.0004504  -0.00155255
 135    0.0003696  -0.00132642
 136    0.0005928  -0.00252602
 137    0.0002854  -0.00125330
 138    0.0002863  -0.00127583
 139    0.0002834  -0.00122346
 140    0.0000115  -0.00013456
 141    0.0000121  -0.00014810
 142    0.0000116  -0.00013293
 143    0.0000113  -0.00014299
 144    0.0000019  -0.00003898
 145    0.0000026  -0.00005498
 146    0.0000018  -0.00003930
 147    0.0000000  -0.00000199
 148    0.0003313  -0.00128107
 149    0.0002812  -0.00108908
 150    0.0000656  -0.00024946
 151    0.0000363  -0.00017022
 152    0.0000958  -0.00036278
 153    0.0002978  -0.00110160
 154    0.0002842  -0.00107845
 155    0.0002981  -0.00108714
 156    0.0003594  -0.00129540
 157    0.0003903  -0.00163744
 158    0.0002823  -0.00120576
 159    0.0002798  -0.00122505
 160    0.0002741  -0.00122772
 161    0.0000115  -0.00013253
 162    0.0000120  -0.00015410
 163    0.0000110  -0.00012651
 164    0.0000112  -0.00012983
 165    0.0000014  -0.00004078
 166    0.0000011  -0.00002025
 167    0.0000014  -0.00002650
 168    0.0000000  -0.00000177
 169    0.0003016  -0.00121108
 170    0.0001294  -0.00055354
 171    0.0000160  -0.00012100
 172    0.0000160  -0.00011939
 173    0.0000160  -0.00011796
 174    0.0000218  -0.00016703
 175    0.0002462  -0.00103619
 176    0.0001632  -0.00075327
 177    0.0003213  -0.00120493
 178    0.0003100  -0.00130100
 179    0.0000598  -0.00031404
 180    0.0000525  -0.00029034
 181    0.0000445  -0.00023743
 182    0.0000114  -0.00013401
 183    0.0000119  -0.00015419
 184    0.0000108  -0.00012681
 185    0.0000112  -0.00013540
 186    0.0000008  -0.00001416
 187    0.0000010  -0.00001879
 188    0.0000012  -0.00002118
 189    0.0000000  -0.00000160
 190    0.0001336  -0.00063779
 191    0.0000513  -0.00021131
 192    0.0000157  -0.00011584
 193    0.0000157  -0.00011609
 194    0.0000158  -0.00011589
 195    0.0000211  -0.00016221
 196    0.0000368  -0.00018906
 197    0.0000542  -0.00026098
 198    0.0003090  -0.00116748
 199    0.0000364  -0.00020603
 200    0.0000251  -0.00020117
 201    0.0000401  -0.00022532
 202    0.0000403  -0.00023737
 203    0.0000112  -0.00013022
 204    0.0000119  -0.00013463
 205    0.0000108  -0.00012539
 206    0.0000112  -0.00012575
 207    0.0000008  -0.00001402
 208    0.0000009  -0.00001578
 209    0.0000005  -0.00005757
 210    0.0000000  -0.00000143
 211    0.0000693  -0.00032118
 212    0.0000357  -0.00018856
 213    0.0000157  -0.00011617
 214    0.0000157  -0.00011588
 215    0.0000157  -0.00011560
 216    0.0000201  -0.00015771
 217    0.0000218  -0.00016460
 218    0.0000216  -0.00016402
 219    0.0000282  -0.00017571
 220    0.0000242  -0.00017701
 221    0.0000211  -0.00018095
 222    0.0000210  -0.00017983
 223    0.0000268  -0.00020199
 224    0.0000111  -0.00012648
 225    0.0000118  -0.00013435
 226    0.0000107  -0.00012513
 227    0.0000111  -0.00012746
 228    0.0000004  -0.00005463
 229    0.0000008  -0.00001360
 230    0.0000004  -0.00005461
 231    0.0000000  -0.00000117
 
----------------
 Final Energies 
----------------
Final NOF Total Energy =    -640.7645847
 
Total Orbital Internal Iterations = 1330
Total Occupation Internal Iterations = 171
 
Elapsed time:  364.84 Seconds

---------------------------------
   Lowdin Population Analysis    
---------------------------------
 Idx  Atom   Population   Charge 
---------------------------------
  1     P    15.447      -0.447
  2     F     8.851       0.149
  3     F     8.851       0.149
  4     F     8.851       0.149

---------------------------------
   M Diagnostic: 0.03
---------------------------------

