BH76-hco
/software/eb2024/easybuild/software/common/software/Julia/1.11.3-linux-x86_64/bin/julia
Job runing on nh018
Choosing scratch ...
Automatic scratch folder selection
/scratch/pobleyef/286187
/scratch/pobleyef/286187 directory
cp BH76-hco.jl BH76-hco.jld2 to  /scratch/pobleyef/286187/.
Computing Integrals
Basis Set                                            = def2-qzvp
Auxiliary Basis Set                                  = def2-universal-jkfit
Gaussian Type                                        = Spherical
Elapsed time:    3.83 Seconds

Number of basis functions                   (NBF)    = 144
Number of auxiliary basis functions         (NBFAUX) = 170
Inactive Doubly occupied orbitals up to     (NO1)    = 0
No. considered Strongly Doubly occupied MOs (NDOC)   = 7
No. considered Strongly Singly occupied MOs (NSOC)   = 1
NO. of Weakly occ. per St. Doubly occ.  MOs (NCWO)   = 19
Dimension of the Nat. Orb. subspace         (NBF5)   = 141
No. of electrons                                     = 15
    No. of alpha electrons                           = 8
    No. of beta electrons                            = 7
Multiplicity                                         = 2

Geometry
========
 H      -0.6086106       0.8210344       0.0000000
 C       0.3043053       0.1777983       0.0000000
 O       0.3043053      -0.9988326       0.0000000

No violations of the orthonormality
No violations of the orthonormality
 
PNOF7/ADABelief Calculation
==================
 
  Nitext  Nit_orb  Time   Nit_occ  Time         Eelec          Etot           Ediff      maxdiff    MaxGrad_orb  Grad_occ
     1      10    2.9e+01   83    3.7e+01  -139.74168887  -113.23189667 -10138.74168887   0.000693   2.8e-03   2.3e-04 0.16
 
RESULTS OF THE OCCUPATION OPTIMIZATION
========================================
   1    1.9997182  -20.62586638
   2    1.9992741  -11.31408757
   3    1.9780814  -1.21569986
   4    1.9785035  -0.86606900
   5    1.9751191  -0.80485425
   6    1.9578211  -0.78745927
   7    1.8355378  -0.59035291
   8    1.0000000  -0.23314587
   9    0.1606246  -0.07483271
  10    0.0267044  -0.01846707
  11    0.0149258  -0.01175110
  12    0.0155615  -0.01285448
  13    0.0171066  -0.02052294
  14    0.0004629  -0.00846992
  15    0.0002274  -0.00766056
  16    0.0034866  -0.00286106
  17    0.0046527  -0.00445793
  18    0.0033025  -0.00348925
  19    0.0022837  -0.00306553
  20    0.0030320  -0.00494671
  21    0.0000870  -0.00122624
  22    0.0000259  -0.00062607
  23    0.0001303  -0.00020191
  24    0.0040859  -0.00400565
  25    0.0031404  -0.00351599
  26    0.0020743  -0.00290205
  27    0.0007440  -0.00160042
  28    0.0000808  -0.00098712
  29    0.0000200  -0.00043330
  30    0.0001119  -0.00017528
  31    0.0031281  -0.00328185
  32    0.0011754  -0.00141488
  33    0.0005217  -0.00100697
  34    0.0004097  -0.00100247
  35    0.0000756  -0.00104606
  36    0.0000032  -0.00024540
  37    0.0000246  -0.00005388
  38    0.0020841  -0.00204714
  39    0.0008832  -0.00127631
  40    0.0003213  -0.00060090
  41    0.0001773  -0.00042929
  42    0.0000115  -0.00038950
  43    0.0000006  -0.00001696
  44    0.0000174  -0.00003352
  45    0.0005122  -0.00073092
  46    0.0004087  -0.00065616
  47    0.0002190  -0.00049521
  48    0.0001663  -0.00041358
  49    0.0000010  -0.00001842
  50    0.0000005  -0.00001215
  51    0.0000129  -0.00001910
  52    0.0003068  -0.00048619
  53    0.0003142  -0.00045770
  54    0.0001657  -0.00039686
  55    0.0000713  -0.00023696
  56    0.0000008  -0.00001563
  57    0.0000004  -0.00000804
  58    0.0000095  -0.00001989
  59    0.0001415  -0.00025910
  60    0.0002114  -0.00043585
  61    0.0001380  -0.00033704
  62    0.0000705  -0.00024032
  63    0.0000008  -0.00001341
  64    0.0000004  -0.00000197
  65    0.0000073  -0.00002109
  66    0.0001210  -0.00023560
  67    0.0001769  -0.00038394
  68    0.0000678  -0.00019445
  69    0.0000405  -0.00015554
  70    0.0000006  -0.00000546
  71    0.0000004  -0.00000417
  72    0.0000054  -0.00001781
  73    0.0000959  -0.00019198
  74    0.0001237  -0.00029809
  75    0.0000436  -0.00013003
  76    0.0000245  -0.00009936
  77    0.0000005  -0.00000487
  78    0.0000004  -0.00000120
  79    0.0000051  -0.00001441
  80    0.0000765  -0.00016060
  81    0.0000996  -0.00025632
  82    0.0000254  -0.00009849
  83    0.0000139  -0.00005707
  84    0.0000005  -0.00000285
  85    0.0000004  -0.00000095
  86    0.0000046  -0.00001366
  87    0.0000622  -0.00014620
  88    0.0000421  -0.00013653
  89    0.0000132  -0.00005523
  90    0.0000131  -0.00004923
  91    0.0000005  -0.00000589
  92    0.0000004  -0.00000068
  93    0.0000039  -0.00001229
  94    0.0000487  -0.00012090
  95    0.0000223  -0.00008598
  96    0.0000124  -0.00005747
  97    0.0000083  -0.00004117
  98    0.0000005  -0.00000388
  99    0.0000004  -0.00000094
 100    0.0000036  -0.00001098
 101    0.0000442  -0.00010756
 102    0.0000118  -0.00004298
 103    0.0000105  -0.00005055
 104    0.0000083  -0.00004520
 105    0.0000005  -0.00000246
 106    0.0000004  -0.00000107
 107    0.0000034  -0.00000932
 108    0.0000387  -0.00009287
 109    0.0000099  -0.00004526
 110    0.0000091  -0.00004368
 111    0.0000078  -0.00003829
 112    0.0000005  -0.00000232
 113    0.0000003  -0.00000094
 114    0.0000033  -0.00000587
 115    0.0000317  -0.00007983
 116    0.0000094  -0.00004485
 117    0.0000084  -0.00004475
 118    0.0000071  -0.00003481
 119    0.0000005  -0.00000185
 120    0.0000003  -0.00000065
 121    0.0000030  -0.00000745
 122    0.0000194  -0.00005055
 123    0.0000082  -0.00003651
 124    0.0000084  -0.00004445
 125    0.0000065  -0.00003139
 126    0.0000005  -0.00000389
 127    0.0000003  -0.00000291
 128    0.0000026  -0.00000649
 129    0.0000149  -0.00004416
 130    0.0000082  -0.00003666
 131    0.0000073  -0.00003442
 132    0.0000057  -0.00002703
 133    0.0000004  -0.00000499
 134    0.0000002  -0.00000598
 135    0.0000024  -0.00000587
 136    0.0000100  -0.00003160
 137    0.0000072  -0.00003133
 138    0.0000052  -0.00002763
 139    0.0000053  -0.00002392
 140    0.0000003  -0.00003168
 141    0.0000001  -0.00000716
 
----------------
 Final Energies 
----------------
Final NOF Total Energy =    -113.2318967
 
Total Orbital Internal Iterations = 10
Total Occupation Internal Iterations = 83
 
Elapsed time:   84.50 Seconds

---------------------------------
   Lowdin Population Analysis    
---------------------------------
 Idx  Atom   Population   Charge 
---------------------------------
  1     H     1.161      -0.161
  2     C     6.156      -0.156
  3     O     7.683       0.317

---------------------------------
   M Diagnostic: 0.16
---------------------------------

Recovering execution output...
Moving from /scratch/pobleyef/286187 to /home-nas/pobleyef/Slim-NOF/ncwomax/Slim05/PNOF7/arina.286187
mkdir -p /home-nas/pobleyef/Slim-NOF/ncwomax/Slim05/PNOF7/arina.286187
mv /scratch/pobleyef/286187/* /home-nas/pobleyef/Slim-NOF/ncwomax/Slim05/PNOF7/arina.286187
