BHROT27-h2o2_cis
/software/eb2024/easybuild/software/common/software/Julia/1.11.3-linux-x86_64/bin/julia
Job runing on na04
Choosing scratch ...
Automatic scratch folder selection
/scratch/pobleyef/286206
/scratch/pobleyef/286206 directory
cp BHROT27-h2o2_cis.jl BHROT27-h2o2_cis.jld2 to  /scratch/pobleyef/286206/.
Computing Integrals
Basis Set                                            = def2-qzvp
Auxiliary Basis Set                                  = def2-universal-jkfit
Gaussian Type                                        = Spherical
Elapsed time:    8.86 Seconds

Number of basis functions                   (NBF)    = 174
Number of auxiliary basis functions         (NBFAUX) = 190
Inactive Doubly occupied orbitals up to     (NO1)    = 0
No. considered Strongly Doubly occupied MOs (NDOC)   = 9
No. considered Strongly Singly occupied MOs (NSOC)   = 0
NO. of Weakly occ. per St. Doubly occ.  MOs (NCWO)   = 18
Dimension of the Nat. Orb. subspace         (NBF5)   = 171
No. of electrons                                     = 18
    No. of alpha electrons                           = 9
    No. of beta electrons                            = 9
Multiplicity                                         = 1

Geometry
========
 O       0.7209435       0.0000000       0.4642736
 O      -0.7209435       0.0000000       0.4642736
 H       0.9743565       0.0000000      -0.4642670
 H      -0.9743565       0.0000000      -0.4642670

No violations of the orthonormality
No violations of the orthonormality
 
PNOF7/ADABelief Calculation
==================
 
  Nitext  Nit_orb  Time   Nit_occ  Time         Eelec          Etot           Ediff      maxdiff    MaxGrad_orb  Grad_occ
     1      10    5.7e+01   22    2.4e+01  -186.64680365  -149.71010042 -10185.64680365   0.296499   1.2e+00   2.0e-04 0.00
     2      10    4.2e+01   59    2.5e+00  -187.54811544  -150.61141221    -0.90131179   0.340433   1.4e+00   2.2e-04 0.06
     3      10    3.6e+01    0    9.2e-02  -187.62874723  -150.69204400    -0.08063179   0.340432   1.4e+00   2.2e-04 0.06
     4      30    1.1e+02   47    1.9e+00  -187.94003078  -151.00332754    -0.31128355   0.402950   1.6e+00   2.0e-04 0.13
     5      30    1.1e+02   20    8.5e-01  -188.02496993  -151.08826670    -0.08493916   0.070789   2.8e-01   2.7e-04 0.14
     6      30    1.1e+02   27    1.7e+00  -188.03966895  -151.10296572    -0.01469902   0.015533   6.2e-02   1.8e-04 0.14
     7      30    1.2e+02   11    6.4e-01  -188.04266376  -151.10596052    -0.00299481   0.010719   4.3e-02   2.4e-04 0.13
     8      30    1.1e+02   10    5.1e-01  -188.04290686  -151.10620363    -0.00024310   0.012985   5.2e-02   2.4e-04 0.13
     9      30    1.2e+02    0    2.1e-01  -188.04298101  -151.10627778    -0.00007415   0.012985   5.2e-02   2.4e-04 0.13
    10      50    2.0e+02   11    7.3e-01  -188.04394389  -151.10724065    -0.00096288   0.001991   8.0e-03   1.8e-04 0.13
    11      50    2.1e+02    4    3.6e-01  -188.04404921  -151.10734598    -0.00010532   0.004223   1.7e-02   1.6e-04 0.13
    12      50    1.8e+02    0    3.3e-01  -188.04408560  -151.10738236    -0.00003638   0.003491   1.4e-02   2.3e-04 0.13
    13      60    2.2e+02   11    7.4e-01  -188.04414299  -151.10743976    -0.00005740   0.002225   8.9e-03   1.2e-04 0.13
    14      60    2.2e+02    0    2.1e-01  -188.04424640  -151.10754317    -0.00010341   0.002034   8.1e-03   1.9e-04 0.13
    15      70    2.5e+02    0    1.0e-01  -188.04427520  -151.10757196    -0.00002879   0.001652   6.6e-03   2.0e-04 0.13
    16      80    2.9e+02    0    1.8e-01  -188.04429075  -151.10758752    -0.00001555   0.001220   4.9e-03   2.0e-04 0.13
    17      90    3.5e+02    0    1.2e-01  -188.04429663  -151.10759339    -0.00000588   0.001080   4.3e-03   2.0e-04 0.13
    18     100    3.1e+02    0    6.1e-02  -188.04430006  -151.10759682    -0.00000343   0.000907   3.6e-03   2.0e-04 0.13
 
RESULTS OF THE OCCUPATION OPTIMIZATION
========================================
   1    1.9997064  -20.61543834
   2    1.9997232  -20.61472326
   3    1.9663876  -0.93251027
   4    1.9664716  -0.93242323
   5    1.9838747  -0.85021578
   6    1.9835670  -0.84995533
   7    1.9834197  -0.84781627
   8    1.9834639  -0.84074308
   9    1.8651185  -0.70920819
  10    0.1348088  -0.07565598
  11    0.0114920  -0.01163421
  12    0.0112531  -0.01147148
  13    0.0111257  -0.01142155
  14    0.0114555  -0.01160641
  15    0.0281679  -0.02548029
  16    0.0280556  -0.02543885
  17    0.0002237  -0.00756460
  18    0.0002210  -0.00752531
  19    0.0000330  -0.00011759
  20    0.0021074  -0.00317482
  21    0.0022396  -0.00321061
  22    0.0021909  -0.00317679
  23    0.0020170  -0.00309891
  24    0.0028804  -0.00412493
  25    0.0028986  -0.00410744
  26    0.0000324  -0.00076809
  27    0.0000382  -0.00089584
  28    0.0000148  -0.00005071
  29    0.0013857  -0.00227570
  30    0.0015176  -0.00254878
  31    0.0015341  -0.00258492
  32    0.0011033  -0.00196185
  33    0.0015865  -0.00253840
  34    0.0017279  -0.00265379
  35    0.0000132  -0.00038963
  36    0.0000276  -0.00068295
  37    0.0000037  -0.00000759
  38    0.0006427  -0.00124770
  39    0.0006333  -0.00124292
  40    0.0006261  -0.00122926
  41    0.0006131  -0.00122275
  42    0.0005449  -0.00102595
  43    0.0005505  -0.00103205
  44    0.0000039  -0.00023449
  45    0.0000034  -0.00022784
  46    0.0000033  -0.00000610
  47    0.0002188  -0.00053223
  48    0.0002478  -0.00058880
  49    0.0003029  -0.00064112
  50    0.0002139  -0.00053327
  51    0.0000909  -0.00026001
  52    0.0000926  -0.00026354
  53    0.0000007  -0.00001206
  54    0.0000006  -0.00001092
  55    0.0000027  -0.00000686
  56    0.0001927  -0.00050689
  57    0.0001972  -0.00050822
  58    0.0002028  -0.00050516
  59    0.0001965  -0.00051669
  60    0.0000718  -0.00021777
  61    0.0000910  -0.00026345
  62    0.0000003  -0.00000596
  63    0.0000004  -0.00000681
  64    0.0000019  -0.00000591
  65    0.0001744  -0.00044240
  66    0.0001802  -0.00040798
  67    0.0001611  -0.00037688
  68    0.0001922  -0.00047093
  69    0.0000435  -0.00013777
  70    0.0000518  -0.00015471
  71    0.0000003  -0.00000290
  72    0.0000003  -0.00000295
  73    0.0000017  -0.00000376
  74    0.0001314  -0.00034195
  75    0.0001138  -0.00029144
  76    0.0001121  -0.00034102
  77    0.0001334  -0.00034858
  78    0.0000373  -0.00009242
  79    0.0000296  -0.00009073
  80    0.0000003  -0.00000104
  81    0.0000003  -0.00000115
  82    0.0000017  -0.00000480
  83    0.0000692  -0.00022402
  84    0.0000722  -0.00022261
  85    0.0000655  -0.00020581
  86    0.0000978  -0.00027552
  87    0.0000257  -0.00008504
  88    0.0000291  -0.00008064
  89    0.0000003  -0.00000103
  90    0.0000002  -0.00000079
  91    0.0000015  -0.00000345
  92    0.0000500  -0.00014112
  93    0.0000436  -0.00013153
  94    0.0000307  -0.00011758
  95    0.0000282  -0.00010582
  96    0.0000223  -0.00007176
  97    0.0000229  -0.00006713
  98    0.0000002  -0.00000130
  99    0.0000002  -0.00000090
 100    0.0000013  -0.00000238
 101    0.0000144  -0.00006308
 102    0.0000230  -0.00010510
 103    0.0000222  -0.00009317
 104    0.0000163  -0.00006303
 105    0.0000184  -0.00006163
 106    0.0000174  -0.00006228
 107    0.0000002  -0.00000192
 108    0.0000002  -0.00000074
 109    0.0000013  -0.00000182
 110    0.0000125  -0.00005770
 111    0.0000122  -0.00005598
 112    0.0000128  -0.00005706
 113    0.0000117  -0.00005538
 114    0.0000100  -0.00005301
 115    0.0000142  -0.00005763
 116    0.0000002  -0.00000072
 117    0.0000002  -0.00000105
 118    0.0000011  -0.00000232
 119    0.0000108  -0.00004907
 120    0.0000103  -0.00005042
 121    0.0000112  -0.00004935
 122    0.0000102  -0.00004978
 123    0.0000075  -0.00003478
 124    0.0000075  -0.00003437
 125    0.0000002  -0.00000324
 126    0.0000002  -0.00000303
 127    0.0000011  -0.00000252
 128    0.0000085  -0.00003994
 129    0.0000091  -0.00004282
 130    0.0000097  -0.00004254
 131    0.0000092  -0.00004161
 132    0.0000060  -0.00002838
 133    0.0000068  -0.00003099
 134    0.0000002  -0.00000069
 135    0.0000002  -0.00000090
 136    0.0000011  -0.00000237
 137    0.0000077  -0.00003640
 138    0.0000083  -0.00003803
 139    0.0000077  -0.00003992
 140    0.0000080  -0.00003932
 141    0.0000045  -0.00002340
 142    0.0000053  -0.00002600
 143    0.0000002  -0.00000695
 144    0.0000002  -0.00000850
 145    0.0000009  -0.00000162
 146    0.0000067  -0.00003633
 147    0.0000076  -0.00003832
 148    0.0000068  -0.00003704
 149    0.0000074  -0.00003596
 150    0.0000043  -0.00002337
 151    0.0000049  -0.00002208
 152    0.0000002  -0.00000211
 153    0.0000001  -0.00000139
 154    0.0000009  -0.00000163
 155    0.0000058  -0.00003228
 156    0.0000059  -0.00002889
 157    0.0000057  -0.00002897
 158    0.0000062  -0.00003274
 159    0.0000039  -0.00001532
 160    0.0000036  -0.00001469
 161    0.0000002  -0.00000069
 162    0.0000001  -0.00000177
 163    0.0000008  -0.00000195
 164    0.0000055  -0.00002549
 165    0.0000054  -0.00002682
 166    0.0000049  -0.00002526
 167    0.0000053  -0.00002734
 168    0.0000024  -0.00001079
 169    0.0000031  -0.00001200
 170    0.0000002  -0.00000408
 171    0.0000001  -0.00000154
 
----------------
 Final Energies 
----------------
Final NOF Total Energy =    -151.1075968
 
Total Orbital Internal Iterations = 820
Total Occupation Internal Iterations = 222
 
Elapsed time: 3201.15 Seconds

---------------------------------
   Lowdin Population Analysis    
---------------------------------
 Idx  Atom   Population   Charge 
---------------------------------
  1     O     7.614       0.386
  2     O     7.618       0.382
  3     H     1.384      -0.384
  4     H     1.385      -0.385

---------------------------------
   M Diagnostic: 0.13
---------------------------------

Recovering execution output...
Moving from /scratch/pobleyef/286206 to /home-nas/pobleyef/Slim-NOF/ncwomax/Slim05/PNOF7/arina.286206
mkdir -p /home-nas/pobleyef/Slim-NOF/ncwomax/Slim05/PNOF7/arina.286206
mv /scratch/pobleyef/286206/* /home-nas/pobleyef/Slim-NOF/ncwomax/Slim05/PNOF7/arina.286206
