G21EA-EA_25
/software/eb2024/easybuild/software/common/software/Julia/1.11.3-linux-x86_64/bin/julia
Job runing on nh037
Choosing scratch ...
Automatic scratch folder selection
/scratch/pobleyef/286228
/scratch/pobleyef/286228 directory
cp G21EA-EA_25.jl G21EA-EA_25.jld2 to  /scratch/pobleyef/286228/.
G21EA-EA_25_C.jld2 not found
Computing Integrals
Basis Set                                            = def2-qzvp
Auxiliary Basis Set                                  = def2-universal-jkfit
Gaussian Type                                        = Spherical
Elapsed time:    3.78 Seconds

Number of basis functions                   (NBF)    = 140
Number of auxiliary basis functions         (NBFAUX) = 256
Inactive Doubly occupied orbitals up to     (NO1)    = 0
No. considered Strongly Doubly occupied MOs (NDOC)   = 17
No. considered Strongly Singly occupied MOs (NSOC)   = 1
NO. of Weakly occ. per St. Doubly occ.  MOs (NCWO)   = 7
Dimension of the Nat. Orb. subspace         (NBF5)   = 137
No. of electrons                                     = 35
    No. of alpha electrons                           = 18
    No. of beta electrons                            = 17
Multiplicity                                         = 2

Geometry
========
Cl       0.0000000       0.0000000       1.3665047
Cl       0.0000000       0.0000000      -1.3665047

No violations of the orthonormality
No violations of the orthonormality
 
PNOF7/ADABelief Calculation
==================
 
  Nitext  Nit_orb  Time   Nit_occ  Time         Eelec          Etot           Ediff      maxdiff    MaxGrad_orb  Grad_occ
     1      10    3.1e+01   16    3.5e+01  -959.04237722  -903.08505036 -10958.04237722   0.932388   3.7e+00   1.9e-04 0.00
     2      10    1.6e+00   43    1.1e+00  -970.60420278  -914.64687592   -11.56182556   1.187479   4.7e+00   2.0e-04 0.05
     3      10    1.4e+00   40    8.3e-01  -971.79641869  -915.83909182    -1.19221591   0.681711   2.7e+00   1.9e-04 0.30
     4      10    1.6e+00   38    7.1e-01  -971.91960161  -915.96227474    -0.12318292   0.794584   3.2e+00   2.2e-04 0.67
     5      10    1.5e+00   30    6.6e-01  -973.11303671  -917.15570984    -1.19343510   0.630194   2.5e+00   2.5e-04 0.77
     6      10    1.5e+00   15    3.1e-01  -973.76265018  -917.80532332    -0.64961348   0.594772   2.4e+00   2.8e-04 0.79
     7      10    1.5e+00   21    4.3e-01  -973.95548395  -917.99815709    -0.19283377   0.580379   2.3e+00   2.3e-04 0.39
     8      10    1.4e+00   19    3.5e-01  -974.20599456  -918.24866769    -0.25051061   0.610517   2.4e+00   2.2e-04 0.16
     9      10    1.5e+00    0    4.6e-02  -974.23043958  -918.27311272    -0.02444502   0.610517   2.4e+00   2.2e-04 0.16
    10      30    4.4e+00   17    3.7e-01  -975.18712688  -919.22980001    -0.95668730   0.070703   2.8e-01   2.4e-04 0.08
    11      30    4.4e+00   16    3.3e-01  -975.27142150  -919.31409463    -0.08429462   0.043047   1.7e-01   2.1e-04 0.06
    12      30    4.4e+00   15    3.2e-01  -975.30261285  -919.34528599    -0.03119136   0.014686   5.9e-02   1.5e-04 0.05
    13      30    4.4e+00   13    2.9e-01  -975.31061950  -919.35329263    -0.00800665   0.007084   2.8e-02   2.6e-04 0.05
    14      30    4.4e+00    9    2.5e-01  -975.31368261  -919.35635574    -0.00306311   0.008491   3.4e-02   2.3e-04 0.06
    15      30    4.3e+00    9    2.5e-01  -975.31613662  -919.35880975    -0.00245401   0.007427   3.0e-02   2.0e-04 0.06
    16      30    4.3e+00    9    2.4e-01  -975.31774264  -919.36041577    -0.00160602   0.006724   2.7e-02   1.9e-04 0.06
    17      30    4.4e+00    9    2.4e-01  -975.31860160  -919.36127473    -0.00085896   0.008633   3.5e-02   2.0e-04 0.06
    18      30    4.4e+00    3    8.9e-02  -975.31931839  -919.36199153    -0.00071680   0.007307   2.9e-02   2.0e-04 0.06
    19      30    4.4e+00    3    9.6e-02  -975.31952621  -919.36219935    -0.00020782   0.006939   2.8e-02   2.2e-04 0.06
    20      30    4.3e+00    6    2.4e-01  -975.31975805  -919.36243118    -0.00023184   0.005658   2.3e-02   2.4e-04 0.06
    21      30    4.5e+00    0    3.9e-02  -975.31980448  -919.36247761    -0.00004643   0.005658   2.3e-02   2.4e-04 0.06
    22      49    7.2e+00    1    9.6e-02  -975.32019517  -919.36286831    -0.00039069   0.000498   2.0e-03   1.9e-04 0.06
 
RESULTS OF THE OCCUPATION OPTIMIZATION
========================================
   1    1.9999224  -95.39071002
   2    1.9999225  -95.37359160
   3    1.9999872  -19.57603973
   4    1.9999870  -19.56123878
   5    1.9992311  -7.81384201
   6    1.9994116  -7.80626560
   7    1.9995363  -7.80544936
   8    1.9993352  -7.79773721
   9    1.9992888  -7.79264256
  10    1.9995407  -7.78750033
  11    1.9753985  -0.56275321
  12    1.9717106  -0.49904376
  13    1.9714699  -0.49210196
  14    1.9607482  -0.43269819
  15    1.9500749  -0.38190144
  16    1.9471145  -0.33894465
  17    1.9419036  -0.29481004
  18    1.0000000  -0.14725520
  19    0.0548282  -0.00791188
  20    0.0173270  -0.00844130
  21    0.0167728  -0.00897490
  22    0.0163150  -0.00909980
  23    0.0131345  -0.00766315
  24    0.0130454  -0.00743178
  25    0.0133955  -0.00794453
  26    0.0002278  -0.00246561
  27    0.0002218  -0.00261061
  28    0.0003167  -0.00343103
  29    0.0002339  -0.00261369
  30    0.0002225  -0.00261657
  31    0.0002933  -0.00325333
  32    0.0000022  -0.00002309
  33    0.0000024  -0.00002476
  34    0.0000493  -0.00827680
  35    0.0000492  -0.00827191
  36    0.0010290  -0.00063691
  37    0.0139878  -0.00702574
  38    0.0139072  -0.00740880
  39    0.0134553  -0.00745089
  40    0.0125438  -0.00705920
  41    0.0122061  -0.00720297
  42    0.0077504  -0.00512666
  43    0.0002151  -0.00245388
  44    0.0001978  -0.00214482
  45    0.0001888  -0.00199586
  46    0.0002127  -0.00231549
  47    0.0002090  -0.00222514
  48    0.0001768  -0.00190667
  49    0.0000020  -0.00002106
  50    0.0000020  -0.00002039
  51    0.0000095  -0.00109036
  52    0.0000095  -0.00108585
  53    0.0009358  -0.00053681
  54    0.0126326  -0.00600566
  55    0.0117715  -0.00605518
  56    0.0079475  -0.00475092
  57    0.0010361  -0.00116249
  58    0.0009846  -0.00112553
  59    0.0008995  -0.00106891
  60    0.0000047  -0.00005572
  61    0.0001419  -0.00156350
  62    0.0001458  -0.00156221
  63    0.0000049  -0.00005962
  64    0.0001433  -0.00156501
  65    0.0001459  -0.00157079
  66    0.0000019  -0.00001962
  67    0.0000018  -0.00001996
  68    0.0000086  -0.00098323
  69    0.0000086  -0.00097680
  70    0.0009259  -0.00050084
  71    0.0087073  -0.00445801
  72    0.0071078  -0.00421692
  73    0.0006745  -0.00078347
  74    0.0007648  -0.00089487
  75    0.0007237  -0.00088538
  76    0.0007173  -0.00087211
  77    0.0000037  -0.00003816
  78    0.0001394  -0.00154398
  79    0.0000049  -0.00005289
  80    0.0000042  -0.00004126
  81    0.0000049  -0.00005761
  82    0.0001417  -0.00153423
  83    0.0000018  -0.00001905
  84    0.0000017  -0.00001799
  85    0.0000084  -0.00095391
  86    0.0000086  -0.00097720
  87    0.0002399  -0.00018289
  88    0.0001128  -0.00015554
  89    0.0002405  -0.00031365
  90    0.0005135  -0.00062909
  91    0.0005594  -0.00068600
  92    0.0005115  -0.00065315
  93    0.0006409  -0.00079061
  94    0.0000030  -0.00003300
  95    0.0000044  -0.00005474
  96    0.0000037  -0.00003679
  97    0.0000037  -0.00003467
  98    0.0000034  -0.00003922
  99    0.0000042  -0.00004939
 100    0.0000018  -0.00001870
 101    0.0000017  -0.00001711
 102    0.0000014  -0.00044179
 103    0.0000014  -0.00044114
 104    0.0000739  -0.00011026
 105    0.0000808  -0.00008351
 106    0.0000662  -0.00009021
 107    0.0002845  -0.00035171
 108    0.0004057  -0.00051919
 109    0.0004836  -0.00060460
 110    0.0006019  -0.00074677
 111    0.0000029  -0.00002701
 112    0.0000031  -0.00003125
 113    0.0000027  -0.00002807
 114    0.0000024  -0.00002215
 115    0.0000027  -0.00002617
 116    0.0000036  -0.00003216
 117    0.0000017  -0.00001719
 118    0.0000017  -0.00001737
 119    0.0000001  -0.00000393
 120    0.0000001  -0.00000361
 121    0.0000638  -0.00009732
 122    0.0000374  -0.00007526
 123    0.0000591  -0.00008915
 124    0.0000615  -0.00012413
 125    0.0000859  -0.00016779
 126    0.0003345  -0.00039625
 127    0.0005959  -0.00073559
 128    0.0000022  -0.00001953
 129    0.0000028  -0.00002600
 130    0.0000023  -0.00002335
 131    0.0000019  -0.00001876
 132    0.0000025  -0.00002334
 133    0.0000033  -0.00002963
 134    0.0000016  -0.00001525
 135    0.0000015  -0.00001439
 136    0.0000001  -0.00000515
 137    0.0000001  -0.00000518
 
----------------
 Final Energies 
----------------
Final NOF Total Energy =    -919.3628683
 
Total Orbital Internal Iterations = 499
Total Occupation Internal Iterations = 332
 
Elapsed time:  169.39 Seconds

---------------------------------
   Lowdin Population Analysis    
---------------------------------
 Idx  Atom   Population   Charge 
---------------------------------
  1    Cl    17.543      -0.543
  2    Cl    17.457      -0.457

---------------------------------
   M Diagnostic: 0.06
---------------------------------

Recovering execution output...
Moving from /scratch/pobleyef/286228 to /home-nas/pobleyef/Slim-NOF/ncwomax/Slim05/PNOF7/arina.286228
mkdir -p /home-nas/pobleyef/Slim-NOF/ncwomax/Slim05/PNOF7/arina.286228
mv /scratch/pobleyef/286228/* /home-nas/pobleyef/Slim-NOF/ncwomax/Slim05/PNOF7/arina.286228
