G21IP-h
/software/eb2024/easybuild/software/common/software/Julia/1.11.3-linux-x86_64/bin/julia
Job runing on nh034
Choosing scratch ...
Automatic scratch folder selection
/scratch/pobleyef/286243
/scratch/pobleyef/286243 directory
cp G21IP-h.jl G21IP-h.jld2 to  /scratch/pobleyef/286243/.
G21IP-h_C.jld2 not found
Computing Integrals
Basis Set                                            = def2-qzvp
Auxiliary Basis Set                                  = def2-universal-jkfit
Gaussian Type                                        = Spherical
Elapsed time:    3.27 Seconds

Number of basis functions                   (NBF)    = 30
Number of auxiliary basis functions         (NBFAUX) = 18
Inactive Doubly occupied orbitals up to     (NO1)    = 0
No. considered Strongly Doubly occupied MOs (NDOC)   = 0
No. considered Strongly Singly occupied MOs (NSOC)   = 1
NO. of Weakly occ. per St. Doubly occ.  MOs (NCWO)   = 0
Dimension of the Nat. Orb. subspace         (NBF5)   = 1
No. of electrons                                     = 1
    No. of alpha electrons                           = 1
    No. of beta electrons                            = 0
Multiplicity                                         = 2

Geometry
========
 H       0.0000000       0.0000000       0.0000000

No violations of the orthonormality
No violations of the orthonormality
 
PNOF7/ADABelief Calculation
==================
 
  Nitext  Nit_orb  Time   Nit_occ  Time         Eelec          Etot           Ediff      maxdiff    MaxGrad_orb  Grad_occ
     1      10    2.8e+01    0    3.9e+00    -0.49998330    -0.49998330 -9999.49998330   0.000000   3.1e-15   0.0e+00 0.00
 
RESULTS OF THE OCCUPATION OPTIMIZATION
========================================
   1    1.0000000  -0.24999165
 
----------------
 Final Energies 
----------------
Final NOF Total Energy =      -0.4999833
 
Total Orbital Internal Iterations = 10
Total Occupation Internal Iterations = 0
 
Elapsed time:   78.34 Seconds

---------------------------------
   Lowdin Population Analysis    
---------------------------------
 Idx  Atom   Population   Charge 
---------------------------------
  1     H     1.000       0.000

---------------------------------
   M Diagnostic: 0.00
---------------------------------

Recovering execution output...
Moving from /scratch/pobleyef/286243 to /home-nas/pobleyef/Slim-NOF/ncwomax/Slim05/PNOF7/arina.286243
mkdir -p /home-nas/pobleyef/Slim-NOF/ncwomax/Slim05/PNOF7/arina.286243
mv /scratch/pobleyef/286243/* /home-nas/pobleyef/Slim-NOF/ncwomax/Slim05/PNOF7/arina.286243
