G21IP-IP_74
/software/eb2024/easybuild/software/common/software/Julia/1.11.3-linux-x86_64/bin/julia
Job runing on nh037
Choosing scratch ...
Automatic scratch folder selection
/scratch/pobleyef/286247
/scratch/pobleyef/286247 directory
cp G21IP-IP_74.jl G21IP-IP_74.jld2 to  /scratch/pobleyef/286247/.
G21IP-IP_74_C.jld2 not found
Computing Integrals
Basis Set                                            = def2-qzvp
Auxiliary Basis Set                                  = def2-universal-jkfit
Gaussian Type                                        = Spherical
Elapsed time:    3.77 Seconds

Number of basis functions                   (NBF)    = 114
Number of auxiliary basis functions         (NBFAUX) = 154
Inactive Doubly occupied orbitals up to     (NO1)    = 0
No. considered Strongly Doubly occupied MOs (NDOC)   = 6
No. considered Strongly Singly occupied MOs (NSOC)   = 1
NO. of Weakly occ. per St. Doubly occ.  MOs (NCWO)   = 17
Dimension of the Nat. Orb. subspace         (NBF5)   = 109
No. of electrons                                     = 13
    No. of alpha electrons                           = 7
    No. of beta electrons                            = 6
Multiplicity                                         = 2

Geometry
========
 N       0.0000000       0.0000000      -0.5519798
 N       0.0000000       0.0000000       0.5519798

No violations of the orthonormality
No violations of the orthonormality
 
PNOF7/ADABelief Calculation
==================
 
  Nitext  Nit_orb  Time   Nit_occ  Time         Eelec          Etot           Ediff      maxdiff    MaxGrad_orb  Grad_occ
     1      10    2.9e+01   19    3.4e+01  -127.85064720  -104.36280470 -10126.85064720   1.048078   4.2e+00   1.8e-04 0.00
     2      10    1.3e+00   46    8.1e-01  -130.62188166  -107.13403916    -2.77123446   0.247220   9.9e-01   1.7e-04 0.04
     3      10    1.3e+00   43    6.0e-01  -131.41344533  -107.92560282    -0.79156367   0.710110   2.8e+00   2.2e-04 0.15
     4      10    1.3e+00    0    2.3e-02  -131.44326884  -107.95542633    -0.02982351   0.710108   2.8e+00   2.2e-04 0.15
     5      30    3.8e+00   43    5.5e-01  -131.76479353  -108.27695102    -0.32152469   0.030767   1.2e-01   2.1e-04 0.33
     6      30    4.2e+00   38    5.1e-01  -131.91809142  -108.43024892    -0.15329789   0.042047   1.7e-01   1.9e-04 0.37
     7      30    4.0e+00   44    6.9e-01  -132.02055703  -108.53271452    -0.10246560   0.056857   2.3e-01   1.8e-04 0.32
     8      30    4.0e+00   20    2.9e-01  -132.08736729  -108.59952478    -0.06681027   0.055234   2.2e-01   2.1e-04 0.27
     9      30    3.9e+00   22    3.4e-01  -132.13010699  -108.64226448    -0.04273970   0.042372   1.7e-01   1.6e-04 0.23
    10      30    4.0e+00   20    3.1e-01  -132.15371200  -108.66586949    -0.02360501   0.024065   9.6e-02   2.0e-04 0.20
    11      30    4.1e+00   13    1.4e-01  -132.16357984  -108.67573733    -0.00986784   0.007182   2.9e-02   2.0e-04 0.20
    12      30    4.1e+00   18    2.7e-01  -132.16592523  -108.67808272    -0.00234539   0.008083   3.2e-02   1.4e-04 0.19
    13      30    4.0e+00    8    9.0e-02  -132.16657391  -108.67873140    -0.00064868   0.008111   3.2e-02   1.9e-04 0.19
    14      30    4.0e+00   14    1.8e-01  -132.16678934  -108.67894683    -0.00021543   0.011625   4.6e-02   1.6e-04 0.19
    15      30    3.9e+00   10    1.9e-01  -132.16718071  -108.67933821    -0.00039137   0.013278   5.3e-02   2.0e-04 0.19
    16      30    4.1e+00   16    2.8e-01  -132.16759048  -108.67974797    -0.00040976   0.012021   4.8e-02   1.3e-04 0.19
    17      30    4.0e+00    6    1.8e-01  -132.16782165  -108.67997914    -0.00023118   0.010923   4.4e-02   1.4e-04 0.19
    18      30    4.0e+00    0    2.4e-02  -132.16786465  -108.68002214    -0.00004300   0.010923   4.4e-02   1.4e-04 0.19
    19      50    6.9e+00    3    5.7e-02  -132.16848125  -108.68063875    -0.00061661   0.000664   2.7e-03   2.0e-04 0.19
 
RESULTS OF THE OCCUPATION OPTIMIZATION
========================================
   1    1.9994706  -16.15238140
   2    1.9995385  -16.09761017
   3    1.9742983  -1.84751530
   4    1.9691384  -1.18073687
   5    1.8113351  -1.02510088
   6    1.8101359  -1.00369714
   7    1.0000000  -0.63089435
   8    0.1834190  -0.12617958
   9    0.1845662  -0.12656904
  10    0.0129527  -0.01067975
  11    0.0163499  -0.02221956
  12    0.0003147  -0.00802047
  13    0.0003377  -0.00837751
  14    0.0030065  -0.00370770
  15    0.0030492  -0.00350690
  16    0.0040798  -0.00445024
  17    0.0035243  -0.00610011
  18    0.0000510  -0.00095423
  19    0.0000623  -0.00107830
  20    0.0029640  -0.00363856
  21    0.0004658  -0.00092331
  22    0.0040058  -0.00433095
  23    0.0023261  -0.00416007
  24    0.0000403  -0.00071230
  25    0.0000610  -0.00111004
  26    0.0001284  -0.00024859
  27    0.0003356  -0.00067901
  28    0.0020752  -0.00242700
  29    0.0022247  -0.00407438
  30    0.0000387  -0.00068957
  31    0.0000510  -0.00090388
  32    0.0000960  -0.00019205
  33    0.0001153  -0.00028016
  34    0.0019144  -0.00240309
  35    0.0002327  -0.00060427
  36    0.0000072  -0.00033791
  37    0.0000080  -0.00035819
  38    0.0000846  -0.00018619
  39    0.0000294  -0.00007817
  40    0.0018906  -0.00248123
  41    0.0002075  -0.00057915
  42    0.0000015  -0.00003090
  43    0.0000016  -0.00003288
  44    0.0000591  -0.00016044
  45    0.0000229  -0.00006253
  46    0.0016383  -0.00199919
  47    0.0001784  -0.00049288
  48    0.0000013  -0.00002794
  49    0.0000014  -0.00002999
  50    0.0000323  -0.00006680
  51    0.0000147  -0.00005201
  52    0.0013029  -0.00194274
  53    0.0001722  -0.00047880
  54    0.0000012  -0.00002435
  55    0.0000013  -0.00002647
  56    0.0000204  -0.00004330
  57    0.0000122  -0.00004657
  58    0.0004156  -0.00076425
  59    0.0001402  -0.00039567
  60    0.0000010  -0.00002150
  61    0.0000008  -0.00001567
  62    0.0000122  -0.00004542
  63    0.0000104  -0.00004460
  64    0.0001176  -0.00026189
  65    0.0000866  -0.00030512
  66    0.0000008  -0.00001909
  67    0.0000007  -0.00001499
  68    0.0000084  -0.00003159
  69    0.0000091  -0.00003858
  70    0.0001074  -0.00026135
  71    0.0000701  -0.00025774
  72    0.0000007  -0.00001040
  73    0.0000006  -0.00000972
  74    0.0000072  -0.00002775
  75    0.0000076  -0.00003264
  76    0.0001039  -0.00025011
  77    0.0000679  -0.00025949
  78    0.0000006  -0.00001031
  79    0.0000006  -0.00000935
  80    0.0000064  -0.00002358
  81    0.0000064  -0.00002933
  82    0.0000923  -0.00024267
  83    0.0000455  -0.00021035
  84    0.0000006  -0.00001040
  85    0.0000005  -0.00000658
  86    0.0000054  -0.00002043
  87    0.0000061  -0.00002889
  88    0.0000739  -0.00022083
  89    0.0000239  -0.00010494
  90    0.0000005  -0.00001310
  91    0.0000005  -0.00001506
  92    0.0000050  -0.00002035
  93    0.0000056  -0.00002450
  94    0.0000428  -0.00015238
  95    0.0000193  -0.00008295
  96    0.0000005  -0.00000818
  97    0.0000005  -0.00000813
  98    0.0000048  -0.00002087
  99    0.0000045  -0.00002200
 100    0.0000269  -0.00011470
 101    0.0000175  -0.00006853
 102    0.0000004  -0.00000562
 103    0.0000005  -0.00000326
 104    0.0000043  -0.00001958
 105    0.0000038  -0.00002041
 106    0.0000216  -0.00009597
 107    0.0000150  -0.00006573
 108    0.0000003  -0.00002121
 109    0.0000004  -0.00001577
 
----------------
 Final Energies 
----------------
Final NOF Total Energy =    -108.6806387
 
Total Orbital Internal Iterations = 510
Total Occupation Internal Iterations = 383
 
Elapsed time:  157.91 Seconds

---------------------------------
   Lowdin Population Analysis    
---------------------------------
 Idx  Atom   Population   Charge 
---------------------------------
  1     N     6.401       0.599
  2     N     6.599       0.401

---------------------------------
   M Diagnostic: 0.19
---------------------------------

Recovering execution output...
Moving from /scratch/pobleyef/286247 to /home-nas/pobleyef/Slim-NOF/ncwomax/Slim05/PNOF7/arina.286247
mkdir -p /home-nas/pobleyef/Slim-NOF/ncwomax/Slim05/PNOF7/arina.286247
mv /scratch/pobleyef/286247/* /home-nas/pobleyef/Slim-NOF/ncwomax/Slim05/PNOF7/arina.286247
