G21IP-IP_64
/software/eb2024/easybuild/software/common/software/Julia/1.11.3-linux-x86_64/bin/julia
Job runing on nh011
Choosing scratch ...
Automatic scratch folder selection
/scratch/pobleyef/286244
/scratch/pobleyef/286244 directory
cp G21IP-IP_64.jl G21IP-IP_64.jld2 to  /scratch/pobleyef/286244/.
G21IP-IP_64_C.jld2 not found
Computing Integrals
Basis Set                                            = def2-qzvp
Auxiliary Basis Set                                  = def2-universal-jkfit
Gaussian Type                                        = Spherical
Elapsed time:    3.99 Seconds

Number of basis functions                   (NBF)    = 190
Number of auxiliary basis functions         (NBFAUX) = 200
Inactive Doubly occupied orbitals up to     (NO1)    = 0
No. considered Strongly Doubly occupied MOs (NDOC)   = 8
No. considered Strongly Singly occupied MOs (NSOC)   = 1
NO. of Weakly occ. per St. Doubly occ.  MOs (NCWO)   = 22
Dimension of the Nat. Orb. subspace         (NBF5)   = 185
No. of electrons                                     = 17
    No. of alpha electrons                           = 9
    No. of beta electrons                            = 8
Multiplicity                                         = 2

Geometry
========
Si      -0.0006119      -0.6785387      -0.3259636
 H       0.0037044       1.1642248      -0.6132963
 H      -0.0002838       1.1970806       0.1720702
 H       1.2883338      -0.8446792       0.3845089
 H      -1.2911426      -0.8380875       0.3826807

No violations of the orthonormality
No violations of the orthonormality
 
PNOF7/ADABelief Calculation
==================
 
  Nitext  Nit_orb  Time   Nit_occ  Time         Eelec          Etot           Ediff      maxdiff    MaxGrad_orb  Grad_occ
     1      10    3.0e+01   19    3.6e+01  -300.35312315  -280.83380295 -10299.35312315   4.848729   1.9e+01   1.5e-04 0.00
     2      10    1.9e+00   43    2.4e+00  -305.59283596  -286.07351577    -5.23971281   0.253994   1.0e+00   2.5e-04 0.03
     3      10    1.6e+00   43    2.1e+00  -307.12383550  -287.60451531    -1.53099954   0.210820   8.4e-01   1.7e-04 0.48
     4      10    1.7e+00   31    1.5e+00  -308.40565107  -288.88633088    -1.28181557   0.462286   1.8e+00   2.1e-04 0.58
     5      10    1.6e+00   52    2.3e+00  -308.71278801  -289.19346782    -0.30713694   0.228561   9.1e-01   2.4e-04 0.53
     6      10    1.6e+00   26    1.1e+00  -309.27679338  -289.75747318    -0.56400536   0.218998   8.8e-01   2.1e-04 0.55
     7      10    1.7e+00   43    1.8e+00  -309.67861369  -290.15929350    -0.40182032   0.197668   7.9e-01   1.8e-04 0.36
     8      10    1.6e+00   19    9.0e-01  -309.76891957  -290.24959938    -0.09030588   0.313102   1.3e+00   2.2e-04 0.49
     9      10    1.6e+00   16    7.6e-01  -309.88834459  -290.36902440    -0.11942502   0.324899   1.3e+00   1.6e-04 0.22
    10      10    1.6e+00   25    1.1e+00  -309.99256423  -290.47324404    -0.10421964   0.207618   8.3e-01   1.4e-04 0.21
    11      10    1.6e+00   25    1.1e+00  -310.08798662  -290.56866643    -0.09542239   0.334353   1.3e+00   1.8e-04 0.11
    12      10    1.7e+00    0    7.8e-02  -310.09467717  -290.57535698    -0.00669055   0.334354   1.3e+00   1.8e-04 0.11
    13      30    5.1e+00   20    9.1e-01  -310.50670882  -290.98738863    -0.41203164   0.020331   8.1e-02   1.6e-04 0.07
    14      30    4.9e+00   13    6.3e-01  -310.56753987  -291.04821968    -0.06083105   0.012859   5.1e-02   1.8e-04 0.05
    15      30    5.0e+00   11    5.3e-01  -310.58537801  -291.06605781    -0.01783814   0.004154   1.7e-02   1.2e-04 0.04
    16      30    4.9e+00    4    2.9e-01  -310.58914800  -291.06982780    -0.00376999   0.001200   4.8e-03   2.1e-04 0.04
    17      30    4.9e+00    5    3.3e-01  -310.58998926  -291.07066907    -0.00084126   0.001477   5.9e-03   2.4e-04 0.04
    18      30    4.9e+00    5    3.3e-01  -310.59038118  -291.07106098    -0.00039192   0.001981   7.9e-03   2.1e-04 0.04
    19      30    5.0e+00    2    1.4e-01  -310.59059053  -291.07127034    -0.00020936   0.001945   7.8e-03   2.0e-04 0.04
    20      30    4.8e+00    2    1.9e-01  -310.59069341  -291.07137322    -0.00010288   0.001640   6.6e-03   2.2e-04 0.04
    21      30    4.7e+00    5    2.4e-01  -310.59072661  -291.07140642    -0.00003319   0.001489   6.0e-03   2.0e-04 0.04
    22      30    4.9e+00    2    2.2e-01  -310.59079295  -291.07147276    -0.00006635   0.001088   4.4e-03   1.6e-04 0.04
    23      30    4.8e+00    1    1.0e-01  -310.59080919  -291.07148900    -0.00001623   0.001638   6.6e-03   1.8e-04 0.04
    24      30    5.2e+00    0    1.1e-01  -310.59081784  -291.07149765    -0.00000865   0.000892   3.6e-03   1.6e-04 0.04
 
RESULTS OF THE OCCUPATION OPTIMIZATION
========================================
   1    1.9999181  -63.15410986
   2    1.9999800  -12.34943106
   3    1.9981582  -4.60161092
   4    1.9983531  -4.56422958
   5    1.9987695  -4.55170738
   6    1.9585885  -0.97401751
   7    1.9512579  -0.85428530
   8    1.9511111  -0.85384042
   9    1.0000000  -0.33927510
  10    0.0236136  -0.01725128
  11    0.0233383  -0.01710483
  12    0.0219735  -0.01864967
  13    0.0008027  -0.00523287
  14    0.0010587  -0.00647551
  15    0.0010555  -0.00646813
  16    0.0000147  -0.00014657
  17    0.0000795  -0.00864269
  18    0.0103513  -0.00789269
  19    0.0101880  -0.00779923
  20    0.0106749  -0.01010853
  21    0.0003835  -0.00223985
  22    0.0003095  -0.00189740
  23    0.0002965  -0.00185436
  24    0.0000009  -0.00001495
  25    0.0000021  -0.00040710
  26    0.0066344  -0.00567223
  27    0.0065564  -0.00563223
  28    0.0037103  -0.00408057
  29    0.0000229  -0.00020664
  30    0.0002308  -0.00142584
  31    0.0002301  -0.00142370
  32    0.0000009  -0.00000401
  33    0.0000001  -0.00000048
  34    0.0059713  -0.00523738
  35    0.0058942  -0.00519171
  36    0.0034380  -0.00371179
  37    0.0000043  -0.00001982
  38    0.0000283  -0.00025050
  39    0.0002138  -0.00135286
  40    0.0000003  -0.00000149
  41    0.0000000  -0.00000025
  42    0.0008664  -0.00095165
  43    0.0011202  -0.00112966
  44    0.0003537  -0.00047273
  45    0.0000035  -0.00001492
  46    0.0000045  -0.00002544
  47    0.0000255  -0.00022369
  48    0.0000003  -0.00000139
  49    0.0000000  -0.00000024
  50    0.0003920  -0.00050104
  51    0.0004835  -0.00057368
  52    0.0002247  -0.00035258
  53    0.0000030  -0.00001366
  54    0.0000023  -0.00001266
  55    0.0000043  -0.00002305
  56    0.0000002  -0.00000109
  57    0.0000000  -0.00000020
  58    0.0001963  -0.00025501
  59    0.0002354  -0.00034119
  60    0.0002004  -0.00033624
  61    0.0000018  -0.00000937
  62    0.0000020  -0.00001071
  63    0.0000029  -0.00001417
  64    0.0000002  -0.00000108
  65    0.0000000  -0.00000020
  66    0.0001728  -0.00025586
  67    0.0001590  -0.00021569
  68    0.0001607  -0.00026488
  69    0.0000016  -0.00000687
  70    0.0000017  -0.00000892
  71    0.0000025  -0.00001123
  72    0.0000002  -0.00000097
  73    0.0000000  -0.00000017
  74    0.0001345  -0.00019512
  75    0.0001569  -0.00023748
  76    0.0001427  -0.00025596
  77    0.0000013  -0.00000578
  78    0.0000015  -0.00000683
  79    0.0000016  -0.00000756
  80    0.0000002  -0.00000100
  81    0.0000000  -0.00000015
  82    0.0001023  -0.00017773
  83    0.0001186  -0.00018407
  84    0.0000997  -0.00018740
  85    0.0000009  -0.00000405
  86    0.0000013  -0.00000573
  87    0.0000015  -0.00000651
  88    0.0000002  -0.00000096
  89    0.0000000  -0.00000019
  90    0.0000999  -0.00015012
  91    0.0000981  -0.00016629
  92    0.0000915  -0.00013807
  93    0.0000008  -0.00000373
  94    0.0000012  -0.00000548
  95    0.0000015  -0.00000645
  96    0.0000002  -0.00000091
  97    0.0000000  -0.00000015
  98    0.0000773  -0.00014608
  99    0.0000866  -0.00014151
 100    0.0000665  -0.00013684
 101    0.0000006  -0.00000293
 102    0.0000008  -0.00000382
 103    0.0000013  -0.00000534
 104    0.0000002  -0.00000093
 105    0.0000000  -0.00000010
 106    0.0000735  -0.00013426
 107    0.0000670  -0.00013319
 108    0.0000577  -0.00013178
 109    0.0000005  -0.00000262
 110    0.0000008  -0.00000363
 111    0.0000011  -0.00000479
 112    0.0000002  -0.00000081
 113    0.0000000  -0.00000010
 114    0.0000508  -0.00009853
 115    0.0000645  -0.00010981
 116    0.0000567  -0.00011460
 117    0.0000005  -0.00000236
 118    0.0000006  -0.00000259
 119    0.0000006  -0.00000294
 120    0.0000002  -0.00000084
 121    0.0000000  -0.00000012
 122    0.0000374  -0.00008844
 123    0.0000387  -0.00009048
 124    0.0000402  -0.00008922
 125    0.0000004  -0.00000195
 126    0.0000006  -0.00000246
 127    0.0000006  -0.00000296
 128    0.0000002  -0.00000081
 129    0.0000000  -0.00000009
 130    0.0000236  -0.00004525
 131    0.0000352  -0.00005386
 132    0.0000284  -0.00005570
 133    0.0000004  -0.00000173
 134    0.0000005  -0.00000212
 135    0.0000006  -0.00000227
 136    0.0000002  -0.00000073
 137    0.0000000  -0.00000010
 138    0.0000234  -0.00004687
 139    0.0000308  -0.00005995
 140    0.0000244  -0.00004657
 141    0.0000004  -0.00000164
 142    0.0000005  -0.00000213
 143    0.0000004  -0.00000187
 144    0.0000001  -0.00000069
 145    0.0000000  -0.00000009
 146    0.0000182  -0.00003590
 147    0.0000222  -0.00003891
 148    0.0000213  -0.00003819
 149    0.0000003  -0.00000140
 150    0.0000004  -0.00000188
 151    0.0000004  -0.00000199
 152    0.0000001  -0.00000069
 153    0.0000000  -0.00000006
 154    0.0000171  -0.00003250
 155    0.0000178  -0.00003665
 156    0.0000163  -0.00003744
 157    0.0000003  -0.00000136
 158    0.0000004  -0.00000159
 159    0.0000003  -0.00000139
 160    0.0000001  -0.00000053
 161    0.0000000  -0.00000007
 162    0.0000115  -0.00003113
 163    0.0000112  -0.00003016
 164    0.0000138  -0.00003507
 165    0.0000003  -0.00000118
 166    0.0000003  -0.00000107
 167    0.0000003  -0.00000144
 168    0.0000001  -0.00000060
 169    0.0000000  -0.00000006
 170    0.0000110  -0.00002816
 171    0.0000097  -0.00002653
 172    0.0000092  -0.00002895
 173    0.0000002  -0.00000101
 174    0.0000003  -0.00000109
 175    0.0000003  -0.00000127
 176    0.0000001  -0.00000059
 177    0.0000000  -0.00000006
 178    0.0000102  -0.00002652
 179    0.0000096  -0.00002705
 180    0.0000069  -0.00002702
 181    0.0000002  -0.00000083
 182    0.0000002  -0.00000099
 183    0.0000003  -0.00000121
 184    0.0000001  -0.00000055
 185    0.0000000  -0.00000005
 
----------------
 Final Energies 
----------------
Final NOF Total Energy =    -291.0714976
 
Total Orbital Internal Iterations = 480
Total Occupation Internal Iterations = 412
 
Elapsed time:  189.39 Seconds

---------------------------------
   Lowdin Population Analysis    
---------------------------------
 Idx  Atom   Population   Charge 
---------------------------------
  1    Si    13.108       0.892
  2     H     0.867       0.133
  3     H     0.828       0.172
  4     H     1.099      -0.099
  5     H     1.099      -0.099

---------------------------------
   M Diagnostic: 0.04
---------------------------------

Recovering execution output...
Moving from /scratch/pobleyef/286244 to /home-nas/pobleyef/Slim-NOF/ncwomax/Slim05/PNOF7/arina.286244
mkdir -p /home-nas/pobleyef/Slim-NOF/ncwomax/Slim05/PNOF7/arina.286244
mv /scratch/pobleyef/286244/* /home-nas/pobleyef/Slim-NOF/ncwomax/Slim05/PNOF7/arina.286244
