G21IP-f+
/software/eb2024/easybuild/software/common/software/Julia/1.11.3-linux-x86_64/bin/julia
Job runing on nh013
Choosing scratch ...
Automatic scratch folder selection
/scratch/pobleyef/286241
/scratch/pobleyef/286241 directory
cp G21IP-f+.jl G21IP-f+.jld2 to  /scratch/pobleyef/286241/.
G21IP-f+_C.jld2 not found
Computing Integrals
Basis Set                                            = def2-qzvp
Auxiliary Basis Set                                  = def2-universal-jkfit
Gaussian Type                                        = Spherical
Elapsed time:    3.41 Seconds

Number of basis functions                   (NBF)    = 57
Number of auxiliary basis functions         (NBFAUX) = 77
Inactive Doubly occupied orbitals up to     (NO1)    = 0
No. considered Strongly Doubly occupied MOs (NDOC)   = 3
No. considered Strongly Singly occupied MOs (NSOC)   = 2
NO. of Weakly occ. per St. Doubly occ.  MOs (NCWO)   = 17
Dimension of the Nat. Orb. subspace         (NBF5)   = 56
No. of electrons                                     = 8
    No. of alpha electrons                           = 5
    No. of beta electrons                            = 3
Multiplicity                                         = 3

Geometry
========
 F       0.0000000       0.0000000       0.0000000

No violations of the orthonormality
No violations of the orthonormality
 
PNOF7/ADABelief Calculation
==================
 
  Nitext  Nit_orb  Time   Nit_occ  Time         Eelec          Etot           Ediff      maxdiff    MaxGrad_orb  Grad_occ
     1      10    2.8e+01   21    3.4e+01   -96.89332200   -96.89332200 -10095.89332200   0.960048   3.8e+00   1.5e-04 0.00
     2      10    7.6e-02   24    7.6e-02   -98.60941834   -98.60941834    -1.71609634   0.363389   1.5e+00   1.7e-04 0.01
     3      10    3.7e-02   18    4.7e-02   -98.89534587   -98.89534587    -0.28592753   0.588404   2.4e+00   1.5e-04 0.01
     4      10    3.7e-02    0    4.1e-03   -98.90074714   -98.90074714    -0.00540126   0.588397   2.4e+00   1.5e-04 0.01
     5      30    8.9e-02   16    4.2e-02   -98.96336870   -98.96336870    -0.06262156   0.031368   1.3e-01   1.3e-04 0.01
     6      30    9.1e-02    8    2.5e-02   -98.96920869   -98.96920869    -0.00583999   0.007314   2.9e-02   1.6e-04 0.01
     7      30    8.8e-02    7    2.2e-02   -98.97003716   -98.97003716    -0.00082847   0.011160   4.5e-02   1.4e-04 0.02
     8      30    9.6e-02    4    1.3e-02   -98.97046618   -98.97046618    -0.00042903   0.013880   5.6e-02   1.2e-04 0.02
     9      30    8.7e-02    4    1.6e-02   -98.97098454   -98.97098454    -0.00051836   0.009029   3.6e-02   1.6e-04 0.02
    10      30    9.1e-02    5    1.8e-02   -98.97116908   -98.97116908    -0.00018454   0.010958   4.4e-02   1.7e-04 0.02
    11      30    9.5e-02    0    3.8e-03   -98.97123452   -98.97123452    -0.00006544   0.010958   4.4e-02   1.7e-04 0.02
    12      50    1.5e-01    4    1.3e-02   -98.97161165   -98.97161165    -0.00037713   0.001243   5.0e-03   1.3e-04 0.02
    13      50    1.4e-01    5    1.8e-02   -98.97169445   -98.97169445    -0.00008280   0.001938   7.8e-03   1.1e-04 0.02
    14      50    1.5e-01    2    8.4e-03   -98.97175756   -98.97175756    -0.00006311   0.002480   9.9e-03   2.0e-04 0.02
    15      50    1.5e-01    4    1.3e-02   -98.97178289   -98.97178289    -0.00002533   0.002025   8.1e-03   1.4e-04 0.02
    16      50    1.5e-01    0    4.0e-03   -98.97181325   -98.97181325    -0.00003037   0.001672   6.7e-03   1.7e-04 0.02
    17      33    9.6e-02    0    3.9e-03   -98.97182296   -98.97182296    -0.00000971   0.000473   1.9e-03   1.6e-04 0.02
 
RESULTS OF THE OCCUPATION OPTIMIZATION
========================================
   1    1.9998033  -27.12383292
   2    1.9795420  -1.92246661
   3    1.9805555  -1.73081038
   4    1.0000000  -0.79751385
   5    1.0000000  -0.79749360
   6    0.0097791  -0.01500338
   7    0.0086621  -0.01346332
   8    0.0001813  -0.00749020
   9    0.0028455  -0.00580406
  10    0.0028156  -0.00522921
  11    0.0000042  -0.00026179
  12    0.0028407  -0.00580990
  13    0.0027823  -0.00519374
  14    0.0000025  -0.00005598
  15    0.0026336  -0.00575253
  16    0.0023688  -0.00516513
  17    0.0000014  -0.00004246
  18    0.0002402  -0.00085614
  19    0.0023533  -0.00519792
  20    0.0000012  -0.00003317
  21    0.0002348  -0.00084454
  22    0.0005137  -0.00155571
  23    0.0000007  -0.00002058
  24    0.0001393  -0.00049416
  25    0.0002893  -0.00098226
  26    0.0000006  -0.00001829
  27    0.0001309  -0.00048831
  28    0.0002824  -0.00097135
  29    0.0000006  -0.00001867
  30    0.0001284  -0.00046878
  31    0.0001247  -0.00049493
  32    0.0000006  -0.00001814
  33    0.0001228  -0.00047456
  34    0.0000995  -0.00040485
  35    0.0000005  -0.00001763
  36    0.0001108  -0.00045229
  37    0.0000795  -0.00035376
  38    0.0000005  -0.00001750
  39    0.0000992  -0.00038248
  40    0.0000222  -0.00011482
  41    0.0000005  -0.00001607
  42    0.0000918  -0.00033401
  43    0.0000159  -0.00010582
  44    0.0000005  -0.00001618
  45    0.0000143  -0.00008988
  46    0.0000136  -0.00008967
  47    0.0000005  -0.00001465
  48    0.0000120  -0.00007849
  49    0.0000126  -0.00008393
  50    0.0000004  -0.00000775
  51    0.0000111  -0.00007628
  52    0.0000115  -0.00008293
  53    0.0000004  -0.00000783
  54    0.0000102  -0.00006608
  55    0.0000109  -0.00006309
  56    0.0000003  -0.00002549
 
----------------
 Final Energies 
----------------
Final NOF Total Energy =     -98.9718230
 
Total Orbital Internal Iterations = 533
Total Occupation Internal Iterations = 122
 
Elapsed time:   83.21 Seconds

---------------------------------
   Lowdin Population Analysis    
---------------------------------
 Idx  Atom   Population   Charge 
---------------------------------
  1     F     8.000       1.000

---------------------------------
   M Diagnostic: 0.02
---------------------------------

Recovering execution output...
Moving from /scratch/pobleyef/286241 to /home-nas/pobleyef/Slim-NOF/ncwomax/Slim05/PNOF7/arina.286241
mkdir -p /home-nas/pobleyef/Slim-NOF/ncwomax/Slim05/PNOF7/arina.286241
mv /scratch/pobleyef/286241/* /home-nas/pobleyef/Slim-NOF/ncwomax/Slim05/PNOF7/arina.286241
