G21IP-43
/software/eb2024/easybuild/software/common/software/Julia/1.11.3-linux-x86_64/bin/julia
Job runing on nh018
Choosing scratch ...
Automatic scratch folder selection
/scratch/pobleyef/286236
/scratch/pobleyef/286236 directory
cp G21IP-43.jl G21IP-43.jld2 to  /scratch/pobleyef/286236/.
G21IP-43_C.jld2 not found
Computing Integrals
Basis Set                                            = def2-qzvp
Auxiliary Basis Set                                  = def2-universal-jkfit
Gaussian Type                                        = Spherical
Elapsed time:    3.86 Seconds

Number of basis functions                   (NBF)    = 140
Number of auxiliary basis functions         (NBFAUX) = 256
Inactive Doubly occupied orbitals up to     (NO1)    = 0
No. considered Strongly Doubly occupied MOs (NDOC)   = 15
No. considered Strongly Singly occupied MOs (NSOC)   = 0
NO. of Weakly occ. per St. Doubly occ.  MOs (NCWO)   = 8
Dimension of the Nat. Orb. subspace         (NBF5)   = 135
No. of electrons                                     = 30
    No. of alpha electrons                           = 15
    No. of beta electrons                            = 15
Multiplicity                                         = 1

Geometry
========
 P       0.0000000       0.0000000       0.9492826
 P       0.0000000       0.0000000      -0.9492826

No violations of the orthonormality
No violations of the orthonormality
 
PNOF7/ADABelief Calculation
==================
 
  Nitext  Nit_orb  Time   Nit_occ  Time         Eelec          Etot           Ediff      maxdiff    MaxGrad_orb  Grad_occ
     1      10    3.0e+01   17    3.5e+01  -733.59909011  -670.88613942 -10732.59909011   0.743412   3.0e+00   1.6e-04 0.00
     2      10    1.6e+00   34    9.4e-01  -740.21098020  -677.49802951    -6.61189009   3.625983   1.5e+01   2.2e-04 0.02
     3      10    1.5e+00   28    6.7e-01  -741.12917014  -678.41621945    -0.91818994   0.483295   1.9e+00   1.8e-04 0.11
     4      10    1.4e+00   58    1.0e+00  -741.58140284  -678.86845215    -0.45223270   0.438539   1.8e+00   2.0e-04 0.51
     5      10    1.5e+00   61    1.0e+00  -742.33926115  -679.62631045    -0.75785831   0.423216   1.7e+00   1.6e-04 0.81
     6      10    1.5e+00   27    4.9e-01  -742.88613112  -680.17318043    -0.54686997   0.405560   1.6e+00   8.6e-03 0.88
     7      10    1.5e+00   22    4.5e-01  -743.22371618  -680.51076549    -0.33758507   0.389646   1.6e+00   2.7e-04 0.78
     8      10    1.5e+00    0    3.8e-02  -743.23102664  -680.51807595    -0.00731046   0.389646   1.6e+00   2.7e-04 0.78
     9      30    4.4e+00   28    5.7e-01  -744.18214941  -681.46919872    -0.95112277   0.053376   3.1e-01   5.6e-03 0.84
    10      30    4.3e+00   28    4.7e-01  -744.36011034  -681.64715965    -0.17796093   0.055550   2.2e-01   2.2e-04 0.42
    11      30    4.3e+00   24    5.1e-01  -744.45787706  -681.74492636    -0.09776672   0.019511   7.8e-02   2.0e-04 0.36
    12      30    4.3e+00   29    5.7e-01  -744.47774502  -681.76479433    -0.01986797   0.025855   1.0e-01   1.8e-04 0.35
    13      30    4.3e+00   12    2.8e-01  -744.48331351  -681.77036282    -0.00556849   0.016982   6.8e-02   2.5e-04 0.35
    14      30    4.3e+00   19    3.5e-01  -744.48674017  -681.77378948    -0.00342666   0.014874   5.9e-02   2.0e-04 0.34
    15      30    4.3e+00   16    3.3e-01  -744.48880590  -681.77585521    -0.00206572   0.006091   2.4e-02   1.4e-04 0.34
    16      30    4.4e+00    4    9.1e-02  -744.48939367  -681.77644298    -0.00058777   0.007445   3.0e-02   2.2e-04 0.34
    17      30    4.3e+00    4    8.0e-02  -744.48968208  -681.77673139    -0.00028841   0.005090   2.0e-02   1.7e-04 0.34
    18      30    4.4e+00    0    3.7e-02  -744.48970190  -681.77675121    -0.00001982   0.005090   2.0e-02   1.7e-04 0.34
    19      49    7.0e+00    4    1.6e-01  -744.48988671  -681.77693602    -0.00018481   0.000496   2.0e-03   1.8e-04 0.34
 
RESULTS OF THE OCCUPATION OPTIMIZATION
========================================
   1    1.9999608  -79.61652691
   2    1.9999294  -72.86529010
   3    1.9999756  -14.59085146
   4    1.9994044  -6.37803161
   5    1.9993038  -6.30738642
   6    1.9988037  -5.74141388
   7    1.9985745  -5.60381175
   8    1.9985777  -5.39726425
   9    1.9987237  -5.39619780
  10    1.9990876  -5.39421865
  11    1.9636192  -0.82276672
  12    1.9200094  -0.56602530
  13    1.9200352  -0.56471337
  14    1.6571784  -0.36028648
  15    1.6560437  -0.35998254
  16    0.3414444  -0.09020575
  17    0.3403071  -0.08995992
  18    0.0346663  -0.01543346
  19    0.0345326  -0.01534295
  20    0.0131109  -0.00914966
  21    0.0005554  -0.00460060
  22    0.0007550  -0.00574418
  23    0.0007324  -0.00564361
  24    0.0007332  -0.00578301
  25    0.0007241  -0.00579531
  26    0.0006136  -0.00516946
  27    0.0005287  -0.00459606
  28    0.0000065  -0.00007080
  29    0.0000676  -0.00856556
  30    0.0000373  -0.00572398
  31    0.0006422  -0.00043571
  32    0.0006403  -0.00052781
  33    0.0121025  -0.00638077
  34    0.0120560  -0.00636577
  35    0.0130093  -0.00907574
  36    0.0002978  -0.00214430
  37    0.0002587  -0.00188167
  38    0.0002440  -0.00180303
  39    0.0002796  -0.00208805
  40    0.0002536  -0.00193989
  41    0.0000502  -0.00051735
  42    0.0000352  -0.00039049
  43    0.0000037  -0.00003043
  44    0.0000018  -0.00043676
  45    0.0000012  -0.00026195
  46    0.0004547  -0.00037435
  47    0.0005277  -0.00043437
  48    0.0119804  -0.00628757
  49    0.0119617  -0.00629597
  50    0.0047781  -0.00436596
  51    0.0000238  -0.00026772
  52    0.0002006  -0.00147204
  53    0.0002019  -0.00148951
  54    0.0001848  -0.00141884
  55    0.0001685  -0.00133661
  56    0.0000079  -0.00006936
  57    0.0000067  -0.00006023
  58    0.0000030  -0.00002389
  59    0.0000006  -0.00001288
  60    0.0000003  -0.00001009
  61    0.0004288  -0.00035245
  62    0.0004190  -0.00031227
  63    0.0082811  -0.00456133
  64    0.0082720  -0.00448858
  65    0.0028063  -0.00282072
  66    0.0000093  -0.00006943
  67    0.0000327  -0.00037309
  68    0.0001917  -0.00142988
  69    0.0001792  -0.00138522
  70    0.0000272  -0.00030647
  71    0.0000069  -0.00005348
  72    0.0000056  -0.00004407
  73    0.0000028  -0.00002254
  74    0.0000003  -0.00000701
  75    0.0000002  -0.00000595
  76    0.0003831  -0.00031881
  77    0.0003005  -0.00027220
  78    0.0061735  -0.00378797
  79    0.0062641  -0.00385979
  80    0.0009626  -0.00104939
  81    0.0000081  -0.00005906
  82    0.0000104  -0.00007505
  83    0.0000311  -0.00035457
  84    0.0000285  -0.00032219
  85    0.0000069  -0.00005354
  86    0.0000048  -0.00003395
  87    0.0000055  -0.00003994
  88    0.0000027  -0.00002238
  89    0.0000001  -0.00000391
  90    0.0000001  -0.00000489
  91    0.0002680  -0.00024000
  92    0.0002343  -0.00021751
  93    0.0061189  -0.00377665
  94    0.0060497  -0.00373564
  95    0.0009572  -0.00104593
  96    0.0000072  -0.00005390
  97    0.0000069  -0.00004702
  98    0.0000082  -0.00005815
  99    0.0000073  -0.00005048
 100    0.0000059  -0.00003990
 101    0.0000045  -0.00003112
 102    0.0000051  -0.00003479
 103    0.0000023  -0.00002053
 104    0.0000000  -0.00000275
 105    0.0000000  -0.00000215
 106    0.0001756  -0.00023990
 107    0.0002311  -0.00025722
 108    0.0004779  -0.00043130
 109    0.0004735  -0.00043707
 110    0.0004121  -0.00055008
 111    0.0000059  -0.00004390
 112    0.0000065  -0.00004195
 113    0.0000077  -0.00005026
 114    0.0000067  -0.00004570
 115    0.0000054  -0.00003624
 116    0.0000042  -0.00003031
 117    0.0000047  -0.00003115
 118    0.0000019  -0.00001731
 119    0.0000000  -0.00000182
 120    0.0000000  -0.00000112
 121    0.0001595  -0.00018544
 122    0.0001616  -0.00016567
 123    0.0001643  -0.00018043
 124    0.0003811  -0.00041150
 125    0.0003442  -0.00046223
 126    0.0000050  -0.00003224
 127    0.0000056  -0.00003843
 128    0.0000053  -0.00003351
 129    0.0000062  -0.00004089
 130    0.0000046  -0.00003109
 131    0.0000041  -0.00002978
 132    0.0000041  -0.00002748
 133    0.0000015  -0.00001816
 134    0.0000000  -0.00000136
 135    0.0000000  -0.00000096
 
----------------
 Final Energies 
----------------
Final NOF Total Energy =    -681.7769360
 
Total Orbital Internal Iterations = 429
Total Occupation Internal Iterations = 415
 
Elapsed time:  157.80 Seconds

---------------------------------
   Lowdin Population Analysis    
---------------------------------
 Idx  Atom   Population   Charge 
---------------------------------
  1     P    15.000      -0.000
  2     P    15.000       0.000

---------------------------------
   M Diagnostic: 0.34
---------------------------------

Recovering execution output...
Moving from /scratch/pobleyef/286236 to /home-nas/pobleyef/Slim-NOF/ncwomax/Slim05/PNOF7/arina.286236
mkdir -p /home-nas/pobleyef/Slim-NOF/ncwomax/Slim05/PNOF7/arina.286236
mv /scratch/pobleyef/286236/* /home-nas/pobleyef/Slim-NOF/ncwomax/Slim05/PNOF7/arina.286236
