HAL59-NCH_FCl
/software/eb2024/easybuild/software/common/software/Julia/1.11.3-linux-x86_64/bin/julia
Job runing on nh002
Choosing scratch ...
Automatic scratch folder selection
/scratch/pobleyef/286279
/scratch/pobleyef/286279 directory
cp HAL59-NCH_FCl.jl HAL59-NCH_FCl.jld2 to  /scratch/pobleyef/286279/.
Computing Integrals
Basis Set                                            = def2-qzvp
Auxiliary Basis Set                                  = def2-universal-jkfit
Gaussian Type                                        = Spherical
Elapsed time:    4.68 Seconds

Number of basis functions                   (NBF)    = 271
Number of auxiliary basis functions         (NBFAUX) = 375
Inactive Doubly occupied orbitals up to     (NO1)    = 0
No. considered Strongly Doubly occupied MOs (NDOC)   = 20
No. considered Strongly Singly occupied MOs (NSOC)   = 0
NO. of Weakly occ. per St. Doubly occ.  MOs (NCWO)   = 12
Dimension of the Nat. Orb. subspace         (NBF5)   = 260
No. of electrons                                     = 40
    No. of alpha electrons                           = 20
    No. of beta electrons                            = 20
Multiplicity                                         = 1

Geometry
========
 N       0.0000000       0.0000000      -1.8411300
 C       0.0000000       0.0000000      -2.9821430
 H       0.0000000       0.0000000      -4.0497700
Cl       0.0000000       0.0000000       0.7715990
 F       0.0000000       0.0000000       2.4125940

No violations of the orthonormality
No violations of the orthonormality
 
PNOF7/ADABelief Calculation
==================
 
  Nitext  Nit_orb  Time   Nit_occ  Time         Eelec          Etot           Ediff      maxdiff    MaxGrad_orb  Grad_occ
     1      10    3.1e+01   91    4.3e+01  -779.03560428  -651.34915580 -10778.03560428   0.000810   3.2e-03   2.7e-04 0.11
 
RESULTS OF THE OCCUPATION OPTIMIZATION
========================================
   1    1.9999728  -103.65978856
   2    1.9998349  -26.31263094
   3    1.9997006  -15.58028206
   4    1.9995247  -11.27373977
   5    1.9996935  -9.07861293
   6    1.9997008  -8.98990873
   7    1.9997063  -8.97617237
   8    1.9997024  -8.96939735
   9    1.9885823  -1.20094427
  10    1.9902906  -0.99311674
  11    1.9902184  -0.99301709
  12    1.9901668  -0.99296120
  13    1.9742905  -0.82455003
  14    1.9120457  -0.73880203
  15    1.9880117  -0.71896112
  16    1.9874533  -0.70798449
  17    1.9874786  -0.70699398
  18    1.9834104  -0.70222719
  19    1.8895929  -0.53064456
  20    1.8894428  -0.53064848
  21    0.1104340  -0.04751899
  22    0.1102745  -0.04746398
  23    0.0164421  -0.01172565
  24    0.0123724  -0.00891431
  25    0.0123354  -0.00890830
  26    0.0118137  -0.00873532
  27    0.0878224  -0.05503463
  28    0.0255705  -0.01931009
  29    0.0096524  -0.01242568
  30    0.0096576  -0.01244085
  31    0.0095606  -0.01239202
  32    0.0110508  -0.01277041
  33    0.0002759  -0.00360501
  34    0.0002766  -0.00361083
  35    0.0002876  -0.00368080
  36    0.0002956  -0.00374043
  37    0.0004618  -0.00862858
  38    0.0002917  -0.00773673
  39    0.0001607  -0.00716963
  40    0.0000270  -0.00577507
  41    0.0000630  -0.00014000
  42    0.0000517  -0.00011092
  43    0.0000383  -0.00007075
  44    0.0000305  -0.00011310
  45    0.0000701  -0.00015470
  46    0.0000501  -0.00012908
  47    0.0000481  -0.00010683
  48    0.0000420  -0.00008750
  49    0.0000596  -0.00015391
  50    0.0000416  -0.00012048
  51    0.0000719  -0.00019949
  52    0.0001253  -0.00028256
  53    0.0000046  -0.00005237
  54    0.0000031  -0.00003760
  55    0.0000020  -0.00002713
  56    0.0000030  -0.00004181
  57    0.0000047  -0.00007159
  58    0.0000019  -0.00004620
  59    0.0000016  -0.00005719
  60    0.0000000  -0.00000329
  61    0.0000240  -0.00005233
  62    0.0000418  -0.00008212
  63    0.0000345  -0.00005667
  64    0.0000267  -0.00007969
  65    0.0000676  -0.00011917
  66    0.0000410  -0.00007415
  67    0.0000256  -0.00006550
  68    0.0000212  -0.00004945
  69    0.0000388  -0.00008664
  70    0.0000282  -0.00006874
  71    0.0000259  -0.00005703
  72    0.0000681  -0.00014356
  73    0.0000035  -0.00004076
  74    0.0000024  -0.00002916
  75    0.0000016  -0.00001935
  76    0.0000011  -0.00001483
  77    0.0000013  -0.00001936
  78    0.0000012  -0.00002677
  79    0.0000005  -0.00002134
  80    0.0000000  -0.00000279
  81    0.0000095  -0.00002086
  82    0.0000154  -0.00003329
  83    0.0000264  -0.00004294
  84    0.0000260  -0.00005645
  85    0.0000258  -0.00005664
  86    0.0000359  -0.00008268
  87    0.0000197  -0.00005112
  88    0.0000211  -0.00004392
  89    0.0000295  -0.00007916
  90    0.0000218  -0.00006725
  91    0.0000193  -0.00004971
  92    0.0000569  -0.00011409
  93    0.0000030  -0.00003544
  94    0.0000023  -0.00002794
  95    0.0000014  -0.00001830
  96    0.0000011  -0.00001372
  97    0.0000012  -0.00001859
  98    0.0000008  -0.00001481
  99    0.0000003  -0.00001102
 100    0.0000000  -0.00000219
 101    0.0000094  -0.00003006
 102    0.0000047  -0.00001548
 103    0.0000119  -0.00002942
 104    0.0000192  -0.00003785
 105    0.0000175  -0.00005395
 106    0.0000177  -0.00004475
 107    0.0000095  -0.00002794
 108    0.0000126  -0.00003972
 109    0.0000177  -0.00005182
 110    0.0000084  -0.00002721
 111    0.0000098  -0.00003448
 112    0.0000544  -0.00014487
 113    0.0000026  -0.00003060
 114    0.0000023  -0.00002674
 115    0.0000014  -0.00001798
 116    0.0000011  -0.00001406
 117    0.0000011  -0.00001738
 118    0.0000007  -0.00001467
 119    0.0000003  -0.00000841
 120    0.0000000  -0.00000174
 121    0.0000040  -0.00001479
 122    0.0000043  -0.00001923
 123    0.0000078  -0.00002237
 124    0.0000180  -0.00004725
 125    0.0000155  -0.00004511
 126    0.0000141  -0.00004756
 127    0.0000094  -0.00002342
 128    0.0000104  -0.00002873
 129    0.0000098  -0.00002865
 130    0.0000063  -0.00002147
 131    0.0000071  -0.00001856
 132    0.0000358  -0.00008642
 133    0.0000024  -0.00002749
 134    0.0000019  -0.00002244
 135    0.0000012  -0.00001387
 136    0.0000009  -0.00001192
 137    0.0000010  -0.00001314
 138    0.0000006  -0.00001080
 139    0.0000003  -0.00001081
 140    0.0000000  -0.00000149
 141    0.0000038  -0.00001756
 142    0.0000041  -0.00001565
 143    0.0000073  -0.00001599
 144    0.0000164  -0.00003743
 145    0.0000080  -0.00002295
 146    0.0000068  -0.00001945
 147    0.0000079  -0.00002322
 148    0.0000088  -0.00003042
 149    0.0000095  -0.00003341
 150    0.0000052  -0.00002655
 151    0.0000054  -0.00002207
 152    0.0000191  -0.00004617
 153    0.0000020  -0.00002162
 154    0.0000014  -0.00001446
 155    0.0000011  -0.00001255
 156    0.0000008  -0.00000848
 157    0.0000009  -0.00000935
 158    0.0000006  -0.00000730
 159    0.0000003  -0.00000511
 160    0.0000000  -0.00000140
 161    0.0000029  -0.00000803
 162    0.0000041  -0.00001469
 163    0.0000066  -0.00001698
 164    0.0000061  -0.00002171
 165    0.0000020  -0.00000833
 166    0.0000037  -0.00001102
 167    0.0000039  -0.00001123
 168    0.0000085  -0.00002622
 169    0.0000057  -0.00001726
 170    0.0000036  -0.00003465
 171    0.0000024  -0.00002163
 172    0.0000029  -0.00001491
 173    0.0000011  -0.00001042
 174    0.0000011  -0.00001135
 175    0.0000010  -0.00001170
 176    0.0000008  -0.00000761
 177    0.0000009  -0.00000719
 178    0.0000005  -0.00000637
 179    0.0000002  -0.00000375
 180    0.0000000  -0.00000112
 181    0.0000024  -0.00000949
 182    0.0000024  -0.00000948
 183    0.0000060  -0.00002361
 184    0.0000024  -0.00001041
 185    0.0000020  -0.00000950
 186    0.0000020  -0.00000796
 187    0.0000029  -0.00001194
 188    0.0000073  -0.00002169
 189    0.0000037  -0.00003464
 190    0.0000033  -0.00001417
 191    0.0000023  -0.00001178
 192    0.0000025  -0.00001674
 193    0.0000009  -0.00000910
 194    0.0000009  -0.00000963
 195    0.0000008  -0.00000675
 196    0.0000007  -0.00000898
 197    0.0000007  -0.00000740
 198    0.0000005  -0.00000650
 199    0.0000002  -0.00000446
 200    0.0000000  -0.00000107
 201    0.0000017  -0.00000680
 202    0.0000017  -0.00000684
 203    0.0000053  -0.00000744
 204    0.0000015  -0.00000738
 205    0.0000013  -0.00000720
 206    0.0000014  -0.00000661
 207    0.0000021  -0.00000899
 208    0.0000038  -0.00000977
 209    0.0000029  -0.00000887
 210    0.0000029  -0.00000962
 211    0.0000021  -0.00000755
 212    0.0000007  -0.00000831
 213    0.0000006  -0.00000330
 214    0.0000006  -0.00001621
 215    0.0000004  -0.00000315
 216    0.0000004  -0.00000435
 217    0.0000006  -0.00000875
 218    0.0000004  -0.00000575
 219    0.0000002  -0.00000430
 220    0.0000000  -0.00000097
 221    0.0000017  -0.00000673
 222    0.0000013  -0.00000370
 223    0.0000022  -0.00000732
 224    0.0000014  -0.00000682
 225    0.0000010  -0.00000488
 226    0.0000011  -0.00000548
 227    0.0000016  -0.00000604
 228    0.0000021  -0.00000795
 229    0.0000026  -0.00001161
 230    0.0000017  -0.00000522
 231    0.0000017  -0.00000490
 232    0.0000007  -0.00000198
 233    0.0000005  -0.00000345
 234    0.0000005  -0.00000344
 235    0.0000004  -0.00000441
 236    0.0000004  -0.00000153
 237    0.0000005  -0.00000312
 238    0.0000003  -0.00000168
 239    0.0000002  -0.00000121
 240    0.0000000  -0.00000071
 241    0.0000009  -0.00000308
 242    0.0000012  -0.00000351
 243    0.0000011  -0.00000728
 244    0.0000008  -0.00000760
 245    0.0000006  -0.00000018
 246    0.0000006  -0.00000042
 247    0.0000013  -0.00001295
 248    0.0000011  -0.00000621
 249    0.0000009  -0.00000136
 250    0.0000010  -0.00000396
 251    0.0000009  -0.00000238
 252    0.0000006  -0.00000340
 253    0.0000005  -0.00000023
 254    0.0000005  -0.00000061
 255    0.0000004  -0.00000133
 256    0.0000004  -0.00000272
 257    0.0000004  -0.00000158
 258    0.0000003  -0.00000067
 259    0.0000002  -0.00000070
 260    0.0000000  -0.00000059
 
----------------
 Final Energies 
----------------
Final NOF Total Energy =    -651.3491558
 
Total Orbital Internal Iterations = 10
Total Occupation Internal Iterations = 91
 
Elapsed time:   94.70 Seconds

---------------------------------
   Lowdin Population Analysis    
---------------------------------
 Idx  Atom   Population   Charge 
---------------------------------
  1     N     6.894       0.106
  2     C     5.934       0.066
  3     H     1.146      -0.146
  4    Cl    16.904       0.096
  5     F     9.122      -0.122

---------------------------------
   M Diagnostic: 0.11
---------------------------------

Recovering execution output...
Moving from /scratch/pobleyef/286279 to /home-nas/pobleyef/Slim-NOF/ncwomax/Slim05/PNOF7/arina.286279
mkdir -p /home-nas/pobleyef/Slim-NOF/ncwomax/Slim05/PNOF7/arina.286279
mv /scratch/pobleyef/286279/* /home-nas/pobleyef/Slim-NOF/ncwomax/Slim05/PNOF7/arina.286279
