HEAVYSB11-seh
/software/eb2024/easybuild/software/common/software/Julia/1.11.3-linux-x86_64/bin/julia
Job runing on na17
Choosing scratch ...
Automatic scratch folder selection
/scratch/pobleyef/286292
/scratch/pobleyef/286292 directory
cp HEAVYSB11-seh.jl HEAVYSB11-seh.jld2 to  /scratch/pobleyef/286292/.
Computing Integrals
Basis Set                                            = def2-qzvp
Auxiliary Basis Set                                  = def2-universal-jkfit
Gaussian Type                                        = Spherical
Elapsed time:   12.90 Seconds

Number of basis functions                   (NBF)    = 105
Number of auxiliary basis functions         (NBFAUX) = 284
Inactive Doubly occupied orbitals up to     (NO1)    = 0
No. considered Strongly Doubly occupied MOs (NDOC)   = 17
No. considered Strongly Singly occupied MOs (NSOC)   = 1
NO. of Weakly occ. per St. Doubly occ.  MOs (NCWO)   = 5
Dimension of the Nat. Orb. subspace         (NBF5)   = 103
No. of electrons                                     = 35
    No. of alpha electrons                           = 18
    No. of beta electrons                            = 17
Multiplicity                                         = 2

Geometry
========
Se       0.0000000       0.0000000       0.0581907
 H       0.0000000       0.0000000       1.5293410

No violations of the orthonormality
No violations of the orthonormality
 
PNOF7/ADABelief Calculation
==================
 
  Nitext  Nit_orb  Time   Nit_occ  Time         Eelec          Etot           Ediff      maxdiff    MaxGrad_orb  Grad_occ
     1      10    2.5e+01   57    2.1e+01 -2410.99708664 -2398.76720900 -12409.99708664   0.005823   2.3e-02   2.0e-04 0.07
     2      20    1.7e+01    0    2.7e-02 -2412.81487908 -2400.58500144    -1.81779244   0.005823   2.3e-02   2.0e-04 0.07
     3      40    3.6e+01   33    2.4e-01 -2412.81508562 -2400.58520799    -0.00020654   0.494899   2.0e+00   1.5e-04 0.07
     4      40    3.9e+01   11    8.5e-02 -2412.82477176 -2400.59489412    -0.00968613   0.013166   5.3e-02   2.4e-04 0.07
     5      40    3.5e+01   18    1.3e-01 -2412.83128946 -2400.60141183    -0.00651771   0.011102   4.4e-02   1.6e-04 0.07
     6      40    3.7e+01   22    1.7e-01 -2412.83858975 -2400.60871211    -0.00730029   0.028390   1.1e-01   1.4e-04 0.07
     7      40    3.4e+01   11    1.0e-01 -2412.84476769 -2400.61489005    -0.00617794   0.011106   4.4e-02   1.6e-04 0.07
     8      40    3.5e+01    8    6.3e-02 -2412.84842985 -2400.61855221    -0.00366216   0.007172   2.9e-02   2.6e-04 0.07
     9      40    3.6e+01    7    7.3e-02 -2412.85038110 -2400.62050347    -0.00195125   0.005874   2.3e-02   2.5e-04 0.07
    10      40    3.5e+01    6    5.3e-02 -2412.85171443 -2400.62183680    -0.00133333   0.003246   1.3e-02   2.8e-04 0.07
    11      40    3.7e+01   11    1.0e-01 -2412.85256518 -2400.62268754    -0.00085075   0.003247   1.3e-02   1.9e-04 0.07
    12      40    3.5e+01    6    5.9e-02 -2412.85327672 -2400.62339908    -0.00071154   0.002233   8.9e-03   1.7e-04 0.06
    13      40    3.6e+01    7    6.3e-02 -2412.85384406 -2400.62396643    -0.00056735   0.001893   7.6e-03   1.3e-04 0.06
    14      40    3.6e+01    3    2.4e-02 -2412.85435641 -2400.62447878    -0.00051235   0.006010   2.4e-02   2.0e-04 0.06
    15      40    3.7e+01    5    8.0e-02 -2412.85471407 -2400.62483644    -0.00035766   0.002219   8.9e-03   1.5e-04 0.06
    16      40    3.7e+01    3    6.1e-02 -2412.85497339 -2400.62509576    -0.00025932   0.002295   9.2e-03   1.4e-04 0.06
    17      40    4.0e+01    3    2.0e-02 -2412.85513562 -2400.62525798    -0.00016223   0.002091   8.4e-03   1.5e-04 0.05
    18      40    4.1e+01    1    1.6e-02 -2412.85523174 -2400.62535410    -0.00009612   0.002318   9.3e-03   1.9e-04 0.05
    19      40    4.1e+01    1    3.7e-02 -2412.85528780 -2400.62541017    -0.00005606   0.002206   8.8e-03   2.6e-04 0.05
    20      40    4.1e+01    2    1.9e-02 -2412.85532919 -2400.62545156    -0.00004139   0.002273   9.1e-03   1.9e-04 0.05
    21      40    4.1e+01    5    5.4e-02 -2412.85536976 -2400.62549212    -0.00004056   0.002315   9.3e-03   1.6e-04 0.05
    22      40    4.2e+01    1    4.0e-02 -2412.85542700 -2400.62554937    -0.00005724   0.002322   9.3e-03   1.5e-04 0.05
    23      40    4.1e+01    1    5.6e-02 -2412.85544419 -2400.62556656    -0.00001719   0.002089   8.4e-03   2.0e-04 0.05
    24      40    3.9e+01    2    3.2e-02 -2412.85545200 -2400.62557436    -0.00000781   0.002314   9.3e-03   1.5e-04 0.05
    25      40    4.0e+01    1    5.3e-02 -2412.85546870 -2400.62559106    -0.00001670   0.001992   8.0e-03   1.4e-04 0.05
    26      40    4.2e+01    2    8.2e-02 -2412.85547448 -2400.62559684    -0.00000578   0.002021   8.1e-03   1.7e-04 0.05
    27      40    3.9e+01    1    7.2e-02 -2412.85549192 -2400.62561429    -0.00001745   0.001273   5.1e-03   1.1e-04 0.05
    28      40    4.2e+01    1    3.5e-02 -2412.85549897 -2400.62562134    -0.00000705   0.002273   9.1e-03   1.3e-04 0.05
    29      40    3.9e+01    0    3.4e-02 -2412.85550526 -2400.62562762    -0.00000629   0.001583   6.3e-03   1.3e-04 0.05
    30      50    5.2e+01    0    3.9e-02 -2412.85550911 -2400.62563148    -0.00000386   0.001184   4.7e-03   1.7e-04 0.05
    31      60    6.0e+01    0    8.1e-02 -2412.85551248 -2400.62563484    -0.00000336   0.000588   2.4e-03   1.4e-04 0.05
 
RESULTS OF THE OCCUPATION OPTIMIZATION
========================================
   1    1.9999887  -400.49146763
   2    1.9999997  -120.65829027
   3    1.9999995  -54.34078227
   4    1.9999995  -54.27882389
   5    1.9999994  -54.24204048
   6    1.9992841  -5.01417312
   7    1.9992455  -4.99309502
   8    1.9991439  -4.96177242
   9    1.9991395  -4.93795973
  10    1.9991486  -4.88636398
  11    1.9991437  -4.88410938
  12    1.9990036  -4.33517021
  13    1.9988299  -4.27578034
  14    1.9988388  -4.24315928
  15    1.9462037  -0.66305122
  16    1.9663101  -0.65790876
  17    1.9448551  -0.49824920
  18    1.0000000  -0.24022503
  19    0.0186865  -0.00967430
  20    0.0145487  -0.00813471
  21    0.0397133  -0.02351610
  22    0.0010793  -0.00595552
  23    0.0011015  -0.00608814
  24    0.0009006  -0.00531251
  25    0.0008081  -0.00524711
  26    0.0008051  -0.00522938
  27    0.0008220  -0.00538748
  28    0.0008127  -0.00537366
  29    0.0007150  -0.00481918
  30    0.0006804  -0.00464723
  31    0.0000005  -0.00000683
  32    0.0000003  -0.00000538
  33    0.0000004  -0.00000483
  34    0.0000002  -0.00002389
  35    0.0000109  -0.00784045
  36    0.0163216  -0.00852060
  37    0.0123796  -0.00722101
  38    0.0070087  -0.00554324
  39    0.0000385  -0.00024267
  40    0.0000447  -0.00026664
  41    0.0000388  -0.00022945
  42    0.0000211  -0.00016469
  43    0.0000241  -0.00017247
  44    0.0000225  -0.00017448
  45    0.0000211  -0.00016347
  46    0.0000208  -0.00015358
  47    0.0000177  -0.00013556
  48    0.0000000  -0.00000160
  49    0.0000000  -0.00000103
  50    0.0000000  -0.00000186
  51    0.0000000  -0.00000067
  52    0.0000003  -0.00031919
  53    0.0111218  -0.00559381
  54    0.0037177  -0.00269206
  55    0.0040243  -0.00357989
  56    0.0000276  -0.00016567
  57    0.0000144  -0.00008657
  58    0.0000320  -0.00015424
  59    0.0000141  -0.00008269
  60    0.0000121  -0.00007384
  61    0.0000081  -0.00005909
  62    0.0000117  -0.00007154
  63    0.0000087  -0.00006182
  64    0.0000090  -0.00006520
  65    0.0000000  -0.00000162
  66    0.0000000  -0.00000104
  67    0.0000000  -0.00000095
  68    0.0000000  -0.00000046
  69    0.0000000  -0.00000030
  70    0.0080741  -0.00441172
  71    0.0015548  -0.00140736
  72    0.0024345  -0.00236549
  73    0.0000127  -0.00007994
  74    0.0000079  -0.00005307
  75    0.0000181  -0.00013177
  76    0.0000092  -0.00005771
  77    0.0000082  -0.00005266
  78    0.0000065  -0.00004051
  79    0.0000089  -0.00005540
  80    0.0000077  -0.00004872
  81    0.0000066  -0.00004378
  82    0.0000000  -0.00000103
  83    0.0000000  -0.00000075
  84    0.0000000  -0.00000090
  85    0.0000000  -0.00000032
  86    0.0000000  -0.00000020
  87    0.0009408  -0.00087499
  88    0.0014891  -0.00135115
  89    0.0006155  -0.00066834
  90    0.0000030  -0.00003050
  91    0.0000016  -0.00001276
  92    0.0000070  -0.00004228
  93    0.0000038  -0.00002774
  94    0.0000018  -0.00001435
  95    0.0000014  -0.00001269
  96    0.0000018  -0.00001504
  97    0.0000024  -0.00001514
  98    0.0000021  -0.00001500
  99    0.0000000  -0.00000056
 100    0.0000000  -0.00000050
 101    0.0000000  -0.00000051
 102    0.0000000  -0.00000027
 103    0.0000000  -0.00000018
 
----------------
 Final Energies 
----------------
Final NOF Total Energy =   -2400.6256348
 
Total Orbital Internal Iterations = 1220
Total Occupation Internal Iterations = 229
 
Elapsed time: 1222.23 Seconds

---------------------------------
   Lowdin Population Analysis    
---------------------------------
 Idx  Atom   Population   Charge 
---------------------------------
  1    Se    33.694       0.306
  2     H     1.306      -0.306

---------------------------------
   M Diagnostic: 0.05
---------------------------------

Recovering execution output...
Moving from /scratch/pobleyef/286292 to /home-nas/pobleyef/Slim-NOF/ncwomax/Slim05/PNOF7/arina.286292
mkdir -p /home-nas/pobleyef/Slim-NOF/ncwomax/Slim05/PNOF7/arina.286292
mv /scratch/pobleyef/286292/* /home-nas/pobleyef/Slim-NOF/ncwomax/Slim05/PNOF7/arina.286292
