RG18-ne3
/software/eb2024/easybuild/software/common/software/Julia/1.11.3-linux-x86_64/bin/julia
Job runing on na10
Choosing scratch ...
Automatic scratch folder selection
/scratch/pobleyef/286321
/scratch/pobleyef/286321 directory
cp RG18-ne3.jl RG18-ne3.jld2 to  /scratch/pobleyef/286321/.
Computing Integrals
Basis Set                                            = def2-qzvp
Auxiliary Basis Set                                  = def2-universal-jkfit
Gaussian Type                                        = Spherical
Elapsed time:    7.68 Seconds

Number of basis functions                   (NBF)    = 171
Number of auxiliary basis functions         (NBFAUX) = 231
Inactive Doubly occupied orbitals up to     (NO1)    = 0
No. considered Strongly Doubly occupied MOs (NDOC)   = 15
No. considered Strongly Singly occupied MOs (NSOC)   = 0
NO. of Weakly occ. per St. Doubly occ.  MOs (NCWO)   = 10
Dimension of the Nat. Orb. subspace         (NBF5)   = 165
No. of electrons                                     = 30
    No. of alpha electrons                           = 15
    No. of beta electrons                            = 15
Multiplicity                                         = 1

Geometry
========
Ne       0.8977229       1.5549016       0.0000000
Ne       0.8977229      -1.5549016       0.0000000
Ne      -1.7954458       0.0000000       0.0000000

No violations of the orthonormality
No violations of the orthonormality
 
PNOF7/ADABelief Calculation
==================
 
  Nitext  Nit_orb  Time   Nit_occ  Time         Eelec          Etot           Ediff      maxdiff    MaxGrad_orb  Grad_occ
     1      10    5.1e+01   18    2.6e+01  -436.31079842  -385.26164074 -10435.31079842   0.000870   3.5e-03   2.8e-04 0.01
 
RESULTS OF THE OCCUPATION OPTIMIZATION
========================================
   1    1.9998806  -32.73860326
   2    1.9998808  -32.73782220
   3    1.9998807  -32.73678057
   4    1.9935641  -1.17158522
   5    1.9934501  -1.16014491
   6    1.9933987  -1.15798976
   7    1.9933869  -1.15556431
   8    1.9933750  -1.15472656
   9    1.9933320  -1.15465105
  10    1.9932929  -1.15381124
  11    1.9932731  -1.15188295
  12    1.9932911  -1.15067178
  13    1.9932860  -1.15066903
  14    1.9932953  -1.14925647
  15    1.9932941  -1.14897274
  16    0.0066578  -0.01142127
  17    0.0066542  -0.01142216
  18    0.0065808  -0.01136165
  19    0.0065975  -0.01136820
  20    0.0065076  -0.01132510
  21    0.0066451  -0.01141614
  22    0.0066107  -0.01139077
  23    0.0065860  -0.01139436
  24    0.0065809  -0.01138732
  25    0.0065747  -0.01136514
  26    0.0064968  -0.01133601
  27    0.0064033  -0.01128005
  28    0.0001190  -0.00679186
  29    0.0001189  -0.00678928
  30    0.0001190  -0.00679344
  31    0.0000131  -0.00007673
  32    0.0000159  -0.00010150
  33    0.0000470  -0.00017867
  34    0.0000559  -0.00023712
  35    0.0001516  -0.00041705
  36    0.0000233  -0.00013788
  37    0.0000154  -0.00008435
  38    0.0000097  -0.00006333
  39    0.0000077  -0.00005119
  40    0.0000061  -0.00004965
  41    0.0000231  -0.00014195
  42    0.0000080  -0.00005865
  43    0.0000000  -0.00000389
  44    0.0000001  -0.00000729
  45    0.0000001  -0.00000778
  46    0.0000085  -0.00005875
  47    0.0000083  -0.00002839
  48    0.0000265  -0.00011073
  49    0.0000132  -0.00005400
  50    0.0000187  -0.00007378
  51    0.0000103  -0.00006128
  52    0.0000104  -0.00005340
  53    0.0000072  -0.00004810
  54    0.0000053  -0.00002977
  55    0.0000053  -0.00003486
  56    0.0000074  -0.00003449
  57    0.0000067  -0.00004275
  58    0.0000000  -0.00000346
  59    0.0000000  -0.00000335
  60    0.0000000  -0.00000300
  61    0.0000078  -0.00004722
  62    0.0000075  -0.00003914
  63    0.0000187  -0.00007175
  64    0.0000119  -0.00004754
  65    0.0000156  -0.00005522
  66    0.0000094  -0.00005447
  67    0.0000084  -0.00004505
  68    0.0000065  -0.00002177
  69    0.0000053  -0.00003080
  70    0.0000052  -0.00003309
  71    0.0000069  -0.00003115
  72    0.0000056  -0.00003354
  73    0.0000000  -0.00000199
  74    0.0000000  -0.00000198
  75    0.0000000  -0.00000195
  76    0.0000066  -0.00002568
  77    0.0000064  -0.00003568
  78    0.0000183  -0.00006235
  79    0.0000117  -0.00005508
  80    0.0000150  -0.00005946
  81    0.0000065  -0.00001029
  82    0.0000083  -0.00004995
  83    0.0000059  -0.00003135
  84    0.0000047  -0.00000857
  85    0.0000043  -0.00002307
  86    0.0000059  -0.00002097
  87    0.0000050  -0.00002431
  88    0.0000000  -0.00000207
  89    0.0000000  -0.00000182
  90    0.0000000  -0.00000187
  91    0.0000053  -0.00001913
  92    0.0000059  -0.00002415
  93    0.0000104  -0.00002217
  94    0.0000096  -0.00002607
  95    0.0000097  -0.00000522
  96    0.0000064  -0.00002662
  97    0.0000079  -0.00001680
  98    0.0000046  -0.00001730
  99    0.0000046  -0.00002835
 100    0.0000015  -0.00000227
 101    0.0000024  -0.00000587
 102    0.0000016  -0.00000108
 103    0.0000000  -0.00000066
 104    0.0000000  -0.00000068
 105    0.0000000  -0.00000067
 106    0.0000021  -0.00000540
 107    0.0000021  -0.00000626
 108    0.0000041  -0.00001009
 109    0.0000026  0.00000155
 110    0.0000025  0.00000994
 111    0.0000017  0.00000231
 112    0.0000024  -0.00000418
 113    0.0000015  0.00000304
 114    0.0000015  -0.00000131
 115    0.0000012  0.00000314
 116    0.0000023  -0.00002107
 117    0.0000015  -0.00001234
 118    0.0000000  -0.00000335
 119    0.0000000  -0.00000069
 120    0.0000000  -0.00000068
 121    0.0000017  0.00000073
 122    0.0000016  -0.00001346
 123    0.0000031  -0.00001740
 124    0.0000025  0.00000290
 125    0.0000024  0.00001043
 126    0.0000016  0.00000425
 127    0.0000018  -0.00001113
 128    0.0000014  -0.00001130
 129    0.0000012  -0.00001004
 130    0.0000011  -0.00000957
 131    0.0000019  -0.00001360
 132    0.0000015  0.00000130
 133    0.0000000  -0.00000068
 134    0.0000000  -0.00000164
 135    0.0000000  -0.00000267
 136    0.0000016  -0.00001047
 137    0.0000016  0.00000163
 138    0.0000030  0.00000365
 139    0.0000021  -0.00001035
 140    0.0000019  -0.00000131
 141    0.0000014  -0.00000682
 142    0.0000018  -0.00000749
 143    0.0000014  -0.00000726
 144    0.0000011  -0.00000466
 145    0.0000010  -0.00000242
 146    0.0000016  -0.00001110
 147    0.0000013  -0.00000850
 148    0.0000000  -0.00000164
 149    0.0000000  -0.00000162
 150    0.0000000  -0.00000169
 151    0.0000014  -0.00000905
 152    0.0000013  -0.00000718
 153    0.0000022  -0.00000748
 154    0.0000019  -0.00000491
 155    0.0000018  0.00000375
 156    0.0000013  -0.00000355
 157    0.0000011  -0.00000447
 158    0.0000007  -0.00000434
 159    0.0000009  -0.00000683
 160    0.0000010  -0.00000244
 161    0.0000016  0.00000550
 162    0.0000013  -0.00001102
 163    0.0000000  -0.00000159
 164    0.0000000  -0.00000221
 165    0.0000000  -0.00000163
 
----------------
 Final Energies 
----------------
Final NOF Total Energy =    -385.2616407
 
Total Orbital Internal Iterations = 10
Total Occupation Internal Iterations = 18
 
Elapsed time:   94.85 Seconds

---------------------------------
   Lowdin Population Analysis    
---------------------------------
 Idx  Atom   Population   Charge 
---------------------------------
  1    Ne    10.000      -0.000
  2    Ne    10.000      -0.000
  3    Ne    10.000       0.000

---------------------------------
   M Diagnostic: 0.01
---------------------------------

Recovering execution output...
Moving from /scratch/pobleyef/286321 to /home-nas/pobleyef/Slim-NOF/ncwomax/Slim05/PNOF7/arina.286321
mkdir -p /home-nas/pobleyef/Slim-NOF/ncwomax/Slim05/PNOF7/arina.286321
mv /scratch/pobleyef/286321/* /home-nas/pobleyef/Slim-NOF/ncwomax/Slim05/PNOF7/arina.286321
