W4-11-alcl
/software/eb2024/easybuild/software/common/software/Julia/1.11.3-linux-x86_64/bin/julia
Job runing on na16
Choosing scratch ...
Automatic scratch folder selection
/scratch/pobleyef/286338
/scratch/pobleyef/286338 directory
cp W4-11-alcl.jl W4-11-alcl.jld2 to  /scratch/pobleyef/286338/.
Computing Integrals
Basis Set                                            = def2-qzvp
Auxiliary Basis Set                                  = def2-universal-jkfit
Gaussian Type                                        = Spherical
Elapsed time:    6.44 Seconds

Number of basis functions                   (NBF)    = 140
Number of auxiliary basis functions         (NBFAUX) = 256
Inactive Doubly occupied orbitals up to     (NO1)    = 0
No. considered Strongly Doubly occupied MOs (NDOC)   = 15
No. considered Strongly Singly occupied MOs (NSOC)   = 0
NO. of Weakly occ. per St. Doubly occ.  MOs (NCWO)   = 8
Dimension of the Nat. Orb. subspace         (NBF5)   = 135
No. of electrons                                     = 30
    No. of alpha electrons                           = 15
    No. of beta electrons                            = 15
Multiplicity                                         = 1

Geometry
========
Al       0.0000000       0.0000000      -1.2132410
Cl       0.0000000       0.0000000       0.9277730

No violations of the orthonormality
No violations of the orthonormality
 
PNOF7/ADABelief Calculation
==================
 
  Nitext  Nit_orb  Time   Nit_occ  Time         Eelec          Etot           Ediff      maxdiff    MaxGrad_orb  Grad_occ
     1      10    3.1e+01   56    2.2e+01  -755.70405638  -701.08137583 -10754.70405638   0.003263   1.3e-02   2.3e-04 0.11
     2      20    2.9e+01    0    7.0e-02  -756.27123919  -701.64855864    -0.56718282   0.003263   1.3e-02   2.3e-04 0.11
     3      40    5.8e+01   36    4.9e-01  -756.27994809  -701.65726754    -0.00870889   0.076013   3.0e-01   2.8e-04 0.11
     4      40    5.6e+01   32    4.0e-01  -756.30925980  -701.68657924    -0.02931171   0.006065   2.4e-02   2.3e-04 0.12
     5      40    5.5e+01   18    2.7e-01  -756.32528216  -701.70260161    -0.01602236   0.005158   2.1e-02   2.1e-04 0.12
     6      40    5.3e+01   13    1.8e-01  -756.33490143  -701.71222088    -0.00961927   0.016058   6.4e-02   2.3e-04 0.12
     7      40    5.4e+01   15    2.3e-01  -756.34107578  -701.71839523    -0.00617435   0.005067   2.0e-02   1.9e-04 0.12
     8      40    5.2e+01   15    2.0e-01  -756.34567455  -701.72299400    -0.00459878   0.004489   1.8e-02   1.9e-04 0.13
     9      40    5.1e+01   14    1.8e-01  -756.34903393  -701.72635338    -0.00335938   0.003004   1.2e-02   1.9e-04 0.13
    10      40    5.0e+01    8    1.7e-01  -756.35104914  -701.72836859    -0.00201521   0.001756   7.0e-03   1.8e-04 0.13
    11      40    5.2e+01    3    1.1e-01  -756.35214939  -701.72946884    -0.00110025   0.002115   8.5e-03   2.3e-04 0.13
    12      40    5.1e+01   10    2.1e-01  -756.35274445  -701.73006389    -0.00059505   0.002788   1.1e-02   1.5e-04 0.13
    13      40    5.2e+01    1    4.4e-02  -756.35317731  -701.73049676    -0.00043286   0.002148   8.6e-03   2.3e-04 0.13
    14      40    5.0e+01    6    1.1e-01  -756.35333245  -701.73065190    -0.00015514   0.003090   1.2e-02   1.8e-04 0.13
    15      40    5.2e+01    1    4.3e-02  -756.35348912  -701.73080856    -0.00015667   0.002443   9.8e-03   2.1e-04 0.13
    16      40    5.3e+01    2    6.9e-02  -756.35354948  -701.73086893    -0.00006036   0.003183   1.3e-02   2.5e-04 0.13
    17      40    5.1e+01    3    6.1e-02  -756.35362171  -701.73094116    -0.00007224   0.002822   1.1e-02   2.4e-04 0.13
    18      40    5.2e+01    0    3.1e-02  -756.35368592  -701.73100537    -0.00006420   0.002919   1.2e-02   2.8e-04 0.13
    19      50    6.5e+01    0    2.5e-02  -756.35371471  -701.73103416    -0.00002879   0.002102   8.4e-03   3.0e-04 0.13
    20      60    7.6e+01    0    4.0e-02  -756.35373055  -701.73104999    -0.00001583   0.001828   7.3e-03   3.2e-04 0.13
    21      70    9.0e+01    6    1.0e-01  -756.35374228  -701.73106173    -0.00001174   0.000960   3.8e-03   2.3e-04 0.13
 
RESULTS OF THE OCCUPATION OPTIMIZATION
========================================
   1    1.9999611  -104.05248667
   2    1.9999447  -58.41498942
   3    1.9997305  -9.40307087
   4    1.9995904  -8.81494252
   5    1.9994630  -8.56831105
   6    1.9994534  -8.55247202
   7    1.9983517  -3.75133657
   8    1.9983129  -3.72705342
   9    1.9982675  -3.71337335
  10    1.9979085  -3.58073242
  11    1.9780342  -0.77790431
  12    1.9703127  -0.62670978
  13    1.9611161  -0.59903909
  14    1.9676118  -0.59717466
  15    1.8220425  -0.35245308
  16    0.0860041  -0.02356901
  17    0.0183934  -0.01082711
  18    0.0142873  -0.00887506
  19    0.0153564  -0.00967392
  20    0.0132629  -0.00990638
  21    0.0013413  -0.00668564
  22    0.0013891  -0.00682170
  23    0.0013835  -0.00683694
  24    0.0013602  -0.00677084
  25    0.0002411  -0.00294300
  26    0.0002406  -0.00295536
  27    0.0002370  -0.00292315
  28    0.0002387  -0.00294925
  29    0.0000531  -0.00589863
  30    0.0000290  -0.00582040
  31    0.0847261  -0.02326976
  32    0.0110781  -0.00684659
  33    0.0121708  -0.00777097
  34    0.0109755  -0.00709078
  35    0.0058340  -0.00474966
  36    0.0003428  -0.00168826
  37    0.0002284  -0.00118454
  38    0.0002709  -0.00136605
  39    0.0001972  -0.00099637
  40    0.0001805  -0.00217111
  41    0.0001730  -0.00208795
  42    0.0001509  -0.00190592
  43    0.0000199  -0.00047022
  44    0.0000015  -0.00023015
  45    0.0000086  -0.00105399
  46    0.0063293  -0.00252033
  47    0.0011560  -0.00104280
  48    0.0105444  -0.00679629
  49    0.0016979  -0.00165540
  50    0.0009689  -0.00120734
  51    0.0002205  -0.00109740
  52    0.0000941  -0.00051268
  53    0.0000121  -0.00005210
  54    0.0000623  -0.00034824
  55    0.0001144  -0.00139853
  56    0.0001138  -0.00137704
  57    0.0000148  -0.00034538
  58    0.0000067  -0.00009350
  59    0.0000002  -0.00000356
  60    0.0000010  -0.00029634
  61    0.0004844  -0.00029449
  62    0.0008171  -0.00095061
  63    0.0007726  -0.00080230
  64    0.0008098  -0.00085665
  65    0.0007359  -0.00093694
  66    0.0001494  -0.00077983
  67    0.0000070  -0.00004102
  68    0.0000070  -0.00004264
  69    0.0000135  -0.00005825
  70    0.0000039  -0.00003788
  71    0.0000058  -0.00004769
  72    0.0000027  -0.00003373
  73    0.0000012  -0.00001368
  74    0.0000001  -0.00000160
  75    0.0000001  -0.00000903
  76    0.0002330  -0.00011259
  77    0.0004519  -0.00055201
  78    0.0005622  -0.00058148
  79    0.0003155  -0.00037342
  80    0.0006607  -0.00072816
  81    0.0000202  -0.00013550
  82    0.0000054  -0.00002897
  83    0.0000049  -0.00002537
  84    0.0000074  -0.00003371
  85    0.0000022  -0.00002356
  86    0.0000012  -0.00001664
  87    0.0000016  -0.00001444
  88    0.0000008  -0.00000902
  89    0.0000001  -0.00000110
  90    0.0000001  -0.00000112
  91    0.0000974  -0.00006609
  92    0.0001902  -0.00026112
  93    0.0003609  -0.00038236
  94    0.0002751  -0.00035531
  95    0.0001939  -0.00030648
  96    0.0000075  -0.00003485
  97    0.0000037  -0.00002198
  98    0.0000032  -0.00001881
  99    0.0000032  -0.00002095
 100    0.0000019  -0.00001899
 101    0.0000010  -0.00000948
 102    0.0000015  -0.00001328
 103    0.0000008  -0.00000808
 104    0.0000001  -0.00000110
 105    0.0000001  -0.00000051
 106    0.0000455  -0.00004479
 107    0.0001772  -0.00024152
 108    0.0001105  -0.00016129
 109    0.0001463  -0.00022520
 110    0.0001939  -0.00029431
 111    0.0000058  -0.00002547
 112    0.0000025  -0.00001454
 113    0.0000029  -0.00001594
 114    0.0000027  -0.00001679
 115    0.0000014  -0.00001334
 116    0.0000008  -0.00000665
 117    0.0000008  -0.00000785
 118    0.0000007  -0.00000650
 119    0.0000001  -0.00000112
 120    0.0000000  -0.00000055
 121    0.0000377  -0.00004158
 122    0.0001243  -0.00017478
 123    0.0000751  -0.00010772
 124    0.0001107  -0.00017223
 125    0.0001156  -0.00017564
 126    0.0000039  -0.00002181
 127    0.0000023  -0.00001356
 128    0.0000026  -0.00001393
 129    0.0000018  -0.00001038
 130    0.0000012  -0.00001002
 131    0.0000008  -0.00000600
 132    0.0000004  -0.00000320
 133    0.0000007  -0.00000453
 134    0.0000001  -0.00000097
 135    0.0000000  -0.00000044
 
----------------
 Final Energies 
----------------
Final NOF Total Energy =    -701.7310617
 
Total Orbital Internal Iterations = 850
Total Occupation Internal Iterations = 239
 
Elapsed time: 1174.78 Seconds

---------------------------------
   Lowdin Population Analysis    
---------------------------------
 Idx  Atom   Population   Charge 
---------------------------------
  1    Al    13.374      -0.374
  2    Cl    16.626       0.374

---------------------------------
   M Diagnostic: 0.13
---------------------------------

Recovering execution output...
Moving from /scratch/pobleyef/286338 to /home-nas/pobleyef/Slim-NOF/ncwomax/Slim05/PNOF7/arina.286338
mkdir -p /home-nas/pobleyef/Slim-NOF/ncwomax/Slim05/PNOF7/arina.286338
mv /scratch/pobleyef/286338/* /home-nas/pobleyef/Slim-NOF/ncwomax/Slim05/PNOF7/arina.286338
