W4-11-ccl2
/software/eb2024/easybuild/software/common/software/Julia/1.11.3-linux-x86_64/bin/julia
Job runing on nh012
Choosing scratch ...
Automatic scratch folder selection
/scratch/pobleyef/286342
/scratch/pobleyef/286342 directory
cp W4-11-ccl2.jl W4-11-ccl2.jld2 to  /scratch/pobleyef/286342/.
Computing Integrals
Basis Set                                            = def2-qzvp
Auxiliary Basis Set                                  = def2-universal-jkfit
Gaussian Type                                        = Spherical
Elapsed time:    4.36 Seconds

Number of basis functions                   (NBF)    = 197
Number of auxiliary basis functions         (NBFAUX) = 331
Inactive Doubly occupied orbitals up to     (NO1)    = 0
No. considered Strongly Doubly occupied MOs (NDOC)   = 20
No. considered Strongly Singly occupied MOs (NSOC)   = 0
NO. of Weakly occ. per St. Doubly occ.  MOs (NCWO)   = 8
Dimension of the Nat. Orb. subspace         (NBF5)   = 180
No. of electrons                                     = 40
    No. of alpha electrons                           = 20
    No. of beta electrons                            = 20
Multiplicity                                         = 1

Geometry
========
 C       0.0000000       0.0000000       0.8462820
Cl       0.0000000       1.4004070      -0.1493440
Cl       0.0000000      -1.4004070      -0.1493440

No violations of the orthonormality
No violations of the orthonormality
 
PNOF7/ADABelief Calculation
==================
 
  Nitext  Nit_orb  Time   Nit_occ  Time         Eelec          Etot           Ediff      maxdiff    MaxGrad_orb  Grad_occ
     1      10    3.0e+01   58    3.6e+01 -1073.61593534  -956.18689717 -11072.61593534   0.000731   2.9e-03   2.2e-04 0.20
 
RESULTS OF THE OCCUPATION OPTIMIZATION
========================================
   1    1.9999719  -103.45931922
   2    1.9999565  -100.23306578
   3    1.9999191  -14.04770762
   4    1.9994927  -11.38877771
   5    1.9997282  -9.07785349
   6    1.9997021  -9.05668589
   7    1.9997060  -9.03989585
   8    1.9997080  -9.00946487
   9    1.9997428  -8.61709526
  10    1.9997385  -8.44298038
  11    1.9997374  -8.29641832
  12    1.9891270  -0.78943511
  13    1.9602075  -0.78335724
  14    1.9585474  -0.77454743
  15    1.9883389  -0.76878514
  16    1.9885408  -0.73946021
  17    1.9887974  -0.72870810
  18    1.9881693  -0.71452524
  19    1.9843589  -0.63360263
  20    1.8007966  -0.44782035
  21    0.1991395  -0.06273076
  22    0.0155896  -0.00942075
  23    0.0117798  -0.00849619
  24    0.0111202  -0.00805996
  25    0.0113764  -0.00815115
  26    0.0116100  -0.00839224
  27    0.0413997  -0.02638088
  28    0.0396626  -0.02618676
  29    0.0107736  -0.00814768
  30    0.0002492  -0.00333422
  31    0.0002499  -0.00337603
  32    0.0002461  -0.00334220
  33    0.0002830  -0.00364837
  34    0.0002855  -0.00364972
  35    0.0002881  -0.00363381
  36    0.0002656  -0.00346117
  37    0.0005040  -0.00912963
  38    0.0000760  -0.00116106
  39    0.0000434  -0.00794625
  40    0.0000278  -0.00589085
  41    0.0000178  -0.00005154
  42    0.0000098  -0.00003658
  43    0.0000133  -0.00004314
  44    0.0000189  -0.00005954
  45    0.0000271  -0.00007349
  46    0.0000138  -0.00005163
  47    0.0000134  -0.00004779
  48    0.0000795  -0.00014710
  49    0.0000421  -0.00008941
  50    0.0000029  -0.00003700
  51    0.0000029  -0.00003901
  52    0.0000029  -0.00004155
  53    0.0000020  -0.00003213
  54    0.0000019  -0.00002816
  55    0.0000031  -0.00004968
  56    0.0000012  -0.00001889
  57    0.0000008  -0.00002446
  58    0.0000011  -0.00002530
  59    0.0000000  -0.00000289
  60    0.0000000  -0.00000347
  61    0.0000139  -0.00004214
  62    0.0000092  -0.00003342
  63    0.0000100  -0.00002733
  64    0.0000174  -0.00005470
  65    0.0000114  -0.00003368
  66    0.0000090  -0.00002661
  67    0.0000131  -0.00004113
  68    0.0000129  -0.00005425
  69    0.0000202  -0.00006160
  70    0.0000021  -0.00002340
  71    0.0000017  -0.00001888
  72    0.0000017  -0.00001991
  73    0.0000016  -0.00002107
  74    0.0000014  -0.00001891
  75    0.0000015  -0.00001930
  76    0.0000010  -0.00001258
  77    0.0000005  -0.00001030
  78    0.0000007  -0.00001195
  79    0.0000000  -0.00000261
  80    0.0000000  -0.00000319
  81    0.0000094  -0.00002912
  82    0.0000091  -0.00002951
  83    0.0000082  -0.00002882
  84    0.0000129  -0.00003795
  85    0.0000113  -0.00003509
  86    0.0000085  -0.00003484
  87    0.0000073  -0.00003426
  88    0.0000119  -0.00003487
  89    0.0000097  -0.00003367
  90    0.0000019  -0.00002060
  91    0.0000017  -0.00002042
  92    0.0000016  -0.00001936
  93    0.0000013  -0.00001422
  94    0.0000013  -0.00001621
  95    0.0000012  -0.00001266
  96    0.0000009  -0.00000949
  97    0.0000005  -0.00000898
  98    0.0000007  -0.00000968
  99    0.0000000  -0.00000232
 100    0.0000000  -0.00000210
 101    0.0000064  -0.00001448
 102    0.0000080  -0.00002775
 103    0.0000060  -0.00002765
 104    0.0000102  -0.00002737
 105    0.0000107  -0.00002644
 106    0.0000065  -0.00002321
 107    0.0000053  -0.00001716
 108    0.0000077  -0.00002188
 109    0.0000089  -0.00002919
 110    0.0000019  -0.00002073
 111    0.0000016  -0.00001681
 112    0.0000014  -0.00001295
 113    0.0000011  -0.00001171
 114    0.0000011  -0.00001059
 115    0.0000012  -0.00001152
 116    0.0000008  -0.00000735
 117    0.0000004  -0.00000617
 118    0.0000006  -0.00000791
 119    0.0000000  -0.00000178
 120    0.0000000  -0.00000215
 121    0.0000062  -0.00001073
 122    0.0000063  -0.00002825
 123    0.0000052  -0.00002290
 124    0.0000098  -0.00002528
 125    0.0000093  -0.00004186
 126    0.0000059  -0.00001848
 127    0.0000049  -0.00001149
 128    0.0000068  -0.00001878
 129    0.0000081  -0.00002251
 130    0.0000017  -0.00001643
 131    0.0000014  -0.00001393
 132    0.0000013  -0.00001143
 133    0.0000010  -0.00000750
 134    0.0000010  -0.00001025
 135    0.0000011  -0.00000939
 136    0.0000008  -0.00000758
 137    0.0000004  -0.00000504
 138    0.0000006  -0.00001035
 139    0.0000000  -0.00000157
 140    0.0000000  -0.00000194
 141    0.0000054  -0.00000941
 142    0.0000058  -0.00001663
 143    0.0000041  -0.00001149
 144    0.0000089  -0.00002288
 145    0.0000084  -0.00002001
 146    0.0000042  -0.00001164
 147    0.0000046  -0.00001023
 148    0.0000056  -0.00001130
 149    0.0000069  -0.00001699
 150    0.0000016  -0.00001541
 151    0.0000012  -0.00000868
 152    0.0000013  -0.00001287
 153    0.0000010  -0.00000874
 154    0.0000009  -0.00000991
 155    0.0000009  -0.00000659
 156    0.0000008  -0.00000733
 157    0.0000004  -0.00000538
 158    0.0000006  -0.00000747
 159    0.0000000  -0.00000126
 160    0.0000000  -0.00000184
 161    0.0000047  -0.00000998
 162    0.0000034  -0.00000819
 163    0.0000041  -0.00001015
 164    0.0000043  -0.00001379
 165    0.0000046  -0.00000774
 166    0.0000030  -0.00000858
 167    0.0000042  -0.00001181
 168    0.0000056  -0.00001924
 169    0.0000036  -0.00000725
 170    0.0000013  -0.00000994
 171    0.0000010  -0.00000684
 172    0.0000009  -0.00000589
 173    0.0000010  -0.00000964
 174    0.0000008  -0.00000642
 175    0.0000008  -0.00000624
 176    0.0000007  -0.00000625
 177    0.0000004  -0.00000417
 178    0.0000006  -0.00000672
 179    0.0000000  -0.00000083
 180    0.0000000  -0.00000191
 
----------------
 Final Energies 
----------------
Final NOF Total Energy =    -956.1868972
 
Total Orbital Internal Iterations = 10
Total Occupation Internal Iterations = 58
 
Elapsed time:   85.54 Seconds

---------------------------------
   Lowdin Population Analysis    
---------------------------------
 Idx  Atom   Population   Charge 
---------------------------------
  1     C     6.828      -0.828
  2    Cl    16.587       0.413
  3    Cl    16.586       0.414

---------------------------------
   M Diagnostic: 0.20
---------------------------------

Recovering execution output...
Moving from /scratch/pobleyef/286342 to /home-nas/pobleyef/Slim-NOF/ncwomax/Slim05/PNOF7/arina.286342
mkdir -p /home-nas/pobleyef/Slim-NOF/ncwomax/Slim05/PNOF7/arina.286342
mv /scratch/pobleyef/286342/* /home-nas/pobleyef/Slim-NOF/ncwomax/Slim05/PNOF7/arina.286342
