AHB21-8B
/software/eb2024/easybuild/software/common/software/Julia/1.11.3-linux-x86_64/bin/julia
Job runing on nagpu01
Choosing scratch ...
Automatic scratch folder selection
/scratch/pobleyef/286384
/scratch/pobleyef/286384 directory
cp AHB21-8B.jl AHB21-8B.jld2 to  /scratch/pobleyef/286384/.
Computing Integrals
Basis Set                                            = def2-qzvp
Auxiliary Basis Set                                  = def2-universal-jkfit
Gaussian Type                                        = Spherical
Elapsed time:    2.25 Seconds

Number of basis functions                   (NBF)    = 100
Number of auxiliary basis functions         (NBFAUX) = 146
Inactive Doubly occupied orbitals up to     (NO1)    = 0
No. considered Strongly Doubly occupied MOs (NDOC)   = 9
No. considered Strongly Singly occupied MOs (NSOC)   = 0
NO. of Weakly occ. per St. Doubly occ.  MOs (NCWO)   = 1
Dimension of the Nat. Orb. subspace         (NBF5)   = 18
No. of electrons                                     = 18
    No. of alpha electrons                           = 9
    No. of beta electrons                            = 9
Multiplicity                                         = 1

Geometry
========
 H      -0.9189248       0.2767412      -0.5944477
Cl      -0.7548901       0.9332094      -1.9983145

No violations of the orthonormality
No violations of the orthonormality
 
PNOF5/ADABelief Calculation
==================
 
  Nitext  Nit_orb  Time   Nit_occ  Time         Eelec          Etot           Ediff      maxdiff    MaxGrad_orb  Grad_occ
     1      10    2.2e+01    5    2.0e+01  -465.91564214  -460.14316481 -10464.91564214   0.002619   1.0e-02   1.5e-04 0.06
     2      20    1.1e+01    0    1.5e-03  -465.91988109  -460.14740376    -0.00423895   0.002619   1.0e-02   1.5e-04 0.06
     3      40    2.2e+01    3    1.7e-03  -465.92140096  -460.14892362    -0.00151986   0.004941   2.0e-02   2.1e-05 0.05
     4      40    2.3e+01    1    9.4e-03  -465.92163702  -460.14915969    -0.00023606   0.008554   3.4e-02   2.3e-04 0.05
     5      40    2.4e+01    2    1.7e-03  -465.92167576  -460.14919843    -0.00003874   0.007189   2.9e-02   6.1e-05 0.05
     6      40    2.4e+01    0    2.1e-02  -465.92168455  -460.14920722    -0.00000879   0.006867   2.7e-02   1.4e-04 0.05
     7      50    2.8e+01    0    1.3e-03  -465.92173537  -460.14925804    -0.00005082   0.004765   1.9e-02   1.3e-04 0.05
     8      60    3.4e+01    0    2.4e-02  -465.92175343  -460.14927609    -0.00001806   0.003628   1.5e-02   1.4e-04 0.05
     9      70    4.1e+01    0    1.4e-03  -465.92176717  -460.14928984    -0.00001374   0.002879   1.2e-02   1.4e-04 0.05
    10      80    4.6e+01    0    1.2e-02  -465.92177372  -460.14929639    -0.00000655   0.002829   1.1e-02   1.3e-04 0.05
    11      90    5.3e+01    0    1.0e-03  -465.92177526  -460.14929793    -0.00000155   0.002999   1.2e-02   1.4e-04 0.05
    12     100    5.8e+01    0    9.6e-04  -465.92178401  -460.14930668    -0.00000874   0.002156   8.6e-03   1.3e-04 0.05
    13     110    6.3e+01    0    1.3e-02  -465.92178203  -460.14930469     0.00000198   0.002705   1.1e-02   1.4e-04 0.05
    14      85    4.7e+01    0    2.7e-02  -465.92179947  -460.14932213    -0.00001744   0.000487   1.9e-03   1.4e-04 0.05
 
RESULTS OF THE OCCUPATION OPTIMIZATION
========================================
   1    1.9999742  -103.37170131
   2    1.9997981  -9.09599772
   3    1.9997975  -9.00960114
   4    1.9997976  -9.00898175
   5    1.9997974  -9.00851748
   6    1.9935152  -0.70527820
   7    1.9934957  -0.70505723
   8    1.9934776  -0.70472338
   9    1.9489559  -0.60902758
  10    0.0510441  -0.02750932
  11    0.0065224  -0.00603032
  12    0.0065043  -0.00602330
  13    0.0064848  -0.00601648
  14    0.0002026  -0.00297002
  15    0.0002024  -0.00296902
  16    0.0002025  -0.00296953
  17    0.0002019  -0.00293944
  18    0.0000258  -0.00569428
 
----------------
 Final Energies 
----------------
Final NOF Total Energy =    -460.1493221
 
Total Orbital Internal Iterations = 835
Total Occupation Internal Iterations = 11
 
Elapsed time:  528.97 Seconds

---------------------------------
   Lowdin Population Analysis    
---------------------------------
 Idx  Atom   Population   Charge 
---------------------------------
  1     H     1.087      -0.087
  2    Cl    16.913       0.087

---------------------------------
   M Diagnostic: 0.05
---------------------------------

Recovering execution output...
Moving from /scratch/pobleyef/286384 to /home-nas/pobleyef/Slim-NOF/ncwo1/Slim05/PNOF5/arina.286384
mkdir -p /home-nas/pobleyef/Slim-NOF/ncwo1/Slim05/PNOF5/arina.286384
mv /scratch/pobleyef/286384/* /home-nas/pobleyef/Slim-NOF/ncwo1/Slim05/PNOF5/arina.286384
