BH76RC-hf
/software/eb2024/easybuild/software/common/software/Julia/1.11.3-linux-x86_64/bin/julia
Job runing on na01
Choosing scratch ...
Automatic scratch folder selection
/scratch/pobleyef/286411
/scratch/pobleyef/286411 directory
cp BH76RC-hf.jl BH76RC-hf.jld2 to  /scratch/pobleyef/286411/.
BH76RC-hf_C.jld2 not found
BH76RC-hf_n.jld2 not found
Computing Integrals
Basis Set                                            = def2-qzvp
Auxiliary Basis Set                                  = def2-universal-jkfit
Gaussian Type                                        = Spherical
Elapsed time:    2.59 Seconds

Number of basis functions                   (NBF)    = 87
Number of auxiliary basis functions         (NBFAUX) = 95
Inactive Doubly occupied orbitals up to     (NO1)    = 0
No. considered Strongly Doubly occupied MOs (NDOC)   = 5
No. considered Strongly Singly occupied MOs (NSOC)   = 0
NO. of Weakly occ. per St. Doubly occ.  MOs (NCWO)   = 1
Dimension of the Nat. Orb. subspace         (NBF5)   = 10
No. of electrons                                     = 10
    No. of alpha electrons                           = 5
    No. of beta electrons                            = 5
Multiplicity                                         = 1

Geometry
========
 F       0.0000000       0.0000000       0.4576912
 H       0.0000000       0.0000000      -0.4576912

No violations of the orthonormality
No violations of the orthonormality
 
PNOF5/ADABelief Calculation
==================
 
  Nitext  Nit_orb  Time   Nit_occ  Time         Eelec          Etot           Ediff      maxdiff    MaxGrad_orb  Grad_occ
     1      10    2.0e+01    7    2.6e+01  -102.06259572   -96.85975926 -10101.06259572   0.775954   3.1e+00   5.4e-05 0.01
     2      10    1.4e-01    4    7.7e-04  -104.87607029   -99.67323384    -2.81347458   0.354889   1.4e+00   4.4e-05 0.01
     3      10    2.4e-02    3    1.2e-03  -105.29879093  -100.09595447    -0.42272064   0.232369   9.3e-01   1.1e-04 0.01
     4      10    1.2e-01    3    2.1e-03  -105.32797580  -100.12513934    -0.02918487   0.250206   1.0e+00   5.5e-05 0.01
     5      10    4.7e-02    2    1.3e-03  -105.33027651  -100.12744006    -0.00230071   0.240367   9.6e-01   5.4e-05 0.01
     6      10    2.1e-01    2    4.8e-02  -105.33188076  -100.12904430    -0.00160425   0.283125   1.1e+00   2.9e-05 0.01
     7      10    4.8e-02    2    3.2e-03  -105.33345719  -100.13062073    -0.00157643   0.224882   9.0e-01   4.5e-05 0.02
     8      10    5.0e-02    1    5.1e-04  -105.33618037  -100.13334392    -0.00272319   0.219157   8.8e-01   1.7e-04 0.02
     9      10    2.4e-02    0    5.3e-04  -105.33621606  -100.13337960    -0.00003569   0.219157   8.8e-01   1.7e-04 0.02
    10      30    7.5e-02    1    5.8e-04  -105.34535541  -100.14251895    -0.00913935   0.000802   3.2e-03   1.4e-04 0.02
 
RESULTS OF THE OCCUPATION OPTIMIZATION
========================================
   1    1.9998613  -26.26294160
   2    1.9819802  -1.00205223
   3    1.9935192  -0.93416200
   4    1.9934741  -0.93161356
   5    1.9932304  -0.91990001
   6    0.0067696  -0.01008117
   7    0.0065259  -0.00994115
   8    0.0064808  -0.00991879
   9    0.0180198  -0.02056487
  10    0.0001387  -0.00662110
 
----------------
 Final Energies 
----------------
Final NOF Total Energy =    -100.1425190
 
Total Orbital Internal Iterations = 120
Total Occupation Internal Iterations = 25
 
Elapsed time:   60.52 Seconds

---------------------------------
   Lowdin Population Analysis    
---------------------------------
 Idx  Atom   Population   Charge 
---------------------------------
  1     F     8.512       0.488
  2     H     1.488      -0.488

---------------------------------
   M Diagnostic: 0.02
---------------------------------

Recovering execution output...
Moving from /scratch/pobleyef/286411 to /home-nas/pobleyef/Slim-NOF/ncwo1/Slim05/PNOF5/arina.286411
mkdir -p /home-nas/pobleyef/Slim-NOF/ncwo1/Slim05/PNOF5/arina.286411
mv /scratch/pobleyef/286411/* /home-nas/pobleyef/Slim-NOF/ncwo1/Slim05/PNOF5/arina.286411
