BHROT27-nh2oh_st2
/software/eb2024/easybuild/software/common/software/Julia/1.11.3-linux-x86_64/bin/julia
Job runing on nh013
Choosing scratch ...
Automatic scratch folder selection
/scratch/pobleyef/286424
/scratch/pobleyef/286424 directory
cp BHROT27-nh2oh_st2.jl BHROT27-nh2oh_st2.jld2 to  /scratch/pobleyef/286424/.
BHROT27-nh2oh_st2_C.jld2 not found
BHROT27-nh2oh_st2_n.jld2 not found
Computing Integrals
Basis Set                                            = def2-qzvp
Auxiliary Basis Set                                  = def2-universal-jkfit
Gaussian Type                                        = Spherical
Elapsed time:    4.01 Seconds

Number of basis functions                   (NBF)    = 204
Number of auxiliary basis functions         (NBFAUX) = 208
Inactive Doubly occupied orbitals up to     (NO1)    = 0
No. considered Strongly Doubly occupied MOs (NDOC)   = 9
No. considered Strongly Singly occupied MOs (NSOC)   = 0
NO. of Weakly occ. per St. Doubly occ.  MOs (NCWO)   = 1
Dimension of the Nat. Orb. subspace         (NBF5)   = 18
No. of electrons                                     = 18
    No. of alpha electrons                           = 9
    No. of beta electrons                            = 9
Multiplicity                                         = 1

Geometry
========
 N      -0.3896245      -0.4975700       0.0000000
 O      -0.3776717       0.9154097       0.0000000
 H       0.1141459      -0.8133419       0.8207146
 H       0.1141459      -0.8133419      -0.8207146
 H       0.5390043       1.2088440       0.0000000

No violations of the orthonormality
No violations of the orthonormality
 
PNOF5/ADABelief Calculation
==================
 
  Nitext  Nit_orb  Time   Nit_occ  Time         Eelec          Etot           Ediff      maxdiff    MaxGrad_orb  Grad_occ
     1      10    2.9e+01    7    3.6e+01  -164.96763189  -125.29698696 -10163.96763189   0.684592   2.7e+00   5.6e-05 0.01
     2      10    1.2e+00    7    5.6e-02  -169.03964949  -129.36900456    -4.07201760   0.348745   1.4e+00   9.3e-05 0.04
     3      10    1.1e+00    5    5.8e-02  -170.16855403  -130.49790910    -1.12890454   0.199813   8.0e-01   8.5e-05 0.05
     4      10    1.3e+00    4    4.6e-02  -170.56131942  -130.89067449    -0.39276539   0.230278   9.2e-01   1.1e-04 0.03
     5      10    1.1e+00    4    4.8e-02  -170.74552038  -131.07487545    -0.18420096   0.196852   7.9e-01   4.1e-05 0.02
     6      10    1.2e+00    2    1.2e-02  -170.81171619  -131.14107126    -0.06619581   0.198535   7.9e-01   1.9e-04 0.02
     7      10    1.2e+00    2    4.5e-03  -170.81785705  -131.14721212    -0.00614086   0.233743   9.3e-01   9.4e-05 0.02
     8      10    9.5e-01    2    3.1e-02  -170.81900679  -131.14836186    -0.00114974   0.201351   8.1e-01   6.7e-05 0.03
     9      10    1.2e+00    0    2.7e-02  -170.81904422  -131.14839929    -0.00003743   0.201351   8.1e-01   6.7e-05 0.03
    10      30    3.3e+00    2    1.6e-02  -170.86124562  -131.19060069    -0.04220140   0.001209   4.8e-03   1.1e-04 0.03
    11      30    3.2e+00    2    5.7e-02  -170.86210302  -131.19145809    -0.00085740   0.005916   2.4e-02   7.9e-05 0.03
    12      30    3.7e+00    2    6.9e-02  -170.86234373  -131.19169880    -0.00024071   0.002116   8.5e-03   2.8e-05 0.03
    13      30    3.3e+00    1    3.8e-03  -170.86237679  -131.19173187    -0.00003306   0.004453   1.8e-02   1.3e-04 0.03
    14      30    3.4e+00    0    4.4e-03  -170.86238248  -131.19173755    -0.00000569   0.004453   1.8e-02   1.3e-04 0.03
    15      42    4.7e+00    1    5.1e-03  -170.86245515  -131.19181022    -0.00007267   0.000488   2.0e-03   9.2e-05 0.03
 
RESULTS OF THE OCCUPATION OPTIMIZATION
========================================
   1    1.9998122  -20.56189608
   2    1.9997382  -15.58444165
   3    1.9814038  -0.88938216
   4    1.9702794  -0.84645919
   5    1.9831796  -0.81976563
   6    1.9831779  -0.81970837
   7    1.9928089  -0.78981925
   8    1.9926214  -0.78369398
   9    1.9902606  -0.60802455
  10    0.0097394  -0.00921350
  11    0.0073786  -0.00924938
  12    0.0071911  -0.00914834
  13    0.0168221  -0.01592317
  14    0.0168204  -0.01592186
  15    0.0297206  -0.02600628
  16    0.0185962  -0.01889727
  17    0.0002618  -0.00736531
  18    0.0001878  -0.00701826
 
----------------
 Final Energies 
----------------
Final NOF Total Energy =    -131.1918102
 
Total Orbital Internal Iterations = 282
Total Occupation Internal Iterations = 41
 
Elapsed time:  118.86 Seconds

---------------------------------
   Lowdin Population Analysis    
---------------------------------
 Idx  Atom   Population   Charge 
---------------------------------
  1     N     6.637       0.363
  2     O     7.561       0.439
  3     H     1.215      -0.215
  4     H     1.215      -0.215
  5     H     1.371      -0.371

---------------------------------
   M Diagnostic: 0.03
---------------------------------

Recovering execution output...
Moving from /scratch/pobleyef/286424 to /home-nas/pobleyef/Slim-NOF/ncwo1/Slim05/PNOF5/arina.286424
mkdir -p /home-nas/pobleyef/Slim-NOF/ncwo1/Slim05/PNOF5/arina.286424
mv /scratch/pobleyef/286424/* /home-nas/pobleyef/Slim-NOF/ncwo1/Slim05/PNOF5/arina.286424
