G21EA-EA_12n
/software/eb2024/easybuild/software/common/software/Julia/1.11.3-linux-x86_64/bin/julia
Job runing on nagpu01
Choosing scratch ...
Automatic scratch folder selection
/scratch/pobleyef/286433
/scratch/pobleyef/286433 directory
cp G21EA-EA_12n.jl G21EA-EA_12n.jld2 to  /scratch/pobleyef/286433/.
G21EA-EA_12n_C.jld2 not found
G21EA-EA_12n_n.jld2 not found
Computing Integrals
Basis Set                                            = def2-qzvp
Auxiliary Basis Set                                  = def2-universal-jkfit
Gaussian Type                                        = Spherical
Elapsed time:    2.32 Seconds

Number of basis functions                   (NBF)    = 117
Number of auxiliary basis functions         (NBFAUX) = 113
Inactive Doubly occupied orbitals up to     (NO1)    = 0
No. considered Strongly Doubly occupied MOs (NDOC)   = 4
No. considered Strongly Singly occupied MOs (NSOC)   = 1
NO. of Weakly occ. per St. Doubly occ.  MOs (NCWO)   = 1
Dimension of the Nat. Orb. subspace         (NBF5)   = 9
No. of electrons                                     = 9
    No. of alpha electrons                           = 5
    No. of beta electrons                            = 4
Multiplicity                                         = 2

Geometry
========
 N       0.0000000       0.0000000       0.4263240
 H       0.8041359       0.0000000      -0.2131620
 H      -0.8041359       0.0000000      -0.2131620

No violations of the orthonormality
No violations of the orthonormality
 
PNOF5/ADABelief Calculation
==================
 
  Nitext  Nit_orb  Time   Nit_occ  Time         Eelec          Etot           Ediff      maxdiff    MaxGrad_orb  Grad_occ
     1      10    2.5e+01    6    2.0e+01   -60.50542152   -52.96558899 -10059.50542152   0.332166   1.3e+00   5.7e-05 0.01
     2      10    8.7e+00    7    1.5e-03   -62.45173012   -54.91189759    -1.94630860   0.186642   7.5e-01   1.2e-04 0.04
     3      10    8.2e+00    4    1.1e-03   -63.02120837   -55.48137584    -0.56947825   0.177867   7.1e-01   3.4e-05 0.02
     4      10    8.5e+00    3    7.0e-03   -63.11981156   -55.57997903    -0.09860319   0.158622   6.3e-01   8.6e-05 0.01
     5      10    8.2e+00    2    1.0e-03   -63.14845651   -55.60862398    -0.02864495   0.175759   7.0e-01   6.6e-05 0.02
     6      10    8.3e+00    2    2.2e-02   -63.15985877   -55.62002624    -0.01140227   0.159888   6.4e-01   2.7e-05 0.02
     7      10    8.0e+00    1    1.1e-02   -63.16495903   -55.62512650    -0.00510025   0.163584   6.5e-01   1.5e-04 0.02
     8      10    8.0e+00    1    2.7e-02   -63.16909243   -55.62925990    -0.00413340   0.195576   7.8e-01   1.0e-04 0.02
     9      10    8.7e+00    1    1.4e-03   -63.17310237   -55.63326983    -0.00400994   0.155230   6.2e-01   7.0e-05 0.02
    10      10    8.6e+00    1    8.2e-04   -63.17349217   -55.63365964    -0.00038981   0.200384   8.0e-01   7.6e-05 0.02
    11      10    8.6e+00    1    9.1e-04   -63.17441873   -55.63458620    -0.00092656   0.126597   5.1e-01   9.6e-05 0.02
    12      10    8.5e+00    1    1.1e-02   -63.17461204   -55.63477951    -0.00019331   0.212872   8.5e-01   7.2e-05 0.02
    13      10    8.7e+00    0    1.0e-03   -63.17461474   -55.63478221    -0.00000270   0.212872   8.5e-01   7.2e-05 0.02
    14      30    2.5e+01    1    1.1e-03   -63.18443507   -55.64460253    -0.00982032   0.001157   4.6e-03   4.3e-05 0.02
    15      30    2.5e+01    0    1.5e-02   -63.18446306   -55.64463053    -0.00002800   0.001809   7.2e-03   1.4e-04 0.02
    16      40    3.4e+01    0    8.5e-03   -63.18447526   -55.64464272    -0.00001219   0.000917   3.7e-03   8.6e-05 0.02
 
RESULTS OF THE OCCUPATION OPTIMIZATION
========================================
   1    1.9997409  -15.56513090
   2    1.9824851  -0.80728521
   3    1.9824462  -0.80709649
   4    1.9910561  -0.65855198
   5    1.0000000  -0.25239360
   6    0.0089439  -0.00863357
   7    0.0175538  -0.01619424
   8    0.0175149  -0.01617800
   9    0.0002591  -0.00730945
 
----------------
 Final Energies 
----------------
Final NOF Total Energy =     -55.6446427
 
Total Orbital Internal Iterations = 230
Total Occupation Internal Iterations = 31
 
Elapsed time:  243.07 Seconds

---------------------------------
   Lowdin Population Analysis    
---------------------------------
 Idx  Atom   Population   Charge 
---------------------------------
  1     N     6.518       0.482
  2     H     1.241      -0.241
  3     H     1.241      -0.241

---------------------------------
   M Diagnostic: 0.02
---------------------------------

Recovering execution output...
Moving from /scratch/pobleyef/286433 to /home-nas/pobleyef/Slim-NOF/ncwo1/Slim05/PNOF5/arina.286433
mkdir -p /home-nas/pobleyef/Slim-NOF/ncwo1/Slim05/PNOF5/arina.286433
mv /scratch/pobleyef/286433/* /home-nas/pobleyef/Slim-NOF/ncwo1/Slim05/PNOF5/arina.286433
