G21EA-EA_21
/software/eb2024/easybuild/software/common/software/Julia/1.11.3-linux-x86_64/bin/julia
Job runing on nh015
Choosing scratch ...
Automatic scratch folder selection
/scratch/pobleyef/286438
/scratch/pobleyef/286438 directory
cp G21EA-EA_21.jl G21EA-EA_21.jld2 to  /scratch/pobleyef/286438/.
G21EA-EA_21_C.jld2 not found
G21EA-EA_21_n.jld2 not found
Computing Integrals
Basis Set                                            = def2-qzvp
Auxiliary Basis Set                                  = def2-universal-jkfit
Gaussian Type                                        = Spherical
Elapsed time:    3.71 Seconds

Number of basis functions                   (NBF)    = 114
Number of auxiliary basis functions         (NBFAUX) = 154
Inactive Doubly occupied orbitals up to     (NO1)    = 0
No. considered Strongly Doubly occupied MOs (NDOC)   = 7
No. considered Strongly Singly occupied MOs (NSOC)   = 2
NO. of Weakly occ. per St. Doubly occ.  MOs (NCWO)   = 1
Dimension of the Nat. Orb. subspace         (NBF5)   = 16
No. of electrons                                     = 16
    No. of alpha electrons                           = 9
    No. of beta electrons                            = 7
Multiplicity                                         = 3

Geometry
========
 N       0.0000000       0.0000000       0.6348700
 O       0.0000000       0.0000000      -0.6348700

No violations of the orthonormality
No violations of the orthonormality
 
PNOF5/ADABelief Calculation
==================
 
  Nitext  Nit_orb  Time   Nit_occ  Time         Eelec          Etot           Ediff      maxdiff    MaxGrad_orb  Grad_occ
     1      10    2.9e+01    6    3.4e+01  -148.02820580  -124.68967594 -10147.02820580   0.474611   1.9e+00   8.6e-05 0.01
     2      10    4.0e-01    5    2.5e-02  -151.64955150  -128.31102163    -3.62134570   0.282213   1.1e+00   9.4e-05 0.01
     3      10    5.0e-01    5    1.9e-03  -152.53948315  -129.20095329    -0.88993165   0.194167   7.8e-01   1.5e-04 0.01
     4      10    2.4e-01    5    1.6e-03  -152.64896788  -129.31043802    -0.10948473   0.222756   8.9e-01   1.2e-04 0.01
     5      10    3.7e-01    5    6.3e-02  -152.65650594  -129.31797608    -0.00753806   0.210011   8.4e-01   2.7e-05 0.01
     6      10    1.8e-01    4    3.2e-02  -152.65910520  -129.32057534    -0.00259926   0.241442   9.7e-01   2.0e-04 0.02
     7      10    1.5e-01    0    4.0e-02  -152.65946410  -129.32093424    -0.00035890   0.241442   9.7e-01   2.0e-04 0.02
     8      30    6.0e-01    4    2.7e-02  -152.68897361  -129.35044375    -0.02950951   0.002166   8.7e-03   1.3e-04 0.02
     9      30    6.7e-01    4    1.5e-03  -152.68998421  -129.35145435    -0.00101060   0.001656   6.6e-03   7.5e-05 0.02
    10      30    3.7e-01    3    1.4e-03  -152.69064540  -129.35211554    -0.00066119   0.002866   1.1e-02   7.0e-05 0.02
    11      30    5.5e-01    2    1.3e-03  -152.69093824  -129.35240838    -0.00029284   0.003341   1.3e-02   1.0e-04 0.02
    12      30    7.5e-01    2    9.7e-03  -152.69100933  -129.35247947    -0.00007109   0.002482   9.9e-03   3.2e-05 0.02
    13      30    6.6e-01    0    1.1e-03  -152.69101850  -129.35248864    -0.00000917   0.002482   9.9e-03   3.2e-05 0.02
    14      37    4.3e-01    1    3.6e-02  -152.69111883  -129.35258897    -0.00010033   0.000469   1.9e-03   1.0e-04 0.02
 
RESULTS OF THE OCCUPATION OPTIMIZATION
========================================
   1    1.9998112  -20.21652239
   2    1.9997362  -15.29547455
   3    1.9837733  -0.68336503
   4    1.9942449  -0.53824325
   5    1.9933644  -0.44959356
   6    1.9933600  -0.44935386
   7    1.9933524  -0.44881939
   8    1.0000000  -0.05245966
   9    1.0000000  -0.05243121
  10    0.0066476  -0.00644770
  11    0.0066400  -0.00645063
  12    0.0066356  -0.00645159
  13    0.0057551  -0.00549004
  14    0.0162267  -0.01581648
  15    0.0002638  -0.00739050
  16    0.0001888  -0.00702693
 
----------------
 Final Energies 
----------------
Final NOF Total Energy =    -129.3525890
 
Total Orbital Internal Iterations = 287
Total Occupation Internal Iterations = 46
 
Elapsed time:   89.31 Seconds

---------------------------------
   Lowdin Population Analysis    
---------------------------------
 Idx  Atom   Population   Charge 
---------------------------------
  1     N     7.535      -0.535
  2     O     8.465      -0.465

---------------------------------
   M Diagnostic: 0.02
---------------------------------

Recovering execution output...
Moving from /scratch/pobleyef/286438 to /home-nas/pobleyef/Slim-NOF/ncwo1/Slim05/PNOF5/arina.286438
mkdir -p /home-nas/pobleyef/Slim-NOF/ncwo1/Slim05/PNOF5/arina.286438
mv /scratch/pobleyef/286438/* /home-nas/pobleyef/Slim-NOF/ncwo1/Slim05/PNOF5/arina.286438
