G21IP-mg
/software/eb2024/easybuild/software/common/software/Julia/1.11.3-linux-x86_64/bin/julia
Job runing on nagpu01
Choosing scratch ...
Automatic scratch folder selection
/scratch/pobleyef/286464
/scratch/pobleyef/286464 directory
cp G21IP-mg.jl G21IP-mg.jld2 to  /scratch/pobleyef/286464/.
G21IP-mg_C.jld2 not found
G21IP-mg_n.jld2 not found
Computing Integrals
Basis Set                                            = def2-qzvp
Auxiliary Basis Set                                  = def2-universal-jkfit
Gaussian Type                                        = Spherical
Elapsed time:    2.44 Seconds

Number of basis functions                   (NBF)    = 51
Number of auxiliary basis functions         (NBFAUX) = 112
Inactive Doubly occupied orbitals up to     (NO1)    = 0
No. considered Strongly Doubly occupied MOs (NDOC)   = 6
No. considered Strongly Singly occupied MOs (NSOC)   = 0
NO. of Weakly occ. per St. Doubly occ.  MOs (NCWO)   = 1
Dimension of the Nat. Orb. subspace         (NBF5)   = 12
No. of electrons                                     = 12
    No. of alpha electrons                           = 6
    No. of beta electrons                            = 6
Multiplicity                                         = 1

Geometry
========
Mg       0.0000000       0.0000000       0.0000000

No violations of the orthonormality
No violations of the orthonormality
 
PNOF5/ADABelief Calculation
==================
 
  Nitext  Nit_orb  Time   Nit_occ  Time         Eelec          Etot           Ediff      maxdiff    MaxGrad_orb  Grad_occ
     1      10    1.6e+01    8    2.0e+01  -197.73632585  -197.73632585 -10196.73632585   0.437013   1.7e+00   1.3e-04 0.00
     2      10    6.8e-03    9    3.3e-02  -199.05023502  -199.05023502    -1.31390917   0.566418   2.3e+00   1.7e-04 0.01
     3      10    6.5e-03    4    4.4e-04  -199.26644095  -199.26644095    -0.21620593   0.115393   4.6e-01   2.1e-04 0.06
     4      10    6.3e-03    5    9.3e-03  -199.34572664  -199.34572664    -0.07928569   0.221698   8.9e-01   1.9e-04 0.14
     5      10    5.9e-03    5    3.8e-04  -199.40143342  -199.40143342    -0.05570678   0.167775   6.7e-01   1.2e-04 0.36
     6      10    8.2e-03    4    4.6e-04  -199.42286751  -199.42286751    -0.02143409   0.165255   6.6e-01   4.1e-05 0.49
     7      10    5.7e-03    2    2.5e-04  -199.45595180  -199.45595180    -0.03308429   0.146699   5.9e-01   1.2e-04 0.74
     8      10    8.1e-03    0    2.1e-04  -199.45779117  -199.45779117    -0.00183936   0.146699   5.9e-01   1.2e-04 0.74
     9      30    1.7e-02    3    4.4e-04  -199.48282015  -199.48282015    -0.02502898   0.013726   1.2e-01   9.5e-05 0.71
    10      30    2.0e-02    3    2.9e-04  -199.53650585  -199.53650585    -0.05368570   0.048914   2.0e-01   1.1e-04 0.19
    11      30    1.8e-02    3    3.1e-04  -199.61722440  -199.61722440    -0.08071855   0.030862   1.2e-01   6.5e-05 0.11
    12      30    2.1e-02    2    3.0e-04  -199.64780556  -199.64780556    -0.03058116   0.021831   8.7e-02   6.2e-05 0.09
    13      30    1.7e-02    1    2.9e-04  -199.65628728  -199.65628728    -0.00848172   0.011438   4.6e-02   1.4e-04 0.08
    14      30    2.2e-02    1    3.0e-04  -199.65853403  -199.65853403    -0.00224674   0.009453   3.8e-02   8.4e-05 0.08
    15      30    1.7e-02    1    2.3e-04  -199.65902470  -199.65902470    -0.00049067   0.009015   3.6e-02   9.5e-05 0.08
    16      30    2.0e-02    0    2.2e-04  -199.65907662  -199.65907662    -0.00005192   0.008538   3.4e-02   6.1e-05 0.08
    17      40    2.2e-02    0    2.9e-04  -199.65918492  -199.65918492    -0.00010831   0.005277   2.1e-02   1.4e-04 0.08
    18      50    2.9e-02    0    3.2e-04  -199.65921973  -199.65921973    -0.00003480   0.003247   1.3e-02   1.3e-04 0.08
    19      60    3.8e-02    1    3.6e-04  -199.65922672  -199.65922672    -0.00000700   0.002906   1.2e-02   2.0e-05 0.08
    20      60    3.4e-02    0    2.9e-04  -199.65923848  -199.65923848    -0.00001175   0.002246   9.0e-03   7.8e-05 0.08
    21      70    4.3e-02    0    2.6e-04  -199.65924800  -199.65924800    -0.00000952   0.002481   9.9e-03   1.4e-04 0.08
    22      80    4.6e-02    1    3.8e-04  -199.65925643  -199.65925643    -0.00000844   0.002322   9.3e-03   4.4e-05 0.08
    23      80    4.9e-02    0    3.6e-04  -199.65926523  -199.65926523    -0.00000880   0.002251   9.0e-03   1.2e-04 0.08
    24      90    5.4e-02    0    2.6e-04  -199.65926146  -199.65926146     0.00000378   0.002593   1.0e-02   1.6e-04 0.08
    25      63    3.3e-02    0    2.7e-04  -199.65928850  -199.65928850    -0.00002704   0.000479   1.9e-03   1.7e-04 0.08
 
RESULTS OF THE OCCUPATION OPTIMIZATION
========================================
   1    1.9999303  -48.64224885
   2    1.9989988  -2.80592943
   3    1.9989124  -2.80054444
   4    1.9989088  -2.79905971
   5    1.9991308  -2.64063061
   6    1.9216318  -0.25539314
   7    0.0783682  -0.01632122
   8    0.0008692  -0.00386991
   9    0.0010912  -0.00457088
  10    0.0010876  -0.00456595
  11    0.0010012  -0.00438566
  12    0.0000697  -0.00670305
 
----------------
 Final Energies 
----------------
Final NOF Total Energy =    -199.6592885
 
Total Orbital Internal Iterations = 913
Total Occupation Internal Iterations = 53
 
Elapsed time:   48.36 Seconds

---------------------------------
   Lowdin Population Analysis    
---------------------------------
 Idx  Atom   Population   Charge 
---------------------------------
  1    Mg    12.000       0.000

---------------------------------
   M Diagnostic: 0.08
---------------------------------

Recovering execution output...
Moving from /scratch/pobleyef/286464 to /home-nas/pobleyef/Slim-NOF/ncwo1/Slim05/PNOF5/arina.286464
mkdir -p /home-nas/pobleyef/Slim-NOF/ncwo1/Slim05/PNOF5/arina.286464
mv /scratch/pobleyef/286464/* /home-nas/pobleyef/Slim-NOF/ncwo1/Slim05/PNOF5/arina.286464
