G2RC-60
/software/eb2024/easybuild/software/common/software/Julia/1.11.3-linux-x86_64/bin/julia
Job runing on nh008
Choosing scratch ...
Automatic scratch folder selection
/scratch/pobleyef/286481
/scratch/pobleyef/286481 directory
cp G2RC-60.jl G2RC-60.jld2 to  /scratch/pobleyef/286481/.
G2RC-60_C.jld2 not found
G2RC-60_n.jld2 not found
Computing Integrals
Basis Set                                            = def2-qzvp
Auxiliary Basis Set                                  = def2-universal-jkfit
Gaussian Type                                        = Spherical
Elapsed time:    4.94 Seconds

Number of basis functions                   (NBF)    = 280
Number of auxiliary basis functions         (NBFAUX) = 512
Inactive Doubly occupied orbitals up to     (NO1)    = 0
No. considered Strongly Doubly occupied MOs (NDOC)   = 32
No. considered Strongly Singly occupied MOs (NSOC)   = 0
NO. of Weakly occ. per St. Doubly occ.  MOs (NCWO)   = 1
Dimension of the Nat. Orb. subspace         (NBF5)   = 64
No. of electrons                                     = 64
    No. of alpha electrons                           = 32
    No. of beta electrons                            = 32
Multiplicity                                         = 1

Geometry
========
Al       0.0000000       0.0000000       0.0000000
Cl       1.0455398       1.8109280       0.0000000
Cl       1.0455398      -1.8109280       0.0000000
Cl      -2.0910795       0.0000000       0.0000000

No violations of the orthonormality
No violations of the orthonormality
 
PNOF5/ADABelief Calculation
==================
 
  Nitext  Nit_orb  Time   Nit_occ  Time         Eelec          Etot           Ediff      maxdiff    MaxGrad_orb  Grad_occ
     1      10    3.0e+01   12    3.4e+01 -1877.07363329 -1582.61826633 -11876.07363329   1.319961   5.3e+00   2.2e-04 0.00
     2      10    2.0e+00   47    3.1e-01 -1898.10310719 -1603.64774023   -21.02947391   5.871983   2.3e+01   2.0e-04 0.03
     3      10    1.9e+00   13    8.2e-02 -1905.41127786 -1610.95591089    -7.30817066   1.094589   4.4e+00   3.0e-04 0.05
     4      10    1.8e+00   18    9.2e-02 -1907.72825163 -1613.27288466    -2.31697377   1.260714   5.0e+00   1.8e-04 0.03
     5      10    1.8e+00    6    5.6e-02 -1908.48059425 -1614.02522729    -0.75234263   1.044354   4.2e+00   1.9e-04 0.04
     6      10    1.8e+00   10    8.0e-02 -1908.62287105 -1614.16750409    -0.14227679   0.903053   3.6e+00   2.8e-04 0.02
     7      10    1.9e+00    3    5.6e-02 -1909.93188999 -1615.47652303    -1.30901894   0.876238   3.5e+00   1.8e-04 0.02
     8      10    1.9e+00    0    4.0e-02 -1909.93290946 -1615.47754250    -0.00101947   0.876238   3.5e+00   1.8e-04 0.02
     9      30    5.5e+00   17    1.7e-01 -1914.51596384 -1620.06059687    -4.58305438   0.181650   7.3e-01   2.0e-04 0.01
    10      30    5.4e+00    5    5.8e-02 -1915.15601140 -1620.70064444    -0.64004757   0.116522   4.7e-01   2.3e-04 0.01
    11      30    5.3e+00    3    6.2e-02 -1915.30599263 -1620.85062567    -0.14998123   0.113555   4.5e-01   1.6e-04 0.01
    12      30    5.2e+00    2    5.1e-02 -1915.32406588 -1620.86869891    -0.01807325   0.102143   4.1e-01   1.7e-04 0.01
    13      30    5.2e+00    1    4.5e-02 -1915.35221235 -1620.89684539    -0.02814648   0.391804   1.6e+00   2.4e-04 0.01
    14      30    5.3e+00    0    5.1e-02 -1915.35230831 -1620.89694135    -0.00009596   0.391804   1.6e+00   2.4e-04 0.01
    15      50    8.8e+00    1    5.1e-02 -1915.39996272 -1620.94459576    -0.04765441   0.016982   6.8e-02   1.5e-04 0.01
    16      50    8.7e+00    0    1.7e-01 -1915.40165061 -1620.94628364    -0.00168788   0.016662   6.7e-02   2.9e-04 0.01
    17      60    1.1e+01    0    4.2e-02 -1915.40238388 -1620.94701692    -0.00073327   0.012720   5.1e-02   3.0e-04 0.01
    18      70    1.2e+01    1    4.9e-02 -1915.40285861 -1620.94749164    -0.00047473   0.012702   5.1e-02   1.5e-04 0.01
    19      70    1.2e+01    0    4.7e-02 -1915.40287044 -1620.94750348    -0.00001184   0.012702   5.1e-02   1.5e-04 0.01
    20      90    1.6e+01    0    7.5e-02 -1915.40393751 -1620.94857055    -0.00106706   0.002280   9.1e-03   2.0e-04 0.01
    21     100    1.7e+01    1    4.2e-02 -1915.40405143 -1620.94868446    -0.00011392   0.002642   1.1e-02   1.5e-04 0.01
    22     100    1.8e+01    0    4.4e-02 -1915.40420423 -1620.94883727    -0.00015280   0.002608   1.0e-02   1.5e-04 0.01
    23     110    1.9e+01    0    1.2e-01 -1915.40434278 -1620.94897582    -0.00013855   0.002224   8.9e-03   2.0e-04 0.01
    24     120    2.1e+01    1    4.2e-02 -1915.40447410 -1620.94910713    -0.00013132   0.001821   7.3e-03   1.4e-04 0.01
    25     120    2.1e+01    0    4.4e-02 -1915.40458144 -1620.94921448    -0.00010735   0.001807   7.2e-03   1.4e-04 0.01
    26     130    2.3e+01    0    7.7e-02 -1915.40467740 -1620.94931043    -0.00009595   0.001565   6.3e-03   1.7e-04 0.01
    27     140    2.5e+01    2    5.0e-02 -1915.40474728 -1620.94938032    -0.00006989   0.001487   5.9e-03   1.1e-04 0.01
    28     140    2.5e+01    0    5.4e-02 -1915.40480928 -1620.94944231    -0.00006199   0.001478   5.9e-03   1.6e-04 0.01
    29     150    2.6e+01    0    5.2e-02 -1915.40484559 -1620.94947863    -0.00003632   0.001381   5.5e-03   1.8e-04 0.01
    30     160    2.9e+01    0    4.9e-02 -1915.40487788 -1620.94951092    -0.00003229   0.001237   4.9e-03   1.9e-04 0.01
    31     170    3.2e+01    1    7.7e-02 -1915.40489678 -1620.94952982    -0.00001890   0.001252   5.0e-03   1.0e-04 0.01
    32     170    3.0e+01    0    4.8e-02 -1915.40491179 -1620.94954483    -0.00001501   0.001290   5.2e-03   9.9e-05 0.01
    33     180    3.2e+01    0    4.2e-02 -1915.40492113 -1620.94955417    -0.00000934   0.001267   5.1e-03   1.1e-04 0.01
    34     190    3.3e+01    0    4.6e-02 -1915.40492840 -1620.94956144    -0.00000727   0.001218   4.9e-03   1.1e-04 0.01
    35     200    3.5e+01    0    3.6e-02 -1915.40493223 -1620.94956527    -0.00000383   0.001202   4.8e-03   1.1e-04 0.01
    36     210    3.6e+01    0    7.5e-02 -1915.40493559 -1620.94956863    -0.00000336   0.001156   4.6e-03   1.2e-04 0.01
    37     220    3.9e+01    0    4.2e-02 -1915.40493704 -1620.94957007    -0.00000145   0.001076   4.3e-03   1.2e-04 0.01
    38     230    4.0e+01    0    5.2e-02 -1915.40493829 -1620.94957132    -0.00000125   0.000989   4.0e-03   1.2e-04 0.01
 
RESULTS OF THE OCCUPATION OPTIMIZATION
========================================
   1    1.9999555  -97.99561454
   2    1.9999548  -97.13193527
   3    1.9999544  -96.67212364
   4    1.9999524  -58.33229107
   5    1.9999802  -18.42866312
   6    1.9999761  -17.90308633
   7    1.9999673  -16.89655177
   8    1.9998132  -8.41795235
   9    1.9998137  -8.31591656
  10    1.9998144  -8.27659720
  11    1.9998130  -8.14244434
  12    1.9998087  -8.10027883
  13    1.9998112  -8.07379346
  14    1.9998235  -8.01031834
  15    1.9998178  -8.00979929
  16    1.9998172  -8.00915198
  17    1.9989449  -3.79523968
  18    1.9989448  -3.79520895
  19    1.9989446  -3.79514442
  20    1.9988042  -3.77854089
  21    1.9934415  -0.77986315
  22    1.9934217  -0.77956448
  23    1.9934282  -0.77875444
  24    1.9913846  -0.66150157
  25    1.9913228  -0.65922077
  26    1.9914182  -0.65917155
  27    1.9911956  -0.65913570
  28    1.9915421  -0.65789226
  29    1.9914504  -0.65775600
  30    1.9916678  -0.65072398
  31    1.9916405  -0.64935262
  32    1.9915666  -0.64849936
  33    0.0084334  -0.00682954
  34    0.0083595  -0.00679775
  35    0.0083322  -0.00679811
  36    0.0085496  -0.00694369
  37    0.0084579  -0.00690181
  38    0.0088044  -0.00708520
  39    0.0085818  -0.00697995
  40    0.0086772  -0.00702176
  41    0.0086154  -0.00701709
  42    0.0065718  -0.00627945
  43    0.0065783  -0.00628198
  44    0.0065585  -0.00627432
  45    0.0011958  -0.00645887
  46    0.0010554  -0.00592915
  47    0.0010552  -0.00592773
  48    0.0010551  -0.00592738
  49    0.0001828  -0.00279014
  50    0.0001822  -0.00278554
  51    0.0001765  -0.00272692
  52    0.0001888  -0.00282937
  53    0.0001913  -0.00287340
  54    0.0001870  -0.00282764
  55    0.0001856  -0.00284305
  56    0.0001863  -0.00285576
  57    0.0001868  -0.00287281
  58    0.0000327  -0.00066420
  59    0.0000239  -0.00055594
  60    0.0000198  -0.00050173
  61    0.0000476  -0.00575031
  62    0.0000456  -0.00819968
  63    0.0000452  -0.00816230
  64    0.0000445  -0.00809429
 
----------------
 Final Energies 
----------------
Final NOF Total Energy =   -1620.9495713
 
Total Orbital Internal Iterations = 3490
Total Occupation Internal Iterations = 144
 
Elapsed time:  714.56 Seconds

---------------------------------
   Lowdin Population Analysis    
---------------------------------
 Idx  Atom   Population   Charge 
---------------------------------
  1    Al    14.629      -1.629
  2    Cl    16.457       0.543
  3    Cl    16.457       0.543
  4    Cl    16.457       0.543

---------------------------------
   M Diagnostic: 0.01
---------------------------------

Recovering execution output...
Moving from /scratch/pobleyef/286481 to /home-nas/pobleyef/Slim-NOF/ncwo1/Slim05/PNOF5/arina.286481
mkdir -p /home-nas/pobleyef/Slim-NOF/ncwo1/Slim05/PNOF5/arina.286481
mv /scratch/pobleyef/286481/* /home-nas/pobleyef/Slim-NOF/ncwo1/Slim05/PNOF5/arina.286481
