HAL59-BrBr_NCH
/software/eb2024/easybuild/software/common/software/Julia/1.11.3-linux-x86_64/bin/julia
Job runing on nh007
Choosing scratch ...
Automatic scratch folder selection
/scratch/pobleyef/286487
/scratch/pobleyef/286487 directory
cp HAL59-BrBr_NCH.jl HAL59-BrBr_NCH.jld2 to  /scratch/pobleyef/286487/.
Computing Integrals
Basis Set                                            = def2-qzvp
Auxiliary Basis Set                                  = def2-universal-jkfit
Gaussian Type                                        = Spherical
Elapsed time:    5.99 Seconds

Number of basis functions                   (NBF)    = 294
Number of auxiliary basis functions         (NBFAUX) = 702
Inactive Doubly occupied orbitals up to     (NO1)    = 0
No. considered Strongly Doubly occupied MOs (NDOC)   = 42
No. considered Strongly Singly occupied MOs (NSOC)   = 0
NO. of Weakly occ. per St. Doubly occ.  MOs (NCWO)   = 1
Dimension of the Nat. Orb. subspace         (NBF5)   = 84
No. of electrons                                     = 84
    No. of alpha electrons                           = 42
    No. of beta electrons                            = 42
Multiplicity                                         = 1

Geometry
========
Br       0.0000000       0.0000000       1.9199780
Br       0.0000000       0.0000000      -0.3671470
 N       0.0000000       0.0000000      -3.2350060
 C       0.0000000       0.0000000      -4.3766260
 H       0.0000000       0.0000000      -5.4442760

No violations of the orthonormality
No violations of the orthonormality
 
PNOF5/ADABelief Calculation
==================
 
  Nitext  Nit_orb  Time   Nit_occ  Time         Eelec          Etot           Ediff      maxdiff    MaxGrad_orb  Grad_occ
     1      10    3.0e+01    0    3.4e+01 -5667.30116782 -5237.86681106 -15666.30116782   0.000454   1.8e-03   1.5e-04 0.06
 
RESULTS OF THE OCCUPATION OPTIMIZATION
========================================
   1    2.0000000  -442.83869935
   2    2.0000000  -442.79800152
   3    2.0000000  -78.25105461
   4    2.0000000  -51.24541747
   5    2.0000000  -50.66757745
   6    2.0000000  -49.12444038
   7    2.0000000  -48.68304156
   8    2.0000000  -48.55340122
   9    2.0000000  -45.48111089
  10    2.0000000  -45.06758789
  11    2.0000000  -31.20529597
  12    2.0000000  -30.29799833
  13    2.0000000  -21.30542340
  14    2.0000000  -14.19191433
  15    2.0000000  -10.83617560
  16    2.0000000  -10.26446941
  17    2.0000000  -9.54842592
  18    2.0000000  -9.34620489
  19    2.0000000  -8.81733985
  20    2.0000000  -8.29898932
  21    2.0000000  -8.23029734
  22    2.0000000  -8.00032980
  23    2.0000000  -7.98995291
  24    2.0000000  -7.90956657
  25    2.0000000  -7.89497243
  26    2.0000000  -7.58628084
  27    2.0000000  -7.56466610
  28    2.0000000  -7.45880470
  29    2.0000000  -7.38693293
  30    2.0000000  -7.38575916
  31    2.0000000  -7.18546708
  32    2.0000000  -7.11542007
  33    2.0000000  -6.60753715
  34    2.0000000  -5.90186616
  35    2.0000000  -5.59810790
  36    2.0000000  -4.96270290
  37    2.0000000  -4.94937630
  38    2.0000000  -4.52109096
  39    2.0000000  -4.36357836
  40    2.0000000  -3.76442374
  41    2.0000000  -3.44718911
  42    1.9385659  -0.52769019
  43    0.0614341  -0.02944216
  44    0.0000000  -0.00000001
  45    0.0000000  -0.00000000
  46    0.0000000  -0.00000001
  47    0.0000000  -0.00000000
  48    0.0000000  -0.00000000
  49    0.0000000  -0.00000000
  50    0.0000000  -0.00000000
  51    0.0000000  -0.00000000
  52    0.0000000  -0.00000000
  53    0.0000000  -0.00000007
  54    0.0000000  -0.00000007
  55    0.0000000  -0.00000009
  56    0.0000000  -0.00000006
  57    0.0000000  -0.00000021
  58    0.0000000  -0.00000003
  59    0.0000000  -0.00000008
  60    0.0000000  -0.00000000
  61    0.0000000  -0.00000000
  62    0.0000000  -0.00000000
  63    0.0000000  -0.00000000
  64    0.0000000  -0.00000000
  65    0.0000000  -0.00000000
  66    0.0000000  -0.00000000
  67    0.0000000  -0.00000000
  68    0.0000000  -0.00000000
  69    0.0000000  -0.00000000
  70    0.0000000  -0.00000000
  71    0.0000000  -0.00000000
  72    0.0000000  -0.00000000
  73    0.0000000  -0.00000000
  74    0.0000000  -0.00000000
  75    0.0000000  -0.00000000
  76    0.0000000  -0.00000000
  77    0.0000000  -0.00000000
  78    0.0000000  -0.00000000
  79    0.0000000  -0.00000000
  80    0.0000000  -0.00000000
  81    0.0000000  -0.00000000
  82    0.0000000  -0.00000006
  83    0.0000000  -0.00008994
  84    0.0000000  -0.00003903
 
----------------
 Final Energies 
----------------
Final NOF Total Energy =   -5237.8668111
 
Total Orbital Internal Iterations = 10
Total Occupation Internal Iterations = 0
 
Elapsed time:   84.55 Seconds

---------------------------------
   Lowdin Population Analysis    
---------------------------------
 Idx  Atom   Population   Charge 
---------------------------------
  1    Br    35.042      -0.042
  2    Br    34.962       0.038
  3     N     6.926       0.074
  4     C     5.939       0.061
  5     H     1.131      -0.131

---------------------------------
   M Diagnostic: 0.06
---------------------------------

Recovering execution output...
Moving from /scratch/pobleyef/286487 to /home-nas/pobleyef/Slim-NOF/ncwo1/Slim05/PNOF5/arina.286487
mkdir -p /home-nas/pobleyef/Slim-NOF/ncwo1/Slim05/PNOF5/arina.286487
mv /scratch/pobleyef/286487/* /home-nas/pobleyef/Slim-NOF/ncwo1/Slim05/PNOF5/arina.286487
