PA26-c2h2p
/software/eb2024/easybuild/software/common/software/Julia/1.11.3-linux-x86_64/bin/julia
Job runing on nh010
Choosing scratch ...
Automatic scratch folder selection
/scratch/pobleyef/286511
/scratch/pobleyef/286511 directory
cp PA26-c2h2p.jl PA26-c2h2p.jld2 to  /scratch/pobleyef/286511/.
Computing Integrals
Basis Set                                            = def2-qzvp
Auxiliary Basis Set                                  = def2-universal-jkfit
Gaussian Type                                        = Spherical
Elapsed time:    4.00 Seconds

Number of basis functions                   (NBF)    = 204
Number of auxiliary basis functions         (NBFAUX) = 204
Inactive Doubly occupied orbitals up to     (NO1)    = 0
No. considered Strongly Doubly occupied MOs (NDOC)   = 7
No. considered Strongly Singly occupied MOs (NSOC)   = 0
NO. of Weakly occ. per St. Doubly occ.  MOs (NCWO)   = 1
Dimension of the Nat. Orb. subspace         (NBF5)   = 14
No. of electrons                                     = 14
    No. of alpha electrons                           = 7
    No. of beta electrons                            = 7
Multiplicity                                         = 1

Geometry
========
 C       0.6094085       0.0000000       0.2226866
 H       1.6886612       0.0000000       0.2335521
 C      -0.6094085       0.0000000       0.2226866
 H      -1.6886612       0.0000000       0.2335521
 H       0.0000000       0.0000000      -0.9124773

No violations of the orthonormality
No violations of the orthonormality
 
PNOF5/ADABelief Calculation
==================
 
  Nitext  Nit_orb  Time   Nit_occ  Time         Eelec          Etot           Ediff      maxdiff    MaxGrad_orb  Grad_occ
     1      10    2.9e+01    4    3.4e+01  -107.07832914   -77.19746903 -10106.07832914   0.002594   1.0e-02   4.3e-05 0.06
     2      20    2.1e+00    2    5.7e-02  -107.08410724   -77.20324713    -0.00577809   0.003063   1.2e-02   1.2e-04 0.06
     3      20    2.2e+00    2    3.7e-03  -107.08432170   -77.20346159    -0.00021447   0.003902   1.6e-02   5.6e-05 0.06
     4      20    2.4e+00    1    2.8e-02  -107.08437581   -77.20351570    -0.00005411   0.003292   1.3e-02   1.4e-04 0.06
     5      20    2.4e+00    1    2.1e-02  -107.08447615   -77.20361604    -0.00010034   0.003481   1.4e-02   1.3e-04 0.06
     6      20    2.3e+00    0    5.1e-02  -107.08448337   -77.20362326    -0.00000722   0.003481   1.4e-02   1.3e-04 0.06
     7      28    3.1e+00    1    3.2e-02  -107.08464812   -77.20378801    -0.00016474   0.000461   1.8e-03   1.2e-04 0.06
 
RESULTS OF THE OCCUPATION OPTIMIZATION
========================================
   1    1.9996129  -11.57646442
   2    1.9995238  -11.25227258
   3    2.0000000  -1.41832710
   4    1.9897922  -1.13499510
   5    1.9873924  -1.11539863
   6    1.9858361  -1.04899692
   7    1.9375840  -0.74650468
   8    0.0624160  -0.03578789
   9    0.0141639  -0.01454064
  10    0.0126076  -0.01293067
  11    0.0102078  -0.01166493
  12    0.0000000  -0.00001627
  13    0.0004762  -0.00906117
  14    0.0003871  -0.00786364
 
----------------
 Final Energies 
----------------
Final NOF Total Energy =     -77.2037880
 
Total Orbital Internal Iterations = 138
Total Occupation Internal Iterations = 11
 
Elapsed time:   97.89 Seconds

---------------------------------
   Lowdin Population Analysis    
---------------------------------
 Idx  Atom   Population   Charge 
---------------------------------
  1     C     5.512       0.488
  2     H     1.033      -0.033
  3     C     5.509       0.491
  4     H     1.028      -0.028
  5     H     0.918       0.082

---------------------------------
   M Diagnostic: 0.06
---------------------------------

Recovering execution output...
Moving from /scratch/pobleyef/286511 to /home-nas/pobleyef/Slim-NOF/ncwo1/Slim05/PNOF5/arina.286511
mkdir -p /home-nas/pobleyef/Slim-NOF/ncwo1/Slim05/PNOF5/arina.286511
mv /scratch/pobleyef/286511/* /home-nas/pobleyef/Slim-NOF/ncwo1/Slim05/PNOF5/arina.286511
