SIE4x4-he
/software/eb2024/easybuild/software/common/software/Julia/1.11.3-linux-x86_64/bin/julia
Job runing on nh007
Choosing scratch ...
Automatic scratch folder selection
/scratch/pobleyef/286545
/scratch/pobleyef/286545 directory
cp SIE4x4-he.jl SIE4x4-he.jld2 to  /scratch/pobleyef/286545/.
SIE4x4-he_C.jld2 not found
SIE4x4-he_n.jld2 not found
Computing Integrals
Basis Set                                            = def2-qzvp
Auxiliary Basis Set                                  = def2-universal-jkfit
Gaussian Type                                        = Spherical
Elapsed time:    3.27 Seconds

Number of basis functions                   (NBF)    = 30
Number of auxiliary basis functions         (NBFAUX) = 23
Inactive Doubly occupied orbitals up to     (NO1)    = 0
No. considered Strongly Doubly occupied MOs (NDOC)   = 1
No. considered Strongly Singly occupied MOs (NSOC)   = 0
NO. of Weakly occ. per St. Doubly occ.  MOs (NCWO)   = 1
Dimension of the Nat. Orb. subspace         (NBF5)   = 2
No. of electrons                                     = 2
    No. of alpha electrons                           = 1
    No. of beta electrons                            = 1
Multiplicity                                         = 1

Geometry
========
He       0.0000000       0.0000000       0.0000000

No violations of the orthonormality
No violations of the orthonormality
 
PNOF5/ADABelief Calculation
==================
 
  Nitext  Nit_orb  Time   Nit_occ  Time         Eelec          Etot           Ediff      maxdiff    MaxGrad_orb  Grad_occ
     1      10    2.8e+01    4    3.4e+01    -2.86425948    -2.86425948 -10001.86425948   0.048131   1.9e-01   2.9e-05 0.01
     2      10    1.1e-03    2    1.5e-04    -2.87565715    -2.87565715    -0.01139766   0.013915   5.6e-02   1.2e-04 0.01
     3      10    1.1e-03    1    9.8e-05    -2.87737019    -2.87737019    -0.00171304   0.010956   4.4e-02   1.5e-06 0.01
     4      10    1.1e-03    1    8.2e-05    -2.87753882    -2.87753882    -0.00016862   0.010850   4.3e-02   2.2e-05 0.01
     5      10    1.0e-03    1    8.2e-05    -2.87755438    -2.87755438    -0.00001556   0.010860   4.3e-02   1.4e-06 0.01
     6      10    1.0e-03    0    6.1e-05    -2.87755609    -2.87755609    -0.00000172   0.010858   4.3e-02   3.5e-05 0.01
     7      16    3.6e-02    0    8.0e-05    -2.87773139    -2.87773139    -0.00017530   0.000371   1.5e-03   4.8e-05 0.01
 
RESULTS OF THE OCCUPATION OPTIMIZATION
========================================
   1    1.9917430  -0.93222823
   2    0.0082570  -0.01220736
 
----------------
 Final Energies 
----------------
Final NOF Total Energy =      -2.8777314
 
Total Orbital Internal Iterations = 76
Total Occupation Internal Iterations = 9
 
Elapsed time:   81.32 Seconds

---------------------------------
   Lowdin Population Analysis    
---------------------------------
 Idx  Atom   Population   Charge 
---------------------------------
  1    He     2.000       0.000

---------------------------------
   M Diagnostic: 0.01
---------------------------------

Recovering execution output...
Moving from /scratch/pobleyef/286545 to /home-nas/pobleyef/Slim-NOF/ncwo1/Slim05/PNOF5/arina.286545
mkdir -p /home-nas/pobleyef/Slim-NOF/ncwo1/Slim05/PNOF5/arina.286545
mv /scratch/pobleyef/286545/* /home-nas/pobleyef/Slim-NOF/ncwo1/Slim05/PNOF5/arina.286545
