W4-11-f
/software/eb2024/easybuild/software/common/software/Julia/1.11.3-linux-x86_64/bin/julia
Job runing on nh008
Choosing scratch ...
Automatic scratch folder selection
/scratch/pobleyef/286561
/scratch/pobleyef/286561 directory
cp W4-11-f.jl W4-11-f.jld2 to  /scratch/pobleyef/286561/.
Computing Integrals
Basis Set                                            = def2-qzvp
Auxiliary Basis Set                                  = def2-universal-jkfit
Gaussian Type                                        = Spherical
Elapsed time:    3.41 Seconds

Number of basis functions                   (NBF)    = 57
Number of auxiliary basis functions         (NBFAUX) = 77
Inactive Doubly occupied orbitals up to     (NO1)    = 0
No. considered Strongly Doubly occupied MOs (NDOC)   = 4
No. considered Strongly Singly occupied MOs (NSOC)   = 1
NO. of Weakly occ. per St. Doubly occ.  MOs (NCWO)   = 1
Dimension of the Nat. Orb. subspace         (NBF5)   = 9
No. of electrons                                     = 9
    No. of alpha electrons                           = 5
    No. of beta electrons                            = 4
Multiplicity                                         = 2

Geometry
========
 F       0.0000000       0.0000000       0.0000000

No violations of the orthonormality
No violations of the orthonormality
 
PNOF5/ADABelief Calculation
==================
 
  Nitext  Nit_orb  Time   Nit_occ  Time         Eelec          Etot           Ediff      maxdiff    MaxGrad_orb  Grad_occ
     1      10    2.8e+01    3    3.4e+01   -99.45208902   -99.45208902 -10098.45208902   0.002245   9.0e-03   6.1e-05 0.01
     2      20    4.8e-02    1    7.0e-04   -99.45814669   -99.45814669    -0.00605767   0.009512   3.8e-02   1.1e-04 0.01
     3      20    2.2e-02    0    8.6e-04   -99.45821741   -99.45821741    -0.00007072   0.009512   3.8e-02   1.1e-04 0.01
     4      39    4.2e-02    1    6.3e-04   -99.45827833   -99.45827833    -0.00006092   0.000487   1.9e-03   3.3e-05 0.01
 
RESULTS OF THE OCCUPATION OPTIMIZATION
========================================
   1    1.9998638  -26.34516370
   2    1.9941781  -1.02747225
   3    1.9941772  -1.02738858
   4    1.9941754  -1.02697158
   5    1.0000000  -0.42083117
   6    0.0058246  -0.00959013
   7    0.0058228  -0.00959053
   8    0.0058219  -0.00958965
   9    0.0001362  -0.00652801
 
----------------
 Final Energies 
----------------
Final NOF Total Energy =     -99.4582783
 
Total Orbital Internal Iterations = 89
Total Occupation Internal Iterations = 5
 
Elapsed time:   80.85 Seconds

---------------------------------
   Lowdin Population Analysis    
---------------------------------
 Idx  Atom   Population   Charge 
---------------------------------
  1     F     9.000      -0.000

---------------------------------
   M Diagnostic: 0.01
---------------------------------

Recovering execution output...
Moving from /scratch/pobleyef/286561 to /home-nas/pobleyef/Slim-NOF/ncwo1/Slim05/PNOF5/arina.286561
mkdir -p /home-nas/pobleyef/Slim-NOF/ncwo1/Slim05/PNOF5/arina.286561
mv /scratch/pobleyef/286561/* /home-nas/pobleyef/Slim-NOF/ncwo1/Slim05/PNOF5/arina.286561
