Computing Integrals
Basis Set                                            = def2-qzvp
Auxiliary Basis Set                                  = def2-universal-jkfit
Gaussian Type                                        = Spherical
Elapsed time:   27.09 Seconds

Number of basis functions                   (NBF)    = 258
Number of auxiliary basis functions         (NBFAUX) = 326
Inactive Doubly occupied orbitals up to     (NO1)    = 0
No. considered Strongly Doubly occupied MOs (NDOC)   = 16
No. considered Strongly Singly occupied MOs (NSOC)   = 0
NO. of Weakly occ. per St. Doubly occ.  MOs (NCWO)   = 1
Dimension of the Nat. Orb. subspace         (NBF5)   = 32
No. of electrons                                     = 32
    No. of alpha electrons                           = 16
    No. of beta electrons                            = 16
Multiplicity                                         = 1

Geometry
========
 N      -6.0621076       1.0771483       0.1240269
 N      -4.9480154       1.4388084       0.4093913
 N      -7.1816965       0.7579418      -0.1486349
 F      -2.7901934       0.0821206       0.3920122
 H      -3.6339477       0.5853423       0.3904000

No violations of the orthonormality
No violations of the orthonormality
 
PNOF8/ADABelief Calculation
==================
 
  Nitext  Nit_orb  Time   Nit_occ  Time         Eelec          Etot           Ediff      maxdiff    MaxGrad_orb  Grad_occ
     1      10    8.1e+01    9    3.4e+01  -357.89780224  -263.92895060 -10356.89780224   0.026332   1.1e-01   1.9e-04 0.06
     2      20    1.0e+02    6    3.6e-02  -358.07273536  -264.10388372    -0.17493312   0.011378   4.6e-02   1.9e-04 0.05
     3      20    9.5e+01    7    2.1e-02  -358.08720424  -264.11835260    -0.01446888   0.014235   5.7e-02   6.3e-05 0.05
     4      20    9.9e+01    5    3.0e-02  -358.09271747  -264.12386583    -0.00551323   0.017945   7.2e-02   2.0e-04 0.05
     5      20    1.0e+02    4    3.7e-02  -358.09505234  -264.12620071    -0.00233487   0.016040   6.4e-02   2.4e-04 0.05
     6      20    9.7e+01    4    4.0e-02  -358.09574267  -264.12689103    -0.00069032   0.018349   7.3e-02   2.2e-04 0.05
     7      20    1.0e+02    4    4.1e-02  -358.09657455  -264.12772291    -0.00083188   0.014900   6.0e-02   2.4e-04 0.05
     8      20    1.0e+02    3    2.4e-02  -358.09727550  -264.12842387    -0.00070095   0.015480   6.2e-02   2.4e-04 0.05
     9      20    9.6e+01    4    3.7e-02  -358.09761088  -264.12875924    -0.00033538   0.017489   7.0e-02   1.8e-04 0.05
    10      20    1.0e+02    4    3.3e-02  -358.09857644  -264.12972480    -0.00096555   0.015712   6.3e-02   1.8e-04 0.05
    11      20    9.4e+01    4    3.2e-02  -358.09915253  -264.13030089    -0.00057609   0.018795   7.5e-02   1.9e-04 0.05
    12      20    9.9e+01    4    4.6e-02  -358.09970602  -264.13085439    -0.00055349   0.015505   6.2e-02   2.4e-04 0.05
    13      20    1.0e+02    5    3.3e-02  -358.09996472  -264.13111308    -0.00025869   0.019326   7.7e-02   9.3e-05 0.05
    14      20    9.6e+01    0    2.2e-02  -358.10000300  -264.13115136    -0.00003828   0.019326   7.7e-02   9.3e-05 0.05
    15      40    1.9e+02    5    3.8e-02  -358.10291903  -264.13406740    -0.00291604   0.000885   3.5e-03   3.7e-05 0.05
 
RESULTS OF THE OCCUPATION OPTIMIZATION
========================================
   1    1.9998474  -26.11853703
   2    1.9996647  -15.47974807
   3    1.9997214  -15.39926768
   4    1.9997111  -15.37722994
   5    1.9902671  -1.34282939
   6    1.9923218  -1.22564167
   7    1.9911785  -1.01695140
   8    1.9858986  -0.55081413
   9    1.9667993  -0.54587556
  10    1.9803351  -0.46788631
  11    1.9802637  -0.46620546
  12    1.9760559  -0.45873329
  13    1.9831569  -0.45315562
  14    1.9660357  -0.43487901
  15    1.9451201  -0.18316831
  16    1.9455546  -0.16464911
  17    0.0544454  -0.05517021
  18    0.0548799  -0.05534472
  19    0.0339643  -0.04532664
  20    0.0168431  -0.01938984
  21    0.0239441  -0.02962548
  22    0.0197363  -0.02388651
  23    0.0196649  -0.02379084
  24    0.0332007  -0.04158365
  25    0.0141014  -0.01825024
  26    0.0088215  -0.01231951
  27    0.0076782  -0.01322732
  28    0.0097329  -0.02465202
  29    0.0002889  -0.00705246
  30    0.0002786  -0.00695559
  31    0.0003353  -0.00796765
  32    0.0001526  -0.00653389
 
----------------
 Final Energies 
----------------
Final NOF Total Energy =    -264.1340674
 
Total Orbital Internal Iterations = 310
Total Occupation Internal Iterations = 68
 
Elapsed time: 1662.95 Seconds

---------------------------------
   Lowdin Population Analysis    
---------------------------------
 Idx  Atom   Population   Charge 
---------------------------------
  1     N     7.185      -0.185
  2     N     7.174      -0.174
  3     N     7.275      -0.275
  4     F     8.715       0.285
  5     H     1.652      -0.652

---------------------------------
   M Diagnostic: 0.05
---------------------------------

