Computing Integrals
Basis Set                                            = def2-qzvp
Auxiliary Basis Set                                  = def2-universal-jkfit
Gaussian Type                                        = Spherical
Elapsed time:    3.11 Seconds

Number of basis functions                   (NBF)    = 177
Number of auxiliary basis functions         (NBFAUX) = 147
Inactive Doubly occupied orbitals up to     (NO1)    = 0
No. considered Strongly Doubly occupied MOs (NDOC)   = 5
No. considered Strongly Singly occupied MOs (NSOC)   = 0
NO. of Weakly occ. per St. Doubly occ.  MOs (NCWO)   = 1
Dimension of the Nat. Orb. subspace         (NBF5)   = 10
No. of electrons                                     = 10
    No. of alpha electrons                           = 5
    No. of beta electrons                            = 5
Multiplicity                                         = 1

Geometry
========
 C       0.0000000       0.0000000       0.0000000
 H       0.6278371      -0.6278371       0.6278371
 H      -0.6278371       0.6278371       0.6278371
 H      -0.6278371      -0.6278371      -0.6278371
 H       0.6278371       0.6278371      -0.6278371

No violations of the orthonormality
No violations of the orthonormality
 
PNOF8/ADABelief Calculation
==================
 
  Nitext  Nit_orb  Time   Nit_occ  Time         Eelec          Etot           Ediff      maxdiff    MaxGrad_orb  Grad_occ
     1      10    7.1e+01    3    3.1e+01   -53.83036294   -40.36344256 -10052.83036294   0.165865   6.6e-01   1.5e-04 0.03
     2      10    4.6e+01    2    7.9e-03   -53.83456524   -40.36764486    -0.00420230   0.115211   4.6e-01   1.2e-04 0.03
     3      10    3.8e+01    0    2.4e-02   -53.83463378   -40.36771340    -0.00006854   0.115211   4.6e-01   1.2e-04 0.03
     4      28    1.1e+02    1    3.7e-03   -53.84271027   -40.37578988    -0.00807648   0.000440   1.8e-03   6.9e-05 0.03
 
RESULTS OF THE OCCUPATION OPTIMIZATION
========================================
   1    1.9996061  -11.20160668
   2    1.9793656  -0.90735130
   3    1.9714762  -0.58365606
   4    1.9705752  -0.57036690
   5    1.9701011  -0.56531464
   6    0.0298989  -0.02620951
   7    0.0294248  -0.02615351
   8    0.0285238  -0.02604146
   9    0.0206344  -0.02382432
  10    0.0003939  -0.00735424
 
----------------
 Final Energies 
----------------
Final NOF Total Energy =     -40.3757899
 
Total Orbital Internal Iterations = 58
Total Occupation Internal Iterations = 6
 
Elapsed time:  331.70 Seconds

---------------------------------
   Lowdin Population Analysis    
---------------------------------
 Idx  Atom   Population   Charge 
---------------------------------
  1     C     5.692       0.308
  2     H     1.078      -0.078
  3     H     1.078      -0.078
  4     H     1.077      -0.077
  5     H     1.075      -0.075

---------------------------------
   M Diagnostic: 0.03
---------------------------------

