Computing Integrals
Basis Set                                            = def2-qzvp
Auxiliary Basis Set                                  = def2-universal-jkfit
Gaussian Type                                        = Spherical
Elapsed time:    6.40 Seconds

Number of basis functions                   (NBF)    = 147
Number of auxiliary basis functions         (NBFAUX) = 129
Inactive Doubly occupied orbitals up to     (NO1)    = 0
No. considered Strongly Doubly occupied MOs (NDOC)   = 4
No. considered Strongly Singly occupied MOs (NSOC)   = 1
NO. of Weakly occ. per St. Doubly occ.  MOs (NCWO)   = 1
Dimension of the Nat. Orb. subspace         (NBF5)   = 9
No. of electrons                                     = 9
    No. of alpha electrons                           = 5
    No. of beta electrons                            = 4
Multiplicity                                         = 2

Geometry
========
 C       0.0000000       0.0000000       0.0000000
 H       0.5386581       0.9329832       0.0000000
 H       0.5386581      -0.9329832       0.0000000
 H      -1.0773162       0.0000000       0.0000000

No violations of the orthonormality
No violations of the orthonormality
 
PNOF8/ADABelief Calculation
==================
 
  Nitext  Nit_orb  Time   Nit_occ  Time         Eelec          Etot           Ediff      maxdiff    MaxGrad_orb  Grad_occ
     1      10    5.8e+01    2    2.9e+01   -49.39238359   -39.70002973 -10048.39238359   0.127011   5.1e-01   6.8e-05 0.03
     2      10    3.4e+01    2    7.5e-02   -49.39479824   -39.70244439    -0.00241465   0.103206   4.1e-01   1.1e-04 0.03
     3      10    3.4e+01    0    4.5e-03   -49.39481415   -39.70246030    -0.00001591   0.103206   4.1e-01   1.1e-04 0.03
     4      30    1.0e+02    1    2.4e-02   -49.40120114   -39.70884729    -0.00638699   0.000904   3.6e-03   1.9e-05 0.03
 
RESULTS OF THE OCCUPATION OPTIMIZATION
========================================
   1    1.9995585  -11.21999502
   2    1.9745119  -0.86006119
   3    1.9696489  -0.61724286
   4    1.9692977  -0.60809011
   5    1.0000000  -0.19746956
   6    0.0307023  -0.02669150
   7    0.0303511  -0.02672647
   8    0.0254881  -0.02536912
   9    0.0004415  -0.00802477
 
----------------
 Final Energies 
----------------
Final NOF Total Energy =     -39.7088473
 
Total Orbital Internal Iterations = 60
Total Occupation Internal Iterations = 5
 
Elapsed time:  273.47 Seconds

---------------------------------
   Lowdin Population Analysis    
---------------------------------
 Idx  Atom   Population   Charge 
---------------------------------
  1     C     5.573       0.427
  2     H     1.143      -0.143
  3     H     1.141      -0.141
  4     H     1.143      -0.143

---------------------------------
   M Diagnostic: 0.03
---------------------------------

