BH76-hco_C.jld2 not found
BH76-hco_n.jld2 not found
Computing Integrals
Basis Set                                            = def2-qzvp
Auxiliary Basis Set                                  = def2-universal-jkfit
Gaussian Type                                        = Spherical
Elapsed time:    2.91 Seconds

Number of basis functions                   (NBF)    = 144
Number of auxiliary basis functions         (NBFAUX) = 170
Inactive Doubly occupied orbitals up to     (NO1)    = 0
No. considered Strongly Doubly occupied MOs (NDOC)   = 7
No. considered Strongly Singly occupied MOs (NSOC)   = 1
NO. of Weakly occ. per St. Doubly occ.  MOs (NCWO)   = 1
Dimension of the Nat. Orb. subspace         (NBF5)   = 15
No. of electrons                                     = 15
    No. of alpha electrons                           = 8
    No. of beta electrons                            = 7
Multiplicity                                         = 2

Geometry
========
 H      -0.6086106       0.8210344       0.0000000
 C       0.3043053       0.1777983       0.0000000
 O       0.3043053      -0.9988326       0.0000000

No violations of the orthonormality
No violations of the orthonormality
 
PNOF8/ADABelief Calculation
==================
 
  Nitext  Nit_orb  Time   Nit_occ  Time         Eelec          Etot           Ediff      maxdiff    MaxGrad_orb  Grad_occ
     1      10    7.2e+01    5    2.4e+01  -135.02356523  -108.51377302 -10134.02356523   0.646422   2.6e+00   8.1e-05 0.01
     2      10    5.4e+01    7    1.3e-02  -138.56888984  -112.05909763    -3.54532460   0.357951   1.4e+00   1.1e-04 0.02
     3      10    5.9e+01    9    2.2e-02  -139.64329754  -113.13350533    -1.07440770   0.203970   8.2e-01   7.7e-05 0.03
     4      10    5.5e+01    7    5.4e-03  -139.96373356  -113.45394135    -0.32043602   0.163749   6.5e-01   1.9e-04 0.04
     5      10    5.6e+01    6    2.3e-02  -140.03176824  -113.52197603    -0.06803468   0.182557   7.3e-01   1.5e-04 0.04
     6      10    5.7e+01    3    1.3e-02  -140.05988177  -113.55008956    -0.02811353   0.230417   9.2e-01   1.6e-04 0.04
     7      10    5.9e+01    3    5.1e-03  -140.06794286  -113.55815065    -0.00806109   0.200927   8.0e-01   1.1e-04 0.04
     8      10    6.0e+01    3    1.3e-02  -140.07034518  -113.56055297    -0.00240231   0.238727   9.5e-01   1.3e-04 0.05
     9      10    5.8e+01    3    1.3e-02  -140.07328962  -113.56349741    -0.00294444   0.210622   8.4e-01   1.2e-04 0.05
    10      10    5.4e+01    0    2.7e-03  -140.07349317  -113.56370096    -0.00020355   0.210622   8.4e-01   1.2e-04 0.05
    11      30    1.7e+02    3    1.0e-02  -140.10231230  -113.59252009    -0.02881914   0.003503   1.4e-02   1.1e-04 0.05
    12      30    1.7e+02    3    3.7e-03  -140.10327249  -113.59348028    -0.00096019   0.004702   1.9e-02   1.1e-04 0.05
    13      30    1.7e+02    3    7.2e-02  -140.10380753  -113.59401533    -0.00053504   0.004941   2.0e-02   1.5e-04 0.05
    14      30    1.7e+02    2    3.6e-03  -140.10406458  -113.59427237    -0.00025705   0.005231   2.1e-02   1.7e-04 0.05
    15      30    1.7e+02    2    1.4e-02  -140.10415629  -113.59436408    -0.00009171   0.004632   1.9e-02   1.8e-04 0.05
    16      30    1.7e+02    0    3.1e-02  -140.10417632  -113.59438411    -0.00002003   0.004632   1.9e-02   1.8e-04 0.05
    17      46    2.6e+02    2    2.7e-02  -140.10445844  -113.59466623    -0.00028212   0.000510   2.0e-03   1.1e-04 0.05
 
RESULTS OF THE OCCUPATION OPTIMIZATION
========================================
   1    1.9997805  -20.64231734
   2    1.9994914  -11.32143712
   3    1.9914638  -1.45266998
   4    1.9838950  -0.73833556
   5    1.9688644  -0.73065098
   6    1.9697480  -0.71227185
   7    1.9451234  -0.59799695
   8    1.0000000  -0.21364758
   9    0.0548766  -0.05643696
  10    0.0302520  -0.04020302
  11    0.0311356  -0.02907830
  12    0.0161050  -0.02380505
  13    0.0085362  -0.01592983
  14    0.0005086  -0.00898028
  15    0.0002195  -0.00736777
 
----------------
 Final Energies 
----------------
Final NOF Total Energy =    -113.5946662
 
Total Orbital Internal Iterations = 326
Total Occupation Internal Iterations = 61
 
Elapsed time: 1913.94 Seconds

---------------------------------
   Lowdin Population Analysis    
---------------------------------
 Idx  Atom   Population   Charge 
---------------------------------
  1     H     1.158      -0.158
  2     C     6.148      -0.148
  3     O     7.694       0.306

---------------------------------
   M Diagnostic: 0.05
---------------------------------

