Computing Integrals
Basis Set                                            = def2-qzvp
Auxiliary Basis Set                                  = def2-universal-jkfit
Gaussian Type                                        = Spherical
Elapsed time:   24.18 Seconds

Number of basis functions                   (NBF)    = 200
Number of auxiliary basis functions         (NBFAUX) = 292
Inactive Doubly occupied orbitals up to     (NO1)    = 0
No. considered Strongly Doubly occupied MOs (NDOC)   = 17
No. considered Strongly Singly occupied MOs (NSOC)   = 0
NO. of Weakly occ. per St. Doubly occ.  MOs (NCWO)   = 1
Dimension of the Nat. Orb. subspace         (NBF5)   = 34
No. of electrons                                     = 34
    No. of alpha electrons                           = 17
    No. of beta electrons                            = 17
Multiplicity                                         = 1

Geometry
========
 S       1.0572291       0.0000000      -0.6622784
 S      -1.0572291       0.0000000      -0.6622784
 H       1.2093176       0.0000000       0.6627105
 H      -1.2093176       0.0000000       0.6627105

No violations of the orthonormality
No violations of the orthonormality
 
PNOF8/ADABelief Calculation
==================
 
  Nitext  Nit_orb  Time   Nit_occ  Time         Eelec          Etot           Ediff      maxdiff    MaxGrad_orb  Grad_occ
     1      10    7.8e+01   15    3.1e+01  -880.11987176  -796.68637301 -10879.11987176   0.022664   9.1e-02   1.2e-04 0.05
     2      20    1.1e+02    7    2.4e-02  -880.27476716  -796.84126841    -0.15489540   0.075517   3.0e-01   1.6e-04 0.05
     3      20    1.0e+02    7    2.2e-02  -880.30745331  -796.87395456    -0.03268615   0.069927   2.8e-01   2.0e-04 0.04
     4      20    1.1e+02    6    2.4e-02  -880.31728164  -796.88378290    -0.00982833   0.054959   2.2e-01   2.0e-04 0.04
     5      20    9.7e+01    6    2.5e-02  -880.32699628  -796.89349754    -0.00971464   0.057068   2.3e-01   1.5e-04 0.04
     6      20    9.7e+01    6    1.5e-02  -880.32844227  -796.89494353    -0.00144599   0.070472   2.8e-01   7.6e-05 0.04
     7      20    1.0e+02    0    5.7e-02  -880.32857365  -796.89507490    -0.00013137   0.070472   2.8e-01   7.6e-05 0.04
     8      40    2.0e+02    5    2.4e-02  -880.34137001  -796.90787127    -0.01279637   0.006318   2.5e-02   6.6e-05 0.04
     9      40    2.0e+02    4    2.4e-02  -880.34216169  -796.90866294    -0.00079167   0.009642   3.9e-02   1.4e-04 0.04
    10      40    2.1e+02    2    1.4e-02  -880.34262455  -796.90912580    -0.00046286   0.007542   3.0e-02   1.6e-04 0.04
    11      40    2.0e+02    2    1.6e-02  -880.34279587  -796.90929713    -0.00017133   0.008854   3.5e-02   1.3e-04 0.04
    12      40    2.0e+02    2    1.1e-01  -880.34302614  -796.90952739    -0.00023026   0.008285   3.3e-02   1.2e-04 0.04
    13      40    2.0e+02    2    2.1e-02  -880.34303208  -796.90953333    -0.00000594   0.009475   3.8e-02   9.7e-05 0.04
    14      40    2.1e+02    1    2.7e-02  -880.34318915  -796.90969041    -0.00015707   0.008728   3.5e-02   1.8e-04 0.04
    15      40    2.1e+02    0    1.0e-02  -880.34319180  -796.90969305    -0.00000265   0.008728   3.5e-02   1.8e-04 0.04
    16      60    3.0e+02    1    1.8e-02  -880.34370003  -796.91020129    -0.00050823   0.000945   3.8e-03   1.7e-04 0.04
 
RESULTS OF THE OCCUPATION OPTIMIZATION
========================================
   1    1.9999695  -92.03257060
   2    1.9999688  -92.03244144
   3    1.9990699  -8.98714557
   4    1.9990767  -8.98670622
   5    1.9986451  -6.67300491
   6    1.9978995  -6.67279749
   7    1.9985416  -6.67240012
   8    1.9979441  -6.67152336
   9    1.9988216  -6.67121007
  10    1.9985605  -6.67048425
  11    1.9872612  -1.04145802
  12    1.9840300  -0.89557194
  13    1.9643840  -0.54452240
  14    1.9645107  -0.52573423
  15    1.9564989  -0.50832937
  16    1.9762154  -0.46071855
  17    1.9745634  -0.42433496
  18    0.0254366  -0.02470501
  19    0.0237846  -0.02248300
  20    0.0435011  -0.05566471
  21    0.0354893  -0.03893890
  22    0.0356160  -0.03921478
  23    0.0159700  -0.02298569
  24    0.0127388  -0.02454672
  25    0.0014395  -0.01992245
  26    0.0011784  -0.01769754
  27    0.0020559  -0.02762833
  28    0.0014584  -0.01999020
  29    0.0021005  -0.02827482
  30    0.0013549  -0.01908207
  31    0.0009233  -0.01620823
  32    0.0009301  -0.01624060
  33    0.0000312  -0.00532428
  34    0.0000305  -0.00529207
 
----------------
 Final Energies 
----------------
Final NOF Total Energy =    -796.9102013
 
Total Orbital Internal Iterations = 510
Total Occupation Internal Iterations = 66
 
Elapsed time: 2708.81 Seconds

---------------------------------
   Lowdin Population Analysis    
---------------------------------
 Idx  Atom   Population   Charge 
---------------------------------
  1     S    15.715       0.285
  2     S    15.717       0.283
  3     H     1.283      -0.283
  4     H     1.284      -0.284

---------------------------------
   M Diagnostic: 0.04
---------------------------------

