Computing Integrals
Basis Set                                            = def2-qzvp
Auxiliary Basis Set                                  = def2-universal-jkfit
Gaussian Type                                        = Spherical
Elapsed time:    2.98 Seconds

Number of basis functions                   (NBF)    = 200
Number of auxiliary basis functions         (NBFAUX) = 292
Inactive Doubly occupied orbitals up to     (NO1)    = 0
No. considered Strongly Doubly occupied MOs (NDOC)   = 17
No. considered Strongly Singly occupied MOs (NSOC)   = 0
NO. of Weakly occ. per St. Doubly occ.  MOs (NCWO)   = 1
Dimension of the Nat. Orb. subspace         (NBF5)   = 34
No. of electrons                                     = 34
    No. of alpha electrons                           = 17
    No. of beta electrons                            = 17
Multiplicity                                         = 1

Geometry
========
 S      -0.0687310       1.0220312      -0.4834061
 S       0.0687310      -1.0220312      -0.4834061
 H       0.8386269       1.2863190       0.4675986
 H      -0.8386269      -1.2863190       0.4675986

No violations of the orthonormality
No violations of the orthonormality
 
PNOF8/ADABelief Calculation
==================
 
  Nitext  Nit_orb  Time   Nit_occ  Time         Eelec          Etot           Ediff      maxdiff    MaxGrad_orb  Grad_occ
     1      10    2.2e+01    0    2.5e+01  -882.33818638  -796.92908267 -10881.33818638   0.001714   6.9e-03   1.6e-04 0.04
     2      30    3.3e+00    0    2.3e-02  -882.33818638  -796.92908267     0.00000000   0.001714   6.9e-03   1.6e-04 0.04
     3      50    5.6e+00    0    1.0e-02  -882.33818638  -796.92908267     0.00000000   0.001714   6.9e-03   1.6e-04 0.04
     4      70    7.9e+00    0    5.4e-03  -882.33819054  -796.92908683    -0.00000416   0.001858   7.4e-03   1.7e-04 0.04
     5      80    8.6e+00    0    1.7e-02  -882.33820464  -796.92910093    -0.00001410   0.001666   6.7e-03   2.1e-04 0.04
     6      90    1.0e+01    0    1.3e-02  -882.33820985  -796.92910614    -0.00000521   0.001394   5.6e-03   2.1e-04 0.04
     7     100    1.1e+01    0    7.3e-03  -882.33821543  -796.92911171    -0.00000557   0.001226   4.9e-03   2.4e-04 0.04
     8     110    1.4e+01    0    8.3e-03  -882.33821866  -796.92911494    -0.00000323   0.001091   4.4e-03   2.4e-04 0.04
     9     120    1.2e+01    0    4.9e-03  -882.33822192  -796.92911821    -0.00000327   0.000945   3.8e-03   2.6e-04 0.04
 
RESULTS OF THE OCCUPATION OPTIMIZATION
========================================
   1    1.9999639  -92.03563070
   2    1.9999705  -92.03537536
   3    1.9990772  -8.98856089
   4    1.9991120  -8.97829475
   5    1.9988527  -6.68686430
   6    1.9983645  -6.67589017
   7    1.9985571  -6.67534925
   8    1.9977868  -6.67520209
   9    1.9986760  -6.67357747
  10    1.9985594  -6.67313841
  11    1.9900219  -1.03531561
  12    1.9863576  -0.91902005
  13    1.9633762  -0.53204638
  14    1.9635914  -0.52973603
  15    1.9584331  -0.50970969
  16    1.9737948  -0.44990434
  17    1.9736613  -0.44401797
  18    0.0263387  -0.02621028
  19    0.0262052  -0.02619688
  20    0.0415669  -0.05445963
  21    0.0364086  -0.03952287
  22    0.0366238  -0.03994380
  23    0.0136424  -0.02057544
  24    0.0099781  -0.02768858
  25    0.0014406  -0.01992894
  26    0.0013240  -0.01898192
  27    0.0022132  -0.02978535
  28    0.0014429  -0.01994897
  29    0.0016355  -0.02015143
  30    0.0011473  -0.01738653
  31    0.0008880  -0.01586406
  32    0.0009228  -0.01627306
  33    0.0000295  -0.00513812
  34    0.0000361  -0.00595800
 
----------------
 Final Energies 
----------------
Final NOF Total Energy =    -796.9291182
 
Total Orbital Internal Iterations = 660
Total Occupation Internal Iterations = 0
 
Elapsed time:  135.13 Seconds

---------------------------------
   Lowdin Population Analysis    
---------------------------------
 Idx  Atom   Population   Charge 
---------------------------------
  1     S    15.723       0.277
  2     S    15.724       0.276
  3     H     1.277      -0.277
  4     H     1.276      -0.276

---------------------------------
   M Diagnostic: 0.04
---------------------------------

