Computing Integrals
Basis Set                                            = def2-qzvp
Auxiliary Basis Set                                  = def2-universal-jkfit
Gaussian Type                                        = Spherical
Elapsed time:    3.09 Seconds

Number of basis functions                   (NBF)    = 140
Number of auxiliary basis functions         (NBFAUX) = 256
Inactive Doubly occupied orbitals up to     (NO1)    = 0
No. considered Strongly Doubly occupied MOs (NDOC)   = 16
No. considered Strongly Singly occupied MOs (NSOC)   = 1
NO. of Weakly occ. per St. Doubly occ.  MOs (NCWO)   = 1
Dimension of the Nat. Orb. subspace         (NBF5)   = 33
No. of electrons                                     = 33
    No. of alpha electrons                           = 17
    No. of beta electrons                            = 16
Multiplicity                                         = 2

Geometry
========
Cl       0.0000000       0.0000000       0.9693844
Cl       0.0000000       0.0000000      -0.9693844

No violations of the orthonormality
No violations of the orthonormality
 
PNOF8/ADABelief Calculation
==================
 
  Nitext  Nit_orb  Time   Nit_occ  Time         Eelec          Etot           Ediff      maxdiff    MaxGrad_orb  Grad_occ
     1      10    2.3e+01    0    2.7e+01  -998.11971835  -919.23878178 -10997.11971835   0.007935   3.2e-02   1.3e-04 0.05
     2      30    2.9e+00    0    8.8e-02  -998.11971835  -919.23878178     0.00000000   0.007935   3.2e-02   1.3e-04 0.05
     3      50    5.5e+00    1    5.3e-02  -998.11993895  -919.23900238    -0.00022060   0.006176   2.5e-02   1.5e-04 0.05
     4      50    5.1e+00    0    1.9e-02  -998.11995224  -919.23901566    -0.00001328   0.007078   2.8e-02   2.1e-04 0.05
     5      60    6.1e+00    1    1.1e-01  -998.12011061  -919.23917404    -0.00015837   0.004965   2.0e-02   9.8e-05 0.05
     6      60    5.8e+00    0    4.0e-03  -998.12011276  -919.23917618    -0.00000215   0.005438   2.2e-02   1.7e-04 0.05
     7      70    6.5e+00    1    1.5e-02  -998.12021430  -919.23927773    -0.00010154   0.004042   1.6e-02   1.4e-04 0.05
     8      70    6.4e+00    0    1.0e-01  -998.12021477  -919.23927819    -0.00000047   0.004042   1.6e-02   1.4e-04 0.05
     9      89    8.5e+00    0    1.8e-02  -998.12034843  -919.23941185    -0.00013366   0.000489   2.0e-03   1.8e-04 0.05
 
RESULTS OF THE OCCUPATION OPTIMIZATION
========================================
   1    1.9999740  -105.29070348
   2    1.9999740  -105.29053165
   3    1.9993227  -10.96503777
   4    1.9993299  -10.96474040
   5    1.9990288  -8.43188231
   6    1.9990291  -8.43171103
   7    1.9990682  -8.43115846
   8    1.9990694  -8.43060929
   9    1.9980406  -8.42656014
  10    1.9980191  -8.42630944
  11    1.9839365  -1.43583163
  12    1.9835478  -1.43136977
  13    1.9545027  -0.93057817
  14    1.9772836  -0.88740107
  15    1.9652094  -0.85258415
  16    1.9693529  -0.75046099
  17    1.0000000  -0.41584949
  18    0.0306471  -0.03608305
  19    0.0347906  -0.03567106
  20    0.0227164  -0.03010387
  21    0.0454973  -0.07384418
  22    0.0164522  -0.02628854
  23    0.0160635  -0.02613599
  24    0.0019809  -0.03196363
  25    0.0019594  -0.03170071
  26    0.0009306  -0.01786584
  27    0.0009318  -0.01787193
  28    0.0009709  -0.01828097
  29    0.0009712  -0.01828978
  30    0.0006701  -0.01571533
  31    0.0006773  -0.01583602
  32    0.0000260  -0.00520459
  33    0.0000260  -0.00520487
 
----------------
 Final Energies 
----------------
Final NOF Total Energy =    -919.2394119
 
Total Orbital Internal Iterations = 489
Total Occupation Internal Iterations = 3
 
Elapsed time:  114.05 Seconds

---------------------------------
   Lowdin Population Analysis    
---------------------------------
 Idx  Atom   Population   Charge 
---------------------------------
  1    Cl    16.501       0.499
  2    Cl    16.499       0.501

---------------------------------
   M Diagnostic: 0.05
---------------------------------

