Computing Integrals
Basis Set                                            = def2-qzvp
Auxiliary Basis Set                                  = def2-universal-jkfit
Gaussian Type                                        = Spherical
Elapsed time:    6.62 Seconds

Number of basis functions                   (NBF)    = 127
Number of auxiliary basis functions         (NBFAUX) = 203
Inactive Doubly occupied orbitals up to     (NO1)    = 0
No. considered Strongly Doubly occupied MOs (NDOC)   = 10
No. considered Strongly Singly occupied MOs (NSOC)   = 1
NO. of Weakly occ. per St. Doubly occ.  MOs (NCWO)   = 1
Dimension of the Nat. Orb. subspace         (NBF5)   = 21
No. of electrons                                     = 21
    No. of alpha electrons                           = 11
    No. of beta electrons                            = 10
Multiplicity                                         = 2

Geometry
========
 C       0.0000000       0.0000000       0.7455163
 S       0.0000000       0.0000000      -0.7455163

No violations of the orthonormality
No violations of the orthonormality
 
PNOF8/ADABelief Calculation
==================
 
  Nitext  Nit_orb  Time   Nit_occ  Time         Eelec          Etot           Ediff      maxdiff    MaxGrad_orb  Grad_occ
     1      10    5.1e+01    6    2.4e+01  -469.32450598  -435.25354866 -10468.32450598   0.019769   7.9e-02   1.7e-04 0.07
     2      20    6.2e+01    5    3.8e-03  -469.44659106  -435.37563375    -0.12208509   0.036447   1.5e-01   6.3e-05 0.06
     3      20    6.2e+01    5    1.3e-02  -469.45619545  -435.38523814    -0.00960438   0.050115   2.0e-01   2.6e-04 0.06
     4      20    6.2e+01    5    7.8e-03  -469.46194953  -435.39099222    -0.00575409   0.046735   1.9e-01   1.6e-04 0.06
     5      20    6.2e+01    4    1.4e-02  -469.46358834  -435.39263103    -0.00163881   0.038338   1.5e-01   1.1e-04 0.06
     6      20    6.3e+01    0    1.6e-02  -469.46368509  -435.39272778    -0.00009675   0.038338   1.5e-01   1.1e-04 0.06
     7      40    1.2e+02    3    1.4e-02  -469.46726337  -435.39630606    -0.00357828   0.005455   2.2e-02   5.7e-05 0.06
     8      40    1.2e+02    2    1.2e-02  -469.46737031  -435.39641300    -0.00010694   0.008505   3.4e-02   1.7e-04 0.06
     9      40    1.2e+02    2    1.1e-02  -469.46750385  -435.39654654    -0.00013355   0.006343   2.5e-02   1.6e-04 0.06
    10      40    1.2e+02    1    2.6e-02  -469.46753738  -435.39658007    -0.00003353   0.006249   2.5e-02   2.0e-04 0.06
    11      40    1.3e+02    1    4.2e-02  -469.46757308  -435.39661577    -0.00003570   0.006647   2.7e-02   2.0e-04 0.06
    12      40    1.2e+02    1    3.5e-03  -469.46758689  -435.39662958    -0.00001381   0.006419   2.6e-02   1.9e-04 0.06
    13      40    1.2e+02    0    3.2e-02  -469.46759314  -435.39663583    -0.00000625   0.006534   2.6e-02   2.4e-04 0.06
    14      50    1.6e+02    1    3.8e-02  -469.46765756  -435.39670024    -0.00006441   0.004653   1.9e-02   1.9e-04 0.06
    15      50    1.5e+02    0    3.1e-03  -469.46765835  -435.39670104    -0.00000079   0.004653   1.9e-02   1.9e-04 0.06
    16      70    2.2e+02    0    2.5e-03  -469.46774610  -435.39678879    -0.00008775   0.000582   2.3e-03   1.8e-04 0.06
 
RESULTS OF THE OCCUPATION OPTIMIZATION
========================================
   1    1.9999671  -92.40742718
   2    1.9994350  -11.49563028
   3    1.9990749  -9.54260026
   4    1.9987325  -7.04621352
   5    1.9987462  -7.04238744
   6    1.9983254  -7.04225862
   7    1.9894529  -1.38176035
   8    1.9679590  -1.04323456
   9    1.9446951  -0.77786299
  10    1.9445955  -0.77777564
  11    1.0000000  -0.46864335
  12    0.0554045  -0.05995598
  13    0.0553049  -0.05991825
  14    0.0320410  -0.04550504
  15    0.0105471  -0.02805825
  16    0.0016746  -0.02219278
  17    0.0012538  -0.01886675
  18    0.0012675  -0.01890961
  19    0.0009251  -0.01638102
  20    0.0005650  -0.01006762
  21    0.0000329  -0.00560838
 
----------------
 Final Energies 
----------------
Final NOF Total Energy =    -435.3967888
 
Total Orbital Internal Iterations = 560
Total Occupation Internal Iterations = 36
 
Elapsed time: 1800.82 Seconds

---------------------------------
   Lowdin Population Analysis    
---------------------------------
 Idx  Atom   Population   Charge 
---------------------------------
  1     C     5.995       0.005
  2     S    15.005       0.995

---------------------------------
   M Diagnostic: 0.06
---------------------------------

