G2RC-104_C.jld2 not found
G2RC-104_n.jld2 not found
Computing Integrals
Basis Set                                            = def2-qzvp
Auxiliary Basis Set                                  = def2-universal-jkfit
Gaussian Type                                        = Spherical
Elapsed time:   18.99 Seconds

Number of basis functions                   (NBF)    = 231
Number of auxiliary basis functions         (NBFAUX) = 265
Inactive Doubly occupied orbitals up to     (NO1)    = 0
No. considered Strongly Doubly occupied MOs (NDOC)   = 12
No. considered Strongly Singly occupied MOs (NSOC)   = 0
NO. of Weakly occ. per St. Doubly occ.  MOs (NCWO)   = 1
Dimension of the Nat. Orb. subspace         (NBF5)   = 24
No. of electrons                                     = 24
    No. of alpha electrons                           = 12
    No. of beta electrons                            = 12
Multiplicity                                         = 1

Geometry
========
 O       0.2192372       0.9515145       0.0000000
 C      -0.3120387      -0.2854783       0.0000000
 O       0.3145879      -1.3060846       0.0000000
 H       1.1843706       0.8555056       0.0000000
 H      -1.4061570      -0.2154572       0.0000000

No violations of the orthonormality
No violations of the orthonormality
 
PNOF8/ADABelief Calculation
==================
 
  Nitext  Nit_orb  Time   Nit_occ  Time         Eelec          Etot           Ediff      maxdiff    MaxGrad_orb  Grad_occ
     1      10    6.6e+01    6    3.2e+01  -253.22799916  -183.01589366 -10252.22799916   0.662141   2.6e+00   2.0e-04 0.01
     2      10    3.9e+01   10    1.2e-02  -257.90989516  -187.69778966    -4.68189600   0.284490   1.1e+00   1.7e-04 0.03
     3      10    4.1e+01   10    1.2e-02  -259.17626148  -188.96415597    -1.26636631   0.190958   7.6e-01   1.2e-04 0.04
     4      10    4.1e+01    7    2.2e-02  -259.43570696  -189.22360145    -0.25944548   0.249047   1.0e+00   3.0e-04 0.04
     5      10    4.0e+01    8    1.6e-02  -259.48849794  -189.27639244    -0.05279099   0.226518   9.1e-01   9.9e-05 0.04
     6      10    4.0e+01    6    1.5e-02  -259.49904189  -189.28693639    -0.01054395   0.200446   8.0e-01   1.8e-04 0.04
     7      10    4.0e+01    0    9.1e-03  -259.49974654  -189.28764104    -0.00070465   0.200446   8.0e-01   1.8e-04 0.04
     8      30    1.1e+02    6    1.1e-02  -259.56705687  -189.35495137    -0.06731033   0.002784   1.1e-02   1.2e-04 0.05
     9      30    1.1e+02    3    9.8e-03  -259.57124515  -189.35913965    -0.00418828   0.006376   2.6e-02   2.0e-04 0.05
    10      30    1.2e+02    3    1.4e-02  -259.57275719  -189.36065169    -0.00151204   0.005536   2.2e-02   1.3e-04 0.05
    11      30    1.1e+02    2    7.5e-03  -259.57313252  -189.36102702    -0.00037533   0.004771   1.9e-02   2.5e-04 0.05
    12      30    1.1e+02    0    9.0e-03  -259.57315956  -189.36105406    -0.00002704   0.004771   1.9e-02   2.5e-04 0.05
    13      43    1.6e+02    2    1.3e-02  -259.57351100  -189.36140550    -0.00035144   0.000501   2.0e-03   1.4e-04 0.05
 
RESULTS OF THE OCCUPATION OPTIMIZATION
========================================
   1    1.9997681  -20.63755327
   2    1.9998032  -20.60408665
   3    1.9994951  -11.36137227
   4    1.9896811  -1.34539208
   5    1.9892941  -1.30974449
   6    1.9884108  -0.89736341
   7    1.9749985  -0.75106635
   8    1.9668387  -0.74393391
   9    1.9689846  -0.68725124
  10    1.9837537  -0.67385109
  11    1.9617410  -0.64764812
  12    1.9489761  -0.53926833
  13    0.0510239  -0.05829756
  14    0.0382590  -0.05138184
  15    0.0162463  -0.01981232
  16    0.0310154  -0.04219654
  17    0.0331613  -0.03874653
  18    0.0250015  -0.02805616
  19    0.0115892  -0.01579361
  20    0.0107059  -0.02069279
  21    0.0103189  -0.02214852
  22    0.0005049  -0.00898519
  23    0.0001968  -0.00650721
  24    0.0002319  -0.00741616
 
----------------
 Final Energies 
----------------
Final NOF Total Energy =    -189.3614055
 
Total Orbital Internal Iterations = 263
Total Occupation Internal Iterations = 63
 
Elapsed time: 1120.50 Seconds

---------------------------------
   Lowdin Population Analysis    
---------------------------------
 Idx  Atom   Population   Charge 
---------------------------------
  1     O     7.374       0.626
  2     C     6.514      -0.514
  3     O     7.721       0.279
  4     H     1.294      -0.294
  5     H     1.096      -0.096

---------------------------------
   M Diagnostic: 0.05
---------------------------------

