Computing Integrals
Basis Set                                            = def2-qzvp
Auxiliary Basis Set                                  = def2-universal-jkfit
Gaussian Type                                        = Spherical
Elapsed time:   11.36 Seconds

Number of basis functions                   (NBF)    = 140
Number of auxiliary basis functions         (NBFAUX) = 256
Inactive Doubly occupied orbitals up to     (NO1)    = 0
No. considered Strongly Doubly occupied MOs (NDOC)   = 17
No. considered Strongly Singly occupied MOs (NSOC)   = 0
NO. of Weakly occ. per St. Doubly occ.  MOs (NCWO)   = 1
Dimension of the Nat. Orb. subspace         (NBF5)   = 34
No. of electrons                                     = 34
    No. of alpha electrons                           = 17
    No. of beta electrons                            = 17
Multiplicity                                         = 1

Geometry
========
Cl       0.0000000       0.0000000      -0.9913164
Cl       0.0000000       0.0000000       0.9913164

No violations of the orthonormality
No violations of the orthonormality
 
PNOF8/ADABelief Calculation
==================
 
  Nitext  Nit_orb  Time   Nit_occ  Time         Eelec          Etot           Ediff      maxdiff    MaxGrad_orb  Grad_occ
     1      10    5.3e+01    8    3.8e+01  -996.54248479  -919.40671693 -10995.54248479   0.029202   1.2e-01   1.5e-04 0.05
     2      20    4.6e+01    5    1.9e-02  -996.74349395  -919.60772609    -0.20100917   0.063828   2.6e-01   1.3e-04 0.05
     3      20    4.6e+01    7    1.6e-02  -996.76675693  -919.63098907    -0.02326297   0.065663   2.6e-01   2.5e-04 0.05
     4      20    4.6e+01    6    4.4e-02  -996.77997573  -919.64420787    -0.01321880   0.056653   2.3e-01   2.7e-04 0.05
     5      20    4.4e+01    4    1.3e-02  -996.78719108  -919.65142322    -0.00721535   0.049237   2.0e-01   2.5e-04 0.05
     6      20    4.4e+01    0    8.0e-03  -996.78747639  -919.65170853    -0.00028530   0.049237   2.0e-01   2.5e-04 0.05
     7      40    9.2e+01    3    1.4e-02  -996.79844748  -919.66267962    -0.01097109   0.009391   3.8e-02   2.2e-04 0.05
     8      40    9.4e+01    3    3.5e-02  -996.79943746  -919.66366961    -0.00098999   0.009753   3.9e-02   1.4e-04 0.04
     9      40    9.0e+01    3    1.4e-02  -996.79991585  -919.66414799    -0.00047838   0.009379   3.8e-02   1.2e-04 0.04
    10      40    9.6e+01    3    3.6e-02  -996.80041702  -919.66464916    -0.00050118   0.009940   4.0e-02   1.2e-04 0.04
    11      40    9.4e+01    3    4.6e-02  -996.80069565  -919.66492779    -0.00027863   0.010158   4.1e-02   1.0e-04 0.04
    12      40    9.5e+01    1    2.2e-02  -996.80095529  -919.66518743    -0.00025965   0.010222   4.1e-02   2.2e-04 0.04
    13      40    9.2e+01    1    2.9e-02  -996.80109502  -919.66532716    -0.00013973   0.009677   3.9e-02   1.8e-04 0.04
    14      40    9.3e+01    1    1.0e-02  -996.80129729  -919.66552943    -0.00020227   0.009812   3.9e-02   1.8e-04 0.04
    15      40    9.9e+01    2    1.9e-02  -996.80142936  -919.66566150    -0.00013207   0.009234   3.7e-02   1.3e-04 0.04
    16      40    9.1e+01    1    2.2e-02  -996.80160920  -919.66584134    -0.00017984   0.009625   3.9e-02   1.7e-04 0.04
    17      40    9.1e+01    1    1.8e-02  -996.80177033  -919.66600247    -0.00016113   0.009654   3.9e-02   1.2e-04 0.04
    18      40    9.7e+01    2    2.7e-02  -996.80192983  -919.66616197    -0.00015950   0.008939   3.6e-02   8.0e-05 0.04
    19      40    9.7e+01    2    5.2e-02  -996.80204519  -919.66627733    -0.00011536   0.008895   3.6e-02   7.0e-05 0.04
    20      40    9.3e+01    2    4.3e-02  -996.80213396  -919.66636610    -0.00008877   0.009571   3.8e-02   6.5e-05 0.04
    21      40    1.0e+02    2    2.6e-02  -996.80222430  -919.66645644    -0.00009034   0.009136   3.7e-02   6.0e-05 0.04
    22      40    9.5e+01    1    9.3e-03  -996.80228639  -919.66651853    -0.00006210   0.008676   3.5e-02   9.4e-05 0.04
    23      40    9.7e+01    1    1.7e-02  -996.80232907  -919.66656122    -0.00004268   0.008883   3.6e-02   1.5e-04 0.05
    24      40    9.0e+01    2    1.9e-02  -996.80235782  -919.66658996    -0.00002875   0.008678   3.5e-02   4.1e-05 0.04
    25      40    1.0e+02    1    1.3e-02  -996.80237809  -919.66661023    -0.00002027   0.009126   3.7e-02   1.4e-04 0.05
    26      40    1.0e+02    2    1.4e-02  -996.80240035  -919.66663249    -0.00002226   0.008851   3.5e-02   3.8e-05 0.05
    27      40    1.0e+02    1    1.8e-02  -996.80241500  -919.66664714    -0.00001465   0.008763   3.5e-02   1.1e-04 0.05
    28      40    9.2e+01    0    2.0e-02  -996.80241538  -919.66664752    -0.00000038   0.008763   3.5e-02   1.1e-04 0.05
    29      60    1.5e+02    0    8.3e-02  -996.80282053  -919.66705267    -0.00040515   0.000850   3.4e-03   1.8e-04 0.05
 
RESULTS OF THE OCCUPATION OPTIMIZATION
========================================
   1    1.9999738  -104.93450568
   2    1.9999737  -104.93444617
   3    1.9993205  -10.61527800
   4    1.9993076  -10.61513153
   5    1.9990146  -8.08223530
   6    1.9990223  -8.08208077
   7    1.9990205  -8.08181576
   8    1.9990129  -8.08169366
   9    1.9979821  -8.07918291
  10    1.9979842  -8.07887044
  11    1.9845903  -1.11936365
  12    1.9845541  -1.11908900
  13    1.9549164  -0.61905908
  14    1.9757162  -0.54852481
  15    1.9756862  -0.54793966
  16    1.9724964  -0.48604715
  17    1.9722447  -0.48014915
  18    0.0277553  -0.03013238
  19    0.0275036  -0.03009508
  20    0.0243138  -0.02647694
  21    0.0242838  -0.02648712
  22    0.0450836  -0.06634720
  23    0.0154459  -0.02411960
  24    0.0154097  -0.02413932
  25    0.0020158  -0.03212482
  26    0.0020179  -0.03213956
  27    0.0009871  -0.01824206
  28    0.0009795  -0.01814416
  29    0.0009777  -0.01811541
  30    0.0009854  -0.01820269
  31    0.0006924  -0.01592978
  32    0.0006795  -0.01576416
  33    0.0000263  -0.00523847
  34    0.0000262  -0.00523462
 
----------------
 Final Energies 
----------------
Final NOF Total Energy =    -919.6670527
 
Total Orbital Internal Iterations = 1050
Total Occupation Internal Iterations = 68
 
Elapsed time: 2587.08 Seconds

---------------------------------
   Lowdin Population Analysis    
---------------------------------
 Idx  Atom   Population   Charge 
---------------------------------
  1    Cl    17.000      -0.000
  2    Cl    17.000       0.000

---------------------------------
   M Diagnostic: 0.05
---------------------------------

