Computing Integrals
Basis Set                                            = def2-qzvp
Auxiliary Basis Set                                  = def2-universal-jkfit
Gaussian Type                                        = Spherical
Elapsed time:   11.56 Seconds

Number of basis functions                   (NBF)    = 187
Number of auxiliary basis functions         (NBFAUX) = 239
Inactive Doubly occupied orbitals up to     (NO1)    = 0
No. considered Strongly Doubly occupied MOs (NDOC)   = 12
No. considered Strongly Singly occupied MOs (NSOC)   = 0
NO. of Weakly occ. per St. Doubly occ.  MOs (NCWO)   = 1
Dimension of the Nat. Orb. subspace         (NBF5)   = 24
No. of electrons                                     = 24
    No. of alpha electrons                           = 12
    No. of beta electrons                            = 12
Multiplicity                                         = 1

Geometry
========
 S       0.0000000       0.0000000       1.4943318
 C       0.0000000       0.0000000      -0.1100613
 H      -0.9184864       0.0000000      -0.6921352
 H       0.9184864       0.0000000      -0.6921352

No violations of the orthonormality
No violations of the orthonormality
 
PNOF8/ADABelief Calculation
==================
 
  Nitext  Nit_orb  Time   Nit_occ  Time         Eelec          Etot           Ediff      maxdiff    MaxGrad_orb  Grad_occ
     1      10    6.6e+01    7    2.8e+01  -481.80259210  -436.87082261 -10480.80259210   0.022338   8.9e-02   1.6e-04 0.06
     2      20    8.6e+01    5    1.5e-02  -481.92126028  -436.98949079    -0.11866818   0.053286   2.1e-01   1.8e-04 0.05
     3      20    7.9e+01    6    1.4e-02  -481.93661860  -437.00484911    -0.01535832   0.051878   2.1e-01   1.9e-04 0.05
     4      20    7.4e+01    6    2.1e-02  -481.94133943  -437.00956994    -0.00472083   0.044371   1.8e-01   1.4e-04 0.05
     5      20    8.0e+01    3    6.3e-03  -481.94632642  -437.01455693    -0.00498699   0.039051   1.6e-01   1.7e-04 0.05
     6      20    7.5e+01    0    5.2e-03  -481.94649381  -437.01472431    -0.00016739   0.039051   1.6e-01   1.7e-04 0.05
     7      40    1.6e+02    3    1.4e-02  -481.95132458  -437.01955508    -0.00483077   0.005411   2.2e-02   1.1e-04 0.05
     8      40    1.6e+02    3    1.8e-02  -481.95186973  -437.02010023    -0.00054515   0.010474   4.2e-02   1.7e-04 0.05
     9      40    1.6e+02    3    1.1e-02  -481.95221542  -437.02044592    -0.00034569   0.009306   3.7e-02   2.2e-04 0.05
    10      40    1.6e+02    3    9.0e-03  -481.95243842  -437.02066893    -0.00022300   0.009094   3.6e-02   1.7e-04 0.05
    11      40    1.6e+02    3    9.7e-03  -481.95259272  -437.02082323    -0.00015430   0.009187   3.7e-02   1.9e-04 0.05
    12      40    1.6e+02    3    3.6e-02  -481.95266091  -437.02089142    -0.00006819   0.009281   3.7e-02   1.4e-04 0.05
    13      40    1.6e+02    3    4.6e-02  -481.95271638  -437.02094689    -0.00005547   0.009583   3.8e-02   1.1e-04 0.05
    14      40    1.6e+02    1    6.2e-03  -481.95272860  -437.02095911    -0.00001222   0.009794   3.9e-02   1.3e-04 0.05
    15      40    1.5e+02    1    1.4e-02  -481.95277774  -437.02100825    -0.00004914   0.009295   3.7e-02   1.7e-04 0.05
    16      40    1.6e+02    0    2.6e-02  -481.95277953  -437.02101004    -0.00000179   0.009295   3.7e-02   1.7e-04 0.05
    17      60    2.4e+02    1    1.0e-02  -481.95305530  -437.02128581    -0.00027577   0.000992   4.0e-03   1.6e-04 0.05
 
RESULTS OF THE OCCUPATION OPTIMIZATION
========================================
   1    1.9999634  -92.00430495
   2    1.9995687  -11.27075549
   3    1.9990346  -8.97978611
   4    1.9984471  -6.65110405
   5    1.9987137  -6.64910107
   6    1.9984834  -6.64635471
   7    1.9906476  -1.01758485
   8    1.9777270  -0.83451425
   9    1.9721228  -0.65331229
  10    1.9652468  -0.57186298
  11    1.9476155  -0.43151421
  12    1.9770764  -0.38335609
  13    0.0229236  -0.02118209
  14    0.0523845  -0.04986402
  15    0.0347532  -0.04412052
  16    0.0278772  -0.02862777
  17    0.0222730  -0.02631757
  18    0.0093524  -0.02758791
  19    0.0015166  -0.01986816
  20    0.0012863  -0.01880463
  21    0.0015529  -0.01940285
  22    0.0009654  -0.01675441
  23    0.0004313  -0.00854925
  24    0.0000366  -0.00601019
 
----------------
 Final Energies 
----------------
Final NOF Total Energy =    -437.0212858
 
Total Orbital Internal Iterations = 570
Total Occupation Internal Iterations = 51
 
Elapsed time: 2373.54 Seconds

---------------------------------
   Lowdin Population Analysis    
---------------------------------
 Idx  Atom   Population   Charge 
---------------------------------
  1     S    15.575       0.425
  2     C     6.183      -0.183
  3     H     1.122      -0.122
  4     H     1.119      -0.119

---------------------------------
   M Diagnostic: 0.05
---------------------------------

