Computing Integrals
Basis Set                                            = def2-qzvp
Auxiliary Basis Set                                  = def2-universal-jkfit
Gaussian Type                                        = Spherical
Elapsed time:    2.73 Seconds

Number of basis functions                   (NBF)    = 57
Number of auxiliary basis functions         (NBFAUX) = 77
Inactive Doubly occupied orbitals up to     (NO1)    = 0
No. considered Strongly Doubly occupied MOs (NDOC)   = 2
No. considered Strongly Singly occupied MOs (NSOC)   = 3
NO. of Weakly occ. per St. Doubly occ.  MOs (NCWO)   = 1
Dimension of the Nat. Orb. subspace         (NBF5)   = 7
No. of electrons                                     = 7
    No. of alpha electrons                           = 5
    No. of beta electrons                            = 2
Multiplicity                                         = 4

Geometry
========
 N       0.0000000       0.0000000       0.0000000

No violations of the orthonormality
No violations of the orthonormality
 
PNOF8/ADABelief Calculation
==================
 
  Nitext  Nit_orb  Time   Nit_occ  Time         Eelec          Etot           Ediff      maxdiff    MaxGrad_orb  Grad_occ
     1      10    2.2e+01    3    2.8e+01   -54.47258899   -54.47258899 -10053.47258899   0.038146   1.5e-01   1.2e-05 0.04
     2      20    1.2e-02    3    4.8e-04   -54.47662217   -54.47662217    -0.00403317   0.008218   3.3e-02   9.6e-06 0.04
     3      20    2.8e-02    3    3.1e-04   -54.47812693   -54.47812693    -0.00150476   0.003319   1.3e-02   1.2e-05 0.03
     4      20    1.1e-02    3    3.4e-04   -54.47857442   -54.47857442    -0.00044749   0.002633   1.1e-02   8.9e-06 0.03
     5      20    1.0e-02    2    3.4e-04   -54.47871414   -54.47871414    -0.00013972   0.003375   1.3e-02   7.2e-05 0.03
     6      20    1.4e-02    0    3.0e-04   -54.47872179   -54.47872179    -0.00000765   0.003375   1.3e-02   7.2e-05 0.03
     7      23    1.1e-02    1    3.3e-04   -54.47878071   -54.47878071    -0.00005893   0.000463   1.9e-03   9.1e-05 0.03
 
RESULTS OF THE OCCUPATION OPTIMIZATION
========================================
   1    1.9996974  -15.64258334
   2    1.9694870  -0.96909410
   3    1.0000000  -0.29629447
   4    1.0000000  -0.29627265
   5    1.0000000  -0.29623685
   6    0.0305130  -0.02366229
   7    0.0003026  -0.00754563
 
----------------
 Final Energies 
----------------
Final NOF Total Energy =     -54.4787807
 
Total Orbital Internal Iterations = 133
Total Occupation Internal Iterations = 15
 
Elapsed time:   66.20 Seconds

---------------------------------
   Lowdin Population Analysis    
---------------------------------
 Idx  Atom   Population   Charge 
---------------------------------
  1     N     7.000      -0.000

---------------------------------
   M Diagnostic: 0.03
---------------------------------

