Computing Integrals
Basis Set                                            = def2-qzvp
Auxiliary Basis Set                                  = def2-universal-jkfit
Gaussian Type                                        = Spherical
Elapsed time:    2.88 Seconds

Number of basis functions                   (NBF)    = 57
Number of auxiliary basis functions         (NBFAUX) = 75
Inactive Doubly occupied orbitals up to     (NO1)    = 0
No. considered Strongly Doubly occupied MOs (NDOC)   = 2
No. considered Strongly Singly occupied MOs (NSOC)   = 1
NO. of Weakly occ. per St. Doubly occ.  MOs (NCWO)   = 1
Dimension of the Nat. Orb. subspace         (NBF5)   = 5
No. of electrons                                     = 5
    No. of alpha electrons                           = 3
    No. of beta electrons                            = 2
Multiplicity                                         = 2

Geometry
========
 B       0.0000000       0.0000000       0.0000000

No violations of the orthonormality
No violations of the orthonormality
 
PNOF8/ADABelief Calculation
==================
 
  Nitext  Nit_orb  Time   Nit_occ  Time         Eelec          Etot           Ediff      maxdiff    MaxGrad_orb  Grad_occ
     1      10    2.5e+01    2    3.1e+01   -24.58952762   -24.58952762 -10023.58952762   0.002188   8.8e-03   4.7e-05 0.12
     2      20    4.8e-02    1    3.3e-04   -24.59023364   -24.59023364    -0.00070602   0.001528   6.1e-03   1.3e-04 0.11
     3      20    1.0e-02    1    3.7e-04   -24.59026569   -24.59026569    -0.00003205   0.001532   6.1e-03   8.9e-05 0.11
     4      20    9.2e-03    0    2.3e-04   -24.59026705   -24.59026705    -0.00000136   0.001532   6.1e-03   8.9e-05 0.11
     5      19    2.2e-02    0    4.0e-04   -24.59027998   -24.59027998    -0.00001293   0.000406   1.6e-03   9.3e-05 0.11
 
RESULTS OF THE OCCUPATION OPTIMIZATION
========================================
   1    1.9991391  -7.68470888
   2    1.8890923  -0.49730641
   3    1.0000000  -0.16554414
   4    0.1109077  -0.03851073
   5    0.0008609  -0.01035694
 
----------------
 Final Energies 
----------------
Final NOF Total Energy =     -24.5902800
 
Total Orbital Internal Iterations = 89
Total Occupation Internal Iterations = 4
 
Elapsed time:   72.95 Seconds

---------------------------------
   Lowdin Population Analysis    
---------------------------------
 Idx  Atom   Population   Charge 
---------------------------------
  1     B     5.000       0.000

---------------------------------
   M Diagnostic: 0.11
---------------------------------

