Computing Integrals
Basis Set                                            = def2-qzvp
Auxiliary Basis Set                                  = def2-universal-jkfit
Gaussian Type                                        = Spherical
Elapsed time:    1.76 Seconds

Number of basis functions                   (NBF)    = 147
Number of auxiliary basis functions         (NBFAUX) = 129
Inactive Doubly occupied orbitals up to     (NO1)    = 0
No. considered Strongly Doubly occupied MOs (NDOC)   = 4
No. considered Strongly Singly occupied MOs (NSOC)   = 1
NO. of Weakly occ. per St. Doubly occ.  MOs (NCWO)   = 1
Dimension of the Nat. Orb. subspace         (NBF5)   = 9
No. of electrons                                     = 9
    No. of alpha electrons                           = 5
    No. of beta electrons                            = 4
Multiplicity                                         = 2

Geometry
========
 C       0.0000000       0.0000000       0.0000000
 H       0.5386581       0.9329832       0.0000000
 H       0.5386581      -0.9329832       0.0000000
 H      -1.0773162       0.0000000       0.0000000

No violations of the orthonormality
No violations of the orthonormality
 
PNOF8/ADABelief Calculation
==================
 
  Nitext  Nit_orb  Time   Nit_occ  Time         Eelec          Etot           Ediff      maxdiff    MaxGrad_orb  Grad_occ
     1      10    9.2e+00    3    1.2e+01   -49.38065517   -39.68830132 -10048.38065517   0.008257   3.3e-02   1.8e-05 0.02
     2      20    7.3e-01    2    2.6e-02   -49.38678529   -39.69443144    -0.00613012   0.011887   4.8e-02   3.9e-05 0.02
     3      20    5.3e-01    2    1.0e-02   -49.38737174   -39.69501789    -0.00058644   0.019988   8.0e-02   2.0e-05 0.02
     4      20    5.9e-01    2    5.5e-03   -49.38770173   -39.69534788    -0.00032999   0.018902   7.6e-02   1.7e-05 0.02
     5      20    8.1e-01    0    2.1e-02   -49.38771714   -39.69536329    -0.00001541   0.018902   7.6e-02   1.7e-05 0.02
     6      40    2.3e+00    1    1.5e-03   -49.38843911   -39.69608526    -0.00072197   0.001070   4.3e-03   1.7e-04 0.02
     7      40    1.7e+00    0    4.2e-03   -49.38844045   -39.69608659    -0.00000133   0.001070   4.3e-03   1.7e-04 0.02
     8      43    1.6e+00    0    1.9e-02   -49.38844299   -39.69608914    -0.00000254   0.000479   1.9e-03   1.5e-04 0.02
 
RESULTS OF THE OCCUPATION OPTIMIZATION
========================================
   1    1.9995952  -11.22314463
   2    1.9756080  -0.69311519
   3    1.9755740  -0.69294530
   4    1.9755693  -0.69290327
   5    1.0000000  -0.19300985
   6    0.0244307  -0.02545521
   7    0.0244260  -0.02545236
   8    0.0243920  -0.02544100
   9    0.0004048  -0.00771822
 
----------------
 Final Energies 
----------------
Final NOF Total Energy =     -39.6960891
 
Total Orbital Internal Iterations = 213
Total Occupation Internal Iterations = 10
 
Elapsed time:   36.10 Seconds

---------------------------------
   Lowdin Population Analysis    
---------------------------------
 Idx  Atom   Population   Charge 
---------------------------------
  1     C     5.577       0.423
  2     H     1.141      -0.141
  3     H     1.141      -0.141
  4     H     1.141      -0.141

---------------------------------
   M Diagnostic: 0.02
---------------------------------

