Computing Integrals
Basis Set                                            = def2-qzvp
Auxiliary Basis Set                                  = def2-universal-jkfit
Gaussian Type                                        = Spherical
Elapsed time:    1.75 Seconds

Number of basis functions                   (NBF)    = 130
Number of auxiliary basis functions         (NBFAUX) = 164
Inactive Doubly occupied orbitals up to     (NO1)    = 0
No. considered Strongly Doubly occupied MOs (NDOC)   = 8
No. considered Strongly Singly occupied MOs (NSOC)   = 1
NO. of Weakly occ. per St. Doubly occ.  MOs (NCWO)   = 1
Dimension of the Nat. Orb. subspace         (NBF5)   = 17
No. of electrons                                     = 17
    No. of alpha electrons                           = 9
    No. of beta electrons                            = 8
Multiplicity                                         = 2

Geometry
========
 P       0.0000000       0.0000000       0.6553895
 H      -1.0201320       0.0000000      -0.3276948
 H       1.0201320       0.0000000      -0.3276948

No violations of the orthonormality
No violations of the orthonormality
 
PNOF8/ADABelief Calculation
==================
 
  Nitext  Nit_orb  Time   Nit_occ  Time         Eelec          Etot           Ediff      maxdiff    MaxGrad_orb  Grad_occ
     1      10    9.3e+00    5    1.2e+01  -353.56550026  -342.10055275 -10352.56550026   0.022474   9.0e-02   1.1e-04 0.03
     2      20    9.7e-01   12    3.1e-02  -353.59144588  -342.12649837    -0.02594562   0.405591   1.6e+00   1.8e-04 0.03
     3      20    7.0e-01    6    2.7e-02  -353.61247960  -342.14753209    -0.02103372   0.026586   1.1e-01   1.3e-04 0.03
     4      20    5.8e-01    5    6.5e-02  -353.61479723  -342.14984972    -0.00231763   0.030473   1.2e-01   1.5e-04 0.03
     5      20    6.2e-01    5    7.1e-03  -353.61808958  -342.15314207    -0.00329235   0.031657   1.3e-01   1.0e-04 0.03
     6      20    9.4e-01    0    5.2e-03  -353.61822033  -342.15327282    -0.00013075   0.031657   1.3e-01   1.0e-04 0.03
     7      40    1.6e+00    4    8.6e-03  -353.62294551  -342.15799799    -0.00472517   0.003048   1.2e-02   8.9e-05 0.03
     8      40    1.5e+00    3    1.0e-02  -353.62311834  -342.15817083    -0.00017283   0.005522   2.2e-02   1.3e-04 0.03
     9      40    1.8e+00    1    8.4e-03  -353.62315513  -342.15820761    -0.00003679   0.005428   2.2e-02   1.7e-04 0.03
    10      40    3.3e+00    1    1.7e-02  -353.62323203  -342.15828452    -0.00007690   0.005311   2.1e-02   1.8e-04 0.03
    11      40    1.9e+00    2    6.0e-03  -353.62323628  -342.15828877    -0.00000425   0.005469   2.2e-02   9.7e-05 0.03
    12      40    2.6e+00    1    2.7e-02  -353.62327410  -342.15832658    -0.00003781   0.005222   2.1e-02   1.4e-04 0.03
    13      40    2.5e+00    1    1.5e-02  -353.62327867  -342.15833116    -0.00000458   0.005458   2.2e-02   1.6e-04 0.03
    14      40    2.3e+00    1    5.4e-02  -353.62330062  -342.15835310    -0.00002194   0.005184   2.1e-02   1.5e-04 0.03
    15      40    2.2e+00    1    6.1e-03  -353.62331557  -342.15836806    -0.00001496   0.005324   2.1e-02   1.5e-04 0.03
    16      40    1.9e+00    1    1.2e-02  -353.62333179  -342.15838428    -0.00001621   0.005155   2.1e-02   1.3e-04 0.03
    17      40    1.8e+00    1    2.2e-02  -353.62334226  -342.15839475    -0.00001047   0.005244   2.1e-02   1.3e-04 0.03
    18      40    1.7e+00    1    4.2e-02  -353.62335609  -342.15840858    -0.00001383   0.005240   2.1e-02   1.0e-04 0.03
    19      40    2.4e+00    0    8.7e-02  -353.62336447  -342.15841696    -0.00000838   0.005197   2.1e-02   2.2e-04 0.03
    20      50    2.7e+00    0    4.2e-02  -353.62343452  -342.15848700    -0.00007004   0.003490   1.4e-02   1.9e-04 0.03
    21      60    3.2e+00    1    1.3e-02  -353.62346032  -342.15851280    -0.00002580   0.002523   1.0e-02   1.4e-04 0.03
    22      60    3.0e+00    0    7.5e-02  -353.62346345  -342.15851594    -0.00000313   0.004895   2.0e-02   2.0e-04 0.03
    23      70    3.8e+00    1    8.1e-03  -353.62349392  -342.15854640    -0.00003047   0.001889   7.6e-03   8.5e-05 0.03
    24      70    3.4e+00    0    3.0e-02  -353.62349483  -342.15854732    -0.00000092   0.001889   7.6e-03   8.5e-05 0.03
    25      77    4.6e+00    0    6.1e-03  -353.62354634  -342.15859883    -0.00005151   0.000485   1.9e-03   1.2e-04 0.03
 
RESULTS OF THE OCCUPATION OPTIMIZATION
========================================
   1    1.9999602  -80.00496317
   2    1.9988976  -7.32412922
   3    1.9985081  -5.58033335
   4    1.9976751  -5.40403038
   5    1.9983007  -5.40002312
   6    1.9921803  -0.79917337
   7    1.9708028  -0.49874705
   8    1.9702015  -0.49305743
   9    1.0000000  -0.18710685
  10    0.0297985  -0.03318364
  11    0.0291972  -0.03320597
  12    0.0078197  -0.02677644
  13    0.0016993  -0.01700079
  14    0.0023249  -0.02252132
  15    0.0014919  -0.01827730
  16    0.0011024  -0.01301187
  17    0.0000398  -0.00585183
 
----------------
 Final Energies 
----------------
Final NOF Total Energy =    -342.1585988
 
Total Orbital Internal Iterations = 1017
Total Occupation Internal Iterations = 53
 
Elapsed time:   81.39 Seconds

---------------------------------
   Lowdin Population Analysis    
---------------------------------
 Idx  Atom   Population   Charge 
---------------------------------
  1     P    14.577       0.423
  2     H     1.211      -0.211
  3     H     1.212      -0.212

---------------------------------
   M Diagnostic: 0.03
---------------------------------

