Computing Integrals
Basis Set                                            = def2-qzvp
Auxiliary Basis Set                                  = def2-universal-jkfit
Gaussian Type                                        = Spherical
Elapsed time:    4.24 Seconds

Number of basis functions                   (NBF)    = 287
Number of auxiliary basis functions         (NBFAUX) = 385
Inactive Doubly occupied orbitals up to     (NO1)    = 0
No. considered Strongly Doubly occupied MOs (NDOC)   = 22
No. considered Strongly Singly occupied MOs (NSOC)   = 0
NO. of Weakly occ. per St. Doubly occ.  MOs (NCWO)   = 1
Dimension of the Nat. Orb. subspace         (NBF5)   = 44
No. of electrons                                     = 44
    No. of alpha electrons                           = 22
    No. of beta electrons                            = 22
Multiplicity                                         = 1

Geometry
========
Cl      -0.0002746       0.0192429       2.3225374
 C       0.0002134       0.0002029      -0.0000524
 H       0.7609800      -0.7510163       0.0064136
 H      -1.0307506      -0.2830071       0.0021836
 H       0.2704285       1.0346447      -0.0086604
Cl      -0.0005966      -0.0200671      -2.3224218

No violations of the orthonormality
No violations of the orthonormality
 
PNOF8/ADABelief Calculation
==================
 
  Nitext  Nit_orb  Time   Nit_occ  Time         Eelec          Etot           Ediff      maxdiff    MaxGrad_orb  Grad_occ
     1      10    1.1e+01    6    1.2e+01 -1069.54141984  -959.26208187 -11068.54141984   0.034018   1.4e-01   2.3e-04 0.03
     2      20    3.3e+00    0    2.5e-02 -1069.57630064  -959.29696267    -0.03488080   0.034018   1.4e-01   2.3e-04 0.03
     3      40    6.8e+00   32    4.7e-02 -1069.62971225  -959.35037428    -0.05341161   0.346063   1.4e+00   2.1e-04 0.03
     4      40    6.8e+00   11    3.3e-02 -1069.67666284  -959.39732488    -0.04695059   0.018138   7.3e-02   2.0e-04 0.03
     5      40    7.1e+00   10    3.9e-02 -1069.69578924  -959.41645128    -0.01912640   0.014992   6.0e-02   1.5e-04 0.03
     6      40    6.6e+00    8    3.5e-02 -1069.70994809  -959.43061012    -0.01415884   0.020880   8.4e-02   1.8e-04 0.03
     7      40    5.7e+00    7    3.3e-02 -1069.71852508  -959.43918712    -0.00857700   0.014739   5.9e-02   1.6e-04 0.03
     8      40    7.3e+00    7    4.7e-02 -1069.72462857  -959.44529060    -0.00610348   0.033645   1.3e-01   1.1e-04 0.03
     9      40    6.0e+00    5    3.3e-02 -1069.72794510  -959.44860714    -0.00331654   0.011799   4.7e-02   3.0e-04 0.03
    10      40    6.3e+00    5    5.1e-02 -1069.73002804  -959.45069007    -0.00208293   0.015055   6.0e-02   1.9e-04 0.03
    11      40    5.8e+00    6    3.4e-02 -1069.73107797  -959.45174001    -0.00104994   0.012324   4.9e-02   9.1e-05 0.03
    12      40    6.6e+00    4    2.9e-02 -1069.73187784  -959.45253987    -0.00079987   0.015790   6.3e-02   2.6e-04 0.03
    13      40    5.9e+00    4    3.4e-02 -1069.73260525  -959.45326728    -0.00072741   0.012245   4.9e-02   2.3e-04 0.03
    14      40    6.3e+00    4    4.9e-02 -1069.73325620  -959.45391823    -0.00065095   0.013908   5.6e-02   1.9e-04 0.03
    15      40    6.6e+00    4    2.5e-02 -1069.73372926  -959.45439129    -0.00047306   0.013258   5.3e-02   1.4e-04 0.03
    16      40    6.2e+00    4    2.8e-02 -1069.73416387  -959.45482590    -0.00043461   0.011921   4.8e-02   1.3e-04 0.03
    17      40    6.4e+00    4    2.5e-02 -1069.73438145  -959.45504348    -0.00021758   0.013678   5.5e-02   8.9e-05 0.03
    18      40    6.1e+00    3    2.3e-02 -1069.73477123  -959.45543326    -0.00038977   0.012270   4.9e-02   1.2e-04 0.03
    19      40    6.0e+00    2    3.0e-02 -1069.73480919  -959.45547123    -0.00003797   0.013982   5.6e-02   1.7e-04 0.03
    20      40    6.3e+00    2    3.6e-02 -1069.73496209  -959.45562412    -0.00015290   0.012457   5.0e-02   1.6e-04 0.03
    21      40    6.6e+00    2    6.4e-02 -1069.73498211  -959.45564414    -0.00002002   0.015086   6.0e-02   1.1e-04 0.03
    22      40    6.3e+00    2    2.8e-02 -1069.73510224  -959.45576427    -0.00012013   0.012510   5.0e-02   1.1e-04 0.03
    23      40    7.4e+00    2    3.8e-02 -1069.73512049  -959.45578252    -0.00001825   0.013855   5.5e-02   1.2e-04 0.03
    24      40    6.6e+00    2    3.0e-02 -1069.73518403  -959.45584606    -0.00006354   0.012145   4.9e-02   7.6e-05 0.03
    25      40    6.3e+00    2    3.4e-02 -1069.73520753  -959.45586956    -0.00002350   0.014142   5.7e-02   7.0e-05 0.03
    26      40    6.9e+00    0    2.9e-02 -1069.73524181  -959.45590384    -0.00003429   0.012445   5.0e-02   2.8e-04 0.03
    27      50    8.9e+00    2    2.3e-02 -1069.73593821  -959.45660025    -0.00069640   0.010348   4.1e-02   7.3e-05 0.03
    28      50    8.7e+00    0    3.0e-02 -1069.73593983  -959.45660186    -0.00000162   0.010348   4.1e-02   7.3e-05 0.03
    29      70    1.1e+01    0    2.6e-02 -1069.73704098  -959.45770302    -0.00110116   0.000896   3.6e-03   2.0e-04 0.03
 
RESULTS OF THE OCCUPATION OPTIMIZATION
========================================
   1    1.9999650  -104.64383559
   2    1.9999646  -104.62171505
   3    1.9994642  -10.87789713
   4    1.9992683  -10.58616875
   5    1.9992320  -10.31092798
   6    1.9988757  -7.81501311
   7    1.9986917  -7.80452524
   8    1.9989301  -7.80191076
   9    1.9987306  -7.78266802
  10    1.9989802  -7.78025744
  11    1.9989921  -7.77921299
  12    1.9923511  -0.83617900
  13    1.9923218  -0.82983916
  14    1.9794728  -0.57651522
  15    1.9794552  -0.57636778
  16    1.9792661  -0.57374008
  17    1.9676742  -0.27424091
  18    1.9821018  -0.25853494
  19    1.9814174  -0.25339114
  20    1.9799526  -0.25138187
  21    1.9806663  -0.24328569
  22    1.9798199  -0.23679414
  23    0.0201801  -0.02139452
  24    0.0193337  -0.02123627
  25    0.0200474  -0.02143975
  26    0.0185826  -0.02121243
  27    0.0178982  -0.02139969
  28    0.0323258  -0.04255931
  29    0.0207339  -0.02302419
  30    0.0205448  -0.02295946
  31    0.0205272  -0.02294456
  32    0.0076782  -0.03042024
  33    0.0076489  -0.02966081
  34    0.0010079  -0.01864275
  35    0.0010198  -0.01884631
  36    0.0012694  -0.01816818
  37    0.0010699  -0.01733536
  38    0.0013083  -0.01858164
  39    0.0011243  -0.01676419
  40    0.0007680  -0.01713857
  41    0.0007317  -0.01488922
  42    0.0005358  -0.01421453
  43    0.0000354  -0.00659120
  44    0.0000350  -0.00648037
 
----------------
 Final Energies 
----------------
Final NOF Total Energy =    -959.4577030
 
Total Orbital Internal Iterations = 1160
Total Occupation Internal Iterations = 140
 
Elapsed time:  224.71 Seconds

---------------------------------
   Lowdin Population Analysis    
---------------------------------
 Idx  Atom   Population   Charge 
---------------------------------
  1    Cl    17.364      -0.364
  2     C     5.894       0.106
  3     H     1.109      -0.109
  4     H     1.108      -0.108
  5     H     1.109      -0.109
  6    Cl    17.416      -0.416

---------------------------------
   M Diagnostic: 0.03
---------------------------------

