Computing Integrals
Basis Set                                            = def2-qzvp
Auxiliary Basis Set                                  = def2-universal-jkfit
Gaussian Type                                        = Spherical
Elapsed time:    4.19 Seconds

Number of basis functions                   (NBF)    = 321
Number of auxiliary basis functions         (NBFAUX) = 317
Inactive Doubly occupied orbitals up to     (NO1)    = 0
No. considered Strongly Doubly occupied MOs (NDOC)   = 12
No. considered Strongly Singly occupied MOs (NSOC)   = 0
NO. of Weakly occ. per St. Doubly occ.  MOs (NCWO)   = 1
Dimension of the Nat. Orb. subspace         (NBF5)   = 24
No. of electrons                                     = 24
    No. of alpha electrons                           = 12
    No. of beta electrons                            = 12
Multiplicity                                         = 1

Geometry
========
 N       0.0000000       0.0000000      -0.3687552
 H       0.0000000       0.0000000      -1.3837872
 C       1.2257745       0.0000000       0.1578401
 H       1.3393153       0.0000000       1.2298673
 H       2.0680943       0.0000000      -0.5114363
 C      -1.2257745       0.0000000       0.1578401
 H      -1.3393153       0.0000000       1.2298673
 H      -2.0680943       0.0000000      -0.5114363

No violations of the orthonormality
No violations of the orthonormality
 
PNOF8/ADABelief Calculation
==================
 
  Nitext  Nit_orb  Time   Nit_occ  Time         Eelec          Etot           Ediff      maxdiff    MaxGrad_orb  Grad_occ
     1      10    1.0e+01    5    1.2e+01  -206.44117227  -133.39088162 -10205.44117227   0.013298   5.3e-02   1.4e-04 0.31
     2      20    3.1e+00    7    1.9e-02  -206.46670745  -133.41641680    -0.02553518   0.019007   7.6e-02   1.5e-04 0.30
     3      20    2.6e+00    7    4.8e-02  -206.47456165  -133.42427099    -0.00785419   0.026068   1.0e-01   5.6e-05 0.30
     4      20    2.6e+00    5    1.5e-02  -206.47995244  -133.42966179    -0.00539080   0.022099   8.8e-02   2.5e-04 0.29
     5      20    3.0e+00    5    1.5e-02  -206.48238284  -133.43209218    -0.00243039   0.019908   8.0e-02   1.0e-04 0.30
     6      20    3.0e+00    4    2.0e-02  -206.48309308  -133.43280242    -0.00071024   0.017815   7.1e-02   7.0e-05 0.30
     7      20    3.5e+00    0    1.4e-02  -206.48319067  -133.43290002    -0.00009760   0.017815   7.1e-02   7.0e-05 0.30
     8      40    5.3e+00    3    3.7e-02  -206.48911150  -133.43882085    -0.00592082   0.001699   6.8e-03   1.7e-04 0.30
     9      40    5.9e+00    0    3.7e-02  -206.48913198  -133.43884133    -0.00002048   0.001699   6.8e-03   1.7e-04 0.30
    10      60    8.4e+00    2    3.5e-02  -206.48918259  -133.43889194    -0.00005061   0.000498   2.0e-03   1.1e-04 0.30
 
RESULTS OF THE OCCUPATION OPTIMIZATION
========================================
   1    1.9996907  -15.62364426
   2    1.9995535  -11.22470604
   3    1.9995559  -11.22464581
   4    1.9920527  -1.12128926
   5    1.9752606  -0.74797419
   6    1.9752011  -0.74404929
   7    1.9749512  -0.72472315
   8    1.9767345  -0.69782823
   9    1.9767172  -0.69714762
  10    1.9764822  -0.69115478
  11    1.9764790  -0.69083860
  12    1.7012319  -0.24187793
  13    0.2987681  -0.06642922
  14    0.0235210  -0.02552594
  15    0.0235178  -0.02552057
  16    0.0232828  -0.02536423
  17    0.0232655  -0.02535620
  18    0.0250488  -0.03051229
  19    0.0247989  -0.03557817
  20    0.0247394  -0.03558358
  21    0.0079473  -0.01357888
  22    0.0004441  -0.00824600
  23    0.0004465  -0.00827984
  24    0.0003093  -0.00796084
 
----------------
 Final Energies 
----------------
Final NOF Total Energy =    -133.4388919
 
Total Orbital Internal Iterations = 270
Total Occupation Internal Iterations = 38
 
Elapsed time:   68.18 Seconds

---------------------------------
   Lowdin Population Analysis    
---------------------------------
 Idx  Atom   Population   Charge 
---------------------------------
  1     N     6.560       0.440
  2     H     1.111      -0.111
  3     C     5.901       0.099
  4     H     1.129      -0.129
  5     H     1.134      -0.134
  6     C     5.902       0.098
  7     H     1.129      -0.129
  8     H     1.134      -0.134

---------------------------------
   M Diagnostic: 0.30
---------------------------------

