Computing Integrals
Basis Set                                            = def2-qzvp
Auxiliary Basis Set                                  = def2-universal-jkfit
Gaussian Type                                        = Spherical
Elapsed time:   10.61 Seconds

Number of basis functions                   (NBF)    = 595
Number of auxiliary basis functions         (NBFAUX) = 651
Inactive Doubly occupied orbitals up to     (NO1)    = 0
No. considered Strongly Doubly occupied MOs (NDOC)   = 28
No. considered Strongly Singly occupied MOs (NSOC)   = 0
NO. of Weakly occ. per St. Doubly occ.  MOs (NCWO)   = 1
Dimension of the Nat. Orb. subspace         (NBF5)   = 56
No. of electrons                                     = 56
    No. of alpha electrons                           = 28
    No. of beta electrons                            = 28
Multiplicity                                         = 1

Geometry
========
 C       0.6252780       2.8980963      -0.0393605
 C      -0.3425539       1.7374537      -0.0315010
 N       0.3613884       0.4799843       0.0140398
 C      -0.2254265      -0.7281287       0.0951508
 N      -1.5656272      -0.7382899      -0.0725709
 S       0.6429302      -2.1195582       0.3539604
 H      -2.1158732       0.0976519      -0.0387532
 H      -2.0221603      -1.6165419       0.0707690
 H       1.3438843       0.4774479       0.2151176
 H      -0.9642897       1.7725047      -0.9274874
 H      -1.0098715       1.8268442       0.8310916
 H       1.2935169       2.8422575      -0.8945369
 H       0.0794140       3.8351619      -0.0921762
 H       1.2290594       2.9082293       0.8652299

No violations of the orthonormality
No violations of the orthonormality
 
PNOF8/ADABelief Calculation
==================
 
  Nitext  Nit_orb  Time   Nit_occ  Time         Eelec          Etot           Ediff      maxdiff    MaxGrad_orb  Grad_occ
     1      10    1.5e+01   12    1.2e+01  -919.07531669  -625.66366551 -10918.07531669   0.031360   1.3e-01   2.4e-04 0.03
     2      20    1.0e+01    0    2.0e-01  -919.11005726  -625.69840608    -0.03474058   0.031360   1.3e-01   2.4e-04 0.03
     3      40    2.1e+01   25    2.0e-01  -919.14964162  -625.73799044    -0.03958435   0.146655   5.9e-01   2.4e-04 0.03
     4      40    2.1e+01   10    2.1e-01  -919.18208137  -625.77043019    -0.03243976   0.014368   5.7e-02   1.7e-04 0.03
     5      40    2.0e+01    8    2.0e-01  -919.19777697  -625.78612579    -0.01569559   0.013830   5.5e-02   3.1e-04 0.03
     6      40    2.1e+01    9    1.9e-01  -919.20951507  -625.79786389    -0.01173810   0.009820   3.9e-02   1.2e-04 0.03
     7      40    2.0e+01    7    1.9e-01  -919.21564450  -625.80399332    -0.00612943   0.008602   3.4e-02   3.4e-04 0.03
     8      40    2.0e+01    7    1.9e-01  -919.21985254  -625.80820136    -0.00420804   0.011298   4.5e-02   2.3e-04 0.03
     9      40    2.1e+01    7    2.0e-01  -919.22232727  -625.81067609    -0.00247474   0.009603   3.8e-02   1.6e-04 0.03
    10      40    1.9e+01    6    2.0e-01  -919.22443106  -625.81277988    -0.00210379   0.012154   4.9e-02   1.7e-04 0.03
    11      40    2.1e+01    5    2.0e-01  -919.22569984  -625.81404866    -0.00126877   0.010506   4.2e-02   2.0e-04 0.03
    12      40    2.1e+01    5    2.2e-01  -919.22660983  -625.81495865    -0.00090999   0.011421   4.6e-02   1.3e-04 0.03
    13      40    1.9e+01    4    2.0e-01  -919.22730550  -625.81565432    -0.00069567   0.010519   4.2e-02   2.1e-04 0.03
    14      40    2.0e+01    3    1.9e-01  -919.22777231  -625.81612113    -0.00046681   0.012330   4.9e-02   2.1e-04 0.03
    15      40    1.9e+01    3    1.9e-01  -919.22828360  -625.81663242    -0.00051129   0.011240   4.5e-02   2.0e-04 0.03
    16      40    2.3e+01    3    2.0e-01  -919.22848650  -625.81683532    -0.00020290   0.012295   4.9e-02   1.7e-04 0.03
    17      40    2.0e+01    2    1.9e-01  -919.22883419  -625.81718301    -0.00034769   0.012335   4.9e-02   2.4e-04 0.03
    18      40    2.0e+01    2    1.9e-01  -919.22897029  -625.81731911    -0.00013610   0.013620   5.4e-02   1.9e-04 0.03
    19      40    2.1e+01    2    1.9e-01  -919.22920370  -625.81755252    -0.00023341   0.013841   5.5e-02   1.6e-04 0.03
    20      40    1.9e+01    0    2.5e-01  -919.22921798  -625.81756680    -0.00001429   0.013841   5.5e-02   1.6e-04 0.03
    21      60    2.8e+01    2    1.9e-01  -919.23253245  -625.82088127    -0.00331447   0.000907   3.6e-03   1.3e-04 0.03
 
RESULTS OF THE OCCUPATION OPTIMIZATION
========================================
   1    1.9999672  -91.93098929
   2    1.9996739  -15.60013884
   3    1.9996530  -15.59885324
   4    1.9994999  -11.34000679
   5    1.9995494  -11.26744237
   6    1.9995634  -11.24169244
   7    1.9990787  -8.87695162
   8    1.9985997  -6.59306465
   9    1.9986699  -6.59215353
  10    1.9986274  -6.58517902
  11    1.9954079  -1.22063010
  12    1.9941409  -1.08537817
  13    1.9924628  -0.88534463
  14    1.9763226  -0.73780575
  15    1.9719049  -0.73448711
  16    1.9770312  -0.72007088
  17    1.9767668  -0.71966809
  18    1.9768188  -0.71569372
  19    1.9766408  -0.70322830
  20    1.9731746  -0.70194507
  21    1.9772627  -0.69757726
  22    1.9771462  -0.69363246
  23    1.9770396  -0.69330835
  24    1.9737339  -0.65294579
  25    1.9740366  -0.64866847
  26    1.9687776  -0.49684915
  27    1.9673891  -0.45851826
  28    1.9820018  -0.34514695
  29    0.0179982  -0.02075924
  30    0.0326109  -0.04472916
  31    0.0312224  -0.04306156
  32    0.0259634  -0.03752707
  33    0.0262661  -0.03763811
  34    0.0229604  -0.02566606
  35    0.0228538  -0.02560939
  36    0.0227373  -0.02552734
  37    0.0268254  -0.03500267
  38    0.0233592  -0.02690544
  39    0.0231812  -0.02942240
  40    0.0232332  -0.02922161
  41    0.0229688  -0.02667646
  42    0.0280951  -0.03984517
  43    0.0236774  -0.02985564
  44    0.0075372  -0.02889530
  45    0.0058591  -0.01557413
  46    0.0045921  -0.01556710
  47    0.0013726  -0.01728041
  48    0.0013301  -0.01763216
  49    0.0014003  -0.01684591
  50    0.0009213  -0.01567582
  51    0.0004366  -0.00942101
  52    0.0004506  -0.00934594
  53    0.0005001  -0.00932521
  54    0.0003470  -0.00873381
  55    0.0003261  -0.00831012
  56    0.0000328  -0.00535212
 
----------------
 Final Energies 
----------------
Final NOF Total Energy =    -625.8208813
 
Total Orbital Internal Iterations = 810
Total Occupation Internal Iterations = 122
 
Elapsed time:  467.09 Seconds

---------------------------------
   Lowdin Population Analysis    
---------------------------------
 Idx  Atom   Population   Charge 
---------------------------------
  1     C     5.771       0.229
  2     C     6.019      -0.019
  3     N     6.490       0.510
  4     C     6.794      -0.794
  5     N     6.358       0.642
  6     S    15.803       0.197
  7     H     1.175      -0.175
  8     H     1.161      -0.161
  9     H     1.156      -0.156
 10     H     1.052      -0.052
 11     H     1.054      -0.054
 12     H     1.056      -0.056
 13     H     1.055      -0.055
 14     H     1.057      -0.057

---------------------------------
   M Diagnostic: 0.03
---------------------------------

