Computing Integrals
Basis Set                                            = def2-qzvp
Auxiliary Basis Set                                  = def2-universal-jkfit
Gaussian Type                                        = Spherical
Elapsed time:   12.59 Seconds

Number of basis functions                   (NBF)    = 642
Number of auxiliary basis functions         (NBFAUX) = 634
Inactive Doubly occupied orbitals up to     (NO1)    = 0
No. considered Strongly Doubly occupied MOs (NDOC)   = 25
No. considered Strongly Singly occupied MOs (NSOC)   = 0
NO. of Weakly occ. per St. Doubly occ.  MOs (NCWO)   = 1
Dimension of the Nat. Orb. subspace         (NBF5)   = 50
No. of electrons                                     = 50
    No. of alpha electrons                           = 25
    No. of beta electrons                            = 25
Multiplicity                                         = 1

Geometry
========
 C      -1.9271980      -0.4393320      -0.2710160
 H      -2.1995250      -1.2190060       0.4488730
 O      -2.3626950       0.8400860       0.1878840
 C      -0.4328000      -0.4908680      -0.5621360
 H      -0.2001090      -1.4680690      -0.9966050
 H      -0.1883220       0.2613530      -1.3119180
 C       0.4317110      -0.2757490       0.6777340
 H       0.1956040      -1.0305380       1.4353460
 H       0.2118020       0.7005260       1.1220620
 H      -2.0538720       0.9454400       1.0905830
 H      -2.4888330      -0.6254600      -1.1849770
 C       1.9255300      -0.3440170       0.3806070
 H       2.4978550      -0.2574490       1.3093160
 H       2.1715330      -1.3049480      -0.0710290
 O       2.3481740       0.6347540      -0.5648880
 H       2.1865770       1.4992290      -0.1767600

No violations of the orthonormality
No violations of the orthonormality
 
PNOF8/ADABelief Calculation
==================
 
  Nitext  Nit_orb  Time   Nit_occ  Time         Eelec          Etot           Ediff      maxdiff    MaxGrad_orb  Grad_occ
     1      10    1.4e+01    5    1.2e+01  -560.18873780  -307.94249382 -10559.18873780   0.008683   3.5e-02   2.2e-04 0.03
     2      20    1.1e+01    0    2.3e-01  -560.21488308  -307.96863910    -0.02614528   0.008683   3.5e-02   2.2e-04 0.03
     3      40    2.1e+01   12    2.1e-01  -560.23213787  -307.98589389    -0.01725479   0.134995   5.4e-01   2.3e-04 0.03
     4      40    2.2e+01    9    2.2e-01  -560.25312302  -308.00687904    -0.02098515   0.005017   2.0e-02   2.4e-04 0.03
     5      40    2.1e+01    6    2.2e-01  -560.26379528  -308.01755129    -0.01067226   0.008965   3.6e-02   2.2e-04 0.03
     6      40    2.0e+01    6    2.2e-01  -560.27065568  -308.02441170    -0.00686041   0.006871   2.7e-02   9.1e-05 0.03
     7      40    2.1e+01    4    2.2e-01  -560.27400855  -308.02776457    -0.00335287   0.007943   3.2e-02   1.9e-04 0.03
     8      40    2.2e+01    4    2.2e-01  -560.27567656  -308.02943258    -0.00166801   0.005814   2.3e-02   1.2e-04 0.03
     9      40    2.0e+01    3    2.0e-01  -560.27642703  -308.03018305    -0.00075047   0.006810   2.7e-02   1.7e-04 0.03
    10      40    2.0e+01    3    2.2e-01  -560.27688819  -308.03064421    -0.00046116   0.006092   2.4e-02   1.8e-04 0.03
    11      40    2.1e+01    3    2.2e-01  -560.27721473  -308.03097075    -0.00032654   0.006370   2.5e-02   1.4e-04 0.03
    12      40    2.1e+01    3    2.3e-01  -560.27740101  -308.03115703    -0.00018628   0.009536   3.8e-02   1.2e-04 0.03
    13      40    2.2e+01    1    2.2e-01  -560.27748302  -308.03123903    -0.00008201   0.010851   4.3e-02   2.3e-04 0.03
    14      40    2.1e+01    3    3.0e-01  -560.27766252  -308.03141854    -0.00017950   0.009319   3.7e-02   7.9e-05 0.03
    15      40    2.1e+01    0    2.2e-01  -560.27766623  -308.03142225    -0.00000371   0.009319   3.7e-02   7.9e-05 0.03
    16      60    3.1e+01    0    2.1e-01  -560.27935073  -308.03310674    -0.00168449   0.000843   3.4e-03   1.8e-04 0.03
 
RESULTS OF THE OCCUPATION OPTIMIZATION
========================================
   1    1.9998125  -20.58578579
   2    1.9998151  -20.58373324
   3    1.9995563  -11.26595664
   4    1.9995542  -11.26192104
   5    1.9995742  -11.22270896
   6    1.9995881  -11.21279973
   7    1.9919577  -1.25529374
   8    1.9919416  -1.25298182
   9    1.9723937  -0.72610430
  10    1.9723966  -0.72439786
  11    1.9674680  -0.70197339
  12    1.9674402  -0.69862606
  13    1.9766455  -0.69824523
  14    1.9765993  -0.69548555
  15    1.9768524  -0.69332256
  16    1.9765743  -0.69088124
  17    1.9766027  -0.68906450
  18    1.9766876  -0.68787159
  19    1.9768705  -0.68285626
  20    1.9770406  -0.67722279
  21    1.9725321  -0.67648494
  22    1.9725780  -0.67006135
  23    1.9724993  -0.66315803
  24    1.9829403  -0.54804787
  25    1.9829161  -0.54495061
  26    0.0170839  -0.02229490
  27    0.0170597  -0.02235601
  28    0.0275007  -0.03497174
  29    0.0274220  -0.03534041
  30    0.0274679  -0.03545391
  31    0.0229594  -0.02567776
  32    0.0231295  -0.02562394
  33    0.0233124  -0.02631185
  34    0.0233973  -0.02609702
  35    0.0234257  -0.02644393
  36    0.0231476  -0.02576356
  37    0.0234007  -0.02622467
  38    0.0233545  -0.02618641
  39    0.0325598  -0.04676735
  40    0.0325320  -0.04681414
  41    0.0276034  -0.03591510
  42    0.0276063  -0.03588301
  43    0.0080584  -0.02077546
  44    0.0080423  -0.02079216
  45    0.0004119  -0.00790322
  46    0.0004258  -0.00798350
  47    0.0004458  -0.00824408
  48    0.0004437  -0.00821372
  49    0.0001849  -0.00642923
  50    0.0001875  -0.00649963
 
----------------
 Final Energies 
----------------
Final NOF Total Energy =    -308.0331067
 
Total Orbital Internal Iterations = 610
Total Occupation Internal Iterations = 62
 
Elapsed time:  372.15 Seconds

---------------------------------
   Lowdin Population Analysis    
---------------------------------
 Idx  Atom   Population   Charge 
---------------------------------
  1     C     6.101      -0.101
  2     H     1.064      -0.064
  3     O     7.416       0.584
  4     C     5.918       0.082
  5     H     1.042      -0.042
  6     H     1.046      -0.046
  7     C     5.929       0.071
  8     H     1.044      -0.044
  9     H     1.053      -0.053
 10     H     1.348      -0.348
 11     H     1.060      -0.060
 12     C     6.102      -0.102
 13     H     1.066      -0.066
 14     H     1.057      -0.057
 15     O     7.413       0.587
 16     H     1.339      -0.339

---------------------------------
   M Diagnostic: 0.03
---------------------------------

