Computing Integrals
Basis Set                                            = def2-qzvp
Auxiliary Basis Set                                  = def2-universal-jkfit
Gaussian Type                                        = Spherical
Elapsed time:   12.51 Seconds

Number of basis functions                   (NBF)    = 642
Number of auxiliary basis functions         (NBFAUX) = 634
Inactive Doubly occupied orbitals up to     (NO1)    = 0
No. considered Strongly Doubly occupied MOs (NDOC)   = 25
No. considered Strongly Singly occupied MOs (NSOC)   = 0
NO. of Weakly occ. per St. Doubly occ.  MOs (NCWO)   = 1
Dimension of the Nat. Orb. subspace         (NBF5)   = 50
No. of electrons                                     = 50
    No. of alpha electrons                           = 25
    No. of beta electrons                            = 25
Multiplicity                                         = 1

Geometry
========
 C       1.2868180      -0.3674320       0.2962650
 H       0.7856760      -1.2739980      -0.0400400
 O       2.6645800      -0.3656580      -0.0832590
 C       0.5626100       0.8772730      -0.2084730
 H       1.1636470       1.7406340       0.0832110
 H       0.5407350       0.8656280      -1.3035380
 C      -0.8629860       1.0534570       0.3257110
 H      -1.1844770       2.0800600       0.1347760
 H      -0.8763610       0.9149410       1.4096740
 H       2.6964930      -0.4774670      -1.0367960
 H       1.2856220      -0.3747360       1.3860380
 C      -1.9047000       0.1368940      -0.2919860
 H      -2.9003280       0.4446700       0.0410660
 H      -1.8711480       0.2246330      -1.3835990
 O      -1.6403840      -1.2066130       0.1135440
 H      -2.3238780      -1.7673390      -0.2621790

No violations of the orthonormality
No violations of the orthonormality
 
PNOF8/ADABelief Calculation
==================
 
  Nitext  Nit_orb  Time   Nit_occ  Time         Eelec          Etot           Ediff      maxdiff    MaxGrad_orb  Grad_occ
     1      10    1.5e+01    5    1.2e+01  -562.33215919  -307.94174118 -10561.33215919   0.013488   5.4e-02   2.5e-04 0.03
     2      20    1.1e+01    0    2.2e-01  -562.35832888  -307.96791087    -0.02616969   0.013488   5.4e-02   2.5e-04 0.03
     3      40    2.1e+01   13    2.3e-01  -562.37147442  -307.98105641    -0.01314554   0.128420   5.1e-01   2.2e-04 0.03
     4      40    2.1e+01   10    2.2e-01  -562.39014548  -307.99972747    -0.01867107   0.004981   2.0e-02   1.1e-04 0.03
     5      40    2.1e+01    8    2.2e-01  -562.40147976  -308.01106175    -0.01133428   0.006780   2.7e-02   2.9e-04 0.03
     6      40    2.1e+01    6    3.0e-01  -562.40991371  -308.01949570    -0.00843394   0.005513   2.2e-02   1.8e-04 0.03
     7      40    2.1e+01    5    2.2e-01  -562.41466233  -308.02424432    -0.00474862   0.005505   2.2e-02   2.2e-04 0.03
     8      40    2.1e+01    4    2.2e-01  -562.41745638  -308.02703837    -0.00279405   0.005674   2.3e-02   1.6e-04 0.03
     9      40    2.1e+01    4    2.2e-01  -562.41900681  -308.02858880    -0.00155043   0.005415   2.2e-02   1.0e-04 0.03
    10      40    2.2e+01    3    2.1e-01  -562.41988651  -308.02946850    -0.00087970   0.005689   2.3e-02   2.2e-04 0.03
    11      40    2.2e+01    3    2.3e-01  -562.42034741  -308.02992940    -0.00046091   0.005293   2.1e-02   1.0e-04 0.03
    12      40    2.0e+01    3    2.2e-01  -562.42065110  -308.03023309    -0.00030368   0.008067   3.2e-02   1.3e-04 0.03
    13      40    2.0e+01    0    2.4e-01  -562.42066012  -308.03024211    -0.00000902   0.008067   3.2e-02   1.3e-04 0.03
    14      60    3.0e+01    2    2.1e-01  -562.42242219  -308.03200418    -0.00176208   0.001132   4.5e-03   1.5e-04 0.03
    15      60    3.2e+01    0    2.9e-01  -562.42242426  -308.03200625    -0.00000207   0.001132   4.5e-03   1.5e-04 0.03
    16      57    2.9e+01    0    2.1e-01  -562.42244043  -308.03202242    -0.00001617   0.000481   1.9e-03   1.5e-04 0.03
 
RESULTS OF THE OCCUPATION OPTIMIZATION
========================================
   1    1.9998079  -20.58914323
   2    1.9998170  -20.57349582
   3    1.9995614  -11.26730666
   4    1.9995582  -11.24761827
   5    1.9995830  -11.21790536
   6    1.9995758  -11.21084586
   7    1.9919147  -1.26070409
   8    1.9920256  -1.24513947
   9    1.9726477  -0.73666939
  10    1.9723171  -0.71306281
  11    1.9674515  -0.70229914
  12    1.9766273  -0.69712024
  13    1.9764941  -0.69595897
  14    1.9674130  -0.68761339
  15    1.9771097  -0.68650839
  16    1.9768455  -0.68526524
  17    1.9768061  -0.68138024
  18    1.9768455  -0.67608203
  19    1.9725159  -0.67557051
  20    1.9764663  -0.67512054
  21    1.9764841  -0.67161959
  22    1.9725082  -0.66222211
  23    1.9723876  -0.65684331
  24    1.9828302  -0.54678527
  25    1.9827941  -0.53233280
  26    0.0172059  -0.02225674
  27    0.0171698  -0.02233144
  28    0.0276124  -0.03522477
  29    0.0274918  -0.03490091
  30    0.0235159  -0.02628103
  31    0.0235337  -0.02594440
  32    0.0274841  -0.03548700
  33    0.0231545  -0.02567478
  34    0.0231939  -0.02580062
  35    0.0231545  -0.02571381
  36    0.0228903  -0.02592072
  37    0.0325870  -0.04665060
  38    0.0235059  -0.02638076
  39    0.0233727  -0.02621398
  40    0.0325485  -0.04673038
  41    0.0276829  -0.03574105
  42    0.0273523  -0.03578103
  43    0.0079744  -0.02075129
  44    0.0080853  -0.02086300
  45    0.0004242  -0.00796000
  46    0.0004170  -0.00789639
  47    0.0004418  -0.00818842
  48    0.0004386  -0.00819339
  49    0.0001830  -0.00642376
  50    0.0001921  -0.00659559
 
----------------
 Final Energies 
----------------
Final NOF Total Energy =    -308.0320224
 
Total Orbital Internal Iterations = 647
Total Occupation Internal Iterations = 66
 
Elapsed time:  387.80 Seconds

---------------------------------
   Lowdin Population Analysis    
---------------------------------
 Idx  Atom   Population   Charge 
---------------------------------
  1     C     6.097      -0.097
  2     H     1.074      -0.074
  3     O     7.423       0.577
  4     C     5.918       0.082
  5     H     1.048      -0.048
  6     H     1.052      -0.052
  7     C     5.916       0.084
  8     H     1.043      -0.043
  9     H     1.043      -0.043
 10     H     1.346      -0.346
 11     H     1.058      -0.058
 12     C     6.105      -0.105
 13     H     1.065      -0.065
 14     H     1.063      -0.063
 15     O     7.408       0.592
 16     H     1.342      -0.342

---------------------------------
   M Diagnostic: 0.03
---------------------------------

