Computing Integrals
Basis Set                                            = def2-qzvp
Auxiliary Basis Set                                  = def2-universal-jkfit
Gaussian Type                                        = Spherical
Elapsed time:   12.80 Seconds

Number of basis functions                   (NBF)    = 642
Number of auxiliary basis functions         (NBFAUX) = 634
Inactive Doubly occupied orbitals up to     (NO1)    = 0
No. considered Strongly Doubly occupied MOs (NDOC)   = 25
No. considered Strongly Singly occupied MOs (NSOC)   = 0
NO. of Weakly occ. per St. Doubly occ.  MOs (NCWO)   = 1
Dimension of the Nat. Orb. subspace         (NBF5)   = 50
No. of electrons                                     = 50
    No. of alpha electrons                           = 25
    No. of beta electrons                            = 25
Multiplicity                                         = 1

Geometry
========
 C       1.5783850       0.1476900       0.3438090
 H       1.3947500       0.0129680       1.4135450
 O       1.3599290      -1.0862030      -0.3597820
 C       0.6538450       1.2150990      -0.2213220
 H       1.0578270       2.1802830       0.0939240
 H       0.7296930       1.1848640      -1.3114380
 C      -0.8173340       1.1521270       0.2081560
 H      -1.3035250       2.0657380      -0.1458280
 H      -0.8837650       1.1597620       1.2992600
 H       1.9841200      -1.7344460      -0.0213850
 H       2.6162860       0.4589480       0.2065440
 C      -1.6277250      -0.0340520      -0.3113010
 H      -2.6842290       0.1510150      -0.1185660
 H      -1.5018680      -0.1181460      -1.3975060
 O      -1.3242620      -1.2601540       0.3333770
 H      -0.4176510      -1.4753140       0.0766370

No violations of the orthonormality
No violations of the orthonormality
 
PNOF8/ADABelief Calculation
==================
 
  Nitext  Nit_orb  Time   Nit_occ  Time         Eelec          Etot           Ediff      maxdiff    MaxGrad_orb  Grad_occ
     1      10    1.4e+01    5    1.2e+01  -571.52064035  -307.94477869 -10570.52064035   0.009127   3.7e-02   2.4e-04 0.03
     2      20    1.2e+01    0    2.2e-01  -571.54659036  -307.97072870    -0.02595001   0.009127   3.7e-02   2.4e-04 0.03
     3      40    2.0e+01   14    2.3e-01  -571.55828358  -307.98242191    -0.01169321   0.167656   6.7e-01   1.1e-04 0.03
     4      40    2.3e+01   10    2.2e-01  -571.58073946  -308.00487780    -0.02245589   0.006897   2.8e-02   1.1e-04 0.03
     5      40    2.0e+01    8    2.0e-01  -571.59224067  -308.01637901    -0.01150121   0.009703   3.9e-02   2.2e-04 0.03
     6      40    2.0e+01    6    2.1e-01  -571.60074048  -308.02487882    -0.00849981   0.005852   2.3e-02   1.4e-04 0.03
     7      40    2.2e+01    4    2.2e-01  -571.60514511  -308.02928345    -0.00440463   0.007874   3.1e-02   2.1e-04 0.03
     8      40    2.2e+01    4    2.2e-01  -571.60749952  -308.03163785    -0.00235440   0.006569   2.6e-02   1.3e-04 0.03
     9      40    2.3e+01    3    2.3e-01  -571.60857280  -308.03271114    -0.00107328   0.007086   2.8e-02   1.7e-04 0.03
    10      40    2.2e+01    3    2.1e-01  -571.60911038  -308.03324872    -0.00053758   0.008414   3.4e-02   9.9e-05 0.03
    11      40    2.1e+01    3    2.2e-01  -571.60929878  -308.03343712    -0.00018840   0.006616   2.6e-02   9.0e-05 0.03
    12      40    2.2e+01    0    2.9e-01  -571.60947809  -308.03361643    -0.00017931   0.006366   2.5e-02   3.2e-04 0.03
    13      50    2.6e+01    1    2.2e-01  -571.61027606  -308.03441440    -0.00079797   0.005524   2.2e-02   2.9e-04 0.03
    14      50    3.0e+01    0    2.0e-01  -571.61027838  -308.03441672    -0.00000232   0.005524   2.2e-02   2.9e-04 0.03
    15      70    3.5e+01    0    2.2e-01  -571.61131808  -308.03545641    -0.00103969   0.000598   2.4e-03   2.8e-04 0.03
 
RESULTS OF THE OCCUPATION OPTIMIZATION
========================================
   1    1.9998059  -20.60455409
   2    1.9998170  -20.55552449
   3    1.9995527  -11.27424275
   4    1.9995568  -11.24767835
   5    1.9995904  -11.22068524
   6    1.9995757  -11.21133002
   7    1.9922221  -1.25271091
   8    1.9919592  -1.23060328
   9    1.9729825  -0.75027132
  10    1.9673684  -0.71176821
  11    1.9767295  -0.70607905
  12    1.9766082  -0.70040264
  13    1.9722431  -0.69639364
  14    1.9768270  -0.68792369
  15    1.9768507  -0.68497379
  16    1.9769003  -0.68145548
  17    1.9725471  -0.68092551
  18    1.9765305  -0.67982073
  19    1.9674985  -0.67893402
  20    1.9768046  -0.67592087
  21    1.9765848  -0.67411836
  22    1.9721776  -0.65732636
  23    1.9722986  -0.65660662
  24    1.9841042  -0.59683679
  25    1.9825601  -0.51922798
  26    0.0174399  -0.02229740
  27    0.0158958  -0.02213154
  28    0.0277014  -0.03535618
  29    0.0278224  -0.03517600
  30    0.0234152  -0.02622697
  31    0.0231954  -0.02572478
  32    0.0325015  -0.04645449
  33    0.0234695  -0.02609333
  34    0.0274529  -0.03551247
  35    0.0230997  -0.02553543
  36    0.0231493  -0.02579009
  37    0.0231730  -0.02573666
  38    0.0277569  -0.03752808
  39    0.0233918  -0.02629734
  40    0.0232705  -0.02632993
  41    0.0326316  -0.04685625
  42    0.0270175  -0.03570177
  43    0.0080408  -0.02074485
  44    0.0077779  -0.01979315
  45    0.0004243  -0.00796593
  46    0.0004096  -0.00784814
  47    0.0004432  -0.00821507
  48    0.0004473  -0.00828365
  49    0.0001830  -0.00641414
  50    0.0001941  -0.00669557
 
----------------
 Final Energies 
----------------
Final NOF Total Energy =    -308.0354564
 
Total Orbital Internal Iterations = 600
Total Occupation Internal Iterations = 61
 
Elapsed time:  374.50 Seconds

---------------------------------
   Lowdin Population Analysis    
---------------------------------
 Idx  Atom   Population   Charge 
---------------------------------
  1     C     6.083      -0.083
  2     H     1.061      -0.061
  3     O     7.376       0.624
  4     C     5.918       0.082
  5     H     1.043      -0.043
  6     H     1.043      -0.043
  7     C     5.918       0.082
  8     H     1.045      -0.045
  9     H     1.047      -0.047
 10     H     1.334      -0.334
 11     H     1.064      -0.064
 12     C     6.117      -0.117
 13     H     1.062      -0.062
 14     H     1.063      -0.063
 15     O     7.429       0.571
 16     H     1.398      -0.398

---------------------------------
   M Diagnostic: 0.03
---------------------------------

