Computing Integrals
Basis Set                                            = def2-qzvp
Auxiliary Basis Set                                  = def2-universal-jkfit
Gaussian Type                                        = Spherical
Elapsed time:   11.99 Seconds

Number of basis functions                   (NBF)    = 541
Number of auxiliary basis functions         (NBFAUX) = 785
Inactive Doubly occupied orbitals up to     (NO1)    = 0
No. considered Strongly Doubly occupied MOs (NDOC)   = 51
No. considered Strongly Singly occupied MOs (NSOC)   = 0
NO. of Weakly occ. per St. Doubly occ.  MOs (NCWO)   = 1
Dimension of the Nat. Orb. subspace         (NBF5)   = 102
No. of electrons                                     = 102
    No. of alpha electrons                           = 51
    No. of beta electrons                            = 51
Multiplicity                                         = 1

Geometry
========
 I       0.0000000       0.0000000       1.4419950
 C       0.0000000       1.1506450      -1.3620180
 N       0.0000000       0.0000000      -0.5703330
 O       0.0000000       2.2819510      -0.9688680
 O       0.0000000      -2.2819510      -0.9688680
 C       0.0000000      -1.1506450      -1.3620180
 C       0.0000000      -0.6617750      -2.7803190
 C       0.0000000       0.6617750      -2.7803190
 H       0.0000000       1.3493370      -3.6117420
 H       0.0000000      -1.3493370      -3.6117420

No violations of the orthonormality
No violations of the orthonormality
 
PNOF8/ADABelief Calculation
==================
 
  Nitext  Nit_orb  Time   Nit_occ  Time         Eelec          Etot           Ediff      maxdiff    MaxGrad_orb  Grad_occ
     1      10    2.0e+01    8    1.2e+01 -3493.83644747 -2798.30616306 -13492.83644747   0.011750   4.7e-02   2.7e-04 0.99
     2      20    1.9e+01    0    4.6e-01 -3493.87285742 -2798.34257301    -0.03640995   0.011750   4.7e-02   2.7e-04 0.99
     3      40    3.7e+01   88    8.6e-01 -3493.93910838 -2798.40882397    -0.06625096   0.124372   5.0e-01   3.2e-04 0.99
     4      40    3.7e+01   20    5.9e-01 -3494.00587386 -2798.47558944    -0.06676547   0.008040   3.2e-02   2.5e-04 0.99
     5      40    3.8e+01    9    5.6e-01 -3494.02703070 -2798.49674629    -0.02115685   0.015251   6.1e-02   3.1e-04 0.99
     6      40    3.7e+01   14    6.5e-01 -3494.03979293 -2798.50950852    -0.01276223   0.009314   3.7e-02   2.1e-04 0.99
     7      40    3.8e+01    7    5.3e-01 -3494.04599262 -2798.51570821    -0.00619968   0.014241   5.7e-02   2.2e-04 0.99
     8      40    3.6e+01    6    5.4e-01 -3494.05015839 -2798.51987398    -0.00416577   0.035048   1.4e-01   2.5e-04 0.99
     9      40    3.6e+01    4    5.0e-01 -3494.05286205 -2798.52257763    -0.00270365   0.014915   6.0e-02   3.4e-04 0.99
    10      40    3.6e+01    4    5.0e-01 -3494.05463672 -2798.52435231    -0.00177467   0.017736   7.1e-02   2.6e-04 0.99
    11      40    3.7e+01    4    4.7e-01 -3494.05599058 -2798.52570617    -0.00135386   0.016929   6.8e-02   2.9e-04 0.99
    12      40    3.6e+01    4    5.0e-01 -3494.05665444 -2798.52637002    -0.00066385   0.016797   6.7e-02   2.9e-04 0.99
    13      40    3.7e+01    4    4.9e-01 -3494.05737430 -2798.52708989    -0.00071986   0.016184   6.5e-02   2.4e-04 0.99
    14      40    3.6e+01    2    5.0e-01 -3494.05774386 -2798.52745945    -0.00036956   0.015721   6.3e-02   3.5e-04 0.99
    15      40    3.6e+01    4    5.8e-01 -3494.05813808 -2798.52785366    -0.00039421   0.015200   6.1e-02   2.2e-04 0.99
    16      40    3.7e+01    3    5.0e-01 -3494.05845424 -2798.52816982    -0.00031616   0.015513   6.2e-02   2.7e-04 0.99
    17      40    3.6e+01    2    4.9e-01 -3494.05871306 -2798.52842865    -0.00025882   0.014619   5.8e-02   2.6e-04 0.99
    18      40    3.6e+01    4    5.6e-01 -3494.05888301 -2798.52859860    -0.00016996   0.015007   6.0e-02   2.2e-04 0.99
    19      40    3.6e+01    2    4.8e-01 -3494.05896320 -2798.52867878    -0.00008018   0.015172   6.1e-02   1.7e-04 0.99
    20      40    3.6e+01    2    4.9e-01 -3494.05917430 -2798.52888988    -0.00021110   0.015056   6.0e-02   2.3e-04 0.99
    21      40    3.6e+01    2    5.5e-01 -3494.05927256 -2798.52898815    -0.00009826   0.014365   5.7e-02   2.4e-04 0.99
    22      40    3.7e+01    3    4.8e-01 -3494.05934174 -2798.52905733    -0.00006918   0.015137   6.1e-02   3.2e-04 0.99
    23      40    3.7e+01    0    4.7e-01 -3494.05934809 -2798.52906368    -0.00000635   0.015137   6.1e-02   3.2e-04 0.99
    24      60    5.6e+01    1    5.5e-01 -3494.06372128 -2798.53343686    -0.00437318   0.001072   4.3e-03   1.9e-04 0.99
    25      60    5.5e+01    0    4.9e-01 -3494.06372201 -2798.53343760    -0.00000074   0.001072   4.3e-03   1.9e-04 0.99
    26      77    6.8e+01    0    4.7e-01 -3494.06376925 -2798.53348484    -0.00004724   0.000487   1.9e-03   2.2e-04 0.99
 
RESULTS OF THE OCCUPATION OPTIMIZATION
========================================
   1    1.9999980  -149.77536071
   2    1.9999909  -64.79406885
   3    1.9999899  -64.79064370
   4    1.9999906  -64.78875015
   5    1.9999456  -26.34599316
   6    1.9998279  -20.59949420
   7    1.9998281  -20.59914678
   8    1.9996665  -14.06313838
   9    1.9997683  -11.62032857
  10    1.9997593  -11.41988086
  11    1.9994983  -11.36273058
  12    1.9994996  -11.36257256
  13    1.9997634  -11.28698159
  14    1.9995532  -11.27404857
  15    1.9995560  -11.27399042
  16    1.9997407  -11.03827091
  17    1.9997300  -11.03722321
  18    1.9997016  -10.47101013
  19    1.9996264  -10.00433030
  20    1.9996551  -9.98512269
  21    1.9988475  -5.26060583
  22    1.9981478  -4.12276226
  23    1.9980877  -4.12205552
  24    1.9981412  -4.12153413
  25    1.9980721  -4.12132169
  26    1.9981060  -4.12088706
  27    1.9981140  -4.12050213
  28    1.9980000  -4.11834408
  29    1.9920470  -1.26264481
  30    1.9920917  -1.26230776
  31    1.9920025  -1.16065026
  32    1.9818673  -0.95775912
  33    1.9673326  -0.92603254
  34    1.9877743  -0.89970663
  35    1.9670579  -0.89444188
  36    1.9757252  -0.81649576
  37    1.9757248  -0.81636173
  38    1.9852965  -0.80760829
  39    1.9737679  -0.76832000
  40    1.9737376  -0.76632093
  41    1.9734471  -0.75240685
  42    1.9734484  -0.75218244
  43    1.9783188  -0.75103327
  44    1.9783192  -0.75099251
  45    1.9863060  -0.66593071
  46    1.9862688  -0.66559504
  47    1.9604554  -0.56717596
  48    1.9604766  -0.56708326
  49    1.9622272  -0.53077404
  50    1.9594149  -0.45878299
  51    1.0060991  -0.16052268
  52    0.9939009  -0.17255028
  53    0.0405851  -0.03788525
  54    0.0377728  -0.05212671
  55    0.0395234  -0.05142958
  56    0.0395446  -0.05143073
  57    0.0137312  -0.02234967
  58    0.0136940  -0.02237534
  59    0.0216808  -0.02566399
  60    0.0216812  -0.02566173
  61    0.0265516  -0.03771959
  62    0.0265529  -0.03772434
  63    0.0262624  -0.03988853
  64    0.0262321  -0.03991847
  65    0.0147035  -0.02180030
  66    0.0242752  -0.04081429
  67    0.0242748  -0.04082976
  68    0.0329421  -0.04488766
  69    0.0122257  -0.01870003
  70    0.0326674  -0.04155773
  71    0.0181327  -0.02914920
  72    0.0079975  -0.01565420
  73    0.0079083  -0.01892839
  74    0.0079530  -0.01884318
  75    0.0020000  -0.01241632
  76    0.0018860  -0.01190060
  77    0.0018940  -0.01192433
  78    0.0019279  -0.01208686
  79    0.0018588  -0.01178589
  80    0.0019123  -0.01200399
  81    0.0018522  -0.01171291
  82    0.0011525  -0.00835490
  83    0.0003449  -0.00418622
  84    0.0003736  -0.00450142
  85    0.0002984  -0.00376883
  86    0.0002700  -0.00351320
  87    0.0002593  -0.00349092
  88    0.0004440  -0.00821665
  89    0.0004468  -0.00824328
  90    0.0002366  -0.00317556
  91    0.0005004  -0.00895411
  92    0.0005017  -0.00896963
  93    0.0002407  -0.00323978
  94    0.0002317  -0.00318310
  95    0.0003335  -0.00729501
  96    0.0001719  -0.00591608
  97    0.0001721  -0.00589901
  98    0.0000544  -0.00157009
  99    0.0000094  -0.00074636
 100    0.0000101  -0.00078445
 101    0.0000091  -0.00073505
 102    0.0000020  -0.00037869
 
----------------
 Final Energies 
----------------
Final NOF Total Energy =   -2798.5334848
 
Total Orbital Internal Iterations = 1067
Total Occupation Internal Iterations = 197
 
Elapsed time: 1079.18 Seconds

---------------------------------
   Lowdin Population Analysis    
---------------------------------
 Idx  Atom   Population   Charge 
---------------------------------
  1     I    52.525       0.475
  2     C     6.602      -0.602
  3     N     6.989       0.011
  4     O     7.689       0.311
  5     O     7.689       0.311
  6     C     6.602      -0.602
  7     C     5.886       0.114
  8     C     5.886       0.114
  9     H     1.066      -0.066
 10     H     1.066      -0.066

---------------------------------
   M Diagnostic: 0.99
---------------------------------

