Computing Integrals
Basis Set                                            = def2-qzvp
Auxiliary Basis Set                                  = def2-universal-jkfit
Gaussian Type                                        = Spherical
Elapsed time:    3.95 Seconds

Number of basis functions                   (NBF)    = 344
Number of auxiliary basis functions         (NBFAUX) = 577
Inactive Doubly occupied orbitals up to     (NO1)    = 0
No. considered Strongly Doubly occupied MOs (NDOC)   = 70
No. considered Strongly Singly occupied MOs (NSOC)   = 0
NO. of Weakly occ. per St. Doubly occ.  MOs (NCWO)   = 1
Dimension of the Nat. Orb. subspace         (NBF5)   = 140
No. of electrons                                     = 140
    No. of alpha electrons                           = 70
    No. of beta electrons                            = 70
Multiplicity                                         = 1

Geometry
========
Pb       0.0032145      -2.1514754       0.0000000
 H      -0.0545265      -0.4291394       0.0000000
 H      -0.7883945      -2.7523824       1.4068570
 H      -0.7883945      -2.7523824      -1.4068570
 H       1.6466505      -2.6678534       0.0000000
Te       0.0032145       2.8132216       0.0000000
 H       1.1435395       3.9841326       0.0000000
 H      -1.1653035       3.9558786       0.0000000

No violations of the orthonormality
No violations of the orthonormality
 
PNOF8/ADABelief Calculation
==================
 
  Nitext  Nit_orb  Time   Nit_occ  Time         Eelec          Etot           Ediff      maxdiff    MaxGrad_orb  Grad_occ
     1      10    2.3e+01    6    2.5e+01 -7165.21695247 -6537.53314159 -17164.21695247   0.011001   4.4e-02   2.4e-04 0.98
     2      20    5.8e+00   60    7.4e-01 -7165.32579925 -6537.64198836    -0.10884677   0.018016   7.2e-02   3.5e-04 0.98
     3      20    5.3e+00   22    3.6e-01 -7165.38965335 -6537.70584246    -0.06385410   0.002834   1.1e-02   2.3e-04 0.98
     4      20    5.2e+00    6    1.5e-01 -7165.39779642 -6537.71398553    -0.00814307   0.002190   8.8e-03   2.9e-04 0.98
     5      20    5.0e+00    6    1.7e-01 -7165.40005738 -6537.71624650    -0.00226096   0.002145   8.6e-03   2.9e-04 0.98
     6      20    4.7e+00    6    2.1e-01 -7165.40083271 -6537.71702183    -0.00077533   0.005251   2.1e-02   2.4e-04 0.98
     7      20    5.0e+00    3    1.4e-01 -7165.40156758 -6537.71775670    -0.00073487   0.002479   9.9e-03   2.5e-04 0.98
     8      20    4.9e+00    1    1.1e-01 -7165.40170561 -6537.71789472    -0.00013802   0.002064   8.3e-03   3.0e-04 0.99
     9      20    5.2e+00    3    1.4e-01 -7165.40176550 -6537.71795462    -0.00005989   0.009234   3.7e-02   2.7e-04 0.98
    10      20    5.1e+00    1    1.1e-01 -7165.40179669 -6537.71798580    -0.00003119   0.003865   1.5e-02   2.1e-04 0.99
    11      20    5.5e+00    1    1.2e-01 -7165.40192221 -6537.71811133    -0.00012552   0.001957   7.8e-03   1.9e-04 0.98
    12      20    5.1e+00    0    1.6e-01 -7165.40192386 -6537.71811297    -0.00000164   0.001957   7.8e-03   1.9e-04 0.98
    13      40    9.6e+00    1    1.0e-01 -7165.40254138 -6537.71873050    -0.00061753   0.001007   4.0e-03   2.1e-04 0.99
    14      25    5.9e+00    0    1.6e-01 -7165.40254566 -6537.71873478    -0.00000428   0.000258   1.0e-03   2.6e-04 0.99
 
RESULTS OF THE OCCUPATION OPTIMIZATION
========================================
   1    2.0000000  -231.26498371
   2    2.0000000  -141.09390056
   3    1.9999999  -109.82860846
   4    1.9999999  -109.82398082
   5    1.9999999  -109.82379970
   6    1.9999994  -61.70276623
   7    1.9999994  -61.65963006
   8    1.9999994  -61.59963864
   9    1.9999997  -61.27948556
  10    1.9999910  -26.65318321
  11    1.9999907  -26.64910817
  12    1.9999900  -26.64354031
  13    1.9999848  -23.59065887
  14    1.9999838  -23.33606691
  15    1.9999834  -23.30933336
  16    1.9999805  -23.29739730
  17    1.9999816  -23.29734710
  18    1.9999794  -23.29497954
  19    1.9999830  -23.29293543
  20    1.9999752  -22.83526963
  21    1.9999700  -22.02851152
  22    1.9999730  -22.01161918
  23    1.9999668  -20.83709904
  24    1.9999668  -20.63116945
  25    1.9999666  -20.50228772
  26    1.9999640  -20.36866658
  27    1.9998528  -9.75266749
  28    1.9998621  -9.74976608
  29    1.9998529  -9.74562900
  30    1.9998480  -9.71094562
  31    1.9998574  -9.69609383
  32    1.9998282  -9.66843293
  33    1.9998290  -9.64399280
  34    1.9998133  -9.64049726
  35    1.9994736  -5.34579565
  36    1.9988616  -4.90175598
  37    1.9990522  -4.88870628
  38    1.9993640  -4.85478400
  39    1.9988163  -4.83803366
  40    1.9980687  -3.78924155
  41    1.9980656  -3.78691872
  42    1.9980714  -3.78629666
  43    1.9980592  -3.78619791
  44    1.9980762  -3.78223759
  45    1.9979937  -3.77429183
  46    1.9978840  -3.76763220
  47    1.9982963  -3.63569348
  48    1.9979345  -3.46292061
  49    1.9979331  -3.45508067
  50    1.9979576  -3.43492704
  51    1.9978466  -3.42702401
  52    1.9978549  -3.42700606
  53    1.9975471  -3.42555874
  54    1.9941823  -2.05696646
  55    1.9940436  -2.04505262
  56    1.9934662  -2.03773018
  57    1.9924686  -1.84819524
  58    1.9929717  -1.84797283
  59    1.9852692  -0.82565861
  60    1.9716841  -0.81805648
  61    1.9716760  -0.81680014
  62    1.9806965  -0.79090992
  63    1.9804052  -0.76398000
  64    1.9802334  -0.74951658
  65    1.9799986  -0.73601266
  66    1.9703842  -0.68496490
  67    1.9702975  -0.68463507
  68    1.2558360  -0.16559318
  69    1.0149738  -0.13901751
  70    1.2031454  -0.13682145
  71    0.7968546  -0.11224020
  72    0.9850262  -0.15237322
  73    0.7441640  -0.11077232
  74    0.0297025  -0.03369908
  75    0.0296158  -0.03365242
  76    0.0200014  -0.02178444
  77    0.0197666  -0.02176667
  78    0.0195948  -0.02172275
  79    0.0193035  -0.02207828
  80    0.0283240  -0.03335682
  81    0.0283159  -0.03334206
  82    0.0147308  -0.02133929
  83    0.0070283  -0.01475309
  84    0.0075314  -0.01569479
  85    0.0065338  -0.01483726
  86    0.0059564  -0.01375217
  87    0.0058177  -0.01355883
  88    0.0024529  -0.00945434
  89    0.0021451  -0.00810047
  90    0.0021534  -0.00813853
  91    0.0020424  -0.00785620
  92    0.0020669  -0.00803020
  93    0.0020655  -0.00800965
  94    0.0017037  -0.00747741
  95    0.0021160  -0.01160799
  96    0.0020063  -0.01127234
  97    0.0019238  -0.01100265
  98    0.0019408  -0.01108362
  99    0.0019286  -0.01103578
 100    0.0019344  -0.01110387
 101    0.0019313  -0.01106230
 102    0.0011837  -0.00599123
 103    0.0006360  -0.00334812
 104    0.0009478  -0.00533760
 105    0.0011384  -0.00622368
 106    0.0005264  -0.00304918
 107    0.0001867  -0.00199413
 108    0.0001710  -0.00187334
 109    0.0001718  -0.00188846
 110    0.0001426  -0.00152232
 111    0.0001520  -0.00160200
 112    0.0001471  -0.00156469
 113    0.0001379  -0.00149506
 114    0.0001472  -0.00157008
 115    0.0000360  -0.00076287
 116    0.0000334  -0.00072499
 117    0.0000332  -0.00073440
 118    0.0000332  -0.00072156
 119    0.0000270  -0.00060610
 120    0.0000300  -0.00069181
 121    0.0000248  -0.00058794
 122    0.0000170  -0.00041693
 123    0.0000206  -0.00048443
 124    0.0000184  -0.00046218
 125    0.0000195  -0.00046984
 126    0.0000166  -0.00040986
 127    0.0000162  -0.00039074
 128    0.0000152  -0.00037830
 129    0.0000100  -0.00028421
 130    0.0000093  -0.00027939
 131    0.0000090  -0.00025954
 132    0.0000003  -0.00004461
 133    0.0000006  -0.00006473
 134    0.0000006  -0.00006702
 135    0.0000006  -0.00005865
 136    0.0000001  -0.00002180
 137    0.0000001  -0.00001986
 138    0.0000001  -0.00001992
 139    0.0000000  -0.00001614
 140    0.0000000  -0.00000925
 
----------------
 Final Energies 
----------------
Final NOF Total Energy =   -6537.7187348
 
Total Orbital Internal Iterations = 295
Total Occupation Internal Iterations = 116
 
Elapsed time:  144.67 Seconds

---------------------------------
   Lowdin Population Analysis    
---------------------------------
 Idx  Atom   Population   Charge 
---------------------------------
  1    Pb    78.449       3.551
  2     H     1.891      -0.891
  3     H     1.879      -0.879
  4     H     1.884      -0.884
  5     H     1.884      -0.884
  6    Te    51.421       0.579
  7     H     1.295      -0.295
  8     H     1.296      -0.296

---------------------------------
   M Diagnostic: 0.99
---------------------------------

