Computing Integrals
Basis Set                                            = def2-qzvp
Auxiliary Basis Set                                  = def2-universal-jkfit
Gaussian Type                                        = Spherical
Elapsed time:    5.18 Seconds

Number of basis functions                   (NBF)    = 284
Number of auxiliary basis functions         (NBFAUX) = 508
Inactive Doubly occupied orbitals up to     (NO1)    = 0
No. considered Strongly Doubly occupied MOs (NDOC)   = 54
No. considered Strongly Singly occupied MOs (NSOC)   = 0
NO. of Weakly occ. per St. Doubly occ.  MOs (NCWO)   = 1
Dimension of the Nat. Orb. subspace         (NBF5)   = 108
No. of electrons                                     = 108
    No. of alpha electrons                           = 54
    No. of beta electrons                            = 54
Multiplicity                                         = 1

Geometry
========
Te       0.2176020      -3.0437958       0.0000000
 H       0.2663870      -1.4103368       0.0000000
 H      -1.4149840      -2.9924458       0.0000000
Te       0.2176020       1.7195212       0.0000000
 H       1.5056690       2.7238402       0.0000000
 H      -0.7922760       3.0032172       0.0000000

No violations of the orthonormality
No violations of the orthonormality
 
PNOF8/ADABelief Calculation
==================
 
  Nitext  Nit_orb  Time   Nit_occ  Time         Eelec          Etot           Ediff      maxdiff    MaxGrad_orb  Grad_occ
     1      10    1.2e+01    7    1.2e+01 -4976.81860651 -4584.71997470 -14975.81860651   0.008887   3.6e-02   2.1e-04 0.03
     2      20    5.6e+00   47    4.5e-01 -4976.93137850 -4584.83274670    -0.11277200   0.013829   5.5e-02   2.6e-04 0.04
     3      20    5.3e+00    9    2.4e-01 -4977.00716005 -4584.90852825    -0.07578155   0.002095   8.4e-03   3.7e-04 0.04
     4      20    4.9e+00    7    2.3e-01 -4977.01790480 -4584.91927300    -0.01074475   0.001657   6.6e-03   3.9e-04 0.04
     5      20    5.2e+00   29    3.3e-01 -4977.02018041 -4584.92154861    -0.00227561   0.001735   6.9e-03   1.4e-04 0.04
     6      20    5.0e+00    3    1.7e-01 -4977.02137971 -4584.92274791    -0.00119930   0.001509   6.0e-03   1.7e-04 0.04
     7      20    5.3e+00    3    1.4e-01 -4977.02166201 -4584.92303021    -0.00028230   0.001649   6.6e-03   1.6e-04 0.04
     8      20    5.7e+00    1    1.3e-01 -4977.02172534 -4584.92309353    -0.00006332   0.001670   6.7e-03   2.1e-04 0.04
     9      20    4.8e+00    3    1.6e-01 -4977.02193866 -4584.92330686    -0.00021332   0.001614   6.5e-03   1.6e-04 0.04
    10      20    5.1e+00    0    1.1e-01 -4977.02194505 -4584.92331324    -0.00000639   0.001614   6.5e-03   1.6e-04 0.04
    11      25    6.1e+00    0    1.2e-01 -4977.02251951 -4584.92388770    -0.00057446   0.000189   7.6e-04   1.9e-04 0.04
 
RESULTS OF THE OCCUPATION OPTIMIZATION
========================================
   1    2.0000000  -141.10381665
   2    2.0000000  -141.07134447
   3    1.9999984  -61.95056295
   4    1.9999982  -61.92682479
   5    1.9999977  -61.90030463
   6    1.9999970  -61.87254317
   7    1.9999963  -61.84755818
   8    1.9999976  -61.82818548
   9    1.9999814  -24.96245196
  10    1.9999800  -24.96076843
  11    1.9998860  -9.97300849
  12    1.9998809  -9.93155033
  13    1.9998715  -9.73464202
  14    1.9998715  -9.71814087
  15    1.9998710  -9.69997085
  16    1.9998719  -9.69175765
  17    1.9998517  -9.69066440
  18    1.9998393  -9.66746768
  19    1.9996457  -9.66036380
  20    1.9998435  -9.65521977
  21    1.9998434  -9.64881389
  22    1.9998432  -9.64872135
  23    1.9998477  -9.64682910
  24    1.9996415  -9.64208700
  25    1.9996394  -9.64106489
  26    1.9996292  -9.63492199
  27    1.9987032  -4.96341184
  28    1.9987236  -4.95026186
  29    1.9980062  -3.82454640
  30    1.9980722  -3.82214484
  31    1.9980675  -3.82198205
  32    1.9980748  -3.82183586
  33    1.9979902  -3.82122174
  34    1.9980739  -3.82112746
  35    1.9980120  -3.81993661
  36    1.9980319  -3.80965356
  37    1.9980573  -3.80851077
  38    1.9980549  -3.80847203
  39    1.9980698  -3.80775363
  40    1.9980052  -3.80624574
  41    1.9980536  -3.80617069
  42    1.9980227  -3.80606950
  43    1.9874865  -0.90786726
  44    1.9872287  -0.89278501
  45    1.9757220  -0.88278116
  46    1.9757068  -0.88273299
  47    1.9755970  -0.87008327
  48    1.9755886  -0.87003330
  49    1.9728321  -0.64803455
  50    1.9727171  -0.63470595
  51    1.9648379  -0.45024192
  52    1.9647635  -0.44740504
  53    1.9648349  -0.44092759
  54    1.9648586  -0.44091598
  55    0.0351414  -0.03564062
  56    0.0351651  -0.03559627
  57    0.0352365  -0.03600142
  58    0.0351621  -0.03577360
  59    0.0272829  -0.03109678
  60    0.0271679  -0.03117346
  61    0.0244114  -0.03107465
  62    0.0244030  -0.03106891
  63    0.0242932  -0.03101972
  64    0.0242780  -0.03101069
  65    0.0127713  -0.02121619
  66    0.0125135  -0.02102505
  67    0.0019773  -0.01134635
  68    0.0019464  -0.01123909
  69    0.0019948  -0.01141537
  70    0.0019302  -0.01120019
  71    0.0019451  -0.01122800
  72    0.0019427  -0.01122117
  73    0.0019681  -0.01132467
  74    0.0019880  -0.01141163
  75    0.0019261  -0.01119755
  76    0.0020098  -0.01147184
  77    0.0019252  -0.01118763
  78    0.0019325  -0.01118628
  79    0.0019278  -0.01118683
  80    0.0019938  -0.01144439
  81    0.0012764  -0.00701738
  82    0.0012968  -0.00710165
  83    0.0003708  -0.00387153
  84    0.0003606  -0.00377137
  85    0.0003585  -0.00375511
  86    0.0001523  -0.00170772
  87    0.0001568  -0.00173583
  88    0.0001566  -0.00174296
  89    0.0001565  -0.00174760
  90    0.0003543  -0.00371518
  91    0.0001607  -0.00177131
  92    0.0001483  -0.00166196
  93    0.0001281  -0.00141789
  94    0.0001290  -0.00142065
  95    0.0001285  -0.00141321
  96    0.0001285  -0.00141891
  97    0.0001191  -0.00135378
  98    0.0001140  -0.00131848
  99    0.0000200  -0.00047904
 100    0.0000186  -0.00045401
 101    0.0000024  -0.00015025
 102    0.0000037  -0.00019871
 103    0.0000030  -0.00017091
 104    0.0000023  -0.00014636
 105    0.0000018  -0.00012953
 106    0.0000016  -0.00012182
 107    0.0000000  -0.00001888
 108    0.0000000  -0.00001659
 
----------------
 Final Energies 
----------------
Final NOF Total Energy =   -4584.9238877
 
Total Orbital Internal Iterations = 215
Total Occupation Internal Iterations = 109
 
Elapsed time:   92.09 Seconds

---------------------------------
   Lowdin Population Analysis    
---------------------------------
 Idx  Atom   Population   Charge 
---------------------------------
  1    Te    51.344       0.656
  2     H     1.311      -0.311
  3     H     1.315      -0.315
  4    Te    51.393       0.607
  5     H     1.319      -0.319
  6     H     1.319      -0.319

---------------------------------
   M Diagnostic: 0.04
---------------------------------

