Computing Integrals
Basis Set                                            = def2-qzvp
Auxiliary Basis Set                                  = def2-universal-jkfit
Gaussian Type                                        = Spherical
Elapsed time:    8.43 Seconds

Number of basis functions                   (NBF)    = 522
Number of auxiliary basis functions         (NBFAUX) = 562
Inactive Doubly occupied orbitals up to     (NO1)    = 0
No. considered Strongly Doubly occupied MOs (NDOC)   = 23
No. considered Strongly Singly occupied MOs (NSOC)   = 0
NO. of Weakly occ. per St. Doubly occ.  MOs (NCWO)   = 1
Dimension of the Nat. Orb. subspace         (NBF5)   = 46
No. of electrons                                     = 46
    No. of alpha electrons                           = 23
    No. of beta electrons                            = 23
Multiplicity                                         = 1

Geometry
========
 C       0.2225926       1.4279982       0.0272321
 C      -0.9743607       0.4975173      -0.1304023
 C      -0.4168016      -0.8738344       0.2540892
 C       1.0688231      -0.7215880      -0.0955263
 O       1.3645391       0.6826064       0.0774947
 O       0.2333521       2.6227043       0.0957706
 H      -1.2909381       0.5369276      -1.1770308
 H      -1.8045312       0.8482317       0.4796172
 H      -0.5348784      -1.0449628       1.3259398
 H      -0.8819276      -1.7047273      -0.2757379
 H       1.2749517      -0.9895130      -1.1355311
 H       1.7391791      -1.2813600       0.5540850

No violations of the orthonormality
No violations of the orthonormality
 
PNOF8/ADABelief Calculation
==================
 
  Nitext  Nit_orb  Time   Nit_occ  Time         Eelec          Etot           Ediff      maxdiff    MaxGrad_orb  Grad_occ
     1      10    1.3e+01    6    1.2e+01  -546.06826499  -305.59729639 -10545.06826499   0.011821   4.7e-02   2.4e-04 0.04
     2      20    6.5e+00    0    1.9e-01  -546.09161103  -305.62064244    -0.02334605   0.011821   4.7e-02   2.4e-04 0.04
     3      40    1.3e+01   16    1.2e-01  -546.10469875  -305.63373016    -0.01308771   0.130764   5.2e-01   2.3e-04 0.04
     4      40    1.2e+01   10    1.3e-01  -546.12783243  -305.65686383    -0.02313368   0.003345   1.3e-02   2.7e-04 0.04
     5      40    1.2e+01    7    1.2e-01  -546.13882440  -305.66785581    -0.01099197   0.029769   1.2e-01   1.9e-04 0.04
     6      40    1.3e+01    6    1.1e-01  -546.14681472  -305.67584613    -0.00799032   0.004899   2.0e-02   2.4e-04 0.04
     7      40    1.2e+01    4    1.9e-01  -546.15073642  -305.67976782    -0.00392170   0.005266   2.1e-02   1.9e-04 0.04
     8      40    1.3e+01    3    1.2e-01  -546.15308506  -305.68211647    -0.00234864   0.004897   2.0e-02   2.2e-04 0.04
     9      40    1.2e+01    4    1.2e-01  -546.15414779  -305.68317919    -0.00106273   0.008683   3.5e-02   9.3e-05 0.04
    10      40    1.3e+01    3    1.9e-01  -546.15473214  -305.68376355    -0.00058436   0.008520   3.4e-02   1.5e-04 0.04
    11      40    1.3e+01    2    1.1e-01  -546.15490964  -305.68394105    -0.00017750   0.009527   3.8e-02   2.6e-04 0.04
    12      40    1.2e+01    1    1.1e-01  -546.15502863  -305.68406003    -0.00011898   0.009970   4.0e-02   2.7e-04 0.04
    13      40    1.2e+01    2    1.2e-01  -546.15503997  -305.68407138    -0.00001135   0.012880   5.2e-02   2.1e-04 0.04
    14      40    1.2e+01    1    1.2e-01  -546.15512184  -305.68415324    -0.00008186   0.010042   4.0e-02   1.6e-04 0.04
    15      40    1.3e+01    0    1.1e-01  -546.15512293  -305.68415434    -0.00000110   0.010042   4.0e-02   1.6e-04 0.04
    16      60    1.8e+01    0    1.1e-01  -546.15650995  -305.68554136    -0.00138702   0.000822   3.3e-03   1.7e-04 0.04
 
RESULTS OF THE OCCUPATION OPTIMIZATION
========================================
   1    1.9998122  -20.62361535
   2    1.9998219  -20.57110916
   3    1.9995061  -11.35000953
   4    1.9995644  -11.29036644
   5    1.9995801  -11.24739581
   6    1.9995822  -11.24569926
   7    1.9924911  -1.30361935
   8    1.9921801  -1.23906297
   9    1.9755342  -0.78054473
  10    1.9703586  -0.77851598
  11    1.9674987  -0.72990268
  12    1.9728021  -0.72176642
  13    1.9770155  -0.71855797
  14    1.9773112  -0.71598018
  15    1.9766527  -0.71522141
  16    1.9772513  -0.71459635
  17    1.9775241  -0.71377682
  18    1.9767586  -0.70438442
  19    1.9722772  -0.69784269
  20    1.9726043  -0.69775637
  21    1.9869323  -0.65313275
  22    1.9857177  -0.61206301
  23    1.9597744  -0.53857141
  24    0.0402256  -0.05235371
  25    0.0142823  -0.02013794
  26    0.0130677  -0.02192236
  27    0.0273957  -0.03519480
  28    0.0277228  -0.03577258
  29    0.0232414  -0.02603819
  30    0.0224759  -0.02557667
  31    0.0227487  -0.02563126
  32    0.0233473  -0.02650455
  33    0.0226888  -0.02572232
  34    0.0229845  -0.02645384
  35    0.0271979  -0.03767978
  36    0.0325013  -0.04750417
  37    0.0296414  -0.04693595
  38    0.0244658  -0.04053152
  39    0.0078199  -0.01833444
  40    0.0075089  -0.02039970
  41    0.0004178  -0.00790057
  42    0.0004199  -0.00787924
  43    0.0004356  -0.00813405
  44    0.0004939  -0.00902639
  45    0.0001781  -0.00632691
  46    0.0001878  -0.00650123
 
----------------
 Final Energies 
----------------
Final NOF Total Energy =    -305.6855414
 
Total Orbital Internal Iterations = 610
Total Occupation Internal Iterations = 65
 
Elapsed time:  229.81 Seconds

---------------------------------
   Lowdin Population Analysis    
---------------------------------
 Idx  Atom   Population   Charge 
---------------------------------
  1     C     6.666      -0.666
  2     C     5.888       0.112
  3     C     5.889       0.111
  4     C     6.041      -0.041
  5     O     7.502       0.498
  6     O     7.711       0.289
  7     H     1.039      -0.039
  8     H     1.046      -0.046
  9     H     1.047      -0.047
 10     H     1.053      -0.053
 11     H     1.058      -0.058
 12     H     1.061      -0.061

---------------------------------
   M Diagnostic: 0.04
---------------------------------

