Computing Integrals
Basis Set                                            = def2-qzvp
Auxiliary Basis Set                                  = def2-universal-jkfit
Gaussian Type                                        = Spherical
Elapsed time:    1.62 Seconds

Number of basis functions                   (NBF)    = 114
Number of auxiliary basis functions         (NBFAUX) = 154
Inactive Doubly occupied orbitals up to     (NO1)    = 0
No. considered Strongly Doubly occupied MOs (NDOC)   = 7
No. considered Strongly Singly occupied MOs (NSOC)   = 0
NO. of Weakly occ. per St. Doubly occ.  MOs (NCWO)   = 1
Dimension of the Nat. Orb. subspace         (NBF5)   = 14
No. of electrons                                     = 14
    No. of alpha electrons                           = 7
    No. of beta electrons                            = 7
Multiplicity                                         = 1

Geometry
========
 N       0.0000000       0.0000000      -0.5500458
 N       0.0000000       0.0000000       0.5500458

No violations of the orthonormality
No violations of the orthonormality
 
PNOF8/ADABelief Calculation
==================
 
  Nitext  Nit_orb  Time   Nit_occ  Time         Eelec          Etot           Ediff      maxdiff    MaxGrad_orb  Grad_occ
     1      10    9.3e+00    6    1.2e+01  -132.82882323  -109.25839495 -10131.82882323   0.013168   5.3e-02   1.9e-04 0.04
     2      20    5.2e-01    9    2.0e-03  -132.83938849  -109.26896021    -0.01056525   0.022262   8.9e-02   4.9e-05 0.04
     3      20    6.0e-01    7    2.6e-02  -132.84342509  -109.27299681    -0.00403660   0.017302   6.9e-02   1.5e-04 0.04
     4      20    5.9e-01    4    2.7e-03  -132.84477599  -109.27434771    -0.00135091   0.026637   1.1e-01   2.1e-04 0.04
     5      20    7.9e-01    4    2.3e-02  -132.84724516  -109.27681688    -0.00246916   0.020915   8.4e-02   2.0e-04 0.04
     6      20    5.0e-01    0    7.9e-03  -132.84742764  -109.27699936    -0.00018248   0.020915   8.4e-02   2.0e-04 0.04
     7      40    1.0e+00    4    2.7e-02  -132.84966544  -109.27923716    -0.00223780   0.001096   4.4e-03   1.7e-04 0.04
     8      40    1.8e+00    4    4.1e-02  -132.84997668  -109.27954841    -0.00031124   0.004774   1.9e-02   1.1e-04 0.04
     9      40    1.7e+00    3    2.7e-03  -132.85015859  -109.27973031    -0.00018190   0.004486   1.8e-02   1.7e-04 0.04
    10      40    2.0e+00    4    7.7e-03  -132.85025201  -109.27982373    -0.00009342   0.004245   1.7e-02   3.9e-05 0.04
    11      40    1.4e+00    1    1.6e-02  -132.85029344  -109.27986516    -0.00004143   0.004313   1.7e-02   1.8e-04 0.04
    12      40    2.5e+00    2    1.2e-02  -132.85030544  -109.27987716    -0.00001199   0.004207   1.7e-02   1.8e-04 0.04
    13      40    1.2e+00    2    3.6e-02  -132.85031801  -109.27988973    -0.00001257   0.004282   1.7e-02   1.5e-04 0.04
    14      40    1.8e+00    0    5.1e-03  -132.85032264  -109.27989436    -0.00000463   0.004282   1.7e-02   1.5e-04 0.04
    15      42    1.3e+00    2    3.6e-03  -132.85040028  -109.27997200    -0.00007764   0.000487   1.9e-03   1.4e-04 0.04
 
RESULTS OF THE OCCUPATION OPTIMIZATION
========================================
   1    1.9997745  -15.67183711
   2    1.9998024  -15.67176332
   3    1.9921513  -1.10551169
   4    1.9900762  -0.96289754
   5    1.9783631  -0.83489427
   6    1.9579531  -0.62311158
   7    1.9579486  -0.62311044
   8    0.0420514  -0.05133002
   9    0.0420469  -0.05133016
  10    0.0216369  -0.03650620
  11    0.0099238  -0.01970826
  12    0.0078487  -0.01795147
  13    0.0001976  -0.00557216
  14    0.0002255  -0.00614482
 
----------------
 Final Energies 
----------------
Final NOF Total Energy =    -109.2799720
 
Total Orbital Internal Iterations = 472
Total Occupation Internal Iterations = 52
 
Elapsed time:   46.31 Seconds

---------------------------------
   Lowdin Population Analysis    
---------------------------------
 Idx  Atom   Population   Charge 
---------------------------------
  1     N     6.999       0.001
  2     N     7.001      -0.001

---------------------------------
   M Diagnostic: 0.04
---------------------------------

