Computing Integrals
Basis Set                                            = def2-qzvp
Auxiliary Basis Set                                  = def2-universal-jkfit
Gaussian Type                                        = Spherical
Elapsed time:    5.00 Seconds

Number of basis functions                   (NBF)    = 280
Number of auxiliary basis functions         (NBFAUX) = 512
Inactive Doubly occupied orbitals up to     (NO1)    = 0
No. considered Strongly Doubly occupied MOs (NDOC)   = 33
No. considered Strongly Singly occupied MOs (NSOC)   = 0
NO. of Weakly occ. per St. Doubly occ.  MOs (NCWO)   = 1
Dimension of the Nat. Orb. subspace         (NBF5)   = 66
No. of electrons                                     = 66
    No. of alpha electrons                           = 33
    No. of beta electrons                            = 33
Multiplicity                                         = 1

Geometry
========
 P       0.2078209      -1.7674485       0.0000000
Cl      -1.0912817      -1.9676194       1.5825606
Cl      -1.0912817      -1.9676194      -1.5825606
Cl       1.0912817      -3.6237210       0.0000000

No violations of the orthonormality
No violations of the orthonormality
 
PNOF8/ADABelief Calculation
==================
 
  Nitext  Nit_orb  Time   Nit_occ  Time         Eelec          Etot           Ediff      maxdiff    MaxGrad_orb  Grad_occ
     1      10    1.1e+01    8    1.2e+01 -2062.14538779 -1720.33230827 -12061.14538779   0.030099   1.2e-01   2.2e-04 0.03
     2      20    3.8e+00    0    6.9e-02 -2062.19342806 -1720.38034854    -0.04804027   0.030099   1.2e-01   2.2e-04 0.03
     3      40    7.4e+00   22    1.1e-01 -2062.28121045 -1720.46813093    -0.08778239   0.185319   7.4e-01   2.6e-04 0.03
     4      40    8.2e+00    9    9.0e-02 -2062.33321502 -1720.52013551    -0.05200458   0.011833   4.7e-02   3.0e-04 0.03
     5      40    7.6e+00    7    8.7e-02 -2062.35914060 -1720.54606108    -0.02592557   0.114026   4.6e-01   3.4e-04 0.03
     6      40    8.4e+00    7    9.0e-02 -2062.37586809 -1720.56278857    -0.01672750   0.015255   6.1e-02   1.6e-04 0.03
     7      40    7.6e+00    6    8.0e-02 -2062.38505054 -1720.57197102    -0.00918245   0.028244   1.1e-01   2.1e-04 0.03
     8      40    7.6e+00    6    7.5e-02 -2062.39105110 -1720.57797158    -0.00600056   0.017173   6.9e-02   1.9e-04 0.03
     9      40    7.6e+00    6    1.1e-01 -2062.39441987 -1720.58134035    -0.00336878   0.018672   7.5e-02   1.6e-04 0.03
    10      40    8.4e+00    5    8.3e-02 -2062.39688042 -1720.58380091    -0.00246055   0.017674   7.1e-02   1.8e-04 0.03
    11      40    7.9e+00    5    7.0e-02 -2062.39855324 -1720.58547372    -0.00167281   0.020674   8.3e-02   1.1e-04 0.03
    12      40    7.6e+00    3    6.0e-02 -2062.39992324 -1720.58684372    -0.00137000   0.020085   8.0e-02   2.4e-04 0.03
    13      40    7.6e+00    3    6.1e-02 -2062.40054223 -1720.58746271    -0.00061899   0.021339   8.5e-02   2.1e-04 0.03
    14      40    8.0e+00    3    6.1e-02 -2062.40121049 -1720.58813097    -0.00066826   0.019291   7.7e-02   1.5e-04 0.03
    15      40    8.8e+00    3    6.7e-02 -2062.40153962 -1720.58846010    -0.00032913   0.020775   8.3e-02   1.3e-04 0.03
    16      40    8.2e+00    3    7.1e-02 -2062.40175052 -1720.58867100    -0.00021090   0.017772   7.1e-02   8.0e-05 0.03
    17      40    7.4e+00    3    7.4e-02 -2062.40189951 -1720.58881999    -0.00014899   0.017988   7.2e-02   6.2e-05 0.03
    18      40    7.9e+00    1    7.2e-02 -2062.40223565 -1720.58915613    -0.00033614   0.016089   6.4e-02   2.9e-04 0.03
    19      40    8.0e+00    2    7.6e-02 -2062.40229971 -1720.58922019    -0.00006406   0.018446   7.4e-02   1.8e-04 0.03
    20      40    8.4e+00    2    7.8e-02 -2062.40248506 -1720.58940554    -0.00018535   0.017357   6.9e-02   1.5e-04 0.03
    21      40    7.8e+00    0    7.4e-02 -2062.40249127 -1720.58941175    -0.00000621   0.017357   6.9e-02   1.5e-04 0.03
    22      60    1.1e+01    2    7.2e-02 -2062.40555471 -1720.59247519    -0.00306344   0.001340   5.4e-03   1.5e-04 0.03
    23      60    1.2e+01    0    7.1e-02 -2062.40555826 -1720.59247874    -0.00000355   0.001340   5.4e-03   1.5e-04 0.03
    24      80    1.5e+01    2    7.4e-02 -2062.40564881 -1720.59256929    -0.00009054   0.000562   2.2e-03   1.3e-04 0.03
 
RESULTS OF THE OCCUPATION OPTIMIZATION
========================================
   1    1.9999666  -104.90844805
   2    1.9999675  -104.90807958
   3    1.9999666  -104.90764878
   4    1.9999672  -80.12903766
   5    1.9994180  -10.60475138
   6    1.9994181  -10.60474594
   7    1.9994205  -10.60401825
   8    1.9990822  -8.06938165
   9    1.9990652  -8.06856709
  10    1.9986813  -8.06709042
  11    1.9990739  -8.06663912
  12    1.9990785  -8.06631701
  13    1.9986673  -8.06626533
  14    1.9987106  -8.06623099
  15    1.9990873  -8.06555454
  16    1.9990815  -8.06471876
  17    1.9987496  -7.59720637
  18    1.9976081  -5.52741115
  19    1.9979764  -5.51198719
  20    1.9980164  -5.51054873
  21    1.9925045  -1.10531230
  22    1.9926189  -1.10146118
  23    1.9924319  -1.09786994
  24    1.9922250  -0.85815976
  25    1.9692395  -0.56267999
  26    1.9690908  -0.55901908
  27    1.9692526  -0.55446299
  28    1.9794473  -0.51195314
  29    1.9793924  -0.50933613
  30    1.9793341  -0.50816456
  31    1.9793746  -0.50807617
  32    1.9794543  -0.50756230
  33    1.9792078  -0.50713469
  34    0.0207922  -0.02663951
  35    0.0205457  -0.02626014
  36    0.0206254  -0.02645228
  37    0.0206659  -0.02660793
  38    0.0206076  -0.02654893
  39    0.0205527  -0.02611673
  40    0.0307474  -0.04999711
  41    0.0309092  -0.05024450
  42    0.0307605  -0.05021316
  43    0.0077750  -0.02362765
  44    0.0075681  -0.02891895
  45    0.0073811  -0.03003271
  46    0.0074955  -0.02974587
  47    0.0019836  -0.02061352
  48    0.0020236  -0.02089312
  49    0.0023919  -0.02901253
  50    0.0012504  -0.01640240
  51    0.0009185  -0.01786240
  52    0.0009127  -0.01780580
  53    0.0012894  -0.01884290
  54    0.0013327  -0.01975293
  55    0.0009215  -0.01783897
  56    0.0009261  -0.01784127
  57    0.0013187  -0.01937625
  58    0.0009348  -0.01786850
  59    0.0009178  -0.01774768
  60    0.0005795  -0.01454609
  61    0.0005819  -0.01455891
  62    0.0005820  -0.01456694
  63    0.0000328  -0.00518296
  64    0.0000334  -0.00626207
  65    0.0000325  -0.00612469
  66    0.0000334  -0.00623171
 
----------------
 Final Energies 
----------------
Final NOF Total Energy =   -1720.5925693
 
Total Orbital Internal Iterations = 990
Total Occupation Internal Iterations = 108
 
Elapsed time:  232.93 Seconds

---------------------------------
   Lowdin Population Analysis    
---------------------------------
 Idx  Atom   Population   Charge 
---------------------------------
  1     P    15.641      -0.641
  2    Cl    16.786       0.214
  3    Cl    16.787       0.213
  4    Cl    16.786       0.214

---------------------------------
   M Diagnostic: 0.03
---------------------------------

