Computing Integrals
Basis Set                                            = def2-qzvp
Auxiliary Basis Set                                  = def2-universal-jkfit
Gaussian Type                                        = Spherical
Elapsed time:   10.62 Seconds

Number of basis functions                   (NBF)    = 522
Number of auxiliary basis functions         (NBFAUX) = 570
Inactive Doubly occupied orbitals up to     (NO1)    = 0
No. considered Strongly Doubly occupied MOs (NDOC)   = 30
No. considered Strongly Singly occupied MOs (NSOC)   = 0
NO. of Weakly occ. per St. Doubly occ.  MOs (NCWO)   = 1
Dimension of the Nat. Orb. subspace         (NBF5)   = 60
No. of electrons                                     = 60
    No. of alpha electrons                           = 30
    No. of beta electrons                            = 30
Multiplicity                                         = 1

Geometry
========
 H       0.9656380       1.6725350       0.0000000
 H      -0.9656380       1.6725350       0.0000000
 H      -1.9312770       0.0000000       0.0000000
 H      -0.9656380      -1.6725350       0.0000000
 H       1.9312770       0.0000000       0.0000000
 H       0.9656380      -1.6725350       0.0000000
 F      -1.9232030       1.1103620       0.2609190
 F       0.0000000       2.2207240      -0.2609190
 F      -1.9232030      -1.1103620      -0.2609190
 F       1.9232030       1.1103620       0.2609190
 F       0.0000000      -2.2207240       0.2609190
 F       1.9232030      -1.1103620      -0.2609190

No violations of the orthonormality
No violations of the orthonormality
 
PNOF8/ADABelief Calculation
==================
 
  Nitext  Nit_orb  Time   Nit_occ  Time         Eelec          Etot           Ediff      maxdiff    MaxGrad_orb  Grad_occ
     1      10    1.4e+01    5    1.2e+01  -896.44728036  -601.42268054 -10895.44728036   0.010475   4.2e-02   2.5e-04 0.03
     2      20    9.4e+00    0    1.4e-01  -896.46636903  -601.44176921    -0.01908867   0.010475   4.2e-02   2.5e-04 0.03
     3      40    1.6e+01   13    2.2e-01  -896.49392478  -601.46932496    -0.02755575   0.185928   7.4e-01   2.0e-04 0.03
     4      40    1.5e+01    8    1.5e-01  -896.52500670  -601.50040688    -0.03108192   0.004924   2.0e-02   2.0e-04 0.03
     5      40    1.7e+01    4    1.4e-01  -896.53177630  -601.50717647    -0.00676960   0.009598   3.8e-02   2.6e-04 0.03
     6      40    1.7e+01    4    1.5e-01  -896.53620232  -601.51160250    -0.00442602   0.010396   4.2e-02   1.4e-04 0.03
     7      40    1.5e+01    4    1.4e-01  -896.53819931  -601.51359948    -0.00199699   0.010248   4.1e-02   1.4e-04 0.03
     8      40    1.6e+01    3    1.5e-01  -896.53951818  -601.51491836    -0.00131887   0.009204   3.7e-02   2.4e-04 0.03
     9      40    1.5e+01    3    1.5e-01  -896.54012653  -601.51552671    -0.00060835   0.008790   3.5e-02   1.7e-04 0.03
    10      40    1.5e+01    2    2.1e-01  -896.54060790  -601.51600808    -0.00048138   0.009284   3.7e-02   2.7e-04 0.03
    11      40    1.5e+01    2    2.0e-01  -896.54079729  -601.51619747    -0.00018939   0.010252   4.1e-02   2.4e-04 0.03
    12      40    1.6e+01    2    1.3e-01  -896.54088138  -601.51628156    -0.00008409   0.011965   4.8e-02   2.0e-04 0.03
    13      40    1.6e+01    2    1.5e-01  -896.54090799  -601.51630817    -0.00002661   0.009462   3.8e-02   1.5e-04 0.03
    14      40    1.8e+01    0    1.5e-01  -896.54091320  -601.51631338    -0.00000521   0.009462   3.8e-02   1.5e-04 0.03
    15      60    2.5e+01    1    1.4e-01  -896.54275490  -601.51815508    -0.00184170   0.000748   3.0e-03   2.1e-04 0.03
 
RESULTS OF THE OCCUPATION OPTIMIZATION
========================================
   1    1.9998560  -26.38144893
   2    1.9998567  -26.37854968
   3    1.9998601  -26.37431545
   4    1.9998595  -26.36958579
   5    1.9998659  -26.36774795
   6    1.9998648  -26.36419758
   7    1.9943378  -1.54361396
   8    1.9943778  -1.53296109
   9    1.9924009  -1.51307836
  10    1.9923335  -1.49769871
  11    1.9944554  -1.48573793
  12    1.9942939  -1.42572475
  13    1.9931565  -1.07963843
  14    1.9930297  -1.04331978
  15    1.9881014  -0.86848113
  16    1.9878493  -0.85340231
  17    1.9876348  -0.83798599
  18    1.9875047  -0.83381019
  19    1.9727253  -0.78994369
  20    1.9726938  -0.78781293
  21    1.9727914  -0.77365673
  22    1.9729055  -0.76851433
  23    1.9729395  -0.76297817
  24    1.9727877  -0.76170986
  25    1.9848166  -0.73566708
  26    1.9848248  -0.73402393
  27    1.9848537  -0.73317336
  28    1.9846586  -0.72903245
  29    1.9845245  -0.71950464
  30    1.9844385  -0.71948172
  31    0.0155615  -0.02507059
  32    0.0154755  -0.02499372
  33    0.0153414  -0.02490385
  34    0.0151463  -0.02481060
  35    0.0151752  -0.02474420
  36    0.0151834  -0.02475646
  37    0.0272123  -0.04644875
  38    0.0270605  -0.04675953
  39    0.0270945  -0.04670835
  40    0.0272086  -0.04668799
  41    0.0273062  -0.04683231
  42    0.0272747  -0.04689752
  43    0.0124953  -0.02439030
  44    0.0123652  -0.02442221
  45    0.0121507  -0.02434245
  46    0.0118986  -0.02440689
  47    0.0069703  -0.01839575
  48    0.0068435  -0.01835222
  49    0.0057061  -0.01771099
  50    0.0055446  -0.01761073
  51    0.0076665  -0.02300679
  52    0.0075991  -0.02292599
  53    0.0056222  -0.01848896
  54    0.0056622  -0.01866235
  55    0.0001352  -0.00606241
  56    0.0001341  -0.00605597
  57    0.0001405  -0.00624107
  58    0.0001399  -0.00622204
  59    0.0001433  -0.00636730
  60    0.0001440  -0.00637460
 
----------------
 Final Energies 
----------------
Final NOF Total Energy =    -601.5181551
 
Total Orbital Internal Iterations = 570
Total Occupation Internal Iterations = 53
 
Elapsed time:  275.19 Seconds

---------------------------------
   Lowdin Population Analysis    
---------------------------------
 Idx  Atom   Population   Charge 
---------------------------------
  1     H     1.607      -0.607
  2     H     1.608      -0.608
  3     H     1.610      -0.610
  4     H     1.607      -0.607
  5     H     1.607      -0.607
  6     H     1.604      -0.604
  7     F     8.405       0.595
  8     F     8.381       0.619
  9     F     8.396       0.604
 10     F     8.403       0.597
 11     F     8.392       0.608
 12     F     8.380       0.620

---------------------------------
   M Diagnostic: 0.03
---------------------------------

