Computing Integrals
Basis Set                                            = def2-qzvp
Auxiliary Basis Set                                  = def2-universal-jkfit
Gaussian Type                                        = Spherical
Elapsed time:    1.77 Seconds

Number of basis functions                   (NBF)    = 147
Number of auxiliary basis functions         (NBFAUX) = 129
Inactive Doubly occupied orbitals up to     (NO1)    = 0
No. considered Strongly Doubly occupied MOs (NDOC)   = 4
No. considered Strongly Singly occupied MOs (NSOC)   = 1
NO. of Weakly occ. per St. Doubly occ.  MOs (NCWO)   = 1
Dimension of the Nat. Orb. subspace         (NBF5)   = 9
No. of electrons                                     = 9
    No. of alpha electrons                           = 5
    No. of beta electrons                            = 4
Multiplicity                                         = 2

Geometry
========
 C       0.0000000       0.0000000       0.0000000
 H      -0.5400068      -0.9353192       0.0000000
 H      -0.5400068       0.9353192       0.0000000
 H       1.0800136       0.0000000       0.0000000

No violations of the orthonormality
No violations of the orthonormality
 
PNOF8/ADABelief Calculation
==================
 
  Nitext  Nit_orb  Time   Nit_occ  Time         Eelec          Etot           Ediff      maxdiff    MaxGrad_orb  Grad_occ
     1      10    9.3e+00    3    1.2e+01   -49.35112782   -39.68298112 -10048.35112782   0.012287   4.9e-02   6.0e-05 0.02
     2      20    5.3e-01    4    2.9e-03   -49.35791242   -39.68976572    -0.00678460   0.012014   4.8e-02   6.8e-06 0.02
     3      20    8.4e-01    4    2.3e-02   -49.35993427   -39.69178757    -0.00202185   0.012494   5.0e-02   2.9e-05 0.02
     4      20    8.5e-01    3    1.8e-02   -49.36110626   -39.69295956    -0.00117199   0.013171   5.3e-02   2.6e-05 0.02
     5      20    6.1e-01    2    8.4e-03   -49.36216706   -39.69402036    -0.00106080   0.012095   4.8e-02   8.5e-05 0.02
     6      20    8.0e-01    2    3.1e-02   -49.36285369   -39.69470698    -0.00068662   0.011998   4.8e-02   2.6e-05 0.02
     7      20    7.2e-01    2    2.0e-02   -49.36316926   -39.69502256    -0.00031557   0.012162   4.9e-02   1.9e-05 0.02
     8      20    7.4e-01    2    2.2e-03   -49.36363694   -39.69549024    -0.00046768   0.011373   4.5e-02   6.6e-06 0.02
     9      20    8.4e-01    0    4.2e-02   -49.36364777   -39.69550107    -0.00001083   0.011373   4.5e-02   6.6e-06 0.02
    10      32    1.4e+00    1    2.1e-02   -49.36430281   -39.69615611    -0.00065504   0.000488   2.0e-03   1.9e-04 0.02
 
RESULTS OF THE OCCUPATION OPTIMIZATION
========================================
   1    1.9996005  -11.22396108
   2    1.9755236  -0.69246917
   3    1.9754534  -0.69202165
   4    1.9754532  -0.69172874
   5    1.0000000  -0.19301742
   6    0.0245468  -0.02550983
   7    0.0245466  -0.02550663
   8    0.0244764  -0.02548155
   9    0.0003995  -0.00767077
 
----------------
 Final Energies 
----------------
Final NOF Total Energy =     -39.6961561
 
Total Orbital Internal Iterations = 202
Total Occupation Internal Iterations = 23
 
Elapsed time:   35.44 Seconds

---------------------------------
   Lowdin Population Analysis    
---------------------------------
 Idx  Atom   Population   Charge 
---------------------------------
  1     C     5.581       0.419
  2     H     1.140      -0.140
  3     H     1.140      -0.140
  4     H     1.140      -0.140

---------------------------------
   M Diagnostic: 0.02
---------------------------------

