Computing Integrals
Basis Set                                            = def2-qzvp
Auxiliary Basis Set                                  = def2-universal-jkfit
Gaussian Type                                        = Spherical
Elapsed time:    3.15 Seconds

Number of basis functions                   (NBF)    = 264
Number of auxiliary basis functions         (NBFAUX) = 242
Inactive Doubly occupied orbitals up to     (NO1)    = 0
No. considered Strongly Doubly occupied MOs (NDOC)   = 9
No. considered Strongly Singly occupied MOs (NSOC)   = 0
NO. of Weakly occ. per St. Doubly occ.  MOs (NCWO)   = 1
Dimension of the Nat. Orb. subspace         (NBF5)   = 18
No. of electrons                                     = 18
    No. of alpha electrons                           = 9
    No. of beta electrons                            = 9
Multiplicity                                         = 1

Geometry
========
 N      -0.2293454      -0.7086494      -0.5359826
 H       0.0669233      -0.4341117      -1.4639679
 H       0.3942043      -1.4563398      -0.2607878
 C      -0.0691154       0.4265612       0.3776927
 H      -0.3393057       0.1118654       1.3833458
 H       0.9382949       0.8483377       0.4146644
 H      -0.7616558       1.2123366       0.0850354

No violations of the orthonormality
No violations of the orthonormality
 
PNOF8/ADABelief Calculation
==================
 
  Nitext  Nit_orb  Time   Nit_occ  Time         Eelec          Etot           Ediff      maxdiff    MaxGrad_orb  Grad_occ
     1      10    9.9e+00    4    1.2e+01  -137.59198346   -95.53224023 -10136.59198346   0.020533   8.2e-02   1.3e-04 0.03
     2      20    1.8e+00    4    2.2e-02  -137.62099533   -95.56125210    -0.02901187   0.016400   6.6e-02   6.0e-05 0.03
     3      20    1.8e+00    4    4.1e-02  -137.62374779   -95.56400456    -0.00275246   0.021510   8.6e-02   7.2e-05 0.03
     4      20    1.8e+00    3    3.6e-02  -137.62461177   -95.56486854    -0.00086398   0.020505   8.2e-02   2.1e-04 0.03
     5      20    2.4e+00    2    2.1e-02  -137.62506526   -95.56532203    -0.00045349   0.020722   8.3e-02   1.4e-04 0.03
     6      20    3.0e+00    0    8.7e-03  -137.62517708   -95.56543385    -0.00011182   0.020722   8.3e-02   1.4e-04 0.03
     7      40    4.1e+00    2    5.1e-02  -137.62633644   -95.56659321    -0.00115936   0.000848   3.4e-03   1.7e-04 0.03
 
RESULTS OF THE OCCUPATION OPTIMIZATION
========================================
   1    1.9996985  -15.54730512
   2    1.9995828  -11.23311379
   3    1.9899070  -0.96689169
   4    1.9764885  -0.67410217
   5    1.9764028  -0.66549114
   6    1.9764030  -0.66507760
   7    1.9737312  -0.64295137
   8    1.9737014  -0.64266351
   9    1.9694321  -0.63346321
  10    0.0305679  -0.03987603
  11    0.0262986  -0.03002861
  12    0.0262688  -0.03001454
  13    0.0235970  -0.02582134
  14    0.0235972  -0.02580305
  15    0.0235115  -0.02584592
  16    0.0100930  -0.01754545
  17    0.0004172  -0.00781193
  18    0.0003015  -0.00763994
 
----------------
 Final Energies 
----------------
Final NOF Total Energy =     -95.5665932
 
Total Orbital Internal Iterations = 150
Total Occupation Internal Iterations = 19
 
Elapsed time:   44.09 Seconds

---------------------------------
   Lowdin Population Analysis    
---------------------------------
 Idx  Atom   Population   Charge 
---------------------------------
  1     N     6.481       0.519
  2     H     1.195      -0.195
  3     H     1.195      -0.195
  4     C     5.899       0.101
  5     H     1.072      -0.072
  6     H     1.085      -0.085
  7     H     1.073      -0.073

---------------------------------
   M Diagnostic: 0.03
---------------------------------

