Computing Integrals
Basis Set                                            = def2-qzvp
Auxiliary Basis Set                                  = def2-universal-jkfit
Gaussian Type                                        = Spherical
Elapsed time:   20.29 Seconds

Number of basis functions                   (NBF)    = 750
Number of auxiliary basis functions         (NBFAUX) = 866
Inactive Doubly occupied orbitals up to     (NO1)    = 0
No. considered Strongly Doubly occupied MOs (NDOC)   = 36
No. considered Strongly Singly occupied MOs (NSOC)   = 0
NO. of Weakly occ. per St. Doubly occ.  MOs (NCWO)   = 1
Dimension of the Nat. Orb. subspace         (NBF5)   = 72
No. of electrons                                     = 72
    No. of alpha electrons                           = 36
    No. of beta electrons                            = 36
Multiplicity                                         = 1

Geometry
========
 N      -0.0468530      -1.2194605      -0.8620798
 H      -0.0487155      -2.2291829      -0.8170372
 C      -1.3053591      -0.6066146      -0.9366763
 O      -2.3202961      -1.2793705      -0.9951928
 C      -1.2397582       0.8445823      -0.9385986
 H      -2.1557488       1.4038634      -1.0191925
 C      -0.0444795       1.4599579      -0.8378946
 H       0.0567111       2.5349602      -0.8286704
 N       1.1245268       0.7561215      -0.7369211
 H       2.0052557       1.2258101      -0.6104698
 C       1.1839476      -0.6252743      -0.6959239
 O       2.2232320      -1.2379350      -0.5369175
 C       0.7164524      -0.4437718       2.4042613
 H       1.7122707      -0.7977577       2.2900426
 C      -0.4281517      -0.0573141       2.5104532
 H      -1.4330342       0.2713862       2.6108173

No violations of the orthonormality
No violations of the orthonormality
 
PNOF8/ADABelief Calculation
==================
 
  Nitext  Nit_orb  Time   Nit_occ  Time         Eelec          Etot           Ediff      maxdiff    MaxGrad_orb  Grad_occ
     1      10    2.2e+01    9    1.2e+01  -985.92125105  -490.59109199 -10984.92125105   0.024895   1.0e-01   3.1e-04 0.04
     2      20    2.4e+01    5    6.2e-01  -986.14189537  -490.81173632    -0.22064433   0.038299   1.5e-01   2.0e-04 0.04
     3      20    2.6e+01    6    6.1e-01  -986.14511849  -490.81495943    -0.00322311   0.037261   1.5e-01   1.7e-04 0.04
     4      20    2.4e+01    0    5.9e-01  -986.14679670  -490.81663765    -0.00167822   0.037261   1.5e-01   1.7e-04 0.04
     5      40    4.8e+01    6    6.0e-01  -986.16716673  -490.83700768    -0.02037003   0.002436   9.7e-03   1.3e-04 0.04
     6      40    4.9e+01    5    5.8e-01  -986.16892908  -490.83877003    -0.00176235   0.005367   2.1e-02   1.9e-04 0.04
     7      40    5.0e+01    3    5.9e-01  -986.16997835  -490.83981930    -0.00104927   0.009767   3.9e-02   2.8e-04 0.04
     8      40    4.8e+01    3    5.9e-01  -986.17083051  -490.84067146    -0.00085216   0.007777   3.1e-02   2.6e-04 0.04
     9      40    4.9e+01    3    5.9e-01  -986.17159448  -490.84143543    -0.00076397   0.007323   2.9e-02   2.4e-04 0.04
    10      40    4.8e+01    3    6.1e-01  -986.17214134  -490.84198229    -0.00054686   0.008211   3.3e-02   2.0e-04 0.04
    11      40    4.7e+01    3    5.9e-01  -986.17242805  -490.84226899    -0.00028670   0.007976   3.2e-02   1.5e-04 0.04
    12      40    5.0e+01    2    6.0e-01  -986.17254722  -490.84238816    -0.00011917   0.007745   3.1e-02   2.4e-04 0.04
    13      40    4.9e+01    2    6.0e-01  -986.17258440  -490.84242535    -0.00003718   0.006996   2.8e-02   1.1e-04 0.04
    14      40    4.9e+01    0    6.5e-01  -986.17258877  -490.84242972    -0.00000438   0.006996   2.8e-02   1.1e-04 0.04
    15      60    7.1e+01    2    6.0e-01  -986.17310717  -490.84294812    -0.00051840   0.000523   2.1e-03   7.1e-05 0.04
 
RESULTS OF THE OCCUPATION OPTIMIZATION
========================================
   1    1.9998188  -20.57265065
   2    1.9998199  -20.56854331
   3    1.9996759  -15.63805570
   4    1.9996709  -15.62235567
   5    1.9994939  -11.38398697
   6    1.9995053  -11.34964514
   7    1.9995466  -11.31182469
   8    1.9995557  -11.24129799
   9    1.9995281  -11.23458924
  10    1.9995279  -11.23398126
  11    1.9917633  -1.22312917
  12    1.9917211  -1.20822056
  13    1.9923354  -1.15492419
  14    1.9920441  -1.11822729
  15    1.9889920  -1.01181891
  16    1.9806477  -0.90507782
  17    1.9744304  -0.79364176
  18    1.9743136  -0.78543811
  19    1.9754577  -0.78109251
  20    1.9770816  -0.77760152
  21    1.9743206  -0.76808163
  22    1.9779393  -0.75942097
  23    1.9738200  -0.75914152
  24    1.9772408  -0.75644080
  25    1.9738341  -0.75444785
  26    1.9738771  -0.75023656
  27    1.9772522  -0.74368960
  28    1.9772971  -0.74219613
  29    1.9783329  -0.72405404
  30    1.9862133  -0.64248123
  31    1.9862542  -0.64095313
  32    1.9624246  -0.53998564
  33    1.9603936  -0.53496272
  34    1.9610087  -0.42890762
  35    1.9586680  -0.42387711
  36    1.9586210  -0.42252129
  37    0.0413790  -0.03580697
  38    0.0413320  -0.03597376
  39    0.0389913  -0.03994313
  40    0.0396064  -0.05167623
  41    0.0375754  -0.05102724
  42    0.0137458  -0.02188622
  43    0.0137867  -0.02204169
  44    0.0216671  -0.02528480
  45    0.0227029  -0.02785019
  46    0.0227478  -0.02786664
  47    0.0261229  -0.04010496
  48    0.0261659  -0.03977836
  49    0.0227592  -0.02949929
  50    0.0261800  -0.03980961
  51    0.0220607  -0.02613593
  52    0.0256794  -0.03831771
  53    0.0229184  -0.02984935
  54    0.0245423  -0.03556535
  55    0.0256864  -0.04186410
  56    0.0255696  -0.04191575
  57    0.0193523  -0.03012726
  58    0.0110080  -0.01926035
  59    0.0079559  -0.01478862
  60    0.0076646  -0.01446986
  61    0.0082789  -0.01940862
  62    0.0082367  -0.01937183
  63    0.0004721  -0.00863239
  64    0.0004719  -0.00862687
  65    0.0004443  -0.00823678
  66    0.0004534  -0.00839580
  67    0.0004947  -0.00903354
  68    0.0005061  -0.00922351
  69    0.0003291  -0.00832492
  70    0.0003241  -0.00823409
  71    0.0001801  -0.00634700
  72    0.0001812  -0.00637617
 
----------------
 Final Energies 
----------------
Final NOF Total Energy =    -490.8429481
 
Total Orbital Internal Iterations = 530
Total Occupation Internal Iterations = 52
 
Elapsed time:  726.86 Seconds

---------------------------------
   Lowdin Population Analysis    
---------------------------------
 Idx  Atom   Population   Charge 
---------------------------------
  1     N     6.454       0.546
  2     H     1.121      -0.121
  3     C     6.578      -0.578
  4     O     7.730       0.270
  5     C     5.958       0.042
  6     H     1.068      -0.068
  7     C     6.007      -0.007
  8     H     1.055      -0.055
  9     N     6.457       0.543
 10     H     1.130      -0.130
 11     C     6.697      -0.697
 12     O     7.758       0.242
 13     C     5.859       0.141
 14     H     1.133      -0.133
 15     C     5.858       0.142
 16     H     1.136      -0.136

---------------------------------
   M Diagnostic: 0.04
---------------------------------

