Computing Integrals
Basis Set                                            = def2-qzvp
Auxiliary Basis Set                                  = def2-universal-jkfit
Gaussian Type                                        = Spherical
Elapsed time:    4.14 Seconds

Number of basis functions                   (NBF)    = 294
Number of auxiliary basis functions         (NBFAUX) = 262
Inactive Doubly occupied orbitals up to     (NO1)    = 0
No. considered Strongly Doubly occupied MOs (NDOC)   = 9
No. considered Strongly Singly occupied MOs (NSOC)   = 1
NO. of Weakly occ. per St. Doubly occ.  MOs (NCWO)   = 1
Dimension of the Nat. Orb. subspace         (NBF5)   = 19
No. of electrons                                     = 19
    No. of alpha electrons                           = 10
    No. of beta electrons                            = 9
Multiplicity                                         = 2

Geometry
========
 N       0.0000000       0.0000000      -1.0832554
 N       0.0000000       0.0000000       1.0832554
 H       0.8429730       0.4866907      -1.3589288
 H       0.0000000      -0.9733814      -1.3589288
 H      -0.8429730       0.4866907      -1.3589288
 H       0.8429730      -0.4866907       1.3589288
 H       0.0000000       0.9733814       1.3589288
 H      -0.8429730      -0.4866907       1.3589288

No violations of the orthonormality
No violations of the orthonormality
 
PNOF8/ADABelief Calculation
==================
 
  Nitext  Nit_orb  Time   Nit_occ  Time         Eelec          Etot           Ediff      maxdiff    MaxGrad_orb  Grad_occ
     1      10    1.0e+01    3    1.2e+01  -158.27560068  -112.42630161 -10157.27560068   0.011347   4.5e-02   2.2e-04 0.02
     2      20    2.0e+00    5    5.8e-02  -158.29254511  -112.44324605    -0.01694444   0.103898   4.2e-01   7.5e-05 0.02
     3      20    2.4e+00    6    2.5e-02  -158.29846258  -112.44916352    -0.00591747   0.029662   1.2e-01   5.5e-05 0.02
     4      20    2.1e+00    0    6.0e-02  -158.29998901  -112.45068995    -0.00152643   0.029662   1.2e-01   5.5e-05 0.02
     5      40    4.7e+00    3    1.3e-02  -158.30551937  -112.45622031    -0.00553036   0.003213   1.3e-02   1.1e-04 0.02
     6      40    4.2e+00    3    4.8e-02  -158.30710012  -112.45780106    -0.00158075   0.005896   2.4e-02   3.7e-05 0.02
     7      40    5.7e+00    3    1.1e-02  -158.30801300  -112.45871394    -0.00091288   0.004821   1.9e-02   1.6e-05 0.02
     8      40    4.8e+00    3    9.7e-03  -158.30838858  -112.45908952    -0.00037558   0.005446   2.2e-02   8.0e-06 0.02
     9      40    4.9e+00    2    2.7e-02  -158.30849970  -112.45920063    -0.00011112   0.004782   1.9e-02   1.6e-04 0.02
    10      40    4.7e+00    1    3.1e-02  -158.30851617  -112.45921711    -0.00001648   0.005172   2.1e-02   1.3e-04 0.02
    11      40    4.5e+00    1    5.3e-02  -158.30852033  -112.45922127    -0.00000416   0.005121   2.0e-02   1.1e-04 0.02
    12      40    5.6e+00    1    1.2e-02  -158.30852553  -112.45922647    -0.00000520   0.005089   2.0e-02   7.8e-05 0.02
    13      40    6.1e+00    0    4.8e-02  -158.30852632  -112.45922726    -0.00000079   0.005089   2.0e-02   7.8e-05 0.02
    14      52    6.4e+00    0    3.5e-02  -158.30871292  -112.45941385    -0.00018659   0.000496   2.0e-03   1.5e-04 0.02
 
RESULTS OF THE OCCUPATION OPTIMIZATION
========================================
   1    1.9997059  -15.84570655
   2    1.9997069  -15.84469286
   3    1.9862384  -1.04772122
   4    1.9759445  -1.03761975
   5    1.9759101  -1.03734083
   6    1.9758937  -1.03717962
   7    1.9759011  -1.03476600
   8    1.9758641  -1.03446518
   9    1.9758550  -1.03438189
  10    1.0000000  -0.34247230
  11    0.0241450  -0.03260132
  12    0.0241359  -0.03259778
  13    0.0240989  -0.03258207
  14    0.0241063  -0.03261253
  15    0.0240899  -0.03260486
  16    0.0240555  -0.03258873
  17    0.0137616  -0.01979950
  18    0.0002931  -0.00767247
  19    0.0002941  -0.00768523
 
----------------
 Final Energies 
----------------
Final NOF Total Energy =    -112.4594139
 
Total Orbital Internal Iterations = 482
Total Occupation Internal Iterations = 31
 
Elapsed time:   89.12 Seconds

---------------------------------
   Lowdin Population Analysis    
---------------------------------
 Idx  Atom   Population   Charge 
---------------------------------
  1     N     6.131       0.869
  2     N     6.129       0.871
  3     H     1.124      -0.124
  4     H     1.124      -0.124
  5     H     1.123      -0.123
  6     H     1.123      -0.123
  7     H     1.123      -0.123
  8     H     1.123      -0.123

---------------------------------
   M Diagnostic: 0.02
---------------------------------

