Computing Integrals
Basis Set                                            = def2-qzvp
Auxiliary Basis Set                                  = def2-universal-jkfit
Gaussian Type                                        = Spherical
Elapsed time:    1.83 Seconds

Number of basis functions                   (NBF)    = 70
Number of auxiliary basis functions         (NBFAUX) = 128
Inactive Doubly occupied orbitals up to     (NO1)    = 0
No. considered Strongly Doubly occupied MOs (NDOC)   = 7
No. considered Strongly Singly occupied MOs (NSOC)   = 2
NO. of Weakly occ. per St. Doubly occ.  MOs (NCWO)   = 1
Dimension of the Nat. Orb. subspace         (NBF5)   = 16
No. of electrons                                     = 16
    No. of alpha electrons                           = 9
    No. of beta electrons                            = 7
Multiplicity                                         = 3

Geometry
========
 S       0.0000000       0.0000000       0.0000000

No violations of the orthonormality
No violations of the orthonormality
 
PNOF8/ADABelief Calculation
==================
 
  Nitext  Nit_orb  Time   Nit_occ  Time         Eelec          Etot           Ediff      maxdiff    MaxGrad_orb  Grad_occ
     1      10    9.0e+00    5    1.2e+01  -397.66334543  -397.66334543 -10396.66334543   0.027845   1.1e-01   1.4e-04 0.02
     2      20    3.6e-02   12    7.5e-04  -397.69310985  -397.69310985    -0.02976443   0.335668   1.3e+00   9.0e-05 0.02
     3      20    1.6e-02    5    5.6e-04  -397.71458880  -397.71458880    -0.02147895   0.027135   1.1e-01   1.1e-04 0.02
     4      20    2.7e-02    4    4.0e-04  -397.71975769  -397.71975769    -0.00516889   0.058730   2.3e-01   1.6e-04 0.02
     5      20    1.8e-02    5    4.5e-04  -397.72371107  -397.72371107    -0.00395338   0.052455   2.1e-01   7.5e-05 0.02
     6      20    1.8e-02    3    4.1e-04  -397.72555208  -397.72555208    -0.00184101   0.043568   1.7e-01   1.9e-04 0.02
     7      20    1.8e-02    3    4.0e-04  -397.72699606  -397.72699606    -0.00144398   0.046380   1.9e-01   1.2e-04 0.02
     8      20    1.5e-02    2    4.1e-04  -397.72739198  -397.72739198    -0.00039591   0.045777   1.8e-01   1.4e-04 0.02
     9      20    1.6e-02    2    1.9e-03  -397.72765951  -397.72765951    -0.00026754   0.045006   1.8e-01   1.3e-04 0.02
    10      20    2.0e-02    1    3.4e-04  -397.72769863  -397.72769863    -0.00003912   0.045421   1.8e-01   1.9e-04 0.02
    11      20    1.6e-02    1    3.6e-04  -397.72774898  -397.72774898    -0.00005035   0.041531   1.7e-01   2.0e-04 0.02
    12      20    1.7e-02    1    4.6e-04  -397.72784929  -397.72784929    -0.00010031   0.039410   1.6e-01   1.5e-04 0.02
    13      20    1.6e-02    0    3.1e-04  -397.72785094  -397.72785094    -0.00000165   0.039410   1.6e-01   1.5e-04 0.02
    14      40    2.9e-02    0    2.0e-03  -397.73279940  -397.73279940    -0.00494846   0.005468   2.2e-02   1.7e-04 0.02
    15      50    5.4e-02    0    5.3e-04  -397.73285299  -397.73285299    -0.00005359   0.006177   2.5e-02   2.1e-04 0.02
    16      60    5.6e-02    0    1.7e-03  -397.73290537  -397.73290537    -0.00005238   0.004545   1.8e-02   1.7e-04 0.02
    17      70    6.3e-02    0    3.1e-04  -397.73293496  -397.73293496    -0.00002959   0.003404   1.4e-02   2.1e-04 0.02
    18      80    7.2e-02    0    3.2e-04  -397.73296888  -397.73296888    -0.00003392   0.002560   1.0e-02   1.7e-04 0.02
    19      90    8.1e-02    0    1.9e-03  -397.73298371  -397.73298371    -0.00001483   0.002370   9.5e-03   2.1e-04 0.02
    20     100    7.0e-02    0    3.2e-04  -397.73299930  -397.73299930    -0.00001559   0.002034   8.1e-03   1.6e-04 0.02
    21     110    1.6e-01    0    3.7e-04  -397.73300376  -397.73300376    -0.00000446   0.001971   7.9e-03   2.1e-04 0.02
    22     120    1.3e-01    0    3.3e-04  -397.73301679  -397.73301679    -0.00001303   0.002092   8.4e-03   1.6e-04 0.02
    23     130    9.3e-02    0    3.6e-04  -397.73302047  -397.73302047    -0.00000367   0.001526   6.1e-03   2.0e-04 0.02
    24     140    1.0e-01    0    3.3e-04  -397.73303033  -397.73303033    -0.00000987   0.001536   6.1e-03   1.6e-04 0.02
    25     150    1.3e-01    0    3.3e-04  -397.73303324  -397.73303324    -0.00000291   0.001426   5.7e-03   1.8e-04 0.02
    26     160    1.3e-01    0    3.2e-04  -397.73303513  -397.73303513    -0.00000188   0.001286   5.1e-03   1.6e-04 0.02
    27     170    1.4e-01    0    3.0e-04  -397.73303727  -397.73303727    -0.00000214   0.001128   4.5e-03   1.8e-04 0.02
    28     180    1.4e-01    0    3.4e-04  -397.73303689  -397.73303689     0.00000038   0.001262   5.0e-03   1.7e-04 0.02
    29     100    7.3e-02    0    3.1e-04  -397.73304414  -397.73304414    -0.00000725   0.000497   2.0e-03   1.8e-04 0.02
 
RESULTS OF THE OCCUPATION OPTIMIZATION
========================================
   1    1.9999614  -92.06047317
   2    1.9990045  -8.94003520
   3    1.9985664  -6.77248375
   4    1.9985715  -6.69865199
   5    1.9984503  -6.69607029
   6    1.9904697  -0.88758165
   7    1.9771938  -0.40553440
   8    1.0000000  -0.24485159
   9    1.0000000  -0.24482591
  10    0.0228062  -0.02032668
  11    0.0095303  -0.03020961
  12    0.0015497  -0.02171393
  13    0.0014285  -0.02059636
  14    0.0014336  -0.01979569
  15    0.0009955  -0.01588155
  16    0.0000386  -0.00639416
 
----------------
 Final Energies 
----------------
Final NOF Total Energy =    -397.7330441
 
Total Orbital Internal Iterations = 2000
Total Occupation Internal Iterations = 44
 
Elapsed time:   28.60 Seconds

---------------------------------
   Lowdin Population Analysis    
---------------------------------
 Idx  Atom   Population   Charge 
---------------------------------
  1     S    16.000      -0.000

---------------------------------
   M Diagnostic: 0.02
---------------------------------

