Computing Integrals
Basis Set                                            = def2-qzvp
Auxiliary Basis Set                                  = def2-universal-jkfit
Gaussian Type                                        = Spherical
Elapsed time:    6.73 Seconds

Number of basis functions                   (NBF)    = 481
Number of auxiliary basis functions         (NBFAUX) = 497
Inactive Doubly occupied orbitals up to     (NO1)    = 0
No. considered Strongly Doubly occupied MOs (NDOC)   = 20
No. considered Strongly Singly occupied MOs (NSOC)   = 0
NO. of Weakly occ. per St. Doubly occ.  MOs (NCWO)   = 23
Dimension of the Nat. Orb. subspace         (NBF5)   = 480
No. of electrons                                     = 40
    No. of alpha electrons                           = 20
    No. of beta electrons                            = 20
Multiplicity                                         = 1

Geometry
========
Si      -1.1765062      -0.5821294      -0.1324952
 C       1.0137683      -0.7003580      -0.3098433
 C       1.2267200       0.6148820       0.1018528
 H       1.7178327      -1.2464475      -0.9348581
 H       0.6784305      -1.3363752       0.5160948
 C      -0.0074293       1.2478232       0.3619010
 H       2.2059209       1.0823935       0.2074074
 H      -0.4892151       1.5790776      -0.5541432
 H      -0.0851766       2.0274100       1.1206472
 H      -2.3300220       0.1921644      -0.6534259
 H      -1.4658618      -1.0617275       1.2372811
 H      -1.2884613      -1.8167132      -0.9604186

No violations of the orthonormality
No violations of the orthonormality
 
PNOF8/ADABelief Calculation
==================
 
  Nitext  Nit_orb  Time   Nit_occ  Time         Eelec          Etot           Ediff      maxdiff    MaxGrad_orb  Grad_occ
     1      10    3.1e+01  115    6.0e+01  -569.87153135  -407.65218740 -10568.87153135   0.020528   8.2e-02   2.9e-04 0.03
     2      20    2.0e+01   87    2.5e+01  -570.09913878  -407.87979484    -0.22760744   0.709996   2.8e+00   2.3e-04 0.03
     3      20    2.0e+01   35    1.1e+01  -570.19863000  -407.97928606    -0.09949122   0.056279   2.3e-01   3.2e-04 0.03
     4      20    2.0e+01   29    9.0e+00  -570.27431708  -408.05497314    -0.07568708   0.180290   7.2e-01   3.0e-04 0.03
     5      20    2.0e+01   17    5.5e+00  -570.28892471  -408.06958077    -0.01460763   0.034640   1.4e-01   3.1e-04 0.03
     6      20    2.0e+01   23    7.2e+00  -570.29547750  -408.07613356    -0.00655279   0.045337   1.8e-01   2.3e-04 0.03
     7      20    2.0e+01   13    4.4e+00  -570.30359031  -408.08424636    -0.00811281   0.063122   2.5e-01   2.6e-04 0.03
     8      20    2.0e+01   13    4.5e+00  -570.31819528  -408.09885134    -0.01460497   0.095886   3.8e-01   2.4e-04 0.03
     9      20    2.0e+01   13    4.4e+00  -570.32825015  -408.10890620    -0.01005487   0.036875   1.5e-01   2.9e-04 0.03
    10      20    2.0e+01   13    4.5e+00  -570.33358602  -408.11424207    -0.00533587   0.054569   2.2e-01   2.6e-04 0.03
    11      20    2.0e+01    0    9.2e-01  -570.33376015  -408.11441621    -0.00017414   0.054569   2.2e-01   2.6e-04 0.03
    12      40    3.9e+01   17    5.6e+00  -570.36157009  -408.14222615    -0.02780994   0.006810   2.7e-02   2.2e-04 0.03
    13      40    3.9e+01    0    9.3e-01  -570.36169343  -408.14234949    -0.00012334   0.006810   2.7e-02   2.2e-04 0.03
    14      60    5.8e+01    7    2.9e+00  -570.36218114  -408.14283719    -0.00048770   0.000823   3.3e-03   1.6e-04 0.03
 
RESULTS OF THE OCCUPATION OPTIMIZATION
========================================
   1    1.9999974  -68.83144938
   2    1.9999201  -11.29302739
   3    1.9999162  -11.24568149
   4    1.9999254  -11.23431351
   5    1.9989150  -6.10253374
   6    1.9978587  -4.26447866
   7    1.9972253  -4.26294762
   8    1.9978872  -4.25199401
   9    1.9798617  -0.82436506
  10    1.9768471  -0.81947155
  11    1.9771503  -0.81006779
  12    1.9774534  -0.74219423
  13    1.9752429  -0.73784440
  14    1.9762368  -0.68740933
  15    1.9754368  -0.67103650
  16    1.9735356  -0.54406713
  17    1.9736411  -0.54299957
  18    1.9750500  -0.54227080
  19    1.9673979  -0.42912309
  20    1.9666080  -0.42908182
  21    0.0241110  -0.03309729
  22    0.0235322  -0.03342044
  23    0.0130644  -0.02424043
  24    0.0136473  -0.02397458
  25    0.0138827  -0.02360556
  26    0.0149391  -0.02091929
  27    0.0146388  -0.02078649
  28    0.0155697  -0.02197936
  29    0.0130221  -0.01968664
  30    0.0160381  -0.02828289
  31    0.0166165  -0.02892338
  32    0.0110339  -0.01881292
  33    0.0018642  -0.01383016
  34    0.0025577  -0.02168582
  35    0.0018505  -0.01368201
  36    0.0009938  -0.00936762
  37    0.0000710  -0.00142924
  38    0.0000804  -0.00161757
  39    0.0000763  -0.00153252
  40    0.0000025  -0.00028808
  41    0.0046398  -0.00795156
  42    0.0037764  -0.00668888
  43    0.0041939  -0.00890273
  44    0.0040866  -0.00768262
  45    0.0042776  -0.00792609
  46    0.0044586  -0.00756151
  47    0.0046305  -0.00807108
  48    0.0026213  -0.00473313
  49    0.0039113  -0.00736598
  50    0.0026799  -0.00617845
  51    0.0031851  -0.00681943
  52    0.0034847  -0.00821815
  53    0.0001534  -0.00194702
  54    0.0001371  -0.00118750
  55    0.0002075  -0.00440435
  56    0.0000323  -0.00101140
  57    0.0000007  -0.00001224
  58    0.0000007  -0.00001676
  59    0.0000009  -0.00002988
  60    0.0000000  -0.00000028
  61    0.0034582  -0.00589599
  62    0.0035349  -0.00601708
  63    0.0021485  -0.00613513
  64    0.0039698  -0.00754377
  65    0.0036225  -0.00724034
  66    0.0014006  -0.00384272
  67    0.0011984  -0.00271535
  68    0.0023301  -0.00457685
  69    0.0023702  -0.00604275
  70    0.0015495  -0.00509104
  71    0.0009134  -0.00248171
  72    0.0018660  -0.00664860
  73    0.0000209  -0.00025111
  74    0.0000128  -0.00012055
  75    0.0000171  -0.00017839
  76    0.0000123  -0.00015815
  77    0.0000005  -0.00000519
  78    0.0000006  -0.00001454
  79    0.0000005  -0.00000552
  80    0.0000000  -0.00000013
  81    0.0004348  -0.00100111
  82    0.0006516  -0.00142510
  83    0.0020325  -0.00549854
  84    0.0021430  -0.00450899
  85    0.0019918  -0.00450100
  86    0.0012396  -0.00256371
  87    0.0009997  -0.00382248
  88    0.0018719  -0.00368729
  89    0.0010495  -0.00300731
  90    0.0009774  -0.00272095
  91    0.0009119  -0.00306372
  92    0.0017686  -0.00697051
  93    0.0000160  -0.00035251
  94    0.0000124  -0.00012605
  95    0.0000122  -0.00011423
  96    0.0000097  -0.00015776
  97    0.0000004  -0.00000236
  98    0.0000003  -0.00000221
  99    0.0000004  -0.00000254
 100    0.0000000  -0.00000010
 101    0.0002376  -0.00058867
 102    0.0003711  -0.00088783
 103    0.0017674  -0.00462176
 104    0.0010386  -0.00240538
 105    0.0015500  -0.00331020
 106    0.0009619  -0.00222328
 107    0.0008125  -0.00191075
 108    0.0009760  -0.00284967
 109    0.0005913  -0.00182938
 110    0.0005301  -0.00150544
 111    0.0003352  -0.00098550
 112    0.0004707  -0.00145209
 113    0.0000118  -0.00017105
 114    0.0000100  -0.00008103
 115    0.0000106  -0.00008505
 116    0.0000091  -0.00011834
 117    0.0000004  -0.00000232
 118    0.0000003  -0.00000156
 119    0.0000004  -0.00000236
 120    0.0000000  -0.00000009
 121    0.0001466  -0.00038043
 122    0.0001913  -0.00048551
 123    0.0008600  -0.00195349
 124    0.0006081  -0.00170686
 125    0.0003009  -0.00075263
 126    0.0008511  -0.00214044
 127    0.0005512  -0.00139547
 128    0.0005372  -0.00140954
 129    0.0004436  -0.00125950
 130    0.0003269  -0.00094354
 131    0.0003259  -0.00107753
 132    0.0003743  -0.00125957
 133    0.0000087  -0.00008826
 134    0.0000094  -0.00008293
 135    0.0000093  -0.00006939
 136    0.0000060  -0.00006808
 137    0.0000003  -0.00000195
 138    0.0000002  -0.00000140
 139    0.0000003  -0.00000159
 140    0.0000000  -0.00000009
 141    0.0001085  -0.00029918
 142    0.0001480  -0.00038603
 143    0.0002811  -0.00070811
 144    0.0003063  -0.00080910
 145    0.0002167  -0.00057636
 146    0.0001644  -0.00045086
 147    0.0003119  -0.00084430
 148    0.0003705  -0.00099938
 149    0.0003581  -0.00128068
 150    0.0002627  -0.00075486
 151    0.0002765  -0.00086496
 152    0.0003135  -0.00112024
 153    0.0000065  -0.00005327
 154    0.0000087  -0.00006144
 155    0.0000082  -0.00006598
 156    0.0000046  -0.00006482
 157    0.0000003  -0.00000156
 158    0.0000002  -0.00000140
 159    0.0000002  -0.00000101
 160    0.0000000  -0.00000008
 161    0.0000743  -0.00021458
 162    0.0001037  -0.00028017
 163    0.0001520  -0.00036591
 164    0.0001017  -0.00026703
 165    0.0001811  -0.00045564
 166    0.0001333  -0.00036650
 167    0.0001602  -0.00044296
 168    0.0001342  -0.00037009
 169    0.0002266  -0.00062523
 170    0.0001846  -0.00058252
 171    0.0001779  -0.00054276
 172    0.0002196  -0.00074906
 173    0.0000063  -0.00005389
 174    0.0000052  -0.00006641
 175    0.0000076  -0.00007287
 176    0.0000032  -0.00003071
 177    0.0000002  -0.00000142
 178    0.0000002  -0.00000115
 179    0.0000002  -0.00000106
 180    0.0000000  -0.00000008
 181    0.0000643  -0.00019023
 182    0.0000745  -0.00021214
 183    0.0001112  -0.00029052
 184    0.0000908  -0.00022710
 185    0.0001143  -0.00031446
 186    0.0001050  -0.00031643
 187    0.0001159  -0.00034038
 188    0.0001043  -0.00031867
 189    0.0001644  -0.00051168
 190    0.0000674  -0.00023212
 191    0.0000921  -0.00029627
 192    0.0001704  -0.00054023
 193    0.0000048  -0.00004944
 194    0.0000038  -0.00004280
 195    0.0000034  -0.00004417
 196    0.0000029  -0.00002863
 197    0.0000002  -0.00000088
 198    0.0000001  -0.00000095
 199    0.0000002  -0.00000117
 200    0.0000000  -0.00000007
 201    0.0000293  -0.00010266
 202    0.0000624  -0.00018758
 203    0.0000787  -0.00022914
 204    0.0000792  -0.00021775
 205    0.0000821  -0.00021533
 206    0.0000922  -0.00028390
 207    0.0000760  -0.00024934
 208    0.0000797  -0.00025378
 209    0.0001376  -0.00039285
 210    0.0000634  -0.00022590
 211    0.0000718  -0.00024687
 212    0.0001457  -0.00045200
 213    0.0000046  -0.00007663
 214    0.0000035  -0.00004125
 215    0.0000033  -0.00003259
 216    0.0000025  -0.00002883
 217    0.0000001  -0.00000076
 218    0.0000001  -0.00000066
 219    0.0000001  -0.00000074
 220    0.0000000  -0.00000007
 221    0.0000195  -0.00006558
 222    0.0000411  -0.00012937
 223    0.0000687  -0.00019262
 224    0.0000711  -0.00018952
 225    0.0000677  -0.00018959
 226    0.0000572  -0.00017663
 227    0.0000611  -0.00019073
 228    0.0000594  -0.00020207
 229    0.0001017  -0.00031593
 230    0.0000538  -0.00018143
 231    0.0000496  -0.00018128
 232    0.0000865  -0.00028010
 233    0.0000038  -0.00005855
 234    0.0000028  -0.00002765
 235    0.0000027  -0.00002455
 236    0.0000018  -0.00002100
 237    0.0000001  -0.00000065
 238    0.0000001  -0.00000073
 239    0.0000001  -0.00000048
 240    0.0000000  -0.00000005
 241    0.0000188  -0.00006489
 242    0.0000364  -0.00012269
 243    0.0000534  -0.00016224
 244    0.0000645  -0.00018598
 245    0.0000531  -0.00015760
 246    0.0000440  -0.00015073
 247    0.0000541  -0.00017230
 248    0.0000336  -0.00012561
 249    0.0000504  -0.00017389
 250    0.0000278  -0.00011583
 251    0.0000442  -0.00015888
 252    0.0000644  -0.00021945
 253    0.0000030  -0.00002459
 254    0.0000027  -0.00002756
 255    0.0000025  -0.00002345
 256    0.0000013  -0.00001097
 257    0.0000001  -0.00000063
 258    0.0000001  -0.00000065
 259    0.0000001  -0.00000049
 260    0.0000000  -0.00000006
 261    0.0000110  -0.00003896
 262    0.0000257  -0.00009294
 263    0.0000476  -0.00015838
 264    0.0000413  -0.00014182
 265    0.0000369  -0.00012974
 266    0.0000275  -0.00010751
 267    0.0000397  -0.00013995
 268    0.0000185  -0.00007595
 269    0.0000339  -0.00012921
 270    0.0000251  -0.00010920
 271    0.0000422  -0.00015280
 272    0.0000422  -0.00015702
 273    0.0000018  -0.00001466
 274    0.0000019  -0.00001566
 275    0.0000014  -0.00001907
 276    0.0000013  -0.00001212
 277    0.0000001  -0.00000046
 278    0.0000001  -0.00000065
 279    0.0000001  -0.00000043
 280    0.0000000  -0.00000005
 281    0.0000091  -0.00003718
 282    0.0000139  -0.00004962
 283    0.0000297  -0.00011786
 284    0.0000385  -0.00013393
 285    0.0000211  -0.00008127
 286    0.0000263  -0.00010414
 287    0.0000320  -0.00012126
 288    0.0000126  -0.00005221
 289    0.0000207  -0.00008559
 290    0.0000202  -0.00008524
 291    0.0000389  -0.00014585
 292    0.0000358  -0.00013659
 293    0.0000016  -0.00001147
 294    0.0000014  -0.00001224
 295    0.0000012  -0.00001810
 296    0.0000009  -0.00001303
 297    0.0000001  -0.00000052
 298    0.0000001  -0.00000055
 299    0.0000001  -0.00000044
 300    0.0000000  -0.00000006
 301    0.0000087  -0.00003293
 302    0.0000117  -0.00004329
 303    0.0000156  -0.00006345
 304    0.0000219  -0.00008953
 305    0.0000167  -0.00006776
 306    0.0000192  -0.00007617
 307    0.0000245  -0.00009820
 308    0.0000117  -0.00004984
 309    0.0000180  -0.00007450
 310    0.0000136  -0.00006137
 311    0.0000314  -0.00012245
 312    0.0000267  -0.00011436
 313    0.0000015  -0.00001663
 314    0.0000012  -0.00000919
 315    0.0000012  -0.00001449
 316    0.0000009  -0.00001173
 317    0.0000001  -0.00000041
 318    0.0000000  -0.00000042
 319    0.0000000  -0.00000039
 320    0.0000000  -0.00000005
 321    0.0000086  -0.00003346
 322    0.0000105  -0.00003859
 323    0.0000143  -0.00006150
 324    0.0000195  -0.00007857
 325    0.0000148  -0.00005686
 326    0.0000138  -0.00005718
 327    0.0000219  -0.00008652
 328    0.0000115  -0.00004886
 329    0.0000153  -0.00006427
 330    0.0000097  -0.00004622
 331    0.0000123  -0.00005319
 332    0.0000108  -0.00005055
 333    0.0000014  -0.00001597
 334    0.0000012  -0.00001368
 335    0.0000005  -0.00000258
 336    0.0000006  -0.00000792
 337    0.0000001  -0.00000035
 338    0.0000000  -0.00000036
 339    0.0000000  -0.00000043
 340    0.0000000  -0.00000005
 341    0.0000035  -0.00001159
 342    0.0000043  -0.00001654
 343    0.0000099  -0.00004412
 344    0.0000103  -0.00004574
 345    0.0000140  -0.00005683
 346    0.0000099  -0.00004183
 347    0.0000129  -0.00005351
 348    0.0000026  -0.00001201
 349    0.0000149  -0.00006459
 350    0.0000047  -0.00002791
 351    0.0000076  -0.00003847
 352    0.0000053  -0.00003102
 353    0.0000008  -0.00000917
 354    0.0000009  -0.00000916
 355    0.0000004  -0.00000199
 356    0.0000005  -0.00000276
 357    0.0000000  -0.00000026
 358    0.0000000  -0.00000037
 359    0.0000000  -0.00000029
 360    0.0000000  -0.00000005
 361    0.0000019  -0.00000336
 362    0.0000027  -0.00000887
 363    0.0000047  -0.00002499
 364    0.0000057  -0.00003024
 365    0.0000053  -0.00002777
 366    0.0000057  -0.00003060
 367    0.0000066  -0.00003354
 368    0.0000024  -0.00000982
 369    0.0000047  -0.00002567
 370    0.0000041  -0.00002234
 371    0.0000058  -0.00003132
 372    0.0000045  -0.00002641
 373    0.0000003  -0.00000154
 374    0.0000006  -0.00000347
 375    0.0000003  -0.00000174
 376    0.0000003  -0.00000224
 377    0.0000000  -0.00000021
 378    0.0000000  -0.00000024
 379    0.0000000  -0.00000025
 380    0.0000000  -0.00000003
 381    0.0000015  -0.00000226
 382    0.0000027  -0.00000735
 383    0.0000047  -0.00002478
 384    0.0000051  -0.00002806
 385    0.0000041  -0.00002104
 386    0.0000037  -0.00001765
 387    0.0000056  -0.00002957
 388    0.0000024  -0.00001005
 389    0.0000034  -0.00001730
 390    0.0000028  -0.00001363
 391    0.0000041  -0.00002133
 392    0.0000036  -0.00001868
 393    0.0000003  -0.00000161
 394    0.0000003  -0.00000177
 395    0.0000003  -0.00000164
 396    0.0000002  -0.00000136
 397    0.0000000  -0.00000025
 398    0.0000000  -0.00000021
 399    0.0000000  -0.00000027
 400    0.0000000  -0.00000005
 401    0.0000015  -0.00000223
 402    0.0000021  -0.00000510
 403    0.0000036  -0.00001789
 404    0.0000036  -0.00001798
 405    0.0000035  -0.00001650
 406    0.0000036  -0.00001712
 407    0.0000035  -0.00001626
 408    0.0000023  -0.00000916
 409    0.0000032  -0.00001496
 410    0.0000026  -0.00001255
 411    0.0000041  -0.00002184
 412    0.0000035  -0.00001898
 413    0.0000003  -0.00000146
 414    0.0000003  -0.00000144
 415    0.0000003  -0.00000170
 416    0.0000002  -0.00000107
 417    0.0000000  -0.00000020
 418    0.0000000  -0.00000019
 419    0.0000000  -0.00000023
 420    0.0000000  -0.00000005
 421    0.0000012  -0.00000203
 422    0.0000020  -0.00000400
 423    0.0000027  -0.00001212
 424    0.0000030  -0.00001292
 425    0.0000030  -0.00001303
 426    0.0000032  -0.00001445
 427    0.0000021  -0.00000834
 428    0.0000022  -0.00000765
 429    0.0000026  -0.00001271
 430    0.0000021  -0.00000939
 431    0.0000024  -0.00001180
 432    0.0000031  -0.00001563
 433    0.0000003  -0.00000145
 434    0.0000002  -0.00000115
 435    0.0000003  -0.00000155
 436    0.0000002  -0.00000087
 437    0.0000000  -0.00000020
 438    0.0000000  -0.00000018
 439    0.0000000  -0.00000020
 440    0.0000000  -0.00000004
 441    0.0000011  -0.00000222
 442    0.0000015  -0.00000273
 443    0.0000027  -0.00001197
 444    0.0000015  -0.00000306
 445    0.0000024  -0.00000937
 446    0.0000018  -0.00000529
 447    0.0000020  -0.00000565
 448    0.0000015  -0.00000428
 449    0.0000016  -0.00000569
 450    0.0000017  -0.00000547
 451    0.0000020  -0.00000788
 452    0.0000025  -0.00001152
 453    0.0000003  -0.00000119
 454    0.0000002  -0.00000108
 455    0.0000002  -0.00000127
 456    0.0000002  -0.00000081
 457    0.0000000  -0.00000021
 458    0.0000000  -0.00000020
 459    0.0000000  -0.00000016
 460    0.0000000  -0.00000002
 461    0.0000009  -0.00000211
 462    0.0000013  -0.00000198
 463    0.0000023  -0.00001019
 464    0.0000015  -0.00000447
 465    0.0000020  -0.00000623
 466    0.0000016  -0.00000511
 467    0.0000020  -0.00000659
 468    0.0000013  -0.00000320
 469    0.0000015  -0.00000432
 470    0.0000015  -0.00000490
 471    0.0000019  -0.00000698
 472    0.0000019  -0.00000789
 473    0.0000002  -0.00000116
 474    0.0000002  -0.00000105
 475    0.0000002  -0.00000104
 476    0.0000001  -0.00000085
 477    0.0000000  -0.00000018
 478    0.0000000  -0.00000016
 479    0.0000000  -0.00000015
 480    0.0000000  -0.00000004
 
----------------
 Final Energies 
----------------
Final NOF Total Energy =    -408.1428372
 
Total Orbital Internal Iterations = 350
Total Occupation Internal Iterations = 382
 
Elapsed time:  596.50 Seconds

---------------------------------
   Lowdin Population Analysis    
---------------------------------
 Idx  Atom   Population   Charge 
---------------------------------
  1    Si    13.735       0.265
  2     C     5.842       0.158
  3     C     5.910       0.090
  4     H     1.080      -0.080
  5     H     1.046      -0.046
  6     C     5.858       0.142
  7     H     1.062      -0.062
  8     H     1.065      -0.065
  9     H     1.086      -0.086
 10     H     1.112      -0.112
 11     H     1.096      -0.096
 12     H     1.109      -0.109

---------------------------------
   M Diagnostic: 0.03
---------------------------------

