Computing Integrals
Basis Set                                            = def2-qzvp
Auxiliary Basis Set                                  = def2-universal-jkfit
Gaussian Type                                        = Spherical
Elapsed time:    9.01 Seconds

Number of basis functions                   (NBF)    = 642
Number of auxiliary basis functions         (NBFAUX) = 634
Inactive Doubly occupied orbitals up to     (NO1)    = 0
No. considered Strongly Doubly occupied MOs (NDOC)   = 25
No. considered Strongly Singly occupied MOs (NSOC)   = 0
NO. of Weakly occ. per St. Doubly occ.  MOs (NCWO)   = 24
Dimension of the Nat. Orb. subspace         (NBF5)   = 625
No. of electrons                                     = 50
    No. of alpha electrons                           = 25
    No. of beta electrons                            = 25
Multiplicity                                         = 1

Geometry
========
 C       1.5783850       0.1476900       0.3438090
 H       1.3947500       0.0129680       1.4135450
 O       1.3599290      -1.0862030      -0.3597820
 C       0.6538450       1.2150990      -0.2213220
 H       1.0578270       2.1802830       0.0939240
 H       0.7296930       1.1848640      -1.3114380
 C      -0.8173340       1.1521270       0.2081560
 H      -1.3035250       2.0657380      -0.1458280
 H      -0.8837650       1.1597620       1.2992600
 H       1.9841200      -1.7344460      -0.0213850
 H       2.6162860       0.4589480       0.2065440
 C      -1.6277250      -0.0340520      -0.3113010
 H      -2.6842290       0.1510150      -0.1185660
 H      -1.5018680      -0.1181460      -1.3975060
 O      -1.3242620      -1.2601540       0.3333770
 H      -0.4176510      -1.4753140       0.0766370

No violations of the orthonormality
No violations of the orthonormality
 
PNOF8/ADABelief Calculation
==================
 
  Nitext  Nit_orb  Time   Nit_occ  Time         Eelec          Etot           Ediff      maxdiff    MaxGrad_orb  Grad_occ
     1      10    5.3e+01  212    1.5e+02  -571.61505107  -308.03918941 -10570.61505107   0.023429   9.4e-02   2.7e-04 0.03
     2      20    6.4e+01    0    2.8e+00  -571.75490165  -308.17903999    -0.13985059   0.023432   9.4e-02   2.7e-04 0.03
     3      40    1.2e+02   59    3.4e+01  -571.95349467  -308.37763301    -0.19859302   0.198738   7.9e-01   2.7e-04 0.03
     4      40    1.2e+02   50    3.0e+01  -572.06926084  -308.49339918    -0.11576617   0.004199   1.7e-02   2.3e-04 0.03
     5      40    1.2e+02   22    1.5e+01  -572.10267664  -308.52681498    -0.03341580   0.007493   3.0e-02   2.4e-04 0.03
     6      40    1.2e+02   17    1.2e+01  -572.11996499  -308.54410333    -0.01728835   0.008407   3.4e-02   3.2e-04 0.03
     7      40    1.2e+02   17    1.2e+01  -572.13091832  -308.55505666    -0.01095333   0.005196   2.1e-02   2.6e-04 0.03
     8      40    1.2e+02   13    9.8e+00  -572.13815699  -308.56229533    -0.00723867   0.004965   2.0e-02   2.5e-04 0.03
     9      40    1.2e+02   12    9.2e+00  -572.14238531  -308.56652365    -0.00422832   0.008123   3.2e-02   1.9e-04 0.03
    10      40    1.2e+02    9    7.6e+00  -572.14515643  -308.56929476    -0.00277111   0.025875   1.0e-01   2.4e-04 0.03
    11      40    1.2e+02    9    7.6e+00  -572.14693328  -308.57107162    -0.00177686   0.004195   1.7e-02   2.3e-04 0.03
    12      40    1.2e+02   11    8.7e+00  -572.14814254  -308.57228088    -0.00120926   0.004768   1.9e-02   1.7e-04 0.03
    13      40    1.2e+02    8    7.1e+00  -572.14914539  -308.57328373    -0.00100285   0.004450   1.8e-02   2.0e-04 0.03
    14      40    1.2e+02    8    7.1e+00  -572.15001145  -308.57414979    -0.00086606   0.004097   1.6e-02   1.9e-04 0.03
    15      40    1.2e+02    8    7.1e+00  -572.15077616  -308.57491450    -0.00076471   0.004110   1.6e-02   2.2e-04 0.03
    16      40    1.2e+02    8    7.1e+00  -572.15167324  -308.57581157    -0.00089707   0.003839   1.5e-02   2.3e-04 0.03
    17      40    1.2e+02    8    7.1e+00  -572.15255429  -308.57669262    -0.00088105   0.005673   2.3e-02   2.6e-04 0.03
    18      40    1.2e+02    8    6.8e+00  -572.15327916  -308.57741749    -0.00072487   0.004742   1.9e-02   2.4e-04 0.03
    19      40    1.2e+02    8    7.1e+00  -572.15384407  -308.57798240    -0.00056491   0.004212   1.7e-02   2.6e-04 0.03
    20      40    1.2e+02    6    6.0e+00  -572.15417400  -308.57831233    -0.00032993   0.005532   2.2e-02   2.3e-04 0.03
    21      40    1.2e+02    6    6.1e+00  -572.15433075  -308.57846909    -0.00015675   0.004379   1.8e-02   1.9e-04 0.03
    22      40    1.2e+02    6    6.0e+00  -572.15445492  -308.57859325    -0.00012417   0.004795   1.9e-02   1.5e-04 0.03
    23      40    1.2e+02    1    3.4e+00  -572.15459876  -308.57873710    -0.00014384   0.004200   1.7e-02   2.9e-04 0.03
    24      40    1.2e+02    5    5.5e+00  -572.15464445  -308.57878279    -0.00004570   0.004377   1.8e-02   2.2e-04 0.03
    25      40    1.2e+02    5    5.5e+00  -572.15477632  -308.57891466    -0.00013187   0.004512   1.8e-02   2.1e-04 0.03
    26      40    1.2e+02    1    3.4e+00  -572.15488616  -308.57902449    -0.00010984   0.004893   2.0e-02   2.5e-04 0.03
    27      40    1.2e+02    0    2.8e+00  -572.15488714  -308.57902547    -0.00000098   0.004893   2.0e-02   2.5e-04 0.03
    28      59    1.8e+02    0    2.8e+00  -572.15565594  -308.57979428    -0.00076881   0.000490   2.0e-03   2.6e-04 0.03
 
RESULTS OF THE OCCUPATION OPTIMIZATION
========================================
   1    1.9999883  -20.60688757
   2    1.9999879  -20.55874038
   3    1.9999665  -11.28768908
   4    1.9999673  -11.26191137
   5    1.9999660  -11.23894769
   6    1.9999660  -11.23040189
   7    1.9866244  -1.28347417
   8    1.9855329  -1.22196382
   9    1.9739099  -0.76761771
  10    1.9756420  -0.74857008
  11    1.9704337  -0.73785453
  12    1.9734765  -0.72006538
  13    1.9713622  -0.71490921
  14    1.9746807  -0.71426872
  15    1.9747661  -0.70723540
  16    1.9770180  -0.70637409
  17    1.9735908  -0.70094336
  18    1.9731060  -0.69483283
  19    1.9744202  -0.68025024
  20    1.9737611  -0.67758989
  21    1.9731586  -0.67689835
  22    1.9730061  -0.66460279
  23    1.9727668  -0.65642451
  24    1.9778101  -0.57843040
  25    1.9775048  -0.52523415
  26    0.0097654  -0.01781617
  27    0.0091242  -0.01745951
  28    0.0156935  -0.02105865
  29    0.0155529  -0.02150667
  30    0.0155120  -0.02115767
  31    0.0152711  -0.02112198
  32    0.0152738  -0.02147987
  33    0.0199859  -0.03105347
  34    0.0166263  -0.02239022
  35    0.0139615  -0.02056147
  36    0.0162885  -0.02234816
  37    0.0206468  -0.03211606
  38    0.0267349  -0.04415937
  39    0.0208981  -0.03363865
  40    0.0250042  -0.04266832
  41    0.0192856  -0.03124057
  42    0.0203194  -0.03194149
  43    0.0063879  -0.01858880
  44    0.0061136  -0.01817732
  45    0.0000265  -0.00059549
  46    0.0000281  -0.00063557
  47    0.0000268  -0.00059942
  48    0.0000269  -0.00060957
  49    0.0000115  -0.00043830
  50    0.0000111  -0.00041717
  51    0.0046345  -0.00957269
  52    0.0047104  -0.01000336
  53    0.0042957  -0.00678633
  54    0.0044020  -0.00755642
  55    0.0044735  -0.00727616
  56    0.0044488  -0.00731219
  57    0.0043085  -0.00759547
  58    0.0039352  -0.00748704
  59    0.0042544  -0.00680799
  60    0.0025699  -0.00720427
  61    0.0038638  -0.00675675
  62    0.0012317  -0.00306833
  63    0.0005217  -0.00150440
  64    0.0039749  -0.00848458
  65    0.0034871  -0.00812751
  66    0.0017444  -0.00611596
  67    0.0040152  -0.00851714
  68    0.0030867  -0.00839799
  69    0.0031768  -0.00866873
  70    0.0000022  -0.00005667
  71    0.0000016  -0.00005521
  72    0.0000019  -0.00004093
  73    0.0000017  -0.00004431
  74    0.0000001  -0.00000105
  75    0.0000001  -0.00000136
  76    0.0044586  -0.00915438
  77    0.0043948  -0.00924747
  78    0.0039354  -0.00654479
  79    0.0040036  -0.00654910
  80    0.0041599  -0.00674662
  81    0.0033334  -0.00585811
  82    0.0020587  -0.00409093
  83    0.0009508  -0.00251164
  84    0.0022559  -0.00426360
  85    0.0024786  -0.00475980
  86    0.0020822  -0.00414712
  87    0.0011060  -0.00309922
  88    0.0003701  -0.00116611
  89    0.0004767  -0.00144535
  90    0.0003198  -0.00104286
  91    0.0010830  -0.00289186
  92    0.0005212  -0.00153265
  93    0.0018875  -0.00698185
  94    0.0014464  -0.00692403
  95    0.0000016  -0.00002607
  96    0.0000012  -0.00003243
  97    0.0000010  -0.00002652
  98    0.0000011  -0.00004008
  99    0.0000001  -0.00000090
 100    0.0000001  -0.00000111
 101    0.0012632  -0.00513030
 102    0.0013817  -0.00517445
 103    0.0015617  -0.00323151
 104    0.0014756  -0.00309738
 105    0.0011736  -0.00269917
 106    0.0011230  -0.00250630
 107    0.0015893  -0.00422502
 108    0.0009158  -0.00238016
 109    0.0017458  -0.00341794
 110    0.0016170  -0.00495344
 111    0.0011714  -0.00257078
 112    0.0009680  -0.00261260
 113    0.0003153  -0.00100690
 114    0.0004426  -0.00129233
 115    0.0002732  -0.00091366
 116    0.0008693  -0.00234758
 117    0.0004358  -0.00130731
 118    0.0010620  -0.00536464
 119    0.0008671  -0.00548448
 120    0.0000007  -0.00001836
 121    0.0000008  -0.00001614
 122    0.0000007  -0.00001939
 123    0.0000009  -0.00002040
 124    0.0000001  -0.00000087
 125    0.0000001  -0.00000085
 126    0.0006399  -0.00297865
 127    0.0006383  -0.00192949
 128    0.0007218  -0.00152521
 129    0.0005532  -0.00154365
 130    0.0004409  -0.00117080
 131    0.0009802  -0.00261458
 132    0.0011342  -0.00255321
 133    0.0003398  -0.00091019
 134    0.0005955  -0.00148210
 135    0.0009996  -0.00231792
 136    0.0005494  -0.00143291
 137    0.0005353  -0.00130787
 138    0.0002670  -0.00088781
 139    0.0002429  -0.00082119
 140    0.0002097  -0.00076137
 141    0.0005267  -0.00141387
 142    0.0003074  -0.00097581
 143    0.0006434  -0.00250846
 144    0.0006051  -0.00310223
 145    0.0000005  -0.00000586
 146    0.0000005  -0.00001097
 147    0.0000006  -0.00001161
 148    0.0000008  -0.00001999
 149    0.0000001  -0.00000073
 150    0.0000001  -0.00000076
 151    0.0005236  -0.00176216
 152    0.0005915  -0.00252318
 153    0.0003929  -0.00104229
 154    0.0003186  -0.00086363
 155    0.0003184  -0.00087779
 156    0.0002783  -0.00072571
 157    0.0004078  -0.00117437
 158    0.0002873  -0.00083317
 159    0.0002907  -0.00084057
 160    0.0004087  -0.00113825
 161    0.0004166  -0.00122982
 162    0.0002700  -0.00079769
 163    0.0002110  -0.00074629
 164    0.0001600  -0.00059962
 165    0.0000681  -0.00025524
 166    0.0002863  -0.00091935
 167    0.0001801  -0.00065453
 168    0.0003991  -0.00292599
 169    0.0003972  -0.00274901
 170    0.0000004  -0.00001047
 171    0.0000003  -0.00001630
 172    0.0000005  -0.00001417
 173    0.0000005  -0.00000649
 174    0.0000001  -0.00000075
 175    0.0000001  -0.00000077
 176    0.0003388  -0.00102793
 177    0.0004522  -0.00160317
 178    0.0001610  -0.00047299
 179    0.0002160  -0.00063170
 180    0.0001840  -0.00053159
 181    0.0002356  -0.00062132
 182    0.0002337  -0.00070592
 183    0.0001470  -0.00044120
 184    0.0001701  -0.00050468
 185    0.0002890  -0.00111416
 186    0.0003029  -0.00080188
 187    0.0001832  -0.00056421
 188    0.0000646  -0.00023315
 189    0.0000776  -0.00028808
 190    0.0000492  -0.00018518
 191    0.0001857  -0.00057594
 192    0.0000705  -0.00026954
 193    0.0002979  -0.00182781
 194    0.0002391  -0.00162055
 195    0.0000004  -0.00001112
 196    0.0000003  -0.00000805
 197    0.0000002  -0.00000489
 198    0.0000003  -0.00001714
 199    0.0000000  -0.00000056
 200    0.0000000  -0.00000050
 201    0.0003006  -0.00099593
 202    0.0003104  -0.00100670
 203    0.0001429  -0.00042627
 204    0.0001366  -0.00042282
 205    0.0001608  -0.00045194
 206    0.0001517  -0.00046425
 207    0.0001558  -0.00047968
 208    0.0000852  -0.00026495
 209    0.0001388  -0.00042051
 210    0.0001773  -0.00057628
 211    0.0001825  -0.00053910
 212    0.0001009  -0.00030866
 213    0.0000471  -0.00017055
 214    0.0000657  -0.00023786
 215    0.0000361  -0.00014876
 216    0.0001237  -0.00044906
 217    0.0000669  -0.00025684
 218    0.0002140  -0.00172241
 219    0.0001528  -0.00109753
 220    0.0000003  -0.00000759
 221    0.0000002  -0.00000227
 222    0.0000002  -0.00000250
 223    0.0000003  -0.00000335
 224    0.0000000  -0.00000043
 225    0.0000000  -0.00000034
 226    0.0001788  -0.00066967
 227    0.0001465  -0.00069027
 228    0.0000727  -0.00022909
 229    0.0000769  -0.00025882
 230    0.0000974  -0.00032024
 231    0.0001083  -0.00035182
 232    0.0000861  -0.00029075
 233    0.0000653  -0.00021226
 234    0.0000879  -0.00027687
 235    0.0001382  -0.00053926
 236    0.0000980  -0.00033630
 237    0.0000902  -0.00030325
 238    0.0000214  -0.00009716
 239    0.0000392  -0.00015523
 240    0.0000291  -0.00011569
 241    0.0000776  -0.00028258
 242    0.0000361  -0.00015021
 243    0.0001294  -0.00119577
 244    0.0000933  -0.00105936
 245    0.0000003  -0.00000356
 246    0.0000002  -0.00000192
 247    0.0000001  -0.00000155
 248    0.0000002  -0.00000302
 249    0.0000000  -0.00000025
 250    0.0000000  -0.00000023
 251    0.0000777  -0.00032029
 252    0.0001292  -0.00057573
 253    0.0000561  -0.00018538
 254    0.0000753  -0.00023885
 255    0.0000709  -0.00022199
 256    0.0000782  -0.00025497
 257    0.0000859  -0.00029045
 258    0.0000398  -0.00015146
 259    0.0000543  -0.00018914
 260    0.0000840  -0.00029378
 261    0.0000605  -0.00022133
 262    0.0000454  -0.00016929
 263    0.0000178  -0.00009031
 264    0.0000323  -0.00013678
 265    0.0000245  -0.00010283
 266    0.0000368  -0.00014574
 267    0.0000277  -0.00013211
 268    0.0000906  -0.00043042
 269    0.0000686  -0.00037774
 270    0.0000001  -0.00000153
 271    0.0000002  -0.00000182
 272    0.0000001  -0.00000163
 273    0.0000001  -0.00000180
 274    0.0000000  -0.00000021
 275    0.0000000  -0.00000021
 276    0.0000661  -0.00028398
 277    0.0000645  -0.00027083
 278    0.0000457  -0.00015925
 279    0.0000483  -0.00017276
 280    0.0000671  -0.00022148
 281    0.0000459  -0.00016722
 282    0.0000741  -0.00025601
 283    0.0000362  -0.00013475
 284    0.0000509  -0.00017227
 285    0.0000736  -0.00026833
 286    0.0000540  -0.00018487
 287    0.0000372  -0.00014637
 288    0.0000156  -0.00007562
 289    0.0000217  -0.00010389
 290    0.0000175  -0.00007683
 291    0.0000312  -0.00012506
 292    0.0000256  -0.00011168
 293    0.0000627  -0.00056138
 294    0.0000447  -0.00021099
 295    0.0000001  -0.00000137
 296    0.0000001  -0.00000124
 297    0.0000001  -0.00000147
 298    0.0000001  -0.00000129
 299    0.0000000  -0.00000015
 300    0.0000000  -0.00000015
 301    0.0000464  -0.00018619
 302    0.0000510  -0.00019747
 303    0.0000420  -0.00015409
 304    0.0000349  -0.00013620
 305    0.0000527  -0.00018418
 306    0.0000437  -0.00015920
 307    0.0000498  -0.00017619
 308    0.0000283  -0.00011259
 309    0.0000357  -0.00013908
 310    0.0000496  -0.00019671
 311    0.0000349  -0.00014424
 312    0.0000276  -0.00011182
 313    0.0000097  -0.00004537
 314    0.0000178  -0.00009733
 315    0.0000104  -0.00004587
 316    0.0000271  -0.00011707
 317    0.0000185  -0.00009669
 318    0.0000448  -0.00021466
 319    0.0000370  -0.00019086
 320    0.0000001  -0.00000132
 321    0.0000001  -0.00000119
 322    0.0000001  -0.00000097
 323    0.0000001  -0.00000114
 324    0.0000000  -0.00000014
 325    0.0000000  -0.00000012
 326    0.0000392  -0.00016372
 327    0.0000461  -0.00018840
 328    0.0000264  -0.00010548
 329    0.0000256  -0.00010416
 330    0.0000334  -0.00013031
 331    0.0000366  -0.00013964
 332    0.0000363  -0.00014258
 333    0.0000190  -0.00007965
 334    0.0000200  -0.00009643
 335    0.0000357  -0.00014818
 336    0.0000264  -0.00011656
 337    0.0000226  -0.00010283
 338    0.0000076  -0.00003903
 339    0.0000167  -0.00008734
 340    0.0000086  -0.00004044
 341    0.0000182  -0.00008958
 342    0.0000158  -0.00008009
 343    0.0000297  -0.00015913
 344    0.0000270  -0.00014948
 345    0.0000001  -0.00000109
 346    0.0000001  -0.00000091
 347    0.0000001  -0.00000085
 348    0.0000001  -0.00000084
 349    0.0000000  -0.00000012
 350    0.0000000  -0.00000012
 351    0.0000347  -0.00014694
 352    0.0000398  -0.00016615
 353    0.0000167  -0.00007227
 354    0.0000171  -0.00007895
 355    0.0000260  -0.00010364
 356    0.0000253  -0.00010726
 357    0.0000170  -0.00008527
 358    0.0000131  -0.00005481
 359    0.0000188  -0.00008958
 360    0.0000219  -0.00010694
 361    0.0000241  -0.00011164
 362    0.0000097  -0.00004929
 363    0.0000065  -0.00002919
 364    0.0000124  -0.00005961
 365    0.0000069  -0.00003125
 366    0.0000126  -0.00006009
 367    0.0000084  -0.00004267
 368    0.0000274  -0.00014266
 369    0.0000228  -0.00013648
 370    0.0000001  -0.00000105
 371    0.0000001  -0.00000078
 372    0.0000001  -0.00000068
 373    0.0000001  -0.00000076
 374    0.0000000  -0.00000011
 375    0.0000000  -0.00000011
 376    0.0000317  -0.00013690
 377    0.0000302  -0.00013240
 378    0.0000136  -0.00005856
 379    0.0000111  -0.00005221
 380    0.0000165  -0.00007582
 381    0.0000186  -0.00008492
 382    0.0000149  -0.00006707
 383    0.0000106  -0.00005001
 384    0.0000134  -0.00006531
 385    0.0000192  -0.00010056
 386    0.0000171  -0.00008771
 387    0.0000086  -0.00004480
 388    0.0000060  -0.00002691
 389    0.0000110  -0.00005488
 390    0.0000060  -0.00002408
 391    0.0000114  -0.00005607
 392    0.0000082  -0.00004248
 393    0.0000244  -0.00013925
 394    0.0000211  -0.00012451
 395    0.0000001  -0.00000101
 396    0.0000000  -0.00000061
 397    0.0000001  -0.00000063
 398    0.0000001  -0.00000069
 399    0.0000000  -0.00000011
 400    0.0000000  -0.00000011
 401    0.0000284  -0.00012866
 402    0.0000237  -0.00011372
 403    0.0000122  -0.00005216
 404    0.0000107  -0.00005039
 405    0.0000154  -0.00006494
 406    0.0000128  -0.00005979
 407    0.0000131  -0.00006258
 408    0.0000077  -0.00003832
 409    0.0000112  -0.00005343
 410    0.0000159  -0.00008383
 411    0.0000157  -0.00007391
 412    0.0000083  -0.00004185
 413    0.0000055  -0.00002228
 414    0.0000077  -0.00003947
 415    0.0000046  -0.00001762
 416    0.0000112  -0.00005501
 417    0.0000079  -0.00004078
 418    0.0000240  -0.00013128
 419    0.0000191  -0.00012016
 420    0.0000001  -0.00000080
 421    0.0000000  -0.00000054
 422    0.0000000  -0.00000065
 423    0.0000001  -0.00000069
 424    0.0000000  -0.00000011
 425    0.0000000  -0.00000009
 426    0.0000228  -0.00011006
 427    0.0000210  -0.00010834
 428    0.0000107  -0.00004834
 429    0.0000097  -0.00004436
 430    0.0000115  -0.00004903
 431    0.0000123  -0.00005626
 432    0.0000116  -0.00005514
 433    0.0000076  -0.00003808
 434    0.0000102  -0.00004946
 435    0.0000147  -0.00007257
 436    0.0000138  -0.00006888
 437    0.0000080  -0.00004083
 438    0.0000050  -0.00002006
 439    0.0000065  -0.00003094
 440    0.0000041  -0.00001549
 441    0.0000095  -0.00004713
 442    0.0000077  -0.00003704
 443    0.0000217  -0.00012157
 444    0.0000156  -0.00009979
 445    0.0000001  -0.00000077
 446    0.0000000  -0.00000047
 447    0.0000000  -0.00000058
 448    0.0000001  -0.00000063
 449    0.0000000  -0.00000011
 450    0.0000000  -0.00000010
 451    0.0000108  -0.00005714
 452    0.0000132  -0.00006987
 453    0.0000094  -0.00004449
 454    0.0000065  -0.00002871
 455    0.0000086  -0.00004043
 456    0.0000088  -0.00004442
 457    0.0000088  -0.00004412
 458    0.0000071  -0.00003482
 459    0.0000076  -0.00004006
 460    0.0000070  -0.00004024
 461    0.0000119  -0.00005704
 462    0.0000044  -0.00002017
 463    0.0000029  -0.00001332
 464    0.0000056  -0.00002643
 465    0.0000029  -0.00001251
 466    0.0000066  -0.00003480
 467    0.0000036  -0.00001729
 468    0.0000102  -0.00006232
 469    0.0000083  -0.00005897
 470    0.0000001  -0.00000073
 471    0.0000000  -0.00000035
 472    0.0000000  -0.00000056
 473    0.0000000  -0.00000044
 474    0.0000000  -0.00000009
 475    0.0000000  -0.00000009
 476    0.0000106  -0.00005395
 477    0.0000071  -0.00004163
 478    0.0000061  -0.00002717
 479    0.0000051  -0.00002212
 480    0.0000064  -0.00002851
 481    0.0000077  -0.00003815
 482    0.0000073  -0.00003657
 483    0.0000056  -0.00002620
 484    0.0000066  -0.00003389
 485    0.0000054  -0.00002740
 486    0.0000078  -0.00004219
 487    0.0000043  -0.00002112
 488    0.0000027  -0.00001318
 489    0.0000040  -0.00001817
 490    0.0000012  -0.00000688
 491    0.0000037  -0.00001958
 492    0.0000033  -0.00001641
 493    0.0000079  -0.00005587
 494    0.0000081  -0.00005537
 495    0.0000000  -0.00000057
 496    0.0000000  -0.00000035
 497    0.0000000  -0.00000050
 498    0.0000000  -0.00000039
 499    0.0000000  -0.00000008
 500    0.0000000  -0.00000008
 501    0.0000100  -0.00005168
 502    0.0000063  -0.00003598
 503    0.0000061  -0.00002534
 504    0.0000049  -0.00001920
 505    0.0000059  -0.00002595
 506    0.0000075  -0.00003902
 507    0.0000059  -0.00002926
 508    0.0000025  -0.00001290
 509    0.0000061  -0.00003032
 510    0.0000050  -0.00002555
 511    0.0000073  -0.00003844
 512    0.0000040  -0.00001912
 513    0.0000023  -0.00001045
 514    0.0000033  -0.00001548
 515    0.0000011  -0.00000598
 516    0.0000028  -0.00001522
 517    0.0000025  -0.00001355
 518    0.0000069  -0.00005492
 519    0.0000052  -0.00004694
 520    0.0000000  -0.00000045
 521    0.0000000  -0.00000033
 522    0.0000000  -0.00000039
 523    0.0000000  -0.00000035
 524    0.0000000  -0.00000007
 525    0.0000000  -0.00000006
 526    0.0000064  -0.00003468
 527    0.0000054  -0.00002886
 528    0.0000052  -0.00002096
 529    0.0000044  -0.00002005
 530    0.0000024  -0.00001194
 531    0.0000055  -0.00002516
 532    0.0000033  -0.00001655
 533    0.0000018  -0.00000901
 534    0.0000045  -0.00001893
 535    0.0000030  -0.00001686
 536    0.0000030  -0.00001568
 537    0.0000037  -0.00001916
 538    0.0000019  -0.00000886
 539    0.0000032  -0.00001544
 540    0.0000010  -0.00000525
 541    0.0000024  -0.00001325
 542    0.0000023  -0.00001184
 543    0.0000041  -0.00002827
 544    0.0000046  -0.00003613
 545    0.0000000  -0.00000045
 546    0.0000000  -0.00000027
 547    0.0000000  -0.00000035
 548    0.0000000  -0.00000036
 549    0.0000000  -0.00000006
 550    0.0000000  -0.00000007
 551    0.0000060  -0.00003274
 552    0.0000015  -0.00000888
 553    0.0000030  -0.00001381
 554    0.0000023  -0.00001107
 555    0.0000022  -0.00000988
 556    0.0000034  -0.00001619
 557    0.0000017  -0.00000828
 558    0.0000013  -0.00000743
 559    0.0000032  -0.00001549
 560    0.0000029  -0.00001573
 561    0.0000011  -0.00000589
 562    0.0000026  -0.00001422
 563    0.0000010  -0.00000506
 564    0.0000027  -0.00001244
 565    0.0000008  -0.00000423
 566    0.0000011  -0.00000633
 567    0.0000023  -0.00001084
 568    0.0000041  -0.00002795
 569    0.0000017  -0.00001129
 570    0.0000000  -0.00000040
 571    0.0000000  -0.00000024
 572    0.0000000  -0.00000030
 573    0.0000000  -0.00000031
 574    0.0000000  -0.00000006
 575    0.0000000  -0.00000006
 576    0.0000007  -0.00000446
 577    0.0000006  -0.00000366
 578    0.0000016  -0.00000821
 579    0.0000016  -0.00000825
 580    0.0000010  -0.00000573
 581    0.0000011  -0.00000660
 582    0.0000011  -0.00000608
 583    0.0000005  -0.00000310
 584    0.0000007  -0.00000392
 585    0.0000025  -0.00001395
 586    0.0000004  -0.00000284
 587    0.0000005  -0.00000311
 588    0.0000002  -0.00000131
 589    0.0000010  -0.00000531
 590    0.0000001  -0.00000116
 591    0.0000007  -0.00000418
 592    0.0000021  -0.00001046
 593    0.0000006  -0.00000366
 594    0.0000004  -0.00000282
 595    0.0000000  -0.00000038
 596    0.0000000  -0.00000021
 597    0.0000000  -0.00000027
 598    0.0000000  -0.00000028
 599    0.0000000  -0.00000007
 600    0.0000000  -0.00000007
 601    0.0000003  -0.00000226
 602    0.0000003  -0.00000209
 603    0.0000009  -0.00000515
 604    0.0000009  -0.00000486
 605    0.0000009  -0.00000465
 606    0.0000010  -0.00000590
 607    0.0000010  -0.00000596
 608    0.0000004  -0.00000253
 609    0.0000004  -0.00000234
 610    0.0000020  -0.00001036
 611    0.0000004  -0.00000248
 612    0.0000004  -0.00000263
 613    0.0000001  -0.00000069
 614    0.0000001  -0.00000101
 615    0.0000000  -0.00000048
 616    0.0000002  -0.00000164
 617    0.0000013  -0.00000721
 618    0.0000003  -0.00000230
 619    0.0000001  -0.00000098
 620    0.0000000  -0.00000036
 621    0.0000000  -0.00000021
 622    0.0000000  -0.00000023
 623    0.0000000  -0.00000026
 624    0.0000000  -0.00000006
 625    0.0000000  -0.00000006
 
----------------
 Final Energies 
----------------
Final NOF Total Energy =    -308.5797943
 
Total Orbital Internal Iterations = 1089
Total Occupation Internal Iterations = 517
 
Elapsed time: 4042.92 Seconds

---------------------------------
   Lowdin Population Analysis    
---------------------------------
 Idx  Atom   Population   Charge 
---------------------------------
  1     C     6.079      -0.079
  2     H     1.059      -0.059
  3     O     7.388       0.612
  4     C     5.919       0.081
  5     H     1.042      -0.042
  6     H     1.042      -0.042
  7     C     5.919       0.081
  8     H     1.044      -0.044
  9     H     1.045      -0.045
 10     H     1.331      -0.331
 11     H     1.062      -0.062
 12     C     6.114      -0.114
 13     H     1.060      -0.060
 14     H     1.060      -0.060
 15     O     7.442       0.558
 16     H     1.394      -0.394

---------------------------------
   M Diagnostic: 0.03
---------------------------------

