Computing Integrals
Basis Set                                            = def2-qzvp
Auxiliary Basis Set                                  = def2-universal-jkfit
Gaussian Type                                        = Spherical
Elapsed time:    4.82 Seconds

Number of basis functions                   (NBF)    = 344
Number of auxiliary basis functions         (NBFAUX) = 577
Inactive Doubly occupied orbitals up to     (NO1)    = 0
No. considered Strongly Doubly occupied MOs (NDOC)   = 70
No. considered Strongly Singly occupied MOs (NSOC)   = 0
NO. of Weakly occ. per St. Doubly occ.  MOs (NCWO)   = 3
Dimension of the Nat. Orb. subspace         (NBF5)   = 280
No. of electrons                                     = 140
    No. of alpha electrons                           = 70
    No. of beta electrons                            = 70
Multiplicity                                         = 1

Geometry
========
Pb       0.0032145      -2.1514754       0.0000000
 H      -0.0545265      -0.4291394       0.0000000
 H      -0.7883945      -2.7523824       1.4068570
 H      -0.7883945      -2.7523824      -1.4068570
 H       1.6466505      -2.6678534       0.0000000
Te       0.0032145       2.8132216       0.0000000
 H       1.1435395       3.9841326       0.0000000
 H      -1.1653035       3.9558786       0.0000000

No violations of the orthonormality
No violations of the orthonormality
 
PNOF8/ADABelief Calculation
==================
 
  Nitext  Nit_orb  Time   Nit_occ  Time         Eelec          Etot           Ediff      maxdiff    MaxGrad_orb  Grad_occ
     1      10    2.5e+01  113    3.2e+01 -7165.16304354 -6537.47923265 -17164.16304354   0.012145   4.9e-02   2.4e-04 0.95
     2      20    8.4e+00   69    4.3e+00 -7165.40934002 -6537.72552913    -0.24629648   0.020499   8.2e-02   2.9e-04 0.97
     3      20    8.7e+00   56    3.5e+00 -7165.49156425 -6537.80775336    -0.08222423   0.004939   2.0e-02   4.0e-04 0.99
     4      20    8.4e+00   58    3.6e+00 -7165.53610509 -6537.85229420    -0.04454084   0.002944   1.2e-02   2.9e-04 0.99
     5      20    8.3e+00   29    2.1e+00 -7165.56367848 -6537.87986760    -0.02757339   0.003980   1.6e-02   3.0e-04 1.00
     6      20    8.3e+00   42    2.7e+00 -7165.58119954 -6537.89738866    -0.01752106   0.003625   1.5e-02   2.9e-04 1.00
     7      20    8.2e+00   18    1.4e+00 -7165.59411096 -6537.91030007    -0.01291141   0.002564   1.0e-02   2.8e-04 1.00
     8      20    8.5e+00   18    1.4e+00 -7165.60240959 -6537.91859870    -0.00829863   0.003224   1.3e-02   3.2e-04 0.99
     9      20    8.3e+00   25    1.8e+00 -7165.60797200 -6537.92416111    -0.00556241   0.002412   9.6e-03   2.5e-04 0.99
    10      20    8.1e+00   13    1.1e+00 -7165.61167604 -6537.92786515    -0.00370404   0.004342   1.7e-02   2.5e-04 0.99
    11      20    8.5e+00   15    1.2e+00 -7165.61467628 -6537.93086540    -0.00300025   0.002286   9.1e-03   2.7e-04 0.99
    12      20    8.2e+00    9    8.3e-01 -7165.61653567 -6537.93272478    -0.00185939   0.002565   1.0e-02   2.5e-04 0.98
    13      20    8.0e+00    9    8.5e-01 -7165.61811172 -6537.93430083    -0.00157605   0.004761   1.9e-02   2.9e-04 0.99
    14      20    7.8e+00   14    1.1e+00 -7165.61939918 -6537.93558830    -0.00128747   0.004241   1.7e-02   2.7e-04 0.98
    15      20    8.1e+00    7    7.3e-01 -7165.62047237 -6537.93666148    -0.00107318   0.002195   8.8e-03   2.6e-04 0.99
    16      20    7.9e+00   13    1.1e+00 -7165.62140747 -6537.93759658    -0.00093510   0.002396   9.6e-03   2.7e-04 0.98
    17      20    7.9e+00    8    7.8e-01 -7165.62225631 -6537.93844543    -0.00084884   0.002680   1.1e-02   2.8e-04 0.99
    18      20    8.2e+00    8    7.9e-01 -7165.62323231 -6537.93942143    -0.00097600   0.004428   1.8e-02   2.6e-04 0.98
    19      20    7.9e+00   10    9.0e-01 -7165.62426423 -6537.94045335    -0.00103192   0.002051   8.2e-03   3.1e-04 0.99
    20      20    7.9e+00    5    6.2e-01 -7165.62466499 -6537.94085411    -0.00040076   0.002187   8.7e-03   2.7e-04 0.98
    21      20    8.0e+00    8    8.0e-01 -7165.62493155 -6537.94112066    -0.00026655   0.002049   8.2e-03   1.9e-04 0.98
    22      20    8.0e+00    1    4.1e-01 -7165.62503291 -6537.94122202    -0.00010136   0.002404   9.6e-03   3.1e-04 0.99
    23      20    8.0e+00    0    3.8e-01 -7165.62503852 -6537.94122764    -0.00000562   0.002404   9.6e-03   3.1e-04 0.99
    24      39    1.5e+01    3    5.2e-01 -7165.62571657 -6537.94190568    -0.00067804   0.000343   1.4e-03   2.1e-04 0.99
 
RESULTS OF THE OCCUPATION OPTIMIZATION
========================================
   1    2.0000000  -231.25766593
   2    1.9999999  -141.03044192
   3    1.9999999  -109.89237953
   4    1.9999999  -109.83467457
   5    1.9999999  -109.82967125
   6    1.9999998  -61.61957009
   7    1.9999998  -61.58386163
   8    1.9999998  -61.55758379
   9    1.9999998  -61.47704123
  10    1.9999987  -26.65472299
  11    1.9999986  -26.64389536
  12    1.9999985  -26.64375179
  13    1.9999981  -23.62751887
  14    1.9999980  -23.32175720
  15    1.9999979  -23.30877201
  16    1.9999978  -23.30650375
  17    1.9999977  -23.30429267
  18    1.9999977  -23.30341231
  19    1.9999978  -23.30119204
  20    1.9999973  -22.06219516
  21    1.9999964  -21.68476356
  22    1.9999968  -21.43713458
  23    1.9999964  -21.42294352
  24    1.9999962  -21.27200978
  25    1.9999961  -20.93216881
  26    1.9999961  -20.46780039
  27    1.9999722  -9.85515727
  28    1.9999709  -9.75536858
  29    1.9999713  -9.70349745
  30    1.9999694  -9.67590369
  31    1.9999691  -9.67216158
  32    1.9999701  -9.66453996
  33    1.9999705  -9.66037365
  34    1.9999690  -9.64509327
  35    1.9998798  -5.35482885
  36    1.9996656  -4.91264135
  37    1.9997185  -4.89577410
  38    1.9998060  -4.85822470
  39    1.9997247  -4.84770703
  40    1.9978956  -3.79546630
  41    1.9988216  -3.76151955
  42    1.9988438  -3.75259366
  43    1.9990420  -3.75234033
  44    1.9987927  -3.74305780
  45    1.9989339  -3.73821055
  46    1.9989744  -3.71863646
  47    1.9991881  -3.66414032
  48    1.9994338  -3.62397767
  49    1.9993662  -3.51494621
  50    1.9992025  -3.44108619
  51    1.9991973  -3.43904125
  52    1.9991602  -3.43789037
  53    1.9991798  -3.43638218
  54    1.9925864  -2.05665590
  55    1.9924619  -2.05439614
  56    1.9916257  -2.05240850
  57    1.9877153  -1.84588299
  58    1.9869756  -1.84577451
  59    1.9798704  -0.84128675
  60    1.9715053  -0.82551769
  61    1.9724101  -0.82224521
  62    1.9722028  -0.77241147
  63    1.9719499  -0.76900981
  64    1.9721343  -0.76890574
  65    1.9721437  -0.76815064
  66    1.9707445  -0.68512422
  67    1.9687669  -0.68253632
  68    1.2128691  -0.16689410
  69    1.0145664  -0.14353863
  70    1.1743746  -0.13931334
  71    0.8253648  -0.11984314
  72    0.9851722  -0.15755529
  73    0.7869682  -0.12139162
  74    0.0208234  -0.02783953
  75    0.0195709  -0.02798693
  76    0.0109722  -0.01589005
  77    0.0111132  -0.01604505
  78    0.0101360  -0.01524363
  79    0.0104721  -0.01546691
  80    0.0181469  -0.02754605
  81    0.0183090  -0.02684306
  82    0.0087553  -0.01625729
  83    0.0056365  -0.01307304
  84    0.0057552  -0.01317175
  85    0.0048061  -0.01132573
  86    0.0041522  -0.00958117
  87    0.0051427  -0.01200709
  88    0.0004652  -0.00198199
  89    0.0004084  -0.00171714
  90    0.0004432  -0.00192096
  91    0.0004108  -0.00171505
  92    0.0004033  -0.00169916
  93    0.0003570  -0.00163062
  94    0.0004013  -0.00209065
  95    0.0006714  -0.00407390
  96    0.0007859  -0.00481847
  97    0.0008859  -0.00546315
  98    0.0007649  -0.00472773
  99    0.0008802  -0.00547015
 100    0.0009691  -0.00600398
 101    0.0019044  -0.01076489
 102    0.0001723  -0.00090391
 103    0.0000970  -0.00052886
 104    0.0001613  -0.00083013
 105    0.0001681  -0.00088843
 106    0.0000549  -0.00030310
 107    0.0000134  -0.00014195
 108    0.0000129  -0.00013619
 109    0.0000142  -0.00014802
 110    0.0000130  -0.00013827
 111    0.0000125  -0.00013555
 112    0.0000123  -0.00013397
 113    0.0000124  -0.00013330
 114    0.0000129  -0.00013724
 115    0.0000024  -0.00005074
 116    0.0000021  -0.00004223
 117    0.0000021  -0.00004436
 118    0.0000020  -0.00004150
 119    0.0000022  -0.00004669
 120    0.0000021  -0.00004504
 121    0.0000018  -0.00003844
 122    0.0000012  -0.00002855
 123    0.0000013  -0.00003223
 124    0.0000014  -0.00003382
 125    0.0000013  -0.00003210
 126    0.0000013  -0.00003223
 127    0.0000013  -0.00003311
 128    0.0000012  -0.00002793
 129    0.0000008  -0.00002165
 130    0.0000008  -0.00002017
 131    0.0000008  -0.00002152
 132    0.0000001  -0.00000444
 133    0.0000001  -0.00000456
 134    0.0000001  -0.00000472
 135    0.0000001  -0.00000376
 136    0.0000000  -0.00000205
 137    0.0000000  -0.00000188
 138    0.0000000  -0.00000184
 139    0.0000000  -0.00000157
 140    0.0000000  -0.00000080
 141    0.0002464  -0.00011184
 142    0.0002445  -0.00011666
 143    0.0001524  -0.00011511
 144    0.0069957  -0.01269833
 145    0.0050904  -0.00994712
 146    0.0107531  -0.01540371
 147    0.0109295  -0.01554558
 148    0.0096931  -0.01441098
 149    0.0101563  -0.01500078
 150    0.0049056  -0.01000584
 151    0.0056066  -0.01120463
 152    0.0062232  -0.01287025
 153    0.0049479  -0.01144806
 154    0.0050706  -0.01153583
 155    0.0020770  -0.00529654
 156    0.0025369  -0.00617268
 157    0.0013746  -0.00377480
 158    0.0002746  -0.00109459
 159    0.0002740  -0.00111571
 160    0.0002705  -0.00107351
 161    0.0002955  -0.00116137
 162    0.0001379  -0.00063006
 163    0.0001247  -0.00057838
 164    0.0002745  -0.00125454
 165    0.0002335  -0.00115808
 166    0.0001688  -0.00086203
 167    0.0002542  -0.00123627
 168    0.0000989  -0.00048982
 169    0.0002019  -0.00098443
 170    0.0001097  -0.00051778
 171    0.0001110  -0.00054430
 172    0.0000593  -0.00033818
 173    0.0000531  -0.00030026
 174    0.0000610  -0.00034085
 175    0.0001138  -0.00059469
 176    0.0000374  -0.00025097
 177    0.0000107  -0.00012127
 178    0.0000095  -0.00010644
 179    0.0000095  -0.00010563
 180    0.0000093  -0.00010397
 181    0.0000110  -0.00012200
 182    0.0000092  -0.00010307
 183    0.0000105  -0.00011792
 184    0.0000094  -0.00010576
 185    0.0000009  -0.00002277
 186    0.0000010  -0.00002525
 187    0.0000012  -0.00002945
 188    0.0000011  -0.00002583
 189    0.0000006  -0.00001690
 190    0.0000011  -0.00002588
 191    0.0000007  -0.00001695
 192    0.0000008  -0.00001990
 193    0.0000006  -0.00001538
 194    0.0000006  -0.00001590
 195    0.0000006  -0.00001756
 196    0.0000005  -0.00001442
 197    0.0000005  -0.00001260
 198    0.0000005  -0.00001454
 199    0.0000003  -0.00000906
 200    0.0000003  -0.00000970
 201    0.0000003  -0.00000794
 202    0.0000000  -0.00000161
 203    0.0000000  -0.00000200
 204    0.0000000  -0.00000164
 205    0.0000001  -0.00000257
 206    0.0000000  -0.00000109
 207    0.0000000  -0.00000114
 208    0.0000000  -0.00000110
 209    0.0000000  -0.00000089
 210    0.0000000  -0.00000060
 211    0.0000142  -0.00003441
 212    0.0000169  -0.00003625
 213    0.0000103  -0.00002707
 214    0.0034140  -0.00584086
 215    0.0045941  -0.00896999
 216    0.0061310  -0.00961090
 217    0.0058230  -0.00909540
 218    0.0082210  -0.01315478
 219    0.0071688  -0.01138491
 220    0.0045374  -0.00946102
 221    0.0045791  -0.01031921
 222    0.0051511  -0.01157757
 223    0.0024400  -0.00576960
 224    0.0014589  -0.00389254
 225    0.0014912  -0.00399765
 226    0.0008489  -0.00246819
 227    0.0008963  -0.00255452
 228    0.0000805  -0.00040952
 229    0.0001573  -0.00076392
 230    0.0000890  -0.00043932
 231    0.0000912  -0.00044651
 232    0.0000926  -0.00044650
 233    0.0000845  -0.00039317
 234    0.0001360  -0.00061797
 235    0.0001208  -0.00055197
 236    0.0001114  -0.00051849
 237    0.0000672  -0.00034772
 238    0.0000942  -0.00046449
 239    0.0000741  -0.00037043
 240    0.0000996  -0.00049214
 241    0.0000890  -0.00046171
 242    0.0000436  -0.00026933
 243    0.0000439  -0.00026743
 244    0.0000591  -0.00032999
 245    0.0000525  -0.00028903
 246    0.0000279  -0.00019800
 247    0.0000069  -0.00007988
 248    0.0000071  -0.00008045
 249    0.0000062  -0.00007567
 250    0.0000086  -0.00009881
 251    0.0000071  -0.00008221
 252    0.0000072  -0.00008276
 253    0.0000061  -0.00007397
 254    0.0000056  -0.00006982
 255    0.0000006  -0.00001510
 256    0.0000008  -0.00002100
 257    0.0000005  -0.00001405
 258    0.0000006  -0.00001542
 259    0.0000004  -0.00001122
 260    0.0000003  -0.00001021
 261    0.0000002  -0.00000676
 262    0.0000002  -0.00000695
 263    0.0000004  -0.00001222
 264    0.0000003  -0.00000929
 265    0.0000003  -0.00000725
 266    0.0000003  -0.00000774
 267    0.0000002  -0.00000591
 268    0.0000002  -0.00000635
 269    0.0000003  -0.00000867
 270    0.0000003  -0.00000769
 271    0.0000002  -0.00000585
 272    0.0000000  -0.00000142
 273    0.0000000  -0.00000151
 274    0.0000000  -0.00000138
 275    0.0000000  -0.00000230
 276    0.0000000  -0.00000105
 277    0.0000000  -0.00000116
 278    0.0000000  -0.00000107
 279    0.0000000  -0.00000090
 280    0.0000000  -0.00000055
 
----------------
 Final Energies 
----------------
Final NOF Total Energy =   -6537.9419057
 
Total Orbital Internal Iterations = 489
Total Occupation Internal Iterations = 551
 
Elapsed time:  329.17 Seconds

---------------------------------
   Lowdin Population Analysis    
---------------------------------
 Idx  Atom   Population   Charge 
---------------------------------
  1    Pb    78.446       3.554
  2     H     1.893      -0.893
  3     H     1.881      -0.881
  4     H     1.886      -0.886
  5     H     1.884      -0.884
  6    Te    51.423       0.577
  7     H     1.292      -0.292
  8     H     1.295      -0.295

---------------------------------
   M Diagnostic: 0.99
---------------------------------

