Computing Integrals
Basis Set                                            = def2-qzvp
Auxiliary Basis Set                                  = def2-universal-jkfit
Gaussian Type                                        = Spherical
Elapsed time:    8.87 Seconds

Number of basis functions                   (NBF)    = 700
Number of auxiliary basis functions         (NBFAUX) = 1022
Inactive Doubly occupied orbitals up to     (NO1)    = 0
No. considered Strongly Doubly occupied MOs (NDOC)   = 56
No. considered Strongly Singly occupied MOs (NSOC)   = 0
NO. of Weakly occ. per St. Doubly occ.  MOs (NCWO)   = 11
Dimension of the Nat. Orb. subspace         (NBF5)   = 672
No. of electrons                                     = 112
    No. of alpha electrons                           = 56
    No. of beta electrons                            = 56
Multiplicity                                         = 1

Geometry
========
 P      -0.6893655       1.7191620       0.6081943
 P      -2.0048435       0.6960096      -0.8899711
 P      -2.1371205      -1.4122873      -0.2512459
 P      -0.2432571      -1.7310933       0.9132867
 P       1.1492393      -1.3927172      -0.8064617
 P       2.3947834       0.2712669      -0.0072107
 P       1.1163168       1.9442632      -0.6972041
 H      -1.1915336       3.0109280       0.2786267
 H      -1.0255781       0.4544941      -1.8893056
 H      -2.9363110      -1.1036354       0.8827753
 H      -0.2443516      -3.1436783       0.7194482
 H       2.0531206      -2.3973638      -0.3692028
 H       1.9889383       0.2042760       1.3541132
 H       1.7699624       2.8803754       0.1541576

No violations of the orthonormality
No violations of the orthonormality
 
PNOF8/ADABelief Calculation
==================
 
  Nitext  Nit_orb  Time   Nit_occ  Time         Eelec          Etot           Ediff      maxdiff    MaxGrad_orb  Grad_occ
     1      10    7.5e+01    0    2.9e+01 -3344.01471189 -2392.50180568 -13343.01471189   0.004103   1.6e-02   3.3e-04 0.03
     2      30    1.6e+02    0    4.0e+00 -3344.01471189 -2392.50180568     0.00000000   0.004103   1.6e-02   3.3e-04 0.03
     3      50    2.5e+02    0    3.8e+00 -3344.01471189 -2392.50180568     0.00000000   0.004103   1.6e-02   3.3e-04 0.03
     4      70    3.5e+02    3    5.4e+00 -3344.01474364 -2392.50183744    -0.00003175   0.004042   1.6e-02   3.7e-04 0.03
     5      70    3.5e+02    5    6.9e+00 -3344.01478795 -2392.50188174    -0.00004431   0.004096   1.6e-02   3.3e-04 0.03
     6      70    3.4e+02    2    4.9e+00 -3344.01484593 -2392.50193973    -0.00005798   0.004095   1.6e-02   3.1e-04 0.03
     7      70    3.4e+02    5    6.4e+00 -3344.01487478 -2392.50196857    -0.00002884   0.004135   1.7e-02   3.2e-04 0.03
     8      70    3.4e+02    2    4.8e+00 -3344.01491040 -2392.50200420    -0.00003563   0.004095   1.6e-02   2.6e-04 0.03
     9      70    3.4e+02    9    8.1e+00 -3344.01494144 -2392.50203523    -0.00003104   0.004140   1.7e-02   2.5e-04 0.03
    10      70    3.5e+02    3    5.2e+00 -3344.01499185 -2392.50208564    -0.00005041   0.004041   1.6e-02   1.7e-04 0.03
    11      70    3.5e+02    3    5.6e+00 -3344.01502417 -2392.50211797    -0.00003233   0.004086   1.6e-02   2.0e-04 0.03
    12      70    3.4e+02    2    4.9e+00 -3344.01505470 -2392.50214849    -0.00003053   0.003972   1.6e-02   2.3e-04 0.03
    13      70    3.4e+02    2    4.9e+00 -3344.01507751 -2392.50217130    -0.00002281   0.004002   1.6e-02   2.5e-04 0.03
    14      70    3.5e+02    9    8.3e+00 -3344.01510034 -2392.50219414    -0.00002284   0.003856   1.5e-02   2.5e-04 0.03
    15      70    3.5e+02    2    5.1e+00 -3344.01514972 -2392.50224352    -0.00004938   0.003895   1.6e-02   1.7e-04 0.03
    16      70    3.5e+02    0    3.7e+00 -3344.01516931 -2392.50226311    -0.00001959   0.003786   1.5e-02   2.0e-04 0.03
    17      80    4.0e+02    2    4.8e+00 -3344.01526280 -2392.50235659    -0.00009348   0.003097   1.2e-02   2.4e-04 0.03
    18      80    3.9e+02    0    3.8e+00 -3344.01526645 -2392.50236024    -0.00000365   0.003097   1.2e-02   2.4e-04 0.03
    19      91    4.4e+02    0    3.8e+00 -3344.01547882 -2392.50257261    -0.00021237   0.000500   2.0e-03   2.0e-04 0.03
 
RESULTS OF THE OCCUPATION OPTIMIZATION
========================================
   1    1.9999995  -80.01683320
   2    1.9999995  -80.01639001
   3    1.9999995  -80.01624401
   4    1.9999995  -80.01619795
   5    1.9999995  -80.01592715
   6    1.9999995  -80.01581614
   7    1.9999995  -80.01572714
   8    1.9998991  -7.52474490
   9    1.9998934  -7.52467236
  10    1.9998444  -7.52464571
  11    1.9998915  -7.52421830
  12    1.9998459  -7.52385284
  13    1.9998475  -7.52329385
  14    1.9998571  -7.52232131
  15    1.9986875  -5.42580880
  16    1.9980177  -5.42558638
  17    1.9982564  -5.42425457
  18    1.9983455  -5.42417996
  19    1.9982321  -5.42412917
  20    1.9985312  -5.42408755
  21    1.9984636  -5.42295925
  22    1.9985314  -5.42275043
  23    1.9978783  -5.42270075
  24    1.9983560  -5.42257986
  25    1.9985723  -5.42217192
  26    1.9984327  -5.42197277
  27    1.9979993  -5.42119989
  28    1.9982046  -5.42107502
  29    1.9982555  -5.42107418
  30    1.9983692  -5.42065589
  31    1.9985173  -5.42016443
  32    1.9979225  -5.41952891
  33    1.9979881  -5.41921654
  34    1.9985734  -5.41918312
  35    1.9981732  -5.41778975
  36    1.9785877  -0.78429540
  37    1.9815806  -0.77598798
  38    1.9809247  -0.77443660
  39    1.9815122  -0.77240582
  40    1.9812502  -0.76920616
  41    1.9813757  -0.76802977
  42    1.9808484  -0.76585982
  43    1.9705451  -0.53136157
  44    1.9686820  -0.52776980
  45    1.9699420  -0.52754015
  46    1.9696626  -0.52657448
  47    1.9709203  -0.52163179
  48    1.9690782  -0.51668352
  49    1.9796806  -0.48930705
  50    1.9676379  -0.46729642
  51    1.9674721  -0.46371042
  52    1.9691010  -0.46305609
  53    1.9731345  -0.46016738
  54    1.9687291  -0.45919334
  55    1.9676141  -0.45887694
  56    1.9709227  -0.44713661
  57    0.0183407  -0.03609919
  58    0.0191077  -0.03560401
  59    0.0219431  -0.03816615
  60    0.0187689  -0.03722365
  61    0.0214716  -0.03783918
  62    0.0192807  -0.03570603
  63    0.0196872  -0.03621323
  64    0.0058832  -0.02444721
  65    0.0142635  -0.02564216
  66    0.0139285  -0.02616569
  67    0.0157993  -0.02689919
  68    0.0149403  -0.02644106
  69    0.0155358  -0.02646520
  70    0.0152051  -0.02686644
  71    0.0059981  -0.02578167
  72    0.0053291  -0.02418956
  73    0.0058493  -0.02523870
  74    0.0059467  -0.02588219
  75    0.0053379  -0.02474389
  76    0.0054818  -0.02461716
  77    0.0106801  -0.02706317
  78    0.0012587  -0.01209408
  79    0.0013175  -0.01254831
  80    0.0013881  -0.01335797
  81    0.0010973  -0.01017215
  82    0.0013455  -0.01299759
  83    0.0012291  -0.01045722
  84    0.0011696  -0.01069367
  85    0.0011755  -0.01081986
  86    0.0009805  -0.00976638
  87    0.0014818  -0.01299860
  88    0.0012571  -0.01326834
  89    0.0015232  -0.01409979
  90    0.0014925  -0.01534544
  91    0.0012918  -0.01267999
  92    0.0012843  -0.01446511
  93    0.0013508  -0.01342548
  94    0.0011165  -0.01320262
  95    0.0014753  -0.01459797
  96    0.0012967  -0.01243017
  97    0.0013561  -0.01329247
  98    0.0011685  -0.01147860
  99    0.0001054  -0.00193794
 100    0.0000798  -0.00246098
 101    0.0001132  -0.00244197
 102    0.0000352  -0.00030806
 103    0.0001051  -0.00141244
 104    0.0000444  -0.00031697
 105    0.0000610  -0.00039348
 106    0.0000004  -0.00000391
 107    0.0000005  -0.00000426
 108    0.0000005  -0.00000439
 109    0.0000004  -0.00000422
 110    0.0000005  -0.00000428
 111    0.0000005  -0.00000441
 112    0.0000004  -0.00000410
 113    0.0037864  -0.00906860
 114    0.0064327  -0.01187797
 115    0.0060612  -0.01080685
 116    0.0021415  -0.00823825
 117    0.0067068  -0.01225377
 118    0.0063631  -0.01147336
 119    0.0064110  -0.01139564
 120    0.0042564  -0.01954211
 121    0.0060685  -0.01094179
 122    0.0049587  -0.00911004
 123    0.0064204  -0.01151286
 124    0.0061949  -0.01150423
 125    0.0063454  -0.01083799
 126    0.0057482  -0.01066854
 127    0.0034315  -0.01353894
 128    0.0040479  -0.01952280
 129    0.0035145  -0.01455706
 130    0.0042153  -0.01979088
 131    0.0040236  -0.01964568
 132    0.0041275  -0.01987767
 133    0.0032587  -0.01228347
 134    0.0003648  -0.00503557
 135    0.0000664  -0.00159115
 136    0.0005475  -0.00834276
 137    0.0005558  -0.00839062
 138    0.0000766  -0.00179587
 139    0.0003386  -0.00406668
 140    0.0003776  -0.00546300
 141    0.0005454  -0.00860742
 142    0.0005863  -0.00865918
 143    0.0000329  -0.00038275
 144    0.0001144  -0.00273061
 145    0.0000715  -0.00212055
 146    0.0005598  -0.00851844
 147    0.0000996  -0.00211214
 148    0.0001655  -0.00219464
 149    0.0000603  -0.00113169
 150    0.0005815  -0.00868529
 151    0.0001127  -0.00287458
 152    0.0003775  -0.00530434
 153    0.0005701  -0.00853423
 154    0.0000691  -0.00163199
 155    0.0000172  -0.00027092
 156    0.0000175  -0.00011753
 157    0.0000173  -0.00021240
 158    0.0000271  -0.00029876
 159    0.0000199  -0.00049641
 160    0.0000241  -0.00050169
 161    0.0000188  -0.00035314
 162    0.0000001  -0.00000106
 163    0.0000000  -0.00000096
 164    0.0000000  -0.00000094
 165    0.0000000  -0.00000099
 166    0.0000000  -0.00000095
 167    0.0000000  -0.00000088
 168    0.0000000  -0.00000090
 169    0.0034708  -0.01004268
 170    0.0057318  -0.01074415
 171    0.0010151  -0.00215090
 172    0.0020925  -0.00779988
 173    0.0007129  -0.00150450
 174    0.0055694  -0.01024071
 175    0.0053395  -0.01007368
 176    0.0031333  -0.01187800
 177    0.0053012  -0.01048670
 178    0.0047274  -0.00896624
 179    0.0054742  -0.00947980
 180    0.0054290  -0.01009482
 181    0.0060831  -0.01042797
 182    0.0050519  -0.00975483
 183    0.0030370  -0.01203352
 184    0.0029277  -0.01215711
 185    0.0028434  -0.01136854
 186    0.0030510  -0.01240789
 187    0.0029174  -0.01167700
 188    0.0029803  -0.01195455
 189    0.0029916  -0.01097231
 190    0.0001430  -0.00188665
 191    0.0000175  -0.00039498
 192    0.0000141  -0.00009966
 193    0.0003717  -0.00553127
 194    0.0000183  -0.00032319
 195    0.0000182  -0.00037284
 196    0.0001394  -0.00192547
 197    0.0000223  -0.00025674
 198    0.0003799  -0.00531237
 199    0.0000202  -0.00048095
 200    0.0000204  -0.00033977
 201    0.0000154  -0.00011071
 202    0.0000250  -0.00017435
 203    0.0000232  -0.00015840
 204    0.0000574  -0.00104525
 205    0.0000170  -0.00039837
 206    0.0000147  -0.00010340
 207    0.0000194  -0.00014045
 208    0.0000205  -0.00046513
 209    0.0000150  -0.00011150
 210    0.0000214  -0.00038901
 211    0.0000093  -0.00011207
 212    0.0000157  -0.00012698
 213    0.0000138  -0.00018070
 214    0.0000196  -0.00021733
 215    0.0000120  -0.00015173
 216    0.0000236  -0.00045667
 217    0.0000077  -0.00012354
 218    0.0000000  -0.00000023
 219    0.0000000  -0.00000027
 220    0.0000000  -0.00000022
 221    0.0000000  -0.00000025
 222    0.0000000  -0.00000018
 223    0.0000000  -0.00000021
 224    0.0000000  -0.00000029
 225    0.0010007  -0.00257038
 226    0.0005263  -0.00116234
 227    0.0007561  -0.00154196
 228    0.0011752  -0.00340993
 229    0.0007074  -0.00151739
 230    0.0004776  -0.00106817
 231    0.0003546  -0.00085334
 232    0.0021390  -0.00964269
 233    0.0046128  -0.00899808
 234    0.0034579  -0.00990626
 235    0.0015604  -0.00322308
 236    0.0015031  -0.00335191
 237    0.0015643  -0.00329708
 238    0.0015008  -0.00337427
 239    0.0028782  -0.01138678
 240    0.0021176  -0.00964199
 241    0.0021393  -0.00974443
 242    0.0025375  -0.01076290
 243    0.0028197  -0.01119597
 244    0.0020359  -0.00908853
 245    0.0021092  -0.00911672
 246    0.0000206  -0.00031577
 247    0.0000105  -0.00008059
 248    0.0000126  -0.00010381
 249    0.0000121  -0.00009578
 250    0.0000125  -0.00012765
 251    0.0000151  -0.00016232
 252    0.0000183  -0.00037783
 253    0.0000149  -0.00011137
 254    0.0000151  -0.00011297
 255    0.0000107  -0.00008752
 256    0.0000112  -0.00008764
 257    0.0000130  -0.00010514
 258    0.0000111  -0.00009645
 259    0.0000132  -0.00020724
 260    0.0000117  -0.00008963
 261    0.0000131  -0.00013558
 262    0.0000129  -0.00009236
 263    0.0000127  -0.00010445
 264    0.0000168  -0.00012081
 265    0.0000115  -0.00009462
 266    0.0000125  -0.00014235
 267    0.0000048  -0.00016240
 268    0.0000099  -0.00007512
 269    0.0000051  -0.00021736
 270    0.0000096  -0.00017083
 271    0.0000074  -0.00007922
 272    0.0000090  -0.00011009
 273    0.0000067  -0.00014433
 274    0.0000000  -0.00000017
 275    0.0000000  -0.00000014
 276    0.0000000  -0.00000013
 277    0.0000000  -0.00000016
 278    0.0000000  -0.00000014
 279    0.0000000  -0.00000014
 280    0.0000000  -0.00000012
 281    0.0006640  -0.00161987
 282    0.0001884  -0.00050916
 283    0.0004862  -0.00101966
 284    0.0009238  -0.00230256
 285    0.0004900  -0.00101541
 286    0.0003179  -0.00074041
 287    0.0001780  -0.00046243
 288    0.0020576  -0.00923444
 289    0.0002534  -0.00063322
 290    0.0012128  -0.00273533
 291    0.0003313  -0.00079494
 292    0.0011631  -0.00286955
 293    0.0009275  -0.00191565
 294    0.0010072  -0.00244768
 295    0.0020890  -0.00959403
 296    0.0019677  -0.00909555
 297    0.0019846  -0.00889336
 298    0.0014584  -0.00645344
 299    0.0019990  -0.00924253
 300    0.0019402  -0.00897127
 301    0.0011754  -0.00413505
 302    0.0000095  -0.00007652
 303    0.0000101  -0.00008322
 304    0.0000109  -0.00008868
 305    0.0000088  -0.00007163
 306    0.0000105  -0.00007685
 307    0.0000117  -0.00013155
 308    0.0000105  -0.00007507
 309    0.0000096  -0.00007683
 310    0.0000103  -0.00008098
 311    0.0000098  -0.00008278
 312    0.0000099  -0.00007508
 313    0.0000089  -0.00008054
 314    0.0000082  -0.00007116
 315    0.0000121  -0.00009057
 316    0.0000103  -0.00007482
 317    0.0000118  -0.00008165
 318    0.0000120  -0.00009216
 319    0.0000110  -0.00010274
 320    0.0000096  -0.00007730
 321    0.0000102  -0.00007738
 322    0.0000116  -0.00009905
 323    0.0000046  -0.00032046
 324    0.0000088  -0.00009827
 325    0.0000015  -0.00001401
 326    0.0000084  -0.00014204
 327    0.0000048  -0.00027102
 328    0.0000023  -0.00004970
 329    0.0000043  -0.00039224
 330    0.0000000  -0.00000012
 331    0.0000000  -0.00000010
 332    0.0000000  -0.00000012
 333    0.0000000  -0.00000010
 334    0.0000000  -0.00000011
 335    0.0000000  -0.00000010
 336    0.0000000  -0.00000009
 337    0.0006079  -0.00140983
 338    0.0001078  -0.00031495
 339    0.0003408  -0.00080347
 340    0.0005144  -0.00130647
 341    0.0003851  -0.00089348
 342    0.0001814  -0.00048876
 343    0.0000901  -0.00026062
 344    0.0008047  -0.00252039
 345    0.0001088  -0.00033894
 346    0.0002321  -0.00059140
 347    0.0002367  -0.00060452
 348    0.0002710  -0.00067336
 349    0.0003243  -0.00075413
 350    0.0003386  -0.00079427
 351    0.0006327  -0.00267430
 352    0.0006720  -0.00276456
 353    0.0009198  -0.00383049
 354    0.0003709  -0.00128890
 355    0.0005930  -0.00236635
 356    0.0006223  -0.00220676
 357    0.0004970  -0.00146847
 358    0.0000082  -0.00006646
 359    0.0000016  -0.00001522
 360    0.0000105  -0.00008443
 361    0.0000082  -0.00006666
 362    0.0000076  -0.00007837
 363    0.0000083  -0.00008550
 364    0.0000094  -0.00007633
 365    0.0000075  -0.00006739
 366    0.0000086  -0.00007305
 367    0.0000062  -0.00012619
 368    0.0000074  -0.00007586
 369    0.0000047  -0.00005677
 370    0.0000074  -0.00006048
 371    0.0000100  -0.00008158
 372    0.0000035  -0.00005348
 373    0.0000072  -0.00006371
 374    0.0000102  -0.00007319
 375    0.0000056  -0.00007056
 376    0.0000069  -0.00008525
 377    0.0000083  -0.00006576
 378    0.0000090  -0.00007789
 379    0.0000005  -0.00000508
 380    0.0000064  -0.00011006
 381    0.0000012  -0.00001078
 382    0.0000037  -0.00027937
 383    0.0000040  -0.00027329
 384    0.0000012  -0.00001166
 385    0.0000007  -0.00000686
 386    0.0000000  -0.00000009
 387    0.0000000  -0.00000010
 388    0.0000000  -0.00000009
 389    0.0000000  -0.00000010
 390    0.0000000  -0.00000011
 391    0.0000000  -0.00000009
 392    0.0000000  -0.00000007
 393    0.0004841  -0.00105738
 394    0.0000638  -0.00018964
 395    0.0002375  -0.00058235
 396    0.0003997  -0.00104697
 397    0.0001085  -0.00033571
 398    0.0001121  -0.00035344
 399    0.0000671  -0.00019899
 400    0.0006837  -0.00246375
 401    0.0000692  -0.00019791
 402    0.0001682  -0.00048086
 403    0.0001764  -0.00048180
 404    0.0001894  -0.00049345
 405    0.0001935  -0.00050448
 406    0.0001865  -0.00047723
 407    0.0004788  -0.00166289
 408    0.0005695  -0.00196216
 409    0.0007102  -0.00272536
 410    0.0002533  -0.00113839
 411    0.0005248  -0.00188384
 412    0.0004056  -0.00132833
 413    0.0002132  -0.00067567
 414    0.0000075  -0.00006736
 415    0.0000011  -0.00001086
 416    0.0000086  -0.00006334
 417    0.0000076  -0.00006276
 418    0.0000058  -0.00007993
 419    0.0000048  -0.00028936
 420    0.0000083  -0.00006575
 421    0.0000069  -0.00006066
 422    0.0000074  -0.00006707
 423    0.0000032  -0.00019010
 424    0.0000031  -0.00008613
 425    0.0000034  -0.00008805
 426    0.0000064  -0.00005603
 427    0.0000091  -0.00006554
 428    0.0000014  -0.00001326
 429    0.0000038  -0.00015439
 430    0.0000093  -0.00008441
 431    0.0000050  -0.00005272
 432    0.0000065  -0.00006816
 433    0.0000053  -0.00005640
 434    0.0000087  -0.00008314
 435    0.0000003  -0.00000306
 436    0.0000058  -0.00010721
 437    0.0000010  -0.00000912
 438    0.0000026  -0.00004401
 439    0.0000008  -0.00000744
 440    0.0000009  -0.00000848
 441    0.0000006  -0.00000582
 442    0.0000000  -0.00000008
 443    0.0000000  -0.00000009
 444    0.0000000  -0.00000009
 445    0.0000000  -0.00000009
 446    0.0000000  -0.00000008
 447    0.0000000  -0.00000008
 448    0.0000000  -0.00000009
 449    0.0003114  -0.00077273
 450    0.0000622  -0.00018055
 451    0.0001326  -0.00038979
 452    0.0003266  -0.00089144
 453    0.0000990  -0.00029359
 454    0.0000638  -0.00018695
 455    0.0000664  -0.00019843
 456    0.0004946  -0.00147651
 457    0.0000646  -0.00019528
 458    0.0001467  -0.00042060
 459    0.0001037  -0.00030469
 460    0.0001364  -0.00039706
 461    0.0001412  -0.00039266
 462    0.0001421  -0.00042010
 463    0.0002228  -0.00130156
 464    0.0003882  -0.00130539
 465    0.0003153  -0.00107335
 466    0.0002217  -0.00094467
 467    0.0003759  -0.00200276
 468    0.0002828  -0.00102774
 469    0.0001591  -0.00056989
 470    0.0000062  -0.00008663
 471    0.0000007  -0.00000665
 472    0.0000078  -0.00005796
 473    0.0000067  -0.00006668
 474    0.0000027  -0.00007620
 475    0.0000021  -0.00003216
 476    0.0000050  -0.00006156
 477    0.0000063  -0.00006198
 478    0.0000061  -0.00006500
 479    0.0000011  -0.00001037
 480    0.0000021  -0.00002053
 481    0.0000015  -0.00001411
 482    0.0000054  -0.00006157
 483    0.0000042  -0.00010486
 484    0.0000007  -0.00000720
 485    0.0000024  -0.00004195
 486    0.0000041  -0.00006133
 487    0.0000044  -0.00006965
 488    0.0000036  -0.00012437
 489    0.0000029  -0.00003047
 490    0.0000077  -0.00006553
 491    0.0000003  -0.00000263
 492    0.0000046  -0.00024365
 493    0.0000003  -0.00000298
 494    0.0000011  -0.00000972
 495    0.0000007  -0.00000661
 496    0.0000004  -0.00000324
 497    0.0000005  -0.00000441
 498    0.0000000  -0.00000007
 499    0.0000000  -0.00000008
 500    0.0000000  -0.00000009
 501    0.0000000  -0.00000009
 502    0.0000000  -0.00000008
 503    0.0000000  -0.00000009
 504    0.0000000  -0.00000006
 505    0.0002374  -0.00063274
 506    0.0000572  -0.00016827
 507    0.0001093  -0.00030904
 508    0.0002173  -0.00060279
 509    0.0000804  -0.00023483
 510    0.0000574  -0.00017866
 511    0.0000569  -0.00016614
 512    0.0004115  -0.00124527
 513    0.0000633  -0.00017670
 514    0.0000984  -0.00030315
 515    0.0000846  -0.00024097
 516    0.0000871  -0.00025142
 517    0.0000758  -0.00021712
 518    0.0001100  -0.00033752
 519    0.0001763  -0.00065386
 520    0.0002837  -0.00113961
 521    0.0001899  -0.00073053
 522    0.0001769  -0.00062524
 523    0.0002259  -0.00075449
 524    0.0002261  -0.00129373
 525    0.0001303  -0.00048184
 526    0.0000048  -0.00005584
 527    0.0000005  -0.00000415
 528    0.0000056  -0.00007142
 529    0.0000046  -0.00004994
 530    0.0000017  -0.00001791
 531    0.0000016  -0.00001525
 532    0.0000039  -0.00010897
 533    0.0000037  -0.00006732
 534    0.0000035  -0.00004255
 535    0.0000006  -0.00000628
 536    0.0000009  -0.00000870
 537    0.0000013  -0.00001265
 538    0.0000035  -0.00004285
 539    0.0000033  -0.00007023
 540    0.0000006  -0.00000571
 541    0.0000011  -0.00001074
 542    0.0000028  -0.00002978
 543    0.0000041  -0.00007442
 544    0.0000025  -0.00002636
 545    0.0000014  -0.00001281
 546    0.0000020  -0.00003750
 547    0.0000002  -0.00000213
 548    0.0000029  -0.00006337
 549    0.0000003  -0.00000213
 550    0.0000005  -0.00000462
 551    0.0000005  -0.00000471
 552    0.0000003  -0.00000228
 553    0.0000004  -0.00000356
 554    0.0000000  -0.00000007
 555    0.0000000  -0.00000007
 556    0.0000000  -0.00000007
 557    0.0000000  -0.00000009
 558    0.0000000  -0.00000008
 559    0.0000000  -0.00000007
 560    0.0000000  -0.00000007
 561    0.0000915  -0.00030214
 562    0.0000555  -0.00016489
 563    0.0000992  -0.00029834
 564    0.0001778  -0.00052031
 565    0.0000713  -0.00020855
 566    0.0000550  -0.00016666
 567    0.0000563  -0.00016462
 568    0.0002529  -0.00117876
 569    0.0000615  -0.00017945
 570    0.0000776  -0.00024086
 571    0.0000802  -0.00021154
 572    0.0000759  -0.00022625
 573    0.0000655  -0.00018097
 574    0.0000867  -0.00026544
 575    0.0001166  -0.00050568
 576    0.0001638  -0.00061622
 577    0.0001648  -0.00084844
 578    0.0001473  -0.00059339
 579    0.0001600  -0.00057521
 580    0.0001611  -0.00058746
 581    0.0001072  -0.00039946
 582    0.0000020  -0.00003532
 583    0.0000004  -0.00000339
 584    0.0000033  -0.00003706
 585    0.0000034  -0.00003563
 586    0.0000009  -0.00000873
 587    0.0000007  -0.00000671
 588    0.0000013  -0.00001235
 589    0.0000017  -0.00002064
 590    0.0000016  -0.00001513
 591    0.0000004  -0.00000375
 592    0.0000006  -0.00000588
 593    0.0000006  -0.00000511
 594    0.0000014  -0.00001426
 595    0.0000011  -0.00001018
 596    0.0000005  -0.00000507
 597    0.0000007  -0.00000607
 598    0.0000026  -0.00003987
 599    0.0000022  -0.00002848
 600    0.0000016  -0.00001635
 601    0.0000007  -0.00000685
 602    0.0000011  -0.00001029
 603    0.0000001  -0.00000153
 604    0.0000007  -0.00000642
 605    0.0000002  -0.00000214
 606    0.0000004  -0.00000364
 607    0.0000003  -0.00000252
 608    0.0000002  -0.00000195
 609    0.0000002  -0.00000194
 610    0.0000000  -0.00000006
 611    0.0000000  -0.00000006
 612    0.0000000  -0.00000007
 613    0.0000000  -0.00000007
 614    0.0000000  -0.00000006
 615    0.0000000  -0.00000006
 616    0.0000000  -0.00000005
 617    0.0000824  -0.00026696
 618    0.0000525  -0.00015874
 619    0.0000898  -0.00026162
 620    0.0001277  -0.00041059
 621    0.0000661  -0.00019564
 622    0.0000496  -0.00015295
 623    0.0000551  -0.00016109
 624    0.0002026  -0.00067025
 625    0.0000549  -0.00016096
 626    0.0000711  -0.00020404
 627    0.0000703  -0.00020086
 628    0.0000679  -0.00019178
 629    0.0000615  -0.00016838
 630    0.0000778  -0.00023219
 631    0.0000906  -0.00037567
 632    0.0001571  -0.00058639
 633    0.0001188  -0.00053318
 634    0.0001089  -0.00045363
 635    0.0000980  -0.00039796
 636    0.0001559  -0.00057916
 637    0.0000905  -0.00034711
 638    0.0000017  -0.00001737
 639    0.0000003  -0.00000253
 640    0.0000028  -0.00003178
 641    0.0000014  -0.00001370
 642    0.0000006  -0.00000599
 643    0.0000006  -0.00000587
 644    0.0000011  -0.00001020
 645    0.0000016  -0.00001542
 646    0.0000012  -0.00001106
 647    0.0000004  -0.00000333
 648    0.0000006  -0.00000583
 649    0.0000005  -0.00000479
 650    0.0000011  -0.00001010
 651    0.0000009  -0.00000851
 652    0.0000004  -0.00000359
 653    0.0000006  -0.00000590
 654    0.0000012  -0.00001116
 655    0.0000019  -0.00002246
 656    0.0000011  -0.00001148
 657    0.0000006  -0.00000607
 658    0.0000009  -0.00000807
 659    0.0000001  -0.00000138
 660    0.0000006  -0.00000530
 661    0.0000002  -0.00000178
 662    0.0000003  -0.00000275
 663    0.0000002  -0.00000229
 664    0.0000002  -0.00000173
 665    0.0000002  -0.00000174
 666    0.0000000  -0.00000006
 667    0.0000000  -0.00000007
 668    0.0000000  -0.00000007
 669    0.0000000  -0.00000007
 670    0.0000000  -0.00000006
 671    0.0000000  -0.00000006
 672    0.0000000  -0.00000005
 
----------------
 Final Energies 
----------------
Final NOF Total Energy =   -2392.5025726
 
Total Orbital Internal Iterations = 1251
Total Occupation Internal Iterations = 49
 
Elapsed time: 6605.49 Seconds

---------------------------------
   Lowdin Population Analysis    
---------------------------------
 Idx  Atom   Population   Charge 
---------------------------------
  1     P    14.839       0.161
  2     P    14.829       0.171
  3     P    14.847       0.153
  4     P    14.841       0.159
  5     P    14.836       0.164
  6     P    14.831       0.169
  7     P    14.846       0.154
  8     H     1.161      -0.161
  9     H     1.165      -0.165
 10     H     1.163      -0.163
 11     H     1.160      -0.160
 12     H     1.158      -0.158
 13     H     1.167      -0.167
 14     H     1.158      -0.158

---------------------------------
   M Diagnostic: 0.03
---------------------------------

