Computing Integrals
Basis Set                                            = def2-qzvp
Auxiliary Basis Set                                  = def2-universal-jkfit
Gaussian Type                                        = Spherical
Elapsed time:   22.10 Seconds

Number of basis functions                   (NBF)    = 622
Number of auxiliary basis functions         (NBFAUX) = 708
Inactive Doubly occupied orbitals up to     (NO1)    = 0
No. considered Strongly Doubly occupied MOs (NDOC)   = 31
No. considered Strongly Singly occupied MOs (NSOC)   = 0
NO. of Weakly occ. per St. Doubly occ.  MOs (NCWO)   = 19
Dimension of the Nat. Orb. subspace         (NBF5)   = 620
No. of electrons                                     = 62
    No. of alpha electrons                           = 31
    No. of beta electrons                            = 31
Multiplicity                                         = 1

Geometry
========
 C       1.0537200      -0.0134000      -0.3877600
 N      -0.1845900      -0.0133800       0.2519100
 C       0.0332600      -0.0133700       1.5874600
 N       1.3470500      -0.0133800       1.8079400
 C       2.0090500      -0.0133800       0.5989800
 C      -1.5057600      -0.0133800      -0.3968700
 H       1.6647400      -0.0133800       2.7742700
 H      -0.7073700      -0.0133700       2.3775500
 H       3.0882500      -0.0133700       0.5359600
 H       1.1370000      -0.0134100      -1.4662200
 H      -1.3655200      -0.0133600      -1.4808500
 H      -2.0656700      -0.9090000      -0.1060900
 H      -2.0656900       0.8822200      -0.1060700
Cl       1.5375100      -0.0133800       4.6330600

No violations of the orthonormality
No violations of the orthonormality
 
PNOF8/ADABelief Calculation
==================
 
  Nitext  Nit_orb  Time   Nit_occ  Time         Eelec          Etot           Ediff      maxdiff    MaxGrad_orb  Grad_occ
     1      10    7.6e+01  214    1.6e+02 -1060.73041747  -724.99078492 -11059.73041747   0.022315   8.9e-02   2.8e-04 0.03
     2      20    8.9e+01    0    3.6e+00 -1061.03058143  -725.29094888    -0.30016396   0.022353   8.9e-02   2.8e-04 0.03
     3      40    1.8e+02   86    5.2e+01 -1061.30385632  -725.56422377    -0.27327489   0.644171   2.6e+00   3.2e-04 0.03
     4      40    1.7e+02   39    2.5e+01 -1061.47708381  -725.73745126    -0.17322748   0.008537   3.4e-02   3.0e-04 0.03
     5      40    1.7e+02   34    2.3e+01 -1061.52261958  -725.78298704    -0.04553578   0.013395   5.4e-02   3.9e-04 0.03
     6      40    1.7e+02   27    1.9e+01 -1061.55252721  -725.81289466    -0.02990763   0.016645   6.7e-02   3.2e-04 0.03
     7      40    1.8e+02   13    1.1e+01 -1061.57184240  -725.83220985    -0.01931519   0.013156   5.3e-02   3.6e-04 0.03
     8      40    1.7e+02   33    2.2e+01 -1061.58713049  -725.84749794    -0.01528809   0.015294   6.1e-02   2.8e-04 0.03
     9      40    1.7e+02   13    9.6e+00 -1061.59780148  -725.85816894    -0.01067100   0.018126   7.3e-02   3.8e-04 0.03
    10      40    1.8e+02   10    9.4e+00 -1061.60444730  -725.86481475    -0.00664581   0.018366   7.3e-02   3.7e-04 0.03
    11      40    1.7e+02   16    1.2e+01 -1061.60856899  -725.86893644    -0.00412169   0.010699   4.3e-02   2.6e-04 0.03
    12      40    1.7e+02   10    9.5e+00 -1061.61101362  -725.87138107    -0.00244463   0.011024   4.4e-02   3.1e-04 0.03
    13      40    1.7e+02   15    1.2e+01 -1061.61271760  -725.87308505    -0.00170399   0.008355   3.3e-02   3.4e-04 0.03
    14      40    1.7e+02   13    1.1e+01 -1061.61353367  -725.87390113    -0.00081607   0.007856   3.1e-02   2.5e-04 0.03
    15      40    1.8e+02   13    9.7e+00 -1061.61423899  -725.87460644    -0.00070531   0.007259   2.9e-02   2.7e-04 0.03
    16      40    1.8e+02   13    1.1e+01 -1061.61466901  -725.87503646    -0.00043002   0.006208   2.5e-02   2.6e-04 0.03
    17      40    1.7e+02   13    1.0e+01 -1061.61487537  -725.87524282    -0.00020636   0.010087   4.0e-02   2.9e-04 0.03
    18      40    1.8e+02   13    1.1e+01 -1061.61513847  -725.87550592    -0.00026310   0.008280   3.3e-02   2.7e-04 0.03
    19      40    1.8e+02    0    3.3e+00 -1061.61520719  -725.87557464    -0.00006872   0.008280   3.3e-02   2.7e-04 0.03
    20      60    2.7e+02    6    6.8e+00 -1061.61692166  -725.87728911    -0.00171447   0.001021   4.1e-03   2.1e-04 0.03
    21      60    2.6e+02    6    7.0e+00 -1061.61696568  -725.87733313    -0.00004402   0.006348   2.5e-02   2.7e-04 0.03
    22      60    2.7e+02    6    6.8e+00 -1061.61708764  -725.87745509    -0.00012196   0.001393   5.6e-03   2.9e-04 0.03
    23      60    2.6e+02   13    1.0e+01 -1061.61717151  -725.87753896    -0.00008387   0.001822   7.3e-03   3.6e-04 0.03
    24      60    2.2e+02    5    5.2e+00 -1061.61729690  -725.87766436    -0.00012540   0.001723   6.9e-03   2.1e-04 0.03
    25      60    2.2e+02    5    5.1e+00 -1061.61736963  -725.87773708    -0.00007273   0.002532   1.0e-02   2.5e-04 0.03
    26      60    2.2e+02    0    2.8e+00 -1061.61744747  -725.87781493    -0.00007784   0.002106   8.4e-03   2.9e-04 0.03
    27      70    2.3e+02    8    6.3e+00 -1061.61751108  -725.87787853    -0.00006361   0.001438   5.8e-03   2.2e-04 0.03
    28      70    2.5e+02    3    4.2e+00 -1061.61758818  -725.87795563    -0.00007710   0.001277   5.1e-03   2.4e-04 0.03
    29      70    2.6e+02    6    5.5e+00 -1061.61762902  -725.87799647    -0.00004084   0.001165   4.7e-03   2.9e-04 0.03
    30      70    2.5e+02    3    4.1e+00 -1061.61769318  -725.87806063    -0.00006416   0.001124   4.5e-03   2.9e-04 0.03
    31      70    2.3e+02    1    3.1e+00 -1061.61772532  -725.87809277    -0.00003214   0.001224   4.9e-03   2.7e-04 0.03
    32      70    2.4e+02    0    2.7e+00 -1061.61775075  -725.87811820    -0.00002543   0.001285   5.1e-03   2.8e-04 0.03
    33      80    2.9e+02    8    6.7e+00 -1061.61778757  -725.87815502    -0.00003682   0.001190   4.8e-03   2.6e-04 0.03
    34      80    2.9e+02   10    7.5e+00 -1061.61784521  -725.87821267    -0.00005764   0.001222   4.9e-03   2.3e-04 0.03
    35      80    2.6e+02    3    4.0e+00 -1061.61790511  -725.87827256    -0.00005990   0.001136   4.5e-03   1.6e-04 0.03
    36      80    2.8e+02    8    6.5e+00 -1061.61793294  -725.87830039    -0.00002783   0.001082   4.3e-03   2.2e-04 0.03
    37      80    3.0e+02    3    4.2e+00 -1061.61797430  -725.87834175    -0.00004136   0.001109   4.4e-03   1.7e-04 0.03
    38      80    2.8e+02    3    4.2e+00 -1061.61800413  -725.87837158    -0.00002983   0.000975   3.9e-03   2.1e-04 0.03
 
RESULTS OF THE OCCUPATION OPTIMIZATION
========================================
   1    1.9999994  -104.72519156
   2    1.9999796  -15.71203124
   3    1.9999812  -15.67843824
   4    1.9999730  -11.37958807
   5    1.9999404  -11.34352423
   6    1.9999683  -11.33564868
   7    1.9999700  -11.33109916
   8    1.9996587  -10.41405967
   9    1.9994088  -7.90745167
  10    1.9994011  -7.89488115
  11    1.9994505  -7.89313339
  12    1.9867437  -1.22945307
  13    1.9767916  -1.00328268
  14    1.9787525  -0.97371205
  15    1.9793216  -0.95884912
  16    1.9749332  -0.95253697
  17    1.9832886  -0.93463980
  18    1.9736444  -0.86373095
  19    1.9742801  -0.83964212
  20    1.9747394  -0.80182801
  21    1.9739485  -0.78265651
  22    1.9750538  -0.77313631
  23    1.9740932  -0.77116636
  24    1.9747066  -0.77115292
  25    1.9757486  -0.74506008
  26    1.9732085  -0.74447178
  27    1.9660215  -0.56638851
  28    1.9659334  -0.47137947
  29    1.9761924  -0.37017420
  30    1.9764862  -0.34880298
  31    1.9715050  -0.34707534
  32    0.0089763  -0.01661938
  33    0.0095654  -0.01707472
  34    0.0088711  -0.01665341
  35    0.0271559  -0.03726739
  36    0.0264417  -0.04130444
  37    0.0149571  -0.02131440
  38    0.0187316  -0.03369667
  39    0.0145947  -0.02120790
  40    0.0138069  -0.02072167
  41    0.0146490  -0.02142107
  42    0.0136106  -0.02047360
  43    0.0134319  -0.02083499
  44    0.0192600  -0.03466184
  45    0.0221824  -0.03816763
  46    0.0064327  -0.02810160
  47    0.0191336  -0.03593859
  48    0.0142251  -0.02732262
  49    0.0142665  -0.02894618
  50    0.0177171  -0.03460401
  51    0.0036387  -0.01002926
  52    0.0005130  -0.01115012
  53    0.0005027  -0.01100724
  54    0.0005686  -0.01270806
  55    0.0003265  -0.00863779
  56    0.0000267  -0.00061228
  57    0.0000279  -0.00064564
  58    0.0000563  -0.00118957
  59    0.0000240  -0.00054474
  60    0.0000176  -0.00051948
  61    0.0000191  -0.00056801
  62    0.0000005  -0.00001670
  63    0.0089392  -0.01645865
  64    0.0086979  -0.02102038
  65    0.0086376  -0.01667323
  66    0.0049574  -0.00889334
  67    0.0033196  -0.00694855
  68    0.0046484  -0.00798731
  69    0.0018535  -0.00504339
  70    0.0041290  -0.00699564
  71    0.0046501  -0.00848450
  72    0.0045411  -0.00789157
  73    0.0049324  -0.00895801
  74    0.0046461  -0.00901157
  75    0.0038265  -0.00855029
  76    0.0015387  -0.00408005
  77    0.0045468  -0.01866856
  78    0.0032674  -0.00767320
  79    0.0025167  -0.00586771
  80    0.0021328  -0.00606623
  81    0.0029560  -0.00730505
  82    0.0031992  -0.00878949
  83    0.0000140  -0.00099952
  84    0.0000738  -0.00337037
  85    0.0000053  -0.00013512
  86    0.0000029  -0.00014218
  87    0.0000010  -0.00004857
  88    0.0000009  -0.00004594
  89    0.0000007  -0.00000917
  90    0.0000008  -0.00003433
  91    0.0000003  -0.00000398
  92    0.0000002  -0.00000281
  93    0.0000000  -0.00000008
  94    0.0078549  -0.01868003
  95    0.0021957  -0.00896357
  96    0.0022125  -0.00884652
  97    0.0009322  -0.00211981
  98    0.0032204  -0.00684751
  99    0.0039735  -0.00663177
 100    0.0012069  -0.00404881
 101    0.0026699  -0.00530448
 102    0.0030028  -0.00539684
 103    0.0029649  -0.00626872
 104    0.0034389  -0.00603358
 105    0.0028315  -0.00584599
 106    0.0007304  -0.00235532
 107    0.0013872  -0.00383508
 108    0.0019113  -0.00984445
 109    0.0008113  -0.00276763
 110    0.0015584  -0.00639195
 111    0.0019821  -0.00572320
 112    0.0009089  -0.00396374
 113    0.0018755  -0.00827531
 114    0.0000048  -0.00016747
 115    0.0000045  -0.00013560
 116    0.0000028  -0.00004736
 117    0.0000026  -0.00017065
 118    0.0000005  -0.00001066
 119    0.0000007  -0.00001799
 120    0.0000005  -0.00001372
 121    0.0000005  -0.00001178
 122    0.0000001  -0.00000185
 123    0.0000002  -0.00000245
 124    0.0000000  -0.00000005
 125    0.0006535  -0.00152620
 126    0.0007757  -0.00183509
 127    0.0021320  -0.00866350
 128    0.0005589  -0.00123990
 129    0.0005028  -0.00132646
 130    0.0011235  -0.00257548
 131    0.0007031  -0.00223440
 132    0.0012699  -0.00371542
 133    0.0028389  -0.00555545
 134    0.0010836  -0.00253089
 135    0.0027504  -0.00547392
 136    0.0024812  -0.00481190
 137    0.0005669  -0.00171129
 138    0.0005491  -0.00150297
 139    0.0018856  -0.00973659
 140    0.0007847  -0.00262779
 141    0.0008988  -0.00307426
 142    0.0012803  -0.00575997
 143    0.0007616  -0.00257537
 144    0.0015123  -0.00706408
 145    0.0000032  -0.00005678
 146    0.0000035  -0.00004914
 147    0.0000027  -0.00004262
 148    0.0000023  -0.00015893
 149    0.0000004  -0.00000464
 150    0.0000005  -0.00001074
 151    0.0000003  -0.00000429
 152    0.0000003  -0.00000330
 153    0.0000001  -0.00000179
 154    0.0000002  -0.00000198
 155    0.0000000  -0.00000005
 156    0.0006413  -0.00150986
 157    0.0007571  -0.00173322
 158    0.0007706  -0.00234939
 159    0.0001421  -0.00040237
 160    0.0002551  -0.00073118
 161    0.0006830  -0.00193522
 162    0.0006536  -0.00189370
 163    0.0010216  -0.00241982
 164    0.0005563  -0.00151455
 165    0.0004231  -0.00113333
 166    0.0003253  -0.00095546
 167    0.0006614  -0.00174802
 168    0.0004843  -0.00140205
 169    0.0002617  -0.00084653
 170    0.0007659  -0.00433198
 171    0.0004301  -0.00136541
 172    0.0005056  -0.00193477
 173    0.0005310  -0.00158610
 174    0.0003614  -0.00127023
 175    0.0009423  -0.00585093
 176    0.0000027  -0.00005191
 177    0.0000022  -0.00003939
 178    0.0000022  -0.00002951
 179    0.0000013  -0.00001621
 180    0.0000002  -0.00000255
 181    0.0000005  -0.00000509
 182    0.0000002  -0.00000295
 183    0.0000002  -0.00000279
 184    0.0000001  -0.00000112
 185    0.0000001  -0.00000152
 186    0.0000000  -0.00000004
 187    0.0006348  -0.00148974
 188    0.0004121  -0.00138497
 189    0.0003328  -0.00127304
 190    0.0000853  -0.00024576
 191    0.0000647  -0.00021815
 192    0.0004822  -0.00114215
 193    0.0003883  -0.00118117
 194    0.0005274  -0.00129192
 195    0.0003064  -0.00089386
 196    0.0003902  -0.00116634
 197    0.0002760  -0.00088492
 198    0.0002965  -0.00091007
 199    0.0003284  -0.00108513
 200    0.0001027  -0.00036750
 201    0.0005331  -0.00195868
 202    0.0001954  -0.00070003
 203    0.0003210  -0.00129134
 204    0.0003250  -0.00168782
 205    0.0001059  -0.00049458
 206    0.0004289  -0.00340341
 207    0.0000021  -0.00008094
 208    0.0000019  -0.00002437
 209    0.0000022  -0.00002836
 210    0.0000011  -0.00001655
 211    0.0000002  -0.00000200
 212    0.0000003  -0.00000303
 213    0.0000002  -0.00000260
 214    0.0000002  -0.00000273
 215    0.0000001  -0.00000078
 216    0.0000001  -0.00000069
 217    0.0000000  -0.00000003
 218    0.0002343  -0.00080624
 219    0.0003290  -0.00127107
 220    0.0002783  -0.00108247
 221    0.0000765  -0.00023699
 222    0.0000337  -0.00012927
 223    0.0003514  -0.00093018
 224    0.0002084  -0.00071052
 225    0.0002782  -0.00080292
 226    0.0002931  -0.00086494
 227    0.0002319  -0.00062532
 228    0.0001940  -0.00058972
 229    0.0002044  -0.00069987
 230    0.0001620  -0.00056052
 231    0.0000867  -0.00032742
 232    0.0001420  -0.00121613
 233    0.0001018  -0.00036841
 234    0.0002113  -0.00074972
 235    0.0002690  -0.00098778
 236    0.0001012  -0.00043819
 237    0.0003985  -0.00296303
 238    0.0000017  -0.00002142
 239    0.0000018  -0.00002448
 240    0.0000016  -0.00002149
 241    0.0000010  -0.00001794
 242    0.0000001  -0.00000178
 243    0.0000002  -0.00000237
 244    0.0000002  -0.00000231
 245    0.0000001  -0.00000201
 246    0.0000001  -0.00000054
 247    0.0000001  -0.00000060
 248    0.0000000  -0.00000003
 249    0.0002068  -0.00071971
 250    0.0002831  -0.00099568
 251    0.0001447  -0.00064908
 252    0.0000385  -0.00013184
 253    0.0000303  -0.00012309
 254    0.0001854  -0.00053384
 255    0.0001524  -0.00056579
 256    0.0002548  -0.00072195
 257    0.0001393  -0.00043504
 258    0.0001790  -0.00055608
 259    0.0001440  -0.00044156
 260    0.0001585  -0.00050843
 261    0.0001287  -0.00048016
 262    0.0000546  -0.00020366
 263    0.0001341  -0.00109926
 264    0.0000886  -0.00035732
 265    0.0001227  -0.00056843
 266    0.0001566  -0.00059756
 267    0.0000844  -0.00033933
 268    0.0003823  -0.00224077
 269    0.0000014  -0.00001933
 270    0.0000017  -0.00002436
 271    0.0000010  -0.00001578
 272    0.0000008  -0.00002262
 273    0.0000001  -0.00000165
 274    0.0000001  -0.00000162
 275    0.0000002  -0.00000204
 276    0.0000001  -0.00000149
 277    0.0000001  -0.00000046
 278    0.0000001  -0.00000063
 279    0.0000000  -0.00000002
 280    0.0000692  -0.00023216
 281    0.0000905  -0.00035525
 282    0.0001101  -0.00040783
 283    0.0000241  -0.00009220
 284    0.0000259  -0.00010259
 285    0.0000965  -0.00031260
 286    0.0001068  -0.00038031
 287    0.0001938  -0.00057311
 288    0.0000586  -0.00021773
 289    0.0001042  -0.00033227
 290    0.0001128  -0.00034571
 291    0.0001471  -0.00047798
 292    0.0000713  -0.00027636
 293    0.0000471  -0.00017905
 294    0.0000643  -0.00041272
 295    0.0000697  -0.00026772
 296    0.0001144  -0.00063995
 297    0.0001088  -0.00048501
 298    0.0000437  -0.00018278
 299    0.0003363  -0.00166127
 300    0.0000014  -0.00001804
 301    0.0000013  -0.00001600
 302    0.0000010  -0.00001650
 303    0.0000004  -0.00000563
 304    0.0000001  -0.00000149
 305    0.0000001  -0.00000153
 306    0.0000001  -0.00000175
 307    0.0000001  -0.00000148
 308    0.0000001  -0.00000045
 309    0.0000001  -0.00000052
 310    0.0000000  -0.00000003
 311    0.0000541  -0.00018279
 312    0.0000753  -0.00026146
 313    0.0000842  -0.00028884
 314    0.0000188  -0.00006155
 315    0.0000207  -0.00006877
 316    0.0000902  -0.00028782
 317    0.0000797  -0.00029469
 318    0.0001043  -0.00034993
 319    0.0000527  -0.00019433
 320    0.0000994  -0.00030593
 321    0.0000786  -0.00028469
 322    0.0001244  -0.00039295
 323    0.0000335  -0.00014398
 324    0.0000404  -0.00016356
 325    0.0000569  -0.00025239
 326    0.0000451  -0.00018188
 327    0.0000510  -0.00019689
 328    0.0000583  -0.00025337
 329    0.0000380  -0.00016658
 330    0.0001798  -0.00150745
 331    0.0000012  -0.00001433
 332    0.0000012  -0.00001324
 333    0.0000007  -0.00000909
 334    0.0000004  -0.00000422
 335    0.0000001  -0.00000119
 336    0.0000001  -0.00000118
 337    0.0000001  -0.00000175
 338    0.0000001  -0.00000119
 339    0.0000001  -0.00000045
 340    0.0000001  -0.00000047
 341    0.0000000  -0.00000002
 342    0.0000509  -0.00017399
 343    0.0000699  -0.00024266
 344    0.0000676  -0.00022506
 345    0.0000165  -0.00006372
 346    0.0000175  -0.00006480
 347    0.0000601  -0.00019146
 348    0.0000421  -0.00017322
 349    0.0000922  -0.00029814
 350    0.0000463  -0.00016676
 351    0.0000738  -0.00026006
 352    0.0000572  -0.00020862
 353    0.0000868  -0.00031805
 354    0.0000312  -0.00013152
 355    0.0000274  -0.00011995
 356    0.0000529  -0.00021010
 357    0.0000343  -0.00014818
 358    0.0000339  -0.00015774
 359    0.0000360  -0.00016349
 360    0.0000361  -0.00015476
 361    0.0001499  -0.00122705
 362    0.0000007  -0.00001484
 363    0.0000010  -0.00001510
 364    0.0000007  -0.00000921
 365    0.0000004  -0.00000459
 366    0.0000001  -0.00000096
 367    0.0000001  -0.00000111
 368    0.0000001  -0.00000104
 369    0.0000001  -0.00000094
 370    0.0000001  -0.00000039
 371    0.0000001  -0.00000047
 372    0.0000000  -0.00000002
 373    0.0000456  -0.00015524
 374    0.0000668  -0.00022500
 375    0.0000591  -0.00021601
 376    0.0000140  -0.00005400
 377    0.0000144  -0.00005659
 378    0.0000350  -0.00013651
 379    0.0000388  -0.00016210
 380    0.0000443  -0.00016469
 381    0.0000435  -0.00015488
 382    0.0000592  -0.00021226
 383    0.0000393  -0.00015561
 384    0.0000621  -0.00022883
 385    0.0000240  -0.00010840
 386    0.0000190  -0.00009054
 387    0.0000528  -0.00020491
 388    0.0000309  -0.00013609
 389    0.0000329  -0.00015577
 390    0.0000280  -0.00013417
 391    0.0000232  -0.00011049
 392    0.0000797  -0.00047338
 393    0.0000007  -0.00001149
 394    0.0000008  -0.00001189
 395    0.0000006  -0.00001198
 396    0.0000003  -0.00000406
 397    0.0000001  -0.00000069
 398    0.0000001  -0.00000091
 399    0.0000001  -0.00000104
 400    0.0000001  -0.00000089
 401    0.0000000  -0.00000036
 402    0.0000000  -0.00000036
 403    0.0000000  -0.00000002
 404    0.0000456  -0.00015809
 405    0.0000632  -0.00022776
 406    0.0000493  -0.00016653
 407    0.0000131  -0.00004700
 408    0.0000122  -0.00005076
 409    0.0000285  -0.00011768
 410    0.0000311  -0.00013125
 411    0.0000354  -0.00014030
 412    0.0000404  -0.00015754
 413    0.0000539  -0.00017938
 414    0.0000311  -0.00012408
 415    0.0000422  -0.00015642
 416    0.0000215  -0.00010368
 417    0.0000176  -0.00008165
 418    0.0000522  -0.00021222
 419    0.0000222  -0.00010543
 420    0.0000305  -0.00013008
 421    0.0000230  -0.00011544
 422    0.0000184  -0.00009081
 423    0.0000458  -0.00023914
 424    0.0000005  -0.00000812
 425    0.0000006  -0.00000949
 426    0.0000006  -0.00000665
 427    0.0000003  -0.00000376
 428    0.0000001  -0.00000076
 429    0.0000001  -0.00000078
 430    0.0000001  -0.00000091
 431    0.0000001  -0.00000084
 432    0.0000000  -0.00000026
 433    0.0000000  -0.00000038
 434    0.0000000  -0.00000001
 435    0.0000448  -0.00015631
 436    0.0000534  -0.00019892
 437    0.0000213  -0.00009744
 438    0.0000115  -0.00004209
 439    0.0000077  -0.00003615
 440    0.0000254  -0.00011088
 441    0.0000164  -0.00007953
 442    0.0000291  -0.00012074
 443    0.0000264  -0.00011580
 444    0.0000287  -0.00011869
 445    0.0000215  -0.00009543
 446    0.0000333  -0.00013850
 447    0.0000122  -0.00006240
 448    0.0000144  -0.00006957
 449    0.0000396  -0.00016193
 450    0.0000178  -0.00008886
 451    0.0000282  -0.00013559
 452    0.0000206  -0.00010587
 453    0.0000170  -0.00008022
 454    0.0000324  -0.00016721
 455    0.0000005  -0.00001040
 456    0.0000006  -0.00001271
 457    0.0000006  -0.00001328
 458    0.0000003  -0.00000365
 459    0.0000001  -0.00000059
 460    0.0000001  -0.00000049
 461    0.0000001  -0.00000091
 462    0.0000001  -0.00000074
 463    0.0000000  -0.00000025
 464    0.0000000  -0.00000023
 465    0.0000000  -0.00000001
 466    0.0000190  -0.00006134
 467    0.0000413  -0.00016474
 468    0.0000129  -0.00006360
 469    0.0000086  -0.00003961
 470    0.0000072  -0.00003425
 471    0.0000177  -0.00007720
 472    0.0000123  -0.00006180
 473    0.0000251  -0.00011107
 474    0.0000222  -0.00010098
 475    0.0000259  -0.00011254
 476    0.0000169  -0.00007803
 477    0.0000252  -0.00011516
 478    0.0000103  -0.00004989
 479    0.0000097  -0.00004884
 480    0.0000207  -0.00011568
 481    0.0000137  -0.00007347
 482    0.0000131  -0.00006528
 483    0.0000152  -0.00007838
 484    0.0000124  -0.00006461
 485    0.0000291  -0.00014873
 486    0.0000005  -0.00000622
 487    0.0000005  -0.00001062
 488    0.0000003  -0.00000410
 489    0.0000003  -0.00000321
 490    0.0000001  -0.00000056
 491    0.0000000  -0.00000030
 492    0.0000001  -0.00000084
 493    0.0000001  -0.00000061
 494    0.0000000  -0.00000015
 495    0.0000000  -0.00000014
 496    0.0000000  -0.00000001
 497    0.0000101  -0.00004463
 498    0.0000200  -0.00009343
 499    0.0000109  -0.00005232
 500    0.0000073  -0.00003419
 501    0.0000019  -0.00001127
 502    0.0000140  -0.00007074
 503    0.0000093  -0.00004794
 504    0.0000099  -0.00004950
 505    0.0000148  -0.00007285
 506    0.0000168  -0.00008232
 507    0.0000096  -0.00004721
 508    0.0000169  -0.00007865
 509    0.0000102  -0.00005180
 510    0.0000097  -0.00004737
 511    0.0000087  -0.00005654
 512    0.0000101  -0.00005262
 513    0.0000058  -0.00003983
 514    0.0000076  -0.00004618
 515    0.0000120  -0.00006461
 516    0.0000112  -0.00006892
 517    0.0000004  -0.00000507
 518    0.0000005  -0.00000516
 519    0.0000001  -0.00000170
 520    0.0000002  -0.00000283
 521    0.0000000  -0.00000030
 522    0.0000000  -0.00000023
 523    0.0000001  -0.00000072
 524    0.0000001  -0.00000053
 525    0.0000000  -0.00000012
 526    0.0000000  -0.00000014
 527    0.0000000  -0.00000001
 528    0.0000083  -0.00003980
 529    0.0000082  -0.00004581
 530    0.0000066  -0.00003941
 531    0.0000027  -0.00001836
 532    0.0000013  -0.00000776
 533    0.0000103  -0.00004927
 534    0.0000089  -0.00004711
 535    0.0000080  -0.00004430
 536    0.0000048  -0.00003314
 537    0.0000115  -0.00005695
 538    0.0000066  -0.00003860
 539    0.0000053  -0.00003505
 540    0.0000093  -0.00004622
 541    0.0000037  -0.00002868
 542    0.0000049  -0.00003940
 543    0.0000054  -0.00003553
 544    0.0000052  -0.00003881
 545    0.0000044  -0.00003337
 546    0.0000055  -0.00003733
 547    0.0000077  -0.00004998
 548    0.0000001  -0.00000120
 549    0.0000001  -0.00000066
 550    0.0000001  -0.00000114
 551    0.0000000  -0.00000043
 552    0.0000000  -0.00000027
 553    0.0000000  -0.00000020
 554    0.0000000  -0.00000022
 555    0.0000000  -0.00000021
 556    0.0000000  -0.00000010
 557    0.0000000  -0.00000010
 558    0.0000000  -0.00000001
 559    0.0000043  -0.00002954
 560    0.0000071  -0.00003990
 561    0.0000033  -0.00002732
 562    0.0000020  -0.00001158
 563    0.0000009  -0.00000623
 564    0.0000067  -0.00003856
 565    0.0000075  -0.00004043
 566    0.0000048  -0.00003272
 567    0.0000024  -0.00001910
 568    0.0000090  -0.00004595
 569    0.0000053  -0.00003407
 570    0.0000038  -0.00003005
 571    0.0000054  -0.00003468
 572    0.0000019  -0.00001448
 573    0.0000035  -0.00003176
 574    0.0000032  -0.00002590
 575    0.0000029  -0.00002536
 576    0.0000016  -0.00001286
 577    0.0000028  -0.00002297
 578    0.0000042  -0.00003426
 579    0.0000001  -0.00000081
 580    0.0000001  -0.00000063
 581    0.0000000  -0.00000034
 582    0.0000000  -0.00000019
 583    0.0000000  -0.00000016
 584    0.0000000  -0.00000012
 585    0.0000000  -0.00000022
 586    0.0000000  -0.00000020
 587    0.0000000  -0.00000007
 588    0.0000000  -0.00000011
 589    0.0000000  -0.00000001
 590    0.0000019  -0.00001402
 591    0.0000020  -0.00001615
 592    0.0000029  -0.00002387
 593    0.0000012  -0.00000713
 594    0.0000007  -0.00000481
 595    0.0000029  -0.00002255
 596    0.0000007  -0.00000545
 597    0.0000010  -0.00000769
 598    0.0000008  -0.00000623
 599    0.0000010  -0.00000773
 600    0.0000012  -0.00000944
 601    0.0000023  -0.00001796
 602    0.0000036  -0.00002675
 603    0.0000016  -0.00001130
 604    0.0000033  -0.00003013
 605    0.0000015  -0.00001092
 606    0.0000011  -0.00000892
 607    0.0000006  -0.00000525
 608    0.0000028  -0.00002414
 609    0.0000025  -0.00002408
 610    0.0000001  -0.00000055
 611    0.0000001  -0.00000042
 612    0.0000000  -0.00000012
 613    0.0000000  -0.00000019
 614    0.0000000  -0.00000010
 615    0.0000000  -0.00000011
 616    0.0000000  -0.00000012
 617    0.0000000  -0.00000010
 618    0.0000000  -0.00000006
 619    0.0000000  -0.00000007
 620    0.0000000  -0.00000001
 
----------------
 Final Energies 
----------------
Final NOF Total Energy =    -725.8783716
 
Total Orbital Internal Iterations = 2030
Total Occupation Internal Iterations = 672
 
Elapsed time: 8914.50 Seconds

---------------------------------
   Lowdin Population Analysis    
---------------------------------
 Idx  Atom   Population   Charge 
---------------------------------
  1     C     6.002      -0.002
  2     N     6.615       0.385
  3     C     5.993       0.007
  4     N     6.391       0.609
  5     C     5.981       0.019
  6     C     5.786       0.214
  7     H     1.392      -0.392
  8     H     1.049      -0.049
  9     H     1.065      -0.065
 10     H     1.071      -0.071
 11     H     1.045      -0.045
 12     H     1.046      -0.046
 13     H     1.046      -0.046
 14    Cl    17.521      -0.521

---------------------------------
   M Diagnostic: 0.03
---------------------------------

