Computing Integrals
Basis Set                                            = def2-qzvp
Auxiliary Basis Set                                  = def2-universal-jkfit
Gaussian Type                                        = Spherical
Elapsed time:   10.34 Seconds

Number of basis functions                   (NBF)    = 783
Number of auxiliary basis functions         (NBFAUX) = 1062
Inactive Doubly occupied orbitals up to     (NO1)    = 0
No. considered Strongly Doubly occupied MOs (NDOC)   = 51
No. considered Strongly Singly occupied MOs (NSOC)   = 1
NO. of Weakly occ. per St. Doubly occ.  MOs (NCWO)   = 14
Dimension of the Nat. Orb. subspace         (NBF5)   = 766
No. of electrons                                     = 103
    No. of alpha electrons                           = 52
    No. of beta electrons                            = 51
Multiplicity                                         = 2

Geometry
========
 H       1.7144284      -0.3795204      -2.6237306
 F      -1.3698043      -0.6850322       0.3598931
 B      -0.0338303      -0.1040850       0.6260353
 H       0.9494862      -2.0569239       1.2791688
 N      -0.1805473       1.1101974       1.5376281
Al       0.8213885       2.2779068       0.1418627
 C       1.0516429      -1.2647429       0.5276216
 H       2.0867036      -0.8933636       0.5716296
 P      -1.6263232       2.1658683       1.0853292
 O      -0.8424697      -0.4080790      -2.5130883
 H       0.0134482       1.0801515       2.5347216
 O       0.8274620      -1.8937783      -0.7703520
 H      -2.6276483       1.1470084       1.1749917
Mg      -1.5911645       0.6142013      -1.1512697
 H       0.2730046       0.5549960      -0.4846159
Si       0.5342230      -1.2648045      -2.2958252

No violations of the orthonormality
No violations of the orthonormality
 
PNOF8/ADABelief Calculation
==================
 
  Nitext  Nit_orb  Time   Nit_occ  Time         Eelec          Etot           Ediff      maxdiff    MaxGrad_orb  Grad_occ
     1      10    1.0e+02    0    3.1e+01 -2326.48320703 -1444.01224197 -12325.48320703   0.000965   3.9e-03   3.2e-04 0.03
 
RESULTS OF THE OCCUPATION OPTIMIZATION
========================================
   1    1.9999994  -64.38778688
   2    1.9999994  -64.36315465
   3    1.9999993  -63.92838944
   4    1.9999993  -63.85947885
   5    1.9999951  -25.68666632
   6    1.9999918  -21.20060734
   7    1.9999901  -20.33322657
   8    1.9999863  -15.82637421
   9    1.9999698  -11.26836407
  10    1.9999315  -7.66754557
  11    1.9998725  -7.48478529
  12    1.9995858  -6.13287540
  13    1.9985421  -5.42751530
  14    1.9992093  -5.38459986
  15    1.9989732  -5.29851602
  16    1.9993674  -5.06464146
  17    1.9963837  -4.25451575
  18    1.9952612  -4.24363035
  19    1.9966317  -4.23860025
  20    1.9985709  -3.91387554
  21    1.9955354  -3.24957970
  22    1.9944088  -3.24879976
  23    1.9935689  -3.24791676
  24    1.9938163  -2.35766155
  25    1.9917151  -2.35301513
  26    1.9902975  -2.35048996
  27    1.9870383  -1.57135917
  28    1.9855339  -1.22877032
  29    1.9846303  -1.17414054
  30    1.9798270  -0.98159848
  31    1.9744009  -0.83341874
  32    1.9742401  -0.83317792
  33    1.9813406  -0.77351783
  34    1.9767258  -0.75039075
  35    1.9794419  -0.72628186
  36    1.9696919  -0.71460234
  37    1.9755571  -0.70152043
  38    1.9729473  -0.67622102
  39    1.9748073  -0.65291539
  40    1.9709624  -0.64587442
  41    1.9731773  -0.63809780
  42    1.9759894  -0.62189369
  43    1.9723905  -0.61640641
  44    1.9749695  -0.58425466
  45    1.9720995  -0.56698187
  46    1.9721910  -0.55266837
  47    1.9709109  -0.54260280
  48    1.9769186  -0.53619718
  49    1.9742275  -0.50038953
  50    1.9704414  -0.38150480
  51    1.9701572  -0.37664812
  52    1.0000000  -0.16200482
  53    0.0135462  -0.02192539
  54    0.0150970  -0.02562782
  55    0.0130392  -0.02142152
  56    0.0089598  -0.01783767
  57    0.0170050  -0.02574271
  58    0.0174219  -0.02884633
  59    0.0157271  -0.02675294
  60    0.0168355  -0.03039300
  61    0.0193086  -0.03733250
  62    0.0104122  -0.01639973
  63    0.0181949  -0.03567243
  64    0.0265104  -0.04280651
  65    0.0158187  -0.02523049
  66    0.0159220  -0.02173138
  67    0.0157169  -0.02220493
  68    0.0258886  -0.04340856
  69    0.0097504  -0.02096339
  70    0.0138982  -0.02774482
  71    0.0065270  -0.02416063
  72    0.0211761  -0.03990671
  73    0.0157316  -0.02529827
  74    0.0126457  -0.02557265
  75    0.0072273  -0.01961156
  76    0.0061979  -0.01822284
  77    0.0063001  -0.02200622
  78    0.0047571  -0.02675528
  79    0.0027944  -0.01412229
  80    0.0029971  -0.01456572
  81    0.0045890  -0.03030103
  82    0.0032752  -0.01811545
  83    0.0019500  -0.01035614
  84    0.0005463  -0.00636499
  85    0.0016628  -0.01040145
  86    0.0018488  -0.01364893
  87    0.0035201  -0.02569027
  88    0.0003644  -0.00430370
  89    0.0008005  -0.00817486
  90    0.0007291  -0.01060803
  91    0.0013978  -0.01443241
  92    0.0002754  -0.00491490
  93    0.0000927  -0.00242049
  94    0.0000443  -0.00071211
  95    0.0000196  -0.00041945
  96    0.0000104  -0.00027020
  97    0.0000086  -0.00027968
  98    0.0000067  -0.00020011
  99    0.0000043  -0.00007962
 100    0.0000006  -0.00000805
 101    0.0000006  -0.00000784
 102    0.0000005  -0.00001164
 103    0.0000005  -0.00000903
 104    0.0125127  -0.02029473
 105    0.0067277  -0.01104677
 106    0.0058103  -0.01260857
 107    0.0053961  -0.01372766
 108    0.0047530  -0.00673221
 109    0.0056847  -0.01018200
 110    0.0053559  -0.01061452
 111    0.0046268  -0.01006734
 112    0.0038470  -0.00878224
 113    0.0049958  -0.01045547
 114    0.0039264  -0.00893553
 115    0.0008527  -0.00217587
 116    0.0038741  -0.00817551
 117    0.0040125  -0.00655830
 118    0.0036104  -0.00713564
 119    0.0035294  -0.00813953
 120    0.0041077  -0.01045807
 121    0.0038788  -0.01006717
 122    0.0038843  -0.01147001
 123    0.0035961  -0.00980410
 124    0.0043262  -0.00850668
 125    0.0025961  -0.00782774
 126    0.0029438  -0.01201268
 127    0.0030441  -0.01322811
 128    0.0028955  -0.01152484
 129    0.0025141  -0.01358256
 130    0.0026693  -0.01405167
 131    0.0029058  -0.01462854
 132    0.0017323  -0.00894431
 133    0.0018108  -0.00939366
 134    0.0019267  -0.01015312
 135    0.0003528  -0.00476343
 136    0.0016077  -0.01106834
 137    0.0014971  -0.00954880
 138    0.0000520  -0.00080393
 139    0.0002146  -0.00238031
 140    0.0001350  -0.00186159
 141    0.0000372  -0.00087950
 142    0.0000156  -0.00058898
 143    0.0001195  -0.00205367
 144    0.0000227  -0.00066245
 145    0.0000076  -0.00012649
 146    0.0000035  -0.00006958
 147    0.0000009  -0.00001766
 148    0.0000006  -0.00000891
 149    0.0000005  -0.00002388
 150    0.0000003  -0.00002863
 151    0.0000001  -0.00000127
 152    0.0000001  -0.00000149
 153    0.0000001  -0.00000116
 154    0.0000001  -0.00000143
 155    0.0029711  -0.00649313
 156    0.0061152  -0.01075924
 157    0.0047021  -0.00926828
 158    0.0042565  -0.00917349
 159    0.0028244  -0.00437087
 160    0.0020739  -0.00521897
 161    0.0036610  -0.00777282
 162    0.0009673  -0.00337665
 163    0.0033956  -0.00781699
 164    0.0025372  -0.00540057
 165    0.0035340  -0.00831542
 166    0.0006081  -0.00148728
 167    0.0019190  -0.00501886
 168    0.0035977  -0.00683088
 169    0.0019207  -0.00411337
 170    0.0003558  -0.00107087
 171    0.0039662  -0.01093287
 172    0.0037633  -0.01011731
 173    0.0027999  -0.01027567
 174    0.0002971  -0.00113334
 175    0.0035305  -0.00755092
 176    0.0018686  -0.00792194
 177    0.0019551  -0.00804412
 178    0.0019229  -0.00803420
 179    0.0016994  -0.00761393
 180    0.0022957  -0.01286973
 181    0.0025598  -0.01346034
 182    0.0000691  -0.00114535
 183    0.0000540  -0.00075661
 184    0.0003863  -0.00543443
 185    0.0003705  -0.00569591
 186    0.0003183  -0.00516171
 187    0.0000601  -0.00115708
 188    0.0013338  -0.00944044
 189    0.0000246  -0.00040944
 190    0.0000177  -0.00065853
 191    0.0000777  -0.00130522
 192    0.0000160  -0.00030120
 193    0.0000115  -0.00025709
 194    0.0000082  -0.00019070
 195    0.0000059  -0.00026598
 196    0.0000059  -0.00008842
 197    0.0000023  -0.00002568
 198    0.0000007  -0.00001004
 199    0.0000004  -0.00002867
 200    0.0000005  -0.00002045
 201    0.0000001  -0.00000197
 202    0.0000000  -0.00000013
 203    0.0000000  -0.00000014
 204    0.0000000  -0.00000011
 205    0.0000000  -0.00000014
 206    0.0002929  -0.00056629
 207    0.0005008  -0.00101919
 208    0.0008667  -0.00259304
 209    0.0021646  -0.00736139
 210    0.0024358  -0.00360379
 211    0.0015229  -0.00344696
 212    0.0010747  -0.00327760
 213    0.0006001  -0.00186757
 214    0.0003621  -0.00112538
 215    0.0020074  -0.00421088
 216    0.0004819  -0.00151258
 217    0.0005458  -0.00137290
 218    0.0010898  -0.00296859
 219    0.0019893  -0.00389230
 220    0.0011057  -0.00250897
 221    0.0003415  -0.00106304
 222    0.0007600  -0.00289924
 223    0.0004852  -0.00165834
 224    0.0021177  -0.00846536
 225    0.0002868  -0.00111148
 226    0.0012049  -0.00328223
 227    0.0013947  -0.00484677
 228    0.0008364  -0.00388172
 229    0.0009018  -0.00538910
 230    0.0006678  -0.00325320
 231    0.0000211  -0.00016351
 232    0.0001141  -0.00088098
 233    0.0000553  -0.00115927
 234    0.0000117  -0.00010373
 235    0.0000642  -0.00135896
 236    0.0001509  -0.00135496
 237    0.0001063  -0.00066897
 238    0.0000157  -0.00046456
 239    0.0000310  -0.00057316
 240    0.0000054  -0.00005046
 241    0.0000068  -0.00020200
 242    0.0000076  -0.00030446
 243    0.0000048  -0.00018983
 244    0.0000083  -0.00012058
 245    0.0000043  -0.00010024
 246    0.0000029  -0.00011873
 247    0.0000056  -0.00018542
 248    0.0000022  -0.00002581
 249    0.0000007  -0.00000894
 250    0.0000001  -0.00000105
 251    0.0000002  -0.00000804
 252    0.0000000  -0.00000062
 253    0.0000000  -0.00000008
 254    0.0000000  -0.00000009
 255    0.0000000  -0.00000006
 256    0.0000000  -0.00000008
 257    0.0002017  -0.00043674
 258    0.0003728  -0.00083225
 259    0.0004034  -0.00117728
 260    0.0006675  -0.00228302
 261    0.0006313  -0.00135455
 262    0.0002310  -0.00061695
 263    0.0007595  -0.00192573
 264    0.0004935  -0.00142594
 265    0.0002740  -0.00090204
 266    0.0013709  -0.00421425
 267    0.0002737  -0.00093711
 268    0.0001212  -0.00035281
 269    0.0010244  -0.00249452
 270    0.0004176  -0.00109987
 271    0.0006162  -0.00167696
 272    0.0000414  -0.00014443
 273    0.0005378  -0.00220605
 274    0.0003340  -0.00126639
 275    0.0016697  -0.00686011
 276    0.0002578  -0.00102514
 277    0.0002509  -0.00076068
 278    0.0006152  -0.00203849
 279    0.0007956  -0.00370867
 280    0.0007001  -0.00393310
 281    0.0004654  -0.00238638
 282    0.0000145  -0.00012328
 283    0.0000186  -0.00018071
 284    0.0000207  -0.00020040
 285    0.0000077  -0.00005874
 286    0.0000114  -0.00010358
 287    0.0000136  -0.00016968
 288    0.0000986  -0.00093711
 289    0.0000080  -0.00008793
 290    0.0000048  -0.00004451
 291    0.0000049  -0.00004684
 292    0.0000055  -0.00026834
 293    0.0000020  -0.00002648
 294    0.0000018  -0.00002436
 295    0.0000048  -0.00012614
 296    0.0000029  -0.00003215
 297    0.0000026  -0.00002923
 298    0.0000032  -0.00004877
 299    0.0000015  -0.00002342
 300    0.0000006  -0.00004020
 301    0.0000001  -0.00000094
 302    0.0000001  -0.00000104
 303    0.0000000  -0.00000051
 304    0.0000000  -0.00000007
 305    0.0000000  -0.00000008
 306    0.0000000  -0.00000004
 307    0.0000000  -0.00000004
 308    0.0000748  -0.00019390
 309    0.0002820  -0.00065033
 310    0.0003418  -0.00105300
 311    0.0004337  -0.00141811
 312    0.0004586  -0.00114600
 313    0.0001884  -0.00050369
 314    0.0005484  -0.00141839
 315    0.0004272  -0.00123089
 316    0.0001380  -0.00048342
 317    0.0007891  -0.00194398
 318    0.0001486  -0.00053757
 319    0.0000931  -0.00028200
 320    0.0006102  -0.00148860
 321    0.0003427  -0.00090156
 322    0.0005134  -0.00130869
 323    0.0000288  -0.00011847
 324    0.0003758  -0.00154360
 325    0.0002850  -0.00112615
 326    0.0006820  -0.00238264
 327    0.0000257  -0.00011956
 328    0.0001238  -0.00040705
 329    0.0003413  -0.00108713
 330    0.0004934  -0.00291491
 331    0.0006353  -0.00277109
 332    0.0002785  -0.00131280
 333    0.0000143  -0.00012145
 334    0.0000169  -0.00015396
 335    0.0000191  -0.00016047
 336    0.0000064  -0.00004810
 337    0.0000069  -0.00005428
 338    0.0000086  -0.00007540
 339    0.0000012  -0.00001193
 340    0.0000036  -0.00004221
 341    0.0000045  -0.00004156
 342    0.0000029  -0.00002729
 343    0.0000049  -0.00015745
 344    0.0000008  -0.00001579
 345    0.0000003  -0.00000749
 346    0.0000044  -0.00023323
 347    0.0000015  -0.00001992
 348    0.0000001  -0.00000165
 349    0.0000008  -0.00002037
 350    0.0000003  -0.00001023
 351    0.0000001  -0.00000158
 352    0.0000001  -0.00000091
 353    0.0000000  -0.00000078
 354    0.0000000  -0.00000039
 355    0.0000000  -0.00000006
 356    0.0000000  -0.00000007
 357    0.0000000  -0.00000003
 358    0.0000000  -0.00000005
 359    0.0000574  -0.00014094
 360    0.0001600  -0.00042275
 361    0.0003219  -0.00096474
 362    0.0003166  -0.00102511
 363    0.0002457  -0.00061824
 364    0.0001685  -0.00046136
 365    0.0003238  -0.00091791
 366    0.0003719  -0.00117044
 367    0.0001264  -0.00041263
 368    0.0005043  -0.00120961
 369    0.0000715  -0.00026232
 370    0.0000805  -0.00025017
 371    0.0002792  -0.00078741
 372    0.0001816  -0.00052584
 373    0.0002464  -0.00071493
 374    0.0000242  -0.00009443
 375    0.0003041  -0.00115800
 376    0.0002736  -0.00105740
 377    0.0003857  -0.00117372
 378    0.0000193  -0.00009295
 379    0.0001175  -0.00037659
 380    0.0002558  -0.00086992
 381    0.0004080  -0.00157441
 382    0.0003876  -0.00168418
 383    0.0002675  -0.00131348
 384    0.0000140  -0.00011858
 385    0.0000165  -0.00014330
 386    0.0000187  -0.00015662
 387    0.0000061  -0.00004759
 388    0.0000068  -0.00005127
 389    0.0000079  -0.00006447
 390    0.0000011  -0.00001129
 391    0.0000023  -0.00004436
 392    0.0000042  -0.00004128
 393    0.0000017  -0.00001740
 394    0.0000040  -0.00006971
 395    0.0000006  -0.00000705
 396    0.0000003  -0.00000433
 397    0.0000031  -0.00002923
 398    0.0000006  -0.00000872
 399    0.0000001  -0.00000168
 400    0.0000003  -0.00000911
 401    0.0000002  -0.00000368
 402    0.0000001  -0.00000127
 403    0.0000000  -0.00000069
 404    0.0000000  -0.00000071
 405    0.0000000  -0.00000033
 406    0.0000000  -0.00000006
 407    0.0000000  -0.00000006
 408    0.0000000  -0.00000002
 409    0.0000000  -0.00000004
 410    0.0000409  -0.00011160
 411    0.0000719  -0.00018528
 412    0.0000917  -0.00030815
 413    0.0002996  -0.00097648
 414    0.0001632  -0.00041569
 415    0.0001439  -0.00043234
 416    0.0002069  -0.00064062
 417    0.0002924  -0.00095817
 418    0.0000443  -0.00015582
 419    0.0003261  -0.00092316
 420    0.0000545  -0.00019181
 421    0.0000709  -0.00022806
 422    0.0001787  -0.00057745
 423    0.0001256  -0.00038184
 424    0.0001740  -0.00055312
 425    0.0000220  -0.00008823
 426    0.0002873  -0.00110720
 427    0.0002082  -0.00087285
 428    0.0001914  -0.00074868
 429    0.0000171  -0.00010011
 430    0.0000890  -0.00029071
 431    0.0001428  -0.00059880
 432    0.0003099  -0.00117296
 433    0.0002538  -0.00104512
 434    0.0002392  -0.00122405
 435    0.0000137  -0.00011674
 436    0.0000159  -0.00014006
 437    0.0000168  -0.00014489
 438    0.0000055  -0.00004201
 439    0.0000061  -0.00005082
 440    0.0000075  -0.00005948
 441    0.0000009  -0.00000987
 442    0.0000021  -0.00002004
 443    0.0000036  -0.00003146
 444    0.0000012  -0.00001306
 445    0.0000038  -0.00005956
 446    0.0000006  -0.00000626
 447    0.0000002  -0.00000314
 448    0.0000027  -0.00003925
 449    0.0000004  -0.00000550
 450    0.0000001  -0.00000145
 451    0.0000002  -0.00000310
 452    0.0000002  -0.00000280
 453    0.0000001  -0.00000093
 454    0.0000000  -0.00000052
 455    0.0000000  -0.00000059
 456    0.0000000  -0.00000029
 457    0.0000000  -0.00000006
 458    0.0000000  -0.00000005
 459    0.0000000  -0.00000003
 460    0.0000000  -0.00000004
 461    0.0000334  -0.00009252
 462    0.0000544  -0.00015462
 463    0.0000481  -0.00016612
 464    0.0002202  -0.00082407
 465    0.0001461  -0.00037732
 466    0.0000912  -0.00024263
 467    0.0000898  -0.00028643
 468    0.0001866  -0.00062917
 469    0.0000304  -0.00012064
 470    0.0002653  -0.00076474
 471    0.0000374  -0.00014401
 472    0.0000452  -0.00014890
 473    0.0000839  -0.00028057
 474    0.0001225  -0.00035439
 475    0.0001608  -0.00052115
 476    0.0000165  -0.00007483
 477    0.0002819  -0.00111424
 478    0.0000393  -0.00017362
 479    0.0001061  -0.00044163
 480    0.0000162  -0.00009955
 481    0.0000728  -0.00025495
 482    0.0001061  -0.00042754
 483    0.0002119  -0.00095280
 484    0.0002359  -0.00096023
 485    0.0000403  -0.00022802
 486    0.0000124  -0.00010508
 487    0.0000149  -0.00012350
 488    0.0000164  -0.00013896
 489    0.0000049  -0.00004040
 490    0.0000049  -0.00004074
 491    0.0000064  -0.00005197
 492    0.0000007  -0.00000789
 493    0.0000014  -0.00001615
 494    0.0000023  -0.00002208
 495    0.0000010  -0.00001204
 496    0.0000026  -0.00003295
 497    0.0000005  -0.00000885
 498    0.0000002  -0.00000274
 499    0.0000024  -0.00003656
 500    0.0000003  -0.00000898
 501    0.0000001  -0.00000133
 502    0.0000002  -0.00000258
 503    0.0000001  -0.00000217
 504    0.0000000  -0.00000077
 505    0.0000000  -0.00000042
 506    0.0000000  -0.00000055
 507    0.0000000  -0.00000027
 508    0.0000000  -0.00000005
 509    0.0000000  -0.00000006
 510    0.0000000  -0.00000003
 511    0.0000000  -0.00000003
 512    0.0000291  -0.00007544
 513    0.0000503  -0.00014321
 514    0.0000393  -0.00014009
 515    0.0001865  -0.00069877
 516    0.0001111  -0.00029054
 517    0.0000805  -0.00021034
 518    0.0000397  -0.00012893
 519    0.0001054  -0.00037991
 520    0.0000222  -0.00010264
 521    0.0002088  -0.00061793
 522    0.0000272  -0.00010930
 523    0.0000344  -0.00012528
 524    0.0000807  -0.00026577
 525    0.0000965  -0.00029458
 526    0.0001117  -0.00034511
 527    0.0000137  -0.00005342
 528    0.0000625  -0.00026823
 529    0.0000277  -0.00012887
 530    0.0000798  -0.00030818
 531    0.0000158  -0.00007375
 532    0.0000539  -0.00018762
 533    0.0000531  -0.00022274
 534    0.0000866  -0.00039518
 535    0.0000833  -0.00036047
 536    0.0000345  -0.00019082
 537    0.0000103  -0.00008556
 538    0.0000146  -0.00012264
 539    0.0000153  -0.00014005
 540    0.0000038  -0.00003166
 541    0.0000048  -0.00004013
 542    0.0000054  -0.00004366
 543    0.0000007  -0.00000727
 544    0.0000011  -0.00001272
 545    0.0000022  -0.00002022
 546    0.0000007  -0.00000925
 547    0.0000022  -0.00002348
 548    0.0000003  -0.00000791
 549    0.0000002  -0.00000238
 550    0.0000022  -0.00002394
 551    0.0000003  -0.00000554
 552    0.0000001  -0.00000122
 553    0.0000001  -0.00000194
 554    0.0000001  -0.00000167
 555    0.0000000  -0.00000066
 556    0.0000000  -0.00000043
 557    0.0000000  -0.00000034
 558    0.0000000  -0.00000027
 559    0.0000000  -0.00000005
 560    0.0000000  -0.00000005
 561    0.0000000  -0.00000003
 562    0.0000000  -0.00000004
 563    0.0000246  -0.00006949
 564    0.0000399  -0.00011008
 565    0.0000327  -0.00012100
 566    0.0000641  -0.00024315
 567    0.0000871  -0.00022538
 568    0.0000594  -0.00016604
 569    0.0000343  -0.00011301
 570    0.0000435  -0.00015411
 571    0.0000181  -0.00008232
 572    0.0001752  -0.00056168
 573    0.0000227  -0.00010153
 574    0.0000262  -0.00009545
 575    0.0000662  -0.00022583
 576    0.0000880  -0.00026657
 577    0.0000871  -0.00029407
 578    0.0000129  -0.00005085
 579    0.0000412  -0.00018618
 580    0.0000226  -0.00011224
 581    0.0000740  -0.00030629
 582    0.0000142  -0.00007145
 583    0.0000306  -0.00011563
 584    0.0000433  -0.00017991
 585    0.0000374  -0.00018032
 586    0.0000346  -0.00017676
 587    0.0000204  -0.00013903
 588    0.0000098  -0.00007617
 589    0.0000142  -0.00014316
 590    0.0000152  -0.00013447
 591    0.0000036  -0.00003032
 592    0.0000045  -0.00003736
 593    0.0000053  -0.00004331
 594    0.0000006  -0.00000673
 595    0.0000011  -0.00001190
 596    0.0000019  -0.00001742
 597    0.0000007  -0.00000822
 598    0.0000020  -0.00001996
 599    0.0000003  -0.00000704
 600    0.0000001  -0.00000221
 601    0.0000017  -0.00002203
 602    0.0000003  -0.00000475
 603    0.0000001  -0.00000103
 604    0.0000001  -0.00000197
 605    0.0000001  -0.00000114
 606    0.0000000  -0.00000043
 607    0.0000000  -0.00000043
 608    0.0000000  -0.00000029
 609    0.0000000  -0.00000026
 610    0.0000000  -0.00000006
 611    0.0000000  -0.00000005
 612    0.0000000  -0.00000002
 613    0.0000000  -0.00000003
 614    0.0000225  -0.00006344
 615    0.0000356  -0.00010086
 616    0.0000274  -0.00010928
 617    0.0000492  -0.00018984
 618    0.0000853  -0.00021376
 619    0.0000582  -0.00016929
 620    0.0000300  -0.00010300
 621    0.0000328  -0.00013417
 622    0.0000155  -0.00006562
 623    0.0001595  -0.00048909
 624    0.0000180  -0.00008723
 625    0.0000195  -0.00007761
 626    0.0000606  -0.00020763
 627    0.0000619  -0.00020343
 628    0.0000767  -0.00026394
 629    0.0000120  -0.00004767
 630    0.0000312  -0.00015183
 631    0.0000205  -0.00010143
 632    0.0000563  -0.00020295
 633    0.0000140  -0.00006489
 634    0.0000254  -0.00010059
 635    0.0000409  -0.00016087
 636    0.0000237  -0.00013644
 637    0.0000278  -0.00015280
 638    0.0000184  -0.00012916
 639    0.0000095  -0.00007528
 640    0.0000137  -0.00012032
 641    0.0000138  -0.00011817
 642    0.0000027  -0.00002403
 643    0.0000043  -0.00003391
 644    0.0000048  -0.00003811
 645    0.0000006  -0.00000620
 646    0.0000011  -0.00001121
 647    0.0000019  -0.00001739
 648    0.0000005  -0.00000639
 649    0.0000017  -0.00001955
 650    0.0000003  -0.00000417
 651    0.0000001  -0.00000228
 652    0.0000014  -0.00001387
 653    0.0000002  -0.00000327
 654    0.0000001  -0.00000099
 655    0.0000001  -0.00000151
 656    0.0000001  -0.00000115
 657    0.0000000  -0.00000038
 658    0.0000000  -0.00000042
 659    0.0000000  -0.00000030
 660    0.0000000  -0.00000025
 661    0.0000000  -0.00000005
 662    0.0000000  -0.00000005
 663    0.0000000  -0.00000002
 664    0.0000000  -0.00000003
 665    0.0000200  -0.00004937
 666    0.0000290  -0.00008671
 667    0.0000260  -0.00010110
 668    0.0000351  -0.00014203
 669    0.0000741  -0.00018009
 670    0.0000469  -0.00014291
 671    0.0000268  -0.00009538
 672    0.0000251  -0.00010685
 673    0.0000142  -0.00005750
 674    0.0001529  -0.00048233
 675    0.0000165  -0.00007634
 676    0.0000153  -0.00006449
 677    0.0000556  -0.00018802
 678    0.0000561  -0.00017608
 679    0.0000571  -0.00019633
 680    0.0000110  -0.00004477
 681    0.0000269  -0.00013859
 682    0.0000196  -0.00009455
 683    0.0000482  -0.00018482
 684    0.0000123  -0.00006023
 685    0.0000228  -0.00008848
 686    0.0000367  -0.00016391
 687    0.0000206  -0.00012272
 688    0.0000209  -0.00012316
 689    0.0000175  -0.00012892
 690    0.0000095  -0.00007696
 691    0.0000119  -0.00010526
 692    0.0000112  -0.00010269
 693    0.0000021  -0.00001911
 694    0.0000029  -0.00002529
 695    0.0000043  -0.00003626
 696    0.0000005  -0.00000573
 697    0.0000008  -0.00000965
 698    0.0000015  -0.00001470
 699    0.0000004  -0.00000486
 700    0.0000013  -0.00001493
 701    0.0000003  -0.00000369
 702    0.0000001  -0.00000206
 703    0.0000011  -0.00001164
 704    0.0000002  -0.00000292
 705    0.0000001  -0.00000100
 706    0.0000001  -0.00000146
 707    0.0000001  -0.00000100
 708    0.0000000  -0.00000034
 709    0.0000000  -0.00000036
 710    0.0000000  -0.00000028
 711    0.0000000  -0.00000024
 712    0.0000000  -0.00000005
 713    0.0000000  -0.00000004
 714    0.0000000  -0.00000002
 715    0.0000000  -0.00000003
 716    0.0000155  -0.00004120
 717    0.0000219  -0.00006220
 718    0.0000218  -0.00009825
 719    0.0000320  -0.00013214
 720    0.0000685  -0.00017770
 721    0.0000374  -0.00011653
 722    0.0000224  -0.00007708
 723    0.0000223  -0.00009974
 724    0.0000131  -0.00005490
 725    0.0001062  -0.00034035
 726    0.0000155  -0.00006599
 727    0.0000144  -0.00005599
 728    0.0000515  -0.00017874
 729    0.0000386  -0.00013307
 730    0.0000459  -0.00016694
 731    0.0000104  -0.00004279
 732    0.0000250  -0.00012566
 733    0.0000180  -0.00009397
 734    0.0000373  -0.00015424
 735    0.0000112  -0.00005096
 736    0.0000192  -0.00007607
 737    0.0000326  -0.00014192
 738    0.0000199  -0.00012002
 739    0.0000200  -0.00012234
 740    0.0000172  -0.00012700
 741    0.0000065  -0.00005142
 742    0.0000100  -0.00008135
 743    0.0000093  -0.00008295
 744    0.0000014  -0.00001328
 745    0.0000020  -0.00001861
 746    0.0000027  -0.00002505
 747    0.0000005  -0.00000539
 748    0.0000006  -0.00000740
 749    0.0000012  -0.00001142
 750    0.0000003  -0.00000426
 751    0.0000010  -0.00001550
 752    0.0000002  -0.00000284
 753    0.0000001  -0.00000192
 754    0.0000009  -0.00001489
 755    0.0000002  -0.00000284
 756    0.0000000  -0.00000087
 757    0.0000001  -0.00000116
 758    0.0000000  -0.00000073
 759    0.0000000  -0.00000032
 760    0.0000000  -0.00000032
 761    0.0000000  -0.00000023
 762    0.0000000  -0.00000023
 763    0.0000000  -0.00000003
 764    0.0000000  -0.00000004
 765    0.0000000  -0.00000002
 766    0.0000000  -0.00000002
 
----------------
 Final Energies 
----------------
Final NOF Total Energy =   -1444.0122420
 
Total Orbital Internal Iterations = 10
Total Occupation Internal Iterations = 0
 
Elapsed time:  174.93 Seconds

---------------------------------
   Lowdin Population Analysis    
---------------------------------
 Idx  Atom   Population   Charge 
---------------------------------
  1     H     1.108      -0.108
  2     F     8.485       0.515
  3     B     6.103      -1.103
  4     H     1.044      -0.044
  5     N     6.485       0.515
  6    Al    13.064      -0.064
  7     C     5.992       0.008
  8     H     1.036      -0.036
  9     P    14.442       0.558
 10     O     7.872       0.128
 11     H     1.149      -0.149
 12     O     7.642       0.358
 13     H     1.119      -0.119
 14    Mg    12.290      -0.290
 15     H     0.906       0.094
 16    Si    14.263      -0.263

---------------------------------
   M Diagnostic: 0.03
---------------------------------

