Computing Integrals
Basis Set                                            = def2-qzvp
Auxiliary Basis Set                                  = def2-universal-jkfit
Gaussian Type                                        = Spherical
Elapsed time:    3.50 Seconds

Number of basis functions                   (NBF)    = 264
Number of auxiliary basis functions         (NBFAUX) = 242
Inactive Doubly occupied orbitals up to     (NO1)    = 0
No. considered Strongly Doubly occupied MOs (NDOC)   = 9
No. considered Strongly Singly occupied MOs (NSOC)   = 0
NO. of Weakly occ. per St. Doubly occ.  MOs (NCWO)   = 28
Dimension of the Nat. Orb. subspace         (NBF5)   = 261
No. of electrons                                     = 18
    No. of alpha electrons                           = 9
    No. of beta electrons                            = 9
Multiplicity                                         = 1

Geometry
========
 N       0.3590120       0.1821006      -0.8269715
 H       1.1876077      -0.4027530      -0.8773136
 H      -0.3028156      -0.2075590      -1.4852085
 C      -0.2010054       0.1025828       0.5204066
 H      -1.0950844       0.7204289       0.5816275
 H      -0.4650921      -0.9046595       0.8579122
 H       0.5173778       0.5098591       1.2295473

No violations of the orthonormality
No violations of the orthonormality
 
PNOF8/ADABelief Calculation
==================
 
  Nitext  Nit_orb  Time   Nit_occ  Time         Eelec          Etot           Ediff      maxdiff    MaxGrad_orb  Grad_occ
     1      10    2.2e+01   20    2.7e+01  -137.77257105   -95.68048170 -10136.77257105   0.019176   7.7e-02   2.2e-04 0.03
     2      20    4.6e+00   21    1.9e+00  -137.81212941   -95.72004007    -0.03955836   0.119192   4.8e-01   2.3e-04 0.03
     3      20    4.5e+00   27    2.0e+00  -137.83177741   -95.73968806    -0.01964799   0.020126   8.1e-02   2.4e-04 0.03
     4      20    4.4e+00   22    2.0e+00  -137.83756570   -95.74547635    -0.00578829   0.020046   8.0e-02   3.1e-04 0.03
     5      20    4.5e+00   22    1.8e+00  -137.84217053   -95.75008118    -0.00460483   0.021696   8.7e-02   2.6e-04 0.03
     6      20    4.2e+00   13    1.1e+00  -137.84529923   -95.75320989    -0.00312870   0.023980   9.6e-02   2.0e-04 0.03
     7      20    4.3e+00    6    6.7e-01  -137.84631294   -95.75422359    -0.00101370   0.017561   7.0e-02   2.6e-04 0.03
     8      20    4.4e+00    6    6.1e-01  -137.84767810   -95.75558875    -0.00136516   0.019309   7.7e-02   2.5e-04 0.03
     9      20    4.2e+00    0    2.2e-01  -137.84778892   -95.75569957    -0.00011081   0.019309   7.7e-02   2.5e-04 0.03
    10      40    8.3e+00    5    5.7e-01  -137.84971793   -95.75762858    -0.00192902   0.001960   7.8e-03   2.0e-04 0.03
    11      40    8.1e+00    5    6.2e-01  -137.84988363   -95.75779428    -0.00016569   0.002953   1.2e-02   1.9e-04 0.03
    12      40    8.5e+00    5    6.0e-01  -137.85001784   -95.75792849    -0.00013421   0.004184   1.7e-02   1.7e-04 0.03
    13      40    8.4e+00    5    5.5e-01  -137.85011308   -95.75802373    -0.00009524   0.003778   1.5e-02   1.4e-04 0.03
    14      40    8.7e+00    0    1.7e-01  -137.85020435   -95.75811501    -0.00009128   0.003729   1.5e-02   2.4e-04 0.03
    15      50    1.1e+01    5    4.7e-01  -137.85028360   -95.75819425    -0.00007925   0.002083   8.3e-03   1.4e-04 0.03
    16      50    1.1e+01    5    5.8e-01  -137.85037495   -95.75828561    -0.00009135   0.002168   8.7e-03   1.3e-04 0.03
    17      50    1.1e+01    5    5.8e-01  -137.85045053   -95.75836118    -0.00007557   0.001379   5.5e-03   1.3e-04 0.03
    18      50    1.1e+01    0    2.3e-01  -137.85052397   -95.75843462    -0.00007344   0.001084   4.3e-03   2.2e-04 0.03
    19      60    1.2e+01    5    5.0e-01  -137.85055852   -95.75846918    -0.00003455   0.000774   3.1e-03   1.4e-04 0.03
 
RESULTS OF THE OCCUPATION OPTIMIZATION
========================================
   1    1.9999713  -15.55769130
   2    1.9999204  -11.24801028
   3    1.9859055  -1.03509495
   4    1.9743226  -0.67825040
   5    1.9740517  -0.67681523
   6    1.9740159  -0.67574544
   7    1.9714359  -0.64754849
   8    1.9725075  -0.63630379
   9    1.9724902  -0.63609909
  10    0.0170676  -0.02493222
  11    0.0170278  -0.02475827
  12    0.0229222  -0.03590992
  13    0.0165924  -0.02185627
  14    0.0169155  -0.02225892
  15    0.0162703  -0.02168218
  16    0.0065329  -0.01475973
  17    0.0000652  -0.00141937
  18    0.0000250  -0.00078135
  19    0.0045432  -0.00811056
  20    0.0047324  -0.00854693
  21    0.0041620  -0.00831509
  22    0.0044084  -0.00669743
  23    0.0044021  -0.00668954
  24    0.0043308  -0.00665552
  25    0.0018344  -0.00688205
  26    0.0000042  -0.00012702
  27    0.0000010  -0.00001099
  28    0.0041949  -0.00769801
  29    0.0041544  -0.00764763
  30    0.0006282  -0.00157791
  31    0.0020103  -0.00369748
  32    0.0019597  -0.00358593
  33    0.0018175  -0.00348772
  34    0.0010658  -0.00463854
  35    0.0000037  -0.00005348
  36    0.0000010  -0.00001539
  37    0.0008085  -0.00206294
  38    0.0005811  -0.00152053
  39    0.0003885  -0.00106512
  40    0.0011804  -0.00254331
  41    0.0011557  -0.00247823
  42    0.0011618  -0.00253969
  43    0.0010100  -0.00448519
  44    0.0000030  -0.00002494
  45    0.0000008  -0.00003218
  46    0.0002505  -0.00072394
  47    0.0003549  -0.00093548
  48    0.0002053  -0.00065422
  49    0.0005774  -0.00127462
  50    0.0003950  -0.00107251
  51    0.0005619  -0.00127082
  52    0.0009697  -0.00378047
  53    0.0000027  -0.00002285
  54    0.0000007  -0.00005077
  55    0.0001892  -0.00056426
  56    0.0001739  -0.00053247
  57    0.0000805  -0.00028463
  58    0.0003198  -0.00080165
  59    0.0002923  -0.00081253
  60    0.0003955  -0.00113769
  61    0.0007151  -0.00246601
  62    0.0000001  -0.00000282
  63    0.0000000  -0.00000042
  64    0.0000935  -0.00031537
  65    0.0001108  -0.00039851
  66    0.0000628  -0.00021080
  67    0.0002149  -0.00061486
  68    0.0002146  -0.00060011
  69    0.0003146  -0.00081182
  70    0.0006135  -0.00178227
  71    0.0000001  -0.00000096
  72    0.0000000  -0.00000030
  73    0.0000776  -0.00026914
  74    0.0000793  -0.00027357
  75    0.0000300  -0.00012869
  76    0.0001973  -0.00062357
  77    0.0001622  -0.00052654
  78    0.0002819  -0.00073270
  79    0.0005031  -0.00203438
  80    0.0000000  -0.00000078
  81    0.0000000  -0.00000025
  82    0.0000582  -0.00020148
  83    0.0000633  -0.00021760
  84    0.0000252  -0.00010867
  85    0.0001074  -0.00034430
  86    0.0001096  -0.00032626
  87    0.0001463  -0.00046340
  88    0.0003838  -0.00204368
  89    0.0000000  -0.00000063
  90    0.0000000  -0.00000021
  91    0.0000467  -0.00016167
  92    0.0000524  -0.00017894
  93    0.0000117  -0.00005078
  94    0.0000998  -0.00029990
  95    0.0000774  -0.00023475
  96    0.0000992  -0.00031994
  97    0.0000881  -0.00035208
  98    0.0000000  -0.00000066
  99    0.0000000  -0.00000023
 100    0.0000409  -0.00015120
 101    0.0000412  -0.00015723
 102    0.0000099  -0.00004545
 103    0.0000645  -0.00021127
 104    0.0000557  -0.00018440
 105    0.0000524  -0.00018012
 106    0.0000803  -0.00030695
 107    0.0000000  -0.00000058
 108    0.0000000  -0.00000023
 109    0.0000269  -0.00011601
 110    0.0000290  -0.00011787
 111    0.0000068  -0.00003185
 112    0.0000498  -0.00017747
 113    0.0000518  -0.00018090
 114    0.0000496  -0.00017134
 115    0.0000533  -0.00019678
 116    0.0000000  -0.00000059
 117    0.0000000  -0.00000019
 118    0.0000238  -0.00009297
 119    0.0000201  -0.00008619
 120    0.0000061  -0.00002802
 121    0.0000405  -0.00014676
 122    0.0000369  -0.00013854
 123    0.0000368  -0.00014427
 124    0.0000456  -0.00017805
 125    0.0000000  -0.00000060
 126    0.0000000  -0.00000018
 127    0.0000192  -0.00009026
 128    0.0000112  -0.00004674
 129    0.0000049  -0.00001984
 130    0.0000205  -0.00009322
 131    0.0000270  -0.00011046
 132    0.0000339  -0.00013154
 133    0.0000351  -0.00015556
 134    0.0000000  -0.00000054
 135    0.0000000  -0.00000018
 136    0.0000120  -0.00004827
 137    0.0000107  -0.00004347
 138    0.0000027  -0.00000716
 139    0.0000164  -0.00007357
 140    0.0000163  -0.00008118
 141    0.0000243  -0.00010230
 142    0.0000309  -0.00014514
 143    0.0000000  -0.00000057
 144    0.0000000  -0.00000017
 145    0.0000102  -0.00004229
 146    0.0000084  -0.00003745
 147    0.0000023  -0.00000623
 148    0.0000152  -0.00007113
 149    0.0000131  -0.00005815
 150    0.0000208  -0.00009046
 151    0.0000261  -0.00012629
 152    0.0000000  -0.00000050
 153    0.0000000  -0.00000016
 154    0.0000082  -0.00003894
 155    0.0000080  -0.00003716
 156    0.0000020  -0.00000430
 157    0.0000130  -0.00006011
 158    0.0000095  -0.00004605
 159    0.0000163  -0.00006942
 160    0.0000227  -0.00011481
 161    0.0000000  -0.00000054
 162    0.0000000  -0.00000015
 163    0.0000076  -0.00003470
 164    0.0000069  -0.00003342
 165    0.0000015  -0.00000348
 166    0.0000099  -0.00005008
 167    0.0000091  -0.00004249
 168    0.0000117  -0.00005397
 169    0.0000157  -0.00008562
 170    0.0000000  -0.00000044
 171    0.0000000  -0.00000015
 172    0.0000050  -0.00001613
 173    0.0000061  -0.00002923
 174    0.0000015  -0.00000288
 175    0.0000091  -0.00004385
 176    0.0000080  -0.00003710
 177    0.0000090  -0.00004497
 178    0.0000137  -0.00007752
 179    0.0000000  -0.00000047
 180    0.0000000  -0.00000013
 181    0.0000046  -0.00001536
 182    0.0000039  -0.00001123
 183    0.0000014  -0.00000253
 184    0.0000069  -0.00003239
 185    0.0000068  -0.00003059
 186    0.0000082  -0.00003862
 187    0.0000109  -0.00006052
 188    0.0000000  -0.00000043
 189    0.0000000  -0.00000015
 190    0.0000043  -0.00001393
 191    0.0000037  -0.00000995
 192    0.0000013  -0.00000259
 193    0.0000065  -0.00003193
 194    0.0000058  -0.00002767
 195    0.0000072  -0.00003443
 196    0.0000098  -0.00005509
 197    0.0000000  -0.00000045
 198    0.0000000  -0.00000013
 199    0.0000033  -0.00000968
 200    0.0000027  -0.00000673
 201    0.0000013  -0.00000205
 202    0.0000053  -0.00002050
 203    0.0000051  -0.00001936
 204    0.0000058  -0.00002614
 205    0.0000088  -0.00004691
 206    0.0000000  -0.00000042
 207    0.0000000  -0.00000012
 208    0.0000030  -0.00000679
 209    0.0000022  -0.00000376
 210    0.0000012  -0.00000218
 211    0.0000041  -0.00001330
 212    0.0000042  -0.00001163
 213    0.0000044  -0.00001539
 214    0.0000064  -0.00003685
 215    0.0000000  -0.00000039
 216    0.0000000  -0.00000013
 217    0.0000028  -0.00000539
 218    0.0000021  -0.00000327
 219    0.0000011  -0.00000187
 220    0.0000035  -0.00000910
 221    0.0000034  -0.00001065
 222    0.0000044  -0.00001510
 223    0.0000048  -0.00002633
 224    0.0000000  -0.00000041
 225    0.0000000  -0.00000016
 226    0.0000023  -0.00000559
 227    0.0000019  -0.00000305
 228    0.0000010  -0.00000181
 229    0.0000031  -0.00000806
 230    0.0000034  -0.00000898
 231    0.0000041  -0.00001482
 232    0.0000042  -0.00002172
 233    0.0000000  -0.00000042
 234    0.0000000  -0.00000014
 235    0.0000022  -0.00000450
 236    0.0000016  -0.00000249
 237    0.0000010  -0.00000173
 238    0.0000028  -0.00000614
 239    0.0000034  -0.00001022
 240    0.0000033  -0.00000817
 241    0.0000035  -0.00001569
 242    0.0000000  -0.00000038
 243    0.0000000  -0.00000011
 244    0.0000019  -0.00000297
 245    0.0000014  -0.00000217
 246    0.0000009  -0.00000164
 247    0.0000026  -0.00000707
 248    0.0000026  -0.00000547
 249    0.0000031  -0.00000750
 250    0.0000032  -0.00001456
 251    0.0000000  -0.00000040
 252    0.0000000  -0.00000010
 253    0.0000016  -0.00000282
 254    0.0000012  -0.00000201
 255    0.0000009  -0.00000195
 256    0.0000020  -0.00000296
 257    0.0000021  -0.00000347
 258    0.0000024  -0.00000538
 259    0.0000030  -0.00001348
 260    0.0000000  -0.00000037
 261    0.0000000  -0.00000010
 
----------------
 Final Energies 
----------------
Final NOF Total Energy =     -95.7584692
 
Total Orbital Internal Iterations = 630
Total Occupation Internal Iterations = 177
 
Elapsed time:  221.56 Seconds

---------------------------------
   Lowdin Population Analysis    
---------------------------------
 Idx  Atom   Population   Charge 
---------------------------------
  1     N     6.488       0.512
  2     H     1.187      -0.187
  3     H     1.194      -0.194
  4     C     5.905       0.095
  5     H     1.071      -0.071
  6     H     1.084      -0.084
  7     H     1.072      -0.072

---------------------------------
   M Diagnostic: 0.03
---------------------------------

