Computing Integrals
Basis Set                                            = def2-qzvp
Auxiliary Basis Set                                  = def2-universal-jkfit
Gaussian Type                                        = Spherical
Elapsed time:    2.44 Seconds

Number of basis functions                   (NBF)    = 201
Number of auxiliary basis functions         (NBFAUX) = 247
Inactive Doubly occupied orbitals up to     (NO1)    = 0
No. considered Strongly Doubly occupied MOs (NDOC)   = 12
No. considered Strongly Singly occupied MOs (NSOC)   = 0
NO. of Weakly occ. per St. Doubly occ.  MOs (NCWO)   = 1
Dimension of the Nat. Orb. subspace         (NBF5)   = 24
No. of electrons                                     = 24
    No. of alpha electrons                           = 12
    No. of beta electrons                            = 12
Multiplicity                                         = 1

Geometry
========
 O       1.3805083      -0.6142758       0.6455369
 O       0.7599964       1.3416513      -0.3841626
 C       0.5623720       0.1724027       0.0942214
 H      -0.5000999      -0.1942600       0.0014523

No violations of the orthonormality
No violations of the orthonormality
 
PNOF8/ADABelief Calculation
==================
 
  Nitext  Nit_orb  Time   Nit_occ  Time         Eelec          Etot           Ediff      maxdiff    MaxGrad_orb  Grad_occ
     1      10    1.0e+01    6    1.2e+01  -250.44688591  -188.70997236 -10249.44688591   0.009821   3.9e-02   1.9e-04 0.04
     2      20    1.7e+00    0    2.4e-02  -250.46052070  -188.72360716    -0.01363480   0.009821   3.9e-02   1.9e-04 0.04
     3      40    3.5e+00    9    2.2e-02  -250.46840639  -188.73149284    -0.00788568   0.045082   1.8e-01   1.1e-04 0.04
     4      40    4.5e+00   10    3.2e-02  -250.47538786  -188.73847431    -0.00698147   0.008190   3.3e-02   2.1e-04 0.04
     5      40    4.1e+00    7    3.1e-02  -250.48150668  -188.74459314    -0.00611883   0.007577   3.0e-02   1.4e-04 0.04
     6      40    4.8e+00    7    2.5e-02  -250.48631790  -188.74940435    -0.00481122   0.007046   2.8e-02   4.1e-05 0.04
     7      40    3.7e+00    5    3.9e-02  -250.48948391  -188.75257037    -0.00316601   0.006497   2.6e-02   2.3e-04 0.04
     8      40    4.5e+00    4    2.7e-02  -250.49132678  -188.75441323    -0.00184286   0.007775   3.1e-02   1.4e-04 0.04
     9      40    4.4e+00    4    2.3e-02  -250.49225492  -188.75534137    -0.00092815   0.007542   3.0e-02   1.0e-04 0.04
    10      40    4.4e+00    3    1.6e-02  -250.49270568  -188.75579213    -0.00045076   0.007569   3.0e-02   1.8e-04 0.04
    11      40    3.6e+00    3    2.4e-02  -250.49287441  -188.75596086    -0.00016873   0.007487   3.0e-02   1.1e-04 0.04
    12      40    3.9e+00    1    2.1e-02  -250.49297882  -188.75606527    -0.00010441   0.007483   3.0e-02   2.3e-04 0.04
    13      40    4.0e+00    2    3.2e-02  -250.49301614  -188.75610259    -0.00003732   0.022027   8.8e-02   2.1e-04 0.04
    14      40    4.1e+00    1    2.2e-02  -250.49306671  -188.75615317    -0.00005057   0.007417   3.0e-02   2.3e-04 0.04
    15      40    4.1e+00    0    3.7e-02  -250.49306780  -188.75615425    -0.00000108   0.007417   3.0e-02   2.3e-04 0.04
    16      58    6.9e+00    0    2.0e-02  -250.49336326  -188.75644971    -0.00029546   0.000487   1.9e-03   2.5e-04 0.04
 
RESULTS OF THE OCCUPATION OPTIMIZATION
========================================
   1    1.9998121  -20.31158398
   2    1.9998119  -20.30828387
   3    1.9995094  -11.09655518
   4    1.9899363  -1.04219355
   5    1.9897214  -1.00954476
   6    1.9761371  -0.50697593
   7    1.9708081  -0.44559697
   8    1.9699828  -0.42965097
   9    1.9837365  -0.37204024
  10    1.9862675  -0.35138053
  11    1.9809131  -0.29364285
  12    1.9606437  -0.21330028
  13    0.0393563  -0.04633255
  14    0.0190869  -0.01967127
  15    0.0137325  -0.01447286
  16    0.0162635  -0.01768925
  17    0.0300172  -0.04002761
  18    0.0291919  -0.03926055
  19    0.0238629  -0.02485176
  20    0.0102786  -0.02120498
  21    0.0100637  -0.02144079
  22    0.0004906  -0.00886989
  23    0.0001881  -0.00634136
  24    0.0001879  -0.00628909
 
----------------
 Final Energies 
----------------
Final NOF Total Energy =    -188.7564497
 
Total Orbital Internal Iterations = 608
Total Occupation Internal Iterations = 62
 
Elapsed time:   94.38 Seconds

---------------------------------
   Lowdin Population Analysis    
---------------------------------
 Idx  Atom   Population   Charge 
---------------------------------
  1     O     7.979       0.021
  2     O     8.008      -0.008
  3     C     6.843      -0.843
  4     H     1.171      -0.171

---------------------------------
   M Diagnostic: 0.04
---------------------------------

