Computing Integrals
Basis Set                                            = def2-qzvp
Auxiliary Basis Set                                  = def2-universal-jkfit
Gaussian Type                                        = Spherical
Elapsed time:    9.91 Seconds

Number of basis functions                   (NBF)    = 532
Number of auxiliary basis functions         (NBFAUX) = 628
Inactive Doubly occupied orbitals up to     (NO1)    = 0
No. considered Strongly Doubly occupied MOs (NDOC)   = 24
No. considered Strongly Singly occupied MOs (NSOC)   = 0
NO. of Weakly occ. per St. Doubly occ.  MOs (NCWO)   = 1
Dimension of the Nat. Orb. subspace         (NBF5)   = 48
No. of electrons                                     = 48
    No. of alpha electrons                           = 24
    No. of beta electrons                            = 24
Multiplicity                                         = 1

Geometry
========
 C      -2.2672042      -1.2336456      -0.0021687
 H      -2.8073993      -1.5228670       0.8952294
 C      -1.8664339       0.0963059       0.0018329
 H      -2.7953434      -1.5210411      -0.9073265
 N      -1.4164892       1.1752514       0.0060550
Li      -0.2861359      -1.9726867       0.0063779
 C       2.2672042       1.2336456      -0.0021687
 H       2.8073993       1.5228670       0.8952294
 C       1.8664339      -0.0963059       0.0018329
 H       2.7953434       1.5210411      -0.9073265
 N       1.4164892      -1.1752514       0.0060550
Li       0.2861359       1.9726867       0.0063779

No violations of the orthonormality
No violations of the orthonormality
 
PNOF8/ADABelief Calculation
==================
 
  Nitext  Nit_orb  Time   Nit_occ  Time         Eelec          Etot           Ediff      maxdiff    MaxGrad_orb  Grad_occ
     1      10    1.3e+01    5    1.2e+01  -493.32687809  -278.51327582 -10492.32687809   0.010946   4.4e-02   3.6e-04 0.04
     2      20    9.2e+00    0    1.4e-01  -493.35980788  -278.54620561    -0.03292979   0.010946   4.4e-02   3.6e-04 0.04
     3      40    1.6e+01   15    1.3e-01  -493.37998363  -278.56638137    -0.02017575   0.135680   5.4e-01   1.9e-04 0.04
     4      40    1.4e+01    9    1.8e-01  -493.41036704  -278.59676478    -0.03038341   0.002501   1.0e-02   1.0e-04 0.04
     5      40    1.5e+01    7    1.3e-01  -493.42178398  -278.60818171    -0.01141693   0.006563   2.6e-02   1.5e-04 0.04
     6      40    1.7e+01    6    1.3e-01  -493.42798836  -278.61438609    -0.00620438   0.004455   1.8e-02   1.0e-04 0.04
     7      40    1.6e+01    5    1.8e-01  -493.43076083  -278.61715856    -0.00277247   0.005668   2.3e-02   1.4e-04 0.04
     8      40    1.5e+01    4    1.4e-01  -493.43211136  -278.61850909    -0.00135053   0.004353   1.7e-02   1.4e-04 0.04
     9      40    1.6e+01    4    1.3e-01  -493.43267672  -278.61907445    -0.00056536   0.005779   2.3e-02   7.3e-05 0.04
    10      40    1.4e+01    4    1.4e-01  -493.43302683  -278.61942457    -0.00035012   0.005345   2.1e-02   3.5e-05 0.04
    11      40    1.5e+01    4    1.2e-01  -493.43331610  -278.61971384    -0.00028927   0.005392   2.2e-02   2.9e-05 0.04
    12      40    1.4e+01    4    1.3e-01  -493.43360060  -278.61999834    -0.00028450   0.004764   1.9e-02   4.6e-05 0.04
    13      40    1.5e+01    4    1.4e-01  -493.43398183  -278.62037956    -0.00038123   0.005091   2.0e-02   9.4e-05 0.04
    14      40    1.5e+01    2    1.3e-01  -493.43453419  -278.62093193    -0.00055236   0.004836   1.9e-02   2.5e-04 0.04
    15      40    1.5e+01    3    1.3e-01  -493.43525062  -278.62164835    -0.00071643   0.004412   1.8e-02   2.8e-04 0.04
    16      40    1.5e+01    2    1.8e-01  -493.43597029  -278.62236802    -0.00071967   0.005112   2.0e-02   2.6e-04 0.04
    17      40    1.5e+01    3    1.3e-01  -493.43659324  -278.62299098    -0.00062296   0.005240   2.1e-02   2.2e-04 0.04
    18      40    1.4e+01    2    1.6e-01  -493.43711366  -278.62351140    -0.00052042   0.004853   1.9e-02   2.1e-04 0.04
    19      40    1.5e+01    2    1.4e-01  -493.43755996  -278.62395769    -0.00044630   0.005348   2.1e-02   2.1e-04 0.04
    20      40    1.4e+01    2    1.3e-01  -493.43780590  -278.62420363    -0.00024594   0.005109   2.0e-02   1.5e-04 0.04
    21      40    1.4e+01    2    1.3e-01  -493.43796508  -278.62436281    -0.00015918   0.004828   1.9e-02   1.2e-04 0.04
    22      40    1.4e+01    1    1.5e-01  -493.43798506  -278.62438280    -0.00001999   0.005615   2.2e-02   2.5e-04 0.04
    23      40    1.4e+01    2    1.6e-01  -493.43804259  -278.62444032    -0.00005753   0.005412   2.2e-02   1.0e-04 0.04
    24      40    1.4e+01    1    1.3e-01  -493.43806393  -278.62446167    -0.00002135   0.005304   2.1e-02   1.8e-04 0.04
    25      40    1.6e+01    2    1.4e-01  -493.43808015  -278.62447789    -0.00001622   0.005234   2.1e-02   1.6e-04 0.04
    26      40    1.5e+01    1    1.3e-01  -493.43809935  -278.62449709    -0.00001920   0.005876   2.4e-02   2.2e-04 0.04
    27      40    1.5e+01    2    1.3e-01  -493.43814108  -278.62453881    -0.00004172   0.005617   2.2e-02   1.9e-04 0.04
    28      40    1.5e+01    0    1.3e-01  -493.43814439  -278.62454213    -0.00000332   0.005617   2.2e-02   1.9e-04 0.04
    29      57    2.2e+01    0    1.3e-01  -493.43908947  -278.62548720    -0.00094508   0.000492   2.0e-03   3.6e-04 0.04
 
RESULTS OF THE OCCUPATION OPTIMIZATION
========================================
   1    1.9997443  -15.54307117
   2    1.9997510  -15.54295276
   3    1.9995308  -11.24405248
   4    1.9995222  -11.24305969
   5    1.9995690  -11.19657520
   6    1.9995803  -11.19599982
   7    1.9973177  -2.41309607
   8    1.9974750  -2.41218673
   9    1.9851163  -1.19186316
  10    1.9868372  -0.97979336
  11    1.9865846  -0.91598728
  12    1.9863540  -0.88326805
  13    1.9810830  -0.84783144
  14    1.9828894  -0.64459021
  15    1.9734217  -0.58566409
  16    1.9729097  -0.56605340
  17    1.9755357  -0.55907165
  18    1.9754004  -0.55449131
  19    1.9753125  -0.54504443
  20    1.9752300  -0.54478361
  21    1.9580672  -0.47502660
  22    1.9589833  -0.46642531
  23    1.9589999  -0.46478237
  24    1.9598609  -0.43932890
  25    0.0401391  -0.04234538
  26    0.0410001  -0.04311602
  27    0.0410167  -0.04313781
  28    0.0419328  -0.04347149
  29    0.0247700  -0.02366417
  30    0.0246875  -0.02363653
  31    0.0245996  -0.02372944
  32    0.0244643  -0.02366844
  33    0.0270903  -0.03446197
  34    0.0265783  -0.03297535
  35    0.0171106  -0.02217142
  36    0.0189170  -0.02945466
  37    0.0136460  -0.01735540
  38    0.0134154  -0.01707382
  39    0.0131628  -0.02088073
  40    0.0148837  -0.02648318
  41    0.0025250  -0.01049829
  42    0.0026823  -0.01096350
  43    0.0004197  -0.00735496
  44    0.0004310  -0.00755144
  45    0.0004778  -0.00809547
  46    0.0004692  -0.00795244
  47    0.0002490  -0.00631790
  48    0.0002557  -0.00646667
 
----------------
 Final Energies 
----------------
Final NOF Total Energy =    -278.6254872
 
Total Orbital Internal Iterations = 1127
Total Occupation Internal Iterations = 98
 
Elapsed time:  478.33 Seconds

---------------------------------
   Lowdin Population Analysis    
---------------------------------
 Idx  Atom   Population   Charge 
---------------------------------
  1     C     5.918       0.082
  2     H     1.069      -0.069
  3     C     6.112      -0.112
  4     H     1.069      -0.069
  5     N     6.718       0.282
  6    Li     3.116      -0.116
  7     C     5.916       0.084
  8     H     1.069      -0.069
  9     C     6.112      -0.112
 10     H     1.068      -0.068
 11     N     6.719       0.281
 12    Li     3.114      -0.114

---------------------------------
   M Diagnostic: 0.04
---------------------------------

