Computing Integrals
Basis Set                                            = def2-qzvp
Auxiliary Basis Set                                  = def2-universal-jkfit
Gaussian Type                                        = Spherical
Elapsed time:    1.79 Seconds

Number of basis functions                   (NBF)    = 117
Number of auxiliary basis functions         (NBFAUX) = 113
Inactive Doubly occupied orbitals up to     (NO1)    = 0
No. considered Strongly Doubly occupied MOs (NDOC)   = 4
No. considered Strongly Singly occupied MOs (NSOC)   = 1
NO. of Weakly occ. per St. Doubly occ.  MOs (NCWO)   = 1
Dimension of the Nat. Orb. subspace         (NBF5)   = 9
No. of electrons                                     = 9
    No. of alpha electrons                           = 5
    No. of beta electrons                            = 4
Multiplicity                                         = 2

Geometry
========
 N       0.0000000       0.0000000       0.4242463
 H      -0.8023121       0.0000000      -0.2121232
 H       0.8023121       0.0000000      -0.2121232

No violations of the orthonormality
No violations of the orthonormality
 
PNOF8/ADABelief Calculation
==================
 
  Nitext  Nit_orb  Time   Nit_occ  Time         Eelec          Etot           Ediff      maxdiff    MaxGrad_orb  Grad_occ
     1      10    9.3e+00    4    1.2e+01   -63.28562299   -55.72133834 -10062.28562299   0.013589   5.4e-02   2.7e-05 0.03
     2      20    2.5e-01    5    1.0e-03   -63.29528736   -55.73100271    -0.00966437   0.013856   5.5e-02   2.7e-05 0.03
     3      20    5.3e-01    3    9.9e-03   -63.29714629   -55.73286164    -0.00185893   0.012995   5.2e-02   1.0e-04 0.03
     4      20    4.5e-01    3    1.8e-02   -63.29819887   -55.73391423    -0.00105258   0.014742   5.9e-02   1.0e-04 0.03
     5      20    1.2e+00    3    4.1e-03   -63.29887843   -55.73459378    -0.00067955   0.016609   6.6e-02   3.2e-05 0.03
     6      20    3.4e-01    3    1.3e-03   -63.29908399   -55.73479934    -0.00020556   0.014676   5.9e-02   1.6e-05 0.03
     7      20    3.5e-01    3    1.3e-02   -63.29926850   -55.73498385    -0.00018451   0.017112   6.8e-02   1.5e-05 0.03
     8      20    4.1e-01    0    7.1e-03   -63.29928657   -55.73500192    -0.00001807   0.017112   6.8e-02   1.5e-05 0.03
     9      39    8.8e-01    2    1.4e-02   -63.30018395   -55.73589930    -0.00089738   0.000496   2.0e-03   1.6e-04 0.03
 
RESULTS OF THE OCCUPATION OPTIMIZATION
========================================
   1    1.9997323  -15.58859775
   2    1.9855426  -1.01703544
   3    1.9675462  -0.63126867
   4    1.9676735  -0.63073626
   5    1.0000000  -0.26642112
   6    0.0323265  -0.03196328
   7    0.0324538  -0.03202268
   8    0.0144574  -0.02004134
   9    0.0002677  -0.00696383
 
----------------
 Final Energies 
----------------
Final NOF Total Energy =     -55.7358993
 
Total Orbital Internal Iterations = 189
Total Occupation Internal Iterations = 26
 
Elapsed time:   32.48 Seconds

---------------------------------
   Lowdin Population Analysis    
---------------------------------
 Idx  Atom   Population   Charge 
---------------------------------
  1     N     6.502       0.498
  2     H     1.249      -0.249
  3     H     1.249      -0.249

---------------------------------
   M Diagnostic: 0.03
---------------------------------

