Computing Integrals
Basis Set                                            = def2-qzvp
Auxiliary Basis Set                                  = def2-universal-jkfit
Gaussian Type                                        = Spherical
Elapsed time:    2.96 Seconds

Number of basis functions                   (NBF)    = 201
Number of auxiliary basis functions         (NBFAUX) = 249
Inactive Doubly occupied orbitals up to     (NO1)    = 0
No. considered Strongly Doubly occupied MOs (NDOC)   = 11
No. considered Strongly Singly occupied MOs (NSOC)   = 1
NO. of Weakly occ. per St. Doubly occ.  MOs (NCWO)   = 1
Dimension of the Nat. Orb. subspace         (NBF5)   = 23
No. of electrons                                     = 23
    No. of alpha electrons                           = 12
    No. of beta electrons                            = 11
Multiplicity                                         = 2

Geometry
========
 H      -0.2690454      -1.5391876       0.0000000
 O      -0.8267685      -0.2299978       0.0000000
 N       0.0342399       0.6485534       0.0000000
 N       1.0615740       1.1206319       0.0000000

No violations of the orthonormality
No violations of the orthonormality
 
PNOF8/ADABelief Calculation
==================
 
  Nitext  Nit_orb  Time   Nit_occ  Time         Eelec          Etot           Ediff      maxdiff    MaxGrad_orb  Grad_occ
     1      10    1.0e+01    6    1.2e+01  -250.34689594  -184.66065411 -10249.34689594   0.021841   8.7e-02   1.8e-04 0.05
     2      20    1.7e+00    0    1.4e-02  -250.35971467  -184.67347285    -0.01281873   0.021841   8.7e-02   1.8e-04 0.05
     3      40    4.3e+00   11    2.4e-02  -250.36920647  -184.68296464    -0.00949180   0.067960   2.7e-01   1.8e-04 0.05
     4      40    4.5e+00    8    2.5e-02  -250.37591071  -184.68966889    -0.00670424   0.004454   1.8e-02   2.6e-04 0.05
     5      40    4.5e+00    7    2.8e-02  -250.38123830  -184.69499648    -0.00532759   0.004899   2.0e-02   2.8e-04 0.05
     6      40    4.0e+00    8    4.4e-02  -250.38532625  -184.69908442    -0.00408795   0.004720   1.9e-02   1.1e-04 0.05
     7      40    3.9e+00    6    9.0e-03  -250.38808439  -184.70184257    -0.00275814   0.004037   1.6e-02   2.3e-04 0.05
     8      40    5.0e+00    4    3.5e-02  -250.38997767  -184.70373585    -0.00189328   0.004247   1.7e-02   1.9e-04 0.05
     9      40    4.7e+00    4    4.6e-02  -250.39122200  -184.70498018    -0.00124433   0.004201   1.7e-02   1.5e-04 0.05
    10      40    3.9e+00    4    5.9e-02  -250.39197714  -184.70573532    -0.00075514   0.004545   1.8e-02   1.9e-04 0.05
    11      40    4.3e+00    4    6.6e-02  -250.39245585  -184.70621402    -0.00047870   0.004181   1.7e-02   1.8e-04 0.05
    12      40    4.0e+00    4    4.4e-02  -250.39274335  -184.70650153    -0.00028751   0.003675   1.5e-02   1.4e-04 0.05
    13      40    4.2e+00    3    8.5e-03  -250.39294495  -184.70670312    -0.00020160   0.004202   1.7e-02   2.0e-04 0.05
    14      40    3.9e+00    3    2.2e-02  -250.39304902  -184.70680720    -0.00010407   0.003575   1.4e-02   1.9e-04 0.05
    15      40    4.1e+00    3    4.3e-02  -250.39310493  -184.70686310    -0.00005591   0.004888   2.0e-02   1.7e-04 0.05
    16      40    3.5e+00    2    3.9e-02  -250.39313495  -184.70689312    -0.00003002   0.004029   1.6e-02   1.7e-04 0.05
    17      40    4.0e+00    2    1.6e-02  -250.39315129  -184.70690947    -0.00001634   0.004466   1.8e-02   1.4e-04 0.05
    18      40    4.0e+00    0    7.7e-03  -250.39315224  -184.70691042    -0.00000095   0.004466   1.8e-02   1.4e-04 0.05
    19      55    6.6e+00    0    4.4e-03  -250.39357634  -184.70733452    -0.00042410   0.000473   1.9e-03   1.3e-04 0.05
 
RESULTS OF THE OCCUPATION OPTIMIZATION
========================================
   1    1.9998339  -20.46559192
   2    1.9997099  -15.95768174
   3    1.9996140  -15.78800083
   4    1.9925698  -1.53575585
   5    1.9815727  -1.25947009
   6    1.9673696  -0.87725028
   7    1.9870430  -0.82158371
   8    1.9870386  -0.82039799
   9    1.9864009  -0.81547908
  10    1.9560063  -0.58540661
  11    1.9541406  -0.57435576
  12    1.0000000  -0.18108475
  13    0.0458594  -0.06051482
  14    0.0439937  -0.05888998
  15    0.0135991  -0.02058776
  16    0.0129614  -0.01849545
  17    0.0129570  -0.01859699
  18    0.0326304  -0.05416423
  19    0.0184273  -0.03339529
  20    0.0074302  -0.01745190
  21    0.0003860  -0.00913447
  22    0.0002901  -0.00721953
  23    0.0001661  -0.00582411
 
----------------
 Final Energies 
----------------
Final NOF Total Energy =    -184.7073345
 
Total Orbital Internal Iterations = 725
Total Occupation Internal Iterations = 79
 
Elapsed time:  106.64 Seconds

---------------------------------
   Lowdin Population Analysis    
---------------------------------
 Idx  Atom   Population   Charge 
---------------------------------
  1     H     1.185      -0.185
  2     O     7.798       0.202
  3     N     7.106      -0.106
  4     N     6.912       0.088

---------------------------------
   M Diagnostic: 0.05
---------------------------------

