Computing Integrals
Basis Set                                            = def2-qzvp
Auxiliary Basis Set                                  = def2-universal-jkfit
Gaussian Type                                        = Spherical
Elapsed time:   10.08 Seconds

Number of basis functions                   (NBF)    = 525
Number of auxiliary basis functions         (NBFAUX) = 523
Inactive Doubly occupied orbitals up to     (NO1)    = 0
No. considered Strongly Doubly occupied MOs (NDOC)   = 20
No. considered Strongly Singly occupied MOs (NSOC)   = 0
NO. of Weakly occ. per St. Doubly occ.  MOs (NCWO)   = 1
Dimension of the Nat. Orb. subspace         (NBF5)   = 40
No. of electrons                                     = 40
    No. of alpha electrons                           = 20
    No. of beta electrons                            = 20
Multiplicity                                         = 1

Geometry
========
 C      -1.2305794       0.5008610       0.1067649
 C      -1.2131399      -0.8768975       0.0796620
 N       1.0474773      -1.3394378      -0.0969583
 N       1.4193091      -0.1394987       0.3148126
 C       0.9411304       1.0218896      -0.1666075
 H      -1.5568740       1.0598524      -0.7631546
 H      -1.3311087       1.0258797       1.0498055
 H      -1.4642439      -1.4174608      -0.8254654
 H      -1.2416596      -1.4588403       0.9900861
 H       0.8556798      -1.2524569      -1.0954130
 H       1.6985779      -0.1368188       1.2895607
 H       1.2461565       1.9209778       0.3570906
 H       0.8292746       1.0919502      -1.2401835

No violations of the orthonormality
No violations of the orthonormality
 
PNOF8/ADABelief Calculation
==================
 
  Nitext  Nit_orb  Time   Nit_occ  Time         Eelec          Etot           Ediff      maxdiff    MaxGrad_orb  Grad_occ
     1      10    1.4e+01   10    1.2e+01  -406.76433280  -227.70448498 -10405.76433280   0.013744   5.5e-02   1.0e-04 0.33
     2      20    6.7e+00   10    1.1e-01  -406.80438946  -227.74454164    -0.04005666   0.141635   5.7e-01   1.5e-04 0.32
     3      20    6.4e+00    7    1.1e-01  -406.82840866  -227.76856083    -0.02401919   0.013136   5.3e-02   2.3e-04 0.32
     4      20    5.8e+00    7    1.0e-01  -406.83536626  -227.77551844    -0.00695761   0.021098   8.4e-02   9.6e-05 0.32
     5      20    5.8e+00    4    1.2e-01  -406.83952825  -227.77968042    -0.00416198   0.022640   9.1e-02   3.1e-04 0.32
     6      20    6.3e+00    5    1.1e-01  -406.84095265  -227.78110483    -0.00142440   0.027031   1.1e-01   1.0e-04 0.32
     7      20    5.4e+00    0    9.5e-02  -406.84111410  -227.78126628    -0.00016145   0.027031   1.1e-01   1.0e-04 0.32
     8      40    1.2e+01    4    1.0e-01  -406.85522266  -227.79537484    -0.01410856   0.001370   5.5e-03   1.1e-04 0.32
     9      40    1.0e+01    0    1.0e-01  -406.85527832  -227.79543050    -0.00005565   0.001370   5.5e-03   1.1e-04 0.32
    10      44    1.1e+01    3    1.5e-01  -406.85543083  -227.79558301    -0.00015252   0.000487   1.9e-03   1.5e-04 0.32
 
RESULTS OF THE OCCUPATION OPTIMIZATION
========================================
   1    1.9996857  -15.58350486
   2    1.9996706  -14.98642846
   3    1.9996242  -11.64364076
   4    1.9995328  -11.39254107
   5    1.9995034  -11.27067352
   6    1.9902268  -1.23710371
   7    1.9802260  -0.98976050
   8    1.9867272  -0.98279130
   9    1.9736599  -0.78325837
  10    1.9757141  -0.71610277
  11    1.9777465  -0.69626145
  12    1.9729901  -0.68585946
  13    1.9743929  -0.64744636
  14    1.9758463  -0.64288176
  15    1.9666784  -0.64006221
  16    1.9692530  -0.62471915
  17    1.9745680  -0.59443573
  18    1.9744355  -0.59323047
  19    1.9509961  -0.37750986
  20    1.6800524  -0.31191912
  21    0.3199476  -0.08166609
  22    0.0490039  -0.04075671
  23    0.0255645  -0.02509212
  24    0.0254320  -0.02481718
  25    0.0307470  -0.03156714
  26    0.0333216  -0.04471321
  27    0.0241537  -0.02483920
  28    0.0256071  -0.02521015
  29    0.0270099  -0.03062724
  30    0.0222535  -0.02373688
  31    0.0242859  -0.02568747
  32    0.0263401  -0.03462304
  33    0.0132728  -0.01849076
  34    0.0197740  -0.02862085
  35    0.0097732  -0.01586507
  36    0.0004966  -0.00852911
  37    0.0004672  -0.00820284
  38    0.0003758  -0.00696782
  39    0.0003294  -0.00767494
  40    0.0003143  -0.00764419
 
----------------
 Final Energies 
----------------
Final NOF Total Energy =    -227.7955830
 
Total Orbital Internal Iterations = 254
Total Occupation Internal Iterations = 50
 
Elapsed time:  110.20 Seconds

---------------------------------
   Lowdin Population Analysis    
---------------------------------
 Idx  Atom   Population   Charge 
---------------------------------
  1     C     5.874       0.126
  2     C     5.850       0.150
  3     N     6.718       0.282
  4     N     6.700       0.300
  5     C     5.903       0.097
  6     H     1.088      -0.088
  7     H     1.089      -0.089
  8     H     1.094      -0.094
  9     H     1.094      -0.094
 10     H     1.245      -0.245
 11     H     1.145      -0.145
 12     H     1.102      -0.102
 13     H     1.098      -0.098

---------------------------------
   M Diagnostic: 0.32
---------------------------------

