Computing Integrals
Basis Set                                            = def2-qzvp
Auxiliary Basis Set                                  = def2-universal-jkfit
Gaussian Type                                        = Spherical
Elapsed time:   14.05 Seconds

Number of basis functions                   (NBF)    = 642
Number of auxiliary basis functions         (NBFAUX) = 634
Inactive Doubly occupied orbitals up to     (NO1)    = 0
No. considered Strongly Doubly occupied MOs (NDOC)   = 25
No. considered Strongly Singly occupied MOs (NSOC)   = 0
NO. of Weakly occ. per St. Doubly occ.  MOs (NCWO)   = 1
Dimension of the Nat. Orb. subspace         (NBF5)   = 50
No. of electrons                                     = 50
    No. of alpha electrons                           = 25
    No. of beta electrons                            = 25
Multiplicity                                         = 1

Geometry
========
 C       1.2868180      -0.3674320       0.2962650
 H       0.7856760      -1.2739980      -0.0400400
 O       2.6645800      -0.3656580      -0.0832590
 C       0.5626100       0.8772730      -0.2084730
 H       1.1636470       1.7406340       0.0832110
 H       0.5407350       0.8656280      -1.3035380
 C      -0.8629860       1.0534570       0.3257110
 H      -1.1844770       2.0800600       0.1347760
 H      -0.8763610       0.9149410       1.4096740
 H       2.6964930      -0.4774670      -1.0367960
 H       1.2856220      -0.3747360       1.3860380
 C      -1.9047000       0.1368940      -0.2919860
 H      -2.9003280       0.4446700       0.0410660
 H      -1.8711480       0.2246330      -1.3835990
 O      -1.6403840      -1.2066130       0.1135440
 H      -2.3238780      -1.7673390      -0.2621790

No violations of the orthonormality
No violations of the orthonormality
 
PNOF8/ADABelief Calculation
==================
 
  Nitext  Nit_orb  Time   Nit_occ  Time         Eelec          Etot           Ediff      maxdiff    MaxGrad_orb  Grad_occ
     1      10    1.6e+01    5    1.2e+01  -562.35782848  -307.96741047 -10561.35782848   0.011594   4.6e-02   3.0e-04 0.03
     2      20    1.1e+01    0    1.9e-01  -562.39093823  -308.00052022    -0.03310975   0.011594   4.6e-02   3.0e-04 0.03
     3      40    2.0e+01   14    2.7e-01  -562.41444390  -308.02402589    -0.02350567   0.114957   4.6e-01   2.0e-04 0.03
     4      40    2.1e+01    9    2.2e-01  -562.43634739  -308.04592938    -0.02190349   0.004617   1.8e-02   6.4e-05 0.03
     5      40    2.1e+01    6    2.1e-01  -562.44641791  -308.05599990    -0.01007053   0.007011   2.8e-02   1.1e-04 0.03
     6      40    2.1e+01    5    2.1e-01  -562.45182681  -308.06140880    -0.00540889   0.011205   4.5e-02   2.0e-04 0.03
     7      40    2.2e+01    4    2.2e-01  -562.45409782  -308.06367981    -0.00227102   0.005677   2.3e-02   1.4e-04 0.03
     8      40    2.1e+01    3    2.3e-01  -562.45525766  -308.06483965    -0.00115983   0.010534   4.2e-02   2.2e-04 0.03
     9      40    2.0e+01    3    3.1e-01  -562.45582334  -308.06540533    -0.00056569   0.005666   2.3e-02   9.6e-05 0.03
    10      40    2.3e+01    3    2.1e-01  -562.45621500  -308.06579699    -0.00039165   0.008797   3.5e-02   1.4e-04 0.03
    11      40    2.1e+01    3    2.1e-01  -562.45639928  -308.06598127    -0.00018429   0.009424   3.8e-02   9.0e-05 0.03
    12      40    2.1e+01    3    2.2e-01  -562.45664034  -308.06622233    -0.00024105   0.011843   4.7e-02   9.1e-05 0.03
    13      40    2.2e+01    3    2.2e-01  -562.45677186  -308.06635385    -0.00013153   0.009127   3.7e-02   1.1e-04 0.03
    14      40    2.0e+01    3    2.2e-01  -562.45692537  -308.06650736    -0.00015351   0.010955   4.4e-02   8.8e-05 0.03
    15      40    2.2e+01    2    2.1e-01  -562.45699553  -308.06657752    -0.00007016   0.008380   3.4e-02   2.5e-04 0.03
    16      40    2.1e+01    2    2.9e-01  -562.45703317  -308.06661516    -0.00003764   0.010823   4.3e-02   2.5e-04 0.03
    17      40    2.1e+01    2    2.1e-01  -562.45704298  -308.06662497    -0.00000981   0.008718   3.5e-02   1.9e-04 0.03
    18      40    2.2e+01    1    2.9e-01  -562.45707057  -308.06665256    -0.00002759   0.010731   4.3e-02   1.9e-04 0.03
    19      40    2.3e+01    0    2.1e-01  -562.45707191  -308.06665390    -0.00000134   0.010731   4.3e-02   1.9e-04 0.03
    20      60    3.3e+01    1    2.1e-01  -562.45882410  -308.06840609    -0.00175219   0.000643   2.6e-03   1.6e-04 0.03
 
RESULTS OF THE OCCUPATION OPTIMIZATION
========================================
   1    1.9997905  -20.58572196
   2    1.9997940  -20.57506316
   3    1.9995185  -11.25714323
   4    1.9995266  -11.24385578
   5    1.9995570  -11.22400203
   6    1.9995639  -11.21831423
   7    1.9901770  -1.30713204
   8    1.9903150  -1.29095973
   9    1.9811418  -0.91053047
  10    1.9798719  -0.86291672
  11    1.9799927  -0.85240396
  12    1.9802955  -0.85029226
  13    1.9708575  -0.71645677
  14    1.9704473  -0.68948436
  15    1.9654848  -0.65406859
  16    1.9654886  -0.63982447
  17    1.9821618  -0.60217298
  18    1.9741722  -0.59256075
  19    1.9822031  -0.59153730
  20    1.9742130  -0.58812845
  21    1.9740011  -0.57624121
  22    1.9732145  -0.56792956
  23    1.9700564  -0.56382451
  24    1.9699641  -0.55142735
  25    1.9695776  -0.52589549
  26    0.0304224  -0.03424718
  27    0.0300359  -0.03402808
  28    0.0299436  -0.03447408
  29    0.0267855  -0.02597343
  30    0.0259989  -0.02521638
  31    0.0257870  -0.02568610
  32    0.0177969  -0.02138508
  33    0.0258278  -0.02526327
  34    0.0178382  -0.02158898
  35    0.0345114  -0.04633928
  36    0.0345152  -0.04642953
  37    0.0295527  -0.03602290
  38    0.0291425  -0.03606029
  39    0.0197045  -0.02361417
  40    0.0200073  -0.02390680
  41    0.0201281  -0.02407065
  42    0.0188582  -0.02344764
  43    0.0096850  -0.02114978
  44    0.0098230  -0.02128476
  45    0.0004361  -0.00774127
  46    0.0004430  -0.00774083
  47    0.0004734  -0.00813996
  48    0.0004815  -0.00828023
  49    0.0002060  -0.00674049
  50    0.0002095  -0.00683212
 
----------------
 Final Energies 
----------------
Final NOF Total Energy =    -308.0684061
 
Total Orbital Internal Iterations = 770
Total Occupation Internal Iterations = 72
 
Elapsed time:  470.29 Seconds

---------------------------------
   Lowdin Population Analysis    
---------------------------------
 Idx  Atom   Population   Charge 
---------------------------------
  1     C     6.097      -0.097
  2     H     1.073      -0.073
  3     O     7.422       0.578
  4     C     5.919       0.081
  5     H     1.049      -0.049
  6     H     1.050      -0.050
  7     C     5.916       0.084
  8     H     1.044      -0.044
  9     H     1.041      -0.041
 10     H     1.346      -0.346
 11     H     1.059      -0.059
 12     C     6.105      -0.105
 13     H     1.066      -0.066
 14     H     1.062      -0.062
 15     O     7.408       0.592
 16     H     1.342      -0.342

---------------------------------
   M Diagnostic: 0.03
---------------------------------

