Computing Integrals
Basis Set                                            = def2-qzvp
Auxiliary Basis Set                                  = def2-universal-jkfit
Gaussian Type                                        = Spherical
Elapsed time:   12.41 Seconds

Number of basis functions                   (NBF)    = 642
Number of auxiliary basis functions         (NBFAUX) = 634
Inactive Doubly occupied orbitals up to     (NO1)    = 0
No. considered Strongly Doubly occupied MOs (NDOC)   = 25
No. considered Strongly Singly occupied MOs (NSOC)   = 0
NO. of Weakly occ. per St. Doubly occ.  MOs (NCWO)   = 1
Dimension of the Nat. Orb. subspace         (NBF5)   = 50
No. of electrons                                     = 50
    No. of alpha electrons                           = 25
    No. of beta electrons                            = 25
Multiplicity                                         = 1

Geometry
========
 C      -1.4389280      -0.1098150       0.5320710
 H      -2.4723350       0.0745730       0.8248840
 O      -1.4725270      -1.0835520      -0.5024510
 C      -0.7982190       1.2040860       0.0870420
 H      -1.4570380       1.6941530      -0.6322070
 H      -0.7309590       1.8612060       0.9598960
 C       0.5916280       1.0561430      -0.5438030
 H       1.0126080       2.0524650      -0.6999240
 H       0.5035310       0.5962270      -1.5304770
 H      -0.5860970      -1.4623720      -0.5039450
 H      -0.9167790      -0.5057240       1.4080120
 C       1.5807110       0.2380840       0.2816880
 H       2.6061380       0.4720480      -0.0111360
 H       1.4811300       0.4692730       1.3425220
 O       1.3607170      -1.1796070       0.1661890
 H       1.8431270      -1.4775620      -0.6095270

No violations of the orthonormality
No violations of the orthonormality
 
PNOF8/ADABelief Calculation
==================
 
  Nitext  Nit_orb  Time   Nit_occ  Time         Eelec          Etot           Ediff      maxdiff    MaxGrad_orb  Grad_occ
     1      10    1.5e+01    5    1.2e+01  -572.38678775  -307.96830832 -10571.38678775   0.010103   4.0e-02   2.5e-04 0.03
     2      20    1.2e+01    0    2.3e-01  -572.41977281  -308.00129338    -0.03298506   0.010103   4.0e-02   2.5e-04 0.03
     3      40    2.2e+01   12    2.6e-01  -572.44107994  -308.02260051    -0.02130713   0.078839   3.2e-01   2.3e-04 0.03
     4      40    2.5e+01    9    2.2e-01  -572.46059733  -308.04211790    -0.01951739   0.004142   1.7e-02   1.8e-04 0.03
     5      40    2.1e+01    6    2.4e-01  -572.47119935  -308.05271992    -0.01060202   0.009084   3.6e-02   2.2e-04 0.03
     6      40    2.2e+01    6    2.2e-01  -572.47801428  -308.05953485    -0.00681493   0.008487   3.4e-02   1.4e-04 0.03
     7      40    2.1e+01    4    2.2e-01  -572.48136252  -308.06288309    -0.00334824   0.008486   3.4e-02   2.7e-04 0.03
     8      40    2.2e+01    4    2.1e-01  -572.48339593  -308.06491650    -0.00203342   0.008142   3.3e-02   1.8e-04 0.03
     9      40    2.1e+01    3    3.0e-01  -572.48458414  -308.06610471    -0.00118821   0.007708   3.1e-02   2.2e-04 0.03
    10      40    2.1e+01    3    3.0e-01  -572.48532987  -308.06685044    -0.00074573   0.008037   3.2e-02   1.2e-04 0.03
    11      40    2.3e+01    3    2.2e-01  -572.48570147  -308.06722204    -0.00037160   0.007988   3.2e-02   1.9e-04 0.03
    12      40    2.0e+01    3    2.2e-01  -572.48593475  -308.06745533    -0.00023328   0.007677   3.1e-02   1.2e-04 0.03
    13      40    2.4e+01    3    2.2e-01  -572.48597852  -308.06749910    -0.00004377   0.008047   3.2e-02   1.2e-04 0.03
    14      40    2.2e+01    1    2.2e-01  -572.48605655  -308.06757713    -0.00007803   0.007817   3.1e-02   1.8e-04 0.03
    15      40    2.2e+01    0    2.2e-01  -572.48605727  -308.06757784    -0.00000072   0.007817   3.1e-02   1.8e-04 0.03
    16      60    3.2e+01    0    2.2e-01  -572.48766313  -308.06918371    -0.00160587   0.001047   4.2e-03   2.1e-04 0.03
    17      70    3.8e+01    0    2.2e-01  -572.48766313  -308.06918371     0.00000000   0.001047   4.2e-03   2.1e-04 0.03
    18      62    3.5e+01    1    2.1e-01  -572.48766491  -308.06918549    -0.00000178   0.000495   2.0e-03   1.8e-04 0.03
 
RESULTS OF THE OCCUPATION OPTIMIZATION
========================================
   1    1.9997970  -20.59382224
   2    1.9997968  -20.56826550
   3    1.9995273  -11.26198059
   4    1.9995265  -11.24616426
   5    1.9995530  -11.22538603
   6    1.9995564  -11.22027225
   7    1.9903746  -1.31332971
   8    1.9902886  -1.28574974
   9    1.9802221  -0.87621631
  10    1.9805626  -0.87119406
  11    1.9800773  -0.85042893
  12    1.9799629  -0.84772893
  13    1.9707341  -0.71544880
  14    1.9704361  -0.67145864
  15    1.9652582  -0.65927284
  16    1.9836775  -0.65190970
  17    1.9655806  -0.63399561
  18    1.9747559  -0.62840431
  19    1.9744585  -0.60105147
  20    1.9741252  -0.59438329
  21    1.9739439  -0.58375869
  22    1.9820360  -0.57700009
  23    1.9696737  -0.54835224
  24    1.9696437  -0.54363829
  25    1.9695289  -0.52620675
  26    0.0304711  -0.03445996
  27    0.0303563  -0.03454150
  28    0.0303263  -0.03417141
  29    0.0179640  -0.02141887
  30    0.0260561  -0.02523638
  31    0.0258748  -0.02528632
  32    0.0255415  -0.02564525
  33    0.0252441  -0.02566868
  34    0.0344194  -0.04616230
  35    0.0163225  -0.02053763
  36    0.0347418  -0.04676143
  37    0.0295639  -0.03687732
  38    0.0292659  -0.03611781
  39    0.0200371  -0.02378120
  40    0.0199227  -0.02376292
  41    0.0194374  -0.02359421
  42    0.0197779  -0.02393750
  43    0.0097114  -0.02118139
  44    0.0096254  -0.02112522
  45    0.0004436  -0.00777530
  46    0.0004470  -0.00781099
  47    0.0004735  -0.00814936
  48    0.0004727  -0.00814072
  49    0.0002032  -0.00669112
  50    0.0002030  -0.00674580
 
----------------
 Final Energies 
----------------
Final NOF Total Energy =    -308.0691855
 
Total Orbital Internal Iterations = 742
Total Occupation Internal Iterations = 63
 
Elapsed time:  464.13 Seconds

---------------------------------
   Lowdin Population Analysis    
---------------------------------
 Idx  Atom   Population   Charge 
---------------------------------
  1     C     6.112      -0.112
  2     H     1.063      -0.063
  3     O     7.423       0.577
  4     C     5.919       0.081
  5     H     1.047      -0.047
  6     H     1.047      -0.047
  7     C     5.920       0.080
  8     H     1.047      -0.047
  9     H     1.047      -0.047
 10     H     1.369      -0.369
 11     H     1.060      -0.060
 12     C     6.085      -0.085
 13     H     1.063      -0.063
 14     H     1.057      -0.057
 15     O     7.399       0.601
 16     H     1.341      -0.341

---------------------------------
   M Diagnostic: 0.03
---------------------------------

