Computing Integrals
Basis Set                                            = def2-qzvp
Auxiliary Basis Set                                  = def2-universal-jkfit
Gaussian Type                                        = Spherical
Elapsed time:    6.38 Seconds

Number of basis functions                   (NBF)    = 391
Number of auxiliary basis functions         (NBFAUX) = 445
Inactive Doubly occupied orbitals up to     (NO1)    = 0
No. considered Strongly Doubly occupied MOs (NDOC)   = 21
No. considered Strongly Singly occupied MOs (NSOC)   = 0
NO. of Weakly occ. per St. Doubly occ.  MOs (NCWO)   = 1
Dimension of the Nat. Orb. subspace         (NBF5)   = 42
No. of electrons                                     = 42
    No. of alpha electrons                           = 21
    No. of beta electrons                            = 21
Multiplicity                                         = 1

Geometry
========
 O      -2.6230507       0.0983053      -0.2620611
 H      -1.6716484       0.0200216      -0.4294782
 H      -2.8369391       0.9964234      -0.5148255
 C       0.4073302      -0.0340636      -0.5409216
Cl       1.3208633      -0.1895449      -1.9641069
 C       1.2421153      -0.1696644       0.6612515
 H       2.3287649      -0.1804742       0.5550829
 H       0.9214309       0.5791287       1.3905426
 H       0.9111337      -1.1201319       1.1045163

No violations of the orthonormality
No violations of the orthonormality
 
PNOF8/ADABelief Calculation
==================
 
  Nitext  Nit_orb  Time   Nit_occ  Time         Eelec          Etot           Ediff      maxdiff    MaxGrad_orb  Grad_occ
     1      10    1.1e+01   10    1.2e+01  -754.92130082  -613.64073285 -10753.92130082   0.027505   1.1e-01   2.3e-04 0.03
     2      20    4.3e+00    0    5.8e-02  -754.95313892  -613.67257095    -0.03183810   0.027505   1.1e-01   2.3e-04 0.03
     3      40    7.8e+00   23    5.6e-02  -754.98770647  -613.70713849    -0.03456755   0.139282   5.6e-01   1.8e-04 0.03
     4      40    7.7e+00   10    5.5e-02  -755.01129355  -613.73072558    -0.02358708   0.004999   2.0e-02   1.7e-04 0.03
     5      40    6.8e+00    8    5.7e-02  -755.02439861  -613.74383063    -0.01310506   0.009983   4.0e-02   2.9e-04 0.03
     6      40    8.1e+00    8    5.6e-02  -755.03429027  -613.75372230    -0.00989166   0.008293   3.3e-02   2.0e-04 0.03
     7      40    7.4e+00    8    5.0e-02  -755.04034157  -613.75977359    -0.00605129   0.010321   4.1e-02   1.5e-04 0.03
     8      40    7.2e+00    6    5.6e-02  -755.04491974  -613.76435177    -0.00457817   0.009213   3.7e-02   2.6e-04 0.03
     9      40    7.7e+00    6    5.2e-02  -755.04782628  -613.76725830    -0.00290654   0.010524   4.2e-02   2.1e-04 0.03
    10      40    7.9e+00    6    4.9e-02  -755.04982607  -613.76925810    -0.00199980   0.009585   3.8e-02   1.4e-04 0.03
    11      40    8.1e+00    6    1.2e-01  -755.05107854  -613.77051057    -0.00125247   0.009266   3.7e-02   7.7e-05 0.03
    12      40    8.8e+00    5    6.3e-02  -755.05186728  -613.77129931    -0.00078874   0.011794   4.7e-02   1.3e-04 0.03
    13      40    8.2e+00    4    5.8e-02  -755.05241704  -613.77184906    -0.00054976   0.010765   4.3e-02   1.8e-04 0.03
    14      40    7.4e+00    3    5.5e-02  -755.05271957  -613.77215160    -0.00030254   0.011454   4.6e-02   1.7e-04 0.03
    15      40    7.4e+00    3    5.7e-02  -755.05307443  -613.77250645    -0.00035486   0.011913   4.8e-02   1.8e-04 0.03
    16      40    7.1e+00    3    5.1e-02  -755.05315776  -613.77258978    -0.00008333   0.011843   4.7e-02   1.2e-04 0.03
    17      40    7.9e+00    2    5.6e-02  -755.05335260  -613.77278462    -0.00019484   0.011388   4.6e-02   1.3e-04 0.03
    18      40    7.5e+00    2    5.6e-02  -755.05347004  -613.77290207    -0.00011745   0.011730   4.7e-02   1.2e-04 0.03
    19      40    7.5e+00    1    4.4e-02  -755.05359059  -613.77302261    -0.00012054   0.011247   4.5e-02   2.2e-04 0.03
    20      40    7.8e+00    2    5.2e-02  -755.05370403  -613.77313606    -0.00011344   0.011577   4.6e-02   1.1e-04 0.03
    21      40    1.0e+01    1    5.1e-02  -755.05380937  -613.77324139    -0.00010534   0.011051   4.4e-02   1.6e-04 0.03
    22      40    8.0e+00    2    5.6e-02  -755.05393059  -613.77336262    -0.00012122   0.011009   4.4e-02   1.3e-04 0.03
    23      40    7.3e+00    1    5.8e-02  -755.05401674  -613.77344877    -0.00008615   0.011342   4.5e-02   1.7e-04 0.03
    24      40    8.3e+00    1    5.6e-02  -755.05405786  -613.77348988    -0.00004112   0.010438   4.2e-02   2.2e-04 0.03
    25      40    8.5e+00    2    5.4e-02  -755.05417715  -613.77360917    -0.00011929   0.010920   4.4e-02   1.5e-04 0.03
    26      40    8.5e+00    1    5.0e-02  -755.05422493  -613.77365695    -0.00004778   0.010088   4.0e-02   2.2e-04 0.03
    27      40    9.1e+00    1    5.3e-02  -755.05430279  -613.77373481    -0.00007786   0.011103   4.4e-02   2.2e-04 0.03
    28      40    7.9e+00    1    6.2e-02  -755.05433263  -613.77376465    -0.00002984   0.010394   4.2e-02   2.2e-04 0.03
    29      40    6.9e+00    1    5.0e-02  -755.05440858  -613.77384060    -0.00007595   0.010554   4.2e-02   2.6e-04 0.03
    30      40    7.5e+00    0    5.1e-02  -755.05441071  -613.77384273    -0.00000213   0.010554   4.2e-02   2.6e-04 0.03
    31      60    1.1e+01    1    4.4e-02  -755.05617827  -613.77561029    -0.00176756   0.000858   3.4e-03   2.4e-04 0.03
 
RESULTS OF THE OCCUPATION OPTIMIZATION
========================================
   1    1.9999670  -104.92008927
   2    1.9997868  -20.54928100
   3    1.9994239  -11.27280557
   4    1.9993016  -10.67994966
   5    1.9993156  -10.44213939
   6    1.9989150  -8.47750044
   7    1.9988010  -8.35721149
   8    1.9986399  -8.19823667
   9    1.9905785  -1.19968462
  10    1.9892397  -1.17227286
  11    1.9921348  -1.08526538
  12    1.9710972  -0.67623875
  13    1.9706500  -0.67354082
  14    1.9779755  -0.63201016
  15    1.9755347  -0.61014693
  16    1.9675488  -0.59318900
  17    1.9807279  -0.58856470
  18    1.9708055  -0.57236296
  19    1.9810394  -0.56464838
  20    1.9666631  -0.54498707
  21    1.9795736  -0.50478827
  22    0.0204264  -0.02292602
  23    0.0333369  -0.04598674
  24    0.0189606  -0.02293809
  25    0.0291945  -0.03385008
  26    0.0192721  -0.02349525
  27    0.0324512  -0.03710919
  28    0.0244653  -0.02532938
  29    0.0220245  -0.02505953
  30    0.0293500  -0.03539483
  31    0.0289028  -0.03636360
  32    0.0078652  -0.02767555
  33    0.0107603  -0.01964533
  34    0.0094215  -0.02256516
  35    0.0013601  -0.01740913
  36    0.0011990  -0.01601821
  37    0.0010850  -0.01649891
  38    0.0006844  -0.01488293
  39    0.0006984  -0.01544761
  40    0.0005761  -0.01080916
  41    0.0002132  -0.00800064
  42    0.0000330  -0.00582269
 
----------------
 Final Energies 
----------------
Final NOF Total Energy =    -613.7756103
 
Total Orbital Internal Iterations = 1210
Total Occupation Internal Iterations = 128
 
Elapsed time:  277.63 Seconds

---------------------------------
   Lowdin Population Analysis    
---------------------------------
 Idx  Atom   Population   Charge 
---------------------------------
  1     O     7.364       0.636
  2     H     1.417      -0.417
  3     H     1.351      -0.351
  4     C     6.351      -0.351
  5    Cl    16.472       0.528
  6     C     5.901       0.099
  7     H     1.071      -0.071
  8     H     1.048      -0.048
  9     H     1.025      -0.025

---------------------------------
   M Diagnostic: 0.03
---------------------------------

