Computing Integrals
Basis Set                                            = def2-qzvp
Auxiliary Basis Set                                  = def2-universal-jkfit
Gaussian Type                                        = Spherical
Elapsed time:    1.77 Seconds

Number of basis functions                   (NBF)    = 147
Number of auxiliary basis functions         (NBFAUX) = 131
Inactive Doubly occupied orbitals up to     (NO1)    = 0
No. considered Strongly Doubly occupied MOs (NDOC)   = 5
No. considered Strongly Singly occupied MOs (NSOC)   = 0
NO. of Weakly occ. per St. Doubly occ.  MOs (NCWO)   = 1
Dimension of the Nat. Orb. subspace         (NBF5)   = 10
No. of electrons                                     = 10
    No. of alpha electrons                           = 5
    No. of beta electrons                            = 5
Multiplicity                                         = 1

Geometry
========
 N      -1.0437843      -0.0948723       0.0000000
 H      -0.6557010      -1.0404794       0.0000000
 H      -0.6556774       0.3779676       0.8189212
 H      -0.6556774       0.3779676      -0.8189212

No violations of the orthonormality
No violations of the orthonormality
 
PNOF8/ADABelief Calculation
==================
 
  Nitext  Nit_orb  Time   Nit_occ  Time         Eelec          Etot           Ediff      maxdiff    MaxGrad_orb  Grad_occ
     1      10    9.4e+00    4    1.2e+01   -68.22464359   -56.38363088 -10067.22464359   0.012073   4.8e-02   3.9e-05 0.03
     2      20    8.6e-01    5    5.7e-02   -68.23532506   -56.39431235    -0.01068147   0.005636   2.3e-02   1.7e-04 0.03
     3      20    9.3e-01    6    1.2e-02   -68.23683237   -56.39581966    -0.00150731   0.012772   5.1e-02   8.6e-05 0.03
     4      20    6.8e-01    3    1.9e-02   -68.23819712   -56.39718441    -0.00136475   0.012008   4.8e-02   1.7e-04 0.03
     5      20    1.1e+00    3    8.2e-04   -68.23926990   -56.39825719    -0.00107278   0.011602   4.6e-02   7.3e-05 0.03
     6      20    1.3e+00    3    5.7e-03   -68.24019681   -56.39918410    -0.00092691   0.012856   5.1e-02   3.2e-05 0.03
     7      20    1.7e+00    0    4.6e-03   -68.24026772   -56.39925501    -0.00007091   0.012856   5.1e-02   3.2e-05 0.03
     8      40    1.5e+00    3    2.7e-02   -68.24170797   -56.40069526    -0.00144025   0.001773   7.1e-03   1.1e-05 0.03
     9      40    1.9e+00    2    8.5e-03   -68.24189963   -56.40088692    -0.00019166   0.001836   7.3e-03   1.1e-04 0.03
    10      40    1.8e+00    2    1.8e-03   -68.24194823   -56.40093551    -0.00004859   0.002520   1.0e-02   1.7e-04 0.03
    11      40    2.3e+00    1    1.2e-02   -68.24197004   -56.40095733    -0.00002182   0.002231   8.9e-03   1.7e-04 0.03
    12      40    1.9e+00    0    1.8e-02   -68.24197139   -56.40095868    -0.00000135   0.002231   8.9e-03   1.7e-04 0.03
    13      44    2.3e+00    1    1.6e-02   -68.24200894   -56.40099623    -0.00003755   0.000487   1.9e-03   1.3e-04 0.03
 
RESULTS OF THE OCCUPATION OPTIMIZATION
========================================
   1    1.9997144  -15.55198868
   2    1.9883632  -1.05766416
   3    1.9715550  -0.61032876
   4    1.9715220  -0.61022795
   5    1.9715317  -0.61016408
   6    0.0284683  -0.03006084
   7    0.0284780  -0.03006811
   8    0.0284450  -0.03005850
   9    0.0116368  -0.01864144
  10    0.0002856  -0.00736081
 
----------------
 Final Energies 
----------------
Final NOF Total Energy =     -56.4009962
 
Total Orbital Internal Iterations = 374
Total Occupation Internal Iterations = 33
 
Elapsed time:   46.78 Seconds

---------------------------------
   Lowdin Population Analysis    
---------------------------------
 Idx  Atom   Population   Charge 
---------------------------------
  1     N     6.443       0.557
  2     H     1.186      -0.186
  3     H     1.186      -0.186
  4     H     1.186      -0.186

---------------------------------
   M Diagnostic: 0.03
---------------------------------

