Computing Integrals
Basis Set                                            = def2-qzvp
Auxiliary Basis Set                                  = def2-universal-jkfit
Gaussian Type                                        = Spherical
Elapsed time:   18.57 Seconds

Number of basis functions                   (NBF)    = 718
Number of auxiliary basis functions         (NBFAUX) = 928
Inactive Doubly occupied orbitals up to     (NO1)    = 0
No. considered Strongly Doubly occupied MOs (NDOC)   = 54
No. considered Strongly Singly occupied MOs (NSOC)   = 0
NO. of Weakly occ. per St. Doubly occ.  MOs (NCWO)   = 1
Dimension of the Nat. Orb. subspace         (NBF5)   = 108
No. of electrons                                     = 108
    No. of alpha electrons                           = 54
    No. of beta electrons                            = 54
Multiplicity                                         = 1

Geometry
========
 N       0.0000000       0.0000000       4.0966500
 C       0.0000000       0.0000000       5.2389330
 H       0.0000000       0.0000000       6.3063400
 I       0.0000000       0.0000000       0.8379080
 C       0.0000000       0.0000000      -1.2574380
 C       0.0000000       1.2035120      -1.9485380
 C       0.0000000       1.1986190      -3.3357790
 C       0.0000000       0.0000000      -4.0323620
 C       0.0000000      -1.1986190      -3.3357790
 C       0.0000000      -1.2035120      -1.9485380
 H       0.0000000       2.1411600      -1.4086920
 H       0.0000000       2.1394520      -3.8714410
 H       0.0000000       0.0000000      -5.1147180
 H       0.0000000      -2.1394520      -3.8714410
 H       0.0000000      -2.1411600      -1.4086920

No violations of the orthonormality
No violations of the orthonormality
 
PNOF8/ADABelief Calculation
==================
 
  Nitext  Nit_orb  Time   Nit_occ  Time         Eelec          Etot           Ediff      maxdiff    MaxGrad_orb  Grad_occ
     1      10    2.8e+01    9    1.4e+01 -3465.94736495 -2764.74375279 -13464.94736495   0.013420   5.4e-02   3.7e-04 0.97
     2      20    3.6e+01    0    8.8e-01 -3466.00221354 -2764.79860138    -0.05484858   0.013420   5.4e-02   3.7e-04 0.97
     3      40    7.1e+01  179    1.7e+00 -3466.03812505 -2764.83451289    -0.03591151   0.180874   7.2e-01   2.0e-04 0.95
     4      40    7.1e+01   23    1.1e+00 -3466.14294835 -2764.93933619    -0.10482330   0.005675   2.3e-02   2.2e-04 0.97
     5      40    7.2e+01    9    9.4e-01 -3466.17154249 -2764.96793033    -0.02859414   0.008996   3.6e-02   3.5e-04 0.98
     6      40    7.3e+01    9    1.0e+00 -3466.18643106 -2764.98281890    -0.01488856   0.007234   2.9e-02   2.5e-04 0.97
     7      40    7.2e+01    6    9.3e-01 -3466.19190930 -2764.98829714    -0.00547825   0.032305   1.3e-01   2.0e-04 0.98
     8      40    7.1e+01    4    9.1e-01 -3466.19568369 -2764.99207153    -0.00377438   0.006616   2.6e-02   2.8e-04 0.97
     9      40    7.1e+01    4    9.1e-01 -3466.19679636 -2764.99318420    -0.00111267   0.007728   3.1e-02   2.5e-04 0.98
    10      40    7.3e+01    4    8.8e-01 -3466.19776203 -2764.99414987    -0.00096567   0.010839   4.3e-02   2.0e-04 0.97
    11      40    7.1e+01    4    9.1e-01 -3466.19817068 -2764.99455852    -0.00040865   0.011789   4.7e-02   2.1e-04 0.97
    12      40    7.4e+01    4    9.0e-01 -3466.19865578 -2764.99504362    -0.00048511   0.011897   4.8e-02   1.8e-04 0.97
    13      40    7.2e+01    3    9.9e-01 -3466.19883572 -2764.99522356    -0.00017994   0.012010   4.8e-02   3.1e-04 0.97
    14      40    7.2e+01    3    9.1e-01 -3466.19903261 -2764.99542045    -0.00019689   0.012239   4.9e-02   2.5e-04 0.97
    15      40    7.2e+01    3    8.8e-01 -3466.19904560 -2764.99543344    -0.00001299   0.012474   5.0e-02   2.6e-04 0.97
    16      40    7.2e+01    0    9.7e-01 -3466.19905179 -2764.99543963    -0.00000620   0.012474   5.0e-02   2.6e-04 0.97
    17      60    1.1e+02    1    9.4e-01 -3466.20367084 -2765.00005868    -0.00461905   0.001017   4.1e-03   2.9e-04 0.97
    18      60    1.1e+02    0    8.7e-01 -3466.20367360 -2765.00006144    -0.00000275   0.001017   4.1e-03   2.9e-04 0.97
    19      57    9.8e+01    2    9.1e-01 -3466.20371376 -2765.00010160    -0.00004017   0.000495   2.0e-03   2.5e-04 0.97
 
RESULTS OF THE OCCUPATION OPTIMIZATION
========================================
   1    1.9999981  -149.65141643
   2    1.9999924  -64.71888803
   3    1.9999917  -64.70854507
   4    1.9999917  -64.70754311
   5    1.9999387  -26.25641330
   6    1.9997367  -13.06262029
   7    1.9997227  -12.53394420
   8    1.9997619  -12.29376898
   9    1.9996125  -11.05679960
  10    1.9997010  -11.05539207
  11    1.9996978  -11.04604471
  12    1.9996803  -11.02315428
  13    1.9995493  -10.99232420
  14    1.9996595  -10.94809146
  15    1.9994711  -10.88276440
  16    1.9995398  -10.87362159
  17    1.9994862  -10.87072654
  18    1.9994461  -10.84566523
  19    1.9994434  -10.84215037
  20    1.9995828  -10.57744746
  21    1.9995135  -10.29233486
  22    1.9985131  -4.86668201
  23    1.9982641  -4.37689897
  24    1.9979508  -4.05590369
  25    1.9979372  -4.05490734
  26    1.9979523  -4.05461732
  27    1.9979464  -4.05452726
  28    1.9978093  -4.05410045
  29    1.9978615  -4.05326797
  30    1.9884166  -1.02022715
  31    1.9863720  -1.00819862
  32    1.9805295  -0.98153956
  33    1.9863633  -0.97102145
  34    1.9792982  -0.89983056
  35    1.9792709  -0.89762348
  36    1.9791103  -0.89243152
  37    1.9627199  -0.88604585
  38    1.9628721  -0.88432997
  39    1.9787706  -0.87409110
  40    1.9804346  -0.72615496
  41    1.9753376  -0.70685837
  42    1.9752593  -0.67633991
  43    1.9760131  -0.64918787
  44    1.9755537  -0.63944154
  45    1.9752891  -0.62569945
  46    1.9749206  -0.61530414
  47    1.9748589  -0.61462725
  48    1.9573134  -0.51414042
  49    1.9572421  -0.51383389
  50    1.9612026  -0.41732265
  51    1.9612735  -0.41204585
  52    1.9610244  -0.41053793
  53    1.9582068  -0.39949876
  54    1.0295188  -0.15872911
  55    0.9704812  -0.14551517
  56    0.0417932  -0.04900211
  57    0.0389756  -0.03700213
  58    0.0387265  -0.03675046
  59    0.0387974  -0.03777863
  60    0.0427579  -0.04354397
  61    0.0426866  -0.04355523
  62    0.0251411  -0.02574690
  63    0.0250794  -0.02600396
  64    0.0247109  -0.02563252
  65    0.0244463  -0.02586577
  66    0.0239869  -0.02547029
  67    0.0247407  -0.03167986
  68    0.0246624  -0.03270043
  69    0.0195654  -0.02474339
  70    0.0212294  -0.03005590
  71    0.0371279  -0.04254264
  72    0.0372801  -0.04303413
  73    0.0208897  -0.02988578
  74    0.0207291  -0.02909342
  75    0.0207018  -0.02965053
  76    0.0136367  -0.01806639
  77    0.0194705  -0.02866455
  78    0.0136280  -0.02041903
  79    0.0115834  -0.01919651
  80    0.0021385  -0.01244714
  81    0.0021907  -0.01264117
  82    0.0020536  -0.01208408
  83    0.0020477  -0.01207088
  84    0.0020628  -0.01212974
  85    0.0020492  -0.01207344
  86    0.0017359  -0.00967949
  87    0.0014869  -0.00811160
  88    0.0004865  -0.00466941
  89    0.0004172  -0.00432018
  90    0.0005566  -0.00854910
  91    0.0005539  -0.00872837
  92    0.0005138  -0.00830438
  93    0.0004602  -0.00777548
  94    0.0005289  -0.00849400
  95    0.0003405  -0.00366235
  96    0.0004507  -0.00771893
  97    0.0003197  -0.00312889
  98    0.0003022  -0.00312336
  99    0.0002990  -0.00305032
 100    0.0003875  -0.00670643
 101    0.0002381  -0.00297334
 102    0.0002773  -0.00441268
 103    0.0002633  -0.00445936
 104    0.0000613  -0.00160566
 105    0.0000083  -0.00066072
 106    0.0000083  -0.00067165
 107    0.0000076  -0.00064274
 108    0.0000019  -0.00035590
 
----------------
 Final Energies 
----------------
Final NOF Total Energy =   -2765.0001016
 
Total Orbital Internal Iterations = 767
Total Occupation Internal Iterations = 267
 
Elapsed time: 1501.85 Seconds

---------------------------------
   Lowdin Population Analysis    
---------------------------------
 Idx  Atom   Population   Charge 
---------------------------------
  1     N     6.887       0.113
  2     C     5.956       0.044
  3     H     1.140      -0.140
  4     I    52.535       0.465
  5     C     6.416      -0.416
  6     C     5.976       0.024
  7     C     5.936       0.064
  8     C     5.933       0.067
  9     C     5.937       0.063
 10     C     5.973       0.027
 11     H     1.065      -0.065
 12     H     1.062      -0.062
 13     H     1.061      -0.061
 14     H     1.062      -0.062
 15     H     1.062      -0.062

---------------------------------
   M Diagnostic: 0.97
---------------------------------

