Computing Integrals
Basis Set                                            = def2-qzvp
Auxiliary Basis Set                                  = def2-universal-jkfit
Gaussian Type                                        = Spherical
Elapsed time:    5.08 Seconds

Number of basis functions                   (NBF)    = 284
Number of auxiliary basis functions         (NBFAUX) = 541
Inactive Doubly occupied orbitals up to     (NO1)    = 0
No. considered Strongly Doubly occupied MOs (NDOC)   = 70
No. considered Strongly Singly occupied MOs (NSOC)   = 0
NO. of Weakly occ. per St. Doubly occ.  MOs (NCWO)   = 1
Dimension of the Nat. Orb. subspace         (NBF5)   = 140
No. of electrons                                     = 140
    No. of alpha electrons                           = 70
    No. of beta electrons                            = 70
Multiplicity                                         = 1

Geometry
========
Bi       0.0000000       0.0000000       1.0565898
 H      -0.7197064       1.2465680       2.0703279
 H      -0.7197064      -1.2465680       2.0703279
 H       1.4394128       0.0000000       2.0703279
 I       0.0000000       0.0000000      -2.8369122
 H       0.0000000       0.0000000      -4.4306612

No violations of the orthonormality
No violations of the orthonormality
 
PNOF8/ADABelief Calculation
==================
 
  Nitext  Nit_orb  Time   Nit_occ  Time         Eelec          Etot           Ediff      maxdiff    MaxGrad_orb  Grad_occ
     1      10    1.3e+01    7    1.2e+01 -7627.76327890 -6912.11113393 -17626.76327890   0.008717   3.5e-02   2.5e-04 0.99
     2      20    6.5e+00  116    1.5e+00 -7627.87595220 -6912.22380724    -0.11267331   0.016611   6.6e-02   2.3e-04 0.98
     3      20    7.2e+00   12    4.1e-01 -7627.93287018 -6912.28072521    -0.05691798   0.003148   1.3e-02   3.2e-04 0.99
     4      20    6.8e+00    7    3.3e-01 -7627.94287691 -6912.29073195    -0.01000673   0.002562   1.0e-02   3.3e-04 0.99
     5      20    7.0e+00    6    3.3e-01 -7627.94650343 -6912.29435846    -0.00362651   0.002223   8.9e-03   3.2e-04 0.99
     6      20    6.6e+00    6    3.2e-01 -7627.94874512 -6912.29660016    -0.00224170   0.002206   8.8e-03   2.7e-04 0.99
     7      20    8.4e+00    4    2.9e-01 -7627.95041139 -6912.29826642    -0.00166626   0.002068   8.3e-03   2.8e-04 0.99
     8      20    6.9e+00    6    3.0e-01 -7627.95172793 -6912.29958297    -0.00131655   0.002113   8.5e-03   2.3e-04 0.99
     9      20    6.4e+00    4    2.9e-01 -7627.95194467 -6912.29979970    -0.00021673   0.009828   3.9e-02   2.0e-04 0.99
    10      20    6.7e+00    1    2.6e-01 -7627.95231727 -6912.30017230    -0.00037260   0.002083   8.3e-03   2.9e-04 0.99
    11      20    6.8e+00    0    2.3e-01 -7627.95232148 -6912.30017651    -0.00000421   0.002083   8.3e-03   2.9e-04 0.99
    12      22    7.0e+00    1    2.7e-01 -7627.95278029 -6912.30063533    -0.00045882   0.000321   1.3e-03   3.0e-04 0.99
 
RESULTS OF THE OCCUPATION OPTIMIZATION
========================================
   1    2.0000000  -236.97914125
   2    1.9999999  -135.33594266
   3    1.9999999  -125.12873225
   4    1.9999999  -114.17466918
   5    1.9999999  -112.77930585
   6    1.9999976  -63.80445418
   7    1.9999979  -63.70252912
   8    1.9999983  -63.69983300
   9    1.9999980  -63.66244433
  10    1.9999922  -27.54503629
  11    1.9999924  -27.54407978
  12    1.9999922  -27.54357298
  13    1.9999867  -23.89825071
  14    1.9999844  -23.87746901
  15    1.9999872  -23.86000967
  16    1.9999854  -23.74827761
  17    1.9999834  -23.70318858
  18    1.9999810  -23.70293511
  19    1.9999800  -23.51628427
  20    1.9999784  -23.29410811
  21    1.9999753  -23.12315254
  22    1.9999659  -23.10683351
  23    1.9999658  -23.05864325
  24    1.9999699  -23.02325722
  25    1.9999729  -22.76255379
  26    1.9999605  -22.48292230
  27    1.9998258  -11.10296733
  28    1.9998218  -10.95142283
  29    1.9998002  -10.77011829
  30    1.9997929  -10.62767672
  31    1.9997894  -10.59764626
  32    1.9997701  -10.57581599
  33    1.9997496  -10.38483480
  34    1.9997419  -10.13315174
  35    1.9989693  -5.33725043
  36    1.9990648  -5.32398534
  37    1.9989233  -5.30631449
  38    1.9988453  -5.21701103
  39    1.9988144  -5.00424261
  40    1.9978059  -3.90570474
  41    1.9977493  -3.89568189
  42    1.9976237  -3.87332317
  43    1.9975842  -3.86750764
  44    1.9975394  -3.86626212
  45    1.9975538  -3.86312906
  46    1.9975350  -3.85928004
  47    1.9980663  -3.75060767
  48    1.9978911  -3.69611939
  49    1.9977349  -3.35778527
  50    1.9977070  -3.34356053
  51    1.9976734  -3.31872777
  52    1.9976786  -3.31814221
  53    1.9976115  -3.31546313
  54    1.9961800  -2.60702970
  55    1.9961999  -2.60516063
  56    1.9956439  -2.42988936
  57    1.9955913  -2.42883651
  58    1.9956510  -2.42739124
  59    1.9577518  -0.91783159
  60    1.9785912  -0.88688051
  61    1.9829042  -0.84854036
  62    1.9811533  -0.77540129
  63    1.9656703  -0.76225711
  64    1.9809569  -0.76034227
  65    1.9812156  -0.72766449
  66    1.9797005  -0.69796133
  67    1.7280179  -0.42354889
  68    1.9646479  -0.29004710
  69    1.9677644  -0.28937310
  70    1.0119211  -0.17584657
  71    0.9880789  -0.17122405
  72    0.0322356  -0.02459496
  73    0.0353521  -0.02911435
  74    0.2719821  -0.06705353
  75    0.0202995  -0.01749418
  76    0.0187844  -0.01776823
  77    0.0190431  -0.01783686
  78    0.0343297  -0.03591944
  79    0.0188467  -0.01733549
  80    0.0170958  -0.01733133
  81    0.0214088  -0.02459540
  82    0.0422482  -0.04460220
  83    0.0043490  -0.01100549
  84    0.0044087  -0.01118339
  85    0.0043561  -0.01104188
  86    0.0038001  -0.01004961
  87    0.0038200  -0.01009206
  88    0.0023885  -0.00801640
  89    0.0023214  -0.00784765
  90    0.0023266  -0.00788608
  91    0.0022930  -0.00784242
  92    0.0022651  -0.00782755
  93    0.0021089  -0.00816972
  94    0.0019337  -0.00765353
  95    0.0024650  -0.01249427
  96    0.0024462  -0.01239481
  97    0.0024606  -0.01256999
  98    0.0024158  -0.01239265
  99    0.0023763  -0.01227611
 100    0.0022507  -0.01191982
 101    0.0021941  -0.01184568
 102    0.0011856  -0.00538010
 103    0.0011547  -0.00580929
 104    0.0010767  -0.00514789
 105    0.0009352  -0.00457051
 106    0.0010307  -0.00499015
 107    0.0002581  -0.00255418
 108    0.0002504  -0.00250097
 109    0.0002299  -0.00241167
 110    0.0002106  -0.00223878
 111    0.0002071  -0.00221929
 112    0.0001998  -0.00198565
 113    0.0001782  -0.00182446
 114    0.0001742  -0.00180268
 115    0.0000395  -0.00084406
 116    0.0000271  -0.00059548
 117    0.0000301  -0.00065664
 118    0.0000342  -0.00073562
 119    0.0000341  -0.00072740
 120    0.0000247  -0.00053399
 121    0.0000216  -0.00050430
 122    0.0000200  -0.00046803
 123    0.0000190  -0.00045607
 124    0.0000166  -0.00041900
 125    0.0000146  -0.00037274
 126    0.0000128  -0.00033624
 127    0.0000156  -0.00039104
 128    0.0000133  -0.00034055
 129    0.0000078  -0.00023706
 130    0.0000076  -0.00023435
 131    0.0000078  -0.00023719
 132    0.0000020  -0.00011444
 133    0.0000017  -0.00010051
 134    0.0000021  -0.00011615
 135    0.0000024  -0.00013013
 136    0.0000001  -0.00002323
 137    0.0000001  -0.00002057
 138    0.0000001  -0.00001781
 139    0.0000001  -0.00001541
 140    0.0000000  -0.00000691
 
----------------
 Final Energies 
----------------
Final NOF Total Energy =   -6912.3006353
 
Total Orbital Internal Iterations = 232
Total Occupation Internal Iterations = 170
 
Elapsed time:  122.98 Seconds

---------------------------------
   Lowdin Population Analysis    
---------------------------------
 Idx  Atom   Population   Charge 
---------------------------------
  1    Bi    80.846       2.154
  2     H     1.700      -0.700
  3     H     1.700      -0.700
  4     H     1.701      -0.701
  5     I    52.689       0.311
  6     H     1.364      -0.364

---------------------------------
   M Diagnostic: 0.99
---------------------------------

