Computing Integrals
Basis Set                                            = def2-qzvp
Auxiliary Basis Set                                  = def2-universal-jkfit
Gaussian Type                                        = Spherical
Elapsed time:    2.68 Seconds

Number of basis functions                   (NBF)    = 140
Number of auxiliary basis functions         (NBFAUX) = 256
Inactive Doubly occupied orbitals up to     (NO1)    = 0
No. considered Strongly Doubly occupied MOs (NDOC)   = 15
No. considered Strongly Singly occupied MOs (NSOC)   = 0
NO. of Weakly occ. per St. Doubly occ.  MOs (NCWO)   = 1
Dimension of the Nat. Orb. subspace         (NBF5)   = 30
No. of electrons                                     = 30
    No. of alpha electrons                           = 15
    No. of beta electrons                            = 15
Multiplicity                                         = 1

Geometry
========
 P       0.0000000       0.0000000      -0.9491313
 P       0.0000000       0.0000000       0.9491313

No violations of the orthonormality
No violations of the orthonormality
 
PNOF8/ADABelief Calculation
==================
 
  Nitext  Nit_orb  Time   Nit_occ  Time         Eelec          Etot           Ediff      maxdiff    MaxGrad_orb  Grad_occ
     1      10    9.8e+00    9    1.2e+01  -744.59293798  -681.86998897 -10743.59293798   0.023850   9.5e-02   2.0e-04 0.05
     2      20    1.6e+00   13    1.5e-02  -744.71742376  -681.99447474    -0.12448577   0.349598   1.4e+00   2.2e-04 0.04
     3      20    1.4e+00    8    2.2e-02  -744.76180564  -682.03885663    -0.04438188   0.037290   1.5e-01   1.5e-04 0.04
     4      20    1.7e+00    0    2.0e-02  -744.76352467  -682.04057565    -0.00171902   0.037290   1.5e-01   1.5e-04 0.04
     5      40    3.0e+00    7    3.3e-02  -744.77287802  -682.04992900    -0.00935335   0.006703   2.7e-02   1.1e-04 0.04
     6      40    3.1e+00    6    4.5e-02  -744.77566134  -682.05271232    -0.00278332   0.007489   3.0e-02   5.8e-05 0.04
     7      40    3.0e+00    6    4.8e-02  -744.77695789  -682.05400887    -0.00129655   0.006949   2.8e-02   6.1e-05 0.04
     8      40    3.9e+00    5    1.3e-02  -744.77763808  -682.05468907    -0.00068019   0.007671   3.1e-02   1.1e-04 0.04
     9      40    3.8e+00    3    1.5e-02  -744.77791189  -682.05496287    -0.00027381   0.009555   3.8e-02   2.2e-04 0.04
    10      40    3.9e+00    3    5.6e-02  -744.77811752  -682.05516850    -0.00020563   0.007097   2.8e-02   2.3e-04 0.04
    11      40    3.9e+00    3    7.7e-02  -744.77826958  -682.05532056    -0.00015206   0.007848   3.1e-02   1.9e-04 0.04
    12      40    3.6e+00    3    2.1e-02  -744.77833990  -682.05539089    -0.00007033   0.007588   3.0e-02   1.7e-04 0.04
    13      40    4.0e+00    3    2.4e-02  -744.77848266  -682.05553364    -0.00014275   0.007761   3.1e-02   1.1e-04 0.04
    14      40    3.1e+00    2    1.5e-02  -744.77850877  -682.05555976    -0.00002612   0.007757   3.1e-02   1.8e-04 0.04
    15      40    3.8e+00    2    3.8e-02  -744.77857881  -682.05562980    -0.00007004   0.006979   2.8e-02   1.8e-04 0.04
    16      40    3.5e+00    2    1.5e-02  -744.77861329  -682.05566427    -0.00003448   0.007743   3.1e-02   9.9e-05 0.04
    17      40    3.3e+00    1    2.9e-03  -744.77862365  -682.05567464    -0.00001036   0.007669   3.1e-02   2.3e-04 0.04
    18      40    3.4e+00    0    3.7e-02  -744.77867137  -682.05572235    -0.00004772   0.007648   3.1e-02   3.1e-04 0.04
    19      50    5.2e+00    2    1.9e-02  -744.77885697  -682.05590796    -0.00018560   0.005603   2.2e-02   1.0e-04 0.04
    20      50    4.3e+00    0    1.2e-02  -744.77885867  -682.05590965    -0.00000169   0.005603   2.2e-02   1.0e-04 0.04
    21      70    5.8e+00    0    8.9e-03  -744.77910944  -682.05616042    -0.00025077   0.000558   2.2e-03   2.0e-04 0.04
 
RESULTS OF THE OCCUPATION OPTIMIZATION
========================================
   1    1.9999529  -80.01741610
   2    1.9999552  -80.01707777
   3    1.9988484  -7.51108133
   4    1.9989716  -7.49918473
   5    1.9981122  -5.42417298
   6    1.9980974  -5.41781880
   7    1.9979831  -5.41385774
   8    1.9977971  -5.41366433
   9    1.9978933  -5.41310189
  10    1.9979874  -5.41157963
  11    1.9929149  -0.87137618
  12    1.9906414  -0.63117558
  13    1.9716171  -0.45881605
  14    1.9607203  -0.37761946
  15    1.9608475  -0.37754150
  16    0.0391525  -0.04319768
  17    0.0392797  -0.04321929
  18    0.0283829  -0.04122473
  19    0.0093586  -0.03032038
  20    0.0070851  -0.02862411
  21    0.0020126  -0.01947082
  22    0.0021067  -0.02023317
  23    0.0022029  -0.02132392
  24    0.0020169  -0.01973242
  25    0.0019026  -0.01618477
  26    0.0018878  -0.01599540
  27    0.0010284  -0.01436734
  28    0.0011516  -0.01282238
  29    0.0000448  -0.00628356
  30    0.0000471  -0.00652270
 
----------------
 Final Energies 
----------------
Final NOF Total Energy =    -682.0561604
 
Total Orbital Internal Iterations = 800
Total Occupation Internal Iterations = 78
 
Elapsed time:   99.21 Seconds

---------------------------------
   Lowdin Population Analysis    
---------------------------------
 Idx  Atom   Population   Charge 
---------------------------------
  1     P    15.000       0.000
  2     P    15.000      -0.000

---------------------------------
   M Diagnostic: 0.04
---------------------------------

