Computing Integrals
Basis Set                                            = def2-qzvp
Auxiliary Basis Set                                  = def2-universal-jkfit
Gaussian Type                                        = Spherical
Elapsed time:   20.11 Seconds

Number of basis functions                   (NBF)    = 750
Number of auxiliary basis functions         (NBFAUX) = 866
Inactive Doubly occupied orbitals up to     (NO1)    = 0
No. considered Strongly Doubly occupied MOs (NDOC)   = 36
No. considered Strongly Singly occupied MOs (NSOC)   = 0
NO. of Weakly occ. per St. Doubly occ.  MOs (NCWO)   = 1
Dimension of the Nat. Orb. subspace         (NBF5)   = 72
No. of electrons                                     = 72
    No. of alpha electrons                           = 36
    No. of beta electrons                            = 36
Multiplicity                                         = 1

Geometry
========
 N      -0.0468530      -1.2194605      -0.8620798
 H      -0.0487155      -2.2291829      -0.8170372
 C      -1.3053591      -0.6066146      -0.9366763
 O      -2.3202961      -1.2793705      -0.9951928
 C      -1.2397582       0.8445823      -0.9385986
 H      -2.1557488       1.4038634      -1.0191925
 C      -0.0444795       1.4599579      -0.8378946
 H       0.0567111       2.5349602      -0.8286704
 N       1.1245268       0.7561215      -0.7369211
 H       2.0052557       1.2258101      -0.6104698
 C       1.1839476      -0.6252743      -0.6959239
 O       2.2232320      -1.2379350      -0.5369175
 C       0.7164524      -0.4437718       2.4042613
 H       1.7122707      -0.7977577       2.2900426
 C      -0.4281517      -0.0573141       2.5104532
 H      -1.4330342       0.2713862       2.6108173

No violations of the orthonormality
No violations of the orthonormality
 
PNOF8/ADABelief Calculation
==================
 
  Nitext  Nit_orb  Time   Nit_occ  Time         Eelec          Etot           Ediff      maxdiff    MaxGrad_orb  Grad_occ
     1      10    2.4e+01    8    1.3e+01  -985.97243744  -490.64227839 -10984.97243744   0.025736   1.0e-01   1.3e-04 0.05
     2      20    2.7e+01    6    6.1e-01  -986.19485601  -490.86469695    -0.22241856   0.028489   1.1e-01   1.2e-04 0.04
     3      20    2.5e+01    6    6.1e-01  -986.20228578  -490.87212673    -0.00742978   0.047916   1.9e-01   1.5e-04 0.04
     4      20    2.6e+01    5    6.1e-01  -986.20573740  -490.87557834    -0.00345161   0.050542   2.0e-01   2.5e-04 0.04
     5      20    2.6e+01    5    5.8e-01  -986.20732022  -490.87716117    -0.00158282   0.037298   1.5e-01   2.2e-04 0.04
     6      20    2.5e+01    0    6.1e-01  -986.20761110  -490.87745205    -0.00029088   0.037298   1.5e-01   2.2e-04 0.04
     7      40    5.1e+01    5    6.2e-01  -986.23271923  -490.90256018    -0.02510813   0.002024   8.1e-03   1.0e-04 0.04
     8      40    5.1e+01    3    6.3e-01  -986.23313831  -490.90297926    -0.00041908   0.005484   2.2e-02   2.0e-04 0.04
     9      40    4.9e+01    3    6.2e-01  -986.23334439  -490.90318534    -0.00020608   0.007399   3.0e-02   1.9e-04 0.04
    10      40    5.1e+01    3    6.3e-01  -986.23343333  -490.90327428    -0.00008894   0.006618   2.6e-02   1.4e-04 0.04
    11      40    5.2e+01    2    6.4e-01  -986.23346492  -490.90330587    -0.00003159   0.007027   2.8e-02   2.3e-04 0.04
    12      40    5.3e+01    2    6.2e-01  -986.23348555  -490.90332650    -0.00002063   0.006888   2.8e-02   1.3e-04 0.04
    13      40    5.1e+01    2    6.3e-01  -986.23350057  -490.90334151    -0.00001501   0.007020   2.8e-02   1.2e-04 0.04
    14      40    5.0e+01    0    6.3e-01  -986.23350354  -490.90334448    -0.00000297   0.007020   2.8e-02   1.2e-04 0.04
    15      60    7.5e+01    1    6.0e-01  -986.23400917  -490.90385011    -0.00050563   0.000565   2.3e-03   1.7e-04 0.04
 
RESULTS OF THE OCCUPATION OPTIMIZATION
========================================
   1    1.9998058  -20.57024285
   2    1.9998059  -20.56740931
   3    1.9996501  -15.49552892
   4    1.9996566  -15.40555005
   5    1.9994944  -11.43799622
   6    1.9995356  -11.42000214
   7    1.9994464  -11.38480278
   8    1.9994572  -11.34598620
   9    1.9995001  -11.26001705
  10    1.9994789  -11.25354720
  11    1.9909654  -1.31021704
  12    1.9895191  -1.15868992
  13    1.9894154  -1.15057742
  14    1.9894262  -1.14560437
  15    1.9880964  -1.03000685
  16    1.9884790  -1.00510843
  17    1.9807916  -0.94017292
  18    1.9866344  -0.82352517
  19    1.9729844  -0.78744936
  20    1.9726040  -0.76880465
  21    1.9728091  -0.75838368
  22    1.9758063  -0.75570882
  23    1.9758135  -0.73055265
  24    1.9764807  -0.72999574
  25    1.9774071  -0.72718686
  26    1.9765206  -0.72714978
  27    1.9728678  -0.71309485
  28    1.9773174  -0.67402521
  29    1.9740692  -0.67124395
  30    1.9714678  -0.66368624
  31    1.9714685  -0.65117485
  32    1.9587770  -0.51471085
  33    1.9608166  -0.49964544
  34    1.9568244  -0.42460018
  35    1.9566757  -0.42383323
  36    1.9591196  -0.41973770
  37    0.0408804  -0.04023593
  38    0.0433243  -0.03629432
  39    0.0431756  -0.03641054
  40    0.0391834  -0.05017690
  41    0.0412230  -0.05143916
  42    0.0285315  -0.04013087
  43    0.0285322  -0.04010873
  44    0.0259308  -0.03393027
  45    0.0226826  -0.02400546
  46    0.0271322  -0.03834379
  47    0.0234794  -0.02780269
  48    0.0225929  -0.02473782
  49    0.0235193  -0.02784305
  50    0.0241865  -0.02878537
  51    0.0241937  -0.02942804
  52    0.0271909  -0.03798472
  53    0.0273960  -0.04204819
  54    0.0270156  -0.04197173
  55    0.0133656  -0.01562406
  56    0.0192084  -0.02777887
  57    0.0115210  -0.01900359
  58    0.0119036  -0.01726705
  59    0.0105738  -0.01876697
  60    0.0105846  -0.01943949
  61    0.0104809  -0.01941247
  62    0.0090346  -0.01438068
  63    0.0005211  -0.00876557
  64    0.0004999  -0.00843642
  65    0.0005428  -0.00912846
  66    0.0005536  -0.00931816
  67    0.0004644  -0.00803281
  68    0.0005056  -0.00866904
  69    0.0003434  -0.00820199
  70    0.0003499  -0.00835579
  71    0.0001941  -0.00649645
  72    0.0001942  -0.00648138
 
----------------
 Final Energies 
----------------
Final NOF Total Energy =    -490.9038501
 
Total Orbital Internal Iterations = 490
Total Occupation Internal Iterations = 51
 
Elapsed time:  710.22 Seconds

---------------------------------
   Lowdin Population Analysis    
---------------------------------
 Idx  Atom   Population   Charge 
---------------------------------
  1     N     6.454       0.546
  2     H     1.120      -0.120
  3     C     6.580      -0.580
  4     O     7.728       0.272
  5     C     5.959       0.041
  6     H     1.069      -0.069
  7     C     6.008      -0.008
  8     H     1.056      -0.056
  9     N     6.455       0.545
 10     H     1.129      -0.129
 11     C     6.699      -0.699
 12     O     7.756       0.244
 13     C     5.860       0.140
 14     H     1.134      -0.134
 15     C     5.858       0.142
 16     H     1.137      -0.137

---------------------------------
   M Diagnostic: 0.04
---------------------------------

