Computing Integrals
Basis Set                                            = def2-qzvp
Auxiliary Basis Set                                  = def2-universal-jkfit
Gaussian Type                                        = Spherical
Elapsed time:   10.47 Seconds

Number of basis functions                   (NBF)    = 549
Number of auxiliary basis functions         (NBFAUX) = 619
Inactive Doubly occupied orbitals up to     (NO1)    = 0
No. considered Strongly Doubly occupied MOs (NDOC)   = 25
No. considered Strongly Singly occupied MOs (NSOC)   = 0
NO. of Weakly occ. per St. Doubly occ.  MOs (NCWO)   = 1
Dimension of the Nat. Orb. subspace         (NBF5)   = 50
No. of electrons                                     = 50
    No. of alpha electrons                           = 25
    No. of beta electrons                            = 25
Multiplicity                                         = 1

Geometry
========
 C      -0.6671715      -1.0356794       0.0000000
 C      -1.4128978       0.1284770       0.0000000
 C      -0.7561957       1.3592932       0.0000000
 C       0.6277846       1.3635102       0.0000000
 N       1.3675269       0.2435038       0.0000000
 C       0.7235096      -0.9125017       0.0000000
 O       1.4670679      -2.0428951       0.0000000
 H      -2.4924505       0.0798456       0.0000000
 H      -1.3038158       2.2891341       0.0000000
 H       1.1813209       2.2927083       0.0000000
 H      -1.1216351      -2.0142041       0.0000000
 H       2.3869565      -1.7511918       0.0000000

No violations of the orthonormality
No violations of the orthonormality
 
PNOF8/ADABelief Calculation
==================
 
  Nitext  Nit_orb  Time   Nit_occ  Time         Eelec          Etot           Ediff      maxdiff    MaxGrad_orb  Grad_occ
     1      10    1.4e+01    6    1.2e+01  -598.77470549  -322.54698047 -10597.77470549   0.014120   5.6e-02   3.0e-04 0.04
     2      20    8.1e+00    0    1.4e-01  -598.80927970  -322.58155467    -0.03457420   0.014120   5.6e-02   3.0e-04 0.04
     3      40    1.5e+01   14    1.5e-01  -598.83552571  -322.60780068    -0.02624601   0.150022   6.0e-01   2.6e-04 0.04
     4      40    1.6e+01   10    1.5e-01  -598.86371755  -322.63599253    -0.02819185   0.007444   3.0e-02   1.7e-04 0.04
     5      40    1.7e+01    7    1.4e-01  -598.87761169  -322.64988666    -0.01389413   0.006423   2.6e-02   2.2e-04 0.04
     6      40    1.6e+01    7    1.5e-01  -598.88627050  -322.65854547    -0.00865881   0.010465   4.2e-02   7.7e-05 0.04
     7      40    1.6e+01    4    1.4e-01  -598.88994230  -322.66221728    -0.00367181   0.012454   5.0e-02   2.6e-04 0.04
     8      40    1.5e+01    4    1.5e-01  -598.89154358  -322.66381856    -0.00160128   0.013155   5.3e-02   1.7e-04 0.04
     9      40    1.6e+01    3    1.5e-01  -598.89211212  -322.66438709    -0.00056854   0.014766   5.9e-02   2.8e-04 0.04
    10      40    1.7e+01    3    1.7e-01  -598.89236684  -322.66464181    -0.00025472   0.016929   6.8e-02   2.6e-04 0.04
    11      40    1.8e+01    3    1.8e-01  -598.89253490  -322.66480988    -0.00016807   0.016031   6.4e-02   1.5e-04 0.04
    12      40    1.6e+01    1    1.7e-01  -598.89266845  -322.66494343    -0.00013355   0.015991   6.4e-02   2.3e-04 0.04
    13      40    1.8e+01    0    1.5e-01  -598.89267103  -322.66494600    -0.00000257   0.015991   6.4e-02   2.3e-04 0.04
    14      60    2.4e+01    1    1.5e-01  -598.89479530  -322.66707028    -0.00212428   0.001454   5.8e-03   2.2e-04 0.04
    15      60    2.4e+01    0    1.5e-01  -598.89479639  -322.66707136    -0.00000109   0.001454   5.8e-03   2.2e-04 0.04
    16      70    2.7e+01    0    1.5e-01  -598.89482222  -322.66709720    -0.00002583   0.000497   2.0e-03   2.2e-04 0.04
 
RESULTS OF THE OCCUPATION OPTIMIZATION
========================================
   1    1.9997849  -19.83528679
   2    1.9997388  -16.35105959
   3    1.9994655  -11.29631299
   4    1.9995210  -11.26489024
   5    1.9995005  -11.24950939
   6    1.9995470  -11.24071521
   7    1.9995535  -11.24021475
   8    1.9902427  -1.31825350
   9    1.9901243  -1.19460650
  10    1.9814609  -1.05442939
  11    1.9805618  -0.99951158
  12    1.9780472  -0.84637091
  13    1.9714951  -0.73984513
  14    1.9681365  -0.72421477
  15    1.9771994  -0.68922662
  16    1.9770414  -0.68875001
  17    1.9720037  -0.67048871
  18    1.9767565  -0.66486658
  19    1.9759930  -0.66370063
  20    1.9747639  -0.66193130
  21    1.9716659  -0.63976993
  22    1.9846086  -0.63469247
  23    1.9608500  -0.45748087
  24    1.9615219  -0.42455055
  25    1.9610139  -0.42014566
  26    0.0389861  -0.03872278
  27    0.0384781  -0.03718664
  28    0.0391500  -0.04540719
  29    0.0153914  -0.01874409
  30    0.0283341  -0.03784156
  31    0.0252361  -0.03203433
  32    0.0240070  -0.02578125
  33    0.0232435  -0.02496333
  34    0.0279963  -0.03773862
  35    0.0229586  -0.02562153
  36    0.0228006  -0.02477034
  37    0.0318635  -0.04697489
  38    0.0285049  -0.03631802
  39    0.0219528  -0.03079656
  40    0.0194382  -0.02893760
  41    0.0185391  -0.02823678
  42    0.0098757  -0.01767720
  43    0.0097573  -0.02117677
  44    0.0004465  -0.00788213
  45    0.0004530  -0.00792487
  46    0.0004995  -0.00847504
  47    0.0004790  -0.00831207
  48    0.0005345  -0.00894531
  49    0.0002612  -0.00682460
  50    0.0002151  -0.00686309
 
----------------
 Final Energies 
----------------
Final NOF Total Energy =    -322.6670972
 
Total Orbital Internal Iterations = 660
Total Occupation Internal Iterations = 63
 
Elapsed time:  313.10 Seconds

---------------------------------
   Lowdin Population Analysis    
---------------------------------
 Idx  Atom   Population   Charge 
---------------------------------
  1     C     5.937       0.063
  2     C     5.923       0.077
  3     C     5.960       0.040
  4     C     6.075      -0.075
  5     N     6.706       0.294
  6     C     6.486      -0.486
  7     O     7.351       0.649
  8     H     1.057      -0.057
  9     H     1.070      -0.070
 10     H     1.070      -0.070
 11     H     1.065      -0.065
 12     H     1.302      -0.302

---------------------------------
   M Diagnostic: 0.04
---------------------------------

