Computing Integrals
Basis Set                                            = def2-qzvp
Auxiliary Basis Set                                  = def2-universal-jkfit
Gaussian Type                                        = Spherical
Elapsed time:    2.75 Seconds

Number of basis functions                   (NBF)    = 157
Number of auxiliary basis functions         (NBFAUX) = 223
Inactive Doubly occupied orbitals up to     (NO1)    = 0
No. considered Strongly Doubly occupied MOs (NDOC)   = 13
No. considered Strongly Singly occupied MOs (NSOC)   = 0
NO. of Weakly occ. per St. Doubly occ.  MOs (NCWO)   = 1
Dimension of the Nat. Orb. subspace         (NBF5)   = 26
No. of electrons                                     = 26
    No. of alpha electrons                           = 13
    No. of beta electrons                            = 13
Multiplicity                                         = 1

Geometry
========
 O       0.0361730       1.0996190       0.0000000
 H      -0.9043170       1.3107610       0.0000000
Cl       0.0361730      -0.5945710       0.0000000

No violations of the orthonormality
No violations of the orthonormality
 
PNOF8/ADABelief Calculation
==================
 
  Nitext  Nit_orb  Time   Nit_occ  Time         Eelec          Etot           Ediff      maxdiff    MaxGrad_orb  Grad_occ
     1      10    1.0e+01    6    1.2e+01  -586.46496608  -535.35994580 -10585.46496608   0.031155   1.2e-01   2.1e-04 0.04
     2      20    1.5e+00    0    2.1e-02  -586.48542724  -535.38040697    -0.02046117   0.031155   1.2e-01   2.1e-04 0.04
     3      40    3.0e+00   18    7.8e-02  -586.50743200  -535.40241173    -0.02200476   0.035150   1.4e-01   1.7e-04 0.04
     4      40    3.6e+00    7    3.4e-03  -586.52325360  -535.41823332    -0.01582160   0.005216   2.1e-02   1.6e-04 0.04
     5      40    4.1e+00   10    2.2e-02  -586.53188165  -535.42686137    -0.00862805   0.006887   2.8e-02   4.6e-05 0.04
     6      40    3.4e+00    8    4.7e-02  -586.53835364  -535.43333337    -0.00647199   0.011433   4.6e-02   1.3e-04 0.04
     7      40    4.4e+00    7    2.3e-02  -586.54266043  -535.43764016    -0.00430679   0.013842   5.5e-02   7.7e-05 0.04
     8      40    5.0e+00    7    7.2e-03  -586.54598770  -535.44096742    -0.00332727   0.014728   5.9e-02   9.1e-05 0.04
     9      40    3.9e+00    5    4.0e-02  -586.54819846  -535.44317819    -0.00221077   0.012987   5.2e-02   2.1e-04 0.04
    10      40    3.6e+00    6    1.3e-02  -586.54979877  -535.44477850    -0.00160031   0.011285   4.5e-02   1.2e-04 0.04
    11      40    3.8e+00    5    3.5e-03  -586.55078300  -535.44576273    -0.00098423   0.011224   4.5e-02   7.5e-05 0.04
    12      40    4.0e+00    4    2.3e-02  -586.55155855  -535.44653828    -0.00077555   0.010410   4.2e-02   1.8e-04 0.04
    13      40    4.9e+00    4    7.2e-03  -586.55207837  -535.44705810    -0.00051982   0.009822   3.9e-02   1.8e-04 0.04
    14      40    3.9e+00    4    9.3e-02  -586.55261371  -535.44759344    -0.00053534   0.010037   4.0e-02   1.9e-04 0.04
    15      40    3.9e+00    4    2.0e-02  -586.55301701  -535.44799674    -0.00040330   0.009675   3.9e-02   1.4e-04 0.04
    16      40    3.5e+00    3    5.9e-02  -586.55337653  -535.44835625    -0.00035952   0.009489   3.8e-02   2.3e-04 0.04
    17      40    4.5e+00    3    1.7e-02  -586.55357856  -535.44855829    -0.00020204   0.009292   3.7e-02   1.4e-04 0.04
    18      40    3.7e+00    3    4.8e-02  -586.55375011  -535.44872984    -0.00017155   0.009060   3.6e-02   1.1e-04 0.04
    19      40    4.1e+00    3    3.7e-03  -586.55386034  -535.44884007    -0.00011023   0.009050   3.6e-02   6.3e-05 0.04
    20      40    3.6e+00    2    6.8e-02  -586.55391983  -535.44889955    -0.00005948   0.009254   3.7e-02   1.8e-04 0.04
    21      40    3.5e+00    3    5.0e-02  -586.55399023  -535.44896996    -0.00007040   0.009223   3.7e-02   5.5e-05 0.04
    22      40    3.4e+00    2    3.5e-02  -586.55401515  -535.44899487    -0.00002492   0.008904   3.6e-02   1.2e-04 0.04
    23      40    3.7e+00    1    4.3e-02  -586.55406774  -535.44904747    -0.00005260   0.009603   3.8e-02   2.0e-04 0.04
    24      40    4.0e+00    2    6.9e-03  -586.55408540  -535.44906513    -0.00001766   0.009153   3.7e-02   1.3e-04 0.04
    25      40    3.5e+00    2    1.7e-02  -586.55409518  -535.44907491    -0.00000978   0.009760   3.9e-02   1.4e-04 0.04
    26      40    3.5e+00    1    1.2e-02  -586.55412533  -535.44910505    -0.00003015   0.008995   3.6e-02   1.3e-04 0.04
    27      40    3.5e+00    2    2.3e-02  -586.55413752  -535.44911725    -0.00001220   0.009620   3.8e-02   1.4e-04 0.04
    28      40    4.2e+00    1    3.0e-02  -586.55414322  -535.44912295    -0.00000570   0.009088   3.6e-02   1.5e-04 0.04
    29      40    3.9e+00    2    4.3e-02  -586.55416067  -535.44914040    -0.00001745   0.009486   3.8e-02   1.3e-04 0.04
    30      40    3.7e+00    0    3.1e-03  -586.55416230  -535.44914203    -0.00000163   0.009486   3.8e-02   1.3e-04 0.04
    31      60    5.6e+00    1    2.7e-02  -586.55495029  -535.44993002    -0.00078799   0.000824   3.3e-03   1.2e-04 0.04
 
RESULTS OF THE OCCUPATION OPTIMIZATION
========================================
   1    1.9999649  -104.92202504
   2    1.9996845  -20.65549898
   3    1.9992839  -10.60291087
   4    1.9985690  -8.07886288
   5    1.9989745  -8.07218635
   6    1.9989738  -8.07182978
   7    1.9921909  -1.30159587
   8    1.9883367  -1.14495248
   9    1.9704932  -0.74288197
  10    1.9594235  -0.64493468
  11    1.9803632  -0.55315715
  12    1.9803476  -0.54991540
  13    1.9771596  -0.49612814
  14    0.0228404  -0.02733162
  15    0.0196524  -0.02365822
  16    0.0196368  -0.02366297
  17    0.0405765  -0.06342051
  18    0.0295068  -0.03656685
  19    0.0116633  -0.02365162
  20    0.0078091  -0.02912327
  21    0.0010262  -0.01863047
  22    0.0010255  -0.01862927
  23    0.0014310  -0.02019520
  24    0.0007161  -0.01603781
  25    0.0003155  -0.00986941
  26    0.0000351  -0.00639044
 
----------------
 Final Energies 
----------------
Final NOF Total Energy =    -535.4499300
 
Total Orbital Internal Iterations = 1210
Total Occupation Internal Iterations = 126
 
Elapsed time:  146.78 Seconds

---------------------------------
   Lowdin Population Analysis    
---------------------------------
 Idx  Atom   Population   Charge 
---------------------------------
  1     O     7.741       0.259
  2     H     1.408      -0.408
  3    Cl    16.852       0.148

---------------------------------
   M Diagnostic: 0.04
---------------------------------

