Computing Integrals
Basis Set                                            = def2-qzvp
Auxiliary Basis Set                                  = def2-universal-jkfit
Gaussian Type                                        = Spherical
Elapsed time:    3.04 Seconds

Number of basis functions                   (NBF)    = 197
Number of auxiliary basis functions         (NBFAUX) = 333
Inactive Doubly occupied orbitals up to     (NO1)    = 0
No. considered Strongly Doubly occupied MOs (NDOC)   = 20
No. considered Strongly Singly occupied MOs (NSOC)   = 0
NO. of Weakly occ. per St. Doubly occ.  MOs (NCWO)   = 1
Dimension of the Nat. Orb. subspace         (NBF5)   = 40
No. of electrons                                     = 40
    No. of alpha electrons                           = 20
    No. of beta electrons                            = 20
Multiplicity                                         = 1

Geometry
========
 S      -0.7267710      -1.0750320       0.0000000
 S       0.0000000       0.6712440       0.0000000
 O       1.4535410       0.8075760       0.0000000

No violations of the orthonormality
No violations of the orthonormality
 
PNOF8/ADABelief Calculation
==================
 
  Nitext  Nit_orb  Time   Nit_occ  Time         Eelec          Etot           Ediff      maxdiff    MaxGrad_orb  Grad_occ
     1      10    1.1e+01    8    1.2e+01 -1012.06057477  -870.52976158 -11011.06057477   0.026401   1.1e-01   2.1e-04 0.33
     2      20    2.6e+00   24    5.9e-02 -1012.09185825  -870.56104506    -0.03128348   1.327815   5.3e+00   2.1e-04 0.31
     3      20    2.5e+00   11    1.7e-02 -1012.19710588  -870.66629269    -0.10524763   0.053135   2.1e-01   1.5e-04 0.30
     4      20    2.5e+00    0    1.3e-02 -1012.20007612  -870.66926293    -0.00297023   0.053135   2.1e-01   1.5e-04 0.30
     5      40    5.6e+00   10    2.5e-02 -1012.22581621  -870.69500302    -0.02574009   0.008977   3.6e-02   1.1e-04 0.30
     6      40    5.0e+00    9    7.3e-02 -1012.23294314  -870.70212995    -0.00712694   0.009512   3.8e-02   1.7e-04 0.30
     7      40    5.4e+00    8    1.1e-02 -1012.23756169  -870.70674850    -0.00461854   0.010300   4.1e-02   1.6e-04 0.30
     8      40    5.6e+00    7    1.3e-02 -1012.24017336  -870.70936017    -0.00261168   0.010567   4.2e-02   1.7e-04 0.30
     9      40    5.6e+00    6    4.0e-02 -1012.24171623  -870.71090304    -0.00154286   0.009567   3.8e-02   1.9e-04 0.30
    10      40    5.4e+00    4    1.4e-02 -1012.24276830  -870.71195510    -0.00105207   0.012101   4.8e-02   2.7e-04 0.30
    11      40    6.0e+00    4    1.3e-02 -1012.24347438  -870.71266119    -0.00070609   0.007394   3.0e-02   2.5e-04 0.30
    12      40    6.0e+00    4    9.9e-03 -1012.24379611  -870.71298291    -0.00032172   0.008734   3.5e-02   2.5e-04 0.30
    13      40    5.3e+00    4    3.1e-02 -1012.24410071  -870.71328751    -0.00030460   0.009303   3.7e-02   1.6e-04 0.30
    14      40    5.4e+00    3    2.2e-02 -1012.24434815  -870.71353496    -0.00024744   0.008044   3.2e-02   1.8e-04 0.30
    15      40    5.3e+00    3    3.8e-02 -1012.24453908  -870.71372589    -0.00019093   0.008620   3.4e-02   1.7e-04 0.30
    16      40    5.7e+00    3    9.9e-03 -1012.24465840  -870.71384521    -0.00011932   0.010164   4.1e-02   1.5e-04 0.30
    17      40    5.6e+00    3    1.9e-02 -1012.24478695  -870.71397376    -0.00012855   0.008563   3.4e-02   1.3e-04 0.30
    18      40    5.4e+00    3    2.2e-02 -1012.24490550  -870.71409231    -0.00011855   0.008956   3.6e-02   1.4e-04 0.31
    19      40    5.7e+00    2    9.4e-03 -1012.24495178  -870.71413859    -0.00004628   0.008182   3.3e-02   2.0e-04 0.30
    20      40    6.9e+00    1    4.1e-02 -1012.24505989  -870.71424670    -0.00010811   0.008451   3.4e-02   2.5e-04 0.31
    21      40    5.4e+00    1    2.0e-02 -1012.24514772  -870.71433452    -0.00008783   0.009347   3.7e-02   2.2e-04 0.30
    22      40    5.3e+00    3    3.7e-02 -1012.24524273  -870.71442954    -0.00009502   0.009304   3.7e-02   1.2e-04 0.31
    23      40    5.0e+00    1    1.2e-02 -1012.24528612  -870.71447293    -0.00004339   0.009040   3.6e-02   1.9e-04 0.30
    24      40    5.2e+00    1    3.4e-02 -1012.24531988  -870.71450669    -0.00003376   0.009317   3.7e-02   2.2e-04 0.31
    25      40    5.2e+00    1    4.0e-02 -1012.24534653  -870.71453334    -0.00002665   0.032650   1.3e-01   2.3e-04 0.31
    26      40    5.2e+00    2    1.4e-02 -1012.24538061  -870.71456742    -0.00003408   0.009743   3.9e-02   1.3e-04 0.31
    27      40    5.7e+00    1    1.0e-02 -1012.24544139  -870.71462820    -0.00006077   0.009034   3.6e-02   1.9e-04 0.31
    28      40    5.8e+00    0    1.2e-02 -1012.24544259  -870.71462940    -0.00000121   0.009034   3.6e-02   1.9e-04 0.31
    29      60    7.9e+00    2    2.2e-02 -1012.24669747  -870.71588428    -0.00125488   0.000662   2.6e-03   1.4e-04 0.31
 
RESULTS OF THE OCCUPATION OPTIMIZATION
========================================
   1    1.9999709  -92.12379321
   2    1.9999633  -92.06853244
   3    1.9997737  -20.63702323
   4    1.9990137  -9.07211549
   5    1.9991388  -9.01356203
   6    1.9984704  -6.76916980
   7    1.9984574  -6.75830922
   8    1.9985862  -6.75594589
   9    1.9984283  -6.71286728
  10    1.9985901  -6.70287996
  11    1.9985833  -6.69863517
  12    1.9923524  -1.34892226
  13    1.9904398  -1.03792174
  14    1.9873290  -0.91493110
  15    1.9756236  -0.63529481
  16    1.9656166  -0.60863821
  17    1.9729712  -0.58958007
  18    1.9793820  -0.52998042
  19    1.9671334  -0.48719786
  20    1.6942105  -0.40267606
  21    0.3057895  -0.09216242
  22    0.0328666  -0.04769986
  23    0.0206180  -0.02455300
  24    0.0270288  -0.02597061
  25    0.0343834  -0.05290728
  26    0.0243764  -0.03127699
  27    0.0126710  -0.02727864
  28    0.0095602  -0.02680719
  29    0.0076476  -0.02330672
  30    0.0014167  -0.01963293
  31    0.0014099  -0.01979958
  32    0.0015717  -0.01904120
  33    0.0014138  -0.01947430
  34    0.0015426  -0.02039604
  35    0.0015296  -0.02079774
  36    0.0008612  -0.01569353
  37    0.0009863  -0.01663350
  38    0.0002263  -0.00825915
  39    0.0000367  -0.00590606
  40    0.0000291  -0.00494824
 
----------------
 Final Energies 
----------------
Final NOF Total Energy =    -870.7158843
 
Total Orbital Internal Iterations = 1090
Total Occupation Internal Iterations = 129
 
Elapsed time:  184.62 Seconds

---------------------------------
   Lowdin Population Analysis    
---------------------------------
 Idx  Atom   Population   Charge 
---------------------------------
  1     S    15.909       0.091
  2     S    16.051      -0.051
  3     O     8.040      -0.040

---------------------------------
   M Diagnostic: 0.31
---------------------------------

