Computing Integrals
Basis Set                                            = def2-qzvp
Auxiliary Basis Set                                  = def2-universal-jkfit
Gaussian Type                                        = Spherical
Elapsed time:   11.47 Seconds

Number of basis functions                   (NBF)    = 532
Number of auxiliary basis functions         (NBFAUX) = 656
Inactive Doubly occupied orbitals up to     (NO1)    = 0
No. considered Strongly Doubly occupied MOs (NDOC)   = 31
No. considered Strongly Singly occupied MOs (NSOC)   = 0
NO. of Weakly occ. per St. Doubly occ.  MOs (NCWO)   = 1
Dimension of the Nat. Orb. subspace         (NBF5)   = 62
No. of electrons                                     = 62
    No. of alpha electrons                           = 31
    No. of beta electrons                            = 31
Multiplicity                                         = 1

Geometry
========
 C       0.2964580      -1.2271210       0.0000000
 P      -0.0727470       0.3878250       0.0000000
 B      -0.9239600      -2.1354380       0.0000000
 B       1.7522720      -1.6568140       0.0000000
 F      -0.9239600       0.9325130       1.1737390
 F      -0.9239600       0.9325130      -1.1737390
 F       1.1070560       1.3793150       0.0000000
 H      -0.7615150      -3.3134910       0.0000000
 H      -2.0351840      -1.6910820       0.0000000
 H       2.6446660      -0.8652290       0.0000000
 H       1.9907160      -2.8226520       0.0000000

No violations of the orthonormality
No violations of the orthonormality
 
PNOF8/ADABelief Calculation
==================
 
  Nitext  Nit_orb  Time   Nit_occ  Time         Eelec          Etot           Ediff      maxdiff    MaxGrad_orb  Grad_occ
     1      10    1.5e+01    6    1.2e+01 -1120.54169565  -729.87150956 -11119.54169565   0.028838   1.2e-01   3.5e-04 0.03
     2      20    9.8e+00    0    2.5e-01 -1120.57929864  -729.90911254    -0.03760298   0.028838   1.2e-01   3.5e-04 0.03
     3      40    2.4e+01   29    2.1e-01 -1120.63181144  -729.96162535    -0.05251281   0.153729   6.1e-01   2.2e-04 0.03
     4      40    1.9e+01   12    1.9e-01 -1120.66549500  -729.99530891    -0.03368356   0.021527   8.6e-02   1.8e-04 0.03
     5      40    2.0e+01   10    1.9e-01 -1120.68144477  -730.01125868    -0.01594977   0.010914   4.4e-02   2.2e-04 0.03
     6      40    2.0e+01    8    1.8e-01 -1120.69298964  -730.02280354    -0.01154487   0.012231   4.9e-02   2.5e-04 0.03
     7      40    2.0e+01    8    1.9e-01 -1120.69902150  -730.02883541    -0.00603187   0.010889   4.4e-02   1.5e-04 0.03
     8      40    1.9e+01    7    2.0e-01 -1120.70291000  -730.03272391    -0.00388850   0.013060   5.2e-02   2.1e-04 0.03
     9      40    2.0e+01    6    2.5e-01 -1120.70488882  -730.03470273    -0.00197882   0.010399   4.2e-02   2.2e-04 0.03
    10      40    2.2e+01    5    1.8e-01 -1120.70625550  -730.03606941    -0.00136668   0.011576   4.6e-02   1.7e-04 0.03
    11      40    2.0e+01    4    1.8e-01 -1120.70685222  -730.03666613    -0.00059672   0.010434   4.2e-02   1.8e-04 0.03
    12      40    2.1e+01    3    1.8e-01 -1120.70737235  -730.03718626    -0.00052013   0.010025   4.0e-02   2.0e-04 0.03
    13      40    2.0e+01    3    1.9e-01 -1120.70763194  -730.03744585    -0.00025959   0.011636   4.7e-02   1.6e-04 0.03
    14      40    2.2e+01    2    1.7e-01 -1120.70777859  -730.03759250    -0.00014665   0.010904   4.4e-02   1.8e-04 0.03
    15      40    2.1e+01    2    1.8e-01 -1120.70796102  -730.03777493    -0.00018243   0.010773   4.3e-02   2.2e-04 0.03
    16      40    2.0e+01    2    1.8e-01 -1120.70813004  -730.03794394    -0.00016901   0.010221   4.1e-02   1.9e-04 0.03
    17      40    2.0e+01    2    1.7e-01 -1120.70840537  -730.03821927    -0.00027533   0.010230   4.1e-02   2.2e-04 0.03
    18      40    2.1e+01    0    1.8e-01 -1120.70841455  -730.03822846    -0.00000918   0.010230   4.1e-02   2.2e-04 0.03
    19      60    3.0e+01    2    1.8e-01 -1120.71188327  -730.04169717    -0.00346872   0.001070   4.3e-03   1.6e-04 0.03
    20      60    2.9e+01    0    1.8e-01 -1120.71188927  -730.04170317    -0.00000600   0.001070   4.3e-03   1.6e-04 0.03
    21      70    3.7e+01    2    1.8e-01 -1120.71197394  -730.04178785    -0.00008467   0.000499   2.0e-03   1.1e-04 0.03
 
RESULTS OF THE OCCUPATION OPTIMIZATION
========================================
   1    1.9999692  -80.20098279
   2    1.9998409  -26.42733359
   3    1.9998500  -26.42578772
   4    1.9998506  -26.42514398
   5    1.9994325  -10.47051261
   6    1.9991781  -8.27069314
   7    1.9987244  -7.35954670
   8    1.9987541  -7.22631274
   9    1.9983098  -5.89336529
  10    1.9981335  -5.83046563
  11    1.9981652  -5.76651344
  12    1.9942846  -1.58876634
  13    1.9908666  -1.51336640
  14    1.9909620  -1.51041207
  15    1.9934814  -1.46653137
  16    1.9883122  -0.84932279
  17    1.9849703  -0.82112897
  18    1.9875429  -0.80046077
  19    1.9829849  -0.79163174
  20    1.9697458  -0.78058383
  21    1.9814641  -0.77492504
  22    1.9691246  -0.76835474
  23    1.9808270  -0.76597750
  24    1.9799869  -0.75614795
  25    1.9802986  -0.75345724
  26    1.9695257  -0.74939797
  27    1.9774980  -0.66406547
  28    1.9750452  -0.52898671
  29    1.9750282  -0.51653384
  30    1.9808083  -0.49373775
  31    1.9723311  -0.46199147
  32    0.0276689  -0.02439421
  33    0.0191917  -0.02038941
  34    0.0249718  -0.02526608
  35    0.0249548  -0.02843454
  36    0.0225020  -0.02153993
  37    0.0304743  -0.05220412
  38    0.0197014  -0.02816922
  39    0.0200131  -0.02850225
  40    0.0191730  -0.02719641
  41    0.0308754  -0.05414594
  42    0.0185359  -0.02657245
  43    0.0302542  -0.05280253
  44    0.0170151  -0.02493475
  45    0.0124571  -0.02505751
  46    0.0150297  -0.02350023
  47    0.0116878  -0.01965670
  48    0.0065186  -0.01631321
  49    0.0090380  -0.02494827
  50    0.0091334  -0.02531959
  51    0.0057154  -0.01703438
  52    0.0018348  -0.01819721
  53    0.0018665  -0.01967153
  54    0.0016902  -0.01796173
  55    0.0012459  -0.01305064
  56    0.0012756  -0.01401212
  57    0.0008219  -0.00941382
  58    0.0005675  -0.00901362
  59    0.0001494  -0.00630042
  60    0.0001500  -0.00632100
  61    0.0001591  -0.00671987
  62    0.0000308  -0.00479717
 
----------------
 Final Energies 
----------------
Final NOF Total Energy =    -730.0417878
 
Total Orbital Internal Iterations = 860
Total Occupation Internal Iterations = 113
 
Elapsed time:  495.06 Seconds

---------------------------------
   Lowdin Population Analysis    
---------------------------------
 Idx  Atom   Population   Charge 
---------------------------------
  1     C     6.135      -0.135
  2     P    15.356      -0.356
  3     B     5.105      -0.105
  4     B     5.111      -0.111
  5     F     8.704       0.296
  6     F     8.703       0.297
  7     F     8.689       0.311
  8     H     1.042      -0.042
  9     H     1.050      -0.050
 10     H     1.059      -0.059
 11     H     1.047      -0.047

---------------------------------
   M Diagnostic: 0.03
---------------------------------

