Computing Integrals
Basis Set                                            = def2-qzvp
Auxiliary Basis Set                                  = def2-universal-jkfit
Gaussian Type                                        = Spherical
Elapsed time:    5.71 Seconds

Number of basis functions                   (NBF)    = 435
Number of auxiliary basis functions         (NBFAUX) = 471
Inactive Doubly occupied orbitals up to     (NO1)    = 0
No. considered Strongly Doubly occupied MOs (NDOC)   = 21
No. considered Strongly Singly occupied MOs (NSOC)   = 0
NO. of Weakly occ. per St. Doubly occ.  MOs (NCWO)   = 19
Dimension of the Nat. Orb. subspace         (NBF5)   = 420
No. of electrons                                     = 42
    No. of alpha electrons                           = 21
    No. of beta electrons                            = 21
Multiplicity                                         = 1

Geometry
========
 O       1.3805083      -0.6142758       0.6455369
 O       0.7599964       1.3416513      -0.3841626
 C       0.5623720       0.1724027       0.0942214
 H      -0.5000999      -0.1942600       0.0014523
 H       2.3049946       2.0152356      -0.2886661
 O       3.2368639       2.3765066      -0.2622253
 C       4.0871526       1.2373246      -0.3269175
 H       5.0520929       1.4930978       0.1460550
 H       3.6389880       0.3745653       0.1947375
 H       4.2941647       0.9384192      -1.3756323

No violations of the orthonormality
No violations of the orthonormality
 
PNOF8/ADABelief Calculation
==================
 
  Nitext  Nit_orb  Time   Nit_occ  Time         Eelec          Etot           Ediff      maxdiff    MaxGrad_orb  Grad_occ
     1      10    2.8e+01   99    5.2e+01  -472.48576417  -304.39567922 -10471.48576417   0.023519   9.4e-02   3.0e-04 0.04
     2      20    1.5e+01    0    7.3e-01  -472.57478557  -304.48470062    -0.08902140   0.023578   9.4e-02   3.0e-04 0.04
     3      40    3.0e+01   39    1.1e+01  -472.69724127  -304.60715632    -0.12245570   0.115626   4.6e-01   2.7e-04 0.04
     4      40    3.0e+01   27    7.7e+00  -472.74802388  -304.65793893    -0.05078261   0.003372   1.3e-02   3.7e-04 0.04
     5      40    3.0e+01   17    5.0e+00  -472.76519257  -304.67510762    -0.01716869   0.006688   2.7e-02   2.4e-04 0.04
     6      40    3.0e+01   21    6.1e+00  -472.77481413  -304.68472918    -0.00962156   0.004466   1.8e-02   2.4e-04 0.03
     7      40    3.0e+01   10    3.3e+00  -472.78030917  -304.69022422    -0.00549504   0.003989   1.6e-02   2.2e-04 0.03
     8      40    3.0e+01    7    2.5e+00  -472.78361314  -304.69352819    -0.00330397   0.004328   1.7e-02   3.7e-04 0.03
     9      40    3.0e+01   10    3.3e+00  -472.78563321  -304.69554826    -0.00202007   0.004633   1.9e-02   2.7e-04 0.03
    10      40    3.0e+01   10    3.3e+00  -472.78704009  -304.69695514    -0.00140688   0.004442   1.8e-02   2.8e-04 0.03
    11      40    3.0e+01   16    4.8e+00  -472.78816019  -304.69807524    -0.00112010   0.005106   2.0e-02   2.0e-04 0.03
    12      40    3.0e+01    7    2.5e+00  -472.78905536  -304.69897041    -0.00089517   0.004061   1.6e-02   2.3e-04 0.03
    13      40    3.0e+01    7    2.5e+00  -472.78966096  -304.69957601    -0.00060560   0.005013   2.0e-02   2.3e-04 0.03
    14      40    3.0e+01    7    2.5e+00  -472.79024111  -304.70015616    -0.00058015   0.005444   2.2e-02   2.3e-04 0.03
    15      40    3.0e+01   10    3.3e+00  -472.79071297  -304.70062802    -0.00047186   0.004794   1.9e-02   2.4e-04 0.03
    16      40    3.0e+01    7    2.5e+00  -472.79115517  -304.70107022    -0.00044220   0.004515   1.8e-02   2.8e-04 0.03
    17      40    3.0e+01    4    1.7e+00  -472.79135881  -304.70127386    -0.00020364   0.005828   2.3e-02   3.0e-04 0.03
    18      40    3.0e+01   10    3.3e+00  -472.79161394  -304.70152899    -0.00025513   0.004013   1.6e-02   1.9e-04 0.03
    19      40    3.0e+01    1    1.0e+00  -472.79167664  -304.70159169    -0.00006270   0.005011   2.0e-02   3.3e-04 0.03
    20      40    3.0e+01    9    3.0e+00  -472.79180481  -304.70171986    -0.00012817   0.004471   1.8e-02   2.1e-04 0.03
    21      40    3.0e+01    3    1.5e+00  -472.79190025  -304.70181529    -0.00009544   0.003891   1.6e-02   2.7e-04 0.03
    22      40    3.0e+01    1    9.5e-01  -472.79200502  -304.70192007    -0.00010477   0.003351   1.3e-02   3.0e-04 0.03
    23      40    2.9e+01    0    7.4e-01  -472.79200623  -304.70192128    -0.00000121   0.003351   1.3e-02   3.0e-04 0.03
    24      60    4.4e+01    0    7.0e-01  -472.79245646  -304.70237150    -0.00045022   0.000668   2.7e-03   3.1e-04 0.03
 
RESULTS OF THE OCCUPATION OPTIMIZATION
========================================
   1    1.9999828  -20.37398909
   2    1.9999821  -20.35784050
   3    1.9999830  -20.35140021
   4    1.9999311  -11.13246583
   5    1.9999231  -11.12768432
   6    1.9859638  -1.14130731
   7    1.9850097  -1.13123000
   8    1.9845619  -1.05744589
   9    1.9784945  -0.71324933
  10    1.9766165  -0.58702298
  11    1.9683139  -0.48029026
  12    1.9709490  -0.47348305
  13    1.9721350  -0.46826562
  14    1.9719378  -0.45476541
  15    1.9725748  -0.43509462
  16    1.9788660  -0.42047786
  17    1.9787371  -0.41342203
  18    1.9776481  -0.39351659
  19    1.9782053  -0.38863884
  20    1.9718036  -0.38774264
  21    1.9649168  -0.27014261
  22    0.0345274  -0.04609204
  23    0.0190682  -0.02112067
  24    0.0090627  -0.01458176
  25    0.0071013  -0.01247696
  26    0.0086234  -0.01653213
  27    0.0096885  -0.01558778
  28    0.0184482  -0.02066020
  29    0.0238389  -0.03798676
  30    0.0232250  -0.03717832
  31    0.0205869  -0.03133726
  32    0.0270953  -0.04035887
  33    0.0167811  -0.02306216
  34    0.0136829  -0.01945724
  35    0.0072086  -0.01847355
  36    0.0072363  -0.01799256
  37    0.0056677  -0.01350552
  38    0.0000604  -0.00127938
  39    0.0000478  -0.00094199
  40    0.0000146  -0.00042124
  41    0.0000156  -0.00051606
  42    0.0000149  -0.00045673
  43    0.0002565  -0.00077820
  44    0.0048957  -0.00636307
  45    0.0050021  -0.00908802
  46    0.0048849  -0.00871535
  47    0.0045149  -0.00865054
  48    0.0052564  -0.00937922
  49    0.0048536  -0.00642782
  50    0.0031063  -0.00671075
  51    0.0032244  -0.00691134
  52    0.0038131  -0.00783039
  53    0.0037418  -0.00773290
  54    0.0021386  -0.00411715
  55    0.0034952  -0.00595655
  56    0.0030878  -0.00715370
  57    0.0036503  -0.00817281
  58    0.0030864  -0.00772200
  59    0.0000047  -0.00008036
  60    0.0000068  -0.00011276
  61    0.0000012  -0.00003127
  62    0.0000013  -0.00002218
  63    0.0000010  -0.00003517
  64    0.0002549  -0.00077357
  65    0.0020209  -0.00347587
  66    0.0041591  -0.00775049
  67    0.0047171  -0.00848350
  68    0.0044943  -0.00864643
  69    0.0021357  -0.00599528
  70    0.0019192  -0.00337957
  71    0.0003290  -0.00099269
  72    0.0004679  -0.00120727
  73    0.0037796  -0.00767700
  74    0.0004049  -0.00104182
  75    0.0017830  -0.00371131
  76    0.0016077  -0.00358391
  77    0.0015740  -0.00556099
  78    0.0011277  -0.00514087
  79    0.0019017  -0.00765001
  80    0.0000043  -0.00005164
  81    0.0000058  -0.00009175
  82    0.0000008  -0.00003741
  83    0.0000008  -0.00003786
  84    0.0000009  -0.00003855
  85    0.0000090  -0.00003542
  86    0.0011642  -0.00217536
  87    0.0010323  -0.00287136
  88    0.0038186  -0.00744600
  89    0.0008454  -0.00261394
  90    0.0012334  -0.00460669
  91    0.0012112  -0.00228637
  92    0.0002802  -0.00087768
  93    0.0003663  -0.00108574
  94    0.0004281  -0.00117995
  95    0.0003084  -0.00087189
  96    0.0016531  -0.00378512
  97    0.0011882  -0.00274694
  98    0.0011805  -0.00473369
  99    0.0006885  -0.00263193
 100    0.0007594  -0.00360268
 101    0.0000042  -0.00006414
 102    0.0000045  -0.00004350
 103    0.0000002  -0.00000713
 104    0.0000001  -0.00000179
 105    0.0000002  -0.00002555
 106    0.0000087  -0.00003411
 107    0.0002866  -0.00070035
 108    0.0006662  -0.00179568
 109    0.0008219  -0.00240911
 110    0.0007151  -0.00211493
 111    0.0006544  -0.00217163
 112    0.0002936  -0.00066984
 113    0.0002377  -0.00075150
 114    0.0002793  -0.00087871
 115    0.0001516  -0.00050633
 116    0.0000299  -0.00011064
 117    0.0002522  -0.00083896
 118    0.0003467  -0.00096111
 119    0.0006525  -0.00297766
 120    0.0005189  -0.00210695
 121    0.0006261  -0.00382944
 122    0.0000022  -0.00002095
 123    0.0000028  -0.00003785
 124    0.0000000  -0.00000121
 125    0.0000000  -0.00000056
 126    0.0000000  -0.00000089
 127    0.0000070  -0.00002712
 128    0.0002243  -0.00054268
 129    0.0005343  -0.00177177
 130    0.0005903  -0.00169838
 131    0.0006064  -0.00178415
 132    0.0005586  -0.00147111
 133    0.0001676  -0.00044835
 134    0.0000625  -0.00023322
 135    0.0000797  -0.00030325
 136    0.0000735  -0.00025539
 137    0.0000261  -0.00010077
 138    0.0001822  -0.00058783
 139    0.0003252  -0.00085691
 140    0.0003891  -0.00228377
 141    0.0004764  -0.00186167
 142    0.0006068  -0.00372789
 143    0.0000003  -0.00003176
 144    0.0000003  -0.00003141
 145    0.0000000  -0.00000063
 146    0.0000000  -0.00000055
 147    0.0000000  -0.00000063
 148    0.0000040  -0.00001613
 149    0.0001146  -0.00029382
 150    0.0003436  -0.00111871
 151    0.0001484  -0.00051319
 152    0.0004725  -0.00140449
 153    0.0003817  -0.00111414
 154    0.0001060  -0.00030041
 155    0.0000474  -0.00017498
 156    0.0000573  -0.00019013
 157    0.0000424  -0.00014744
 158    0.0000173  -0.00007189
 159    0.0001280  -0.00044063
 160    0.0002142  -0.00064883
 161    0.0002996  -0.00107498
 162    0.0004223  -0.00217774
 163    0.0004160  -0.00176952
 164    0.0000002  -0.00000416
 165    0.0000002  -0.00000603
 166    0.0000000  -0.00000047
 167    0.0000000  -0.00000047
 168    0.0000000  -0.00000058
 169    0.0000034  -0.00001429
 170    0.0000965  -0.00027336
 171    0.0003037  -0.00086112
 172    0.0001019  -0.00040085
 173    0.0003131  -0.00092913
 174    0.0003711  -0.00098851
 175    0.0001024  -0.00029348
 176    0.0000358  -0.00013096
 177    0.0000389  -0.00013588
 178    0.0000390  -0.00014098
 179    0.0000127  -0.00005179
 180    0.0000934  -0.00034993
 181    0.0001867  -0.00059287
 182    0.0002665  -0.00093059
 183    0.0002828  -0.00098883
 184    0.0003263  -0.00134883
 185    0.0000001  -0.00000266
 186    0.0000001  -0.00000250
 187    0.0000000  -0.00000043
 188    0.0000000  -0.00000039
 189    0.0000000  -0.00000049
 190    0.0000030  -0.00001323
 191    0.0000803  -0.00023422
 192    0.0002843  -0.00087816
 193    0.0000594  -0.00025321
 194    0.0002412  -0.00079125
 195    0.0003038  -0.00086206
 196    0.0000834  -0.00024386
 197    0.0000291  -0.00013153
 198    0.0000297  -0.00011695
 199    0.0000313  -0.00011937
 200    0.0000097  -0.00004528
 201    0.0000890  -0.00031824
 202    0.0001133  -0.00039540
 203    0.0002392  -0.00085678
 204    0.0002703  -0.00096390
 205    0.0002937  -0.00103221
 206    0.0000001  -0.00000254
 207    0.0000001  -0.00000182
 208    0.0000000  -0.00000040
 209    0.0000000  -0.00000035
 210    0.0000000  -0.00000043
 211    0.0000021  -0.00001044
 212    0.0000737  -0.00023333
 213    0.0001472  -0.00055172
 214    0.0000309  -0.00014931
 215    0.0001491  -0.00059925
 216    0.0002480  -0.00080327
 217    0.0000648  -0.00019094
 218    0.0000198  -0.00009523
 219    0.0000202  -0.00010507
 220    0.0000254  -0.00010497
 221    0.0000090  -0.00003834
 222    0.0000780  -0.00029108
 223    0.0000904  -0.00031329
 224    0.0002334  -0.00100947
 225    0.0001206  -0.00132937
 226    0.0001513  -0.00119586
 227    0.0000001  -0.00000221
 228    0.0000001  -0.00000157
 229    0.0000000  -0.00000033
 230    0.0000000  -0.00000033
 231    0.0000000  -0.00000040
 232    0.0000020  -0.00001050
 233    0.0000483  -0.00014788
 234    0.0000435  -0.00017357
 235    0.0000203  -0.00010984
 236    0.0000749  -0.00030507
 237    0.0001018  -0.00035306
 238    0.0000527  -0.00016856
 239    0.0000151  -0.00008616
 240    0.0000175  -0.00009018
 241    0.0000193  -0.00009182
 242    0.0000074  -0.00003232
 243    0.0000585  -0.00021218
 244    0.0000742  -0.00028573
 245    0.0001233  -0.00108834
 246    0.0000474  -0.00027375
 247    0.0000402  -0.00023399
 248    0.0000001  -0.00000209
 249    0.0000000  -0.00000129
 250    0.0000000  -0.00000034
 251    0.0000000  -0.00000030
 252    0.0000000  -0.00000034
 253    0.0000015  -0.00000812
 254    0.0000415  -0.00014125
 255    0.0000409  -0.00015773
 256    0.0000198  -0.00011330
 257    0.0000499  -0.00019562
 258    0.0000522  -0.00020459
 259    0.0000349  -0.00012878
 260    0.0000125  -0.00005991
 261    0.0000136  -0.00007638
 262    0.0000135  -0.00005426
 263    0.0000051  -0.00002368
 264    0.0000547  -0.00020539
 265    0.0000609  -0.00024192
 266    0.0000358  -0.00020621
 267    0.0000259  -0.00015510
 268    0.0000311  -0.00021560
 269    0.0000001  -0.00000156
 270    0.0000000  -0.00000131
 271    0.0000000  -0.00000031
 272    0.0000000  -0.00000026
 273    0.0000000  -0.00000034
 274    0.0000008  -0.00000572
 275    0.0000297  -0.00011463
 276    0.0000323  -0.00015540
 277    0.0000151  -0.00008920
 278    0.0000368  -0.00016325
 279    0.0000301  -0.00014167
 280    0.0000299  -0.00011390
 281    0.0000115  -0.00005095
 282    0.0000122  -0.00006004
 283    0.0000112  -0.00004689
 284    0.0000050  -0.00002098
 285    0.0000361  -0.00015888
 286    0.0000433  -0.00017549
 287    0.0000330  -0.00019500
 288    0.0000246  -0.00013623
 289    0.0000247  -0.00015161
 290    0.0000000  -0.00000133
 291    0.0000000  -0.00000121
 292    0.0000000  -0.00000028
 293    0.0000000  -0.00000020
 294    0.0000000  -0.00000034
 295    0.0000007  -0.00000544
 296    0.0000137  -0.00006562
 297    0.0000296  -0.00014129
 298    0.0000066  -0.00003966
 299    0.0000287  -0.00013952
 300    0.0000266  -0.00012499
 301    0.0000160  -0.00008152
 302    0.0000107  -0.00004816
 303    0.0000106  -0.00004935
 304    0.0000089  -0.00004280
 305    0.0000045  -0.00001715
 306    0.0000130  -0.00007966
 307    0.0000219  -0.00011632
 308    0.0000240  -0.00014524
 309    0.0000223  -0.00015646
 310    0.0000232  -0.00013967
 311    0.0000000  -0.00000133
 312    0.0000000  -0.00000113
 313    0.0000000  -0.00000027
 314    0.0000000  -0.00000024
 315    0.0000000  -0.00000028
 316    0.0000006  -0.00000492
 317    0.0000110  -0.00004838
 318    0.0000267  -0.00012566
 319    0.0000058  -0.00003199
 320    0.0000247  -0.00012348
 321    0.0000251  -0.00011629
 322    0.0000111  -0.00005314
 323    0.0000077  -0.00003867
 324    0.0000079  -0.00004270
 325    0.0000089  -0.00003982
 326    0.0000029  -0.00001427
 327    0.0000125  -0.00007700
 328    0.0000176  -0.00011168
 329    0.0000213  -0.00013094
 330    0.0000190  -0.00012461
 331    0.0000212  -0.00012026
 332    0.0000000  -0.00000124
 333    0.0000000  -0.00000085
 334    0.0000000  -0.00000027
 335    0.0000000  -0.00000021
 336    0.0000000  -0.00000029
 337    0.0000005  -0.00000497
 338    0.0000085  -0.00004131
 339    0.0000261  -0.00012294
 340    0.0000033  -0.00002247
 341    0.0000243  -0.00012256
 342    0.0000219  -0.00011122
 343    0.0000091  -0.00004565
 344    0.0000074  -0.00003474
 345    0.0000063  -0.00003129
 346    0.0000079  -0.00003649
 347    0.0000020  -0.00001160
 348    0.0000096  -0.00005319
 349    0.0000147  -0.00009600
 350    0.0000203  -0.00012304
 351    0.0000184  -0.00011941
 352    0.0000205  -0.00012057
 353    0.0000000  -0.00000117
 354    0.0000000  -0.00000077
 355    0.0000000  -0.00000020
 356    0.0000000  -0.00000018
 357    0.0000000  -0.00000028
 358    0.0000004  -0.00000424
 359    0.0000075  -0.00003765
 360    0.0000234  -0.00011567
 361    0.0000029  -0.00001801
 362    0.0000213  -0.00011410
 363    0.0000212  -0.00011530
 364    0.0000081  -0.00003927
 365    0.0000052  -0.00002630
 366    0.0000041  -0.00002416
 367    0.0000042  -0.00002425
 368    0.0000013  -0.00000802
 369    0.0000087  -0.00004892
 370    0.0000096  -0.00005555
 371    0.0000194  -0.00011739
 372    0.0000173  -0.00011126
 373    0.0000197  -0.00012010
 374    0.0000000  -0.00000103
 375    0.0000000  -0.00000081
 376    0.0000000  -0.00000021
 377    0.0000000  -0.00000017
 378    0.0000000  -0.00000021
 379    0.0000004  -0.00000427
 380    0.0000059  -0.00002898
 381    0.0000189  -0.00010745
 382    0.0000019  -0.00001212
 383    0.0000160  -0.00009724
 384    0.0000167  -0.00009921
 385    0.0000074  -0.00004061
 386    0.0000032  -0.00001932
 387    0.0000027  -0.00001495
 388    0.0000034  -0.00001823
 389    0.0000013  -0.00000768
 390    0.0000071  -0.00004199
 391    0.0000074  -0.00004500
 392    0.0000170  -0.00011255
 393    0.0000113  -0.00008000
 394    0.0000137  -0.00009628
 395    0.0000000  -0.00000104
 396    0.0000000  -0.00000074
 397    0.0000000  -0.00000020
 398    0.0000000  -0.00000015
 399    0.0000000  -0.00000016
 400    0.0000003  -0.00000354
 401    0.0000052  -0.00002399
 402    0.0000178  -0.00009620
 403    0.0000014  -0.00001027
 404    0.0000108  -0.00006317
 405    0.0000067  -0.00004014
 406    0.0000058  -0.00002964
 407    0.0000020  -0.00001220
 408    0.0000016  -0.00001022
 409    0.0000029  -0.00001536
 410    0.0000012  -0.00000727
 411    0.0000046  -0.00002832
 412    0.0000053  -0.00003324
 413    0.0000130  -0.00008424
 414    0.0000100  -0.00006674
 415    0.0000066  -0.00004447
 416    0.0000000  -0.00000096
 417    0.0000000  -0.00000071
 418    0.0000000  -0.00000017
 419    0.0000000  -0.00000013
 420    0.0000000  -0.00000016
 
----------------
 Final Energies 
----------------
Final NOF Total Energy =    -304.7023715
 
Total Orbital Internal Iterations = 930
Total Occupation Internal Iterations = 322
 
Elapsed time:  904.17 Seconds

---------------------------------
   Lowdin Population Analysis    
---------------------------------
 Idx  Atom   Population   Charge 
---------------------------------
  1     O     7.953       0.047
  2     O     7.888       0.112
  3     C     6.773      -0.773
  4     H     1.134      -0.134
  5     H     1.427      -0.427
  6     O     7.533       0.467
  7     C     6.032      -0.032
  8     H     1.093      -0.093
  9     H     1.078      -0.078
 10     H     1.091      -0.091

---------------------------------
   M Diagnostic: 0.03
---------------------------------

