Computing Integrals
Basis Set                                            = def2-qzvp
Auxiliary Basis Set                                  = def2-universal-jkfit
Gaussian Type                                        = Spherical
Elapsed time:    4.43 Seconds

Number of basis functions                   (NBF)    = 291
Number of auxiliary basis functions         (NBFAUX) = 301
Inactive Doubly occupied orbitals up to     (NO1)    = 0
No. considered Strongly Doubly occupied MOs (NDOC)   = 12
No. considered Strongly Singly occupied MOs (NSOC)   = 0
NO. of Weakly occ. per St. Doubly occ.  MOs (NCWO)   = 23
Dimension of the Nat. Orb. subspace         (NBF5)   = 288
No. of electrons                                     = 24
    No. of alpha electrons                           = 12
    No. of beta electrons                            = 12
Multiplicity                                         = 1

Geometry
========
 C       0.9811499       0.3246321       0.0000000
 H       1.0547986       1.4002254       0.0000000
 H       1.8357155      -0.3305905       0.0000000
 N      -0.2182044      -0.2186818       0.0000000
 H      -0.2010878      -1.2422573       0.0000000
 N      -1.3704069       0.3979153       0.0000000
 H      -2.0819648      -0.3312432       0.0000000

No violations of the orthonormality
No violations of the orthonormality
 
PNOF8/ADABelief Calculation
==================
 
  Nitext  Nit_orb  Time   Nit_occ  Time         Eelec          Etot           Ediff      maxdiff    MaxGrad_orb  Grad_occ
     1      10    2.7e+01   72    3.5e+01  -222.64949296  -149.50889620 -10221.64949296   0.023942   9.6e-02   2.5e-04 0.36
     2      20    9.9e+00   48    5.3e+00  -222.74231526  -149.60171850    -0.09282230   0.665712   2.7e+00   2.2e-04 0.40
     3      20    7.9e+00   26    3.6e+00  -222.85021109  -149.70961433    -0.10789583   0.017146   6.9e-02   2.9e-04 0.42
     4      20    8.7e+00   24    2.9e+00  -222.85997562  -149.71937886    -0.00976453   0.033021   1.3e-01   2.6e-04 0.43
     5      20    7.9e+00   12    1.7e+00  -222.86219710  -149.72160033    -0.00222147   0.030394   1.2e-01   2.1e-04 0.42
     6      20    8.4e+00   10    1.4e+00  -222.86773598  -149.72713922    -0.00553889   0.027091   1.1e-01   2.6e-04 0.43
     7      20    7.5e+00   16    2.1e+00  -222.87194952  -149.73135276    -0.00421354   0.025173   1.0e-01   3.1e-04 0.42
     8      20    7.5e+00   10    1.5e+00  -222.87662048  -149.73602372    -0.00467096   0.019751   7.9e-02   2.0e-04 0.42
     9      20    8.6e+00    7    1.1e+00  -222.87829495  -149.73769819    -0.00167447   0.024726   9.9e-02   2.5e-04 0.42
    10      20    8.0e+00    7    1.1e+00  -222.88188884  -149.74129208    -0.00359388   0.016749   6.7e-02   2.6e-04 0.42
    11      20    7.8e+00    6    1.0e+00  -222.88261189  -149.74201513    -0.00072305   0.025448   1.0e-01   2.7e-04 0.42
    12      20    9.0e+00    9    1.5e+00  -222.88336190  -149.74276514    -0.00075001   0.025355   1.0e-01   2.1e-04 0.42
    13      20    9.1e+00    6    1.1e+00  -222.88394768  -149.74335092    -0.00058578   0.021220   8.5e-02   1.8e-04 0.42
    14      20    7.4e+00    6    9.4e-01  -222.88464458  -149.74404781    -0.00069689   0.023516   9.4e-02   2.1e-04 0.42
    15      20    9.5e+00    9    1.5e+00  -222.88500346  -149.74440670    -0.00035888   0.024624   9.8e-02   1.8e-04 0.42
    16      20    1.0e+01    0    3.5e-01  -222.88505460  -149.74445784    -0.00005114   0.024624   9.8e-02   1.8e-04 0.42
    17      40    1.9e+01    4    7.9e-01  -222.88981760  -149.74922084    -0.00476300   0.002720   1.1e-02   2.1e-04 0.42
    18      40    2.0e+01    0    3.3e-01  -222.88983560  -149.74923883    -0.00001800   0.002720   1.1e-02   2.1e-04 0.42
    19      60    3.8e+01    3    6.8e-01  -222.88993824  -149.74934147    -0.00010264   0.000572   2.3e-03   2.2e-04 0.42
 
RESULTS OF THE OCCUPATION OPTIMIZATION
========================================
   1    1.9999550  -15.47016099
   2    1.9999513  -14.62920920
   3    1.9999213  -12.38479077
   4    1.9825550  -1.24932379
   5    1.9769898  -1.08960443
   6    1.9741127  -0.78641795
   7    1.9764862  -0.77277250
   8    1.9702164  -0.71949648
   9    1.9717881  -0.64213530
  10    1.9695540  -0.60959728
  11    1.9734570  -0.59672204
  12    1.5806871  -0.29623173
  13    0.4192590  -0.10194790
  14    0.0071951  -0.01195605
  15    0.0206338  -0.02641593
  16    0.0150138  -0.01930352
  17    0.0275016  -0.04358369
  18    0.0134177  -0.01915200
  19    0.0177157  -0.02632736
  20    0.0177082  -0.03214161
  21    0.0054995  -0.01265932
  22    0.0000612  -0.00125388
  23    0.0000404  -0.00100746
  24    0.0000396  -0.00102267
  25    0.0000140  -0.00000502
  26    0.0066018  -0.01119867
  27    0.0043370  -0.00719134
  28    0.0044590  -0.00692524
  29    0.0007261  -0.00195681
  30    0.0036238  -0.00607808
  31    0.0046707  -0.00899088
  32    0.0027973  -0.00638816
  33    0.0043479  -0.01084992
  34    0.0000051  -0.00013162
  35    0.0000020  -0.00006376
  36    0.0000011  -0.00001786
  37    0.0000126  -0.00000230
  38    0.0053172  -0.00911492
  39    0.0038300  -0.00649617
  40    0.0039177  -0.00591073
  41    0.0004069  -0.00115802
  42    0.0024373  -0.00557478
  43    0.0015615  -0.00402802
  44    0.0009270  -0.00356460
  45    0.0026953  -0.00614492
  46    0.0000031  -0.00009829
  47    0.0000015  -0.00002706
  48    0.0000010  -0.00002113
  49    0.0000058  -0.00000006
  50    0.0020862  -0.00534184
  51    0.0004888  -0.00134002
  52    0.0021299  -0.00394993
  53    0.0003147  -0.00091982
  54    0.0010970  -0.00377951
  55    0.0006682  -0.00196877
  56    0.0004596  -0.00222777
  57    0.0018581  -0.00675616
  58    0.0000015  -0.00001681
  59    0.0000010  -0.00001050
  60    0.0000008  -0.00001289
  61    0.0000052  -0.00000015
  62    0.0015632  -0.00402945
  63    0.0002941  -0.00075659
  64    0.0008469  -0.00215165
  65    0.0002709  -0.00080323
  66    0.0010332  -0.00255236
  67    0.0005268  -0.00132456
  68    0.0003585  -0.00111806
  69    0.0009860  -0.00412153
  70    0.0000013  -0.00001331
  71    0.0000009  -0.00000750
  72    0.0000006  -0.00002603
  73    0.0000036  -0.00000015
  74    0.0010343  -0.00285260
  75    0.0002115  -0.00063399
  76    0.0006348  -0.00141920
  77    0.0001517  -0.00049847
  78    0.0007285  -0.00184896
  79    0.0001768  -0.00056032
  80    0.0002280  -0.00073612
  81    0.0004849  -0.00309171
  82    0.0000013  -0.00001334
  83    0.0000006  -0.00001998
  84    0.0000003  -0.00001210
  85    0.0000035  -0.00000109
  86    0.0008395  -0.00203721
  87    0.0001604  -0.00050237
  88    0.0003586  -0.00083879
  89    0.0001120  -0.00039648
  90    0.0004038  -0.00094689
  91    0.0001303  -0.00048531
  92    0.0001414  -0.00051541
  93    0.0004243  -0.00227361
  94    0.0000010  -0.00000989
  95    0.0000004  -0.00002512
  96    0.0000002  -0.00000313
  97    0.0000033  -0.00000059
  98    0.0005497  -0.00131952
  99    0.0001392  -0.00044837
 100    0.0002618  -0.00066934
 101    0.0000938  -0.00033524
 102    0.0001995  -0.00059042
 103    0.0000945  -0.00035320
 104    0.0000785  -0.00029743
 105    0.0003405  -0.00150710
 106    0.0000009  -0.00001573
 107    0.0000003  -0.00000392
 108    0.0000002  -0.00000187
 109    0.0000017  -0.00000073
 110    0.0003969  -0.00108181
 111    0.0000998  -0.00034003
 112    0.0001544  -0.00044931
 113    0.0000531  -0.00019833
 114    0.0001503  -0.00055584
 115    0.0000816  -0.00028026
 116    0.0000730  -0.00026555
 117    0.0002856  -0.00111694
 118    0.0000005  -0.00001672
 119    0.0000002  -0.00000263
 120    0.0000001  -0.00000152
 121    0.0000010  -0.00000057
 122    0.0003483  -0.00098909
 123    0.0000561  -0.00018299
 124    0.0001299  -0.00040977
 125    0.0000324  -0.00013671
 126    0.0001150  -0.00041363
 127    0.0000663  -0.00024246
 128    0.0000527  -0.00019822
 129    0.0001778  -0.00079006
 130    0.0000004  -0.00000502
 131    0.0000002  -0.00000204
 132    0.0000001  -0.00000154
 133    0.0000008  -0.00000033
 134    0.0002244  -0.00059570
 135    0.0000452  -0.00015882
 136    0.0000752  -0.00022149
 137    0.0000227  -0.00010072
 138    0.0000931  -0.00031888
 139    0.0000584  -0.00022114
 140    0.0000356  -0.00015223
 141    0.0000636  -0.00025150
 142    0.0000003  -0.00000352
 143    0.0000001  -0.00000138
 144    0.0000001  -0.00000141
 145    0.0000005  -0.00000071
 146    0.0001104  -0.00035521
 147    0.0000390  -0.00013145
 148    0.0000495  -0.00015971
 149    0.0000198  -0.00009565
 150    0.0000554  -0.00021165
 151    0.0000336  -0.00013247
 152    0.0000340  -0.00013865
 153    0.0000506  -0.00020836
 154    0.0000003  -0.00000334
 155    0.0000001  -0.00000131
 156    0.0000001  -0.00000123
 157    0.0000004  -0.00000071
 158    0.0000785  -0.00023359
 159    0.0000207  -0.00008490
 160    0.0000386  -0.00013329
 161    0.0000161  -0.00007943
 162    0.0000449  -0.00018809
 163    0.0000232  -0.00010844
 164    0.0000268  -0.00011780
 165    0.0000503  -0.00020680
 166    0.0000002  -0.00000289
 167    0.0000001  -0.00000117
 168    0.0000001  -0.00000079
 169    0.0000003  -0.00000072
 170    0.0000516  -0.00018323
 171    0.0000169  -0.00007505
 172    0.0000328  -0.00013135
 173    0.0000141  -0.00006799
 174    0.0000346  -0.00015448
 175    0.0000182  -0.00008461
 176    0.0000206  -0.00010937
 177    0.0000451  -0.00018796
 178    0.0000002  -0.00000270
 179    0.0000001  -0.00000098
 180    0.0000001  -0.00000085
 181    0.0000003  -0.00000061
 182    0.0000401  -0.00013307
 183    0.0000150  -0.00006951
 184    0.0000249  -0.00009929
 185    0.0000114  -0.00005766
 186    0.0000258  -0.00012139
 187    0.0000145  -0.00006932
 188    0.0000156  -0.00008254
 189    0.0000325  -0.00014685
 190    0.0000002  -0.00000267
 191    0.0000001  -0.00000087
 192    0.0000001  -0.00000068
 193    0.0000002  -0.00000053
 194    0.0000378  -0.00013064
 195    0.0000135  -0.00006428
 196    0.0000207  -0.00008933
 197    0.0000093  -0.00004871
 198    0.0000140  -0.00007391
 199    0.0000134  -0.00006775
 200    0.0000137  -0.00006854
 201    0.0000318  -0.00014485
 202    0.0000002  -0.00000210
 203    0.0000001  -0.00000094
 204    0.0000001  -0.00000064
 205    0.0000002  -0.00000050
 206    0.0000201  -0.00008317
 207    0.0000117  -0.00004846
 208    0.0000146  -0.00006989
 209    0.0000078  -0.00004068
 210    0.0000083  -0.00005244
 211    0.0000094  -0.00005009
 212    0.0000127  -0.00006829
 213    0.0000250  -0.00014252
 214    0.0000002  -0.00000209
 215    0.0000001  -0.00000092
 216    0.0000001  -0.00000061
 217    0.0000002  -0.00000046
 218    0.0000128  -0.00005785
 219    0.0000105  -0.00005034
 220    0.0000124  -0.00005894
 221    0.0000051  -0.00003277
 222    0.0000078  -0.00004635
 223    0.0000084  -0.00004545
 224    0.0000102  -0.00005951
 225    0.0000170  -0.00010058
 226    0.0000002  -0.00000211
 227    0.0000001  -0.00000063
 228    0.0000001  -0.00000057
 229    0.0000001  -0.00000038
 230    0.0000121  -0.00005454
 231    0.0000087  -0.00004086
 232    0.0000112  -0.00005539
 233    0.0000047  -0.00002919
 234    0.0000071  -0.00004452
 235    0.0000060  -0.00003686
 236    0.0000045  -0.00003093
 237    0.0000092  -0.00005584
 238    0.0000001  -0.00000118
 239    0.0000001  -0.00000048
 240    0.0000001  -0.00000047
 241    0.0000001  -0.00000040
 242    0.0000087  -0.00004401
 243    0.0000079  -0.00003971
 244    0.0000093  -0.00004739
 245    0.0000040  -0.00002647
 246    0.0000057  -0.00003656
 247    0.0000035  -0.00002399
 248    0.0000038  -0.00002832
 249    0.0000065  -0.00006174
 250    0.0000001  -0.00000074
 251    0.0000001  -0.00000050
 252    0.0000000  -0.00000031
 253    0.0000001  -0.00000035
 254    0.0000063  -0.00003444
 255    0.0000023  -0.00001275
 256    0.0000070  -0.00003945
 257    0.0000021  -0.00001101
 258    0.0000056  -0.00003589
 259    0.0000027  -0.00001744
 260    0.0000031  -0.00002392
 261    0.0000061  -0.00004111
 262    0.0000001  -0.00000064
 263    0.0000001  -0.00000046
 264    0.0000000  -0.00000027
 265    0.0000001  -0.00000031
 266    0.0000045  -0.00002760
 267    0.0000023  -0.00001097
 268    0.0000050  -0.00002890
 269    0.0000021  -0.00001085
 270    0.0000030  -0.00001901
 271    0.0000019  -0.00001134
 272    0.0000027  -0.00001757
 273    0.0000041  -0.00003060
 274    0.0000001  -0.00000068
 275    0.0000001  -0.00000040
 276    0.0000000  -0.00000028
 277    0.0000001  -0.00000029
 278    0.0000037  -0.00002437
 279    0.0000017  -0.00000866
 280    0.0000038  -0.00002298
 281    0.0000013  -0.00000679
 282    0.0000025  -0.00001377
 283    0.0000019  -0.00001019
 284    0.0000026  -0.00001638
 285    0.0000032  -0.00002445
 286    0.0000001  -0.00000057
 287    0.0000001  -0.00000045
 288    0.0000000  -0.00000022
 
----------------
 Final Energies 
----------------
Final NOF Total Energy =    -149.7493415
 
Total Orbital Internal Iterations = 450
Total Occupation Internal Iterations = 275
 
Elapsed time:  327.98 Seconds

---------------------------------
   Lowdin Population Analysis    
---------------------------------
 Idx  Atom   Population   Charge 
---------------------------------
  1     C     5.887       0.113
  2     H     1.117      -0.117
  3     H     1.124      -0.124
  4     N     6.712       0.288
  5     H     1.129      -0.129
  6     N     6.769       0.231
  7     H     1.261      -0.261

---------------------------------
   M Diagnostic: 0.42
---------------------------------

