Computing Integrals
Basis Set                                            = def2-qzvp
Auxiliary Basis Set                                  = def2-universal-jkfit
Gaussian Type                                        = Spherical
Elapsed time:    6.65 Seconds

Number of basis functions                   (NBF)    = 642
Number of auxiliary basis functions         (NBFAUX) = 634
Inactive Doubly occupied orbitals up to     (NO1)    = 0
No. considered Strongly Doubly occupied MOs (NDOC)   = 25
No. considered Strongly Singly occupied MOs (NSOC)   = 0
NO. of Weakly occ. per St. Doubly occ.  MOs (NCWO)   = 24
Dimension of the Nat. Orb. subspace         (NBF5)   = 625
No. of electrons                                     = 50
    No. of alpha electrons                           = 25
    No. of beta electrons                            = 25
Multiplicity                                         = 1

Geometry
========
 C       1.5783850       0.1476900       0.3438090
 H       1.3947500       0.0129680       1.4135450
 O       1.3599290      -1.0862030      -0.3597820
 C       0.6538450       1.2150990      -0.2213220
 H       1.0578270       2.1802830       0.0939240
 H       0.7296930       1.1848640      -1.3114380
 C      -0.8173340       1.1521270       0.2081560
 H      -1.3035250       2.0657380      -0.1458280
 H      -0.8837650       1.1597620       1.2992600
 H       1.9841200      -1.7344460      -0.0213850
 H       2.6162860       0.4589480       0.2065440
 C      -1.6277250      -0.0340520      -0.3113010
 H      -2.6842290       0.1510150      -0.1185660
 H      -1.5018680      -0.1181460      -1.3975060
 O      -1.3242620      -1.2601540       0.3333770
 H      -0.4176510      -1.4753140       0.0766370

No violations of the orthonormality
No violations of the orthonormality
 
PNOF8/ADABelief Calculation
==================
 
  Nitext  Nit_orb  Time   Nit_occ  Time         Eelec          Etot           Ediff      maxdiff    MaxGrad_orb  Grad_occ
     1      10    5.1e+01    0    3.0e+01  -572.19870526  -308.62284360 -10571.19870526   0.000957   3.8e-03   2.8e-04 0.03
 
RESULTS OF THE OCCUPATION OPTIMIZATION
========================================
   1    1.9999853  -20.59175278
   2    1.9999849  -20.56868605
   3    1.9999603  -11.26655131
   4    1.9999586  -11.25658589
   5    1.9999547  -11.24859058
   6    1.9999539  -11.24622058
   7    1.9854927  -1.33180941
   8    1.9849054  -1.30551762
   9    1.9820933  -1.01868669
  10    1.9797396  -0.91968230
  11    1.9788767  -0.88268757
  12    1.9786612  -0.85691811
  13    1.9725556  -0.73796020
  14    1.9695773  -0.67351910
  15    1.9720995  -0.67080018
  16    1.9696057  -0.64222774
  17    1.9776180  -0.63488211
  18    1.9742763  -0.59595509
  19    1.9724471  -0.58103722
  20    1.9728255  -0.58102800
  21    1.9732570  -0.57503506
  22    1.9771166  -0.56961080
  23    1.9716698  -0.56774470
  24    1.9708112  -0.55005153
  25    1.9709491  -0.52393110
  26    0.0215051  -0.03030255
  27    0.0210935  -0.02989069
  28    0.0210819  -0.03016166
  29    0.0098789  -0.01703027
  30    0.0161808  -0.02081060
  31    0.0150437  -0.02000934
  32    0.0152881  -0.01973699
  33    0.0152685  -0.01978057
  34    0.0089128  -0.01608945
  35    0.0288841  -0.04414130
  36    0.0222216  -0.03373204
  37    0.0290288  -0.04444860
  38    0.0216632  -0.03218367
  39    0.0117208  -0.01882174
  40    0.0121830  -0.01911004
  41    0.0114273  -0.01898331
  42    0.0105245  -0.01785290
  43    0.0066163  -0.01760916
  44    0.0065245  -0.01748499
  45    0.0000313  -0.00061055
  46    0.0000357  -0.00067335
  47    0.0000294  -0.00057376
  48    0.0000299  -0.00056865
  49    0.0000141  -0.00048362
  50    0.0000136  -0.00046767
  51    0.0043841  -0.00753982
  52    0.0045808  -0.00779940
  53    0.0046985  -0.00823543
  54    0.0047113  -0.00911773
  55    0.0045574  -0.00697966
  56    0.0047629  -0.00768603
  57    0.0048159  -0.00759154
  58    0.0050980  -0.00803308
  59    0.0049848  -0.00970576
  60    0.0004438  -0.00123778
  61    0.0041064  -0.00836612
  62    0.0003518  -0.00102902
  63    0.0042240  -0.00860219
  64    0.0042549  -0.00848728
  65    0.0035920  -0.00661659
  66    0.0030625  -0.00676032
  67    0.0025497  -0.00789500
  68    0.0033621  -0.00819189
  69    0.0035105  -0.00849831
  70    0.0000042  -0.00008870
  71    0.0000029  -0.00006962
  72    0.0000034  -0.00008574
  73    0.0000022  -0.00002220
  74    0.0000002  -0.00000149
  75    0.0000002  -0.00000749
  76    0.0010439  -0.00247485
  77    0.0013822  -0.00301124
  78    0.0009950  -0.00231776
  79    0.0044723  -0.00883592
  80    0.0020305  -0.00395908
  81    0.0040179  -0.00651994
  82    0.0042167  -0.00662401
  83    0.0018384  -0.00407970
  84    0.0046758  -0.00910546
  85    0.0003157  -0.00094872
  86    0.0004595  -0.00130465
  87    0.0003017  -0.00093467
  88    0.0004997  -0.00139863
  89    0.0017322  -0.00452952
  90    0.0019758  -0.00439796
  91    0.0022202  -0.00684036
  92    0.0017477  -0.00567715
  93    0.0020504  -0.00772465
  94    0.0012072  -0.00511639
  95    0.0000040  -0.00009138
  96    0.0000016  -0.00001661
  97    0.0000025  -0.00002578
  98    0.0000019  -0.00001634
  99    0.0000001  -0.00000129
 100    0.0000002  -0.00000168
 101    0.0007513  -0.00169013
 102    0.0007335  -0.00164765
 103    0.0005169  -0.00120775
 104    0.0011438  -0.00415787
 105    0.0018418  -0.00373275
 106    0.0017539  -0.00370090
 107    0.0016454  -0.00349636
 108    0.0012274  -0.00263469
 109    0.0012683  -0.00406824
 110    0.0002710  -0.00084422
 111    0.0004461  -0.00124354
 112    0.0002710  -0.00082260
 113    0.0004473  -0.00128968
 114    0.0012313  -0.00324563
 115    0.0010829  -0.00332565
 116    0.0010603  -0.00313354
 117    0.0010314  -0.00321912
 118    0.0010010  -0.00457219
 119    0.0009564  -0.00503757
 120    0.0000014  -0.00001305
 121    0.0000011  -0.00001864
 122    0.0000016  -0.00001856
 123    0.0000013  -0.00003314
 124    0.0000001  -0.00000134
 125    0.0000001  -0.00000142
 126    0.0006010  -0.00133340
 127    0.0006856  -0.00145698
 128    0.0004274  -0.00107798
 129    0.0006743  -0.00211924
 130    0.0010170  -0.00243953
 131    0.0004862  -0.00124220
 132    0.0004422  -0.00111500
 133    0.0010113  -0.00210385
 134    0.0006403  -0.00218948
 135    0.0002393  -0.00077675
 136    0.0002635  -0.00083459
 137    0.0002484  -0.00080272
 138    0.0002558  -0.00085193
 139    0.0010269  -0.00289558
 140    0.0009246  -0.00263143
 141    0.0009384  -0.00284329
 142    0.0005894  -0.00303245
 143    0.0007084  -0.00256328
 144    0.0006576  -0.00299029
 145    0.0000009  -0.00003141
 146    0.0000009  -0.00003106
 147    0.0000013  -0.00002547
 148    0.0000012  -0.00003128
 149    0.0000001  -0.00000094
 150    0.0000001  -0.00000112
 151    0.0002623  -0.00067356
 152    0.0002701  -0.00069732
 153    0.0001894  -0.00051861
 154    0.0005791  -0.00203289
 155    0.0003642  -0.00091164
 156    0.0003257  -0.00085257
 157    0.0004233  -0.00099649
 158    0.0003568  -0.00088094
 159    0.0005698  -0.00170292
 160    0.0000864  -0.00029586
 161    0.0001216  -0.00042978
 162    0.0000510  -0.00018189
 163    0.0001087  -0.00034908
 164    0.0004427  -0.00148987
 165    0.0004220  -0.00120497
 166    0.0005179  -0.00146607
 167    0.0004531  -0.00151562
 168    0.0004322  -0.00255335
 169    0.0004436  -0.00211366
 170    0.0000009  -0.00001155
 171    0.0000009  -0.00002487
 172    0.0000007  -0.00001453
 173    0.0000008  -0.00002966
 174    0.0000001  -0.00000094
 175    0.0000001  -0.00000114
 176    0.0001749  -0.00050331
 177    0.0001245  -0.00036368
 178    0.0001269  -0.00039291
 179    0.0003214  -0.00094830
 180    0.0002147  -0.00060475
 181    0.0002816  -0.00078573
 182    0.0001877  -0.00050703
 183    0.0002462  -0.00064785
 184    0.0003216  -0.00098980
 185    0.0000401  -0.00015143
 186    0.0000675  -0.00023057
 187    0.0000399  -0.00015085
 188    0.0000572  -0.00020368
 189    0.0002886  -0.00108584
 190    0.0003107  -0.00131335
 191    0.0004087  -0.00139472
 192    0.0003162  -0.00136628
 193    0.0002238  -0.00113770
 194    0.0004205  -0.00235868
 195    0.0000007  -0.00001382
 196    0.0000004  -0.00001243
 197    0.0000005  -0.00000683
 198    0.0000006  -0.00000817
 199    0.0000001  -0.00000073
 200    0.0000001  -0.00000083
 201    0.0000827  -0.00026345
 202    0.0000917  -0.00025980
 203    0.0000904  -0.00027342
 204    0.0003168  -0.00095044
 205    0.0001729  -0.00047623
 206    0.0001535  -0.00045607
 207    0.0001624  -0.00045038
 208    0.0001952  -0.00052024
 209    0.0003024  -0.00092114
 210    0.0000369  -0.00013681
 211    0.0000507  -0.00018107
 212    0.0000339  -0.00013350
 213    0.0000447  -0.00015806
 214    0.0001712  -0.00057526
 215    0.0001849  -0.00059866
 216    0.0001947  -0.00065644
 217    0.0002037  -0.00092204
 218    0.0001907  -0.00130468
 219    0.0001986  -0.00095504
 220    0.0000006  -0.00000479
 221    0.0000004  -0.00001497
 222    0.0000003  -0.00001630
 223    0.0000004  -0.00001176
 224    0.0000001  -0.00000060
 225    0.0000000  -0.00000050
 226    0.0000747  -0.00022059
 227    0.0000593  -0.00018713
 228    0.0000595  -0.00018973
 229    0.0002032  -0.00068345
 230    0.0000957  -0.00028859
 231    0.0000826  -0.00026219
 232    0.0000936  -0.00027555
 233    0.0001082  -0.00031620
 234    0.0001742  -0.00061448
 235    0.0000150  -0.00006632
 236    0.0000352  -0.00013954
 237    0.0000265  -0.00010971
 238    0.0000297  -0.00013453
 239    0.0001164  -0.00041686
 240    0.0001054  -0.00037413
 241    0.0000987  -0.00035584
 242    0.0001570  -0.00084219
 243    0.0001519  -0.00124031
 244    0.0001398  -0.00095336
 245    0.0000006  -0.00001293
 246    0.0000002  -0.00000187
 247    0.0000003  -0.00000427
 248    0.0000003  -0.00001455
 249    0.0000000  -0.00000030
 250    0.0000000  -0.00000033
 251    0.0000432  -0.00014767
 252    0.0000358  -0.00012572
 253    0.0000305  -0.00011363
 254    0.0001432  -0.00047874
 255    0.0000644  -0.00021238
 256    0.0000723  -0.00022403
 257    0.0000664  -0.00020127
 258    0.0000918  -0.00027009
 259    0.0001510  -0.00050786
 260    0.0000144  -0.00005773
 261    0.0000281  -0.00012041
 262    0.0000189  -0.00007736
 263    0.0000236  -0.00010569
 264    0.0000848  -0.00031692
 265    0.0000799  -0.00028361
 266    0.0000762  -0.00029970
 267    0.0000881  -0.00038812
 268    0.0000796  -0.00048099
 269    0.0001200  -0.00087622
 270    0.0000002  -0.00000187
 271    0.0000002  -0.00000192
 272    0.0000003  -0.00000240
 273    0.0000002  -0.00000202
 274    0.0000000  -0.00000025
 275    0.0000000  -0.00000029
 276    0.0000332  -0.00012207
 277    0.0000308  -0.00011453
 278    0.0000244  -0.00009352
 279    0.0000914  -0.00031723
 280    0.0000510  -0.00016442
 281    0.0000444  -0.00016126
 282    0.0000465  -0.00015264
 283    0.0000741  -0.00023956
 284    0.0000805  -0.00029786
 285    0.0000096  -0.00004108
 286    0.0000182  -0.00009080
 287    0.0000137  -0.00005860
 288    0.0000216  -0.00010198
 289    0.0000766  -0.00028088
 290    0.0000518  -0.00019213
 291    0.0000658  -0.00024948
 292    0.0000699  -0.00030186
 293    0.0000669  -0.00034905
 294    0.0000899  -0.00076744
 295    0.0000002  -0.00000180
 296    0.0000002  -0.00000181
 297    0.0000002  -0.00000170
 298    0.0000002  -0.00000144
 299    0.0000000  -0.00000020
 300    0.0000000  -0.00000018
 301    0.0000270  -0.00010626
 302    0.0000255  -0.00009675
 303    0.0000218  -0.00008554
 304    0.0000728  -0.00026604
 305    0.0000370  -0.00013918
 306    0.0000373  -0.00013393
 307    0.0000428  -0.00014637
 308    0.0000577  -0.00018920
 309    0.0000746  -0.00027899
 310    0.0000072  -0.00003287
 311    0.0000167  -0.00008542
 312    0.0000079  -0.00003901
 313    0.0000155  -0.00007760
 314    0.0000521  -0.00019021
 315    0.0000510  -0.00019073
 316    0.0000365  -0.00015786
 317    0.0000406  -0.00016827
 318    0.0000399  -0.00018971
 319    0.0000557  -0.00024923
 320    0.0000002  -0.00000179
 321    0.0000001  -0.00000110
 322    0.0000002  -0.00000151
 323    0.0000001  -0.00000126
 324    0.0000000  -0.00000019
 325    0.0000000  -0.00000016
 326    0.0000165  -0.00006555
 327    0.0000183  -0.00006871
 328    0.0000143  -0.00005612
 329    0.0000556  -0.00021734
 330    0.0000239  -0.00009769
 331    0.0000301  -0.00011282
 332    0.0000278  -0.00010496
 333    0.0000390  -0.00014267
 334    0.0000540  -0.00020054
 335    0.0000053  -0.00002243
 336    0.0000144  -0.00006702
 337    0.0000067  -0.00002889
 338    0.0000120  -0.00005834
 339    0.0000412  -0.00016271
 340    0.0000406  -0.00016144
 341    0.0000297  -0.00013391
 342    0.0000324  -0.00014595
 343    0.0000349  -0.00016359
 344    0.0000393  -0.00017837
 345    0.0000002  -0.00000139
 346    0.0000001  -0.00000100
 347    0.0000001  -0.00000111
 348    0.0000001  -0.00000096
 349    0.0000000  -0.00000015
 350    0.0000000  -0.00000016
 351    0.0000093  -0.00004186
 352    0.0000123  -0.00005063
 353    0.0000104  -0.00004645
 354    0.0000498  -0.00018951
 355    0.0000194  -0.00008764
 356    0.0000186  -0.00008071
 357    0.0000198  -0.00008199
 358    0.0000280  -0.00011662
 359    0.0000432  -0.00017066
 360    0.0000046  -0.00001715
 361    0.0000103  -0.00004793
 362    0.0000056  -0.00002286
 363    0.0000070  -0.00003603
 364    0.0000221  -0.00011440
 365    0.0000298  -0.00012957
 366    0.0000276  -0.00012715
 367    0.0000221  -0.00012417
 368    0.0000286  -0.00014901
 369    0.0000325  -0.00015484
 370    0.0000001  -0.00000128
 371    0.0000001  -0.00000081
 372    0.0000001  -0.00000103
 373    0.0000001  -0.00000089
 374    0.0000000  -0.00000015
 375    0.0000000  -0.00000015
 376    0.0000082  -0.00003715
 377    0.0000106  -0.00004498
 378    0.0000103  -0.00004406
 379    0.0000432  -0.00017320
 380    0.0000152  -0.00006543
 381    0.0000134  -0.00005866
 382    0.0000146  -0.00006143
 383    0.0000183  -0.00007948
 384    0.0000398  -0.00015520
 385    0.0000046  -0.00001778
 386    0.0000099  -0.00004581
 387    0.0000045  -0.00001809
 388    0.0000069  -0.00003401
 389    0.0000167  -0.00009536
 390    0.0000208  -0.00010639
 391    0.0000206  -0.00011145
 392    0.0000201  -0.00011636
 393    0.0000256  -0.00013795
 394    0.0000295  -0.00014822
 395    0.0000001  -0.00000116
 396    0.0000001  -0.00000078
 397    0.0000001  -0.00000076
 398    0.0000001  -0.00000080
 399    0.0000000  -0.00000014
 400    0.0000000  -0.00000014
 401    0.0000077  -0.00003587
 402    0.0000077  -0.00003492
 403    0.0000096  -0.00004286
 404    0.0000431  -0.00015931
 405    0.0000125  -0.00005565
 406    0.0000121  -0.00005545
 407    0.0000128  -0.00005503
 408    0.0000176  -0.00007787
 409    0.0000272  -0.00011505
 410    0.0000042  -0.00001627
 411    0.0000072  -0.00003452
 412    0.0000035  -0.00001534
 413    0.0000067  -0.00003126
 414    0.0000151  -0.00008216
 415    0.0000150  -0.00007952
 416    0.0000199  -0.00010847
 417    0.0000175  -0.00010465
 418    0.0000242  -0.00013202
 419    0.0000236  -0.00013380
 420    0.0000001  -0.00000100
 421    0.0000001  -0.00000071
 422    0.0000001  -0.00000067
 423    0.0000001  -0.00000077
 424    0.0000000  -0.00000013
 425    0.0000000  -0.00000012
 426    0.0000068  -0.00002628
 427    0.0000076  -0.00003538
 428    0.0000084  -0.00003863
 429    0.0000324  -0.00013387
 430    0.0000114  -0.00005183
 431    0.0000109  -0.00005115
 432    0.0000118  -0.00004940
 433    0.0000137  -0.00005908
 434    0.0000233  -0.00010807
 435    0.0000037  -0.00001545
 436    0.0000058  -0.00002663
 437    0.0000031  -0.00001370
 438    0.0000059  -0.00002685
 439    0.0000130  -0.00006578
 440    0.0000133  -0.00006755
 441    0.0000176  -0.00009650
 442    0.0000155  -0.00009470
 443    0.0000190  -0.00011712
 444    0.0000205  -0.00012251
 445    0.0000001  -0.00000093
 446    0.0000001  -0.00000071
 447    0.0000001  -0.00000060
 448    0.0000001  -0.00000069
 449    0.0000000  -0.00000013
 450    0.0000000  -0.00000013
 451    0.0000042  -0.00001826
 452    0.0000069  -0.00002933
 453    0.0000053  -0.00002157
 454    0.0000144  -0.00006723
 455    0.0000091  -0.00004265
 456    0.0000069  -0.00003347
 457    0.0000102  -0.00004469
 458    0.0000105  -0.00004870
 459    0.0000149  -0.00007330
 460    0.0000022  -0.00000883
 461    0.0000046  -0.00001986
 462    0.0000023  -0.00001091
 463    0.0000030  -0.00001470
 464    0.0000106  -0.00005708
 465    0.0000101  -0.00005691
 466    0.0000146  -0.00008213
 467    0.0000073  -0.00004471
 468    0.0000096  -0.00006161
 469    0.0000114  -0.00006986
 470    0.0000001  -0.00000092
 471    0.0000001  -0.00000065
 472    0.0000000  -0.00000046
 473    0.0000000  -0.00000049
 474    0.0000000  -0.00000010
 475    0.0000000  -0.00000012
 476    0.0000040  -0.00001755
 477    0.0000056  -0.00002079
 478    0.0000031  -0.00001377
 479    0.0000120  -0.00005763
 480    0.0000076  -0.00003737
 481    0.0000056  -0.00002326
 482    0.0000070  -0.00003363
 483    0.0000080  -0.00004094
 484    0.0000080  -0.00004380
 485    0.0000021  -0.00000943
 486    0.0000037  -0.00001611
 487    0.0000010  -0.00000450
 488    0.0000029  -0.00001393
 489    0.0000077  -0.00004479
 490    0.0000088  -0.00004945
 491    0.0000091  -0.00005036
 492    0.0000055  -0.00003392
 493    0.0000093  -0.00005654
 494    0.0000098  -0.00005972
 495    0.0000001  -0.00000080
 496    0.0000001  -0.00000061
 497    0.0000000  -0.00000048
 498    0.0000000  -0.00000046
 499    0.0000000  -0.00000010
 500    0.0000000  -0.00000009
 501    0.0000038  -0.00001613
 502    0.0000024  -0.00001057
 503    0.0000024  -0.00001065
 504    0.0000105  -0.00005178
 505    0.0000064  -0.00003032
 506    0.0000051  -0.00002084
 507    0.0000063  -0.00002858
 508    0.0000074  -0.00003776
 509    0.0000072  -0.00003882
 510    0.0000017  -0.00000779
 511    0.0000031  -0.00001368
 512    0.0000009  -0.00000394
 513    0.0000022  -0.00001090
 514    0.0000065  -0.00003618
 515    0.0000087  -0.00004961
 516    0.0000085  -0.00004996
 517    0.0000050  -0.00002926
 518    0.0000090  -0.00005826
 519    0.0000072  -0.00004827
 520    0.0000001  -0.00000058
 521    0.0000000  -0.00000047
 522    0.0000000  -0.00000045
 523    0.0000000  -0.00000039
 524    0.0000000  -0.00000009
 525    0.0000000  -0.00000009
 526    0.0000035  -0.00001461
 527    0.0000017  -0.00000751
 528    0.0000021  -0.00000930
 529    0.0000063  -0.00003462
 530    0.0000052  -0.00002311
 531    0.0000047  -0.00001904
 532    0.0000057  -0.00002633
 533    0.0000028  -0.00001505
 534    0.0000058  -0.00003093
 535    0.0000015  -0.00000678
 536    0.0000029  -0.00001320
 537    0.0000008  -0.00000388
 538    0.0000019  -0.00000903
 539    0.0000035  -0.00002062
 540    0.0000062  -0.00003527
 541    0.0000035  -0.00002057
 542    0.0000030  -0.00001874
 543    0.0000053  -0.00003735
 544    0.0000062  -0.00004726
 545    0.0000001  -0.00000053
 546    0.0000000  -0.00000043
 547    0.0000000  -0.00000038
 548    0.0000000  -0.00000033
 549    0.0000000  -0.00000008
 550    0.0000000  -0.00000009
 551    0.0000024  -0.00001071
 552    0.0000013  -0.00000582
 553    0.0000009  -0.00000432
 554    0.0000062  -0.00003166
 555    0.0000036  -0.00001692
 556    0.0000024  -0.00001125
 557    0.0000032  -0.00001475
 558    0.0000025  -0.00001248
 559    0.0000017  -0.00000871
 560    0.0000007  -0.00000338
 561    0.0000024  -0.00001137
 562    0.0000006  -0.00000276
 563    0.0000018  -0.00000893
 564    0.0000017  -0.00000941
 565    0.0000038  -0.00002207
 566    0.0000012  -0.00000727
 567    0.0000028  -0.00001818
 568    0.0000049  -0.00002727
 569    0.0000022  -0.00001506
 570    0.0000001  -0.00000056
 571    0.0000000  -0.00000036
 572    0.0000000  -0.00000033
 573    0.0000000  -0.00000035
 574    0.0000000  -0.00000008
 575    0.0000000  -0.00000008
 576    0.0000005  -0.00000232
 577    0.0000005  -0.00000247
 578    0.0000006  -0.00000292
 579    0.0000008  -0.00000430
 580    0.0000008  -0.00000368
 581    0.0000017  -0.00000806
 582    0.0000017  -0.00000802
 583    0.0000012  -0.00000622
 584    0.0000006  -0.00000331
 585    0.0000001  -0.00000088
 586    0.0000009  -0.00000405
 587    0.0000001  -0.00000077
 588    0.0000018  -0.00000820
 589    0.0000011  -0.00000671
 590    0.0000012  -0.00000657
 591    0.0000005  -0.00000283
 592    0.0000024  -0.00001508
 593    0.0000006  -0.00000372
 594    0.0000005  -0.00000284
 595    0.0000000  -0.00000050
 596    0.0000000  -0.00000035
 597    0.0000000  -0.00000030
 598    0.0000000  -0.00000033
 599    0.0000000  -0.00000007
 600    0.0000000  -0.00000008
 601    0.0000004  -0.00000199
 602    0.0000004  -0.00000196
 603    0.0000002  -0.00000114
 604    0.0000005  -0.00000236
 605    0.0000004  -0.00000227
 606    0.0000010  -0.00000466
 607    0.0000010  -0.00000489
 608    0.0000010  -0.00000470
 609    0.0000003  -0.00000209
 610    0.0000001  -0.00000044
 611    0.0000001  -0.00000069
 612    0.0000000  -0.00000028
 613    0.0000011  -0.00000523
 614    0.0000011  -0.00000595
 615    0.0000010  -0.00000586
 616    0.0000004  -0.00000263
 617    0.0000019  -0.00001143
 618    0.0000003  -0.00000195
 619    0.0000001  -0.00000095
 620    0.0000000  -0.00000043
 621    0.0000000  -0.00000031
 622    0.0000000  -0.00000027
 623    0.0000000  -0.00000028
 624    0.0000000  -0.00000008
 625    0.0000000  -0.00000008
 
----------------
 Final Energies 
----------------
Final NOF Total Energy =    -308.6228436
 
Total Orbital Internal Iterations = 10
Total Occupation Internal Iterations = 0
 
Elapsed time:  107.97 Seconds

---------------------------------
   Lowdin Population Analysis    
---------------------------------
 Idx  Atom   Population   Charge 
---------------------------------
  1     C     6.080      -0.080
  2     H     1.057      -0.057
  3     O     7.389       0.611
  4     C     5.921       0.079
  5     H     1.042      -0.042
  6     H     1.040      -0.040
  7     C     5.919       0.081
  8     H     1.044      -0.044
  9     H     1.044      -0.044
 10     H     1.331      -0.331
 11     H     1.063      -0.063
 12     C     6.113      -0.113
 13     H     1.060      -0.060
 14     H     1.059      -0.059
 15     O     7.443       0.557
 16     H     1.395      -0.395

---------------------------------
   M Diagnostic: 0.03
---------------------------------

