Computing Integrals
Basis Set                                            = def2-qzvp
Auxiliary Basis Set                                  = def2-universal-jkfit
Gaussian Type                                        = Spherical
Elapsed time:    2.74 Seconds

Number of basis functions                   (NBF)    = 147
Number of auxiliary basis functions         (NBFAUX) = 131
Inactive Doubly occupied orbitals up to     (NO1)    = 0
No. considered Strongly Doubly occupied MOs (NDOC)   = 5
No. considered Strongly Singly occupied MOs (NSOC)   = 0
NO. of Weakly occ. per St. Doubly occ.  MOs (NCWO)   = 28
Dimension of the Nat. Orb. subspace         (NBF5)   = 145
No. of electrons                                     = 10
    No. of alpha electrons                           = 5
    No. of beta electrons                            = 5
Multiplicity                                         = 1

Geometry
========
 N       0.0000000       0.0000000       0.1103420
 H       0.0000000       0.9410820      -0.2574640
 H      -0.8150010      -0.4705410      -0.2574640
 H       0.8150010      -0.4705410      -0.2574640

No violations of the orthonormality
No violations of the orthonormality
 
PNOF8/ADABelief Calculation
==================
 
  Nitext  Nit_orb  Time   Nit_occ  Time         Eelec          Etot           Ediff      maxdiff    MaxGrad_orb  Grad_occ
     1      10    2.2e+01   15    2.6e+01   -68.43608043   -56.46386749 -10067.43608043   0.018729   7.5e-02   2.0e-04 0.03
     2      20    2.5e+00   20    5.4e-01   -68.46378991   -56.49157697    -0.02770948   0.009548   3.8e-02   2.4e-04 0.02
     3      20    2.4e+00   23    5.6e-01   -68.47217500   -56.49996205    -0.00838509   0.017900   7.2e-02   2.3e-04 0.02
     4      20    2.5e+00   12    3.1e-01   -68.47648129   -56.50426835    -0.00430629   0.021651   8.7e-02   1.6e-04 0.02
     5      20    2.5e+00   10    2.5e-01   -68.47962090   -56.50740796    -0.00313961   0.017175   6.9e-02   2.1e-04 0.02
     6      20    2.6e+00   11    2.9e-01   -68.48171474   -56.50950180    -0.00209384   0.018413   7.4e-02   1.6e-04 0.02
     7      20    2.4e+00    9    2.4e-01   -68.48346097   -56.51124803    -0.00174623   0.018364   7.3e-02   2.4e-04 0.02
     8      20    2.3e+00    5    1.7e-01   -68.48384006   -56.51162711    -0.00037909   0.016437   6.6e-02   1.3e-04 0.02
     9      20    2.3e+00    5    1.8e-01   -68.48429526   -56.51208231    -0.00045520   0.014826   5.9e-02   1.5e-04 0.02
    10      20    2.9e+00    0    4.0e-02   -68.48432796   -56.51211502    -0.00003270   0.014826   5.9e-02   1.5e-04 0.02
    11      40    5.0e+00    3    1.4e-01   -68.48514194   -56.51292900    -0.00081398   0.001040   4.2e-03   1.4e-04 0.02
    12      40    4.8e+00    3    6.3e-02   -68.48518367   -56.51297073    -0.00004173   0.002275   9.1e-03   1.7e-04 0.02
    13      40    4.9e+00    7    2.4e-01   -68.48521857   -56.51300563    -0.00003490   0.002216   8.9e-03   1.6e-04 0.02
    14      40    4.7e+00    2    4.9e-02   -68.48527656   -56.51306361    -0.00005798   0.002118   8.5e-03   1.8e-04 0.02
    15      40    5.0e+00    2    1.3e-01   -68.48529676   -56.51308381    -0.00002020   0.002072   8.3e-03   1.6e-04 0.02
    16      40    4.6e+00    3    6.6e-02   -68.48531415   -56.51310121    -0.00001740   0.002145   8.6e-03   1.6e-04 0.02
    17      40    4.9e+00    4    1.5e-01   -68.48532938   -56.51311644    -0.00001522   0.002135   8.5e-03   2.0e-04 0.02
    18      40    5.4e+00    0    2.6e-02   -68.48535048   -56.51313753    -0.00002110   0.001990   8.0e-03   1.8e-04 0.02
    19      50    5.6e+00    3    1.4e-01   -68.48536538   -56.51315244    -0.00001490   0.001160   4.6e-03   1.7e-04 0.02
    20      50    6.0e+00    0    2.4e-02   -68.48537897   -56.51316603    -0.00001359   0.001475   5.9e-03   1.8e-04 0.02
    21      60    7.1e+00    4    1.6e-01   -68.48539013   -56.51317718    -0.00001115   0.000684   2.7e-03   1.5e-04 0.02
 
RESULTS OF THE OCCUPATION OPTIMIZATION
========================================
   1    1.9999531  -15.55519562
   2    1.9835699  -1.10749777
   3    1.9731913  -0.62157743
   4    1.9731332  -0.61972852
   5    1.9714129  -0.60628355
   6    0.0174978  -0.02426773
   7    0.0190905  -0.02549092
   8    0.0189032  -0.02551531
   9    0.0075357  -0.01534857
  10    0.0000401  -0.00120290
  11    0.0047253  -0.00795387
  12    0.0047646  -0.00798910
  13    0.0051002  -0.00832609
  14    0.0040706  -0.00844014
  15    0.0000031  -0.00009276
  16    0.0044344  -0.00783382
  17    0.0008250  -0.00183860
  18    0.0010611  -0.00243323
  19    0.0011499  -0.00546659
  20    0.0000017  -0.00001399
  21    0.0010213  -0.00235526
  22    0.0006436  -0.00192534
  23    0.0006670  -0.00180055
  24    0.0011061  -0.00345752
  25    0.0000008  -0.00000306
  26    0.0003169  -0.00090965
  27    0.0005711  -0.00132282
  28    0.0003111  -0.00080120
  29    0.0006636  -0.00197781
  30    0.0000008  -0.00004686
  31    0.0001750  -0.00052200
  32    0.0003930  -0.00095066
  33    0.0001959  -0.00058617
  34    0.0006067  -0.00187554
  35    0.0000000  -0.00000155
  36    0.0001005  -0.00032838
  37    0.0001521  -0.00051430
  38    0.0001191  -0.00044344
  39    0.0003340  -0.00098940
  40    0.0000000  -0.00000074
  41    0.0000564  -0.00017388
  42    0.0001113  -0.00037694
  43    0.0001009  -0.00033480
  44    0.0003296  -0.00107554
  45    0.0000000  -0.00000072
  46    0.0000508  -0.00016114
  47    0.0000871  -0.00027700
  48    0.0000894  -0.00028096
  49    0.0002966  -0.00088024
  50    0.0000000  -0.00000050
  51    0.0000476  -0.00017180
  52    0.0000650  -0.00020768
  53    0.0000635  -0.00020768
  54    0.0000678  -0.00025871
  55    0.0000000  -0.00000049
  56    0.0000362  -0.00014423
  57    0.0000487  -0.00017897
  58    0.0000530  -0.00016300
  59    0.0000518  -0.00022599
  60    0.0000000  -0.00000048
  61    0.0000316  -0.00011492
  62    0.0000279  -0.00012301
  63    0.0000332  -0.00012897
  64    0.0000371  -0.00014484
  65    0.0000000  -0.00000041
  66    0.0000169  -0.00006792
  67    0.0000181  -0.00008436
  68    0.0000296  -0.00012024
  69    0.0000312  -0.00013183
  70    0.0000000  -0.00000040
  71    0.0000130  -0.00005568
  72    0.0000118  -0.00005108
  73    0.0000163  -0.00007084
  74    0.0000262  -0.00011040
  75    0.0000000  -0.00000039
  76    0.0000106  -0.00004319
  77    0.0000098  -0.00004407
  78    0.0000124  -0.00005337
  79    0.0000204  -0.00009671
  80    0.0000000  -0.00000033
  81    0.0000098  -0.00004216
  82    0.0000091  -0.00003714
  83    0.0000115  -0.00005287
  84    0.0000188  -0.00008858
  85    0.0000000  -0.00000044
  86    0.0000080  -0.00003289
  87    0.0000085  -0.00004095
  88    0.0000100  -0.00004494
  89    0.0000142  -0.00006647
  90    0.0000000  -0.00000037
  91    0.0000062  -0.00002854
  92    0.0000049  -0.00001823
  93    0.0000065  -0.00002630
  94    0.0000126  -0.00006445
  95    0.0000000  -0.00000029
  96    0.0000055  -0.00002040
  97    0.0000038  -0.00001582
  98    0.0000041  -0.00001540
  99    0.0000112  -0.00005597
 100    0.0000000  -0.00000032
 101    0.0000038  -0.00001033
 102    0.0000035  -0.00001211
 103    0.0000037  -0.00001432
 104    0.0000088  -0.00004877
 105    0.0000000  -0.00000031
 106    0.0000037  -0.00000856
 107    0.0000028  -0.00000695
 108    0.0000027  -0.00000628
 109    0.0000073  -0.00004359
 110    0.0000000  -0.00000028
 111    0.0000032  -0.00000815
 112    0.0000028  -0.00000476
 113    0.0000027  -0.00000673
 114    0.0000067  -0.00003807
 115    0.0000000  -0.00000023
 116    0.0000028  -0.00000459
 117    0.0000025  -0.00000376
 118    0.0000026  -0.00000523
 119    0.0000056  -0.00003046
 120    0.0000000  -0.00000024
 121    0.0000023  -0.00000334
 122    0.0000025  -0.00000458
 123    0.0000022  -0.00000252
 124    0.0000053  -0.00002797
 125    0.0000000  -0.00000021
 126    0.0000022  -0.00000335
 127    0.0000019  -0.00000287
 128    0.0000019  -0.00000276
 129    0.0000039  -0.00002075
 130    0.0000000  -0.00000022
 131    0.0000018  -0.00000250
 132    0.0000017  -0.00000240
 133    0.0000017  -0.00000122
 134    0.0000031  -0.00001428
 135    0.0000000  -0.00000024
 136    0.0000017  -0.00000175
 137    0.0000016  -0.00000211
 138    0.0000016  -0.00000210
 139    0.0000029  -0.00001252
 140    0.0000000  -0.00000024
 141    0.0000015  -0.00000107
 142    0.0000013  -0.00000073
 143    0.0000015  -0.00000067
 144    0.0000025  -0.00000983
 145    0.0000000  -0.00000019
 
----------------
 Final Energies 
----------------
Final NOF Total Energy =     -56.5131772
 
Total Orbital Internal Iterations = 670
Total Occupation Internal Iterations = 141
 
Elapsed time:  149.14 Seconds

---------------------------------
   Lowdin Population Analysis    
---------------------------------
 Idx  Atom   Population   Charge 
---------------------------------
  1     N     6.417       0.583
  2     H     1.195      -0.195
  3     H     1.193      -0.193
  4     H     1.194      -0.194

---------------------------------
   M Diagnostic: 0.02
---------------------------------

