Computing Integrals
Basis Set                                            = def2-qzvp
Auxiliary Basis Set                                  = def2-universal-jkfit
Gaussian Type                                        = Spherical
Elapsed time:    3.31 Seconds

Number of basis functions                   (NBF)    = 204
Number of auxiliary basis functions         (NBFAUX) = 206
Inactive Doubly occupied orbitals up to     (NO1)    = 0
No. considered Strongly Doubly occupied MOs (NDOC)   = 9
No. considered Strongly Singly occupied MOs (NSOC)   = 0
NO. of Weakly occ. per St. Doubly occ.  MOs (NCWO)   = 21
Dimension of the Nat. Orb. subspace         (NBF5)   = 198
No. of electrons                                     = 18
    No. of alpha electrons                           = 9
    No. of beta electrons                            = 9
Multiplicity                                         = 1

Geometry
========
 F       0.0000000       0.0000000       0.7507480
 C       0.0000000       0.0000000      -0.6335550
 H       0.0000000       1.0313900      -0.9851350
 H      -0.8932100      -0.5156950      -0.9851350
 H       0.8932100      -0.5156950      -0.9851350

No violations of the orthonormality
No violations of the orthonormality
 
PNOF8/ADABelief Calculation
==================
 
  Nitext  Nit_orb  Time   Nit_occ  Time         Eelec          Etot           Ediff      maxdiff    MaxGrad_orb  Grad_occ
     1      10    2.2e+01   43    2.9e+01  -176.89809598  -139.54949830 -10175.89809598   0.024199   9.7e-02   2.0e-04 0.03
     2      20    2.7e+00   29    1.9e+00  -176.94507240  -139.59647471    -0.04697642   0.286860   1.1e+00   1.4e-04 0.03
     3      20    2.7e+00   18    1.1e+00  -176.97162330  -139.62302562    -0.02655090   0.028918   1.2e-01   2.4e-04 0.03
     4      20    2.7e+00   19    1.2e+00  -176.98568841  -139.63709072    -0.01406510   0.024319   9.7e-02   2.3e-04 0.03
     5      20    2.6e+00   15    1.0e+00  -176.99016984  -139.64157215    -0.00448143   0.027501   1.1e-01   2.6e-04 0.03
     6      20    2.8e+00   15    9.8e-01  -176.99567880  -139.64708112    -0.00550896   0.020801   8.3e-02   1.9e-04 0.03
     7      20    2.7e+00   13    8.7e-01  -176.99704987  -139.64845219    -0.00137107   0.020467   8.2e-02   2.1e-04 0.03
     8      20    2.6e+00   12    8.3e-01  -176.99815439  -139.64955671    -0.00110452   0.024658   9.9e-02   1.7e-04 0.03
     9      20    2.7e+00    0    9.6e-02  -176.99827240  -139.64967471    -0.00011800   0.024658   9.9e-02   1.7e-04 0.03
    10      40    5.3e+00    5    4.0e-01  -177.00061537  -139.65201769    -0.00234297   0.003585   1.4e-02   1.9e-04 0.03
    11      40    5.3e+00    5    4.4e-01  -177.00078045  -139.65218277    -0.00016508   0.003851   1.5e-02   2.1e-04 0.03
    12      40    5.3e+00    5    4.2e-01  -177.00097130  -139.65237361    -0.00019084   0.002818   1.1e-02   1.9e-04 0.03
    13      40    5.3e+00    5    4.2e-01  -177.00107346  -139.65247578    -0.00010216   0.004290   1.7e-02   2.1e-04 0.03
    14      40    5.4e+00    5    3.5e-01  -177.00127882  -139.65268113    -0.00020536   0.002748   1.1e-02   2.2e-04 0.03
    15      40    5.4e+00    8    5.7e-01  -177.00141162  -139.65281393    -0.00013280   0.003370   1.3e-02   1.3e-04 0.03
    16      40    5.5e+00    3    3.2e-01  -177.00152990  -139.65293221    -0.00011828   0.002714   1.1e-02   1.7e-04 0.03
    17      40    5.1e+00    3    3.1e-01  -177.00159221  -139.65299452    -0.00006231   0.003364   1.3e-02   1.7e-04 0.03
    18      40    5.4e+00    3    3.2e-01  -177.00164698  -139.65304930    -0.00005477   0.003200   1.3e-02   1.9e-04 0.03
    19      40    5.3e+00    8    5.6e-01  -177.00173829  -139.65314061    -0.00009131   0.001890   7.6e-03   1.9e-04 0.03
    20      40    5.6e+00    3    3.2e-01  -177.00181954  -139.65322185    -0.00008125   0.001887   7.5e-03   1.6e-04 0.03
    21      40    5.5e+00    5    4.1e-01  -177.00187789  -139.65328020    -0.00005835   0.001974   7.9e-03   1.4e-04 0.03
    22      40    5.6e+00    5    4.2e-01  -177.00195249  -139.65335481    -0.00007460   0.001691   6.8e-03   1.7e-04 0.03
    23      40    5.5e+00    5    4.1e-01  -177.00202434  -139.65342666    -0.00007185   0.001766   7.1e-03   1.4e-04 0.03
    24      40    5.4e+00    8    5.5e-01  -177.00209078  -139.65349309    -0.00006644   0.001559   6.2e-03   1.6e-04 0.03
    25      40    5.2e+00    3    3.1e-01  -177.00218183  -139.65358415    -0.00009105   0.001545   6.2e-03   1.7e-04 0.03
    26      40    5.6e+00    5    3.5e-01  -177.00224274  -139.65364505    -0.00006091   0.001757   7.0e-03   1.6e-04 0.03
    27      40    5.2e+00    5    4.7e-01  -177.00232813  -139.65373045    -0.00008540   0.001739   7.0e-03   1.5e-04 0.03
    28      40    5.5e+00    5    4.1e-01  -177.00241173  -139.65381404    -0.00008359   0.001881   7.5e-03   1.6e-04 0.03
    29      40    5.6e+00    5    4.6e-01  -177.00249398  -139.65389630    -0.00008225   0.001845   7.4e-03   1.4e-04 0.03
    30      40    5.3e+00    3    3.1e-01  -177.00256950  -139.65397182    -0.00007552   0.001916   7.7e-03   1.8e-04 0.03
    31      40    5.2e+00    3    3.2e-01  -177.00262565  -139.65402797    -0.00005615   0.002183   8.7e-03   2.1e-04 0.03
    32      40    5.4e+00    5    4.5e-01  -177.00268054  -139.65408285    -0.00005489   0.002181   8.7e-03   2.0e-04 0.03
    33      40    5.5e+00    8    6.1e-01  -177.00275050  -139.65415282    -0.00006997   0.002377   9.5e-03   1.3e-04 0.03
    34      40    5.4e+00    3    3.2e-01  -177.00284563  -139.65424795    -0.00009513   0.002330   9.3e-03   1.8e-04 0.03
    35      40    5.5e+00    3    3.4e-01  -177.00290834  -139.65431066    -0.00006271   0.002880   1.2e-02   2.2e-04 0.03
    36      40    5.4e+00    5    3.6e-01  -177.00297912  -139.65438143    -0.00007077   0.002658   1.1e-02   2.1e-04 0.03
    37      40    5.3e+00    5    4.1e-01  -177.00304554  -139.65444785    -0.00006642   0.002824   1.1e-02   1.4e-04 0.03
    38      40    5.3e+00    5    4.4e-01  -177.00311728  -139.65451959    -0.00007174   0.002605   1.0e-02   1.4e-04 0.03
    39      40    5.3e+00    5    4.1e-01  -177.00317359  -139.65457590    -0.00005631   0.002728   1.1e-02   1.4e-04 0.03
    40      40    5.5e+00    5    4.1e-01  -177.00321193  -139.65461425    -0.00003835   0.002501   1.0e-02   1.5e-04 0.03
 
RESULTS OF THE OCCUPATION OPTIMIZATION
========================================
   1    1.9999885  -26.32239940
   2    1.9999319  -11.30792860
   3    1.9849841  -1.58837151
   4    1.9797631  -0.94620507
   5    1.9693089  -0.76468174
   6    1.9808610  -0.73121175
   7    1.9789454  -0.72146764
   8    1.9730923  -0.59461579
   9    1.9730413  -0.58977230
  10    0.0174435  -0.02156033
  11    0.0173661  -0.02153644
  12    0.0099742  -0.01960749
  13    0.0100531  -0.01945478
  14    0.0297414  -0.04986086
  15    0.0127352  -0.01988312
  16    0.0068623  -0.02266107
  17    0.0000589  -0.00135952
  18    0.0000108  -0.00044512
  19    0.0048476  -0.00698815
  20    0.0048516  -0.00701460
  21    0.0043242  -0.00997818
  22    0.0043509  -0.00990625
  23    0.0003640  -0.00121543
  24    0.0034385  -0.00688525
  25    0.0031272  -0.00971854
  26    0.0000034  -0.00012150
  27    0.0000004  -0.00005267
  28    0.0020495  -0.00391280
  29    0.0020225  -0.00380276
  30    0.0041991  -0.00983555
  31    0.0019993  -0.00600364
  32    0.0002479  -0.00092457
  33    0.0017007  -0.00439969
  34    0.0030635  -0.00934361
  35    0.0000023  -0.00001512
  36    0.0000001  -0.00000185
  37    0.0011360  -0.00231210
  38    0.0011044  -0.00222890
  39    0.0007236  -0.00263280
  40    0.0009625  -0.00430471
  41    0.0002250  -0.00086916
  42    0.0011023  -0.00284386
  43    0.0007219  -0.00379468
  44    0.0000021  -0.00001389
  45    0.0000000  -0.00000076
  46    0.0005633  -0.00122456
  47    0.0005597  -0.00123259
  48    0.0005714  -0.00275399
  49    0.0006104  -0.00350092
  50    0.0000769  -0.00025197
  51    0.0003084  -0.00090066
  52    0.0004189  -0.00241044
  53    0.0000009  -0.00004229
  54    0.0000000  -0.00000042
  55    0.0003256  -0.00082080
  56    0.0003198  -0.00075739
  57    0.0003659  -0.00141294
  58    0.0003197  -0.00118700
  59    0.0000086  -0.00004071
  60    0.0001992  -0.00071444
  61    0.0002846  -0.00123466
  62    0.0000001  -0.00000161
  63    0.0000000  -0.00000042
  64    0.0002033  -0.00052747
  65    0.0002938  -0.00074197
  66    0.0002863  -0.00105127
  67    0.0003169  -0.00118081
  68    0.0000066  -0.00003153
  69    0.0001818  -0.00055814
  70    0.0002445  -0.00110231
  71    0.0000001  -0.00000120
  72    0.0000000  -0.00000031
  73    0.0000830  -0.00025961
  74    0.0001044  -0.00029285
  75    0.0002654  -0.00098210
  76    0.0001923  -0.00078577
  77    0.0000042  -0.00001324
  78    0.0001485  -0.00054012
  79    0.0001141  -0.00126858
  80    0.0000000  -0.00000076
  81    0.0000000  -0.00000032
  82    0.0000703  -0.00020464
  83    0.0000719  -0.00021138
  84    0.0001033  -0.00040437
  85    0.0000849  -0.00030067
  86    0.0000033  -0.00000871
  87    0.0000958  -0.00029501
  88    0.0000341  -0.00017910
  89    0.0000000  -0.00000077
  90    0.0000000  -0.00000026
  91    0.0000541  -0.00016399
  92    0.0000488  -0.00015430
  93    0.0000470  -0.00019085
  94    0.0000548  -0.00020450
  95    0.0000024  -0.00000678
  96    0.0000813  -0.00028799
  97    0.0000234  -0.00015830
  98    0.0000000  -0.00000071
  99    0.0000000  -0.00000021
 100    0.0000429  -0.00013413
 101    0.0000439  -0.00013352
 102    0.0000334  -0.00015233
 103    0.0000360  -0.00015140
 104    0.0000018  -0.00000715
 105    0.0000671  -0.00023390
 106    0.0000199  -0.00012953
 107    0.0000000  -0.00000055
 108    0.0000000  -0.00000021
 109    0.0000382  -0.00010604
 110    0.0000334  -0.00010679
 111    0.0000297  -0.00016089
 112    0.0000317  -0.00013396
 113    0.0000016  -0.00000637
 114    0.0000532  -0.00023120
 115    0.0000169  -0.00011631
 116    0.0000000  -0.00000055
 117    0.0000000  -0.00000021
 118    0.0000275  -0.00011141
 119    0.0000250  -0.00011413
 120    0.0000273  -0.00014050
 121    0.0000250  -0.00011816
 122    0.0000014  -0.00000617
 123    0.0000273  -0.00014023
 124    0.0000157  -0.00011188
 125    0.0000000  -0.00000053
 126    0.0000000  -0.00000018
 127    0.0000200  -0.00011056
 128    0.0000171  -0.00009458
 129    0.0000209  -0.00011394
 130    0.0000221  -0.00012002
 131    0.0000012  -0.00000597
 132    0.0000203  -0.00014920
 133    0.0000156  -0.00010420
 134    0.0000000  -0.00000053
 135    0.0000000  -0.00000014
 136    0.0000148  -0.00008105
 137    0.0000097  -0.00005131
 138    0.0000183  -0.00011192
 139    0.0000187  -0.00012002
 140    0.0000011  -0.00000505
 141    0.0000175  -0.00012017
 142    0.0000148  -0.00010755
 143    0.0000000  -0.00000044
 144    0.0000000  -0.00000015
 145    0.0000099  -0.00004974
 146    0.0000095  -0.00004425
 147    0.0000182  -0.00011375
 148    0.0000184  -0.00011777
 149    0.0000009  -0.00000450
 150    0.0000167  -0.00011953
 151    0.0000098  -0.00005602
 152    0.0000000  -0.00000051
 153    0.0000000  -0.00000013
 154    0.0000079  -0.00003358
 155    0.0000073  -0.00003002
 156    0.0000131  -0.00007094
 157    0.0000129  -0.00006864
 158    0.0000007  -0.00000365
 159    0.0000147  -0.00011444
 160    0.0000093  -0.00005086
 161    0.0000000  -0.00000037
 162    0.0000000  -0.00000014
 163    0.0000076  -0.00003331
 164    0.0000064  -0.00002659
 165    0.0000117  -0.00005078
 166    0.0000118  -0.00005688
 167    0.0000006  -0.00000330
 168    0.0000111  -0.00006836
 169    0.0000075  -0.00004207
 170    0.0000000  -0.00000030
 171    0.0000000  -0.00000012
 172    0.0000053  -0.00001540
 173    0.0000048  -0.00001366
 174    0.0000081  -0.00004191
 175    0.0000078  -0.00003862
 176    0.0000006  -0.00000320
 177    0.0000078  -0.00004192
 178    0.0000049  -0.00002857
 179    0.0000000  -0.00000034
 180    0.0000000  -0.00000013
 181    0.0000043  -0.00001316
 182    0.0000040  -0.00000771
 183    0.0000075  -0.00004022
 184    0.0000058  -0.00003090
 185    0.0000005  -0.00000263
 186    0.0000052  -0.00002388
 187    0.0000039  -0.00002118
 188    0.0000000  -0.00000032
 189    0.0000000  -0.00000012
 190    0.0000041  -0.00000852
 191    0.0000037  -0.00001138
 192    0.0000061  -0.00003373
 193    0.0000041  -0.00001485
 194    0.0000005  -0.00000256
 195    0.0000045  -0.00002060
 196    0.0000032  -0.00001384
 197    0.0000000  -0.00000034
 198    0.0000000  -0.00000011
 
----------------
 Final Energies 
----------------
Final NOF Total Energy =    -139.6546143
 
Total Orbital Internal Iterations = 1410
Total Occupation Internal Iterations = 313
 
Elapsed time:  286.79 Seconds

---------------------------------
   Lowdin Population Analysis    
---------------------------------
 Idx  Atom   Population   Charge 
---------------------------------
  1     F     8.736       0.264
  2     C     6.023      -0.023
  3     H     1.081      -0.081
  4     H     1.079      -0.079
  5     H     1.081      -0.081

---------------------------------
   M Diagnostic: 0.03
---------------------------------

