Computing Integrals
Basis Set                                            = def2-qzvp
Auxiliary Basis Set                                  = def2-universal-jkfit
Gaussian Type                                        = Spherical
Elapsed time:    3.07 Seconds

Number of basis functions                   (NBF)    = 172
Number of auxiliary basis functions         (NBFAUX) = 305
Inactive Doubly occupied orbitals up to     (NO1)    = 0
No. considered Strongly Doubly occupied MOs (NDOC)   = 43
No. considered Strongly Singly occupied MOs (NSOC)   = 0
NO. of Weakly occ. per St. Doubly occ.  MOs (NCWO)   = 3
Dimension of the Nat. Orb. subspace         (NBF5)   = 172
No. of electrons                                     = 86
    No. of alpha electrons                           = 43
    No. of beta electrons                            = 43
Multiplicity                                         = 1

Geometry
========
Bi       0.0000000       0.7652138       0.0000000
 H       1.4364560      -0.2550713       0.0000000
 H      -0.7182280      -0.2550713       1.2440070
 H      -0.7182280      -0.2550713      -1.2440070

No violations of the orthonormality
No violations of the orthonormality
 
PNOF8/ADABelief Calculation
==================
 
  Nitext  Nit_orb  Time   Nit_occ  Time         Eelec          Etot           Ediff      maxdiff    MaxGrad_orb  Grad_occ
     1      10    2.2e+01   41    2.8e+01 -4547.32764315 -4471.90505732 -14546.32764315   0.008116   3.2e-02   2.5e-04 0.03
     2      20    2.6e+00   38    1.3e+00 -4547.46855201 -4472.04596618    -0.14090886   0.004442   1.8e-02   2.1e-04 0.03
     3      20    2.6e+00   45    1.3e+00 -4547.52325368 -4472.10066785    -0.05470167   0.003082   1.2e-02   2.3e-04 0.03
     4      20    2.7e+00   33    1.1e+00 -4547.54904057 -4472.12645475    -0.02578690   0.003616   1.4e-02   2.4e-04 0.03
     5      20    2.7e+00   16    5.6e-01 -4547.56626969 -4472.14368387    -0.01722912   0.002773   1.1e-02   2.5e-04 0.03
     6      20    3.0e+00   12    4.0e-01 -4547.57830767 -4472.15572184    -0.01203797   0.002326   9.3e-03   3.0e-04 0.03
     7      20    2.9e+00   14    5.1e-01 -4547.58647329 -4472.16388746    -0.00816563   0.002220   8.9e-03   2.5e-04 0.03
     8      20    2.7e+00   19    6.8e-01 -4547.59159428 -4472.16900846    -0.00512099   0.002154   8.6e-03   2.8e-04 0.03
     9      20    2.7e+00    8    3.1e-01 -4547.59497682 -4472.17239099    -0.00338254   0.002340   9.4e-03   2.7e-04 0.03
    10      20    2.6e+00   10    3.9e-01 -4547.59754538 -4472.17495955    -0.00256856   0.002256   9.0e-03   2.6e-04 0.03
    11      20    2.6e+00    8    3.1e-01 -4547.60035263 -4472.17776680    -0.00280725   0.002388   9.6e-03   2.9e-04 0.03
    12      20    2.7e+00   16    5.6e-01 -4547.60281296 -4472.18022713    -0.00246033   0.002421   9.7e-03   2.5e-04 0.03
    13      20    2.6e+00    5    2.5e-01 -4547.60522325 -4472.18263742    -0.00241029   0.002305   9.2e-03   2.2e-04 0.03
    14      20    2.7e+00   12    5.0e-01 -4547.60683833 -4472.18425250    -0.00161508   0.002251   9.0e-03   2.2e-04 0.03
    15      20    2.5e+00    5    2.5e-01 -4547.60824284 -4472.18565702    -0.00140451   0.002054   8.2e-03   2.3e-04 0.03
    16      20    2.7e+00    8    3.1e-01 -4547.60951781 -4472.18693198    -0.00127497   0.002042   8.2e-03   2.8e-04 0.03
    17      20    2.7e+00    7    2.8e-01 -4547.61050472 -4472.18791890    -0.00098691   0.002133   8.5e-03   2.3e-04 0.03
    18      20    2.6e+00    3    1.4e-01 -4547.61120041 -4472.18861458    -0.00069568   0.002081   8.3e-03   2.2e-04 0.03
    19      20    2.7e+00    9    3.4e-01 -4547.61160222 -4472.18901639    -0.00040181   0.002105   8.4e-03   1.9e-04 0.03
    20      20    2.7e+00    3    2.0e-01 -4547.61195505 -4472.18936922    -0.00035283   0.002087   8.3e-03   2.2e-04 0.03
    21      20    2.6e+00    1    1.5e-01 -4547.61204631 -4472.18946048    -0.00009126   0.007190   2.9e-02   2.8e-04 0.03
    22      20    2.7e+00    9    3.4e-01 -4547.61218417 -4472.18959834    -0.00013786   0.002089   8.4e-03   2.3e-04 0.03
    23      20    2.9e+00    1    1.3e-01 -4547.61229660 -4472.18971077    -0.00011243   0.002063   8.3e-03   2.0e-04 0.03
    24      20    2.6e+00    2    1.8e-01 -4547.61234865 -4472.18976283    -0.00005205   0.002153   8.6e-03   2.1e-04 0.03
    25      20    2.8e+00    1    9.5e-02 -4547.61238150 -4472.18979567    -0.00003284   0.002146   8.6e-03   1.9e-04 0.03
    26      20    2.6e+00    9    4.2e-01 -4547.61242735 -4472.18984152    -0.00004586   0.002086   8.3e-03   2.5e-04 0.03
    27      20    2.6e+00    0    7.1e-02 -4547.61245727 -4472.18987145    -0.00002992   0.002086   8.3e-03   2.5e-04 0.03
    28      22    2.8e+00    1    1.3e-01 -4547.61267283 -4472.19008700    -0.00021555   0.000341   1.4e-03   1.5e-04 0.03
 
RESULTS OF THE OCCUPATION OPTIMIZATION
========================================
   1    2.0000000  -236.79218519
   2    1.9999999  -112.81725435
   3    1.9999999  -112.81068870
   4    1.9999999  -112.81065459
   5    1.9999998  -60.50235417
   6    1.9999992  -27.41760646
   7    1.9999991  -27.31256413
   8    1.9999991  -27.27077992
   9    1.9999990  -24.13799359
  10    1.9999989  -23.95153424
  11    1.9999989  -23.94261002
  12    1.9999989  -23.91660896
  13    1.9999989  -23.82607763
  14    1.9999987  -23.77629085
  15    1.9999986  -23.70817014
  16    1.9999984  -23.14463366
  17    1.9999983  -23.14386124
  18    1.9999979  -22.54082152
  19    1.9999978  -22.53597798
  20    1.9999974  -22.51495042
  21    1.9999971  -20.66262818
  22    1.9998872  -5.34968138
  23    1.9998743  -5.33861052
  24    1.9998463  -5.33690836
  25    1.9998348  -4.99850532
  26    1.9994468  -3.24169046
  27    1.9993487  -3.24008414
  28    1.9992527  -3.23896032
  29    1.9988988  -3.20657784
  30    1.9988333  -3.20644766
  31    1.9992708  -3.20595794
  32    1.9992134  -3.19683783
  33    1.9968468  -2.61644688
  34    1.9968481  -2.61573026
  35    1.9953650  -2.43761045
  36    1.9955055  -2.42869102
  37    1.9956436  -2.42772843
  38    1.9764826  -0.83332387
  39    1.9769746  -0.72825763
  40    1.9747974  -0.63321446
  41    1.9696230  -0.46713966
  42    1.9681593  -0.41504991
  43    1.9655040  -0.41160956
  44    0.0232198  -0.02766389
  45    0.0111578  -0.01348781
  46    0.0107791  -0.01330723
  47    0.0093348  -0.01285457
  48    0.0084122  -0.01281121
  49    0.0085222  -0.01308814
  50    0.0033995  -0.00857890
  51    0.0033554  -0.00846037
  52    0.0035992  -0.00936712
  53    0.0023323  -0.00650152
  54    0.0025350  -0.00699007
  55    0.0005341  -0.00187915
  56    0.0006369  -0.00223774
  57    0.0009712  -0.00328276
  58    0.0009823  -0.00329855
  59    0.0004680  -0.00167722
  60    0.0004304  -0.00150534
  61    0.0004540  -0.00155594
  62    0.0001105  -0.00046545
  63    0.0001048  -0.00044441
  64    0.0000725  -0.00034330
  65    0.0000575  -0.00026689
  66    0.0000022  -0.00004398
  67    0.0000020  -0.00004164
  68    0.0000019  -0.00003864
  69    0.0000016  -0.00002916
  70    0.0000014  -0.00002852
  71    0.0000014  -0.00002592
  72    0.0000009  -0.00002279
  73    0.0000009  -0.00002301
  74    0.0000009  -0.00002117
  75    0.0000008  -0.00002059
  76    0.0000008  -0.00002052
  77    0.0000007  -0.00001735
  78    0.0000007  -0.00001854
  79    0.0000006  -0.00001601
  80    0.0000005  -0.00001267
  81    0.0000006  -0.00001567
  82    0.0000001  -0.00000139
  83    0.0000000  -0.00000039
  84    0.0000000  -0.00000066
  85    0.0000000  -0.00000069
  86    0.0000000  -0.00000011
  87    0.0080100  -0.01083098
  88    0.0108390  -0.01291475
  89    0.0102913  -0.01294469
  90    0.0081601  -0.01183529
  91    0.0079252  -0.01194734
  92    0.0079890  -0.01221925
  93    0.0008462  -0.00249706
  94    0.0008372  -0.00245760
  95    0.0008301  -0.00243598
  96    0.0007192  -0.00215816
  97    0.0003996  -0.00127031
  98    0.0002120  -0.00071354
  99    0.0000654  -0.00027582
 100    0.0001389  -0.00051006
 101    0.0000719  -0.00030196
 102    0.0002324  -0.00087492
 103    0.0001584  -0.00057439
 104    0.0000686  -0.00028314
 105    0.0000326  -0.00016587
 106    0.0000341  -0.00017815
 107    0.0000351  -0.00018121
 108    0.0000391  -0.00019366
 109    0.0000004  -0.00000928
 110    0.0000003  -0.00000857
 111    0.0000002  -0.00000486
 112    0.0000004  -0.00001096
 113    0.0000001  -0.00000289
 114    0.0000002  -0.00000325
 115    0.0000003  -0.00000824
 116    0.0000002  -0.00000600
 117    0.0000002  -0.00000297
 118    0.0000001  -0.00000286
 119    0.0000001  -0.00000240
 120    0.0000002  -0.00000656
 121    0.0000001  -0.00000235
 122    0.0000002  -0.00000323
 123    0.0000002  -0.00000500
 124    0.0000001  -0.00000283
 125    0.0000000  -0.00000097
 126    0.0000000  -0.00000017
 127    0.0000000  -0.00000018
 128    0.0000000  -0.00000018
 129    0.0000000  -0.00000008
 130    0.0032662  -0.00482023
 131    0.0098439  -0.01196265
 132    0.0093066  -0.01191396
 133    0.0077078  -0.01129832
 134    0.0066879  -0.01015447
 135    0.0070062  -0.01157683
 136    0.0001107  -0.00039912
 137    0.0003019  -0.00095829
 138    0.0002058  -0.00061148
 139    0.0001004  -0.00037665
 140    0.0002186  -0.00062844
 141    0.0000405  -0.00018528
 142    0.0000268  -0.00013586
 143    0.0000566  -0.00025741
 144    0.0000469  -0.00021062
 145    0.0000468  -0.00020956
 146    0.0000625  -0.00026884
 147    0.0000307  -0.00014278
 148    0.0000220  -0.00012684
 149    0.0000148  -0.00011425
 150    0.0000180  -0.00012082
 151    0.0000163  -0.00011790
 152    0.0000003  -0.00000654
 153    0.0000003  -0.00000717
 154    0.0000001  -0.00000155
 155    0.0000002  -0.00000402
 156    0.0000001  -0.00000145
 157    0.0000001  -0.00000137
 158    0.0000002  -0.00000317
 159    0.0000001  -0.00000183
 160    0.0000001  -0.00000168
 161    0.0000001  -0.00000156
 162    0.0000001  -0.00000199
 163    0.0000001  -0.00000273
 164    0.0000001  -0.00000178
 165    0.0000001  -0.00000217
 166    0.0000002  -0.00000316
 167    0.0000001  -0.00000189
 168    0.0000000  -0.00000082
 169    0.0000000  -0.00000015
 170    0.0000000  -0.00000018
 171    0.0000000  -0.00000017
 172    0.0000000  -0.00000006
 
----------------
 Final Energies 
----------------
Final NOF Total Energy =   -4472.1900870
 
Total Orbital Internal Iterations = 552
Total Occupation Internal Iterations = 336
 
Elapsed time:  155.83 Seconds

---------------------------------
   Lowdin Population Analysis    
---------------------------------
 Idx  Atom   Population   Charge 
---------------------------------
  1    Bi    80.907       2.093
  2     H     1.698      -0.698
  3     H     1.697      -0.697
  4     H     1.699      -0.699

---------------------------------
   M Diagnostic: 0.03
---------------------------------

