Computing Integrals
Basis Set                                            = def2-qzvp
Auxiliary Basis Set                                  = def2-universal-jkfit
Gaussian Type                                        = Spherical
Elapsed time:    2.73 Seconds

Number of basis functions                   (NBF)    = 147
Number of auxiliary basis functions         (NBFAUX) = 131
Inactive Doubly occupied orbitals up to     (NO1)    = 0
No. considered Strongly Doubly occupied MOs (NDOC)   = 5
No. considered Strongly Singly occupied MOs (NSOC)   = 0
NO. of Weakly occ. per St. Doubly occ.  MOs (NCWO)   = 28
Dimension of the Nat. Orb. subspace         (NBF5)   = 145
No. of electrons                                     = 10
    No. of alpha electrons                           = 5
    No. of beta electrons                            = 5
Multiplicity                                         = 1

Geometry
========
 N      -0.0000002       0.2832465       0.0000000
 H       0.9362327      -0.0944155       0.0000000
 H      -0.4681163      -0.0944155       0.8108010
 H      -0.4681163      -0.0944155      -0.8108010

No violations of the orthonormality
No violations of the orthonormality
 
PNOF8/ADABelief Calculation
==================
 
  Nitext  Nit_orb  Time   Nit_occ  Time         Eelec          Etot           Ediff      maxdiff    MaxGrad_orb  Grad_occ
     1      10    2.2e+01   16    2.6e+01   -68.45037851   -56.46364566 -10067.45037851   0.018682   7.5e-02   1.8e-04 0.03
     2      20    2.3e+00   24    5.9e-01   -68.47793346   -56.49120060    -0.02755495   0.022758   9.1e-02   1.6e-04 0.02
     3      20    2.2e+00   16    3.7e-01   -68.48621910   -56.49948624    -0.00828564   0.018864   7.5e-02   2.2e-04 0.02
     4      20    2.1e+00   14    2.9e-01   -68.49037138   -56.50363852    -0.00415228   0.025195   1.0e-01   1.6e-04 0.02
     5      20    2.5e+00   12    2.8e-01   -68.49425620   -56.50752334    -0.00388482   0.013700   5.5e-02   1.5e-04 0.02
     6      20    2.6e+00    5    1.7e-01   -68.49610132   -56.50936846    -0.00184512   0.016356   6.5e-02   2.6e-04 0.02
     7      20    2.2e+00   11    3.5e-01   -68.49793641   -56.51120356    -0.00183510   0.014186   5.7e-02   1.3e-04 0.02
     8      20    2.3e+00    5    1.6e-01   -68.49869180   -56.51195894    -0.00075538   0.015266   6.1e-02   1.4e-04 0.02
     9      20    2.2e+00    4    9.5e-02   -68.49910668   -56.51237383    -0.00041489   0.011985   4.8e-02   2.0e-04 0.02
    10      20    2.5e+00    3    6.3e-02   -68.49925444   -56.51252158    -0.00014776   0.013203   5.3e-02   2.2e-04 0.02
    11      20    2.5e+00    5    1.6e-01   -68.49942116   -56.51268830    -0.00016672   0.010454   4.2e-02   1.7e-04 0.02
    12      20    2.7e+00    0    5.3e-02   -68.49944131   -56.51270845    -0.00002015   0.010454   4.2e-02   1.7e-04 0.02
    13      40    5.2e+00    3    6.7e-02   -68.49992227   -56.51318941    -0.00048096   0.001156   4.6e-03   1.8e-04 0.02
    14      40    5.0e+00    0    3.1e-02   -68.49993022   -56.51319736    -0.00000795   0.001156   4.6e-03   1.8e-04 0.02
    15      47    5.4e+00    0    5.8e-02   -68.49994317   -56.51321031    -0.00001295   0.000481   1.9e-03   1.8e-04 0.02
 
RESULTS OF THE OCCUPATION OPTIMIZATION
========================================
   1    1.9999351  -15.55524011
   2    1.9833717  -1.10769955
   3    1.9729693  -0.62162499
   4    1.9731692  -0.61971225
   5    1.9713768  -0.60851182
   6    0.0173652  -0.02423742
   7    0.0194395  -0.02577893
   8    0.0190720  -0.02555173
   9    0.0074501  -0.01523562
  10    0.0000544  -0.00154540
  11    0.0048039  -0.00802946
  12    0.0048797  -0.00809437
  13    0.0050832  -0.00826572
  14    0.0040648  -0.00846493
  15    0.0000047  -0.00012639
  16    0.0044527  -0.00778307
  17    0.0007880  -0.00167719
  18    0.0010203  -0.00237057
  19    0.0011302  -0.00551357
  20    0.0000023  -0.00001966
  21    0.0010408  -0.00234951
  22    0.0006830  -0.00195959
  23    0.0006615  -0.00172615
  24    0.0011045  -0.00339369
  25    0.0000016  -0.00001062
  26    0.0003342  -0.00091366
  27    0.0003279  -0.00084365
  28    0.0003432  -0.00088413
  29    0.0007181  -0.00235238
  30    0.0000013  -0.00004173
  31    0.0001736  -0.00051698
  32    0.0001912  -0.00056135
  33    0.0002984  -0.00080565
  34    0.0006047  -0.00182984
  35    0.0000001  -0.00000974
  36    0.0001015  -0.00032746
  37    0.0001008  -0.00032787
  38    0.0001585  -0.00045767
  39    0.0005908  -0.00155078
  40    0.0000000  -0.00000088
  41    0.0000832  -0.00026955
  42    0.0000959  -0.00032741
  43    0.0000969  -0.00032560
  44    0.0003265  -0.00100748
  45    0.0000000  -0.00000076
  46    0.0000639  -0.00019672
  47    0.0000828  -0.00029186
  48    0.0000653  -0.00020996
  49    0.0003191  -0.00094029
  50    0.0000000  -0.00000064
  51    0.0000512  -0.00017341
  52    0.0000688  -0.00023103
  53    0.0000547  -0.00018208
  54    0.0000595  -0.00021387
  55    0.0000000  -0.00000061
  56    0.0000351  -0.00014396
  57    0.0000364  -0.00014372
  58    0.0000502  -0.00016816
  59    0.0000465  -0.00017957
  60    0.0000000  -0.00000056
  61    0.0000224  -0.00009909
  62    0.0000305  -0.00013728
  63    0.0000277  -0.00012478
  64    0.0000441  -0.00016735
  65    0.0000000  -0.00000050
  66    0.0000212  -0.00009232
  67    0.0000283  -0.00012533
  68    0.0000159  -0.00006931
  69    0.0000290  -0.00012640
  70    0.0000000  -0.00000038
  71    0.0000151  -0.00005611
  72    0.0000143  -0.00005992
  73    0.0000140  -0.00005753
  74    0.0000203  -0.00009696
  75    0.0000000  -0.00000043
  76    0.0000098  -0.00004764
  77    0.0000109  -0.00004606
  78    0.0000134  -0.00005814
  79    0.0000181  -0.00008477
  80    0.0000000  -0.00000041
  81    0.0000087  -0.00003660
  82    0.0000093  -0.00004102
  83    0.0000095  -0.00004291
  84    0.0000165  -0.00007740
  85    0.0000000  -0.00000041
  86    0.0000087  -0.00003638
  87    0.0000079  -0.00003750
  88    0.0000085  -0.00003834
  89    0.0000141  -0.00007016
  90    0.0000000  -0.00000039
  91    0.0000053  -0.00001711
  92    0.0000076  -0.00002778
  93    0.0000056  -0.00002446
  94    0.0000125  -0.00006064
  95    0.0000000  -0.00000038
  96    0.0000046  -0.00001130
  97    0.0000060  -0.00002556
  98    0.0000051  -0.00001863
  99    0.0000104  -0.00005554
 100    0.0000000  -0.00000032
 101    0.0000042  -0.00000720
 102    0.0000038  -0.00001018
 103    0.0000047  -0.00001121
 104    0.0000087  -0.00004653
 105    0.0000000  -0.00000032
 106    0.0000033  -0.00000657
 107    0.0000031  -0.00000570
 108    0.0000042  -0.00001259
 109    0.0000077  -0.00004479
 110    0.0000000  -0.00000040
 111    0.0000025  -0.00000384
 112    0.0000029  -0.00000631
 113    0.0000035  -0.00000887
 114    0.0000073  -0.00003793
 115    0.0000000  -0.00000029
 116    0.0000024  -0.00000255
 117    0.0000025  -0.00000494
 118    0.0000031  -0.00000400
 119    0.0000053  -0.00002837
 120    0.0000000  -0.00000029
 121    0.0000024  -0.00000311
 122    0.0000023  -0.00000259
 123    0.0000029  -0.00000586
 124    0.0000048  -0.00002482
 125    0.0000000  -0.00000028
 126    0.0000020  -0.00000222
 127    0.0000021  -0.00000286
 128    0.0000025  -0.00000254
 129    0.0000039  -0.00001840
 130    0.0000000  -0.00000028
 131    0.0000019  -0.00000237
 132    0.0000018  -0.00000130
 133    0.0000022  -0.00000275
 134    0.0000038  -0.00001800
 135    0.0000000  -0.00000028
 136    0.0000017  -0.00000045
 137    0.0000017  -0.00000111
 138    0.0000018  -0.00000254
 139    0.0000036  -0.00001364
 140    0.0000000  -0.00000024
 141    0.0000016  -0.00000044
 142    0.0000016  -0.00000093
 143    0.0000016  -0.00000063
 144    0.0000032  -0.00000986
 145    0.0000000  -0.00000023
 
----------------
 Final Energies 
----------------
Final NOF Total Energy =     -56.5132103
 
Total Orbital Internal Iterations = 357
Total Occupation Internal Iterations = 118
 
Elapsed time:  108.67 Seconds

---------------------------------
   Lowdin Population Analysis    
---------------------------------
 Idx  Atom   Population   Charge 
---------------------------------
  1     N     6.415       0.585
  2     H     1.195      -0.195
  3     H     1.194      -0.194
  4     H     1.196      -0.196

---------------------------------
   M Diagnostic: 0.02
---------------------------------

