Computing Integrals
Basis Set                                            = def2-qzvp
Auxiliary Basis Set                                  = def2-universal-jkfit
Gaussian Type                                        = Spherical
Elapsed time:   10.88 Seconds

Number of basis functions                   (NBF)    = 522
Number of auxiliary basis functions         (NBFAUX) = 562
Inactive Doubly occupied orbitals up to     (NO1)    = 0
No. considered Strongly Doubly occupied MOs (NDOC)   = 23
No. considered Strongly Singly occupied MOs (NSOC)   = 0
NO. of Weakly occ. per St. Doubly occ.  MOs (NCWO)   = 21
Dimension of the Nat. Orb. subspace         (NBF5)   = 506
No. of electrons                                     = 46
    No. of alpha electrons                           = 23
    No. of beta electrons                            = 23
Multiplicity                                         = 1

Geometry
========
 C       0.2225926       1.4279982       0.0272321
 C      -0.9743607       0.4975173      -0.1304023
 C      -0.4168016      -0.8738344       0.2540892
 C       1.0688231      -0.7215880      -0.0955263
 O       1.3645391       0.6826064       0.0774947
 O       0.2333521       2.6227043       0.0957706
 H      -1.2909381       0.5369276      -1.1770308
 H      -1.8045312       0.8482317       0.4796172
 H      -0.5348784      -1.0449628       1.3259398
 H      -0.8819276      -1.7047273      -0.2757379
 H       1.2749517      -0.9895130      -1.1355311
 H       1.7391791      -1.2813600       0.5540850

No violations of the orthonormality
No violations of the orthonormality
 
PNOF8/ADABelief Calculation
==================
 
  Nitext  Nit_orb  Time   Nit_occ  Time         Eelec          Etot           Ediff      maxdiff    MaxGrad_orb  Grad_occ
     1      10    5.3e+01  115    9.9e+01  -546.15291179  -305.68194320 -10545.15291179   0.024633   9.9e-02   3.0e-04 0.04
     2      20    5.4e+01   65    4.1e+01  -546.30451070  -305.83354211    -0.15159891   0.568218   2.3e+00   2.6e-04 0.03
     3      20    5.3e+01   28    1.9e+01  -546.51304191  -306.04207332    -0.20853121   0.059542   2.4e-01   3.8e-04 0.03
     4      20    5.5e+01   26    1.8e+01  -546.53889621  -306.06792762    -0.02585430   0.050278   2.0e-01   2.9e-04 0.03
     5      20    7.1e+01   11    9.1e+00  -546.56995635  -306.09898776    -0.03106014   0.214608   8.6e-01   3.4e-04 0.03
     6      20    6.3e+01   14    1.1e+01  -546.58868689  -306.11771830    -0.01873055   0.035605   1.4e-01   2.9e-04 0.03
     7      20    6.1e+01   18    1.3e+01  -546.60871669  -306.13774810    -0.02002980   0.027236   1.1e-01   2.2e-04 0.03
     8      20    5.6e+01   17    1.3e+01  -546.62404977  -306.15308118    -0.01533308   0.036816   1.5e-01   2.2e-04 0.03
     9      20    5.3e+01    7    6.8e+00  -546.64128541  -306.17031682    -0.01723564   0.060970   2.4e-01   2.9e-04 0.03
    10      20    5.3e+01    0    2.6e+00  -546.64161660  -306.17064801    -0.00033119   0.060970   2.4e-01   2.9e-04 0.03
    11      40    1.1e+02    7    6.5e+00  -546.69234309  -306.22137450    -0.05072649   0.005846   2.3e-02   3.2e-04 0.03
    12      40    1.1e+02   12    9.5e+00  -546.69340558  -306.22243699    -0.00106249   0.004396   1.8e-02   2.4e-04 0.03
    13      40    1.1e+02    7    6.3e+00  -546.69426694  -306.22329835    -0.00086136   0.004403   1.8e-02   2.8e-04 0.03
    14      40    1.1e+02    7    7.1e+00  -546.69497589  -306.22400729    -0.00070894   0.004612   1.8e-02   2.8e-04 0.03
    15      40    1.1e+02    7    6.5e+00  -546.69546937  -306.22450078    -0.00049348   0.004263   1.7e-02   2.6e-04 0.03
    16      40    1.1e+02    9    7.7e+00  -546.69594506  -306.22497647    -0.00047570   0.004115   1.6e-02   2.1e-04 0.03
    17      40    1.1e+02    7    6.4e+00  -546.69630623  -306.22533763    -0.00036116   0.004828   1.9e-02   2.6e-04 0.03
    18      40    1.2e+02   12    9.4e+00  -546.69656029  -306.22559170    -0.00025406   0.004535   1.8e-02   1.6e-04 0.03
    19      40    1.2e+02    7    6.5e+00  -546.69683311  -306.22586452    -0.00027282   0.004911   2.0e-02   2.3e-04 0.03
    20      40    1.1e+02    7    6.5e+00  -546.69707207  -306.22610348    -0.00023896   0.004672   1.9e-02   2.4e-04 0.03
    21      40    1.2e+02    7    6.7e+00  -546.69728061  -306.22631202    -0.00020854   0.003879   1.6e-02   2.5e-04 0.03
    22      40    1.4e+02    7    6.4e+00  -546.69746836  -306.22649977    -0.00018776   0.004772   1.9e-02   2.6e-04 0.03
    23      40    1.1e+02    7    6.5e+00  -546.69768670  -306.22671811    -0.00021834   0.004139   1.7e-02   2.1e-04 0.03
    24      40    1.2e+02    7    6.8e+00  -546.69789719  -306.22692860    -0.00021049   0.009087   3.6e-02   2.4e-04 0.03
    25      40    1.3e+02    4    4.9e+00  -546.69805512  -306.22708653    -0.00015793   0.004605   1.8e-02   2.7e-04 0.03
    26      40    1.2e+02    1    3.2e+00  -546.69814411  -306.22717551    -0.00008898   0.004236   1.7e-02   3.1e-04 0.03
    27      40    1.1e+02    6    6.2e+00  -546.69817568  -306.22720709    -0.00003157   0.004080   1.6e-02   2.5e-04 0.03
    28      40    1.0e+02    3    4.3e+00  -546.69835809  -306.22738950    -0.00018241   0.003971   1.6e-02   3.0e-04 0.03
    29      40    1.1e+02    7    6.5e+00  -546.69838897  -306.22742037    -0.00003087   0.004230   1.7e-02   2.4e-04 0.03
    30      40    1.1e+02    1    3.0e+00  -546.69847862  -306.22751003    -0.00008965   0.009838   3.9e-02   2.5e-04 0.03
    31      40    1.1e+02    6    6.0e+00  -546.69852919  -306.22756060    -0.00005057   0.004352   1.7e-02   2.6e-04 0.03
    32      40    1.1e+02    1    3.0e+00  -546.69860929  -306.22764069    -0.00008009   0.003682   1.5e-02   2.8e-04 0.03
    33      40    1.1e+02    0    2.4e+00  -546.69861076  -306.22764217    -0.00000148   0.003682   1.5e-02   2.8e-04 0.03
    34      50    1.3e+02    3    4.2e+00  -546.69913082  -306.22816223    -0.00052006   0.000496   2.0e-03   2.2e-04 0.03
 
RESULTS OF THE OCCUPATION OPTIMIZATION
========================================
   1    1.9999881  -20.60722253
   2    1.9999861  -20.59197123
   3    1.9999376  -11.32306168
   4    1.9999383  -11.29691369
   5    1.9999544  -11.29581587
   6    1.9999533  -11.28840948
   7    1.9857499  -1.41149641
   8    1.9839538  -1.30185440
   9    1.9823759  -1.04381915
  10    1.9796049  -0.93693784
  11    1.9787554  -0.86162891
  12    1.9734445  -0.77083856
  13    1.9749528  -0.71974107
  14    1.9786360  -0.69854200
  15    1.9695896  -0.68220130
  16    1.9806339  -0.67741344
  17    1.9701261  -0.67518462
  18    1.9719859  -0.61391836
  19    1.9757441  -0.60745408
  20    1.9719290  -0.60663728
  21    1.9717499  -0.59466270
  22    1.9709570  -0.58380685
  23    1.9636292  -0.53586436
  24    0.0324403  -0.04861311
  25    0.0213609  -0.03037152
  26    0.0212736  -0.03040076
  27    0.0151503  -0.01987898
  28    0.0152164  -0.02046569
  29    0.0152154  -0.01982458
  30    0.0256688  -0.04395451
  31    0.0072797  -0.01394086
  32    0.0289021  -0.04478387
  33    0.0071450  -0.01380172
  34    0.0198090  -0.03123008
  35    0.0196150  -0.03656076
  36    0.0114532  -0.01836573
  37    0.0117460  -0.01933757
  38    0.0101139  -0.01749776
  39    0.0070647  -0.01899329
  40    0.0054146  -0.01590738
  41    0.0000345  -0.00066172
  42    0.0000279  -0.00052375
  43    0.0000483  -0.00103630
  44    0.0000516  -0.00096804
  45    0.0000126  -0.00042589
  46    0.0000107  -0.00030738
  47    0.0031262  -0.00677940
  48    0.0046045  -0.00789710
  49    0.0040847  -0.00735996
  50    0.0050964  -0.00794864
  51    0.0029521  -0.00607207
  52    0.0047242  -0.00744035
  53    0.0034955  -0.00802200
  54    0.0052067  -0.01078568
  55    0.0004563  -0.00126377
  56    0.0060927  -0.01230392
  57    0.0024846  -0.00576124
  58    0.0035167  -0.00856328
  59    0.0038910  -0.00719079
  60    0.0031998  -0.00709937
  61    0.0021402  -0.00813011
  62    0.0033769  -0.00806904
  63    0.0034084  -0.00838581
  64    0.0000036  -0.00008465
  65    0.0000047  -0.00012902
  66    0.0000047  -0.00010728
  67    0.0000025  -0.00002451
  68    0.0000003  -0.00002616
  69    0.0000003  -0.00003071
  70    0.0002278  -0.00073105
  71    0.0014780  -0.00327848
  72    0.0009822  -0.00237119
  73    0.0042025  -0.00671438
  74    0.0019498  -0.00416784
  75    0.0045690  -0.00700214
  76    0.0002424  -0.00082763
  77    0.0016612  -0.00567905
  78    0.0003144  -0.00098921
  79    0.0040309  -0.00821862
  80    0.0009831  -0.00234495
  81    0.0026726  -0.00661041
  82    0.0025253  -0.00767357
  83    0.0017676  -0.00506062
  84    0.0016494  -0.00512570
  85    0.0028984  -0.00723329
  86    0.0021122  -0.00777807
  87    0.0000020  -0.00001872
  88    0.0000039  -0.00008904
  89    0.0000018  -0.00001754
  90    0.0000017  -0.00001599
  91    0.0000002  -0.00000181
  92    0.0000002  -0.00000126
  93    0.0001905  -0.00063402
  94    0.0007671  -0.00168660
  95    0.0008417  -0.00183524
  96    0.0018472  -0.00361728
  97    0.0011570  -0.00272139
  98    0.0021239  -0.00377448
  99    0.0001266  -0.00044697
 100    0.0013196  -0.00420683
 101    0.0002688  -0.00084851
 102    0.0010714  -0.00333257
 103    0.0007577  -0.00215533
 104    0.0002409  -0.00083819
 105    0.0010080  -0.00281055
 106    0.0016768  -0.00410903
 107    0.0010102  -0.00338111
 108    0.0006853  -0.00279315
 109    0.0009412  -0.00524105
 110    0.0000016  -0.00001466
 111    0.0000032  -0.00003841
 112    0.0000015  -0.00001280
 113    0.0000015  -0.00001406
 114    0.0000002  -0.00000173
 115    0.0000001  -0.00000122
 116    0.0001764  -0.00060125
 117    0.0002685  -0.00069943
 118    0.0003112  -0.00079099
 119    0.0006465  -0.00135437
 120    0.0010623  -0.00256008
 121    0.0004828  -0.00115306
 122    0.0001068  -0.00037568
 123    0.0010060  -0.00311037
 124    0.0002330  -0.00075095
 125    0.0009140  -0.00265291
 126    0.0003429  -0.00095782
 127    0.0001939  -0.00068404
 128    0.0009414  -0.00253165
 129    0.0005858  -0.00188169
 130    0.0009552  -0.00293968
 131    0.0004831  -0.00198872
 132    0.0005793  -0.00264207
 133    0.0000012  -0.00001946
 134    0.0000013  -0.00001276
 135    0.0000012  -0.00004266
 136    0.0000012  -0.00003216
 137    0.0000001  -0.00000089
 138    0.0000001  -0.00000105
 139    0.0001211  -0.00037580
 140    0.0001895  -0.00053331
 141    0.0002679  -0.00070558
 142    0.0003340  -0.00083342
 143    0.0006322  -0.00153893
 144    0.0003020  -0.00079291
 145    0.0000740  -0.00026402
 146    0.0007474  -0.00359203
 147    0.0000879  -0.00029432
 148    0.0007074  -0.00224808
 149    0.0002217  -0.00067723
 150    0.0000772  -0.00026876
 151    0.0003786  -0.00107125
 152    0.0004354  -0.00146296
 153    0.0005037  -0.00247777
 154    0.0004592  -0.00283922
 155    0.0004540  -0.00264051
 156    0.0000008  -0.00003130
 157    0.0000012  -0.00002652
 158    0.0000008  -0.00003463
 159    0.0000010  -0.00005127
 160    0.0000001  -0.00000084
 161    0.0000001  -0.00000062
 162    0.0000274  -0.00007543
 163    0.0000900  -0.00028414
 164    0.0002070  -0.00058170
 165    0.0002289  -0.00058948
 166    0.0004044  -0.00103038
 167    0.0001726  -0.00046229
 168    0.0000436  -0.00017078
 169    0.0005645  -0.00159102
 170    0.0000345  -0.00013379
 171    0.0004368  -0.00154984
 172    0.0001195  -0.00041341
 173    0.0000677  -0.00024191
 174    0.0003160  -0.00104462
 175    0.0002751  -0.00095624
 176    0.0004700  -0.00167311
 177    0.0003099  -0.00113037
 178    0.0003950  -0.00214876
 179    0.0000006  -0.00000898
 180    0.0000007  -0.00001188
 181    0.0000005  -0.00000486
 182    0.0000006  -0.00001591
 183    0.0000001  -0.00000046
 184    0.0000001  -0.00000050
 185    0.0000149  -0.00005388
 186    0.0000774  -0.00024740
 187    0.0000814  -0.00026349
 188    0.0001434  -0.00042187
 189    0.0002678  -0.00080150
 190    0.0000939  -0.00028265
 191    0.0000366  -0.00013552
 192    0.0004355  -0.00137020
 193    0.0000273  -0.00010831
 194    0.0002629  -0.00087448
 195    0.0000945  -0.00032406
 196    0.0000385  -0.00016278
 197    0.0002947  -0.00095624
 198    0.0002557  -0.00099432
 199    0.0002221  -0.00095685
 200    0.0002860  -0.00158574
 201    0.0003350  -0.00173453
 202    0.0000004  -0.00000891
 203    0.0000006  -0.00000796
 204    0.0000005  -0.00000577
 205    0.0000004  -0.00000796
 206    0.0000000  -0.00000033
 207    0.0000000  -0.00000036
 208    0.0000075  -0.00002862
 209    0.0000476  -0.00015649
 210    0.0000584  -0.00018174
 211    0.0001248  -0.00035644
 212    0.0001785  -0.00053772
 213    0.0000640  -0.00019960
 214    0.0000265  -0.00012238
 215    0.0003160  -0.00102997
 216    0.0000219  -0.00009830
 217    0.0001884  -0.00073430
 218    0.0000876  -0.00031195
 219    0.0000345  -0.00013279
 220    0.0001416  -0.00047254
 221    0.0001485  -0.00058450
 222    0.0001911  -0.00077136
 223    0.0001535  -0.00113042
 224    0.0001817  -0.00102710
 225    0.0000003  -0.00000328
 226    0.0000006  -0.00001001
 227    0.0000005  -0.00000400
 228    0.0000004  -0.00000496
 229    0.0000000  -0.00000029
 230    0.0000000  -0.00000023
 231    0.0000072  -0.00002929
 232    0.0000399  -0.00013690
 233    0.0000369  -0.00013261
 234    0.0000742  -0.00022449
 235    0.0001123  -0.00036844
 236    0.0000579  -0.00018522
 237    0.0000114  -0.00005619
 238    0.0002548  -0.00087415
 239    0.0000164  -0.00007783
 240    0.0001141  -0.00042300
 241    0.0000343  -0.00013973
 242    0.0000209  -0.00010480
 243    0.0000653  -0.00021796
 244    0.0000920  -0.00034298
 245    0.0001178  -0.00048332
 246    0.0000802  -0.00035493
 247    0.0001201  -0.00087554
 248    0.0000003  -0.00000339
 249    0.0000003  -0.00000263
 250    0.0000003  -0.00000269
 251    0.0000002  -0.00000230
 252    0.0000000  -0.00000022
 253    0.0000000  -0.00000022
 254    0.0000060  -0.00002401
 255    0.0000292  -0.00010875
 256    0.0000240  -0.00009367
 257    0.0000543  -0.00017262
 258    0.0000760  -0.00026042
 259    0.0000430  -0.00015370
 260    0.0000097  -0.00004598
 261    0.0001669  -0.00061062
 262    0.0000129  -0.00005766
 263    0.0000911  -0.00032959
 264    0.0000295  -0.00012180
 265    0.0000161  -0.00008804
 266    0.0000515  -0.00019606
 267    0.0000496  -0.00020351
 268    0.0000653  -0.00027521
 269    0.0000670  -0.00033450
 270    0.0001016  -0.00114523
 271    0.0000002  -0.00000235
 272    0.0000002  -0.00000253
 273    0.0000003  -0.00000270
 274    0.0000002  -0.00000212
 275    0.0000000  -0.00000022
 276    0.0000000  -0.00000021
 277    0.0000050  -0.00001797
 278    0.0000175  -0.00007655
 279    0.0000207  -0.00008618
 280    0.0000332  -0.00012339
 281    0.0000591  -0.00019959
 282    0.0000359  -0.00012995
 283    0.0000079  -0.00004221
 284    0.0001393  -0.00057642
 285    0.0000103  -0.00004693
 286    0.0000717  -0.00027059
 287    0.0000174  -0.00009278
 288    0.0000134  -0.00007919
 289    0.0000403  -0.00015633
 290    0.0000351  -0.00014953
 291    0.0000535  -0.00021767
 292    0.0000434  -0.00022453
 293    0.0000399  -0.00019743
 294    0.0000002  -0.00000204
 295    0.0000002  -0.00000174
 296    0.0000002  -0.00000207
 297    0.0000002  -0.00000211
 298    0.0000000  -0.00000023
 299    0.0000000  -0.00000020
 300    0.0000043  -0.00001641
 301    0.0000154  -0.00006802
 302    0.0000126  -0.00005584
 303    0.0000268  -0.00010330
 304    0.0000535  -0.00018322
 305    0.0000340  -0.00012854
 306    0.0000060  -0.00003250
 307    0.0000535  -0.00022283
 308    0.0000067  -0.00003304
 309    0.0000660  -0.00025126
 310    0.0000150  -0.00008539
 311    0.0000124  -0.00007231
 312    0.0000340  -0.00013760
 313    0.0000282  -0.00013468
 314    0.0000282  -0.00014278
 315    0.0000347  -0.00017188
 316    0.0000348  -0.00019368
 317    0.0000002  -0.00000156
 318    0.0000002  -0.00000165
 319    0.0000002  -0.00000148
 320    0.0000002  -0.00000158
 321    0.0000000  -0.00000019
 322    0.0000000  -0.00000020
 323    0.0000038  -0.00001370
 324    0.0000153  -0.00006446
 325    0.0000111  -0.00004676
 326    0.0000225  -0.00009448
 327    0.0000449  -0.00016606
 328    0.0000238  -0.00009948
 329    0.0000050  -0.00002642
 330    0.0000489  -0.00021049
 331    0.0000045  -0.00002459
 332    0.0000548  -0.00021562
 333    0.0000142  -0.00007401
 334    0.0000089  -0.00004720
 335    0.0000243  -0.00012240
 336    0.0000231  -0.00012446
 337    0.0000265  -0.00013487
 338    0.0000317  -0.00024509
 339    0.0000318  -0.00021251
 340    0.0000001  -0.00000132
 341    0.0000001  -0.00000105
 342    0.0000002  -0.00000151
 343    0.0000001  -0.00000110
 344    0.0000000  -0.00000019
 345    0.0000000  -0.00000019
 346    0.0000030  -0.00001090
 347    0.0000138  -0.00005758
 348    0.0000099  -0.00004478
 349    0.0000193  -0.00008460
 350    0.0000218  -0.00010656
 351    0.0000185  -0.00008383
 352    0.0000035  -0.00001761
 353    0.0000418  -0.00017293
 354    0.0000045  -0.00002209
 355    0.0000331  -0.00013829
 356    0.0000124  -0.00006497
 357    0.0000077  -0.00004035
 358    0.0000184  -0.00010561
 359    0.0000221  -0.00011608
 360    0.0000186  -0.00011537
 361    0.0000240  -0.00015880
 362    0.0000265  -0.00015463
 363    0.0000001  -0.00000108
 364    0.0000001  -0.00000104
 365    0.0000001  -0.00000111
 366    0.0000001  -0.00000089
 367    0.0000000  -0.00000015
 368    0.0000000  -0.00000017
 369    0.0000027  -0.00000987
 370    0.0000099  -0.00004187
 371    0.0000085  -0.00003891
 372    0.0000179  -0.00007836
 373    0.0000186  -0.00009391
 374    0.0000153  -0.00007463
 375    0.0000034  -0.00001629
 376    0.0000395  -0.00016045
 377    0.0000038  -0.00001779
 378    0.0000259  -0.00012181
 379    0.0000093  -0.00004826
 380    0.0000073  -0.00003885
 381    0.0000165  -0.00009734
 382    0.0000194  -0.00011101
 383    0.0000173  -0.00010997
 384    0.0000196  -0.00011968
 385    0.0000229  -0.00014466
 386    0.0000001  -0.00000083
 387    0.0000001  -0.00000105
 388    0.0000001  -0.00000115
 389    0.0000001  -0.00000089
 390    0.0000000  -0.00000014
 391    0.0000000  -0.00000015
 392    0.0000019  -0.00000857
 393    0.0000060  -0.00002813
 394    0.0000058  -0.00003090
 395    0.0000163  -0.00007036
 396    0.0000173  -0.00009078
 397    0.0000106  -0.00004828
 398    0.0000020  -0.00001001
 399    0.0000337  -0.00014515
 400    0.0000012  -0.00000615
 401    0.0000231  -0.00011318
 402    0.0000039  -0.00002339
 403    0.0000035  -0.00001916
 404    0.0000132  -0.00008259
 405    0.0000116  -0.00006653
 406    0.0000120  -0.00007680
 407    0.0000081  -0.00005448
 408    0.0000167  -0.00011953
 409    0.0000001  -0.00000076
 410    0.0000001  -0.00000077
 411    0.0000001  -0.00000077
 412    0.0000001  -0.00000068
 413    0.0000000  -0.00000016
 414    0.0000000  -0.00000012
 415    0.0000016  -0.00000702
 416    0.0000051  -0.00002548
 417    0.0000047  -0.00002409
 418    0.0000115  -0.00004920
 419    0.0000166  -0.00009191
 420    0.0000097  -0.00004453
 421    0.0000013  -0.00000694
 422    0.0000247  -0.00012032
 423    0.0000011  -0.00000547
 424    0.0000137  -0.00007866
 425    0.0000035  -0.00001933
 426    0.0000026  -0.00001366
 427    0.0000123  -0.00006916
 428    0.0000072  -0.00004352
 429    0.0000110  -0.00007063
 430    0.0000072  -0.00005023
 431    0.0000151  -0.00010767
 432    0.0000001  -0.00000062
 433    0.0000001  -0.00000070
 434    0.0000001  -0.00000077
 435    0.0000001  -0.00000064
 436    0.0000000  -0.00000013
 437    0.0000000  -0.00000012
 438    0.0000014  -0.00000612
 439    0.0000028  -0.00001351
 440    0.0000033  -0.00001635
 441    0.0000103  -0.00004766
 442    0.0000060  -0.00003456
 443    0.0000088  -0.00004025
 444    0.0000012  -0.00000661
 445    0.0000128  -0.00008036
 446    0.0000011  -0.00000566
 447    0.0000091  -0.00004917
 448    0.0000030  -0.00001614
 449    0.0000024  -0.00001249
 450    0.0000080  -0.00004796
 451    0.0000070  -0.00004283
 452    0.0000093  -0.00005534
 453    0.0000062  -0.00004054
 454    0.0000088  -0.00006420
 455    0.0000001  -0.00000059
 456    0.0000001  -0.00000064
 457    0.0000001  -0.00000064
 458    0.0000001  -0.00000058
 459    0.0000000  -0.00000013
 460    0.0000000  -0.00000012
 461    0.0000010  -0.00000448
 462    0.0000027  -0.00001229
 463    0.0000027  -0.00001334
 464    0.0000073  -0.00003501
 465    0.0000052  -0.00002903
 466    0.0000063  -0.00003245
 467    0.0000011  -0.00000616
 468    0.0000094  -0.00005455
 469    0.0000010  -0.00000526
 470    0.0000069  -0.00003850
 471    0.0000027  -0.00001402
 472    0.0000018  -0.00000978
 473    0.0000071  -0.00004439
 474    0.0000059  -0.00003640
 475    0.0000062  -0.00004130
 476    0.0000043  -0.00003003
 477    0.0000075  -0.00005097
 478    0.0000001  -0.00000039
 479    0.0000001  -0.00000060
 480    0.0000001  -0.00000057
 481    0.0000001  -0.00000049
 482    0.0000000  -0.00000011
 483    0.0000000  -0.00000011
 484    0.0000008  -0.00000336
 485    0.0000020  -0.00000966
 486    0.0000019  -0.00001026
 487    0.0000035  -0.00001711
 488    0.0000039  -0.00002284
 489    0.0000027  -0.00001252
 490    0.0000007  -0.00000427
 491    0.0000044  -0.00002755
 492    0.0000009  -0.00000438
 493    0.0000051  -0.00002954
 494    0.0000016  -0.00000898
 495    0.0000012  -0.00000728
 496    0.0000039  -0.00002468
 497    0.0000033  -0.00002241
 498    0.0000026  -0.00001653
 499    0.0000029  -0.00001957
 500    0.0000032  -0.00002364
 501    0.0000000  -0.00000034
 502    0.0000000  -0.00000039
 503    0.0000001  -0.00000057
 504    0.0000001  -0.00000048
 505    0.0000000  -0.00000010
 506    0.0000000  -0.00000010
 
----------------
 Final Energies 
----------------
Final NOF Total Energy =    -306.2281622
 
Total Orbital Internal Iterations = 1160
Total Occupation Internal Iterations = 443
 
Elapsed time: 3930.64 Seconds

---------------------------------
   Lowdin Population Analysis    
---------------------------------
 Idx  Atom   Population   Charge 
---------------------------------
  1     C     6.657      -0.657
  2     C     5.886       0.114
  3     C     5.891       0.109
  4     C     6.037      -0.037
  5     O     7.516       0.484
  6     O     7.724       0.276
  7     H     1.038      -0.038
  8     H     1.042      -0.042
  9     H     1.046      -0.046
 10     H     1.050      -0.050
 11     H     1.054      -0.054
 12     H     1.059      -0.059

---------------------------------
   M Diagnostic: 0.03
---------------------------------

