Computing Integrals
Basis Set                                            = def2-qzvp
Auxiliary Basis Set                                  = def2-universal-jkfit
Gaussian Type                                        = Spherical
Elapsed time:    4.95 Seconds

Number of basis functions                   (NBF)    = 280
Number of auxiliary basis functions         (NBFAUX) = 512
Inactive Doubly occupied orbitals up to     (NO1)    = 0
No. considered Strongly Doubly occupied MOs (NDOC)   = 33
No. considered Strongly Singly occupied MOs (NSOC)   = 0
NO. of Weakly occ. per St. Doubly occ.  MOs (NCWO)   = 7
Dimension of the Nat. Orb. subspace         (NBF5)   = 264
No. of electrons                                     = 66
    No. of alpha electrons                           = 33
    No. of beta electrons                            = 33
Multiplicity                                         = 1

Geometry
========
 P      -0.2078209       1.7674485       0.0000000
Cl       1.0912817       1.9676194       1.5825606
Cl       1.0912817       1.9676194      -1.5825606
Cl      -1.0912817       3.6237210       0.0000000

No violations of the orthonormality
No violations of the orthonormality
 
PNOF8/ADABelief Calculation
==================
 
  Nitext  Nit_orb  Time   Nit_occ  Time         Eelec          Etot           Ediff      maxdiff    MaxGrad_orb  Grad_occ
     1      10    2.5e+01   81    3.3e+01 -2062.49181946 -1720.67873994 -12061.49181946   0.026967   1.1e-01   3.0e-04 0.03
     2      20    1.1e+01    0    2.3e-01 -2062.78356073 -1720.97048121    -0.29174127   0.026967   1.1e-01   3.0e-04 0.03
     3      40    3.7e+01   39    3.3e+00 -2062.97191311 -1721.15883359    -0.18835238   0.635994   2.5e+00   2.8e-04 0.03
     4      40    2.2e+01   27    2.3e+00 -2063.10943887 -1721.29635936    -0.13752577   0.005050   2.0e-02   3.6e-04 0.03
     5      40    2.9e+01   22    2.0e+00 -2063.15749101 -1721.34441149    -0.04805213   0.012893   5.2e-02   3.2e-04 0.03
     6      40    2.5e+01   29    2.5e+00 -2063.18199629 -1721.36891678    -0.02450529   0.014482   5.8e-02   2.2e-04 0.03
     7      40    3.2e+01   20    1.8e+00 -2063.19414494 -1721.38106542    -0.01214864   0.010556   4.2e-02   2.9e-04 0.03
     8      40    2.5e+01   19    1.8e+00 -2063.20111810 -1721.38803858    -0.00697316   0.013905   5.6e-02   3.6e-04 0.03
     9      40    2.4e+01   30    2.5e+00 -2063.20568328 -1721.39260376    -0.00456519   0.012567   5.0e-02   2.6e-04 0.03
    10      40    2.4e+01   17    1.6e+00 -2063.20921770 -1721.39613818    -0.00353442   0.011959   4.8e-02   2.4e-04 0.03
    11      40    1.8e+01   17    1.6e+00 -2063.21201840 -1721.39893888    -0.00280070   0.027512   1.1e-01   2.4e-04 0.03
    12      40    1.7e+01   16    1.5e+00 -2063.21420448 -1721.40112496    -0.00218608   0.019702   7.9e-02   2.8e-04 0.03
    13      40    2.4e+01   20    1.8e+00 -2063.21672608 -1721.40364656    -0.00252160   0.013439   5.4e-02   2.6e-04 0.03
    14      40    2.3e+01   16    1.4e+00 -2063.21953901 -1721.40645949    -0.00281293   0.016895   6.8e-02   2.6e-04 0.03
    15      40    2.0e+01   18    1.6e+00 -2063.22201694 -1721.40893742    -0.00247793   0.016452   6.6e-02   2.3e-04 0.03
    16      40    2.6e+01   14    1.3e+00 -2063.22457781 -1721.41149829    -0.00256087   0.018028   7.2e-02   2.6e-04 0.03
    17      40    2.0e+01   16    1.4e+00 -2063.22676692 -1721.41368740    -0.00218911   0.017113   6.8e-02   2.6e-04 0.03
    18      40    3.2e+01   14    1.4e+00 -2063.22892743 -1721.41584791    -0.00216051   0.016377   6.6e-02   2.3e-04 0.03
    19      40    2.2e+01   13    1.2e+00 -2063.23054186 -1721.41746234    -0.00161443   0.016127   6.5e-02   3.0e-04 0.03
    20      40    4.1e+01   13    1.4e+00 -2063.23197524 -1721.41889573    -0.00143339   0.015857   6.3e-02   2.3e-04 0.03
    21      40    2.0e+01   12    1.1e+00 -2063.23347659 -1721.42039707    -0.00150135   0.015350   6.1e-02   2.9e-04 0.03
    22      40    2.1e+01   13    1.2e+00 -2063.23504003 -1721.42196052    -0.00156344   0.015003   6.0e-02   2.8e-04 0.03
    23      40    3.6e+01   17    1.7e+00 -2063.23665268 -1721.42357316    -0.00161265   0.015944   6.4e-02   2.6e-04 0.03
    24      40    2.7e+01   17    1.6e+00 -2063.23841509 -1721.42533557    -0.00176241   0.012710   5.1e-02   2.4e-04 0.03
    25      40    1.8e+01   16    1.5e+00 -2063.23993373 -1721.42685421    -0.00151864   0.013394   5.4e-02   2.8e-04 0.03
    26      40    2.6e+01   16    1.4e+00 -2063.24128213 -1721.42820261    -0.00134840   0.031798   1.3e-01   2.6e-04 0.03
    27      40    4.0e+01    6    8.6e-01 -2063.24254828 -1721.42946876    -0.00126615   0.013897   5.6e-02   3.6e-04 0.03
    28      40    2.8e+01   14    1.4e+00 -2063.24348454 -1721.43040503    -0.00093627   0.013276   5.3e-02   2.9e-04 0.03
    29      40    3.5e+01   16    1.6e+00 -2063.24469690 -1721.43161738    -0.00121235   0.013433   5.4e-02   2.5e-04 0.03
    30      40    3.1e+01   12    1.2e+00 -2063.24566942 -1721.43258990    -0.00097252   0.012837   5.1e-02   2.6e-04 0.03
    31      40    2.2e+01   12    1.2e+00 -2063.24647656 -1721.43339704    -0.00080714   0.013704   5.5e-02   2.5e-04 0.03
    32      40    2.4e+01    8    9.0e-01 -2063.24740386 -1721.43432434    -0.00092731   0.010473   4.2e-02   2.4e-04 0.03
    33      40    2.1e+01   12    1.2e+00 -2063.24855844 -1721.43547892    -0.00115458   0.012748   5.1e-02   2.2e-04 0.03
    34      40    2.7e+01    6    7.3e-01 -2063.24971590 -1721.43663638    -0.00115746   0.012041   4.8e-02   3.1e-04 0.03
    35      40    4.1e+01    6    7.7e-01 -2063.25090376 -1721.43782424    -0.00118786   0.011997   4.8e-02   4.0e-04 0.03
    36      40    3.4e+01   19    1.8e+00 -2063.25186680 -1721.43878728    -0.00096304   0.010943   4.4e-02   2.3e-04 0.03
    37      40    2.4e+01    6    7.2e-01 -2063.25266140 -1721.43958188    -0.00079459   0.012546   5.0e-02   3.8e-04 0.03
    38      40    3.1e+01   10    1.1e+00 -2063.25327295 -1721.44019343    -0.00061155   0.020447   8.2e-02   2.8e-04 0.03
    39      40    2.3e+01    6    7.2e-01 -2063.25382300 -1721.44074348    -0.00055006   0.013436   5.4e-02   3.2e-04 0.03
    40      40    2.6e+01   13    1.3e+00 -2063.25432901 -1721.44124949    -0.00050601   0.014422   5.8e-02   2.8e-04 0.03
 
RESULTS OF THE OCCUPATION OPTIMIZATION
========================================
   1    1.9999988  -99.77190724
   2    1.9999987  -98.78883755
   3    1.9999986  -98.27721319
   4    1.9999986  -98.08292235
   5    1.9997856  -10.61548615
   6    1.9997799  -10.61521295
   7    1.9997880  -10.61442349
   8    1.9991414  -8.04834472
   9    1.9990039  -8.03770176
  10    1.9992017  -8.03158304
  11    1.9984862  -8.00444270
  12    1.9985864  -8.00415782
  13    1.9984957  -8.00114788
  14    1.9991881  -7.99941064
  15    1.9981771  -7.50131935
  16    1.9980261  -7.27710473
  17    1.9978869  -7.23429776
  18    1.9977310  -6.80498653
  19    1.9977252  -6.34388097
  20    1.9969188  -5.68197240
  21    1.9825643  -1.15225054
  22    1.9817336  -1.14144359
  23    1.9825984  -1.13742511
  24    1.9794788  -0.81954182
  25    1.9684262  -0.57378890
  26    1.9686091  -0.57205342
  27    1.9684276  -0.57175934
  28    1.9717960  -0.52520486
  29    1.9713731  -0.52399063
  30    1.9714530  -0.52393441
  31    1.9685231  -0.52105270
  32    1.9684982  -0.52096993
  33    1.9684251  -0.51982290
  34    0.0108334  -0.01854447
  35    0.0085182  -0.01738349
  36    0.0105490  -0.01826450
  37    0.0102704  -0.01911422
  38    0.0102769  -0.01940640
  39    0.0099802  -0.01899494
  40    0.0288195  -0.04911435
  41    0.0286477  -0.04892937
  42    0.0285962  -0.04896863
  43    0.0047445  -0.02245022
  44    0.0062332  -0.02951681
  45    0.0055905  -0.02901931
  46    0.0061083  -0.02986975
  47    0.0017893  -0.01482534
  48    0.0011092  -0.01207048
  49    0.0010895  -0.01068851
  50    0.0010196  -0.00967191
  51    0.0010163  -0.00974758
  52    0.0010596  -0.01019962
  53    0.0004193  -0.00870205
  54    0.0009934  -0.01025909
  55    0.0009734  -0.00978243
  56    0.0009702  -0.00972075
  57    0.0004395  -0.00917992
  58    0.0005090  -0.01078922
  59    0.0004522  -0.01001937
  60    0.0000935  -0.00130348
  61    0.0000832  -0.00151766
  62    0.0000929  -0.00116264
  63    0.0000007  -0.00003435
  64    0.0000008  -0.00003463
  65    0.0000006  -0.00001913
  66    0.0000006  -0.00002105
  67    0.0101748  -0.01792638
  68    0.0081864  -0.01654164
  69    0.0101303  -0.01789306
  70    0.0092892  -0.01793216
  71    0.0092904  -0.01793984
  72    0.0092257  -0.01796611
  73    0.0008429  -0.00207346
  74    0.0008246  -0.00201059
  75    0.0007433  -0.00173179
  76    0.0039280  -0.01693682
  77    0.0051815  -0.02098965
  78    0.0041879  -0.01902364
  79    0.0044070  -0.01937831
  80    0.0011790  -0.01290594
  81    0.0005922  -0.00687632
  82    0.0010183  -0.01115410
  83    0.0009225  -0.01072137
  84    0.0005018  -0.00916916
  85    0.0005229  -0.01121069
  86    0.0002220  -0.00281304
  87    0.0003870  -0.00883290
  88    0.0003737  -0.00800805
  89    0.0004829  -0.01081524
  90    0.0002249  -0.00315655
  91    0.0003840  -0.00880273
  92    0.0003329  -0.00751263
  93    0.0000786  -0.00222612
  94    0.0000684  -0.00144512
  95    0.0000819  -0.00163853
  96    0.0000004  -0.00001432
  97    0.0000004  -0.00001514
  98    0.0000006  -0.00001878
  99    0.0000005  -0.00001712
 100    0.0099476  -0.01740708
 101    0.0080521  -0.01593386
 102    0.0099224  -0.01732861
 103    0.0072525  -0.01861160
 104    0.0073103  -0.01857371
 105    0.0068058  -0.01865229
 106    0.0007780  -0.00182907
 107    0.0007185  -0.00166603
 108    0.0007081  -0.00166418
 109    0.0030272  -0.01159388
 110    0.0021395  -0.01104160
 111    0.0036537  -0.01772585
 112    0.0020437  -0.01065707
 113    0.0000308  -0.00032808
 114    0.0004884  -0.00778884
 115    0.0000719  -0.00172086
 116    0.0000624  -0.00147294
 117    0.0003738  -0.00842778
 118    0.0001293  -0.00243964
 119    0.0001191  -0.00162128
 120    0.0000705  -0.00206612
 121    0.0000179  -0.00016167
 122    0.0000209  -0.00016086
 123    0.0000742  -0.00195813
 124    0.0000460  -0.00049042
 125    0.0000197  -0.00015500
 126    0.0000128  -0.00021246
 127    0.0000401  -0.00032361
 128    0.0000172  -0.00046129
 129    0.0000001  -0.00000861
 130    0.0000000  -0.00000301
 131    0.0000001  -0.00000714
 132    0.0000000  -0.00000281
 133    0.0001976  -0.00065270
 134    0.0064859  -0.01736836
 135    0.0002888  -0.00090054
 136    0.0006588  -0.00159211
 137    0.0006539  -0.00158988
 138    0.0006502  -0.00158715
 139    0.0006456  -0.00155377
 140    0.0006961  -0.00165379
 141    0.0006486  -0.00152863
 142    0.0029626  -0.01160822
 143    0.0020660  -0.01080355
 144    0.0018410  -0.01023036
 145    0.0019856  -0.01056373
 146    0.0000233  -0.00018970
 147    0.0000312  -0.00023371
 148    0.0000257  -0.00021454
 149    0.0000616  -0.00069040
 150    0.0000409  -0.00035428
 151    0.0000722  -0.00077632
 152    0.0000210  -0.00021552
 153    0.0000171  -0.00016108
 154    0.0000153  -0.00054327
 155    0.0000145  -0.00016657
 156    0.0000195  -0.00015820
 157    0.0000184  -0.00015057
 158    0.0000197  -0.00016470
 159    0.0000109  -0.00014590
 160    0.0000121  -0.00015159
 161    0.0000093  -0.00013289
 162    0.0000001  -0.00000829
 163    0.0000000  -0.00000268
 164    0.0000000  -0.00000194
 165    0.0000000  -0.00000127
 166    0.0001849  -0.00060930
 167    0.0001250  -0.00049024
 168    0.0002368  -0.00075108
 169    0.0006575  -0.00159201
 170    0.0006522  -0.00158624
 171    0.0006447  -0.00157674
 172    0.0002399  -0.00069049
 173    0.0002851  -0.00081164
 174    0.0006336  -0.00151263
 175    0.0028893  -0.01132414
 176    0.0008716  -0.00397371
 177    0.0018093  -0.01015897
 178    0.0019716  -0.01047869
 179    0.0000230  -0.00022074
 180    0.0000194  -0.00017614
 181    0.0000225  -0.00022493
 182    0.0000177  -0.00014146
 183    0.0000181  -0.00014716
 184    0.0000173  -0.00014452
 185    0.0000160  -0.00058891
 186    0.0000149  -0.00018178
 187    0.0000128  -0.00014664
 188    0.0000095  -0.00009854
 189    0.0000185  -0.00015456
 190    0.0000177  -0.00014545
 191    0.0000143  -0.00067211
 192    0.0000069  -0.00008329
 193    0.0000086  -0.00014152
 194    0.0000060  -0.00006531
 195    0.0000000  -0.00000081
 196    0.0000000  -0.00000243
 197    0.0000000  -0.00000182
 198    0.0000000  -0.00000110
 199    0.0001609  -0.00057482
 200    0.0000697  -0.00024420
 201    0.0001897  -0.00062272
 202    0.0002436  -0.00081042
 203    0.0002514  -0.00083164
 204    0.0006433  -0.00157912
 205    0.0001585  -0.00057235
 206    0.0001281  -0.00047874
 207    0.0001512  -0.00051974
 208    0.0027963  -0.01143985
 209    0.0005192  -0.00166609
 210    0.0009727  -0.00516871
 211    0.0004624  -0.00149681
 212    0.0000193  -0.00045103
 213    0.0000173  -0.00014951
 214    0.0000221  -0.00027397
 215    0.0000165  -0.00015457
 216    0.0000118  -0.00011955
 217    0.0000115  -0.00009749
 218    0.0000075  -0.00010459
 219    0.0000111  -0.00010616
 220    0.0000118  -0.00014106
 221    0.0000085  -0.00007942
 222    0.0000114  -0.00011765
 223    0.0000119  -0.00012525
 224    0.0000121  -0.00011677
 225    0.0000064  -0.00013196
 226    0.0000046  -0.00025152
 227    0.0000042  -0.00035054
 228    0.0000000  -0.00000066
 229    0.0000000  -0.00000236
 230    0.0000000  -0.00000176
 231    0.0000000  -0.00000104
 232    0.0000756  -0.00024418
 233    0.0000644  -0.00021699
 234    0.0001598  -0.00055613
 235    0.0001750  -0.00062520
 236    0.0001919  -0.00069498
 237    0.0002542  -0.00088353
 238    0.0000880  -0.00027293
 239    0.0000907  -0.00030038
 240    0.0000928  -0.00031753
 241    0.0001732  -0.00085053
 242    0.0003906  -0.00142175
 243    0.0002113  -0.00130601
 244    0.0004571  -0.00155267
 245    0.0000165  -0.00029469
 246    0.0000170  -0.00014456
 247    0.0000189  -0.00014806
 248    0.0000129  -0.00015276
 249    0.0000110  -0.00012432
 250    0.0000101  -0.00011206
 251    0.0000069  -0.00009815
 252    0.0000102  -0.00008524
 253    0.0000087  -0.00013393
 254    0.0000074  -0.00009779
 255    0.0000104  -0.00011301
 256    0.0000091  -0.00009511
 257    0.0000077  -0.00010574
 258    0.0000029  -0.00056927
 259    0.0000031  -0.00060262
 260    0.0000029  -0.00056149
 261    0.0000000  -0.00000074
 262    0.0000000  -0.00000149
 263    0.0000000  -0.00000144
 264    0.0000000  -0.00000087
 
----------------
 Final Energies 
----------------
Final NOF Total Energy =   -1721.4412495
 
Total Orbital Internal Iterations = 1550
Total Occupation Internal Iterations = 678
 
Elapsed time: 1206.70 Seconds

---------------------------------
   Lowdin Population Analysis    
---------------------------------
 Idx  Atom   Population   Charge 
---------------------------------
  1     P    15.607      -0.607
  2    Cl    16.798       0.202
  3    Cl    16.799       0.201
  4    Cl    16.796       0.204

---------------------------------
   M Diagnostic: 0.03
---------------------------------

