Computing Integrals
Basis Set                                            = def2-qzvp
Auxiliary Basis Set                                  = def2-universal-jkfit
Gaussian Type                                        = Spherical
Elapsed time:   14.41 Seconds

Number of basis functions                   (NBF)    = 522
Number of auxiliary basis functions         (NBFAUX) = 570
Inactive Doubly occupied orbitals up to     (NO1)    = 0
No. considered Strongly Doubly occupied MOs (NDOC)   = 30
No. considered Strongly Singly occupied MOs (NSOC)   = 0
NO. of Weakly occ. per St. Doubly occ.  MOs (NCWO)   = 16
Dimension of the Nat. Orb. subspace         (NBF5)   = 510
No. of electrons                                     = 60
    No. of alpha electrons                           = 30
    No. of beta electrons                            = 30
Multiplicity                                         = 1

Geometry
========
 H       0.9656380       1.6725350       0.0000000
 H      -0.9656380       1.6725350       0.0000000
 H      -1.9312770       0.0000000       0.0000000
 H      -0.9656380      -1.6725350       0.0000000
 H       1.9312770       0.0000000       0.0000000
 H       0.9656380      -1.6725350       0.0000000
 F      -1.9232030       1.1103620       0.2609190
 F       0.0000000       2.2207240      -0.2609190
 F      -1.9232030      -1.1103620      -0.2609190
 F       1.9232030       1.1103620       0.2609190
 F       0.0000000      -2.2207240       0.2609190
 F       1.9232030      -1.1103620      -0.2609190

No violations of the orthonormality
No violations of the orthonormality
 
PNOF8/ADABelief Calculation
==================
 
  Nitext  Nit_orb  Time   Nit_occ  Time         Eelec          Etot           Ediff      maxdiff    MaxGrad_orb  Grad_occ
     1      10    5.1e+01  162    1.4e+02  -896.43710943  -601.41250960 -10895.43710943   0.024877   1.0e-01   3.2e-04 0.02
     2      20    6.3e+01    0    2.8e+00  -896.79369405  -601.76909423    -0.35658462   0.024906   1.0e-01   3.2e-04 0.02
     3      40    1.2e+02   65    4.1e+01  -897.09697671  -602.07237689    -0.30328266   0.258694   1.0e+00   2.7e-04 0.02
     4      40    1.2e+02   26    1.8e+01  -897.29766067  -602.27306084    -0.20068396   0.104856   4.2e-01   3.0e-04 0.02
     5      40    1.2e+02   14    1.1e+01  -897.33715710  -602.31255728    -0.03949644   0.143050   5.7e-01   3.1e-04 0.02
     6      40    1.4e+02   14    1.1e+01  -897.36199154  -602.33739171    -0.02483443   0.009943   4.0e-02   3.1e-04 0.02
     7      40    1.3e+02   12    1.0e+01  -897.37628462  -602.35168480    -0.01429308   0.006643   2.7e-02   3.3e-04 0.02
     8      40    1.3e+02   10    8.7e+00  -897.38622741  -602.36162759    -0.00994279   0.008798   3.5e-02   3.0e-04 0.02
     9      40    1.2e+02   10    8.8e+00  -897.39443173  -602.36983190    -0.00820432   0.006091   2.4e-02   2.8e-04 0.02
    10      40    1.2e+02   10    8.8e+00  -897.40086550  -602.37626568    -0.00643377   0.006995   2.8e-02   2.9e-04 0.02
    11      40    1.2e+02   10    8.6e+00  -897.40635062  -602.38175080    -0.00548512   0.038930   1.6e-01   3.2e-04 0.03
    12      40    1.2e+02   13    1.0e+01  -897.41093821  -602.38633838    -0.00458758   0.007272   2.9e-02   2.3e-04 0.03
    13      40    1.4e+02   10    8.6e+00  -897.41431834  -602.38971852    -0.00338013   0.006182   2.5e-02   2.6e-04 0.03
    14      40    1.3e+02    7    6.9e+00  -897.41641263  -602.39181281    -0.00209429   0.006466   2.6e-02   3.0e-04 0.03
    15      40    1.2e+02    7    8.0e+00  -897.41785499  -602.39325517    -0.00144236   0.007645   3.1e-02   3.4e-04 0.03
    16      40    1.2e+02    9    8.3e+00  -897.41873524  -602.39413542    -0.00088025   0.007363   2.9e-02   2.7e-04 0.03
    17      40    1.2e+02    4    5.2e+00  -897.41944369  -602.39484387    -0.00070845   0.006342   2.5e-02   2.5e-04 0.03
    18      40    1.2e+02    7    7.1e+00  -897.41993108  -602.39533126    -0.00048739   0.008256   3.3e-02   2.6e-04 0.03
    19      40    1.4e+02    4    5.3e+00  -897.42042259  -602.39582277    -0.00049151   0.007210   2.9e-02   2.5e-04 0.03
    20      40    1.3e+02    4    5.1e+00  -897.42077819  -602.39617837    -0.00035560   0.007180   2.9e-02   3.2e-04 0.03
    21      40    1.2e+02   15    1.2e+01  -897.42104413  -602.39644431    -0.00026594   0.007638   3.1e-02   2.0e-04 0.03
    22      40    1.1e+02    6    6.4e+00  -897.42133673  -602.39673691    -0.00029260   0.008856   3.5e-02   2.3e-04 0.03
    23      40    1.3e+02    7    7.0e+00  -897.42156661  -602.39696679    -0.00022988   0.050935   2.0e-01   2.1e-04 0.03
    24      40    1.3e+02    6    6.5e+00  -897.42188655  -602.39728673    -0.00031994   0.007839   3.1e-02   2.9e-04 0.03
    25      40    1.4e+02    7    6.8e+00  -897.42196877  -602.39736894    -0.00008222   0.007081   2.8e-02   2.2e-04 0.03
    26      40    1.2e+02    7    6.6e+00  -897.42213757  -602.39753775    -0.00016880   0.007796   3.1e-02   2.7e-04 0.03
    27      40    1.2e+02    3    4.5e+00  -897.42224739  -602.39764756    -0.00010982   0.007992   3.2e-02   2.5e-04 0.03
    28      40    1.2e+02    3    4.7e+00  -897.42236743  -602.39776761    -0.00012005   0.007771   3.1e-02   2.6e-04 0.03
    29      40    1.1e+02    9    8.2e+00  -897.42250376  -602.39790393    -0.00013633   0.007325   2.9e-02   2.5e-04 0.03
    30      40    1.2e+02    3    4.7e+00  -897.42256178  -602.39796196    -0.00005803   0.007694   3.1e-02   2.0e-04 0.03
    31      40    1.1e+02    1    3.4e+00  -897.42267218  -602.39807236    -0.00011040   0.006767   2.7e-02   3.1e-04 0.03
    32      40    1.1e+02    3    4.4e+00  -897.42271457  -602.39811474    -0.00004239   0.007619   3.0e-02   2.4e-04 0.03
    33      40    1.1e+02    1    3.4e+00  -897.42279221  -602.39819239    -0.00007764   0.007299   2.9e-02   3.1e-04 0.03
    34      40    1.1e+02    3    4.5e+00  -897.42284055  -602.39824073    -0.00004834   0.007305   2.9e-02   2.5e-04 0.03
    35      40    1.1e+02    1    3.2e+00  -897.42289098  -602.39829116    -0.00005043   0.007436   3.0e-02   3.1e-04 0.03
    36      40    1.1e+02    0    2.7e+00  -897.42289257  -602.39829275    -0.00000159   0.007436   3.0e-02   3.1e-04 0.03
    37      60    1.6e+02    6    6.6e+00  -897.42387764  -602.39927782    -0.00098507   0.000518   2.1e-03   2.1e-04 0.03
 
RESULTS OF THE OCCUPATION OPTIMIZATION
========================================
   1    1.9999866  -26.37254387
   2    1.9999870  -26.37186732
   3    1.9999863  -26.37172811
   4    1.9999860  -26.37172043
   5    1.9999875  -26.37171178
   6    1.9999873  -26.37141420
   7    1.9885970  -1.69100021
   8    1.9885033  -1.67535694
   9    1.9887368  -1.63271146
  10    1.9864341  -1.62238103
  11    1.9881228  -1.60392745
  12    1.9865175  -1.58968337
  13    1.9848613  -0.95047236
  14    1.9822306  -0.85729826
  15    1.9822280  -0.85478684
  16    1.9819916  -0.84155184
  17    1.9818472  -0.83176505
  18    1.9797817  -0.80332112
  19    1.9790796  -0.78791994
  20    1.9804520  -0.78004989
  21    1.9803747  -0.77133805
  22    1.9728346  -0.75864611
  23    1.9725976  -0.75721036
  24    1.9729296  -0.75699976
  25    1.9725166  -0.75331507
  26    1.9726639  -0.75272755
  27    1.9728159  -0.75246988
  28    1.9781753  -0.74865162
  29    1.9782661  -0.74540097
  30    1.9781484  -0.73664031
  31    0.0112602  -0.02105298
  32    0.0114438  -0.02124438
  33    0.0114227  -0.02118337
  34    0.0227635  -0.04277072
  35    0.0232276  -0.04293256
  36    0.0233604  -0.04331302
  37    0.0227725  -0.04257159
  38    0.0232144  -0.04292149
  39    0.0228263  -0.04264522
  40    0.0122240  -0.02175168
  41    0.0123018  -0.02158647
  42    0.0105222  -0.02070546
  43    0.0099744  -0.02033450
  44    0.0107515  -0.02132054
  45    0.0109544  -0.02178877
  46    0.0107413  -0.02164443
  47    0.0107281  -0.02153793
  48    0.0061786  -0.01438832
  49    0.0048648  -0.01517246
  50    0.0053918  -0.01616729
  51    0.0073948  -0.02152075
  52    0.0038501  -0.00992453
  53    0.0054831  -0.01664929
  54    0.0055239  -0.01722387
  55    0.0000096  -0.00033333
  56    0.0000093  -0.00032202
  57    0.0000112  -0.00044233
  58    0.0000114  -0.00044435
  59    0.0000109  -0.00041302
  60    0.0000105  -0.00039322
  61    0.0043487  -0.01022664
  62    0.0044275  -0.01033159
  63    0.0044127  -0.01032896
  64    0.0030950  -0.00871864
  65    0.0031657  -0.00881307
  66    0.0032077  -0.00889230
  67    0.0031344  -0.00869729
  68    0.0032410  -0.00879629
  69    0.0032018  -0.00876280
  70    0.0046128  -0.01041646
  71    0.0049065  -0.01080838
  72    0.0043181  -0.01035376
  73    0.0043380  -0.01054696
  74    0.0046048  -0.01032894
  75    0.0044370  -0.01049084
  76    0.0043966  -0.01032648
  77    0.0045727  -0.01050743
  78    0.0048669  -0.01161293
  79    0.0036501  -0.01006278
  80    0.0036081  -0.00972189
  81    0.0034728  -0.00976060
  82    0.0036982  -0.00982135
  83    0.0037258  -0.01017014
  84    0.0036686  -0.01012656
  85    0.0000008  -0.00001091
  86    0.0000010  -0.00001369
  87    0.0000006  -0.00001088
  88    0.0000007  -0.00001677
  89    0.0000005  -0.00004330
  90    0.0000011  -0.00001542
  91    0.0042984  -0.01002835
  92    0.0042760  -0.00999203
  93    0.0043733  -0.01008766
  94    0.0002617  -0.00106097
  95    0.0002592  -0.00105437
  96    0.0002672  -0.00108525
  97    0.0002731  -0.00109537
  98    0.0002772  -0.00110023
  99    0.0002792  -0.00110130
 100    0.0011508  -0.00450866
 101    0.0006391  -0.00199964
 102    0.0041964  -0.01004709
 103    0.0040925  -0.00989058
 104    0.0009670  -0.00345273
 105    0.0008613  -0.00309687
 106    0.0008905  -0.00318543
 107    0.0009369  -0.00330145
 108    0.0012254  -0.00553974
 109    0.0034563  -0.00969907
 110    0.0011172  -0.00546585
 111    0.0011261  -0.00599610
 112    0.0011879  -0.00638045
 113    0.0007469  -0.00508751
 114    0.0006671  -0.00454638
 115    0.0000006  -0.00002683
 116    0.0000005  -0.00004991
 117    0.0000006  -0.00003028
 118    0.0000003  -0.00001068
 119    0.0000003  -0.00000638
 120    0.0000003  -0.00002324
 121    0.0007619  -0.00254517
 122    0.0005302  -0.00172650
 123    0.0005141  -0.00171343
 124    0.0002571  -0.00104231
 125    0.0002521  -0.00103473
 126    0.0002633  -0.00107363
 127    0.0002588  -0.00107403
 128    0.0002724  -0.00109034
 129    0.0002476  -0.00104505
 130    0.0004298  -0.00134371
 131    0.0003667  -0.00129802
 132    0.0007591  -0.00270491
 133    0.0008585  -0.00304807
 134    0.0005893  -0.00203274
 135    0.0005476  -0.00185251
 136    0.0005834  -0.00234434
 137    0.0005512  -0.00194527
 138    0.0009462  -0.00334741
 139    0.0007109  -0.00472862
 140    0.0007792  -0.00452571
 141    0.0005655  -0.00229275
 142    0.0011442  -0.00586121
 143    0.0004375  -0.00301605
 144    0.0004883  -0.00296600
 145    0.0000005  -0.00004541
 146    0.0000004  -0.00003884
 147    0.0000004  -0.00004766
 148    0.0000002  -0.00000526
 149    0.0000002  -0.00000517
 150    0.0000003  -0.00001687
 151    0.0004343  -0.00147157
 152    0.0003297  -0.00124950
 153    0.0003210  -0.00117648
 154    0.0002360  -0.00100424
 155    0.0002386  -0.00100980
 156    0.0002278  -0.00099166
 157    0.0002377  -0.00100966
 158    0.0002324  -0.00099919
 159    0.0002396  -0.00101136
 160    0.0003484  -0.00122163
 161    0.0003492  -0.00124693
 162    0.0003330  -0.00123070
 163    0.0003835  -0.00129503
 164    0.0004523  -0.00154639
 165    0.0003679  -0.00127277
 166    0.0004181  -0.00141168
 167    0.0004996  -0.00165786
 168    0.0007276  -0.00396785
 169    0.0002897  -0.00135322
 170    0.0003313  -0.00140983
 171    0.0003011  -0.00129538
 172    0.0007564  -0.00478208
 173    0.0003056  -0.00138314
 174    0.0003814  -0.00203112
 175    0.0000003  -0.00002601
 176    0.0000003  -0.00000575
 177    0.0000002  -0.00000472
 178    0.0000002  -0.00000520
 179    0.0000002  -0.00000443
 180    0.0000002  -0.00000603
 181    0.0003054  -0.00115815
 182    0.0003058  -0.00117900
 183    0.0003083  -0.00115205
 184    0.0002317  -0.00099783
 185    0.0000515  -0.00015491
 186    0.0000414  -0.00013438
 187    0.0002281  -0.00099482
 188    0.0000452  -0.00013942
 189    0.0002253  -0.00097910
 190    0.0003476  -0.00120767
 191    0.0003347  -0.00122244
 192    0.0002991  -0.00113892
 193    0.0003512  -0.00130731
 194    0.0003790  -0.00130501
 195    0.0003586  -0.00133195
 196    0.0003302  -0.00123907
 197    0.0001245  -0.00051246
 198    0.0004893  -0.00229731
 199    0.0002746  -0.00124329
 200    0.0003028  -0.00128731
 201    0.0002930  -0.00127558
 202    0.0003321  -0.00150868
 203    0.0003001  -0.00159192
 204    0.0002884  -0.00128616
 205    0.0000002  -0.00000427
 206    0.0000002  -0.00000474
 207    0.0000002  -0.00000396
 208    0.0000002  -0.00000405
 209    0.0000002  -0.00000395
 210    0.0000002  -0.00000460
 211    0.0002839  -0.00113007
 212    0.0002748  -0.00117559
 213    0.0002856  -0.00114547
 214    0.0002241  -0.00099588
 215    0.0000405  -0.00013870
 216    0.0000299  -0.00013718
 217    0.0000494  -0.00014757
 218    0.0000281  -0.00013598
 219    0.0000506  -0.00015495
 220    0.0003265  -0.00119666
 221    0.0003154  -0.00115370
 222    0.0002954  -0.00118042
 223    0.0000819  -0.00035161
 224    0.0001271  -0.00050502
 225    0.0001293  -0.00053130
 226    0.0001255  -0.00052876
 227    0.0000899  -0.00040597
 228    0.0003637  -0.00130109
 229    0.0000924  -0.00085184
 230    0.0001257  -0.00199235
 231    0.0002566  -0.00127776
 232    0.0001156  -0.00179458
 233    0.0002876  -0.00130643
 234    0.0001164  -0.00178197
 235    0.0000001  -0.00000320
 236    0.0000001  -0.00000331
 237    0.0000002  -0.00000420
 238    0.0000001  -0.00000327
 239    0.0000001  -0.00000299
 240    0.0000002  -0.00000398
 241    0.0000494  -0.00023065
 242    0.0000509  -0.00020899
 243    0.0000699  -0.00031732
 244    0.0000258  -0.00012766
 245    0.0000266  -0.00013299
 246    0.0000184  -0.00012260
 247    0.0000254  -0.00012787
 248    0.0000220  -0.00011518
 249    0.0000200  -0.00012205
 250    0.0000665  -0.00030410
 251    0.0001307  -0.00051927
 252    0.0000828  -0.00037534
 253    0.0000430  -0.00021408
 254    0.0000803  -0.00035698
 255    0.0001229  -0.00049368
 256    0.0000875  -0.00037518
 257    0.0000862  -0.00037499
 258    0.0000960  -0.00044952
 259    0.0000353  -0.00021662
 260    0.0000910  -0.00121972
 261    0.0000413  -0.00024542
 262    0.0000441  -0.00028604
 263    0.0000845  -0.00137229
 264    0.0000937  -0.00118144
 265    0.0000001  -0.00000296
 266    0.0000001  -0.00000289
 267    0.0000001  -0.00000278
 268    0.0000001  -0.00000278
 269    0.0000001  -0.00000299
 270    0.0000001  -0.00000293
 271    0.0000272  -0.00015730
 272    0.0000227  -0.00013841
 273    0.0000292  -0.00016427
 274    0.0000212  -0.00012377
 275    0.0000165  -0.00011782
 276    0.0000167  -0.00011590
 277    0.0000241  -0.00012179
 278    0.0000177  -0.00011679
 279    0.0000150  -0.00010644
 280    0.0000368  -0.00019101
 281    0.0000510  -0.00022818
 282    0.0000353  -0.00018241
 283    0.0000191  -0.00013755
 284    0.0000506  -0.00025597
 285    0.0000893  -0.00038516
 286    0.0000626  -0.00031100
 287    0.0000498  -0.00023613
 288    0.0000636  -0.00029080
 289    0.0000308  -0.00019874
 290    0.0000252  -0.00018083
 291    0.0000286  -0.00019343
 292    0.0000360  -0.00021211
 293    0.0000374  -0.00021864
 294    0.0000377  -0.00022135
 295    0.0000001  -0.00000266
 296    0.0000001  -0.00000233
 297    0.0000001  -0.00000274
 298    0.0000001  -0.00000285
 299    0.0000001  -0.00000281
 300    0.0000001  -0.00000246
 301    0.0000189  -0.00013184
 302    0.0000175  -0.00012766
 303    0.0000216  -0.00014370
 304    0.0000176  -0.00011631
 305    0.0000134  -0.00009038
 306    0.0000141  -0.00009650
 307    0.0000164  -0.00010931
 308    0.0000156  -0.00011447
 309    0.0000137  -0.00007976
 310    0.0000214  -0.00014653
 311    0.0000377  -0.00018905
 312    0.0000254  -0.00014792
 313    0.0000176  -0.00013207
 314    0.0000435  -0.00021983
 315    0.0000466  -0.00024628
 316    0.0000338  -0.00019366
 317    0.0000358  -0.00019238
 318    0.0000463  -0.00024122
 319    0.0000208  -0.00018037
 320    0.0000234  -0.00018087
 321    0.0000193  -0.00016938
 322    0.0000241  -0.00023492
 323    0.0000270  -0.00021075
 324    0.0000354  -0.00020796
 325    0.0000001  -0.00000250
 326    0.0000001  -0.00000225
 327    0.0000001  -0.00000232
 328    0.0000001  -0.00000222
 329    0.0000001  -0.00000214
 330    0.0000001  -0.00000177
 331    0.0000163  -0.00012267
 332    0.0000166  -0.00012617
 333    0.0000199  -0.00013389
 334    0.0000143  -0.00009052
 335    0.0000108  -0.00005234
 336    0.0000091  -0.00004903
 337    0.0000144  -0.00009810
 338    0.0000117  -0.00006489
 339    0.0000108  -0.00006310
 340    0.0000201  -0.00014569
 341    0.0000309  -0.00018199
 342    0.0000168  -0.00012831
 343    0.0000174  -0.00013235
 344    0.0000294  -0.00017034
 345    0.0000247  -0.00017091
 346    0.0000218  -0.00016096
 347    0.0000263  -0.00017408
 348    0.0000385  -0.00020129
 349    0.0000182  -0.00014949
 350    0.0000226  -0.00018678
 351    0.0000190  -0.00016590
 352    0.0000195  -0.00016934
 353    0.0000200  -0.00017741
 354    0.0000243  -0.00019359
 355    0.0000001  -0.00000164
 356    0.0000001  -0.00000226
 357    0.0000001  -0.00000168
 358    0.0000001  -0.00000196
 359    0.0000001  -0.00000190
 360    0.0000001  -0.00000177
 361    0.0000156  -0.00012077
 362    0.0000161  -0.00012540
 363    0.0000170  -0.00012594
 364    0.0000119  -0.00006431
 365    0.0000092  -0.00004863
 366    0.0000081  -0.00003627
 367    0.0000137  -0.00008549
 368    0.0000095  -0.00004951
 369    0.0000101  -0.00005336
 370    0.0000187  -0.00013631
 371    0.0000277  -0.00017699
 372    0.0000167  -0.00012808
 373    0.0000114  -0.00008727
 374    0.0000219  -0.00015233
 375    0.0000211  -0.00014926
 376    0.0000207  -0.00014786
 377    0.0000216  -0.00014696
 378    0.0000316  -0.00018280
 379    0.0000179  -0.00014601
 380    0.0000218  -0.00018982
 381    0.0000174  -0.00014388
 382    0.0000185  -0.00015618
 383    0.0000194  -0.00016412
 384    0.0000229  -0.00019226
 385    0.0000001  -0.00000122
 386    0.0000001  -0.00000167
 387    0.0000001  -0.00000143
 388    0.0000001  -0.00000109
 389    0.0000001  -0.00000099
 390    0.0000001  -0.00000121
 391    0.0000119  -0.00008272
 392    0.0000132  -0.00010145
 393    0.0000164  -0.00012309
 394    0.0000107  -0.00005124
 395    0.0000081  -0.00004319
 396    0.0000068  -0.00003009
 397    0.0000101  -0.00005137
 398    0.0000079  -0.00003771
 399    0.0000094  -0.00004795
 400    0.0000126  -0.00009830
 401    0.0000231  -0.00015832
 402    0.0000113  -0.00008088
 403    0.0000108  -0.00008084
 404    0.0000197  -0.00013999
 405    0.0000205  -0.00014995
 406    0.0000199  -0.00014689
 407    0.0000201  -0.00014383
 408    0.0000300  -0.00018102
 409    0.0000093  -0.00008408
 410    0.0000169  -0.00014151
 411    0.0000158  -0.00013748
 412    0.0000161  -0.00014072
 413    0.0000116  -0.00010094
 414    0.0000220  -0.00017566
 415    0.0000000  -0.00000074
 416    0.0000001  -0.00000122
 417    0.0000001  -0.00000122
 418    0.0000001  -0.00000085
 419    0.0000000  -0.00000069
 420    0.0000001  -0.00000096
 421    0.0000103  -0.00007511
 422    0.0000088  -0.00005480
 423    0.0000100  -0.00007336
 424    0.0000077  -0.00003306
 425    0.0000073  -0.00003510
 426    0.0000054  -0.00002449
 427    0.0000084  -0.00003724
 428    0.0000036  -0.00002857
 429    0.0000070  -0.00003161
 430    0.0000053  -0.00003564
 431    0.0000170  -0.00013133
 432    0.0000079  -0.00005247
 433    0.0000093  -0.00006499
 434    0.0000192  -0.00014151
 435    0.0000115  -0.00009004
 436    0.0000171  -0.00013320
 437    0.0000187  -0.00013506
 438    0.0000213  -0.00015335
 439    0.0000051  -0.00003838
 440    0.0000150  -0.00013395
 441    0.0000092  -0.00008064
 442    0.0000122  -0.00010467
 443    0.0000069  -0.00005623
 444    0.0000169  -0.00013750
 445    0.0000000  -0.00000048
 446    0.0000001  -0.00000090
 447    0.0000001  -0.00000088
 448    0.0000000  -0.00000070
 449    0.0000000  -0.00000054
 450    0.0000000  -0.00000067
 451    0.0000090  -0.00005713
 452    0.0000003  -0.00000475
 453    0.0000026  -0.00002521
 454    0.0000054  -0.00002499
 455    0.0000062  -0.00002579
 456    0.0000046  -0.00002698
 457    0.0000037  -0.00002741
 458    0.0000029  -0.00002441
 459    0.0000057  -0.00002475
 460    0.0000039  -0.00003180
 461    0.0000163  -0.00013000
 462    0.0000007  -0.00000753
 463    0.0000069  -0.00004540
 464    0.0000093  -0.00007838
 465    0.0000097  -0.00007918
 466    0.0000168  -0.00013340
 467    0.0000075  -0.00005852
 468    0.0000130  -0.00012414
 469    0.0000034  -0.00003336
 470    0.0000049  -0.00003812
 471    0.0000050  -0.00003795
 472    0.0000061  -0.00004392
 473    0.0000029  -0.00003121
 474    0.0000108  -0.00009281
 475    0.0000000  -0.00000037
 476    0.0000000  -0.00000053
 477    0.0000000  -0.00000037
 478    0.0000000  -0.00000051
 479    0.0000000  -0.00000047
 480    0.0000000  -0.00000046
 481    0.0000001  -0.00000155
 482    0.0000001  -0.00000102
 483    0.0000004  -0.00000524
 484    0.0000004  -0.00000529
 485    0.0000029  -0.00002461
 486    0.0000024  -0.00001757
 487    0.0000002  -0.00000337
 488    0.0000009  -0.00000872
 489    0.0000035  -0.00002722
 490    0.0000001  -0.00000279
 491    0.0000002  -0.00000386
 492    0.0000002  -0.00000357
 493    0.0000029  -0.00002693
 494    0.0000079  -0.00006241
 495    0.0000062  -0.00004021
 496    0.0000062  -0.00004140
 497    0.0000004  -0.00000611
 498    0.0000006  -0.00000776
 499    0.0000031  -0.00002868
 500    0.0000004  -0.00000612
 501    0.0000002  -0.00000403
 502    0.0000021  -0.00002092
 503    0.0000003  -0.00000549
 504    0.0000052  -0.00003891
 505    0.0000000  -0.00000022
 506    0.0000000  -0.00000035
 507    0.0000000  -0.00000030
 508    0.0000000  -0.00000042
 509    0.0000000  -0.00000032
 510    0.0000000  -0.00000032
 
----------------
 Final Energies 
----------------
Final NOF Total Energy =    -602.3992778
 
Total Orbital Internal Iterations = 1450
Total Occupation Internal Iterations = 479
 
Elapsed time: 5185.51 Seconds

---------------------------------
   Lowdin Population Analysis    
---------------------------------
 Idx  Atom   Population   Charge 
---------------------------------
  1     H     1.599      -0.599
  2     H     1.598      -0.598
  3     H     1.599      -0.599
  4     H     1.599      -0.599
  5     H     1.599      -0.599
  6     H     1.599      -0.599
  7     F     8.402       0.598
  8     F     8.397       0.603
  9     F     8.403       0.597
 10     F     8.403       0.597
 11     F     8.402       0.598
 12     F     8.401       0.599

---------------------------------
   M Diagnostic: 0.03
---------------------------------

