Computing Integrals
Basis Set                                            = def2-qzvp
Auxiliary Basis Set                                  = def2-universal-jkfit
Gaussian Type                                        = Spherical
Elapsed time:    4.39 Seconds

Number of basis functions                   (NBF)    = 294
Number of auxiliary basis functions         (NBFAUX) = 262
Inactive Doubly occupied orbitals up to     (NO1)    = 0
No. considered Strongly Doubly occupied MOs (NDOC)   = 9
No. considered Strongly Singly occupied MOs (NSOC)   = 1
NO. of Weakly occ. per St. Doubly occ.  MOs (NCWO)   = 31
Dimension of the Nat. Orb. subspace         (NBF5)   = 289
No. of electrons                                     = 19
    No. of alpha electrons                           = 10
    No. of beta electrons                            = 9
Multiplicity                                         = 2

Geometry
========
 N       0.0000000       0.0000000      -1.0832554
 N       0.0000000       0.0000000       1.0832554
 H       0.8429730       0.4866907      -1.3589288
 H       0.0000000      -0.9733814      -1.3589288
 H      -0.8429730       0.4866907      -1.3589288
 H       0.8429730      -0.4866907       1.3589288
 H       0.0000000       0.9733814       1.3589288
 H      -0.8429730      -0.4866907       1.3589288

No violations of the orthonormality
No violations of the orthonormality
 
PNOF8/ADABelief Calculation
==================
 
  Nitext  Nit_orb  Time   Nit_occ  Time         Eelec          Etot           Ediff      maxdiff    MaxGrad_orb  Grad_occ
     1      10    2.4e+01   13    2.9e+01  -158.47143884  -112.62213978 -10157.47143884   0.020488   8.2e-02   3.4e-04 0.03
     2      20    5.5e+00   20    5.0e+00  -158.51565259  -112.66635353    -0.04421375   0.144107   5.8e-01   1.2e-04 0.03
     3      20    5.4e+00   26    5.6e+00  -158.53216332  -112.68286426    -0.01651073   0.021359   8.5e-02   2.9e-04 0.02
     4      20    5.6e+00   22    4.9e+00  -158.54316687  -112.69386781    -0.01100355   0.025996   1.0e-01   2.3e-04 0.02
     5      20    5.5e+00   15    3.5e+00  -158.54851266  -112.69921359    -0.00534578   0.026944   1.1e-01   1.9e-04 0.02
     6      20    5.6e+00   10    2.4e+00  -158.55153609  -112.70223703    -0.00302344   0.025091   1.0e-01   2.0e-04 0.02
     7      20    5.4e+00    7    2.0e+00  -158.55387062  -112.70457155    -0.00233453   0.029698   1.2e-01   2.3e-04 0.02
     8      20    5.4e+00    5    1.5e+00  -158.55469931  -112.70540025    -0.00082870   0.023465   9.4e-02   2.1e-04 0.02
     9      20    5.4e+00    5    1.4e+00  -158.55547813  -112.70617906    -0.00077881   0.025849   1.0e-01   2.3e-04 0.02
    10      20    5.6e+00    0    4.5e-01  -158.55557911  -112.70628004    -0.00010098   0.025849   1.0e-01   2.3e-04 0.02
    11      40    1.1e+01    5    1.4e+00  -158.55774687  -112.70844780    -0.00216776   0.000858   3.4e-03   2.4e-04 0.02
 
RESULTS OF THE OCCUPATION OPTIMIZATION
========================================
   1    1.9999194  -15.85147962
   2    1.9999180  -15.85096812
   3    1.9807526  -1.40753536
   4    1.9804038  -1.38312776
   5    1.9737996  -0.95798944
   6    1.9731608  -0.95580870
   7    1.9721682  -0.95393835
   8    1.9736822  -0.95247585
   9    1.9690230  -0.76771490
  10    1.0000000  -0.36300882
  11    0.0099005  -0.01519206
  12    0.0179289  -0.02683522
  13    0.0171196  -0.02625153
  14    0.0169703  -0.02623517
  15    0.0177666  -0.02686287
  16    0.0136881  -0.02560453
  17    0.0131801  -0.02510636
  18    0.0000691  -0.00177822
  19    0.0000667  -0.00171074
  20    0.0062658  -0.00916969
  21    0.0050558  -0.00913813
  22    0.0046634  -0.00863333
  23    0.0041386  -0.00815260
  24    0.0049525  -0.00901842
  25    0.0023134  -0.00696062
  26    0.0023526  -0.00633229
  27    0.0000048  -0.00013575
  28    0.0000049  -0.00013116
  29    0.0059431  -0.00889095
  30    0.0009389  -0.00298089
  31    0.0039634  -0.00779071
  32    0.0033832  -0.00713532
  33    0.0009336  -0.00272097
  34    0.0009871  -0.00347094
  35    0.0010471  -0.00568978
  36    0.0000027  -0.00002712
  37    0.0000031  -0.00003310
  38    0.0056747  -0.00867072
  39    0.0007596  -0.00181441
  40    0.0008195  -0.00212098
  41    0.0008733  -0.00246809
  42    0.0007684  -0.00218118
  43    0.0008736  -0.00399327
  44    0.0009568  -0.00359977
  45    0.0000025  -0.00006842
  46    0.0000027  -0.00002569
  47    0.0008746  -0.00202061
  48    0.0005337  -0.00141405
  49    0.0004076  -0.00119419
  50    0.0004622  -0.00125280
  51    0.0005251  -0.00133808
  52    0.0005265  -0.00173527
  53    0.0005149  -0.00175722
  54    0.0000023  -0.00002026
  55    0.0000024  -0.00006307
  56    0.0008505  -0.00180788
  57    0.0003696  -0.00101291
  58    0.0002384  -0.00071577
  59    0.0002554  -0.00082629
  60    0.0003277  -0.00091468
  61    0.0003185  -0.00102181
  62    0.0003761  -0.00120039
  63    0.0000001  -0.00000423
  64    0.0000001  -0.00001739
  65    0.0005437  -0.00124359
  66    0.0002483  -0.00075471
  67    0.0001326  -0.00043512
  68    0.0001944  -0.00060283
  69    0.0002707  -0.00083407
  70    0.0002936  -0.00092647
  71    0.0002933  -0.00099583
  72    0.0000000  -0.00000072
  73    0.0000001  -0.00001272
  74    0.0005160  -0.00123976
  75    0.0000997  -0.00034236
  76    0.0001027  -0.00034321
  77    0.0001177  -0.00039265
  78    0.0002512  -0.00075583
  79    0.0001684  -0.00060051
  80    0.0000981  -0.00035041
  81    0.0000000  -0.00000073
  82    0.0000000  -0.00000064
  83    0.0001097  -0.00035691
  84    0.0000765  -0.00028326
  85    0.0000794  -0.00026440
  86    0.0001031  -0.00035015
  87    0.0001122  -0.00037950
  88    0.0000836  -0.00031920
  89    0.0000939  -0.00034646
  90    0.0000000  -0.00000058
  91    0.0000000  -0.00000054
  92    0.0001026  -0.00032547
  93    0.0000699  -0.00024685
  94    0.0000609  -0.00023533
  95    0.0000797  -0.00027829
  96    0.0000738  -0.00026711
  97    0.0000647  -0.00025851
  98    0.0000685  -0.00026697
  99    0.0000000  -0.00000053
 100    0.0000000  -0.00000046
 101    0.0000738  -0.00023301
 102    0.0000481  -0.00018070
 103    0.0000480  -0.00017519
 104    0.0000621  -0.00022099
 105    0.0000527  -0.00018238
 106    0.0000463  -0.00018776
 107    0.0000490  -0.00018827
 108    0.0000000  -0.00000056
 109    0.0000000  -0.00000048
 110    0.0000215  -0.00008869
 111    0.0000347  -0.00014711
 112    0.0000382  -0.00015545
 113    0.0000401  -0.00016407
 114    0.0000333  -0.00014974
 115    0.0000433  -0.00018308
 116    0.0000460  -0.00018136
 117    0.0000000  -0.00000044
 118    0.0000000  -0.00000043
 119    0.0000190  -0.00008808
 120    0.0000301  -0.00012772
 121    0.0000317  -0.00014373
 122    0.0000382  -0.00015774
 123    0.0000284  -0.00012535
 124    0.0000354  -0.00015688
 125    0.0000362  -0.00016286
 126    0.0000000  -0.00000043
 127    0.0000000  -0.00000043
 128    0.0000128  -0.00005397
 129    0.0000244  -0.00011812
 130    0.0000237  -0.00011845
 131    0.0000234  -0.00011311
 132    0.0000210  -0.00009366
 133    0.0000291  -0.00014818
 134    0.0000269  -0.00012758
 135    0.0000000  -0.00000040
 136    0.0000000  -0.00000039
 137    0.0000110  -0.00004340
 138    0.0000161  -0.00007465
 139    0.0000201  -0.00009135
 140    0.0000146  -0.00007308
 141    0.0000140  -0.00007020
 142    0.0000275  -0.00013184
 143    0.0000207  -0.00012710
 144    0.0000000  -0.00000047
 145    0.0000000  -0.00000040
 146    0.0000107  -0.00004464
 147    0.0000131  -0.00006615
 148    0.0000131  -0.00006573
 149    0.0000138  -0.00006389
 150    0.0000124  -0.00006298
 151    0.0000209  -0.00010956
 152    0.0000183  -0.00008779
 153    0.0000000  -0.00000036
 154    0.0000000  -0.00000038
 155    0.0000096  -0.00004122
 156    0.0000098  -0.00005000
 157    0.0000108  -0.00004987
 158    0.0000137  -0.00006372
 159    0.0000105  -0.00005288
 160    0.0000137  -0.00007947
 161    0.0000111  -0.00006253
 162    0.0000000  -0.00000038
 163    0.0000000  -0.00000038
 164    0.0000074  -0.00003488
 165    0.0000087  -0.00004348
 166    0.0000087  -0.00004393
 167    0.0000103  -0.00005009
 168    0.0000076  -0.00004279
 169    0.0000113  -0.00006164
 170    0.0000094  -0.00005416
 171    0.0000000  -0.00000031
 172    0.0000000  -0.00000037
 173    0.0000062  -0.00002519
 174    0.0000087  -0.00004492
 175    0.0000081  -0.00004321
 176    0.0000081  -0.00004235
 177    0.0000060  -0.00003275
 178    0.0000086  -0.00004937
 179    0.0000079  -0.00004563
 180    0.0000000  -0.00000029
 181    0.0000000  -0.00000033
 182    0.0000059  -0.00002028
 183    0.0000062  -0.00003595
 184    0.0000076  -0.00003845
 185    0.0000064  -0.00003471
 186    0.0000049  -0.00002678
 187    0.0000081  -0.00004663
 188    0.0000067  -0.00004429
 189    0.0000000  -0.00000027
 190    0.0000000  -0.00000032
 191    0.0000032  -0.00000204
 192    0.0000055  -0.00002653
 193    0.0000066  -0.00003516
 194    0.0000046  -0.00001929
 195    0.0000042  -0.00001839
 196    0.0000054  -0.00003396
 197    0.0000063  -0.00003860
 198    0.0000000  -0.00000026
 199    0.0000000  -0.00000033
 200    0.0000022  -0.00000159
 201    0.0000050  -0.00002589
 202    0.0000053  -0.00002412
 203    0.0000036  -0.00001217
 204    0.0000038  -0.00001117
 205    0.0000043  -0.00002458
 206    0.0000040  -0.00002347
 207    0.0000000  -0.00000030
 208    0.0000000  -0.00000032
 209    0.0000021  -0.00000179
 210    0.0000047  -0.00001778
 211    0.0000043  -0.00001646
 212    0.0000036  -0.00001193
 213    0.0000034  -0.00001302
 214    0.0000039  -0.00002200
 215    0.0000036  -0.00001896
 216    0.0000000  -0.00000024
 217    0.0000000  -0.00000029
 218    0.0000016  -0.00000196
 219    0.0000039  -0.00001452
 220    0.0000032  -0.00000636
 221    0.0000032  -0.00000679
 222    0.0000029  -0.00000750
 223    0.0000039  -0.00001911
 224    0.0000035  -0.00001800
 225    0.0000000  -0.00000025
 226    0.0000000  -0.00000033
 227    0.0000015  -0.00000123
 228    0.0000037  -0.00001310
 229    0.0000028  -0.00000451
 230    0.0000030  -0.00000765
 231    0.0000025  -0.00000600
 232    0.0000035  -0.00001647
 233    0.0000031  -0.00001376
 234    0.0000000  -0.00000018
 235    0.0000000  -0.00000027
 236    0.0000014  -0.00000076
 237    0.0000031  -0.00000826
 238    0.0000025  -0.00000317
 239    0.0000027  -0.00000511
 240    0.0000025  -0.00000515
 241    0.0000029  -0.00001195
 242    0.0000029  -0.00001263
 243    0.0000000  -0.00000018
 244    0.0000000  -0.00000025
 245    0.0000013  -0.00000089
 246    0.0000029  -0.00000742
 247    0.0000025  -0.00000390
 248    0.0000026  -0.00000508
 249    0.0000022  -0.00000366
 250    0.0000026  -0.00000718
 251    0.0000025  -0.00000801
 252    0.0000000  -0.00000021
 253    0.0000000  -0.00000023
 254    0.0000013  -0.00000062
 255    0.0000027  -0.00000440
 256    0.0000022  -0.00000300
 257    0.0000021  -0.00000279
 258    0.0000019  -0.00000272
 259    0.0000025  -0.00000688
 260    0.0000024  -0.00000671
 261    0.0000000  -0.00000020
 262    0.0000000  -0.00000021
 263    0.0000013  -0.00000084
 264    0.0000022  -0.00000369
 265    0.0000018  -0.00000215
 266    0.0000020  -0.00000315
 267    0.0000017  -0.00000253
 268    0.0000020  -0.00000471
 269    0.0000019  -0.00000517
 270    0.0000000  -0.00000019
 271    0.0000000  -0.00000018
 272    0.0000012  -0.00000092
 273    0.0000018  -0.00000265
 274    0.0000014  -0.00000115
 275    0.0000018  -0.00000220
 276    0.0000015  -0.00000143
 277    0.0000020  -0.00000427
 278    0.0000019  -0.00000375
 279    0.0000000  -0.00000018
 280    0.0000000  -0.00000020
 281    0.0000011  -0.00000087
 282    0.0000016  -0.00000193
 283    0.0000014  -0.00000121
 284    0.0000015  -0.00000214
 285    0.0000013  -0.00000593
 286    0.0000016  -0.00000381
 287    0.0000018  -0.00000359
 288    0.0000000  -0.00000018
 289    0.0000000  -0.00000017
 
----------------
 Final Energies 
----------------
Final NOF Total Energy =    -112.7084478
 
Total Orbital Internal Iterations = 230
Total Occupation Internal Iterations = 128
 
Elapsed time:  166.35 Seconds

---------------------------------
   Lowdin Population Analysis    
---------------------------------
 Idx  Atom   Population   Charge 
---------------------------------
  1     N     6.133       0.867
  2     N     6.131       0.869
  3     H     1.124      -0.124
  4     H     1.123      -0.123
  5     H     1.122      -0.122
  6     H     1.121      -0.121
  7     H     1.123      -0.123
  8     H     1.123      -0.123

---------------------------------
   M Diagnostic: 0.02
---------------------------------

