Computing Integrals
Basis Set                                            = def2-qzvp
Auxiliary Basis Set                                  = def2-universal-jkfit
Gaussian Type                                        = Spherical
Elapsed time:   16.89 Seconds

Number of basis functions                   (NBF)    = 549
Number of auxiliary basis functions         (NBFAUX) = 619
Inactive Doubly occupied orbitals up to     (NO1)    = 0
No. considered Strongly Doubly occupied MOs (NDOC)   = 25
No. considered Strongly Singly occupied MOs (NSOC)   = 0
NO. of Weakly occ. per St. Doubly occ.  MOs (NCWO)   = 20
Dimension of the Nat. Orb. subspace         (NBF5)   = 525
No. of electrons                                     = 50
    No. of alpha electrons                           = 25
    No. of beta electrons                            = 25
Multiplicity                                         = 1

Geometry
========
 C      -0.7542489       1.1686663       0.0000000
 C       0.6636783       1.2631879       0.0000000
 C       1.3801808       0.1089014       0.0000000
 N       0.7428621      -1.0936479       0.0000000
 H       1.2783336      -1.9488189       0.0000000
 C      -0.6414508      -1.2832703       0.0000000
 O      -1.1116188      -2.4148661       0.0000000
 C      -1.3822563      -0.0406736       0.0000000
 H      -1.3464539       2.0735101       0.0000000
 H       1.1704216       2.2135707       0.0000000
 H       2.4587217       0.0763736       0.0000000
 H      -2.4581694      -0.1229331       0.0000000

No violations of the orthonormality
No violations of the orthonormality
 
PNOF8/ADABelief Calculation
==================
 
  Nitext  Nit_orb  Time   Nit_occ  Time         Eelec          Etot           Ediff      maxdiff    MaxGrad_orb  Grad_occ
     1      10    8.1e+01  125    1.4e+02  -598.45754154  -322.55913920 -10597.45754154   0.024935   1.0e-01   2.4e-04 0.04
     2      20    1.0e+02    0    4.3e+00  -598.67068726  -322.77228492    -0.21314572   0.024947   1.0e-01   2.4e-04 0.04
     3      40    2.1e+02   58    5.1e+01  -598.88870794  -322.99030560    -0.21802067   0.114049   4.6e-01   2.9e-04 0.03
     4      40    2.0e+02   49    4.4e+01  -599.01542810  -323.11702576    -0.12672017   0.004118   1.6e-02   2.7e-04 0.03
     5      40    2.0e+02   20    2.0e+01  -599.04833140  -323.14992906    -0.03290329   0.005468   2.2e-02   3.3e-04 0.03
     6      40    2.1e+02   24    2.3e+01  -599.06443016  -323.16602782    -0.01609876   0.005272   2.1e-02   2.8e-04 0.03
     7      40    2.0e+02   14    1.5e+01  -599.07354402  -323.17514167    -0.00911386   0.005121   2.0e-02   2.5e-04 0.03
     8      40    2.0e+02   17    1.7e+01  -599.07893638  -323.18053404    -0.00539236   0.005256   2.1e-02   1.9e-04 0.03
     9      40    2.1e+02    7    9.5e+00  -599.08279978  -323.18439744    -0.00386340   0.004068   1.6e-02   3.0e-04 0.03
    10      40    1.9e+02   12    1.4e+01  -599.08530201  -323.18689967    -0.00250223   0.005658   2.3e-02   2.7e-04 0.03
    11      40    2.2e+02    7    9.6e+00  -599.08740467  -323.18900233    -0.00210266   0.006115   2.4e-02   3.0e-04 0.03
    12      40    2.1e+02   12    1.4e+01  -599.08912633  -323.19072399    -0.00172166   0.004319   1.7e-02   2.4e-04 0.03
    13      40    2.0e+02    7    9.4e+00  -599.09042797  -323.19202563    -0.00130164   0.004880   2.0e-02   2.6e-04 0.03
    14      40    1.9e+02    7    9.5e+00  -599.09137895  -323.19297661    -0.00095098   0.005128   2.1e-02   2.6e-04 0.03
    15      40    2.1e+02    7    9.6e+00  -599.09195257  -323.19355023    -0.00057362   0.004290   1.7e-02   2.7e-04 0.03
    16      40    2.0e+02    6    8.8e+00  -599.09249216  -323.19408982    -0.00053959   0.004808   1.9e-02   3.0e-04 0.03
    17      40    2.0e+02    7    9.3e+00  -599.09281184  -323.19440950    -0.00031967   0.005606   2.2e-02   2.3e-04 0.03
    18      40    2.0e+02    7    9.9e+00  -599.09313813  -323.19473579    -0.00032629   0.006311   2.5e-02   2.1e-04 0.03
    19      40    2.0e+02    7    9.7e+00  -599.09347066  -323.19506832    -0.00033254   0.005018   2.0e-02   2.3e-04 0.03
    20      40    2.0e+02    7    9.8e+00  -599.09364560  -323.19524326    -0.00017494   0.004815   1.9e-02   2.3e-04 0.03
    21      40    2.0e+02    6    9.1e+00  -599.09388873  -323.19548639    -0.00024313   0.005277   2.1e-02   2.7e-04 0.03
    22      40    2.0e+02    9    1.2e+01  -599.09406719  -323.19566485    -0.00017846   0.006214   2.5e-02   1.9e-04 0.03
    23      40    2.0e+02    3    6.6e+00  -599.09427264  -323.19587030    -0.00020545   0.005386   2.2e-02   2.6e-04 0.03
    24      40    2.1e+02    6    9.1e+00  -599.09433712  -323.19593478    -0.00006448   0.006300   2.5e-02   2.3e-04 0.03
    25      40    2.2e+02    3    6.1e+00  -599.09445476  -323.19605242    -0.00011764   0.005689   2.3e-02   2.8e-04 0.03
    26      40    2.2e+02    0    3.4e+00  -599.09446817  -323.19606583    -0.00001341   0.005689   2.3e-02   2.8e-04 0.03
    27      60    3.1e+02    3    6.6e+00  -599.09534708  -323.19694474    -0.00087891   0.000637   2.5e-03   3.4e-04 0.03
 
RESULTS OF THE OCCUPATION OPTIMIZATION
========================================
   1    1.9999828  -19.00494534
   2    1.9999780  -17.14901189
   3    1.9999519  -11.30895151
   4    1.9999307  -11.30029553
   5    1.9999544  -11.28530896
   6    1.9999388  -11.28188574
   7    1.9999499  -11.27943374
   8    1.9852856  -1.31978798
   9    1.9838323  -1.24762260
  10    1.9807561  -1.08068254
  11    1.9801299  -1.04860248
  12    1.9766654  -0.80400069
  13    1.9765439  -0.76002895
  14    1.9789912  -0.74057778
  15    1.9732608  -0.72883218
  16    1.9727964  -0.72094744
  17    1.9752768  -0.71543264
  18    1.9740479  -0.66512718
  19    1.9758743  -0.66405614
  20    1.9783727  -0.64651135
  21    1.9742117  -0.63734325
  22    1.9717586  -0.63146801
  23    1.9645343  -0.51640737
  24    1.9654159  -0.43827636
  25    1.9647462  -0.41816684
  26    0.0292104  -0.03562915
  27    0.0266469  -0.03269486
  28    0.0311769  -0.04676224
  29    0.0226394  -0.03737853
  30    0.0148094  -0.02054284
  31    0.0066844  -0.01339746
  32    0.0126116  -0.01840421
  33    0.0191664  -0.03060974
  34    0.0159748  -0.02418731
  35    0.0221763  -0.03921870
  36    0.0204965  -0.03419440
  37    0.0084547  -0.01438315
  38    0.0128948  -0.01967463
  39    0.0171267  -0.02954246
  40    0.0130701  -0.02436002
  41    0.0114034  -0.02157314
  42    0.0067963  -0.01842354
  43    0.0044405  -0.01019465
  44    0.0000384  -0.00072621
  45    0.0000453  -0.00087732
  46    0.0000299  -0.00055884
  47    0.0000516  -0.00106614
  48    0.0000336  -0.00064889
  49    0.0000187  -0.00051664
  50    0.0000160  -0.00045705
  51    0.0041208  -0.00636028
  52    0.0052478  -0.00866849
  53    0.0032424  -0.00690055
  54    0.0038599  -0.00780517
  55    0.0049961  -0.00844347
  56    0.0047136  -0.01021483
  57    0.0038507  -0.00618323
  58    0.0034613  -0.00645966
  59    0.0049038  -0.00888558
  60    0.0031817  -0.00742796
  61    0.0040658  -0.00834072
  62    0.0054627  -0.01008695
  63    0.0050716  -0.00947546
  64    0.0023972  -0.00515276
  65    0.0026332  -0.00563217
  66    0.0027509  -0.00694467
  67    0.0034016  -0.00849475
  68    0.0031524  -0.00868048
  69    0.0000026  -0.00003261
  70    0.0000055  -0.00011770
  71    0.0000050  -0.00010000
  72    0.0000067  -0.00013779
  73    0.0000049  -0.00009495
  74    0.0000010  -0.00002759
  75    0.0000004  -0.00001394
  76    0.0008116  -0.00170240
  77    0.0008291  -0.00184810
  78    0.0002409  -0.00074654
  79    0.0005697  -0.00151430
  80    0.0026023  -0.00451868
  81    0.0041687  -0.00889493
  82    0.0030004  -0.00598886
  83    0.0010506  -0.00282292
  84    0.0016764  -0.00424930
  85    0.0006403  -0.00204318
  86    0.0008549  -0.00240587
  87    0.0019924  -0.00575252
  88    0.0021902  -0.00426055
  89    0.0014431  -0.00480611
  90    0.0014991  -0.00555325
  91    0.0024506  -0.00540333
  92    0.0024471  -0.00767194
  93    0.0025179  -0.00773890
  94    0.0000022  -0.00002481
  95    0.0000025  -0.00003400
  96    0.0000035  -0.00006226
  97    0.0000041  -0.00007813
  98    0.0000034  -0.00005937
  99    0.0000004  -0.00001496
 100    0.0000002  -0.00000289
 101    0.0004309  -0.00103958
 102    0.0007600  -0.00163016
 103    0.0002394  -0.00075702
 104    0.0004120  -0.00119059
 105    0.0013326  -0.00302380
 106    0.0024572  -0.00714946
 107    0.0017245  -0.00427490
 108    0.0008604  -0.00208326
 109    0.0007763  -0.00206748
 110    0.0003355  -0.00110366
 111    0.0005535  -0.00154535
 112    0.0016867  -0.00525377
 113    0.0018820  -0.00450285
 114    0.0010912  -0.00305693
 115    0.0008776  -0.00306826
 116    0.0009541  -0.00371674
 117    0.0010372  -0.00537522
 118    0.0017128  -0.00699783
 119    0.0000016  -0.00001590
 120    0.0000018  -0.00003003
 121    0.0000021  -0.00002399
 122    0.0000013  -0.00003251
 123    0.0000017  -0.00001838
 124    0.0000004  -0.00000922
 125    0.0000001  -0.00000122
 126    0.0002231  -0.00053388
 127    0.0005660  -0.00118529
 128    0.0002205  -0.00070005
 129    0.0003528  -0.00099028
 130    0.0005358  -0.00145116
 131    0.0011082  -0.00320018
 132    0.0011188  -0.00280567
 133    0.0004006  -0.00106405
 134    0.0005567  -0.00148733
 135    0.0002587  -0.00087207
 136    0.0002318  -0.00073688
 137    0.0014738  -0.00515442
 138    0.0004999  -0.00135502
 139    0.0003304  -0.00107847
 140    0.0006359  -0.00190225
 141    0.0005160  -0.00198438
 142    0.0007691  -0.00275748
 143    0.0006609  -0.00362504
 144    0.0000012  -0.00003916
 145    0.0000013  -0.00002083
 146    0.0000010  -0.00002498
 147    0.0000010  -0.00003206
 148    0.0000010  -0.00002686
 149    0.0000003  -0.00001044
 150    0.0000001  -0.00000110
 151    0.0001185  -0.00030562
 152    0.0001706  -0.00043119
 153    0.0001952  -0.00064025
 154    0.0000893  -0.00032480
 155    0.0003592  -0.00091247
 156    0.0007838  -0.00316920
 157    0.0007026  -0.00187108
 158    0.0003956  -0.00100937
 159    0.0001922  -0.00062707
 160    0.0002241  -0.00077978
 161    0.0001420  -0.00049358
 162    0.0006548  -0.00157509
 163    0.0002910  -0.00090851
 164    0.0002507  -0.00084507
 165    0.0003872  -0.00138231
 166    0.0003386  -0.00199503
 167    0.0004802  -0.00226937
 168    0.0005932  -0.00312743
 169    0.0000008  -0.00002688
 170    0.0000009  -0.00004456
 171    0.0000009  -0.00002732
 172    0.0000007  -0.00002024
 173    0.0000010  -0.00003783
 174    0.0000002  -0.00000216
 175    0.0000001  -0.00000059
 176    0.0001027  -0.00026342
 177    0.0001182  -0.00032093
 178    0.0000366  -0.00010563
 179    0.0000697  -0.00026117
 180    0.0003112  -0.00091730
 181    0.0005195  -0.00177273
 182    0.0002720  -0.00080061
 183    0.0002081  -0.00058541
 184    0.0001596  -0.00055167
 185    0.0001803  -0.00066204
 186    0.0001075  -0.00036269
 187    0.0005006  -0.00136132
 188    0.0001549  -0.00047856
 189    0.0002083  -0.00068510
 190    0.0002822  -0.00096804
 191    0.0002372  -0.00102578
 192    0.0003435  -0.00189923
 193    0.0004383  -0.00280126
 194    0.0000006  -0.00001699
 195    0.0000006  -0.00000959
 196    0.0000006  -0.00002166
 197    0.0000006  -0.00001042
 198    0.0000006  -0.00001507
 199    0.0000002  -0.00000222
 200    0.0000001  -0.00000057
 201    0.0000813  -0.00022097
 202    0.0000893  -0.00024989
 203    0.0000293  -0.00008631
 204    0.0000594  -0.00022153
 205    0.0002493  -0.00071883
 206    0.0003140  -0.00103909
 207    0.0002607  -0.00080076
 208    0.0001254  -0.00040215
 209    0.0001168  -0.00038463
 210    0.0000460  -0.00017750
 211    0.0000893  -0.00031523
 212    0.0003096  -0.00114291
 213    0.0001285  -0.00041329
 214    0.0001288  -0.00043128
 215    0.0001505  -0.00056483
 216    0.0001710  -0.00068524
 217    0.0002970  -0.00164324
 218    0.0004214  -0.00244584
 219    0.0000005  -0.00000819
 220    0.0000005  -0.00000717
 221    0.0000005  -0.00000615
 222    0.0000006  -0.00001389
 223    0.0000004  -0.00000509
 224    0.0000002  -0.00000182
 225    0.0000001  -0.00000054
 226    0.0000619  -0.00017626
 227    0.0000637  -0.00018313
 228    0.0000262  -0.00008156
 229    0.0000338  -0.00013904
 230    0.0001713  -0.00050678
 231    0.0002938  -0.00096745
 232    0.0001860  -0.00054376
 233    0.0000699  -0.00025453
 234    0.0000985  -0.00035853
 235    0.0000373  -0.00015704
 236    0.0000704  -0.00025356
 237    0.0001196  -0.00040565
 238    0.0000814  -0.00028670
 239    0.0001128  -0.00040701
 240    0.0000929  -0.00039214
 241    0.0001289  -0.00052822
 242    0.0001328  -0.00080014
 243    0.0002713  -0.00155359
 244    0.0000004  -0.00000445
 245    0.0000005  -0.00000556
 246    0.0000004  -0.00000471
 247    0.0000005  -0.00000513
 248    0.0000003  -0.00000389
 249    0.0000001  -0.00000079
 250    0.0000000  -0.00000041
 251    0.0000320  -0.00010112
 252    0.0000200  -0.00006073
 253    0.0000175  -0.00005996
 254    0.0000308  -0.00012670
 255    0.0001281  -0.00036850
 256    0.0001474  -0.00056066
 257    0.0001240  -0.00040209
 258    0.0000452  -0.00016279
 259    0.0000580  -0.00022882
 260    0.0000306  -0.00014056
 261    0.0000312  -0.00012959
 262    0.0000886  -0.00033249
 263    0.0000785  -0.00027297
 264    0.0000800  -0.00030090
 265    0.0000640  -0.00026289
 266    0.0001017  -0.00041291
 267    0.0001293  -0.00096815
 268    0.0001827  -0.00118991
 269    0.0000003  -0.00000371
 270    0.0000004  -0.00000415
 271    0.0000003  -0.00000426
 272    0.0000005  -0.00000480
 273    0.0000002  -0.00000232
 274    0.0000001  -0.00000069
 275    0.0000000  -0.00000033
 276    0.0000106  -0.00004256
 277    0.0000120  -0.00004743
 278    0.0000088  -0.00003695
 279    0.0000271  -0.00011173
 280    0.0000573  -0.00020536
 281    0.0001098  -0.00042134
 282    0.0000968  -0.00032749
 283    0.0000410  -0.00015488
 284    0.0000466  -0.00018549
 285    0.0000196  -0.00009579
 286    0.0000192  -0.00008615
 287    0.0000754  -0.00028369
 288    0.0000507  -0.00018805
 289    0.0000475  -0.00018480
 290    0.0000483  -0.00018836
 291    0.0000421  -0.00016900
 292    0.0000897  -0.00039170
 293    0.0001181  -0.00078952
 294    0.0000002  -0.00000375
 295    0.0000003  -0.00000330
 296    0.0000003  -0.00000340
 297    0.0000003  -0.00000328
 298    0.0000002  -0.00000209
 299    0.0000001  -0.00000051
 300    0.0000000  -0.00000025
 301    0.0000081  -0.00003409
 302    0.0000114  -0.00004260
 303    0.0000064  -0.00003006
 304    0.0000225  -0.00009916
 305    0.0000466  -0.00016505
 306    0.0000944  -0.00035820
 307    0.0000491  -0.00018551
 308    0.0000327  -0.00013690
 309    0.0000343  -0.00014315
 310    0.0000157  -0.00007845
 311    0.0000184  -0.00008314
 312    0.0000493  -0.00020797
 313    0.0000370  -0.00015224
 314    0.0000323  -0.00014295
 315    0.0000360  -0.00014891
 316    0.0000337  -0.00014708
 317    0.0000615  -0.00029549
 318    0.0000509  -0.00023796
 319    0.0000002  -0.00000200
 320    0.0000002  -0.00000269
 321    0.0000003  -0.00000442
 322    0.0000003  -0.00000312
 323    0.0000001  -0.00000139
 324    0.0000001  -0.00000050
 325    0.0000000  -0.00000027
 326    0.0000075  -0.00003453
 327    0.0000094  -0.00003770
 328    0.0000047  -0.00002102
 329    0.0000179  -0.00008437
 330    0.0000438  -0.00017029
 331    0.0000688  -0.00027222
 332    0.0000287  -0.00012205
 333    0.0000260  -0.00010507
 334    0.0000311  -0.00013639
 335    0.0000141  -0.00006930
 336    0.0000126  -0.00005789
 337    0.0000297  -0.00013007
 338    0.0000228  -0.00011048
 339    0.0000206  -0.00010573
 340    0.0000260  -0.00012056
 341    0.0000247  -0.00012649
 342    0.0000577  -0.00029917
 343    0.0000338  -0.00016757
 344    0.0000002  -0.00000213
 345    0.0000002  -0.00000268
 346    0.0000002  -0.00000191
 347    0.0000002  -0.00000217
 348    0.0000001  -0.00000144
 349    0.0000001  -0.00000044
 350    0.0000000  -0.00000024
 351    0.0000071  -0.00002182
 352    0.0000083  -0.00003453
 353    0.0000042  -0.00001938
 354    0.0000163  -0.00007760
 355    0.0000331  -0.00013562
 356    0.0000424  -0.00016835
 357    0.0000233  -0.00010839
 358    0.0000174  -0.00007653
 359    0.0000301  -0.00013118
 360    0.0000128  -0.00006587
 361    0.0000110  -0.00005481
 362    0.0000241  -0.00011480
 363    0.0000207  -0.00009968
 364    0.0000179  -0.00009359
 365    0.0000153  -0.00008760
 366    0.0000207  -0.00011296
 367    0.0000432  -0.00020450
 368    0.0000337  -0.00017345
 369    0.0000002  -0.00000181
 370    0.0000002  -0.00000255
 371    0.0000001  -0.00000140
 372    0.0000002  -0.00000227
 373    0.0000001  -0.00000119
 374    0.0000001  -0.00000047
 375    0.0000000  -0.00000021
 376    0.0000069  -0.00003040
 377    0.0000077  -0.00003125
 378    0.0000037  -0.00001745
 379    0.0000146  -0.00006846
 380    0.0000270  -0.00010812
 381    0.0000401  -0.00017586
 382    0.0000211  -0.00009816
 383    0.0000153  -0.00006765
 384    0.0000203  -0.00009948
 385    0.0000102  -0.00005326
 386    0.0000103  -0.00005008
 387    0.0000231  -0.00011305
 388    0.0000169  -0.00008636
 389    0.0000159  -0.00008292
 390    0.0000141  -0.00007858
 391    0.0000189  -0.00010363
 392    0.0000274  -0.00014072
 393    0.0000315  -0.00016215
 394    0.0000002  -0.00000179
 395    0.0000002  -0.00000209
 396    0.0000001  -0.00000113
 397    0.0000002  -0.00000162
 398    0.0000001  -0.00000099
 399    0.0000001  -0.00000047
 400    0.0000000  -0.00000019
 401    0.0000058  -0.00002461
 402    0.0000067  -0.00002653
 403    0.0000037  -0.00001722
 404    0.0000093  -0.00004489
 405    0.0000237  -0.00010014
 406    0.0000303  -0.00013215
 407    0.0000209  -0.00009878
 408    0.0000144  -0.00006224
 409    0.0000163  -0.00008288
 410    0.0000073  -0.00003932
 411    0.0000095  -0.00004829
 412    0.0000209  -0.00010394
 413    0.0000154  -0.00007405
 414    0.0000120  -0.00006121
 415    0.0000121  -0.00006543
 416    0.0000171  -0.00010746
 417    0.0000267  -0.00015608
 418    0.0000177  -0.00011272
 419    0.0000001  -0.00000131
 420    0.0000002  -0.00000198
 421    0.0000001  -0.00000115
 422    0.0000002  -0.00000160
 423    0.0000001  -0.00000101
 424    0.0000000  -0.00000036
 425    0.0000000  -0.00000020
 426    0.0000051  -0.00002188
 427    0.0000065  -0.00003067
 428    0.0000034  -0.00001506
 429    0.0000074  -0.00003797
 430    0.0000198  -0.00008895
 431    0.0000176  -0.00009263
 432    0.0000190  -0.00009278
 433    0.0000106  -0.00005219
 434    0.0000095  -0.00005033
 435    0.0000058  -0.00003527
 436    0.0000084  -0.00004287
 437    0.0000183  -0.00009315
 438    0.0000108  -0.00005639
 439    0.0000066  -0.00003844
 440    0.0000106  -0.00006139
 441    0.0000139  -0.00007559
 442    0.0000102  -0.00006438
 443    0.0000144  -0.00009451
 444    0.0000001  -0.00000060
 445    0.0000002  -0.00000175
 446    0.0000001  -0.00000100
 447    0.0000001  -0.00000102
 448    0.0000001  -0.00000056
 449    0.0000000  -0.00000034
 450    0.0000000  -0.00000022
 451    0.0000051  -0.00002037
 452    0.0000055  -0.00002442
 453    0.0000030  -0.00001373
 454    0.0000048  -0.00002713
 455    0.0000194  -0.00008090
 456    0.0000148  -0.00008042
 457    0.0000066  -0.00003929
 458    0.0000053  -0.00003099
 459    0.0000087  -0.00004592
 460    0.0000031  -0.00002036
 461    0.0000029  -0.00001730
 462    0.0000161  -0.00008428
 463    0.0000034  -0.00002388
 464    0.0000053  -0.00003422
 465    0.0000074  -0.00004575
 466    0.0000083  -0.00005241
 467    0.0000062  -0.00004213
 468    0.0000122  -0.00008228
 469    0.0000001  -0.00000054
 470    0.0000002  -0.00000167
 471    0.0000001  -0.00000081
 472    0.0000001  -0.00000092
 473    0.0000001  -0.00000058
 474    0.0000000  -0.00000023
 475    0.0000000  -0.00000019
 476    0.0000024  -0.00001143
 477    0.0000024  -0.00001150
 478    0.0000017  -0.00000986
 479    0.0000034  -0.00002003
 480    0.0000154  -0.00006985
 481    0.0000099  -0.00005366
 482    0.0000060  -0.00003694
 483    0.0000033  -0.00002023
 484    0.0000076  -0.00004111
 485    0.0000026  -0.00001477
 486    0.0000026  -0.00001404
 487    0.0000049  -0.00003240
 488    0.0000029  -0.00001896
 489    0.0000043  -0.00002855
 490    0.0000048  -0.00003316
 491    0.0000076  -0.00004656
 492    0.0000059  -0.00003949
 493    0.0000076  -0.00004991
 494    0.0000001  -0.00000049
 495    0.0000001  -0.00000090
 496    0.0000001  -0.00000060
 497    0.0000001  -0.00000072
 498    0.0000001  -0.00000049
 499    0.0000000  -0.00000024
 500    0.0000000  -0.00000014
 501    0.0000019  -0.00000962
 502    0.0000024  -0.00001113
 503    0.0000013  -0.00000738
 504    0.0000013  -0.00000894
 505    0.0000072  -0.00004024
 506    0.0000083  -0.00004636
 507    0.0000029  -0.00001836
 508    0.0000024  -0.00001387
 509    0.0000056  -0.00003467
 510    0.0000016  -0.00000982
 511    0.0000014  -0.00000926
 512    0.0000035  -0.00002613
 513    0.0000026  -0.00001503
 514    0.0000031  -0.00002154
 515    0.0000026  -0.00001719
 516    0.0000046  -0.00003079
 517    0.0000053  -0.00003666
 518    0.0000031  -0.00002482
 519    0.0000000  -0.00000042
 520    0.0000001  -0.00000078
 521    0.0000001  -0.00000057
 522    0.0000001  -0.00000077
 523    0.0000001  -0.00000048
 524    0.0000000  -0.00000021
 525    0.0000000  -0.00000013
 
----------------
 Final Energies 
----------------
Final NOF Total Energy =    -323.1969447
 
Total Orbital Internal Iterations = 1050
Total Occupation Internal Iterations = 430
 
Elapsed time: 6258.91 Seconds

---------------------------------
   Lowdin Population Analysis    
---------------------------------
 Idx  Atom   Population   Charge 
---------------------------------
  1     C     5.927       0.073
  2     C     5.975       0.025
  3     C     6.005      -0.005
  4     N     6.447       0.553
  5     H     1.124      -0.124
  6     C     6.572      -0.572
  7     O     7.783       0.217
  8     C     5.926       0.074
  9     H     1.052      -0.052
 10     H     1.070      -0.070
 11     H     1.059      -0.059
 12     H     1.062      -0.062

---------------------------------
   M Diagnostic: 0.03
---------------------------------

