Computing Integrals
Basis Set                                            = def2-qzvp
Auxiliary Basis Set                                  = def2-universal-jkfit
Gaussian Type                                        = Spherical
Elapsed time:    3.88 Seconds

Number of basis functions                   (NBF)    = 291
Number of auxiliary basis functions         (NBFAUX) = 299
Inactive Doubly occupied orbitals up to     (NO1)    = 0
No. considered Strongly Doubly occupied MOs (NDOC)   = 12
No. considered Strongly Singly occupied MOs (NSOC)   = 0
NO. of Weakly occ. per St. Doubly occ.  MOs (NCWO)   = 23
Dimension of the Nat. Orb. subspace         (NBF5)   = 288
No. of electrons                                     = 24
    No. of alpha electrons                           = 12
    No. of beta electrons                            = 12
Multiplicity                                         = 1

Geometry
========
 C       0.0000000       0.4415670       0.0000000
 H      -0.1607610       1.5112650       0.0000000
 O      -1.1907860      -0.2186720       0.0000000
 C       1.2119120      -0.1003890       0.0000000
 H       1.3662720      -1.1722670       0.0000000
 H       2.0846310       0.5335700       0.0000000
 H      -1.0353260      -1.1702660       0.0000000

No violations of the orthonormality
No violations of the orthonormality
 
PNOF8/ADABelief Calculation
==================
 
  Nitext  Nit_orb  Time   Nit_occ  Time         Eelec          Etot           Ediff      maxdiff    MaxGrad_orb  Grad_occ
     1      10    2.6e+01   30    2.9e+01  -223.88440269  -153.51969293 -10222.88440269   0.021431   8.6e-02   2.8e-04 0.04
     2      20    9.5e+00   29    3.2e+00  -223.98919557  -153.62448581    -0.10479288   0.062723   2.5e-01   2.8e-04 0.04
     3      20    1.1e+01   29    3.6e+00  -223.99989474  -153.63518498    -0.01069917   0.029821   1.2e-01   2.9e-04 0.04
     4      20    9.2e+00   21    2.6e+00  -224.02316185  -153.65845209    -0.02326711   0.023720   9.5e-02   2.3e-04 0.04
     5      20    8.9e+00   10    1.6e+00  -224.03160481  -153.66689505    -0.00844296   0.019052   7.6e-02   3.3e-04 0.04
     6      20    7.2e+00    9    1.3e+00  -224.03441656  -153.66970680    -0.00281175   0.018242   7.3e-02   2.8e-04 0.04
     7      20    8.3e+00   11    1.4e+00  -224.03633127  -153.67162151    -0.00191470   0.014520   5.8e-02   2.1e-04 0.04
     8      20    8.9e+00    6    1.1e+00  -224.03694278  -153.67223301    -0.00061151   0.016144   6.5e-02   2.5e-04 0.04
     9      20    8.7e+00    6    1.0e+00  -224.03789039  -153.67318063    -0.00094762   0.016790   6.7e-02   2.3e-04 0.04
    10      20    8.8e+00    6    1.0e+00  -224.03818526  -153.67347550    -0.00029487   0.020101   8.0e-02   1.8e-04 0.04
    11      20    7.7e+00    0    2.9e-01  -224.03825082  -153.67354105    -0.00006556   0.020101   8.0e-02   1.8e-04 0.04
    12      40    1.8e+01    6    9.8e-01  -224.04165368  -153.67694391    -0.00340286   0.004069   1.6e-02   1.7e-04 0.04
    13      40    2.1e+01    6    1.1e+00  -224.04172692  -153.67701716    -0.00007324   0.003746   1.5e-02   1.5e-04 0.04
    14      40    2.1e+01    6    1.1e+00  -224.04182697  -153.67711720    -0.00010004   0.004286   1.7e-02   1.6e-04 0.04
    15      40    1.7e+01    6    9.2e-01  -224.04193462  -153.67722485    -0.00010765   0.003619   1.4e-02   1.6e-04 0.04
    16      40    1.6e+01    6    1.1e+00  -224.04204391  -153.67733415    -0.00010929   0.003812   1.5e-02   1.5e-04 0.04
    17      40    1.5e+01    6    9.6e-01  -224.04212156  -153.67741180    -0.00007765   0.004838   1.9e-02   1.4e-04 0.04
    18      40    1.6e+01    1    4.3e-01  -224.04220792  -153.67749816    -0.00008636   0.004327   1.7e-02   2.5e-04 0.04
    19      40    1.9e+01    6    9.3e-01  -224.04227381  -153.67756405    -0.00006589   0.003738   1.5e-02   1.7e-04 0.04
    20      40    2.0e+01    6    9.2e-01  -224.04230569  -153.67759593    -0.00003188   0.003260   1.3e-02   1.2e-04 0.04
    21      40    2.0e+01    3    5.8e-01  -224.04237275  -153.67766299    -0.00006706   0.003128   1.3e-02   2.2e-04 0.04
    22      40    5.5e+01    0    3.7e-01  -224.04239184  -153.67768208    -0.00001909   0.002929   1.2e-02   2.5e-04 0.04
    23      50    2.3e+01    4    8.8e-01  -224.04247084  -153.67776108    -0.00007900   0.002348   9.4e-03   2.2e-04 0.04
    24      50    2.8e+01    0    4.0e-01  -224.04248546  -153.67777569    -0.00001461   0.002348   9.4e-03   2.2e-04 0.04
    25      58    2.9e+01    0    3.1e-01  -224.04256495  -153.67785518    -0.00007949   0.000498   2.0e-03   2.1e-04 0.04
 
RESULTS OF THE OCCUPATION OPTIMIZATION
========================================
   1    1.9999829  -20.61950916
   2    1.9999478  -11.27020620
   3    1.9999555  -11.25229438
   4    1.9850970  -1.37198980
   5    1.9794382  -1.03718469
   6    1.9714115  -0.73121737
   7    1.9700621  -0.72140025
   8    1.9774226  -0.72055093
   9    1.9760745  -0.68063015
  10    1.9798848  -0.64325821
  11    1.9730215  -0.61179167
  12    1.9619580  -0.38822759
  13    0.0327579  -0.03735328
  14    0.0158215  -0.02038676
  15    0.0079867  -0.01465114
  16    0.0127347  -0.01800424
  17    0.0145114  -0.02067171
  18    0.0253949  -0.04268278
  19    0.0199800  -0.03096121
  20    0.0123011  -0.02350223
  21    0.0065766  -0.01806788
  22    0.0000319  -0.00062081
  23    0.0000384  -0.00077650
  24    0.0000149  -0.00052888
  25    0.0045575  -0.00659688
  26    0.0044920  -0.00704451
  27    0.0048483  -0.00971141
  28    0.0041562  -0.00682311
  29    0.0023820  -0.00439314
  30    0.0037011  -0.00840452
  31    0.0039707  -0.00832491
  32    0.0045122  -0.00984509
  33    0.0035906  -0.00877999
  34    0.0000048  -0.00010255
  35    0.0000048  -0.00007857
  36    0.0000008  -0.00004326
  37    0.0006005  -0.00119989
  38    0.0036315  -0.00558090
  39    0.0022151  -0.00641216
  40    0.0029867  -0.00529675
  41    0.0018562  -0.00412920
  42    0.0003531  -0.00110356
  43    0.0039703  -0.00827766
  44    0.0009109  -0.00258867
  45    0.0011869  -0.00509275
  46    0.0000030  -0.00002432
  47    0.0000035  -0.00002923
  48    0.0000007  -0.00003723
  49    0.0000880  -0.00022171
  50    0.0011118  -0.00231011
  51    0.0011724  -0.00433627
  52    0.0017955  -0.00421207
  53    0.0017122  -0.00437790
  54    0.0002566  -0.00082814
  55    0.0002485  -0.00078914
  56    0.0008750  -0.00292801
  57    0.0007688  -0.00295358
  58    0.0000025  -0.00002563
  59    0.0000033  -0.00002769
  60    0.0000004  -0.00003770
  61    0.0000181  -0.00005012
  62    0.0005807  -0.00128946
  63    0.0010140  -0.00347710
  64    0.0006877  -0.00163919
  65    0.0005935  -0.00151432
  66    0.0000619  -0.00023576
  67    0.0001366  -0.00047978
  68    0.0007691  -0.00213389
  69    0.0006814  -0.00262106
  70    0.0000018  -0.00001989
  71    0.0000017  -0.00005043
  72    0.0000000  -0.00000064
  73    0.0000039  -0.00001137
  74    0.0003376  -0.00073989
  75    0.0006518  -0.00259777
  76    0.0003996  -0.00090776
  77    0.0003787  -0.00123738
  78    0.0000415  -0.00015680
  79    0.0000691  -0.00023717
  80    0.0002067  -0.00063347
  81    0.0004777  -0.00247673
  82    0.0000001  -0.00000674
  83    0.0000001  -0.00000146
  84    0.0000000  -0.00000024
  85    0.0000022  -0.00000651
  86    0.0002801  -0.00073694
  87    0.0006469  -0.00241912
  88    0.0002699  -0.00085357
  89    0.0003061  -0.00113110
  90    0.0000314  -0.00013305
  91    0.0000460  -0.00017355
  92    0.0001894  -0.00065880
  93    0.0004559  -0.00198787
  94    0.0000000  -0.00000105
  95    0.0000000  -0.00000108
  96    0.0000000  -0.00000019
  97    0.0000017  -0.00000632
  98    0.0001797  -0.00048000
  99    0.0005251  -0.00150915
 100    0.0001770  -0.00057121
 101    0.0002081  -0.00065973
 102    0.0000232  -0.00010737
 103    0.0000360  -0.00013837
 104    0.0001530  -0.00070621
 105    0.0004137  -0.00196857
 106    0.0000000  -0.00000087
 107    0.0000000  -0.00000072
 108    0.0000000  -0.00000017
 109    0.0000015  -0.00000552
 110    0.0001144  -0.00030811
 111    0.0003890  -0.00110040
 112    0.0001723  -0.00051022
 113    0.0001473  -0.00055753
 114    0.0000168  -0.00007472
 115    0.0000302  -0.00013237
 116    0.0001265  -0.00067222
 117    0.0002659  -0.00098908
 118    0.0000000  -0.00000075
 119    0.0000000  -0.00000060
 120    0.0000000  -0.00000017
 121    0.0000014  -0.00000565
 122    0.0001018  -0.00034372
 123    0.0003136  -0.00102935
 124    0.0001267  -0.00040690
 125    0.0001226  -0.00049392
 126    0.0000132  -0.00005254
 127    0.0000265  -0.00010770
 128    0.0000987  -0.00044446
 129    0.0002420  -0.00132479
 130    0.0000000  -0.00000059
 131    0.0000000  -0.00000057
 132    0.0000000  -0.00000016
 133    0.0000012  -0.00000487
 134    0.0000843  -0.00026558
 135    0.0000564  -0.00022124
 136    0.0001106  -0.00031985
 137    0.0000843  -0.00034160
 138    0.0000077  -0.00003452
 139    0.0000158  -0.00006367
 140    0.0000803  -0.00037982
 141    0.0000605  -0.00042439
 142    0.0000000  -0.00000064
 143    0.0000000  -0.00000061
 144    0.0000000  -0.00000015
 145    0.0000012  -0.00000498
 146    0.0000701  -0.00023067
 147    0.0000521  -0.00019997
 148    0.0001017  -0.00034351
 149    0.0000798  -0.00029898
 150    0.0000054  -0.00002745
 151    0.0000142  -0.00005718
 152    0.0000648  -0.00028962
 153    0.0000340  -0.00016375
 154    0.0000000  -0.00000061
 155    0.0000000  -0.00000051
 156    0.0000000  -0.00000012
 157    0.0000010  -0.00000391
 158    0.0000402  -0.00014392
 159    0.0000456  -0.00017068
 160    0.0000666  -0.00022428
 161    0.0000504  -0.00020092
 162    0.0000051  -0.00001826
 163    0.0000115  -0.00004112
 164    0.0000572  -0.00022848
 165    0.0000294  -0.00015257
 166    0.0000000  -0.00000050
 167    0.0000000  -0.00000047
 168    0.0000000  -0.00000013
 169    0.0000009  -0.00000417
 170    0.0000375  -0.00013821
 171    0.0000352  -0.00014522
 172    0.0000334  -0.00013614
 173    0.0000248  -0.00013237
 174    0.0000038  -0.00001453
 175    0.0000077  -0.00003444
 176    0.0000446  -0.00018372
 177    0.0000272  -0.00013674
 178    0.0000000  -0.00000044
 179    0.0000000  -0.00000046
 180    0.0000000  -0.00000010
 181    0.0000007  -0.00000380
 182    0.0000204  -0.00008128
 183    0.0000334  -0.00014145
 184    0.0000217  -0.00010813
 185    0.0000231  -0.00011066
 186    0.0000034  -0.00001284
 187    0.0000049  -0.00002003
 188    0.0000383  -0.00016384
 189    0.0000210  -0.00011728
 190    0.0000000  -0.00000047
 191    0.0000000  -0.00000033
 192    0.0000000  -0.00000010
 193    0.0000007  -0.00000315
 194    0.0000160  -0.00006210
 195    0.0000237  -0.00010660
 196    0.0000168  -0.00008731
 197    0.0000204  -0.00010685
 198    0.0000032  -0.00001258
 199    0.0000037  -0.00001440
 200    0.0000322  -0.00015124
 201    0.0000162  -0.00009488
 202    0.0000000  -0.00000038
 203    0.0000000  -0.00000036
 204    0.0000000  -0.00000010
 205    0.0000007  -0.00000301
 206    0.0000128  -0.00004723
 207    0.0000212  -0.00010317
 208    0.0000143  -0.00006762
 209    0.0000196  -0.00010098
 210    0.0000031  -0.00001386
 211    0.0000034  -0.00001297
 212    0.0000272  -0.00013159
 213    0.0000134  -0.00007281
 214    0.0000000  -0.00000040
 215    0.0000000  -0.00000030
 216    0.0000000  -0.00000008
 217    0.0000006  -0.00000289
 218    0.0000115  -0.00004514
 219    0.0000202  -0.00009605
 220    0.0000132  -0.00006366
 221    0.0000135  -0.00006337
 222    0.0000027  -0.00001172
 223    0.0000029  -0.00001131
 224    0.0000187  -0.00010252
 225    0.0000116  -0.00006132
 226    0.0000000  -0.00000037
 227    0.0000000  -0.00000028
 228    0.0000000  -0.00000007
 229    0.0000006  -0.00000279
 230    0.0000091  -0.00004138
 231    0.0000169  -0.00008090
 232    0.0000117  -0.00005093
 233    0.0000128  -0.00005575
 234    0.0000024  -0.00000962
 235    0.0000027  -0.00001054
 236    0.0000167  -0.00009745
 237    0.0000093  -0.00005066
 238    0.0000000  -0.00000039
 239    0.0000000  -0.00000027
 240    0.0000000  -0.00000010
 241    0.0000005  -0.00000237
 242    0.0000077  -0.00003575
 243    0.0000150  -0.00006791
 244    0.0000096  -0.00004424
 245    0.0000104  -0.00005230
 246    0.0000022  -0.00001036
 247    0.0000023  -0.00000960
 248    0.0000141  -0.00007319
 249    0.0000065  -0.00004071
 250    0.0000000  -0.00000037
 251    0.0000000  -0.00000028
 252    0.0000000  -0.00000008
 253    0.0000005  -0.00000248
 254    0.0000066  -0.00003205
 255    0.0000125  -0.00005692
 256    0.0000081  -0.00004288
 257    0.0000079  -0.00004145
 258    0.0000021  -0.00000910
 259    0.0000021  -0.00000898
 260    0.0000089  -0.00004708
 261    0.0000048  -0.00003083
 262    0.0000000  -0.00000032
 263    0.0000000  -0.00000029
 264    0.0000000  -0.00000008
 265    0.0000004  -0.00000219
 266    0.0000059  -0.00002956
 267    0.0000104  -0.00005052
 268    0.0000061  -0.00003289
 269    0.0000063  -0.00003776
 270    0.0000017  -0.00000667
 271    0.0000018  -0.00000760
 272    0.0000088  -0.00004597
 273    0.0000048  -0.00003152
 274    0.0000000  -0.00000030
 275    0.0000000  -0.00000025
 276    0.0000000  -0.00000009
 277    0.0000004  -0.00000220
 278    0.0000052  -0.00001879
 279    0.0000098  -0.00004654
 280    0.0000053  -0.00002391
 281    0.0000061  -0.00003419
 282    0.0000014  -0.00000640
 283    0.0000016  -0.00000690
 284    0.0000072  -0.00004009
 285    0.0000047  -0.00002643
 286    0.0000000  -0.00000023
 287    0.0000000  -0.00000025
 288    0.0000000  -0.00000007
 
----------------
 Final Energies 
----------------
Final NOF Total Energy =    -153.6778552
 
Total Orbital Internal Iterations = 808
Total Occupation Internal Iterations = 213
 
Elapsed time:  534.52 Seconds

---------------------------------
   Lowdin Population Analysis    
---------------------------------
 Idx  Atom   Population   Charge 
---------------------------------
  1     C     6.194      -0.194
  2     H     1.074      -0.074
  3     O     7.383       0.617
  4     C     5.860       0.140
  5     H     1.097      -0.097
  6     H     1.091      -0.091
  7     H     1.301      -0.301

---------------------------------
   M Diagnostic: 0.04
---------------------------------

