Computing Integrals
Basis Set                                            = def2-qzvp
Auxiliary Basis Set                                  = def2-universal-jkfit
Gaussian Type                                        = Spherical
Elapsed time:    3.52 Seconds

Number of basis functions                   (NBF)    = 117
Number of auxiliary basis functions         (NBFAUX) = 113
Inactive Doubly occupied orbitals up to     (NO1)    = 0
No. considered Strongly Doubly occupied MOs (NDOC)   = 5
No. considered Strongly Singly occupied MOs (NSOC)   = 0
NO. of Weakly occ. per St. Doubly occ.  MOs (NCWO)   = 22
Dimension of the Nat. Orb. subspace         (NBF5)   = 115
No. of electrons                                     = 10
    No. of alpha electrons                           = 5
    No. of beta electrons                            = 5
Multiplicity                                         = 1

Geometry
========
 O       0.0000000       0.0000000       0.1169610
 H       0.0000000       0.7635680      -0.4678450
 H       0.0000000      -0.7635680      -0.4678450

No violations of the orthonormality
No violations of the orthonormality
 
PNOF8/ADABelief Calculation
==================
 
  Nitext  Nit_orb  Time   Nit_occ  Time         Eelec          Etot           Ediff      maxdiff    MaxGrad_orb  Grad_occ
     1      10    2.7e+01   26    3.3e+01   -85.46825063   -76.31851956 -10084.46825063   0.021870   8.7e-02   2.4e-04 0.03
     2      20    4.5e+00   19    4.7e-01   -85.50102061   -76.35128954    -0.03276998   0.034574   1.4e-01   1.8e-04 0.03
     3      20    4.1e+00   13    3.5e-01   -85.50999122   -76.36026015    -0.00897061   0.025417   1.0e-01   2.3e-04 0.03
     4      20    3.0e+00   16    3.2e-01   -85.51713803   -76.36740696    -0.00714681   0.025440   1.0e-01   1.7e-04 0.02
     5      20    4.2e+00   14    3.3e-01   -85.52201079   -76.37227972    -0.00487276   0.016325   6.5e-02   2.2e-04 0.03
     6      20    5.1e+00   11    2.6e-01   -85.52466818   -76.37493711    -0.00265739   0.016037   6.4e-02   2.4e-04 0.03
     7      20    4.2e+00    8    1.3e-01   -85.52602865   -76.37629758    -0.00136047   0.015924   6.4e-02   1.9e-04 0.03
     8      20    3.7e+00    5    1.7e-01   -85.52655856   -76.37682749    -0.00052990   0.013969   5.6e-02   1.6e-04 0.03
     9      20    3.9e+00    5    1.9e-01   -85.52716645   -76.37743537    -0.00060789   0.009373   3.7e-02   1.5e-04 0.03
    10      20    4.5e+00    0    5.2e-02   -85.52720260   -76.37747153    -0.00003615   0.009373   3.7e-02   1.5e-04 0.03
    11      40    8.1e+00    5    2.2e-01   -85.52775516   -76.37802408    -0.00055256   0.001424   5.7e-03   1.3e-04 0.03
    12      40    8.7e+00    5    2.4e-01   -85.52784931   -76.37811824    -0.00009415   0.002745   1.1e-02   1.4e-04 0.03
    13      40    1.1e+01    1    7.7e-02   -85.52792149   -76.37819042    -0.00007218   0.002769   1.1e-02   2.2e-04 0.03
    14      40    8.6e+00    5    2.4e-01   -85.52795636   -76.37822529    -0.00003487   0.002812   1.1e-02   1.4e-04 0.03
    15      40    9.2e+00    4    2.4e-01   -85.52800861   -76.37827754    -0.00005225   0.002764   1.1e-02   1.7e-04 0.03
    16      40    7.2e+00    0    3.0e-02   -85.52805186   -76.37832079    -0.00004325   0.002597   1.0e-02   1.8e-04 0.03
    17      50    1.1e+01    4    1.9e-01   -85.52808938   -76.37835831    -0.00003752   0.002020   8.1e-03   1.2e-04 0.03
    18      50    1.2e+01    5    2.8e-01   -85.52814527   -76.37841420    -0.00005589   0.001944   7.8e-03   9.9e-05 0.03
    19      50    1.3e+01    5    2.6e-01   -85.52819851   -76.37846744    -0.00005324   0.001925   7.7e-03   1.1e-04 0.03
    20      50    1.3e+01    0    2.5e-02   -85.52825327   -76.37852220    -0.00005476   0.001704   6.8e-03   1.7e-04 0.03
    21      60    8.4e+00    5    1.3e-01   -85.52827269   -76.37854162    -0.00001942   0.001118   4.5e-03   1.1e-04 0.03
    22      60    1.5e+01    0    3.2e-02   -85.52829500   -76.37856393    -0.00002231   0.001164   4.7e-03   1.3e-04 0.03
    23      70    1.5e+01    1    1.1e-01   -85.52830487   -76.37857380    -0.00000987   0.000827   3.3e-03   1.6e-04 0.03
 
RESULTS OF THE OCCUPATION OPTIMIZATION
========================================
   1    1.9999810  -20.59493781
   2    1.9863043  -1.32627802
   3    1.9728583  -0.72512746
   4    1.9711209  -0.71603680
   5    1.9760159  -0.55066701
   6    0.0117962  -0.01902335
   7    0.0198490  -0.03034856
   8    0.0215978  -0.03192918
   9    0.0080422  -0.01981260
  10    0.0000153  -0.00057262
  11    0.0048944  -0.00933383
  12    0.0042416  -0.00847003
  13    0.0041549  -0.00840589
  14    0.0012279  -0.00533526
  15    0.0000018  -0.00002324
  16    0.0045713  -0.00881253
  17    0.0040277  -0.00816016
  18    0.0004440  -0.00120003
  19    0.0011644  -0.00405049
  20    0.0000011  -0.00000550
  21    0.0007310  -0.00327948
  22    0.0003969  -0.00116026
  23    0.0003182  -0.00096304
  24    0.0008515  -0.00294415
  25    0.0000004  -0.00004099
  26    0.0006454  -0.00184408
  27    0.0000783  -0.00032469
  28    0.0002889  -0.00093817
  29    0.0006531  -0.00229921
  30    0.0000000  -0.00000157
  31    0.0004334  -0.00128996
  32    0.0000721  -0.00028799
  33    0.0000806  -0.00031599
  34    0.0005380  -0.00173865
  35    0.0000000  -0.00000079
  36    0.0003217  -0.00095114
  37    0.0000470  -0.00015375
  38    0.0000692  -0.00031343
  39    0.0003344  -0.00108197
  40    0.0000000  -0.00000072
  41    0.0001634  -0.00053580
  42    0.0000415  -0.00016815
  43    0.0000422  -0.00016916
  44    0.0002795  -0.00095550
  45    0.0000000  -0.00000074
  46    0.0001534  -0.00050352
  47    0.0000338  -0.00014400
  48    0.0000379  -0.00016146
  49    0.0002738  -0.00093893
  50    0.0000000  -0.00000060
  51    0.0001013  -0.00036407
  52    0.0000276  -0.00012478
  53    0.0000333  -0.00015756
  54    0.0001439  -0.00161416
  55    0.0000000  -0.00000056
  56    0.0000435  -0.00021458
  57    0.0000162  -0.00009205
  58    0.0000283  -0.00013173
  59    0.0000361  -0.00017820
  60    0.0000000  -0.00000049
  61    0.0000221  -0.00009742
  62    0.0000106  -0.00004928
  63    0.0000089  -0.00004277
  64    0.0000264  -0.00014869
  65    0.0000000  -0.00000047
  66    0.0000204  -0.00010078
  67    0.0000090  -0.00004328
  68    0.0000082  -0.00003643
  69    0.0000219  -0.00012641
  70    0.0000000  -0.00000046
  71    0.0000179  -0.00009980
  72    0.0000078  -0.00003261
  73    0.0000071  -0.00003859
  74    0.0000203  -0.00011729
  75    0.0000000  -0.00000041
  76    0.0000161  -0.00006675
  77    0.0000058  -0.00001257
  78    0.0000045  -0.00001482
  79    0.0000190  -0.00011108
  80    0.0000000  -0.00000044
  81    0.0000142  -0.00006844
  82    0.0000028  -0.00000551
  83    0.0000039  -0.00000787
  84    0.0000150  -0.00010066
  85    0.0000000  -0.00000036
  86    0.0000128  -0.00006331
  87    0.0000027  -0.00000602
  88    0.0000033  -0.00000911
  89    0.0000129  -0.00006916
  90    0.0000000  -0.00000028
  91    0.0000078  -0.00004011
  92    0.0000022  -0.00000447
  93    0.0000027  -0.00000943
  94    0.0000101  -0.00006240
  95    0.0000000  -0.00000032
  96    0.0000060  -0.00003518
  97    0.0000018  -0.00000341
  98    0.0000025  -0.00000634
  99    0.0000088  -0.00005347
 100    0.0000000  -0.00000027
 101    0.0000043  -0.00001777
 102    0.0000016  -0.00000324
 103    0.0000019  -0.00000393
 104    0.0000075  -0.00004869
 105    0.0000000  -0.00000030
 106    0.0000041  -0.00001860
 107    0.0000015  -0.00000279
 108    0.0000018  -0.00000340
 109    0.0000053  -0.00003494
 110    0.0000000  -0.00000027
 111    0.0000035  -0.00001506
 112    0.0000015  -0.00000228
 113    0.0000017  -0.00000328
 114    0.0000037  -0.00002052
 115    0.0000000  -0.00000028
 
----------------
 Final Energies 
----------------
Final NOF Total Energy =     -76.3785738
 
Total Orbital Internal Iterations = 820
Total Occupation Internal Iterations = 157
 
Elapsed time:  263.55 Seconds

---------------------------------
   Lowdin Population Analysis    
---------------------------------
 Idx  Atom   Population   Charge 
---------------------------------
  1     O     7.352       0.648
  2     H     1.324      -0.324
  3     H     1.324      -0.324

---------------------------------
   M Diagnostic: 0.03
---------------------------------

