Computing Integrals
Basis Set                                            = def2-qzvp
Auxiliary Basis Set                                  = def2-universal-jkfit
Gaussian Type                                        = Spherical
Elapsed time:    5.58 Seconds

Number of basis functions                   (NBF)    = 421
Number of auxiliary basis functions         (NBFAUX) = 461
Inactive Doubly occupied orbitals up to     (NO1)    = 0
No. considered Strongly Doubly occupied MOs (NDOC)   = 19
No. considered Strongly Singly occupied MOs (NSOC)   = 0
NO. of Weakly occ. per St. Doubly occ.  MOs (NCWO)   = 21
Dimension of the Nat. Orb. subspace         (NBF5)   = 418
No. of electrons                                     = 38
    No. of alpha electrons                           = 19
    No. of beta electrons                            = 19
Multiplicity                                         = 1

Geometry
========
 C       0.0000000       0.5897060       0.0000000
 S      -0.0926650      -1.1647020       0.0000000
 B       1.3547720       1.2351090       0.0000000
 H       1.4276820       2.4244900       0.0000000
 H       2.3608190       0.5783590       0.0000000
 B      -1.3598220       1.2223650       0.0000000
 H      -1.4298310       2.4125400       0.0000000
 H      -2.3610990       0.5638830       0.0000000
 H       0.7551560      -1.5848190       0.9624040
 H       0.7551560      -1.5848190      -0.9624040

No violations of the orthonormality
No violations of the orthonormality
 
PNOF8/ADABelief Calculation
==================
 
  Nitext  Nit_orb  Time   Nit_occ  Time         Eelec          Etot           Ediff      maxdiff    MaxGrad_orb  Grad_occ
     1      10    2.8e+01   98    5.2e+01  -622.82001758  -488.76036227 -10621.82001758   0.022895   9.2e-02   2.9e-04 0.03
     2      20    1.5e+01    0    7.2e-01  -622.93023777  -488.87058246    -0.11022019   0.022900   9.2e-02   2.9e-04 0.03
     3      40    2.9e+01  102    2.8e+01  -623.12202156  -489.06236625    -0.19178379   0.302181   1.2e+00   1.9e-04 0.03
     4      40    2.9e+01   38    1.1e+01  -623.24301910  -489.18336379    -0.12099754   0.015025   6.0e-02   3.4e-04 0.03
     5      40    2.9e+01   37    1.1e+01  -623.27671290  -489.21705759    -0.03369380   0.013955   5.6e-02   2.8e-04 0.03
     6      40    2.9e+01   39    1.1e+01  -623.29503034  -489.23537503    -0.01831744   0.011170   4.5e-02   2.4e-04 0.03
     7      40    2.9e+01   15    4.7e+00  -623.30576597  -489.24611066    -0.01073563   0.014420   5.8e-02   2.8e-04 0.03
     8      40    2.9e+01   21    6.3e+00  -623.31315469  -489.25349938    -0.00738872   0.010026   4.0e-02   2.6e-04 0.03
     9      40    2.9e+01   11    3.6e+00  -623.31804737  -489.25839206    -0.00489268   0.012920   5.2e-02   3.1e-04 0.03
    10      40    2.9e+01   15    4.7e+00  -623.32143758  -489.26178227    -0.00339021   0.011532   4.6e-02   2.5e-04 0.03
    11      40    2.9e+01   15    4.7e+00  -623.32386784  -489.26421253    -0.00243026   0.012846   5.1e-02   2.7e-04 0.03
    12      40    2.9e+01   18    5.5e+00  -623.32589545  -489.26624014    -0.00202761   0.008742   3.5e-02   2.9e-04 0.03
    13      40    2.9e+01    9    3.1e+00  -623.32740904  -489.26775373    -0.00151359   0.009121   3.6e-02   2.6e-04 0.03
    14      40    2.9e+01    9    3.1e+00  -623.32879319  -489.26913788    -0.00138415   0.009826   3.9e-02   2.7e-04 0.03
    15      40    2.9e+01   18    5.5e+00  -623.32987315  -489.27021784    -0.00107996   0.007847   3.1e-02   2.3e-04 0.03
    16      40    2.9e+01    7    2.6e+00  -623.33086446  -489.27120915    -0.00099131   0.009011   3.6e-02   2.4e-04 0.03
    17      40    2.9e+01    7    2.6e+00  -623.33145110  -489.27179579    -0.00058664   0.009609   3.8e-02   2.7e-04 0.03
    18      40    2.9e+01    7    2.6e+00  -623.33191672  -489.27226141    -0.00046562   0.008556   3.4e-02   3.1e-04 0.03
    19      40    2.9e+01   10    3.4e+00  -623.33242038  -489.27276507    -0.00050366   0.008015   3.2e-02   2.6e-04 0.03
    20      40    2.9e+01    3    1.5e+00  -623.33278637  -489.27313106    -0.00036599   0.008051   3.2e-02   3.5e-04 0.03
    21      40    2.9e+01   14    4.5e+00  -623.33302516  -489.27336985    -0.00023879   0.006935   2.8e-02   2.1e-04 0.03
    22      40    2.9e+01    3    1.5e+00  -623.33328182  -489.27362651    -0.00025666   0.008054   3.2e-02   2.7e-04 0.03
    23      40    2.9e+01    9    3.1e+00  -623.33345412  -489.27379881    -0.00017230   0.007426   3.0e-02   2.5e-04 0.03
    24      40    2.9e+01    3    1.5e+00  -623.33371493  -489.27405962    -0.00026081   0.007088   2.8e-02   2.9e-04 0.03
    25      40    2.9e+01   12    3.9e+00  -623.33407327  -489.27441796    -0.00035834   0.005069   2.0e-02   2.2e-04 0.03
    26      40    2.9e+01    5    2.1e+00  -623.33434998  -489.27469467    -0.00027671   0.006165   2.5e-02   2.1e-04 0.03
    27      40    2.9e+01    5    2.1e+00  -623.33453350  -489.27487819    -0.00018352   0.004896   2.0e-02   2.4e-04 0.03
    28      40    3.0e+01    9    3.1e+00  -623.33466775  -489.27501244    -0.00013425   0.005505   2.2e-02   2.0e-04 0.03
    29      40    2.9e+01    3    1.5e+00  -623.33487517  -489.27521986    -0.00020743   0.004653   1.9e-02   2.4e-04 0.03
    30      40    3.0e+01   11    3.6e+00  -623.33498576  -489.27533045    -0.00011059   0.005183   2.1e-02   2.3e-04 0.03
    31      40    2.9e+01    3    1.5e+00  -623.33506761  -489.27541230    -0.00008185   0.005588   2.2e-02   1.6e-04 0.03
    32      40    2.9e+01    3    1.5e+00  -623.33509710  -489.27544179    -0.00002949   0.005299   2.1e-02   1.9e-04 0.03
    33      40    2.9e+01    1    9.9e-01  -623.33516266  -489.27550735    -0.00006556   0.007168   2.9e-02   2.7e-04 0.03
    34      40    2.9e+01    5    2.1e+00  -623.33520607  -489.27555076    -0.00004341   0.006402   2.6e-02   2.0e-04 0.03
    35      40    2.9e+01    5    2.0e+00  -623.33524195  -489.27558664    -0.00003588   0.007719   3.1e-02   1.9e-04 0.03
    36      40    2.9e+01    1    9.9e-01  -623.33525770  -489.27560239    -0.00001575   0.008144   3.3e-02   2.4e-04 0.03
    37      40    2.9e+01    0    7.1e-01  -623.33525838  -489.27560307    -0.00000068   0.008144   3.3e-02   2.4e-04 0.03
    38      60    4.4e+01    0    7.1e-01  -623.33593224  -489.27627693    -0.00067386   0.000663   2.7e-03   2.3e-04 0.03
 
RESULTS OF THE OCCUPATION OPTIMIZATION
========================================
   1    1.9999991  -92.12117535
   2    1.9999615  -11.20861986
   3    1.9998738  -8.18468966
   4    1.9998581  -8.11689822
   5    1.9996053  -7.29667193
   6    1.9995781  -7.12924319
   7    1.9994056  -6.96725794
   8    1.9993282  -6.84729481
   9    1.9821337  -0.91043639
  10    1.9825908  -0.82974649
  11    1.9780540  -0.75680291
  12    1.9765067  -0.64424935
  13    1.9730243  -0.61277219
  14    1.9726876  -0.61121355
  15    1.9778378  -0.58817734
  16    1.9691580  -0.56655702
  17    1.9733100  -0.54751679
  18    1.9730710  -0.53214571
  19    1.9665865  -0.37007168
  20    0.0125387  -0.01508288
  21    0.0090405  -0.01324170
  22    0.0092345  -0.01362556
  23    0.0219069  -0.03592707
  24    0.0077457  -0.01440553
  25    0.0218891  -0.03278379
  26    0.0222865  -0.03318558
  27    0.0128501  -0.02173149
  28    0.0116533  -0.02102931
  29    0.0056211  -0.01582950
  30    0.0067213  -0.02036402
  31    0.0005971  -0.00996407
  32    0.0005362  -0.00934531
  33    0.0003965  -0.00673931
  34    0.0003655  -0.00650661
  35    0.0001273  -0.00154271
  36    0.0001051  -0.00136393
  37    0.0000369  -0.00076390
  38    0.0000008  -0.00001067
  39    0.0112259  -0.01339930
  40    0.0078721  -0.01164927
  41    0.0082072  -0.01223778
  42    0.0076907  -0.01303331
  43    0.0063106  -0.01367481
  44    0.0018466  -0.00418321
  45    0.0019485  -0.00477381
  46    0.0035524  -0.00732182
  47    0.0032780  -0.00788065
  48    0.0034316  -0.01380812
  49    0.0050224  -0.01296164
  50    0.0000649  -0.00259809
  51    0.0000162  -0.00064745
  52    0.0000056  -0.00028185
  53    0.0000141  -0.00036188
  54    0.0000032  -0.00007829
  55    0.0000067  -0.00013430
  56    0.0000002  -0.00000125
  57    0.0000000  -0.00000007
  58    0.0062967  -0.00916640
  59    0.0033699  -0.00548008
  60    0.0033380  -0.00547087
  61    0.0005195  -0.00117563
  62    0.0032671  -0.00906803
  63    0.0013189  -0.00296468
  64    0.0015175  -0.00360827
  65    0.0027753  -0.00543502
  66    0.0022087  -0.00500761
  67    0.0023354  -0.00945034
  68    0.0022570  -0.00949844
  69    0.0000016  -0.00002705
  70    0.0000122  -0.00023606
  71    0.0000049  -0.00009874
  72    0.0000036  -0.00006399
  73    0.0000025  -0.00010566
  74    0.0000032  -0.00015508
  75    0.0000002  -0.00000123
  76    0.0000000  -0.00000006
  77    0.0014903  -0.00277772
  78    0.0019877  -0.00306192
  79    0.0020706  -0.00321988
  80    0.0002598  -0.00062991
  81    0.0021141  -0.00745068
  82    0.0009555  -0.00189023
  83    0.0002901  -0.00074593
  84    0.0014187  -0.00396224
  85    0.0013785  -0.00398535
  86    0.0019643  -0.00836044
  87    0.0015218  -0.00680395
  88    0.0000015  -0.00001827
  89    0.0000041  -0.00003786
  90    0.0000036  -0.00008497
  91    0.0000027  -0.00010989
  92    0.0000022  -0.00002388
  93    0.0000018  -0.00002299
  94    0.0000002  -0.00000099
  95    0.0000000  -0.00000004
  96    0.0007158  -0.00136123
  97    0.0018355  -0.00350327
  98    0.0014284  -0.00270855
  99    0.0001805  -0.00048474
 100    0.0006261  -0.00171644
 101    0.0005521  -0.00118738
 102    0.0002896  -0.00072249
 103    0.0009615  -0.00214229
 104    0.0008825  -0.00206913
 105    0.0017280  -0.00755590
 106    0.0009737  -0.00393836
 107    0.0000012  -0.00002184
 108    0.0000040  -0.00003683
 109    0.0000018  -0.00002722
 110    0.0000016  -0.00001707
 111    0.0000010  -0.00001719
 112    0.0000018  -0.00001937
 113    0.0000002  -0.00000107
 114    0.0000000  -0.00000004
 115    0.0003903  -0.00079868
 116    0.0012764  -0.00243749
 117    0.0006473  -0.00140426
 118    0.0000763  -0.00021307
 119    0.0005354  -0.00141685
 120    0.0002320  -0.00059570
 121    0.0002214  -0.00054929
 122    0.0006246  -0.00148853
 123    0.0008728  -0.00272993
 124    0.0009295  -0.00391039
 125    0.0004048  -0.00218061
 126    0.0000009  -0.00000846
 127    0.0000035  -0.00003056
 128    0.0000017  -0.00001772
 129    0.0000011  -0.00001771
 130    0.0000009  -0.00000962
 131    0.0000017  -0.00001805
 132    0.0000002  -0.00000089
 133    0.0000000  -0.00000003
 134    0.0002033  -0.00047323
 135    0.0004483  -0.00099875
 136    0.0006075  -0.00133141
 137    0.0000442  -0.00012758
 138    0.0002728  -0.00082785
 139    0.0002056  -0.00053076
 140    0.0000837  -0.00021577
 141    0.0004078  -0.00111485
 142    0.0005783  -0.00142152
 143    0.0006527  -0.00243280
 144    0.0003033  -0.00107865
 145    0.0000008  -0.00000667
 146    0.0000030  -0.00002503
 147    0.0000016  -0.00001669
 148    0.0000011  -0.00001224
 149    0.0000008  -0.00000669
 150    0.0000010  -0.00001096
 151    0.0000001  -0.00000063
 152    0.0000000  -0.00000003
 153    0.0001231  -0.00027168
 154    0.0004108  -0.00092322
 155    0.0003693  -0.00092024
 156    0.0000400  -0.00011626
 157    0.0002572  -0.00082245
 158    0.0000744  -0.00020240
 159    0.0000724  -0.00019191
 160    0.0001722  -0.00045557
 161    0.0003121  -0.00090222
 162    0.0001569  -0.00053159
 163    0.0002260  -0.00082383
 164    0.0000006  -0.00000463
 165    0.0000028  -0.00002951
 166    0.0000016  -0.00001703
 167    0.0000010  -0.00001158
 168    0.0000008  -0.00000669
 169    0.0000007  -0.00000557
 170    0.0000001  -0.00000038
 171    0.0000000  -0.00000003
 172    0.0001037  -0.00024248
 173    0.0002341  -0.00057875
 174    0.0001750  -0.00043783
 175    0.0000231  -0.00008132
 176    0.0002342  -0.00063763
 177    0.0000651  -0.00017754
 178    0.0000631  -0.00018906
 179    0.0001223  -0.00030559
 180    0.0002195  -0.00059155
 181    0.0001335  -0.00051687
 182    0.0000972  -0.00042734
 183    0.0000005  -0.00000354
 184    0.0000022  -0.00002804
 185    0.0000007  -0.00000553
 186    0.0000007  -0.00000533
 187    0.0000008  -0.00000589
 188    0.0000007  -0.00000618
 189    0.0000001  -0.00000030
 190    0.0000000  -0.00000002
 191    0.0000869  -0.00020513
 192    0.0001114  -0.00027035
 193    0.0001374  -0.00033218
 194    0.0000213  -0.00007415
 195    0.0001689  -0.00051626
 196    0.0000433  -0.00013246
 197    0.0000483  -0.00013792
 198    0.0001074  -0.00029622
 199    0.0001454  -0.00048663
 200    0.0001045  -0.00044966
 201    0.0000831  -0.00028423
 202    0.0000005  -0.00000349
 203    0.0000017  -0.00001671
 204    0.0000006  -0.00000588
 205    0.0000007  -0.00000529
 206    0.0000007  -0.00000603
 207    0.0000006  -0.00000361
 208    0.0000001  -0.00000028
 209    0.0000000  -0.00000002
 210    0.0000710  -0.00017700
 211    0.0000949  -0.00024992
 212    0.0001259  -0.00030528
 213    0.0000189  -0.00006528
 214    0.0001510  -0.00043156
 215    0.0000352  -0.00010404
 216    0.0000401  -0.00012579
 217    0.0000935  -0.00027237
 218    0.0000989  -0.00028910
 219    0.0000789  -0.00027742
 220    0.0000640  -0.00023467
 221    0.0000004  -0.00000271
 222    0.0000017  -0.00001493
 223    0.0000006  -0.00000411
 224    0.0000006  -0.00000372
 225    0.0000005  -0.00000382
 226    0.0000005  -0.00000323
 227    0.0000001  -0.00000025
 228    0.0000000  -0.00000002
 229    0.0000427  -0.00011250
 230    0.0000678  -0.00018882
 231    0.0001154  -0.00028232
 232    0.0000149  -0.00005651
 233    0.0001177  -0.00039805
 234    0.0000302  -0.00009658
 235    0.0000337  -0.00010478
 236    0.0000926  -0.00027501
 237    0.0000721  -0.00023671
 238    0.0000572  -0.00018609
 239    0.0000471  -0.00017168
 240    0.0000004  -0.00000223
 241    0.0000013  -0.00001088
 242    0.0000006  -0.00000393
 243    0.0000004  -0.00000219
 244    0.0000003  -0.00000186
 245    0.0000005  -0.00000309
 246    0.0000000  -0.00000022
 247    0.0000000  -0.00000002
 248    0.0000298  -0.00008819
 249    0.0000583  -0.00016492
 250    0.0000886  -0.00022955
 251    0.0000119  -0.00004738
 252    0.0001107  -0.00035643
 253    0.0000202  -0.00007168
 254    0.0000293  -0.00009725
 255    0.0000761  -0.00021668
 256    0.0000633  -0.00018973
 257    0.0000515  -0.00018255
 258    0.0000428  -0.00016196
 259    0.0000003  -0.00000166
 260    0.0000012  -0.00001660
 261    0.0000004  -0.00000268
 262    0.0000003  -0.00000186
 263    0.0000002  -0.00000115
 264    0.0000004  -0.00000253
 265    0.0000000  -0.00000020
 266    0.0000000  -0.00000002
 267    0.0000218  -0.00006684
 268    0.0000464  -0.00014081
 269    0.0000430  -0.00013397
 270    0.0000094  -0.00004277
 271    0.0000887  -0.00026428
 272    0.0000160  -0.00006327
 273    0.0000223  -0.00007828
 274    0.0000674  -0.00019455
 275    0.0000517  -0.00015857
 276    0.0000391  -0.00014541
 277    0.0000348  -0.00012400
 278    0.0000003  -0.00000132
 279    0.0000009  -0.00000901
 280    0.0000004  -0.00000209
 281    0.0000003  -0.00000178
 282    0.0000001  -0.00000077
 283    0.0000004  -0.00000186
 284    0.0000000  -0.00000021
 285    0.0000000  -0.00000002
 286    0.0000197  -0.00006401
 287    0.0000365  -0.00010664
 288    0.0000348  -0.00010110
 289    0.0000084  -0.00003693
 290    0.0000580  -0.00018284
 291    0.0000141  -0.00005740
 292    0.0000097  -0.00004708
 293    0.0000575  -0.00015857
 294    0.0000420  -0.00014348
 295    0.0000362  -0.00013635
 296    0.0000262  -0.00010215
 297    0.0000002  -0.00000109
 298    0.0000008  -0.00000568
 299    0.0000003  -0.00000187
 300    0.0000003  -0.00000194
 301    0.0000001  -0.00000070
 302    0.0000003  -0.00000182
 303    0.0000000  -0.00000019
 304    0.0000000  -0.00000002
 305    0.0000183  -0.00005892
 306    0.0000141  -0.00005483
 307    0.0000262  -0.00008238
 308    0.0000076  -0.00003198
 309    0.0000393  -0.00013622
 310    0.0000056  -0.00002758
 311    0.0000061  -0.00002976
 312    0.0000366  -0.00011742
 313    0.0000304  -0.00010303
 314    0.0000300  -0.00010916
 315    0.0000249  -0.00009674
 316    0.0000002  -0.00000093
 317    0.0000007  -0.00000497
 318    0.0000003  -0.00000147
 319    0.0000002  -0.00000083
 320    0.0000001  -0.00000053
 321    0.0000003  -0.00000153
 322    0.0000000  -0.00000015
 323    0.0000000  -0.00000002
 324    0.0000171  -0.00005417
 325    0.0000069  -0.00003483
 326    0.0000177  -0.00006248
 327    0.0000042  -0.00001873
 328    0.0000255  -0.00009168
 329    0.0000035  -0.00001916
 330    0.0000049  -0.00002573
 331    0.0000263  -0.00008865
 332    0.0000208  -0.00007809
 333    0.0000209  -0.00008330
 334    0.0000044  -0.00002721
 335    0.0000001  -0.00000066
 336    0.0000005  -0.00000354
 337    0.0000001  -0.00000081
 338    0.0000001  -0.00000076
 339    0.0000001  -0.00000037
 340    0.0000002  -0.00000108
 341    0.0000000  -0.00000012
 342    0.0000000  -0.00000002
 343    0.0000092  -0.00003497
 344    0.0000051  -0.00002429
 345    0.0000068  -0.00003088
 346    0.0000015  -0.00000726
 347    0.0000184  -0.00007106
 348    0.0000016  -0.00000955
 349    0.0000029  -0.00001610
 350    0.0000196  -0.00007171
 351    0.0000150  -0.00006430
 352    0.0000157  -0.00006659
 353    0.0000035  -0.00002408
 354    0.0000001  -0.00000059
 355    0.0000005  -0.00000344
 356    0.0000001  -0.00000079
 357    0.0000001  -0.00000082
 358    0.0000001  -0.00000023
 359    0.0000001  -0.00000080
 360    0.0000000  -0.00000011
 361    0.0000000  -0.00000001
 362    0.0000034  -0.00001537
 363    0.0000043  -0.00002294
 364    0.0000058  -0.00002881
 365    0.0000012  -0.00000491
 366    0.0000075  -0.00003947
 367    0.0000013  -0.00000746
 368    0.0000021  -0.00001227
 369    0.0000113  -0.00005110
 370    0.0000124  -0.00005520
 371    0.0000104  -0.00005347
 372    0.0000030  -0.00001967
 373    0.0000001  -0.00000028
 374    0.0000005  -0.00000338
 375    0.0000001  -0.00000069
 376    0.0000001  -0.00000056
 377    0.0000001  -0.00000024
 378    0.0000001  -0.00000035
 379    0.0000000  -0.00000010
 380    0.0000000  -0.00000001
 381    0.0000030  -0.00001411
 382    0.0000041  -0.00002074
 383    0.0000055  -0.00002788
 384    0.0000010  -0.00000364
 385    0.0000070  -0.00003748
 386    0.0000010  -0.00000439
 387    0.0000021  -0.00001243
 388    0.0000107  -0.00004972
 389    0.0000070  -0.00003747
 390    0.0000069  -0.00004040
 391    0.0000027  -0.00001868
 392    0.0000001  -0.00000024
 393    0.0000002  -0.00000108
 394    0.0000001  -0.00000065
 395    0.0000001  -0.00000059
 396    0.0000000  -0.00000022
 397    0.0000001  -0.00000034
 398    0.0000000  -0.00000010
 399    0.0000000  -0.00000002
 400    0.0000025  -0.00001175
 401    0.0000039  -0.00002021
 402    0.0000051  -0.00002345
 403    0.0000007  -0.00000199
 404    0.0000064  -0.00003188
 405    0.0000010  -0.00000422
 406    0.0000013  -0.00000691
 407    0.0000093  -0.00004369
 408    0.0000034  -0.00001935
 409    0.0000050  -0.00003023
 410    0.0000024  -0.00001709
 411    0.0000000  -0.00000022
 412    0.0000002  -0.00000100
 413    0.0000001  -0.00000031
 414    0.0000001  -0.00000042
 415    0.0000000  -0.00000019
 416    0.0000001  -0.00000022
 417    0.0000000  -0.00000008
 418    0.0000000  -0.00000002
 
----------------
 Final Energies 
----------------
Final NOF Total Energy =    -489.2762769
 
Total Orbital Internal Iterations = 1490
Total Occupation Internal Iterations = 571
 
Elapsed time: 1409.86 Seconds

---------------------------------
   Lowdin Population Analysis    
---------------------------------
 Idx  Atom   Population   Charge 
---------------------------------
  1     C     6.261      -0.261
  2     S    14.882       1.118
  3     B     5.160      -0.160
  4     H     1.048      -0.048
  5     H     1.062      -0.062
  6     B     5.201      -0.201
  7     H     1.048      -0.048
  8     H     1.062      -0.062
  9     H     1.138      -0.138
 10     H     1.138      -0.138

---------------------------------
   M Diagnostic: 0.03
---------------------------------

