Computing Integrals
Basis Set                                            = def2-qzvp
Auxiliary Basis Set                                  = def2-universal-jkfit
Gaussian Type                                        = Spherical
Elapsed time:    4.05 Seconds

Number of basis functions                   (NBF)    = 217
Number of auxiliary basis functions         (NBFAUX) = 257
Inactive Doubly occupied orbitals up to     (NO1)    = 0
No. considered Strongly Doubly occupied MOs (NDOC)   = 13
No. considered Strongly Singly occupied MOs (NSOC)   = 0
NO. of Weakly occ. per St. Doubly occ.  MOs (NCWO)   = 15
Dimension of the Nat. Orb. subspace         (NBF5)   = 208
No. of electrons                                     = 26
    No. of alpha electrons                           = 13
    No. of beta electrons                            = 13
Multiplicity                                         = 1

Geometry
========
 C       0.0000000       0.0000000      -0.1499170
Cl       0.0000000       0.0000000       1.6328018
 H      -0.5139978      -0.8902703      -0.4942949
 H      -0.5139978       0.8902703      -0.4942949
 H       1.0279956       0.0000000      -0.4942949

No violations of the orthonormality
No violations of the orthonormality
 
PNOF8/ADABelief Calculation
==================
 
  Nitext  Nit_orb  Time   Nit_occ  Time         Eelec          Etot           Ediff      maxdiff    MaxGrad_orb  Grad_occ
     1      10    2.5e+01   11    2.7e+01  -551.29204410  -499.91365794 -10550.29204410   0.000709   2.8e-03   1.9e-04 0.03
 
RESULTS OF THE OCCUPATION OPTIMIZATION
========================================
   1    1.9999994  -104.88577928
   2    1.9999249  -11.29513302
   3    1.9996843  -10.56778787
   4    1.9993544  -8.05188314
   5    1.9994717  -8.04486535
   6    1.9995084  -8.04365451
   7    1.9833434  -1.13541560
   8    1.9818005  -0.92175134
   9    1.9739030  -0.61437414
  10    1.9739836  -0.59165554
  11    1.9707223  -0.59048406
  12    1.9783389  -0.52559699
  13    1.9729754  -0.47238277
  14    0.0119603  -0.01854359
  15    0.0086036  -0.01811420
  16    0.0245323  -0.04114342
  17    0.0108675  -0.01707323
  18    0.0120342  -0.01789299
  19    0.0071979  -0.01807934
  20    0.0059980  -0.02464615
  21    0.0004605  -0.01046307
  22    0.0004338  -0.01001977
  23    0.0005488  -0.01212596
  24    0.0002952  -0.00749886
  25    0.0000694  -0.00150027
  26    0.0000006  -0.00001023
  27    0.0118716  -0.01866359
  28    0.0074472  -0.01821062
  29    0.0024929  -0.00634779
  30    0.0092060  -0.01607402
  31    0.0037206  -0.00638641
  32    0.0063258  -0.01655665
  33    0.0053178  -0.01647135
  34    0.0000069  -0.00021273
  35    0.0000723  -0.00332374
  36    0.0000729  -0.00088758
  37    0.0000101  -0.00043234
  38    0.0000019  -0.00002458
  39    0.0000000  -0.00000010
  40    0.0007497  -0.00165277
  41    0.0021571  -0.00918738
  42    0.0006694  -0.00166398
  43    0.0035774  -0.00861939
  44    0.0037098  -0.00809152
  45    0.0017966  -0.00824150
  46    0.0018279  -0.00933189
  47    0.0000059  -0.00009194
  48    0.0000053  -0.00004826
  49    0.0000150  -0.00065608
  50    0.0000024  -0.00019258
  51    0.0000009  -0.00001388
  52    0.0000000  -0.00000009
  53    0.0007322  -0.00159209
  54    0.0015839  -0.00649463
  55    0.0005927  -0.00149517
  56    0.0008419  -0.00212485
  57    0.0028086  -0.00603022
  58    0.0009344  -0.00428434
  59    0.0016384  -0.00822560
  60    0.0000040  -0.00017076
  61    0.0000040  -0.00003602
  62    0.0000032  -0.00003118
  63    0.0000016  -0.00002452
  64    0.0000006  -0.00000634
  65    0.0000000  -0.00000008
  66    0.0006868  -0.00149371
  67    0.0006639  -0.00168891
  68    0.0005825  -0.00142316
  69    0.0007074  -0.00153363
  70    0.0028085  -0.00580910
  71    0.0007388  -0.00217627
  72    0.0010982  -0.00679254
  73    0.0000036  -0.00004263
  74    0.0000035  -0.00003470
  75    0.0000014  -0.00001797
  76    0.0000013  -0.00001993
  77    0.0000005  -0.00000530
  78    0.0000000  -0.00000008
  79    0.0002607  -0.00088013
  80    0.0003241  -0.00098819
  81    0.0001577  -0.00045016
  82    0.0003714  -0.00091675
  83    0.0004010  -0.00102274
  84    0.0003772  -0.00115653
  85    0.0002583  -0.00116936
  86    0.0000027  -0.00011832
  87    0.0000031  -0.00004848
  88    0.0000011  -0.00001047
  89    0.0000012  -0.00001295
  90    0.0000005  -0.00000462
  91    0.0000000  -0.00000007
  92    0.0002223  -0.00075195
  93    0.0002684  -0.00096854
  94    0.0000497  -0.00015259
  95    0.0002167  -0.00053419
  96    0.0002375  -0.00061129
  97    0.0003048  -0.00101849
  98    0.0001201  -0.00087250
  99    0.0000023  -0.00006792
 100    0.0000028  -0.00002692
 101    0.0000009  -0.00002510
 102    0.0000008  -0.00001042
 103    0.0000004  -0.00000397
 104    0.0000000  -0.00000006
 105    0.0001612  -0.00050255
 106    0.0002077  -0.00071214
 107    0.0000461  -0.00014465
 108    0.0000834  -0.00023811
 109    0.0000908  -0.00027326
 110    0.0002097  -0.00074621
 111    0.0001142  -0.00059577
 112    0.0000020  -0.00008267
 113    0.0000011  -0.00001091
 114    0.0000005  -0.00000411
 115    0.0000007  -0.00000695
 116    0.0000003  -0.00000245
 117    0.0000000  -0.00000005
 118    0.0000778  -0.00024973
 119    0.0001708  -0.00061353
 120    0.0000424  -0.00013586
 121    0.0000429  -0.00012950
 122    0.0000804  -0.00024494
 123    0.0000877  -0.00028926
 124    0.0000571  -0.00020961
 125    0.0000014  -0.00002000
 126    0.0000008  -0.00001410
 127    0.0000004  -0.00000332
 128    0.0000007  -0.00000690
 129    0.0000002  -0.00000189
 130    0.0000000  -0.00000005
 131    0.0000766  -0.00023270
 132    0.0000710  -0.00022309
 133    0.0000380  -0.00012118
 134    0.0000391  -0.00011990
 135    0.0000553  -0.00016405
 136    0.0000771  -0.00024909
 137    0.0000528  -0.00019398
 138    0.0000009  -0.00000784
 139    0.0000005  -0.00000525
 140    0.0000004  -0.00000363
 141    0.0000006  -0.00000551
 142    0.0000002  -0.00000171
 143    0.0000000  -0.00000003
 144    0.0000619  -0.00017934
 145    0.0000629  -0.00019066
 146    0.0000341  -0.00010837
 147    0.0000372  -0.00011587
 148    0.0000472  -0.00014230
 149    0.0000612  -0.00020083
 150    0.0000400  -0.00015645
 151    0.0000006  -0.00000488
 152    0.0000005  -0.00000378
 153    0.0000004  -0.00000365
 154    0.0000004  -0.00000385
 155    0.0000001  -0.00000047
 156    0.0000000  -0.00000004
 157    0.0000432  -0.00013604
 158    0.0000479  -0.00015780
 159    0.0000206  -0.00008905
 160    0.0000103  -0.00005134
 161    0.0000428  -0.00012903
 162    0.0000377  -0.00014031
 163    0.0000387  -0.00015698
 164    0.0000004  -0.00000234
 165    0.0000002  -0.00000192
 166    0.0000001  -0.00000136
 167    0.0000002  -0.00000198
 168    0.0000000  -0.00000033
 169    0.0000000  -0.00000004
 170    0.0000414  -0.00012784
 171    0.0000271  -0.00010005
 172    0.0000150  -0.00006727
 173    0.0000078  -0.00003892
 174    0.0000358  -0.00011252
 175    0.0000255  -0.00009373
 176    0.0000377  -0.00015657
 177    0.0000002  -0.00000189
 178    0.0000001  -0.00000089
 179    0.0000001  -0.00000102
 180    0.0000001  -0.00000106
 181    0.0000000  -0.00000033
 182    0.0000000  -0.00000003
 183    0.0000405  -0.00012294
 184    0.0000135  -0.00006697
 185    0.0000022  -0.00001494
 186    0.0000045  -0.00002688
 187    0.0000173  -0.00007137
 188    0.0000186  -0.00008439
 189    0.0000336  -0.00013620
 190    0.0000002  -0.00000158
 191    0.0000001  -0.00000071
 192    0.0000001  -0.00000071
 193    0.0000001  -0.00000047
 194    0.0000000  -0.00000027
 195    0.0000000  -0.00000003
 196    0.0000382  -0.00012050
 197    0.0000121  -0.00006377
 198    0.0000020  -0.00001130
 199    0.0000029  -0.00002162
 200    0.0000072  -0.00003607
 201    0.0000064  -0.00003674
 202    0.0000237  -0.00010496
 203    0.0000001  -0.00000064
 204    0.0000001  -0.00000070
 205    0.0000001  -0.00000052
 206    0.0000001  -0.00000045
 207    0.0000000  -0.00000029
 208    0.0000000  -0.00000003
 
----------------
 Final Energies 
----------------
Final NOF Total Energy =    -499.9136579
 
Total Orbital Internal Iterations = 10
Total Occupation Internal Iterations = 11
 
Elapsed time:   69.52 Seconds

---------------------------------
   Lowdin Population Analysis    
---------------------------------
 Idx  Atom   Population   Charge 
---------------------------------
  1     C     6.076      -0.076
  2    Cl    16.654       0.346
  3     H     1.091      -0.091
  4     H     1.090      -0.090
  5     H     1.090      -0.090

---------------------------------
   M Diagnostic: 0.03
---------------------------------

