Computing Integrals
Basis Set                                            = def2-qzvp
Auxiliary Basis Set                                  = def2-universal-jkfit
Gaussian Type                                        = Spherical
Elapsed time:    2.98 Seconds

Number of basis functions                   (NBF)    = 160
Number of auxiliary basis functions         (NBFAUX) = 182
Inactive Doubly occupied orbitals up to     (NO1)    = 0
No. considered Strongly Doubly occupied MOs (NDOC)   = 9
No. considered Strongly Singly occupied MOs (NSOC)   = 0
NO. of Weakly occ. per St. Doubly occ.  MOs (NCWO)   = 16
Dimension of the Nat. Orb. subspace         (NBF5)   = 153
No. of electrons                                     = 18
    No. of alpha electrons                           = 9
    No. of beta electrons                            = 9
Multiplicity                                         = 1

Geometry
========
 P       0.0000000       0.0000000       0.5688491
 H       0.5956710       1.0317325      -0.1896164
 H       0.5956710      -1.0317325      -0.1896164
 H      -1.1913420       0.0000000      -0.1896164

No violations of the orthonormality
No violations of the orthonormality
 
PNOF8/ADABelief Calculation
==================
 
  Nitext  Nit_orb  Time   Nit_occ  Time         Eelec          Etot           Ediff      maxdiff    MaxGrad_orb  Grad_occ
     1      10    2.5e+01    8    2.7e+01  -360.60220658  -342.97165212 -10359.60220658   0.000984   3.9e-03   2.7e-04 0.02
 
RESULTS OF THE OCCUPATION OPTIMIZATION
========================================
   1    1.9999973  -79.99614106
   2    1.9990483  -7.49305558
   3    1.9984114  -5.40249524
   4    1.9983474  -5.40212942
   5    1.9977097  -5.40093155
   6    1.9821957  -0.86585211
   7    1.9722884  -0.50652133
   8    1.9723429  -0.50266931
   9    1.9703248  -0.49630563
  10    0.0160659  -0.02556137
  11    0.0167141  -0.02666115
  12    0.0169566  -0.02679788
  13    0.0061129  -0.02217311
  14    0.0014694  -0.01358203
  15    0.0013588  -0.01340661
  16    0.0014810  -0.01433175
  17    0.0009080  -0.00968669
  18    0.0000025  -0.00035385
  19    0.0057151  -0.00930420
  20    0.0060059  -0.00977301
  21    0.0064123  -0.01018186
  22    0.0040766  -0.01174747
  23    0.0006309  -0.00907916
  24    0.0001613  -0.00272672
  25    0.0000363  -0.00044317
  26    0.0000133  -0.00057740
  27    0.0000000  -0.00000041
  28    0.0054238  -0.00925335
  29    0.0024619  -0.00593142
  30    0.0019178  -0.00452091
  31    0.0024847  -0.00966912
  32    0.0001400  -0.00160551
  33    0.0000800  -0.00202981
  34    0.0000177  -0.00022333
  35    0.0000098  -0.00010364
  36    0.0000000  -0.00000023
  37    0.0009697  -0.00180687
  38    0.0015822  -0.00330072
  39    0.0010519  -0.00195244
  40    0.0022790  -0.00877248
  41    0.0000117  -0.00008401
  42    0.0000158  -0.00010325
  43    0.0000174  -0.00036065
  44    0.0000073  -0.00005480
  45    0.0000000  -0.00000016
  46    0.0006309  -0.00125713
  47    0.0002297  -0.00053474
  48    0.0003994  -0.00090456
  49    0.0011784  -0.00417674
  50    0.0000099  -0.00006943
  51    0.0000071  -0.00005019
  52    0.0000078  -0.00005607
  53    0.0000036  -0.00003623
  54    0.0000000  -0.00000014
  55    0.0003608  -0.00068820
  56    0.0002058  -0.00047092
  57    0.0003888  -0.00083546
  58    0.0005683  -0.00168101
  59    0.0000081  -0.00005629
  60    0.0000068  -0.00004952
  61    0.0000057  -0.00006887
  62    0.0000024  -0.00001557
  63    0.0000000  -0.00000017
  64    0.0001588  -0.00038712
  65    0.0001617  -0.00037145
  66    0.0002398  -0.00054848
  67    0.0003510  -0.00121413
  68    0.0000079  -0.00005355
  69    0.0000060  -0.00004730
  70    0.0000055  -0.00006761
  71    0.0000023  -0.00001730
  72    0.0000000  -0.00000014
  73    0.0001057  -0.00028698
  74    0.0000875  -0.00022828
  75    0.0001451  -0.00034054
  76    0.0002356  -0.00116696
  77    0.0000046  -0.00012304
  78    0.0000045  -0.00003484
  79    0.0000054  -0.00005372
  80    0.0000013  -0.00000651
  81    0.0000000  -0.00000013
  82    0.0000829  -0.00020362
  83    0.0000816  -0.00020644
  84    0.0000752  -0.00018265
  85    0.0002244  -0.00065032
  86    0.0000017  -0.00000763
  87    0.0000037  -0.00002978
  88    0.0000046  -0.00004466
  89    0.0000011  -0.00000468
  90    0.0000000  -0.00000012
  91    0.0000596  -0.00014918
  92    0.0000659  -0.00016867
  93    0.0000511  -0.00014336
  94    0.0001082  -0.00034717
  95    0.0000017  -0.00000724
  96    0.0000032  -0.00001905
  97    0.0000026  -0.00001466
  98    0.0000010  -0.00000362
  99    0.0000000  -0.00000013
 100    0.0000553  -0.00015073
 101    0.0000437  -0.00012435
 102    0.0000466  -0.00013279
 103    0.0000890  -0.00030370
 104    0.0000015  -0.00000622
 105    0.0000019  -0.00000831
 106    0.0000022  -0.00002448
 107    0.0000009  -0.00000336
 108    0.0000000  -0.00000010
 109    0.0000311  -0.00010662
 110    0.0000046  -0.00001884
 111    0.0000126  -0.00005357
 112    0.0000609  -0.00018209
 113    0.0000013  -0.00000485
 114    0.0000018  -0.00000741
 115    0.0000011  -0.00000421
 116    0.0000002  -0.00000087
 117    0.0000000  -0.00000007
 118    0.0000055  -0.00002339
 119    0.0000039  -0.00001464
 120    0.0000048  -0.00001856
 121    0.0000121  -0.00006741
 122    0.0000004  -0.00000254
 123    0.0000006  -0.00000270
 124    0.0000005  -0.00000244
 125    0.0000002  -0.00000108
 126    0.0000000  -0.00000010
 127    0.0000040  -0.00001228
 128    0.0000036  -0.00001207
 129    0.0000041  -0.00001356
 130    0.0000117  -0.00005737
 131    0.0000004  -0.00000195
 132    0.0000004  -0.00000244
 133    0.0000004  -0.00000159
 134    0.0000002  -0.00000064
 135    0.0000000  -0.00000008
 136    0.0000035  -0.00000918
 137    0.0000027  -0.00000442
 138    0.0000029  -0.00000488
 139    0.0000069  -0.00004321
 140    0.0000004  -0.00000163
 141    0.0000003  -0.00000159
 142    0.0000003  -0.00000149
 143    0.0000002  -0.00000073
 144    0.0000000  -0.00000008
 145    0.0000026  -0.00000342
 146    0.0000021  -0.00000321
 147    0.0000028  -0.00000609
 148    0.0000047  -0.00002327
 149    0.0000003  -0.00000142
 150    0.0000003  -0.00000150
 151    0.0000003  -0.00000135
 152    0.0000001  -0.00000048
 153    0.0000000  -0.00000009
 
----------------
 Final Energies 
----------------
Final NOF Total Energy =    -342.9716521
 
Total Orbital Internal Iterations = 10
Total Occupation Internal Iterations = 8
 
Elapsed time:   68.50 Seconds

---------------------------------
   Lowdin Population Analysis    
---------------------------------
 Idx  Atom   Population   Charge 
---------------------------------
  1     P    14.509       0.491
  2     H     1.164      -0.164
  3     H     1.164      -0.164
  4     H     1.163      -0.163

---------------------------------
   M Diagnostic: 0.02
---------------------------------

