Computing Integrals
Basis Set                                            = def2-qzvp
Auxiliary Basis Set                                  = def2-universal-jkfit
Gaussian Type                                        = Spherical
Elapsed time:    4.37 Seconds

Number of basis functions                   (NBF)    = 287
Number of auxiliary basis functions         (NBFAUX) = 385
Inactive Doubly occupied orbitals up to     (NO1)    = 0
No. considered Strongly Doubly occupied MOs (NDOC)   = 22
No. considered Strongly Singly occupied MOs (NSOC)   = 0
NO. of Weakly occ. per St. Doubly occ.  MOs (NCWO)   = 12
Dimension of the Nat. Orb. subspace         (NBF5)   = 286
No. of electrons                                     = 44
    No. of alpha electrons                           = 22
    No. of beta electrons                            = 22
Multiplicity                                         = 1

Geometry
========
Cl       0.0000000       0.0000000      -2.2180725
 C       0.0000000       0.0000000      -0.3996660
 H      -0.5125320       0.8877314      -0.0577143
 H      -0.5125320      -0.8877314      -0.0577143
 H       1.0250640       0.0000000      -0.0577143
Cl       0.0000000       0.0000000       2.7908812

No violations of the orthonormality
No violations of the orthonormality
 
PNOF8/ADABelief Calculation
==================
 
  Nitext  Nit_orb  Time   Nit_occ  Time         Eelec          Etot           Ediff      maxdiff    MaxGrad_orb  Grad_occ
     1      10    2.5e+01    8    2.7e+01 -1067.08730473  -960.04529832 -11066.08730473   0.011154   4.5e-02   3.6e-04 0.03
     2      20    7.3e+00    0    4.9e-01 -1067.08815574  -960.04614934    -0.00085101   0.011154   4.5e-02   3.6e-04 0.03
     3      40    1.5e+01    9    1.9e+00 -1067.08906913  -960.04706273    -0.00091339   0.010608   4.2e-02   2.8e-04 0.03
     4      40    1.5e+01    9    1.9e+00 -1067.08967992  -960.04767352    -0.00061079   0.009942   4.0e-02   2.1e-04 0.03
     5      40    1.5e+01    9    1.9e+00 -1067.09015878  -960.04815237    -0.00047885   0.010380   4.2e-02   2.3e-04 0.03
     6      40    1.5e+01    9    1.8e+00 -1067.09045302  -960.04844661    -0.00029424   0.009654   3.9e-02   2.8e-04 0.03
     7      40    1.5e+01    3    9.3e-01 -1067.09071303  -960.04870663    -0.00026001   0.010460   4.2e-02   3.0e-04 0.03
     8      40    1.5e+01   12    2.3e+00 -1067.09088968  -960.04888328    -0.00017665   0.009834   3.9e-02   2.2e-04 0.03
     9      40    1.5e+01    3    9.5e-01 -1067.09100324  -960.04899684    -0.00011356   0.010132   4.1e-02   2.6e-04 0.03
    10      40    1.5e+01   12    2.3e+00 -1067.09107856  -960.04907216    -0.00007532   0.009686   3.9e-02   2.0e-04 0.03
    11      40    1.5e+01    0    4.9e-01 -1067.09111422  -960.04910781    -0.00003565   0.009686   3.9e-02   2.0e-04 0.03
    12      60    2.2e+01    0    4.9e-01 -1067.09217184  -960.05016544    -0.00105763   0.001398   5.6e-03   2.8e-04 0.03
    13      70    2.5e+01    5    1.3e+00 -1067.09218045  -960.05017404    -0.00000861   0.001480   5.9e-03   2.0e-04 0.03
    14      70    2.5e+01    0    4.8e-01 -1067.09221958  -960.05021317    -0.00003913   0.001427   5.7e-03   2.7e-04 0.03
    15      80    2.9e+01    9    1.8e+00 -1067.09225187  -960.05024547    -0.00003229   0.001037   4.1e-03   3.1e-04 0.03
    16      80    2.9e+01    2    7.7e-01 -1067.09230887  -960.05030247    -0.00005700   0.001053   4.2e-03   2.6e-04 0.03
    17      80    2.9e+01    0    4.9e-01 -1067.09234098  -960.05033458    -0.00003211   0.001152   4.6e-03   2.6e-04 0.03
    18      90    3.3e+01   14    2.6e+00 -1067.09236964  -960.05036324    -0.00002866   0.000976   3.9e-03   1.8e-04 0.03
 
RESULTS OF THE OCCUPATION OPTIMIZATION
========================================
   1    1.9999995  -104.66780723
   2    1.9999995  -104.66767635
   3    1.9999782  -11.14601617
   4    1.9998858  -10.38459242
   5    1.9998583  -10.32328840
   6    1.9994971  -7.91451159
   7    1.9990949  -7.90723105
   8    1.9994449  -7.89357110
   9    1.9993023  -7.75698893
  10    1.9993062  -7.74750426
  11    1.9989917  -7.73831717
  12    1.9834821  -0.98745427
  13    1.9829687  -0.78231942
  14    1.9836699  -0.77589922
  15    1.9766247  -0.47771650
  16    1.9744058  -0.47589120
  17    1.9700098  -0.45332365
  18    1.9724237  -0.35507330
  19    1.9694873  -0.35433420
  20    1.9752449  -0.19539029
  21    1.9717829  -0.19449824
  22    1.9717841  -0.19382010
  23    0.0096175  -0.01516239
  24    0.0094160  -0.01508362
  25    0.0112503  -0.01627336
  26    0.0099851  -0.01614963
  27    0.0094847  -0.01630572
  28    0.0276881  -0.04110430
  29    0.0126530  -0.01711843
  30    0.0116106  -0.01662487
  31    0.0070253  -0.02856123
  32    0.0072148  -0.01664777
  33    0.0059540  -0.02566216
  34    0.0004985  -0.01106938
  35    0.0005087  -0.01104120
  36    0.0005781  -0.01268722
  37    0.0003552  -0.00830765
  38    0.0004942  -0.01164082
  39    0.0004746  -0.01077151
  40    0.0000950  -0.00122115
  41    0.0000672  -0.00105807
  42    0.0000186  -0.00040600
  43    0.0000003  -0.00000415
  44    0.0000004  -0.00000500
  45    0.0093921  -0.01480845
  46    0.0091455  -0.01455734
  47    0.0099422  -0.02006027
  48    0.0097795  -0.01595341
  49    0.0089657  -0.01606160
  50    0.0006765  -0.00147260
  51    0.0039059  -0.00629812
  52    0.0034537  -0.00661229
  53    0.0019808  -0.00978794
  54    0.0030762  -0.01205182
  55    0.0051861  -0.01859291
  56    0.0004807  -0.01082481
  57    0.0000880  -0.00117688
  58    0.0000893  -0.00118719
  59    0.0000735  -0.00087254
  60    0.0003970  -0.00956004
  61    0.0000136  -0.00070628
  62    0.0000139  -0.00060663
  63    0.0000295  -0.00040680
  64    0.0000030  -0.00004348
  65    0.0000001  -0.00000087
  66    0.0000001  -0.00000063
  67    0.0085276  -0.01872205
  68    0.0083988  -0.01868014
  69    0.0007674  -0.00151753
  70    0.0096876  -0.01590817
  71    0.0075618  -0.01839086
  72    0.0006686  -0.00146362
  73    0.0029768  -0.00606568
  74    0.0028777  -0.00632820
  75    0.0019677  -0.00977327
  76    0.0018258  -0.00903604
  77    0.0018579  -0.00971214
  78    0.0000162  -0.00046503
  79    0.0000752  -0.00332928
  80    0.0000141  -0.00011008
  81    0.0000686  -0.00260544
  82    0.0000066  -0.00006292
  83    0.0000101  -0.00019785
  84    0.0000086  -0.00007193
  85    0.0000063  -0.00017644
  86    0.0000000  -0.00000049
  87    0.0000000  -0.00000034
  88    0.0000000  -0.00000002
  89    0.0002774  -0.00089066
  90    0.0006484  -0.00138949
  91    0.0007672  -0.00151540
  92    0.0005983  -0.00130536
  93    0.0006546  -0.00148983
  94    0.0006163  -0.00136228
  95    0.0029126  -0.00578963
  96    0.0017520  -0.00685608
  97    0.0019615  -0.00977532
  98    0.0017673  -0.00878611
  99    0.0017988  -0.00930129
 100    0.0000037  -0.00021627
 101    0.0000099  -0.00008796
 102    0.0000069  -0.00006463
 103    0.0000514  -0.00059743
 104    0.0000040  -0.00004275
 105    0.0000033  -0.00018353
 106    0.0000069  -0.00016167
 107    0.0000041  -0.00021096
 108    0.0000000  -0.00000042
 109    0.0000000  -0.00000025
 110    0.0000000  -0.00000002
 111    0.0000578  -0.00017686
 112    0.0002753  -0.00090969
 113    0.0006993  -0.00140383
 114    0.0002245  -0.00073679
 115    0.0006528  -0.00148418
 116    0.0000580  -0.00017458
 117    0.0011869  -0.00285180
 118    0.0010983  -0.00278016
 119    0.0019378  -0.00978047
 120    0.0015878  -0.00750882
 121    0.0008315  -0.00511481
 122    0.0000025  -0.00003024
 123    0.0000036  -0.00006933
 124    0.0000054  -0.00007752
 125    0.0000021  -0.00008967
 126    0.0000011  -0.00002076
 127    0.0000005  -0.00001593
 128    0.0000066  -0.00009208
 129    0.0000036  -0.00005277
 130    0.0000000  -0.00000030
 131    0.0000000  -0.00000020
 132    0.0000000  -0.00000002
 133    0.0000568  -0.00017241
 134    0.0000591  -0.00018389
 135    0.0006920  -0.00139596
 136    0.0000411  -0.00012672
 137    0.0000456  -0.00014716
 138    0.0000570  -0.00016970
 139    0.0008217  -0.00215180
 140    0.0008136  -0.00231535
 141    0.0004974  -0.00141002
 142    0.0003567  -0.00111690
 143    0.0002593  -0.00107027
 144    0.0000023  -0.00011411
 145    0.0000021  -0.00006982
 146    0.0000010  -0.00002121
 147    0.0000016  -0.00002236
 148    0.0000005  -0.00000660
 149    0.0000002  -0.00000177
 150    0.0000036  -0.00014201
 151    0.0000020  -0.00013319
 152    0.0000000  -0.00000020
 153    0.0000000  -0.00000019
 154    0.0000000  -0.00000002
 155    0.0000565  -0.00017191
 156    0.0000561  -0.00017471
 157    0.0003036  -0.00099203
 158    0.0000387  -0.00011829
 159    0.0000407  -0.00013430
 160    0.0000468  -0.00014294
 161    0.0004170  -0.00100282
 162    0.0007764  -0.00173594
 163    0.0004936  -0.00140054
 164    0.0003071  -0.00094894
 165    0.0001949  -0.00092936
 166    0.0000012  -0.00001810
 167    0.0000020  -0.00003463
 168    0.0000007  -0.00001192
 169    0.0000010  -0.00001680
 170    0.0000004  -0.00000488
 171    0.0000001  -0.00000154
 172    0.0000023  -0.00012378
 173    0.0000005  -0.00000765
 174    0.0000000  -0.00000011
 175    0.0000000  -0.00000020
 176    0.0000000  -0.00000002
 177    0.0000550  -0.00016885
 178    0.0000557  -0.00017615
 179    0.0000806  -0.00024546
 180    0.0000376  -0.00011620
 181    0.0000374  -0.00012972
 182    0.0000459  -0.00014297
 183    0.0002762  -0.00065856
 184    0.0003577  -0.00088801
 185    0.0002688  -0.00118946
 186    0.0002314  -0.00081955
 187    0.0001808  -0.00086036
 188    0.0000011  -0.00002242
 189    0.0000017  -0.00002292
 190    0.0000007  -0.00000975
 191    0.0000005  -0.00000566
 192    0.0000004  -0.00000453
 193    0.0000001  -0.00000112
 194    0.0000020  -0.00005496
 195    0.0000003  -0.00000295
 196    0.0000000  -0.00000010
 197    0.0000000  -0.00000018
 198    0.0000000  -0.00000002
 199    0.0000520  -0.00016247
 200    0.0000477  -0.00015265
 201    0.0000706  -0.00022010
 202    0.0000350  -0.00011180
 203    0.0000356  -0.00012126
 204    0.0000421  -0.00013386
 205    0.0002288  -0.00067822
 206    0.0002717  -0.00075942
 207    0.0000506  -0.00018451
 208    0.0002136  -0.00091308
 209    0.0001054  -0.00043772
 210    0.0000009  -0.00001317
 211    0.0000013  -0.00002040
 212    0.0000006  -0.00001543
 213    0.0000004  -0.00000534
 214    0.0000003  -0.00000345
 215    0.0000001  -0.00000122
 216    0.0000014  -0.00002871
 217    0.0000002  -0.00000259
 218    0.0000000  -0.00000013
 219    0.0000000  -0.00000015
 220    0.0000000  -0.00000002
 221    0.0000448  -0.00012931
 222    0.0000446  -0.00012752
 223    0.0000676  -0.00021186
 224    0.0000330  -0.00011266
 225    0.0000341  -0.00011640
 226    0.0000357  -0.00011498
 227    0.0001035  -0.00030379
 228    0.0001913  -0.00051753
 229    0.0000501  -0.00018901
 230    0.0001736  -0.00071087
 231    0.0000512  -0.00019031
 232    0.0000005  -0.00000946
 233    0.0000005  -0.00000581
 234    0.0000005  -0.00000753
 235    0.0000003  -0.00000300
 236    0.0000002  -0.00000215
 237    0.0000001  -0.00000092
 238    0.0000009  -0.00001268
 239    0.0000002  -0.00000161
 240    0.0000000  -0.00000009
 241    0.0000000  -0.00000011
 242    0.0000000  -0.00000002
 243    0.0000426  -0.00012344
 244    0.0000430  -0.00012460
 245    0.0000614  -0.00018843
 246    0.0000283  -0.00009759
 247    0.0000330  -0.00011222
 248    0.0000303  -0.00010954
 249    0.0000608  -0.00019166
 250    0.0000897  -0.00027922
 251    0.0000494  -0.00018269
 252    0.0001721  -0.00102972
 253    0.0000511  -0.00018802
 254    0.0000005  -0.00000601
 255    0.0000005  -0.00000603
 256    0.0000003  -0.00000465
 257    0.0000003  -0.00000303
 258    0.0000002  -0.00000193
 259    0.0000001  -0.00000067
 260    0.0000004  -0.00000392
 261    0.0000001  -0.00000154
 262    0.0000000  -0.00000011
 263    0.0000000  -0.00000010
 264    0.0000000  -0.00000002
 265    0.0000358  -0.00011621
 266    0.0000267  -0.00009906
 267    0.0000528  -0.00016698
 268    0.0000239  -0.00008854
 269    0.0000303  -0.00010037
 270    0.0000248  -0.00009444
 271    0.0000510  -0.00015501
 272    0.0000824  -0.00024544
 273    0.0000472  -0.00018378
 274    0.0001051  -0.00042548
 275    0.0000469  -0.00017949
 276    0.0000003  -0.00000389
 277    0.0000003  -0.00000360
 278    0.0000002  -0.00000205
 279    0.0000002  -0.00000218
 280    0.0000002  -0.00000182
 281    0.0000001  -0.00000056
 282    0.0000001  -0.00000059
 283    0.0000001  -0.00000151
 284    0.0000000  -0.00000007
 285    0.0000000  -0.00000009
 286    0.0000000  -0.00000002
 
----------------
 Final Energies 
----------------
Final NOF Total Energy =    -960.0503632
 
Total Orbital Internal Iterations = 920
Total Occupation Internal Iterations = 104
 
Elapsed time:  444.48 Seconds

---------------------------------
   Lowdin Population Analysis    
---------------------------------
 Idx  Atom   Population   Charge 
---------------------------------
  1    Cl    16.756       0.244
  2     C     6.078      -0.078
  3     H     1.093      -0.093
  4     H     1.096      -0.096
  5     H     1.095      -0.095
  6    Cl    17.884      -0.884

---------------------------------
   M Diagnostic: 0.03
---------------------------------

