Computing Integrals
Basis Set                                            = def2-qzvp
Auxiliary Basis Set                                  = def2-universal-jkfit
Gaussian Type                                        = Spherical
Elapsed time:    3.08 Seconds

Number of basis functions                   (NBF)    = 140
Number of auxiliary basis functions         (NBFAUX) = 256
Inactive Doubly occupied orbitals up to     (NO1)    = 0
No. considered Strongly Doubly occupied MOs (NDOC)   = 17
No. considered Strongly Singly occupied MOs (NSOC)   = 0
NO. of Weakly occ. per St. Doubly occ.  MOs (NCWO)   = 7
Dimension of the Nat. Orb. subspace         (NBF5)   = 136
No. of electrons                                     = 34
    No. of alpha electrons                           = 17
    No. of beta electrons                            = 17
Multiplicity                                         = 1

Geometry
========
Cl       0.0000000       0.0000000      -0.9940861
Cl       0.0000000       0.0000000       0.9940861

No violations of the orthonormality
No violations of the orthonormality
 
PNOF8/ADABelief Calculation
==================
 
  Nitext  Nit_orb  Time   Nit_occ  Time         Eelec          Etot           Ediff      maxdiff    MaxGrad_orb  Grad_occ
     1      10    2.7e+01   14    2.9e+01  -996.96623385  -920.04538146 -10995.96623385   0.003281   1.3e-02   2.5e-04 0.03
     2      20    1.1e+01    0    3.8e-02  -996.96693553  -920.04608314    -0.00070168   0.003281   1.3e-02   2.5e-04 0.03
     3      40    1.5e+01    7    2.1e-01  -996.96705479  -920.04620240    -0.00011927   0.008001   3.2e-02   2.7e-04 0.03
     4      40    1.3e+01    8    2.3e-01  -996.96739022  -920.04653783    -0.00033543   0.009498   3.8e-02   2.2e-04 0.03
     5      40    1.4e+01    4    7.3e-02  -996.96755520  -920.04670281    -0.00016499   0.008616   3.4e-02   1.7e-04 0.03
     6      40    1.1e+01    4    1.7e-01  -996.96765493  -920.04680254    -0.00009973   0.007057   2.8e-02   2.4e-04 0.03
     7      40    1.3e+01   10    2.2e-01  -996.96776159  -920.04690920    -0.00010666   0.007237   2.9e-02   1.5e-04 0.03
     8      40    1.0e+01    2    5.2e-02  -996.96781636  -920.04696397    -0.00005477   0.008447   3.4e-02   2.0e-04 0.03
     9      40    1.4e+01    3    6.3e-02  -996.96790639  -920.04705400    -0.00009003   0.007423   3.0e-02   1.5e-04 0.03
    10      40    1.4e+01   10    2.5e-01  -996.96794429  -920.04709190    -0.00003790   0.007869   3.1e-02   1.7e-04 0.03
    11      40    1.3e+01    2    1.2e-01  -996.96800318  -920.04715079    -0.00005889   0.007336   2.9e-02   1.3e-04 0.03
    12      40    1.7e+01    1    7.1e-02  -996.96803786  -920.04718547    -0.00003468   0.007222   2.9e-02   1.9e-04 0.03
    13      40    1.1e+01    2    1.4e-01  -996.96804528  -920.04719289    -0.00000742   0.007141   2.9e-02   1.8e-04 0.03
    14      40    1.1e+01    0    8.8e-02  -996.96807039  -920.04721800    -0.00002511   0.006757   2.7e-02   1.9e-04 0.03
    15      50    1.4e+01    0    4.4e-02  -996.96817692  -920.04732453    -0.00010653   0.005091   2.0e-02   2.2e-04 0.03
    16      60    2.1e+01    9    2.1e-01  -996.96820762  -920.04735523    -0.00003070   0.003306   1.3e-02   2.3e-04 0.03
    17      60    2.2e+01    0    3.3e-02  -996.96824611  -920.04739372    -0.00003849   0.003306   1.3e-02   2.3e-04 0.03
    18      80    2.3e+01    0    3.5e-02  -996.96834985  -920.04749746    -0.00010374   0.000545   2.2e-03   2.1e-04 0.03
 
RESULTS OF THE OCCUPATION OPTIMIZATION
========================================
   1    1.9999990  -104.95629478
   2    1.9999986  -104.95499693
   3    1.9998942  -10.64055967
   4    1.9998510  -10.63916829
   5    1.9983140  -8.11105088
   6    1.9984177  -8.10798752
   7    1.9982967  -8.10645591
   8    1.9986279  -8.10506752
   9    1.9980927  -8.10362444
  10    1.9978363  -8.10214786
  11    1.9834343  -1.13288768
  12    1.9839685  -1.13252309
  13    1.9666850  -0.63524429
  14    1.9731689  -0.52965052
  15    1.9732353  -0.52863280
  16    1.9712855  -0.52610427
  17    1.9712854  -0.52582847
  18    0.0098783  -0.01768298
  19    0.0099880  -0.01780063
  20    0.0099763  -0.01921575
  21    0.0097484  -0.01875423
  22    0.0323431  -0.05751155
  23    0.0068033  -0.02960246
  24    0.0055329  -0.02712910
  25    0.0008555  -0.00938633
  26    0.0008621  -0.01026533
  27    0.0008823  -0.01068776
  28    0.0006805  -0.00785204
  29    0.0008679  -0.00963013
  30    0.0008471  -0.01010299
  31    0.0000644  -0.00278659
  32    0.0000941  -0.00100719
  33    0.0000003  -0.00001243
  34    0.0000007  -0.00002117
  35    0.0094255  -0.01733709
  36    0.0096030  -0.01761213
  37    0.0086226  -0.01711026
  38    0.0084888  -0.01734854
  39    0.0006147  -0.00151423
  40    0.0052026  -0.01889637
  41    0.0045440  -0.01796097
  42    0.0008440  -0.00945624
  43    0.0004611  -0.01073742
  44    0.0003795  -0.00933023
  45    0.0006617  -0.00762295
  46    0.0006419  -0.01087331
  47    0.0004347  -0.01035657
  48    0.0000194  -0.00018312
  49    0.0000082  -0.00013682
  50    0.0000002  -0.00001090
  51    0.0000002  -0.00001132
  52    0.0079575  -0.01561295
  53    0.0079092  -0.01573989
  54    0.0070489  -0.01851813
  55    0.0070326  -0.01865664
  56    0.0000815  -0.00032087
  57    0.0021363  -0.01066202
  58    0.0036571  -0.01696821
  59    0.0004233  -0.01071608
  60    0.0004351  -0.01028625
  61    0.0000646  -0.00290906
  62    0.0003055  -0.00785223
  63    0.0000312  -0.00029630
  64    0.0003656  -0.00898249
  65    0.0000193  -0.00015128
  66    0.0000029  -0.00055405
  67    0.0000002  -0.00001015
  68    0.0000000  -0.00000155
  69    0.0006040  -0.00147243
  70    0.0005868  -0.00135729
  71    0.0006392  -0.00156647
  72    0.0006447  -0.00157498
  73    0.0000806  -0.00031949
  74    0.0005559  -0.00168252
  75    0.0019904  -0.01045411
  76    0.0000170  -0.00018897
  77    0.0001147  -0.00225808
  78    0.0000142  -0.00013048
  79    0.0000258  -0.00029681
  80    0.0000132  -0.00013438
  81    0.0000129  -0.00069773
  82    0.0000172  -0.00019999
  83    0.0000002  -0.00001138
  84    0.0000002  -0.00000959
  85    0.0000000  -0.00000101
  86    0.0005107  -0.00123279
  87    0.0003437  -0.00092743
  88    0.0001832  -0.00079441
  89    0.0006393  -0.00156535
  90    0.0000679  -0.00021036
  91    0.0005357  -0.00162820
  92    0.0004147  -0.00130270
  93    0.0000097  -0.00008877
  94    0.0000205  -0.00017208
  95    0.0000133  -0.00012042
  96    0.0000123  -0.00057392
  97    0.0000120  -0.00046291
  98    0.0000090  -0.00008278
  99    0.0000152  -0.00018403
 100    0.0000002  -0.00000805
 101    0.0000002  -0.00000877
 102    0.0000000  -0.00000052
 103    0.0001696  -0.00065018
 104    0.0001683  -0.00058005
 105    0.0001805  -0.00072194
 106    0.0001622  -0.00058498
 107    0.0000670  -0.00020496
 108    0.0005082  -0.00144199
 109    0.0003045  -0.00104502
 110    0.0000079  -0.00007551
 111    0.0000079  -0.00007310
 112    0.0000093  -0.00008404
 113    0.0000093  -0.00014109
 114    0.0000085  -0.00007933
 115    0.0000088  -0.00007958
 116    0.0000109  -0.00009650
 117    0.0000001  -0.00000659
 118    0.0000002  -0.00000864
 119    0.0000000  -0.00000050
 120    0.0001690  -0.00059123
 121    0.0001156  -0.00048116
 122    0.0001141  -0.00058941
 123    0.0001150  -0.00052981
 124    0.0000602  -0.00019620
 125    0.0002895  -0.00113777
 126    0.0001221  -0.00088637
 127    0.0000063  -0.00012015
 128    0.0000058  -0.00007764
 129    0.0000088  -0.00007912
 130    0.0000082  -0.00007347
 131    0.0000076  -0.00007386
 132    0.0000080  -0.00007520
 133    0.0000028  -0.00054253
 134    0.0000001  -0.00000473
 135    0.0000002  -0.00000825
 136    0.0000000  -0.00000040
 
----------------
 Final Energies 
----------------
Final NOF Total Energy =    -920.0474975
 
Total Orbital Internal Iterations = 760
Total Occupation Internal Iterations = 76
 
Elapsed time:  326.76 Seconds

---------------------------------
   Lowdin Population Analysis    
---------------------------------
 Idx  Atom   Population   Charge 
---------------------------------
  1    Cl    16.998       0.002
  2    Cl    17.002      -0.002

---------------------------------
   M Diagnostic: 0.03
---------------------------------

