Computing Integrals
Basis Set                                            = def2-qzvp
Auxiliary Basis Set                                  = def2-universal-jkfit
Gaussian Type                                        = Spherical
Elapsed time:    4.79 Seconds

Number of basis functions                   (NBF)    = 174
Number of auxiliary basis functions         (NBFAUX) = 188
Inactive Doubly occupied orbitals up to     (NO1)    = 0
No. considered Strongly Doubly occupied MOs (NDOC)   = 8
No. considered Strongly Singly occupied MOs (NSOC)   = 0
NO. of Weakly occ. per St. Doubly occ.  MOs (NCWO)   = 20
Dimension of the Nat. Orb. subspace         (NBF5)   = 168
No. of electrons                                     = 16
    No. of alpha electrons                           = 8
    No. of beta electrons                            = 8
Multiplicity                                         = 1

Geometry
========
 C       0.0000000       0.0000000       0.0076144
 O       0.0000000       0.0000000      -1.2023135
 H       0.9416002       0.0000000       0.5973496
 H      -0.9416002       0.0000000       0.5973496

No violations of the orthonormality
No violations of the orthonormality
 
PNOF8/ADABelief Calculation
==================
 
  Nitext  Nit_orb  Time   Nit_occ  Time         Eelec          Etot           Ediff      maxdiff    MaxGrad_orb  Grad_occ
     1      10    4.6e+01    7    2.6e+01  -145.54844002  -114.39001338 -10144.54844002   0.000815   3.3e-03   2.4e-04 0.04
 
RESULTS OF THE OCCUPATION OPTIMIZATION
========================================
   1    1.9999584  -17.16487729
   2    1.9999667  -14.78452666
   3    1.9849601  -1.34863183
   4    1.9793333  -0.86732729
   5    1.9737471  -0.74966967
   6    1.9811603  -0.68578414
   7    1.9636460  -0.57437070
   8    1.9741691  -0.55608763
   9    0.0186050  -0.02404628
  10    0.0360386  -0.04721764
  11    0.0060840  -0.01187313
  12    0.0191630  -0.03494679
  13    0.0127729  -0.02028360
  14    0.0063703  -0.01844570
  15    0.0000226  -0.00056302
  16    0.0000381  -0.00127370
  17    0.0024609  -0.00393083
  18    0.0002131  -0.00061929
  19    0.0047720  -0.00958510
  20    0.0034004  -0.00783581
  21    0.0031234  -0.00619326
  22    0.0027183  -0.00691557
  23    0.0000035  -0.00012143
  24    0.0000018  -0.00001941
  25    0.0017677  -0.00338716
  26    0.0000445  -0.00014221
  27    0.0037367  -0.00750840
  28    0.0028237  -0.00663616
  29    0.0017107  -0.00370915
  30    0.0026030  -0.00679818
  31    0.0000030  -0.00005911
  32    0.0000010  -0.00005852
  33    0.0011512  -0.00251926
  34    0.0000157  -0.00005661
  35    0.0015683  -0.00585776
  36    0.0003258  -0.00102269
  37    0.0015431  -0.00399607
  38    0.0009418  -0.00456014
  39    0.0000023  -0.00002283
  40    0.0000001  -0.00000236
  41    0.0006313  -0.00139136
  42    0.0000073  -0.00002600
  43    0.0006363  -0.00191317
  44    0.0001625  -0.00053659
  45    0.0005227  -0.00216689
  46    0.0005384  -0.00216257
  47    0.0000012  -0.00001447
  48    0.0000001  -0.00000126
  49    0.0003014  -0.00069335
  50    0.0000054  -0.00002208
  51    0.0006041  -0.00338232
  52    0.0001408  -0.00045747
  53    0.0002402  -0.00077364
  54    0.0004468  -0.00147288
  55    0.0000002  -0.00003038
  56    0.0000000  -0.00000090
  57    0.0002408  -0.00064277
  58    0.0000041  -0.00001789
  59    0.0004732  -0.00123568
  60    0.0000644  -0.00023462
  61    0.0002070  -0.00064622
  62    0.0003998  -0.00148678
  63    0.0000001  -0.00000174
  64    0.0000000  -0.00000072
  65    0.0002085  -0.00053512
  66    0.0000034  -0.00001677
  67    0.0002582  -0.00078635
  68    0.0000468  -0.00015981
  69    0.0001602  -0.00053702
  70    0.0002890  -0.00173191
  71    0.0000000  -0.00000123
  72    0.0000000  -0.00000069
  73    0.0001161  -0.00031450
  74    0.0000032  -0.00001455
  75    0.0002508  -0.00078231
  76    0.0000245  -0.00009903
  77    0.0000957  -0.00030933
  78    0.0002594  -0.00119610
  79    0.0000000  -0.00000094
  80    0.0000000  -0.00000051
  81    0.0001084  -0.00032558
  82    0.0000027  -0.00001131
  83    0.0001425  -0.00071670
  84    0.0000187  -0.00008893
  85    0.0000742  -0.00029633
  86    0.0001537  -0.00057617
  87    0.0000000  -0.00000098
  88    0.0000000  -0.00000042
  89    0.0000655  -0.00023214
  90    0.0000026  -0.00001061
  91    0.0000847  -0.00032118
  92    0.0000137  -0.00006666
  93    0.0000580  -0.00023753
  94    0.0001195  -0.00053651
  95    0.0000000  -0.00000073
  96    0.0000000  -0.00000023
  97    0.0000489  -0.00016901
  98    0.0000021  -0.00000954
  99    0.0000458  -0.00015003
 100    0.0000122  -0.00005789
 101    0.0000438  -0.00016028
 102    0.0000486  -0.00019352
 103    0.0000000  -0.00000066
 104    0.0000000  -0.00000028
 105    0.0000313  -0.00011767
 106    0.0000017  -0.00000731
 107    0.0000339  -0.00014242
 108    0.0000108  -0.00005010
 109    0.0000360  -0.00013052
 110    0.0000280  -0.00014354
 111    0.0000000  -0.00000058
 112    0.0000000  -0.00000019
 113    0.0000241  -0.00009431
 114    0.0000017  -0.00000718
 115    0.0000287  -0.00012847
 116    0.0000095  -0.00003615
 117    0.0000192  -0.00010300
 118    0.0000242  -0.00011920
 119    0.0000000  -0.00000053
 120    0.0000000  -0.00000023
 121    0.0000168  -0.00008266
 122    0.0000016  -0.00000684
 123    0.0000261  -0.00010592
 124    0.0000077  -0.00003080
 125    0.0000137  -0.00008611
 126    0.0000204  -0.00010807
 127    0.0000000  -0.00000044
 128    0.0000000  -0.00000018
 129    0.0000159  -0.00008172
 130    0.0000016  -0.00000640
 131    0.0000220  -0.00009748
 132    0.0000070  -0.00002838
 133    0.0000121  -0.00007204
 134    0.0000196  -0.00011277
 135    0.0000000  -0.00000045
 136    0.0000000  -0.00000016
 137    0.0000114  -0.00006130
 138    0.0000014  -0.00000570
 139    0.0000206  -0.00009757
 140    0.0000066  -0.00002950
 141    0.0000109  -0.00006727
 142    0.0000172  -0.00009416
 143    0.0000000  -0.00000038
 144    0.0000000  -0.00000018
 145    0.0000096  -0.00003667
 146    0.0000012  -0.00000451
 147    0.0000204  -0.00009031
 148    0.0000055  -0.00002821
 149    0.0000088  -0.00003939
 150    0.0000161  -0.00007856
 151    0.0000000  -0.00000033
 152    0.0000000  -0.00000013
 153    0.0000092  -0.00003834
 154    0.0000010  -0.00000424
 155    0.0000162  -0.00007898
 156    0.0000051  -0.00002734
 157    0.0000076  -0.00004350
 158    0.0000147  -0.00008165
 159    0.0000000  -0.00000030
 160    0.0000000  -0.00000014
 161    0.0000070  -0.00003105
 162    0.0000010  -0.00000438
 163    0.0000153  -0.00007079
 164    0.0000041  -0.00002200
 165    0.0000064  -0.00003803
 166    0.0000110  -0.00006405
 167    0.0000000  -0.00000028
 168    0.0000000  -0.00000010
 
----------------
 Final Energies 
----------------
Final NOF Total Energy =    -114.3900134
 
Total Orbital Internal Iterations = 10
Total Occupation Internal Iterations = 7
 
Elapsed time:   89.64 Seconds

---------------------------------
   Lowdin Population Analysis    
---------------------------------
 Idx  Atom   Population   Charge 
---------------------------------
  1     C     6.086      -0.086
  2     O     7.723       0.277
  3     H     1.097      -0.097
  4     H     1.094      -0.094

---------------------------------
   M Diagnostic: 0.04
---------------------------------

