Computing Integrals
Basis Set                                            = def2-qzvp
Auxiliary Basis Set                                  = def2-universal-jkfit
Gaussian Type                                        = Spherical
Elapsed time:    2.83 Seconds

Number of basis functions                   (NBF)    = 87
Number of auxiliary basis functions         (NBFAUX) = 93
Inactive Doubly occupied orbitals up to     (NO1)    = 0
No. considered Strongly Doubly occupied MOs (NDOC)   = 3
No. considered Strongly Singly occupied MOs (NSOC)   = 1
NO. of Weakly occ. per St. Doubly occ.  MOs (NCWO)   = 27
Dimension of the Nat. Orb. subspace         (NBF5)   = 85
No. of electrons                                     = 7
    No. of alpha electrons                           = 4
    No. of beta electrons                            = 3
Multiplicity                                         = 2

Geometry
========
 C       0.0000000       0.0000000       0.5614245
 H       0.0000000       0.0000000      -0.5614245

No violations of the orthonormality
No violations of the orthonormality
 
PNOF8/ADABelief Calculation
==================
 
  Nitext  Nit_orb  Time   Nit_occ  Time         Eelec          Etot           Ediff      maxdiff    MaxGrad_orb  Grad_occ
     1      10    2.2e+01   19    2.7e+01   -41.24973338   -38.42205439 -10040.24973338   0.008529   3.5e-02   1.6e-04 0.05
     2      20    1.6e-01    7    6.5e-02   -41.26128519   -38.43360619    -0.01155181   0.012206   4.9e-02   1.3e-04 0.04
     3      20    1.3e-01    5    5.0e-02   -41.26256633   -38.43488734    -0.00128115   0.008936   3.6e-02   2.3e-04 0.04
     4      20    1.2e-01    8    6.4e-02   -41.26297266   -38.43529367    -0.00040633   0.011297   4.5e-02   1.3e-04 0.04
     5      20    1.9e-01    5    4.5e-02   -41.26330995   -38.43563096    -0.00033729   0.011981   4.8e-02   1.3e-04 0.04
     6      20    1.5e-01    3    3.0e-02   -41.26348681   -38.43580782    -0.00017686   0.012063   4.8e-02   2.1e-04 0.04
     7      20    1.3e-01    8    6.9e-02   -41.26359699   -38.43591800    -0.00011018   0.011053   4.4e-02   1.8e-04 0.03
     8      20    1.6e-01    3    3.3e-02   -41.26375246   -38.43607347    -0.00015547   0.013118   5.2e-02   1.5e-04 0.03
     9      20    1.5e-01    1    1.8e-02   -41.26385366   -38.43617466    -0.00010120   0.011168   4.5e-02   1.9e-04 0.03
    10      20    1.3e-01    5    4.9e-02   -41.26386696   -38.43618797    -0.00001330   0.010556   4.2e-02   1.7e-04 0.03
    11      20    1.5e-01    1    1.8e-02   -41.26397112   -38.43629213    -0.00010416   0.010390   4.2e-02   1.9e-04 0.03
    12      20    1.3e-01    0    1.3e-02   -41.26397853   -38.43629953    -0.00000740   0.010390   4.2e-02   1.9e-04 0.03
    13      36    2.7e-01    3    3.4e-02   -41.26413186   -38.43645286    -0.00015333   0.000486   1.9e-03   1.9e-04 0.03
 
RESULTS OF THE OCCUPATION OPTIMIZATION
========================================
   1    1.9997144  -11.32220683
   2    1.9676934  -0.66944780
   3    1.9614343  -0.66170149
   4    1.0000000  -0.22199653
   5    0.0257670  -0.02195117
   6    0.0182580  -0.02076908
   7    0.0002669  -0.00520232
   8    0.0071054  -0.01158472
   9    0.0037463  -0.00505790
  10    0.0000093  -0.00031893
  11    0.0036917  -0.00504418
  12    0.0028750  -0.00414658
  13    0.0000028  -0.00002736
  14    0.0009821  -0.00174415
  15    0.0025144  -0.00344662
  16    0.0000027  -0.00002417
  17    0.0002655  -0.00052914
  18    0.0009425  -0.00215104
  19    0.0000018  -0.00004170
  20    0.0001760  -0.00039290
  21    0.0009294  -0.00184999
  22    0.0000005  -0.00003248
  23    0.0001653  -0.00033762
  24    0.0007424  -0.00119499
  25    0.0000002  -0.00000400
  26    0.0001474  -0.00033655
  27    0.0006045  -0.00102031
  28    0.0000002  -0.00000317
  29    0.0000783  -0.00016856
  30    0.0005086  -0.00097967
  31    0.0000001  -0.00000237
  32    0.0000619  -0.00015649
  33    0.0003284  -0.00068732
  34    0.0000001  -0.00000170
  35    0.0000272  -0.00007302
  36    0.0001512  -0.00028648
  37    0.0000001  -0.00000153
  38    0.0000160  -0.00005197
  39    0.0001229  -0.00026389
  40    0.0000001  -0.00000145
  41    0.0000122  -0.00004405
  42    0.0000931  -0.00022820
  43    0.0000001  -0.00000130
  44    0.0000112  -0.00003870
  45    0.0000776  -0.00014134
  46    0.0000001  -0.00000118
  47    0.0000089  -0.00003312
  48    0.0000648  -0.00014863
  49    0.0000001  -0.00000108
  50    0.0000079  -0.00003466
  51    0.0000603  -0.00014904
  52    0.0000001  -0.00000105
  53    0.0000063  -0.00002812
  54    0.0000516  -0.00013546
  55    0.0000001  -0.00000048
  56    0.0000062  -0.00002649
  57    0.0000477  -0.00011424
  58    0.0000001  -0.00000035
  59    0.0000058  -0.00002480
  60    0.0000421  -0.00010474
  61    0.0000001  -0.00000040
  62    0.0000046  -0.00002325
  63    0.0000391  -0.00009953
  64    0.0000001  -0.00000030
  65    0.0000042  -0.00001942
  66    0.0000337  -0.00008752
  67    0.0000001  -0.00000033
  68    0.0000035  -0.00001993
  69    0.0000221  -0.00006879
  70    0.0000001  -0.00000034
  71    0.0000030  -0.00001558
  72    0.0000151  -0.00006035
  73    0.0000000  -0.00000032
  74    0.0000027  -0.00001391
  75    0.0000105  -0.00003085
  76    0.0000000  -0.00000028
  77    0.0000021  -0.00000860
  78    0.0000097  -0.00002736
  79    0.0000000  -0.00000014
  80    0.0000018  -0.00000880
  81    0.0000083  -0.00002086
  82    0.0000000  -0.00000022
  83    0.0000016  -0.00000698
  84    0.0000072  -0.00002300
  85    0.0000000  -0.00000012
 
----------------
 Final Energies 
----------------
Final NOF Total Energy =     -38.4364529
 
Total Orbital Internal Iterations = 266
Total Occupation Internal Iterations = 68
 
Elapsed time:   66.68 Seconds

---------------------------------
   Lowdin Population Analysis    
---------------------------------
 Idx  Atom   Population   Charge 
---------------------------------
  1     C     5.771       0.229
  2     H     1.229      -0.229

---------------------------------
   M Diagnostic: 0.03
---------------------------------

