Computing Integrals
Basis Set                                            = def2-qzvp
Auxiliary Basis Set                                  = def2-universal-jkfit
Gaussian Type                                        = Spherical
Elapsed time:    6.30 Seconds

Number of basis functions                   (NBF)    = 319
Number of auxiliary basis functions         (NBFAUX) = 436
Inactive Doubly occupied orbitals up to     (NO1)    = 0
No. considered Strongly Doubly occupied MOs (NDOC)   = 48
No. considered Strongly Singly occupied MOs (NSOC)   = 0
NO. of Weakly occ. per St. Doubly occ.  MOs (NCWO)   = 5
Dimension of the Nat. Orb. subspace         (NBF5)   = 288
No. of electrons                                     = 96
    No. of alpha electrons                           = 48
    No. of beta electrons                            = 48
Multiplicity                                         = 1

Geometry
========
Pb      -0.0056066      -1.8292449       0.0000000
 H       0.7787314      -2.4612829       1.4003850
 H      -1.6452916      -2.3647349       0.0000000
 H       0.0608414      -0.1135879       0.0000000
 H       0.7787314      -2.4612829      -1.4003850
 O      -0.0056066       2.6845801       0.0000000
 H       0.7746674       3.2410261       0.0000000
 H      -0.7364666       3.3045271       0.0000000

No violations of the orthonormality
No violations of the orthonormality
 
PNOF8/ADABelief Calculation
==================
 
  Nitext  Nit_orb  Time   Nit_occ  Time         Eelec          Etot           Ediff      maxdiff    MaxGrad_orb  Grad_occ
     1      10    3.0e+01   14    3.0e+01 -4530.36981520 -4320.86814537 -14529.36981520   0.002461   9.8e-03   2.0e-04 1.00
     2      20    9.6e+00    0    4.0e-01 -4530.37172427 -4320.87005444    -0.00190906   0.002461   9.8e-03   2.0e-04 1.00
     3      40    2.2e+01    7    1.1e+00 -4530.37189844 -4320.87022860    -0.00017417   0.007246   2.9e-02   2.4e-04 1.00
     4      40    2.1e+01    6    9.1e-01 -4530.37215149 -4320.87048165    -0.00025305   0.005862   2.3e-02   2.9e-04 1.00
     5      40    2.2e+01    1    4.5e-01 -4530.37217241 -4320.87050257    -0.00002092   0.005742   2.3e-02   2.7e-04 1.00
     6      40    2.2e+01    9    1.2e+00 -4530.37238431 -4320.87071448    -0.00021190   0.005142   2.1e-02   2.0e-04 1.00
     7      40    2.5e+01    3    6.2e-01 -4530.37246866 -4320.87079883    -0.00008435   0.005195   2.1e-02   1.7e-04 1.00
     8      40    2.0e+01    1    4.7e-01 -4530.37263217 -4320.87096233    -0.00016351   0.004969   2.0e-02   2.4e-04 1.00
     9      40    2.7e+01   11    1.4e+00 -4530.37279979 -4320.87112995    -0.00016762   0.004741   1.9e-02   2.0e-04 1.00
    10      40    2.4e+01    9    1.2e+00 -4530.37320194 -4320.87153211    -0.00040215   0.004827   1.9e-02   2.2e-04 1.00
    11      40    2.0e+01    3    6.5e-01 -4530.37345832 -4320.87178848    -0.00025638   0.004885   2.0e-02   2.2e-04 1.00
    12      40    1.9e+01    7    1.1e+00 -4530.37370425 -4320.87203442    -0.00024594   0.006107   2.4e-02   2.5e-04 1.00
    13      40    2.7e+01    4    7.7e-01 -4530.37391722 -4320.87224739    -0.00021297   0.005380   2.2e-02   2.4e-04 1.00
    14      40    2.8e+01    8    1.2e+00 -4530.37414933 -4320.87247950    -0.00023211   0.005479   2.2e-02   1.9e-04 1.00
    15      40    2.2e+01    5    7.7e-01 -4530.37424454 -4320.87257471    -0.00009521   0.005327   2.1e-02   2.4e-04 1.00
    16      40    2.9e+01    9    1.3e+00 -4530.37441344 -4320.87274361    -0.00016890   0.005783   2.3e-02   2.0e-04 1.00
    17      40    2.2e+01    4    7.1e-01 -4530.37458569 -4320.87291586    -0.00017225   0.004895   2.0e-02   2.0e-04 1.00
    18      40    2.4e+01    8    1.1e+00 -4530.37480479 -4320.87313495    -0.00021909   0.004444   1.8e-02   1.8e-04 1.00
    19      40    2.8e+01    4    7.8e-01 -4530.37501470 -4320.87334487    -0.00020991   0.004970   2.0e-02   2.2e-04 1.00
    20      40    3.4e+01    4    7.6e-01 -4530.37518397 -4320.87351414    -0.00016927   0.004734   1.9e-02   2.0e-04 1.00
    21      40    2.9e+01    5    9.0e-01 -4530.37532170 -4320.87365187    -0.00013773   0.004706   1.9e-02   2.4e-04 1.00
    22      40    1.9e+01    5    7.9e-01 -4530.37534594 -4320.87367611    -0.00002424   0.005633   2.3e-02   2.6e-04 1.00
    23      40    1.9e+01    1    4.2e-01 -4530.37532612 -4320.87365629     0.00001982   0.009265   3.7e-02   2.4e-04 1.00
    24      40    1.8e+01    5    8.9e-01 -4530.37534503 -4320.87367519    -0.00001891   0.010218   4.1e-02   2.3e-04 1.00
    25      40    2.3e+01    1    4.7e-01 -4530.37536822 -4320.87369839    -0.00002320   0.009634   3.9e-02   1.5e-04 1.00
    26      40    1.9e+01    8    1.1e+00 -4530.37546825 -4320.87379842    -0.00010003   0.006150   2.5e-02   1.9e-04 1.00
    27      40    2.1e+01    0    3.5e-01 -4530.37548233 -4320.87381250    -0.00001408   0.006150   2.5e-02   1.9e-04 1.00
    28      60    4.1e+01    0    3.4e-01 -4530.37601935 -4320.87434951    -0.00053701   0.001086   4.3e-03   1.8e-04 1.00
    29      70    3.9e+01    0    3.7e-01 -4530.37601935 -4320.87434951     0.00000000   0.001086   4.3e-03   1.8e-04 1.00
    30      44    2.4e+01    0    3.5e-01 -4530.37602259 -4320.87435276    -0.00000324   0.000493   2.0e-03   1.8e-04 1.00
 
RESULTS OF THE OCCUPATION OPTIMIZATION
========================================
   1    2.0000000  -230.96081582
   2    1.9999999  -109.83997395
   3    1.9999999  -109.83469672
   4    1.9999999  -109.83468340
   5    1.9999998  -60.55051025
   6    1.9999986  -26.46348108
   7    1.9999986  -26.45785085
   8    1.9999985  -26.40365683
   9    1.9999983  -23.64209352
  10    1.9999983  -23.58101955
  11    1.9999982  -23.45388552
  12    1.9999979  -23.38112271
  13    1.9999980  -23.38014816
  14    1.9999980  -23.32892142
  15    1.9999981  -23.32662673
  16    1.9999977  -21.16271337
  17    1.9999949  -20.82824149
  18    1.9999949  -20.82604809
  19    1.9999953  -20.82459176
  20    1.9999854  -20.59750872
  21    1.9999941  -20.31362136
  22    1.9999936  -20.30516646
  23    1.9999044  -5.33569100
  24    1.9998339  -4.80378028
  25    1.9998239  -4.79377906
  26    1.9998195  -4.79048936
  27    1.9997203  -3.51720723
  28    1.9997103  -3.49460751
  29    1.9997110  -3.49105277
  30    1.9996929  -3.48705073
  31    1.9995252  -3.44258476
  32    1.9995467  -3.43436827
  33    1.9995215  -3.43426328
  34    1.9932619  -2.05015710
  35    1.9928745  -2.04915206
  36    1.9918868  -2.04131634
  37    1.9909673  -1.85268459
  38    1.9881688  -1.84167661
  39    1.9863789  -1.30792290
  40    1.9703505  -0.84508007
  41    1.9693194  -0.74931496
  42    1.9686355  -0.74625230
  43    1.9734660  -0.73732564
  44    1.9735348  -0.73696619
  45    1.9686564  -0.72989201
  46    1.9764688  -0.55417427
  47    1.1817334  -0.17452158
  48    1.0006206  -0.12317684
  49    0.9992316  -0.12294387
  50    0.8179991  -0.11753856
  51    0.0117560  -0.01866266
  52    0.0095816  -0.01352844
  53    0.0212196  -0.03107767
  54    0.0209642  -0.03088820
  55    0.0095443  -0.01378444
  56    0.0107611  -0.01471922
  57    0.0086303  -0.01349613
  58    0.0076405  -0.01932004
  59    0.0059068  -0.01287044
  60    0.0065351  -0.01349246
  61    0.0052656  -0.01189454
  62    0.0051675  -0.01130064
  63    0.0052854  -0.01143508
  64    0.0003169  -0.00185433
  65    0.0003087  -0.00173571
  66    0.0003326  -0.00208608
  67    0.0001168  -0.00053936
  68    0.0000957  -0.00051799
  69    0.0001073  -0.00054261
  70    0.0001228  -0.00055438
  71    0.0000741  -0.00041064
  72    0.0000749  -0.00049018
  73    0.0000559  -0.00029397
  74    0.0000332  -0.00026796
  75    0.0000027  -0.00005851
  76    0.0000024  -0.00004928
  77    0.0000074  -0.00022313
  78    0.0000021  -0.00004158
  79    0.0000023  -0.00004947
  80    0.0000022  -0.00004293
  81    0.0000018  -0.00003716
  82    0.0000008  -0.00001954
  83    0.0000011  -0.00002554
  84    0.0000011  -0.00002723
  85    0.0000008  -0.00001868
  86    0.0000010  -0.00002406
  87    0.0000010  -0.00002320
  88    0.0000009  -0.00002289
  89    0.0000008  -0.00001856
  90    0.0000007  -0.00001787
  91    0.0000008  -0.00002016
  92    0.0000001  -0.00000207
  93    0.0000000  -0.00000092
  94    0.0000000  -0.00000091
  95    0.0000000  -0.00000092
  96    0.0000000  -0.00000034
  97    0.0001089  -0.00003290
  98    0.0001950  -0.00006543
  99    0.0051173  -0.00958659
 100    0.0087238  -0.01271206
 101    0.0041017  -0.00815468
 102    0.0040873  -0.00816712
 103    0.0086439  -0.01264564
 104    0.0106016  -0.01459597
 105    0.0082478  -0.01286535
 106    0.0034752  -0.00826726
 107    0.0050473  -0.01090216
 108    0.0008549  -0.00217525
 109    0.0022887  -0.00553296
 110    0.0008128  -0.00221787
 111    0.0008357  -0.00225972
 112    0.0000517  -0.00025743
 113    0.0000458  -0.00022929
 114    0.0000583  -0.00029792
 115    0.0000871  -0.00055077
 116    0.0000625  -0.00030750
 117    0.0000877  -0.00043515
 118    0.0000504  -0.00024875
 119    0.0000352  -0.00028342
 120    0.0000413  -0.00022447
 121    0.0000368  -0.00020592
 122    0.0000256  -0.00015815
 123    0.0000016  -0.00003234
 124    0.0000018  -0.00003893
 125    0.0000028  -0.00006123
 126    0.0000013  -0.00002856
 127    0.0000015  -0.00003121
 128    0.0000017  -0.00003672
 129    0.0000001  -0.00000337
 130    0.0000007  -0.00001689
 131    0.0000004  -0.00000985
 132    0.0000005  -0.00001358
 133    0.0000005  -0.00001281
 134    0.0000005  -0.00001315
 135    0.0000004  -0.00001022
 136    0.0000006  -0.00001409
 137    0.0000002  -0.00001137
 138    0.0000004  -0.00001225
 139    0.0000004  -0.00001043
 140    0.0000000  -0.00000112
 141    0.0000000  -0.00000050
 142    0.0000000  -0.00000052
 143    0.0000000  -0.00000048
 144    0.0000000  -0.00000027
 145    0.0000308  -0.00002677
 146    0.0000545  -0.00003394
 147    0.0047354  -0.00880945
 148    0.0059869  -0.00867872
 149    0.0004203  -0.00118288
 150    0.0006586  -0.00155795
 151    0.0064564  -0.00961834
 152    0.0055586  -0.00826930
 153    0.0069957  -0.01153349
 154    0.0011602  -0.00494269
 155    0.0005358  -0.00132169
 156    0.0007992  -0.00197886
 157    0.0002302  -0.00078829
 158    0.0007097  -0.00203893
 159    0.0002306  -0.00076160
 160    0.0000470  -0.00023323
 161    0.0000408  -0.00021869
 162    0.0000392  -0.00021344
 163    0.0000627  -0.00031369
 164    0.0000548  -0.00026987
 165    0.0000549  -0.00026779
 166    0.0000473  -0.00024239
 167    0.0000304  -0.00016964
 168    0.0000296  -0.00016545
 169    0.0000355  -0.00028824
 170    0.0000138  -0.00011234
 171    0.0000011  -0.00002430
 172    0.0000011  -0.00002566
 173    0.0000021  -0.00004254
 174    0.0000009  -0.00002056
 175    0.0000007  -0.00001648
 176    0.0000006  -0.00001561
 177    0.0000001  -0.00000285
 178    0.0000003  -0.00000882
 179    0.0000003  -0.00000822
 180    0.0000002  -0.00000475
 181    0.0000003  -0.00000911
 182    0.0000001  -0.00000336
 183    0.0000002  -0.00000369
 184    0.0000001  -0.00000201
 185    0.0000002  -0.00000746
 186    0.0000001  -0.00000307
 187    0.0000001  -0.00000196
 188    0.0000000  -0.00000076
 189    0.0000000  -0.00000046
 190    0.0000000  -0.00000043
 191    0.0000000  -0.00000045
 192    0.0000000  -0.00000023
 193    0.0000047  -0.00001067
 194    0.0000111  -0.00001872
 195    0.0011478  -0.00340355
 196    0.0047216  -0.00723327
 197    0.0004177  -0.00117972
 198    0.0004178  -0.00118388
 199    0.0045164  -0.00705866
 200    0.0025476  -0.00407010
 201    0.0041465  -0.00700532
 202    0.0007713  -0.00274572
 203    0.0001727  -0.00055544
 204    0.0005899  -0.00200695
 205    0.0001676  -0.00061275
 206    0.0002521  -0.00088982
 207    0.0002180  -0.00073982
 208    0.0000417  -0.00022585
 209    0.0000317  -0.00017036
 210    0.0000226  -0.00014093
 211    0.0000217  -0.00013799
 212    0.0000491  -0.00023657
 213    0.0000207  -0.00013445
 214    0.0000402  -0.00021974
 215    0.0000252  -0.00013833
 216    0.0000181  -0.00012166
 217    0.0000208  -0.00014065
 218    0.0000124  -0.00010096
 219    0.0000007  -0.00001766
 220    0.0000005  -0.00001384
 221    0.0000014  -0.00003073
 222    0.0000003  -0.00001454
 223    0.0000005  -0.00001276
 224    0.0000005  -0.00001315
 225    0.0000001  -0.00000253
 226    0.0000001  -0.00000220
 227    0.0000001  -0.00000286
 228    0.0000001  -0.00000144
 229    0.0000002  -0.00001316
 230    0.0000001  -0.00000250
 231    0.0000001  -0.00000304
 232    0.0000001  -0.00000168
 233    0.0000001  -0.00000307
 234    0.0000001  -0.00000219
 235    0.0000000  -0.00000114
 236    0.0000000  -0.00000074
 237    0.0000000  -0.00000041
 238    0.0000000  -0.00000040
 239    0.0000000  -0.00000040
 240    0.0000000  -0.00000022
 241    0.0000033  -0.00000533
 242    0.0000069  -0.00001189
 243    0.0007747  -0.00190312
 244    0.0023298  -0.00382872
 245    0.0003059  -0.00094046
 246    0.0004060  -0.00114853
 247    0.0022034  -0.00370712
 248    0.0012118  -0.00218333
 249    0.0016291  -0.00312675
 250    0.0005737  -0.00179600
 251    0.0001686  -0.00054739
 252    0.0002535  -0.00081359
 253    0.0001610  -0.00059511
 254    0.0001834  -0.00068143
 255    0.0001683  -0.00060953
 256    0.0000212  -0.00013879
 257    0.0000262  -0.00015446
 258    0.0000221  -0.00014235
 259    0.0000187  -0.00012209
 260    0.0000269  -0.00016706
 261    0.0000191  -0.00012449
 262    0.0000190  -0.00012772
 263    0.0000156  -0.00011579
 264    0.0000122  -0.00009870
 265    0.0000172  -0.00011821
 266    0.0000106  -0.00009533
 267    0.0000003  -0.00000892
 268    0.0000001  -0.00000348
 269    0.0000010  -0.00002777
 270    0.0000002  -0.00000420
 271    0.0000001  -0.00000285
 272    0.0000001  -0.00000196
 273    0.0000001  -0.00000221
 274    0.0000000  -0.00000126
 275    0.0000001  -0.00000206
 276    0.0000000  -0.00000100
 277    0.0000002  -0.00000475
 278    0.0000000  -0.00000132
 279    0.0000001  -0.00000186
 280    0.0000000  -0.00000097
 281    0.0000001  -0.00000266
 282    0.0000001  -0.00000193
 283    0.0000000  -0.00000106
 284    0.0000000  -0.00000062
 285    0.0000000  -0.00000032
 286    0.0000000  -0.00000033
 287    0.0000000  -0.00000033
 288    0.0000000  -0.00000022
 
----------------
 Final Energies 
----------------
Final NOF Total Energy =   -4320.8743528
 
Total Orbital Internal Iterations = 1204
Total Occupation Internal Iterations = 142
 
Elapsed time:  832.71 Seconds

---------------------------------
   Lowdin Population Analysis    
---------------------------------
 Idx  Atom   Population   Charge 
---------------------------------
  1    Pb    78.472       3.528
  2     H     1.879      -0.879
  3     H     1.877      -0.877
  4     H     1.890      -0.890
  5     H     1.878      -0.878
  6     O     7.347       0.653
  7     H     1.329      -0.329
  8     H     1.329      -0.329

---------------------------------
   M Diagnostic: 1.00
---------------------------------

