Computing Integrals
Basis Set                                            = def2-qzvp
Auxiliary Basis Set                                  = def2-universal-jkfit
Gaussian Type                                        = Spherical
Elapsed time:    4.41 Seconds

Number of basis functions                   (NBF)    = 190
Number of auxiliary basis functions         (NBFAUX) = 200
Inactive Doubly occupied orbitals up to     (NO1)    = 0
No. considered Strongly Doubly occupied MOs (NDOC)   = 9
No. considered Strongly Singly occupied MOs (NSOC)   = 0
NO. of Weakly occ. per St. Doubly occ.  MOs (NCWO)   = 20
Dimension of the Nat. Orb. subspace         (NBF5)   = 189
No. of electrons                                     = 18
    No. of alpha electrons                           = 9
    No. of beta electrons                            = 9
Multiplicity                                         = 1

Geometry
========
Si       0.0000000      -0.0000000       0.0000000
 H       0.8560414       0.8560414      -0.8560414
 H      -0.8560414      -0.8560414      -0.8560414
 H       0.8560414      -0.8560414       0.8560414
 H      -0.8560414       0.8560414       0.8560414

No violations of the orthonormality
No violations of the orthonormality
 
PNOF8/ADABelief Calculation
==================
 
  Nitext  Nit_orb  Time   Nit_occ  Time         Eelec          Etot           Ediff      maxdiff    MaxGrad_orb  Grad_occ
     1      10    4.9e+01   17    2.8e+01  -312.99473675  -291.69708586 -10311.99473675   0.000898   3.6e-03   2.7e-04 0.02
 
RESULTS OF THE OCCUPATION OPTIMIZATION
========================================
   1    1.9999986  -68.82928695
   2    1.9991037  -6.13644923
   3    1.9978466  -4.25265507
   4    1.9976608  -4.25101183
   5    1.9969224  -4.24677203
   6    1.9801751  -0.74173837
   7    1.9745042  -0.51052933
   8    1.9740406  -0.50777968
   9    1.9750025  -0.50697796
  10    0.0141470  -0.02223586
  11    0.0130701  -0.02147626
  12    0.0150085  -0.02400273
  13    0.0101682  -0.02174028
  14    0.0018193  -0.01264903
  15    0.0020965  -0.01863545
  16    0.0017797  -0.01236250
  17    0.0008389  -0.00679542
  18    0.0000012  -0.00007679
  19    0.0050618  -0.00851493
  20    0.0045823  -0.00766608
  21    0.0048101  -0.00799787
  22    0.0038420  -0.00929031
  23    0.0011622  -0.00899047
  24    0.0001429  -0.00107432
  25    0.0002238  -0.00492870
  26    0.0000173  -0.00042379
  27    0.0000000  -0.00000019
  28    0.0020088  -0.00447335
  29    0.0042655  -0.00732847
  30    0.0019414  -0.00413832
  31    0.0022911  -0.00725122
  32    0.0000512  -0.00139967
  33    0.0000295  -0.00021115
  34    0.0000841  -0.00060659
  35    0.0000124  -0.00034582
  36    0.0000000  -0.00000011
  37    0.0018764  -0.00390684
  38    0.0015459  -0.00301501
  39    0.0014773  -0.00245135
  40    0.0021326  -0.00689737
  41    0.0000102  -0.00006683
  42    0.0000181  -0.00010306
  43    0.0000153  -0.00009199
  44    0.0000080  -0.00005583
  45    0.0000000  -0.00000008
  46    0.0008148  -0.00160758
  47    0.0008767  -0.00159944
  48    0.0013762  -0.00228081
  49    0.0003185  -0.00081810
  50    0.0000072  -0.00004692
  51    0.0000153  -0.00009185
  52    0.0000117  -0.00007219
  53    0.0000053  -0.00034008
  54    0.0000000  -0.00000009
  55    0.0003024  -0.00068620
  56    0.0007855  -0.00152181
  57    0.0002907  -0.00068527
  58    0.0002901  -0.00079637
  59    0.0000068  -0.00004976
  60    0.0000070  -0.00004611
  61    0.0000091  -0.00005678
  62    0.0000026  -0.00001569
  63    0.0000000  -0.00000008
  64    0.0002205  -0.00043806
  65    0.0003437  -0.00082743
  66    0.0001303  -0.00029376
  67    0.0002096  -0.00061546
  68    0.0000047  -0.00009112
  69    0.0000065  -0.00004315
  70    0.0000065  -0.00004300
  71    0.0000024  -0.00001390
  72    0.0000000  -0.00000007
  73    0.0001303  -0.00027327
  74    0.0001631  -0.00035191
  75    0.0001242  -0.00026789
  76    0.0001783  -0.00049796
  77    0.0000038  -0.00002586
  78    0.0000060  -0.00004384
  79    0.0000054  -0.00003499
  80    0.0000018  -0.00000877
  81    0.0000000  -0.00000005
  82    0.0001233  -0.00026614
  83    0.0000775  -0.00018147
  84    0.0000788  -0.00018745
  85    0.0001090  -0.00026527
  86    0.0000026  -0.00001376
  87    0.0000052  -0.00003587
  88    0.0000051  -0.00005717
  89    0.0000016  -0.00000869
  90    0.0000000  -0.00000006
  91    0.0001144  -0.00024532
  92    0.0000661  -0.00017343
  93    0.0000773  -0.00017645
  94    0.0000747  -0.00019243
  95    0.0000021  -0.00001057
  96    0.0000048  -0.00006424
  97    0.0000042  -0.00004180
  98    0.0000015  -0.00000804
  99    0.0000000  -0.00000005
 100    0.0000811  -0.00019099
 101    0.0000564  -0.00014391
 102    0.0000676  -0.00017475
 103    0.0000721  -0.00018475
 104    0.0000019  -0.00000907
 105    0.0000029  -0.00001767
 106    0.0000036  -0.00002368
 107    0.0000014  -0.00000707
 108    0.0000000  -0.00000003
 109    0.0000567  -0.00014308
 110    0.0000546  -0.00013961
 111    0.0000530  -0.00014396
 112    0.0000611  -0.00017920
 113    0.0000014  -0.00000578
 114    0.0000020  -0.00000950
 115    0.0000010  -0.00000329
 116    0.0000014  -0.00000640
 117    0.0000000  -0.00000000
 118    0.0000339  -0.00010497
 119    0.0000381  -0.00010790
 120    0.0000363  -0.00010668
 121    0.0000360  -0.00011737
 122    0.0000013  -0.00000458
 123    0.0000004  -0.00000202
 124    0.0000009  -0.00000310
 125    0.0000008  -0.00000302
 126    0.0000000  -0.00000004
 127    0.0000075  -0.00003306
 128    0.0000096  -0.00003713
 129    0.0000065  -0.00002720
 130    0.0000239  -0.00009459
 131    0.0000007  -0.00000258
 132    0.0000004  -0.00000132
 133    0.0000008  -0.00000264
 134    0.0000002  -0.00000062
 135    0.0000000  0.00000001
 136    0.0000051  -0.00001721
 137    0.0000067  -0.00002471
 138    0.0000053  -0.00002169
 139    0.0000062  -0.00003069
 140    0.0000006  -0.00000222
 141    0.0000004  -0.00000123
 142    0.0000005  -0.00000222
 143    0.0000002  -0.00000052
 144    0.0000000  0.00000001
 145    0.0000040  -0.00001256
 146    0.0000046  -0.00001601
 147    0.0000032  -0.00000957
 148    0.0000031  -0.00001281
 149    0.0000005  -0.00000207
 150    0.0000003  -0.00000101
 151    0.0000004  -0.00000204
 152    0.0000001  -0.00000039
 153    0.0000000  0.00000000
 154    0.0000032  -0.00001003
 155    0.0000041  -0.00001062
 156    0.0000029  -0.00000483
 157    0.0000030  -0.00001215
 158    0.0000005  -0.00000198
 159    0.0000003  -0.00000102
 160    0.0000004  -0.00000133
 161    0.0000001  -0.00000031
 162    0.0000000  0.00000001
 163    0.0000024  -0.00000211
 164    0.0000033  -0.00000785
 165    0.0000027  -0.00000343
 166    0.0000022  -0.00000477
 167    0.0000003  -0.00000096
 168    0.0000003  -0.00000095
 169    0.0000004  -0.00000100
 170    0.0000001  -0.00000027
 171    0.0000000  0.00000001
 172    0.0000019  -0.00000231
 173    0.0000032  -0.00000531
 174    0.0000018  -0.00000119
 175    0.0000016  -0.00000274
 176    0.0000003  -0.00000093
 177    0.0000002  -0.00000081
 178    0.0000003  -0.00000094
 179    0.0000001  -0.00000024
 180    0.0000000  0.00000000
 181    0.0000018  -0.00000142
 182    0.0000024  -0.00000158
 183    0.0000015  -0.00000094
 184    0.0000015  -0.00000295
 185    0.0000002  -0.00000048
 186    0.0000002  -0.00000044
 187    0.0000002  -0.00000077
 188    0.0000001  -0.00000024
 189    0.0000000  0.00000001
 
----------------
 Final Energies 
----------------
Final NOF Total Energy =    -291.6970859
 
Total Orbital Internal Iterations = 10
Total Occupation Internal Iterations = 17
 
Elapsed time:   93.62 Seconds

---------------------------------
   Lowdin Population Analysis    
---------------------------------
 Idx  Atom   Population   Charge 
---------------------------------
  1    Si    13.490       0.510
  2     H     1.128      -0.128
  3     H     1.127      -0.127
  4     H     1.127      -0.127
  5     H     1.128      -0.128

---------------------------------
   M Diagnostic: 0.02
---------------------------------

