Computing Integrals
Basis Set                                            = def2-qzvp
Auxiliary Basis Set                                  = def2-universal-jkfit
Gaussian Type                                        = Spherical
Elapsed time:   10.82 Seconds

Number of basis functions                   (NBF)    = 723
Number of auxiliary basis functions         (NBFAUX) = 809
Inactive Doubly occupied orbitals up to     (NO1)    = 0
No. considered Strongly Doubly occupied MOs (NDOC)   = 33
No. considered Strongly Singly occupied MOs (NSOC)   = 0
NO. of Weakly occ. per St. Doubly occ.  MOs (NCWO)   = 20
Dimension of the Nat. Orb. subspace         (NBF5)   = 693
No. of electrons                                     = 66
    No. of alpha electrons                           = 33
    No. of beta electrons                            = 33
Multiplicity                                         = 1

Geometry
========
 N      -0.5051208       1.8498924       0.0000000
 N       1.4874685       0.7096193       0.0000000
 C      -0.5479987      -0.5234560       0.0000000
 C       0.8575212      -0.4695473       0.0000000
 C      -1.1741190       0.6844660       0.0000000
 C       0.8598543       1.9499812       0.0000000
 C      -1.2725894      -1.8315311       0.0000000
 O       1.5184607      -1.5775330       0.0000000
 O       1.4717139       2.9837351       0.0000000
 H      -1.0267202       2.7187353       0.0000000
 H       2.5044406       0.7417125       0.0000000
 H      -2.2527067       0.7675815       0.0000000
 H      -1.0277755      -2.4241065      -0.8820455
 H      -1.0277755      -2.4241065       0.8820455
 H      -2.3480988      -1.6639340       0.0000000
 H       2.4834454      -1.4915089       0.0000000

No violations of the orthonormality
No violations of the orthonormality
 
PNOF8/ADABelief Calculation
==================
 
  Nitext  Nit_orb  Time   Nit_occ  Time         Eelec          Etot           Ediff      maxdiff    MaxGrad_orb  Grad_occ
     1      10    8.1e+01   11    3.9e+01  -910.59447304  -453.97953268 -10909.59447304   0.000907   3.6e-03   2.7e-04 0.03
 
RESULTS OF THE OCCUPATION OPTIMIZATION
========================================
   1    1.9999865  -19.73694815
   2    1.9999822  -18.33178556
   3    1.9999831  -18.23381165
   4    1.9999796  -16.99589885
   5    1.9999444  -11.53248600
   6    1.9999459  -11.51232048
   7    1.9999587  -11.50983738
   8    1.9999408  -11.50846519
   9    1.9999544  -11.47462637
  10    1.9868223  -1.59428753
  11    1.9856428  -1.57064895
  12    1.9856330  -1.46417721
  13    1.9856461  -1.44220894
  14    1.9823028  -1.23578349
  15    1.9834190  -1.20542966
  16    1.9787728  -1.05321769
  17    1.9763813  -1.01359015
  18    1.9731228  -0.99634222
  19    1.9750424  -0.98267663
  20    1.9752974  -0.98247934
  21    1.9783302  -0.96422275
  22    1.9760173  -0.94119035
  23    1.9781843  -0.93878450
  24    1.9746237  -0.93592263
  25    1.9802231  -0.90266203
  26    1.9736628  -0.84779395
  27    1.9738612  -0.78775980
  28    1.9743682  -0.78615497
  29    1.9746576  -0.74960469
  30    1.9737742  -0.73817017
  31    1.9696127  -0.69924793
  32    1.9711318  -0.69120741
  33    1.9651807  -0.68015733
  34    0.0310036  -0.04938024
  35    0.0237099  -0.03344853
  36    0.0262889  -0.04188586
  37    0.0140335  -0.01974134
  38    0.0121755  -0.01779299
  39    0.0187610  -0.03364039
  40    0.0186370  -0.02993762
  41    0.0212171  -0.03783627
  42    0.0058932  -0.01252068
  43    0.0196768  -0.03770767
  44    0.0113698  -0.01851888
  45    0.0140958  -0.02355709
  46    0.0144336  -0.02362343
  47    0.0193987  -0.03509552
  48    0.0190749  -0.03199757
  49    0.0225867  -0.04255100
  50    0.0182013  -0.03310817
  51    0.0156480  -0.02838146
  52    0.0089029  -0.01703385
  53    0.0112091  -0.02240550
  54    0.0049230  -0.01240883
  55    0.0062215  -0.01734787
  56    0.0051696  -0.01533551
  57    0.0046839  -0.01120633
  58    0.0000289  -0.00057714
  59    0.0000440  -0.00102650
  60    0.0000299  -0.00062013
  61    0.0000413  -0.00089096
  62    0.0000383  -0.00083974
  63    0.0000173  -0.00048239
  64    0.0000157  -0.00042832
  65    0.0000149  -0.00041108
  66    0.0000125  -0.00038877
  67    0.0029602  -0.00669244
  68    0.0027566  -0.00576852
  69    0.0027439  -0.00615409
  70    0.0046593  -0.00803025
  71    0.0043628  -0.00752773
  72    0.0040058  -0.00869984
  73    0.0043922  -0.00862709
  74    0.0039068  -0.00852004
  75    0.0057602  -0.01237516
  76    0.0041728  -0.01047685
  77    0.0045375  -0.00889626
  78    0.0040737  -0.00808566
  79    0.0031669  -0.00718203
  80    0.0035512  -0.00784236
  81    0.0036609  -0.00831765
  82    0.0033000  -0.00831767
  83    0.0035340  -0.00783169
  84    0.0023721  -0.00533788
  85    0.0023821  -0.00763922
  86    0.0023012  -0.00549353
  87    0.0030325  -0.00832520
  88    0.0032574  -0.00848858
  89    0.0031821  -0.00824040
  90    0.0029073  -0.00877675
  91    0.0000054  -0.00011566
  92    0.0000055  -0.00014220
  93    0.0000034  -0.00006458
  94    0.0000040  -0.00009572
  95    0.0000041  -0.00007670
  96    0.0000009  -0.00004104
  97    0.0000003  -0.00002009
  98    0.0000006  -0.00003055
  99    0.0000002  -0.00000283
 100    0.0002197  -0.00072828
 101    0.0013133  -0.00352041
 102    0.0005310  -0.00141884
 103    0.0042031  -0.00678373
 104    0.0039576  -0.00671725
 105    0.0020438  -0.00534271
 106    0.0010649  -0.00255082
 107    0.0003953  -0.00123552
 108    0.0031667  -0.00789072
 109    0.0004956  -0.00168872
 110    0.0024764  -0.00478566
 111    0.0031423  -0.00725952
 112    0.0011032  -0.00317513
 113    0.0007689  -0.00217329
 114    0.0007441  -0.00248655
 115    0.0003099  -0.00106047
 116    0.0007425  -0.00230807
 117    0.0013713  -0.00384433
 118    0.0018506  -0.00661153
 119    0.0014618  -0.00533072
 120    0.0020209  -0.00730005
 121    0.0016007  -0.00657520
 122    0.0026607  -0.00807227
 123    0.0018060  -0.00786403
 124    0.0000030  -0.00004832
 125    0.0000019  -0.00003137
 126    0.0000025  -0.00002814
 127    0.0000031  -0.00006563
 128    0.0000040  -0.00007943
 129    0.0000005  -0.00002727
 130    0.0000002  -0.00000193
 131    0.0000005  -0.00002585
 132    0.0000001  -0.00000120
 133    0.0001922  -0.00063264
 134    0.0005915  -0.00140271
 135    0.0003134  -0.00093660
 136    0.0010379  -0.00244603
 137    0.0021082  -0.00491476
 138    0.0002652  -0.00084435
 139    0.0007876  -0.00217804
 140    0.0002785  -0.00091095
 141    0.0016679  -0.00530902
 142    0.0003957  -0.00131347
 143    0.0014312  -0.00370762
 144    0.0015257  -0.00382319
 145    0.0008050  -0.00232808
 146    0.0004127  -0.00120401
 147    0.0004417  -0.00137069
 148    0.0002333  -0.00082252
 149    0.0003780  -0.00121051
 150    0.0006674  -0.00191615
 151    0.0009771  -0.00345428
 152    0.0008527  -0.00328026
 153    0.0013549  -0.00529801
 154    0.0008364  -0.00330042
 155    0.0010329  -0.00458618
 156    0.0015425  -0.00622205
 157    0.0000020  -0.00003973
 158    0.0000015  -0.00001813
 159    0.0000012  -0.00001483
 160    0.0000010  -0.00003911
 161    0.0000031  -0.00004904
 162    0.0000003  -0.00000767
 163    0.0000002  -0.00000171
 164    0.0000003  -0.00001130
 165    0.0000001  -0.00000119
 166    0.0001832  -0.00061608
 167    0.0001665  -0.00048357
 168    0.0001563  -0.00053500
 169    0.0007011  -0.00151167
 170    0.0009550  -0.00245321
 171    0.0002168  -0.00073711
 172    0.0004776  -0.00117893
 173    0.0002078  -0.00070568
 174    0.0009830  -0.00361743
 175    0.0002304  -0.00083491
 176    0.0007453  -0.00198470
 177    0.0005006  -0.00138509
 178    0.0005998  -0.00179179
 179    0.0001787  -0.00061857
 180    0.0003924  -0.00118631
 181    0.0001720  -0.00066081
 182    0.0002022  -0.00071485
 183    0.0003905  -0.00125342
 184    0.0008677  -0.00264260
 185    0.0005447  -0.00227320
 186    0.0009005  -0.00423265
 187    0.0006290  -0.00268127
 188    0.0008749  -0.00412680
 189    0.0005286  -0.00397505
 190    0.0000014  -0.00001410
 191    0.0000015  -0.00002260
 192    0.0000008  -0.00004296
 193    0.0000007  -0.00000721
 194    0.0000013  -0.00001917
 195    0.0000003  -0.00000627
 196    0.0000001  -0.00000061
 197    0.0000003  -0.00000465
 198    0.0000001  -0.00000084
 199    0.0001732  -0.00058223
 200    0.0001058  -0.00030893
 201    0.0001142  -0.00037517
 202    0.0004947  -0.00119982
 203    0.0006290  -0.00141017
 204    0.0000979  -0.00035310
 205    0.0002361  -0.00067235
 206    0.0000807  -0.00030777
 207    0.0007011  -0.00236371
 208    0.0000872  -0.00033256
 209    0.0003595  -0.00105258
 210    0.0001535  -0.00054330
 211    0.0005054  -0.00141628
 212    0.0001126  -0.00039422
 213    0.0002106  -0.00075024
 214    0.0000794  -0.00031925
 215    0.0001616  -0.00063182
 216    0.0002231  -0.00084155
 217    0.0004230  -0.00180943
 218    0.0003881  -0.00161006
 219    0.0005554  -0.00360385
 220    0.0005725  -0.00222671
 221    0.0004514  -0.00207592
 222    0.0003486  -0.00197910
 223    0.0000009  -0.00003139
 224    0.0000009  -0.00004051
 225    0.0000007  -0.00001938
 226    0.0000006  -0.00000911
 227    0.0000012  -0.00001918
 228    0.0000002  -0.00000451
 229    0.0000001  -0.00000057
 230    0.0000002  -0.00000281
 231    0.0000001  -0.00000084
 232    0.0000217  -0.00006285
 233    0.0000740  -0.00023500
 234    0.0000647  -0.00022941
 235    0.0003318  -0.00082871
 236    0.0003534  -0.00093674
 237    0.0000683  -0.00023703
 238    0.0002107  -0.00060666
 239    0.0000651  -0.00023945
 240    0.0005275  -0.00159409
 241    0.0000763  -0.00031135
 242    0.0002403  -0.00081671
 243    0.0001189  -0.00042394
 244    0.0003357  -0.00112116
 245    0.0000599  -0.00022033
 246    0.0001914  -0.00069472
 247    0.0000593  -0.00024395
 248    0.0001020  -0.00038247
 249    0.0001766  -0.00065041
 250    0.0003107  -0.00107442
 251    0.0002959  -0.00119591
 252    0.0004766  -0.00240674
 253    0.0004222  -0.00245991
 254    0.0003978  -0.00254226
 255    0.0003327  -0.00210129
 256    0.0000008  -0.00001714
 257    0.0000008  -0.00002259
 258    0.0000005  -0.00001075
 259    0.0000006  -0.00001475
 260    0.0000007  -0.00001265
 261    0.0000002  -0.00000182
 262    0.0000001  -0.00000059
 263    0.0000002  -0.00000183
 264    0.0000001  -0.00000051
 265    0.0000162  -0.00004792
 266    0.0000632  -0.00020251
 267    0.0000529  -0.00018814
 268    0.0003068  -0.00082044
 269    0.0002533  -0.00069780
 270    0.0000287  -0.00012230
 271    0.0000941  -0.00029663
 272    0.0000384  -0.00015063
 273    0.0002741  -0.00091968
 274    0.0000607  -0.00025853
 275    0.0001382  -0.00048645
 276    0.0001107  -0.00040789
 277    0.0002549  -0.00087986
 278    0.0000515  -0.00018695
 279    0.0000729  -0.00027902
 280    0.0000372  -0.00015527
 281    0.0000785  -0.00030131
 282    0.0001340  -0.00045093
 283    0.0002635  -0.00096377
 284    0.0001837  -0.00071493
 285    0.0003108  -0.00182663
 286    0.0003687  -0.00220397
 287    0.0001750  -0.00109009
 288    0.0002815  -0.00157627
 289    0.0000006  -0.00001547
 290    0.0000006  -0.00001806
 291    0.0000004  -0.00000651
 292    0.0000006  -0.00001158
 293    0.0000005  -0.00001058
 294    0.0000001  -0.00000127
 295    0.0000001  -0.00000051
 296    0.0000001  -0.00000125
 297    0.0000001  -0.00000049
 298    0.0000102  -0.00003829
 299    0.0000260  -0.00009527
 300    0.0000356  -0.00013176
 301    0.0002094  -0.00057727
 302    0.0001856  -0.00056377
 303    0.0000230  -0.00010229
 304    0.0000475  -0.00016611
 305    0.0000361  -0.00014732
 306    0.0002164  -0.00075862
 307    0.0000597  -0.00025239
 308    0.0001322  -0.00049494
 309    0.0001009  -0.00035963
 310    0.0001891  -0.00069118
 311    0.0000415  -0.00016721
 312    0.0000329  -0.00013953
 313    0.0000195  -0.00010045
 314    0.0000694  -0.00027044
 315    0.0000468  -0.00019907
 316    0.0001632  -0.00073288
 317    0.0001370  -0.00052202
 318    0.0002744  -0.00143012
 319    0.0001369  -0.00105557
 320    0.0001087  -0.00082488
 321    0.0002364  -0.00134142
 322    0.0000004  -0.00000533
 323    0.0000005  -0.00000662
 324    0.0000004  -0.00000560
 325    0.0000005  -0.00000662
 326    0.0000004  -0.00000435
 327    0.0000001  -0.00000114
 328    0.0000001  -0.00000041
 329    0.0000001  -0.00000126
 330    0.0000000  -0.00000030
 331    0.0000085  -0.00003336
 332    0.0000130  -0.00005155
 333    0.0000183  -0.00007049
 334    0.0000579  -0.00018454
 335    0.0001044  -0.00031387
 336    0.0000211  -0.00009590
 337    0.0000387  -0.00013506
 338    0.0000311  -0.00013189
 339    0.0001342  -0.00053142
 340    0.0000437  -0.00018266
 341    0.0000965  -0.00033302
 342    0.0000326  -0.00014417
 343    0.0001083  -0.00042516
 344    0.0000295  -0.00012510
 345    0.0000292  -0.00012389
 346    0.0000177  -0.00008823
 347    0.0000431  -0.00017752
 348    0.0000460  -0.00018382
 349    0.0001414  -0.00071848
 350    0.0001154  -0.00044800
 351    0.0001106  -0.00073851
 352    0.0000573  -0.00030384
 353    0.0000506  -0.00027227
 354    0.0001408  -0.00110985
 355    0.0000004  -0.00000533
 356    0.0000004  -0.00000423
 357    0.0000002  -0.00000278
 358    0.0000003  -0.00000343
 359    0.0000004  -0.00000406
 360    0.0000001  -0.00000092
 361    0.0000000  -0.00000032
 362    0.0000001  -0.00000072
 363    0.0000000  -0.00000030
 364    0.0000054  -0.00002290
 365    0.0000076  -0.00003443
 366    0.0000150  -0.00006376
 367    0.0000485  -0.00015657
 368    0.0000942  -0.00028413
 369    0.0000195  -0.00009377
 370    0.0000347  -0.00012983
 371    0.0000247  -0.00010495
 372    0.0001338  -0.00051431
 373    0.0000240  -0.00011454
 374    0.0000882  -0.00032301
 375    0.0000287  -0.00012509
 376    0.0000349  -0.00015308
 377    0.0000162  -0.00008116
 378    0.0000270  -0.00011819
 379    0.0000131  -0.00006522
 380    0.0000308  -0.00013753
 381    0.0000292  -0.00012993
 382    0.0000891  -0.00032574
 383    0.0000641  -0.00026405
 384    0.0000968  -0.00050147
 385    0.0000537  -0.00033722
 386    0.0000489  -0.00023833
 387    0.0000819  -0.00040002
 388    0.0000003  -0.00000340
 389    0.0000003  -0.00000344
 390    0.0000002  -0.00000230
 391    0.0000002  -0.00000280
 392    0.0000003  -0.00000393
 393    0.0000001  -0.00000080
 394    0.0000000  -0.00000027
 395    0.0000001  -0.00000066
 396    0.0000000  -0.00000031
 397    0.0000050  -0.00002134
 398    0.0000070  -0.00003390
 399    0.0000140  -0.00006006
 400    0.0000299  -0.00011424
 401    0.0000600  -0.00018993
 402    0.0000173  -0.00008344
 403    0.0000262  -0.00010272
 404    0.0000112  -0.00006049
 405    0.0001055  -0.00039906
 406    0.0000144  -0.00008073
 407    0.0000861  -0.00030065
 408    0.0000186  -0.00009114
 409    0.0000304  -0.00013766
 410    0.0000150  -0.00007766
 411    0.0000246  -0.00011368
 412    0.0000101  -0.00004867
 413    0.0000167  -0.00009359
 414    0.0000274  -0.00012622
 415    0.0000655  -0.00025865
 416    0.0000333  -0.00014997
 417    0.0000881  -0.00043725
 418    0.0000444  -0.00020255
 419    0.0000431  -0.00021058
 420    0.0000768  -0.00038939
 421    0.0000002  -0.00000283
 422    0.0000002  -0.00000218
 423    0.0000002  -0.00000223
 424    0.0000002  -0.00000179
 425    0.0000003  -0.00000269
 426    0.0000001  -0.00000047
 427    0.0000000  -0.00000027
 428    0.0000001  -0.00000056
 429    0.0000000  -0.00000023
 430    0.0000036  -0.00001508
 431    0.0000068  -0.00003242
 432    0.0000118  -0.00004895
 433    0.0000250  -0.00009899
 434    0.0000281  -0.00011708
 435    0.0000149  -0.00007317
 436    0.0000217  -0.00009105
 437    0.0000109  -0.00005524
 438    0.0000715  -0.00028620
 439    0.0000080  -0.00004363
 440    0.0000359  -0.00014828
 441    0.0000167  -0.00008292
 442    0.0000245  -0.00011517
 443    0.0000145  -0.00007438
 444    0.0000163  -0.00008345
 445    0.0000071  -0.00003817
 446    0.0000141  -0.00007837
 447    0.0000226  -0.00010953
 448    0.0000355  -0.00015819
 449    0.0000239  -0.00012286
 450    0.0000753  -0.00035147
 451    0.0000387  -0.00018329
 452    0.0000371  -0.00018899
 453    0.0000620  -0.00033034
 454    0.0000002  -0.00000253
 455    0.0000002  -0.00000172
 456    0.0000002  -0.00000195
 457    0.0000002  -0.00000162
 458    0.0000003  -0.00000308
 459    0.0000001  -0.00000046
 460    0.0000000  -0.00000025
 461    0.0000001  -0.00000049
 462    0.0000000  -0.00000021
 463    0.0000035  -0.00001393
 464    0.0000065  -0.00003140
 465    0.0000087  -0.00004121
 466    0.0000241  -0.00009222
 467    0.0000227  -0.00009610
 468    0.0000140  -0.00006805
 469    0.0000181  -0.00007755
 470    0.0000078  -0.00004079
 471    0.0000414  -0.00017211
 472    0.0000078  -0.00004100
 473    0.0000183  -0.00009422
 474    0.0000160  -0.00008328
 475    0.0000200  -0.00010408
 476    0.0000114  -0.00005656
 477    0.0000097  -0.00004702
 478    0.0000069  -0.00003665
 479    0.0000100  -0.00005485
 480    0.0000221  -0.00010623
 481    0.0000329  -0.00015645
 482    0.0000202  -0.00010876
 483    0.0000379  -0.00017905
 484    0.0000384  -0.00018964
 485    0.0000323  -0.00016731
 486    0.0000511  -0.00033661
 487    0.0000002  -0.00000247
 488    0.0000002  -0.00000167
 489    0.0000001  -0.00000119
 490    0.0000001  -0.00000126
 491    0.0000002  -0.00000275
 492    0.0000000  -0.00000037
 493    0.0000000  -0.00000017
 494    0.0000001  -0.00000043
 495    0.0000000  -0.00000016
 496    0.0000035  -0.00001383
 497    0.0000065  -0.00003080
 498    0.0000049  -0.00002487
 499    0.0000230  -0.00009495
 500    0.0000203  -0.00008386
 501    0.0000092  -0.00004460
 502    0.0000151  -0.00006708
 503    0.0000076  -0.00003961
 504    0.0000325  -0.00014388
 505    0.0000063  -0.00003415
 506    0.0000174  -0.00009255
 507    0.0000139  -0.00007515
 508    0.0000171  -0.00009636
 509    0.0000108  -0.00005700
 510    0.0000077  -0.00004127
 511    0.0000061  -0.00003381
 512    0.0000099  -0.00005277
 513    0.0000166  -0.00009425
 514    0.0000229  -0.00011930
 515    0.0000199  -0.00010823
 516    0.0000282  -0.00015249
 517    0.0000287  -0.00015389
 518    0.0000308  -0.00015645
 519    0.0000420  -0.00021671
 520    0.0000002  -0.00000255
 521    0.0000001  -0.00000142
 522    0.0000001  -0.00000105
 523    0.0000001  -0.00000136
 524    0.0000002  -0.00000203
 525    0.0000000  -0.00000036
 526    0.0000000  -0.00000019
 527    0.0000001  -0.00000043
 528    0.0000000  -0.00000015
 529    0.0000035  -0.00001305
 530    0.0000047  -0.00002537
 531    0.0000046  -0.00002467
 532    0.0000206  -0.00008509
 533    0.0000185  -0.00008231
 534    0.0000074  -0.00003796
 535    0.0000128  -0.00005739
 536    0.0000056  -0.00003203
 537    0.0000202  -0.00010396
 538    0.0000062  -0.00003387
 539    0.0000122  -0.00006822
 540    0.0000128  -0.00006620
 541    0.0000156  -0.00009051
 542    0.0000102  -0.00005044
 543    0.0000072  -0.00003870
 544    0.0000056  -0.00002981
 545    0.0000087  -0.00004736
 546    0.0000118  -0.00006356
 547    0.0000175  -0.00010635
 548    0.0000186  -0.00010257
 549    0.0000263  -0.00015251
 550    0.0000255  -0.00013596
 551    0.0000228  -0.00013040
 552    0.0000196  -0.00011966
 553    0.0000002  -0.00000217
 554    0.0000001  -0.00000141
 555    0.0000001  -0.00000105
 556    0.0000001  -0.00000101
 557    0.0000001  -0.00000121
 558    0.0000000  -0.00000028
 559    0.0000000  -0.00000014
 560    0.0000000  -0.00000038
 561    0.0000000  -0.00000016
 562    0.0000028  -0.00000891
 563    0.0000042  -0.00002060
 564    0.0000032  -0.00001674
 565    0.0000061  -0.00003236
 566    0.0000054  -0.00002987
 567    0.0000073  -0.00003803
 568    0.0000093  -0.00004359
 569    0.0000054  -0.00003014
 570    0.0000199  -0.00010642
 571    0.0000052  -0.00002942
 572    0.0000114  -0.00005782
 573    0.0000123  -0.00006238
 574    0.0000117  -0.00006418
 575    0.0000084  -0.00004636
 576    0.0000054  -0.00002943
 577    0.0000055  -0.00002932
 578    0.0000067  -0.00003752
 579    0.0000108  -0.00005702
 580    0.0000132  -0.00008327
 581    0.0000139  -0.00008516
 582    0.0000164  -0.00010028
 583    0.0000155  -0.00009674
 584    0.0000153  -0.00010767
 585    0.0000181  -0.00010899
 586    0.0000002  -0.00000173
 587    0.0000001  -0.00000117
 588    0.0000001  -0.00000090
 589    0.0000001  -0.00000097
 590    0.0000001  -0.00000100
 591    0.0000000  -0.00000023
 592    0.0000000  -0.00000010
 593    0.0000000  -0.00000035
 594    0.0000000  -0.00000013
 595    0.0000015  -0.00000679
 596    0.0000030  -0.00001621
 597    0.0000031  -0.00001497
 598    0.0000056  -0.00003144
 599    0.0000030  -0.00001592
 600    0.0000065  -0.00003491
 601    0.0000069  -0.00003574
 602    0.0000030  -0.00001762
 603    0.0000119  -0.00006456
 604    0.0000023  -0.00001271
 605    0.0000086  -0.00004515
 606    0.0000035  -0.00002203
 607    0.0000063  -0.00003779
 608    0.0000074  -0.00004041
 609    0.0000038  -0.00002388
 610    0.0000037  -0.00002270
 611    0.0000052  -0.00003201
 612    0.0000045  -0.00002894
 613    0.0000110  -0.00006738
 614    0.0000059  -0.00003834
 615    0.0000125  -0.00008144
 616    0.0000085  -0.00005712
 617    0.0000109  -0.00008626
 618    0.0000069  -0.00004499
 619    0.0000002  -0.00000148
 620    0.0000001  -0.00000066
 621    0.0000001  -0.00000069
 622    0.0000001  -0.00000063
 623    0.0000001  -0.00000100
 624    0.0000000  -0.00000022
 625    0.0000000  -0.00000009
 626    0.0000000  -0.00000025
 627    0.0000000  -0.00000009
 628    0.0000011  -0.00000583
 629    0.0000011  -0.00000705
 630    0.0000017  -0.00000841
 631    0.0000044  -0.00002529
 632    0.0000029  -0.00001521
 633    0.0000019  -0.00001019
 634    0.0000044  -0.00002605
 635    0.0000021  -0.00001142
 636    0.0000091  -0.00004947
 637    0.0000019  -0.00001123
 638    0.0000075  -0.00004246
 639    0.0000031  -0.00002055
 640    0.0000044  -0.00002914
 641    0.0000019  -0.00001024
 642    0.0000026  -0.00001571
 643    0.0000023  -0.00001139
 644    0.0000024  -0.00001394
 645    0.0000034  -0.00002318
 646    0.0000072  -0.00004529
 647    0.0000040  -0.00002749
 648    0.0000097  -0.00005840
 649    0.0000075  -0.00004941
 650    0.0000076  -0.00005044
 651    0.0000060  -0.00003969
 652    0.0000001  -0.00000079
 653    0.0000001  -0.00000062
 654    0.0000001  -0.00000065
 655    0.0000001  -0.00000046
 656    0.0000001  -0.00000089
 657    0.0000000  -0.00000016
 658    0.0000000  -0.00000009
 659    0.0000000  -0.00000016
 660    0.0000000  -0.00000008
 661    0.0000007  -0.00000430
 662    0.0000008  -0.00000486
 663    0.0000010  -0.00000587
 664    0.0000032  -0.00001641
 665    0.0000024  -0.00001241
 666    0.0000019  -0.00000988
 667    0.0000033  -0.00001929
 668    0.0000020  -0.00001062
 669    0.0000067  -0.00003820
 670    0.0000012  -0.00000742
 671    0.0000031  -0.00002152
 672    0.0000024  -0.00001276
 673    0.0000030  -0.00002089
 674    0.0000017  -0.00000915
 675    0.0000025  -0.00001456
 676    0.0000017  -0.00000912
 677    0.0000017  -0.00000937
 678    0.0000030  -0.00002010
 679    0.0000040  -0.00002924
 680    0.0000038  -0.00002604
 681    0.0000030  -0.00002442
 682    0.0000035  -0.00002559
 683    0.0000048  -0.00003274
 684    0.0000050  -0.00003520
 685    0.0000001  -0.00000051
 686    0.0000001  -0.00000051
 687    0.0000000  -0.00000039
 688    0.0000001  -0.00000041
 689    0.0000001  -0.00000062
 690    0.0000000  -0.00000014
 691    0.0000000  -0.00000008
 692    0.0000000  -0.00000013
 693    0.0000000  -0.00000008
 
----------------
 Final Energies 
----------------
Final NOF Total Energy =    -453.9795327
 
Total Orbital Internal Iterations = 10
Total Occupation Internal Iterations = 11
 
Elapsed time:  154.90 Seconds

---------------------------------
   Lowdin Population Analysis    
---------------------------------
 Idx  Atom   Population   Charge 
---------------------------------
  1     N     6.418       0.582
  2     N     6.405       0.595
  3     C     6.122      -0.122
  4     C     6.352      -0.352
  5     C     5.913       0.087
  6     C     6.630      -0.630
  7     C     5.735       0.265
  8     O     7.220       0.780
  9     O     7.688       0.312
 10     H     1.081      -0.081
 11     H     1.080      -0.080
 12     H     1.018      -0.018
 13     H     1.035      -0.035
 14     H     1.033      -0.033
 15     H     1.036      -0.036
 16     H     1.233      -0.233

---------------------------------
   M Diagnostic: 0.03
---------------------------------

