Computing Integrals
Basis Set                                            = def2-qzvp
Auxiliary Basis Set                                  = def2-universal-jkfit
Gaussian Type                                        = Spherical
Elapsed time:   13.74 Seconds

Number of basis functions                   (NBF)    = 522
Number of auxiliary basis functions         (NBFAUX) = 570
Inactive Doubly occupied orbitals up to     (NO1)    = 0
No. considered Strongly Doubly occupied MOs (NDOC)   = 30
No. considered Strongly Singly occupied MOs (NSOC)   = 0
NO. of Weakly occ. per St. Doubly occ.  MOs (NCWO)   = 16
Dimension of the Nat. Orb. subspace         (NBF5)   = 510
No. of electrons                                     = 60
    No. of alpha electrons                           = 30
    No. of beta electrons                            = 30
Multiplicity                                         = 1

Geometry
========
 H       0.9656380       1.6725350       0.0000000
 H      -0.9656380       1.6725350       0.0000000
 H      -1.9312770       0.0000000       0.0000000
 H      -0.9656380      -1.6725350       0.0000000
 H       1.9312770       0.0000000       0.0000000
 H       0.9656380      -1.6725350       0.0000000
 F      -1.9232030       1.1103620       0.2609190
 F       0.0000000       2.2207240      -0.2609190
 F      -1.9232030      -1.1103620      -0.2609190
 F       1.9232030       1.1103620       0.2609190
 F       0.0000000      -2.2207240       0.2609190
 F       1.9232030      -1.1103620      -0.2609190

No violations of the orthonormality
No violations of the orthonormality
 
PNOF8/ADABelief Calculation
==================
 
  Nitext  Nit_orb  Time   Nit_occ  Time         Eelec          Etot           Ediff      maxdiff    MaxGrad_orb  Grad_occ
     1      10    4.6e+01    8    3.4e+01  -897.33377342  -602.30917359 -10896.33377342   0.000974   3.9e-03   3.5e-04 0.02
 
RESULTS OF THE OCCUPATION OPTIMIZATION
========================================
   1    1.9999874  -26.37138181
   2    1.9999878  -26.37075163
   3    1.9999869  -26.37064998
   4    1.9999872  -26.37059999
   5    1.9999883  -26.37059445
   6    1.9999881  -26.37024235
   7    1.9896034  -1.68859507
   8    1.9895411  -1.67297124
   9    1.9897241  -1.63030491
  10    1.9873599  -1.61990809
  11    1.9891382  -1.60145472
  12    1.9876063  -1.58714287
  13    1.9861415  -0.94774115
  14    1.9832738  -0.85477494
  15    1.9832870  -0.85225425
  16    1.9830440  -0.83899889
  17    1.9828723  -0.82931532
  18    1.9807780  -0.80087898
  19    1.9801034  -0.78553603
  20    1.9815474  -0.77754403
  21    1.9814327  -0.76888025
  22    1.9741646  -0.75565759
  23    1.9739353  -0.75415572
  24    1.9743177  -0.75395787
  25    1.9739021  -0.75021801
  26    1.9740577  -0.74959842
  27    1.9741822  -0.74941570
  28    1.9792174  -0.74635249
  29    1.9792918  -0.74311999
  30    1.9791615  -0.73429624
  31    0.0107827  -0.02031730
  32    0.0109384  -0.02047792
  33    0.0109108  -0.02041474
  34    0.0216901  -0.04093819
  35    0.0221029  -0.04108957
  36    0.0222382  -0.04144821
  37    0.0216636  -0.04071417
  38    0.0221261  -0.04108154
  39    0.0217622  -0.04081481
  40    0.0116169  -0.02091773
  41    0.0116603  -0.02073449
  42    0.0100500  -0.01998089
  43    0.0095622  -0.01967801
  44    0.0102279  -0.02058570
  45    0.0104047  -0.02099863
  46    0.0101605  -0.02083603
  47    0.0101872  -0.02077574
  48    0.0056315  -0.01331920
  49    0.0044636  -0.01420264
  50    0.0049100  -0.01510860
  51    0.0069359  -0.02064199
  52    0.0034751  -0.00928777
  53    0.0049739  -0.01553047
  54    0.0050328  -0.01611903
  55    0.0000089  -0.00032014
  56    0.0000087  -0.00030907
  57    0.0000106  -0.00042745
  58    0.0000104  -0.00042528
  59    0.0000101  -0.00039729
  60    0.0000098  -0.00037837
  61    0.0041479  -0.00982844
  62    0.0042278  -0.00992931
  63    0.0042148  -0.00991372
  64    0.0029102  -0.00824744
  65    0.0029690  -0.00832997
  66    0.0030163  -0.00841936
  67    0.0029488  -0.00823876
  68    0.0030638  -0.00836275
  69    0.0030254  -0.00832817
  70    0.0044090  -0.01001319
  71    0.0046623  -0.01035575
  72    0.0040992  -0.00986610
  73    0.0040905  -0.01001728
  74    0.0043595  -0.00986799
  75    0.0041810  -0.00994958
  76    0.0041437  -0.00979891
  77    0.0042964  -0.00997589
  78    0.0044281  -0.01073313
  79    0.0033382  -0.00942486
  80    0.0032821  -0.00911288
  81    0.0032141  -0.00923849
  82    0.0033484  -0.00920091
  83    0.0033515  -0.00945868
  84    0.0032932  -0.00939915
  85    0.0000007  -0.00000989
  86    0.0000010  -0.00001244
  87    0.0000007  -0.00001556
  88    0.0000006  -0.00000983
  89    0.0000005  -0.00004154
  90    0.0000011  -0.00001402
  91    0.0040962  -0.00963522
  92    0.0040853  -0.00960656
  93    0.0041691  -0.00967642
  94    0.0002403  -0.00098251
  95    0.0002392  -0.00097576
  96    0.0002462  -0.00100557
  97    0.0002517  -0.00101505
  98    0.0002559  -0.00101876
  99    0.0002581  -0.00102244
 100    0.0010446  -0.00418338
 101    0.0005774  -0.00183828
 102    0.0040026  -0.00961845
 103    0.0038979  -0.00947051
 104    0.0008844  -0.00323809
 105    0.0007712  -0.00288830
 106    0.0008159  -0.00298750
 107    0.0008558  -0.00309501
 108    0.0011448  -0.00519550
 109    0.0031862  -0.00913910
 110    0.0010294  -0.00512271
 111    0.0010376  -0.00563083
 112    0.0011000  -0.00601388
 113    0.0007133  -0.00487162
 114    0.0006341  -0.00434480
 115    0.0000005  -0.00002548
 116    0.0000004  -0.00004803
 117    0.0000003  -0.00000997
 118    0.0000005  -0.00002882
 119    0.0000002  -0.00000578
 120    0.0000003  -0.00002213
 121    0.0007105  -0.00237039
 122    0.0004843  -0.00159131
 123    0.0004695  -0.00158178
 124    0.0002368  -0.00096837
 125    0.0002328  -0.00095835
 126    0.0002427  -0.00099179
 127    0.0002379  -0.00099166
 128    0.0002516  -0.00101002
 129    0.0002275  -0.00096063
 130    0.0003905  -0.00123841
 131    0.0003341  -0.00120411
 132    0.0007028  -0.00253541
 133    0.0007895  -0.00285430
 134    0.0005310  -0.00188507
 135    0.0004987  -0.00172173
 136    0.0005340  -0.00219428
 137    0.0004994  -0.00180709
 138    0.0008678  -0.00311878
 139    0.0006718  -0.00452691
 140    0.0007358  -0.00431602
 141    0.0005284  -0.00214066
 142    0.0010585  -0.00551064
 143    0.0004093  -0.00286656
 144    0.0004592  -0.00280680
 145    0.0000005  -0.00004361
 146    0.0000004  -0.00003728
 147    0.0000002  -0.00000469
 148    0.0000004  -0.00004584
 149    0.0000002  -0.00000463
 150    0.0000003  -0.00001594
 151    0.0004031  -0.00136736
 152    0.0003037  -0.00115792
 153    0.0002969  -0.00109833
 154    0.0002169  -0.00092576
 155    0.0002199  -0.00093090
 156    0.0002092  -0.00090858
 157    0.0002180  -0.00092638
 158    0.0002139  -0.00091726
 159    0.0002204  -0.00093161
 160    0.0003185  -0.00113438
 161    0.0003191  -0.00115925
 162    0.0003080  -0.00114309
 163    0.0003526  -0.00119623
 164    0.0004077  -0.00142293
 165    0.0003340  -0.00117702
 166    0.0003789  -0.00130137
 167    0.0004490  -0.00152029
 168    0.0006836  -0.00377720
 169    0.0002647  -0.00124954
 170    0.0003018  -0.00130283
 171    0.0002769  -0.00120256
 172    0.0007150  -0.00456680
 173    0.0002785  -0.00127839
 174    0.0003514  -0.00190918
 175    0.0000003  -0.00002482
 176    0.0000003  -0.00000514
 177    0.0000002  -0.00000470
 178    0.0000002  -0.00000419
 179    0.0000002  -0.00000396
 180    0.0000002  -0.00000548
 181    0.0002854  -0.00107972
 182    0.0002808  -0.00108626
 183    0.0002860  -0.00107836
 184    0.0002126  -0.00091740
 185    0.0000476  -0.00014150
 186    0.0000381  -0.00012189
 187    0.0002090  -0.00090991
 188    0.0000418  -0.00012676
 189    0.0002069  -0.00089909
 190    0.0003183  -0.00112422
 191    0.0003051  -0.00113390
 192    0.0002780  -0.00106380
 193    0.0003243  -0.00121585
 194    0.0003434  -0.00120613
 195    0.0003263  -0.00123599
 196    0.0003011  -0.00114913
 197    0.0001130  -0.00046297
 198    0.0004558  -0.00216141
 199    0.0002504  -0.00114351
 200    0.0002751  -0.00118190
 201    0.0002681  -0.00117680
 202    0.0003022  -0.00139014
 203    0.0002744  -0.00147637
 204    0.0002632  -0.00118509
 205    0.0000002  -0.00000380
 206    0.0000002  -0.00000422
 207    0.0000002  -0.00000366
 208    0.0000002  -0.00000352
 209    0.0000002  -0.00000352
 210    0.0000002  -0.00000414
 211    0.0002632  -0.00103969
 212    0.0002516  -0.00107807
 213    0.0002615  -0.00105193
 214    0.0002045  -0.00090822
 215    0.0000373  -0.00012565
 216    0.0000276  -0.00012417
 217    0.0000454  -0.00013435
 218    0.0000261  -0.00012285
 219    0.0000467  -0.00014137
 220    0.0002980  -0.00110326
 221    0.0002875  -0.00106630
 222    0.0002723  -0.00108954
 223    0.0000756  -0.00031646
 224    0.0001152  -0.00045547
 225    0.0001179  -0.00048258
 226    0.0001145  -0.00047898
 227    0.0000819  -0.00036674
 228    0.0003306  -0.00119058
 229    0.0000859  -0.00080693
 230    0.0001205  -0.00193184
 231    0.0002346  -0.00117547
 232    0.0001106  -0.00173763
 233    0.0002612  -0.00119875
 234    0.0001114  -0.00172632
 235    0.0000001  -0.00000286
 236    0.0000001  -0.00000296
 237    0.0000001  -0.00000293
 238    0.0000002  -0.00000376
 239    0.0000001  -0.00000266
 240    0.0000001  -0.00000360
 241    0.0000464  -0.00020997
 242    0.0000473  -0.00018978
 243    0.0000648  -0.00028470
 244    0.0000238  -0.00011559
 245    0.0000246  -0.00012049
 246    0.0000171  -0.00011226
 247    0.0000235  -0.00011572
 248    0.0000205  -0.00010472
 249    0.0000185  -0.00011116
 250    0.0000615  -0.00027470
 251    0.0001188  -0.00046932
 252    0.0000766  -0.00033846
 253    0.0000401  -0.00019371
 254    0.0000733  -0.00032043
 255    0.0001119  -0.00044677
 256    0.0000802  -0.00033865
 257    0.0000781  -0.00033687
 258    0.0000882  -0.00040863
 259    0.0000325  -0.00019617
 260    0.0000860  -0.00117482
 261    0.0000383  -0.00022302
 262    0.0000410  -0.00026286
 263    0.0000802  -0.00132823
 264    0.0000885  -0.00113443
 265    0.0000001  -0.00000262
 266    0.0000001  -0.00000256
 267    0.0000001  -0.00000248
 268    0.0000001  -0.00000247
 269    0.0000001  -0.00000267
 270    0.0000001  -0.00000260
 271    0.0000256  -0.00014244
 272    0.0000212  -0.00012517
 273    0.0000273  -0.00014796
 274    0.0000196  -0.00011251
 275    0.0000153  -0.00010774
 276    0.0000155  -0.00010617
 277    0.0000223  -0.00011049
 278    0.0000164  -0.00010657
 279    0.0000139  -0.00009708
 280    0.0000340  -0.00017201
 281    0.0000470  -0.00020699
 282    0.0000329  -0.00016436
 283    0.0000178  -0.00012437
 284    0.0000467  -0.00023325
 285    0.0000810  -0.00034706
 286    0.0000581  -0.00028019
 287    0.0000455  -0.00021429
 288    0.0000595  -0.00026481
 289    0.0000284  -0.00017991
 290    0.0000235  -0.00016307
 291    0.0000264  -0.00017548
 292    0.0000333  -0.00019285
 293    0.0000344  -0.00019764
 294    0.0000349  -0.00020022
 295    0.0000001  -0.00000237
 296    0.0000001  -0.00000206
 297    0.0000001  -0.00000257
 298    0.0000001  -0.00000243
 299    0.0000001  -0.00000251
 300    0.0000001  -0.00000220
 301    0.0000178  -0.00011956
 302    0.0000163  -0.00011566
 303    0.0000201  -0.00012978
 304    0.0000163  -0.00010619
 305    0.0000125  -0.00008197
 306    0.0000131  -0.00008776
 307    0.0000152  -0.00009955
 308    0.0000145  -0.00010468
 309    0.0000127  -0.00007164
 310    0.0000197  -0.00013230
 311    0.0000347  -0.00017038
 312    0.0000238  -0.00013366
 313    0.0000164  -0.00011949
 314    0.0000398  -0.00019881
 315    0.0000432  -0.00022514
 316    0.0000312  -0.00017499
 317    0.0000329  -0.00017392
 318    0.0000430  -0.00021889
 319    0.0000192  -0.00016211
 320    0.0000217  -0.00016300
 321    0.0000179  -0.00015254
 322    0.0000224  -0.00021655
 323    0.0000252  -0.00019361
 324    0.0000328  -0.00018770
 325    0.0000001  -0.00000222
 326    0.0000001  -0.00000199
 327    0.0000001  -0.00000196
 328    0.0000001  -0.00000205
 329    0.0000001  -0.00000188
 330    0.0000001  -0.00000155
 331    0.0000154  -0.00011142
 332    0.0000155  -0.00011406
 333    0.0000185  -0.00012084
 334    0.0000133  -0.00008222
 335    0.0000099  -0.00004671
 336    0.0000084  -0.00004341
 337    0.0000134  -0.00008916
 338    0.0000109  -0.00005798
 339    0.0000100  -0.00005623
 340    0.0000185  -0.00013142
 341    0.0000285  -0.00016437
 342    0.0000157  -0.00011605
 343    0.0000163  -0.00011968
 344    0.0000270  -0.00015374
 345    0.0000227  -0.00015371
 346    0.0000201  -0.00014510
 347    0.0000242  -0.00015707
 348    0.0000357  -0.00018213
 349    0.0000168  -0.00013507
 350    0.0000209  -0.00016844
 351    0.0000177  -0.00014942
 352    0.0000181  -0.00015254
 353    0.0000186  -0.00016071
 354    0.0000227  -0.00017582
 355    0.0000001  -0.00000144
 356    0.0000001  -0.00000199
 357    0.0000001  -0.00000172
 358    0.0000001  -0.00000147
 359    0.0000001  -0.00000167
 360    0.0000001  -0.00000156
 361    0.0000147  -0.00010950
 362    0.0000150  -0.00011334
 363    0.0000159  -0.00011385
 364    0.0000110  -0.00005744
 365    0.0000085  -0.00004302
 366    0.0000075  -0.00003182
 367    0.0000127  -0.00007726
 368    0.0000088  -0.00004385
 369    0.0000093  -0.00004737
 370    0.0000173  -0.00012313
 371    0.0000257  -0.00015981
 372    0.0000157  -0.00011565
 373    0.0000107  -0.00007808
 374    0.0000201  -0.00013743
 375    0.0000194  -0.00013503
 376    0.0000191  -0.00013362
 377    0.0000198  -0.00013307
 378    0.0000293  -0.00016537
 379    0.0000165  -0.00013186
 380    0.0000202  -0.00017209
 381    0.0000162  -0.00013031
 382    0.0000173  -0.00014124
 383    0.0000180  -0.00014789
 384    0.0000213  -0.00017354
 385    0.0000001  -0.00000107
 386    0.0000001  -0.00000146
 387    0.0000001  -0.00000095
 388    0.0000001  -0.00000126
 389    0.0000001  -0.00000084
 390    0.0000001  -0.00000107
 391    0.0000112  -0.00007421
 392    0.0000124  -0.00009159
 393    0.0000153  -0.00011128
 394    0.0000099  -0.00004535
 395    0.0000075  -0.00003815
 396    0.0000063  -0.00002639
 397    0.0000093  -0.00004549
 398    0.0000073  -0.00003320
 399    0.0000087  -0.00004237
 400    0.0000117  -0.00008826
 401    0.0000212  -0.00014252
 402    0.0000106  -0.00007223
 403    0.0000101  -0.00007230
 404    0.0000181  -0.00012672
 405    0.0000188  -0.00013539
 406    0.0000184  -0.00013262
 407    0.0000185  -0.00013022
 408    0.0000279  -0.00016372
 409    0.0000087  -0.00007540
 410    0.0000157  -0.00012801
 411    0.0000147  -0.00012457
 412    0.0000151  -0.00012719
 413    0.0000108  -0.00009073
 414    0.0000204  -0.00015841
 415    0.0000000  -0.00000064
 416    0.0000001  -0.00000108
 417    0.0000001  -0.00000072
 418    0.0000001  -0.00000108
 419    0.0000000  -0.00000059
 420    0.0000001  -0.00000082
 421    0.0000097  -0.00006727
 422    0.0000082  -0.00004860
 423    0.0000094  -0.00006558
 424    0.0000071  -0.00002889
 425    0.0000068  -0.00003086
 426    0.0000050  -0.00002141
 427    0.0000078  -0.00003266
 428    0.0000034  -0.00002532
 429    0.0000065  -0.00002781
 430    0.0000049  -0.00003155
 431    0.0000157  -0.00011874
 432    0.0000074  -0.00004658
 433    0.0000087  -0.00005796
 434    0.0000176  -0.00012802
 435    0.0000106  -0.00008055
 436    0.0000159  -0.00012075
 437    0.0000172  -0.00012256
 438    0.0000197  -0.00013835
 439    0.0000047  -0.00003412
 440    0.0000141  -0.00012147
 441    0.0000086  -0.00007216
 442    0.0000114  -0.00009421
 443    0.0000064  -0.00005029
 444    0.0000158  -0.00012488
 445    0.0000000  -0.00000041
 446    0.0000001  -0.00000076
 447    0.0000000  -0.00000060
 448    0.0000001  -0.00000075
 449    0.0000000  -0.00000046
 450    0.0000000  -0.00000057
 451    0.0000085  -0.00005079
 452    0.0000003  -0.00000416
 453    0.0000024  -0.00002245
 454    0.0000050  -0.00002176
 455    0.0000057  -0.00002248
 456    0.0000043  -0.00002374
 457    0.0000034  -0.00002426
 458    0.0000028  -0.00002159
 459    0.0000053  -0.00002157
 460    0.0000036  -0.00002819
 461    0.0000151  -0.00011743
 462    0.0000006  -0.00000662
 463    0.0000065  -0.00004052
 464    0.0000086  -0.00007006
 465    0.0000090  -0.00007077
 466    0.0000156  -0.00012089
 467    0.0000070  -0.00005217
 468    0.0000123  -0.00011309
 469    0.0000032  -0.00002977
 470    0.0000045  -0.00003390
 471    0.0000046  -0.00003369
 472    0.0000056  -0.00003903
 473    0.0000028  -0.00002791
 474    0.0000101  -0.00008323
 475    0.0000000  -0.00000031
 476    0.0000000  -0.00000047
 477    0.0000000  -0.00000043
 478    0.0000000  -0.00000029
 479    0.0000000  -0.00000041
 480    0.0000000  -0.00000040
 481    0.0000001  -0.00000135
 482    0.0000001  -0.00000086
 483    0.0000003  -0.00000460
 484    0.0000004  -0.00000462
 485    0.0000027  -0.00002177
 486    0.0000023  -0.00001570
 487    0.0000002  -0.00000295
 488    0.0000008  -0.00000778
 489    0.0000033  -0.00002408
 490    0.0000001  -0.00000243
 491    0.0000002  -0.00000337
 492    0.0000002  -0.00000313
 493    0.0000028  -0.00002399
 494    0.0000073  -0.00005561
 495    0.0000057  -0.00003581
 496    0.0000058  -0.00003685
 497    0.0000004  -0.00000537
 498    0.0000006  -0.00000686
 499    0.0000029  -0.00002553
 500    0.0000004  -0.00000541
 501    0.0000002  -0.00000353
 502    0.0000019  -0.00001897
 503    0.0000003  -0.00000482
 504    0.0000048  -0.00003456
 505    0.0000000  -0.00000018
 506    0.0000000  -0.00000028
 507    0.0000000  -0.00000037
 508    0.0000000  -0.00000024
 509    0.0000000  -0.00000025
 510    0.0000000  -0.00000025
 
----------------
 Final Energies 
----------------
Final NOF Total Energy =    -602.3091736
 
Total Orbital Internal Iterations = 10
Total Occupation Internal Iterations = 8
 
Elapsed time:  103.01 Seconds

---------------------------------
   Lowdin Population Analysis    
---------------------------------
 Idx  Atom   Population   Charge 
---------------------------------
  1     H     1.599      -0.599
  2     H     1.598      -0.598
  3     H     1.599      -0.599
  4     H     1.599      -0.599
  5     H     1.599      -0.599
  6     H     1.599      -0.599
  7     F     8.402       0.598
  8     F     8.397       0.603
  9     F     8.403       0.597
 10     F     8.403       0.597
 11     F     8.402       0.598
 12     F     8.401       0.599

---------------------------------
   M Diagnostic: 0.02
---------------------------------

