Computing Integrals
Basis Set                                            = def2-qzvp
Auxiliary Basis Set                                  = def2-universal-jkfit
Gaussian Type                                        = Spherical
Elapsed time:    2.98 Seconds

Number of basis functions                   (NBF)    = 264
Number of auxiliary basis functions         (NBFAUX) = 242
Inactive Doubly occupied orbitals up to     (NO1)    = 0
No. considered Strongly Doubly occupied MOs (NDOC)   = 9
No. considered Strongly Singly occupied MOs (NSOC)   = 0
NO. of Weakly occ. per St. Doubly occ.  MOs (NCWO)   = 28
Dimension of the Nat. Orb. subspace         (NBF5)   = 261
No. of electrons                                     = 18
    No. of alpha electrons                           = 9
    No. of beta electrons                            = 9
Multiplicity                                         = 1

Geometry
========
 N       0.3590120       0.1821006      -0.8269715
 H       1.1876077      -0.4027530      -0.8773136
 H      -0.3028156      -0.2075590      -1.4852085
 C      -0.2010054       0.1025828       0.5204066
 H      -1.0950844       0.7204289       0.5816275
 H      -0.4650921      -0.9046595       0.8579122
 H       0.5173778       0.5098591       1.2295473

No violations of the orthonormality
No violations of the orthonormality
 
PNOF8/ADABelief Calculation
==================
 
  Nitext  Nit_orb  Time   Nit_occ  Time         Eelec          Etot           Ediff      maxdiff    MaxGrad_orb  Grad_occ
     1      10    2.1e+01    0    2.3e+01  -137.84522295   -95.75313360 -10136.84522295   0.000624   2.5e-03   2.6e-04 0.03
 
RESULTS OF THE OCCUPATION OPTIMIZATION
========================================
   1    1.9999699  -14.60831483
   2    1.9999588  -12.19682773
   3    1.9861882  -1.11354195
   4    1.9791417  -0.83735911
   5    1.9724085  -0.61772684
   6    1.9723641  -0.61654128
   7    1.9738810  -0.60578637
   8    1.9736116  -0.60351330
   9    1.9713836  -0.59780834
  10    0.0228495  -0.03420236
  11    0.0167969  -0.02057235
  12    0.0168722  -0.02067523
  13    0.0175513  -0.02416982
  14    0.0172342  -0.02388461
  15    0.0133010  -0.01954714
  16    0.0064247  -0.01411280
  17    0.0000310  -0.00066067
  18    0.0000259  -0.00067236
  19    0.0041609  -0.00792398
  20    0.0046352  -0.00658166
  21    0.0046564  -0.00661564
  22    0.0046640  -0.00782442
  23    0.0046809  -0.00812804
  24    0.0035124  -0.00585598
  25    0.0018553  -0.00666636
  26    0.0000032  -0.00007017
  27    0.0000014  -0.00001690
  28    0.0006857  -0.00175422
  29    0.0020307  -0.00347941
  30    0.0018098  -0.00321292
  31    0.0040661  -0.00712486
  32    0.0041079  -0.00725716
  33    0.0015032  -0.00304857
  34    0.0010565  -0.00448992
  35    0.0000026  -0.00005639
  36    0.0000011  -0.00002257
  37    0.0004948  -0.00128218
  38    0.0010786  -0.00218090
  39    0.0010989  -0.00222761
  40    0.0005554  -0.00143847
  41    0.0005471  -0.00127572
  42    0.0010309  -0.00252738
  43    0.0010245  -0.00333998
  44    0.0000020  -0.00001174
  45    0.0000007  -0.00002182
  46    0.0002102  -0.00056782
  47    0.0005258  -0.00109080
  48    0.0005336  -0.00110978
  49    0.0002081  -0.00059027
  50    0.0003406  -0.00082976
  51    0.0003863  -0.00107615
  52    0.0009753  -0.00470699
  53    0.0000019  -0.00001184
  54    0.0000007  -0.00004749
  55    0.0000693  -0.00023401
  56    0.0002853  -0.00069900
  57    0.0003120  -0.00077078
  58    0.0001796  -0.00051558
  59    0.0001986  -0.00059847
  60    0.0003050  -0.00098823
  61    0.0006189  -0.00229283
  62    0.0000001  -0.00000171
  63    0.0000000  -0.00000054
  64    0.0000420  -0.00015475
  65    0.0002792  -0.00070239
  66    0.0002654  -0.00061987
  67    0.0000863  -0.00027651
  68    0.0001373  -0.00039619
  69    0.0002154  -0.00102178
  70    0.0005822  -0.00150967
  71    0.0000000  -0.00000070
  72    0.0000000  -0.00000030
  73    0.0000271  -0.00010133
  74    0.0001986  -0.00052598
  75    0.0001409  -0.00043308
  76    0.0000655  -0.00022341
  77    0.0000832  -0.00026678
  78    0.0001313  -0.00056734
  79    0.0004522  -0.00193152
  80    0.0000000  -0.00000054
  81    0.0000000  -0.00000023
  82    0.0000232  -0.00009459
  83    0.0001840  -0.00047817
  84    0.0000989  -0.00026463
  85    0.0000562  -0.00018130
  86    0.0000708  -0.00022638
  87    0.0001116  -0.00068201
  88    0.0003736  -0.00169295
  89    0.0000000  -0.00000042
  90    0.0000000  -0.00000022
  91    0.0000105  -0.00004393
  92    0.0000919  -0.00025852
  93    0.0000739  -0.00020514
  94    0.0000409  -0.00014233
  95    0.0000427  -0.00014478
  96    0.0000957  -0.00027531
  97    0.0000970  -0.00038157
  98    0.0000000  -0.00000047
  99    0.0000000  -0.00000021
 100    0.0000091  -0.00003870
 101    0.0000724  -0.00022222
 102    0.0000494  -0.00015483
 103    0.0000393  -0.00013936
 104    0.0000369  -0.00014556
 105    0.0000640  -0.00021069
 106    0.0000656  -0.00026267
 107    0.0000000  -0.00000043
 108    0.0000000  -0.00000020
 109    0.0000060  -0.00002462
 110    0.0000518  -0.00016267
 111    0.0000446  -0.00014443
 112    0.0000253  -0.00010800
 113    0.0000260  -0.00010624
 114    0.0000472  -0.00018169
 115    0.0000522  -0.00020016
 116    0.0000000  -0.00000042
 117    0.0000000  -0.00000017
 118    0.0000052  -0.00002443
 119    0.0000380  -0.00013095
 120    0.0000340  -0.00012470
 121    0.0000215  -0.00008873
 122    0.0000169  -0.00007196
 123    0.0000385  -0.00015870
 124    0.0000466  -0.00016745
 125    0.0000000  -0.00000040
 126    0.0000000  -0.00000017
 127    0.0000044  -0.00001441
 128    0.0000202  -0.00008199
 129    0.0000273  -0.00010448
 130    0.0000151  -0.00006626
 131    0.0000105  -0.00004025
 132    0.0000279  -0.00012767
 133    0.0000338  -0.00014221
 134    0.0000000  -0.00000039
 135    0.0000000  -0.00000015
 136    0.0000024  -0.00000596
 137    0.0000183  -0.00007505
 138    0.0000188  -0.00008488
 139    0.0000120  -0.00004681
 140    0.0000102  -0.00004136
 141    0.0000138  -0.00007173
 142    0.0000297  -0.00013378
 143    0.0000000  -0.00000043
 144    0.0000000  -0.00000016
 145    0.0000021  -0.00000454
 146    0.0000146  -0.00006211
 147    0.0000160  -0.00006767
 148    0.0000084  -0.00003547
 149    0.0000079  -0.00003539
 150    0.0000134  -0.00006241
 151    0.0000248  -0.00011425
 152    0.0000000  -0.00000038
 153    0.0000000  -0.00000014
 154    0.0000018  -0.00000195
 155    0.0000123  -0.00005242
 156    0.0000133  -0.00005655
 157    0.0000069  -0.00003081
 158    0.0000074  -0.00002940
 159    0.0000091  -0.00004636
 160    0.0000206  -0.00009967
 161    0.0000000  -0.00000035
 162    0.0000000  -0.00000012
 163    0.0000014  -0.00000264
 164    0.0000097  -0.00004349
 165    0.0000097  -0.00004409
 166    0.0000064  -0.00002670
 167    0.0000066  -0.00002902
 168    0.0000086  -0.00004067
 169    0.0000140  -0.00007812
 170    0.0000000  -0.00000034
 171    0.0000000  -0.00000012
 172    0.0000013  -0.00000199
 173    0.0000085  -0.00003683
 174    0.0000079  -0.00003493
 175    0.0000045  -0.00001298
 176    0.0000057  -0.00002523
 177    0.0000075  -0.00004043
 178    0.0000121  -0.00006977
 179    0.0000000  -0.00000034
 180    0.0000000  -0.00000011
 181    0.0000013  -0.00000204
 182    0.0000068  -0.00003166
 183    0.0000066  -0.00003024
 184    0.0000039  -0.00001088
 185    0.0000038  -0.00000959
 186    0.0000067  -0.00003580
 187    0.0000101  -0.00005410
 188    0.0000000  -0.00000032
 189    0.0000000  -0.00000012
 190    0.0000012  -0.00000170
 191    0.0000062  -0.00002522
 192    0.0000060  -0.00002590
 193    0.0000037  -0.00001026
 194    0.0000034  -0.00000847
 195    0.0000057  -0.00002914
 196    0.0000094  -0.00004934
 197    0.0000000  -0.00000031
 198    0.0000000  -0.00000011
 199    0.0000012  -0.00000194
 200    0.0000052  -0.00001888
 201    0.0000050  -0.00001856
 202    0.0000030  -0.00000678
 203    0.0000026  -0.00000488
 204    0.0000050  -0.00002509
 205    0.0000083  -0.00004395
 206    0.0000000  -0.00000029
 207    0.0000000  -0.00000009
 208    0.0000011  -0.00000138
 209    0.0000041  -0.00001452
 210    0.0000037  -0.00001182
 211    0.0000026  -0.00000488
 212    0.0000020  -0.00000375
 213    0.0000041  -0.00001905
 214    0.0000063  -0.00003663
 215    0.0000000  -0.00000028
 216    0.0000000  -0.00000010
 217    0.0000010  -0.00000126
 218    0.0000035  -0.00000918
 219    0.0000037  -0.00000864
 220    0.0000025  -0.00000476
 221    0.0000020  -0.00000297
 222    0.0000033  -0.00001461
 223    0.0000046  -0.00002632
 224    0.0000000  -0.00000028
 225    0.0000000  -0.00000013
 226    0.0000010  -0.00000137
 227    0.0000031  -0.00000548
 228    0.0000035  -0.00000891
 229    0.0000021  -0.00000365
 230    0.0000019  -0.00000245
 231    0.0000033  -0.00001479
 232    0.0000041  -0.00002251
 233    0.0000000  -0.00000027
 234    0.0000000  -0.00000011
 235    0.0000009  -0.00000140
 236    0.0000028  -0.00000474
 237    0.0000028  -0.00000519
 238    0.0000019  -0.00000273
 239    0.0000015  -0.00000255
 240    0.0000032  -0.00001245
 241    0.0000034  -0.00001801
 242    0.0000000  -0.00000028
 243    0.0000000  -0.00000007
 244    0.0000008  -0.00000125
 245    0.0000026  -0.00000413
 246    0.0000026  -0.00000497
 247    0.0000017  -0.00000235
 248    0.0000014  -0.00000202
 249    0.0000024  -0.00000811
 250    0.0000030  -0.00001323
 251    0.0000000  -0.00000028
 252    0.0000000  -0.00000007
 253    0.0000008  -0.00000151
 254    0.0000020  -0.00000390
 255    0.0000021  -0.00000317
 256    0.0000014  -0.00000198
 257    0.0000012  -0.00000180
 258    0.0000020  -0.00000559
 259    0.0000028  -0.00001382
 260    0.0000000  -0.00000026
 261    0.0000000  -0.00000006
 
----------------
 Final Energies 
----------------
Final NOF Total Energy =     -95.7531336
 
Total Orbital Internal Iterations = 10
Total Occupation Internal Iterations = 0
 
Elapsed time:   57.43 Seconds

---------------------------------
   Lowdin Population Analysis    
---------------------------------
 Idx  Atom   Population   Charge 
---------------------------------
  1     N     6.488       0.512
  2     H     1.188      -0.188
  3     H     1.194      -0.194
  4     C     5.904       0.096
  5     H     1.072      -0.072
  6     H     1.082      -0.082
  7     H     1.072      -0.072

---------------------------------
   M Diagnostic: 0.03
---------------------------------

