Computing Integrals
Basis Set                                            = def2-qzvp
Auxiliary Basis Set                                  = def2-universal-jkfit
Gaussian Type                                        = Spherical
Elapsed time:   10.55 Seconds

Number of basis functions                   (NBF)    = 348
Number of auxiliary basis functions         (NBFAUX) = 376
Inactive Doubly occupied orbitals up to     (NO1)    = 0
No. considered Strongly Doubly occupied MOs (NDOC)   = 16
No. considered Strongly Singly occupied MOs (NSOC)   = 0
NO. of Weakly occ. per St. Doubly occ.  MOs (NCWO)   = 20
Dimension of the Nat. Orb. subspace         (NBF5)   = 336
No. of electrons                                     = 32
    No. of alpha electrons                           = 16
    No. of beta electrons                            = 16
Multiplicity                                         = 1

Geometry
========
 C       0.5544489       0.1536963       0.0386589
 O       1.2579970       1.1270143       0.2784116
 O       1.0268546      -1.0485265      -0.2496123
 H       2.0205938      -1.0157217      -0.2349892
 C      -0.9422696       0.1991055       0.0428563
 H      -1.2798398       1.2040197       0.2649153
 H      -1.3167311      -0.1210538      -0.9263966
 H      -1.3210538      -0.4985339       0.7861560

No violations of the orthonormality
No violations of the orthonormality
 
PNOF8/ADABelief Calculation
==================
 
  Nitext  Nit_orb  Time   Nit_occ  Time         Eelec          Etot           Ediff      maxdiff    MaxGrad_orb  Grad_occ
     1      10    1.0e+02    0    2.5e+01  -350.21795203  -228.86465836 -10349.21795203   0.000485   1.9e-03   1.8e-04 0.03
 
RESULTS OF THE OCCUPATION OPTIMIZATION
========================================
   1    1.9999879  -20.62907475
   2    1.9999882  -20.59368374
   3    1.9999720  -11.34243600
   4    1.9999700  -11.29117243
   5    1.9859111  -1.36010383
   6    1.9863755  -1.33598709
   7    1.9825137  -0.97743033
   8    1.9735021  -0.77682405
   9    1.9744578  -0.77032066
  10    1.9724686  -0.75886985
  11    1.9754919  -0.72295069
  12    1.9791844  -0.64094191
  13    1.9734807  -0.62041487
  14    1.9735933  -0.61890531
  15    1.9799074  -0.61507903
  16    1.9649465  -0.54325554
  17    0.0309656  -0.04619246
  18    0.0079131  -0.01497557
  19    0.0147434  -0.01901024
  20    0.0148311  -0.01932250
  21    0.0085372  -0.01546057
  22    0.0180717  -0.02896382
  23    0.0232839  -0.04133052
  24    0.0207952  -0.03723763
  25    0.0210992  -0.03203854
  26    0.0109568  -0.01801580
  27    0.0067605  -0.01883676
  28    0.0065406  -0.01792785
  29    0.0000239  -0.00052079
  30    0.0000210  -0.00045231
  31    0.0000106  -0.00039036
  32    0.0000107  -0.00039380
  33    0.0031505  -0.00666592
  34    0.0045486  -0.00942097
  35    0.0045046  -0.00705899
  36    0.0043924  -0.00658306
  37    0.0048674  -0.00974921
  38    0.0023644  -0.00532841
  39    0.0032634  -0.00792152
  40    0.0034182  -0.00788343
  41    0.0038932  -0.00817382
  42    0.0020538  -0.00721652
  43    0.0028326  -0.00715508
  44    0.0030439  -0.00790695
  45    0.0000017  -0.00006502
  46    0.0000023  -0.00007149
  47    0.0000002  -0.00001291
  48    0.0000004  -0.00002963
  49    0.0002348  -0.00075579
  50    0.0039527  -0.00822517
  51    0.0042944  -0.00652596
  52    0.0041459  -0.00642972
  53    0.0047877  -0.00928837
  54    0.0022066  -0.00501750
  55    0.0002805  -0.00094008
  56    0.0003984  -0.00133283
  57    0.0004519  -0.00129455
  58    0.0010460  -0.00292821
  59    0.0014849  -0.00635519
  60    0.0016432  -0.00655231
  61    0.0000009  -0.00003668
  62    0.0000013  -0.00001927
  63    0.0000002  -0.00001083
  64    0.0000002  -0.00000195
  65    0.0002283  -0.00073488
  66    0.0011312  -0.00407084
  67    0.0009398  -0.00189564
  68    0.0012047  -0.00242809
  69    0.0007015  -0.00264924
  70    0.0009390  -0.00230558
  71    0.0002568  -0.00085379
  72    0.0002519  -0.00086632
  73    0.0004072  -0.00115211
  74    0.0009954  -0.00304686
  75    0.0006442  -0.00275636
  76    0.0010524  -0.00451812
  77    0.0000006  -0.00000806
  78    0.0000006  -0.00002472
  79    0.0000002  -0.00000282
  80    0.0000001  -0.00000177
  81    0.0001784  -0.00057722
  82    0.0009646  -0.00299882
  83    0.0006505  -0.00148692
  84    0.0008817  -0.00209347
  85    0.0005815  -0.00230323
  86    0.0002495  -0.00074425
  87    0.0001652  -0.00056655
  88    0.0002238  -0.00077179
  89    0.0002171  -0.00074767
  90    0.0009203  -0.00254295
  91    0.0005179  -0.00275925
  92    0.0006084  -0.00221701
  93    0.0000006  -0.00000768
  94    0.0000006  -0.00001558
  95    0.0000001  -0.00000138
  96    0.0000001  -0.00000172
  97    0.0001590  -0.00053577
  98    0.0006582  -0.00343314
  99    0.0003675  -0.00085761
 100    0.0004843  -0.00116919
 101    0.0003463  -0.00112398
 102    0.0002436  -0.00074487
 103    0.0001071  -0.00041175
 104    0.0002103  -0.00072895
 105    0.0002168  -0.00075569
 106    0.0005322  -0.00146895
 107    0.0004736  -0.00173540
 108    0.0003687  -0.00223215
 109    0.0000006  -0.00000614
 110    0.0000005  -0.00001274
 111    0.0000001  -0.00000130
 112    0.0000001  -0.00000085
 113    0.0000484  -0.00013718
 114    0.0002939  -0.00132246
 115    0.0002838  -0.00071476
 116    0.0002324  -0.00057906
 117    0.0003326  -0.00101060
 118    0.0001852  -0.00055980
 119    0.0000515  -0.00021828
 120    0.0001039  -0.00038799
 121    0.0000540  -0.00021346
 122    0.0003862  -0.00117999
 123    0.0003184  -0.00173570
 124    0.0003563  -0.00194093
 125    0.0000003  -0.00000747
 126    0.0000003  -0.00001094
 127    0.0000000  -0.00000041
 128    0.0000001  -0.00000080
 129    0.0000373  -0.00009501
 130    0.0001500  -0.00058011
 131    0.0002394  -0.00056623
 132    0.0000938  -0.00025593
 133    0.0002307  -0.00088387
 134    0.0000877  -0.00029070
 135    0.0000316  -0.00014320
 136    0.0000300  -0.00013982
 137    0.0000366  -0.00012863
 138    0.0001342  -0.00048732
 139    0.0001952  -0.00109143
 140    0.0001404  -0.00087148
 141    0.0000002  -0.00000565
 142    0.0000002  -0.00000504
 143    0.0000000  -0.00000041
 144    0.0000000  -0.00000051
 145    0.0000093  -0.00003521
 146    0.0001159  -0.00044284
 147    0.0001079  -0.00029108
 148    0.0000607  -0.00018036
 149    0.0000890  -0.00034125
 150    0.0000359  -0.00013718
 151    0.0000173  -0.00008959
 152    0.0000246  -0.00011285
 153    0.0000320  -0.00013281
 154    0.0001163  -0.00045469
 155    0.0001106  -0.00124976
 156    0.0000892  -0.00088386
 157    0.0000002  -0.00000257
 158    0.0000002  -0.00000239
 159    0.0000000  -0.00000039
 160    0.0000000  -0.00000045
 161    0.0000085  -0.00003350
 162    0.0001005  -0.00037864
 163    0.0000675  -0.00020825
 164    0.0000498  -0.00014683
 165    0.0000854  -0.00031160
 166    0.0000325  -0.00013082
 167    0.0000163  -0.00008671
 168    0.0000197  -0.00010237
 169    0.0000214  -0.00009532
 170    0.0000980  -0.00029736
 171    0.0000793  -0.00074385
 172    0.0000714  -0.00047027
 173    0.0000002  -0.00000203
 174    0.0000001  -0.00000172
 175    0.0000000  -0.00000032
 176    0.0000000  -0.00000038
 177    0.0000069  -0.00002486
 178    0.0000756  -0.00030170
 179    0.0000456  -0.00014201
 180    0.0000332  -0.00012501
 181    0.0000666  -0.00026545
 182    0.0000171  -0.00008171
 183    0.0000140  -0.00006813
 184    0.0000160  -0.00009396
 185    0.0000151  -0.00008599
 186    0.0000852  -0.00028045
 187    0.0000420  -0.00022815
 188    0.0000414  -0.00020006
 189    0.0000001  -0.00000164
 190    0.0000001  -0.00000164
 191    0.0000000  -0.00000030
 192    0.0000000  -0.00000032
 193    0.0000048  -0.00001801
 194    0.0000536  -0.00022862
 195    0.0000439  -0.00014447
 196    0.0000304  -0.00010496
 197    0.0000471  -0.00021291
 198    0.0000159  -0.00008185
 199    0.0000078  -0.00004021
 200    0.0000145  -0.00008114
 201    0.0000142  -0.00007512
 202    0.0000571  -0.00022565
 203    0.0000374  -0.00019525
 204    0.0000316  -0.00016478
 205    0.0000001  -0.00000135
 206    0.0000001  -0.00000117
 207    0.0000000  -0.00000028
 208    0.0000000  -0.00000034
 209    0.0000046  -0.00001667
 210    0.0000316  -0.00014919
 211    0.0000371  -0.00013235
 212    0.0000177  -0.00007423
 213    0.0000292  -0.00013152
 214    0.0000120  -0.00005728
 215    0.0000069  -0.00003353
 216    0.0000108  -0.00005974
 217    0.0000098  -0.00004574
 218    0.0000293  -0.00013568
 219    0.0000298  -0.00015750
 220    0.0000216  -0.00012129
 221    0.0000001  -0.00000126
 222    0.0000001  -0.00000115
 223    0.0000000  -0.00000020
 224    0.0000000  -0.00000031
 225    0.0000044  -0.00001661
 226    0.0000262  -0.00012377
 227    0.0000235  -0.00009244
 228    0.0000166  -0.00007296
 229    0.0000286  -0.00013073
 230    0.0000107  -0.00005173
 231    0.0000063  -0.00003272
 232    0.0000077  -0.00004192
 233    0.0000083  -0.00003807
 234    0.0000207  -0.00010943
 235    0.0000221  -0.00012252
 236    0.0000201  -0.00011684
 237    0.0000001  -0.00000113
 238    0.0000001  -0.00000086
 239    0.0000000  -0.00000020
 240    0.0000000  -0.00000019
 241    0.0000035  -0.00001146
 242    0.0000232  -0.00011104
 243    0.0000187  -0.00008235
 244    0.0000151  -0.00007137
 245    0.0000219  -0.00011088
 246    0.0000101  -0.00005055
 247    0.0000061  -0.00003063
 248    0.0000046  -0.00002678
 249    0.0000061  -0.00003122
 250    0.0000175  -0.00011104
 251    0.0000204  -0.00012008
 252    0.0000195  -0.00011265
 253    0.0000001  -0.00000088
 254    0.0000001  -0.00000071
 255    0.0000000  -0.00000018
 256    0.0000000  -0.00000016
 257    0.0000028  -0.00000921
 258    0.0000161  -0.00009583
 259    0.0000154  -0.00007197
 260    0.0000124  -0.00005410
 261    0.0000211  -0.00010730
 262    0.0000077  -0.00004025
 263    0.0000057  -0.00002922
 264    0.0000044  -0.00002376
 265    0.0000040  -0.00002293
 266    0.0000154  -0.00009759
 267    0.0000174  -0.00010035
 268    0.0000153  -0.00009913
 269    0.0000001  -0.00000074
 270    0.0000001  -0.00000069
 271    0.0000000  -0.00000013
 272    0.0000000  -0.00000014
 273    0.0000025  -0.00000879
 274    0.0000144  -0.00008857
 275    0.0000100  -0.00004553
 276    0.0000098  -0.00004132
 277    0.0000183  -0.00009393
 278    0.0000070  -0.00003748
 279    0.0000049  -0.00002405
 280    0.0000027  -0.00001315
 281    0.0000038  -0.00002134
 282    0.0000085  -0.00005742
 283    0.0000156  -0.00009558
 284    0.0000094  -0.00006699
 285    0.0000001  -0.00000072
 286    0.0000001  -0.00000058
 287    0.0000000  -0.00000010
 288    0.0000000  -0.00000014
 289    0.0000021  -0.00000718
 290    0.0000091  -0.00005288
 291    0.0000055  -0.00002724
 292    0.0000029  -0.00001372
 293    0.0000119  -0.00006733
 294    0.0000056  -0.00002968
 295    0.0000039  -0.00002070
 296    0.0000022  -0.00001126
 297    0.0000034  -0.00001732
 298    0.0000064  -0.00004156
 299    0.0000096  -0.00006588
 300    0.0000085  -0.00005398
 301    0.0000001  -0.00000065
 302    0.0000000  -0.00000054
 303    0.0000000  -0.00000011
 304    0.0000000  -0.00000013
 305    0.0000009  -0.00000459
 306    0.0000072  -0.00004023
 307    0.0000051  -0.00002484
 308    0.0000023  -0.00001088
 309    0.0000065  -0.00003601
 310    0.0000033  -0.00001794
 311    0.0000014  -0.00000689
 312    0.0000017  -0.00000903
 313    0.0000020  -0.00000957
 314    0.0000038  -0.00002802
 315    0.0000065  -0.00004833
 316    0.0000044  -0.00003130
 317    0.0000000  -0.00000043
 318    0.0000000  -0.00000053
 319    0.0000000  -0.00000008
 320    0.0000000  -0.00000011
 321    0.0000008  -0.00000384
 322    0.0000067  -0.00003721
 323    0.0000029  -0.00001550
 324    0.0000020  -0.00000974
 325    0.0000052  -0.00003153
 326    0.0000026  -0.00001348
 327    0.0000011  -0.00000588
 328    0.0000015  -0.00000862
 329    0.0000016  -0.00000781
 330    0.0000031  -0.00002204
 331    0.0000064  -0.00004132
 332    0.0000026  -0.00001865
 333    0.0000000  -0.00000032
 334    0.0000000  -0.00000050
 335    0.0000000  -0.00000008
 336    0.0000000  -0.00000012
 
----------------
 Final Energies 
----------------
Final NOF Total Energy =    -228.8646584
 
Total Orbital Internal Iterations = 10
Total Occupation Internal Iterations = 0
 
Elapsed time:  147.16 Seconds

---------------------------------
   Lowdin Population Analysis    
---------------------------------
 Idx  Atom   Population   Charge 
---------------------------------
  1     C     6.709      -0.709
  2     O     7.768       0.232
  3     O     7.375       0.625
  4     H     1.232      -0.232
  5     C     5.768       0.232
  6     H     1.049      -0.049
  7     H     1.048      -0.048
  8     H     1.050      -0.050

---------------------------------
   M Diagnostic: 0.03
---------------------------------

