Computing Integrals
Basis Set                                            = def2-qzvp
Auxiliary Basis Set                                  = def2-universal-jkfit
Gaussian Type                                        = Spherical
Elapsed time:    3.70 Seconds

Number of basis functions                   (NBF)    = 147
Number of auxiliary basis functions         (NBFAUX) = 131
Inactive Doubly occupied orbitals up to     (NO1)    = 0
No. considered Strongly Doubly occupied MOs (NDOC)   = 4
No. considered Strongly Singly occupied MOs (NSOC)   = 1
NO. of Weakly occ. per St. Doubly occ.  MOs (NCWO)   = 35
Dimension of the Nat. Orb. subspace         (NBF5)   = 145
No. of electrons                                     = 9
    No. of alpha electrons                           = 5
    No. of beta electrons                            = 4
Multiplicity                                         = 2

Geometry
========
 N       0.0000000       0.0000000       0.0000000
 H       0.5094001      -0.8823069       0.0000000
 H       0.5094001       0.8823069       0.0000000
 H      -1.0188002       0.0000000       0.0000000

No violations of the orthonormality
No violations of the orthonormality
 
PNOF8/ADABelief Calculation
==================
 
  Nitext  Nit_orb  Time   Nit_occ  Time         Eelec          Etot           Ediff      maxdiff    MaxGrad_orb  Grad_occ
     1      10    4.5e+01    5    2.5e+01   -67.94381903   -56.13653975 -10066.94381903   0.000878   3.5e-03   1.7e-04 0.02
 
RESULTS OF THE OCCUPATION OPTIMIZATION
========================================
   1    1.9999305  -16.00882046
   2    1.9788486  -1.49618908
   3    1.9740682  -1.09962081
   4    1.9737442  -1.09896105
   5    1.0000000  -0.47472056
   6    0.0160671  -0.02578678
   7    0.0158790  -0.02561689
   8    0.0127394  -0.02446743
   9    0.0000644  -0.00181854
  10    0.0043386  -0.00839667
  11    0.0039829  -0.00783301
  12    0.0031759  -0.00738310
  13    0.0000037  -0.00014476
  14    0.0030565  -0.00614108
  15    0.0030544  -0.00614031
  16    0.0027145  -0.00622512
  17    0.0000001  -0.00002265
  18    0.0008386  -0.00266369
  19    0.0008702  -0.00322928
  20    0.0009243  -0.00453904
  21    0.0000001  -0.00000107
  22    0.0004467  -0.00114863
  23    0.0007085  -0.00222101
  24    0.0004437  -0.00125631
  25    0.0000001  -0.00000089
  26    0.0003181  -0.00088207
  27    0.0005016  -0.00136729
  28    0.0003141  -0.00089780
  29    0.0000001  -0.00000066
  30    0.0002809  -0.00082917
  31    0.0003302  -0.00087797
  32    0.0002414  -0.00081122
  33    0.0000000  -0.00000072
  34    0.0002665  -0.00078076
  35    0.0001710  -0.00051362
  36    0.0001209  -0.00041331
  37    0.0000000  -0.00000065
  38    0.0001721  -0.00051715
  39    0.0001059  -0.00039582
  40    0.0000737  -0.00029570
  41    0.0000000  -0.00000060
  42    0.0001288  -0.00045568
  43    0.0000673  -0.00024324
  44    0.0000642  -0.00025261
  45    0.0000000  -0.00000051
  46    0.0000729  -0.00025527
  47    0.0000502  -0.00017117
  48    0.0000539  -0.00019802
  49    0.0000000  -0.00000058
  50    0.0000556  -0.00019014
  51    0.0000367  -0.00013193
  52    0.0000491  -0.00018592
  53    0.0000000  -0.00000052
  54    0.0000466  -0.00016381
  55    0.0000259  -0.00010555
  56    0.0000395  -0.00014447
  57    0.0000000  -0.00000047
  58    0.0000323  -0.00013044
  59    0.0000228  -0.00010012
  60    0.0000357  -0.00014268
  61    0.0000000  -0.00000042
  62    0.0000280  -0.00011249
  63    0.0000208  -0.00008626
  64    0.0000312  -0.00011804
  65    0.0000000  -0.00000035
  66    0.0000131  -0.00006289
  67    0.0000165  -0.00007387
  68    0.0000169  -0.00008584
  69    0.0000000  -0.00000036
  70    0.0000108  -0.00004593
  71    0.0000131  -0.00005612
  72    0.0000154  -0.00007790
  73    0.0000000  -0.00000034
  74    0.0000093  -0.00003508
  75    0.0000095  -0.00004261
  76    0.0000137  -0.00007000
  77    0.0000000  -0.00000028
  78    0.0000089  -0.00003344
  79    0.0000093  -0.00004074
  80    0.0000118  -0.00005350
  81    0.0000000  -0.00000027
  82    0.0000087  -0.00003318
  83    0.0000072  -0.00003283
  84    0.0000093  -0.00003991
  85    0.0000000  -0.00000028
  86    0.0000084  -0.00003563
  87    0.0000069  -0.00002878
  88    0.0000085  -0.00003646
  89    0.0000000  -0.00000027
  90    0.0000069  -0.00002843
  91    0.0000054  -0.00002498
  92    0.0000077  -0.00003882
  93    0.0000000  -0.00000023
  94    0.0000055  -0.00002587
  95    0.0000052  -0.00002276
  96    0.0000073  -0.00003650
  97    0.0000000  -0.00000024
  98    0.0000046  -0.00001755
  99    0.0000041  -0.00001265
 100    0.0000056  -0.00002875
 101    0.0000000  -0.00000022
 102    0.0000040  -0.00001721
 103    0.0000038  -0.00000839
 104    0.0000051  -0.00002674
 105    0.0000000  -0.00000025
 106    0.0000034  -0.00000492
 107    0.0000035  -0.00000872
 108    0.0000048  -0.00002510
 109    0.0000000  -0.00000018
 110    0.0000031  -0.00000699
 111    0.0000032  -0.00000674
 112    0.0000046  -0.00002319
 113    0.0000000  -0.00000025
 114    0.0000030  -0.00000726
 115    0.0000025  -0.00000571
 116    0.0000035  -0.00001539
 117    0.0000000  -0.00000016
 118    0.0000028  -0.00000516
 119    0.0000025  -0.00000320
 120    0.0000028  -0.00000858
 121    0.0000000  -0.00000020
 122    0.0000026  -0.00000351
 123    0.0000024  -0.00000284
 124    0.0000024  -0.00000788
 125    0.0000000  -0.00000009
 126    0.0000025  -0.00000336
 127    0.0000021  -0.00000354
 128    0.0000024  -0.00000535
 129    0.0000000  -0.00000020
 130    0.0000023  -0.00000323
 131    0.0000020  -0.00000300
 132    0.0000023  -0.00000497
 133    0.0000000  -0.00000004
 134    0.0000023  -0.00000245
 135    0.0000018  -0.00000178
 136    0.0000021  -0.00000406
 137    0.0000000  -0.00000008
 138    0.0000022  -0.00000312
 139    0.0000017  -0.00000199
 140    0.0000018  -0.00000337
 141    0.0000000  -0.00000007
 142    0.0000018  -0.00000130
 143    0.0000017  -0.00000136
 144    0.0000018  -0.00000145
 145    0.0000000  -0.00000007
 
----------------
 Final Energies 
----------------
Final NOF Total Energy =     -56.1365397
 
Total Orbital Internal Iterations = 10
Total Occupation Internal Iterations = 5
 
Elapsed time:   83.82 Seconds

---------------------------------
   Lowdin Population Analysis    
---------------------------------
 Idx  Atom   Population   Charge 
---------------------------------
  1     N     5.811       1.189
  2     H     1.064      -0.064
  3     H     1.064      -0.064
  4     H     1.062      -0.062

---------------------------------
   M Diagnostic: 0.02
---------------------------------

