Computing Integrals
Basis Set                                            = def2-qzvp
Auxiliary Basis Set                                  = def2-universal-jkfit
Gaussian Type                                        = Spherical
Elapsed time:   99.15 Seconds

Number of basis functions                   (NBF)    = 522
Number of auxiliary basis functions         (NBFAUX) = 562
Inactive Doubly occupied orbitals up to     (NO1)    = 0
No. considered Strongly Doubly occupied MOs (NDOC)   = 22
No. considered Strongly Singly occupied MOs (NSOC)   = 0
NO. of Weakly occ. per St. Doubly occ.  MOs (NCWO)   = 22
Dimension of the Nat. Orb. subspace         (NBF5)   = 506
No. of electrons                                     = 44
    No. of alpha electrons                           = 22
    No. of beta electrons                            = 22
Multiplicity                                         = 1

Geometry
========
 C      -0.8091684      -1.6261509       0.0000000
 N      -1.6578875      -0.5651124       0.0000000
 C      -0.8894537       0.5726724       0.0000000
 C       0.4145516       0.1382977       0.0000000
 N       0.4494608      -1.2375817       0.0000000
 C       1.6639361       0.9487679       0.0000000
 H      -2.6609377      -0.6065884       0.0000000
 H      -1.3208577       1.5568000       0.0000000
 H      -1.1568107      -2.6442826       0.0000000
 H       2.2659378       0.7255635       0.8783136
 H       2.2659378       0.7255635      -0.8783136
 H       1.4352916       2.0120509       0.0000000

No violations of the orthonormality
No violations of the orthonormality
 
PNOF8/ADABelief Calculation
==================
 
  Nitext  Nit_orb  Time   Nit_occ  Time         Eelec          Etot           Ediff      maxdiff    MaxGrad_orb  Grad_occ
     1      10    1.8e+02    8    2.8e+01  -489.87542758  -265.20668125 -10488.87542758   0.000657   2.6e-03   2.7e-04 0.03
 
RESULTS OF THE OCCUPATION OPTIMIZATION
========================================
   1    1.9999733  -14.79156193
   2    1.9999731  -14.53526866
   3    1.9999634  -12.03738248
   4    1.9999645  -11.77612817
   5    1.9999618  -11.69350149
   6    1.9999560  -11.36563862
   7    1.9861330  -1.24827522
   8    1.9820671  -1.15665004
   9    1.9810437  -0.98716523
  10    1.9820025  -0.95465127
  11    1.9797372  -0.82512551
  12    1.9747224  -0.74268891
  13    1.9743981  -0.72984620
  14    1.9788764  -0.69307436
  15    1.9745895  -0.64871722
  16    1.9794336  -0.62890481
  17    1.9742270  -0.60069740
  18    1.9723389  -0.58525253
  19    1.9756478  -0.58295442
  20    1.9737199  -0.58232620
  21    1.9655640  -0.43158796
  22    1.9662600  -0.36572809
  23    0.0291914  -0.03620683
  24    0.0307649  -0.04099413
  25    0.0139433  -0.01829056
  26    0.0149323  -0.01926720
  27    0.0203756  -0.03251130
  28    0.0192418  -0.02894999
  29    0.0051021  -0.00980590
  30    0.0194125  -0.03175761
  31    0.0105375  -0.01613480
  32    0.0194496  -0.03273746
  33    0.0198123  -0.03289639
  34    0.0109047  -0.01759817
  35    0.0098867  -0.01684557
  36    0.0119508  -0.02236792
  37    0.0116179  -0.02154311
  38    0.0052555  -0.01399333
  39    0.0000334  -0.00070509
  40    0.0000262  -0.00055623
  41    0.0000236  -0.00050146
  42    0.0000250  -0.00053075
  43    0.0000241  -0.00062965
  44    0.0000237  -0.00063069
  45    0.0028501  -0.00521523
  46    0.0029666  -0.00560569
  47    0.0043792  -0.00663364
  48    0.0049194  -0.00780863
  49    0.0032132  -0.00653789
  50    0.0038943  -0.00697948
  51    0.0048383  -0.00995346
  52    0.0033727  -0.00676503
  53    0.0031522  -0.00555811
  54    0.0037980  -0.00777100
  55    0.0038018  -0.00766304
  56    0.0038504  -0.00803157
  57    0.0031266  -0.00619410
  58    0.0022277  -0.00504659
  59    0.0039384  -0.00853965
  60    0.0025009  -0.00651554
  61    0.0000044  -0.00009044
  62    0.0000038  -0.00007521
  63    0.0000039  -0.00007793
  64    0.0000042  -0.00008051
  65    0.0000009  -0.00005035
  66    0.0000008  -0.00002937
  67    0.0007313  -0.00161121
  68    0.0002959  -0.00074799
  69    0.0042670  -0.00646983
  70    0.0011047  -0.00240786
  71    0.0029337  -0.00619729
  72    0.0009868  -0.00244791
  73    0.0046070  -0.00860060
  74    0.0012169  -0.00340790
  75    0.0025401  -0.00560421
  76    0.0007093  -0.00219820
  77    0.0006103  -0.00161696
  78    0.0019192  -0.00418500
  79    0.0021634  -0.00719690
  80    0.0015814  -0.00485907
  81    0.0006490  -0.00242514
  82    0.0016896  -0.00606825
  83    0.0000020  -0.00002101
  84    0.0000024  -0.00006511
  85    0.0000029  -0.00007549
  86    0.0000018  -0.00001584
  87    0.0000003  -0.00000550
  88    0.0000005  -0.00001858
  89    0.0004630  -0.00104844
  90    0.0001576  -0.00044170
  91    0.0011426  -0.00233780
  92    0.0009724  -0.00230444
  93    0.0003839  -0.00110156
  94    0.0005064  -0.00126021
  95    0.0016441  -0.00506517
  96    0.0005303  -0.00147580
  97    0.0017438  -0.00417438
  98    0.0006494  -0.00172050
  99    0.0002962  -0.00089679
 100    0.0017559  -0.00434880
 101    0.0009597  -0.00360117
 102    0.0011426  -0.00372761
 103    0.0005132  -0.00245877
 104    0.0015367  -0.00583854
 105    0.0000006  -0.00001732
 106    0.0000011  -0.00002908
 107    0.0000013  -0.00002113
 108    0.0000011  -0.00002739
 109    0.0000002  -0.00000251
 110    0.0000003  -0.00000348
 111    0.0002009  -0.00049959
 112    0.0000829  -0.00024273
 113    0.0010169  -0.00251499
 114    0.0008258  -0.00169009
 115    0.0002927  -0.00084818
 116    0.0002694  -0.00073503
 117    0.0014366  -0.00507414
 118    0.0003811  -0.00111313
 119    0.0008329  -0.00247242
 120    0.0003463  -0.00096481
 121    0.0001869  -0.00058085
 122    0.0004799  -0.00139841
 123    0.0006074  -0.00189738
 124    0.0008139  -0.00328433
 125    0.0003777  -0.00223161
 126    0.0009358  -0.00429473
 127    0.0000006  -0.00000977
 128    0.0000011  -0.00001138
 129    0.0000007  -0.00002486
 130    0.0000011  -0.00002221
 131    0.0000002  -0.00000202
 132    0.0000003  -0.00000260
 133    0.0001094  -0.00028416
 134    0.0000731  -0.00021320
 135    0.0006317  -0.00141194
 136    0.0004186  -0.00099705
 137    0.0001495  -0.00046748
 138    0.0002529  -0.00067702
 139    0.0008088  -0.00236153
 140    0.0001833  -0.00054834
 141    0.0006853  -0.00196613
 142    0.0002884  -0.00086404
 143    0.0001442  -0.00046397
 144    0.0002951  -0.00101253
 145    0.0003809  -0.00138752
 146    0.0003446  -0.00120970
 147    0.0002337  -0.00107694
 148    0.0004624  -0.00324517
 149    0.0000005  -0.00001442
 150    0.0000009  -0.00004326
 151    0.0000004  -0.00000567
 152    0.0000008  -0.00002651
 153    0.0000002  -0.00000175
 154    0.0000003  -0.00000212
 155    0.0000793  -0.00021724
 156    0.0000277  -0.00007128
 157    0.0002505  -0.00062265
 158    0.0003992  -0.00094824
 159    0.0000799  -0.00027918
 160    0.0002264  -0.00064851
 161    0.0007215  -0.00188991
 162    0.0000856  -0.00029280
 163    0.0005127  -0.00153695
 164    0.0001139  -0.00037006
 165    0.0000908  -0.00032709
 166    0.0002218  -0.00082895
 167    0.0001620  -0.00072112
 168    0.0002989  -0.00108845
 169    0.0001287  -0.00069398
 170    0.0004181  -0.00232057
 171    0.0000005  -0.00000615
 172    0.0000005  -0.00000807
 173    0.0000004  -0.00000412
 174    0.0000006  -0.00000679
 175    0.0000001  -0.00000155
 176    0.0000002  -0.00000126
 177    0.0000285  -0.00008026
 178    0.0000138  -0.00004676
 179    0.0001907  -0.00050496
 180    0.0002166  -0.00055440
 181    0.0000618  -0.00020935
 182    0.0001019  -0.00031557
 183    0.0003312  -0.00112195
 184    0.0000554  -0.00019175
 185    0.0004463  -0.00122782
 186    0.0000588  -0.00021523
 187    0.0000802  -0.00028835
 188    0.0002096  -0.00074830
 189    0.0001410  -0.00063272
 190    0.0002055  -0.00077437
 191    0.0001025  -0.00038191
 192    0.0003313  -0.00171373
 193    0.0000005  -0.00000518
 194    0.0000004  -0.00000450
 195    0.0000004  -0.00000324
 196    0.0000006  -0.00002409
 197    0.0000001  -0.00000131
 198    0.0000001  -0.00000101
 199    0.0000190  -0.00006532
 200    0.0000096  -0.00003102
 201    0.0001030  -0.00029027
 202    0.0001200  -0.00033993
 203    0.0000369  -0.00013678
 204    0.0000877  -0.00028333
 205    0.0002819  -0.00084363
 206    0.0000371  -0.00014449
 207    0.0001678  -0.00056928
 208    0.0000374  -0.00014355
 209    0.0000756  -0.00026302
 210    0.0001493  -0.00049077
 211    0.0001150  -0.00049878
 212    0.0001413  -0.00070616
 213    0.0000783  -0.00034269
 214    0.0002528  -0.00123353
 215    0.0000002  -0.00000214
 216    0.0000003  -0.00000255
 217    0.0000003  -0.00000263
 218    0.0000002  -0.00000200
 219    0.0000001  -0.00000098
 220    0.0000001  -0.00000066
 221    0.0000136  -0.00004738
 222    0.0000080  -0.00002923
 223    0.0000831  -0.00025798
 224    0.0001079  -0.00030992
 225    0.0000264  -0.00010300
 226    0.0000523  -0.00016285
 227    0.0002119  -0.00070907
 228    0.0000294  -0.00011923
 229    0.0001382  -0.00052035
 230    0.0000321  -0.00012654
 231    0.0000381  -0.00014594
 232    0.0001283  -0.00043652
 233    0.0001055  -0.00038304
 234    0.0000670  -0.00023932
 235    0.0000758  -0.00033322
 236    0.0001634  -0.00105218
 237    0.0000002  -0.00000171
 238    0.0000002  -0.00000244
 239    0.0000003  -0.00000264
 240    0.0000002  -0.00000190
 241    0.0000001  -0.00000053
 242    0.0000001  -0.00000053
 243    0.0000124  -0.00003979
 244    0.0000075  -0.00002795
 245    0.0000588  -0.00017457
 246    0.0000840  -0.00026279
 247    0.0000201  -0.00007839
 248    0.0000293  -0.00011213
 249    0.0001646  -0.00053142
 250    0.0000275  -0.00011000
 251    0.0000983  -0.00036366
 252    0.0000288  -0.00011506
 253    0.0000321  -0.00012680
 254    0.0001160  -0.00048837
 255    0.0000979  -0.00042241
 256    0.0000428  -0.00017124
 257    0.0000523  -0.00023107
 258    0.0000721  -0.00032676
 259    0.0000002  -0.00000136
 260    0.0000002  -0.00000179
 261    0.0000003  -0.00000228
 262    0.0000002  -0.00000172
 263    0.0000001  -0.00000048
 264    0.0000001  -0.00000050
 265    0.0000085  -0.00003222
 266    0.0000050  -0.00002344
 267    0.0000496  -0.00016088
 268    0.0000582  -0.00018031
 269    0.0000169  -0.00007196
 270    0.0000270  -0.00010671
 271    0.0001430  -0.00046704
 272    0.0000194  -0.00008334
 273    0.0000754  -0.00027365
 274    0.0000162  -0.00007391
 275    0.0000240  -0.00009857
 276    0.0000641  -0.00026670
 277    0.0000734  -0.00030427
 278    0.0000320  -0.00013757
 279    0.0000421  -0.00017660
 280    0.0000536  -0.00023020
 281    0.0000002  -0.00000145
 282    0.0000002  -0.00000145
 283    0.0000002  -0.00000141
 284    0.0000001  -0.00000100
 285    0.0000001  -0.00000041
 286    0.0000001  -0.00000032
 287    0.0000072  -0.00002699
 288    0.0000045  -0.00001916
 289    0.0000413  -0.00013527
 290    0.0000514  -0.00016468
 291    0.0000159  -0.00006647
 292    0.0000268  -0.00010367
 293    0.0000872  -0.00030784
 294    0.0000127  -0.00005979
 295    0.0000546  -0.00019334
 296    0.0000140  -0.00006232
 297    0.0000227  -0.00009680
 298    0.0000355  -0.00014838
 299    0.0000412  -0.00016016
 300    0.0000286  -0.00012130
 301    0.0000383  -0.00016471
 302    0.0000416  -0.00017214
 303    0.0000001  -0.00000092
 304    0.0000002  -0.00000152
 305    0.0000002  -0.00000130
 306    0.0000001  -0.00000070
 307    0.0000001  -0.00000045
 308    0.0000000  -0.00000031
 309    0.0000050  -0.00002199
 310    0.0000041  -0.00001670
 311    0.0000264  -0.00009789
 312    0.0000420  -0.00014555
 313    0.0000140  -0.00005889
 314    0.0000216  -0.00008227
 315    0.0000553  -0.00020444
 316    0.0000106  -0.00004881
 317    0.0000265  -0.00011060
 318    0.0000127  -0.00005549
 319    0.0000158  -0.00007091
 320    0.0000326  -0.00013589
 321    0.0000388  -0.00014484
 322    0.0000197  -0.00009414
 323    0.0000257  -0.00011321
 324    0.0000397  -0.00016838
 325    0.0000001  -0.00000071
 326    0.0000001  -0.00000084
 327    0.0000001  -0.00000105
 328    0.0000001  -0.00000061
 329    0.0000000  -0.00000031
 330    0.0000000  -0.00000026
 331    0.0000047  -0.00002046
 332    0.0000039  -0.00001528
 333    0.0000249  -0.00009490
 334    0.0000353  -0.00012850
 335    0.0000112  -0.00004385
 336    0.0000113  -0.00004750
 337    0.0000360  -0.00013610
 338    0.0000096  -0.00004358
 339    0.0000246  -0.00010503
 340    0.0000112  -0.00005275
 341    0.0000136  -0.00006347
 342    0.0000304  -0.00013017
 343    0.0000268  -0.00010946
 344    0.0000164  -0.00008074
 345    0.0000161  -0.00008318
 346    0.0000311  -0.00014276
 347    0.0000001  -0.00000064
 348    0.0000001  -0.00000072
 349    0.0000001  -0.00000097
 350    0.0000001  -0.00000067
 351    0.0000000  -0.00000034
 352    0.0000000  -0.00000023
 353    0.0000047  -0.00001859
 354    0.0000032  -0.00001368
 355    0.0000221  -0.00008144
 356    0.0000241  -0.00009526
 357    0.0000090  -0.00003733
 358    0.0000106  -0.00004484
 359    0.0000322  -0.00012657
 360    0.0000086  -0.00003936
 361    0.0000226  -0.00009872
 362    0.0000099  -0.00004499
 363    0.0000083  -0.00004081
 364    0.0000198  -0.00008808
 365    0.0000210  -0.00009692
 366    0.0000144  -0.00007289
 367    0.0000127  -0.00006723
 368    0.0000286  -0.00012823
 369    0.0000001  -0.00000060
 370    0.0000001  -0.00000069
 371    0.0000001  -0.00000099
 372    0.0000001  -0.00000056
 373    0.0000000  -0.00000025
 374    0.0000000  -0.00000020
 375    0.0000036  -0.00001412
 376    0.0000026  -0.00001008
 377    0.0000171  -0.00007307
 378    0.0000124  -0.00005291
 379    0.0000077  -0.00003390
 380    0.0000090  -0.00003918
 381    0.0000260  -0.00010627
 382    0.0000060  -0.00003195
 383    0.0000162  -0.00007554
 384    0.0000091  -0.00004089
 385    0.0000079  -0.00003814
 386    0.0000144  -0.00006924
 387    0.0000192  -0.00008937
 388    0.0000122  -0.00006219
 389    0.0000095  -0.00005098
 390    0.0000184  -0.00009111
 391    0.0000001  -0.00000052
 392    0.0000001  -0.00000066
 393    0.0000001  -0.00000085
 394    0.0000001  -0.00000050
 395    0.0000000  -0.00000014
 396    0.0000000  -0.00000020
 397    0.0000032  -0.00001182
 398    0.0000025  -0.00000972
 399    0.0000103  -0.00004380
 400    0.0000117  -0.00005253
 401    0.0000057  -0.00002889
 402    0.0000077  -0.00003539
 403    0.0000124  -0.00005761
 404    0.0000040  -0.00002289
 405    0.0000150  -0.00007186
 406    0.0000084  -0.00003917
 407    0.0000067  -0.00003321
 408    0.0000118  -0.00005712
 409    0.0000135  -0.00006973
 410    0.0000058  -0.00003223
 411    0.0000087  -0.00004677
 412    0.0000109  -0.00005656
 413    0.0000001  -0.00000053
 414    0.0000001  -0.00000040
 415    0.0000001  -0.00000079
 416    0.0000001  -0.00000040
 417    0.0000000  -0.00000013
 418    0.0000000  -0.00000015
 419    0.0000013  -0.00000550
 420    0.0000008  -0.00000432
 421    0.0000070  -0.00003296
 422    0.0000052  -0.00002926
 423    0.0000025  -0.00001125
 424    0.0000033  -0.00001739
 425    0.0000100  -0.00004693
 426    0.0000026  -0.00001365
 427    0.0000108  -0.00005225
 428    0.0000031  -0.00001665
 429    0.0000038  -0.00002133
 430    0.0000073  -0.00004008
 431    0.0000059  -0.00003651
 432    0.0000045  -0.00002787
 433    0.0000040  -0.00002600
 434    0.0000080  -0.00004464
 435    0.0000001  -0.00000036
 436    0.0000001  -0.00000042
 437    0.0000001  -0.00000043
 438    0.0000000  -0.00000027
 439    0.0000000  -0.00000011
 440    0.0000000  -0.00000010
 441    0.0000012  -0.00000551
 442    0.0000007  -0.00000375
 443    0.0000067  -0.00003162
 444    0.0000041  -0.00002477
 445    0.0000023  -0.00001043
 446    0.0000028  -0.00001419
 447    0.0000079  -0.00003952
 448    0.0000021  -0.00001065
 449    0.0000098  -0.00004622
 450    0.0000025  -0.00001296
 451    0.0000028  -0.00001537
 452    0.0000066  -0.00003553
 453    0.0000057  -0.00003250
 454    0.0000026  -0.00001538
 455    0.0000037  -0.00002415
 456    0.0000075  -0.00004360
 457    0.0000000  -0.00000022
 458    0.0000000  -0.00000032
 459    0.0000000  -0.00000032
 460    0.0000000  -0.00000026
 461    0.0000000  -0.00000009
 462    0.0000000  -0.00000009
 463    0.0000011  -0.00000480
 464    0.0000006  -0.00000321
 465    0.0000050  -0.00002804
 466    0.0000037  -0.00002028
 467    0.0000012  -0.00000642
 468    0.0000017  -0.00000859
 469    0.0000046  -0.00002748
 470    0.0000018  -0.00000932
 471    0.0000087  -0.00004340
 472    0.0000016  -0.00000855
 473    0.0000023  -0.00001121
 474    0.0000051  -0.00002961
 475    0.0000033  -0.00002128
 476    0.0000020  -0.00001260
 477    0.0000026  -0.00001690
 478    0.0000051  -0.00003238
 479    0.0000000  -0.00000018
 480    0.0000000  -0.00000026
 481    0.0000000  -0.00000033
 482    0.0000000  -0.00000014
 483    0.0000000  -0.00000010
 484    0.0000000  -0.00000010
 485    0.0000006  -0.00000306
 486    0.0000006  -0.00000311
 487    0.0000028  -0.00001291
 488    0.0000033  -0.00001716
 489    0.0000012  -0.00000577
 490    0.0000017  -0.00000907
 491    0.0000036  -0.00002364
 492    0.0000011  -0.00000579
 493    0.0000043  -0.00002556
 494    0.0000013  -0.00000698
 495    0.0000013  -0.00000775
 496    0.0000050  -0.00002959
 497    0.0000027  -0.00001604
 498    0.0000018  -0.00001075
 499    0.0000020  -0.00001225
 500    0.0000038  -0.00002498
 501    0.0000000  -0.00000019
 502    0.0000000  -0.00000016
 503    0.0000000  -0.00000016
 504    0.0000000  -0.00000013
 505    0.0000000  -0.00000007
 506    0.0000000  -0.00000007
 
----------------
 Final Energies 
----------------
Final NOF Total Energy =    -265.2066812
 
Total Orbital Internal Iterations = 10
Total Occupation Internal Iterations = 8
 
Elapsed time:  240.66 Seconds

---------------------------------
   Lowdin Population Analysis    
---------------------------------
 Idx  Atom   Population   Charge 
---------------------------------
  1     C     6.181      -0.181
  2     N     6.467       0.533
  3     C     6.045      -0.045
  4     C     6.306      -0.306
  5     N     6.734       0.266
  6     C     5.785       0.215
  7     H     1.141      -0.141
  8     H     1.092      -0.092
  9     H     1.090      -0.090
 10     H     1.053      -0.053
 11     H     1.051      -0.051
 12     H     1.054      -0.054

---------------------------------
   M Diagnostic: 0.03
---------------------------------

