Computing Integrals
Basis Set                                            = def2-qzvp
Auxiliary Basis Set                                  = def2-universal-jkfit
Gaussian Type                                        = Spherical
Elapsed time:   12.94 Seconds

Number of basis functions                   (NBF)    = 595
Number of auxiliary basis functions         (NBFAUX) = 651
Inactive Doubly occupied orbitals up to     (NO1)    = 0
No. considered Strongly Doubly occupied MOs (NDOC)   = 28
No. considered Strongly Singly occupied MOs (NSOC)   = 0
NO. of Weakly occ. per St. Doubly occ.  MOs (NCWO)   = 1
Dimension of the Nat. Orb. subspace         (NBF5)   = 56
No. of electrons                                     = 56
    No. of alpha electrons                           = 28
    No. of beta electrons                            = 28
Multiplicity                                         = 1

Geometry
========
 C       0.6252780       2.8980963      -0.0393605
 C      -0.3425539       1.7374537      -0.0315010
 N       0.3613884       0.4799843       0.0140398
 C      -0.2254265      -0.7281287       0.0951508
 N      -1.5656272      -0.7382899      -0.0725709
 S       0.6429302      -2.1195582       0.3539604
 H      -2.1158732       0.0976519      -0.0387532
 H      -2.0221603      -1.6165419       0.0707690
 H       1.3438843       0.4774479       0.2151176
 H      -0.9642897       1.7725047      -0.9274874
 H      -1.0098715       1.8268442       0.8310916
 H       1.2935169       2.8422575      -0.8945369
 H       0.0794140       3.8351619      -0.0921762
 H       1.2290594       2.9082293       0.8652299

No violations of the orthonormality
No violations of the orthonormality
 
PNOF7/ADABelief Calculation
==================
 
  Nitext  Nit_orb  Time   Nit_occ  Time         Eelec          Etot           Ediff      maxdiff    MaxGrad_orb  Grad_occ
     1      10    1.6e+01    2    1.2e+01  -918.62472818  -625.21307700 -10917.62472818   0.000671   2.7e-03   1.6e-04 0.06
 
RESULTS OF THE OCCUPATION OPTIMIZATION
========================================
   1    1.9999700  -91.14270534
   2    1.9996951  -15.58095571
   3    1.9996938  -15.57854327
   4    1.9995563  -11.34597441
   5    1.9995682  -11.26659499
   6    1.9995716  -11.22240540
   7    1.9996121  -7.35191630
   8    1.9995896  -7.34949295
   9    1.9995907  -7.33798126
  10    1.9995856  -7.30271880
  11    1.9831075  -0.94904072
  12    1.9831734  -0.94292148
  13    1.9890855  -0.86315705
  14    1.9798738  -0.85850253
  15    1.9765174  -0.85700537
  16    1.9803547  -0.84862854
  17    1.9800343  -0.84733722
  18    1.9761173  -0.73477269
  19    1.9778982  -0.70780413
  20    1.9777291  -0.70502904
  21    1.9784236  -0.68852007
  22    1.9784092  -0.68759176
  23    1.9785167  -0.68702284
  24    1.9822699  -0.59536215
  25    1.9805171  -0.57711676
  26    1.9765930  -0.47574331
  27    1.9771141  -0.47386230
  28    1.9403006  -0.45374071
  29    0.0596994  -0.02317548
  30    0.0228859  -0.01074574
  31    0.0234070  -0.01095905
  32    0.0194829  -0.01287553
  33    0.0177301  -0.01212650
  34    0.0214833  -0.01608606
  35    0.0215908  -0.01614624
  36    0.0215764  -0.01613832
  37    0.0222709  -0.01684132
  38    0.0221018  -0.01680152
  39    0.0238827  -0.01813784
  40    0.0199657  -0.01783219
  41    0.0196453  -0.01764274
  42    0.0234826  -0.02028380
  43    0.0201262  -0.01803591
  44    0.0109145  -0.00857976
  45    0.0168266  -0.01661023
  46    0.0168925  -0.01674885
  47    0.0004144  -0.00448252
  48    0.0004093  -0.00444429
  49    0.0004104  -0.00444095
  50    0.0003879  -0.00431943
  51    0.0004284  -0.00816920
  52    0.0004318  -0.00822489
  53    0.0004437  -0.00844017
  54    0.0003062  -0.00802593
  55    0.0003049  -0.00800263
  56    0.0000300  -0.00564845
 
----------------
 Final Energies 
----------------
Final NOF Total Energy =    -625.2130770
 
Total Orbital Internal Iterations = 10
Total Occupation Internal Iterations = 2
 
Elapsed time:   35.49 Seconds

---------------------------------
   Lowdin Population Analysis    
---------------------------------
 Idx  Atom   Population   Charge 
---------------------------------
  1     C     5.765       0.235
  2     C     6.015      -0.015
  3     N     6.501       0.499
  4     C     6.774      -0.774
  5     N     6.373       0.627
  6     S    15.789       0.211
  7     H     1.176      -0.176
  8     H     1.162      -0.162
  9     H     1.159      -0.159
 10     H     1.054      -0.054
 11     H     1.056      -0.056
 12     H     1.058      -0.058
 13     H     1.057      -0.057
 14     H     1.059      -0.059

---------------------------------
   M Diagnostic: 0.06
---------------------------------

