Computing Integrals
Basis Set                                            = def2-qzvp
Auxiliary Basis Set                                  = def2-universal-jkfit
Gaussian Type                                        = Spherical
Elapsed time:    2.38 Seconds

Number of basis functions                   (NBF)    = 140
Number of auxiliary basis functions         (NBFAUX) = 256
Inactive Doubly occupied orbitals up to     (NO1)    = 0
No. considered Strongly Doubly occupied MOs (NDOC)   = 17
No. considered Strongly Singly occupied MOs (NSOC)   = 0
NO. of Weakly occ. per St. Doubly occ.  MOs (NCWO)   = 1
Dimension of the Nat. Orb. subspace         (NBF5)   = 34
No. of electrons                                     = 34
    No. of alpha electrons                           = 17
    No. of beta electrons                            = 17
Multiplicity                                         = 1

Geometry
========
Cl       0.0000000       0.0000000      -0.9940861
Cl       0.0000000       0.0000000       0.9940861

No violations of the orthonormality
No violations of the orthonormality
 
PNOF7/ADABelief Calculation
==================
 
  Nitext  Nit_orb  Time   Nit_occ  Time         Eelec          Etot           Ediff      maxdiff    MaxGrad_orb  Grad_occ
     1      10    9.8e+00    5    1.2e+01  -996.04875023  -919.12789784 -10995.04875023   0.004537   1.8e-02   2.3e-04 0.10
     2      20    1.4e+00   10    3.8e-02  -996.06043746  -919.13958507    -0.01168724   0.078208   3.1e-01   8.1e-05 0.09
     3      20    1.3e+00    2    3.2e-03  -996.06225132  -919.14139893    -0.00181385   0.015180   6.1e-02   3.6e-04 0.09
     4      20    1.7e+00    6    5.6e-02  -996.06329625  -919.14244386    -0.00104493   0.022304   8.9e-02   1.2e-04 0.09
     5      20    1.9e+00    1    3.2e-02  -996.06409937  -919.14324698    -0.00080312   0.022458   9.0e-02   2.0e-04 0.09
     6      20    2.0e+00    0    1.1e-02  -996.06411113  -919.14325874    -0.00001176   0.022458   9.0e-02   2.0e-04 0.09
     7      40    2.9e+00    2    3.8e-02  -996.06659180  -919.14573940    -0.00248067   0.000708   2.8e-03   1.5e-04 0.09
 
RESULTS OF THE OCCUPATION OPTIMIZATION
========================================
   1    1.9999513  -96.60560859
   2    1.9999503  -95.86406263
   3    1.9999770  -19.52166611
   4    1.9999705  -18.59794589
   5    1.9997674  -8.18090167
   6    1.9997411  -8.16295908
   7    1.9997511  -8.15490373
   8    1.9997515  -8.11372828
   9    1.9997496  -8.11356133
  10    1.9997563  -8.09067268
  11    1.9886145  -0.74537768
  12    1.9881573  -0.73077634
  13    1.9881270  -0.72733386
  14    1.9879553  -0.72117300
  15    1.9879442  -0.72068553
  16    1.9875741  -0.71764231
  17    1.9077401  -0.61890231
  18    0.0922599  -0.04273580
  19    0.0124259  -0.00903051
  20    0.0120558  -0.00876816
  21    0.0120447  -0.00884945
  22    0.0118730  -0.00880203
  23    0.0118427  -0.00862058
  24    0.0113855  -0.00846666
  25    0.0002437  -0.00320414
  26    0.0002504  -0.00311832
  27    0.0002485  -0.00323515
  28    0.0002489  -0.00325701
  29    0.0002589  -0.00325805
  30    0.0002326  -0.00319615
  31    0.0000295  -0.00057701
  32    0.0000230  -0.00049532
  33    0.0000497  -0.00860702
  34    0.0000487  -0.00852554
 
----------------
 Final Energies 
----------------
Final NOF Total Energy =    -919.1457394
 
Total Orbital Internal Iterations = 150
Total Occupation Internal Iterations = 26
 
Elapsed time:   39.69 Seconds

---------------------------------
   Lowdin Population Analysis    
---------------------------------
 Idx  Atom   Population   Charge 
---------------------------------
  1    Cl    17.000      -0.000
  2    Cl    17.000       0.000

---------------------------------
   M Diagnostic: 0.09
---------------------------------

