Computing Integrals
Basis Set                                            = def2-qzvp
Auxiliary Basis Set                                  = def2-universal-jkfit
Gaussian Type                                        = Spherical
Elapsed time:   11.61 Seconds

Number of basis functions                   (NBF)    = 541
Number of auxiliary basis functions         (NBFAUX) = 785
Inactive Doubly occupied orbitals up to     (NO1)    = 0
No. considered Strongly Doubly occupied MOs (NDOC)   = 51
No. considered Strongly Singly occupied MOs (NSOC)   = 0
NO. of Weakly occ. per St. Doubly occ.  MOs (NCWO)   = 1
Dimension of the Nat. Orb. subspace         (NBF5)   = 102
No. of electrons                                     = 102
    No. of alpha electrons                           = 51
    No. of beta electrons                            = 51
Multiplicity                                         = 1

Geometry
========
 I       0.0000000       0.0000000       1.4419950
 C       0.0000000       1.1506450      -1.3620180
 N       0.0000000       0.0000000      -0.5703330
 O       0.0000000       2.2819510      -0.9688680
 O       0.0000000      -2.2819510      -0.9688680
 C       0.0000000      -1.1506450      -1.3620180
 C       0.0000000      -0.6617750      -2.7803190
 C       0.0000000       0.6617750      -2.7803190
 H       0.0000000       1.3493370      -3.6117420
 H       0.0000000      -1.3493370      -3.6117420

No violations of the orthonormality
No violations of the orthonormality
 
PNOF7/ADABelief Calculation
==================
 
  Nitext  Nit_orb  Time   Nit_occ  Time         Eelec          Etot           Ediff      maxdiff    MaxGrad_orb  Grad_occ
     1      10    1.9e+01    3    1.2e+01 -3493.30582971 -2797.77554530 -13492.30582971   0.000718   2.9e-03   2.5e-04 0.97
 
RESULTS OF THE OCCUPATION OPTIMIZATION
========================================
   1    2.0000000  -149.74219823
   2    1.9999999  -64.59899970
   3    1.9999999  -64.54307295
   4    1.9999999  -64.49193302
   5    1.9999964  -26.12835701
   6    1.9997847  -20.57219045
   7    1.9997846  -20.57138144
   8    1.9996708  -15.59954524
   9    1.9995571  -11.35383034
  10    1.9995578  -11.35373397
  11    1.9995573  -11.25428155
  12    1.9995572  -11.25418654
  13    1.9999747  -10.60411620
  14    1.9999755  -10.48406470
  15    1.9999752  -10.41430074
  16    1.9999605  -10.08836501
  17    1.9999508  -9.85765939
  18    1.9999520  -9.76475307
  19    1.9999584  -9.48394231
  20    1.9999312  -9.13816624
  21    1.9999159  -8.69678501
  22    1.9997121  -4.73376577
  23    1.9997307  -4.65202874
  24    1.9997255  -4.54669577
  25    1.9997219  -4.52957696
  26    1.9997255  -4.51060735
  27    1.9996918  -4.44711675
  28    1.9996270  -4.10988976
  29    1.9848361  -1.14629926
  30    1.9848173  -1.14610556
  31    1.9871225  -0.97649435
  32    1.9789548  -0.96035949
  33    1.9787393  -0.95590254
  34    1.9858938  -0.92914656
  35    1.9260962  -0.91573966
  36    1.9319587  -0.90801324
  37    1.9756982  -0.83564463
  38    1.9753504  -0.81734856
  39    1.9753393  -0.81715677
  40    1.9872923  -0.79331584
  41    1.9871942  -0.79183881
  42    1.9873367  -0.79124858
  43    1.9872766  -0.79029071
  44    1.9772966  -0.74386317
  45    1.9772938  -0.74385019
  46    1.9855595  -0.67720318
  47    1.9035072  -0.56389228
  48    1.9035212  -0.56339493
  49    1.8464647  -0.48588126
  50    1.8608931  -0.44770133
  51    1.0282555  -0.18529501
  52    0.9717445  -0.17802680
  53    0.1391069  -0.04749138
  54    0.1535353  -0.05515649
  55    0.0964788  -0.04690526
  56    0.0964928  -0.04697155
  57    0.0144405  -0.00887548
  58    0.0227062  -0.01718430
  59    0.0227034  -0.01718232
  60    0.0127234  -0.01231660
  61    0.0126633  -0.01228472
  62    0.0128058  -0.01241185
  63    0.0127077  -0.01234913
  64    0.0246607  -0.01945854
  65    0.0246496  -0.01945363
  66    0.0243018  -0.01166400
  67    0.0680413  -0.03864554
  68    0.0739038  -0.04038428
  69    0.0141062  -0.01322984
  70    0.0212607  -0.01942368
  71    0.0210452  -0.01929793
  72    0.0128775  -0.00670820
  73    0.0151827  -0.01814685
  74    0.0151639  -0.01813233
  75    0.0003730  -0.00179091
  76    0.0003082  -0.00159751
  77    0.0002745  -0.00150302
  78    0.0002781  -0.00152505
  79    0.0002745  -0.00144010
  80    0.0002693  -0.00148272
  81    0.0002879  -0.00153107
  82    0.0000841  -0.00068464
  83    0.0000688  -0.00061027
  84    0.0000416  -0.00044087
  85    0.0000480  -0.00047806
  86    0.0000492  -0.00047598
  87    0.0000395  -0.00036646
  88    0.0000248  -0.00024655
  89    0.0000245  -0.00024678
  90    0.0000253  -0.00025362
  91    0.0004428  -0.00835110
  92    0.0004427  -0.00835022
  93    0.0004422  -0.00838241
  94    0.0004429  -0.00838689
  95    0.0003292  -0.00840888
  96    0.0002154  -0.00752484
  97    0.0002153  -0.00752182
  98    0.0000036  -0.00009309
  99    0.0000001  -0.00001901
 100    0.0000001  -0.00001701
 101    0.0000001  -0.00001777
 102    0.0000000  -0.00000712
 
----------------
 Final Energies 
----------------
Final NOF Total Energy =   -2797.7755453
 
Total Orbital Internal Iterations = 10
Total Occupation Internal Iterations = 3
 
Elapsed time:   41.00 Seconds

---------------------------------
   Lowdin Population Analysis    
---------------------------------
 Idx  Atom   Population   Charge 
---------------------------------
  1     I    52.528       0.472
  2     C     6.602      -0.602
  3     N     7.001      -0.001
  4     O     7.678       0.322
  5     O     7.680       0.320
  6     C     6.603      -0.603
  7     C     5.882       0.118
  8     C     5.882       0.118
  9     H     1.072      -0.072
 10     H     1.072      -0.072

---------------------------------
   M Diagnostic: 0.97
---------------------------------

