Computing Integrals
Basis Set                                            = def2-qzvp
Auxiliary Basis Set                                  = def2-universal-jkfit
Gaussian Type                                        = Spherical
Elapsed time:   19.32 Seconds

Number of basis functions                   (NBF)    = 700
Number of auxiliary basis functions         (NBFAUX) = 1022
Inactive Doubly occupied orbitals up to     (NO1)    = 0
No. considered Strongly Doubly occupied MOs (NDOC)   = 56
No. considered Strongly Singly occupied MOs (NSOC)   = 0
NO. of Weakly occ. per St. Doubly occ.  MOs (NCWO)   = 1
Dimension of the Nat. Orb. subspace         (NBF5)   = 112
No. of electrons                                     = 112
    No. of alpha electrons                           = 56
    No. of beta electrons                            = 56
Multiplicity                                         = 1

Geometry
========
 P      -0.6893655       1.7191620       0.6081943
 P      -2.0048435       0.6960096      -0.8899711
 P      -2.1371205      -1.4122873      -0.2512459
 P      -0.2432571      -1.7310933       0.9132867
 P       1.1492393      -1.3927172      -0.8064617
 P       2.3947834       0.2712669      -0.0072107
 P       1.1163168       1.9442632      -0.6972041
 H      -1.1915336       3.0109280       0.2786267
 H      -1.0255781       0.4544941      -1.8893056
 H      -2.9363110      -1.1036354       0.8827753
 H      -0.2443516      -3.1436783       0.7194482
 H       2.0531206      -2.3973638      -0.3692028
 H       1.9889383       0.2042760       1.3541132
 H       1.7699624       2.8803754       0.1541576

No violations of the orthonormality
No violations of the orthonormality
 
PNOF7/ADABelief Calculation
==================
 
  Nitext  Nit_orb  Time   Nit_occ  Time         Eelec          Etot           Ediff      maxdiff    MaxGrad_orb  Grad_occ
     1      10    3.0e+01    4    1.3e+01 -3341.37957058 -2389.86666437 -13340.37957058   0.012209   4.9e-02   2.2e-04 0.08
     2      20    4.0e+01    4    9.5e-01 -3341.41437631 -2389.90147011    -0.03480573   0.021692   8.7e-02   1.2e-04 0.08
     3      20    3.8e+01    0    9.3e-01 -3341.41574649 -2389.90284029    -0.00137018   0.021692   8.7e-02   1.2e-04 0.08
     4      40    7.5e+01    3    9.5e-01 -3341.43009282 -2389.91718662    -0.01434633   0.002258   9.0e-03   1.9e-04 0.09
     5      40    7.6e+01    3    9.5e-01 -3341.43451156 -2389.92160536    -0.00441874   0.001857   7.4e-03   1.3e-04 0.09
     6      40    7.7e+01    2    9.4e-01 -3341.43705814 -2389.92415194    -0.00254658   0.001408   5.6e-03   2.3e-04 0.09
     7      40    7.7e+01    3    9.4e-01 -3341.43864640 -2389.92574020    -0.00158826   0.001390   5.6e-03   1.0e-04 0.09
     8      40    7.6e+01    2    9.5e-01 -3341.43972225 -2389.92681604    -0.00107584   0.001395   5.6e-03   1.8e-04 0.09
     9      40    7.6e+01    2    1.0e+00 -3341.44036636 -2389.92746015    -0.00064411   0.001455   5.8e-03   1.8e-04 0.09
    10      40    7.5e+01    2    9.4e-01 -3341.44073810 -2389.92783190    -0.00037175   0.001515   6.1e-03   1.2e-04 0.09
    11      40    7.6e+01    1    9.3e-01 -3341.44100388 -2389.92809767    -0.00026577   0.001515   6.1e-03   2.7e-04 0.09
    12      40    7.9e+01    1    9.3e-01 -3341.44122493 -2389.92831872    -0.00022105   0.031856   1.3e-01   2.2e-04 0.09
    13      40    7.5e+01    2    9.3e-01 -3341.44147392 -2389.92856772    -0.00024900   0.008416   3.4e-02   7.6e-05 0.09
    14      40    7.6e+01    1    9.4e-01 -3341.44170983 -2389.92880362    -0.00023590   0.001588   6.4e-03   1.4e-04 0.09
    15      40    7.5e+01    2    9.1e-01 -3341.44191430 -2389.92900810    -0.00020448   0.001429   5.7e-03   6.5e-05 0.09
    16      40    7.8e+01    1    9.5e-01 -3341.44208556 -2389.92917935    -0.00017125   0.001581   6.3e-03   1.2e-04 0.09
    17      40    7.6e+01    1    9.3e-01 -3341.44218588 -2389.92927968    -0.00010032   0.001420   5.7e-03   1.7e-04 0.09
    18      40    7.5e+01    1    9.3e-01 -3341.44226004 -2389.92935384    -0.00007416   0.001760   7.0e-03   1.3e-04 0.09
    19      40    7.5e+01    1    9.4e-01 -3341.44229644 -2389.92939024    -0.00003640   0.002720   1.1e-02   1.6e-04 0.09
    20      40    7.7e+01    1    9.4e-01 -3341.44232398 -2389.92941777    -0.00002754   0.001712   6.8e-03   1.3e-04 0.09
    21      40    7.6e+01    1    9.3e-01 -3341.44234034 -2389.92943414    -0.00001636   0.001834   7.3e-03   1.5e-04 0.09
    22      40    7.5e+01    1    9.5e-01 -3341.44236491 -2389.92945870    -0.00002457   0.001839   7.4e-03   1.3e-04 0.09
    23      40    7.7e+01    1    9.5e-01 -3341.44238547 -2389.92947926    -0.00002056   0.001893   7.6e-03   1.5e-04 0.09
    24      40    7.6e+01    1    9.4e-01 -3341.44241198 -2389.92950578    -0.00002652   0.001817   7.3e-03   1.4e-04 0.09
    25      40    7.6e+01    0    9.3e-01 -3341.44241935 -2389.92951315    -0.00000737   0.001817   7.3e-03   1.4e-04 0.09
    26      60    1.1e+02    1    9.5e-01 -3341.44271376 -2389.92980756    -0.00029441   0.007301   2.9e-02   1.3e-04 0.09
    27      50    9.5e+01    1    9.4e-01 -3341.44271985 -2389.92981365    -0.00000609   0.000317   1.3e-03   1.2e-04 0.09
 
RESULTS OF THE OCCUPATION OPTIMIZATION
========================================
   1    1.9999651  -79.51764865
   2    1.9999651  -79.51410124
   3    1.9999652  -79.50989533
   4    1.9999650  -79.50768841
   5    1.9999650  -79.50604938
   6    1.9999651  -79.49880535
   7    1.9999651  -79.49698399
   8    1.9993987  -6.06361226
   9    1.9993901  -6.05809174
  10    1.9993967  -6.05504311
  11    1.9993857  -6.05303549
  12    1.9993829  -6.05055374
  13    1.9993890  -6.04496180
  14    1.9993716  -6.04443837
  15    1.9993745  -6.04348391
  16    1.9993667  -6.04065151
  17    1.9993631  -6.03764607
  18    1.9993830  -6.03719420
  19    1.9993808  -6.03491897
  20    1.9993624  -6.03424074
  21    1.9993640  -6.03179495
  22    1.9993636  -6.03065931
  23    1.9993701  -6.03028871
  24    1.9993708  -6.02610042
  25    1.9993667  -6.02362272
  26    1.9993634  -6.02319899
  27    1.9993498  -6.02141116
  28    1.9993569  -6.01906805
  29    1.9993321  -6.01797574
  30    1.9993560  -6.01576030
  31    1.9993423  -6.01523800
  32    1.9993590  -6.01441264
  33    1.9993320  -6.01394503
  34    1.9993648  -6.01301567
  35    1.9993505  -6.01202274
  36    1.9878321  -0.79002181
  37    1.9871695  -0.76691804
  38    1.9875277  -0.76177209
  39    1.9883621  -0.73447587
  40    1.9867461  -0.73004080
  41    1.9857140  -0.62813689
  42    1.9736024  -0.60126046
  43    1.9743676  -0.59650753
  44    1.9709668  -0.59209450
  45    1.9689346  -0.58855099
  46    1.9684210  -0.57935124
  47    1.9685743  -0.57845175
  48    1.9659384  -0.57469996
  49    1.9695477  -0.50173202
  50    1.9446577  -0.47929810
  51    1.9596725  -0.45859999
  52    1.9296127  -0.43498496
  53    1.9267124  -0.42700319
  54    1.9172065  -0.42297263
  55    1.9285379  -0.41700558
  56    1.9115191  -0.40636218
  57    0.0884809  -0.02697022
  58    0.0714621  -0.02319367
  59    0.0827935  -0.02609851
  60    0.0732876  -0.02370445
  61    0.0703873  -0.02317111
  62    0.0403275  -0.01569938
  63    0.0553423  -0.02156325
  64    0.0304523  -0.01321930
  65    0.0340616  -0.01890000
  66    0.0314257  -0.01791488
  67    0.0315790  -0.01800156
  68    0.0310654  -0.01803138
  69    0.0290332  -0.01717808
  70    0.0256324  -0.01565830
  71    0.0263976  -0.01621025
  72    0.0142860  -0.00725777
  73    0.0132539  -0.00726821
  74    0.0116379  -0.00695649
  75    0.0124723  -0.00653168
  76    0.0128305  -0.00653228
  77    0.0121679  -0.00608716
  78    0.0006495  -0.00557480
  79    0.0006352  -0.00549004
  80    0.0006680  -0.00566641
  81    0.0006410  -0.00552672
  82    0.0006577  -0.00564301
  83    0.0006440  -0.00554994
  84    0.0006679  -0.00569360
  85    0.0006431  -0.00553236
  86    0.0006502  -0.00555705
  87    0.0006366  -0.00548519
  88    0.0006333  -0.00547630
  89    0.0006292  -0.00545832
  90    0.0006299  -0.00542097
  91    0.0006364  -0.00550459
  92    0.0006360  -0.00545068
  93    0.0006376  -0.00545745
  94    0.0006192  -0.00538402
  95    0.0006170  -0.00533546
  96    0.0006369  -0.00550756
  97    0.0006333  -0.00548127
  98    0.0006255  -0.00542700
  99    0.0006284  -0.00543367
 100    0.0006110  -0.00530033
 101    0.0006171  -0.00536256
 102    0.0006143  -0.00534709
 103    0.0006033  -0.00527875
 104    0.0006099  -0.00530813
 105    0.0006013  -0.00526895
 106    0.0000349  -0.00567559
 107    0.0000349  -0.00567610
 108    0.0000350  -0.00568386
 109    0.0000350  -0.00568670
 110    0.0000348  -0.00566996
 111    0.0000349  -0.00567502
 112    0.0000349  -0.00567151
 
----------------
 Final Energies 
----------------
Final NOF Total Energy =   -2389.9298136
 
Total Orbital Internal Iterations = 1040
Total Occupation Internal Iterations = 43
 
Elapsed time: 2159.89 Seconds

---------------------------------
   Lowdin Population Analysis    
---------------------------------
 Idx  Atom   Population   Charge 
---------------------------------
  1     P    14.846       0.154
  2     P    14.831       0.169
  3     P    14.834       0.166
  4     P    14.833       0.167
  5     P    14.833       0.167
  6     P    14.821       0.179
  7     P    14.842       0.158
  8     H     1.166      -0.166
  9     H     1.171      -0.171
 10     H     1.165      -0.165
 11     H     1.163      -0.163
 12     H     1.162      -0.162
 13     H     1.171      -0.171
 14     H     1.161      -0.161

---------------------------------
   M Diagnostic: 0.09
---------------------------------

