Computing Integrals
Basis Set                                            = def2-qzvp
Auxiliary Basis Set                                  = def2-universal-jkfit
Gaussian Type                                        = Spherical
Elapsed time:   18.47 Seconds

Number of basis functions                   (NBF)    = 709
Number of auxiliary basis functions         (NBFAUX) = 807
Inactive Doubly occupied orbitals up to     (NO1)    = 0
No. considered Strongly Doubly occupied MOs (NDOC)   = 38
No. considered Strongly Singly occupied MOs (NSOC)   = 0
NO. of Weakly occ. per St. Doubly occ.  MOs (NCWO)   = 1
Dimension of the Nat. Orb. subspace         (NBF5)   = 76
No. of electrons                                     = 76
    No. of alpha electrons                           = 38
    No. of beta electrons                            = 38
Multiplicity                                         = 1

Geometry
========
 C       1.0777600       1.0869000       1.9634900
 C       0.1383900      -0.0271000       1.5091300
 N       0.0560700      -0.0357500      -0.0061700
 H       1.0144800      -0.0361900      -0.3861500
 H      -0.4269200      -0.8727700      -0.3652000
 H      -0.4235700       0.7941000      -0.3866200
 H      -0.8752700       0.0906900       1.9110100
 H       0.5292900      -1.0112400       1.7821700
 H       1.1348600       1.0820400       3.0588400
 H       2.0853200       0.9349300       1.5568200
 H       0.7166200       2.0785300       1.6525600
 O       3.9729800      -2.0225900       0.2935700
Cl       2.8519200      -1.8489400      -0.6073500
 O       3.1169100      -2.4049100      -1.9307000
 O       1.6086900      -2.4507700      -0.0408500
 O       2.5759400      -0.3364200      -0.7709200

No violations of the orthonormality
No violations of the orthonormality
 
PNOF7/ADABelief Calculation
==================
 
  Nitext  Nit_orb  Time   Nit_occ  Time         Eelec          Etot           Ediff      maxdiff    MaxGrad_orb  Grad_occ
     1      10    2.2e+01    2    1.2e+01 -1445.51837000  -894.24428600 -11444.51837000   0.000979   3.9e-03   1.5e-04 0.03
 
RESULTS OF THE OCCUPATION OPTIMIZATION
========================================
   1    1.9999736  -104.23309243
   2    1.9997850  -20.55395639
   3    1.9997860  -20.54589576
   4    1.9997856  -20.54497544
   5    1.9997884  -20.53807984
   6    1.9996992  -15.70275484
   7    1.9995659  -11.31338096
   8    1.9995699  -11.24849704
   9    1.9997449  -9.23350072
  10    1.9997499  -9.21570460
  11    1.9997504  -9.21030603
  12    1.9997490  -9.18652017
  13    1.9796444  -0.98825422
  14    1.9838733  -0.97623777
  15    1.9853137  -0.95169863
  16    1.9777076  -0.92154452
  17    1.9767850  -0.92043231
  18    1.9814040  -0.88113819
  19    1.9699314  -0.86900893
  20    1.9683882  -0.84126047
  21    1.9885842  -0.82625205
  22    1.9881242  -0.82245536
  23    1.9883249  -0.80528569
  24    1.9885014  -0.79693027
  25    1.9883366  -0.78975622
  26    1.9874292  -0.77890455
  27    1.9751671  -0.76561377
  28    1.9871389  -0.76373230
  29    1.9876269  -0.75815371
  30    1.9701749  -0.75748942
  31    1.9776874  -0.75343877
  32    1.9863367  -0.75146021
  33    1.9785246  -0.74494384
  34    1.9709860  -0.74304781
  35    1.9871291  -0.74246326
  36    1.9774875  -0.70707297
  37    1.9777002  -0.70409428
  38    1.9783986  -0.70086850
  39    0.0216014  -0.01631444
  40    0.0222998  -0.01667669
  41    0.0225125  -0.01684390
  42    0.0128709  -0.01240874
  43    0.0290140  -0.02143941
  44    0.0214754  -0.01689996
  45    0.0136633  -0.01301719
  46    0.0223126  -0.01744562
  47    0.0298251  -0.02204783
  48    0.0123731  -0.01204442
  49    0.0128611  -0.01258201
  50    0.0248329  -0.01907666
  51    0.0125708  -0.01231257
  52    0.0116634  -0.01173515
  53    0.0114986  -0.01155965
  54    0.0116751  -0.01176781
  55    0.0118758  -0.01204664
  56    0.0114158  -0.01170970
  57    0.0316118  -0.02496354
  58    0.0300686  -0.02481986
  59    0.0185960  -0.01717839
  60    0.0232150  -0.02111541
  61    0.0222924  -0.02047874
  62    0.0146863  -0.01514843
  63    0.0161267  -0.01628371
  64    0.0203556  -0.01985259
  65    0.0002510  -0.00336984
  66    0.0002496  -0.00335032
  67    0.0002501  -0.00337360
  68    0.0002551  -0.00340445
  69    0.0004301  -0.00819582
  70    0.0004341  -0.00825931
  71    0.0003008  -0.00792571
  72    0.0002116  -0.00744526
  73    0.0002144  -0.00751772
  74    0.0002140  -0.00750798
  75    0.0002150  -0.00753494
  76    0.0000264  -0.00567091
 
----------------
 Final Energies 
----------------
Final NOF Total Energy =    -894.2442860
 
Total Orbital Internal Iterations = 10
Total Occupation Internal Iterations = 2
 
Elapsed time:   44.73 Seconds

---------------------------------
   Lowdin Population Analysis    
---------------------------------
 Idx  Atom   Population   Charge 
---------------------------------
  1     C     5.767       0.233
  2     C     5.892       0.108
  3     N     6.104       0.896
  4     H     1.236      -0.236
  5     H     1.047      -0.047
  6     H     1.053      -0.053
  7     H     1.054      -0.054
  8     H     1.044      -0.044
  9     H     1.048      -0.048
 10     H     1.048      -0.048
 11     H     1.058      -0.058
 12     O     8.149      -0.149
 13    Cl    16.889       0.111
 14     O     8.164      -0.164
 15     O     8.256      -0.256
 16     O     8.192      -0.192

---------------------------------
   M Diagnostic: 0.03
---------------------------------

