Computing Integrals
Basis Set                                            = def2-qzvp
Auxiliary Basis Set                                  = def2-universal-jkfit
Gaussian Type                                        = Spherical
Elapsed time:   10.46 Seconds

Number of basis functions                   (NBF)    = 522
Number of auxiliary basis functions         (NBFAUX) = 570
Inactive Doubly occupied orbitals up to     (NO1)    = 0
No. considered Strongly Doubly occupied MOs (NDOC)   = 30
No. considered Strongly Singly occupied MOs (NSOC)   = 0
NO. of Weakly occ. per St. Doubly occ.  MOs (NCWO)   = 1
Dimension of the Nat. Orb. subspace         (NBF5)   = 60
No. of electrons                                     = 60
    No. of alpha electrons                           = 30
    No. of beta electrons                            = 30
Multiplicity                                         = 1

Geometry
========
 H      -0.8290280       1.9479720       0.0637390
 H      -2.1015070       0.2560270      -0.0637390
 H       0.8290280      -1.9479720      -0.0637390
 H       1.2724790       1.6919450      -0.0637390
 H      -1.2724790      -1.6919450       0.0637390
 H       2.1015070      -0.2560270       0.0637390
 F       2.0771760       1.1992580      -0.2751730
 F       0.0000000       2.3985170       0.2751730
 F       0.0000000      -2.3985170      -0.2751730
 F      -2.0771760       1.1992580      -0.2751730
 F      -2.0771760      -1.1992580       0.2751730
 F       2.0771760      -1.1992580       0.2751730

No violations of the orthonormality
No violations of the orthonormality
 
PNOF7/ADABelief Calculation
==================
 
  Nitext  Nit_orb  Time   Nit_occ  Time         Eelec          Etot           Ediff      maxdiff    MaxGrad_orb  Grad_occ
     1      10    1.4e+01    2    1.2e+01  -876.37519383  -600.93083183 -10875.37519383   0.000689   2.8e-03   2.8e-05 0.02
 
RESULTS OF THE OCCUPATION OPTIMIZATION
========================================
   1    1.9998416  -26.30899809
   2    1.9998416  -26.30885860
   3    1.9998416  -26.30876905
   4    1.9998417  -26.30869438
   5    1.9998416  -26.30866716
   6    1.9998416  -26.30860968
   7    1.9921776  -1.01918815
   8    1.9921604  -1.01818614
   9    1.9819837  -1.01636961
  10    1.9819598  -1.01619861
  11    1.9818945  -1.01569285
  12    1.9819205  -1.01567424
  13    1.9819079  -1.01540255
  14    1.9818932  -1.01534876
  15    1.9921050  -1.01489799
  16    1.9920889  -1.01384853
  17    1.9920093  -1.01213363
  18    1.9917964  -1.00172881
  19    1.9910940  -0.96404776
  20    1.9908633  -0.95386953
  21    1.9908899  -0.95311900
  22    1.9908384  -0.95216280
  23    1.9908045  -0.94940496
  24    1.9907929  -0.94821208
  25    1.9908135  -0.94356417
  26    1.9908507  -0.94328279
  27    1.9907444  -0.94256141
  28    1.9907494  -0.94208788
  29    1.9907685  -0.94187225
  30    1.9907559  -0.94166276
  31    0.0092441  -0.01213082
  32    0.0092315  -0.01211797
  33    0.0092506  -0.01214552
  34    0.0092556  -0.01215584
  35    0.0091493  -0.01203442
  36    0.0091865  -0.01208774
  37    0.0092071  -0.01215320
  38    0.0091955  -0.01214767
  39    0.0091616  -0.01212877
  40    0.0091101  -0.01208501
  41    0.0091367  -0.01211323
  42    0.0089060  -0.01193663
  43    0.0082036  -0.01139571
  44    0.0079907  -0.01122942
  45    0.0079111  -0.01116100
  46    0.0078950  -0.01114904
  47    0.0181068  -0.02051783
  48    0.0180921  -0.02050449
  49    0.0180795  -0.02049837
  50    0.0181055  -0.02052200
  51    0.0180402  -0.02047293
  52    0.0180163  -0.02045251
  53    0.0078396  -0.01110845
  54    0.0078224  -0.01109494
  55    0.0001584  -0.00711609
  56    0.0001584  -0.00711549
  57    0.0001583  -0.00711463
  58    0.0001584  -0.00711541
  59    0.0001584  -0.00711550
  60    0.0001584  -0.00711402
 
----------------
 Final Energies 
----------------
Final NOF Total Energy =    -600.9308318
 
Total Orbital Internal Iterations = 10
Total Occupation Internal Iterations = 2
 
Elapsed time:   33.38 Seconds

---------------------------------
   Lowdin Population Analysis    
---------------------------------
 Idx  Atom   Population   Charge 
---------------------------------
  1     H     1.559      -0.559
  2     H     1.559      -0.559
  3     H     1.559      -0.559
  4     H     1.559      -0.559
  5     H     1.559      -0.559
  6     H     1.559      -0.559
  7     F     8.441       0.559
  8     F     8.441       0.559
  9     F     8.441       0.559
 10     F     8.441       0.559
 11     F     8.441       0.559
 12     F     8.441       0.559

---------------------------------
   M Diagnostic: 0.02
---------------------------------

