Computing Integrals
Basis Set                                            = def2-qzvp
Auxiliary Basis Set                                  = def2-universal-jkfit
Gaussian Type                                        = Spherical
Elapsed time:    3.52 Seconds

Number of basis functions                   (NBF)    = 264
Number of auxiliary basis functions         (NBFAUX) = 242
Inactive Doubly occupied orbitals up to     (NO1)    = 0
No. considered Strongly Doubly occupied MOs (NDOC)   = 9
No. considered Strongly Singly occupied MOs (NSOC)   = 0
NO. of Weakly occ. per St. Doubly occ.  MOs (NCWO)   = 1
Dimension of the Nat. Orb. subspace         (NBF5)   = 18
No. of electrons                                     = 18
    No. of alpha electrons                           = 9
    No. of beta electrons                            = 9
Multiplicity                                         = 1

Geometry
========
 C      -0.5676009       0.0922571       0.0000000
 N       0.8940111       0.1750132       0.0000000
 H       1.2846925      -0.2817273       0.8156369
 H       1.2846925      -0.2817273      -0.8156369
 H      -0.9572223       0.6115789       0.8779528
 H      -0.9813506      -0.9269734       0.0000000
 H      -0.9572223       0.6115789      -0.8779528

No violations of the orthonormality
No violations of the orthonormality
 
PNOF7/ADABelief Calculation
==================
 
  Nitext  Nit_orb  Time   Nit_occ  Time         Eelec          Etot           Ediff      maxdiff    MaxGrad_orb  Grad_occ
     1      10    1.0e+01    2    1.2e+01  -137.38022847   -95.41459321 -10136.38022847   0.004796   1.9e-02   1.0e-04 0.03
     2      20    1.8e+00    1    3.3e-02  -137.38067966   -95.41504440    -0.00045119   0.021284   8.5e-02   1.5e-04 0.03
     3      20    1.8e+00    0    9.2e-03  -137.38068687   -95.41505160    -0.00000721   0.021284   8.5e-02   1.5e-04 0.03
     4      40    4.9e+00    1    6.4e-02  -137.38169510   -95.41605984    -0.00100823   0.000908   3.6e-03   8.5e-05 0.03
 
RESULTS OF THE OCCUPATION OPTIMIZATION
========================================
   1    1.9996929  -15.52815943
   2    1.9995636  -11.22506307
   3    1.9771386  -0.77919114
   4    1.9771327  -0.77817218
   5    1.9725161  -0.77042017
   6    1.9776327  -0.66701933
   7    1.9776266  -0.66691017
   8    1.9775546  -0.66653947
   9    1.9827622  -0.55956049
  10    0.0172378  -0.01242694
  11    0.0224454  -0.01645990
  12    0.0223734  -0.01644495
  13    0.0223673  -0.01644238
  14    0.0274839  -0.02169214
  15    0.0228673  -0.01903523
  16    0.0228614  -0.01903408
  17    0.0004364  -0.00825055
  18    0.0003071  -0.00801002
 
----------------
 Final Energies 
----------------
Final NOF Total Energy =     -95.4160598
 
Total Orbital Internal Iterations = 90
Total Occupation Internal Iterations = 4
 
Elapsed time:   36.98 Seconds

---------------------------------
   Lowdin Population Analysis    
---------------------------------
 Idx  Atom   Population   Charge 
---------------------------------
  1     C     5.897       0.103
  2     N     6.489       0.511
  3     H     1.194      -0.194
  4     H     1.194      -0.194
  5     H     1.072      -0.072
  6     H     1.083      -0.083
  7     H     1.072      -0.072

---------------------------------
   M Diagnostic: 0.03
---------------------------------

