Computing Integrals
Basis Set                                            = def2-qzvp
Auxiliary Basis Set                                  = def2-universal-jkfit
Gaussian Type                                        = Spherical
Elapsed time:   17.25 Seconds

Number of basis functions                   (NBF)    = 750
Number of auxiliary basis functions         (NBFAUX) = 866
Inactive Doubly occupied orbitals up to     (NO1)    = 0
No. considered Strongly Doubly occupied MOs (NDOC)   = 36
No. considered Strongly Singly occupied MOs (NSOC)   = 0
NO. of Weakly occ. per St. Doubly occ.  MOs (NCWO)   = 1
Dimension of the Nat. Orb. subspace         (NBF5)   = 72
No. of electrons                                     = 72
    No. of alpha electrons                           = 36
    No. of beta electrons                            = 36
Multiplicity                                         = 1

Geometry
========
 N      -0.0468530      -1.2194605      -0.8620798
 H      -0.0487155      -2.2291829      -0.8170372
 C      -1.3053591      -0.6066146      -0.9366763
 O      -2.3202961      -1.2793705      -0.9951928
 C      -1.2397582       0.8445823      -0.9385986
 H      -2.1557488       1.4038634      -1.0191925
 C      -0.0444795       1.4599579      -0.8378946
 H       0.0567111       2.5349602      -0.8286704
 N       1.1245268       0.7561215      -0.7369211
 H       2.0052557       1.2258101      -0.6104698
 C       1.1839476      -0.6252743      -0.6959239
 O       2.2232320      -1.2379350      -0.5369175
 C       0.7164524      -0.4437718       2.4042613
 H       1.7122707      -0.7977577       2.2900426
 C      -0.4281517      -0.0573141       2.5104532
 H      -1.4330342       0.2713862       2.6108173

No violations of the orthonormality
No violations of the orthonormality
 
PNOF7/ADABelief Calculation
==================
 
  Nitext  Nit_orb  Time   Nit_occ  Time         Eelec          Etot           Ediff      maxdiff    MaxGrad_orb  Grad_occ
     1      10    2.4e+01    2    1.2e+01  -985.45336422  -490.12320517 -10984.45336422   0.000497   2.0e-03   3.6e-04 0.14
 
RESULTS OF THE OCCUPATION OPTIMIZATION
========================================
   1    1.9997828  -20.55528114
   2    1.9997833  -20.53143448
   3    1.9996936  -15.60881035
   4    1.9996926  -15.60364713
   5    1.9995588  -11.39125239
   6    1.9995605  -11.35001753
   7    1.9995588  -11.28989954
   8    1.9995562  -11.23384887
   9    1.9995454  -11.21195379
  10    1.9995461  -11.21100417
  11    1.9833928  -1.10287682
  12    1.9833055  -0.98849809
  13    1.9897969  -0.98443385
  14    1.9822178  -0.96577399
  15    1.9812725  -0.95662177
  16    1.9814490  -0.95599869
  17    1.9847355  -0.90747115
  18    1.9799143  -0.87880276
  19    1.9801850  -0.87407274
  20    1.9793388  -0.84424922
  21    1.9754246  -0.84386111
  22    1.9714687  -0.78480354
  23    1.9879645  -0.78196128
  24    1.9880572  -0.78050851
  25    1.9869591  -0.77816907
  26    1.9870904  -0.77744403
  27    1.9748617  -0.75913095
  28    1.9750427  -0.75562074
  29    1.9770906  -0.75364584
  30    1.9772780  -0.72574785
  31    1.9836936  -0.62589033
  32    1.9834208  -0.58488654
  33    1.9038636  -0.54657308
  34    1.8900974  -0.42197157
  35    1.8908876  -0.42097118
  36    1.8583212  -0.41337271
  37    0.1416788  -0.04548424
  38    0.1091124  -0.03852771
  39    0.1099026  -0.03885143
  40    0.0961364  -0.04614522
  41    0.0165792  -0.01028755
  42    0.0163064  -0.01073699
  43    0.0227220  -0.01699192
  44    0.0229094  -0.01758520
  45    0.0249573  -0.01821798
  46    0.0251383  -0.01835532
  47    0.0129096  -0.01239142
  48    0.0130409  -0.01248731
  49    0.0119428  -0.01186492
  50    0.0120355  -0.01193784
  51    0.0285313  -0.02306575
  52    0.0245754  -0.02163617
  53    0.0206612  -0.01730785
  54    0.0198150  -0.01803688
  55    0.0200857  -0.01819689
  56    0.0152645  -0.01393541
  57    0.0185510  -0.01796888
  58    0.0187275  -0.01814673
  59    0.0177822  -0.01746444
  60    0.0102031  -0.00967939
  61    0.0166945  -0.01682437
  62    0.0166072  -0.01906436
  63    0.0004539  -0.00850374
  64    0.0004546  -0.00851350
  65    0.0004438  -0.00835517
  66    0.0004412  -0.00834120
  67    0.0004395  -0.00834228
  68    0.0004412  -0.00839570
  69    0.0003074  -0.00804407
  70    0.0003064  -0.00802636
  71    0.0002167  -0.00755385
  72    0.0002172  -0.00755250
 
----------------
 Final Energies 
----------------
Final NOF Total Energy =    -490.1232052
 
Total Orbital Internal Iterations = 10
Total Occupation Internal Iterations = 2
 
Elapsed time:   47.08 Seconds

---------------------------------
   Lowdin Population Analysis    
---------------------------------
 Idx  Atom   Population   Charge 
---------------------------------
  1     N     6.463       0.537
  2     H     1.125      -0.125
  3     C     6.563      -0.563
  4     O     7.706       0.294
  5     C     5.935       0.065
  6     H     1.070      -0.070
  7     C     6.010      -0.010
  8     H     1.063      -0.063
  9     N     6.473       0.527
 10     H     1.137      -0.137
 11     C     6.688      -0.688
 12     O     7.777       0.223
 13     C     5.848       0.152
 14     H     1.143      -0.143
 15     C     5.850       0.150
 16     H     1.148      -0.148

---------------------------------
   M Diagnostic: 0.14
---------------------------------

