Computing Integrals
Basis Set                                            = def2-qzvp
Auxiliary Basis Set                                  = def2-universal-jkfit
Gaussian Type                                        = Spherical
Elapsed time:    3.75 Seconds

Number of basis functions                   (NBF)    = 291
Number of auxiliary basis functions         (NBFAUX) = 299
Inactive Doubly occupied orbitals up to     (NO1)    = 0
No. considered Strongly Doubly occupied MOs (NDOC)   = 12
No. considered Strongly Singly occupied MOs (NSOC)   = 0
NO. of Weakly occ. per St. Doubly occ.  MOs (NCWO)   = 1
Dimension of the Nat. Orb. subspace         (NBF5)   = 24
No. of electrons                                     = 24
    No. of alpha electrons                           = 12
    No. of beta electrons                            = 12
Multiplicity                                         = 1

Geometry
========
 C       0.0000000       0.4415670       0.0000000
 H      -0.1607610       1.5112650       0.0000000
 O      -1.1907860      -0.2186720       0.0000000
 C       1.2119120      -0.1003890       0.0000000
 H       1.3662720      -1.1722670       0.0000000
 H       2.0846310       0.5335700       0.0000000
 H      -1.0353260      -1.1702660       0.0000000

No violations of the orthonormality
No violations of the orthonormality
 
PNOF7/ADABelief Calculation
==================
 
  Nitext  Nit_orb  Time   Nit_occ  Time         Eelec          Etot           Ediff      maxdiff    MaxGrad_orb  Grad_occ
     1      10    1.0e+01    4    1.2e+01  -223.54249851  -153.17778875 -10222.54249851   0.004812   1.9e-02   5.0e-05 0.14
     2      20    2.6e+00    0    1.3e-02  -223.54358445  -153.17887469    -0.00108593   0.004812   1.9e-02   5.0e-05 0.14
     3      40    5.1e+00    2    1.3e-02  -223.54562928  -153.18091952    -0.00204484   0.003680   1.5e-02   1.0e-04 0.14
     4      40    5.8e+00    1    1.3e-02  -223.54570773  -153.18099797    -0.00007845   0.005498   2.2e-02   1.1e-04 0.13
     5      40    4.9e+00    0    2.1e-02  -223.54570962  -153.18099986    -0.00000188   0.005498   2.2e-02   1.1e-04 0.13
     6      60    7.7e+00    0    1.1e-02  -223.54581218  -153.18110241    -0.00010256   0.000613   2.5e-03   1.2e-04 0.13
 
RESULTS OF THE OCCUPATION OPTIMIZATION
========================================
   1    1.9997805  -20.56861611
   2    1.9995584  -11.25966012
   3    1.9995592  -11.19889516
   4    1.9739029  -0.90365381
   5    1.9859941  -0.88767063
   6    1.9751883  -0.87680100
   7    1.9886454  -0.79485284
   8    1.9886322  -0.79467364
   9    1.9764799  -0.71167331
  10    1.9768674  -0.69379451
  11    1.9772758  -0.69139389
  12    1.8652706  -0.38359267
  13    0.1347294  -0.04290997
  14    0.0227242  -0.01655947
  15    0.0231326  -0.01678883
  16    0.0235201  -0.01748605
  17    0.0113678  -0.01133646
  18    0.0113546  -0.01133304
  19    0.0248117  -0.02261613
  20    0.0140059  -0.01282624
  21    0.0260971  -0.02408602
  22    0.0004408  -0.00832415
  23    0.0004416  -0.00835182
  24    0.0002195  -0.00762646
 
----------------
 Final Energies 
----------------
Final NOF Total Energy =    -153.1811024
 
Total Orbital Internal Iterations = 210
Total Occupation Internal Iterations = 7
 
Elapsed time:   55.54 Seconds

---------------------------------
   Lowdin Population Analysis    
---------------------------------
 Idx  Atom   Population   Charge 
---------------------------------
  1     C     6.190      -0.190
  2     H     1.084      -0.084
  3     O     7.396       0.604
  4     C     5.827       0.173
  5     H     1.099      -0.099
  6     H     1.094      -0.094
  7     H     1.311      -0.311

---------------------------------
   M Diagnostic: 0.13
---------------------------------

